[2024-05-06T07:32:15.046+0700] {processor.py:161} INFO - Started process (PID=72735) to work on /Library/Frameworks/Python.framework/Versions/3.10/lib/python3.10/site-packages/airflow/example_dags/plugins/listener_plugin.py
[2024-05-06T07:32:15.047+0700] {processor.py:830} INFO - Processing file /Library/Frameworks/Python.framework/Versions/3.10/lib/python3.10/site-packages/airflow/example_dags/plugins/listener_plugin.py for tasks to queue
[2024-05-06T07:32:15.047+0700] {logging_mixin.py:188} INFO - [2024-05-06T07:32:15.047+0700] {dagbag.py:540} INFO - Filling up the DagBag from /Library/Frameworks/Python.framework/Versions/3.10/lib/python3.10/site-packages/airflow/example_dags/plugins/listener_plugin.py
[2024-05-06T07:32:15.049+0700] {processor.py:842} WARNING - No viable dags retrieved from /Library/Frameworks/Python.framework/Versions/3.10/lib/python3.10/site-packages/airflow/example_dags/plugins/listener_plugin.py
[2024-05-06T07:32:15.098+0700] {processor.py:183} INFO - Processing /Library/Frameworks/Python.framework/Versions/3.10/lib/python3.10/site-packages/airflow/example_dags/plugins/listener_plugin.py took 0.054 seconds
[2024-05-06T07:33:31.308+0700] {processor.py:161} INFO - Started process (PID=73142) to work on /Library/Frameworks/Python.framework/Versions/3.10/lib/python3.10/site-packages/airflow/example_dags/plugins/listener_plugin.py
[2024-05-06T07:33:31.310+0700] {processor.py:830} INFO - Processing file /Library/Frameworks/Python.framework/Versions/3.10/lib/python3.10/site-packages/airflow/example_dags/plugins/listener_plugin.py for tasks to queue
[2024-05-06T07:33:31.310+0700] {logging_mixin.py:188} INFO - [2024-05-06T07:33:31.310+0700] {dagbag.py:540} INFO - Filling up the DagBag from /Library/Frameworks/Python.framework/Versions/3.10/lib/python3.10/site-packages/airflow/example_dags/plugins/listener_plugin.py
[2024-05-06T07:33:31.311+0700] {processor.py:842} WARNING - No viable dags retrieved from /Library/Frameworks/Python.framework/Versions/3.10/lib/python3.10/site-packages/airflow/example_dags/plugins/listener_plugin.py
[2024-05-06T07:33:31.361+0700] {processor.py:183} INFO - Processing /Library/Frameworks/Python.framework/Versions/3.10/lib/python3.10/site-packages/airflow/example_dags/plugins/listener_plugin.py took 0.054 seconds
[2024-05-06T07:34:47.917+0700] {processor.py:161} INFO - Started process (PID=73543) to work on /Library/Frameworks/Python.framework/Versions/3.10/lib/python3.10/site-packages/airflow/example_dags/plugins/listener_plugin.py
[2024-05-06T07:34:47.918+0700] {processor.py:830} INFO - Processing file /Library/Frameworks/Python.framework/Versions/3.10/lib/python3.10/site-packages/airflow/example_dags/plugins/listener_plugin.py for tasks to queue
[2024-05-06T07:34:47.919+0700] {logging_mixin.py:188} INFO - [2024-05-06T07:34:47.919+0700] {dagbag.py:540} INFO - Filling up the DagBag from /Library/Frameworks/Python.framework/Versions/3.10/lib/python3.10/site-packages/airflow/example_dags/plugins/listener_plugin.py
[2024-05-06T07:34:47.921+0700] {processor.py:842} WARNING - No viable dags retrieved from /Library/Frameworks/Python.framework/Versions/3.10/lib/python3.10/site-packages/airflow/example_dags/plugins/listener_plugin.py
[2024-05-06T07:34:47.970+0700] {processor.py:183} INFO - Processing /Library/Frameworks/Python.framework/Versions/3.10/lib/python3.10/site-packages/airflow/example_dags/plugins/listener_plugin.py took 0.055 seconds
[2024-05-06T07:36:04.704+0700] {processor.py:161} INFO - Started process (PID=73891) to work on /Library/Frameworks/Python.framework/Versions/3.10/lib/python3.10/site-packages/airflow/example_dags/plugins/listener_plugin.py
[2024-05-06T07:36:04.705+0700] {processor.py:830} INFO - Processing file /Library/Frameworks/Python.framework/Versions/3.10/lib/python3.10/site-packages/airflow/example_dags/plugins/listener_plugin.py for tasks to queue
[2024-05-06T07:36:04.705+0700] {logging_mixin.py:188} INFO - [2024-05-06T07:36:04.705+0700] {dagbag.py:540} INFO - Filling up the DagBag from /Library/Frameworks/Python.framework/Versions/3.10/lib/python3.10/site-packages/airflow/example_dags/plugins/listener_plugin.py
[2024-05-06T07:36:04.707+0700] {processor.py:842} WARNING - No viable dags retrieved from /Library/Frameworks/Python.framework/Versions/3.10/lib/python3.10/site-packages/airflow/example_dags/plugins/listener_plugin.py
[2024-05-06T07:36:04.757+0700] {processor.py:183} INFO - Processing /Library/Frameworks/Python.framework/Versions/3.10/lib/python3.10/site-packages/airflow/example_dags/plugins/listener_plugin.py took 0.054 seconds
[2024-05-06T07:37:21.740+0700] {processor.py:161} INFO - Started process (PID=74243) to work on /Library/Frameworks/Python.framework/Versions/3.10/lib/python3.10/site-packages/airflow/example_dags/plugins/listener_plugin.py
[2024-05-06T07:37:21.741+0700] {processor.py:830} INFO - Processing file /Library/Frameworks/Python.framework/Versions/3.10/lib/python3.10/site-packages/airflow/example_dags/plugins/listener_plugin.py for tasks to queue
[2024-05-06T07:37:21.742+0700] {logging_mixin.py:188} INFO - [2024-05-06T07:37:21.742+0700] {dagbag.py:540} INFO - Filling up the DagBag from /Library/Frameworks/Python.framework/Versions/3.10/lib/python3.10/site-packages/airflow/example_dags/plugins/listener_plugin.py
[2024-05-06T07:37:21.748+0700] {processor.py:842} WARNING - No viable dags retrieved from /Library/Frameworks/Python.framework/Versions/3.10/lib/python3.10/site-packages/airflow/example_dags/plugins/listener_plugin.py
[2024-05-06T07:37:21.797+0700] {processor.py:183} INFO - Processing /Library/Frameworks/Python.framework/Versions/3.10/lib/python3.10/site-packages/airflow/example_dags/plugins/listener_plugin.py took 0.058 seconds
[2024-05-06T07:38:40.181+0700] {processor.py:161} INFO - Started process (PID=74593) to work on /Library/Frameworks/Python.framework/Versions/3.10/lib/python3.10/site-packages/airflow/example_dags/plugins/listener_plugin.py
[2024-05-06T07:38:40.181+0700] {processor.py:830} INFO - Processing file /Library/Frameworks/Python.framework/Versions/3.10/lib/python3.10/site-packages/airflow/example_dags/plugins/listener_plugin.py for tasks to queue
[2024-05-06T07:38:40.182+0700] {logging_mixin.py:188} INFO - [2024-05-06T07:38:40.182+0700] {dagbag.py:540} INFO - Filling up the DagBag from /Library/Frameworks/Python.framework/Versions/3.10/lib/python3.10/site-packages/airflow/example_dags/plugins/listener_plugin.py
[2024-05-06T07:38:40.183+0700] {processor.py:842} WARNING - No viable dags retrieved from /Library/Frameworks/Python.framework/Versions/3.10/lib/python3.10/site-packages/airflow/example_dags/plugins/listener_plugin.py
[2024-05-06T07:38:40.232+0700] {processor.py:183} INFO - Processing /Library/Frameworks/Python.framework/Versions/3.10/lib/python3.10/site-packages/airflow/example_dags/plugins/listener_plugin.py took 0.053 seconds
[2024-05-06T07:39:56.488+0700] {processor.py:161} INFO - Started process (PID=74950) to work on /Library/Frameworks/Python.framework/Versions/3.10/lib/python3.10/site-packages/airflow/example_dags/plugins/listener_plugin.py
[2024-05-06T07:39:56.490+0700] {processor.py:830} INFO - Processing file /Library/Frameworks/Python.framework/Versions/3.10/lib/python3.10/site-packages/airflow/example_dags/plugins/listener_plugin.py for tasks to queue
[2024-05-06T07:39:56.490+0700] {logging_mixin.py:188} INFO - [2024-05-06T07:39:56.490+0700] {dagbag.py:540} INFO - Filling up the DagBag from /Library/Frameworks/Python.framework/Versions/3.10/lib/python3.10/site-packages/airflow/example_dags/plugins/listener_plugin.py
[2024-05-06T07:39:56.492+0700] {processor.py:842} WARNING - No viable dags retrieved from /Library/Frameworks/Python.framework/Versions/3.10/lib/python3.10/site-packages/airflow/example_dags/plugins/listener_plugin.py
[2024-05-06T07:39:56.541+0700] {processor.py:183} INFO - Processing /Library/Frameworks/Python.framework/Versions/3.10/lib/python3.10/site-packages/airflow/example_dags/plugins/listener_plugin.py took 0.055 seconds
[2024-05-06T07:41:13.668+0700] {processor.py:161} INFO - Started process (PID=75296) to work on /Library/Frameworks/Python.framework/Versions/3.10/lib/python3.10/site-packages/airflow/example_dags/plugins/listener_plugin.py
[2024-05-06T07:41:13.670+0700] {processor.py:830} INFO - Processing file /Library/Frameworks/Python.framework/Versions/3.10/lib/python3.10/site-packages/airflow/example_dags/plugins/listener_plugin.py for tasks to queue
[2024-05-06T07:41:13.670+0700] {logging_mixin.py:188} INFO - [2024-05-06T07:41:13.670+0700] {dagbag.py:540} INFO - Filling up the DagBag from /Library/Frameworks/Python.framework/Versions/3.10/lib/python3.10/site-packages/airflow/example_dags/plugins/listener_plugin.py
[2024-05-06T07:41:13.672+0700] {processor.py:842} WARNING - No viable dags retrieved from /Library/Frameworks/Python.framework/Versions/3.10/lib/python3.10/site-packages/airflow/example_dags/plugins/listener_plugin.py
[2024-05-06T07:41:13.722+0700] {processor.py:183} INFO - Processing /Library/Frameworks/Python.framework/Versions/3.10/lib/python3.10/site-packages/airflow/example_dags/plugins/listener_plugin.py took 0.055 seconds
[2024-05-06T08:15:02.717+0700] {processor.py:161} INFO - Started process (PID=75675) to work on /Library/Frameworks/Python.framework/Versions/3.10/lib/python3.10/site-packages/airflow/example_dags/plugins/listener_plugin.py
[2024-05-06T08:15:02.718+0700] {processor.py:830} INFO - Processing file /Library/Frameworks/Python.framework/Versions/3.10/lib/python3.10/site-packages/airflow/example_dags/plugins/listener_plugin.py for tasks to queue
[2024-05-06T08:15:02.718+0700] {logging_mixin.py:188} INFO - [2024-05-06T08:15:02.718+0700] {dagbag.py:540} INFO - Filling up the DagBag from /Library/Frameworks/Python.framework/Versions/3.10/lib/python3.10/site-packages/airflow/example_dags/plugins/listener_plugin.py
[2024-05-06T08:15:02.720+0700] {processor.py:842} WARNING - No viable dags retrieved from /Library/Frameworks/Python.framework/Versions/3.10/lib/python3.10/site-packages/airflow/example_dags/plugins/listener_plugin.py
[2024-05-06T08:15:02.770+0700] {processor.py:183} INFO - Processing /Library/Frameworks/Python.framework/Versions/3.10/lib/python3.10/site-packages/airflow/example_dags/plugins/listener_plugin.py took 0.054 seconds
[2024-05-06T08:35:31.875+0700] {processor.py:161} INFO - Started process (PID=76122) to work on /Library/Frameworks/Python.framework/Versions/3.10/lib/python3.10/site-packages/airflow/example_dags/plugins/listener_plugin.py
[2024-05-06T08:35:31.876+0700] {processor.py:830} INFO - Processing file /Library/Frameworks/Python.framework/Versions/3.10/lib/python3.10/site-packages/airflow/example_dags/plugins/listener_plugin.py for tasks to queue
[2024-05-06T08:35:31.876+0700] {logging_mixin.py:188} INFO - [2024-05-06T08:35:31.876+0700] {dagbag.py:540} INFO - Filling up the DagBag from /Library/Frameworks/Python.framework/Versions/3.10/lib/python3.10/site-packages/airflow/example_dags/plugins/listener_plugin.py
[2024-05-06T08:35:31.878+0700] {processor.py:842} WARNING - No viable dags retrieved from /Library/Frameworks/Python.framework/Versions/3.10/lib/python3.10/site-packages/airflow/example_dags/plugins/listener_plugin.py
[2024-05-06T08:35:31.927+0700] {processor.py:183} INFO - Processing /Library/Frameworks/Python.framework/Versions/3.10/lib/python3.10/site-packages/airflow/example_dags/plugins/listener_plugin.py took 0.054 seconds
[2024-05-06T08:43:53.843+0700] {processor.py:161} INFO - Started process (PID=76485) to work on /Library/Frameworks/Python.framework/Versions/3.10/lib/python3.10/site-packages/airflow/example_dags/plugins/listener_plugin.py
[2024-05-06T08:43:53.844+0700] {processor.py:830} INFO - Processing file /Library/Frameworks/Python.framework/Versions/3.10/lib/python3.10/site-packages/airflow/example_dags/plugins/listener_plugin.py for tasks to queue
[2024-05-06T08:43:53.844+0700] {logging_mixin.py:188} INFO - [2024-05-06T08:43:53.844+0700] {dagbag.py:540} INFO - Filling up the DagBag from /Library/Frameworks/Python.framework/Versions/3.10/lib/python3.10/site-packages/airflow/example_dags/plugins/listener_plugin.py
[2024-05-06T08:43:53.846+0700] {processor.py:842} WARNING - No viable dags retrieved from /Library/Frameworks/Python.framework/Versions/3.10/lib/python3.10/site-packages/airflow/example_dags/plugins/listener_plugin.py
[2024-05-06T08:43:53.896+0700] {processor.py:183} INFO - Processing /Library/Frameworks/Python.framework/Versions/3.10/lib/python3.10/site-packages/airflow/example_dags/plugins/listener_plugin.py took 0.056 seconds
[2024-05-06T09:01:35.871+0700] {processor.py:161} INFO - Started process (PID=76880) to work on /Library/Frameworks/Python.framework/Versions/3.10/lib/python3.10/site-packages/airflow/example_dags/plugins/listener_plugin.py
[2024-05-06T09:01:35.872+0700] {processor.py:830} INFO - Processing file /Library/Frameworks/Python.framework/Versions/3.10/lib/python3.10/site-packages/airflow/example_dags/plugins/listener_plugin.py for tasks to queue
[2024-05-06T09:01:35.873+0700] {logging_mixin.py:188} INFO - [2024-05-06T09:01:35.872+0700] {dagbag.py:540} INFO - Filling up the DagBag from /Library/Frameworks/Python.framework/Versions/3.10/lib/python3.10/site-packages/airflow/example_dags/plugins/listener_plugin.py
[2024-05-06T09:01:35.874+0700] {processor.py:842} WARNING - No viable dags retrieved from /Library/Frameworks/Python.framework/Versions/3.10/lib/python3.10/site-packages/airflow/example_dags/plugins/listener_plugin.py
[2024-05-06T09:01:35.924+0700] {processor.py:183} INFO - Processing /Library/Frameworks/Python.framework/Versions/3.10/lib/python3.10/site-packages/airflow/example_dags/plugins/listener_plugin.py took 0.054 seconds
[2024-05-06T09:02:53.403+0700] {processor.py:161} INFO - Started process (PID=77235) to work on /Library/Frameworks/Python.framework/Versions/3.10/lib/python3.10/site-packages/airflow/example_dags/plugins/listener_plugin.py
[2024-05-06T09:02:53.404+0700] {processor.py:830} INFO - Processing file /Library/Frameworks/Python.framework/Versions/3.10/lib/python3.10/site-packages/airflow/example_dags/plugins/listener_plugin.py for tasks to queue
[2024-05-06T09:02:53.405+0700] {logging_mixin.py:188} INFO - [2024-05-06T09:02:53.404+0700] {dagbag.py:540} INFO - Filling up the DagBag from /Library/Frameworks/Python.framework/Versions/3.10/lib/python3.10/site-packages/airflow/example_dags/plugins/listener_plugin.py
[2024-05-06T09:02:53.406+0700] {processor.py:842} WARNING - No viable dags retrieved from /Library/Frameworks/Python.framework/Versions/3.10/lib/python3.10/site-packages/airflow/example_dags/plugins/listener_plugin.py
[2024-05-06T09:02:53.455+0700] {processor.py:183} INFO - Processing /Library/Frameworks/Python.framework/Versions/3.10/lib/python3.10/site-packages/airflow/example_dags/plugins/listener_plugin.py took 0.054 seconds
[2024-05-06T09:36:39.605+0700] {processor.py:161} INFO - Started process (PID=77633) to work on /Library/Frameworks/Python.framework/Versions/3.10/lib/python3.10/site-packages/airflow/example_dags/plugins/listener_plugin.py
[2024-05-06T09:36:39.607+0700] {processor.py:830} INFO - Processing file /Library/Frameworks/Python.framework/Versions/3.10/lib/python3.10/site-packages/airflow/example_dags/plugins/listener_plugin.py for tasks to queue
[2024-05-06T09:36:39.607+0700] {logging_mixin.py:188} INFO - [2024-05-06T09:36:39.607+0700] {dagbag.py:540} INFO - Filling up the DagBag from /Library/Frameworks/Python.framework/Versions/3.10/lib/python3.10/site-packages/airflow/example_dags/plugins/listener_plugin.py
[2024-05-06T09:36:39.608+0700] {processor.py:842} WARNING - No viable dags retrieved from /Library/Frameworks/Python.framework/Versions/3.10/lib/python3.10/site-packages/airflow/example_dags/plugins/listener_plugin.py
[2024-05-06T09:36:39.657+0700] {processor.py:183} INFO - Processing /Library/Frameworks/Python.framework/Versions/3.10/lib/python3.10/site-packages/airflow/example_dags/plugins/listener_plugin.py took 0.054 seconds
[2024-05-06T09:38:23.798+0700] {processor.py:161} INFO - Started process (PID=78115) to work on /Library/Frameworks/Python.framework/Versions/3.10/lib/python3.10/site-packages/airflow/example_dags/plugins/listener_plugin.py
[2024-05-06T09:38:23.800+0700] {processor.py:830} INFO - Processing file /Library/Frameworks/Python.framework/Versions/3.10/lib/python3.10/site-packages/airflow/example_dags/plugins/listener_plugin.py for tasks to queue
[2024-05-06T09:38:23.800+0700] {logging_mixin.py:188} INFO - [2024-05-06T09:38:23.800+0700] {dagbag.py:540} INFO - Filling up the DagBag from /Library/Frameworks/Python.framework/Versions/3.10/lib/python3.10/site-packages/airflow/example_dags/plugins/listener_plugin.py
[2024-05-06T09:38:23.802+0700] {processor.py:842} WARNING - No viable dags retrieved from /Library/Frameworks/Python.framework/Versions/3.10/lib/python3.10/site-packages/airflow/example_dags/plugins/listener_plugin.py
[2024-05-06T09:38:23.852+0700] {processor.py:183} INFO - Processing /Library/Frameworks/Python.framework/Versions/3.10/lib/python3.10/site-packages/airflow/example_dags/plugins/listener_plugin.py took 0.055 seconds
[2024-05-06T09:54:58.058+0700] {processor.py:161} INFO - Started process (PID=78486) to work on /Library/Frameworks/Python.framework/Versions/3.10/lib/python3.10/site-packages/airflow/example_dags/plugins/listener_plugin.py
[2024-05-06T09:54:58.060+0700] {processor.py:830} INFO - Processing file /Library/Frameworks/Python.framework/Versions/3.10/lib/python3.10/site-packages/airflow/example_dags/plugins/listener_plugin.py for tasks to queue
[2024-05-06T09:54:58.060+0700] {logging_mixin.py:188} INFO - [2024-05-06T09:54:58.060+0700] {dagbag.py:540} INFO - Filling up the DagBag from /Library/Frameworks/Python.framework/Versions/3.10/lib/python3.10/site-packages/airflow/example_dags/plugins/listener_plugin.py
[2024-05-06T09:54:58.062+0700] {processor.py:842} WARNING - No viable dags retrieved from /Library/Frameworks/Python.framework/Versions/3.10/lib/python3.10/site-packages/airflow/example_dags/plugins/listener_plugin.py
[2024-05-06T09:54:58.111+0700] {processor.py:183} INFO - Processing /Library/Frameworks/Python.framework/Versions/3.10/lib/python3.10/site-packages/airflow/example_dags/plugins/listener_plugin.py took 0.054 seconds
[2024-05-06T09:56:23.322+0700] {processor.py:161} INFO - Started process (PID=78869) to work on /Library/Frameworks/Python.framework/Versions/3.10/lib/python3.10/site-packages/airflow/example_dags/plugins/listener_plugin.py
[2024-05-06T09:56:23.323+0700] {processor.py:830} INFO - Processing file /Library/Frameworks/Python.framework/Versions/3.10/lib/python3.10/site-packages/airflow/example_dags/plugins/listener_plugin.py for tasks to queue
[2024-05-06T09:56:23.323+0700] {logging_mixin.py:188} INFO - [2024-05-06T09:56:23.323+0700] {dagbag.py:540} INFO - Filling up the DagBag from /Library/Frameworks/Python.framework/Versions/3.10/lib/python3.10/site-packages/airflow/example_dags/plugins/listener_plugin.py
[2024-05-06T09:56:23.325+0700] {processor.py:842} WARNING - No viable dags retrieved from /Library/Frameworks/Python.framework/Versions/3.10/lib/python3.10/site-packages/airflow/example_dags/plugins/listener_plugin.py
[2024-05-06T09:56:23.374+0700] {processor.py:183} INFO - Processing /Library/Frameworks/Python.framework/Versions/3.10/lib/python3.10/site-packages/airflow/example_dags/plugins/listener_plugin.py took 0.054 seconds
[2024-05-06T10:29:51.414+0700] {processor.py:161} INFO - Started process (PID=79251) to work on /Library/Frameworks/Python.framework/Versions/3.10/lib/python3.10/site-packages/airflow/example_dags/plugins/listener_plugin.py
[2024-05-06T10:29:51.415+0700] {processor.py:830} INFO - Processing file /Library/Frameworks/Python.framework/Versions/3.10/lib/python3.10/site-packages/airflow/example_dags/plugins/listener_plugin.py for tasks to queue
[2024-05-06T10:29:51.415+0700] {logging_mixin.py:188} INFO - [2024-05-06T10:29:51.415+0700] {dagbag.py:540} INFO - Filling up the DagBag from /Library/Frameworks/Python.framework/Versions/3.10/lib/python3.10/site-packages/airflow/example_dags/plugins/listener_plugin.py
[2024-05-06T10:29:51.417+0700] {processor.py:842} WARNING - No viable dags retrieved from /Library/Frameworks/Python.framework/Versions/3.10/lib/python3.10/site-packages/airflow/example_dags/plugins/listener_plugin.py
[2024-05-06T10:29:51.466+0700] {processor.py:183} INFO - Processing /Library/Frameworks/Python.framework/Versions/3.10/lib/python3.10/site-packages/airflow/example_dags/plugins/listener_plugin.py took 0.054 seconds
[2024-05-06T10:38:06.347+0700] {processor.py:161} INFO - Started process (PID=79628) to work on /Library/Frameworks/Python.framework/Versions/3.10/lib/python3.10/site-packages/airflow/example_dags/plugins/listener_plugin.py
[2024-05-06T10:38:06.347+0700] {processor.py:830} INFO - Processing file /Library/Frameworks/Python.framework/Versions/3.10/lib/python3.10/site-packages/airflow/example_dags/plugins/listener_plugin.py for tasks to queue
[2024-05-06T10:38:06.348+0700] {logging_mixin.py:188} INFO - [2024-05-06T10:38:06.348+0700] {dagbag.py:540} INFO - Filling up the DagBag from /Library/Frameworks/Python.framework/Versions/3.10/lib/python3.10/site-packages/airflow/example_dags/plugins/listener_plugin.py
[2024-05-06T10:38:06.350+0700] {processor.py:842} WARNING - No viable dags retrieved from /Library/Frameworks/Python.framework/Versions/3.10/lib/python3.10/site-packages/airflow/example_dags/plugins/listener_plugin.py
[2024-05-06T10:38:06.399+0700] {processor.py:183} INFO - Processing /Library/Frameworks/Python.framework/Versions/3.10/lib/python3.10/site-packages/airflow/example_dags/plugins/listener_plugin.py took 0.054 seconds
[2024-05-06T10:39:25.073+0700] {processor.py:161} INFO - Started process (PID=79996) to work on /Library/Frameworks/Python.framework/Versions/3.10/lib/python3.10/site-packages/airflow/example_dags/plugins/listener_plugin.py
[2024-05-06T10:39:25.074+0700] {processor.py:830} INFO - Processing file /Library/Frameworks/Python.framework/Versions/3.10/lib/python3.10/site-packages/airflow/example_dags/plugins/listener_plugin.py for tasks to queue
[2024-05-06T10:39:25.074+0700] {logging_mixin.py:188} INFO - [2024-05-06T10:39:25.074+0700] {dagbag.py:540} INFO - Filling up the DagBag from /Library/Frameworks/Python.framework/Versions/3.10/lib/python3.10/site-packages/airflow/example_dags/plugins/listener_plugin.py
[2024-05-06T10:39:25.076+0700] {processor.py:842} WARNING - No viable dags retrieved from /Library/Frameworks/Python.framework/Versions/3.10/lib/python3.10/site-packages/airflow/example_dags/plugins/listener_plugin.py
[2024-05-06T10:39:25.125+0700] {processor.py:183} INFO - Processing /Library/Frameworks/Python.framework/Versions/3.10/lib/python3.10/site-packages/airflow/example_dags/plugins/listener_plugin.py took 0.054 seconds
[2024-05-06T10:58:07.110+0700] {processor.py:161} INFO - Started process (PID=80470) to work on /Library/Frameworks/Python.framework/Versions/3.10/lib/python3.10/site-packages/airflow/example_dags/plugins/listener_plugin.py
[2024-05-06T10:58:07.111+0700] {processor.py:830} INFO - Processing file /Library/Frameworks/Python.framework/Versions/3.10/lib/python3.10/site-packages/airflow/example_dags/plugins/listener_plugin.py for tasks to queue
[2024-05-06T10:58:07.111+0700] {logging_mixin.py:188} INFO - [2024-05-06T10:58:07.111+0700] {dagbag.py:540} INFO - Filling up the DagBag from /Library/Frameworks/Python.framework/Versions/3.10/lib/python3.10/site-packages/airflow/example_dags/plugins/listener_plugin.py
[2024-05-06T10:58:07.112+0700] {processor.py:842} WARNING - No viable dags retrieved from /Library/Frameworks/Python.framework/Versions/3.10/lib/python3.10/site-packages/airflow/example_dags/plugins/listener_plugin.py
[2024-05-06T10:58:07.166+0700] {processor.py:183} INFO - Processing /Library/Frameworks/Python.framework/Versions/3.10/lib/python3.10/site-packages/airflow/example_dags/plugins/listener_plugin.py took 0.057 seconds
[2024-05-06T10:59:31.164+0700] {processor.py:161} INFO - Started process (PID=80856) to work on /Library/Frameworks/Python.framework/Versions/3.10/lib/python3.10/site-packages/airflow/example_dags/plugins/listener_plugin.py
[2024-05-06T10:59:31.165+0700] {processor.py:830} INFO - Processing file /Library/Frameworks/Python.framework/Versions/3.10/lib/python3.10/site-packages/airflow/example_dags/plugins/listener_plugin.py for tasks to queue
[2024-05-06T10:59:31.165+0700] {logging_mixin.py:188} INFO - [2024-05-06T10:59:31.165+0700] {dagbag.py:540} INFO - Filling up the DagBag from /Library/Frameworks/Python.framework/Versions/3.10/lib/python3.10/site-packages/airflow/example_dags/plugins/listener_plugin.py
[2024-05-06T10:59:31.167+0700] {processor.py:842} WARNING - No viable dags retrieved from /Library/Frameworks/Python.framework/Versions/3.10/lib/python3.10/site-packages/airflow/example_dags/plugins/listener_plugin.py
[2024-05-06T10:59:31.216+0700] {processor.py:183} INFO - Processing /Library/Frameworks/Python.framework/Versions/3.10/lib/python3.10/site-packages/airflow/example_dags/plugins/listener_plugin.py took 0.054 seconds
[2024-05-06T11:00:51.242+0700] {processor.py:161} INFO - Started process (PID=81239) to work on /Library/Frameworks/Python.framework/Versions/3.10/lib/python3.10/site-packages/airflow/example_dags/plugins/listener_plugin.py
[2024-05-06T11:00:51.243+0700] {processor.py:830} INFO - Processing file /Library/Frameworks/Python.framework/Versions/3.10/lib/python3.10/site-packages/airflow/example_dags/plugins/listener_plugin.py for tasks to queue
[2024-05-06T11:00:51.243+0700] {logging_mixin.py:188} INFO - [2024-05-06T11:00:51.243+0700] {dagbag.py:540} INFO - Filling up the DagBag from /Library/Frameworks/Python.framework/Versions/3.10/lib/python3.10/site-packages/airflow/example_dags/plugins/listener_plugin.py
[2024-05-06T11:00:51.245+0700] {processor.py:842} WARNING - No viable dags retrieved from /Library/Frameworks/Python.framework/Versions/3.10/lib/python3.10/site-packages/airflow/example_dags/plugins/listener_plugin.py
[2024-05-06T11:00:51.295+0700] {processor.py:183} INFO - Processing /Library/Frameworks/Python.framework/Versions/3.10/lib/python3.10/site-packages/airflow/example_dags/plugins/listener_plugin.py took 0.056 seconds
[2024-05-06T20:08:48.655+0700] {processor.py:161} INFO - Started process (PID=99312) to work on /opt/homebrew/Caskroom/miniconda/base/lib/python3.11/site-packages/airflow/example_dags/plugins/listener_plugin.py
[2024-05-06T20:08:48.655+0700] {processor.py:830} INFO - Processing file /opt/homebrew/Caskroom/miniconda/base/lib/python3.11/site-packages/airflow/example_dags/plugins/listener_plugin.py for tasks to queue
[2024-05-06T20:08:48.656+0700] {logging_mixin.py:188} INFO - [2024-05-06T20:08:48.656+0700] {dagbag.py:540} INFO - Filling up the DagBag from /opt/homebrew/Caskroom/miniconda/base/lib/python3.11/site-packages/airflow/example_dags/plugins/listener_plugin.py
[2024-05-06T20:08:48.657+0700] {processor.py:842} WARNING - No viable dags retrieved from /opt/homebrew/Caskroom/miniconda/base/lib/python3.11/site-packages/airflow/example_dags/plugins/listener_plugin.py
[2024-05-06T20:08:48.703+0700] {processor.py:183} INFO - Processing /opt/homebrew/Caskroom/miniconda/base/lib/python3.11/site-packages/airflow/example_dags/plugins/listener_plugin.py took 0.051 seconds
[2024-05-06T20:11:49.250+0700] {processor.py:161} INFO - Started process (PID=522) to work on /opt/homebrew/Caskroom/miniconda/base/lib/python3.11/site-packages/airflow/example_dags/plugins/listener_plugin.py
[2024-05-06T20:11:49.250+0700] {processor.py:830} INFO - Processing file /opt/homebrew/Caskroom/miniconda/base/lib/python3.11/site-packages/airflow/example_dags/plugins/listener_plugin.py for tasks to queue
[2024-05-06T20:11:49.251+0700] {logging_mixin.py:188} INFO - [2024-05-06T20:11:49.251+0700] {dagbag.py:540} INFO - Filling up the DagBag from /opt/homebrew/Caskroom/miniconda/base/lib/python3.11/site-packages/airflow/example_dags/plugins/listener_plugin.py
[2024-05-06T20:11:49.252+0700] {processor.py:842} WARNING - No viable dags retrieved from /opt/homebrew/Caskroom/miniconda/base/lib/python3.11/site-packages/airflow/example_dags/plugins/listener_plugin.py
[2024-05-06T20:11:49.299+0700] {processor.py:183} INFO - Processing /opt/homebrew/Caskroom/miniconda/base/lib/python3.11/site-packages/airflow/example_dags/plugins/listener_plugin.py took 0.051 seconds
[2024-05-06T20:13:50.639+0700] {processor.py:161} INFO - Started process (PID=1233) to work on /opt/homebrew/Caskroom/miniconda/base/lib/python3.11/site-packages/airflow/example_dags/plugins/listener_plugin.py
[2024-05-06T20:13:50.642+0700] {processor.py:830} INFO - Processing file /opt/homebrew/Caskroom/miniconda/base/lib/python3.11/site-packages/airflow/example_dags/plugins/listener_plugin.py for tasks to queue
[2024-05-06T20:13:50.642+0700] {logging_mixin.py:188} INFO - [2024-05-06T20:13:50.642+0700] {dagbag.py:540} INFO - Filling up the DagBag from /opt/homebrew/Caskroom/miniconda/base/lib/python3.11/site-packages/airflow/example_dags/plugins/listener_plugin.py
[2024-05-06T20:13:50.643+0700] {processor.py:842} WARNING - No viable dags retrieved from /opt/homebrew/Caskroom/miniconda/base/lib/python3.11/site-packages/airflow/example_dags/plugins/listener_plugin.py
[2024-05-06T20:13:50.689+0700] {processor.py:183} INFO - Processing /opt/homebrew/Caskroom/miniconda/base/lib/python3.11/site-packages/airflow/example_dags/plugins/listener_plugin.py took 0.052 seconds
[2024-05-06T20:15:45.483+0700] {processor.py:161} INFO - Started process (PID=1891) to work on /opt/homebrew/Caskroom/miniconda/base/lib/python3.11/site-packages/airflow/example_dags/plugins/listener_plugin.py
[2024-05-06T20:15:45.485+0700] {processor.py:830} INFO - Processing file /opt/homebrew/Caskroom/miniconda/base/lib/python3.11/site-packages/airflow/example_dags/plugins/listener_plugin.py for tasks to queue
[2024-05-06T20:15:45.485+0700] {logging_mixin.py:188} INFO - [2024-05-06T20:15:45.485+0700] {dagbag.py:540} INFO - Filling up the DagBag from /opt/homebrew/Caskroom/miniconda/base/lib/python3.11/site-packages/airflow/example_dags/plugins/listener_plugin.py
[2024-05-06T20:15:45.487+0700] {processor.py:842} WARNING - No viable dags retrieved from /opt/homebrew/Caskroom/miniconda/base/lib/python3.11/site-packages/airflow/example_dags/plugins/listener_plugin.py
[2024-05-06T20:15:45.534+0700] {processor.py:183} INFO - Processing /opt/homebrew/Caskroom/miniconda/base/lib/python3.11/site-packages/airflow/example_dags/plugins/listener_plugin.py took 0.055 seconds
[2024-05-06T20:17:18.023+0700] {processor.py:161} INFO - Started process (PID=2378) to work on /opt/homebrew/Caskroom/miniconda/base/lib/python3.11/site-packages/airflow/example_dags/plugins/listener_plugin.py
[2024-05-06T20:17:18.024+0700] {processor.py:830} INFO - Processing file /opt/homebrew/Caskroom/miniconda/base/lib/python3.11/site-packages/airflow/example_dags/plugins/listener_plugin.py for tasks to queue
[2024-05-06T20:17:18.024+0700] {logging_mixin.py:188} INFO - [2024-05-06T20:17:18.024+0700] {dagbag.py:540} INFO - Filling up the DagBag from /opt/homebrew/Caskroom/miniconda/base/lib/python3.11/site-packages/airflow/example_dags/plugins/listener_plugin.py
[2024-05-06T20:17:18.027+0700] {processor.py:842} WARNING - No viable dags retrieved from /opt/homebrew/Caskroom/miniconda/base/lib/python3.11/site-packages/airflow/example_dags/plugins/listener_plugin.py
[2024-05-06T20:17:18.074+0700] {processor.py:183} INFO - Processing /opt/homebrew/Caskroom/miniconda/base/lib/python3.11/site-packages/airflow/example_dags/plugins/listener_plugin.py took 0.052 seconds
[2024-05-06T20:18:51.730+0700] {processor.py:161} INFO - Started process (PID=2845) to work on /opt/homebrew/Caskroom/miniconda/base/lib/python3.11/site-packages/airflow/example_dags/plugins/listener_plugin.py
[2024-05-06T20:18:51.731+0700] {processor.py:830} INFO - Processing file /opt/homebrew/Caskroom/miniconda/base/lib/python3.11/site-packages/airflow/example_dags/plugins/listener_plugin.py for tasks to queue
[2024-05-06T20:18:51.731+0700] {logging_mixin.py:188} INFO - [2024-05-06T20:18:51.731+0700] {dagbag.py:540} INFO - Filling up the DagBag from /opt/homebrew/Caskroom/miniconda/base/lib/python3.11/site-packages/airflow/example_dags/plugins/listener_plugin.py
[2024-05-06T20:18:51.732+0700] {processor.py:842} WARNING - No viable dags retrieved from /opt/homebrew/Caskroom/miniconda/base/lib/python3.11/site-packages/airflow/example_dags/plugins/listener_plugin.py
[2024-05-06T20:18:51.785+0700] {processor.py:183} INFO - Processing /opt/homebrew/Caskroom/miniconda/base/lib/python3.11/site-packages/airflow/example_dags/plugins/listener_plugin.py took 0.057 seconds
[2024-05-06T20:20:20.537+0700] {processor.py:161} INFO - Started process (PID=3434) to work on /opt/homebrew/Caskroom/miniconda/base/lib/python3.11/site-packages/airflow/example_dags/plugins/listener_plugin.py
[2024-05-06T20:20:20.538+0700] {processor.py:830} INFO - Processing file /opt/homebrew/Caskroom/miniconda/base/lib/python3.11/site-packages/airflow/example_dags/plugins/listener_plugin.py for tasks to queue
[2024-05-06T20:20:20.538+0700] {logging_mixin.py:188} INFO - [2024-05-06T20:20:20.538+0700] {dagbag.py:540} INFO - Filling up the DagBag from /opt/homebrew/Caskroom/miniconda/base/lib/python3.11/site-packages/airflow/example_dags/plugins/listener_plugin.py
[2024-05-06T20:20:20.540+0700] {processor.py:842} WARNING - No viable dags retrieved from /opt/homebrew/Caskroom/miniconda/base/lib/python3.11/site-packages/airflow/example_dags/plugins/listener_plugin.py
[2024-05-06T20:20:20.587+0700] {processor.py:183} INFO - Processing /opt/homebrew/Caskroom/miniconda/base/lib/python3.11/site-packages/airflow/example_dags/plugins/listener_plugin.py took 0.052 seconds
[2024-05-06T20:21:43.144+0700] {processor.py:161} INFO - Started process (PID=3821) to work on /opt/homebrew/Caskroom/miniconda/base/lib/python3.11/site-packages/airflow/example_dags/plugins/listener_plugin.py
[2024-05-06T20:21:43.145+0700] {processor.py:830} INFO - Processing file /opt/homebrew/Caskroom/miniconda/base/lib/python3.11/site-packages/airflow/example_dags/plugins/listener_plugin.py for tasks to queue
[2024-05-06T20:21:43.145+0700] {logging_mixin.py:188} INFO - [2024-05-06T20:21:43.145+0700] {dagbag.py:540} INFO - Filling up the DagBag from /opt/homebrew/Caskroom/miniconda/base/lib/python3.11/site-packages/airflow/example_dags/plugins/listener_plugin.py
[2024-05-06T20:21:43.148+0700] {processor.py:842} WARNING - No viable dags retrieved from /opt/homebrew/Caskroom/miniconda/base/lib/python3.11/site-packages/airflow/example_dags/plugins/listener_plugin.py
[2024-05-06T20:21:43.207+0700] {processor.py:183} INFO - Processing /opt/homebrew/Caskroom/miniconda/base/lib/python3.11/site-packages/airflow/example_dags/plugins/listener_plugin.py took 0.065 seconds
[2024-05-06T20:23:08.752+0700] {processor.py:161} INFO - Started process (PID=4293) to work on /opt/homebrew/Caskroom/miniconda/base/lib/python3.11/site-packages/airflow/example_dags/plugins/listener_plugin.py
[2024-05-06T20:23:08.753+0700] {processor.py:830} INFO - Processing file /opt/homebrew/Caskroom/miniconda/base/lib/python3.11/site-packages/airflow/example_dags/plugins/listener_plugin.py for tasks to queue
[2024-05-06T20:23:08.753+0700] {logging_mixin.py:188} INFO - [2024-05-06T20:23:08.753+0700] {dagbag.py:540} INFO - Filling up the DagBag from /opt/homebrew/Caskroom/miniconda/base/lib/python3.11/site-packages/airflow/example_dags/plugins/listener_plugin.py
[2024-05-06T20:23:08.755+0700] {processor.py:842} WARNING - No viable dags retrieved from /opt/homebrew/Caskroom/miniconda/base/lib/python3.11/site-packages/airflow/example_dags/plugins/listener_plugin.py
[2024-05-06T20:23:08.802+0700] {processor.py:183} INFO - Processing /opt/homebrew/Caskroom/miniconda/base/lib/python3.11/site-packages/airflow/example_dags/plugins/listener_plugin.py took 0.056 seconds
[2024-05-06T20:24:36.506+0700] {processor.py:161} INFO - Started process (PID=4722) to work on /opt/homebrew/Caskroom/miniconda/base/lib/python3.11/site-packages/airflow/example_dags/plugins/listener_plugin.py
[2024-05-06T20:24:36.506+0700] {processor.py:830} INFO - Processing file /opt/homebrew/Caskroom/miniconda/base/lib/python3.11/site-packages/airflow/example_dags/plugins/listener_plugin.py for tasks to queue
[2024-05-06T20:24:36.507+0700] {logging_mixin.py:188} INFO - [2024-05-06T20:24:36.507+0700] {dagbag.py:540} INFO - Filling up the DagBag from /opt/homebrew/Caskroom/miniconda/base/lib/python3.11/site-packages/airflow/example_dags/plugins/listener_plugin.py
[2024-05-06T20:24:36.509+0700] {processor.py:842} WARNING - No viable dags retrieved from /opt/homebrew/Caskroom/miniconda/base/lib/python3.11/site-packages/airflow/example_dags/plugins/listener_plugin.py
[2024-05-06T20:24:36.565+0700] {processor.py:183} INFO - Processing /opt/homebrew/Caskroom/miniconda/base/lib/python3.11/site-packages/airflow/example_dags/plugins/listener_plugin.py took 0.062 seconds
[2024-05-06T20:26:01.964+0700] {processor.py:161} INFO - Started process (PID=5121) to work on /opt/homebrew/Caskroom/miniconda/base/lib/python3.11/site-packages/airflow/example_dags/plugins/listener_plugin.py
[2024-05-06T20:26:01.965+0700] {processor.py:830} INFO - Processing file /opt/homebrew/Caskroom/miniconda/base/lib/python3.11/site-packages/airflow/example_dags/plugins/listener_plugin.py for tasks to queue
[2024-05-06T20:26:01.966+0700] {logging_mixin.py:188} INFO - [2024-05-06T20:26:01.965+0700] {dagbag.py:540} INFO - Filling up the DagBag from /opt/homebrew/Caskroom/miniconda/base/lib/python3.11/site-packages/airflow/example_dags/plugins/listener_plugin.py
[2024-05-06T20:26:01.967+0700] {processor.py:842} WARNING - No viable dags retrieved from /opt/homebrew/Caskroom/miniconda/base/lib/python3.11/site-packages/airflow/example_dags/plugins/listener_plugin.py
[2024-05-06T20:26:02.017+0700] {processor.py:183} INFO - Processing /opt/homebrew/Caskroom/miniconda/base/lib/python3.11/site-packages/airflow/example_dags/plugins/listener_plugin.py took 0.056 seconds
[2024-05-06T20:27:21.608+0700] {processor.py:161} INFO - Started process (PID=5553) to work on /opt/homebrew/Caskroom/miniconda/base/lib/python3.11/site-packages/airflow/example_dags/plugins/listener_plugin.py
[2024-05-06T20:27:21.609+0700] {processor.py:830} INFO - Processing file /opt/homebrew/Caskroom/miniconda/base/lib/python3.11/site-packages/airflow/example_dags/plugins/listener_plugin.py for tasks to queue
[2024-05-06T20:27:21.609+0700] {logging_mixin.py:188} INFO - [2024-05-06T20:27:21.609+0700] {dagbag.py:540} INFO - Filling up the DagBag from /opt/homebrew/Caskroom/miniconda/base/lib/python3.11/site-packages/airflow/example_dags/plugins/listener_plugin.py
[2024-05-06T20:27:21.611+0700] {processor.py:842} WARNING - No viable dags retrieved from /opt/homebrew/Caskroom/miniconda/base/lib/python3.11/site-packages/airflow/example_dags/plugins/listener_plugin.py
[2024-05-06T20:27:21.658+0700] {processor.py:183} INFO - Processing /opt/homebrew/Caskroom/miniconda/base/lib/python3.11/site-packages/airflow/example_dags/plugins/listener_plugin.py took 0.053 seconds
[2024-05-06T20:27:58.778+0700] {processor.py:161} INFO - Started process (PID=5733) to work on /opt/homebrew/Caskroom/miniconda/base/lib/python3.11/site-packages/airflow/example_dags/plugins/listener_plugin.py
[2024-05-06T20:27:58.779+0700] {processor.py:830} INFO - Processing file /opt/homebrew/Caskroom/miniconda/base/lib/python3.11/site-packages/airflow/example_dags/plugins/listener_plugin.py for tasks to queue
[2024-05-06T20:27:58.780+0700] {logging_mixin.py:188} INFO - [2024-05-06T20:27:58.780+0700] {dagbag.py:540} INFO - Filling up the DagBag from /opt/homebrew/Caskroom/miniconda/base/lib/python3.11/site-packages/airflow/example_dags/plugins/listener_plugin.py
[2024-05-06T20:27:58.782+0700] {processor.py:842} WARNING - No viable dags retrieved from /opt/homebrew/Caskroom/miniconda/base/lib/python3.11/site-packages/airflow/example_dags/plugins/listener_plugin.py
[2024-05-06T20:27:58.830+0700] {processor.py:183} INFO - Processing /opt/homebrew/Caskroom/miniconda/base/lib/python3.11/site-packages/airflow/example_dags/plugins/listener_plugin.py took 0.054 seconds
[2024-05-06T20:28:52.044+0700] {processor.py:161} INFO - Started process (PID=6005) to work on /opt/homebrew/Caskroom/miniconda/base/lib/python3.11/site-packages/airflow/example_dags/plugins/listener_plugin.py
[2024-05-06T20:28:52.046+0700] {processor.py:830} INFO - Processing file /opt/homebrew/Caskroom/miniconda/base/lib/python3.11/site-packages/airflow/example_dags/plugins/listener_plugin.py for tasks to queue
[2024-05-06T20:28:52.046+0700] {logging_mixin.py:188} INFO - [2024-05-06T20:28:52.046+0700] {dagbag.py:540} INFO - Filling up the DagBag from /opt/homebrew/Caskroom/miniconda/base/lib/python3.11/site-packages/airflow/example_dags/plugins/listener_plugin.py
[2024-05-06T20:28:52.048+0700] {processor.py:842} WARNING - No viable dags retrieved from /opt/homebrew/Caskroom/miniconda/base/lib/python3.11/site-packages/airflow/example_dags/plugins/listener_plugin.py
[2024-05-06T20:28:52.095+0700] {processor.py:183} INFO - Processing /opt/homebrew/Caskroom/miniconda/base/lib/python3.11/site-packages/airflow/example_dags/plugins/listener_plugin.py took 0.052 seconds
[2024-05-06T20:29:36.460+0700] {processor.py:161} INFO - Started process (PID=6259) to work on /opt/homebrew/Caskroom/miniconda/base/lib/python3.11/site-packages/airflow/example_dags/plugins/listener_plugin.py
[2024-05-06T20:29:36.462+0700] {processor.py:830} INFO - Processing file /opt/homebrew/Caskroom/miniconda/base/lib/python3.11/site-packages/airflow/example_dags/plugins/listener_plugin.py for tasks to queue
[2024-05-06T20:29:36.462+0700] {logging_mixin.py:188} INFO - [2024-05-06T20:29:36.462+0700] {dagbag.py:540} INFO - Filling up the DagBag from /opt/homebrew/Caskroom/miniconda/base/lib/python3.11/site-packages/airflow/example_dags/plugins/listener_plugin.py
[2024-05-06T20:29:36.464+0700] {processor.py:842} WARNING - No viable dags retrieved from /opt/homebrew/Caskroom/miniconda/base/lib/python3.11/site-packages/airflow/example_dags/plugins/listener_plugin.py
[2024-05-06T20:29:36.512+0700] {processor.py:183} INFO - Processing /opt/homebrew/Caskroom/miniconda/base/lib/python3.11/site-packages/airflow/example_dags/plugins/listener_plugin.py took 0.055 seconds
[2024-05-06T20:31:33.734+0700] {processor.py:161} INFO - Started process (PID=6901) to work on /opt/homebrew/Caskroom/miniconda/base/lib/python3.11/site-packages/airflow/example_dags/plugins/listener_plugin.py
[2024-05-06T20:31:33.735+0700] {processor.py:830} INFO - Processing file /opt/homebrew/Caskroom/miniconda/base/lib/python3.11/site-packages/airflow/example_dags/plugins/listener_plugin.py for tasks to queue
[2024-05-06T20:31:33.736+0700] {logging_mixin.py:188} INFO - [2024-05-06T20:31:33.735+0700] {dagbag.py:540} INFO - Filling up the DagBag from /opt/homebrew/Caskroom/miniconda/base/lib/python3.11/site-packages/airflow/example_dags/plugins/listener_plugin.py
[2024-05-06T20:31:33.737+0700] {processor.py:842} WARNING - No viable dags retrieved from /opt/homebrew/Caskroom/miniconda/base/lib/python3.11/site-packages/airflow/example_dags/plugins/listener_plugin.py
[2024-05-06T20:31:33.787+0700] {processor.py:183} INFO - Processing /opt/homebrew/Caskroom/miniconda/base/lib/python3.11/site-packages/airflow/example_dags/plugins/listener_plugin.py took 0.054 seconds
[2024-05-06T20:32:29.419+0700] {processor.py:161} INFO - Started process (PID=7202) to work on /opt/homebrew/Caskroom/miniconda/base/lib/python3.11/site-packages/airflow/example_dags/plugins/listener_plugin.py
[2024-05-06T20:32:29.420+0700] {processor.py:830} INFO - Processing file /opt/homebrew/Caskroom/miniconda/base/lib/python3.11/site-packages/airflow/example_dags/plugins/listener_plugin.py for tasks to queue
[2024-05-06T20:32:29.420+0700] {logging_mixin.py:188} INFO - [2024-05-06T20:32:29.420+0700] {dagbag.py:540} INFO - Filling up the DagBag from /opt/homebrew/Caskroom/miniconda/base/lib/python3.11/site-packages/airflow/example_dags/plugins/listener_plugin.py
[2024-05-06T20:32:29.422+0700] {processor.py:842} WARNING - No viable dags retrieved from /opt/homebrew/Caskroom/miniconda/base/lib/python3.11/site-packages/airflow/example_dags/plugins/listener_plugin.py
[2024-05-06T20:32:29.470+0700] {processor.py:183} INFO - Processing /opt/homebrew/Caskroom/miniconda/base/lib/python3.11/site-packages/airflow/example_dags/plugins/listener_plugin.py took 0.053 seconds
[2024-05-06T20:34:34.888+0700] {processor.py:161} INFO - Started process (PID=7861) to work on /opt/homebrew/Caskroom/miniconda/base/lib/python3.11/site-packages/airflow/example_dags/plugins/listener_plugin.py
[2024-05-06T20:34:34.889+0700] {processor.py:830} INFO - Processing file /opt/homebrew/Caskroom/miniconda/base/lib/python3.11/site-packages/airflow/example_dags/plugins/listener_plugin.py for tasks to queue
[2024-05-06T20:34:34.889+0700] {logging_mixin.py:188} INFO - [2024-05-06T20:34:34.889+0700] {dagbag.py:540} INFO - Filling up the DagBag from /opt/homebrew/Caskroom/miniconda/base/lib/python3.11/site-packages/airflow/example_dags/plugins/listener_plugin.py
[2024-05-06T20:34:34.891+0700] {processor.py:842} WARNING - No viable dags retrieved from /opt/homebrew/Caskroom/miniconda/base/lib/python3.11/site-packages/airflow/example_dags/plugins/listener_plugin.py
[2024-05-06T20:34:34.941+0700] {processor.py:183} INFO - Processing /opt/homebrew/Caskroom/miniconda/base/lib/python3.11/site-packages/airflow/example_dags/plugins/listener_plugin.py took 0.055 seconds
