[2024-05-06T07:32:08.819+0700] {processor.py:161} INFO - Started process (PID=72706) to work on /Users/inwpuun/project/final_data_proj/airflow/dags/CheckWebRunning.py
[2024-05-06T07:32:08.820+0700] {processor.py:830} INFO - Processing file /Users/inwpuun/project/final_data_proj/airflow/dags/CheckWebRunning.py for tasks to queue
[2024-05-06T07:32:08.820+0700] {logging_mixin.py:188} INFO - [2024-05-06T07:32:08.820+0700] {dagbag.py:540} INFO - Filling up the DagBag from /Users/inwpuun/project/final_data_proj/airflow/dags/CheckWebRunning.py
[2024-05-06T07:32:08.825+0700] {processor.py:840} INFO - DAG(s) 'dsde_webcheck' retrieved from /Users/inwpuun/project/final_data_proj/airflow/dags/CheckWebRunning.py
[2024-05-06T07:32:08.966+0700] {logging_mixin.py:188} INFO - [2024-05-06T07:32:08.966+0700] {dag.py:3096} INFO - Sync 1 DAGs
[2024-05-06T07:32:08.977+0700] {logging_mixin.py:188} INFO - [2024-05-06T07:32:08.976+0700] {dag.py:3954} INFO - Setting next_dagrun for dsde_webcheck to 2024-05-06 00:00:00+00:00, run_after=2024-05-07 00:00:00+00:00
[2024-05-06T07:32:08.987+0700] {processor.py:183} INFO - Processing /Users/inwpuun/project/final_data_proj/airflow/dags/CheckWebRunning.py took 0.170 seconds
[2024-05-06T07:33:23.746+0700] {processor.py:161} INFO - Started process (PID=73113) to work on /Users/inwpuun/project/final_data_proj/airflow/dags/CheckWebRunning.py
[2024-05-06T07:33:23.748+0700] {processor.py:830} INFO - Processing file /Users/inwpuun/project/final_data_proj/airflow/dags/CheckWebRunning.py for tasks to queue
[2024-05-06T07:33:23.749+0700] {logging_mixin.py:188} INFO - [2024-05-06T07:33:23.749+0700] {dagbag.py:540} INFO - Filling up the DagBag from /Users/inwpuun/project/final_data_proj/airflow/dags/CheckWebRunning.py
[2024-05-06T07:33:23.757+0700] {processor.py:840} INFO - DAG(s) 'dsde_webcheck' retrieved from /Users/inwpuun/project/final_data_proj/airflow/dags/CheckWebRunning.py
[2024-05-06T07:33:23.854+0700] {logging_mixin.py:188} INFO - [2024-05-06T07:33:23.854+0700] {dag.py:3096} INFO - Sync 1 DAGs
[2024-05-06T07:33:23.864+0700] {logging_mixin.py:188} INFO - [2024-05-06T07:33:23.864+0700] {dag.py:3954} INFO - Setting next_dagrun for dsde_webcheck to 2024-05-06 00:00:00+00:00, run_after=2024-05-07 00:00:00+00:00
[2024-05-06T07:33:23.878+0700] {processor.py:183} INFO - Processing /Users/inwpuun/project/final_data_proj/airflow/dags/CheckWebRunning.py took 0.134 seconds
[2024-05-06T07:34:41.764+0700] {processor.py:161} INFO - Started process (PID=73515) to work on /Users/inwpuun/project/final_data_proj/airflow/dags/CheckWebRunning.py
[2024-05-06T07:34:41.765+0700] {processor.py:830} INFO - Processing file /Users/inwpuun/project/final_data_proj/airflow/dags/CheckWebRunning.py for tasks to queue
[2024-05-06T07:34:41.765+0700] {logging_mixin.py:188} INFO - [2024-05-06T07:34:41.765+0700] {dagbag.py:540} INFO - Filling up the DagBag from /Users/inwpuun/project/final_data_proj/airflow/dags/CheckWebRunning.py
[2024-05-06T07:34:41.779+0700] {processor.py:840} INFO - DAG(s) 'dsde_webcheck' retrieved from /Users/inwpuun/project/final_data_proj/airflow/dags/CheckWebRunning.py
[2024-05-06T07:34:41.873+0700] {logging_mixin.py:188} INFO - [2024-05-06T07:34:41.873+0700] {dag.py:3096} INFO - Sync 1 DAGs
[2024-05-06T07:34:41.883+0700] {logging_mixin.py:188} INFO - [2024-05-06T07:34:41.883+0700] {dag.py:3954} INFO - Setting next_dagrun for dsde_webcheck to 2024-05-06 00:00:00+00:00, run_after=2024-05-07 00:00:00+00:00
[2024-05-06T07:34:41.894+0700] {processor.py:183} INFO - Processing /Users/inwpuun/project/final_data_proj/airflow/dags/CheckWebRunning.py took 0.132 seconds
[2024-05-06T07:35:57.986+0700] {processor.py:161} INFO - Started process (PID=73856) to work on /Users/inwpuun/project/final_data_proj/airflow/dags/CheckWebRunning.py
[2024-05-06T07:35:57.987+0700] {processor.py:830} INFO - Processing file /Users/inwpuun/project/final_data_proj/airflow/dags/CheckWebRunning.py for tasks to queue
[2024-05-06T07:35:57.988+0700] {logging_mixin.py:188} INFO - [2024-05-06T07:35:57.988+0700] {dagbag.py:540} INFO - Filling up the DagBag from /Users/inwpuun/project/final_data_proj/airflow/dags/CheckWebRunning.py
[2024-05-06T07:35:57.993+0700] {processor.py:840} INFO - DAG(s) 'dsde_webcheck' retrieved from /Users/inwpuun/project/final_data_proj/airflow/dags/CheckWebRunning.py
[2024-05-06T07:35:58.085+0700] {logging_mixin.py:188} INFO - [2024-05-06T07:35:58.085+0700] {dag.py:3096} INFO - Sync 1 DAGs
[2024-05-06T07:35:58.095+0700] {logging_mixin.py:188} INFO - [2024-05-06T07:35:58.095+0700] {dag.py:3954} INFO - Setting next_dagrun for dsde_webcheck to 2024-05-06 00:00:00+00:00, run_after=2024-05-07 00:00:00+00:00
[2024-05-06T07:35:58.105+0700] {processor.py:183} INFO - Processing /Users/inwpuun/project/final_data_proj/airflow/dags/CheckWebRunning.py took 0.120 seconds
[2024-05-06T07:37:15.137+0700] {processor.py:161} INFO - Started process (PID=74204) to work on /Users/inwpuun/project/final_data_proj/airflow/dags/CheckWebRunning.py
[2024-05-06T07:37:15.138+0700] {processor.py:830} INFO - Processing file /Users/inwpuun/project/final_data_proj/airflow/dags/CheckWebRunning.py for tasks to queue
[2024-05-06T07:37:15.138+0700] {logging_mixin.py:188} INFO - [2024-05-06T07:37:15.138+0700] {dagbag.py:540} INFO - Filling up the DagBag from /Users/inwpuun/project/final_data_proj/airflow/dags/CheckWebRunning.py
[2024-05-06T07:37:15.144+0700] {processor.py:840} INFO - DAG(s) 'dsde_webcheck' retrieved from /Users/inwpuun/project/final_data_proj/airflow/dags/CheckWebRunning.py
[2024-05-06T07:37:15.237+0700] {logging_mixin.py:188} INFO - [2024-05-06T07:37:15.237+0700] {dag.py:3096} INFO - Sync 1 DAGs
[2024-05-06T07:37:15.247+0700] {logging_mixin.py:188} INFO - [2024-05-06T07:37:15.247+0700] {dag.py:3954} INFO - Setting next_dagrun for dsde_webcheck to 2024-05-06 00:00:00+00:00, run_after=2024-05-07 00:00:00+00:00
[2024-05-06T07:37:15.258+0700] {processor.py:183} INFO - Processing /Users/inwpuun/project/final_data_proj/airflow/dags/CheckWebRunning.py took 0.123 seconds
[2024-05-06T07:38:33.622+0700] {processor.py:161} INFO - Started process (PID=74566) to work on /Users/inwpuun/project/final_data_proj/airflow/dags/CheckWebRunning.py
[2024-05-06T07:38:33.623+0700] {processor.py:830} INFO - Processing file /Users/inwpuun/project/final_data_proj/airflow/dags/CheckWebRunning.py for tasks to queue
[2024-05-06T07:38:33.624+0700] {logging_mixin.py:188} INFO - [2024-05-06T07:38:33.624+0700] {dagbag.py:540} INFO - Filling up the DagBag from /Users/inwpuun/project/final_data_proj/airflow/dags/CheckWebRunning.py
[2024-05-06T07:38:33.629+0700] {processor.py:840} INFO - DAG(s) 'dsde_webcheck' retrieved from /Users/inwpuun/project/final_data_proj/airflow/dags/CheckWebRunning.py
[2024-05-06T07:38:33.722+0700] {logging_mixin.py:188} INFO - [2024-05-06T07:38:33.721+0700] {dag.py:3096} INFO - Sync 1 DAGs
[2024-05-06T07:38:33.732+0700] {logging_mixin.py:188} INFO - [2024-05-06T07:38:33.731+0700] {dag.py:3954} INFO - Setting next_dagrun for dsde_webcheck to 2024-05-06 00:00:00+00:00, run_after=2024-05-07 00:00:00+00:00
[2024-05-06T07:38:33.741+0700] {processor.py:183} INFO - Processing /Users/inwpuun/project/final_data_proj/airflow/dags/CheckWebRunning.py took 0.121 seconds
[2024-05-06T07:39:50.691+0700] {processor.py:161} INFO - Started process (PID=74923) to work on /Users/inwpuun/project/final_data_proj/airflow/dags/CheckWebRunning.py
[2024-05-06T07:39:50.692+0700] {processor.py:830} INFO - Processing file /Users/inwpuun/project/final_data_proj/airflow/dags/CheckWebRunning.py for tasks to queue
[2024-05-06T07:39:50.692+0700] {logging_mixin.py:188} INFO - [2024-05-06T07:39:50.692+0700] {dagbag.py:540} INFO - Filling up the DagBag from /Users/inwpuun/project/final_data_proj/airflow/dags/CheckWebRunning.py
[2024-05-06T07:39:50.698+0700] {processor.py:840} INFO - DAG(s) 'dsde_webcheck' retrieved from /Users/inwpuun/project/final_data_proj/airflow/dags/CheckWebRunning.py
[2024-05-06T07:39:50.794+0700] {logging_mixin.py:188} INFO - [2024-05-06T07:39:50.793+0700] {dag.py:3096} INFO - Sync 1 DAGs
[2024-05-06T07:39:50.803+0700] {logging_mixin.py:188} INFO - [2024-05-06T07:39:50.803+0700] {dag.py:3954} INFO - Setting next_dagrun for dsde_webcheck to 2024-05-06 00:00:00+00:00, run_after=2024-05-07 00:00:00+00:00
[2024-05-06T07:39:50.813+0700] {processor.py:183} INFO - Processing /Users/inwpuun/project/final_data_proj/airflow/dags/CheckWebRunning.py took 0.124 seconds
[2024-05-06T07:41:07.229+0700] {processor.py:161} INFO - Started process (PID=75269) to work on /Users/inwpuun/project/final_data_proj/airflow/dags/CheckWebRunning.py
[2024-05-06T07:41:07.230+0700] {processor.py:830} INFO - Processing file /Users/inwpuun/project/final_data_proj/airflow/dags/CheckWebRunning.py for tasks to queue
[2024-05-06T07:41:07.230+0700] {logging_mixin.py:188} INFO - [2024-05-06T07:41:07.230+0700] {dagbag.py:540} INFO - Filling up the DagBag from /Users/inwpuun/project/final_data_proj/airflow/dags/CheckWebRunning.py
[2024-05-06T07:41:07.235+0700] {processor.py:840} INFO - DAG(s) 'dsde_webcheck' retrieved from /Users/inwpuun/project/final_data_proj/airflow/dags/CheckWebRunning.py
[2024-05-06T07:41:07.328+0700] {logging_mixin.py:188} INFO - [2024-05-06T07:41:07.327+0700] {dag.py:3096} INFO - Sync 1 DAGs
[2024-05-06T07:41:07.337+0700] {logging_mixin.py:188} INFO - [2024-05-06T07:41:07.337+0700] {dag.py:3954} INFO - Setting next_dagrun for dsde_webcheck to 2024-05-06 00:00:00+00:00, run_after=2024-05-07 00:00:00+00:00
[2024-05-06T07:41:07.347+0700] {processor.py:183} INFO - Processing /Users/inwpuun/project/final_data_proj/airflow/dags/CheckWebRunning.py took 0.119 seconds
[2024-05-06T08:14:56.906+0700] {processor.py:161} INFO - Started process (PID=75656) to work on /Users/inwpuun/project/final_data_proj/airflow/dags/CheckWebRunning.py
[2024-05-06T08:14:56.907+0700] {processor.py:830} INFO - Processing file /Users/inwpuun/project/final_data_proj/airflow/dags/CheckWebRunning.py for tasks to queue
[2024-05-06T08:14:56.908+0700] {logging_mixin.py:188} INFO - [2024-05-06T08:14:56.907+0700] {dagbag.py:540} INFO - Filling up the DagBag from /Users/inwpuun/project/final_data_proj/airflow/dags/CheckWebRunning.py
[2024-05-06T08:14:56.912+0700] {processor.py:840} INFO - DAG(s) 'dsde_webcheck' retrieved from /Users/inwpuun/project/final_data_proj/airflow/dags/CheckWebRunning.py
[2024-05-06T08:14:57.005+0700] {logging_mixin.py:188} INFO - [2024-05-06T08:14:57.005+0700] {dag.py:3096} INFO - Sync 1 DAGs
[2024-05-06T08:14:57.015+0700] {logging_mixin.py:188} INFO - [2024-05-06T08:14:57.015+0700] {dag.py:3954} INFO - Setting next_dagrun for dsde_webcheck to 2024-05-06 00:00:00+00:00, run_after=2024-05-07 00:00:00+00:00
[2024-05-06T08:14:57.025+0700] {processor.py:183} INFO - Processing /Users/inwpuun/project/final_data_proj/airflow/dags/CheckWebRunning.py took 0.121 seconds
[2024-05-06T08:33:22.271+0700] {processor.py:161} INFO - Started process (PID=76071) to work on /Users/inwpuun/project/final_data_proj/airflow/dags/CheckWebRunning.py
[2024-05-06T08:33:22.272+0700] {processor.py:830} INFO - Processing file /Users/inwpuun/project/final_data_proj/airflow/dags/CheckWebRunning.py for tasks to queue
[2024-05-06T08:33:22.272+0700] {logging_mixin.py:188} INFO - [2024-05-06T08:33:22.272+0700] {dagbag.py:540} INFO - Filling up the DagBag from /Users/inwpuun/project/final_data_proj/airflow/dags/CheckWebRunning.py
[2024-05-06T08:33:22.277+0700] {processor.py:840} INFO - DAG(s) 'dsde_webcheck' retrieved from /Users/inwpuun/project/final_data_proj/airflow/dags/CheckWebRunning.py
[2024-05-06T08:33:22.370+0700] {logging_mixin.py:188} INFO - [2024-05-06T08:33:22.369+0700] {dag.py:3096} INFO - Sync 1 DAGs
[2024-05-06T08:33:22.379+0700] {logging_mixin.py:188} INFO - [2024-05-06T08:33:22.379+0700] {dag.py:3954} INFO - Setting next_dagrun for dsde_webcheck to 2024-05-06 00:00:00+00:00, run_after=2024-05-07 00:00:00+00:00
[2024-05-06T08:33:22.389+0700] {processor.py:183} INFO - Processing /Users/inwpuun/project/final_data_proj/airflow/dags/CheckWebRunning.py took 0.120 seconds
[2024-05-06T08:43:47.174+0700] {processor.py:161} INFO - Started process (PID=76458) to work on /Users/inwpuun/project/final_data_proj/airflow/dags/CheckWebRunning.py
[2024-05-06T08:43:47.176+0700] {processor.py:830} INFO - Processing file /Users/inwpuun/project/final_data_proj/airflow/dags/CheckWebRunning.py for tasks to queue
[2024-05-06T08:43:47.176+0700] {logging_mixin.py:188} INFO - [2024-05-06T08:43:47.176+0700] {dagbag.py:540} INFO - Filling up the DagBag from /Users/inwpuun/project/final_data_proj/airflow/dags/CheckWebRunning.py
[2024-05-06T08:43:47.181+0700] {processor.py:840} INFO - DAG(s) 'dsde_webcheck' retrieved from /Users/inwpuun/project/final_data_proj/airflow/dags/CheckWebRunning.py
[2024-05-06T08:43:47.275+0700] {logging_mixin.py:188} INFO - [2024-05-06T08:43:47.275+0700] {dag.py:3096} INFO - Sync 1 DAGs
[2024-05-06T08:43:47.285+0700] {logging_mixin.py:188} INFO - [2024-05-06T08:43:47.285+0700] {dag.py:3954} INFO - Setting next_dagrun for dsde_webcheck to 2024-05-06 00:00:00+00:00, run_after=2024-05-07 00:00:00+00:00
[2024-05-06T08:43:47.295+0700] {processor.py:183} INFO - Processing /Users/inwpuun/project/final_data_proj/airflow/dags/CheckWebRunning.py took 0.123 seconds
[2024-05-06T09:01:29.713+0700] {processor.py:161} INFO - Started process (PID=76853) to work on /Users/inwpuun/project/final_data_proj/airflow/dags/CheckWebRunning.py
[2024-05-06T09:01:29.714+0700] {processor.py:830} INFO - Processing file /Users/inwpuun/project/final_data_proj/airflow/dags/CheckWebRunning.py for tasks to queue
[2024-05-06T09:01:29.715+0700] {logging_mixin.py:188} INFO - [2024-05-06T09:01:29.715+0700] {dagbag.py:540} INFO - Filling up the DagBag from /Users/inwpuun/project/final_data_proj/airflow/dags/CheckWebRunning.py
[2024-05-06T09:01:29.720+0700] {processor.py:840} INFO - DAG(s) 'dsde_webcheck' retrieved from /Users/inwpuun/project/final_data_proj/airflow/dags/CheckWebRunning.py
[2024-05-06T09:01:29.812+0700] {logging_mixin.py:188} INFO - [2024-05-06T09:01:29.812+0700] {dag.py:3096} INFO - Sync 1 DAGs
[2024-05-06T09:01:29.821+0700] {logging_mixin.py:188} INFO - [2024-05-06T09:01:29.821+0700] {dag.py:3954} INFO - Setting next_dagrun for dsde_webcheck to 2024-05-06 00:00:00+00:00, run_after=2024-05-07 00:00:00+00:00
[2024-05-06T09:01:29.832+0700] {processor.py:183} INFO - Processing /Users/inwpuun/project/final_data_proj/airflow/dags/CheckWebRunning.py took 0.121 seconds
[2024-05-06T09:02:46.949+0700] {processor.py:161} INFO - Started process (PID=77198) to work on /Users/inwpuun/project/final_data_proj/airflow/dags/CheckWebRunning.py
[2024-05-06T09:02:46.950+0700] {processor.py:830} INFO - Processing file /Users/inwpuun/project/final_data_proj/airflow/dags/CheckWebRunning.py for tasks to queue
[2024-05-06T09:02:46.951+0700] {logging_mixin.py:188} INFO - [2024-05-06T09:02:46.951+0700] {dagbag.py:540} INFO - Filling up the DagBag from /Users/inwpuun/project/final_data_proj/airflow/dags/CheckWebRunning.py
[2024-05-06T09:02:46.955+0700] {processor.py:840} INFO - DAG(s) 'dsde_webcheck' retrieved from /Users/inwpuun/project/final_data_proj/airflow/dags/CheckWebRunning.py
[2024-05-06T09:02:47.047+0700] {logging_mixin.py:188} INFO - [2024-05-06T09:02:47.047+0700] {dag.py:3096} INFO - Sync 1 DAGs
[2024-05-06T09:02:47.057+0700] {logging_mixin.py:188} INFO - [2024-05-06T09:02:47.057+0700] {dag.py:3954} INFO - Setting next_dagrun for dsde_webcheck to 2024-05-06 00:00:00+00:00, run_after=2024-05-07 00:00:00+00:00
[2024-05-06T09:02:47.067+0700] {processor.py:183} INFO - Processing /Users/inwpuun/project/final_data_proj/airflow/dags/CheckWebRunning.py took 0.119 seconds
[2024-05-06T09:36:33.139+0700] {processor.py:161} INFO - Started process (PID=77604) to work on /Users/inwpuun/project/final_data_proj/airflow/dags/CheckWebRunning.py
[2024-05-06T09:36:33.141+0700] {processor.py:830} INFO - Processing file /Users/inwpuun/project/final_data_proj/airflow/dags/CheckWebRunning.py for tasks to queue
[2024-05-06T09:36:33.141+0700] {logging_mixin.py:188} INFO - [2024-05-06T09:36:33.141+0700] {dagbag.py:540} INFO - Filling up the DagBag from /Users/inwpuun/project/final_data_proj/airflow/dags/CheckWebRunning.py
[2024-05-06T09:36:33.146+0700] {processor.py:840} INFO - DAG(s) 'dsde_webcheck' retrieved from /Users/inwpuun/project/final_data_proj/airflow/dags/CheckWebRunning.py
[2024-05-06T09:36:33.238+0700] {logging_mixin.py:188} INFO - [2024-05-06T09:36:33.238+0700] {dag.py:3096} INFO - Sync 1 DAGs
[2024-05-06T09:36:33.248+0700] {logging_mixin.py:188} INFO - [2024-05-06T09:36:33.248+0700] {dag.py:3954} INFO - Setting next_dagrun for dsde_webcheck to 2024-05-06 00:00:00+00:00, run_after=2024-05-07 00:00:00+00:00
[2024-05-06T09:36:33.259+0700] {processor.py:183} INFO - Processing /Users/inwpuun/project/final_data_proj/airflow/dags/CheckWebRunning.py took 0.122 seconds
[2024-05-06T09:38:17.631+0700] {processor.py:161} INFO - Started process (PID=78088) to work on /Users/inwpuun/project/final_data_proj/airflow/dags/CheckWebRunning.py
[2024-05-06T09:38:17.632+0700] {processor.py:830} INFO - Processing file /Users/inwpuun/project/final_data_proj/airflow/dags/CheckWebRunning.py for tasks to queue
[2024-05-06T09:38:17.633+0700] {logging_mixin.py:188} INFO - [2024-05-06T09:38:17.633+0700] {dagbag.py:540} INFO - Filling up the DagBag from /Users/inwpuun/project/final_data_proj/airflow/dags/CheckWebRunning.py
[2024-05-06T09:38:17.638+0700] {processor.py:840} INFO - DAG(s) 'dsde_webcheck' retrieved from /Users/inwpuun/project/final_data_proj/airflow/dags/CheckWebRunning.py
[2024-05-06T09:38:17.730+0700] {logging_mixin.py:188} INFO - [2024-05-06T09:38:17.729+0700] {dag.py:3096} INFO - Sync 1 DAGs
[2024-05-06T09:38:17.739+0700] {logging_mixin.py:188} INFO - [2024-05-06T09:38:17.739+0700] {dag.py:3954} INFO - Setting next_dagrun for dsde_webcheck to 2024-05-06 00:00:00+00:00, run_after=2024-05-07 00:00:00+00:00
[2024-05-06T09:38:17.749+0700] {processor.py:183} INFO - Processing /Users/inwpuun/project/final_data_proj/airflow/dags/CheckWebRunning.py took 0.120 seconds
[2024-05-06T09:54:51.657+0700] {processor.py:161} INFO - Started process (PID=78459) to work on /Users/inwpuun/project/final_data_proj/airflow/dags/CheckWebRunning.py
[2024-05-06T09:54:51.659+0700] {processor.py:830} INFO - Processing file /Users/inwpuun/project/final_data_proj/airflow/dags/CheckWebRunning.py for tasks to queue
[2024-05-06T09:54:51.659+0700] {logging_mixin.py:188} INFO - [2024-05-06T09:54:51.659+0700] {dagbag.py:540} INFO - Filling up the DagBag from /Users/inwpuun/project/final_data_proj/airflow/dags/CheckWebRunning.py
[2024-05-06T09:54:51.664+0700] {processor.py:840} INFO - DAG(s) 'dsde_webcheck' retrieved from /Users/inwpuun/project/final_data_proj/airflow/dags/CheckWebRunning.py
[2024-05-06T09:54:51.756+0700] {logging_mixin.py:188} INFO - [2024-05-06T09:54:51.756+0700] {dag.py:3096} INFO - Sync 1 DAGs
[2024-05-06T09:54:51.765+0700] {logging_mixin.py:188} INFO - [2024-05-06T09:54:51.765+0700] {dag.py:3954} INFO - Setting next_dagrun for dsde_webcheck to 2024-05-06 00:00:00+00:00, run_after=2024-05-07 00:00:00+00:00
[2024-05-06T09:54:51.775+0700] {processor.py:183} INFO - Processing /Users/inwpuun/project/final_data_proj/airflow/dags/CheckWebRunning.py took 0.120 seconds
[2024-05-06T09:56:16.846+0700] {processor.py:161} INFO - Started process (PID=78842) to work on /Users/inwpuun/project/final_data_proj/airflow/dags/CheckWebRunning.py
[2024-05-06T09:56:16.847+0700] {processor.py:830} INFO - Processing file /Users/inwpuun/project/final_data_proj/airflow/dags/CheckWebRunning.py for tasks to queue
[2024-05-06T09:56:16.848+0700] {logging_mixin.py:188} INFO - [2024-05-06T09:56:16.847+0700] {dagbag.py:540} INFO - Filling up the DagBag from /Users/inwpuun/project/final_data_proj/airflow/dags/CheckWebRunning.py
[2024-05-06T09:56:16.853+0700] {processor.py:840} INFO - DAG(s) 'dsde_webcheck' retrieved from /Users/inwpuun/project/final_data_proj/airflow/dags/CheckWebRunning.py
[2024-05-06T09:56:16.946+0700] {logging_mixin.py:188} INFO - [2024-05-06T09:56:16.946+0700] {dag.py:3096} INFO - Sync 1 DAGs
[2024-05-06T09:56:16.955+0700] {logging_mixin.py:188} INFO - [2024-05-06T09:56:16.955+0700] {dag.py:3954} INFO - Setting next_dagrun for dsde_webcheck to 2024-05-06 00:00:00+00:00, run_after=2024-05-07 00:00:00+00:00
[2024-05-06T09:56:16.966+0700] {processor.py:183} INFO - Processing /Users/inwpuun/project/final_data_proj/airflow/dags/CheckWebRunning.py took 0.121 seconds
[2024-05-06T10:29:46.373+0700] {processor.py:161} INFO - Started process (PID=79215) to work on /Users/inwpuun/project/final_data_proj/airflow/dags/CheckWebRunning.py
[2024-05-06T10:29:46.374+0700] {processor.py:830} INFO - Processing file /Users/inwpuun/project/final_data_proj/airflow/dags/CheckWebRunning.py for tasks to queue
[2024-05-06T10:29:46.374+0700] {logging_mixin.py:188} INFO - [2024-05-06T10:29:46.374+0700] {dagbag.py:540} INFO - Filling up the DagBag from /Users/inwpuun/project/final_data_proj/airflow/dags/CheckWebRunning.py
[2024-05-06T10:29:46.380+0700] {processor.py:840} INFO - DAG(s) 'dsde_webcheck' retrieved from /Users/inwpuun/project/final_data_proj/airflow/dags/CheckWebRunning.py
[2024-05-06T10:29:46.475+0700] {logging_mixin.py:188} INFO - [2024-05-06T10:29:46.475+0700] {dag.py:3096} INFO - Sync 1 DAGs
[2024-05-06T10:29:46.484+0700] {logging_mixin.py:188} INFO - [2024-05-06T10:29:46.484+0700] {dag.py:3954} INFO - Setting next_dagrun for dsde_webcheck to 2024-05-06 00:00:00+00:00, run_after=2024-05-07 00:00:00+00:00
[2024-05-06T10:29:46.494+0700] {processor.py:183} INFO - Processing /Users/inwpuun/project/final_data_proj/airflow/dags/CheckWebRunning.py took 0.123 seconds
[2024-05-06T10:37:59.825+0700] {processor.py:161} INFO - Started process (PID=79601) to work on /Users/inwpuun/project/final_data_proj/airflow/dags/CheckWebRunning.py
[2024-05-06T10:37:59.826+0700] {processor.py:830} INFO - Processing file /Users/inwpuun/project/final_data_proj/airflow/dags/CheckWebRunning.py for tasks to queue
[2024-05-06T10:37:59.826+0700] {logging_mixin.py:188} INFO - [2024-05-06T10:37:59.826+0700] {dagbag.py:540} INFO - Filling up the DagBag from /Users/inwpuun/project/final_data_proj/airflow/dags/CheckWebRunning.py
[2024-05-06T10:37:59.831+0700] {processor.py:840} INFO - DAG(s) 'dsde_webcheck' retrieved from /Users/inwpuun/project/final_data_proj/airflow/dags/CheckWebRunning.py
[2024-05-06T10:37:59.925+0700] {logging_mixin.py:188} INFO - [2024-05-06T10:37:59.925+0700] {dag.py:3096} INFO - Sync 1 DAGs
[2024-05-06T10:37:59.935+0700] {logging_mixin.py:188} INFO - [2024-05-06T10:37:59.935+0700] {dag.py:3954} INFO - Setting next_dagrun for dsde_webcheck to 2024-05-06 00:00:00+00:00, run_after=2024-05-07 00:00:00+00:00
[2024-05-06T10:37:59.946+0700] {processor.py:183} INFO - Processing /Users/inwpuun/project/final_data_proj/airflow/dags/CheckWebRunning.py took 0.123 seconds
[2024-05-06T10:39:18.616+0700] {processor.py:161} INFO - Started process (PID=79969) to work on /Users/inwpuun/project/final_data_proj/airflow/dags/CheckWebRunning.py
[2024-05-06T10:39:18.617+0700] {processor.py:830} INFO - Processing file /Users/inwpuun/project/final_data_proj/airflow/dags/CheckWebRunning.py for tasks to queue
[2024-05-06T10:39:18.618+0700] {logging_mixin.py:188} INFO - [2024-05-06T10:39:18.617+0700] {dagbag.py:540} INFO - Filling up the DagBag from /Users/inwpuun/project/final_data_proj/airflow/dags/CheckWebRunning.py
[2024-05-06T10:39:18.623+0700] {processor.py:840} INFO - DAG(s) 'dsde_webcheck' retrieved from /Users/inwpuun/project/final_data_proj/airflow/dags/CheckWebRunning.py
[2024-05-06T10:39:18.715+0700] {logging_mixin.py:188} INFO - [2024-05-06T10:39:18.715+0700] {dag.py:3096} INFO - Sync 1 DAGs
[2024-05-06T10:39:18.724+0700] {logging_mixin.py:188} INFO - [2024-05-06T10:39:18.724+0700] {dag.py:3954} INFO - Setting next_dagrun for dsde_webcheck to 2024-05-06 00:00:00+00:00, run_after=2024-05-07 00:00:00+00:00
[2024-05-06T10:39:18.735+0700] {processor.py:183} INFO - Processing /Users/inwpuun/project/final_data_proj/airflow/dags/CheckWebRunning.py took 0.121 seconds
[2024-05-06T10:58:00.295+0700] {processor.py:161} INFO - Started process (PID=80430) to work on /Users/inwpuun/project/final_data_proj/airflow/dags/CheckWebRunning.py
[2024-05-06T10:58:00.296+0700] {processor.py:830} INFO - Processing file /Users/inwpuun/project/final_data_proj/airflow/dags/CheckWebRunning.py for tasks to queue
[2024-05-06T10:58:00.297+0700] {logging_mixin.py:188} INFO - [2024-05-06T10:58:00.297+0700] {dagbag.py:540} INFO - Filling up the DagBag from /Users/inwpuun/project/final_data_proj/airflow/dags/CheckWebRunning.py
[2024-05-06T10:58:00.304+0700] {processor.py:840} INFO - DAG(s) 'dsde_webcheck' retrieved from /Users/inwpuun/project/final_data_proj/airflow/dags/CheckWebRunning.py
[2024-05-06T10:58:00.410+0700] {logging_mixin.py:188} INFO - [2024-05-06T10:58:00.409+0700] {dag.py:3096} INFO - Sync 1 DAGs
[2024-05-06T10:58:00.419+0700] {logging_mixin.py:188} INFO - [2024-05-06T10:58:00.419+0700] {dag.py:3954} INFO - Setting next_dagrun for dsde_webcheck to 2024-05-06 00:00:00+00:00, run_after=2024-05-07 00:00:00+00:00
[2024-05-06T10:58:00.430+0700] {processor.py:183} INFO - Processing /Users/inwpuun/project/final_data_proj/airflow/dags/CheckWebRunning.py took 0.137 seconds
[2024-05-06T10:59:24.969+0700] {processor.py:161} INFO - Started process (PID=80827) to work on /Users/inwpuun/project/final_data_proj/airflow/dags/CheckWebRunning.py
[2024-05-06T10:59:24.970+0700] {processor.py:830} INFO - Processing file /Users/inwpuun/project/final_data_proj/airflow/dags/CheckWebRunning.py for tasks to queue
[2024-05-06T10:59:24.970+0700] {logging_mixin.py:188} INFO - [2024-05-06T10:59:24.970+0700] {dagbag.py:540} INFO - Filling up the DagBag from /Users/inwpuun/project/final_data_proj/airflow/dags/CheckWebRunning.py
[2024-05-06T10:59:24.975+0700] {processor.py:840} INFO - DAG(s) 'dsde_webcheck' retrieved from /Users/inwpuun/project/final_data_proj/airflow/dags/CheckWebRunning.py
[2024-05-06T10:59:25.073+0700] {logging_mixin.py:188} INFO - [2024-05-06T10:59:25.072+0700] {dag.py:3096} INFO - Sync 1 DAGs
[2024-05-06T10:59:25.082+0700] {logging_mixin.py:188} INFO - [2024-05-06T10:59:25.081+0700] {dag.py:3954} INFO - Setting next_dagrun for dsde_webcheck to 2024-05-06 00:00:00+00:00, run_after=2024-05-07 00:00:00+00:00
[2024-05-06T10:59:25.092+0700] {processor.py:183} INFO - Processing /Users/inwpuun/project/final_data_proj/airflow/dags/CheckWebRunning.py took 0.125 seconds
[2024-05-06T11:00:44.936+0700] {processor.py:161} INFO - Started process (PID=81211) to work on /Users/inwpuun/project/final_data_proj/airflow/dags/CheckWebRunning.py
[2024-05-06T11:00:44.937+0700] {processor.py:830} INFO - Processing file /Users/inwpuun/project/final_data_proj/airflow/dags/CheckWebRunning.py for tasks to queue
[2024-05-06T11:00:44.937+0700] {logging_mixin.py:188} INFO - [2024-05-06T11:00:44.937+0700] {dagbag.py:540} INFO - Filling up the DagBag from /Users/inwpuun/project/final_data_proj/airflow/dags/CheckWebRunning.py
[2024-05-06T11:00:44.943+0700] {processor.py:840} INFO - DAG(s) 'dsde_webcheck' retrieved from /Users/inwpuun/project/final_data_proj/airflow/dags/CheckWebRunning.py
[2024-05-06T11:00:45.039+0700] {logging_mixin.py:188} INFO - [2024-05-06T11:00:45.039+0700] {dag.py:3096} INFO - Sync 1 DAGs
[2024-05-06T11:00:45.048+0700] {logging_mixin.py:188} INFO - [2024-05-06T11:00:45.048+0700] {dag.py:3954} INFO - Setting next_dagrun for dsde_webcheck to 2024-05-06 00:00:00+00:00, run_after=2024-05-07 00:00:00+00:00
[2024-05-06T11:00:45.059+0700] {processor.py:183} INFO - Processing /Users/inwpuun/project/final_data_proj/airflow/dags/CheckWebRunning.py took 0.125 seconds
[2024-05-06T20:08:42.673+0700] {processor.py:161} INFO - Started process (PID=99284) to work on /Users/inwpuun/project/final_data_proj/airflow/dags/CheckWebRunning.py
[2024-05-06T20:08:42.673+0700] {processor.py:830} INFO - Processing file /Users/inwpuun/project/final_data_proj/airflow/dags/CheckWebRunning.py for tasks to queue
[2024-05-06T20:08:42.674+0700] {logging_mixin.py:188} INFO - [2024-05-06T20:08:42.674+0700] {dagbag.py:540} INFO - Filling up the DagBag from /Users/inwpuun/project/final_data_proj/airflow/dags/CheckWebRunning.py
[2024-05-06T20:08:42.678+0700] {processor.py:840} INFO - DAG(s) 'dsde_webcheck' retrieved from /Users/inwpuun/project/final_data_proj/airflow/dags/CheckWebRunning.py
[2024-05-06T20:08:42.692+0700] {logging_mixin.py:188} INFO - [2024-05-06T20:08:42.692+0700] {dag.py:3096} INFO - Sync 1 DAGs
[2024-05-06T20:08:42.743+0700] {logging_mixin.py:188} INFO - [2024-05-06T20:08:42.743+0700] {dag.py:3954} INFO - Setting next_dagrun for dsde_webcheck to 2024-05-06 00:00:00+00:00, run_after=2024-05-07 00:00:00+00:00
[2024-05-06T20:08:42.753+0700] {processor.py:183} INFO - Processing /Users/inwpuun/project/final_data_proj/airflow/dags/CheckWebRunning.py took 0.082 seconds
[2024-05-06T20:11:09.184+0700] {processor.py:161} INFO - Started process (PID=239) to work on /Users/inwpuun/project/final_data_proj/airflow/dags/CheckWebRunning.py
[2024-05-06T20:11:09.184+0700] {processor.py:830} INFO - Processing file /Users/inwpuun/project/final_data_proj/airflow/dags/CheckWebRunning.py for tasks to queue
[2024-05-06T20:11:09.185+0700] {logging_mixin.py:188} INFO - [2024-05-06T20:11:09.185+0700] {dagbag.py:540} INFO - Filling up the DagBag from /Users/inwpuun/project/final_data_proj/airflow/dags/CheckWebRunning.py
[2024-05-06T20:11:09.189+0700] {processor.py:840} INFO - DAG(s) 'dsde_webcheck' retrieved from /Users/inwpuun/project/final_data_proj/airflow/dags/CheckWebRunning.py
[2024-05-06T20:11:09.203+0700] {logging_mixin.py:188} INFO - [2024-05-06T20:11:09.203+0700] {dag.py:3096} INFO - Sync 1 DAGs
[2024-05-06T20:11:09.255+0700] {logging_mixin.py:188} INFO - [2024-05-06T20:11:09.255+0700] {dag.py:3954} INFO - Setting next_dagrun for dsde_webcheck to 2024-05-06 00:00:00+00:00, run_after=2024-05-07 00:00:00+00:00
[2024-05-06T20:11:09.265+0700] {processor.py:183} INFO - Processing /Users/inwpuun/project/final_data_proj/airflow/dags/CheckWebRunning.py took 0.083 seconds
[2024-05-06T20:11:43.404+0700] {processor.py:161} INFO - Started process (PID=488) to work on /Users/inwpuun/project/final_data_proj/airflow/dags/CheckWebRunning.py
[2024-05-06T20:11:43.405+0700] {processor.py:830} INFO - Processing file /Users/inwpuun/project/final_data_proj/airflow/dags/CheckWebRunning.py for tasks to queue
[2024-05-06T20:11:43.405+0700] {logging_mixin.py:188} INFO - [2024-05-06T20:11:43.405+0700] {dagbag.py:540} INFO - Filling up the DagBag from /Users/inwpuun/project/final_data_proj/airflow/dags/CheckWebRunning.py
[2024-05-06T20:11:43.409+0700] {processor.py:840} INFO - DAG(s) 'dsde_webcheck' retrieved from /Users/inwpuun/project/final_data_proj/airflow/dags/CheckWebRunning.py
[2024-05-06T20:11:43.427+0700] {logging_mixin.py:188} INFO - [2024-05-06T20:11:43.427+0700] {dag.py:3096} INFO - Sync 1 DAGs
[2024-05-06T20:11:43.479+0700] {logging_mixin.py:188} INFO - [2024-05-06T20:11:43.479+0700] {dag.py:3954} INFO - Setting next_dagrun for dsde_webcheck to 2024-05-06 00:00:00+00:00, run_after=2024-05-07 00:00:00+00:00
[2024-05-06T20:11:43.489+0700] {processor.py:183} INFO - Processing /Users/inwpuun/project/final_data_proj/airflow/dags/CheckWebRunning.py took 0.088 seconds
[2024-05-06T20:13:44.601+0700] {processor.py:161} INFO - Started process (PID=1200) to work on /Users/inwpuun/project/final_data_proj/airflow/dags/CheckWebRunning.py
[2024-05-06T20:13:44.601+0700] {processor.py:830} INFO - Processing file /Users/inwpuun/project/final_data_proj/airflow/dags/CheckWebRunning.py for tasks to queue
[2024-05-06T20:13:44.602+0700] {logging_mixin.py:188} INFO - [2024-05-06T20:13:44.602+0700] {dagbag.py:540} INFO - Filling up the DagBag from /Users/inwpuun/project/final_data_proj/airflow/dags/CheckWebRunning.py
[2024-05-06T20:13:44.606+0700] {processor.py:840} INFO - DAG(s) 'dsde_webcheck' retrieved from /Users/inwpuun/project/final_data_proj/airflow/dags/CheckWebRunning.py
[2024-05-06T20:13:44.620+0700] {logging_mixin.py:188} INFO - [2024-05-06T20:13:44.620+0700] {dag.py:3096} INFO - Sync 1 DAGs
[2024-05-06T20:13:44.672+0700] {logging_mixin.py:188} INFO - [2024-05-06T20:13:44.672+0700] {dag.py:3954} INFO - Setting next_dagrun for dsde_webcheck to 2024-05-06 00:00:00+00:00, run_after=2024-05-07 00:00:00+00:00
[2024-05-06T20:13:44.682+0700] {processor.py:183} INFO - Processing /Users/inwpuun/project/final_data_proj/airflow/dags/CheckWebRunning.py took 0.083 seconds
[2024-05-06T20:15:37.876+0700] {processor.py:161} INFO - Started process (PID=1856) to work on /Users/inwpuun/project/final_data_proj/airflow/dags/CheckWebRunning.py
[2024-05-06T20:15:37.877+0700] {processor.py:830} INFO - Processing file /Users/inwpuun/project/final_data_proj/airflow/dags/CheckWebRunning.py for tasks to queue
[2024-05-06T20:15:37.877+0700] {logging_mixin.py:188} INFO - [2024-05-06T20:15:37.877+0700] {dagbag.py:540} INFO - Filling up the DagBag from /Users/inwpuun/project/final_data_proj/airflow/dags/CheckWebRunning.py
[2024-05-06T20:15:37.882+0700] {processor.py:840} INFO - DAG(s) 'dsde_webcheck' retrieved from /Users/inwpuun/project/final_data_proj/airflow/dags/CheckWebRunning.py
[2024-05-06T20:15:38.047+0700] {logging_mixin.py:188} INFO - [2024-05-06T20:15:38.047+0700] {dag.py:3096} INFO - Sync 1 DAGs
[2024-05-06T20:15:38.057+0700] {logging_mixin.py:188} INFO - [2024-05-06T20:15:38.057+0700] {dag.py:3954} INFO - Setting next_dagrun for dsde_webcheck to 2024-05-06 00:00:00+00:00, run_after=2024-05-07 00:00:00+00:00
[2024-05-06T20:15:38.069+0700] {processor.py:183} INFO - Processing /Users/inwpuun/project/final_data_proj/airflow/dags/CheckWebRunning.py took 0.195 seconds
[2024-05-06T20:17:10.971+0700] {processor.py:161} INFO - Started process (PID=2351) to work on /Users/inwpuun/project/final_data_proj/airflow/dags/CheckWebRunning.py
[2024-05-06T20:17:10.972+0700] {processor.py:830} INFO - Processing file /Users/inwpuun/project/final_data_proj/airflow/dags/CheckWebRunning.py for tasks to queue
[2024-05-06T20:17:10.973+0700] {logging_mixin.py:188} INFO - [2024-05-06T20:17:10.972+0700] {dagbag.py:540} INFO - Filling up the DagBag from /Users/inwpuun/project/final_data_proj/airflow/dags/CheckWebRunning.py
[2024-05-06T20:17:10.978+0700] {processor.py:840} INFO - DAG(s) 'dsde_webcheck' retrieved from /Users/inwpuun/project/final_data_proj/airflow/dags/CheckWebRunning.py
[2024-05-06T20:17:11.044+0700] {logging_mixin.py:188} INFO - [2024-05-06T20:17:11.044+0700] {dag.py:3096} INFO - Sync 1 DAGs
[2024-05-06T20:17:11.054+0700] {logging_mixin.py:188} INFO - [2024-05-06T20:17:11.053+0700] {dag.py:3954} INFO - Setting next_dagrun for dsde_webcheck to 2024-05-06 00:00:00+00:00, run_after=2024-05-07 00:00:00+00:00
[2024-05-06T20:17:11.064+0700] {processor.py:183} INFO - Processing /Users/inwpuun/project/final_data_proj/airflow/dags/CheckWebRunning.py took 0.095 seconds
[2024-05-06T20:18:44.360+0700] {processor.py:161} INFO - Started process (PID=2808) to work on /Users/inwpuun/project/final_data_proj/airflow/dags/CheckWebRunning.py
[2024-05-06T20:18:44.361+0700] {processor.py:830} INFO - Processing file /Users/inwpuun/project/final_data_proj/airflow/dags/CheckWebRunning.py for tasks to queue
[2024-05-06T20:18:44.361+0700] {logging_mixin.py:188} INFO - [2024-05-06T20:18:44.361+0700] {dagbag.py:540} INFO - Filling up the DagBag from /Users/inwpuun/project/final_data_proj/airflow/dags/CheckWebRunning.py
[2024-05-06T20:18:44.374+0700] {processor.py:840} INFO - DAG(s) 'dsde_webcheck' retrieved from /Users/inwpuun/project/final_data_proj/airflow/dags/CheckWebRunning.py
[2024-05-06T20:18:44.456+0700] {logging_mixin.py:188} INFO - [2024-05-06T20:18:44.456+0700] {dag.py:3096} INFO - Sync 1 DAGs
[2024-05-06T20:18:44.467+0700] {logging_mixin.py:188} INFO - [2024-05-06T20:18:44.466+0700] {dag.py:3954} INFO - Setting next_dagrun for dsde_webcheck to 2024-05-06 00:00:00+00:00, run_after=2024-05-07 00:00:00+00:00
[2024-05-06T20:18:44.480+0700] {processor.py:183} INFO - Processing /Users/inwpuun/project/final_data_proj/airflow/dags/CheckWebRunning.py took 0.122 seconds
[2024-05-06T20:20:12.468+0700] {processor.py:161} INFO - Started process (PID=3351) to work on /Users/inwpuun/project/final_data_proj/airflow/dags/CheckWebRunning.py
[2024-05-06T20:20:12.469+0700] {processor.py:830} INFO - Processing file /Users/inwpuun/project/final_data_proj/airflow/dags/CheckWebRunning.py for tasks to queue
[2024-05-06T20:20:12.469+0700] {logging_mixin.py:188} INFO - [2024-05-06T20:20:12.469+0700] {dagbag.py:540} INFO - Filling up the DagBag from /Users/inwpuun/project/final_data_proj/airflow/dags/CheckWebRunning.py
[2024-05-06T20:20:12.474+0700] {processor.py:840} INFO - DAG(s) 'dsde_webcheck' retrieved from /Users/inwpuun/project/final_data_proj/airflow/dags/CheckWebRunning.py
[2024-05-06T20:20:12.557+0700] {logging_mixin.py:188} INFO - [2024-05-06T20:20:12.556+0700] {dag.py:3096} INFO - Sync 1 DAGs
[2024-05-06T20:20:12.566+0700] {logging_mixin.py:188} INFO - [2024-05-06T20:20:12.566+0700] {dag.py:3954} INFO - Setting next_dagrun for dsde_webcheck to 2024-05-06 00:00:00+00:00, run_after=2024-05-07 00:00:00+00:00
[2024-05-06T20:20:12.577+0700] {processor.py:183} INFO - Processing /Users/inwpuun/project/final_data_proj/airflow/dags/CheckWebRunning.py took 0.111 seconds
[2024-05-06T20:21:36.422+0700] {processor.py:161} INFO - Started process (PID=3792) to work on /Users/inwpuun/project/final_data_proj/airflow/dags/CheckWebRunning.py
[2024-05-06T20:21:36.423+0700] {processor.py:830} INFO - Processing file /Users/inwpuun/project/final_data_proj/airflow/dags/CheckWebRunning.py for tasks to queue
[2024-05-06T20:21:36.423+0700] {logging_mixin.py:188} INFO - [2024-05-06T20:21:36.423+0700] {dagbag.py:540} INFO - Filling up the DagBag from /Users/inwpuun/project/final_data_proj/airflow/dags/CheckWebRunning.py
[2024-05-06T20:21:36.429+0700] {processor.py:840} INFO - DAG(s) 'dsde_webcheck' retrieved from /Users/inwpuun/project/final_data_proj/airflow/dags/CheckWebRunning.py
[2024-05-06T20:21:36.514+0700] {logging_mixin.py:188} INFO - [2024-05-06T20:21:36.513+0700] {dag.py:3096} INFO - Sync 1 DAGs
[2024-05-06T20:21:36.526+0700] {logging_mixin.py:188} INFO - [2024-05-06T20:21:36.526+0700] {dag.py:3954} INFO - Setting next_dagrun for dsde_webcheck to 2024-05-06 00:00:00+00:00, run_after=2024-05-07 00:00:00+00:00
[2024-05-06T20:21:36.540+0700] {processor.py:183} INFO - Processing /Users/inwpuun/project/final_data_proj/airflow/dags/CheckWebRunning.py took 0.120 seconds
[2024-05-06T20:23:00.786+0700] {processor.py:161} INFO - Started process (PID=4239) to work on /Users/inwpuun/project/final_data_proj/airflow/dags/CheckWebRunning.py
[2024-05-06T20:23:00.787+0700] {processor.py:830} INFO - Processing file /Users/inwpuun/project/final_data_proj/airflow/dags/CheckWebRunning.py for tasks to queue
[2024-05-06T20:23:00.787+0700] {logging_mixin.py:188} INFO - [2024-05-06T20:23:00.787+0700] {dagbag.py:540} INFO - Filling up the DagBag from /Users/inwpuun/project/final_data_proj/airflow/dags/CheckWebRunning.py
[2024-05-06T20:23:00.812+0700] {processor.py:840} INFO - DAG(s) 'dsde_webcheck' retrieved from /Users/inwpuun/project/final_data_proj/airflow/dags/CheckWebRunning.py
[2024-05-06T20:23:00.911+0700] {logging_mixin.py:188} INFO - [2024-05-06T20:23:00.910+0700] {dag.py:3096} INFO - Sync 1 DAGs
[2024-05-06T20:23:00.921+0700] {logging_mixin.py:188} INFO - [2024-05-06T20:23:00.921+0700] {dag.py:3954} INFO - Setting next_dagrun for dsde_webcheck to 2024-05-06 00:00:00+00:00, run_after=2024-05-07 00:00:00+00:00
[2024-05-06T20:23:00.933+0700] {processor.py:183} INFO - Processing /Users/inwpuun/project/final_data_proj/airflow/dags/CheckWebRunning.py took 0.161 seconds
[2024-05-06T20:24:28.916+0700] {processor.py:161} INFO - Started process (PID=4687) to work on /Users/inwpuun/project/final_data_proj/airflow/dags/CheckWebRunning.py
[2024-05-06T20:24:28.917+0700] {processor.py:830} INFO - Processing file /Users/inwpuun/project/final_data_proj/airflow/dags/CheckWebRunning.py for tasks to queue
[2024-05-06T20:24:28.918+0700] {logging_mixin.py:188} INFO - [2024-05-06T20:24:28.918+0700] {dagbag.py:540} INFO - Filling up the DagBag from /Users/inwpuun/project/final_data_proj/airflow/dags/CheckWebRunning.py
[2024-05-06T20:24:28.922+0700] {processor.py:840} INFO - DAG(s) 'dsde_webcheck' retrieved from /Users/inwpuun/project/final_data_proj/airflow/dags/CheckWebRunning.py
[2024-05-06T20:24:28.986+0700] {logging_mixin.py:188} INFO - [2024-05-06T20:24:28.986+0700] {dag.py:3096} INFO - Sync 1 DAGs
[2024-05-06T20:24:28.996+0700] {logging_mixin.py:188} INFO - [2024-05-06T20:24:28.996+0700] {dag.py:3954} INFO - Setting next_dagrun for dsde_webcheck to 2024-05-06 00:00:00+00:00, run_after=2024-05-07 00:00:00+00:00
[2024-05-06T20:24:29.006+0700] {processor.py:183} INFO - Processing /Users/inwpuun/project/final_data_proj/airflow/dags/CheckWebRunning.py took 0.091 seconds
[2024-05-06T20:25:54.572+0700] {processor.py:161} INFO - Started process (PID=5078) to work on /Users/inwpuun/project/final_data_proj/airflow/dags/CheckWebRunning.py
[2024-05-06T20:25:54.573+0700] {processor.py:830} INFO - Processing file /Users/inwpuun/project/final_data_proj/airflow/dags/CheckWebRunning.py for tasks to queue
[2024-05-06T20:25:54.573+0700] {logging_mixin.py:188} INFO - [2024-05-06T20:25:54.573+0700] {dagbag.py:540} INFO - Filling up the DagBag from /Users/inwpuun/project/final_data_proj/airflow/dags/CheckWebRunning.py
[2024-05-06T20:25:54.578+0700] {processor.py:840} INFO - DAG(s) 'dsde_webcheck' retrieved from /Users/inwpuun/project/final_data_proj/airflow/dags/CheckWebRunning.py
[2024-05-06T20:25:54.642+0700] {logging_mixin.py:188} INFO - [2024-05-06T20:25:54.642+0700] {dag.py:3096} INFO - Sync 1 DAGs
[2024-05-06T20:25:54.651+0700] {logging_mixin.py:188} INFO - [2024-05-06T20:25:54.651+0700] {dag.py:3954} INFO - Setting next_dagrun for dsde_webcheck to 2024-05-06 00:00:00+00:00, run_after=2024-05-07 00:00:00+00:00
[2024-05-06T20:25:54.661+0700] {processor.py:183} INFO - Processing /Users/inwpuun/project/final_data_proj/airflow/dags/CheckWebRunning.py took 0.093 seconds
[2024-05-06T20:27:14.902+0700] {processor.py:161} INFO - Started process (PID=5521) to work on /Users/inwpuun/project/final_data_proj/airflow/dags/CheckWebRunning.py
[2024-05-06T20:27:14.903+0700] {processor.py:830} INFO - Processing file /Users/inwpuun/project/final_data_proj/airflow/dags/CheckWebRunning.py for tasks to queue
[2024-05-06T20:27:14.903+0700] {logging_mixin.py:188} INFO - [2024-05-06T20:27:14.903+0700] {dagbag.py:540} INFO - Filling up the DagBag from /Users/inwpuun/project/final_data_proj/airflow/dags/CheckWebRunning.py
[2024-05-06T20:27:14.908+0700] {processor.py:840} INFO - DAG(s) 'dsde_webcheck' retrieved from /Users/inwpuun/project/final_data_proj/airflow/dags/CheckWebRunning.py
[2024-05-06T20:27:14.973+0700] {logging_mixin.py:188} INFO - [2024-05-06T20:27:14.972+0700] {dag.py:3096} INFO - Sync 1 DAGs
[2024-05-06T20:27:14.983+0700] {logging_mixin.py:188} INFO - [2024-05-06T20:27:14.983+0700] {dag.py:3954} INFO - Setting next_dagrun for dsde_webcheck to 2024-05-06 00:00:00+00:00, run_after=2024-05-07 00:00:00+00:00
[2024-05-06T20:27:14.995+0700] {processor.py:183} INFO - Processing /Users/inwpuun/project/final_data_proj/airflow/dags/CheckWebRunning.py took 0.096 seconds
[2024-05-06T20:27:51.591+0700] {processor.py:161} INFO - Started process (PID=5706) to work on /Users/inwpuun/project/final_data_proj/airflow/dags/CheckWebRunning.py
[2024-05-06T20:27:51.593+0700] {processor.py:830} INFO - Processing file /Users/inwpuun/project/final_data_proj/airflow/dags/CheckWebRunning.py for tasks to queue
[2024-05-06T20:27:51.594+0700] {logging_mixin.py:188} INFO - [2024-05-06T20:27:51.593+0700] {dagbag.py:540} INFO - Filling up the DagBag from /Users/inwpuun/project/final_data_proj/airflow/dags/CheckWebRunning.py
[2024-05-06T20:27:51.598+0700] {processor.py:840} INFO - DAG(s) 'dsde_webcheck' retrieved from /Users/inwpuun/project/final_data_proj/airflow/dags/CheckWebRunning.py
[2024-05-06T20:27:51.612+0700] {logging_mixin.py:188} INFO - [2024-05-06T20:27:51.612+0700] {dag.py:3096} INFO - Sync 1 DAGs
[2024-05-06T20:27:51.665+0700] {logging_mixin.py:188} INFO - [2024-05-06T20:27:51.664+0700] {dag.py:3954} INFO - Setting next_dagrun for dsde_webcheck to 2024-05-06 00:00:00+00:00, run_after=2024-05-07 00:00:00+00:00
[2024-05-06T20:27:51.674+0700] {processor.py:183} INFO - Processing /Users/inwpuun/project/final_data_proj/airflow/dags/CheckWebRunning.py took 0.085 seconds
[2024-05-06T20:28:44.683+0700] {processor.py:161} INFO - Started process (PID=5975) to work on /Users/inwpuun/project/final_data_proj/airflow/dags/CheckWebRunning.py
[2024-05-06T20:28:44.690+0700] {processor.py:830} INFO - Processing file /Users/inwpuun/project/final_data_proj/airflow/dags/CheckWebRunning.py for tasks to queue
[2024-05-06T20:28:44.690+0700] {logging_mixin.py:188} INFO - [2024-05-06T20:28:44.690+0700] {dagbag.py:540} INFO - Filling up the DagBag from /Users/inwpuun/project/final_data_proj/airflow/dags/CheckWebRunning.py
[2024-05-06T20:28:44.698+0700] {processor.py:840} INFO - DAG(s) 'dsde_webcheck' retrieved from /Users/inwpuun/project/final_data_proj/airflow/dags/CheckWebRunning.py
[2024-05-06T20:28:44.713+0700] {logging_mixin.py:188} INFO - [2024-05-06T20:28:44.713+0700] {dag.py:3096} INFO - Sync 1 DAGs
[2024-05-06T20:28:44.784+0700] {logging_mixin.py:188} INFO - [2024-05-06T20:28:44.784+0700] {dag.py:3954} INFO - Setting next_dagrun for dsde_webcheck to 2024-05-06 00:00:00+00:00, run_after=2024-05-07 00:00:00+00:00
[2024-05-06T20:28:44.795+0700] {processor.py:183} INFO - Processing /Users/inwpuun/project/final_data_proj/airflow/dags/CheckWebRunning.py took 0.117 seconds
[2024-05-06T20:29:27.688+0700] {processor.py:161} INFO - Started process (PID=6218) to work on /Users/inwpuun/project/final_data_proj/airflow/dags/CheckWebRunning.py
[2024-05-06T20:29:27.689+0700] {processor.py:830} INFO - Processing file /Users/inwpuun/project/final_data_proj/airflow/dags/CheckWebRunning.py for tasks to queue
[2024-05-06T20:29:27.690+0700] {logging_mixin.py:188} INFO - [2024-05-06T20:29:27.689+0700] {dagbag.py:540} INFO - Filling up the DagBag from /Users/inwpuun/project/final_data_proj/airflow/dags/CheckWebRunning.py
[2024-05-06T20:29:27.694+0700] {processor.py:840} INFO - DAG(s) 'dsde_webcheck' retrieved from /Users/inwpuun/project/final_data_proj/airflow/dags/CheckWebRunning.py
[2024-05-06T20:29:27.708+0700] {logging_mixin.py:188} INFO - [2024-05-06T20:29:27.708+0700] {dag.py:3096} INFO - Sync 1 DAGs
[2024-05-06T20:29:27.760+0700] {logging_mixin.py:188} INFO - [2024-05-06T20:29:27.760+0700] {dag.py:3954} INFO - Setting next_dagrun for dsde_webcheck to 2024-05-06 00:00:00+00:00, run_after=2024-05-07 00:00:00+00:00
[2024-05-06T20:29:27.770+0700] {processor.py:183} INFO - Processing /Users/inwpuun/project/final_data_proj/airflow/dags/CheckWebRunning.py took 0.083 seconds
[2024-05-06T20:31:27.171+0700] {processor.py:161} INFO - Started process (PID=6857) to work on /Users/inwpuun/project/final_data_proj/airflow/dags/CheckWebRunning.py
[2024-05-06T20:31:27.172+0700] {processor.py:830} INFO - Processing file /Users/inwpuun/project/final_data_proj/airflow/dags/CheckWebRunning.py for tasks to queue
[2024-05-06T20:31:27.172+0700] {logging_mixin.py:188} INFO - [2024-05-06T20:31:27.172+0700] {dagbag.py:540} INFO - Filling up the DagBag from /Users/inwpuun/project/final_data_proj/airflow/dags/CheckWebRunning.py
[2024-05-06T20:31:27.177+0700] {processor.py:840} INFO - DAG(s) 'dsde_webcheck' retrieved from /Users/inwpuun/project/final_data_proj/airflow/dags/CheckWebRunning.py
[2024-05-06T20:31:27.328+0700] {logging_mixin.py:188} INFO - [2024-05-06T20:31:27.328+0700] {dag.py:3096} INFO - Sync 1 DAGs
[2024-05-06T20:31:27.337+0700] {logging_mixin.py:188} INFO - [2024-05-06T20:31:27.337+0700] {dag.py:3954} INFO - Setting next_dagrun for dsde_webcheck to 2024-05-06 00:00:00+00:00, run_after=2024-05-07 00:00:00+00:00
[2024-05-06T20:31:27.347+0700] {processor.py:183} INFO - Processing /Users/inwpuun/project/final_data_proj/airflow/dags/CheckWebRunning.py took 0.179 seconds
[2024-05-06T20:32:21.384+0700] {processor.py:161} INFO - Started process (PID=7159) to work on /Users/inwpuun/project/final_data_proj/airflow/dags/CheckWebRunning.py
[2024-05-06T20:32:21.385+0700] {processor.py:830} INFO - Processing file /Users/inwpuun/project/final_data_proj/airflow/dags/CheckWebRunning.py for tasks to queue
[2024-05-06T20:32:21.386+0700] {logging_mixin.py:188} INFO - [2024-05-06T20:32:21.386+0700] {dagbag.py:540} INFO - Filling up the DagBag from /Users/inwpuun/project/final_data_proj/airflow/dags/CheckWebRunning.py
[2024-05-06T20:32:21.391+0700] {processor.py:840} INFO - DAG(s) 'dsde_webcheck' retrieved from /Users/inwpuun/project/final_data_proj/airflow/dags/CheckWebRunning.py
[2024-05-06T20:32:21.410+0700] {logging_mixin.py:188} INFO - [2024-05-06T20:32:21.409+0700] {dag.py:3096} INFO - Sync 1 DAGs
[2024-05-06T20:32:21.469+0700] {logging_mixin.py:188} INFO - [2024-05-06T20:32:21.469+0700] {dag.py:3954} INFO - Setting next_dagrun for dsde_webcheck to 2024-05-06 00:00:00+00:00, run_after=2024-05-07 00:00:00+00:00
[2024-05-06T20:32:21.480+0700] {processor.py:183} INFO - Processing /Users/inwpuun/project/final_data_proj/airflow/dags/CheckWebRunning.py took 0.098 seconds
[2024-05-06T20:34:27.400+0700] {processor.py:161} INFO - Started process (PID=7823) to work on /Users/inwpuun/project/final_data_proj/airflow/dags/CheckWebRunning.py
[2024-05-06T20:34:27.402+0700] {processor.py:830} INFO - Processing file /Users/inwpuun/project/final_data_proj/airflow/dags/CheckWebRunning.py for tasks to queue
[2024-05-06T20:34:27.402+0700] {logging_mixin.py:188} INFO - [2024-05-06T20:34:27.402+0700] {dagbag.py:540} INFO - Filling up the DagBag from /Users/inwpuun/project/final_data_proj/airflow/dags/CheckWebRunning.py
[2024-05-06T20:34:27.407+0700] {processor.py:840} INFO - DAG(s) 'dsde_webcheck' retrieved from /Users/inwpuun/project/final_data_proj/airflow/dags/CheckWebRunning.py
[2024-05-06T20:34:27.422+0700] {logging_mixin.py:188} INFO - [2024-05-06T20:34:27.422+0700] {dag.py:3096} INFO - Sync 1 DAGs
[2024-05-06T20:34:27.473+0700] {logging_mixin.py:188} INFO - [2024-05-06T20:34:27.473+0700] {dag.py:3954} INFO - Setting next_dagrun for dsde_webcheck to 2024-05-06 00:00:00+00:00, run_after=2024-05-07 00:00:00+00:00
[2024-05-06T20:34:27.483+0700] {processor.py:183} INFO - Processing /Users/inwpuun/project/final_data_proj/airflow/dags/CheckWebRunning.py took 0.085 seconds
