[2024-05-07 20:26:27,957] {taskinstance.py:1159} INFO - Dependencies all met for <TaskInstance: research_scraper.research_scraper manual__2024-05-07T20:21:24.806642+00:00 [queued]>
[2024-05-07 20:26:27,967] {taskinstance.py:1159} INFO - Dependencies all met for <TaskInstance: research_scraper.research_scraper manual__2024-05-07T20:21:24.806642+00:00 [queued]>
[2024-05-07 20:26:27,968] {taskinstance.py:1356} INFO - 
--------------------------------------------------------------------------------
[2024-05-07 20:26:27,968] {taskinstance.py:1357} INFO - Starting attempt 2 of 2
[2024-05-07 20:26:27,968] {taskinstance.py:1358} INFO - 
--------------------------------------------------------------------------------
[2024-05-07 20:26:27,988] {taskinstance.py:1377} INFO - Executing <Task(PythonOperator): research_scraper> on 2024-05-07 20:21:24.806642+00:00
[2024-05-07 20:26:27,996] {standard_task_runner.py:52} INFO - Started process 1889 to run task
[2024-05-07 20:26:28,000] {standard_task_runner.py:79} INFO - Running: ['***', 'tasks', 'run', 'research_scraper', 'research_scraper', 'manual__2024-05-07T20:21:24.806642+00:00', '--job-id', '211', '--raw', '--subdir', 'DAGS_FOLDER/ResearchScraper.py', '--cfg-path', '/tmp/tmpz49_llf9', '--error-file', '/tmp/tmp1bj11jei']
[2024-05-07 20:26:28,001] {standard_task_runner.py:80} INFO - Job 211: Subtask research_scraper
[2024-05-07 20:26:28,072] {task_command.py:369} INFO - Running <TaskInstance: research_scraper.research_scraper manual__2024-05-07T20:21:24.806642+00:00 [running]> on host 5881f5798927
[2024-05-07 20:26:28,159] {taskinstance.py:1571} INFO - Exporting the following env vars:
AIRFLOW_CTX_DAG_OWNER=***
AIRFLOW_CTX_DAG_ID=research_scraper
AIRFLOW_CTX_TASK_ID=research_scraper
AIRFLOW_CTX_EXECUTION_DATE=2024-05-07T20:21:24.806642+00:00
AIRFLOW_CTX_TRY_NUMBER=2
AIRFLOW_CTX_DAG_RUN_ID=manual__2024-05-07T20:21:24.806642+00:00
[2024-05-07 20:26:28,162] {conn.py:381} INFO - <BrokerConnection node_id=bootstrap-0 host=kafka:9092 <connecting> [IPv4 ('192.168.228.5', 9092)]>: connecting to kafka:9092 [('192.168.228.5', 9092) IPv4]
[2024-05-07 20:26:28,163] {conn.py:1205} INFO - Probing node bootstrap-0 broker version
[2024-05-07 20:26:28,163] {conn.py:410} INFO - <BrokerConnection node_id=bootstrap-0 host=kafka:9092 <connecting> [IPv4 ('192.168.228.5', 9092)]>: Connection complete.
[2024-05-07 20:26:28,270] {conn.py:1267} INFO - Broker version identified as 2.5.0
[2024-05-07 20:26:28,271] {conn.py:1269} INFO - Set configuration api_version=(2, 5, 0) to skip auto check_version requests on startup
[2024-05-07 20:26:28,273] {logging_mixin.py:115} INFO - ['2']
[2024-05-07 20:26:28,274] {taskinstance.py:1889} ERROR - Task failed with exception
Traceback (most recent call last):
  File "/home/airflow/.local/lib/python3.7/site-packages/airflow/operators/python.py", line 171, in execute
    return_value = self.execute_callable()
  File "/home/airflow/.local/lib/python3.7/site-packages/airflow/operators/python.py", line 189, in execute_callable
    return self.python_callable(*self.op_args, **self.op_kwargs)
  File "/opt/airflow/dags/ResearchScraper.py", line 30, in call_scopus
    get_scopus_data()
  File "/opt/airflow/dags/scopus.py", line 64, in get_scopus_data
    start_pointer = read_start_pointer()
  File "/opt/airflow/dags/scopus.py", line 36, in read_start_pointer
    result[f'{row[0].strip()}{row[1].strip()}']= int(row[2].strip())
IndexError: list index out of range
[2024-05-07 20:26:28,286] {taskinstance.py:1400} INFO - Marking task as FAILED. dag_id=research_scraper, task_id=research_scraper, execution_date=20240507T202124, start_date=20240507T202627, end_date=20240507T202628
[2024-05-07 20:26:28,296] {standard_task_runner.py:97} ERROR - Failed to execute job 211 for task research_scraper (list index out of range; 1889)
[2024-05-07 20:26:28,307] {local_task_job.py:156} INFO - Task exited with return code 1
[2024-05-07 20:26:28,362] {local_task_job.py:273} INFO - 0 downstream tasks scheduled from follow-on schedule check
