[2024-05-06T07:13:08.192+0700] {processor.py:161} INFO - Started process (PID=72295) to work on /Library/Frameworks/Python.framework/Versions/3.10/lib/python3.10/site-packages/airflow/example_dags/example_xcom.py
[2024-05-06T07:13:08.192+0700] {processor.py:830} INFO - Processing file /Library/Frameworks/Python.framework/Versions/3.10/lib/python3.10/site-packages/airflow/example_dags/example_xcom.py for tasks to queue
[2024-05-06T07:13:08.193+0700] {logging_mixin.py:188} INFO - [2024-05-06T07:13:08.193+0700] {dagbag.py:540} INFO - Filling up the DagBag from /Library/Frameworks/Python.framework/Versions/3.10/lib/python3.10/site-packages/airflow/example_dags/example_xcom.py
[2024-05-06T07:13:08.223+0700] {processor.py:840} INFO - DAG(s) 'example_xcom' retrieved from /Library/Frameworks/Python.framework/Versions/3.10/lib/python3.10/site-packages/airflow/example_dags/example_xcom.py
[2024-05-06T07:13:08.342+0700] {logging_mixin.py:188} INFO - [2024-05-06T07:13:08.341+0700] {dag.py:3096} INFO - Sync 1 DAGs
[2024-05-06T07:13:08.360+0700] {logging_mixin.py:188} INFO - [2024-05-06T07:13:08.360+0700] {dag.py:3954} INFO - Setting next_dagrun for example_xcom to 2021-01-01 00:00:00+00:00, run_after=2021-01-01 00:00:00+00:00
[2024-05-06T07:13:08.384+0700] {processor.py:183} INFO - Processing /Library/Frameworks/Python.framework/Versions/3.10/lib/python3.10/site-packages/airflow/example_dags/example_xcom.py took 0.194 seconds
[2024-05-06T07:32:32.738+0700] {processor.py:161} INFO - Started process (PID=72814) to work on /Library/Frameworks/Python.framework/Versions/3.10/lib/python3.10/site-packages/airflow/example_dags/example_xcom.py
[2024-05-06T07:32:32.738+0700] {processor.py:830} INFO - Processing file /Library/Frameworks/Python.framework/Versions/3.10/lib/python3.10/site-packages/airflow/example_dags/example_xcom.py for tasks to queue
[2024-05-06T07:32:32.739+0700] {logging_mixin.py:188} INFO - [2024-05-06T07:32:32.739+0700] {dagbag.py:540} INFO - Filling up the DagBag from /Library/Frameworks/Python.framework/Versions/3.10/lib/python3.10/site-packages/airflow/example_dags/example_xcom.py
[2024-05-06T07:32:32.760+0700] {processor.py:840} INFO - DAG(s) 'example_xcom' retrieved from /Library/Frameworks/Python.framework/Versions/3.10/lib/python3.10/site-packages/airflow/example_dags/example_xcom.py
[2024-05-06T07:32:32.853+0700] {logging_mixin.py:188} INFO - [2024-05-06T07:32:32.852+0700] {dag.py:3096} INFO - Sync 1 DAGs
[2024-05-06T07:32:32.862+0700] {logging_mixin.py:188} INFO - [2024-05-06T07:32:32.862+0700] {dag.py:3954} INFO - Setting next_dagrun for example_xcom to 2021-01-01 00:00:00+00:00, run_after=2021-01-01 00:00:00+00:00
[2024-05-06T07:32:32.872+0700] {processor.py:183} INFO - Processing /Library/Frameworks/Python.framework/Versions/3.10/lib/python3.10/site-packages/airflow/example_dags/example_xcom.py took 0.136 seconds
[2024-05-06T07:33:49.460+0700] {processor.py:161} INFO - Started process (PID=73231) to work on /Library/Frameworks/Python.framework/Versions/3.10/lib/python3.10/site-packages/airflow/example_dags/example_xcom.py
[2024-05-06T07:33:49.460+0700] {processor.py:830} INFO - Processing file /Library/Frameworks/Python.framework/Versions/3.10/lib/python3.10/site-packages/airflow/example_dags/example_xcom.py for tasks to queue
[2024-05-06T07:33:49.461+0700] {logging_mixin.py:188} INFO - [2024-05-06T07:33:49.461+0700] {dagbag.py:540} INFO - Filling up the DagBag from /Library/Frameworks/Python.framework/Versions/3.10/lib/python3.10/site-packages/airflow/example_dags/example_xcom.py
[2024-05-06T07:33:49.483+0700] {processor.py:840} INFO - DAG(s) 'example_xcom' retrieved from /Library/Frameworks/Python.framework/Versions/3.10/lib/python3.10/site-packages/airflow/example_dags/example_xcom.py
[2024-05-06T07:33:49.579+0700] {logging_mixin.py:188} INFO - [2024-05-06T07:33:49.579+0700] {dag.py:3096} INFO - Sync 1 DAGs
[2024-05-06T07:33:49.589+0700] {logging_mixin.py:188} INFO - [2024-05-06T07:33:49.588+0700] {dag.py:3954} INFO - Setting next_dagrun for example_xcom to 2021-01-01 00:00:00+00:00, run_after=2021-01-01 00:00:00+00:00
[2024-05-06T07:33:49.600+0700] {processor.py:183} INFO - Processing /Library/Frameworks/Python.framework/Versions/3.10/lib/python3.10/site-packages/airflow/example_dags/example_xcom.py took 0.142 seconds
[2024-05-06T07:35:05.347+0700] {processor.py:161} INFO - Started process (PID=73618) to work on /Library/Frameworks/Python.framework/Versions/3.10/lib/python3.10/site-packages/airflow/example_dags/example_xcom.py
[2024-05-06T07:35:05.351+0700] {processor.py:830} INFO - Processing file /Library/Frameworks/Python.framework/Versions/3.10/lib/python3.10/site-packages/airflow/example_dags/example_xcom.py for tasks to queue
[2024-05-06T07:35:05.351+0700] {logging_mixin.py:188} INFO - [2024-05-06T07:35:05.351+0700] {dagbag.py:540} INFO - Filling up the DagBag from /Library/Frameworks/Python.framework/Versions/3.10/lib/python3.10/site-packages/airflow/example_dags/example_xcom.py
[2024-05-06T07:35:05.374+0700] {processor.py:840} INFO - DAG(s) 'example_xcom' retrieved from /Library/Frameworks/Python.framework/Versions/3.10/lib/python3.10/site-packages/airflow/example_dags/example_xcom.py
[2024-05-06T07:35:05.466+0700] {logging_mixin.py:188} INFO - [2024-05-06T07:35:05.465+0700] {dag.py:3096} INFO - Sync 1 DAGs
[2024-05-06T07:35:05.475+0700] {logging_mixin.py:188} INFO - [2024-05-06T07:35:05.475+0700] {dag.py:3954} INFO - Setting next_dagrun for example_xcom to 2021-01-01 00:00:00+00:00, run_after=2021-01-01 00:00:00+00:00
[2024-05-06T07:35:05.485+0700] {processor.py:183} INFO - Processing /Library/Frameworks/Python.framework/Versions/3.10/lib/python3.10/site-packages/airflow/example_dags/example_xcom.py took 0.139 seconds
[2024-05-06T07:36:22.275+0700] {processor.py:161} INFO - Started process (PID=73964) to work on /Library/Frameworks/Python.framework/Versions/3.10/lib/python3.10/site-packages/airflow/example_dags/example_xcom.py
[2024-05-06T07:36:22.276+0700] {processor.py:830} INFO - Processing file /Library/Frameworks/Python.framework/Versions/3.10/lib/python3.10/site-packages/airflow/example_dags/example_xcom.py for tasks to queue
[2024-05-06T07:36:22.277+0700] {logging_mixin.py:188} INFO - [2024-05-06T07:36:22.277+0700] {dagbag.py:540} INFO - Filling up the DagBag from /Library/Frameworks/Python.framework/Versions/3.10/lib/python3.10/site-packages/airflow/example_dags/example_xcom.py
[2024-05-06T07:36:22.299+0700] {processor.py:840} INFO - DAG(s) 'example_xcom' retrieved from /Library/Frameworks/Python.framework/Versions/3.10/lib/python3.10/site-packages/airflow/example_dags/example_xcom.py
[2024-05-06T07:36:22.392+0700] {logging_mixin.py:188} INFO - [2024-05-06T07:36:22.391+0700] {dag.py:3096} INFO - Sync 1 DAGs
[2024-05-06T07:36:22.401+0700] {logging_mixin.py:188} INFO - [2024-05-06T07:36:22.401+0700] {dag.py:3954} INFO - Setting next_dagrun for example_xcom to 2021-01-01 00:00:00+00:00, run_after=2021-01-01 00:00:00+00:00
[2024-05-06T07:36:22.411+0700] {processor.py:183} INFO - Processing /Library/Frameworks/Python.framework/Versions/3.10/lib/python3.10/site-packages/airflow/example_dags/example_xcom.py took 0.138 seconds
[2024-05-06T07:37:40.199+0700] {processor.py:161} INFO - Started process (PID=74326) to work on /Library/Frameworks/Python.framework/Versions/3.10/lib/python3.10/site-packages/airflow/example_dags/example_xcom.py
[2024-05-06T07:37:40.199+0700] {processor.py:830} INFO - Processing file /Library/Frameworks/Python.framework/Versions/3.10/lib/python3.10/site-packages/airflow/example_dags/example_xcom.py for tasks to queue
[2024-05-06T07:37:40.200+0700] {logging_mixin.py:188} INFO - [2024-05-06T07:37:40.200+0700] {dagbag.py:540} INFO - Filling up the DagBag from /Library/Frameworks/Python.framework/Versions/3.10/lib/python3.10/site-packages/airflow/example_dags/example_xcom.py
[2024-05-06T07:37:40.222+0700] {processor.py:840} INFO - DAG(s) 'example_xcom' retrieved from /Library/Frameworks/Python.framework/Versions/3.10/lib/python3.10/site-packages/airflow/example_dags/example_xcom.py
[2024-05-06T07:37:40.314+0700] {logging_mixin.py:188} INFO - [2024-05-06T07:37:40.314+0700] {dag.py:3096} INFO - Sync 1 DAGs
[2024-05-06T07:37:40.324+0700] {logging_mixin.py:188} INFO - [2024-05-06T07:37:40.324+0700] {dag.py:3954} INFO - Setting next_dagrun for example_xcom to 2021-01-01 00:00:00+00:00, run_after=2021-01-01 00:00:00+00:00
[2024-05-06T07:37:40.335+0700] {processor.py:183} INFO - Processing /Library/Frameworks/Python.framework/Versions/3.10/lib/python3.10/site-packages/airflow/example_dags/example_xcom.py took 0.138 seconds
[2024-05-06T07:38:56.403+0700] {processor.py:161} INFO - Started process (PID=74668) to work on /Library/Frameworks/Python.framework/Versions/3.10/lib/python3.10/site-packages/airflow/example_dags/example_xcom.py
[2024-05-06T07:38:56.405+0700] {processor.py:830} INFO - Processing file /Library/Frameworks/Python.framework/Versions/3.10/lib/python3.10/site-packages/airflow/example_dags/example_xcom.py for tasks to queue
[2024-05-06T07:38:56.406+0700] {logging_mixin.py:188} INFO - [2024-05-06T07:38:56.406+0700] {dagbag.py:540} INFO - Filling up the DagBag from /Library/Frameworks/Python.framework/Versions/3.10/lib/python3.10/site-packages/airflow/example_dags/example_xcom.py
[2024-05-06T07:38:56.428+0700] {processor.py:840} INFO - DAG(s) 'example_xcom' retrieved from /Library/Frameworks/Python.framework/Versions/3.10/lib/python3.10/site-packages/airflow/example_dags/example_xcom.py
[2024-05-06T07:38:56.519+0700] {logging_mixin.py:188} INFO - [2024-05-06T07:38:56.519+0700] {dag.py:3096} INFO - Sync 1 DAGs
[2024-05-06T07:38:56.528+0700] {logging_mixin.py:188} INFO - [2024-05-06T07:38:56.528+0700] {dag.py:3954} INFO - Setting next_dagrun for example_xcom to 2021-01-01 00:00:00+00:00, run_after=2021-01-01 00:00:00+00:00
[2024-05-06T07:38:56.539+0700] {processor.py:183} INFO - Processing /Library/Frameworks/Python.framework/Versions/3.10/lib/python3.10/site-packages/airflow/example_dags/example_xcom.py took 0.137 seconds
[2024-05-06T07:40:14.227+0700] {processor.py:161} INFO - Started process (PID=75031) to work on /Library/Frameworks/Python.framework/Versions/3.10/lib/python3.10/site-packages/airflow/example_dags/example_xcom.py
[2024-05-06T07:40:14.227+0700] {processor.py:830} INFO - Processing file /Library/Frameworks/Python.framework/Versions/3.10/lib/python3.10/site-packages/airflow/example_dags/example_xcom.py for tasks to queue
[2024-05-06T07:40:14.228+0700] {logging_mixin.py:188} INFO - [2024-05-06T07:40:14.228+0700] {dagbag.py:540} INFO - Filling up the DagBag from /Library/Frameworks/Python.framework/Versions/3.10/lib/python3.10/site-packages/airflow/example_dags/example_xcom.py
[2024-05-06T07:40:14.250+0700] {processor.py:840} INFO - DAG(s) 'example_xcom' retrieved from /Library/Frameworks/Python.framework/Versions/3.10/lib/python3.10/site-packages/airflow/example_dags/example_xcom.py
[2024-05-06T07:40:14.347+0700] {logging_mixin.py:188} INFO - [2024-05-06T07:40:14.347+0700] {dag.py:3096} INFO - Sync 1 DAGs
[2024-05-06T07:40:14.357+0700] {logging_mixin.py:188} INFO - [2024-05-06T07:40:14.357+0700] {dag.py:3954} INFO - Setting next_dagrun for example_xcom to 2021-01-01 00:00:00+00:00, run_after=2021-01-01 00:00:00+00:00
[2024-05-06T07:40:14.368+0700] {processor.py:183} INFO - Processing /Library/Frameworks/Python.framework/Versions/3.10/lib/python3.10/site-packages/airflow/example_dags/example_xcom.py took 0.143 seconds
[2024-05-06T07:58:00.922+0700] {processor.py:161} INFO - Started process (PID=75404) to work on /Library/Frameworks/Python.framework/Versions/3.10/lib/python3.10/site-packages/airflow/example_dags/example_xcom.py
[2024-05-06T07:58:00.923+0700] {processor.py:830} INFO - Processing file /Library/Frameworks/Python.framework/Versions/3.10/lib/python3.10/site-packages/airflow/example_dags/example_xcom.py for tasks to queue
[2024-05-06T07:58:00.923+0700] {logging_mixin.py:188} INFO - [2024-05-06T07:58:00.923+0700] {dagbag.py:540} INFO - Filling up the DagBag from /Library/Frameworks/Python.framework/Versions/3.10/lib/python3.10/site-packages/airflow/example_dags/example_xcom.py
[2024-05-06T07:58:00.945+0700] {processor.py:840} INFO - DAG(s) 'example_xcom' retrieved from /Library/Frameworks/Python.framework/Versions/3.10/lib/python3.10/site-packages/airflow/example_dags/example_xcom.py
[2024-05-06T07:58:01.039+0700] {logging_mixin.py:188} INFO - [2024-05-06T07:58:01.039+0700] {dag.py:3096} INFO - Sync 1 DAGs
[2024-05-06T07:58:01.049+0700] {logging_mixin.py:188} INFO - [2024-05-06T07:58:01.048+0700] {dag.py:3954} INFO - Setting next_dagrun for example_xcom to 2021-01-01 00:00:00+00:00, run_after=2021-01-01 00:00:00+00:00
[2024-05-06T07:58:01.059+0700] {processor.py:183} INFO - Processing /Library/Frameworks/Python.framework/Versions/3.10/lib/python3.10/site-packages/airflow/example_dags/example_xcom.py took 0.139 seconds
[2024-05-06T08:15:21.258+0700] {processor.py:161} INFO - Started process (PID=75764) to work on /Library/Frameworks/Python.framework/Versions/3.10/lib/python3.10/site-packages/airflow/example_dags/example_xcom.py
[2024-05-06T08:15:21.259+0700] {processor.py:830} INFO - Processing file /Library/Frameworks/Python.framework/Versions/3.10/lib/python3.10/site-packages/airflow/example_dags/example_xcom.py for tasks to queue
[2024-05-06T08:15:21.259+0700] {logging_mixin.py:188} INFO - [2024-05-06T08:15:21.259+0700] {dagbag.py:540} INFO - Filling up the DagBag from /Library/Frameworks/Python.framework/Versions/3.10/lib/python3.10/site-packages/airflow/example_dags/example_xcom.py
[2024-05-06T08:15:21.281+0700] {processor.py:840} INFO - DAG(s) 'example_xcom' retrieved from /Library/Frameworks/Python.framework/Versions/3.10/lib/python3.10/site-packages/airflow/example_dags/example_xcom.py
[2024-05-06T08:15:21.374+0700] {logging_mixin.py:188} INFO - [2024-05-06T08:15:21.374+0700] {dag.py:3096} INFO - Sync 1 DAGs
[2024-05-06T08:15:21.383+0700] {logging_mixin.py:188} INFO - [2024-05-06T08:15:21.383+0700] {dag.py:3954} INFO - Setting next_dagrun for example_xcom to 2021-01-01 00:00:00+00:00, run_after=2021-01-01 00:00:00+00:00
[2024-05-06T08:15:21.394+0700] {processor.py:183} INFO - Processing /Library/Frameworks/Python.framework/Versions/3.10/lib/python3.10/site-packages/airflow/example_dags/example_xcom.py took 0.138 seconds
[2024-05-06T08:35:49.728+0700] {processor.py:161} INFO - Started process (PID=76204) to work on /Library/Frameworks/Python.framework/Versions/3.10/lib/python3.10/site-packages/airflow/example_dags/example_xcom.py
[2024-05-06T08:35:49.729+0700] {processor.py:830} INFO - Processing file /Library/Frameworks/Python.framework/Versions/3.10/lib/python3.10/site-packages/airflow/example_dags/example_xcom.py for tasks to queue
[2024-05-06T08:35:49.730+0700] {logging_mixin.py:188} INFO - [2024-05-06T08:35:49.730+0700] {dagbag.py:540} INFO - Filling up the DagBag from /Library/Frameworks/Python.framework/Versions/3.10/lib/python3.10/site-packages/airflow/example_dags/example_xcom.py
[2024-05-06T08:35:49.752+0700] {processor.py:840} INFO - DAG(s) 'example_xcom' retrieved from /Library/Frameworks/Python.framework/Versions/3.10/lib/python3.10/site-packages/airflow/example_dags/example_xcom.py
[2024-05-06T08:35:49.844+0700] {logging_mixin.py:188} INFO - [2024-05-06T08:35:49.844+0700] {dag.py:3096} INFO - Sync 1 DAGs
[2024-05-06T08:35:49.854+0700] {logging_mixin.py:188} INFO - [2024-05-06T08:35:49.854+0700] {dag.py:3954} INFO - Setting next_dagrun for example_xcom to 2021-01-01 00:00:00+00:00, run_after=2021-01-01 00:00:00+00:00
[2024-05-06T08:35:49.864+0700] {processor.py:183} INFO - Processing /Library/Frameworks/Python.framework/Versions/3.10/lib/python3.10/site-packages/airflow/example_dags/example_xcom.py took 0.138 seconds
[2024-05-06T09:00:33.217+0700] {processor.py:161} INFO - Started process (PID=76589) to work on /Library/Frameworks/Python.framework/Versions/3.10/lib/python3.10/site-packages/airflow/example_dags/example_xcom.py
[2024-05-06T09:00:33.218+0700] {processor.py:830} INFO - Processing file /Library/Frameworks/Python.framework/Versions/3.10/lib/python3.10/site-packages/airflow/example_dags/example_xcom.py for tasks to queue
[2024-05-06T09:00:33.218+0700] {logging_mixin.py:188} INFO - [2024-05-06T09:00:33.218+0700] {dagbag.py:540} INFO - Filling up the DagBag from /Library/Frameworks/Python.framework/Versions/3.10/lib/python3.10/site-packages/airflow/example_dags/example_xcom.py
[2024-05-06T09:00:33.240+0700] {processor.py:840} INFO - DAG(s) 'example_xcom' retrieved from /Library/Frameworks/Python.framework/Versions/3.10/lib/python3.10/site-packages/airflow/example_dags/example_xcom.py
[2024-05-06T09:00:33.334+0700] {logging_mixin.py:188} INFO - [2024-05-06T09:00:33.334+0700] {dag.py:3096} INFO - Sync 1 DAGs
[2024-05-06T09:00:33.343+0700] {logging_mixin.py:188} INFO - [2024-05-06T09:00:33.343+0700] {dag.py:3954} INFO - Setting next_dagrun for example_xcom to 2021-01-01 00:00:00+00:00, run_after=2021-01-01 00:00:00+00:00
[2024-05-06T09:00:33.355+0700] {processor.py:183} INFO - Processing /Library/Frameworks/Python.framework/Versions/3.10/lib/python3.10/site-packages/airflow/example_dags/example_xcom.py took 0.140 seconds
[2024-05-06T09:01:54.319+0700] {processor.py:161} INFO - Started process (PID=76961) to work on /Library/Frameworks/Python.framework/Versions/3.10/lib/python3.10/site-packages/airflow/example_dags/example_xcom.py
[2024-05-06T09:01:54.320+0700] {processor.py:830} INFO - Processing file /Library/Frameworks/Python.framework/Versions/3.10/lib/python3.10/site-packages/airflow/example_dags/example_xcom.py for tasks to queue
[2024-05-06T09:01:54.321+0700] {logging_mixin.py:188} INFO - [2024-05-06T09:01:54.320+0700] {dagbag.py:540} INFO - Filling up the DagBag from /Library/Frameworks/Python.framework/Versions/3.10/lib/python3.10/site-packages/airflow/example_dags/example_xcom.py
[2024-05-06T09:01:54.342+0700] {processor.py:840} INFO - DAG(s) 'example_xcom' retrieved from /Library/Frameworks/Python.framework/Versions/3.10/lib/python3.10/site-packages/airflow/example_dags/example_xcom.py
[2024-05-06T09:01:54.435+0700] {logging_mixin.py:188} INFO - [2024-05-06T09:01:54.435+0700] {dag.py:3096} INFO - Sync 1 DAGs
[2024-05-06T09:01:54.444+0700] {logging_mixin.py:188} INFO - [2024-05-06T09:01:54.444+0700] {dag.py:3954} INFO - Setting next_dagrun for example_xcom to 2021-01-01 00:00:00+00:00, run_after=2021-01-01 00:00:00+00:00
[2024-05-06T09:01:54.455+0700] {processor.py:183} INFO - Processing /Library/Frameworks/Python.framework/Versions/3.10/lib/python3.10/site-packages/airflow/example_dags/example_xcom.py took 0.137 seconds
[2024-05-06T09:03:10.585+0700] {processor.py:161} INFO - Started process (PID=77311) to work on /Library/Frameworks/Python.framework/Versions/3.10/lib/python3.10/site-packages/airflow/example_dags/example_xcom.py
[2024-05-06T09:03:10.586+0700] {processor.py:830} INFO - Processing file /Library/Frameworks/Python.framework/Versions/3.10/lib/python3.10/site-packages/airflow/example_dags/example_xcom.py for tasks to queue
[2024-05-06T09:03:10.587+0700] {logging_mixin.py:188} INFO - [2024-05-06T09:03:10.587+0700] {dagbag.py:540} INFO - Filling up the DagBag from /Library/Frameworks/Python.framework/Versions/3.10/lib/python3.10/site-packages/airflow/example_dags/example_xcom.py
[2024-05-06T09:20:37.190+0700] {processor.py:840} INFO - DAG(s) 'example_xcom' retrieved from /Library/Frameworks/Python.framework/Versions/3.10/lib/python3.10/site-packages/airflow/example_dags/example_xcom.py
[2024-05-06T09:20:37.533+0700] {logging_mixin.py:188} INFO - [2024-05-06T09:20:37.532+0700] {dag.py:3096} INFO - Sync 1 DAGs
[2024-05-06T09:20:37.561+0700] {logging_mixin.py:188} INFO - [2024-05-06T09:20:37.560+0700] {dag.py:3954} INFO - Setting next_dagrun for example_xcom to 2021-01-01 00:00:00+00:00, run_after=2021-01-01 00:00:00+00:00
[2024-05-06T09:20:37.603+0700] {processor.py:183} INFO - Processing /Library/Frameworks/Python.framework/Versions/3.10/lib/python3.10/site-packages/airflow/example_dags/example_xcom.py took 0.554 seconds
[2024-05-06T09:36:57.304+0700] {processor.py:161} INFO - Started process (PID=77718) to work on /Library/Frameworks/Python.framework/Versions/3.10/lib/python3.10/site-packages/airflow/example_dags/example_xcom.py
[2024-05-06T09:36:57.305+0700] {processor.py:830} INFO - Processing file /Library/Frameworks/Python.framework/Versions/3.10/lib/python3.10/site-packages/airflow/example_dags/example_xcom.py for tasks to queue
[2024-05-06T09:36:57.305+0700] {logging_mixin.py:188} INFO - [2024-05-06T09:36:57.305+0700] {dagbag.py:540} INFO - Filling up the DagBag from /Library/Frameworks/Python.framework/Versions/3.10/lib/python3.10/site-packages/airflow/example_dags/example_xcom.py
[2024-05-06T09:36:57.327+0700] {processor.py:840} INFO - DAG(s) 'example_xcom' retrieved from /Library/Frameworks/Python.framework/Versions/3.10/lib/python3.10/site-packages/airflow/example_dags/example_xcom.py
[2024-05-06T09:36:57.421+0700] {logging_mixin.py:188} INFO - [2024-05-06T09:36:57.421+0700] {dag.py:3096} INFO - Sync 1 DAGs
[2024-05-06T09:36:57.431+0700] {logging_mixin.py:188} INFO - [2024-05-06T09:36:57.430+0700] {dag.py:3954} INFO - Setting next_dagrun for example_xcom to 2021-01-01 00:00:00+00:00, run_after=2021-01-01 00:00:00+00:00
[2024-05-06T09:36:57.441+0700] {processor.py:183} INFO - Processing /Library/Frameworks/Python.framework/Versions/3.10/lib/python3.10/site-packages/airflow/example_dags/example_xcom.py took 0.139 seconds
[2024-05-06T09:38:42.285+0700] {processor.py:161} INFO - Started process (PID=78200) to work on /Library/Frameworks/Python.framework/Versions/3.10/lib/python3.10/site-packages/airflow/example_dags/example_xcom.py
[2024-05-06T09:38:42.287+0700] {processor.py:830} INFO - Processing file /Library/Frameworks/Python.framework/Versions/3.10/lib/python3.10/site-packages/airflow/example_dags/example_xcom.py for tasks to queue
[2024-05-06T09:38:42.287+0700] {logging_mixin.py:188} INFO - [2024-05-06T09:38:42.287+0700] {dagbag.py:540} INFO - Filling up the DagBag from /Library/Frameworks/Python.framework/Versions/3.10/lib/python3.10/site-packages/airflow/example_dags/example_xcom.py
[2024-05-06T09:38:42.309+0700] {processor.py:840} INFO - DAG(s) 'example_xcom' retrieved from /Library/Frameworks/Python.framework/Versions/3.10/lib/python3.10/site-packages/airflow/example_dags/example_xcom.py
[2024-05-06T09:38:42.402+0700] {logging_mixin.py:188} INFO - [2024-05-06T09:38:42.402+0700] {dag.py:3096} INFO - Sync 1 DAGs
[2024-05-06T09:38:42.411+0700] {logging_mixin.py:188} INFO - [2024-05-06T09:38:42.411+0700] {dag.py:3954} INFO - Setting next_dagrun for example_xcom to 2021-01-01 00:00:00+00:00, run_after=2021-01-01 00:00:00+00:00
[2024-05-06T09:38:42.423+0700] {processor.py:183} INFO - Processing /Library/Frameworks/Python.framework/Versions/3.10/lib/python3.10/site-packages/airflow/example_dags/example_xcom.py took 0.139 seconds
[2024-05-06T09:55:15.591+0700] {processor.py:161} INFO - Started process (PID=78559) to work on /Library/Frameworks/Python.framework/Versions/3.10/lib/python3.10/site-packages/airflow/example_dags/example_xcom.py
[2024-05-06T09:55:15.592+0700] {processor.py:830} INFO - Processing file /Library/Frameworks/Python.framework/Versions/3.10/lib/python3.10/site-packages/airflow/example_dags/example_xcom.py for tasks to queue
[2024-05-06T09:55:15.592+0700] {logging_mixin.py:188} INFO - [2024-05-06T09:55:15.592+0700] {dagbag.py:540} INFO - Filling up the DagBag from /Library/Frameworks/Python.framework/Versions/3.10/lib/python3.10/site-packages/airflow/example_dags/example_xcom.py
[2024-05-06T09:55:15.614+0700] {processor.py:840} INFO - DAG(s) 'example_xcom' retrieved from /Library/Frameworks/Python.framework/Versions/3.10/lib/python3.10/site-packages/airflow/example_dags/example_xcom.py
[2024-05-06T09:55:15.707+0700] {logging_mixin.py:188} INFO - [2024-05-06T09:55:15.707+0700] {dag.py:3096} INFO - Sync 1 DAGs
[2024-05-06T09:55:15.716+0700] {logging_mixin.py:188} INFO - [2024-05-06T09:55:15.716+0700] {dag.py:3954} INFO - Setting next_dagrun for example_xcom to 2021-01-01 00:00:00+00:00, run_after=2021-01-01 00:00:00+00:00
[2024-05-06T09:55:15.727+0700] {processor.py:183} INFO - Processing /Library/Frameworks/Python.framework/Versions/3.10/lib/python3.10/site-packages/airflow/example_dags/example_xcom.py took 0.138 seconds
[2024-05-06T09:56:40.698+0700] {processor.py:161} INFO - Started process (PID=78944) to work on /Library/Frameworks/Python.framework/Versions/3.10/lib/python3.10/site-packages/airflow/example_dags/example_xcom.py
[2024-05-06T09:56:40.700+0700] {processor.py:830} INFO - Processing file /Library/Frameworks/Python.framework/Versions/3.10/lib/python3.10/site-packages/airflow/example_dags/example_xcom.py for tasks to queue
[2024-05-06T09:56:40.700+0700] {logging_mixin.py:188} INFO - [2024-05-06T09:56:40.700+0700] {dagbag.py:540} INFO - Filling up the DagBag from /Library/Frameworks/Python.framework/Versions/3.10/lib/python3.10/site-packages/airflow/example_dags/example_xcom.py
[2024-05-06T09:56:40.721+0700] {processor.py:840} INFO - DAG(s) 'example_xcom' retrieved from /Library/Frameworks/Python.framework/Versions/3.10/lib/python3.10/site-packages/airflow/example_dags/example_xcom.py
[2024-05-06T09:56:40.813+0700] {logging_mixin.py:188} INFO - [2024-05-06T09:56:40.813+0700] {dag.py:3096} INFO - Sync 1 DAGs
[2024-05-06T09:56:40.822+0700] {logging_mixin.py:188} INFO - [2024-05-06T09:56:40.822+0700] {dag.py:3954} INFO - Setting next_dagrun for example_xcom to 2021-01-01 00:00:00+00:00, run_after=2021-01-01 00:00:00+00:00
[2024-05-06T09:56:40.833+0700] {processor.py:183} INFO - Processing /Library/Frameworks/Python.framework/Versions/3.10/lib/python3.10/site-packages/airflow/example_dags/example_xcom.py took 0.136 seconds
[2024-05-06T10:30:09.088+0700] {processor.py:161} INFO - Started process (PID=79334) to work on /Library/Frameworks/Python.framework/Versions/3.10/lib/python3.10/site-packages/airflow/example_dags/example_xcom.py
[2024-05-06T10:30:09.090+0700] {processor.py:830} INFO - Processing file /Library/Frameworks/Python.framework/Versions/3.10/lib/python3.10/site-packages/airflow/example_dags/example_xcom.py for tasks to queue
[2024-05-06T10:30:09.090+0700] {logging_mixin.py:188} INFO - [2024-05-06T10:30:09.090+0700] {dagbag.py:540} INFO - Filling up the DagBag from /Library/Frameworks/Python.framework/Versions/3.10/lib/python3.10/site-packages/airflow/example_dags/example_xcom.py
[2024-05-06T10:30:09.112+0700] {processor.py:840} INFO - DAG(s) 'example_xcom' retrieved from /Library/Frameworks/Python.framework/Versions/3.10/lib/python3.10/site-packages/airflow/example_dags/example_xcom.py
[2024-05-06T10:30:09.207+0700] {logging_mixin.py:188} INFO - [2024-05-06T10:30:09.206+0700] {dag.py:3096} INFO - Sync 1 DAGs
[2024-05-06T10:30:09.216+0700] {logging_mixin.py:188} INFO - [2024-05-06T10:30:09.216+0700] {dag.py:3954} INFO - Setting next_dagrun for example_xcom to 2021-01-01 00:00:00+00:00, run_after=2021-01-01 00:00:00+00:00
[2024-05-06T10:30:09.226+0700] {processor.py:183} INFO - Processing /Library/Frameworks/Python.framework/Versions/3.10/lib/python3.10/site-packages/airflow/example_dags/example_xcom.py took 0.140 seconds
[2024-05-06T10:38:23.509+0700] {processor.py:161} INFO - Started process (PID=79701) to work on /Library/Frameworks/Python.framework/Versions/3.10/lib/python3.10/site-packages/airflow/example_dags/example_xcom.py
[2024-05-06T10:38:23.510+0700] {processor.py:830} INFO - Processing file /Library/Frameworks/Python.framework/Versions/3.10/lib/python3.10/site-packages/airflow/example_dags/example_xcom.py for tasks to queue
[2024-05-06T10:38:23.511+0700] {logging_mixin.py:188} INFO - [2024-05-06T10:38:23.511+0700] {dagbag.py:540} INFO - Filling up the DagBag from /Library/Frameworks/Python.framework/Versions/3.10/lib/python3.10/site-packages/airflow/example_dags/example_xcom.py
[2024-05-06T10:38:23.532+0700] {processor.py:840} INFO - DAG(s) 'example_xcom' retrieved from /Library/Frameworks/Python.framework/Versions/3.10/lib/python3.10/site-packages/airflow/example_dags/example_xcom.py
[2024-05-06T10:38:23.625+0700] {logging_mixin.py:188} INFO - [2024-05-06T10:38:23.625+0700] {dag.py:3096} INFO - Sync 1 DAGs
[2024-05-06T10:38:23.634+0700] {logging_mixin.py:188} INFO - [2024-05-06T10:38:23.634+0700] {dag.py:3954} INFO - Setting next_dagrun for example_xcom to 2021-01-01 00:00:00+00:00, run_after=2021-01-01 00:00:00+00:00
[2024-05-06T10:38:23.645+0700] {processor.py:183} INFO - Processing /Library/Frameworks/Python.framework/Versions/3.10/lib/python3.10/site-packages/airflow/example_dags/example_xcom.py took 0.138 seconds
[2024-05-06T10:40:08.546+0700] {processor.py:161} INFO - Started process (PID=80096) to work on /Library/Frameworks/Python.framework/Versions/3.10/lib/python3.10/site-packages/airflow/example_dags/example_xcom.py
[2024-05-06T10:40:08.547+0700] {processor.py:830} INFO - Processing file /Library/Frameworks/Python.framework/Versions/3.10/lib/python3.10/site-packages/airflow/example_dags/example_xcom.py for tasks to queue
[2024-05-06T10:40:08.547+0700] {logging_mixin.py:188} INFO - [2024-05-06T10:40:08.547+0700] {dagbag.py:540} INFO - Filling up the DagBag from /Library/Frameworks/Python.framework/Versions/3.10/lib/python3.10/site-packages/airflow/example_dags/example_xcom.py
[2024-05-06T10:40:08.569+0700] {processor.py:840} INFO - DAG(s) 'example_xcom' retrieved from /Library/Frameworks/Python.framework/Versions/3.10/lib/python3.10/site-packages/airflow/example_dags/example_xcom.py
[2024-05-06T10:40:08.663+0700] {logging_mixin.py:188} INFO - [2024-05-06T10:40:08.663+0700] {dag.py:3096} INFO - Sync 1 DAGs
[2024-05-06T10:40:08.672+0700] {logging_mixin.py:188} INFO - [2024-05-06T10:40:08.672+0700] {dag.py:3954} INFO - Setting next_dagrun for example_xcom to 2021-01-01 00:00:00+00:00, run_after=2021-01-01 00:00:00+00:00
[2024-05-06T10:40:08.683+0700] {processor.py:183} INFO - Processing /Library/Frameworks/Python.framework/Versions/3.10/lib/python3.10/site-packages/airflow/example_dags/example_xcom.py took 0.139 seconds
[2024-05-06T10:58:25.536+0700] {processor.py:161} INFO - Started process (PID=80557) to work on /Library/Frameworks/Python.framework/Versions/3.10/lib/python3.10/site-packages/airflow/example_dags/example_xcom.py
[2024-05-06T10:58:25.537+0700] {processor.py:830} INFO - Processing file /Library/Frameworks/Python.framework/Versions/3.10/lib/python3.10/site-packages/airflow/example_dags/example_xcom.py for tasks to queue
[2024-05-06T10:58:25.537+0700] {logging_mixin.py:188} INFO - [2024-05-06T10:58:25.537+0700] {dagbag.py:540} INFO - Filling up the DagBag from /Library/Frameworks/Python.framework/Versions/3.10/lib/python3.10/site-packages/airflow/example_dags/example_xcom.py
[2024-05-06T10:58:25.562+0700] {processor.py:840} INFO - DAG(s) 'example_xcom' retrieved from /Library/Frameworks/Python.framework/Versions/3.10/lib/python3.10/site-packages/airflow/example_dags/example_xcom.py
[2024-05-06T10:58:25.708+0700] {logging_mixin.py:188} INFO - [2024-05-06T10:58:25.708+0700] {dag.py:3096} INFO - Sync 1 DAGs
[2024-05-06T10:58:25.720+0700] {logging_mixin.py:188} INFO - [2024-05-06T10:58:25.720+0700] {dag.py:3954} INFO - Setting next_dagrun for example_xcom to 2021-01-01 00:00:00+00:00, run_after=2021-01-01 00:00:00+00:00
[2024-05-06T10:58:25.736+0700] {processor.py:183} INFO - Processing /Library/Frameworks/Python.framework/Versions/3.10/lib/python3.10/site-packages/airflow/example_dags/example_xcom.py took 0.202 seconds
[2024-05-06T10:59:49.702+0700] {processor.py:161} INFO - Started process (PID=80940) to work on /Library/Frameworks/Python.framework/Versions/3.10/lib/python3.10/site-packages/airflow/example_dags/example_xcom.py
[2024-05-06T10:59:49.703+0700] {processor.py:830} INFO - Processing file /Library/Frameworks/Python.framework/Versions/3.10/lib/python3.10/site-packages/airflow/example_dags/example_xcom.py for tasks to queue
[2024-05-06T10:59:49.703+0700] {logging_mixin.py:188} INFO - [2024-05-06T10:59:49.703+0700] {dagbag.py:540} INFO - Filling up the DagBag from /Library/Frameworks/Python.framework/Versions/3.10/lib/python3.10/site-packages/airflow/example_dags/example_xcom.py
[2024-05-06T10:59:49.725+0700] {processor.py:840} INFO - DAG(s) 'example_xcom' retrieved from /Library/Frameworks/Python.framework/Versions/3.10/lib/python3.10/site-packages/airflow/example_dags/example_xcom.py
[2024-05-06T10:59:49.821+0700] {logging_mixin.py:188} INFO - [2024-05-06T10:59:49.821+0700] {dag.py:3096} INFO - Sync 1 DAGs
[2024-05-06T10:59:49.832+0700] {logging_mixin.py:188} INFO - [2024-05-06T10:59:49.832+0700] {dag.py:3954} INFO - Setting next_dagrun for example_xcom to 2021-01-01 00:00:00+00:00, run_after=2021-01-01 00:00:00+00:00
[2024-05-06T10:59:49.842+0700] {processor.py:183} INFO - Processing /Library/Frameworks/Python.framework/Versions/3.10/lib/python3.10/site-packages/airflow/example_dags/example_xcom.py took 0.142 seconds
[2024-05-06T11:01:09.611+0700] {processor.py:161} INFO - Started process (PID=81322) to work on /Library/Frameworks/Python.framework/Versions/3.10/lib/python3.10/site-packages/airflow/example_dags/example_xcom.py
[2024-05-06T11:01:09.613+0700] {processor.py:830} INFO - Processing file /Library/Frameworks/Python.framework/Versions/3.10/lib/python3.10/site-packages/airflow/example_dags/example_xcom.py for tasks to queue
[2024-05-06T11:01:09.613+0700] {logging_mixin.py:188} INFO - [2024-05-06T11:01:09.613+0700] {dagbag.py:540} INFO - Filling up the DagBag from /Library/Frameworks/Python.framework/Versions/3.10/lib/python3.10/site-packages/airflow/example_dags/example_xcom.py
[2024-05-06T11:01:09.636+0700] {processor.py:840} INFO - DAG(s) 'example_xcom' retrieved from /Library/Frameworks/Python.framework/Versions/3.10/lib/python3.10/site-packages/airflow/example_dags/example_xcom.py
[2024-05-06T11:01:09.730+0700] {logging_mixin.py:188} INFO - [2024-05-06T11:01:09.730+0700] {dag.py:3096} INFO - Sync 1 DAGs
[2024-05-06T11:01:09.739+0700] {logging_mixin.py:188} INFO - [2024-05-06T11:01:09.739+0700] {dag.py:3954} INFO - Setting next_dagrun for example_xcom to 2021-01-01 00:00:00+00:00, run_after=2021-01-01 00:00:00+00:00
[2024-05-06T11:01:09.750+0700] {processor.py:183} INFO - Processing /Library/Frameworks/Python.framework/Versions/3.10/lib/python3.10/site-packages/airflow/example_dags/example_xcom.py took 0.142 seconds
[2024-05-06T20:12:06.803+0700] {processor.py:161} INFO - Started process (PID=641) to work on /opt/homebrew/Caskroom/miniconda/base/lib/python3.11/site-packages/airflow/example_dags/example_xcom.py
[2024-05-06T20:12:06.804+0700] {processor.py:830} INFO - Processing file /opt/homebrew/Caskroom/miniconda/base/lib/python3.11/site-packages/airflow/example_dags/example_xcom.py for tasks to queue
[2024-05-06T20:12:06.804+0700] {logging_mixin.py:188} INFO - [2024-05-06T20:12:06.804+0700] {dagbag.py:540} INFO - Filling up the DagBag from /opt/homebrew/Caskroom/miniconda/base/lib/python3.11/site-packages/airflow/example_dags/example_xcom.py
[2024-05-06T20:12:06.827+0700] {processor.py:840} INFO - DAG(s) 'example_xcom' retrieved from /opt/homebrew/Caskroom/miniconda/base/lib/python3.11/site-packages/airflow/example_dags/example_xcom.py
[2024-05-06T20:12:06.993+0700] {logging_mixin.py:188} INFO - [2024-05-06T20:12:06.993+0700] {dag.py:3096} INFO - Sync 1 DAGs
[2024-05-06T20:12:07.002+0700] {logging_mixin.py:188} INFO - [2024-05-06T20:12:07.002+0700] {dag.py:3954} INFO - Setting next_dagrun for example_xcom to 2021-01-01 00:00:00+00:00, run_after=2021-01-01 00:00:00+00:00
[2024-05-06T20:12:07.016+0700] {processor.py:183} INFO - Processing /opt/homebrew/Caskroom/miniconda/base/lib/python3.11/site-packages/airflow/example_dags/example_xcom.py took 0.215 seconds
[2024-05-06T20:14:09.072+0700] {processor.py:161} INFO - Started process (PID=1391) to work on /opt/homebrew/Caskroom/miniconda/base/lib/python3.11/site-packages/airflow/example_dags/example_xcom.py
[2024-05-06T20:14:09.074+0700] {processor.py:830} INFO - Processing file /opt/homebrew/Caskroom/miniconda/base/lib/python3.11/site-packages/airflow/example_dags/example_xcom.py for tasks to queue
[2024-05-06T20:14:09.074+0700] {logging_mixin.py:188} INFO - [2024-05-06T20:14:09.074+0700] {dagbag.py:540} INFO - Filling up the DagBag from /opt/homebrew/Caskroom/miniconda/base/lib/python3.11/site-packages/airflow/example_dags/example_xcom.py
[2024-05-06T20:14:09.098+0700] {processor.py:840} INFO - DAG(s) 'example_xcom' retrieved from /opt/homebrew/Caskroom/miniconda/base/lib/python3.11/site-packages/airflow/example_dags/example_xcom.py
[2024-05-06T20:14:09.263+0700] {logging_mixin.py:188} INFO - [2024-05-06T20:14:09.263+0700] {dag.py:3096} INFO - Sync 1 DAGs
[2024-05-06T20:14:09.271+0700] {logging_mixin.py:188} INFO - [2024-05-06T20:14:09.271+0700] {dag.py:3954} INFO - Setting next_dagrun for example_xcom to 2021-01-01 00:00:00+00:00, run_after=2021-01-01 00:00:00+00:00
[2024-05-06T20:14:09.281+0700] {processor.py:183} INFO - Processing /opt/homebrew/Caskroom/miniconda/base/lib/python3.11/site-packages/airflow/example_dags/example_xcom.py took 0.210 seconds
[2024-05-06T20:16:04.964+0700] {processor.py:161} INFO - Started process (PID=1999) to work on /opt/homebrew/Caskroom/miniconda/base/lib/python3.11/site-packages/airflow/example_dags/example_xcom.py
[2024-05-06T20:16:04.965+0700] {processor.py:830} INFO - Processing file /opt/homebrew/Caskroom/miniconda/base/lib/python3.11/site-packages/airflow/example_dags/example_xcom.py for tasks to queue
[2024-05-06T20:16:04.965+0700] {logging_mixin.py:188} INFO - [2024-05-06T20:16:04.965+0700] {dagbag.py:540} INFO - Filling up the DagBag from /opt/homebrew/Caskroom/miniconda/base/lib/python3.11/site-packages/airflow/example_dags/example_xcom.py
[2024-05-06T20:16:04.989+0700] {processor.py:840} INFO - DAG(s) 'example_xcom' retrieved from /opt/homebrew/Caskroom/miniconda/base/lib/python3.11/site-packages/airflow/example_dags/example_xcom.py
[2024-05-06T20:16:05.051+0700] {logging_mixin.py:188} INFO - [2024-05-06T20:16:05.051+0700] {dag.py:3096} INFO - Sync 1 DAGs
[2024-05-06T20:16:05.061+0700] {logging_mixin.py:188} INFO - [2024-05-06T20:16:05.061+0700] {dag.py:3954} INFO - Setting next_dagrun for example_xcom to 2021-01-01 00:00:00+00:00, run_after=2021-01-01 00:00:00+00:00
[2024-05-06T20:16:05.106+0700] {processor.py:183} INFO - Processing /opt/homebrew/Caskroom/miniconda/base/lib/python3.11/site-packages/airflow/example_dags/example_xcom.py took 0.144 seconds
[2024-05-06T20:17:36.690+0700] {processor.py:161} INFO - Started process (PID=2462) to work on /opt/homebrew/Caskroom/miniconda/base/lib/python3.11/site-packages/airflow/example_dags/example_xcom.py
[2024-05-06T20:17:36.690+0700] {processor.py:830} INFO - Processing file /opt/homebrew/Caskroom/miniconda/base/lib/python3.11/site-packages/airflow/example_dags/example_xcom.py for tasks to queue
[2024-05-06T20:17:36.691+0700] {logging_mixin.py:188} INFO - [2024-05-06T20:17:36.691+0700] {dagbag.py:540} INFO - Filling up the DagBag from /opt/homebrew/Caskroom/miniconda/base/lib/python3.11/site-packages/airflow/example_dags/example_xcom.py
[2024-05-06T20:17:36.718+0700] {processor.py:840} INFO - DAG(s) 'example_xcom' retrieved from /opt/homebrew/Caskroom/miniconda/base/lib/python3.11/site-packages/airflow/example_dags/example_xcom.py
[2024-05-06T20:17:36.781+0700] {logging_mixin.py:188} INFO - [2024-05-06T20:17:36.781+0700] {dag.py:3096} INFO - Sync 1 DAGs
[2024-05-06T20:17:36.791+0700] {logging_mixin.py:188} INFO - [2024-05-06T20:17:36.790+0700] {dag.py:3954} INFO - Setting next_dagrun for example_xcom to 2021-01-01 00:00:00+00:00, run_after=2021-01-01 00:00:00+00:00
[2024-05-06T20:17:36.839+0700] {processor.py:183} INFO - Processing /opt/homebrew/Caskroom/miniconda/base/lib/python3.11/site-packages/airflow/example_dags/example_xcom.py took 0.150 seconds
[2024-05-06T20:19:11.500+0700] {processor.py:161} INFO - Started process (PID=2936) to work on /opt/homebrew/Caskroom/miniconda/base/lib/python3.11/site-packages/airflow/example_dags/example_xcom.py
[2024-05-06T20:19:11.500+0700] {processor.py:830} INFO - Processing file /opt/homebrew/Caskroom/miniconda/base/lib/python3.11/site-packages/airflow/example_dags/example_xcom.py for tasks to queue
[2024-05-06T20:19:11.501+0700] {logging_mixin.py:188} INFO - [2024-05-06T20:19:11.501+0700] {dagbag.py:540} INFO - Filling up the DagBag from /opt/homebrew/Caskroom/miniconda/base/lib/python3.11/site-packages/airflow/example_dags/example_xcom.py
[2024-05-06T20:19:11.526+0700] {processor.py:840} INFO - DAG(s) 'example_xcom' retrieved from /opt/homebrew/Caskroom/miniconda/base/lib/python3.11/site-packages/airflow/example_dags/example_xcom.py
[2024-05-06T20:19:11.589+0700] {logging_mixin.py:188} INFO - [2024-05-06T20:19:11.588+0700] {dag.py:3096} INFO - Sync 1 DAGs
[2024-05-06T20:19:11.598+0700] {logging_mixin.py:188} INFO - [2024-05-06T20:19:11.598+0700] {dag.py:3954} INFO - Setting next_dagrun for example_xcom to 2021-01-01 00:00:00+00:00, run_after=2021-01-01 00:00:00+00:00
[2024-05-06T20:19:11.643+0700] {processor.py:183} INFO - Processing /opt/homebrew/Caskroom/miniconda/base/lib/python3.11/site-packages/airflow/example_dags/example_xcom.py took 0.145 seconds
[2024-05-06T20:20:40.160+0700] {processor.py:161} INFO - Started process (PID=3521) to work on /opt/homebrew/Caskroom/miniconda/base/lib/python3.11/site-packages/airflow/example_dags/example_xcom.py
[2024-05-06T20:20:40.161+0700] {processor.py:830} INFO - Processing file /opt/homebrew/Caskroom/miniconda/base/lib/python3.11/site-packages/airflow/example_dags/example_xcom.py for tasks to queue
[2024-05-06T20:20:40.162+0700] {logging_mixin.py:188} INFO - [2024-05-06T20:20:40.161+0700] {dagbag.py:540} INFO - Filling up the DagBag from /opt/homebrew/Caskroom/miniconda/base/lib/python3.11/site-packages/airflow/example_dags/example_xcom.py
[2024-05-06T20:20:40.187+0700] {processor.py:840} INFO - DAG(s) 'example_xcom' retrieved from /opt/homebrew/Caskroom/miniconda/base/lib/python3.11/site-packages/airflow/example_dags/example_xcom.py
[2024-05-06T20:20:40.251+0700] {logging_mixin.py:188} INFO - [2024-05-06T20:20:40.251+0700] {dag.py:3096} INFO - Sync 1 DAGs
[2024-05-06T20:20:40.261+0700] {logging_mixin.py:188} INFO - [2024-05-06T20:20:40.261+0700] {dag.py:3954} INFO - Setting next_dagrun for example_xcom to 2021-01-01 00:00:00+00:00, run_after=2021-01-01 00:00:00+00:00
[2024-05-06T20:20:40.310+0700] {processor.py:183} INFO - Processing /opt/homebrew/Caskroom/miniconda/base/lib/python3.11/site-packages/airflow/example_dags/example_xcom.py took 0.153 seconds
[2024-05-06T20:22:03.887+0700] {processor.py:161} INFO - Started process (PID=3918) to work on /opt/homebrew/Caskroom/miniconda/base/lib/python3.11/site-packages/airflow/example_dags/example_xcom.py
[2024-05-06T20:22:03.888+0700] {processor.py:830} INFO - Processing file /opt/homebrew/Caskroom/miniconda/base/lib/python3.11/site-packages/airflow/example_dags/example_xcom.py for tasks to queue
[2024-05-06T20:22:03.888+0700] {logging_mixin.py:188} INFO - [2024-05-06T20:22:03.888+0700] {dagbag.py:540} INFO - Filling up the DagBag from /opt/homebrew/Caskroom/miniconda/base/lib/python3.11/site-packages/airflow/example_dags/example_xcom.py
[2024-05-06T20:22:03.911+0700] {processor.py:840} INFO - DAG(s) 'example_xcom' retrieved from /opt/homebrew/Caskroom/miniconda/base/lib/python3.11/site-packages/airflow/example_dags/example_xcom.py
[2024-05-06T20:22:03.973+0700] {logging_mixin.py:188} INFO - [2024-05-06T20:22:03.973+0700] {dag.py:3096} INFO - Sync 1 DAGs
[2024-05-06T20:22:03.983+0700] {logging_mixin.py:188} INFO - [2024-05-06T20:22:03.983+0700] {dag.py:3954} INFO - Setting next_dagrun for example_xcom to 2021-01-01 00:00:00+00:00, run_after=2021-01-01 00:00:00+00:00
[2024-05-06T20:22:04.031+0700] {processor.py:183} INFO - Processing /opt/homebrew/Caskroom/miniconda/base/lib/python3.11/site-packages/airflow/example_dags/example_xcom.py took 0.148 seconds
[2024-05-06T20:23:27.279+0700] {processor.py:161} INFO - Started process (PID=4389) to work on /opt/homebrew/Caskroom/miniconda/base/lib/python3.11/site-packages/airflow/example_dags/example_xcom.py
[2024-05-06T20:23:27.279+0700] {processor.py:830} INFO - Processing file /opt/homebrew/Caskroom/miniconda/base/lib/python3.11/site-packages/airflow/example_dags/example_xcom.py for tasks to queue
[2024-05-06T20:23:27.280+0700] {logging_mixin.py:188} INFO - [2024-05-06T20:23:27.280+0700] {dagbag.py:540} INFO - Filling up the DagBag from /opt/homebrew/Caskroom/miniconda/base/lib/python3.11/site-packages/airflow/example_dags/example_xcom.py
[2024-05-06T20:23:27.325+0700] {processor.py:840} INFO - DAG(s) 'example_xcom' retrieved from /opt/homebrew/Caskroom/miniconda/base/lib/python3.11/site-packages/airflow/example_dags/example_xcom.py
[2024-05-06T20:23:27.427+0700] {logging_mixin.py:188} INFO - [2024-05-06T20:23:27.427+0700] {dag.py:3096} INFO - Sync 1 DAGs
[2024-05-06T20:23:27.440+0700] {logging_mixin.py:188} INFO - [2024-05-06T20:23:27.440+0700] {dag.py:3954} INFO - Setting next_dagrun for example_xcom to 2021-01-01 00:00:00+00:00, run_after=2021-01-01 00:00:00+00:00
[2024-05-06T20:23:27.503+0700] {processor.py:183} INFO - Processing /opt/homebrew/Caskroom/miniconda/base/lib/python3.11/site-packages/airflow/example_dags/example_xcom.py took 0.227 seconds
[2024-05-06T20:24:54.387+0700] {processor.py:161} INFO - Started process (PID=4795) to work on /opt/homebrew/Caskroom/miniconda/base/lib/python3.11/site-packages/airflow/example_dags/example_xcom.py
[2024-05-06T20:24:54.389+0700] {processor.py:830} INFO - Processing file /opt/homebrew/Caskroom/miniconda/base/lib/python3.11/site-packages/airflow/example_dags/example_xcom.py for tasks to queue
[2024-05-06T20:24:54.389+0700] {logging_mixin.py:188} INFO - [2024-05-06T20:24:54.389+0700] {dagbag.py:540} INFO - Filling up the DagBag from /opt/homebrew/Caskroom/miniconda/base/lib/python3.11/site-packages/airflow/example_dags/example_xcom.py
[2024-05-06T20:24:54.413+0700] {processor.py:840} INFO - DAG(s) 'example_xcom' retrieved from /opt/homebrew/Caskroom/miniconda/base/lib/python3.11/site-packages/airflow/example_dags/example_xcom.py
[2024-05-06T20:24:54.475+0700] {logging_mixin.py:188} INFO - [2024-05-06T20:24:54.475+0700] {dag.py:3096} INFO - Sync 1 DAGs
[2024-05-06T20:24:54.485+0700] {logging_mixin.py:188} INFO - [2024-05-06T20:24:54.485+0700] {dag.py:3954} INFO - Setting next_dagrun for example_xcom to 2021-01-01 00:00:00+00:00, run_after=2021-01-01 00:00:00+00:00
[2024-05-06T20:24:54.531+0700] {processor.py:183} INFO - Processing /opt/homebrew/Caskroom/miniconda/base/lib/python3.11/site-packages/airflow/example_dags/example_xcom.py took 0.146 seconds
[2024-05-06T20:26:20.335+0700] {processor.py:161} INFO - Started process (PID=5203) to work on /opt/homebrew/Caskroom/miniconda/base/lib/python3.11/site-packages/airflow/example_dags/example_xcom.py
[2024-05-06T20:26:20.336+0700] {processor.py:830} INFO - Processing file /opt/homebrew/Caskroom/miniconda/base/lib/python3.11/site-packages/airflow/example_dags/example_xcom.py for tasks to queue
[2024-05-06T20:26:20.337+0700] {logging_mixin.py:188} INFO - [2024-05-06T20:26:20.337+0700] {dagbag.py:540} INFO - Filling up the DagBag from /opt/homebrew/Caskroom/miniconda/base/lib/python3.11/site-packages/airflow/example_dags/example_xcom.py
[2024-05-06T20:26:20.360+0700] {processor.py:840} INFO - DAG(s) 'example_xcom' retrieved from /opt/homebrew/Caskroom/miniconda/base/lib/python3.11/site-packages/airflow/example_dags/example_xcom.py
[2024-05-06T20:26:20.422+0700] {logging_mixin.py:188} INFO - [2024-05-06T20:26:20.422+0700] {dag.py:3096} INFO - Sync 1 DAGs
[2024-05-06T20:26:20.432+0700] {logging_mixin.py:188} INFO - [2024-05-06T20:26:20.432+0700] {dag.py:3954} INFO - Setting next_dagrun for example_xcom to 2021-01-01 00:00:00+00:00, run_after=2021-01-01 00:00:00+00:00
[2024-05-06T20:26:20.477+0700] {processor.py:183} INFO - Processing /opt/homebrew/Caskroom/miniconda/base/lib/python3.11/site-packages/airflow/example_dags/example_xcom.py took 0.143 seconds
[2024-05-06T20:27:40.180+0700] {processor.py:161} INFO - Started process (PID=5638) to work on /opt/homebrew/Caskroom/miniconda/base/lib/python3.11/site-packages/airflow/example_dags/example_xcom.py
[2024-05-06T20:27:40.182+0700] {processor.py:830} INFO - Processing file /opt/homebrew/Caskroom/miniconda/base/lib/python3.11/site-packages/airflow/example_dags/example_xcom.py for tasks to queue
[2024-05-06T20:27:40.183+0700] {logging_mixin.py:188} INFO - [2024-05-06T20:27:40.182+0700] {dagbag.py:540} INFO - Filling up the DagBag from /opt/homebrew/Caskroom/miniconda/base/lib/python3.11/site-packages/airflow/example_dags/example_xcom.py
[2024-05-06T20:27:40.271+0700] {processor.py:840} INFO - DAG(s) 'example_xcom' retrieved from /opt/homebrew/Caskroom/miniconda/base/lib/python3.11/site-packages/airflow/example_dags/example_xcom.py
[2024-05-06T20:27:40.446+0700] {logging_mixin.py:188} INFO - [2024-05-06T20:27:40.445+0700] {dag.py:3096} INFO - Sync 1 DAGs
[2024-05-06T20:27:40.463+0700] {logging_mixin.py:188} INFO - [2024-05-06T20:27:40.462+0700] {dag.py:3954} INFO - Setting next_dagrun for example_xcom to 2021-01-01 00:00:00+00:00, run_after=2021-01-01 00:00:00+00:00
[2024-05-06T20:27:40.531+0700] {processor.py:183} INFO - Processing /opt/homebrew/Caskroom/miniconda/base/lib/python3.11/site-packages/airflow/example_dags/example_xcom.py took 0.356 seconds
[2024-05-06T20:28:20.312+0700] {processor.py:161} INFO - Started process (PID=5840) to work on /opt/homebrew/Caskroom/miniconda/base/lib/python3.11/site-packages/airflow/example_dags/example_xcom.py
[2024-05-06T20:28:20.313+0700] {processor.py:830} INFO - Processing file /opt/homebrew/Caskroom/miniconda/base/lib/python3.11/site-packages/airflow/example_dags/example_xcom.py for tasks to queue
[2024-05-06T20:28:20.314+0700] {logging_mixin.py:188} INFO - [2024-05-06T20:28:20.313+0700] {dagbag.py:540} INFO - Filling up the DagBag from /opt/homebrew/Caskroom/miniconda/base/lib/python3.11/site-packages/airflow/example_dags/example_xcom.py
[2024-05-06T20:28:20.338+0700] {processor.py:840} INFO - DAG(s) 'example_xcom' retrieved from /opt/homebrew/Caskroom/miniconda/base/lib/python3.11/site-packages/airflow/example_dags/example_xcom.py
[2024-05-06T20:28:20.486+0700] {logging_mixin.py:188} INFO - [2024-05-06T20:28:20.486+0700] {dag.py:3096} INFO - Sync 1 DAGs
[2024-05-06T20:28:20.495+0700] {logging_mixin.py:188} INFO - [2024-05-06T20:28:20.495+0700] {dag.py:3954} INFO - Setting next_dagrun for example_xcom to 2021-01-01 00:00:00+00:00, run_after=2021-01-01 00:00:00+00:00
[2024-05-06T20:28:20.505+0700] {processor.py:183} INFO - Processing /opt/homebrew/Caskroom/miniconda/base/lib/python3.11/site-packages/airflow/example_dags/example_xcom.py took 0.195 seconds
[2024-05-06T20:29:10.429+0700] {processor.py:161} INFO - Started process (PID=6111) to work on /opt/homebrew/Caskroom/miniconda/base/lib/python3.11/site-packages/airflow/example_dags/example_xcom.py
[2024-05-06T20:29:10.430+0700] {processor.py:830} INFO - Processing file /opt/homebrew/Caskroom/miniconda/base/lib/python3.11/site-packages/airflow/example_dags/example_xcom.py for tasks to queue
[2024-05-06T20:29:10.430+0700] {logging_mixin.py:188} INFO - [2024-05-06T20:29:10.430+0700] {dagbag.py:540} INFO - Filling up the DagBag from /opt/homebrew/Caskroom/miniconda/base/lib/python3.11/site-packages/airflow/example_dags/example_xcom.py
[2024-05-06T20:29:10.454+0700] {processor.py:840} INFO - DAG(s) 'example_xcom' retrieved from /opt/homebrew/Caskroom/miniconda/base/lib/python3.11/site-packages/airflow/example_dags/example_xcom.py
[2024-05-06T20:29:10.599+0700] {logging_mixin.py:188} INFO - [2024-05-06T20:29:10.599+0700] {dag.py:3096} INFO - Sync 1 DAGs
[2024-05-06T20:29:10.607+0700] {logging_mixin.py:188} INFO - [2024-05-06T20:29:10.607+0700] {dag.py:3954} INFO - Setting next_dagrun for example_xcom to 2021-01-01 00:00:00+00:00, run_after=2021-01-01 00:00:00+00:00
[2024-05-06T20:29:10.618+0700] {processor.py:183} INFO - Processing /opt/homebrew/Caskroom/miniconda/base/lib/python3.11/site-packages/airflow/example_dags/example_xcom.py took 0.190 seconds
[2024-05-06T20:29:56.634+0700] {processor.py:161} INFO - Started process (PID=6376) to work on /opt/homebrew/Caskroom/miniconda/base/lib/python3.11/site-packages/airflow/example_dags/example_xcom.py
[2024-05-06T20:29:56.635+0700] {processor.py:830} INFO - Processing file /opt/homebrew/Caskroom/miniconda/base/lib/python3.11/site-packages/airflow/example_dags/example_xcom.py for tasks to queue
[2024-05-06T20:29:56.635+0700] {logging_mixin.py:188} INFO - [2024-05-06T20:29:56.635+0700] {dagbag.py:540} INFO - Filling up the DagBag from /opt/homebrew/Caskroom/miniconda/base/lib/python3.11/site-packages/airflow/example_dags/example_xcom.py
[2024-05-06T20:29:56.659+0700] {processor.py:840} INFO - DAG(s) 'example_xcom' retrieved from /opt/homebrew/Caskroom/miniconda/base/lib/python3.11/site-packages/airflow/example_dags/example_xcom.py
[2024-05-06T20:29:56.810+0700] {logging_mixin.py:188} INFO - [2024-05-06T20:29:56.810+0700] {dag.py:3096} INFO - Sync 1 DAGs
[2024-05-06T20:29:56.818+0700] {logging_mixin.py:188} INFO - [2024-05-06T20:29:56.818+0700] {dag.py:3954} INFO - Setting next_dagrun for example_xcom to 2021-01-01 00:00:00+00:00, run_after=2021-01-01 00:00:00+00:00
[2024-05-06T20:29:56.830+0700] {processor.py:183} INFO - Processing /opt/homebrew/Caskroom/miniconda/base/lib/python3.11/site-packages/airflow/example_dags/example_xcom.py took 0.198 seconds
[2024-05-06T20:31:52.474+0700] {processor.py:161} INFO - Started process (PID=6992) to work on /opt/homebrew/Caskroom/miniconda/base/lib/python3.11/site-packages/airflow/example_dags/example_xcom.py
[2024-05-06T20:31:52.475+0700] {processor.py:830} INFO - Processing file /opt/homebrew/Caskroom/miniconda/base/lib/python3.11/site-packages/airflow/example_dags/example_xcom.py for tasks to queue
[2024-05-06T20:31:52.476+0700] {logging_mixin.py:188} INFO - [2024-05-06T20:31:52.475+0700] {dagbag.py:540} INFO - Filling up the DagBag from /opt/homebrew/Caskroom/miniconda/base/lib/python3.11/site-packages/airflow/example_dags/example_xcom.py
[2024-05-06T20:31:52.506+0700] {processor.py:840} INFO - DAG(s) 'example_xcom' retrieved from /opt/homebrew/Caskroom/miniconda/base/lib/python3.11/site-packages/airflow/example_dags/example_xcom.py
[2024-05-06T20:31:52.583+0700] {logging_mixin.py:188} INFO - [2024-05-06T20:31:52.583+0700] {dag.py:3096} INFO - Sync 1 DAGs
[2024-05-06T20:31:52.595+0700] {logging_mixin.py:188} INFO - [2024-05-06T20:31:52.595+0700] {dag.py:3954} INFO - Setting next_dagrun for example_xcom to 2021-01-01 00:00:00+00:00, run_after=2021-01-01 00:00:00+00:00
[2024-05-06T20:31:52.647+0700] {processor.py:183} INFO - Processing /opt/homebrew/Caskroom/miniconda/base/lib/python3.11/site-packages/airflow/example_dags/example_xcom.py took 0.175 seconds
[2024-05-06T20:32:47.693+0700] {processor.py:161} INFO - Started process (PID=7289) to work on /opt/homebrew/Caskroom/miniconda/base/lib/python3.11/site-packages/airflow/example_dags/example_xcom.py
[2024-05-06T20:32:47.694+0700] {processor.py:830} INFO - Processing file /opt/homebrew/Caskroom/miniconda/base/lib/python3.11/site-packages/airflow/example_dags/example_xcom.py for tasks to queue
[2024-05-06T20:32:47.694+0700] {logging_mixin.py:188} INFO - [2024-05-06T20:32:47.694+0700] {dagbag.py:540} INFO - Filling up the DagBag from /opt/homebrew/Caskroom/miniconda/base/lib/python3.11/site-packages/airflow/example_dags/example_xcom.py
[2024-05-06T20:32:47.718+0700] {processor.py:840} INFO - DAG(s) 'example_xcom' retrieved from /opt/homebrew/Caskroom/miniconda/base/lib/python3.11/site-packages/airflow/example_dags/example_xcom.py
[2024-05-06T20:32:47.863+0700] {logging_mixin.py:188} INFO - [2024-05-06T20:32:47.863+0700] {dag.py:3096} INFO - Sync 1 DAGs
[2024-05-06T20:32:47.871+0700] {logging_mixin.py:188} INFO - [2024-05-06T20:32:47.871+0700] {dag.py:3954} INFO - Setting next_dagrun for example_xcom to 2021-01-01 00:00:00+00:00, run_after=2021-01-01 00:00:00+00:00
[2024-05-06T20:32:47.882+0700] {processor.py:183} INFO - Processing /opt/homebrew/Caskroom/miniconda/base/lib/python3.11/site-packages/airflow/example_dags/example_xcom.py took 0.190 seconds
[2024-05-06T20:34:55.689+0700] {processor.py:161} INFO - Started process (PID=7963) to work on /opt/homebrew/Caskroom/miniconda/base/lib/python3.11/site-packages/airflow/example_dags/example_xcom.py
[2024-05-06T20:34:55.690+0700] {processor.py:830} INFO - Processing file /opt/homebrew/Caskroom/miniconda/base/lib/python3.11/site-packages/airflow/example_dags/example_xcom.py for tasks to queue
[2024-05-06T20:34:55.691+0700] {logging_mixin.py:188} INFO - [2024-05-06T20:34:55.690+0700] {dagbag.py:540} INFO - Filling up the DagBag from /opt/homebrew/Caskroom/miniconda/base/lib/python3.11/site-packages/airflow/example_dags/example_xcom.py
[2024-05-06T20:34:55.714+0700] {processor.py:840} INFO - DAG(s) 'example_xcom' retrieved from /opt/homebrew/Caskroom/miniconda/base/lib/python3.11/site-packages/airflow/example_dags/example_xcom.py
[2024-05-06T20:34:55.867+0700] {logging_mixin.py:188} INFO - [2024-05-06T20:34:55.867+0700] {dag.py:3096} INFO - Sync 1 DAGs
[2024-05-06T20:34:55.876+0700] {logging_mixin.py:188} INFO - [2024-05-06T20:34:55.876+0700] {dag.py:3954} INFO - Setting next_dagrun for example_xcom to 2021-01-01 00:00:00+00:00, run_after=2021-01-01 00:00:00+00:00
[2024-05-06T20:34:55.887+0700] {processor.py:183} INFO - Processing /opt/homebrew/Caskroom/miniconda/base/lib/python3.11/site-packages/airflow/example_dags/example_xcom.py took 0.201 seconds
