[2024-05-06T07:31:58.298+0700] {processor.py:161} INFO - Started process (PID=72660) to work on /Library/Frameworks/Python.framework/Versions/3.10/lib/python3.10/site-packages/airflow/example_dags/example_branch_operator_decorator.py
[2024-05-06T07:31:58.299+0700] {processor.py:830} INFO - Processing file /Library/Frameworks/Python.framework/Versions/3.10/lib/python3.10/site-packages/airflow/example_dags/example_branch_operator_decorator.py for tasks to queue
[2024-05-06T07:31:58.299+0700] {logging_mixin.py:188} INFO - [2024-05-06T07:31:58.299+0700] {dagbag.py:540} INFO - Filling up the DagBag from /Library/Frameworks/Python.framework/Versions/3.10/lib/python3.10/site-packages/airflow/example_dags/example_branch_operator_decorator.py
[2024-05-06T07:31:58.328+0700] {processor.py:840} INFO - DAG(s) 'example_branch_python_operator_decorator' retrieved from /Library/Frameworks/Python.framework/Versions/3.10/lib/python3.10/site-packages/airflow/example_dags/example_branch_operator_decorator.py
[2024-05-06T07:31:58.488+0700] {logging_mixin.py:188} INFO - [2024-05-06T07:31:58.488+0700] {dag.py:3096} INFO - Sync 1 DAGs
[2024-05-06T07:31:58.499+0700] {logging_mixin.py:188} INFO - [2024-05-06T07:31:58.498+0700] {dag.py:3954} INFO - Setting next_dagrun for example_branch_python_operator_decorator to 2024-05-05 00:00:00+00:00, run_after=2024-05-06 00:00:00+00:00
[2024-05-06T07:31:58.510+0700] {processor.py:183} INFO - Processing /Library/Frameworks/Python.framework/Versions/3.10/lib/python3.10/site-packages/airflow/example_dags/example_branch_operator_decorator.py took 0.214 seconds
[2024-05-06T07:34:32.609+0700] {processor.py:161} INFO - Started process (PID=73470) to work on /Library/Frameworks/Python.framework/Versions/3.10/lib/python3.10/site-packages/airflow/example_dags/example_branch_operator_decorator.py
[2024-05-06T07:34:32.611+0700] {processor.py:830} INFO - Processing file /Library/Frameworks/Python.framework/Versions/3.10/lib/python3.10/site-packages/airflow/example_dags/example_branch_operator_decorator.py for tasks to queue
[2024-05-06T07:34:32.611+0700] {logging_mixin.py:188} INFO - [2024-05-06T07:34:32.611+0700] {dagbag.py:540} INFO - Filling up the DagBag from /Library/Frameworks/Python.framework/Versions/3.10/lib/python3.10/site-packages/airflow/example_dags/example_branch_operator_decorator.py
[2024-05-06T07:34:32.642+0700] {processor.py:840} INFO - DAG(s) 'example_branch_python_operator_decorator' retrieved from /Library/Frameworks/Python.framework/Versions/3.10/lib/python3.10/site-packages/airflow/example_dags/example_branch_operator_decorator.py
[2024-05-06T07:34:32.900+0700] {logging_mixin.py:188} INFO - [2024-05-06T07:34:32.900+0700] {dag.py:3096} INFO - Sync 1 DAGs
[2024-05-06T07:34:32.911+0700] {logging_mixin.py:188} INFO - [2024-05-06T07:34:32.911+0700] {dag.py:3954} INFO - Setting next_dagrun for example_branch_python_operator_decorator to 2024-05-05 00:00:00+00:00, run_after=2024-05-06 00:00:00+00:00
[2024-05-06T07:34:32.924+0700] {processor.py:183} INFO - Processing /Library/Frameworks/Python.framework/Versions/3.10/lib/python3.10/site-packages/airflow/example_dags/example_branch_operator_decorator.py took 0.317 seconds
[2024-05-06T07:37:04.929+0700] {processor.py:161} INFO - Started process (PID=74158) to work on /Library/Frameworks/Python.framework/Versions/3.10/lib/python3.10/site-packages/airflow/example_dags/example_branch_operator_decorator.py
[2024-05-06T07:37:04.930+0700] {processor.py:830} INFO - Processing file /Library/Frameworks/Python.framework/Versions/3.10/lib/python3.10/site-packages/airflow/example_dags/example_branch_operator_decorator.py for tasks to queue
[2024-05-06T07:37:04.930+0700] {logging_mixin.py:188} INFO - [2024-05-06T07:37:04.930+0700] {dagbag.py:540} INFO - Filling up the DagBag from /Library/Frameworks/Python.framework/Versions/3.10/lib/python3.10/site-packages/airflow/example_dags/example_branch_operator_decorator.py
[2024-05-06T07:37:04.959+0700] {processor.py:840} INFO - DAG(s) 'example_branch_python_operator_decorator' retrieved from /Library/Frameworks/Python.framework/Versions/3.10/lib/python3.10/site-packages/airflow/example_dags/example_branch_operator_decorator.py
[2024-05-06T07:37:05.105+0700] {logging_mixin.py:188} INFO - [2024-05-06T07:37:05.105+0700] {dag.py:3096} INFO - Sync 1 DAGs
[2024-05-06T07:37:05.115+0700] {logging_mixin.py:188} INFO - [2024-05-06T07:37:05.115+0700] {dag.py:3954} INFO - Setting next_dagrun for example_branch_python_operator_decorator to 2024-05-05 00:00:00+00:00, run_after=2024-05-06 00:00:00+00:00
[2024-05-06T07:37:05.126+0700] {processor.py:183} INFO - Processing /Library/Frameworks/Python.framework/Versions/3.10/lib/python3.10/site-packages/airflow/example_dags/example_branch_operator_decorator.py took 0.198 seconds
[2024-05-06T07:39:40.272+0700] {processor.py:161} INFO - Started process (PID=74878) to work on /Library/Frameworks/Python.framework/Versions/3.10/lib/python3.10/site-packages/airflow/example_dags/example_branch_operator_decorator.py
[2024-05-06T07:39:40.272+0700] {processor.py:830} INFO - Processing file /Library/Frameworks/Python.framework/Versions/3.10/lib/python3.10/site-packages/airflow/example_dags/example_branch_operator_decorator.py for tasks to queue
[2024-05-06T07:39:40.273+0700] {logging_mixin.py:188} INFO - [2024-05-06T07:39:40.273+0700] {dagbag.py:540} INFO - Filling up the DagBag from /Library/Frameworks/Python.framework/Versions/3.10/lib/python3.10/site-packages/airflow/example_dags/example_branch_operator_decorator.py
[2024-05-06T07:39:40.302+0700] {processor.py:840} INFO - DAG(s) 'example_branch_python_operator_decorator' retrieved from /Library/Frameworks/Python.framework/Versions/3.10/lib/python3.10/site-packages/airflow/example_dags/example_branch_operator_decorator.py
[2024-05-06T07:39:40.452+0700] {logging_mixin.py:188} INFO - [2024-05-06T07:39:40.452+0700] {dag.py:3096} INFO - Sync 1 DAGs
[2024-05-06T07:39:40.463+0700] {logging_mixin.py:188} INFO - [2024-05-06T07:39:40.462+0700] {dag.py:3954} INFO - Setting next_dagrun for example_branch_python_operator_decorator to 2024-05-05 00:00:00+00:00, run_after=2024-05-06 00:00:00+00:00
[2024-05-06T07:39:40.474+0700] {processor.py:183} INFO - Processing /Library/Frameworks/Python.framework/Versions/3.10/lib/python3.10/site-packages/airflow/example_dags/example_branch_operator_decorator.py took 0.204 seconds
[2024-05-06T08:14:46.712+0700] {processor.py:161} INFO - Started process (PID=75611) to work on /Library/Frameworks/Python.framework/Versions/3.10/lib/python3.10/site-packages/airflow/example_dags/example_branch_operator_decorator.py
[2024-05-06T08:14:46.713+0700] {processor.py:830} INFO - Processing file /Library/Frameworks/Python.framework/Versions/3.10/lib/python3.10/site-packages/airflow/example_dags/example_branch_operator_decorator.py for tasks to queue
[2024-05-06T08:14:46.713+0700] {logging_mixin.py:188} INFO - [2024-05-06T08:14:46.713+0700] {dagbag.py:540} INFO - Filling up the DagBag from /Library/Frameworks/Python.framework/Versions/3.10/lib/python3.10/site-packages/airflow/example_dags/example_branch_operator_decorator.py
[2024-05-06T08:14:46.743+0700] {processor.py:840} INFO - DAG(s) 'example_branch_python_operator_decorator' retrieved from /Library/Frameworks/Python.framework/Versions/3.10/lib/python3.10/site-packages/airflow/example_dags/example_branch_operator_decorator.py
[2024-05-06T08:14:46.902+0700] {logging_mixin.py:188} INFO - [2024-05-06T08:14:46.902+0700] {dag.py:3096} INFO - Sync 1 DAGs
[2024-05-06T08:14:46.912+0700] {logging_mixin.py:188} INFO - [2024-05-06T08:14:46.912+0700] {dag.py:3954} INFO - Setting next_dagrun for example_branch_python_operator_decorator to 2024-05-05 00:00:00+00:00, run_after=2024-05-06 00:00:00+00:00
[2024-05-06T08:14:46.923+0700] {processor.py:183} INFO - Processing /Library/Frameworks/Python.framework/Versions/3.10/lib/python3.10/site-packages/airflow/example_dags/example_branch_operator_decorator.py took 0.213 seconds
[2024-05-06T08:43:37.698+0700] {processor.py:161} INFO - Started process (PID=76406) to work on /Library/Frameworks/Python.framework/Versions/3.10/lib/python3.10/site-packages/airflow/example_dags/example_branch_operator_decorator.py
[2024-05-06T08:43:37.699+0700] {processor.py:830} INFO - Processing file /Library/Frameworks/Python.framework/Versions/3.10/lib/python3.10/site-packages/airflow/example_dags/example_branch_operator_decorator.py for tasks to queue
[2024-05-06T08:43:37.699+0700] {logging_mixin.py:188} INFO - [2024-05-06T08:43:37.699+0700] {dagbag.py:540} INFO - Filling up the DagBag from /Library/Frameworks/Python.framework/Versions/3.10/lib/python3.10/site-packages/airflow/example_dags/example_branch_operator_decorator.py
[2024-05-06T08:43:37.728+0700] {processor.py:840} INFO - DAG(s) 'example_branch_python_operator_decorator' retrieved from /Library/Frameworks/Python.framework/Versions/3.10/lib/python3.10/site-packages/airflow/example_dags/example_branch_operator_decorator.py
[2024-05-06T08:43:37.874+0700] {logging_mixin.py:188} INFO - [2024-05-06T08:43:37.874+0700] {dag.py:3096} INFO - Sync 1 DAGs
[2024-05-06T08:43:37.884+0700] {logging_mixin.py:188} INFO - [2024-05-06T08:43:37.884+0700] {dag.py:3954} INFO - Setting next_dagrun for example_branch_python_operator_decorator to 2024-05-05 00:00:00+00:00, run_after=2024-05-06 00:00:00+00:00
[2024-05-06T08:43:37.895+0700] {processor.py:183} INFO - Processing /Library/Frameworks/Python.framework/Versions/3.10/lib/python3.10/site-packages/airflow/example_dags/example_branch_operator_decorator.py took 0.199 seconds
[2024-05-06T09:02:36.501+0700] {processor.py:161} INFO - Started process (PID=77153) to work on /Library/Frameworks/Python.framework/Versions/3.10/lib/python3.10/site-packages/airflow/example_dags/example_branch_operator_decorator.py
[2024-05-06T09:02:36.502+0700] {processor.py:830} INFO - Processing file /Library/Frameworks/Python.framework/Versions/3.10/lib/python3.10/site-packages/airflow/example_dags/example_branch_operator_decorator.py for tasks to queue
[2024-05-06T09:02:36.502+0700] {logging_mixin.py:188} INFO - [2024-05-06T09:02:36.502+0700] {dagbag.py:540} INFO - Filling up the DagBag from /Library/Frameworks/Python.framework/Versions/3.10/lib/python3.10/site-packages/airflow/example_dags/example_branch_operator_decorator.py
[2024-05-06T09:02:36.531+0700] {processor.py:840} INFO - DAG(s) 'example_branch_python_operator_decorator' retrieved from /Library/Frameworks/Python.framework/Versions/3.10/lib/python3.10/site-packages/airflow/example_dags/example_branch_operator_decorator.py
[2024-05-06T09:02:36.679+0700] {logging_mixin.py:188} INFO - [2024-05-06T09:02:36.678+0700] {dag.py:3096} INFO - Sync 1 DAGs
[2024-05-06T09:02:36.689+0700] {logging_mixin.py:188} INFO - [2024-05-06T09:02:36.689+0700] {dag.py:3954} INFO - Setting next_dagrun for example_branch_python_operator_decorator to 2024-05-05 00:00:00+00:00, run_after=2024-05-06 00:00:00+00:00
[2024-05-06T09:02:36.700+0700] {processor.py:183} INFO - Processing /Library/Frameworks/Python.framework/Versions/3.10/lib/python3.10/site-packages/airflow/example_dags/example_branch_operator_decorator.py took 0.200 seconds
[2024-05-06T09:38:04.389+0700] {processor.py:161} INFO - Started process (PID=78025) to work on /Library/Frameworks/Python.framework/Versions/3.10/lib/python3.10/site-packages/airflow/example_dags/example_branch_operator_decorator.py
[2024-05-06T09:38:04.390+0700] {processor.py:830} INFO - Processing file /Library/Frameworks/Python.framework/Versions/3.10/lib/python3.10/site-packages/airflow/example_dags/example_branch_operator_decorator.py for tasks to queue
[2024-05-06T09:38:04.390+0700] {logging_mixin.py:188} INFO - [2024-05-06T09:38:04.390+0700] {dagbag.py:540} INFO - Filling up the DagBag from /Library/Frameworks/Python.framework/Versions/3.10/lib/python3.10/site-packages/airflow/example_dags/example_branch_operator_decorator.py
[2024-05-06T09:38:04.419+0700] {processor.py:840} INFO - DAG(s) 'example_branch_python_operator_decorator' retrieved from /Library/Frameworks/Python.framework/Versions/3.10/lib/python3.10/site-packages/airflow/example_dags/example_branch_operator_decorator.py
[2024-05-06T09:38:04.565+0700] {logging_mixin.py:188} INFO - [2024-05-06T09:38:04.565+0700] {dag.py:3096} INFO - Sync 1 DAGs
[2024-05-06T09:38:04.575+0700] {logging_mixin.py:188} INFO - [2024-05-06T09:38:04.575+0700] {dag.py:3954} INFO - Setting next_dagrun for example_branch_python_operator_decorator to 2024-05-05 00:00:00+00:00, run_after=2024-05-06 00:00:00+00:00
[2024-05-06T09:38:04.587+0700] {processor.py:183} INFO - Processing /Library/Frameworks/Python.framework/Versions/3.10/lib/python3.10/site-packages/airflow/example_dags/example_branch_operator_decorator.py took 0.200 seconds
[2024-05-06T09:56:02.478+0700] {processor.py:161} INFO - Started process (PID=78770) to work on /Library/Frameworks/Python.framework/Versions/3.10/lib/python3.10/site-packages/airflow/example_dags/example_branch_operator_decorator.py
[2024-05-06T09:56:02.479+0700] {processor.py:830} INFO - Processing file /Library/Frameworks/Python.framework/Versions/3.10/lib/python3.10/site-packages/airflow/example_dags/example_branch_operator_decorator.py for tasks to queue
[2024-05-06T09:56:02.480+0700] {logging_mixin.py:188} INFO - [2024-05-06T09:56:02.480+0700] {dagbag.py:540} INFO - Filling up the DagBag from /Library/Frameworks/Python.framework/Versions/3.10/lib/python3.10/site-packages/airflow/example_dags/example_branch_operator_decorator.py
[2024-05-06T09:56:02.508+0700] {processor.py:840} INFO - DAG(s) 'example_branch_python_operator_decorator' retrieved from /Library/Frameworks/Python.framework/Versions/3.10/lib/python3.10/site-packages/airflow/example_dags/example_branch_operator_decorator.py
[2024-05-06T09:56:02.654+0700] {logging_mixin.py:188} INFO - [2024-05-06T09:56:02.653+0700] {dag.py:3096} INFO - Sync 1 DAGs
[2024-05-06T09:56:02.664+0700] {logging_mixin.py:188} INFO - [2024-05-06T09:56:02.664+0700] {dag.py:3954} INFO - Setting next_dagrun for example_branch_python_operator_decorator to 2024-05-05 00:00:00+00:00, run_after=2024-05-06 00:00:00+00:00
[2024-05-06T09:56:02.675+0700] {processor.py:183} INFO - Processing /Library/Frameworks/Python.framework/Versions/3.10/lib/python3.10/site-packages/airflow/example_dags/example_branch_operator_decorator.py took 0.198 seconds
[2024-05-06T10:37:45.410+0700] {processor.py:161} INFO - Started process (PID=79538) to work on /Library/Frameworks/Python.framework/Versions/3.10/lib/python3.10/site-packages/airflow/example_dags/example_branch_operator_decorator.py
[2024-05-06T10:37:45.411+0700] {processor.py:830} INFO - Processing file /Library/Frameworks/Python.framework/Versions/3.10/lib/python3.10/site-packages/airflow/example_dags/example_branch_operator_decorator.py for tasks to queue
[2024-05-06T10:37:45.411+0700] {logging_mixin.py:188} INFO - [2024-05-06T10:37:45.411+0700] {dagbag.py:540} INFO - Filling up the DagBag from /Library/Frameworks/Python.framework/Versions/3.10/lib/python3.10/site-packages/airflow/example_dags/example_branch_operator_decorator.py
[2024-05-06T10:37:45.440+0700] {processor.py:840} INFO - DAG(s) 'example_branch_python_operator_decorator' retrieved from /Library/Frameworks/Python.framework/Versions/3.10/lib/python3.10/site-packages/airflow/example_dags/example_branch_operator_decorator.py
[2024-05-06T10:37:45.583+0700] {logging_mixin.py:188} INFO - [2024-05-06T10:37:45.583+0700] {dag.py:3096} INFO - Sync 1 DAGs
[2024-05-06T10:37:45.593+0700] {logging_mixin.py:188} INFO - [2024-05-06T10:37:45.593+0700] {dag.py:3954} INFO - Setting next_dagrun for example_branch_python_operator_decorator to 2024-05-05 00:00:00+00:00, run_after=2024-05-06 00:00:00+00:00
[2024-05-06T10:37:45.604+0700] {processor.py:183} INFO - Processing /Library/Frameworks/Python.framework/Versions/3.10/lib/python3.10/site-packages/airflow/example_dags/example_branch_operator_decorator.py took 0.196 seconds
[2024-05-06T10:57:39.016+0700] {processor.py:161} INFO - Started process (PID=80311) to work on /Library/Frameworks/Python.framework/Versions/3.10/lib/python3.10/site-packages/airflow/example_dags/example_branch_operator_decorator.py
[2024-05-06T10:57:39.017+0700] {processor.py:830} INFO - Processing file /Library/Frameworks/Python.framework/Versions/3.10/lib/python3.10/site-packages/airflow/example_dags/example_branch_operator_decorator.py for tasks to queue
[2024-05-06T10:57:39.017+0700] {logging_mixin.py:188} INFO - [2024-05-06T10:57:39.017+0700] {dagbag.py:540} INFO - Filling up the DagBag from /Library/Frameworks/Python.framework/Versions/3.10/lib/python3.10/site-packages/airflow/example_dags/example_branch_operator_decorator.py
[2024-05-06T10:57:39.047+0700] {processor.py:840} INFO - DAG(s) 'example_branch_python_operator_decorator' retrieved from /Library/Frameworks/Python.framework/Versions/3.10/lib/python3.10/site-packages/airflow/example_dags/example_branch_operator_decorator.py
[2024-05-06T10:57:39.239+0700] {logging_mixin.py:188} INFO - [2024-05-06T10:57:39.239+0700] {dag.py:3096} INFO - Sync 1 DAGs
[2024-05-06T10:57:39.250+0700] {logging_mixin.py:188} INFO - [2024-05-06T10:57:39.250+0700] {dag.py:3954} INFO - Setting next_dagrun for example_branch_python_operator_decorator to 2024-05-05 00:00:00+00:00, run_after=2024-05-06 00:00:00+00:00
[2024-05-06T10:57:39.261+0700] {processor.py:183} INFO - Processing /Library/Frameworks/Python.framework/Versions/3.10/lib/python3.10/site-packages/airflow/example_dags/example_branch_operator_decorator.py took 0.247 seconds
[2024-05-06T11:00:29.268+0700] {processor.py:161} INFO - Started process (PID=81123) to work on /Library/Frameworks/Python.framework/Versions/3.10/lib/python3.10/site-packages/airflow/example_dags/example_branch_operator_decorator.py
[2024-05-06T11:00:29.268+0700] {processor.py:830} INFO - Processing file /Library/Frameworks/Python.framework/Versions/3.10/lib/python3.10/site-packages/airflow/example_dags/example_branch_operator_decorator.py for tasks to queue
[2024-05-06T11:00:29.269+0700] {logging_mixin.py:188} INFO - [2024-05-06T11:00:29.269+0700] {dagbag.py:540} INFO - Filling up the DagBag from /Library/Frameworks/Python.framework/Versions/3.10/lib/python3.10/site-packages/airflow/example_dags/example_branch_operator_decorator.py
[2024-05-06T11:00:29.299+0700] {processor.py:840} INFO - DAG(s) 'example_branch_python_operator_decorator' retrieved from /Library/Frameworks/Python.framework/Versions/3.10/lib/python3.10/site-packages/airflow/example_dags/example_branch_operator_decorator.py
[2024-05-06T11:00:29.460+0700] {logging_mixin.py:188} INFO - [2024-05-06T11:00:29.460+0700] {dag.py:3096} INFO - Sync 1 DAGs
[2024-05-06T11:00:29.470+0700] {logging_mixin.py:188} INFO - [2024-05-06T11:00:29.470+0700] {dag.py:3954} INFO - Setting next_dagrun for example_branch_python_operator_decorator to 2024-05-05 00:00:00+00:00, run_after=2024-05-06 00:00:00+00:00
[2024-05-06T11:00:29.481+0700] {processor.py:183} INFO - Processing /Library/Frameworks/Python.framework/Versions/3.10/lib/python3.10/site-packages/airflow/example_dags/example_branch_operator_decorator.py took 0.216 seconds
[2024-05-06T20:15:20.454+0700] {processor.py:161} INFO - Started process (PID=1774) to work on /opt/homebrew/Caskroom/miniconda/base/lib/python3.11/site-packages/airflow/example_dags/example_branch_operator_decorator.py
[2024-05-06T20:15:20.455+0700] {processor.py:830} INFO - Processing file /opt/homebrew/Caskroom/miniconda/base/lib/python3.11/site-packages/airflow/example_dags/example_branch_operator_decorator.py for tasks to queue
[2024-05-06T20:15:20.455+0700] {logging_mixin.py:188} INFO - [2024-05-06T20:15:20.455+0700] {dagbag.py:540} INFO - Filling up the DagBag from /opt/homebrew/Caskroom/miniconda/base/lib/python3.11/site-packages/airflow/example_dags/example_branch_operator_decorator.py
[2024-05-06T20:15:20.491+0700] {processor.py:840} INFO - DAG(s) 'example_branch_python_operator_decorator' retrieved from /opt/homebrew/Caskroom/miniconda/base/lib/python3.11/site-packages/airflow/example_dags/example_branch_operator_decorator.py
[2024-05-06T20:15:20.643+0700] {logging_mixin.py:188} INFO - [2024-05-06T20:15:20.643+0700] {dag.py:3096} INFO - Sync 1 DAGs
[2024-05-06T20:15:20.652+0700] {logging_mixin.py:188} INFO - [2024-05-06T20:15:20.652+0700] {dag.py:3954} INFO - Setting next_dagrun for example_branch_python_operator_decorator to 2024-05-05 00:00:00+00:00, run_after=2024-05-06 00:00:00+00:00
[2024-05-06T20:15:20.662+0700] {processor.py:183} INFO - Processing /opt/homebrew/Caskroom/miniconda/base/lib/python3.11/site-packages/airflow/example_dags/example_branch_operator_decorator.py took 0.210 seconds
[2024-05-06T20:18:27.685+0700] {processor.py:161} INFO - Started process (PID=2736) to work on /opt/homebrew/Caskroom/miniconda/base/lib/python3.11/site-packages/airflow/example_dags/example_branch_operator_decorator.py
[2024-05-06T20:18:27.686+0700] {processor.py:830} INFO - Processing file /opt/homebrew/Caskroom/miniconda/base/lib/python3.11/site-packages/airflow/example_dags/example_branch_operator_decorator.py for tasks to queue
[2024-05-06T20:18:27.687+0700] {logging_mixin.py:188} INFO - [2024-05-06T20:18:27.686+0700] {dagbag.py:540} INFO - Filling up the DagBag from /opt/homebrew/Caskroom/miniconda/base/lib/python3.11/site-packages/airflow/example_dags/example_branch_operator_decorator.py
[2024-05-06T20:18:27.718+0700] {processor.py:840} INFO - DAG(s) 'example_branch_python_operator_decorator' retrieved from /opt/homebrew/Caskroom/miniconda/base/lib/python3.11/site-packages/airflow/example_dags/example_branch_operator_decorator.py
[2024-05-06T20:18:27.889+0700] {logging_mixin.py:188} INFO - [2024-05-06T20:18:27.888+0700] {dag.py:3096} INFO - Sync 1 DAGs
[2024-05-06T20:18:27.898+0700] {logging_mixin.py:188} INFO - [2024-05-06T20:18:27.898+0700] {dag.py:3954} INFO - Setting next_dagrun for example_branch_python_operator_decorator to 2024-05-05 00:00:00+00:00, run_after=2024-05-06 00:00:00+00:00
[2024-05-06T20:18:27.908+0700] {processor.py:183} INFO - Processing /opt/homebrew/Caskroom/miniconda/base/lib/python3.11/site-packages/airflow/example_dags/example_branch_operator_decorator.py took 0.226 seconds
[2024-05-06T20:21:19.925+0700] {processor.py:161} INFO - Started process (PID=3715) to work on /opt/homebrew/Caskroom/miniconda/base/lib/python3.11/site-packages/airflow/example_dags/example_branch_operator_decorator.py
[2024-05-06T20:21:19.925+0700] {processor.py:830} INFO - Processing file /opt/homebrew/Caskroom/miniconda/base/lib/python3.11/site-packages/airflow/example_dags/example_branch_operator_decorator.py for tasks to queue
[2024-05-06T20:21:19.926+0700] {logging_mixin.py:188} INFO - [2024-05-06T20:21:19.926+0700] {dagbag.py:540} INFO - Filling up the DagBag from /opt/homebrew/Caskroom/miniconda/base/lib/python3.11/site-packages/airflow/example_dags/example_branch_operator_decorator.py
[2024-05-06T20:21:19.957+0700] {processor.py:840} INFO - DAG(s) 'example_branch_python_operator_decorator' retrieved from /opt/homebrew/Caskroom/miniconda/base/lib/python3.11/site-packages/airflow/example_dags/example_branch_operator_decorator.py
[2024-05-06T20:21:20.122+0700] {logging_mixin.py:188} INFO - [2024-05-06T20:21:20.121+0700] {dag.py:3096} INFO - Sync 1 DAGs
[2024-05-06T20:21:20.131+0700] {logging_mixin.py:188} INFO - [2024-05-06T20:21:20.131+0700] {dag.py:3954} INFO - Setting next_dagrun for example_branch_python_operator_decorator to 2024-05-05 00:00:00+00:00, run_after=2024-05-06 00:00:00+00:00
[2024-05-06T20:21:20.141+0700] {processor.py:183} INFO - Processing /opt/homebrew/Caskroom/miniconda/base/lib/python3.11/site-packages/airflow/example_dags/example_branch_operator_decorator.py took 0.218 seconds
[2024-05-06T20:24:12.107+0700] {processor.py:161} INFO - Started process (PID=4605) to work on /opt/homebrew/Caskroom/miniconda/base/lib/python3.11/site-packages/airflow/example_dags/example_branch_operator_decorator.py
[2024-05-06T20:24:12.108+0700] {processor.py:830} INFO - Processing file /opt/homebrew/Caskroom/miniconda/base/lib/python3.11/site-packages/airflow/example_dags/example_branch_operator_decorator.py for tasks to queue
[2024-05-06T20:24:12.108+0700] {logging_mixin.py:188} INFO - [2024-05-06T20:24:12.108+0700] {dagbag.py:540} INFO - Filling up the DagBag from /opt/homebrew/Caskroom/miniconda/base/lib/python3.11/site-packages/airflow/example_dags/example_branch_operator_decorator.py
[2024-05-06T20:24:12.144+0700] {processor.py:840} INFO - DAG(s) 'example_branch_python_operator_decorator' retrieved from /opt/homebrew/Caskroom/miniconda/base/lib/python3.11/site-packages/airflow/example_dags/example_branch_operator_decorator.py
[2024-05-06T20:24:12.313+0700] {logging_mixin.py:188} INFO - [2024-05-06T20:24:12.312+0700] {dag.py:3096} INFO - Sync 1 DAGs
[2024-05-06T20:24:12.322+0700] {logging_mixin.py:188} INFO - [2024-05-06T20:24:12.322+0700] {dag.py:3954} INFO - Setting next_dagrun for example_branch_python_operator_decorator to 2024-05-05 00:00:00+00:00, run_after=2024-05-06 00:00:00+00:00
[2024-05-06T20:24:12.333+0700] {processor.py:183} INFO - Processing /opt/homebrew/Caskroom/miniconda/base/lib/python3.11/site-packages/airflow/example_dags/example_branch_operator_decorator.py took 0.229 seconds
[2024-05-06T20:26:57.941+0700] {processor.py:161} INFO - Started process (PID=5412) to work on /opt/homebrew/Caskroom/miniconda/base/lib/python3.11/site-packages/airflow/example_dags/example_branch_operator_decorator.py
[2024-05-06T20:26:57.942+0700] {processor.py:830} INFO - Processing file /opt/homebrew/Caskroom/miniconda/base/lib/python3.11/site-packages/airflow/example_dags/example_branch_operator_decorator.py for tasks to queue
[2024-05-06T20:26:57.943+0700] {logging_mixin.py:188} INFO - [2024-05-06T20:26:57.942+0700] {dagbag.py:540} INFO - Filling up the DagBag from /opt/homebrew/Caskroom/miniconda/base/lib/python3.11/site-packages/airflow/example_dags/example_branch_operator_decorator.py
[2024-05-06T20:26:57.973+0700] {processor.py:840} INFO - DAG(s) 'example_branch_python_operator_decorator' retrieved from /opt/homebrew/Caskroom/miniconda/base/lib/python3.11/site-packages/airflow/example_dags/example_branch_operator_decorator.py
[2024-05-06T20:26:58.121+0700] {logging_mixin.py:188} INFO - [2024-05-06T20:26:58.121+0700] {dag.py:3096} INFO - Sync 1 DAGs
[2024-05-06T20:26:58.130+0700] {logging_mixin.py:188} INFO - [2024-05-06T20:26:58.130+0700] {dag.py:3954} INFO - Setting next_dagrun for example_branch_python_operator_decorator to 2024-05-05 00:00:00+00:00, run_after=2024-05-06 00:00:00+00:00
[2024-05-06T20:26:58.141+0700] {processor.py:183} INFO - Processing /opt/homebrew/Caskroom/miniconda/base/lib/python3.11/site-packages/airflow/example_dags/example_branch_operator_decorator.py took 0.202 seconds
[2024-05-06T20:31:10.560+0700] {processor.py:161} INFO - Started process (PID=6744) to work on /opt/homebrew/Caskroom/miniconda/base/lib/python3.11/site-packages/airflow/example_dags/example_branch_operator_decorator.py
[2024-05-06T20:31:10.561+0700] {processor.py:830} INFO - Processing file /opt/homebrew/Caskroom/miniconda/base/lib/python3.11/site-packages/airflow/example_dags/example_branch_operator_decorator.py for tasks to queue
[2024-05-06T20:31:10.562+0700] {logging_mixin.py:188} INFO - [2024-05-06T20:31:10.562+0700] {dagbag.py:540} INFO - Filling up the DagBag from /opt/homebrew/Caskroom/miniconda/base/lib/python3.11/site-packages/airflow/example_dags/example_branch_operator_decorator.py
[2024-05-06T20:31:10.594+0700] {processor.py:840} INFO - DAG(s) 'example_branch_python_operator_decorator' retrieved from /opt/homebrew/Caskroom/miniconda/base/lib/python3.11/site-packages/airflow/example_dags/example_branch_operator_decorator.py
[2024-05-06T20:31:10.743+0700] {logging_mixin.py:188} INFO - [2024-05-06T20:31:10.743+0700] {dag.py:3096} INFO - Sync 1 DAGs
[2024-05-06T20:31:10.753+0700] {logging_mixin.py:188} INFO - [2024-05-06T20:31:10.752+0700] {dag.py:3954} INFO - Setting next_dagrun for example_branch_python_operator_decorator to 2024-05-05 00:00:00+00:00, run_after=2024-05-06 00:00:00+00:00
[2024-05-06T20:31:10.763+0700] {processor.py:183} INFO - Processing /opt/homebrew/Caskroom/miniconda/base/lib/python3.11/site-packages/airflow/example_dags/example_branch_operator_decorator.py took 0.205 seconds
[2024-05-06T20:33:59.815+0700] {processor.py:161} INFO - Started process (PID=7666) to work on /opt/homebrew/Caskroom/miniconda/base/lib/python3.11/site-packages/airflow/example_dags/example_branch_operator_decorator.py
[2024-05-06T20:33:59.815+0700] {processor.py:830} INFO - Processing file /opt/homebrew/Caskroom/miniconda/base/lib/python3.11/site-packages/airflow/example_dags/example_branch_operator_decorator.py for tasks to queue
[2024-05-06T20:33:59.816+0700] {logging_mixin.py:188} INFO - [2024-05-06T20:33:59.816+0700] {dagbag.py:540} INFO - Filling up the DagBag from /opt/homebrew/Caskroom/miniconda/base/lib/python3.11/site-packages/airflow/example_dags/example_branch_operator_decorator.py
[2024-05-06T20:33:59.848+0700] {processor.py:840} INFO - DAG(s) 'example_branch_python_operator_decorator' retrieved from /opt/homebrew/Caskroom/miniconda/base/lib/python3.11/site-packages/airflow/example_dags/example_branch_operator_decorator.py
[2024-05-06T20:33:59.996+0700] {logging_mixin.py:188} INFO - [2024-05-06T20:33:59.996+0700] {dag.py:3096} INFO - Sync 1 DAGs
[2024-05-06T20:34:00.006+0700] {logging_mixin.py:188} INFO - [2024-05-06T20:34:00.006+0700] {dag.py:3954} INFO - Setting next_dagrun for example_branch_python_operator_decorator to 2024-05-05 00:00:00+00:00, run_after=2024-05-06 00:00:00+00:00
[2024-05-06T20:34:00.022+0700] {processor.py:183} INFO - Processing /opt/homebrew/Caskroom/miniconda/base/lib/python3.11/site-packages/airflow/example_dags/example_branch_operator_decorator.py took 0.209 seconds
