[2024-05-06T07:13:19.552+0700] {processor.py:161} INFO - Started process (PID=72379) to work on /Library/Frameworks/Python.framework/Versions/3.10/lib/python3.10/site-packages/airflow/example_dags/example_subdag_operator.py
[2024-05-06T07:13:19.553+0700] {processor.py:830} INFO - Processing file /Library/Frameworks/Python.framework/Versions/3.10/lib/python3.10/site-packages/airflow/example_dags/example_subdag_operator.py for tasks to queue
[2024-05-06T07:13:19.553+0700] {logging_mixin.py:188} INFO - [2024-05-06T07:13:19.553+0700] {dagbag.py:540} INFO - Filling up the DagBag from /Library/Frameworks/Python.framework/Versions/3.10/lib/python3.10/site-packages/airflow/example_dags/example_subdag_operator.py
[2024-05-06T07:13:19.611+0700] {processor.py:840} INFO - DAG(s) 'example_subdag_operator.section-1', 'example_subdag_operator.section-2', 'example_subdag_operator' retrieved from /Library/Frameworks/Python.framework/Versions/3.10/lib/python3.10/site-packages/airflow/example_dags/example_subdag_operator.py
[2024-05-06T07:13:19.744+0700] {logging_mixin.py:188} INFO - [2024-05-06T07:13:19.744+0700] {dag.py:3096} INFO - Sync 3 DAGs
[2024-05-06T07:13:19.753+0700] {logging_mixin.py:188} INFO - [2024-05-06T07:13:19.753+0700] {dag.py:3954} INFO - Setting next_dagrun for example_subdag_operator to 2022-01-01 00:00:00+00:00, run_after=2022-01-01 00:00:00+00:00
[2024-05-06T07:13:19.755+0700] {logging_mixin.py:188} INFO - [2024-05-06T07:13:19.754+0700] {dag.py:3954} INFO - Setting next_dagrun for example_subdag_operator.section-1 to None, run_after=None
[2024-05-06T07:13:19.755+0700] {logging_mixin.py:188} INFO - [2024-05-06T07:13:19.755+0700] {dag.py:3954} INFO - Setting next_dagrun for example_subdag_operator.section-2 to None, run_after=None
[2024-05-06T07:13:19.760+0700] {logging_mixin.py:188} INFO - [2024-05-06T07:13:19.760+0700] {dag.py:3096} INFO - Sync 2 DAGs
[2024-05-06T07:13:19.762+0700] {logging_mixin.py:188} INFO - [2024-05-06T07:13:19.762+0700] {dag.py:3954} INFO - Setting next_dagrun for example_subdag_operator.section-1 to None, run_after=None
[2024-05-06T07:13:19.762+0700] {logging_mixin.py:188} INFO - [2024-05-06T07:13:19.762+0700] {dag.py:3954} INFO - Setting next_dagrun for example_subdag_operator.section-2 to None, run_after=None
[2024-05-06T07:13:19.770+0700] {processor.py:183} INFO - Processing /Library/Frameworks/Python.framework/Versions/3.10/lib/python3.10/site-packages/airflow/example_dags/example_subdag_operator.py took 0.219 seconds
[2024-05-06T07:32:44.557+0700] {processor.py:161} INFO - Started process (PID=72871) to work on /Library/Frameworks/Python.framework/Versions/3.10/lib/python3.10/site-packages/airflow/example_dags/example_subdag_operator.py
[2024-05-06T07:32:44.558+0700] {processor.py:830} INFO - Processing file /Library/Frameworks/Python.framework/Versions/3.10/lib/python3.10/site-packages/airflow/example_dags/example_subdag_operator.py for tasks to queue
[2024-05-06T07:32:44.558+0700] {logging_mixin.py:188} INFO - [2024-05-06T07:32:44.558+0700] {dagbag.py:540} INFO - Filling up the DagBag from /Library/Frameworks/Python.framework/Versions/3.10/lib/python3.10/site-packages/airflow/example_dags/example_subdag_operator.py
[2024-05-06T07:32:44.615+0700] {processor.py:840} INFO - DAG(s) 'example_subdag_operator.section-1', 'example_subdag_operator.section-2', 'example_subdag_operator' retrieved from /Library/Frameworks/Python.framework/Versions/3.10/lib/python3.10/site-packages/airflow/example_dags/example_subdag_operator.py
[2024-05-06T07:32:44.678+0700] {logging_mixin.py:188} INFO - [2024-05-06T07:32:44.678+0700] {dag.py:3096} INFO - Sync 3 DAGs
[2024-05-06T07:32:44.687+0700] {logging_mixin.py:188} INFO - [2024-05-06T07:32:44.687+0700] {dag.py:3954} INFO - Setting next_dagrun for example_subdag_operator to 2022-01-01 00:00:00+00:00, run_after=2022-01-01 00:00:00+00:00
[2024-05-06T07:32:44.689+0700] {logging_mixin.py:188} INFO - [2024-05-06T07:32:44.689+0700] {dag.py:3954} INFO - Setting next_dagrun for example_subdag_operator.section-1 to None, run_after=None
[2024-05-06T07:32:44.690+0700] {logging_mixin.py:188} INFO - [2024-05-06T07:32:44.690+0700] {dag.py:3954} INFO - Setting next_dagrun for example_subdag_operator.section-2 to None, run_after=None
[2024-05-06T07:32:44.693+0700] {logging_mixin.py:188} INFO - [2024-05-06T07:32:44.693+0700] {dag.py:3096} INFO - Sync 2 DAGs
[2024-05-06T07:32:44.695+0700] {logging_mixin.py:188} INFO - [2024-05-06T07:32:44.695+0700] {dag.py:3954} INFO - Setting next_dagrun for example_subdag_operator.section-1 to None, run_after=None
[2024-05-06T07:32:44.696+0700] {logging_mixin.py:188} INFO - [2024-05-06T07:32:44.696+0700] {dag.py:3954} INFO - Setting next_dagrun for example_subdag_operator.section-2 to None, run_after=None
[2024-05-06T07:32:44.703+0700] {processor.py:183} INFO - Processing /Library/Frameworks/Python.framework/Versions/3.10/lib/python3.10/site-packages/airflow/example_dags/example_subdag_operator.py took 0.147 seconds
[2024-05-06T07:34:01.275+0700] {processor.py:161} INFO - Started process (PID=73318) to work on /Library/Frameworks/Python.framework/Versions/3.10/lib/python3.10/site-packages/airflow/example_dags/example_subdag_operator.py
[2024-05-06T07:34:01.276+0700] {processor.py:830} INFO - Processing file /Library/Frameworks/Python.framework/Versions/3.10/lib/python3.10/site-packages/airflow/example_dags/example_subdag_operator.py for tasks to queue
[2024-05-06T07:34:01.276+0700] {logging_mixin.py:188} INFO - [2024-05-06T07:34:01.276+0700] {dagbag.py:540} INFO - Filling up the DagBag from /Library/Frameworks/Python.framework/Versions/3.10/lib/python3.10/site-packages/airflow/example_dags/example_subdag_operator.py
[2024-05-06T07:34:01.342+0700] {processor.py:840} INFO - DAG(s) 'example_subdag_operator.section-1', 'example_subdag_operator.section-2', 'example_subdag_operator' retrieved from /Library/Frameworks/Python.framework/Versions/3.10/lib/python3.10/site-packages/airflow/example_dags/example_subdag_operator.py
[2024-05-06T07:34:01.410+0700] {logging_mixin.py:188} INFO - [2024-05-06T07:34:01.410+0700] {dag.py:3096} INFO - Sync 3 DAGs
[2024-05-06T07:34:01.419+0700] {logging_mixin.py:188} INFO - [2024-05-06T07:34:01.419+0700] {dag.py:3954} INFO - Setting next_dagrun for example_subdag_operator to 2022-01-01 00:00:00+00:00, run_after=2022-01-01 00:00:00+00:00
[2024-05-06T07:34:01.422+0700] {logging_mixin.py:188} INFO - [2024-05-06T07:34:01.422+0700] {dag.py:3954} INFO - Setting next_dagrun for example_subdag_operator.section-1 to None, run_after=None
[2024-05-06T07:34:01.423+0700] {logging_mixin.py:188} INFO - [2024-05-06T07:34:01.423+0700] {dag.py:3954} INFO - Setting next_dagrun for example_subdag_operator.section-2 to None, run_after=None
[2024-05-06T07:34:01.428+0700] {logging_mixin.py:188} INFO - [2024-05-06T07:34:01.428+0700] {dag.py:3096} INFO - Sync 2 DAGs
[2024-05-06T07:34:01.430+0700] {logging_mixin.py:188} INFO - [2024-05-06T07:34:01.430+0700] {dag.py:3954} INFO - Setting next_dagrun for example_subdag_operator.section-1 to None, run_after=None
[2024-05-06T07:34:01.431+0700] {logging_mixin.py:188} INFO - [2024-05-06T07:34:01.431+0700] {dag.py:3954} INFO - Setting next_dagrun for example_subdag_operator.section-2 to None, run_after=None
[2024-05-06T07:34:01.440+0700] {processor.py:183} INFO - Processing /Library/Frameworks/Python.framework/Versions/3.10/lib/python3.10/site-packages/airflow/example_dags/example_subdag_operator.py took 0.167 seconds
[2024-05-06T07:35:17.692+0700] {processor.py:161} INFO - Started process (PID=73682) to work on /Library/Frameworks/Python.framework/Versions/3.10/lib/python3.10/site-packages/airflow/example_dags/example_subdag_operator.py
[2024-05-06T07:35:17.693+0700] {processor.py:830} INFO - Processing file /Library/Frameworks/Python.framework/Versions/3.10/lib/python3.10/site-packages/airflow/example_dags/example_subdag_operator.py for tasks to queue
[2024-05-06T07:35:17.694+0700] {logging_mixin.py:188} INFO - [2024-05-06T07:35:17.693+0700] {dagbag.py:540} INFO - Filling up the DagBag from /Library/Frameworks/Python.framework/Versions/3.10/lib/python3.10/site-packages/airflow/example_dags/example_subdag_operator.py
[2024-05-06T07:35:17.751+0700] {processor.py:840} INFO - DAG(s) 'example_subdag_operator.section-1', 'example_subdag_operator.section-2', 'example_subdag_operator' retrieved from /Library/Frameworks/Python.framework/Versions/3.10/lib/python3.10/site-packages/airflow/example_dags/example_subdag_operator.py
[2024-05-06T07:35:17.818+0700] {logging_mixin.py:188} INFO - [2024-05-06T07:35:17.818+0700] {dag.py:3096} INFO - Sync 3 DAGs
[2024-05-06T07:35:17.827+0700] {logging_mixin.py:188} INFO - [2024-05-06T07:35:17.827+0700] {dag.py:3954} INFO - Setting next_dagrun for example_subdag_operator to 2022-01-01 00:00:00+00:00, run_after=2022-01-01 00:00:00+00:00
[2024-05-06T07:35:17.829+0700] {logging_mixin.py:188} INFO - [2024-05-06T07:35:17.829+0700] {dag.py:3954} INFO - Setting next_dagrun for example_subdag_operator.section-1 to None, run_after=None
[2024-05-06T07:35:17.830+0700] {logging_mixin.py:188} INFO - [2024-05-06T07:35:17.830+0700] {dag.py:3954} INFO - Setting next_dagrun for example_subdag_operator.section-2 to None, run_after=None
[2024-05-06T07:35:17.834+0700] {logging_mixin.py:188} INFO - [2024-05-06T07:35:17.834+0700] {dag.py:3096} INFO - Sync 2 DAGs
[2024-05-06T07:35:17.836+0700] {logging_mixin.py:188} INFO - [2024-05-06T07:35:17.836+0700] {dag.py:3954} INFO - Setting next_dagrun for example_subdag_operator.section-1 to None, run_after=None
[2024-05-06T07:35:17.836+0700] {logging_mixin.py:188} INFO - [2024-05-06T07:35:17.836+0700] {dag.py:3954} INFO - Setting next_dagrun for example_subdag_operator.section-2 to None, run_after=None
[2024-05-06T07:35:17.843+0700] {processor.py:183} INFO - Processing /Library/Frameworks/Python.framework/Versions/3.10/lib/python3.10/site-packages/airflow/example_dags/example_subdag_operator.py took 0.152 seconds
[2024-05-06T07:36:34.567+0700] {processor.py:161} INFO - Started process (PID=74020) to work on /Library/Frameworks/Python.framework/Versions/3.10/lib/python3.10/site-packages/airflow/example_dags/example_subdag_operator.py
[2024-05-06T07:36:34.568+0700] {processor.py:830} INFO - Processing file /Library/Frameworks/Python.framework/Versions/3.10/lib/python3.10/site-packages/airflow/example_dags/example_subdag_operator.py for tasks to queue
[2024-05-06T07:36:34.568+0700] {logging_mixin.py:188} INFO - [2024-05-06T07:36:34.568+0700] {dagbag.py:540} INFO - Filling up the DagBag from /Library/Frameworks/Python.framework/Versions/3.10/lib/python3.10/site-packages/airflow/example_dags/example_subdag_operator.py
[2024-05-06T07:36:34.624+0700] {processor.py:840} INFO - DAG(s) 'example_subdag_operator.section-1', 'example_subdag_operator.section-2', 'example_subdag_operator' retrieved from /Library/Frameworks/Python.framework/Versions/3.10/lib/python3.10/site-packages/airflow/example_dags/example_subdag_operator.py
[2024-05-06T07:36:34.690+0700] {logging_mixin.py:188} INFO - [2024-05-06T07:36:34.690+0700] {dag.py:3096} INFO - Sync 3 DAGs
[2024-05-06T07:36:34.699+0700] {logging_mixin.py:188} INFO - [2024-05-06T07:36:34.699+0700] {dag.py:3954} INFO - Setting next_dagrun for example_subdag_operator to 2022-01-01 00:00:00+00:00, run_after=2022-01-01 00:00:00+00:00
[2024-05-06T07:36:34.701+0700] {logging_mixin.py:188} INFO - [2024-05-06T07:36:34.701+0700] {dag.py:3954} INFO - Setting next_dagrun for example_subdag_operator.section-1 to None, run_after=None
[2024-05-06T07:36:34.701+0700] {logging_mixin.py:188} INFO - [2024-05-06T07:36:34.701+0700] {dag.py:3954} INFO - Setting next_dagrun for example_subdag_operator.section-2 to None, run_after=None
[2024-05-06T07:36:34.705+0700] {logging_mixin.py:188} INFO - [2024-05-06T07:36:34.705+0700] {dag.py:3096} INFO - Sync 2 DAGs
[2024-05-06T07:36:34.707+0700] {logging_mixin.py:188} INFO - [2024-05-06T07:36:34.707+0700] {dag.py:3954} INFO - Setting next_dagrun for example_subdag_operator.section-1 to None, run_after=None
[2024-05-06T07:36:34.707+0700] {logging_mixin.py:188} INFO - [2024-05-06T07:36:34.707+0700] {dag.py:3954} INFO - Setting next_dagrun for example_subdag_operator.section-2 to None, run_after=None
[2024-05-06T07:36:34.715+0700] {processor.py:183} INFO - Processing /Library/Frameworks/Python.framework/Versions/3.10/lib/python3.10/site-packages/airflow/example_dags/example_subdag_operator.py took 0.150 seconds
[2024-05-06T07:37:51.301+0700] {processor.py:161} INFO - Started process (PID=74372) to work on /Library/Frameworks/Python.framework/Versions/3.10/lib/python3.10/site-packages/airflow/example_dags/example_subdag_operator.py
[2024-05-06T07:37:51.303+0700] {processor.py:830} INFO - Processing file /Library/Frameworks/Python.framework/Versions/3.10/lib/python3.10/site-packages/airflow/example_dags/example_subdag_operator.py for tasks to queue
[2024-05-06T07:37:51.304+0700] {logging_mixin.py:188} INFO - [2024-05-06T07:37:51.303+0700] {dagbag.py:540} INFO - Filling up the DagBag from /Library/Frameworks/Python.framework/Versions/3.10/lib/python3.10/site-packages/airflow/example_dags/example_subdag_operator.py
[2024-05-06T07:37:51.359+0700] {processor.py:840} INFO - DAG(s) 'example_subdag_operator.section-1', 'example_subdag_operator.section-2', 'example_subdag_operator' retrieved from /Library/Frameworks/Python.framework/Versions/3.10/lib/python3.10/site-packages/airflow/example_dags/example_subdag_operator.py
[2024-05-06T07:37:51.423+0700] {logging_mixin.py:188} INFO - [2024-05-06T07:37:51.422+0700] {dag.py:3096} INFO - Sync 3 DAGs
[2024-05-06T07:37:51.431+0700] {logging_mixin.py:188} INFO - [2024-05-06T07:37:51.431+0700] {dag.py:3954} INFO - Setting next_dagrun for example_subdag_operator to 2022-01-01 00:00:00+00:00, run_after=2022-01-01 00:00:00+00:00
[2024-05-06T07:37:51.433+0700] {logging_mixin.py:188} INFO - [2024-05-06T07:37:51.433+0700] {dag.py:3954} INFO - Setting next_dagrun for example_subdag_operator.section-1 to None, run_after=None
[2024-05-06T07:37:51.434+0700] {logging_mixin.py:188} INFO - [2024-05-06T07:37:51.434+0700] {dag.py:3954} INFO - Setting next_dagrun for example_subdag_operator.section-2 to None, run_after=None
[2024-05-06T07:37:51.437+0700] {logging_mixin.py:188} INFO - [2024-05-06T07:37:51.437+0700] {dag.py:3096} INFO - Sync 2 DAGs
[2024-05-06T07:37:51.439+0700] {logging_mixin.py:188} INFO - [2024-05-06T07:37:51.439+0700] {dag.py:3954} INFO - Setting next_dagrun for example_subdag_operator.section-1 to None, run_after=None
[2024-05-06T07:37:51.440+0700] {logging_mixin.py:188} INFO - [2024-05-06T07:37:51.440+0700] {dag.py:3954} INFO - Setting next_dagrun for example_subdag_operator.section-2 to None, run_after=None
[2024-05-06T07:37:51.446+0700] {processor.py:183} INFO - Processing /Library/Frameworks/Python.framework/Versions/3.10/lib/python3.10/site-packages/airflow/example_dags/example_subdag_operator.py took 0.147 seconds
[2024-05-06T07:39:08.006+0700] {processor.py:161} INFO - Started process (PID=74722) to work on /Library/Frameworks/Python.framework/Versions/3.10/lib/python3.10/site-packages/airflow/example_dags/example_subdag_operator.py
[2024-05-06T07:39:08.007+0700] {processor.py:830} INFO - Processing file /Library/Frameworks/Python.framework/Versions/3.10/lib/python3.10/site-packages/airflow/example_dags/example_subdag_operator.py for tasks to queue
[2024-05-06T07:39:08.007+0700] {logging_mixin.py:188} INFO - [2024-05-06T07:39:08.007+0700] {dagbag.py:540} INFO - Filling up the DagBag from /Library/Frameworks/Python.framework/Versions/3.10/lib/python3.10/site-packages/airflow/example_dags/example_subdag_operator.py
[2024-05-06T07:39:08.065+0700] {processor.py:840} INFO - DAG(s) 'example_subdag_operator.section-1', 'example_subdag_operator.section-2', 'example_subdag_operator' retrieved from /Library/Frameworks/Python.framework/Versions/3.10/lib/python3.10/site-packages/airflow/example_dags/example_subdag_operator.py
[2024-05-06T07:39:08.133+0700] {logging_mixin.py:188} INFO - [2024-05-06T07:39:08.133+0700] {dag.py:3096} INFO - Sync 3 DAGs
[2024-05-06T07:39:08.142+0700] {logging_mixin.py:188} INFO - [2024-05-06T07:39:08.142+0700] {dag.py:3954} INFO - Setting next_dagrun for example_subdag_operator to 2022-01-01 00:00:00+00:00, run_after=2022-01-01 00:00:00+00:00
[2024-05-06T07:39:08.144+0700] {logging_mixin.py:188} INFO - [2024-05-06T07:39:08.143+0700] {dag.py:3954} INFO - Setting next_dagrun for example_subdag_operator.section-1 to None, run_after=None
[2024-05-06T07:39:08.144+0700] {logging_mixin.py:188} INFO - [2024-05-06T07:39:08.144+0700] {dag.py:3954} INFO - Setting next_dagrun for example_subdag_operator.section-2 to None, run_after=None
[2024-05-06T07:39:08.148+0700] {logging_mixin.py:188} INFO - [2024-05-06T07:39:08.148+0700] {dag.py:3096} INFO - Sync 2 DAGs
[2024-05-06T07:39:08.150+0700] {logging_mixin.py:188} INFO - [2024-05-06T07:39:08.150+0700] {dag.py:3954} INFO - Setting next_dagrun for example_subdag_operator.section-1 to None, run_after=None
[2024-05-06T07:39:08.150+0700] {logging_mixin.py:188} INFO - [2024-05-06T07:39:08.150+0700] {dag.py:3954} INFO - Setting next_dagrun for example_subdag_operator.section-2 to None, run_after=None
[2024-05-06T07:39:08.157+0700] {processor.py:183} INFO - Processing /Library/Frameworks/Python.framework/Versions/3.10/lib/python3.10/site-packages/airflow/example_dags/example_subdag_operator.py took 0.153 seconds
[2024-05-06T07:40:26.567+0700] {processor.py:161} INFO - Started process (PID=75085) to work on /Library/Frameworks/Python.framework/Versions/3.10/lib/python3.10/site-packages/airflow/example_dags/example_subdag_operator.py
[2024-05-06T07:40:26.568+0700] {processor.py:830} INFO - Processing file /Library/Frameworks/Python.framework/Versions/3.10/lib/python3.10/site-packages/airflow/example_dags/example_subdag_operator.py for tasks to queue
[2024-05-06T07:40:26.568+0700] {logging_mixin.py:188} INFO - [2024-05-06T07:40:26.568+0700] {dagbag.py:540} INFO - Filling up the DagBag from /Library/Frameworks/Python.framework/Versions/3.10/lib/python3.10/site-packages/airflow/example_dags/example_subdag_operator.py
[2024-05-06T07:40:26.625+0700] {processor.py:840} INFO - DAG(s) 'example_subdag_operator.section-1', 'example_subdag_operator.section-2', 'example_subdag_operator' retrieved from /Library/Frameworks/Python.framework/Versions/3.10/lib/python3.10/site-packages/airflow/example_dags/example_subdag_operator.py
[2024-05-06T07:40:26.691+0700] {logging_mixin.py:188} INFO - [2024-05-06T07:40:26.691+0700] {dag.py:3096} INFO - Sync 3 DAGs
[2024-05-06T07:40:26.701+0700] {logging_mixin.py:188} INFO - [2024-05-06T07:40:26.701+0700] {dag.py:3954} INFO - Setting next_dagrun for example_subdag_operator to 2022-01-01 00:00:00+00:00, run_after=2022-01-01 00:00:00+00:00
[2024-05-06T07:40:26.703+0700] {logging_mixin.py:188} INFO - [2024-05-06T07:40:26.702+0700] {dag.py:3954} INFO - Setting next_dagrun for example_subdag_operator.section-1 to None, run_after=None
[2024-05-06T07:40:26.703+0700] {logging_mixin.py:188} INFO - [2024-05-06T07:40:26.703+0700] {dag.py:3954} INFO - Setting next_dagrun for example_subdag_operator.section-2 to None, run_after=None
[2024-05-06T07:40:26.707+0700] {logging_mixin.py:188} INFO - [2024-05-06T07:40:26.707+0700] {dag.py:3096} INFO - Sync 2 DAGs
[2024-05-06T07:40:26.709+0700] {logging_mixin.py:188} INFO - [2024-05-06T07:40:26.709+0700] {dag.py:3954} INFO - Setting next_dagrun for example_subdag_operator.section-1 to None, run_after=None
[2024-05-06T07:40:26.710+0700] {logging_mixin.py:188} INFO - [2024-05-06T07:40:26.709+0700] {dag.py:3954} INFO - Setting next_dagrun for example_subdag_operator.section-2 to None, run_after=None
[2024-05-06T07:40:26.717+0700] {processor.py:183} INFO - Processing /Library/Frameworks/Python.framework/Versions/3.10/lib/python3.10/site-packages/airflow/example_dags/example_subdag_operator.py took 0.152 seconds
[2024-05-06T07:58:12.446+0700] {processor.py:161} INFO - Started process (PID=75459) to work on /Library/Frameworks/Python.framework/Versions/3.10/lib/python3.10/site-packages/airflow/example_dags/example_subdag_operator.py
[2024-05-06T07:58:12.447+0700] {processor.py:830} INFO - Processing file /Library/Frameworks/Python.framework/Versions/3.10/lib/python3.10/site-packages/airflow/example_dags/example_subdag_operator.py for tasks to queue
[2024-05-06T07:58:12.447+0700] {logging_mixin.py:188} INFO - [2024-05-06T07:58:12.447+0700] {dagbag.py:540} INFO - Filling up the DagBag from /Library/Frameworks/Python.framework/Versions/3.10/lib/python3.10/site-packages/airflow/example_dags/example_subdag_operator.py
[2024-05-06T07:58:12.504+0700] {processor.py:840} INFO - DAG(s) 'example_subdag_operator.section-1', 'example_subdag_operator.section-2', 'example_subdag_operator' retrieved from /Library/Frameworks/Python.framework/Versions/3.10/lib/python3.10/site-packages/airflow/example_dags/example_subdag_operator.py
[2024-05-06T07:58:12.571+0700] {logging_mixin.py:188} INFO - [2024-05-06T07:58:12.571+0700] {dag.py:3096} INFO - Sync 3 DAGs
[2024-05-06T07:58:12.580+0700] {logging_mixin.py:188} INFO - [2024-05-06T07:58:12.580+0700] {dag.py:3954} INFO - Setting next_dagrun for example_subdag_operator to 2022-01-01 00:00:00+00:00, run_after=2022-01-01 00:00:00+00:00
[2024-05-06T07:58:12.582+0700] {logging_mixin.py:188} INFO - [2024-05-06T07:58:12.582+0700] {dag.py:3954} INFO - Setting next_dagrun for example_subdag_operator.section-1 to None, run_after=None
[2024-05-06T07:58:12.583+0700] {logging_mixin.py:188} INFO - [2024-05-06T07:58:12.583+0700] {dag.py:3954} INFO - Setting next_dagrun for example_subdag_operator.section-2 to None, run_after=None
[2024-05-06T07:58:12.586+0700] {logging_mixin.py:188} INFO - [2024-05-06T07:58:12.586+0700] {dag.py:3096} INFO - Sync 2 DAGs
[2024-05-06T07:58:12.589+0700] {logging_mixin.py:188} INFO - [2024-05-06T07:58:12.588+0700] {dag.py:3954} INFO - Setting next_dagrun for example_subdag_operator.section-1 to None, run_after=None
[2024-05-06T07:58:12.589+0700] {logging_mixin.py:188} INFO - [2024-05-06T07:58:12.589+0700] {dag.py:3954} INFO - Setting next_dagrun for example_subdag_operator.section-2 to None, run_after=None
[2024-05-06T07:58:12.596+0700] {processor.py:183} INFO - Processing /Library/Frameworks/Python.framework/Versions/3.10/lib/python3.10/site-packages/airflow/example_dags/example_subdag_operator.py took 0.151 seconds
[2024-05-06T08:15:33.141+0700] {processor.py:161} INFO - Started process (PID=75812) to work on /Library/Frameworks/Python.framework/Versions/3.10/lib/python3.10/site-packages/airflow/example_dags/example_subdag_operator.py
[2024-05-06T08:15:33.143+0700] {processor.py:830} INFO - Processing file /Library/Frameworks/Python.framework/Versions/3.10/lib/python3.10/site-packages/airflow/example_dags/example_subdag_operator.py for tasks to queue
[2024-05-06T08:15:33.143+0700] {logging_mixin.py:188} INFO - [2024-05-06T08:15:33.143+0700] {dagbag.py:540} INFO - Filling up the DagBag from /Library/Frameworks/Python.framework/Versions/3.10/lib/python3.10/site-packages/airflow/example_dags/example_subdag_operator.py
[2024-05-06T08:15:33.199+0700] {processor.py:840} INFO - DAG(s) 'example_subdag_operator.section-1', 'example_subdag_operator.section-2', 'example_subdag_operator' retrieved from /Library/Frameworks/Python.framework/Versions/3.10/lib/python3.10/site-packages/airflow/example_dags/example_subdag_operator.py
[2024-05-06T08:15:33.263+0700] {logging_mixin.py:188} INFO - [2024-05-06T08:15:33.263+0700] {dag.py:3096} INFO - Sync 3 DAGs
[2024-05-06T08:15:33.273+0700] {logging_mixin.py:188} INFO - [2024-05-06T08:15:33.272+0700] {dag.py:3954} INFO - Setting next_dagrun for example_subdag_operator to 2022-01-01 00:00:00+00:00, run_after=2022-01-01 00:00:00+00:00
[2024-05-06T08:15:33.274+0700] {logging_mixin.py:188} INFO - [2024-05-06T08:15:33.274+0700] {dag.py:3954} INFO - Setting next_dagrun for example_subdag_operator.section-1 to None, run_after=None
[2024-05-06T08:15:33.275+0700] {logging_mixin.py:188} INFO - [2024-05-06T08:15:33.275+0700] {dag.py:3954} INFO - Setting next_dagrun for example_subdag_operator.section-2 to None, run_after=None
[2024-05-06T08:15:33.278+0700] {logging_mixin.py:188} INFO - [2024-05-06T08:15:33.278+0700] {dag.py:3096} INFO - Sync 2 DAGs
[2024-05-06T08:15:33.281+0700] {logging_mixin.py:188} INFO - [2024-05-06T08:15:33.280+0700] {dag.py:3954} INFO - Setting next_dagrun for example_subdag_operator.section-1 to None, run_after=None
[2024-05-06T08:15:33.281+0700] {logging_mixin.py:188} INFO - [2024-05-06T08:15:33.281+0700] {dag.py:3954} INFO - Setting next_dagrun for example_subdag_operator.section-2 to None, run_after=None
[2024-05-06T08:15:33.288+0700] {processor.py:183} INFO - Processing /Library/Frameworks/Python.framework/Versions/3.10/lib/python3.10/site-packages/airflow/example_dags/example_subdag_operator.py took 0.148 seconds
[2024-05-06T08:36:01.208+0700] {processor.py:161} INFO - Started process (PID=76258) to work on /Library/Frameworks/Python.framework/Versions/3.10/lib/python3.10/site-packages/airflow/example_dags/example_subdag_operator.py
[2024-05-06T08:36:01.209+0700] {processor.py:830} INFO - Processing file /Library/Frameworks/Python.framework/Versions/3.10/lib/python3.10/site-packages/airflow/example_dags/example_subdag_operator.py for tasks to queue
[2024-05-06T08:36:01.209+0700] {logging_mixin.py:188} INFO - [2024-05-06T08:36:01.209+0700] {dagbag.py:540} INFO - Filling up the DagBag from /Library/Frameworks/Python.framework/Versions/3.10/lib/python3.10/site-packages/airflow/example_dags/example_subdag_operator.py
[2024-05-06T08:36:01.267+0700] {processor.py:840} INFO - DAG(s) 'example_subdag_operator.section-1', 'example_subdag_operator.section-2', 'example_subdag_operator' retrieved from /Library/Frameworks/Python.framework/Versions/3.10/lib/python3.10/site-packages/airflow/example_dags/example_subdag_operator.py
[2024-05-06T08:36:01.335+0700] {logging_mixin.py:188} INFO - [2024-05-06T08:36:01.335+0700] {dag.py:3096} INFO - Sync 3 DAGs
[2024-05-06T08:36:01.345+0700] {logging_mixin.py:188} INFO - [2024-05-06T08:36:01.344+0700] {dag.py:3954} INFO - Setting next_dagrun for example_subdag_operator to 2022-01-01 00:00:00+00:00, run_after=2022-01-01 00:00:00+00:00
[2024-05-06T08:36:01.346+0700] {logging_mixin.py:188} INFO - [2024-05-06T08:36:01.346+0700] {dag.py:3954} INFO - Setting next_dagrun for example_subdag_operator.section-1 to None, run_after=None
[2024-05-06T08:36:01.347+0700] {logging_mixin.py:188} INFO - [2024-05-06T08:36:01.347+0700] {dag.py:3954} INFO - Setting next_dagrun for example_subdag_operator.section-2 to None, run_after=None
[2024-05-06T08:36:01.351+0700] {logging_mixin.py:188} INFO - [2024-05-06T08:36:01.350+0700] {dag.py:3096} INFO - Sync 2 DAGs
[2024-05-06T08:36:01.353+0700] {logging_mixin.py:188} INFO - [2024-05-06T08:36:01.353+0700] {dag.py:3954} INFO - Setting next_dagrun for example_subdag_operator.section-1 to None, run_after=None
[2024-05-06T08:36:01.353+0700] {logging_mixin.py:188} INFO - [2024-05-06T08:36:01.353+0700] {dag.py:3954} INFO - Setting next_dagrun for example_subdag_operator.section-2 to None, run_after=None
[2024-05-06T08:36:01.360+0700] {processor.py:183} INFO - Processing /Library/Frameworks/Python.framework/Versions/3.10/lib/python3.10/site-packages/airflow/example_dags/example_subdag_operator.py took 0.153 seconds
[2024-05-06T09:00:44.992+0700] {processor.py:161} INFO - Started process (PID=76649) to work on /Library/Frameworks/Python.framework/Versions/3.10/lib/python3.10/site-packages/airflow/example_dags/example_subdag_operator.py
[2024-05-06T09:00:44.993+0700] {processor.py:830} INFO - Processing file /Library/Frameworks/Python.framework/Versions/3.10/lib/python3.10/site-packages/airflow/example_dags/example_subdag_operator.py for tasks to queue
[2024-05-06T09:00:44.993+0700] {logging_mixin.py:188} INFO - [2024-05-06T09:00:44.993+0700] {dagbag.py:540} INFO - Filling up the DagBag from /Library/Frameworks/Python.framework/Versions/3.10/lib/python3.10/site-packages/airflow/example_dags/example_subdag_operator.py
[2024-05-06T09:00:45.052+0700] {processor.py:840} INFO - DAG(s) 'example_subdag_operator.section-1', 'example_subdag_operator.section-2', 'example_subdag_operator' retrieved from /Library/Frameworks/Python.framework/Versions/3.10/lib/python3.10/site-packages/airflow/example_dags/example_subdag_operator.py
[2024-05-06T09:00:45.119+0700] {logging_mixin.py:188} INFO - [2024-05-06T09:00:45.119+0700] {dag.py:3096} INFO - Sync 3 DAGs
[2024-05-06T09:00:45.129+0700] {logging_mixin.py:188} INFO - [2024-05-06T09:00:45.129+0700] {dag.py:3954} INFO - Setting next_dagrun for example_subdag_operator to 2022-01-01 00:00:00+00:00, run_after=2022-01-01 00:00:00+00:00
[2024-05-06T09:00:45.130+0700] {logging_mixin.py:188} INFO - [2024-05-06T09:00:45.130+0700] {dag.py:3954} INFO - Setting next_dagrun for example_subdag_operator.section-1 to None, run_after=None
[2024-05-06T09:00:45.131+0700] {logging_mixin.py:188} INFO - [2024-05-06T09:00:45.131+0700] {dag.py:3954} INFO - Setting next_dagrun for example_subdag_operator.section-2 to None, run_after=None
[2024-05-06T09:00:45.135+0700] {logging_mixin.py:188} INFO - [2024-05-06T09:00:45.135+0700] {dag.py:3096} INFO - Sync 2 DAGs
[2024-05-06T09:00:45.137+0700] {logging_mixin.py:188} INFO - [2024-05-06T09:00:45.137+0700] {dag.py:3954} INFO - Setting next_dagrun for example_subdag_operator.section-1 to None, run_after=None
[2024-05-06T09:00:45.137+0700] {logging_mixin.py:188} INFO - [2024-05-06T09:00:45.137+0700] {dag.py:3954} INFO - Setting next_dagrun for example_subdag_operator.section-2 to None, run_after=None
[2024-05-06T09:00:45.144+0700] {processor.py:183} INFO - Processing /Library/Frameworks/Python.framework/Versions/3.10/lib/python3.10/site-packages/airflow/example_dags/example_subdag_operator.py took 0.154 seconds
[2024-05-06T09:02:06.146+0700] {processor.py:161} INFO - Started process (PID=77015) to work on /Library/Frameworks/Python.framework/Versions/3.10/lib/python3.10/site-packages/airflow/example_dags/example_subdag_operator.py
[2024-05-06T09:02:06.148+0700] {processor.py:830} INFO - Processing file /Library/Frameworks/Python.framework/Versions/3.10/lib/python3.10/site-packages/airflow/example_dags/example_subdag_operator.py for tasks to queue
[2024-05-06T09:02:06.148+0700] {logging_mixin.py:188} INFO - [2024-05-06T09:02:06.148+0700] {dagbag.py:540} INFO - Filling up the DagBag from /Library/Frameworks/Python.framework/Versions/3.10/lib/python3.10/site-packages/airflow/example_dags/example_subdag_operator.py
[2024-05-06T09:02:06.204+0700] {processor.py:840} INFO - DAG(s) 'example_subdag_operator.section-1', 'example_subdag_operator.section-2', 'example_subdag_operator' retrieved from /Library/Frameworks/Python.framework/Versions/3.10/lib/python3.10/site-packages/airflow/example_dags/example_subdag_operator.py
[2024-05-06T09:02:06.270+0700] {logging_mixin.py:188} INFO - [2024-05-06T09:02:06.270+0700] {dag.py:3096} INFO - Sync 3 DAGs
[2024-05-06T09:02:06.279+0700] {logging_mixin.py:188} INFO - [2024-05-06T09:02:06.279+0700] {dag.py:3954} INFO - Setting next_dagrun for example_subdag_operator to 2022-01-01 00:00:00+00:00, run_after=2022-01-01 00:00:00+00:00
[2024-05-06T09:02:06.281+0700] {logging_mixin.py:188} INFO - [2024-05-06T09:02:06.281+0700] {dag.py:3954} INFO - Setting next_dagrun for example_subdag_operator.section-1 to None, run_after=None
[2024-05-06T09:02:06.282+0700] {logging_mixin.py:188} INFO - [2024-05-06T09:02:06.281+0700] {dag.py:3954} INFO - Setting next_dagrun for example_subdag_operator.section-2 to None, run_after=None
[2024-05-06T09:02:06.285+0700] {logging_mixin.py:188} INFO - [2024-05-06T09:02:06.285+0700] {dag.py:3096} INFO - Sync 2 DAGs
[2024-05-06T09:02:06.287+0700] {logging_mixin.py:188} INFO - [2024-05-06T09:02:06.287+0700] {dag.py:3954} INFO - Setting next_dagrun for example_subdag_operator.section-1 to None, run_after=None
[2024-05-06T09:02:06.288+0700] {logging_mixin.py:188} INFO - [2024-05-06T09:02:06.288+0700] {dag.py:3954} INFO - Setting next_dagrun for example_subdag_operator.section-2 to None, run_after=None
[2024-05-06T09:02:06.294+0700] {processor.py:183} INFO - Processing /Library/Frameworks/Python.framework/Versions/3.10/lib/python3.10/site-packages/airflow/example_dags/example_subdag_operator.py took 0.150 seconds
[2024-05-06T09:20:49.633+0700] {processor.py:161} INFO - Started process (PID=77397) to work on /Library/Frameworks/Python.framework/Versions/3.10/lib/python3.10/site-packages/airflow/example_dags/example_subdag_operator.py
[2024-05-06T09:20:49.635+0700] {processor.py:830} INFO - Processing file /Library/Frameworks/Python.framework/Versions/3.10/lib/python3.10/site-packages/airflow/example_dags/example_subdag_operator.py for tasks to queue
[2024-05-06T09:20:49.635+0700] {logging_mixin.py:188} INFO - [2024-05-06T09:20:49.635+0700] {dagbag.py:540} INFO - Filling up the DagBag from /Library/Frameworks/Python.framework/Versions/3.10/lib/python3.10/site-packages/airflow/example_dags/example_subdag_operator.py
[2024-05-06T09:20:49.691+0700] {processor.py:840} INFO - DAG(s) 'example_subdag_operator.section-1', 'example_subdag_operator.section-2', 'example_subdag_operator' retrieved from /Library/Frameworks/Python.framework/Versions/3.10/lib/python3.10/site-packages/airflow/example_dags/example_subdag_operator.py
[2024-05-06T09:20:49.759+0700] {logging_mixin.py:188} INFO - [2024-05-06T09:20:49.759+0700] {dag.py:3096} INFO - Sync 3 DAGs
[2024-05-06T09:20:49.768+0700] {logging_mixin.py:188} INFO - [2024-05-06T09:20:49.768+0700] {dag.py:3954} INFO - Setting next_dagrun for example_subdag_operator to 2022-01-01 00:00:00+00:00, run_after=2022-01-01 00:00:00+00:00
[2024-05-06T09:20:49.770+0700] {logging_mixin.py:188} INFO - [2024-05-06T09:20:49.770+0700] {dag.py:3954} INFO - Setting next_dagrun for example_subdag_operator.section-1 to None, run_after=None
[2024-05-06T09:20:49.770+0700] {logging_mixin.py:188} INFO - [2024-05-06T09:20:49.770+0700] {dag.py:3954} INFO - Setting next_dagrun for example_subdag_operator.section-2 to None, run_after=None
[2024-05-06T09:20:49.774+0700] {logging_mixin.py:188} INFO - [2024-05-06T09:20:49.774+0700] {dag.py:3096} INFO - Sync 2 DAGs
[2024-05-06T09:20:49.776+0700] {logging_mixin.py:188} INFO - [2024-05-06T09:20:49.776+0700] {dag.py:3954} INFO - Setting next_dagrun for example_subdag_operator.section-1 to None, run_after=None
[2024-05-06T09:20:49.776+0700] {logging_mixin.py:188} INFO - [2024-05-06T09:20:49.776+0700] {dag.py:3954} INFO - Setting next_dagrun for example_subdag_operator.section-2 to None, run_after=None
[2024-05-06T09:20:49.783+0700] {processor.py:183} INFO - Processing /Library/Frameworks/Python.framework/Versions/3.10/lib/python3.10/site-packages/airflow/example_dags/example_subdag_operator.py took 0.152 seconds
[2024-05-06T09:37:09.626+0700] {processor.py:161} INFO - Started process (PID=77773) to work on /Library/Frameworks/Python.framework/Versions/3.10/lib/python3.10/site-packages/airflow/example_dags/example_subdag_operator.py
[2024-05-06T09:37:09.626+0700] {processor.py:830} INFO - Processing file /Library/Frameworks/Python.framework/Versions/3.10/lib/python3.10/site-packages/airflow/example_dags/example_subdag_operator.py for tasks to queue
[2024-05-06T09:37:09.627+0700] {logging_mixin.py:188} INFO - [2024-05-06T09:37:09.627+0700] {dagbag.py:540} INFO - Filling up the DagBag from /Library/Frameworks/Python.framework/Versions/3.10/lib/python3.10/site-packages/airflow/example_dags/example_subdag_operator.py
[2024-05-06T09:37:09.683+0700] {processor.py:840} INFO - DAG(s) 'example_subdag_operator.section-1', 'example_subdag_operator.section-2', 'example_subdag_operator' retrieved from /Library/Frameworks/Python.framework/Versions/3.10/lib/python3.10/site-packages/airflow/example_dags/example_subdag_operator.py
[2024-05-06T09:37:09.749+0700] {logging_mixin.py:188} INFO - [2024-05-06T09:37:09.749+0700] {dag.py:3096} INFO - Sync 3 DAGs
[2024-05-06T09:37:09.758+0700] {logging_mixin.py:188} INFO - [2024-05-06T09:37:09.758+0700] {dag.py:3954} INFO - Setting next_dagrun for example_subdag_operator to 2022-01-01 00:00:00+00:00, run_after=2022-01-01 00:00:00+00:00
[2024-05-06T09:37:09.760+0700] {logging_mixin.py:188} INFO - [2024-05-06T09:37:09.760+0700] {dag.py:3954} INFO - Setting next_dagrun for example_subdag_operator.section-1 to None, run_after=None
[2024-05-06T09:37:09.760+0700] {logging_mixin.py:188} INFO - [2024-05-06T09:37:09.760+0700] {dag.py:3954} INFO - Setting next_dagrun for example_subdag_operator.section-2 to None, run_after=None
[2024-05-06T09:37:09.765+0700] {logging_mixin.py:188} INFO - [2024-05-06T09:37:09.764+0700] {dag.py:3096} INFO - Sync 2 DAGs
[2024-05-06T09:37:09.767+0700] {logging_mixin.py:188} INFO - [2024-05-06T09:37:09.766+0700] {dag.py:3954} INFO - Setting next_dagrun for example_subdag_operator.section-1 to None, run_after=None
[2024-05-06T09:37:09.767+0700] {logging_mixin.py:188} INFO - [2024-05-06T09:37:09.767+0700] {dag.py:3954} INFO - Setting next_dagrun for example_subdag_operator.section-2 to None, run_after=None
[2024-05-06T09:37:09.774+0700] {processor.py:183} INFO - Processing /Library/Frameworks/Python.framework/Versions/3.10/lib/python3.10/site-packages/airflow/example_dags/example_subdag_operator.py took 0.150 seconds
[2024-05-06T09:38:54.448+0700] {processor.py:161} INFO - Started process (PID=78254) to work on /Library/Frameworks/Python.framework/Versions/3.10/lib/python3.10/site-packages/airflow/example_dags/example_subdag_operator.py
[2024-05-06T09:38:54.450+0700] {processor.py:830} INFO - Processing file /Library/Frameworks/Python.framework/Versions/3.10/lib/python3.10/site-packages/airflow/example_dags/example_subdag_operator.py for tasks to queue
[2024-05-06T09:38:54.450+0700] {logging_mixin.py:188} INFO - [2024-05-06T09:38:54.450+0700] {dagbag.py:540} INFO - Filling up the DagBag from /Library/Frameworks/Python.framework/Versions/3.10/lib/python3.10/site-packages/airflow/example_dags/example_subdag_operator.py
[2024-05-06T09:38:54.507+0700] {processor.py:840} INFO - DAG(s) 'example_subdag_operator.section-1', 'example_subdag_operator.section-2', 'example_subdag_operator' retrieved from /Library/Frameworks/Python.framework/Versions/3.10/lib/python3.10/site-packages/airflow/example_dags/example_subdag_operator.py
[2024-05-06T09:38:54.570+0700] {logging_mixin.py:188} INFO - [2024-05-06T09:38:54.570+0700] {dag.py:3096} INFO - Sync 3 DAGs
[2024-05-06T09:38:54.579+0700] {logging_mixin.py:188} INFO - [2024-05-06T09:38:54.579+0700] {dag.py:3954} INFO - Setting next_dagrun for example_subdag_operator to 2022-01-01 00:00:00+00:00, run_after=2022-01-01 00:00:00+00:00
[2024-05-06T09:38:54.581+0700] {logging_mixin.py:188} INFO - [2024-05-06T09:38:54.581+0700] {dag.py:3954} INFO - Setting next_dagrun for example_subdag_operator.section-1 to None, run_after=None
[2024-05-06T09:38:54.582+0700] {logging_mixin.py:188} INFO - [2024-05-06T09:38:54.581+0700] {dag.py:3954} INFO - Setting next_dagrun for example_subdag_operator.section-2 to None, run_after=None
[2024-05-06T09:38:54.585+0700] {logging_mixin.py:188} INFO - [2024-05-06T09:38:54.585+0700] {dag.py:3096} INFO - Sync 2 DAGs
[2024-05-06T09:38:54.587+0700] {logging_mixin.py:188} INFO - [2024-05-06T09:38:54.587+0700] {dag.py:3954} INFO - Setting next_dagrun for example_subdag_operator.section-1 to None, run_after=None
[2024-05-06T09:38:54.588+0700] {logging_mixin.py:188} INFO - [2024-05-06T09:38:54.588+0700] {dag.py:3954} INFO - Setting next_dagrun for example_subdag_operator.section-2 to None, run_after=None
[2024-05-06T09:38:54.594+0700] {processor.py:183} INFO - Processing /Library/Frameworks/Python.framework/Versions/3.10/lib/python3.10/site-packages/airflow/example_dags/example_subdag_operator.py took 0.148 seconds
[2024-05-06T09:55:28.206+0700] {processor.py:161} INFO - Started process (PID=78621) to work on /Library/Frameworks/Python.framework/Versions/3.10/lib/python3.10/site-packages/airflow/example_dags/example_subdag_operator.py
[2024-05-06T09:55:28.207+0700] {processor.py:830} INFO - Processing file /Library/Frameworks/Python.framework/Versions/3.10/lib/python3.10/site-packages/airflow/example_dags/example_subdag_operator.py for tasks to queue
[2024-05-06T09:55:28.207+0700] {logging_mixin.py:188} INFO - [2024-05-06T09:55:28.207+0700] {dagbag.py:540} INFO - Filling up the DagBag from /Library/Frameworks/Python.framework/Versions/3.10/lib/python3.10/site-packages/airflow/example_dags/example_subdag_operator.py
[2024-05-06T09:55:28.265+0700] {processor.py:840} INFO - DAG(s) 'example_subdag_operator.section-1', 'example_subdag_operator.section-2', 'example_subdag_operator' retrieved from /Library/Frameworks/Python.framework/Versions/3.10/lib/python3.10/site-packages/airflow/example_dags/example_subdag_operator.py
[2024-05-06T09:55:28.332+0700] {logging_mixin.py:188} INFO - [2024-05-06T09:55:28.331+0700] {dag.py:3096} INFO - Sync 3 DAGs
[2024-05-06T09:55:28.341+0700] {logging_mixin.py:188} INFO - [2024-05-06T09:55:28.341+0700] {dag.py:3954} INFO - Setting next_dagrun for example_subdag_operator to 2022-01-01 00:00:00+00:00, run_after=2022-01-01 00:00:00+00:00
[2024-05-06T09:55:28.343+0700] {logging_mixin.py:188} INFO - [2024-05-06T09:55:28.342+0700] {dag.py:3954} INFO - Setting next_dagrun for example_subdag_operator.section-1 to None, run_after=None
[2024-05-06T09:55:28.343+0700] {logging_mixin.py:188} INFO - [2024-05-06T09:55:28.343+0700] {dag.py:3954} INFO - Setting next_dagrun for example_subdag_operator.section-2 to None, run_after=None
[2024-05-06T09:55:28.347+0700] {logging_mixin.py:188} INFO - [2024-05-06T09:55:28.347+0700] {dag.py:3096} INFO - Sync 2 DAGs
[2024-05-06T09:55:28.349+0700] {logging_mixin.py:188} INFO - [2024-05-06T09:55:28.349+0700] {dag.py:3954} INFO - Setting next_dagrun for example_subdag_operator.section-1 to None, run_after=None
[2024-05-06T09:55:28.349+0700] {logging_mixin.py:188} INFO - [2024-05-06T09:55:28.349+0700] {dag.py:3954} INFO - Setting next_dagrun for example_subdag_operator.section-2 to None, run_after=None
[2024-05-06T09:55:28.356+0700] {processor.py:183} INFO - Processing /Library/Frameworks/Python.framework/Versions/3.10/lib/python3.10/site-packages/airflow/example_dags/example_subdag_operator.py took 0.153 seconds
[2024-05-06T10:13:40.156+0700] {processor.py:161} INFO - Started process (PID=79019) to work on /Library/Frameworks/Python.framework/Versions/3.10/lib/python3.10/site-packages/airflow/example_dags/example_subdag_operator.py
[2024-05-06T10:13:40.157+0700] {processor.py:830} INFO - Processing file /Library/Frameworks/Python.framework/Versions/3.10/lib/python3.10/site-packages/airflow/example_dags/example_subdag_operator.py for tasks to queue
[2024-05-06T10:13:40.158+0700] {logging_mixin.py:188} INFO - [2024-05-06T10:13:40.158+0700] {dagbag.py:540} INFO - Filling up the DagBag from /Library/Frameworks/Python.framework/Versions/3.10/lib/python3.10/site-packages/airflow/example_dags/example_subdag_operator.py
[2024-05-06T10:13:40.215+0700] {processor.py:840} INFO - DAG(s) 'example_subdag_operator.section-1', 'example_subdag_operator.section-2', 'example_subdag_operator' retrieved from /Library/Frameworks/Python.framework/Versions/3.10/lib/python3.10/site-packages/airflow/example_dags/example_subdag_operator.py
[2024-05-06T10:13:40.281+0700] {logging_mixin.py:188} INFO - [2024-05-06T10:13:40.281+0700] {dag.py:3096} INFO - Sync 3 DAGs
[2024-05-06T10:13:40.290+0700] {logging_mixin.py:188} INFO - [2024-05-06T10:13:40.290+0700] {dag.py:3954} INFO - Setting next_dagrun for example_subdag_operator to 2022-01-01 00:00:00+00:00, run_after=2022-01-01 00:00:00+00:00
[2024-05-06T10:13:40.292+0700] {logging_mixin.py:188} INFO - [2024-05-06T10:13:40.292+0700] {dag.py:3954} INFO - Setting next_dagrun for example_subdag_operator.section-1 to None, run_after=None
[2024-05-06T10:13:40.293+0700] {logging_mixin.py:188} INFO - [2024-05-06T10:13:40.292+0700] {dag.py:3954} INFO - Setting next_dagrun for example_subdag_operator.section-2 to None, run_after=None
[2024-05-06T10:13:40.296+0700] {logging_mixin.py:188} INFO - [2024-05-06T10:13:40.296+0700] {dag.py:3096} INFO - Sync 2 DAGs
[2024-05-06T10:13:40.298+0700] {logging_mixin.py:188} INFO - [2024-05-06T10:13:40.298+0700] {dag.py:3954} INFO - Setting next_dagrun for example_subdag_operator.section-1 to None, run_after=None
[2024-05-06T10:13:40.299+0700] {logging_mixin.py:188} INFO - [2024-05-06T10:13:40.299+0700] {dag.py:3954} INFO - Setting next_dagrun for example_subdag_operator.section-2 to None, run_after=None
[2024-05-06T10:13:40.305+0700] {processor.py:183} INFO - Processing /Library/Frameworks/Python.framework/Versions/3.10/lib/python3.10/site-packages/airflow/example_dags/example_subdag_operator.py took 0.151 seconds
[2024-05-06T10:30:21.733+0700] {processor.py:161} INFO - Started process (PID=79388) to work on /Library/Frameworks/Python.framework/Versions/3.10/lib/python3.10/site-packages/airflow/example_dags/example_subdag_operator.py
[2024-05-06T10:30:21.734+0700] {processor.py:830} INFO - Processing file /Library/Frameworks/Python.framework/Versions/3.10/lib/python3.10/site-packages/airflow/example_dags/example_subdag_operator.py for tasks to queue
[2024-05-06T10:30:21.735+0700] {logging_mixin.py:188} INFO - [2024-05-06T10:30:21.735+0700] {dagbag.py:540} INFO - Filling up the DagBag from /Library/Frameworks/Python.framework/Versions/3.10/lib/python3.10/site-packages/airflow/example_dags/example_subdag_operator.py
[2024-05-06T10:30:21.792+0700] {processor.py:840} INFO - DAG(s) 'example_subdag_operator.section-1', 'example_subdag_operator.section-2', 'example_subdag_operator' retrieved from /Library/Frameworks/Python.framework/Versions/3.10/lib/python3.10/site-packages/airflow/example_dags/example_subdag_operator.py
[2024-05-06T10:30:21.858+0700] {logging_mixin.py:188} INFO - [2024-05-06T10:30:21.858+0700] {dag.py:3096} INFO - Sync 3 DAGs
[2024-05-06T10:30:21.868+0700] {logging_mixin.py:188} INFO - [2024-05-06T10:30:21.867+0700] {dag.py:3954} INFO - Setting next_dagrun for example_subdag_operator to 2022-01-01 00:00:00+00:00, run_after=2022-01-01 00:00:00+00:00
[2024-05-06T10:30:21.869+0700] {logging_mixin.py:188} INFO - [2024-05-06T10:30:21.869+0700] {dag.py:3954} INFO - Setting next_dagrun for example_subdag_operator.section-1 to None, run_after=None
[2024-05-06T10:30:21.870+0700] {logging_mixin.py:188} INFO - [2024-05-06T10:30:21.870+0700] {dag.py:3954} INFO - Setting next_dagrun for example_subdag_operator.section-2 to None, run_after=None
[2024-05-06T10:30:21.873+0700] {logging_mixin.py:188} INFO - [2024-05-06T10:30:21.873+0700] {dag.py:3096} INFO - Sync 2 DAGs
[2024-05-06T10:30:21.876+0700] {logging_mixin.py:188} INFO - [2024-05-06T10:30:21.875+0700] {dag.py:3954} INFO - Setting next_dagrun for example_subdag_operator.section-1 to None, run_after=None
[2024-05-06T10:30:21.876+0700] {logging_mixin.py:188} INFO - [2024-05-06T10:30:21.876+0700] {dag.py:3954} INFO - Setting next_dagrun for example_subdag_operator.section-2 to None, run_after=None
[2024-05-06T10:30:21.883+0700] {processor.py:183} INFO - Processing /Library/Frameworks/Python.framework/Versions/3.10/lib/python3.10/site-packages/airflow/example_dags/example_subdag_operator.py took 0.151 seconds
[2024-05-06T10:38:36.209+0700] {processor.py:161} INFO - Started process (PID=79765) to work on /Library/Frameworks/Python.framework/Versions/3.10/lib/python3.10/site-packages/airflow/example_dags/example_subdag_operator.py
[2024-05-06T10:38:36.210+0700] {processor.py:830} INFO - Processing file /Library/Frameworks/Python.framework/Versions/3.10/lib/python3.10/site-packages/airflow/example_dags/example_subdag_operator.py for tasks to queue
[2024-05-06T10:38:36.211+0700] {logging_mixin.py:188} INFO - [2024-05-06T10:38:36.211+0700] {dagbag.py:540} INFO - Filling up the DagBag from /Library/Frameworks/Python.framework/Versions/3.10/lib/python3.10/site-packages/airflow/example_dags/example_subdag_operator.py
[2024-05-06T10:38:36.267+0700] {processor.py:840} INFO - DAG(s) 'example_subdag_operator.section-1', 'example_subdag_operator.section-2', 'example_subdag_operator' retrieved from /Library/Frameworks/Python.framework/Versions/3.10/lib/python3.10/site-packages/airflow/example_dags/example_subdag_operator.py
[2024-05-06T10:38:36.332+0700] {logging_mixin.py:188} INFO - [2024-05-06T10:38:36.332+0700] {dag.py:3096} INFO - Sync 3 DAGs
[2024-05-06T10:38:36.341+0700] {logging_mixin.py:188} INFO - [2024-05-06T10:38:36.341+0700] {dag.py:3954} INFO - Setting next_dagrun for example_subdag_operator to 2022-01-01 00:00:00+00:00, run_after=2022-01-01 00:00:00+00:00
[2024-05-06T10:38:36.343+0700] {logging_mixin.py:188} INFO - [2024-05-06T10:38:36.343+0700] {dag.py:3954} INFO - Setting next_dagrun for example_subdag_operator.section-1 to None, run_after=None
[2024-05-06T10:38:36.343+0700] {logging_mixin.py:188} INFO - [2024-05-06T10:38:36.343+0700] {dag.py:3954} INFO - Setting next_dagrun for example_subdag_operator.section-2 to None, run_after=None
[2024-05-06T10:38:36.347+0700] {logging_mixin.py:188} INFO - [2024-05-06T10:38:36.347+0700] {dag.py:3096} INFO - Sync 2 DAGs
[2024-05-06T10:38:36.349+0700] {logging_mixin.py:188} INFO - [2024-05-06T10:38:36.349+0700] {dag.py:3954} INFO - Setting next_dagrun for example_subdag_operator.section-1 to None, run_after=None
[2024-05-06T10:38:36.350+0700] {logging_mixin.py:188} INFO - [2024-05-06T10:38:36.349+0700] {dag.py:3954} INFO - Setting next_dagrun for example_subdag_operator.section-2 to None, run_after=None
[2024-05-06T10:38:36.357+0700] {processor.py:183} INFO - Processing /Library/Frameworks/Python.framework/Versions/3.10/lib/python3.10/site-packages/airflow/example_dags/example_subdag_operator.py took 0.150 seconds
[2024-05-06T10:57:11.940+0700] {processor.py:161} INFO - Started process (PID=80177) to work on /Library/Frameworks/Python.framework/Versions/3.10/lib/python3.10/site-packages/airflow/example_dags/example_subdag_operator.py
[2024-05-06T10:57:11.941+0700] {processor.py:830} INFO - Processing file /Library/Frameworks/Python.framework/Versions/3.10/lib/python3.10/site-packages/airflow/example_dags/example_subdag_operator.py for tasks to queue
[2024-05-06T10:57:11.941+0700] {logging_mixin.py:188} INFO - [2024-05-06T10:57:11.941+0700] {dagbag.py:540} INFO - Filling up the DagBag from /Library/Frameworks/Python.framework/Versions/3.10/lib/python3.10/site-packages/airflow/example_dags/example_subdag_operator.py
[2024-05-06T10:57:11.997+0700] {processor.py:840} INFO - DAG(s) 'example_subdag_operator.section-1', 'example_subdag_operator.section-2', 'example_subdag_operator' retrieved from /Library/Frameworks/Python.framework/Versions/3.10/lib/python3.10/site-packages/airflow/example_dags/example_subdag_operator.py
[2024-05-06T10:57:12.064+0700] {logging_mixin.py:188} INFO - [2024-05-06T10:57:12.064+0700] {dag.py:3096} INFO - Sync 3 DAGs
[2024-05-06T10:57:12.073+0700] {logging_mixin.py:188} INFO - [2024-05-06T10:57:12.073+0700] {dag.py:3954} INFO - Setting next_dagrun for example_subdag_operator to 2022-01-01 00:00:00+00:00, run_after=2022-01-01 00:00:00+00:00
[2024-05-06T10:57:12.075+0700] {logging_mixin.py:188} INFO - [2024-05-06T10:57:12.075+0700] {dag.py:3954} INFO - Setting next_dagrun for example_subdag_operator.section-1 to None, run_after=None
[2024-05-06T10:57:12.076+0700] {logging_mixin.py:188} INFO - [2024-05-06T10:57:12.076+0700] {dag.py:3954} INFO - Setting next_dagrun for example_subdag_operator.section-2 to None, run_after=None
[2024-05-06T10:57:12.080+0700] {logging_mixin.py:188} INFO - [2024-05-06T10:57:12.080+0700] {dag.py:3096} INFO - Sync 2 DAGs
[2024-05-06T10:57:12.082+0700] {logging_mixin.py:188} INFO - [2024-05-06T10:57:12.082+0700] {dag.py:3954} INFO - Setting next_dagrun for example_subdag_operator.section-1 to None, run_after=None
[2024-05-06T10:57:12.082+0700] {logging_mixin.py:188} INFO - [2024-05-06T10:57:12.082+0700] {dag.py:3954} INFO - Setting next_dagrun for example_subdag_operator.section-2 to None, run_after=None
[2024-05-06T10:57:12.089+0700] {processor.py:183} INFO - Processing /Library/Frameworks/Python.framework/Versions/3.10/lib/python3.10/site-packages/airflow/example_dags/example_subdag_operator.py took 0.151 seconds
[2024-05-06T10:58:37.705+0700] {processor.py:161} INFO - Started process (PID=80612) to work on /Library/Frameworks/Python.framework/Versions/3.10/lib/python3.10/site-packages/airflow/example_dags/example_subdag_operator.py
[2024-05-06T10:58:37.706+0700] {processor.py:830} INFO - Processing file /Library/Frameworks/Python.framework/Versions/3.10/lib/python3.10/site-packages/airflow/example_dags/example_subdag_operator.py for tasks to queue
[2024-05-06T10:58:37.706+0700] {logging_mixin.py:188} INFO - [2024-05-06T10:58:37.706+0700] {dagbag.py:540} INFO - Filling up the DagBag from /Library/Frameworks/Python.framework/Versions/3.10/lib/python3.10/site-packages/airflow/example_dags/example_subdag_operator.py
[2024-05-06T10:58:37.764+0700] {processor.py:840} INFO - DAG(s) 'example_subdag_operator.section-1', 'example_subdag_operator.section-2', 'example_subdag_operator' retrieved from /Library/Frameworks/Python.framework/Versions/3.10/lib/python3.10/site-packages/airflow/example_dags/example_subdag_operator.py
[2024-05-06T10:58:37.831+0700] {logging_mixin.py:188} INFO - [2024-05-06T10:58:37.831+0700] {dag.py:3096} INFO - Sync 3 DAGs
[2024-05-06T10:58:37.840+0700] {logging_mixin.py:188} INFO - [2024-05-06T10:58:37.840+0700] {dag.py:3954} INFO - Setting next_dagrun for example_subdag_operator to 2022-01-01 00:00:00+00:00, run_after=2022-01-01 00:00:00+00:00
[2024-05-06T10:58:37.842+0700] {logging_mixin.py:188} INFO - [2024-05-06T10:58:37.842+0700] {dag.py:3954} INFO - Setting next_dagrun for example_subdag_operator.section-1 to None, run_after=None
[2024-05-06T10:58:37.842+0700] {logging_mixin.py:188} INFO - [2024-05-06T10:58:37.842+0700] {dag.py:3954} INFO - Setting next_dagrun for example_subdag_operator.section-2 to None, run_after=None
[2024-05-06T10:58:37.847+0700] {logging_mixin.py:188} INFO - [2024-05-06T10:58:37.846+0700] {dag.py:3096} INFO - Sync 2 DAGs
[2024-05-06T10:58:37.849+0700] {logging_mixin.py:188} INFO - [2024-05-06T10:58:37.849+0700] {dag.py:3954} INFO - Setting next_dagrun for example_subdag_operator.section-1 to None, run_after=None
[2024-05-06T10:58:37.849+0700] {logging_mixin.py:188} INFO - [2024-05-06T10:58:37.849+0700] {dag.py:3954} INFO - Setting next_dagrun for example_subdag_operator.section-2 to None, run_after=None
[2024-05-06T10:58:37.856+0700] {processor.py:183} INFO - Processing /Library/Frameworks/Python.framework/Versions/3.10/lib/python3.10/site-packages/airflow/example_dags/example_subdag_operator.py took 0.153 seconds
[2024-05-06T11:00:02.119+0700] {processor.py:161} INFO - Started process (PID=80994) to work on /Library/Frameworks/Python.framework/Versions/3.10/lib/python3.10/site-packages/airflow/example_dags/example_subdag_operator.py
[2024-05-06T11:00:02.119+0700] {processor.py:830} INFO - Processing file /Library/Frameworks/Python.framework/Versions/3.10/lib/python3.10/site-packages/airflow/example_dags/example_subdag_operator.py for tasks to queue
[2024-05-06T11:00:02.120+0700] {logging_mixin.py:188} INFO - [2024-05-06T11:00:02.120+0700] {dagbag.py:540} INFO - Filling up the DagBag from /Library/Frameworks/Python.framework/Versions/3.10/lib/python3.10/site-packages/airflow/example_dags/example_subdag_operator.py
[2024-05-06T11:00:02.179+0700] {processor.py:840} INFO - DAG(s) 'example_subdag_operator.section-1', 'example_subdag_operator.section-2', 'example_subdag_operator' retrieved from /Library/Frameworks/Python.framework/Versions/3.10/lib/python3.10/site-packages/airflow/example_dags/example_subdag_operator.py
[2024-05-06T11:00:02.246+0700] {logging_mixin.py:188} INFO - [2024-05-06T11:00:02.246+0700] {dag.py:3096} INFO - Sync 3 DAGs
[2024-05-06T11:00:02.255+0700] {logging_mixin.py:188} INFO - [2024-05-06T11:00:02.255+0700] {dag.py:3954} INFO - Setting next_dagrun for example_subdag_operator to 2022-01-01 00:00:00+00:00, run_after=2022-01-01 00:00:00+00:00
[2024-05-06T11:00:02.257+0700] {logging_mixin.py:188} INFO - [2024-05-06T11:00:02.257+0700] {dag.py:3954} INFO - Setting next_dagrun for example_subdag_operator.section-1 to None, run_after=None
[2024-05-06T11:00:02.258+0700] {logging_mixin.py:188} INFO - [2024-05-06T11:00:02.258+0700] {dag.py:3954} INFO - Setting next_dagrun for example_subdag_operator.section-2 to None, run_after=None
[2024-05-06T11:00:02.262+0700] {logging_mixin.py:188} INFO - [2024-05-06T11:00:02.262+0700] {dag.py:3096} INFO - Sync 2 DAGs
[2024-05-06T11:00:02.264+0700] {logging_mixin.py:188} INFO - [2024-05-06T11:00:02.264+0700] {dag.py:3954} INFO - Setting next_dagrun for example_subdag_operator.section-1 to None, run_after=None
[2024-05-06T11:00:02.265+0700] {logging_mixin.py:188} INFO - [2024-05-06T11:00:02.264+0700] {dag.py:3954} INFO - Setting next_dagrun for example_subdag_operator.section-2 to None, run_after=None
[2024-05-06T11:00:02.272+0700] {processor.py:183} INFO - Processing /Library/Frameworks/Python.framework/Versions/3.10/lib/python3.10/site-packages/airflow/example_dags/example_subdag_operator.py took 0.155 seconds
[2024-05-06T11:01:21.770+0700] {processor.py:161} INFO - Started process (PID=81376) to work on /Library/Frameworks/Python.framework/Versions/3.10/lib/python3.10/site-packages/airflow/example_dags/example_subdag_operator.py
[2024-05-06T11:01:21.772+0700] {processor.py:830} INFO - Processing file /Library/Frameworks/Python.framework/Versions/3.10/lib/python3.10/site-packages/airflow/example_dags/example_subdag_operator.py for tasks to queue
[2024-05-06T11:01:21.772+0700] {logging_mixin.py:188} INFO - [2024-05-06T11:01:21.772+0700] {dagbag.py:540} INFO - Filling up the DagBag from /Library/Frameworks/Python.framework/Versions/3.10/lib/python3.10/site-packages/airflow/example_dags/example_subdag_operator.py
[2024-05-06T11:01:21.829+0700] {processor.py:840} INFO - DAG(s) 'example_subdag_operator.section-1', 'example_subdag_operator.section-2', 'example_subdag_operator' retrieved from /Library/Frameworks/Python.framework/Versions/3.10/lib/python3.10/site-packages/airflow/example_dags/example_subdag_operator.py
[2024-05-06T11:01:21.893+0700] {logging_mixin.py:188} INFO - [2024-05-06T11:01:21.893+0700] {dag.py:3096} INFO - Sync 3 DAGs
[2024-05-06T11:01:21.902+0700] {logging_mixin.py:188} INFO - [2024-05-06T11:01:21.902+0700] {dag.py:3954} INFO - Setting next_dagrun for example_subdag_operator to 2022-01-01 00:00:00+00:00, run_after=2022-01-01 00:00:00+00:00
[2024-05-06T11:01:21.904+0700] {logging_mixin.py:188} INFO - [2024-05-06T11:01:21.904+0700] {dag.py:3954} INFO - Setting next_dagrun for example_subdag_operator.section-1 to None, run_after=None
[2024-05-06T11:01:21.905+0700] {logging_mixin.py:188} INFO - [2024-05-06T11:01:21.904+0700] {dag.py:3954} INFO - Setting next_dagrun for example_subdag_operator.section-2 to None, run_after=None
[2024-05-06T11:01:21.908+0700] {logging_mixin.py:188} INFO - [2024-05-06T11:01:21.908+0700] {dag.py:3096} INFO - Sync 2 DAGs
[2024-05-06T11:01:21.910+0700] {logging_mixin.py:188} INFO - [2024-05-06T11:01:21.910+0700] {dag.py:3954} INFO - Setting next_dagrun for example_subdag_operator.section-1 to None, run_after=None
[2024-05-06T11:01:21.911+0700] {logging_mixin.py:188} INFO - [2024-05-06T11:01:21.911+0700] {dag.py:3954} INFO - Setting next_dagrun for example_subdag_operator.section-2 to None, run_after=None
[2024-05-06T11:01:21.918+0700] {processor.py:183} INFO - Processing /Library/Frameworks/Python.framework/Versions/3.10/lib/python3.10/site-packages/airflow/example_dags/example_subdag_operator.py took 0.149 seconds
[2024-05-06T20:12:20.321+0700] {processor.py:161} INFO - Started process (PID=719) to work on /opt/homebrew/Caskroom/miniconda/base/lib/python3.11/site-packages/airflow/example_dags/example_subdag_operator.py
[2024-05-06T20:12:20.324+0700] {processor.py:830} INFO - Processing file /opt/homebrew/Caskroom/miniconda/base/lib/python3.11/site-packages/airflow/example_dags/example_subdag_operator.py for tasks to queue
[2024-05-06T20:12:20.324+0700] {logging_mixin.py:188} INFO - [2024-05-06T20:12:20.324+0700] {dagbag.py:540} INFO - Filling up the DagBag from /opt/homebrew/Caskroom/miniconda/base/lib/python3.11/site-packages/airflow/example_dags/example_subdag_operator.py
[2024-05-06T20:12:20.391+0700] {processor.py:840} INFO - DAG(s) 'example_subdag_operator.section-1', 'example_subdag_operator.section-2', 'example_subdag_operator' retrieved from /opt/homebrew/Caskroom/miniconda/base/lib/python3.11/site-packages/airflow/example_dags/example_subdag_operator.py
[2024-05-06T20:12:20.526+0700] {logging_mixin.py:188} INFO - [2024-05-06T20:12:20.525+0700] {dag.py:3096} INFO - Sync 3 DAGs
[2024-05-06T20:12:20.535+0700] {logging_mixin.py:188} INFO - [2024-05-06T20:12:20.535+0700] {dag.py:3954} INFO - Setting next_dagrun for example_subdag_operator to 2022-01-01 00:00:00+00:00, run_after=2022-01-01 00:00:00+00:00
[2024-05-06T20:12:20.537+0700] {logging_mixin.py:188} INFO - [2024-05-06T20:12:20.537+0700] {dag.py:3954} INFO - Setting next_dagrun for example_subdag_operator.section-1 to None, run_after=None
[2024-05-06T20:12:20.538+0700] {logging_mixin.py:188} INFO - [2024-05-06T20:12:20.538+0700] {dag.py:3954} INFO - Setting next_dagrun for example_subdag_operator.section-2 to None, run_after=None
[2024-05-06T20:12:20.542+0700] {logging_mixin.py:188} INFO - [2024-05-06T20:12:20.542+0700] {dag.py:3096} INFO - Sync 2 DAGs
[2024-05-06T20:12:20.545+0700] {logging_mixin.py:188} INFO - [2024-05-06T20:12:20.544+0700] {dag.py:3954} INFO - Setting next_dagrun for example_subdag_operator.section-1 to None, run_after=None
[2024-05-06T20:12:20.545+0700] {logging_mixin.py:188} INFO - [2024-05-06T20:12:20.545+0700] {dag.py:3954} INFO - Setting next_dagrun for example_subdag_operator.section-2 to None, run_after=None
[2024-05-06T20:12:20.552+0700] {processor.py:183} INFO - Processing /opt/homebrew/Caskroom/miniconda/base/lib/python3.11/site-packages/airflow/example_dags/example_subdag_operator.py took 0.238 seconds
[2024-05-06T20:14:20.965+0700] {processor.py:161} INFO - Started process (PID=1464) to work on /opt/homebrew/Caskroom/miniconda/base/lib/python3.11/site-packages/airflow/example_dags/example_subdag_operator.py
[2024-05-06T20:14:20.966+0700] {processor.py:830} INFO - Processing file /opt/homebrew/Caskroom/miniconda/base/lib/python3.11/site-packages/airflow/example_dags/example_subdag_operator.py for tasks to queue
[2024-05-06T20:14:20.967+0700] {logging_mixin.py:188} INFO - [2024-05-06T20:14:20.967+0700] {dagbag.py:540} INFO - Filling up the DagBag from /opt/homebrew/Caskroom/miniconda/base/lib/python3.11/site-packages/airflow/example_dags/example_subdag_operator.py
[2024-05-06T20:14:21.021+0700] {processor.py:840} INFO - DAG(s) 'example_subdag_operator.section-1', 'example_subdag_operator.section-2', 'example_subdag_operator' retrieved from /opt/homebrew/Caskroom/miniconda/base/lib/python3.11/site-packages/airflow/example_dags/example_subdag_operator.py
[2024-05-06T20:14:21.133+0700] {logging_mixin.py:188} INFO - [2024-05-06T20:14:21.132+0700] {dag.py:3096} INFO - Sync 3 DAGs
[2024-05-06T20:14:21.142+0700] {logging_mixin.py:188} INFO - [2024-05-06T20:14:21.142+0700] {dag.py:3954} INFO - Setting next_dagrun for example_subdag_operator to 2022-01-01 00:00:00+00:00, run_after=2022-01-01 00:00:00+00:00
[2024-05-06T20:14:21.144+0700] {logging_mixin.py:188} INFO - [2024-05-06T20:14:21.143+0700] {dag.py:3954} INFO - Setting next_dagrun for example_subdag_operator.section-1 to None, run_after=None
[2024-05-06T20:14:21.144+0700] {logging_mixin.py:188} INFO - [2024-05-06T20:14:21.144+0700] {dag.py:3954} INFO - Setting next_dagrun for example_subdag_operator.section-2 to None, run_after=None
[2024-05-06T20:14:21.148+0700] {logging_mixin.py:188} INFO - [2024-05-06T20:14:21.148+0700] {dag.py:3096} INFO - Sync 2 DAGs
[2024-05-06T20:14:21.150+0700] {logging_mixin.py:188} INFO - [2024-05-06T20:14:21.150+0700] {dag.py:3954} INFO - Setting next_dagrun for example_subdag_operator.section-1 to None, run_after=None
[2024-05-06T20:14:21.150+0700] {logging_mixin.py:188} INFO - [2024-05-06T20:14:21.150+0700] {dag.py:3954} INFO - Setting next_dagrun for example_subdag_operator.section-2 to None, run_after=None
[2024-05-06T20:14:21.157+0700] {processor.py:183} INFO - Processing /opt/homebrew/Caskroom/miniconda/base/lib/python3.11/site-packages/airflow/example_dags/example_subdag_operator.py took 0.194 seconds
[2024-05-06T20:16:20.790+0700] {processor.py:161} INFO - Started process (PID=2093) to work on /opt/homebrew/Caskroom/miniconda/base/lib/python3.11/site-packages/airflow/example_dags/example_subdag_operator.py
[2024-05-06T20:16:20.791+0700] {processor.py:830} INFO - Processing file /opt/homebrew/Caskroom/miniconda/base/lib/python3.11/site-packages/airflow/example_dags/example_subdag_operator.py for tasks to queue
[2024-05-06T20:16:20.791+0700] {logging_mixin.py:188} INFO - [2024-05-06T20:16:20.791+0700] {dagbag.py:540} INFO - Filling up the DagBag from /opt/homebrew/Caskroom/miniconda/base/lib/python3.11/site-packages/airflow/example_dags/example_subdag_operator.py
[2024-05-06T20:16:20.847+0700] {processor.py:840} INFO - DAG(s) 'example_subdag_operator.section-1', 'example_subdag_operator.section-2', 'example_subdag_operator' retrieved from /opt/homebrew/Caskroom/miniconda/base/lib/python3.11/site-packages/airflow/example_dags/example_subdag_operator.py
[2024-05-06T20:16:20.915+0700] {logging_mixin.py:188} INFO - [2024-05-06T20:16:20.915+0700] {dag.py:3096} INFO - Sync 3 DAGs
[2024-05-06T20:16:20.927+0700] {logging_mixin.py:188} INFO - [2024-05-06T20:16:20.927+0700] {dag.py:3954} INFO - Setting next_dagrun for example_subdag_operator to 2022-01-01 00:00:00+00:00, run_after=2022-01-01 00:00:00+00:00
[2024-05-06T20:16:20.929+0700] {logging_mixin.py:188} INFO - [2024-05-06T20:16:20.929+0700] {dag.py:3954} INFO - Setting next_dagrun for example_subdag_operator.section-1 to None, run_after=None
[2024-05-06T20:16:20.930+0700] {logging_mixin.py:188} INFO - [2024-05-06T20:16:20.930+0700] {dag.py:3954} INFO - Setting next_dagrun for example_subdag_operator.section-2 to None, run_after=None
[2024-05-06T20:16:20.934+0700] {logging_mixin.py:188} INFO - [2024-05-06T20:16:20.934+0700] {dag.py:3096} INFO - Sync 2 DAGs
[2024-05-06T20:16:20.936+0700] {logging_mixin.py:188} INFO - [2024-05-06T20:16:20.936+0700] {dag.py:3954} INFO - Setting next_dagrun for example_subdag_operator.section-1 to None, run_after=None
[2024-05-06T20:16:20.936+0700] {logging_mixin.py:188} INFO - [2024-05-06T20:16:20.936+0700] {dag.py:3954} INFO - Setting next_dagrun for example_subdag_operator.section-2 to None, run_after=None
[2024-05-06T20:16:20.944+0700] {processor.py:183} INFO - Processing /opt/homebrew/Caskroom/miniconda/base/lib/python3.11/site-packages/airflow/example_dags/example_subdag_operator.py took 0.156 seconds
[2024-05-06T20:17:49.300+0700] {processor.py:161} INFO - Started process (PID=2519) to work on /opt/homebrew/Caskroom/miniconda/base/lib/python3.11/site-packages/airflow/example_dags/example_subdag_operator.py
[2024-05-06T20:17:49.301+0700] {processor.py:830} INFO - Processing file /opt/homebrew/Caskroom/miniconda/base/lib/python3.11/site-packages/airflow/example_dags/example_subdag_operator.py for tasks to queue
[2024-05-06T20:17:49.302+0700] {logging_mixin.py:188} INFO - [2024-05-06T20:17:49.302+0700] {dagbag.py:540} INFO - Filling up the DagBag from /opt/homebrew/Caskroom/miniconda/base/lib/python3.11/site-packages/airflow/example_dags/example_subdag_operator.py
[2024-05-06T20:17:49.356+0700] {processor.py:840} INFO - DAG(s) 'example_subdag_operator.section-1', 'example_subdag_operator.section-2', 'example_subdag_operator' retrieved from /opt/homebrew/Caskroom/miniconda/base/lib/python3.11/site-packages/airflow/example_dags/example_subdag_operator.py
[2024-05-06T20:17:49.387+0700] {logging_mixin.py:188} INFO - [2024-05-06T20:17:49.387+0700] {dag.py:3096} INFO - Sync 3 DAGs
[2024-05-06T20:17:49.396+0700] {logging_mixin.py:188} INFO - [2024-05-06T20:17:49.396+0700] {dag.py:3954} INFO - Setting next_dagrun for example_subdag_operator to 2022-01-01 00:00:00+00:00, run_after=2022-01-01 00:00:00+00:00
[2024-05-06T20:17:49.398+0700] {logging_mixin.py:188} INFO - [2024-05-06T20:17:49.398+0700] {dag.py:3954} INFO - Setting next_dagrun for example_subdag_operator.section-1 to None, run_after=None
[2024-05-06T20:17:49.398+0700] {logging_mixin.py:188} INFO - [2024-05-06T20:17:49.398+0700] {dag.py:3954} INFO - Setting next_dagrun for example_subdag_operator.section-2 to None, run_after=None
[2024-05-06T20:17:49.402+0700] {logging_mixin.py:188} INFO - [2024-05-06T20:17:49.402+0700] {dag.py:3096} INFO - Sync 2 DAGs
[2024-05-06T20:17:49.404+0700] {logging_mixin.py:188} INFO - [2024-05-06T20:17:49.404+0700] {dag.py:3954} INFO - Setting next_dagrun for example_subdag_operator.section-1 to None, run_after=None
[2024-05-06T20:17:49.404+0700] {logging_mixin.py:188} INFO - [2024-05-06T20:17:49.404+0700] {dag.py:3954} INFO - Setting next_dagrun for example_subdag_operator.section-2 to None, run_after=None
[2024-05-06T20:17:49.410+0700] {processor.py:183} INFO - Processing /opt/homebrew/Caskroom/miniconda/base/lib/python3.11/site-packages/airflow/example_dags/example_subdag_operator.py took 0.111 seconds
[2024-05-06T20:19:25.328+0700] {processor.py:161} INFO - Started process (PID=3015) to work on /opt/homebrew/Caskroom/miniconda/base/lib/python3.11/site-packages/airflow/example_dags/example_subdag_operator.py
[2024-05-06T20:19:25.330+0700] {processor.py:830} INFO - Processing file /opt/homebrew/Caskroom/miniconda/base/lib/python3.11/site-packages/airflow/example_dags/example_subdag_operator.py for tasks to queue
[2024-05-06T20:19:25.331+0700] {logging_mixin.py:188} INFO - [2024-05-06T20:19:25.331+0700] {dagbag.py:540} INFO - Filling up the DagBag from /opt/homebrew/Caskroom/miniconda/base/lib/python3.11/site-packages/airflow/example_dags/example_subdag_operator.py
[2024-05-06T20:19:25.397+0700] {processor.py:840} INFO - DAG(s) 'example_subdag_operator.section-1', 'example_subdag_operator.section-2', 'example_subdag_operator' retrieved from /opt/homebrew/Caskroom/miniconda/base/lib/python3.11/site-packages/airflow/example_dags/example_subdag_operator.py
[2024-05-06T20:19:25.434+0700] {logging_mixin.py:188} INFO - [2024-05-06T20:19:25.434+0700] {dag.py:3096} INFO - Sync 3 DAGs
[2024-05-06T20:19:25.446+0700] {logging_mixin.py:188} INFO - [2024-05-06T20:19:25.446+0700] {dag.py:3954} INFO - Setting next_dagrun for example_subdag_operator to 2022-01-01 00:00:00+00:00, run_after=2022-01-01 00:00:00+00:00
[2024-05-06T20:19:25.448+0700] {logging_mixin.py:188} INFO - [2024-05-06T20:19:25.448+0700] {dag.py:3954} INFO - Setting next_dagrun for example_subdag_operator.section-1 to None, run_after=None
[2024-05-06T20:19:25.448+0700] {logging_mixin.py:188} INFO - [2024-05-06T20:19:25.448+0700] {dag.py:3954} INFO - Setting next_dagrun for example_subdag_operator.section-2 to None, run_after=None
[2024-05-06T20:19:25.452+0700] {logging_mixin.py:188} INFO - [2024-05-06T20:19:25.452+0700] {dag.py:3096} INFO - Sync 2 DAGs
[2024-05-06T20:19:25.455+0700] {logging_mixin.py:188} INFO - [2024-05-06T20:19:25.454+0700] {dag.py:3954} INFO - Setting next_dagrun for example_subdag_operator.section-1 to None, run_after=None
[2024-05-06T20:19:25.455+0700] {logging_mixin.py:188} INFO - [2024-05-06T20:19:25.455+0700] {dag.py:3954} INFO - Setting next_dagrun for example_subdag_operator.section-2 to None, run_after=None
[2024-05-06T20:19:25.462+0700] {processor.py:183} INFO - Processing /opt/homebrew/Caskroom/miniconda/base/lib/python3.11/site-packages/airflow/example_dags/example_subdag_operator.py took 0.137 seconds
[2024-05-06T20:20:52.810+0700] {processor.py:161} INFO - Started process (PID=3586) to work on /opt/homebrew/Caskroom/miniconda/base/lib/python3.11/site-packages/airflow/example_dags/example_subdag_operator.py
[2024-05-06T20:20:52.811+0700] {processor.py:830} INFO - Processing file /opt/homebrew/Caskroom/miniconda/base/lib/python3.11/site-packages/airflow/example_dags/example_subdag_operator.py for tasks to queue
[2024-05-06T20:20:52.811+0700] {logging_mixin.py:188} INFO - [2024-05-06T20:20:52.811+0700] {dagbag.py:540} INFO - Filling up the DagBag from /opt/homebrew/Caskroom/miniconda/base/lib/python3.11/site-packages/airflow/example_dags/example_subdag_operator.py
[2024-05-06T20:20:52.864+0700] {processor.py:840} INFO - DAG(s) 'example_subdag_operator.section-1', 'example_subdag_operator.section-2', 'example_subdag_operator' retrieved from /opt/homebrew/Caskroom/miniconda/base/lib/python3.11/site-packages/airflow/example_dags/example_subdag_operator.py
[2024-05-06T20:20:52.895+0700] {logging_mixin.py:188} INFO - [2024-05-06T20:20:52.895+0700] {dag.py:3096} INFO - Sync 3 DAGs
[2024-05-06T20:20:52.904+0700] {logging_mixin.py:188} INFO - [2024-05-06T20:20:52.904+0700] {dag.py:3954} INFO - Setting next_dagrun for example_subdag_operator to 2022-01-01 00:00:00+00:00, run_after=2022-01-01 00:00:00+00:00
[2024-05-06T20:20:52.906+0700] {logging_mixin.py:188} INFO - [2024-05-06T20:20:52.906+0700] {dag.py:3954} INFO - Setting next_dagrun for example_subdag_operator.section-1 to None, run_after=None
[2024-05-06T20:20:52.907+0700] {logging_mixin.py:188} INFO - [2024-05-06T20:20:52.907+0700] {dag.py:3954} INFO - Setting next_dagrun for example_subdag_operator.section-2 to None, run_after=None
[2024-05-06T20:20:52.910+0700] {logging_mixin.py:188} INFO - [2024-05-06T20:20:52.910+0700] {dag.py:3096} INFO - Sync 2 DAGs
[2024-05-06T20:20:52.912+0700] {logging_mixin.py:188} INFO - [2024-05-06T20:20:52.912+0700] {dag.py:3954} INFO - Setting next_dagrun for example_subdag_operator.section-1 to None, run_after=None
[2024-05-06T20:20:52.912+0700] {logging_mixin.py:188} INFO - [2024-05-06T20:20:52.912+0700] {dag.py:3954} INFO - Setting next_dagrun for example_subdag_operator.section-2 to None, run_after=None
[2024-05-06T20:20:52.919+0700] {processor.py:183} INFO - Processing /opt/homebrew/Caskroom/miniconda/base/lib/python3.11/site-packages/airflow/example_dags/example_subdag_operator.py took 0.111 seconds
[2024-05-06T20:22:17.364+0700] {processor.py:161} INFO - Started process (PID=3998) to work on /opt/homebrew/Caskroom/miniconda/base/lib/python3.11/site-packages/airflow/example_dags/example_subdag_operator.py
[2024-05-06T20:22:17.365+0700] {processor.py:830} INFO - Processing file /opt/homebrew/Caskroom/miniconda/base/lib/python3.11/site-packages/airflow/example_dags/example_subdag_operator.py for tasks to queue
[2024-05-06T20:22:17.366+0700] {logging_mixin.py:188} INFO - [2024-05-06T20:22:17.366+0700] {dagbag.py:540} INFO - Filling up the DagBag from /opt/homebrew/Caskroom/miniconda/base/lib/python3.11/site-packages/airflow/example_dags/example_subdag_operator.py
[2024-05-06T20:22:17.424+0700] {processor.py:840} INFO - DAG(s) 'example_subdag_operator.section-1', 'example_subdag_operator.section-2', 'example_subdag_operator' retrieved from /opt/homebrew/Caskroom/miniconda/base/lib/python3.11/site-packages/airflow/example_dags/example_subdag_operator.py
[2024-05-06T20:22:17.456+0700] {logging_mixin.py:188} INFO - [2024-05-06T20:22:17.455+0700] {dag.py:3096} INFO - Sync 3 DAGs
[2024-05-06T20:22:17.465+0700] {logging_mixin.py:188} INFO - [2024-05-06T20:22:17.465+0700] {dag.py:3954} INFO - Setting next_dagrun for example_subdag_operator to 2022-01-01 00:00:00+00:00, run_after=2022-01-01 00:00:00+00:00
[2024-05-06T20:22:17.467+0700] {logging_mixin.py:188} INFO - [2024-05-06T20:22:17.467+0700] {dag.py:3954} INFO - Setting next_dagrun for example_subdag_operator.section-1 to None, run_after=None
[2024-05-06T20:22:17.468+0700] {logging_mixin.py:188} INFO - [2024-05-06T20:22:17.468+0700] {dag.py:3954} INFO - Setting next_dagrun for example_subdag_operator.section-2 to None, run_after=None
[2024-05-06T20:22:17.471+0700] {logging_mixin.py:188} INFO - [2024-05-06T20:22:17.471+0700] {dag.py:3096} INFO - Sync 2 DAGs
[2024-05-06T20:22:17.473+0700] {logging_mixin.py:188} INFO - [2024-05-06T20:22:17.473+0700] {dag.py:3954} INFO - Setting next_dagrun for example_subdag_operator.section-1 to None, run_after=None
[2024-05-06T20:22:17.474+0700] {logging_mixin.py:188} INFO - [2024-05-06T20:22:17.474+0700] {dag.py:3954} INFO - Setting next_dagrun for example_subdag_operator.section-2 to None, run_after=None
[2024-05-06T20:22:17.512+0700] {processor.py:183} INFO - Processing /opt/homebrew/Caskroom/miniconda/base/lib/python3.11/site-packages/airflow/example_dags/example_subdag_operator.py took 0.150 seconds
[2024-05-06T20:23:41.496+0700] {processor.py:161} INFO - Started process (PID=4468) to work on /opt/homebrew/Caskroom/miniconda/base/lib/python3.11/site-packages/airflow/example_dags/example_subdag_operator.py
[2024-05-06T20:23:41.497+0700] {processor.py:830} INFO - Processing file /opt/homebrew/Caskroom/miniconda/base/lib/python3.11/site-packages/airflow/example_dags/example_subdag_operator.py for tasks to queue
[2024-05-06T20:23:41.498+0700] {logging_mixin.py:188} INFO - [2024-05-06T20:23:41.498+0700] {dagbag.py:540} INFO - Filling up the DagBag from /opt/homebrew/Caskroom/miniconda/base/lib/python3.11/site-packages/airflow/example_dags/example_subdag_operator.py
[2024-05-06T20:23:41.569+0700] {processor.py:840} INFO - DAG(s) 'example_subdag_operator.section-1', 'example_subdag_operator.section-2', 'example_subdag_operator' retrieved from /opt/homebrew/Caskroom/miniconda/base/lib/python3.11/site-packages/airflow/example_dags/example_subdag_operator.py
[2024-05-06T20:23:41.608+0700] {logging_mixin.py:188} INFO - [2024-05-06T20:23:41.608+0700] {dag.py:3096} INFO - Sync 3 DAGs
[2024-05-06T20:23:41.622+0700] {logging_mixin.py:188} INFO - [2024-05-06T20:23:41.622+0700] {dag.py:3954} INFO - Setting next_dagrun for example_subdag_operator to 2022-01-01 00:00:00+00:00, run_after=2022-01-01 00:00:00+00:00
[2024-05-06T20:23:41.625+0700] {logging_mixin.py:188} INFO - [2024-05-06T20:23:41.625+0700] {dag.py:3954} INFO - Setting next_dagrun for example_subdag_operator.section-1 to None, run_after=None
[2024-05-06T20:23:41.625+0700] {logging_mixin.py:188} INFO - [2024-05-06T20:23:41.625+0700] {dag.py:3954} INFO - Setting next_dagrun for example_subdag_operator.section-2 to None, run_after=None
[2024-05-06T20:23:41.630+0700] {logging_mixin.py:188} INFO - [2024-05-06T20:23:41.630+0700] {dag.py:3096} INFO - Sync 2 DAGs
[2024-05-06T20:23:41.633+0700] {logging_mixin.py:188} INFO - [2024-05-06T20:23:41.633+0700] {dag.py:3954} INFO - Setting next_dagrun for example_subdag_operator.section-1 to None, run_after=None
[2024-05-06T20:23:41.634+0700] {logging_mixin.py:188} INFO - [2024-05-06T20:23:41.633+0700] {dag.py:3954} INFO - Setting next_dagrun for example_subdag_operator.section-2 to None, run_after=None
[2024-05-06T20:23:41.645+0700] {processor.py:183} INFO - Processing /opt/homebrew/Caskroom/miniconda/base/lib/python3.11/site-packages/airflow/example_dags/example_subdag_operator.py took 0.150 seconds
[2024-05-06T20:25:08.655+0700] {processor.py:161} INFO - Started process (PID=4866) to work on /opt/homebrew/Caskroom/miniconda/base/lib/python3.11/site-packages/airflow/example_dags/example_subdag_operator.py
[2024-05-06T20:25:08.656+0700] {processor.py:830} INFO - Processing file /opt/homebrew/Caskroom/miniconda/base/lib/python3.11/site-packages/airflow/example_dags/example_subdag_operator.py for tasks to queue
[2024-05-06T20:25:08.656+0700] {logging_mixin.py:188} INFO - [2024-05-06T20:25:08.656+0700] {dagbag.py:540} INFO - Filling up the DagBag from /opt/homebrew/Caskroom/miniconda/base/lib/python3.11/site-packages/airflow/example_dags/example_subdag_operator.py
[2024-05-06T20:25:08.711+0700] {processor.py:840} INFO - DAG(s) 'example_subdag_operator.section-1', 'example_subdag_operator.section-2', 'example_subdag_operator' retrieved from /opt/homebrew/Caskroom/miniconda/base/lib/python3.11/site-packages/airflow/example_dags/example_subdag_operator.py
[2024-05-06T20:25:08.742+0700] {logging_mixin.py:188} INFO - [2024-05-06T20:25:08.742+0700] {dag.py:3096} INFO - Sync 3 DAGs
[2024-05-06T20:25:08.751+0700] {logging_mixin.py:188} INFO - [2024-05-06T20:25:08.751+0700] {dag.py:3954} INFO - Setting next_dagrun for example_subdag_operator to 2022-01-01 00:00:00+00:00, run_after=2022-01-01 00:00:00+00:00
[2024-05-06T20:25:08.753+0700] {logging_mixin.py:188} INFO - [2024-05-06T20:25:08.753+0700] {dag.py:3954} INFO - Setting next_dagrun for example_subdag_operator.section-1 to None, run_after=None
[2024-05-06T20:25:08.754+0700] {logging_mixin.py:188} INFO - [2024-05-06T20:25:08.753+0700] {dag.py:3954} INFO - Setting next_dagrun for example_subdag_operator.section-2 to None, run_after=None
[2024-05-06T20:25:08.757+0700] {logging_mixin.py:188} INFO - [2024-05-06T20:25:08.757+0700] {dag.py:3096} INFO - Sync 2 DAGs
[2024-05-06T20:25:08.759+0700] {logging_mixin.py:188} INFO - [2024-05-06T20:25:08.759+0700] {dag.py:3954} INFO - Setting next_dagrun for example_subdag_operator.section-1 to None, run_after=None
[2024-05-06T20:25:08.759+0700] {logging_mixin.py:188} INFO - [2024-05-06T20:25:08.759+0700] {dag.py:3954} INFO - Setting next_dagrun for example_subdag_operator.section-2 to None, run_after=None
[2024-05-06T20:25:08.766+0700] {processor.py:183} INFO - Processing /opt/homebrew/Caskroom/miniconda/base/lib/python3.11/site-packages/airflow/example_dags/example_subdag_operator.py took 0.115 seconds
[2024-05-06T20:26:32.148+0700] {processor.py:161} INFO - Started process (PID=5286) to work on /opt/homebrew/Caskroom/miniconda/base/lib/python3.11/site-packages/airflow/example_dags/example_subdag_operator.py
[2024-05-06T20:26:32.149+0700] {processor.py:830} INFO - Processing file /opt/homebrew/Caskroom/miniconda/base/lib/python3.11/site-packages/airflow/example_dags/example_subdag_operator.py for tasks to queue
[2024-05-06T20:26:32.149+0700] {logging_mixin.py:188} INFO - [2024-05-06T20:26:32.149+0700] {dagbag.py:540} INFO - Filling up the DagBag from /opt/homebrew/Caskroom/miniconda/base/lib/python3.11/site-packages/airflow/example_dags/example_subdag_operator.py
[2024-05-06T20:26:32.204+0700] {processor.py:840} INFO - DAG(s) 'example_subdag_operator.section-1', 'example_subdag_operator.section-2', 'example_subdag_operator' retrieved from /opt/homebrew/Caskroom/miniconda/base/lib/python3.11/site-packages/airflow/example_dags/example_subdag_operator.py
[2024-05-06T20:26:32.235+0700] {logging_mixin.py:188} INFO - [2024-05-06T20:26:32.235+0700] {dag.py:3096} INFO - Sync 3 DAGs
[2024-05-06T20:26:32.244+0700] {logging_mixin.py:188} INFO - [2024-05-06T20:26:32.244+0700] {dag.py:3954} INFO - Setting next_dagrun for example_subdag_operator to 2022-01-01 00:00:00+00:00, run_after=2022-01-01 00:00:00+00:00
[2024-05-06T20:26:32.246+0700] {logging_mixin.py:188} INFO - [2024-05-06T20:26:32.246+0700] {dag.py:3954} INFO - Setting next_dagrun for example_subdag_operator.section-1 to None, run_after=None
[2024-05-06T20:26:32.246+0700] {logging_mixin.py:188} INFO - [2024-05-06T20:26:32.246+0700] {dag.py:3954} INFO - Setting next_dagrun for example_subdag_operator.section-2 to None, run_after=None
[2024-05-06T20:26:32.250+0700] {logging_mixin.py:188} INFO - [2024-05-06T20:26:32.250+0700] {dag.py:3096} INFO - Sync 2 DAGs
[2024-05-06T20:26:32.252+0700] {logging_mixin.py:188} INFO - [2024-05-06T20:26:32.252+0700] {dag.py:3954} INFO - Setting next_dagrun for example_subdag_operator.section-1 to None, run_after=None
[2024-05-06T20:26:32.252+0700] {logging_mixin.py:188} INFO - [2024-05-06T20:26:32.252+0700] {dag.py:3954} INFO - Setting next_dagrun for example_subdag_operator.section-2 to None, run_after=None
[2024-05-06T20:26:32.259+0700] {processor.py:183} INFO - Processing /opt/homebrew/Caskroom/miniconda/base/lib/python3.11/site-packages/airflow/example_dags/example_subdag_operator.py took 0.114 seconds
[2024-05-06T20:30:09.397+0700] {processor.py:161} INFO - Started process (PID=6432) to work on /opt/homebrew/Caskroom/miniconda/base/lib/python3.11/site-packages/airflow/example_dags/example_subdag_operator.py
[2024-05-06T20:30:09.398+0700] {processor.py:830} INFO - Processing file /opt/homebrew/Caskroom/miniconda/base/lib/python3.11/site-packages/airflow/example_dags/example_subdag_operator.py for tasks to queue
[2024-05-06T20:30:09.399+0700] {logging_mixin.py:188} INFO - [2024-05-06T20:30:09.398+0700] {dagbag.py:540} INFO - Filling up the DagBag from /opt/homebrew/Caskroom/miniconda/base/lib/python3.11/site-packages/airflow/example_dags/example_subdag_operator.py
[2024-05-06T20:30:09.455+0700] {processor.py:840} INFO - DAG(s) 'example_subdag_operator.section-1', 'example_subdag_operator.section-2', 'example_subdag_operator' retrieved from /opt/homebrew/Caskroom/miniconda/base/lib/python3.11/site-packages/airflow/example_dags/example_subdag_operator.py
[2024-05-06T20:30:09.573+0700] {logging_mixin.py:188} INFO - [2024-05-06T20:30:09.572+0700] {dag.py:3096} INFO - Sync 3 DAGs
[2024-05-06T20:30:09.582+0700] {logging_mixin.py:188} INFO - [2024-05-06T20:30:09.582+0700] {dag.py:3954} INFO - Setting next_dagrun for example_subdag_operator to 2022-01-01 00:00:00+00:00, run_after=2022-01-01 00:00:00+00:00
[2024-05-06T20:30:09.583+0700] {logging_mixin.py:188} INFO - [2024-05-06T20:30:09.583+0700] {dag.py:3954} INFO - Setting next_dagrun for example_subdag_operator.section-1 to None, run_after=None
[2024-05-06T20:30:09.584+0700] {logging_mixin.py:188} INFO - [2024-05-06T20:30:09.584+0700] {dag.py:3954} INFO - Setting next_dagrun for example_subdag_operator.section-2 to None, run_after=None
[2024-05-06T20:30:09.588+0700] {logging_mixin.py:188} INFO - [2024-05-06T20:30:09.588+0700] {dag.py:3096} INFO - Sync 2 DAGs
[2024-05-06T20:30:09.590+0700] {logging_mixin.py:188} INFO - [2024-05-06T20:30:09.590+0700] {dag.py:3954} INFO - Setting next_dagrun for example_subdag_operator.section-1 to None, run_after=None
[2024-05-06T20:30:09.590+0700] {logging_mixin.py:188} INFO - [2024-05-06T20:30:09.590+0700] {dag.py:3954} INFO - Setting next_dagrun for example_subdag_operator.section-2 to None, run_after=None
[2024-05-06T20:30:09.597+0700] {processor.py:183} INFO - Processing /opt/homebrew/Caskroom/miniconda/base/lib/python3.11/site-packages/airflow/example_dags/example_subdag_operator.py took 0.201 seconds
[2024-05-06T20:32:04.813+0700] {processor.py:161} INFO - Started process (PID=7065) to work on /opt/homebrew/Caskroom/miniconda/base/lib/python3.11/site-packages/airflow/example_dags/example_subdag_operator.py
[2024-05-06T20:32:04.814+0700] {processor.py:830} INFO - Processing file /opt/homebrew/Caskroom/miniconda/base/lib/python3.11/site-packages/airflow/example_dags/example_subdag_operator.py for tasks to queue
[2024-05-06T20:32:04.814+0700] {logging_mixin.py:188} INFO - [2024-05-06T20:32:04.814+0700] {dagbag.py:540} INFO - Filling up the DagBag from /opt/homebrew/Caskroom/miniconda/base/lib/python3.11/site-packages/airflow/example_dags/example_subdag_operator.py
[2024-05-06T20:32:04.880+0700] {processor.py:840} INFO - DAG(s) 'example_subdag_operator.section-1', 'example_subdag_operator.section-2', 'example_subdag_operator' retrieved from /opt/homebrew/Caskroom/miniconda/base/lib/python3.11/site-packages/airflow/example_dags/example_subdag_operator.py
[2024-05-06T20:32:04.919+0700] {logging_mixin.py:188} INFO - [2024-05-06T20:32:04.919+0700] {dag.py:3096} INFO - Sync 3 DAGs
[2024-05-06T20:32:04.931+0700] {logging_mixin.py:188} INFO - [2024-05-06T20:32:04.930+0700] {dag.py:3954} INFO - Setting next_dagrun for example_subdag_operator to 2022-01-01 00:00:00+00:00, run_after=2022-01-01 00:00:00+00:00
[2024-05-06T20:32:04.933+0700] {logging_mixin.py:188} INFO - [2024-05-06T20:32:04.933+0700] {dag.py:3954} INFO - Setting next_dagrun for example_subdag_operator.section-1 to None, run_after=None
[2024-05-06T20:32:04.934+0700] {logging_mixin.py:188} INFO - [2024-05-06T20:32:04.934+0700] {dag.py:3954} INFO - Setting next_dagrun for example_subdag_operator.section-2 to None, run_after=None
[2024-05-06T20:32:04.938+0700] {logging_mixin.py:188} INFO - [2024-05-06T20:32:04.938+0700] {dag.py:3096} INFO - Sync 2 DAGs
[2024-05-06T20:32:04.941+0700] {logging_mixin.py:188} INFO - [2024-05-06T20:32:04.941+0700] {dag.py:3954} INFO - Setting next_dagrun for example_subdag_operator.section-1 to None, run_after=None
[2024-05-06T20:32:04.941+0700] {logging_mixin.py:188} INFO - [2024-05-06T20:32:04.941+0700] {dag.py:3954} INFO - Setting next_dagrun for example_subdag_operator.section-2 to None, run_after=None
[2024-05-06T20:32:04.949+0700] {processor.py:183} INFO - Processing /opt/homebrew/Caskroom/miniconda/base/lib/python3.11/site-packages/airflow/example_dags/example_subdag_operator.py took 0.139 seconds
[2024-05-06T20:33:01.072+0700] {processor.py:161} INFO - Started process (PID=7353) to work on /opt/homebrew/Caskroom/miniconda/base/lib/python3.11/site-packages/airflow/example_dags/example_subdag_operator.py
[2024-05-06T20:33:01.073+0700] {processor.py:830} INFO - Processing file /opt/homebrew/Caskroom/miniconda/base/lib/python3.11/site-packages/airflow/example_dags/example_subdag_operator.py for tasks to queue
[2024-05-06T20:33:01.074+0700] {logging_mixin.py:188} INFO - [2024-05-06T20:33:01.074+0700] {dagbag.py:540} INFO - Filling up the DagBag from /opt/homebrew/Caskroom/miniconda/base/lib/python3.11/site-packages/airflow/example_dags/example_subdag_operator.py
[2024-05-06T20:33:01.161+0700] {processor.py:840} INFO - DAG(s) 'example_subdag_operator.section-1', 'example_subdag_operator.section-2', 'example_subdag_operator' retrieved from /opt/homebrew/Caskroom/miniconda/base/lib/python3.11/site-packages/airflow/example_dags/example_subdag_operator.py
[2024-05-06T20:33:01.289+0700] {logging_mixin.py:188} INFO - [2024-05-06T20:33:01.289+0700] {dag.py:3096} INFO - Sync 3 DAGs
[2024-05-06T20:33:01.300+0700] {logging_mixin.py:188} INFO - [2024-05-06T20:33:01.300+0700] {dag.py:3954} INFO - Setting next_dagrun for example_subdag_operator to 2022-01-01 00:00:00+00:00, run_after=2022-01-01 00:00:00+00:00
[2024-05-06T20:33:01.302+0700] {logging_mixin.py:188} INFO - [2024-05-06T20:33:01.302+0700] {dag.py:3954} INFO - Setting next_dagrun for example_subdag_operator.section-1 to None, run_after=None
[2024-05-06T20:33:01.302+0700] {logging_mixin.py:188} INFO - [2024-05-06T20:33:01.302+0700] {dag.py:3954} INFO - Setting next_dagrun for example_subdag_operator.section-2 to None, run_after=None
[2024-05-06T20:33:01.307+0700] {logging_mixin.py:188} INFO - [2024-05-06T20:33:01.306+0700] {dag.py:3096} INFO - Sync 2 DAGs
[2024-05-06T20:33:01.309+0700] {logging_mixin.py:188} INFO - [2024-05-06T20:33:01.309+0700] {dag.py:3954} INFO - Setting next_dagrun for example_subdag_operator.section-1 to None, run_after=None
[2024-05-06T20:33:01.309+0700] {logging_mixin.py:188} INFO - [2024-05-06T20:33:01.309+0700] {dag.py:3954} INFO - Setting next_dagrun for example_subdag_operator.section-2 to None, run_after=None
[2024-05-06T20:33:01.317+0700] {processor.py:183} INFO - Processing /opt/homebrew/Caskroom/miniconda/base/lib/python3.11/site-packages/airflow/example_dags/example_subdag_operator.py took 0.247 seconds
