[2024-05-06T07:31:50.475+0700] {processor.py:161} INFO - Started process (PID=72624) to work on /Library/Frameworks/Python.framework/Versions/3.10/lib/python3.10/site-packages/airflow/example_dags/example_datasets.py
[2024-05-06T07:31:50.475+0700] {processor.py:830} INFO - Processing file /Library/Frameworks/Python.framework/Versions/3.10/lib/python3.10/site-packages/airflow/example_dags/example_datasets.py for tasks to queue
[2024-05-06T07:31:50.476+0700] {logging_mixin.py:188} INFO - [2024-05-06T07:31:50.475+0700] {dagbag.py:540} INFO - Filling up the DagBag from /Library/Frameworks/Python.framework/Versions/3.10/lib/python3.10/site-packages/airflow/example_dags/example_datasets.py
[2024-05-06T07:31:50.518+0700] {processor.py:840} INFO - DAG(s) 'dataset_consumes_1_never_scheduled', 'dataset_produces_2', 'consume_1_or_2_with_dataset_expressions', 'dataset_consumes_1', 'dataset_consumes_1_and_2', 'dataset_produces_1', 'conditional_dataset_and_time_based_timetable', 'consume_1_or_both_2_and_3_with_dataset_expressions', 'consume_1_and_2_with_dataset_expressions', 'dataset_consumes_unknown_never_scheduled' retrieved from /Library/Frameworks/Python.framework/Versions/3.10/lib/python3.10/site-packages/airflow/example_dags/example_datasets.py
[2024-05-06T07:31:50.625+0700] {logging_mixin.py:188} INFO - [2024-05-06T07:31:50.625+0700] {dag.py:3096} INFO - Sync 10 DAGs
[2024-05-06T07:31:50.637+0700] {logging_mixin.py:188} INFO - [2024-05-06T07:31:50.637+0700] {dag.py:3954} INFO - Setting next_dagrun for conditional_dataset_and_time_based_timetable to 2024-05-01 01:00:00+00:00, run_after=2024-05-01 01:00:00+00:00
[2024-05-06T07:31:50.639+0700] {logging_mixin.py:188} INFO - [2024-05-06T07:31:50.639+0700] {dag.py:3954} INFO - Setting next_dagrun for consume_1_and_2_with_dataset_expressions to None, run_after=None
[2024-05-06T07:31:50.639+0700] {logging_mixin.py:188} INFO - [2024-05-06T07:31:50.639+0700] {dag.py:3954} INFO - Setting next_dagrun for consume_1_or_2_with_dataset_expressions to None, run_after=None
[2024-05-06T07:31:50.640+0700] {logging_mixin.py:188} INFO - [2024-05-06T07:31:50.640+0700] {dag.py:3954} INFO - Setting next_dagrun for consume_1_or_both_2_and_3_with_dataset_expressions to None, run_after=None
[2024-05-06T07:31:50.640+0700] {logging_mixin.py:188} INFO - [2024-05-06T07:31:50.640+0700] {dag.py:3954} INFO - Setting next_dagrun for dataset_consumes_1 to None, run_after=None
[2024-05-06T07:31:50.641+0700] {logging_mixin.py:188} INFO - [2024-05-06T07:31:50.641+0700] {dag.py:3954} INFO - Setting next_dagrun for dataset_consumes_1_and_2 to None, run_after=None
[2024-05-06T07:31:50.641+0700] {logging_mixin.py:188} INFO - [2024-05-06T07:31:50.641+0700] {dag.py:3954} INFO - Setting next_dagrun for dataset_consumes_1_never_scheduled to None, run_after=None
[2024-05-06T07:31:50.642+0700] {logging_mixin.py:188} INFO - [2024-05-06T07:31:50.641+0700] {dag.py:3954} INFO - Setting next_dagrun for dataset_consumes_unknown_never_scheduled to None, run_after=None
[2024-05-06T07:31:50.643+0700] {logging_mixin.py:188} INFO - [2024-05-06T07:31:50.643+0700] {dag.py:3954} INFO - Setting next_dagrun for dataset_produces_1 to 2024-05-05 00:00:00+00:00, run_after=2024-05-06 00:00:00+00:00
[2024-05-06T07:31:50.643+0700] {logging_mixin.py:188} INFO - [2024-05-06T07:31:50.643+0700] {dag.py:3954} INFO - Setting next_dagrun for dataset_produces_2 to None, run_after=None
[2024-05-06T07:31:50.659+0700] {processor.py:183} INFO - Processing /Library/Frameworks/Python.framework/Versions/3.10/lib/python3.10/site-packages/airflow/example_dags/example_datasets.py took 0.186 seconds
[2024-05-06T07:34:23.903+0700] {processor.py:161} INFO - Started process (PID=73426) to work on /Library/Frameworks/Python.framework/Versions/3.10/lib/python3.10/site-packages/airflow/example_dags/example_datasets.py
[2024-05-06T07:34:23.904+0700] {processor.py:830} INFO - Processing file /Library/Frameworks/Python.framework/Versions/3.10/lib/python3.10/site-packages/airflow/example_dags/example_datasets.py for tasks to queue
[2024-05-06T07:34:23.904+0700] {logging_mixin.py:188} INFO - [2024-05-06T07:34:23.904+0700] {dagbag.py:540} INFO - Filling up the DagBag from /Library/Frameworks/Python.framework/Versions/3.10/lib/python3.10/site-packages/airflow/example_dags/example_datasets.py
[2024-05-06T07:34:23.945+0700] {processor.py:840} INFO - DAG(s) 'dataset_produces_2', 'consume_1_or_both_2_and_3_with_dataset_expressions', 'dataset_produces_1', 'consume_1_and_2_with_dataset_expressions', 'dataset_consumes_1_never_scheduled', 'dataset_consumes_1', 'dataset_consumes_1_and_2', 'conditional_dataset_and_time_based_timetable', 'consume_1_or_2_with_dataset_expressions', 'dataset_consumes_unknown_never_scheduled' retrieved from /Library/Frameworks/Python.framework/Versions/3.10/lib/python3.10/site-packages/airflow/example_dags/example_datasets.py
[2024-05-06T07:34:24.053+0700] {logging_mixin.py:188} INFO - [2024-05-06T07:34:24.053+0700] {dag.py:3096} INFO - Sync 10 DAGs
[2024-05-06T07:34:24.065+0700] {logging_mixin.py:188} INFO - [2024-05-06T07:34:24.065+0700] {dag.py:3954} INFO - Setting next_dagrun for conditional_dataset_and_time_based_timetable to 2024-05-01 01:00:00+00:00, run_after=2024-05-01 01:00:00+00:00
[2024-05-06T07:34:24.067+0700] {logging_mixin.py:188} INFO - [2024-05-06T07:34:24.067+0700] {dag.py:3954} INFO - Setting next_dagrun for consume_1_and_2_with_dataset_expressions to None, run_after=None
[2024-05-06T07:34:24.067+0700] {logging_mixin.py:188} INFO - [2024-05-06T07:34:24.067+0700] {dag.py:3954} INFO - Setting next_dagrun for consume_1_or_2_with_dataset_expressions to None, run_after=None
[2024-05-06T07:34:24.068+0700] {logging_mixin.py:188} INFO - [2024-05-06T07:34:24.068+0700] {dag.py:3954} INFO - Setting next_dagrun for consume_1_or_both_2_and_3_with_dataset_expressions to None, run_after=None
[2024-05-06T07:34:24.068+0700] {logging_mixin.py:188} INFO - [2024-05-06T07:34:24.068+0700] {dag.py:3954} INFO - Setting next_dagrun for dataset_consumes_1 to None, run_after=None
[2024-05-06T07:34:24.069+0700] {logging_mixin.py:188} INFO - [2024-05-06T07:34:24.069+0700] {dag.py:3954} INFO - Setting next_dagrun for dataset_consumes_1_and_2 to None, run_after=None
[2024-05-06T07:34:24.069+0700] {logging_mixin.py:188} INFO - [2024-05-06T07:34:24.069+0700] {dag.py:3954} INFO - Setting next_dagrun for dataset_consumes_1_never_scheduled to None, run_after=None
[2024-05-06T07:34:24.070+0700] {logging_mixin.py:188} INFO - [2024-05-06T07:34:24.070+0700] {dag.py:3954} INFO - Setting next_dagrun for dataset_consumes_unknown_never_scheduled to None, run_after=None
[2024-05-06T07:34:24.071+0700] {logging_mixin.py:188} INFO - [2024-05-06T07:34:24.071+0700] {dag.py:3954} INFO - Setting next_dagrun for dataset_produces_1 to 2024-05-05 00:00:00+00:00, run_after=2024-05-06 00:00:00+00:00
[2024-05-06T07:34:24.071+0700] {logging_mixin.py:188} INFO - [2024-05-06T07:34:24.071+0700] {dag.py:3954} INFO - Setting next_dagrun for dataset_produces_2 to None, run_after=None
[2024-05-06T07:34:24.088+0700] {processor.py:183} INFO - Processing /Library/Frameworks/Python.framework/Versions/3.10/lib/python3.10/site-packages/airflow/example_dags/example_datasets.py took 0.186 seconds
[2024-05-06T07:36:56.952+0700] {processor.py:161} INFO - Started process (PID=74130) to work on /Library/Frameworks/Python.framework/Versions/3.10/lib/python3.10/site-packages/airflow/example_dags/example_datasets.py
[2024-05-06T07:36:56.954+0700] {processor.py:830} INFO - Processing file /Library/Frameworks/Python.framework/Versions/3.10/lib/python3.10/site-packages/airflow/example_dags/example_datasets.py for tasks to queue
[2024-05-06T07:36:56.954+0700] {logging_mixin.py:188} INFO - [2024-05-06T07:36:56.954+0700] {dagbag.py:540} INFO - Filling up the DagBag from /Library/Frameworks/Python.framework/Versions/3.10/lib/python3.10/site-packages/airflow/example_dags/example_datasets.py
[2024-05-06T07:36:56.994+0700] {processor.py:840} INFO - DAG(s) 'dataset_consumes_1_and_2', 'dataset_consumes_1', 'consume_1_or_both_2_and_3_with_dataset_expressions', 'dataset_consumes_unknown_never_scheduled', 'consume_1_and_2_with_dataset_expressions', 'conditional_dataset_and_time_based_timetable', 'dataset_consumes_1_never_scheduled', 'dataset_produces_1', 'dataset_produces_2', 'consume_1_or_2_with_dataset_expressions' retrieved from /Library/Frameworks/Python.framework/Versions/3.10/lib/python3.10/site-packages/airflow/example_dags/example_datasets.py
[2024-05-06T07:36:57.101+0700] {logging_mixin.py:188} INFO - [2024-05-06T07:36:57.101+0700] {dag.py:3096} INFO - Sync 10 DAGs
[2024-05-06T07:36:57.112+0700] {logging_mixin.py:188} INFO - [2024-05-06T07:36:57.112+0700] {dag.py:3954} INFO - Setting next_dagrun for conditional_dataset_and_time_based_timetable to 2024-05-01 01:00:00+00:00, run_after=2024-05-01 01:00:00+00:00
[2024-05-06T07:36:57.114+0700] {logging_mixin.py:188} INFO - [2024-05-06T07:36:57.114+0700] {dag.py:3954} INFO - Setting next_dagrun for consume_1_and_2_with_dataset_expressions to None, run_after=None
[2024-05-06T07:36:57.115+0700] {logging_mixin.py:188} INFO - [2024-05-06T07:36:57.115+0700] {dag.py:3954} INFO - Setting next_dagrun for consume_1_or_2_with_dataset_expressions to None, run_after=None
[2024-05-06T07:36:57.115+0700] {logging_mixin.py:188} INFO - [2024-05-06T07:36:57.115+0700] {dag.py:3954} INFO - Setting next_dagrun for consume_1_or_both_2_and_3_with_dataset_expressions to None, run_after=None
[2024-05-06T07:36:57.116+0700] {logging_mixin.py:188} INFO - [2024-05-06T07:36:57.116+0700] {dag.py:3954} INFO - Setting next_dagrun for dataset_consumes_1 to None, run_after=None
[2024-05-06T07:36:57.116+0700] {logging_mixin.py:188} INFO - [2024-05-06T07:36:57.116+0700] {dag.py:3954} INFO - Setting next_dagrun for dataset_consumes_1_and_2 to None, run_after=None
[2024-05-06T07:36:57.117+0700] {logging_mixin.py:188} INFO - [2024-05-06T07:36:57.116+0700] {dag.py:3954} INFO - Setting next_dagrun for dataset_consumes_1_never_scheduled to None, run_after=None
[2024-05-06T07:36:57.117+0700] {logging_mixin.py:188} INFO - [2024-05-06T07:36:57.117+0700] {dag.py:3954} INFO - Setting next_dagrun for dataset_consumes_unknown_never_scheduled to None, run_after=None
[2024-05-06T07:36:57.118+0700] {logging_mixin.py:188} INFO - [2024-05-06T07:36:57.118+0700] {dag.py:3954} INFO - Setting next_dagrun for dataset_produces_1 to 2024-05-05 00:00:00+00:00, run_after=2024-05-06 00:00:00+00:00
[2024-05-06T07:36:57.119+0700] {logging_mixin.py:188} INFO - [2024-05-06T07:36:57.118+0700] {dag.py:3954} INFO - Setting next_dagrun for dataset_produces_2 to None, run_after=None
[2024-05-06T07:36:57.134+0700] {processor.py:183} INFO - Processing /Library/Frameworks/Python.framework/Versions/3.10/lib/python3.10/site-packages/airflow/example_dags/example_datasets.py took 0.183 seconds
[2024-05-06T07:39:31.759+0700] {processor.py:161} INFO - Started process (PID=74842) to work on /Library/Frameworks/Python.framework/Versions/3.10/lib/python3.10/site-packages/airflow/example_dags/example_datasets.py
[2024-05-06T07:39:31.761+0700] {processor.py:830} INFO - Processing file /Library/Frameworks/Python.framework/Versions/3.10/lib/python3.10/site-packages/airflow/example_dags/example_datasets.py for tasks to queue
[2024-05-06T07:39:31.762+0700] {logging_mixin.py:188} INFO - [2024-05-06T07:39:31.761+0700] {dagbag.py:540} INFO - Filling up the DagBag from /Library/Frameworks/Python.framework/Versions/3.10/lib/python3.10/site-packages/airflow/example_dags/example_datasets.py
[2024-05-06T07:39:31.870+0700] {processor.py:840} INFO - DAG(s) 'consume_1_or_2_with_dataset_expressions', 'conditional_dataset_and_time_based_timetable', 'dataset_consumes_1_never_scheduled', 'dataset_consumes_unknown_never_scheduled', 'dataset_produces_1', 'dataset_consumes_1_and_2', 'dataset_consumes_1', 'dataset_produces_2', 'consume_1_and_2_with_dataset_expressions', 'consume_1_or_both_2_and_3_with_dataset_expressions' retrieved from /Library/Frameworks/Python.framework/Versions/3.10/lib/python3.10/site-packages/airflow/example_dags/example_datasets.py
[2024-05-06T07:39:31.977+0700] {logging_mixin.py:188} INFO - [2024-05-06T07:39:31.977+0700] {dag.py:3096} INFO - Sync 10 DAGs
[2024-05-06T07:39:31.988+0700] {logging_mixin.py:188} INFO - [2024-05-06T07:39:31.988+0700] {dag.py:3954} INFO - Setting next_dagrun for conditional_dataset_and_time_based_timetable to 2024-05-01 01:00:00+00:00, run_after=2024-05-01 01:00:00+00:00
[2024-05-06T07:39:31.990+0700] {logging_mixin.py:188} INFO - [2024-05-06T07:39:31.990+0700] {dag.py:3954} INFO - Setting next_dagrun for consume_1_and_2_with_dataset_expressions to None, run_after=None
[2024-05-06T07:39:31.990+0700] {logging_mixin.py:188} INFO - [2024-05-06T07:39:31.990+0700] {dag.py:3954} INFO - Setting next_dagrun for consume_1_or_2_with_dataset_expressions to None, run_after=None
[2024-05-06T07:39:31.991+0700] {logging_mixin.py:188} INFO - [2024-05-06T07:39:31.991+0700] {dag.py:3954} INFO - Setting next_dagrun for consume_1_or_both_2_and_3_with_dataset_expressions to None, run_after=None
[2024-05-06T07:39:31.991+0700] {logging_mixin.py:188} INFO - [2024-05-06T07:39:31.991+0700] {dag.py:3954} INFO - Setting next_dagrun for dataset_consumes_1 to None, run_after=None
[2024-05-06T07:39:31.992+0700] {logging_mixin.py:188} INFO - [2024-05-06T07:39:31.992+0700] {dag.py:3954} INFO - Setting next_dagrun for dataset_consumes_1_and_2 to None, run_after=None
[2024-05-06T07:39:31.992+0700] {logging_mixin.py:188} INFO - [2024-05-06T07:39:31.992+0700] {dag.py:3954} INFO - Setting next_dagrun for dataset_consumes_1_never_scheduled to None, run_after=None
[2024-05-06T07:39:31.993+0700] {logging_mixin.py:188} INFO - [2024-05-06T07:39:31.993+0700] {dag.py:3954} INFO - Setting next_dagrun for dataset_consumes_unknown_never_scheduled to None, run_after=None
[2024-05-06T07:39:31.994+0700] {logging_mixin.py:188} INFO - [2024-05-06T07:39:31.994+0700] {dag.py:3954} INFO - Setting next_dagrun for dataset_produces_1 to 2024-05-05 00:00:00+00:00, run_after=2024-05-06 00:00:00+00:00
[2024-05-06T07:39:31.994+0700] {logging_mixin.py:188} INFO - [2024-05-06T07:39:31.994+0700] {dag.py:3954} INFO - Setting next_dagrun for dataset_produces_2 to None, run_after=None
[2024-05-06T07:39:32.009+0700] {processor.py:183} INFO - Processing /Library/Frameworks/Python.framework/Versions/3.10/lib/python3.10/site-packages/airflow/example_dags/example_datasets.py took 0.252 seconds
[2024-05-06T08:14:38.586+0700] {processor.py:161} INFO - Started process (PID=75571) to work on /Library/Frameworks/Python.framework/Versions/3.10/lib/python3.10/site-packages/airflow/example_dags/example_datasets.py
[2024-05-06T08:14:38.587+0700] {processor.py:830} INFO - Processing file /Library/Frameworks/Python.framework/Versions/3.10/lib/python3.10/site-packages/airflow/example_dags/example_datasets.py for tasks to queue
[2024-05-06T08:14:38.588+0700] {logging_mixin.py:188} INFO - [2024-05-06T08:14:38.588+0700] {dagbag.py:540} INFO - Filling up the DagBag from /Library/Frameworks/Python.framework/Versions/3.10/lib/python3.10/site-packages/airflow/example_dags/example_datasets.py
[2024-05-06T08:14:38.627+0700] {processor.py:840} INFO - DAG(s) 'dataset_consumes_1_and_2', 'dataset_consumes_unknown_never_scheduled', 'dataset_consumes_1_never_scheduled', 'consume_1_or_both_2_and_3_with_dataset_expressions', 'dataset_produces_1', 'conditional_dataset_and_time_based_timetable', 'consume_1_and_2_with_dataset_expressions', 'dataset_consumes_1', 'dataset_produces_2', 'consume_1_or_2_with_dataset_expressions' retrieved from /Library/Frameworks/Python.framework/Versions/3.10/lib/python3.10/site-packages/airflow/example_dags/example_datasets.py
[2024-05-06T08:14:38.733+0700] {logging_mixin.py:188} INFO - [2024-05-06T08:14:38.733+0700] {dag.py:3096} INFO - Sync 10 DAGs
[2024-05-06T08:14:38.744+0700] {logging_mixin.py:188} INFO - [2024-05-06T08:14:38.744+0700] {dag.py:3954} INFO - Setting next_dagrun for conditional_dataset_and_time_based_timetable to 2024-05-01 01:00:00+00:00, run_after=2024-05-01 01:00:00+00:00
[2024-05-06T08:14:38.746+0700] {logging_mixin.py:188} INFO - [2024-05-06T08:14:38.746+0700] {dag.py:3954} INFO - Setting next_dagrun for consume_1_and_2_with_dataset_expressions to None, run_after=None
[2024-05-06T08:14:38.747+0700] {logging_mixin.py:188} INFO - [2024-05-06T08:14:38.747+0700] {dag.py:3954} INFO - Setting next_dagrun for consume_1_or_2_with_dataset_expressions to None, run_after=None
[2024-05-06T08:14:38.747+0700] {logging_mixin.py:188} INFO - [2024-05-06T08:14:38.747+0700] {dag.py:3954} INFO - Setting next_dagrun for consume_1_or_both_2_and_3_with_dataset_expressions to None, run_after=None
[2024-05-06T08:14:38.748+0700] {logging_mixin.py:188} INFO - [2024-05-06T08:14:38.748+0700] {dag.py:3954} INFO - Setting next_dagrun for dataset_consumes_1 to None, run_after=None
[2024-05-06T08:14:38.748+0700] {logging_mixin.py:188} INFO - [2024-05-06T08:14:38.748+0700] {dag.py:3954} INFO - Setting next_dagrun for dataset_consumes_1_and_2 to None, run_after=None
[2024-05-06T08:14:38.749+0700] {logging_mixin.py:188} INFO - [2024-05-06T08:14:38.749+0700] {dag.py:3954} INFO - Setting next_dagrun for dataset_consumes_1_never_scheduled to None, run_after=None
[2024-05-06T08:14:38.749+0700] {logging_mixin.py:188} INFO - [2024-05-06T08:14:38.749+0700] {dag.py:3954} INFO - Setting next_dagrun for dataset_consumes_unknown_never_scheduled to None, run_after=None
[2024-05-06T08:14:38.750+0700] {logging_mixin.py:188} INFO - [2024-05-06T08:14:38.750+0700] {dag.py:3954} INFO - Setting next_dagrun for dataset_produces_1 to 2024-05-05 00:00:00+00:00, run_after=2024-05-06 00:00:00+00:00
[2024-05-06T08:14:38.751+0700] {logging_mixin.py:188} INFO - [2024-05-06T08:14:38.751+0700] {dag.py:3954} INFO - Setting next_dagrun for dataset_produces_2 to None, run_after=None
[2024-05-06T08:14:38.766+0700] {processor.py:183} INFO - Processing /Library/Frameworks/Python.framework/Versions/3.10/lib/python3.10/site-packages/airflow/example_dags/example_datasets.py took 0.182 seconds
[2024-05-06T08:43:29.863+0700] {processor.py:161} INFO - Started process (PID=76377) to work on /Library/Frameworks/Python.framework/Versions/3.10/lib/python3.10/site-packages/airflow/example_dags/example_datasets.py
[2024-05-06T08:43:29.865+0700] {processor.py:830} INFO - Processing file /Library/Frameworks/Python.framework/Versions/3.10/lib/python3.10/site-packages/airflow/example_dags/example_datasets.py for tasks to queue
[2024-05-06T08:43:29.865+0700] {logging_mixin.py:188} INFO - [2024-05-06T08:43:29.865+0700] {dagbag.py:540} INFO - Filling up the DagBag from /Library/Frameworks/Python.framework/Versions/3.10/lib/python3.10/site-packages/airflow/example_dags/example_datasets.py
[2024-05-06T08:43:29.908+0700] {processor.py:840} INFO - DAG(s) 'dataset_produces_2', 'dataset_consumes_1_never_scheduled', 'dataset_consumes_unknown_never_scheduled', 'dataset_produces_1', 'consume_1_or_2_with_dataset_expressions', 'conditional_dataset_and_time_based_timetable', 'dataset_consumes_1', 'consume_1_or_both_2_and_3_with_dataset_expressions', 'dataset_consumes_1_and_2', 'consume_1_and_2_with_dataset_expressions' retrieved from /Library/Frameworks/Python.framework/Versions/3.10/lib/python3.10/site-packages/airflow/example_dags/example_datasets.py
[2024-05-06T08:43:30.015+0700] {logging_mixin.py:188} INFO - [2024-05-06T08:43:30.014+0700] {dag.py:3096} INFO - Sync 10 DAGs
[2024-05-06T08:43:30.026+0700] {logging_mixin.py:188} INFO - [2024-05-06T08:43:30.026+0700] {dag.py:3954} INFO - Setting next_dagrun for conditional_dataset_and_time_based_timetable to 2024-05-01 01:00:00+00:00, run_after=2024-05-01 01:00:00+00:00
[2024-05-06T08:43:30.028+0700] {logging_mixin.py:188} INFO - [2024-05-06T08:43:30.028+0700] {dag.py:3954} INFO - Setting next_dagrun for consume_1_and_2_with_dataset_expressions to None, run_after=None
[2024-05-06T08:43:30.028+0700] {logging_mixin.py:188} INFO - [2024-05-06T08:43:30.028+0700] {dag.py:3954} INFO - Setting next_dagrun for consume_1_or_2_with_dataset_expressions to None, run_after=None
[2024-05-06T08:43:30.029+0700] {logging_mixin.py:188} INFO - [2024-05-06T08:43:30.029+0700] {dag.py:3954} INFO - Setting next_dagrun for consume_1_or_both_2_and_3_with_dataset_expressions to None, run_after=None
[2024-05-06T08:43:30.029+0700] {logging_mixin.py:188} INFO - [2024-05-06T08:43:30.029+0700] {dag.py:3954} INFO - Setting next_dagrun for dataset_consumes_1 to None, run_after=None
[2024-05-06T08:43:30.030+0700] {logging_mixin.py:188} INFO - [2024-05-06T08:43:30.030+0700] {dag.py:3954} INFO - Setting next_dagrun for dataset_consumes_1_and_2 to None, run_after=None
[2024-05-06T08:43:30.030+0700] {logging_mixin.py:188} INFO - [2024-05-06T08:43:30.030+0700] {dag.py:3954} INFO - Setting next_dagrun for dataset_consumes_1_never_scheduled to None, run_after=None
[2024-05-06T08:43:30.031+0700] {logging_mixin.py:188} INFO - [2024-05-06T08:43:30.031+0700] {dag.py:3954} INFO - Setting next_dagrun for dataset_consumes_unknown_never_scheduled to None, run_after=None
[2024-05-06T08:43:30.032+0700] {logging_mixin.py:188} INFO - [2024-05-06T08:43:30.032+0700] {dag.py:3954} INFO - Setting next_dagrun for dataset_produces_1 to 2024-05-05 00:00:00+00:00, run_after=2024-05-06 00:00:00+00:00
[2024-05-06T08:43:30.032+0700] {logging_mixin.py:188} INFO - [2024-05-06T08:43:30.032+0700] {dag.py:3954} INFO - Setting next_dagrun for dataset_produces_2 to None, run_after=None
[2024-05-06T08:43:30.048+0700] {processor.py:183} INFO - Processing /Library/Frameworks/Python.framework/Versions/3.10/lib/python3.10/site-packages/airflow/example_dags/example_datasets.py took 0.187 seconds
[2024-05-06T09:02:28.306+0700] {processor.py:161} INFO - Started process (PID=77116) to work on /Library/Frameworks/Python.framework/Versions/3.10/lib/python3.10/site-packages/airflow/example_dags/example_datasets.py
[2024-05-06T09:02:28.307+0700] {processor.py:830} INFO - Processing file /Library/Frameworks/Python.framework/Versions/3.10/lib/python3.10/site-packages/airflow/example_dags/example_datasets.py for tasks to queue
[2024-05-06T09:02:28.308+0700] {logging_mixin.py:188} INFO - [2024-05-06T09:02:28.308+0700] {dagbag.py:540} INFO - Filling up the DagBag from /Library/Frameworks/Python.framework/Versions/3.10/lib/python3.10/site-packages/airflow/example_dags/example_datasets.py
[2024-05-06T09:02:28.348+0700] {processor.py:840} INFO - DAG(s) 'consume_1_or_both_2_and_3_with_dataset_expressions', 'consume_1_and_2_with_dataset_expressions', 'dataset_produces_1', 'dataset_produces_2', 'dataset_consumes_1_and_2', 'dataset_consumes_unknown_never_scheduled', 'dataset_consumes_1_never_scheduled', 'conditional_dataset_and_time_based_timetable', 'consume_1_or_2_with_dataset_expressions', 'dataset_consumes_1' retrieved from /Library/Frameworks/Python.framework/Versions/3.10/lib/python3.10/site-packages/airflow/example_dags/example_datasets.py
[2024-05-06T09:02:28.456+0700] {logging_mixin.py:188} INFO - [2024-05-06T09:02:28.456+0700] {dag.py:3096} INFO - Sync 10 DAGs
[2024-05-06T09:02:28.468+0700] {logging_mixin.py:188} INFO - [2024-05-06T09:02:28.468+0700] {dag.py:3954} INFO - Setting next_dagrun for conditional_dataset_and_time_based_timetable to 2024-05-01 01:00:00+00:00, run_after=2024-05-01 01:00:00+00:00
[2024-05-06T09:02:28.470+0700] {logging_mixin.py:188} INFO - [2024-05-06T09:02:28.470+0700] {dag.py:3954} INFO - Setting next_dagrun for consume_1_and_2_with_dataset_expressions to None, run_after=None
[2024-05-06T09:02:28.470+0700] {logging_mixin.py:188} INFO - [2024-05-06T09:02:28.470+0700] {dag.py:3954} INFO - Setting next_dagrun for consume_1_or_2_with_dataset_expressions to None, run_after=None
[2024-05-06T09:02:28.471+0700] {logging_mixin.py:188} INFO - [2024-05-06T09:02:28.471+0700] {dag.py:3954} INFO - Setting next_dagrun for consume_1_or_both_2_and_3_with_dataset_expressions to None, run_after=None
[2024-05-06T09:02:28.471+0700] {logging_mixin.py:188} INFO - [2024-05-06T09:02:28.471+0700] {dag.py:3954} INFO - Setting next_dagrun for dataset_consumes_1 to None, run_after=None
[2024-05-06T09:02:28.472+0700] {logging_mixin.py:188} INFO - [2024-05-06T09:02:28.472+0700] {dag.py:3954} INFO - Setting next_dagrun for dataset_consumes_1_and_2 to None, run_after=None
[2024-05-06T09:02:28.472+0700] {logging_mixin.py:188} INFO - [2024-05-06T09:02:28.472+0700] {dag.py:3954} INFO - Setting next_dagrun for dataset_consumes_1_never_scheduled to None, run_after=None
[2024-05-06T09:02:28.472+0700] {logging_mixin.py:188} INFO - [2024-05-06T09:02:28.472+0700] {dag.py:3954} INFO - Setting next_dagrun for dataset_consumes_unknown_never_scheduled to None, run_after=None
[2024-05-06T09:02:28.474+0700] {logging_mixin.py:188} INFO - [2024-05-06T09:02:28.474+0700] {dag.py:3954} INFO - Setting next_dagrun for dataset_produces_1 to 2024-05-05 00:00:00+00:00, run_after=2024-05-06 00:00:00+00:00
[2024-05-06T09:02:28.474+0700] {logging_mixin.py:188} INFO - [2024-05-06T09:02:28.474+0700] {dag.py:3954} INFO - Setting next_dagrun for dataset_produces_2 to None, run_after=None
[2024-05-06T09:02:28.490+0700] {processor.py:183} INFO - Processing /Library/Frameworks/Python.framework/Versions/3.10/lib/python3.10/site-packages/airflow/example_dags/example_datasets.py took 0.186 seconds
[2024-05-06T09:37:56.055+0700] {processor.py:161} INFO - Started process (PID=77987) to work on /Library/Frameworks/Python.framework/Versions/3.10/lib/python3.10/site-packages/airflow/example_dags/example_datasets.py
[2024-05-06T09:37:56.056+0700] {processor.py:830} INFO - Processing file /Library/Frameworks/Python.framework/Versions/3.10/lib/python3.10/site-packages/airflow/example_dags/example_datasets.py for tasks to queue
[2024-05-06T09:37:56.056+0700] {logging_mixin.py:188} INFO - [2024-05-06T09:37:56.056+0700] {dagbag.py:540} INFO - Filling up the DagBag from /Library/Frameworks/Python.framework/Versions/3.10/lib/python3.10/site-packages/airflow/example_dags/example_datasets.py
[2024-05-06T09:37:56.098+0700] {processor.py:840} INFO - DAG(s) 'consume_1_or_both_2_and_3_with_dataset_expressions', 'dataset_produces_2', 'dataset_produces_1', 'dataset_consumes_1', 'dataset_consumes_1_and_2', 'dataset_consumes_1_never_scheduled', 'conditional_dataset_and_time_based_timetable', 'consume_1_and_2_with_dataset_expressions', 'consume_1_or_2_with_dataset_expressions', 'dataset_consumes_unknown_never_scheduled' retrieved from /Library/Frameworks/Python.framework/Versions/3.10/lib/python3.10/site-packages/airflow/example_dags/example_datasets.py
[2024-05-06T09:37:56.206+0700] {logging_mixin.py:188} INFO - [2024-05-06T09:37:56.206+0700] {dag.py:3096} INFO - Sync 10 DAGs
[2024-05-06T09:37:56.218+0700] {logging_mixin.py:188} INFO - [2024-05-06T09:37:56.218+0700] {dag.py:3954} INFO - Setting next_dagrun for conditional_dataset_and_time_based_timetable to 2024-05-01 01:00:00+00:00, run_after=2024-05-01 01:00:00+00:00
[2024-05-06T09:37:56.220+0700] {logging_mixin.py:188} INFO - [2024-05-06T09:37:56.220+0700] {dag.py:3954} INFO - Setting next_dagrun for consume_1_and_2_with_dataset_expressions to None, run_after=None
[2024-05-06T09:37:56.221+0700] {logging_mixin.py:188} INFO - [2024-05-06T09:37:56.221+0700] {dag.py:3954} INFO - Setting next_dagrun for consume_1_or_2_with_dataset_expressions to None, run_after=None
[2024-05-06T09:37:56.221+0700] {logging_mixin.py:188} INFO - [2024-05-06T09:37:56.221+0700] {dag.py:3954} INFO - Setting next_dagrun for consume_1_or_both_2_and_3_with_dataset_expressions to None, run_after=None
[2024-05-06T09:37:56.222+0700] {logging_mixin.py:188} INFO - [2024-05-06T09:37:56.222+0700] {dag.py:3954} INFO - Setting next_dagrun for dataset_consumes_1 to None, run_after=None
[2024-05-06T09:37:56.222+0700] {logging_mixin.py:188} INFO - [2024-05-06T09:37:56.222+0700] {dag.py:3954} INFO - Setting next_dagrun for dataset_consumes_1_and_2 to None, run_after=None
[2024-05-06T09:37:56.223+0700] {logging_mixin.py:188} INFO - [2024-05-06T09:37:56.222+0700] {dag.py:3954} INFO - Setting next_dagrun for dataset_consumes_1_never_scheduled to None, run_after=None
[2024-05-06T09:37:56.223+0700] {logging_mixin.py:188} INFO - [2024-05-06T09:37:56.223+0700] {dag.py:3954} INFO - Setting next_dagrun for dataset_consumes_unknown_never_scheduled to None, run_after=None
[2024-05-06T09:37:56.224+0700] {logging_mixin.py:188} INFO - [2024-05-06T09:37:56.224+0700] {dag.py:3954} INFO - Setting next_dagrun for dataset_produces_1 to 2024-05-05 00:00:00+00:00, run_after=2024-05-06 00:00:00+00:00
[2024-05-06T09:37:56.225+0700] {logging_mixin.py:188} INFO - [2024-05-06T09:37:56.225+0700] {dag.py:3954} INFO - Setting next_dagrun for dataset_produces_2 to None, run_after=None
[2024-05-06T09:37:56.241+0700] {processor.py:183} INFO - Processing /Library/Frameworks/Python.framework/Versions/3.10/lib/python3.10/site-packages/airflow/example_dags/example_datasets.py took 0.187 seconds
[2024-05-06T09:55:54.474+0700] {processor.py:161} INFO - Started process (PID=78742) to work on /Library/Frameworks/Python.framework/Versions/3.10/lib/python3.10/site-packages/airflow/example_dags/example_datasets.py
[2024-05-06T09:55:54.475+0700] {processor.py:830} INFO - Processing file /Library/Frameworks/Python.framework/Versions/3.10/lib/python3.10/site-packages/airflow/example_dags/example_datasets.py for tasks to queue
[2024-05-06T09:55:54.475+0700] {logging_mixin.py:188} INFO - [2024-05-06T09:55:54.475+0700] {dagbag.py:540} INFO - Filling up the DagBag from /Library/Frameworks/Python.framework/Versions/3.10/lib/python3.10/site-packages/airflow/example_dags/example_datasets.py
[2024-05-06T09:55:54.518+0700] {processor.py:840} INFO - DAG(s) 'dataset_consumes_1_and_2', 'consume_1_and_2_with_dataset_expressions', 'dataset_consumes_1', 'consume_1_or_both_2_and_3_with_dataset_expressions', 'conditional_dataset_and_time_based_timetable', 'dataset_consumes_1_never_scheduled', 'dataset_produces_1', 'dataset_consumes_unknown_never_scheduled', 'consume_1_or_2_with_dataset_expressions', 'dataset_produces_2' retrieved from /Library/Frameworks/Python.framework/Versions/3.10/lib/python3.10/site-packages/airflow/example_dags/example_datasets.py
[2024-05-06T09:55:54.625+0700] {logging_mixin.py:188} INFO - [2024-05-06T09:55:54.625+0700] {dag.py:3096} INFO - Sync 10 DAGs
[2024-05-06T09:55:54.637+0700] {logging_mixin.py:188} INFO - [2024-05-06T09:55:54.637+0700] {dag.py:3954} INFO - Setting next_dagrun for conditional_dataset_and_time_based_timetable to 2024-05-01 01:00:00+00:00, run_after=2024-05-01 01:00:00+00:00
[2024-05-06T09:55:54.639+0700] {logging_mixin.py:188} INFO - [2024-05-06T09:55:54.638+0700] {dag.py:3954} INFO - Setting next_dagrun for consume_1_and_2_with_dataset_expressions to None, run_after=None
[2024-05-06T09:55:54.639+0700] {logging_mixin.py:188} INFO - [2024-05-06T09:55:54.639+0700] {dag.py:3954} INFO - Setting next_dagrun for consume_1_or_2_with_dataset_expressions to None, run_after=None
[2024-05-06T09:55:54.640+0700] {logging_mixin.py:188} INFO - [2024-05-06T09:55:54.639+0700] {dag.py:3954} INFO - Setting next_dagrun for consume_1_or_both_2_and_3_with_dataset_expressions to None, run_after=None
[2024-05-06T09:55:54.640+0700] {logging_mixin.py:188} INFO - [2024-05-06T09:55:54.640+0700] {dag.py:3954} INFO - Setting next_dagrun for dataset_consumes_1 to None, run_after=None
[2024-05-06T09:55:54.640+0700] {logging_mixin.py:188} INFO - [2024-05-06T09:55:54.640+0700] {dag.py:3954} INFO - Setting next_dagrun for dataset_consumes_1_and_2 to None, run_after=None
[2024-05-06T09:55:54.641+0700] {logging_mixin.py:188} INFO - [2024-05-06T09:55:54.641+0700] {dag.py:3954} INFO - Setting next_dagrun for dataset_consumes_1_never_scheduled to None, run_after=None
[2024-05-06T09:55:54.641+0700] {logging_mixin.py:188} INFO - [2024-05-06T09:55:54.641+0700] {dag.py:3954} INFO - Setting next_dagrun for dataset_consumes_unknown_never_scheduled to None, run_after=None
[2024-05-06T09:55:54.642+0700] {logging_mixin.py:188} INFO - [2024-05-06T09:55:54.642+0700] {dag.py:3954} INFO - Setting next_dagrun for dataset_produces_1 to 2024-05-05 00:00:00+00:00, run_after=2024-05-06 00:00:00+00:00
[2024-05-06T09:55:54.643+0700] {logging_mixin.py:188} INFO - [2024-05-06T09:55:54.643+0700] {dag.py:3954} INFO - Setting next_dagrun for dataset_produces_2 to None, run_after=None
[2024-05-06T09:55:54.658+0700] {processor.py:183} INFO - Processing /Library/Frameworks/Python.framework/Versions/3.10/lib/python3.10/site-packages/airflow/example_dags/example_datasets.py took 0.186 seconds
[2024-05-06T10:37:37.027+0700] {processor.py:161} INFO - Started process (PID=79502) to work on /Library/Frameworks/Python.framework/Versions/3.10/lib/python3.10/site-packages/airflow/example_dags/example_datasets.py
[2024-05-06T10:37:37.028+0700] {processor.py:830} INFO - Processing file /Library/Frameworks/Python.framework/Versions/3.10/lib/python3.10/site-packages/airflow/example_dags/example_datasets.py for tasks to queue
[2024-05-06T10:37:37.029+0700] {logging_mixin.py:188} INFO - [2024-05-06T10:37:37.028+0700] {dagbag.py:540} INFO - Filling up the DagBag from /Library/Frameworks/Python.framework/Versions/3.10/lib/python3.10/site-packages/airflow/example_dags/example_datasets.py
[2024-05-06T10:37:37.071+0700] {processor.py:840} INFO - DAG(s) 'dataset_produces_2', 'conditional_dataset_and_time_based_timetable', 'dataset_produces_1', 'consume_1_and_2_with_dataset_expressions', 'consume_1_or_2_with_dataset_expressions', 'dataset_consumes_1', 'dataset_consumes_1_and_2', 'dataset_consumes_unknown_never_scheduled', 'consume_1_or_both_2_and_3_with_dataset_expressions', 'dataset_consumes_1_never_scheduled' retrieved from /Library/Frameworks/Python.framework/Versions/3.10/lib/python3.10/site-packages/airflow/example_dags/example_datasets.py
[2024-05-06T10:37:37.178+0700] {logging_mixin.py:188} INFO - [2024-05-06T10:37:37.178+0700] {dag.py:3096} INFO - Sync 10 DAGs
[2024-05-06T10:37:37.190+0700] {logging_mixin.py:188} INFO - [2024-05-06T10:37:37.190+0700] {dag.py:3954} INFO - Setting next_dagrun for conditional_dataset_and_time_based_timetable to 2024-05-01 01:00:00+00:00, run_after=2024-05-01 01:00:00+00:00
[2024-05-06T10:37:37.192+0700] {logging_mixin.py:188} INFO - [2024-05-06T10:37:37.192+0700] {dag.py:3954} INFO - Setting next_dagrun for consume_1_and_2_with_dataset_expressions to None, run_after=None
[2024-05-06T10:37:37.192+0700] {logging_mixin.py:188} INFO - [2024-05-06T10:37:37.192+0700] {dag.py:3954} INFO - Setting next_dagrun for consume_1_or_2_with_dataset_expressions to None, run_after=None
[2024-05-06T10:37:37.193+0700] {logging_mixin.py:188} INFO - [2024-05-06T10:37:37.193+0700] {dag.py:3954} INFO - Setting next_dagrun for consume_1_or_both_2_and_3_with_dataset_expressions to None, run_after=None
[2024-05-06T10:37:37.193+0700] {logging_mixin.py:188} INFO - [2024-05-06T10:37:37.193+0700] {dag.py:3954} INFO - Setting next_dagrun for dataset_consumes_1 to None, run_after=None
[2024-05-06T10:37:37.194+0700] {logging_mixin.py:188} INFO - [2024-05-06T10:37:37.194+0700] {dag.py:3954} INFO - Setting next_dagrun for dataset_consumes_1_and_2 to None, run_after=None
[2024-05-06T10:37:37.194+0700] {logging_mixin.py:188} INFO - [2024-05-06T10:37:37.194+0700] {dag.py:3954} INFO - Setting next_dagrun for dataset_consumes_1_never_scheduled to None, run_after=None
[2024-05-06T10:37:37.195+0700] {logging_mixin.py:188} INFO - [2024-05-06T10:37:37.195+0700] {dag.py:3954} INFO - Setting next_dagrun for dataset_consumes_unknown_never_scheduled to None, run_after=None
[2024-05-06T10:37:37.196+0700] {logging_mixin.py:188} INFO - [2024-05-06T10:37:37.196+0700] {dag.py:3954} INFO - Setting next_dagrun for dataset_produces_1 to 2024-05-05 00:00:00+00:00, run_after=2024-05-06 00:00:00+00:00
[2024-05-06T10:37:37.196+0700] {logging_mixin.py:188} INFO - [2024-05-06T10:37:37.196+0700] {dag.py:3954} INFO - Setting next_dagrun for dataset_produces_2 to None, run_after=None
[2024-05-06T10:37:37.212+0700] {processor.py:183} INFO - Processing /Library/Frameworks/Python.framework/Versions/3.10/lib/python3.10/site-packages/airflow/example_dags/example_datasets.py took 0.187 seconds
[2024-05-06T10:57:30.569+0700] {processor.py:161} INFO - Started process (PID=80275) to work on /Library/Frameworks/Python.framework/Versions/3.10/lib/python3.10/site-packages/airflow/example_dags/example_datasets.py
[2024-05-06T10:57:30.570+0700] {processor.py:830} INFO - Processing file /Library/Frameworks/Python.framework/Versions/3.10/lib/python3.10/site-packages/airflow/example_dags/example_datasets.py for tasks to queue
[2024-05-06T10:57:30.570+0700] {logging_mixin.py:188} INFO - [2024-05-06T10:57:30.570+0700] {dagbag.py:540} INFO - Filling up the DagBag from /Library/Frameworks/Python.framework/Versions/3.10/lib/python3.10/site-packages/airflow/example_dags/example_datasets.py
[2024-05-06T10:57:30.612+0700] {processor.py:840} INFO - DAG(s) 'dataset_produces_2', 'conditional_dataset_and_time_based_timetable', 'dataset_consumes_unknown_never_scheduled', 'dataset_consumes_1', 'dataset_consumes_1_and_2', 'dataset_produces_1', 'consume_1_or_both_2_and_3_with_dataset_expressions', 'dataset_consumes_1_never_scheduled', 'consume_1_and_2_with_dataset_expressions', 'consume_1_or_2_with_dataset_expressions' retrieved from /Library/Frameworks/Python.framework/Versions/3.10/lib/python3.10/site-packages/airflow/example_dags/example_datasets.py
[2024-05-06T10:57:30.722+0700] {logging_mixin.py:188} INFO - [2024-05-06T10:57:30.722+0700] {dag.py:3096} INFO - Sync 10 DAGs
[2024-05-06T10:57:30.735+0700] {logging_mixin.py:188} INFO - [2024-05-06T10:57:30.735+0700] {dag.py:3954} INFO - Setting next_dagrun for conditional_dataset_and_time_based_timetable to 2024-05-01 01:00:00+00:00, run_after=2024-05-01 01:00:00+00:00
[2024-05-06T10:57:30.737+0700] {logging_mixin.py:188} INFO - [2024-05-06T10:57:30.737+0700] {dag.py:3954} INFO - Setting next_dagrun for consume_1_and_2_with_dataset_expressions to None, run_after=None
[2024-05-06T10:57:30.737+0700] {logging_mixin.py:188} INFO - [2024-05-06T10:57:30.737+0700] {dag.py:3954} INFO - Setting next_dagrun for consume_1_or_2_with_dataset_expressions to None, run_after=None
[2024-05-06T10:57:30.738+0700] {logging_mixin.py:188} INFO - [2024-05-06T10:57:30.738+0700] {dag.py:3954} INFO - Setting next_dagrun for consume_1_or_both_2_and_3_with_dataset_expressions to None, run_after=None
[2024-05-06T10:57:30.738+0700] {logging_mixin.py:188} INFO - [2024-05-06T10:57:30.738+0700] {dag.py:3954} INFO - Setting next_dagrun for dataset_consumes_1 to None, run_after=None
[2024-05-06T10:57:30.739+0700] {logging_mixin.py:188} INFO - [2024-05-06T10:57:30.739+0700] {dag.py:3954} INFO - Setting next_dagrun for dataset_consumes_1_and_2 to None, run_after=None
[2024-05-06T10:57:30.739+0700] {logging_mixin.py:188} INFO - [2024-05-06T10:57:30.739+0700] {dag.py:3954} INFO - Setting next_dagrun for dataset_consumes_1_never_scheduled to None, run_after=None
[2024-05-06T10:57:30.740+0700] {logging_mixin.py:188} INFO - [2024-05-06T10:57:30.740+0700] {dag.py:3954} INFO - Setting next_dagrun for dataset_consumes_unknown_never_scheduled to None, run_after=None
[2024-05-06T10:57:30.741+0700] {logging_mixin.py:188} INFO - [2024-05-06T10:57:30.741+0700] {dag.py:3954} INFO - Setting next_dagrun for dataset_produces_1 to 2024-05-05 00:00:00+00:00, run_after=2024-05-06 00:00:00+00:00
[2024-05-06T10:57:30.742+0700] {logging_mixin.py:188} INFO - [2024-05-06T10:57:30.741+0700] {dag.py:3954} INFO - Setting next_dagrun for dataset_produces_2 to None, run_after=None
[2024-05-06T10:57:30.758+0700] {processor.py:183} INFO - Processing /Library/Frameworks/Python.framework/Versions/3.10/lib/python3.10/site-packages/airflow/example_dags/example_datasets.py took 0.191 seconds
[2024-05-06T11:00:20.753+0700] {processor.py:161} INFO - Started process (PID=81085) to work on /Library/Frameworks/Python.framework/Versions/3.10/lib/python3.10/site-packages/airflow/example_dags/example_datasets.py
[2024-05-06T11:00:20.754+0700] {processor.py:830} INFO - Processing file /Library/Frameworks/Python.framework/Versions/3.10/lib/python3.10/site-packages/airflow/example_dags/example_datasets.py for tasks to queue
[2024-05-06T11:00:20.754+0700] {logging_mixin.py:188} INFO - [2024-05-06T11:00:20.754+0700] {dagbag.py:540} INFO - Filling up the DagBag from /Library/Frameworks/Python.framework/Versions/3.10/lib/python3.10/site-packages/airflow/example_dags/example_datasets.py
[2024-05-06T11:00:20.794+0700] {processor.py:840} INFO - DAG(s) 'dataset_consumes_1', 'conditional_dataset_and_time_based_timetable', 'dataset_consumes_1_never_scheduled', 'dataset_produces_1', 'consume_1_or_both_2_and_3_with_dataset_expressions', 'consume_1_or_2_with_dataset_expressions', 'dataset_produces_2', 'dataset_consumes_1_and_2', 'dataset_consumes_unknown_never_scheduled', 'consume_1_and_2_with_dataset_expressions' retrieved from /Library/Frameworks/Python.framework/Versions/3.10/lib/python3.10/site-packages/airflow/example_dags/example_datasets.py
[2024-05-06T11:00:20.903+0700] {logging_mixin.py:188} INFO - [2024-05-06T11:00:20.903+0700] {dag.py:3096} INFO - Sync 10 DAGs
[2024-05-06T11:00:20.914+0700] {logging_mixin.py:188} INFO - [2024-05-06T11:00:20.914+0700] {dag.py:3954} INFO - Setting next_dagrun for conditional_dataset_and_time_based_timetable to 2024-05-01 01:00:00+00:00, run_after=2024-05-01 01:00:00+00:00
[2024-05-06T11:00:20.916+0700] {logging_mixin.py:188} INFO - [2024-05-06T11:00:20.916+0700] {dag.py:3954} INFO - Setting next_dagrun for consume_1_and_2_with_dataset_expressions to None, run_after=None
[2024-05-06T11:00:20.916+0700] {logging_mixin.py:188} INFO - [2024-05-06T11:00:20.916+0700] {dag.py:3954} INFO - Setting next_dagrun for consume_1_or_2_with_dataset_expressions to None, run_after=None
[2024-05-06T11:00:20.917+0700] {logging_mixin.py:188} INFO - [2024-05-06T11:00:20.917+0700] {dag.py:3954} INFO - Setting next_dagrun for consume_1_or_both_2_and_3_with_dataset_expressions to None, run_after=None
[2024-05-06T11:00:20.917+0700] {logging_mixin.py:188} INFO - [2024-05-06T11:00:20.917+0700] {dag.py:3954} INFO - Setting next_dagrun for dataset_consumes_1 to None, run_after=None
[2024-05-06T11:00:20.918+0700] {logging_mixin.py:188} INFO - [2024-05-06T11:00:20.918+0700] {dag.py:3954} INFO - Setting next_dagrun for dataset_consumes_1_and_2 to None, run_after=None
[2024-05-06T11:00:20.918+0700] {logging_mixin.py:188} INFO - [2024-05-06T11:00:20.918+0700] {dag.py:3954} INFO - Setting next_dagrun for dataset_consumes_1_never_scheduled to None, run_after=None
[2024-05-06T11:00:20.919+0700] {logging_mixin.py:188} INFO - [2024-05-06T11:00:20.919+0700] {dag.py:3954} INFO - Setting next_dagrun for dataset_consumes_unknown_never_scheduled to None, run_after=None
[2024-05-06T11:00:20.920+0700] {logging_mixin.py:188} INFO - [2024-05-06T11:00:20.920+0700] {dag.py:3954} INFO - Setting next_dagrun for dataset_produces_1 to 2024-05-05 00:00:00+00:00, run_after=2024-05-06 00:00:00+00:00
[2024-05-06T11:00:20.920+0700] {logging_mixin.py:188} INFO - [2024-05-06T11:00:20.920+0700] {dag.py:3954} INFO - Setting next_dagrun for dataset_produces_2 to None, run_after=None
[2024-05-06T11:00:20.936+0700] {processor.py:183} INFO - Processing /Library/Frameworks/Python.framework/Versions/3.10/lib/python3.10/site-packages/airflow/example_dags/example_datasets.py took 0.185 seconds
[2024-05-06T20:15:10.774+0700] {processor.py:161} INFO - Started process (PID=1710) to work on /opt/homebrew/Caskroom/miniconda/base/lib/python3.11/site-packages/airflow/example_dags/example_datasets.py
[2024-05-06T20:15:10.776+0700] {processor.py:830} INFO - Processing file /opt/homebrew/Caskroom/miniconda/base/lib/python3.11/site-packages/airflow/example_dags/example_datasets.py for tasks to queue
[2024-05-06T20:15:10.776+0700] {logging_mixin.py:188} INFO - [2024-05-06T20:15:10.776+0700] {dagbag.py:540} INFO - Filling up the DagBag from /opt/homebrew/Caskroom/miniconda/base/lib/python3.11/site-packages/airflow/example_dags/example_datasets.py
[2024-05-06T20:15:10.819+0700] {processor.py:840} INFO - DAG(s) 'conditional_dataset_and_time_based_timetable', 'consume_1_or_both_2_and_3_with_dataset_expressions', 'dataset_produces_1', 'dataset_consumes_unknown_never_scheduled', 'dataset_consumes_1_never_scheduled', 'consume_1_or_2_with_dataset_expressions', 'dataset_produces_2', 'dataset_consumes_1_and_2', 'consume_1_and_2_with_dataset_expressions', 'dataset_consumes_1' retrieved from /opt/homebrew/Caskroom/miniconda/base/lib/python3.11/site-packages/airflow/example_dags/example_datasets.py
[2024-05-06T20:15:11.002+0700] {logging_mixin.py:188} INFO - [2024-05-06T20:15:11.002+0700] {dag.py:3096} INFO - Sync 10 DAGs
[2024-05-06T20:15:11.013+0700] {logging_mixin.py:188} INFO - [2024-05-06T20:15:11.013+0700] {dag.py:3954} INFO - Setting next_dagrun for conditional_dataset_and_time_based_timetable to 2024-05-01 01:00:00+00:00, run_after=2024-05-01 01:00:00+00:00
[2024-05-06T20:15:11.014+0700] {logging_mixin.py:188} INFO - [2024-05-06T20:15:11.014+0700] {dag.py:3954} INFO - Setting next_dagrun for consume_1_and_2_with_dataset_expressions to None, run_after=None
[2024-05-06T20:15:11.015+0700] {logging_mixin.py:188} INFO - [2024-05-06T20:15:11.015+0700] {dag.py:3954} INFO - Setting next_dagrun for consume_1_or_2_with_dataset_expressions to None, run_after=None
[2024-05-06T20:15:11.016+0700] {logging_mixin.py:188} INFO - [2024-05-06T20:15:11.015+0700] {dag.py:3954} INFO - Setting next_dagrun for consume_1_or_both_2_and_3_with_dataset_expressions to None, run_after=None
[2024-05-06T20:15:11.016+0700] {logging_mixin.py:188} INFO - [2024-05-06T20:15:11.016+0700] {dag.py:3954} INFO - Setting next_dagrun for dataset_consumes_1 to None, run_after=None
[2024-05-06T20:15:11.016+0700] {logging_mixin.py:188} INFO - [2024-05-06T20:15:11.016+0700] {dag.py:3954} INFO - Setting next_dagrun for dataset_consumes_1_and_2 to None, run_after=None
[2024-05-06T20:15:11.017+0700] {logging_mixin.py:188} INFO - [2024-05-06T20:15:11.017+0700] {dag.py:3954} INFO - Setting next_dagrun for dataset_consumes_1_never_scheduled to None, run_after=None
[2024-05-06T20:15:11.017+0700] {logging_mixin.py:188} INFO - [2024-05-06T20:15:11.017+0700] {dag.py:3954} INFO - Setting next_dagrun for dataset_consumes_unknown_never_scheduled to None, run_after=None
[2024-05-06T20:15:11.019+0700] {logging_mixin.py:188} INFO - [2024-05-06T20:15:11.018+0700] {dag.py:3954} INFO - Setting next_dagrun for dataset_produces_1 to 2024-05-05 00:00:00+00:00, run_after=2024-05-06 00:00:00+00:00
[2024-05-06T20:15:11.019+0700] {logging_mixin.py:188} INFO - [2024-05-06T20:15:11.019+0700] {dag.py:3954} INFO - Setting next_dagrun for dataset_produces_2 to None, run_after=None
[2024-05-06T20:15:11.035+0700] {processor.py:183} INFO - Processing /opt/homebrew/Caskroom/miniconda/base/lib/python3.11/site-packages/airflow/example_dags/example_datasets.py took 0.263 seconds
[2024-05-06T20:18:19.143+0700] {processor.py:161} INFO - Started process (PID=2696) to work on /opt/homebrew/Caskroom/miniconda/base/lib/python3.11/site-packages/airflow/example_dags/example_datasets.py
[2024-05-06T20:18:19.146+0700] {processor.py:830} INFO - Processing file /opt/homebrew/Caskroom/miniconda/base/lib/python3.11/site-packages/airflow/example_dags/example_datasets.py for tasks to queue
[2024-05-06T20:18:19.146+0700] {logging_mixin.py:188} INFO - [2024-05-06T20:18:19.146+0700] {dagbag.py:540} INFO - Filling up the DagBag from /opt/homebrew/Caskroom/miniconda/base/lib/python3.11/site-packages/airflow/example_dags/example_datasets.py
[2024-05-06T20:18:19.184+0700] {processor.py:840} INFO - DAG(s) 'consume_1_or_both_2_and_3_with_dataset_expressions', 'dataset_consumes_unknown_never_scheduled', 'dataset_consumes_1_and_2', 'dataset_consumes_1', 'consume_1_and_2_with_dataset_expressions', 'dataset_produces_1', 'conditional_dataset_and_time_based_timetable', 'dataset_consumes_1_never_scheduled', 'consume_1_or_2_with_dataset_expressions', 'dataset_produces_2' retrieved from /opt/homebrew/Caskroom/miniconda/base/lib/python3.11/site-packages/airflow/example_dags/example_datasets.py
[2024-05-06T20:18:19.262+0700] {logging_mixin.py:188} INFO - [2024-05-06T20:18:19.262+0700] {dag.py:3096} INFO - Sync 10 DAGs
[2024-05-06T20:18:19.274+0700] {logging_mixin.py:188} INFO - [2024-05-06T20:18:19.274+0700] {dag.py:3954} INFO - Setting next_dagrun for conditional_dataset_and_time_based_timetable to 2024-05-01 01:00:00+00:00, run_after=2024-05-01 01:00:00+00:00
[2024-05-06T20:18:19.276+0700] {logging_mixin.py:188} INFO - [2024-05-06T20:18:19.276+0700] {dag.py:3954} INFO - Setting next_dagrun for consume_1_and_2_with_dataset_expressions to None, run_after=None
[2024-05-06T20:18:19.276+0700] {logging_mixin.py:188} INFO - [2024-05-06T20:18:19.276+0700] {dag.py:3954} INFO - Setting next_dagrun for consume_1_or_2_with_dataset_expressions to None, run_after=None
[2024-05-06T20:18:19.277+0700] {logging_mixin.py:188} INFO - [2024-05-06T20:18:19.277+0700] {dag.py:3954} INFO - Setting next_dagrun for consume_1_or_both_2_and_3_with_dataset_expressions to None, run_after=None
[2024-05-06T20:18:19.277+0700] {logging_mixin.py:188} INFO - [2024-05-06T20:18:19.277+0700] {dag.py:3954} INFO - Setting next_dagrun for dataset_consumes_1 to None, run_after=None
[2024-05-06T20:18:19.278+0700] {logging_mixin.py:188} INFO - [2024-05-06T20:18:19.278+0700] {dag.py:3954} INFO - Setting next_dagrun for dataset_consumes_1_and_2 to None, run_after=None
[2024-05-06T20:18:19.278+0700] {logging_mixin.py:188} INFO - [2024-05-06T20:18:19.278+0700] {dag.py:3954} INFO - Setting next_dagrun for dataset_consumes_1_never_scheduled to None, run_after=None
[2024-05-06T20:18:19.279+0700] {logging_mixin.py:188} INFO - [2024-05-06T20:18:19.279+0700] {dag.py:3954} INFO - Setting next_dagrun for dataset_consumes_unknown_never_scheduled to None, run_after=None
[2024-05-06T20:18:19.280+0700] {logging_mixin.py:188} INFO - [2024-05-06T20:18:19.280+0700] {dag.py:3954} INFO - Setting next_dagrun for dataset_produces_1 to 2024-05-05 00:00:00+00:00, run_after=2024-05-06 00:00:00+00:00
[2024-05-06T20:18:19.280+0700] {logging_mixin.py:188} INFO - [2024-05-06T20:18:19.280+0700] {dag.py:3954} INFO - Setting next_dagrun for dataset_produces_2 to None, run_after=None
[2024-05-06T20:18:19.334+0700] {processor.py:183} INFO - Processing /opt/homebrew/Caskroom/miniconda/base/lib/python3.11/site-packages/airflow/example_dags/example_datasets.py took 0.192 seconds
[2024-05-06T20:21:11.384+0700] {processor.py:161} INFO - Started process (PID=3673) to work on /opt/homebrew/Caskroom/miniconda/base/lib/python3.11/site-packages/airflow/example_dags/example_datasets.py
[2024-05-06T20:21:11.384+0700] {processor.py:830} INFO - Processing file /opt/homebrew/Caskroom/miniconda/base/lib/python3.11/site-packages/airflow/example_dags/example_datasets.py for tasks to queue
[2024-05-06T20:21:11.385+0700] {logging_mixin.py:188} INFO - [2024-05-06T20:21:11.385+0700] {dagbag.py:540} INFO - Filling up the DagBag from /opt/homebrew/Caskroom/miniconda/base/lib/python3.11/site-packages/airflow/example_dags/example_datasets.py
[2024-05-06T20:21:11.423+0700] {processor.py:840} INFO - DAG(s) 'dataset_consumes_1_never_scheduled', 'dataset_produces_1', 'consume_1_or_both_2_and_3_with_dataset_expressions', 'dataset_consumes_unknown_never_scheduled', 'consume_1_or_2_with_dataset_expressions', 'dataset_produces_2', 'conditional_dataset_and_time_based_timetable', 'consume_1_and_2_with_dataset_expressions', 'dataset_consumes_1_and_2', 'dataset_consumes_1' retrieved from /opt/homebrew/Caskroom/miniconda/base/lib/python3.11/site-packages/airflow/example_dags/example_datasets.py
[2024-05-06T20:21:11.502+0700] {logging_mixin.py:188} INFO - [2024-05-06T20:21:11.501+0700] {dag.py:3096} INFO - Sync 10 DAGs
[2024-05-06T20:21:11.513+0700] {logging_mixin.py:188} INFO - [2024-05-06T20:21:11.513+0700] {dag.py:3954} INFO - Setting next_dagrun for conditional_dataset_and_time_based_timetable to 2024-05-01 01:00:00+00:00, run_after=2024-05-01 01:00:00+00:00
[2024-05-06T20:21:11.515+0700] {logging_mixin.py:188} INFO - [2024-05-06T20:21:11.515+0700] {dag.py:3954} INFO - Setting next_dagrun for consume_1_and_2_with_dataset_expressions to None, run_after=None
[2024-05-06T20:21:11.516+0700] {logging_mixin.py:188} INFO - [2024-05-06T20:21:11.516+0700] {dag.py:3954} INFO - Setting next_dagrun for consume_1_or_2_with_dataset_expressions to None, run_after=None
[2024-05-06T20:21:11.517+0700] {logging_mixin.py:188} INFO - [2024-05-06T20:21:11.517+0700] {dag.py:3954} INFO - Setting next_dagrun for consume_1_or_both_2_and_3_with_dataset_expressions to None, run_after=None
[2024-05-06T20:21:11.517+0700] {logging_mixin.py:188} INFO - [2024-05-06T20:21:11.517+0700] {dag.py:3954} INFO - Setting next_dagrun for dataset_consumes_1 to None, run_after=None
[2024-05-06T20:21:11.518+0700] {logging_mixin.py:188} INFO - [2024-05-06T20:21:11.518+0700] {dag.py:3954} INFO - Setting next_dagrun for dataset_consumes_1_and_2 to None, run_after=None
[2024-05-06T20:21:11.518+0700] {logging_mixin.py:188} INFO - [2024-05-06T20:21:11.518+0700] {dag.py:3954} INFO - Setting next_dagrun for dataset_consumes_1_never_scheduled to None, run_after=None
[2024-05-06T20:21:11.519+0700] {logging_mixin.py:188} INFO - [2024-05-06T20:21:11.519+0700] {dag.py:3954} INFO - Setting next_dagrun for dataset_consumes_unknown_never_scheduled to None, run_after=None
[2024-05-06T20:21:11.520+0700] {logging_mixin.py:188} INFO - [2024-05-06T20:21:11.520+0700] {dag.py:3954} INFO - Setting next_dagrun for dataset_produces_1 to 2024-05-05 00:00:00+00:00, run_after=2024-05-06 00:00:00+00:00
[2024-05-06T20:21:11.520+0700] {logging_mixin.py:188} INFO - [2024-05-06T20:21:11.520+0700] {dag.py:3954} INFO - Setting next_dagrun for dataset_produces_2 to None, run_after=None
[2024-05-06T20:21:11.575+0700] {processor.py:183} INFO - Processing /opt/homebrew/Caskroom/miniconda/base/lib/python3.11/site-packages/airflow/example_dags/example_datasets.py took 0.193 seconds
[2024-05-06T20:24:02.857+0700] {processor.py:161} INFO - Started process (PID=4560) to work on /opt/homebrew/Caskroom/miniconda/base/lib/python3.11/site-packages/airflow/example_dags/example_datasets.py
[2024-05-06T20:24:02.857+0700] {processor.py:830} INFO - Processing file /opt/homebrew/Caskroom/miniconda/base/lib/python3.11/site-packages/airflow/example_dags/example_datasets.py for tasks to queue
[2024-05-06T20:24:02.858+0700] {logging_mixin.py:188} INFO - [2024-05-06T20:24:02.858+0700] {dagbag.py:540} INFO - Filling up the DagBag from /opt/homebrew/Caskroom/miniconda/base/lib/python3.11/site-packages/airflow/example_dags/example_datasets.py
[2024-05-06T20:24:02.898+0700] {processor.py:840} INFO - DAG(s) 'dataset_produces_1', 'dataset_consumes_unknown_never_scheduled', 'dataset_consumes_1_and_2', 'consume_1_or_both_2_and_3_with_dataset_expressions', 'consume_1_and_2_with_dataset_expressions', 'conditional_dataset_and_time_based_timetable', 'dataset_consumes_1_never_scheduled', 'dataset_consumes_1', 'consume_1_or_2_with_dataset_expressions', 'dataset_produces_2' retrieved from /opt/homebrew/Caskroom/miniconda/base/lib/python3.11/site-packages/airflow/example_dags/example_datasets.py
[2024-05-06T20:24:02.975+0700] {logging_mixin.py:188} INFO - [2024-05-06T20:24:02.975+0700] {dag.py:3096} INFO - Sync 10 DAGs
[2024-05-06T20:24:02.986+0700] {logging_mixin.py:188} INFO - [2024-05-06T20:24:02.986+0700] {dag.py:3954} INFO - Setting next_dagrun for conditional_dataset_and_time_based_timetable to 2024-05-01 01:00:00+00:00, run_after=2024-05-01 01:00:00+00:00
[2024-05-06T20:24:02.988+0700] {logging_mixin.py:188} INFO - [2024-05-06T20:24:02.988+0700] {dag.py:3954} INFO - Setting next_dagrun for consume_1_and_2_with_dataset_expressions to None, run_after=None
[2024-05-06T20:24:02.988+0700] {logging_mixin.py:188} INFO - [2024-05-06T20:24:02.988+0700] {dag.py:3954} INFO - Setting next_dagrun for consume_1_or_2_with_dataset_expressions to None, run_after=None
[2024-05-06T20:24:02.989+0700] {logging_mixin.py:188} INFO - [2024-05-06T20:24:02.989+0700] {dag.py:3954} INFO - Setting next_dagrun for consume_1_or_both_2_and_3_with_dataset_expressions to None, run_after=None
[2024-05-06T20:24:02.990+0700] {logging_mixin.py:188} INFO - [2024-05-06T20:24:02.989+0700] {dag.py:3954} INFO - Setting next_dagrun for dataset_consumes_1 to None, run_after=None
[2024-05-06T20:24:02.990+0700] {logging_mixin.py:188} INFO - [2024-05-06T20:24:02.990+0700] {dag.py:3954} INFO - Setting next_dagrun for dataset_consumes_1_and_2 to None, run_after=None
[2024-05-06T20:24:02.991+0700] {logging_mixin.py:188} INFO - [2024-05-06T20:24:02.990+0700] {dag.py:3954} INFO - Setting next_dagrun for dataset_consumes_1_never_scheduled to None, run_after=None
[2024-05-06T20:24:02.991+0700] {logging_mixin.py:188} INFO - [2024-05-06T20:24:02.991+0700] {dag.py:3954} INFO - Setting next_dagrun for dataset_consumes_unknown_never_scheduled to None, run_after=None
[2024-05-06T20:24:02.992+0700] {logging_mixin.py:188} INFO - [2024-05-06T20:24:02.992+0700] {dag.py:3954} INFO - Setting next_dagrun for dataset_produces_1 to 2024-05-05 00:00:00+00:00, run_after=2024-05-06 00:00:00+00:00
[2024-05-06T20:24:02.993+0700] {logging_mixin.py:188} INFO - [2024-05-06T20:24:02.992+0700] {dag.py:3954} INFO - Setting next_dagrun for dataset_produces_2 to None, run_after=None
[2024-05-06T20:24:03.043+0700] {processor.py:183} INFO - Processing /opt/homebrew/Caskroom/miniconda/base/lib/python3.11/site-packages/airflow/example_dags/example_datasets.py took 0.190 seconds
[2024-05-06T20:26:50.546+0700] {processor.py:161} INFO - Started process (PID=5374) to work on /opt/homebrew/Caskroom/miniconda/base/lib/python3.11/site-packages/airflow/example_dags/example_datasets.py
[2024-05-06T20:26:50.547+0700] {processor.py:830} INFO - Processing file /opt/homebrew/Caskroom/miniconda/base/lib/python3.11/site-packages/airflow/example_dags/example_datasets.py for tasks to queue
[2024-05-06T20:26:50.548+0700] {logging_mixin.py:188} INFO - [2024-05-06T20:26:50.547+0700] {dagbag.py:540} INFO - Filling up the DagBag from /opt/homebrew/Caskroom/miniconda/base/lib/python3.11/site-packages/airflow/example_dags/example_datasets.py
[2024-05-06T20:26:50.585+0700] {processor.py:840} INFO - DAG(s) 'dataset_produces_1', 'consume_1_or_both_2_and_3_with_dataset_expressions', 'dataset_consumes_1_never_scheduled', 'consume_1_or_2_with_dataset_expressions', 'dataset_consumes_unknown_never_scheduled', 'dataset_consumes_1_and_2', 'consume_1_and_2_with_dataset_expressions', 'dataset_produces_2', 'dataset_consumes_1', 'conditional_dataset_and_time_based_timetable' retrieved from /opt/homebrew/Caskroom/miniconda/base/lib/python3.11/site-packages/airflow/example_dags/example_datasets.py
[2024-05-06T20:26:50.663+0700] {logging_mixin.py:188} INFO - [2024-05-06T20:26:50.662+0700] {dag.py:3096} INFO - Sync 10 DAGs
[2024-05-06T20:26:50.674+0700] {logging_mixin.py:188} INFO - [2024-05-06T20:26:50.674+0700] {dag.py:3954} INFO - Setting next_dagrun for conditional_dataset_and_time_based_timetable to 2024-05-01 01:00:00+00:00, run_after=2024-05-01 01:00:00+00:00
[2024-05-06T20:26:50.675+0700] {logging_mixin.py:188} INFO - [2024-05-06T20:26:50.675+0700] {dag.py:3954} INFO - Setting next_dagrun for consume_1_and_2_with_dataset_expressions to None, run_after=None
[2024-05-06T20:26:50.676+0700] {logging_mixin.py:188} INFO - [2024-05-06T20:26:50.676+0700] {dag.py:3954} INFO - Setting next_dagrun for consume_1_or_2_with_dataset_expressions to None, run_after=None
[2024-05-06T20:26:50.677+0700] {logging_mixin.py:188} INFO - [2024-05-06T20:26:50.677+0700] {dag.py:3954} INFO - Setting next_dagrun for consume_1_or_both_2_and_3_with_dataset_expressions to None, run_after=None
[2024-05-06T20:26:50.677+0700] {logging_mixin.py:188} INFO - [2024-05-06T20:26:50.677+0700] {dag.py:3954} INFO - Setting next_dagrun for dataset_consumes_1 to None, run_after=None
[2024-05-06T20:26:50.678+0700] {logging_mixin.py:188} INFO - [2024-05-06T20:26:50.678+0700] {dag.py:3954} INFO - Setting next_dagrun for dataset_consumes_1_and_2 to None, run_after=None
[2024-05-06T20:26:50.678+0700] {logging_mixin.py:188} INFO - [2024-05-06T20:26:50.678+0700] {dag.py:3954} INFO - Setting next_dagrun for dataset_consumes_1_never_scheduled to None, run_after=None
[2024-05-06T20:26:50.679+0700] {logging_mixin.py:188} INFO - [2024-05-06T20:26:50.678+0700] {dag.py:3954} INFO - Setting next_dagrun for dataset_consumes_unknown_never_scheduled to None, run_after=None
[2024-05-06T20:26:50.680+0700] {logging_mixin.py:188} INFO - [2024-05-06T20:26:50.680+0700] {dag.py:3954} INFO - Setting next_dagrun for dataset_produces_1 to 2024-05-05 00:00:00+00:00, run_after=2024-05-06 00:00:00+00:00
[2024-05-06T20:26:50.680+0700] {logging_mixin.py:188} INFO - [2024-05-06T20:26:50.680+0700] {dag.py:3954} INFO - Setting next_dagrun for dataset_produces_2 to None, run_after=None
[2024-05-06T20:26:50.735+0700] {processor.py:183} INFO - Processing /opt/homebrew/Caskroom/miniconda/base/lib/python3.11/site-packages/airflow/example_dags/example_datasets.py took 0.192 seconds
[2024-05-06T20:31:01.906+0700] {processor.py:161} INFO - Started process (PID=6698) to work on /opt/homebrew/Caskroom/miniconda/base/lib/python3.11/site-packages/airflow/example_dags/example_datasets.py
[2024-05-06T20:31:01.907+0700] {processor.py:830} INFO - Processing file /opt/homebrew/Caskroom/miniconda/base/lib/python3.11/site-packages/airflow/example_dags/example_datasets.py for tasks to queue
[2024-05-06T20:31:01.907+0700] {logging_mixin.py:188} INFO - [2024-05-06T20:31:01.907+0700] {dagbag.py:540} INFO - Filling up the DagBag from /opt/homebrew/Caskroom/miniconda/base/lib/python3.11/site-packages/airflow/example_dags/example_datasets.py
[2024-05-06T20:31:01.945+0700] {processor.py:840} INFO - DAG(s) 'conditional_dataset_and_time_based_timetable', 'consume_1_or_2_with_dataset_expressions', 'dataset_consumes_1_never_scheduled', 'dataset_produces_1', 'consume_1_or_both_2_and_3_with_dataset_expressions', 'dataset_produces_2', 'dataset_consumes_unknown_never_scheduled', 'dataset_consumes_1', 'consume_1_and_2_with_dataset_expressions', 'dataset_consumes_1_and_2' retrieved from /opt/homebrew/Caskroom/miniconda/base/lib/python3.11/site-packages/airflow/example_dags/example_datasets.py
[2024-05-06T20:31:02.122+0700] {logging_mixin.py:188} INFO - [2024-05-06T20:31:02.122+0700] {dag.py:3096} INFO - Sync 10 DAGs
[2024-05-06T20:31:02.133+0700] {logging_mixin.py:188} INFO - [2024-05-06T20:31:02.133+0700] {dag.py:3954} INFO - Setting next_dagrun for conditional_dataset_and_time_based_timetable to 2024-05-01 01:00:00+00:00, run_after=2024-05-01 01:00:00+00:00
[2024-05-06T20:31:02.134+0700] {logging_mixin.py:188} INFO - [2024-05-06T20:31:02.134+0700] {dag.py:3954} INFO - Setting next_dagrun for consume_1_and_2_with_dataset_expressions to None, run_after=None
[2024-05-06T20:31:02.135+0700] {logging_mixin.py:188} INFO - [2024-05-06T20:31:02.135+0700] {dag.py:3954} INFO - Setting next_dagrun for consume_1_or_2_with_dataset_expressions to None, run_after=None
[2024-05-06T20:31:02.135+0700] {logging_mixin.py:188} INFO - [2024-05-06T20:31:02.135+0700] {dag.py:3954} INFO - Setting next_dagrun for consume_1_or_both_2_and_3_with_dataset_expressions to None, run_after=None
[2024-05-06T20:31:02.136+0700] {logging_mixin.py:188} INFO - [2024-05-06T20:31:02.136+0700] {dag.py:3954} INFO - Setting next_dagrun for dataset_consumes_1 to None, run_after=None
[2024-05-06T20:31:02.136+0700] {logging_mixin.py:188} INFO - [2024-05-06T20:31:02.136+0700] {dag.py:3954} INFO - Setting next_dagrun for dataset_consumes_1_and_2 to None, run_after=None
[2024-05-06T20:31:02.136+0700] {logging_mixin.py:188} INFO - [2024-05-06T20:31:02.136+0700] {dag.py:3954} INFO - Setting next_dagrun for dataset_consumes_1_never_scheduled to None, run_after=None
[2024-05-06T20:31:02.137+0700] {logging_mixin.py:188} INFO - [2024-05-06T20:31:02.137+0700] {dag.py:3954} INFO - Setting next_dagrun for dataset_consumes_unknown_never_scheduled to None, run_after=None
[2024-05-06T20:31:02.138+0700] {logging_mixin.py:188} INFO - [2024-05-06T20:31:02.138+0700] {dag.py:3954} INFO - Setting next_dagrun for dataset_produces_1 to 2024-05-05 00:00:00+00:00, run_after=2024-05-06 00:00:00+00:00
[2024-05-06T20:31:02.138+0700] {logging_mixin.py:188} INFO - [2024-05-06T20:31:02.138+0700] {dag.py:3954} INFO - Setting next_dagrun for dataset_produces_2 to None, run_after=None
[2024-05-06T20:31:02.154+0700] {processor.py:183} INFO - Processing /opt/homebrew/Caskroom/miniconda/base/lib/python3.11/site-packages/airflow/example_dags/example_datasets.py took 0.250 seconds
[2024-05-06T20:33:49.400+0700] {processor.py:161} INFO - Started process (PID=7607) to work on /opt/homebrew/Caskroom/miniconda/base/lib/python3.11/site-packages/airflow/example_dags/example_datasets.py
[2024-05-06T20:33:49.401+0700] {processor.py:830} INFO - Processing file /opt/homebrew/Caskroom/miniconda/base/lib/python3.11/site-packages/airflow/example_dags/example_datasets.py for tasks to queue
[2024-05-06T20:33:49.402+0700] {logging_mixin.py:188} INFO - [2024-05-06T20:33:49.402+0700] {dagbag.py:540} INFO - Filling up the DagBag from /opt/homebrew/Caskroom/miniconda/base/lib/python3.11/site-packages/airflow/example_dags/example_datasets.py
[2024-05-06T20:33:49.439+0700] {processor.py:840} INFO - DAG(s) 'dataset_produces_2', 'consume_1_or_2_with_dataset_expressions', 'dataset_consumes_1_and_2', 'consume_1_or_both_2_and_3_with_dataset_expressions', 'consume_1_and_2_with_dataset_expressions', 'dataset_consumes_1_never_scheduled', 'dataset_consumes_unknown_never_scheduled', 'dataset_produces_1', 'conditional_dataset_and_time_based_timetable', 'dataset_consumes_1' retrieved from /opt/homebrew/Caskroom/miniconda/base/lib/python3.11/site-packages/airflow/example_dags/example_datasets.py
[2024-05-06T20:33:49.623+0700] {logging_mixin.py:188} INFO - [2024-05-06T20:33:49.623+0700] {dag.py:3096} INFO - Sync 10 DAGs
[2024-05-06T20:33:49.634+0700] {logging_mixin.py:188} INFO - [2024-05-06T20:33:49.634+0700] {dag.py:3954} INFO - Setting next_dagrun for conditional_dataset_and_time_based_timetable to 2024-05-01 01:00:00+00:00, run_after=2024-05-01 01:00:00+00:00
[2024-05-06T20:33:49.635+0700] {logging_mixin.py:188} INFO - [2024-05-06T20:33:49.635+0700] {dag.py:3954} INFO - Setting next_dagrun for consume_1_and_2_with_dataset_expressions to None, run_after=None
[2024-05-06T20:33:49.636+0700] {logging_mixin.py:188} INFO - [2024-05-06T20:33:49.636+0700] {dag.py:3954} INFO - Setting next_dagrun for consume_1_or_2_with_dataset_expressions to None, run_after=None
[2024-05-06T20:33:49.636+0700] {logging_mixin.py:188} INFO - [2024-05-06T20:33:49.636+0700] {dag.py:3954} INFO - Setting next_dagrun for consume_1_or_both_2_and_3_with_dataset_expressions to None, run_after=None
[2024-05-06T20:33:49.637+0700] {logging_mixin.py:188} INFO - [2024-05-06T20:33:49.637+0700] {dag.py:3954} INFO - Setting next_dagrun for dataset_consumes_1 to None, run_after=None
[2024-05-06T20:33:49.637+0700] {logging_mixin.py:188} INFO - [2024-05-06T20:33:49.637+0700] {dag.py:3954} INFO - Setting next_dagrun for dataset_consumes_1_and_2 to None, run_after=None
[2024-05-06T20:33:49.638+0700] {logging_mixin.py:188} INFO - [2024-05-06T20:33:49.638+0700] {dag.py:3954} INFO - Setting next_dagrun for dataset_consumes_1_never_scheduled to None, run_after=None
[2024-05-06T20:33:49.638+0700] {logging_mixin.py:188} INFO - [2024-05-06T20:33:49.638+0700] {dag.py:3954} INFO - Setting next_dagrun for dataset_consumes_unknown_never_scheduled to None, run_after=None
[2024-05-06T20:33:49.639+0700] {logging_mixin.py:188} INFO - [2024-05-06T20:33:49.639+0700] {dag.py:3954} INFO - Setting next_dagrun for dataset_produces_1 to 2024-05-05 00:00:00+00:00, run_after=2024-05-06 00:00:00+00:00
[2024-05-06T20:33:49.640+0700] {logging_mixin.py:188} INFO - [2024-05-06T20:33:49.640+0700] {dag.py:3954} INFO - Setting next_dagrun for dataset_produces_2 to None, run_after=None
[2024-05-06T20:33:49.656+0700] {processor.py:183} INFO - Processing /opt/homebrew/Caskroom/miniconda/base/lib/python3.11/site-packages/airflow/example_dags/example_datasets.py took 0.259 seconds
