[2024-05-06T07:31:38.099+0700] {processor.py:161} INFO - Started process (PID=72568) to work on /Library/Frameworks/Python.framework/Versions/3.10/lib/python3.10/site-packages/airflow/example_dags/example_latest_only.py
[2024-05-06T07:31:38.100+0700] {processor.py:830} INFO - Processing file /Library/Frameworks/Python.framework/Versions/3.10/lib/python3.10/site-packages/airflow/example_dags/example_latest_only.py for tasks to queue
[2024-05-06T07:31:38.100+0700] {logging_mixin.py:188} INFO - [2024-05-06T07:31:38.100+0700] {dagbag.py:540} INFO - Filling up the DagBag from /Library/Frameworks/Python.framework/Versions/3.10/lib/python3.10/site-packages/airflow/example_dags/example_latest_only.py
[2024-05-06T07:31:38.105+0700] {processor.py:840} INFO - DAG(s) 'latest_only' retrieved from /Library/Frameworks/Python.framework/Versions/3.10/lib/python3.10/site-packages/airflow/example_dags/example_latest_only.py
[2024-05-06T07:31:38.199+0700] {logging_mixin.py:188} INFO - [2024-05-06T07:31:38.199+0700] {dag.py:3096} INFO - Sync 1 DAGs
[2024-05-06T07:31:38.209+0700] {logging_mixin.py:188} INFO - [2024-05-06T07:31:38.209+0700] {dag.py:3954} INFO - Setting next_dagrun for latest_only to 2024-05-05 20:00:00+00:00, run_after=2024-05-06 00:00:00+00:00
[2024-05-06T07:31:38.220+0700] {processor.py:183} INFO - Processing /Library/Frameworks/Python.framework/Versions/3.10/lib/python3.10/site-packages/airflow/example_dags/example_latest_only.py took 0.123 seconds
[2024-05-06T07:34:11.605+0700] {processor.py:161} INFO - Started process (PID=73368) to work on /Library/Frameworks/Python.framework/Versions/3.10/lib/python3.10/site-packages/airflow/example_dags/example_latest_only.py
[2024-05-06T07:34:11.606+0700] {processor.py:830} INFO - Processing file /Library/Frameworks/Python.framework/Versions/3.10/lib/python3.10/site-packages/airflow/example_dags/example_latest_only.py for tasks to queue
[2024-05-06T07:34:11.606+0700] {logging_mixin.py:188} INFO - [2024-05-06T07:34:11.606+0700] {dagbag.py:540} INFO - Filling up the DagBag from /Library/Frameworks/Python.framework/Versions/3.10/lib/python3.10/site-packages/airflow/example_dags/example_latest_only.py
[2024-05-06T07:34:11.611+0700] {processor.py:840} INFO - DAG(s) 'latest_only' retrieved from /Library/Frameworks/Python.framework/Versions/3.10/lib/python3.10/site-packages/airflow/example_dags/example_latest_only.py
[2024-05-06T07:34:11.706+0700] {logging_mixin.py:188} INFO - [2024-05-06T07:34:11.705+0700] {dag.py:3096} INFO - Sync 1 DAGs
[2024-05-06T07:34:11.715+0700] {logging_mixin.py:188} INFO - [2024-05-06T07:34:11.715+0700] {dag.py:3954} INFO - Setting next_dagrun for latest_only to 2024-05-05 20:00:00+00:00, run_after=2024-05-06 00:00:00+00:00
[2024-05-06T07:34:11.725+0700] {processor.py:183} INFO - Processing /Library/Frameworks/Python.framework/Versions/3.10/lib/python3.10/site-packages/airflow/example_dags/example_latest_only.py took 0.122 seconds
[2024-05-06T07:36:44.402+0700] {processor.py:161} INFO - Started process (PID=74068) to work on /Library/Frameworks/Python.framework/Versions/3.10/lib/python3.10/site-packages/airflow/example_dags/example_latest_only.py
[2024-05-06T07:36:44.402+0700] {processor.py:830} INFO - Processing file /Library/Frameworks/Python.framework/Versions/3.10/lib/python3.10/site-packages/airflow/example_dags/example_latest_only.py for tasks to queue
[2024-05-06T07:36:44.403+0700] {logging_mixin.py:188} INFO - [2024-05-06T07:36:44.403+0700] {dagbag.py:540} INFO - Filling up the DagBag from /Library/Frameworks/Python.framework/Versions/3.10/lib/python3.10/site-packages/airflow/example_dags/example_latest_only.py
[2024-05-06T07:36:44.408+0700] {processor.py:840} INFO - DAG(s) 'latest_only' retrieved from /Library/Frameworks/Python.framework/Versions/3.10/lib/python3.10/site-packages/airflow/example_dags/example_latest_only.py
[2024-05-06T07:36:44.500+0700] {logging_mixin.py:188} INFO - [2024-05-06T07:36:44.499+0700] {dag.py:3096} INFO - Sync 1 DAGs
[2024-05-06T07:36:44.508+0700] {logging_mixin.py:188} INFO - [2024-05-06T07:36:44.508+0700] {dag.py:3954} INFO - Setting next_dagrun for latest_only to 2024-05-05 20:00:00+00:00, run_after=2024-05-06 00:00:00+00:00
[2024-05-06T07:36:44.519+0700] {processor.py:183} INFO - Processing /Library/Frameworks/Python.framework/Versions/3.10/lib/python3.10/site-packages/airflow/example_dags/example_latest_only.py took 0.119 seconds
[2024-05-06T07:39:20.366+0700] {processor.py:161} INFO - Started process (PID=74779) to work on /Library/Frameworks/Python.framework/Versions/3.10/lib/python3.10/site-packages/airflow/example_dags/example_latest_only.py
[2024-05-06T07:39:20.367+0700] {processor.py:830} INFO - Processing file /Library/Frameworks/Python.framework/Versions/3.10/lib/python3.10/site-packages/airflow/example_dags/example_latest_only.py for tasks to queue
[2024-05-06T07:39:20.368+0700] {logging_mixin.py:188} INFO - [2024-05-06T07:39:20.368+0700] {dagbag.py:540} INFO - Filling up the DagBag from /Library/Frameworks/Python.framework/Versions/3.10/lib/python3.10/site-packages/airflow/example_dags/example_latest_only.py
[2024-05-06T07:39:20.373+0700] {processor.py:840} INFO - DAG(s) 'latest_only' retrieved from /Library/Frameworks/Python.framework/Versions/3.10/lib/python3.10/site-packages/airflow/example_dags/example_latest_only.py
[2024-05-06T07:39:20.466+0700] {logging_mixin.py:188} INFO - [2024-05-06T07:39:20.465+0700] {dag.py:3096} INFO - Sync 1 DAGs
[2024-05-06T07:39:20.475+0700] {logging_mixin.py:188} INFO - [2024-05-06T07:39:20.474+0700] {dag.py:3954} INFO - Setting next_dagrun for latest_only to 2024-05-05 20:00:00+00:00, run_after=2024-05-06 00:00:00+00:00
[2024-05-06T07:39:20.486+0700] {processor.py:183} INFO - Processing /Library/Frameworks/Python.framework/Versions/3.10/lib/python3.10/site-packages/airflow/example_dags/example_latest_only.py took 0.121 seconds
[2024-05-06T07:58:22.914+0700] {processor.py:161} INFO - Started process (PID=75504) to work on /Library/Frameworks/Python.framework/Versions/3.10/lib/python3.10/site-packages/airflow/example_dags/example_latest_only.py
[2024-05-06T07:58:22.916+0700] {processor.py:830} INFO - Processing file /Library/Frameworks/Python.framework/Versions/3.10/lib/python3.10/site-packages/airflow/example_dags/example_latest_only.py for tasks to queue
[2024-05-06T07:58:22.916+0700] {logging_mixin.py:188} INFO - [2024-05-06T07:58:22.916+0700] {dagbag.py:540} INFO - Filling up the DagBag from /Library/Frameworks/Python.framework/Versions/3.10/lib/python3.10/site-packages/airflow/example_dags/example_latest_only.py
[2024-05-06T07:58:22.921+0700] {processor.py:840} INFO - DAG(s) 'latest_only' retrieved from /Library/Frameworks/Python.framework/Versions/3.10/lib/python3.10/site-packages/airflow/example_dags/example_latest_only.py
[2024-05-06T07:58:23.014+0700] {logging_mixin.py:188} INFO - [2024-05-06T07:58:23.014+0700] {dag.py:3096} INFO - Sync 1 DAGs
[2024-05-06T07:58:23.023+0700] {logging_mixin.py:188} INFO - [2024-05-06T07:58:23.023+0700] {dag.py:3954} INFO - Setting next_dagrun for latest_only to 2024-05-05 20:00:00+00:00, run_after=2024-05-06 00:00:00+00:00
[2024-05-06T07:58:23.034+0700] {processor.py:183} INFO - Processing /Library/Frameworks/Python.framework/Versions/3.10/lib/python3.10/site-packages/airflow/example_dags/example_latest_only.py took 0.121 seconds
[2024-05-06T08:33:05.923+0700] {processor.py:161} INFO - Started process (PID=75997) to work on /Library/Frameworks/Python.framework/Versions/3.10/lib/python3.10/site-packages/airflow/example_dags/example_latest_only.py
[2024-05-06T08:33:05.923+0700] {processor.py:830} INFO - Processing file /Library/Frameworks/Python.framework/Versions/3.10/lib/python3.10/site-packages/airflow/example_dags/example_latest_only.py for tasks to queue
[2024-05-06T08:33:05.924+0700] {logging_mixin.py:188} INFO - [2024-05-06T08:33:05.924+0700] {dagbag.py:540} INFO - Filling up the DagBag from /Library/Frameworks/Python.framework/Versions/3.10/lib/python3.10/site-packages/airflow/example_dags/example_latest_only.py
[2024-05-06T08:33:05.929+0700] {processor.py:840} INFO - DAG(s) 'latest_only' retrieved from /Library/Frameworks/Python.framework/Versions/3.10/lib/python3.10/site-packages/airflow/example_dags/example_latest_only.py
[2024-05-06T08:33:06.023+0700] {logging_mixin.py:188} INFO - [2024-05-06T08:33:06.022+0700] {dag.py:3096} INFO - Sync 1 DAGs
[2024-05-06T08:33:06.032+0700] {logging_mixin.py:188} INFO - [2024-05-06T08:33:06.031+0700] {dag.py:3954} INFO - Setting next_dagrun for latest_only to 2024-05-05 20:00:00+00:00, run_after=2024-05-06 00:00:00+00:00
[2024-05-06T08:33:06.042+0700] {processor.py:183} INFO - Processing /Library/Frameworks/Python.framework/Versions/3.10/lib/python3.10/site-packages/airflow/example_dags/example_latest_only.py took 0.121 seconds
[2024-05-06T09:01:13.511+0700] {processor.py:161} INFO - Started process (PID=76779) to work on /Library/Frameworks/Python.framework/Versions/3.10/lib/python3.10/site-packages/airflow/example_dags/example_latest_only.py
[2024-05-06T09:01:13.513+0700] {processor.py:830} INFO - Processing file /Library/Frameworks/Python.framework/Versions/3.10/lib/python3.10/site-packages/airflow/example_dags/example_latest_only.py for tasks to queue
[2024-05-06T09:01:13.513+0700] {logging_mixin.py:188} INFO - [2024-05-06T09:01:13.513+0700] {dagbag.py:540} INFO - Filling up the DagBag from /Library/Frameworks/Python.framework/Versions/3.10/lib/python3.10/site-packages/airflow/example_dags/example_latest_only.py
[2024-05-06T09:01:13.518+0700] {processor.py:840} INFO - DAG(s) 'latest_only' retrieved from /Library/Frameworks/Python.framework/Versions/3.10/lib/python3.10/site-packages/airflow/example_dags/example_latest_only.py
[2024-05-06T09:01:13.611+0700] {logging_mixin.py:188} INFO - [2024-05-06T09:01:13.611+0700] {dag.py:3096} INFO - Sync 1 DAGs
[2024-05-06T09:01:13.620+0700] {logging_mixin.py:188} INFO - [2024-05-06T09:01:13.620+0700] {dag.py:3954} INFO - Setting next_dagrun for latest_only to 2024-05-05 20:00:00+00:00, run_after=2024-05-06 00:00:00+00:00
[2024-05-06T09:01:13.631+0700] {processor.py:183} INFO - Processing /Library/Frameworks/Python.framework/Versions/3.10/lib/python3.10/site-packages/airflow/example_dags/example_latest_only.py took 0.122 seconds
[2024-05-06T09:21:13.919+0700] {processor.py:161} INFO - Started process (PID=77510) to work on /Library/Frameworks/Python.framework/Versions/3.10/lib/python3.10/site-packages/airflow/example_dags/example_latest_only.py
[2024-05-06T09:21:13.920+0700] {processor.py:830} INFO - Processing file /Library/Frameworks/Python.framework/Versions/3.10/lib/python3.10/site-packages/airflow/example_dags/example_latest_only.py for tasks to queue
[2024-05-06T09:21:13.920+0700] {logging_mixin.py:188} INFO - [2024-05-06T09:21:13.920+0700] {dagbag.py:540} INFO - Filling up the DagBag from /Library/Frameworks/Python.framework/Versions/3.10/lib/python3.10/site-packages/airflow/example_dags/example_latest_only.py
[2024-05-06T09:21:13.926+0700] {processor.py:840} INFO - DAG(s) 'latest_only' retrieved from /Library/Frameworks/Python.framework/Versions/3.10/lib/python3.10/site-packages/airflow/example_dags/example_latest_only.py
[2024-05-06T09:21:14.018+0700] {logging_mixin.py:188} INFO - [2024-05-06T09:21:14.018+0700] {dag.py:3096} INFO - Sync 1 DAGs
[2024-05-06T09:21:14.027+0700] {logging_mixin.py:188} INFO - [2024-05-06T09:21:14.027+0700] {dag.py:3954} INFO - Setting next_dagrun for latest_only to 2024-05-05 20:00:00+00:00, run_after=2024-05-06 00:00:00+00:00
[2024-05-06T09:21:14.038+0700] {processor.py:183} INFO - Processing /Library/Frameworks/Python.framework/Versions/3.10/lib/python3.10/site-packages/airflow/example_dags/example_latest_only.py took 0.121 seconds
[2024-05-06T09:37:43.707+0700] {processor.py:161} INFO - Started process (PID=77933) to work on /Library/Frameworks/Python.framework/Versions/3.10/lib/python3.10/site-packages/airflow/example_dags/example_latest_only.py
[2024-05-06T09:37:43.708+0700] {processor.py:830} INFO - Processing file /Library/Frameworks/Python.framework/Versions/3.10/lib/python3.10/site-packages/airflow/example_dags/example_latest_only.py for tasks to queue
[2024-05-06T09:37:43.709+0700] {logging_mixin.py:188} INFO - [2024-05-06T09:37:43.708+0700] {dagbag.py:540} INFO - Filling up the DagBag from /Library/Frameworks/Python.framework/Versions/3.10/lib/python3.10/site-packages/airflow/example_dags/example_latest_only.py
[2024-05-06T09:37:43.714+0700] {processor.py:840} INFO - DAG(s) 'latest_only' retrieved from /Library/Frameworks/Python.framework/Versions/3.10/lib/python3.10/site-packages/airflow/example_dags/example_latest_only.py
[2024-05-06T09:37:43.809+0700] {logging_mixin.py:188} INFO - [2024-05-06T09:37:43.809+0700] {dag.py:3096} INFO - Sync 1 DAGs
[2024-05-06T09:37:43.818+0700] {logging_mixin.py:188} INFO - [2024-05-06T09:37:43.818+0700] {dag.py:3954} INFO - Setting next_dagrun for latest_only to 2024-05-05 20:00:00+00:00, run_after=2024-05-06 00:00:00+00:00
[2024-05-06T09:37:43.830+0700] {processor.py:183} INFO - Processing /Library/Frameworks/Python.framework/Versions/3.10/lib/python3.10/site-packages/airflow/example_dags/example_latest_only.py took 0.124 seconds
[2024-05-06T09:54:45.808+0700] {processor.py:161} INFO - Started process (PID=78431) to work on /Library/Frameworks/Python.framework/Versions/3.10/lib/python3.10/site-packages/airflow/example_dags/example_latest_only.py
[2024-05-06T09:54:45.811+0700] {processor.py:830} INFO - Processing file /Library/Frameworks/Python.framework/Versions/3.10/lib/python3.10/site-packages/airflow/example_dags/example_latest_only.py for tasks to queue
[2024-05-06T09:54:45.812+0700] {logging_mixin.py:188} INFO - [2024-05-06T09:54:45.812+0700] {dagbag.py:540} INFO - Filling up the DagBag from /Library/Frameworks/Python.framework/Versions/3.10/lib/python3.10/site-packages/airflow/example_dags/example_latest_only.py
[2024-05-06T09:54:45.817+0700] {processor.py:840} INFO - DAG(s) 'latest_only' retrieved from /Library/Frameworks/Python.framework/Versions/3.10/lib/python3.10/site-packages/airflow/example_dags/example_latest_only.py
[2024-05-06T09:54:45.911+0700] {logging_mixin.py:188} INFO - [2024-05-06T09:54:45.910+0700] {dag.py:3096} INFO - Sync 1 DAGs
[2024-05-06T09:54:45.920+0700] {logging_mixin.py:188} INFO - [2024-05-06T09:54:45.919+0700] {dag.py:3954} INFO - Setting next_dagrun for latest_only to 2024-05-05 20:00:00+00:00, run_after=2024-05-06 00:00:00+00:00
[2024-05-06T09:54:45.931+0700] {processor.py:183} INFO - Processing /Library/Frameworks/Python.framework/Versions/3.10/lib/python3.10/site-packages/airflow/example_dags/example_latest_only.py took 0.124 seconds
[2024-05-06T10:14:14.888+0700] {processor.py:161} INFO - Started process (PID=79177) to work on /Library/Frameworks/Python.framework/Versions/3.10/lib/python3.10/site-packages/airflow/example_dags/example_latest_only.py
[2024-05-06T10:14:14.889+0700] {processor.py:830} INFO - Processing file /Library/Frameworks/Python.framework/Versions/3.10/lib/python3.10/site-packages/airflow/example_dags/example_latest_only.py for tasks to queue
[2024-05-06T10:14:14.889+0700] {logging_mixin.py:188} INFO - [2024-05-06T10:14:14.889+0700] {dagbag.py:540} INFO - Filling up the DagBag from /Library/Frameworks/Python.framework/Versions/3.10/lib/python3.10/site-packages/airflow/example_dags/example_latest_only.py
[2024-05-06T10:14:14.894+0700] {processor.py:840} INFO - DAG(s) 'latest_only' retrieved from /Library/Frameworks/Python.framework/Versions/3.10/lib/python3.10/site-packages/airflow/example_dags/example_latest_only.py
[2024-05-06T10:14:14.987+0700] {logging_mixin.py:188} INFO - [2024-05-06T10:14:14.986+0700] {dag.py:3096} INFO - Sync 1 DAGs
[2024-05-06T10:14:14.996+0700] {logging_mixin.py:188} INFO - [2024-05-06T10:14:14.996+0700] {dag.py:3954} INFO - Setting next_dagrun for latest_only to 2024-05-05 20:00:00+00:00, run_after=2024-05-06 00:00:00+00:00
[2024-05-06T10:14:15.007+0700] {processor.py:183} INFO - Processing /Library/Frameworks/Python.framework/Versions/3.10/lib/python3.10/site-packages/airflow/example_dags/example_latest_only.py took 0.121 seconds
[2024-05-06T10:39:10.271+0700] {processor.py:161} INFO - Started process (PID=79923) to work on /Library/Frameworks/Python.framework/Versions/3.10/lib/python3.10/site-packages/airflow/example_dags/example_latest_only.py
[2024-05-06T10:39:10.272+0700] {processor.py:830} INFO - Processing file /Library/Frameworks/Python.framework/Versions/3.10/lib/python3.10/site-packages/airflow/example_dags/example_latest_only.py for tasks to queue
[2024-05-06T10:39:10.273+0700] {logging_mixin.py:188} INFO - [2024-05-06T10:39:10.273+0700] {dagbag.py:540} INFO - Filling up the DagBag from /Library/Frameworks/Python.framework/Versions/3.10/lib/python3.10/site-packages/airflow/example_dags/example_latest_only.py
[2024-05-06T10:39:10.278+0700] {processor.py:840} INFO - DAG(s) 'latest_only' retrieved from /Library/Frameworks/Python.framework/Versions/3.10/lib/python3.10/site-packages/airflow/example_dags/example_latest_only.py
[2024-05-06T10:39:10.371+0700] {logging_mixin.py:188} INFO - [2024-05-06T10:39:10.370+0700] {dag.py:3096} INFO - Sync 1 DAGs
[2024-05-06T10:39:10.380+0700] {logging_mixin.py:188} INFO - [2024-05-06T10:39:10.380+0700] {dag.py:3954} INFO - Setting next_dagrun for latest_only to 2024-05-05 20:00:00+00:00, run_after=2024-05-06 00:00:00+00:00
[2024-05-06T10:39:10.391+0700] {processor.py:183} INFO - Processing /Library/Frameworks/Python.framework/Versions/3.10/lib/python3.10/site-packages/airflow/example_dags/example_latest_only.py took 0.121 seconds
[2024-05-06T10:59:12.578+0700] {processor.py:161} INFO - Started process (PID=80773) to work on /Library/Frameworks/Python.framework/Versions/3.10/lib/python3.10/site-packages/airflow/example_dags/example_latest_only.py
[2024-05-06T10:59:12.579+0700] {processor.py:830} INFO - Processing file /Library/Frameworks/Python.framework/Versions/3.10/lib/python3.10/site-packages/airflow/example_dags/example_latest_only.py for tasks to queue
[2024-05-06T10:59:12.580+0700] {logging_mixin.py:188} INFO - [2024-05-06T10:59:12.579+0700] {dagbag.py:540} INFO - Filling up the DagBag from /Library/Frameworks/Python.framework/Versions/3.10/lib/python3.10/site-packages/airflow/example_dags/example_latest_only.py
[2024-05-06T10:59:12.585+0700] {processor.py:840} INFO - DAG(s) 'latest_only' retrieved from /Library/Frameworks/Python.framework/Versions/3.10/lib/python3.10/site-packages/airflow/example_dags/example_latest_only.py
[2024-05-06T10:59:12.684+0700] {logging_mixin.py:188} INFO - [2024-05-06T10:59:12.684+0700] {dag.py:3096} INFO - Sync 1 DAGs
[2024-05-06T10:59:12.694+0700] {logging_mixin.py:188} INFO - [2024-05-06T10:59:12.693+0700] {dag.py:3954} INFO - Setting next_dagrun for latest_only to 2024-05-05 20:00:00+00:00, run_after=2024-05-06 00:00:00+00:00
[2024-05-06T10:59:12.705+0700] {processor.py:183} INFO - Processing /Library/Frameworks/Python.framework/Versions/3.10/lib/python3.10/site-packages/airflow/example_dags/example_latest_only.py took 0.129 seconds
[2024-05-06T20:12:57.385+0700] {processor.py:161} INFO - Started process (PID=960) to work on /opt/homebrew/Caskroom/miniconda/base/lib/python3.11/site-packages/airflow/example_dags/example_latest_only.py
[2024-05-06T20:12:57.386+0700] {processor.py:830} INFO - Processing file /opt/homebrew/Caskroom/miniconda/base/lib/python3.11/site-packages/airflow/example_dags/example_latest_only.py for tasks to queue
[2024-05-06T20:12:57.387+0700] {logging_mixin.py:188} INFO - [2024-05-06T20:12:57.386+0700] {dagbag.py:540} INFO - Filling up the DagBag from /opt/homebrew/Caskroom/miniconda/base/lib/python3.11/site-packages/airflow/example_dags/example_latest_only.py
[2024-05-06T20:12:57.392+0700] {processor.py:840} INFO - DAG(s) 'latest_only' retrieved from /opt/homebrew/Caskroom/miniconda/base/lib/python3.11/site-packages/airflow/example_dags/example_latest_only.py
[2024-05-06T20:12:57.544+0700] {logging_mixin.py:188} INFO - [2024-05-06T20:12:57.544+0700] {dag.py:3096} INFO - Sync 1 DAGs
[2024-05-06T20:12:57.553+0700] {logging_mixin.py:188} INFO - [2024-05-06T20:12:57.553+0700] {dag.py:3954} INFO - Setting next_dagrun for latest_only to 2024-05-06 08:00:00+00:00, run_after=2024-05-06 12:00:00+00:00
[2024-05-06T20:12:57.564+0700] {processor.py:183} INFO - Processing /opt/homebrew/Caskroom/miniconda/base/lib/python3.11/site-packages/airflow/example_dags/example_latest_only.py took 0.181 seconds
[2024-05-06T20:14:58.107+0700] {processor.py:161} INFO - Started process (PID=1647) to work on /opt/homebrew/Caskroom/miniconda/base/lib/python3.11/site-packages/airflow/example_dags/example_latest_only.py
[2024-05-06T20:14:58.107+0700] {processor.py:830} INFO - Processing file /opt/homebrew/Caskroom/miniconda/base/lib/python3.11/site-packages/airflow/example_dags/example_latest_only.py for tasks to queue
[2024-05-06T20:14:58.108+0700] {logging_mixin.py:188} INFO - [2024-05-06T20:14:58.108+0700] {dagbag.py:540} INFO - Filling up the DagBag from /opt/homebrew/Caskroom/miniconda/base/lib/python3.11/site-packages/airflow/example_dags/example_latest_only.py
[2024-05-06T20:14:58.112+0700] {processor.py:840} INFO - DAG(s) 'latest_only' retrieved from /opt/homebrew/Caskroom/miniconda/base/lib/python3.11/site-packages/airflow/example_dags/example_latest_only.py
[2024-05-06T20:14:58.255+0700] {logging_mixin.py:188} INFO - [2024-05-06T20:14:58.255+0700] {dag.py:3096} INFO - Sync 1 DAGs
[2024-05-06T20:14:58.264+0700] {logging_mixin.py:188} INFO - [2024-05-06T20:14:58.264+0700] {dag.py:3954} INFO - Setting next_dagrun for latest_only to 2024-05-06 08:00:00+00:00, run_after=2024-05-06 12:00:00+00:00
[2024-05-06T20:14:58.275+0700] {processor.py:183} INFO - Processing /opt/homebrew/Caskroom/miniconda/base/lib/python3.11/site-packages/airflow/example_dags/example_latest_only.py took 0.170 seconds
[2024-05-06T20:17:00.395+0700] {processor.py:161} INFO - Started process (PID=2290) to work on /opt/homebrew/Caskroom/miniconda/base/lib/python3.11/site-packages/airflow/example_dags/example_latest_only.py
[2024-05-06T20:17:00.396+0700] {processor.py:830} INFO - Processing file /opt/homebrew/Caskroom/miniconda/base/lib/python3.11/site-packages/airflow/example_dags/example_latest_only.py for tasks to queue
[2024-05-06T20:17:00.396+0700] {logging_mixin.py:188} INFO - [2024-05-06T20:17:00.396+0700] {dagbag.py:540} INFO - Filling up the DagBag from /opt/homebrew/Caskroom/miniconda/base/lib/python3.11/site-packages/airflow/example_dags/example_latest_only.py
[2024-05-06T20:17:00.401+0700] {processor.py:840} INFO - DAG(s) 'latest_only' retrieved from /opt/homebrew/Caskroom/miniconda/base/lib/python3.11/site-packages/airflow/example_dags/example_latest_only.py
[2024-05-06T20:17:00.465+0700] {logging_mixin.py:188} INFO - [2024-05-06T20:17:00.465+0700] {dag.py:3096} INFO - Sync 1 DAGs
[2024-05-06T20:17:00.474+0700] {logging_mixin.py:188} INFO - [2024-05-06T20:17:00.474+0700] {dag.py:3954} INFO - Setting next_dagrun for latest_only to 2024-05-06 08:00:00+00:00, run_after=2024-05-06 12:00:00+00:00
[2024-05-06T20:17:00.488+0700] {processor.py:183} INFO - Processing /opt/homebrew/Caskroom/miniconda/base/lib/python3.11/site-packages/airflow/example_dags/example_latest_only.py took 0.098 seconds
[2024-05-06T20:20:00.900+0700] {processor.py:161} INFO - Started process (PID=3234) to work on /opt/homebrew/Caskroom/miniconda/base/lib/python3.11/site-packages/airflow/example_dags/example_latest_only.py
[2024-05-06T20:20:00.901+0700] {processor.py:830} INFO - Processing file /opt/homebrew/Caskroom/miniconda/base/lib/python3.11/site-packages/airflow/example_dags/example_latest_only.py for tasks to queue
[2024-05-06T20:20:00.901+0700] {logging_mixin.py:188} INFO - [2024-05-06T20:20:00.901+0700] {dagbag.py:540} INFO - Filling up the DagBag from /opt/homebrew/Caskroom/miniconda/base/lib/python3.11/site-packages/airflow/example_dags/example_latest_only.py
[2024-05-06T20:20:00.907+0700] {processor.py:840} INFO - DAG(s) 'latest_only' retrieved from /opt/homebrew/Caskroom/miniconda/base/lib/python3.11/site-packages/airflow/example_dags/example_latest_only.py
[2024-05-06T20:20:00.981+0700] {logging_mixin.py:188} INFO - [2024-05-06T20:20:00.981+0700] {dag.py:3096} INFO - Sync 1 DAGs
[2024-05-06T20:20:00.991+0700] {logging_mixin.py:188} INFO - [2024-05-06T20:20:00.991+0700] {dag.py:3954} INFO - Setting next_dagrun for latest_only to 2024-05-06 08:00:00+00:00, run_after=2024-05-06 12:00:00+00:00
[2024-05-06T20:20:01.001+0700] {processor.py:183} INFO - Processing /opt/homebrew/Caskroom/miniconda/base/lib/python3.11/site-packages/airflow/example_dags/example_latest_only.py took 0.104 seconds
[2024-05-06T20:22:50.699+0700] {processor.py:161} INFO - Started process (PID=4168) to work on /opt/homebrew/Caskroom/miniconda/base/lib/python3.11/site-packages/airflow/example_dags/example_latest_only.py
[2024-05-06T20:22:50.700+0700] {processor.py:830} INFO - Processing file /opt/homebrew/Caskroom/miniconda/base/lib/python3.11/site-packages/airflow/example_dags/example_latest_only.py for tasks to queue
[2024-05-06T20:22:50.701+0700] {logging_mixin.py:188} INFO - [2024-05-06T20:22:50.700+0700] {dagbag.py:540} INFO - Filling up the DagBag from /opt/homebrew/Caskroom/miniconda/base/lib/python3.11/site-packages/airflow/example_dags/example_latest_only.py
[2024-05-06T20:22:50.706+0700] {processor.py:840} INFO - DAG(s) 'latest_only' retrieved from /opt/homebrew/Caskroom/miniconda/base/lib/python3.11/site-packages/airflow/example_dags/example_latest_only.py
[2024-05-06T20:22:50.770+0700] {logging_mixin.py:188} INFO - [2024-05-06T20:22:50.770+0700] {dag.py:3096} INFO - Sync 1 DAGs
[2024-05-06T20:22:50.781+0700] {logging_mixin.py:188} INFO - [2024-05-06T20:22:50.780+0700] {dag.py:3954} INFO - Setting next_dagrun for latest_only to 2024-05-06 08:00:00+00:00, run_after=2024-05-06 12:00:00+00:00
[2024-05-06T20:22:50.791+0700] {processor.py:183} INFO - Processing /opt/homebrew/Caskroom/miniconda/base/lib/python3.11/site-packages/airflow/example_dags/example_latest_only.py took 0.096 seconds
[2024-05-06T20:25:43.506+0700] {processor.py:161} INFO - Started process (PID=5022) to work on /opt/homebrew/Caskroom/miniconda/base/lib/python3.11/site-packages/airflow/example_dags/example_latest_only.py
[2024-05-06T20:25:43.507+0700] {processor.py:830} INFO - Processing file /opt/homebrew/Caskroom/miniconda/base/lib/python3.11/site-packages/airflow/example_dags/example_latest_only.py for tasks to queue
[2024-05-06T20:25:43.508+0700] {logging_mixin.py:188} INFO - [2024-05-06T20:25:43.508+0700] {dagbag.py:540} INFO - Filling up the DagBag from /opt/homebrew/Caskroom/miniconda/base/lib/python3.11/site-packages/airflow/example_dags/example_latest_only.py
[2024-05-06T20:25:43.516+0700] {processor.py:840} INFO - DAG(s) 'latest_only' retrieved from /opt/homebrew/Caskroom/miniconda/base/lib/python3.11/site-packages/airflow/example_dags/example_latest_only.py
[2024-05-06T20:25:43.637+0700] {logging_mixin.py:188} INFO - [2024-05-06T20:25:43.636+0700] {dag.py:3096} INFO - Sync 1 DAGs
[2024-05-06T20:25:43.654+0700] {logging_mixin.py:188} INFO - [2024-05-06T20:25:43.653+0700] {dag.py:3954} INFO - Setting next_dagrun for latest_only to 2024-05-06 08:00:00+00:00, run_after=2024-05-06 12:00:00+00:00
[2024-05-06T20:25:43.673+0700] {processor.py:183} INFO - Processing /opt/homebrew/Caskroom/miniconda/base/lib/python3.11/site-packages/airflow/example_dags/example_latest_only.py took 0.172 seconds
[2024-05-06T20:30:48.114+0700] {processor.py:161} INFO - Started process (PID=6620) to work on /opt/homebrew/Caskroom/miniconda/base/lib/python3.11/site-packages/airflow/example_dags/example_latest_only.py
[2024-05-06T20:30:48.115+0700] {processor.py:830} INFO - Processing file /opt/homebrew/Caskroom/miniconda/base/lib/python3.11/site-packages/airflow/example_dags/example_latest_only.py for tasks to queue
[2024-05-06T20:30:48.116+0700] {logging_mixin.py:188} INFO - [2024-05-06T20:30:48.116+0700] {dagbag.py:540} INFO - Filling up the DagBag from /opt/homebrew/Caskroom/miniconda/base/lib/python3.11/site-packages/airflow/example_dags/example_latest_only.py
[2024-05-06T20:30:48.125+0700] {processor.py:840} INFO - DAG(s) 'latest_only' retrieved from /opt/homebrew/Caskroom/miniconda/base/lib/python3.11/site-packages/airflow/example_dags/example_latest_only.py
[2024-05-06T20:30:48.282+0700] {logging_mixin.py:188} INFO - [2024-05-06T20:30:48.281+0700] {dag.py:3096} INFO - Sync 1 DAGs
[2024-05-06T20:30:48.291+0700] {logging_mixin.py:188} INFO - [2024-05-06T20:30:48.291+0700] {dag.py:3954} INFO - Setting next_dagrun for latest_only to 2024-05-06 08:00:00+00:00, run_after=2024-05-06 12:00:00+00:00
[2024-05-06T20:30:48.304+0700] {processor.py:183} INFO - Processing /opt/homebrew/Caskroom/miniconda/base/lib/python3.11/site-packages/airflow/example_dags/example_latest_only.py took 0.194 seconds
[2024-05-06T20:33:36.844+0700] {processor.py:161} INFO - Started process (PID=7539) to work on /opt/homebrew/Caskroom/miniconda/base/lib/python3.11/site-packages/airflow/example_dags/example_latest_only.py
[2024-05-06T20:33:36.845+0700] {processor.py:830} INFO - Processing file /opt/homebrew/Caskroom/miniconda/base/lib/python3.11/site-packages/airflow/example_dags/example_latest_only.py for tasks to queue
[2024-05-06T20:33:36.846+0700] {logging_mixin.py:188} INFO - [2024-05-06T20:33:36.846+0700] {dagbag.py:540} INFO - Filling up the DagBag from /opt/homebrew/Caskroom/miniconda/base/lib/python3.11/site-packages/airflow/example_dags/example_latest_only.py
[2024-05-06T20:33:36.851+0700] {processor.py:840} INFO - DAG(s) 'latest_only' retrieved from /opt/homebrew/Caskroom/miniconda/base/lib/python3.11/site-packages/airflow/example_dags/example_latest_only.py
[2024-05-06T20:33:37.000+0700] {logging_mixin.py:188} INFO - [2024-05-06T20:33:37.000+0700] {dag.py:3096} INFO - Sync 1 DAGs
[2024-05-06T20:33:37.009+0700] {logging_mixin.py:188} INFO - [2024-05-06T20:33:37.009+0700] {dag.py:3954} INFO - Setting next_dagrun for latest_only to 2024-05-06 08:00:00+00:00, run_after=2024-05-06 12:00:00+00:00
[2024-05-06T20:33:37.020+0700] {processor.py:183} INFO - Processing /opt/homebrew/Caskroom/miniconda/base/lib/python3.11/site-packages/airflow/example_dags/example_latest_only.py took 0.177 seconds
