[2024-05-06T07:13:31.907+0700] {processor.py:161} INFO - Started process (PID=72437) to work on /Library/Frameworks/Python.framework/Versions/3.10/lib/python3.10/site-packages/airflow/example_dags/example_setup_teardown.py
[2024-05-06T07:13:31.907+0700] {processor.py:830} INFO - Processing file /Library/Frameworks/Python.framework/Versions/3.10/lib/python3.10/site-packages/airflow/example_dags/example_setup_teardown.py for tasks to queue
[2024-05-06T07:13:31.908+0700] {logging_mixin.py:188} INFO - [2024-05-06T07:13:31.907+0700] {dagbag.py:540} INFO - Filling up the DagBag from /Library/Frameworks/Python.framework/Versions/3.10/lib/python3.10/site-packages/airflow/example_dags/example_setup_teardown.py
[2024-05-06T07:13:31.913+0700] {processor.py:840} INFO - DAG(s) 'example_setup_teardown' retrieved from /Library/Frameworks/Python.framework/Versions/3.10/lib/python3.10/site-packages/airflow/example_dags/example_setup_teardown.py
[2024-05-06T07:13:32.008+0700] {logging_mixin.py:188} INFO - [2024-05-06T07:13:32.008+0700] {dag.py:3096} INFO - Sync 1 DAGs
[2024-05-06T07:13:32.017+0700] {logging_mixin.py:188} INFO - [2024-05-06T07:13:32.017+0700] {dag.py:3954} INFO - Setting next_dagrun for example_setup_teardown to 2024-05-05 00:00:00+00:00, run_after=2024-05-06 00:00:00+00:00
[2024-05-06T07:13:32.029+0700] {processor.py:183} INFO - Processing /Library/Frameworks/Python.framework/Versions/3.10/lib/python3.10/site-packages/airflow/example_dags/example_setup_teardown.py took 0.124 seconds
[2024-05-06T07:32:55.791+0700] {processor.py:161} INFO - Started process (PID=72974) to work on /Library/Frameworks/Python.framework/Versions/3.10/lib/python3.10/site-packages/airflow/example_dags/example_setup_teardown.py
[2024-05-06T07:32:55.791+0700] {processor.py:830} INFO - Processing file /Library/Frameworks/Python.framework/Versions/3.10/lib/python3.10/site-packages/airflow/example_dags/example_setup_teardown.py for tasks to queue
[2024-05-06T07:32:55.792+0700] {logging_mixin.py:188} INFO - [2024-05-06T07:32:55.792+0700] {dagbag.py:540} INFO - Filling up the DagBag from /Library/Frameworks/Python.framework/Versions/3.10/lib/python3.10/site-packages/airflow/example_dags/example_setup_teardown.py
[2024-05-06T07:32:55.797+0700] {processor.py:840} INFO - DAG(s) 'example_setup_teardown' retrieved from /Library/Frameworks/Python.framework/Versions/3.10/lib/python3.10/site-packages/airflow/example_dags/example_setup_teardown.py
[2024-05-06T07:32:55.891+0700] {logging_mixin.py:188} INFO - [2024-05-06T07:32:55.891+0700] {dag.py:3096} INFO - Sync 1 DAGs
[2024-05-06T07:32:55.900+0700] {logging_mixin.py:188} INFO - [2024-05-06T07:32:55.900+0700] {dag.py:3954} INFO - Setting next_dagrun for example_setup_teardown to 2024-05-05 00:00:00+00:00, run_after=2024-05-06 00:00:00+00:00
[2024-05-06T07:32:55.910+0700] {processor.py:183} INFO - Processing /Library/Frameworks/Python.framework/Versions/3.10/lib/python3.10/site-packages/airflow/example_dags/example_setup_teardown.py took 0.121 seconds
[2024-05-06T07:35:29.718+0700] {processor.py:161} INFO - Started process (PID=73730) to work on /Library/Frameworks/Python.framework/Versions/3.10/lib/python3.10/site-packages/airflow/example_dags/example_setup_teardown.py
[2024-05-06T07:35:29.719+0700] {processor.py:830} INFO - Processing file /Library/Frameworks/Python.framework/Versions/3.10/lib/python3.10/site-packages/airflow/example_dags/example_setup_teardown.py for tasks to queue
[2024-05-06T07:35:29.719+0700] {logging_mixin.py:188} INFO - [2024-05-06T07:35:29.719+0700] {dagbag.py:540} INFO - Filling up the DagBag from /Library/Frameworks/Python.framework/Versions/3.10/lib/python3.10/site-packages/airflow/example_dags/example_setup_teardown.py
[2024-05-06T07:35:29.725+0700] {processor.py:840} INFO - DAG(s) 'example_setup_teardown' retrieved from /Library/Frameworks/Python.framework/Versions/3.10/lib/python3.10/site-packages/airflow/example_dags/example_setup_teardown.py
[2024-05-06T07:35:29.819+0700] {logging_mixin.py:188} INFO - [2024-05-06T07:35:29.819+0700] {dag.py:3096} INFO - Sync 1 DAGs
[2024-05-06T07:35:29.828+0700] {logging_mixin.py:188} INFO - [2024-05-06T07:35:29.828+0700] {dag.py:3954} INFO - Setting next_dagrun for example_setup_teardown to 2024-05-05 00:00:00+00:00, run_after=2024-05-06 00:00:00+00:00
[2024-05-06T07:35:29.838+0700] {processor.py:183} INFO - Processing /Library/Frameworks/Python.framework/Versions/3.10/lib/python3.10/site-packages/airflow/example_dags/example_setup_teardown.py took 0.122 seconds
[2024-05-06T07:38:03.907+0700] {processor.py:161} INFO - Started process (PID=74437) to work on /Library/Frameworks/Python.framework/Versions/3.10/lib/python3.10/site-packages/airflow/example_dags/example_setup_teardown.py
[2024-05-06T07:38:03.909+0700] {processor.py:830} INFO - Processing file /Library/Frameworks/Python.framework/Versions/3.10/lib/python3.10/site-packages/airflow/example_dags/example_setup_teardown.py for tasks to queue
[2024-05-06T07:38:03.909+0700] {logging_mixin.py:188} INFO - [2024-05-06T07:38:03.909+0700] {dagbag.py:540} INFO - Filling up the DagBag from /Library/Frameworks/Python.framework/Versions/3.10/lib/python3.10/site-packages/airflow/example_dags/example_setup_teardown.py
[2024-05-06T07:38:03.915+0700] {processor.py:840} INFO - DAG(s) 'example_setup_teardown' retrieved from /Library/Frameworks/Python.framework/Versions/3.10/lib/python3.10/site-packages/airflow/example_dags/example_setup_teardown.py
[2024-05-06T07:38:04.009+0700] {logging_mixin.py:188} INFO - [2024-05-06T07:38:04.009+0700] {dag.py:3096} INFO - Sync 1 DAGs
[2024-05-06T07:38:04.018+0700] {logging_mixin.py:188} INFO - [2024-05-06T07:38:04.018+0700] {dag.py:3954} INFO - Setting next_dagrun for example_setup_teardown to 2024-05-05 00:00:00+00:00, run_after=2024-05-06 00:00:00+00:00
[2024-05-06T07:38:04.029+0700] {processor.py:183} INFO - Processing /Library/Frameworks/Python.framework/Versions/3.10/lib/python3.10/site-packages/airflow/example_dags/example_setup_teardown.py took 0.123 seconds
[2024-05-06T07:40:39.029+0700] {processor.py:161} INFO - Started process (PID=75143) to work on /Library/Frameworks/Python.framework/Versions/3.10/lib/python3.10/site-packages/airflow/example_dags/example_setup_teardown.py
[2024-05-06T07:40:39.032+0700] {processor.py:830} INFO - Processing file /Library/Frameworks/Python.framework/Versions/3.10/lib/python3.10/site-packages/airflow/example_dags/example_setup_teardown.py for tasks to queue
[2024-05-06T07:40:39.033+0700] {logging_mixin.py:188} INFO - [2024-05-06T07:40:39.033+0700] {dagbag.py:540} INFO - Filling up the DagBag from /Library/Frameworks/Python.framework/Versions/3.10/lib/python3.10/site-packages/airflow/example_dags/example_setup_teardown.py
[2024-05-06T07:40:39.038+0700] {processor.py:840} INFO - DAG(s) 'example_setup_teardown' retrieved from /Library/Frameworks/Python.framework/Versions/3.10/lib/python3.10/site-packages/airflow/example_dags/example_setup_teardown.py
[2024-05-06T07:40:39.131+0700] {logging_mixin.py:188} INFO - [2024-05-06T07:40:39.131+0700] {dag.py:3096} INFO - Sync 1 DAGs
[2024-05-06T07:40:39.140+0700] {logging_mixin.py:188} INFO - [2024-05-06T07:40:39.140+0700] {dag.py:3954} INFO - Setting next_dagrun for example_setup_teardown to 2024-05-05 00:00:00+00:00, run_after=2024-05-06 00:00:00+00:00
[2024-05-06T07:40:39.150+0700] {processor.py:183} INFO - Processing /Library/Frameworks/Python.framework/Versions/3.10/lib/python3.10/site-packages/airflow/example_dags/example_setup_teardown.py took 0.123 seconds
[2024-05-06T08:32:44.021+0700] {processor.py:161} INFO - Started process (PID=75895) to work on /Library/Frameworks/Python.framework/Versions/3.10/lib/python3.10/site-packages/airflow/example_dags/example_setup_teardown.py
[2024-05-06T08:32:44.021+0700] {processor.py:830} INFO - Processing file /Library/Frameworks/Python.framework/Versions/3.10/lib/python3.10/site-packages/airflow/example_dags/example_setup_teardown.py for tasks to queue
[2024-05-06T08:32:44.022+0700] {logging_mixin.py:188} INFO - [2024-05-06T08:32:44.022+0700] {dagbag.py:540} INFO - Filling up the DagBag from /Library/Frameworks/Python.framework/Versions/3.10/lib/python3.10/site-packages/airflow/example_dags/example_setup_teardown.py
[2024-05-06T08:32:44.027+0700] {processor.py:840} INFO - DAG(s) 'example_setup_teardown' retrieved from /Library/Frameworks/Python.framework/Versions/3.10/lib/python3.10/site-packages/airflow/example_dags/example_setup_teardown.py
[2024-05-06T08:32:44.123+0700] {logging_mixin.py:188} INFO - [2024-05-06T08:32:44.123+0700] {dag.py:3096} INFO - Sync 1 DAGs
[2024-05-06T08:32:44.132+0700] {logging_mixin.py:188} INFO - [2024-05-06T08:32:44.132+0700] {dag.py:3954} INFO - Setting next_dagrun for example_setup_teardown to 2024-05-05 00:00:00+00:00, run_after=2024-05-06 00:00:00+00:00
[2024-05-06T08:32:44.143+0700] {processor.py:183} INFO - Processing /Library/Frameworks/Python.framework/Versions/3.10/lib/python3.10/site-packages/airflow/example_dags/example_setup_teardown.py took 0.128 seconds
[2024-05-06T08:43:19.230+0700] {processor.py:161} INFO - Started process (PID=76312) to work on /Library/Frameworks/Python.framework/Versions/3.10/lib/python3.10/site-packages/airflow/example_dags/example_setup_teardown.py
[2024-05-06T08:43:19.232+0700] {processor.py:830} INFO - Processing file /Library/Frameworks/Python.framework/Versions/3.10/lib/python3.10/site-packages/airflow/example_dags/example_setup_teardown.py for tasks to queue
[2024-05-06T08:43:19.233+0700] {logging_mixin.py:188} INFO - [2024-05-06T08:43:19.233+0700] {dagbag.py:540} INFO - Filling up the DagBag from /Library/Frameworks/Python.framework/Versions/3.10/lib/python3.10/site-packages/airflow/example_dags/example_setup_teardown.py
[2024-05-06T08:43:19.249+0700] {processor.py:840} INFO - DAG(s) 'example_setup_teardown' retrieved from /Library/Frameworks/Python.framework/Versions/3.10/lib/python3.10/site-packages/airflow/example_dags/example_setup_teardown.py
[2024-05-06T08:43:19.390+0700] {logging_mixin.py:188} INFO - [2024-05-06T08:43:19.390+0700] {dag.py:3096} INFO - Sync 1 DAGs
[2024-05-06T08:43:19.400+0700] {logging_mixin.py:188} INFO - [2024-05-06T08:43:19.400+0700] {dag.py:3954} INFO - Setting next_dagrun for example_setup_teardown to 2024-05-05 00:00:00+00:00, run_after=2024-05-06 00:00:00+00:00
[2024-05-06T08:43:19.414+0700] {processor.py:183} INFO - Processing /Library/Frameworks/Python.framework/Versions/3.10/lib/python3.10/site-packages/airflow/example_dags/example_setup_teardown.py took 0.189 seconds
[2024-05-06T09:02:17.779+0700] {processor.py:161} INFO - Started process (PID=77069) to work on /Library/Frameworks/Python.framework/Versions/3.10/lib/python3.10/site-packages/airflow/example_dags/example_setup_teardown.py
[2024-05-06T09:02:17.780+0700] {processor.py:830} INFO - Processing file /Library/Frameworks/Python.framework/Versions/3.10/lib/python3.10/site-packages/airflow/example_dags/example_setup_teardown.py for tasks to queue
[2024-05-06T09:02:17.780+0700] {logging_mixin.py:188} INFO - [2024-05-06T09:02:17.780+0700] {dagbag.py:540} INFO - Filling up the DagBag from /Library/Frameworks/Python.framework/Versions/3.10/lib/python3.10/site-packages/airflow/example_dags/example_setup_teardown.py
[2024-05-06T09:02:17.786+0700] {processor.py:840} INFO - DAG(s) 'example_setup_teardown' retrieved from /Library/Frameworks/Python.framework/Versions/3.10/lib/python3.10/site-packages/airflow/example_dags/example_setup_teardown.py
[2024-05-06T09:02:17.879+0700] {logging_mixin.py:188} INFO - [2024-05-06T09:02:17.879+0700] {dag.py:3096} INFO - Sync 1 DAGs
[2024-05-06T09:02:17.888+0700] {logging_mixin.py:188} INFO - [2024-05-06T09:02:17.888+0700] {dag.py:3954} INFO - Setting next_dagrun for example_setup_teardown to 2024-05-05 00:00:00+00:00, run_after=2024-05-06 00:00:00+00:00
[2024-05-06T09:02:17.898+0700] {processor.py:183} INFO - Processing /Library/Frameworks/Python.framework/Versions/3.10/lib/python3.10/site-packages/airflow/example_dags/example_setup_teardown.py took 0.121 seconds
[2024-05-06T09:37:20.760+0700] {processor.py:161} INFO - Started process (PID=77831) to work on /Library/Frameworks/Python.framework/Versions/3.10/lib/python3.10/site-packages/airflow/example_dags/example_setup_teardown.py
[2024-05-06T09:37:20.761+0700] {processor.py:830} INFO - Processing file /Library/Frameworks/Python.framework/Versions/3.10/lib/python3.10/site-packages/airflow/example_dags/example_setup_teardown.py for tasks to queue
[2024-05-06T09:37:20.762+0700] {logging_mixin.py:188} INFO - [2024-05-06T09:37:20.762+0700] {dagbag.py:540} INFO - Filling up the DagBag from /Library/Frameworks/Python.framework/Versions/3.10/lib/python3.10/site-packages/airflow/example_dags/example_setup_teardown.py
[2024-05-06T09:37:20.767+0700] {processor.py:840} INFO - DAG(s) 'example_setup_teardown' retrieved from /Library/Frameworks/Python.framework/Versions/3.10/lib/python3.10/site-packages/airflow/example_dags/example_setup_teardown.py
[2024-05-06T09:37:20.861+0700] {logging_mixin.py:188} INFO - [2024-05-06T09:37:20.861+0700] {dag.py:3096} INFO - Sync 1 DAGs
[2024-05-06T09:37:20.870+0700] {logging_mixin.py:188} INFO - [2024-05-06T09:37:20.870+0700] {dag.py:3954} INFO - Setting next_dagrun for example_setup_teardown to 2024-05-05 00:00:00+00:00, run_after=2024-05-06 00:00:00+00:00
[2024-05-06T09:37:20.881+0700] {processor.py:183} INFO - Processing /Library/Frameworks/Python.framework/Versions/3.10/lib/python3.10/site-packages/airflow/example_dags/example_setup_teardown.py took 0.122 seconds
[2024-05-06T09:39:06.764+0700] {processor.py:161} INFO - Started process (PID=78308) to work on /Library/Frameworks/Python.framework/Versions/3.10/lib/python3.10/site-packages/airflow/example_dags/example_setup_teardown.py
[2024-05-06T09:39:06.765+0700] {processor.py:830} INFO - Processing file /Library/Frameworks/Python.framework/Versions/3.10/lib/python3.10/site-packages/airflow/example_dags/example_setup_teardown.py for tasks to queue
[2024-05-06T09:39:06.766+0700] {logging_mixin.py:188} INFO - [2024-05-06T09:39:06.765+0700] {dagbag.py:540} INFO - Filling up the DagBag from /Library/Frameworks/Python.framework/Versions/3.10/lib/python3.10/site-packages/airflow/example_dags/example_setup_teardown.py
[2024-05-06T09:39:06.771+0700] {processor.py:840} INFO - DAG(s) 'example_setup_teardown' retrieved from /Library/Frameworks/Python.framework/Versions/3.10/lib/python3.10/site-packages/airflow/example_dags/example_setup_teardown.py
[2024-05-06T09:39:06.865+0700] {logging_mixin.py:188} INFO - [2024-05-06T09:39:06.865+0700] {dag.py:3096} INFO - Sync 1 DAGs
[2024-05-06T09:39:06.874+0700] {logging_mixin.py:188} INFO - [2024-05-06T09:39:06.874+0700] {dag.py:3954} INFO - Setting next_dagrun for example_setup_teardown to 2024-05-05 00:00:00+00:00, run_after=2024-05-06 00:00:00+00:00
[2024-05-06T09:39:06.884+0700] {processor.py:183} INFO - Processing /Library/Frameworks/Python.framework/Versions/3.10/lib/python3.10/site-packages/airflow/example_dags/example_setup_teardown.py took 0.122 seconds
[2024-05-06T09:55:40.428+0700] {processor.py:161} INFO - Started process (PID=78679) to work on /Library/Frameworks/Python.framework/Versions/3.10/lib/python3.10/site-packages/airflow/example_dags/example_setup_teardown.py
[2024-05-06T09:55:40.430+0700] {processor.py:830} INFO - Processing file /Library/Frameworks/Python.framework/Versions/3.10/lib/python3.10/site-packages/airflow/example_dags/example_setup_teardown.py for tasks to queue
[2024-05-06T09:55:40.430+0700] {logging_mixin.py:188} INFO - [2024-05-06T09:55:40.430+0700] {dagbag.py:540} INFO - Filling up the DagBag from /Library/Frameworks/Python.framework/Versions/3.10/lib/python3.10/site-packages/airflow/example_dags/example_setup_teardown.py
[2024-05-06T09:55:40.435+0700] {processor.py:840} INFO - DAG(s) 'example_setup_teardown' retrieved from /Library/Frameworks/Python.framework/Versions/3.10/lib/python3.10/site-packages/airflow/example_dags/example_setup_teardown.py
[2024-05-06T09:55:40.529+0700] {logging_mixin.py:188} INFO - [2024-05-06T09:55:40.529+0700] {dag.py:3096} INFO - Sync 1 DAGs
[2024-05-06T09:55:40.538+0700] {logging_mixin.py:188} INFO - [2024-05-06T09:55:40.538+0700] {dag.py:3954} INFO - Setting next_dagrun for example_setup_teardown to 2024-05-05 00:00:00+00:00, run_after=2024-05-06 00:00:00+00:00
[2024-05-06T09:55:40.549+0700] {processor.py:183} INFO - Processing /Library/Frameworks/Python.framework/Versions/3.10/lib/python3.10/site-packages/airflow/example_dags/example_setup_teardown.py took 0.123 seconds
[2024-05-06T10:13:51.929+0700] {processor.py:161} INFO - Started process (PID=79075) to work on /Library/Frameworks/Python.framework/Versions/3.10/lib/python3.10/site-packages/airflow/example_dags/example_setup_teardown.py
[2024-05-06T10:13:51.929+0700] {processor.py:830} INFO - Processing file /Library/Frameworks/Python.framework/Versions/3.10/lib/python3.10/site-packages/airflow/example_dags/example_setup_teardown.py for tasks to queue
[2024-05-06T10:13:51.930+0700] {logging_mixin.py:188} INFO - [2024-05-06T10:13:51.930+0700] {dagbag.py:540} INFO - Filling up the DagBag from /Library/Frameworks/Python.framework/Versions/3.10/lib/python3.10/site-packages/airflow/example_dags/example_setup_teardown.py
[2024-05-06T10:13:51.935+0700] {processor.py:840} INFO - DAG(s) 'example_setup_teardown' retrieved from /Library/Frameworks/Python.framework/Versions/3.10/lib/python3.10/site-packages/airflow/example_dags/example_setup_teardown.py
[2024-05-06T10:13:52.031+0700] {logging_mixin.py:188} INFO - [2024-05-06T10:13:52.031+0700] {dag.py:3096} INFO - Sync 1 DAGs
[2024-05-06T10:13:52.040+0700] {logging_mixin.py:188} INFO - [2024-05-06T10:13:52.040+0700] {dag.py:3954} INFO - Setting next_dagrun for example_setup_teardown to 2024-05-05 00:00:00+00:00, run_after=2024-05-06 00:00:00+00:00
[2024-05-06T10:13:52.050+0700] {processor.py:183} INFO - Processing /Library/Frameworks/Python.framework/Versions/3.10/lib/python3.10/site-packages/airflow/example_dags/example_setup_teardown.py took 0.123 seconds
[2024-05-06T10:38:47.341+0700] {processor.py:161} INFO - Started process (PID=79811) to work on /Library/Frameworks/Python.framework/Versions/3.10/lib/python3.10/site-packages/airflow/example_dags/example_setup_teardown.py
[2024-05-06T10:38:47.342+0700] {processor.py:830} INFO - Processing file /Library/Frameworks/Python.framework/Versions/3.10/lib/python3.10/site-packages/airflow/example_dags/example_setup_teardown.py for tasks to queue
[2024-05-06T10:38:47.343+0700] {logging_mixin.py:188} INFO - [2024-05-06T10:38:47.343+0700] {dagbag.py:540} INFO - Filling up the DagBag from /Library/Frameworks/Python.framework/Versions/3.10/lib/python3.10/site-packages/airflow/example_dags/example_setup_teardown.py
[2024-05-06T10:38:47.350+0700] {processor.py:840} INFO - DAG(s) 'example_setup_teardown' retrieved from /Library/Frameworks/Python.framework/Versions/3.10/lib/python3.10/site-packages/airflow/example_dags/example_setup_teardown.py
[2024-05-06T10:38:47.446+0700] {logging_mixin.py:188} INFO - [2024-05-06T10:38:47.446+0700] {dag.py:3096} INFO - Sync 1 DAGs
[2024-05-06T10:38:47.455+0700] {logging_mixin.py:188} INFO - [2024-05-06T10:38:47.455+0700] {dag.py:3954} INFO - Setting next_dagrun for example_setup_teardown to 2024-05-05 00:00:00+00:00, run_after=2024-05-06 00:00:00+00:00
[2024-05-06T10:38:47.466+0700] {processor.py:183} INFO - Processing /Library/Frameworks/Python.framework/Versions/3.10/lib/python3.10/site-packages/airflow/example_dags/example_setup_teardown.py took 0.127 seconds
[2024-05-06T10:58:49.973+0700] {processor.py:161} INFO - Started process (PID=80671) to work on /Library/Frameworks/Python.framework/Versions/3.10/lib/python3.10/site-packages/airflow/example_dags/example_setup_teardown.py
[2024-05-06T10:58:49.974+0700] {processor.py:830} INFO - Processing file /Library/Frameworks/Python.framework/Versions/3.10/lib/python3.10/site-packages/airflow/example_dags/example_setup_teardown.py for tasks to queue
[2024-05-06T10:58:49.974+0700] {logging_mixin.py:188} INFO - [2024-05-06T10:58:49.974+0700] {dagbag.py:540} INFO - Filling up the DagBag from /Library/Frameworks/Python.framework/Versions/3.10/lib/python3.10/site-packages/airflow/example_dags/example_setup_teardown.py
[2024-05-06T10:58:49.980+0700] {processor.py:840} INFO - DAG(s) 'example_setup_teardown' retrieved from /Library/Frameworks/Python.framework/Versions/3.10/lib/python3.10/site-packages/airflow/example_dags/example_setup_teardown.py
[2024-05-06T10:58:50.081+0700] {logging_mixin.py:188} INFO - [2024-05-06T10:58:50.081+0700] {dag.py:3096} INFO - Sync 1 DAGs
[2024-05-06T10:58:50.090+0700] {logging_mixin.py:188} INFO - [2024-05-06T10:58:50.090+0700] {dag.py:3954} INFO - Setting next_dagrun for example_setup_teardown to 2024-05-05 00:00:00+00:00, run_after=2024-05-06 00:00:00+00:00
[2024-05-06T10:58:50.102+0700] {processor.py:183} INFO - Processing /Library/Frameworks/Python.framework/Versions/3.10/lib/python3.10/site-packages/airflow/example_dags/example_setup_teardown.py took 0.131 seconds
[2024-05-06T11:00:14.557+0700] {processor.py:161} INFO - Started process (PID=81058) to work on /Library/Frameworks/Python.framework/Versions/3.10/lib/python3.10/site-packages/airflow/example_dags/example_setup_teardown.py
[2024-05-06T11:00:14.557+0700] {processor.py:830} INFO - Processing file /Library/Frameworks/Python.framework/Versions/3.10/lib/python3.10/site-packages/airflow/example_dags/example_setup_teardown.py for tasks to queue
[2024-05-06T11:00:14.558+0700] {logging_mixin.py:188} INFO - [2024-05-06T11:00:14.558+0700] {dagbag.py:540} INFO - Filling up the DagBag from /Library/Frameworks/Python.framework/Versions/3.10/lib/python3.10/site-packages/airflow/example_dags/example_setup_teardown.py
[2024-05-06T11:00:14.564+0700] {processor.py:840} INFO - DAG(s) 'example_setup_teardown' retrieved from /Library/Frameworks/Python.framework/Versions/3.10/lib/python3.10/site-packages/airflow/example_dags/example_setup_teardown.py
[2024-05-06T11:00:14.661+0700] {logging_mixin.py:188} INFO - [2024-05-06T11:00:14.661+0700] {dag.py:3096} INFO - Sync 1 DAGs
[2024-05-06T11:00:14.670+0700] {logging_mixin.py:188} INFO - [2024-05-06T11:00:14.670+0700] {dag.py:3954} INFO - Setting next_dagrun for example_setup_teardown to 2024-05-05 00:00:00+00:00, run_after=2024-05-06 00:00:00+00:00
[2024-05-06T11:00:14.682+0700] {processor.py:183} INFO - Processing /Library/Frameworks/Python.framework/Versions/3.10/lib/python3.10/site-packages/airflow/example_dags/example_setup_teardown.py took 0.128 seconds
[2024-05-06T20:12:32.961+0700] {processor.py:161} INFO - Started process (PID=809) to work on /opt/homebrew/Caskroom/miniconda/base/lib/python3.11/site-packages/airflow/example_dags/example_setup_teardown.py
[2024-05-06T20:12:32.962+0700] {processor.py:830} INFO - Processing file /opt/homebrew/Caskroom/miniconda/base/lib/python3.11/site-packages/airflow/example_dags/example_setup_teardown.py for tasks to queue
[2024-05-06T20:12:32.962+0700] {logging_mixin.py:188} INFO - [2024-05-06T20:12:32.962+0700] {dagbag.py:540} INFO - Filling up the DagBag from /opt/homebrew/Caskroom/miniconda/base/lib/python3.11/site-packages/airflow/example_dags/example_setup_teardown.py
[2024-05-06T20:12:32.968+0700] {processor.py:840} INFO - DAG(s) 'example_setup_teardown' retrieved from /opt/homebrew/Caskroom/miniconda/base/lib/python3.11/site-packages/airflow/example_dags/example_setup_teardown.py
[2024-05-06T20:12:33.121+0700] {logging_mixin.py:188} INFO - [2024-05-06T20:12:33.121+0700] {dag.py:3096} INFO - Sync 1 DAGs
[2024-05-06T20:12:33.130+0700] {logging_mixin.py:188} INFO - [2024-05-06T20:12:33.130+0700] {dag.py:3954} INFO - Setting next_dagrun for example_setup_teardown to 2024-05-05 00:00:00+00:00, run_after=2024-05-06 00:00:00+00:00
[2024-05-06T20:12:33.142+0700] {processor.py:183} INFO - Processing /opt/homebrew/Caskroom/miniconda/base/lib/python3.11/site-packages/airflow/example_dags/example_setup_teardown.py took 0.183 seconds
[2024-05-06T20:14:33.522+0700] {processor.py:161} INFO - Started process (PID=1520) to work on /opt/homebrew/Caskroom/miniconda/base/lib/python3.11/site-packages/airflow/example_dags/example_setup_teardown.py
[2024-05-06T20:14:33.523+0700] {processor.py:830} INFO - Processing file /opt/homebrew/Caskroom/miniconda/base/lib/python3.11/site-packages/airflow/example_dags/example_setup_teardown.py for tasks to queue
[2024-05-06T20:14:33.524+0700] {logging_mixin.py:188} INFO - [2024-05-06T20:14:33.524+0700] {dagbag.py:540} INFO - Filling up the DagBag from /opt/homebrew/Caskroom/miniconda/base/lib/python3.11/site-packages/airflow/example_dags/example_setup_teardown.py
[2024-05-06T20:14:33.530+0700] {processor.py:840} INFO - DAG(s) 'example_setup_teardown' retrieved from /opt/homebrew/Caskroom/miniconda/base/lib/python3.11/site-packages/airflow/example_dags/example_setup_teardown.py
[2024-05-06T20:14:33.675+0700] {logging_mixin.py:188} INFO - [2024-05-06T20:14:33.674+0700] {dag.py:3096} INFO - Sync 1 DAGs
[2024-05-06T20:14:33.683+0700] {logging_mixin.py:188} INFO - [2024-05-06T20:14:33.683+0700] {dag.py:3954} INFO - Setting next_dagrun for example_setup_teardown to 2024-05-05 00:00:00+00:00, run_after=2024-05-06 00:00:00+00:00
[2024-05-06T20:14:33.694+0700] {processor.py:183} INFO - Processing /opt/homebrew/Caskroom/miniconda/base/lib/python3.11/site-packages/airflow/example_dags/example_setup_teardown.py took 0.175 seconds
[2024-05-06T20:16:33.567+0700] {processor.py:161} INFO - Started process (PID=2157) to work on /opt/homebrew/Caskroom/miniconda/base/lib/python3.11/site-packages/airflow/example_dags/example_setup_teardown.py
[2024-05-06T20:16:33.568+0700] {processor.py:830} INFO - Processing file /opt/homebrew/Caskroom/miniconda/base/lib/python3.11/site-packages/airflow/example_dags/example_setup_teardown.py for tasks to queue
[2024-05-06T20:16:33.568+0700] {logging_mixin.py:188} INFO - [2024-05-06T20:16:33.568+0700] {dagbag.py:540} INFO - Filling up the DagBag from /opt/homebrew/Caskroom/miniconda/base/lib/python3.11/site-packages/airflow/example_dags/example_setup_teardown.py
[2024-05-06T20:16:33.574+0700] {processor.py:840} INFO - DAG(s) 'example_setup_teardown' retrieved from /opt/homebrew/Caskroom/miniconda/base/lib/python3.11/site-packages/airflow/example_dags/example_setup_teardown.py
[2024-05-06T20:16:33.639+0700] {logging_mixin.py:188} INFO - [2024-05-06T20:16:33.639+0700] {dag.py:3096} INFO - Sync 1 DAGs
[2024-05-06T20:16:33.648+0700] {logging_mixin.py:188} INFO - [2024-05-06T20:16:33.648+0700] {dag.py:3954} INFO - Setting next_dagrun for example_setup_teardown to 2024-05-05 00:00:00+00:00, run_after=2024-05-06 00:00:00+00:00
[2024-05-06T20:16:33.659+0700] {processor.py:183} INFO - Processing /opt/homebrew/Caskroom/miniconda/base/lib/python3.11/site-packages/airflow/example_dags/example_setup_teardown.py took 0.094 seconds
[2024-05-06T20:18:03.312+0700] {processor.py:161} INFO - Started process (PID=2584) to work on /opt/homebrew/Caskroom/miniconda/base/lib/python3.11/site-packages/airflow/example_dags/example_setup_teardown.py
[2024-05-06T20:18:03.313+0700] {processor.py:830} INFO - Processing file /opt/homebrew/Caskroom/miniconda/base/lib/python3.11/site-packages/airflow/example_dags/example_setup_teardown.py for tasks to queue
[2024-05-06T20:18:03.314+0700] {logging_mixin.py:188} INFO - [2024-05-06T20:18:03.314+0700] {dagbag.py:540} INFO - Filling up the DagBag from /opt/homebrew/Caskroom/miniconda/base/lib/python3.11/site-packages/airflow/example_dags/example_setup_teardown.py
[2024-05-06T20:18:03.320+0700] {processor.py:840} INFO - DAG(s) 'example_setup_teardown' retrieved from /opt/homebrew/Caskroom/miniconda/base/lib/python3.11/site-packages/airflow/example_dags/example_setup_teardown.py
[2024-05-06T20:18:03.391+0700] {logging_mixin.py:188} INFO - [2024-05-06T20:18:03.391+0700] {dag.py:3096} INFO - Sync 1 DAGs
[2024-05-06T20:18:03.401+0700] {logging_mixin.py:188} INFO - [2024-05-06T20:18:03.401+0700] {dag.py:3954} INFO - Setting next_dagrun for example_setup_teardown to 2024-05-05 00:00:00+00:00, run_after=2024-05-06 00:00:00+00:00
[2024-05-06T20:18:03.411+0700] {processor.py:183} INFO - Processing /opt/homebrew/Caskroom/miniconda/base/lib/python3.11/site-packages/airflow/example_dags/example_setup_teardown.py took 0.101 seconds
[2024-05-06T20:19:36.542+0700] {processor.py:161} INFO - Started process (PID=3072) to work on /opt/homebrew/Caskroom/miniconda/base/lib/python3.11/site-packages/airflow/example_dags/example_setup_teardown.py
[2024-05-06T20:19:36.543+0700] {processor.py:830} INFO - Processing file /opt/homebrew/Caskroom/miniconda/base/lib/python3.11/site-packages/airflow/example_dags/example_setup_teardown.py for tasks to queue
[2024-05-06T20:19:36.543+0700] {logging_mixin.py:188} INFO - [2024-05-06T20:19:36.543+0700] {dagbag.py:540} INFO - Filling up the DagBag from /opt/homebrew/Caskroom/miniconda/base/lib/python3.11/site-packages/airflow/example_dags/example_setup_teardown.py
[2024-05-06T20:19:36.550+0700] {processor.py:840} INFO - DAG(s) 'example_setup_teardown' retrieved from /opt/homebrew/Caskroom/miniconda/base/lib/python3.11/site-packages/airflow/example_dags/example_setup_teardown.py
[2024-05-06T20:19:36.619+0700] {logging_mixin.py:188} INFO - [2024-05-06T20:19:36.619+0700] {dag.py:3096} INFO - Sync 1 DAGs
[2024-05-06T20:19:36.628+0700] {logging_mixin.py:188} INFO - [2024-05-06T20:19:36.628+0700] {dag.py:3954} INFO - Setting next_dagrun for example_setup_teardown to 2024-05-05 00:00:00+00:00, run_after=2024-05-06 00:00:00+00:00
[2024-05-06T20:19:36.639+0700] {processor.py:183} INFO - Processing /opt/homebrew/Caskroom/miniconda/base/lib/python3.11/site-packages/airflow/example_dags/example_setup_teardown.py took 0.099 seconds
[2024-05-06T20:21:05.086+0700] {processor.py:161} INFO - Started process (PID=3646) to work on /opt/homebrew/Caskroom/miniconda/base/lib/python3.11/site-packages/airflow/example_dags/example_setup_teardown.py
[2024-05-06T20:21:05.087+0700] {processor.py:830} INFO - Processing file /opt/homebrew/Caskroom/miniconda/base/lib/python3.11/site-packages/airflow/example_dags/example_setup_teardown.py for tasks to queue
[2024-05-06T20:21:05.088+0700] {logging_mixin.py:188} INFO - [2024-05-06T20:21:05.087+0700] {dagbag.py:540} INFO - Filling up the DagBag from /opt/homebrew/Caskroom/miniconda/base/lib/python3.11/site-packages/airflow/example_dags/example_setup_teardown.py
[2024-05-06T20:21:05.093+0700] {processor.py:840} INFO - DAG(s) 'example_setup_teardown' retrieved from /opt/homebrew/Caskroom/miniconda/base/lib/python3.11/site-packages/airflow/example_dags/example_setup_teardown.py
[2024-05-06T20:21:05.158+0700] {logging_mixin.py:188} INFO - [2024-05-06T20:21:05.158+0700] {dag.py:3096} INFO - Sync 1 DAGs
[2024-05-06T20:21:05.167+0700] {logging_mixin.py:188} INFO - [2024-05-06T20:21:05.167+0700] {dag.py:3954} INFO - Setting next_dagrun for example_setup_teardown to 2024-05-05 00:00:00+00:00, run_after=2024-05-06 00:00:00+00:00
[2024-05-06T20:21:05.178+0700] {processor.py:183} INFO - Processing /opt/homebrew/Caskroom/miniconda/base/lib/python3.11/site-packages/airflow/example_dags/example_setup_teardown.py took 0.094 seconds
[2024-05-06T20:23:55.906+0700] {processor.py:161} INFO - Started process (PID=4532) to work on /opt/homebrew/Caskroom/miniconda/base/lib/python3.11/site-packages/airflow/example_dags/example_setup_teardown.py
[2024-05-06T20:23:55.906+0700] {processor.py:830} INFO - Processing file /opt/homebrew/Caskroom/miniconda/base/lib/python3.11/site-packages/airflow/example_dags/example_setup_teardown.py for tasks to queue
[2024-05-06T20:23:55.907+0700] {logging_mixin.py:188} INFO - [2024-05-06T20:23:55.907+0700] {dagbag.py:540} INFO - Filling up the DagBag from /opt/homebrew/Caskroom/miniconda/base/lib/python3.11/site-packages/airflow/example_dags/example_setup_teardown.py
[2024-05-06T20:23:55.914+0700] {processor.py:840} INFO - DAG(s) 'example_setup_teardown' retrieved from /opt/homebrew/Caskroom/miniconda/base/lib/python3.11/site-packages/airflow/example_dags/example_setup_teardown.py
[2024-05-06T20:23:55.985+0700] {logging_mixin.py:188} INFO - [2024-05-06T20:23:55.984+0700] {dag.py:3096} INFO - Sync 1 DAGs
[2024-05-06T20:23:55.996+0700] {logging_mixin.py:188} INFO - [2024-05-06T20:23:55.995+0700] {dag.py:3954} INFO - Setting next_dagrun for example_setup_teardown to 2024-05-05 00:00:00+00:00, run_after=2024-05-06 00:00:00+00:00
[2024-05-06T20:23:56.007+0700] {processor.py:183} INFO - Processing /opt/homebrew/Caskroom/miniconda/base/lib/python3.11/site-packages/airflow/example_dags/example_setup_teardown.py took 0.104 seconds
[2024-05-06T20:25:21.386+0700] {processor.py:161} INFO - Started process (PID=4931) to work on /opt/homebrew/Caskroom/miniconda/base/lib/python3.11/site-packages/airflow/example_dags/example_setup_teardown.py
[2024-05-06T20:25:21.386+0700] {processor.py:830} INFO - Processing file /opt/homebrew/Caskroom/miniconda/base/lib/python3.11/site-packages/airflow/example_dags/example_setup_teardown.py for tasks to queue
[2024-05-06T20:25:21.387+0700] {logging_mixin.py:188} INFO - [2024-05-06T20:25:21.387+0700] {dagbag.py:540} INFO - Filling up the DagBag from /opt/homebrew/Caskroom/miniconda/base/lib/python3.11/site-packages/airflow/example_dags/example_setup_teardown.py
[2024-05-06T20:25:21.393+0700] {processor.py:840} INFO - DAG(s) 'example_setup_teardown' retrieved from /opt/homebrew/Caskroom/miniconda/base/lib/python3.11/site-packages/airflow/example_dags/example_setup_teardown.py
[2024-05-06T20:25:21.458+0700] {logging_mixin.py:188} INFO - [2024-05-06T20:25:21.457+0700] {dag.py:3096} INFO - Sync 1 DAGs
[2024-05-06T20:25:21.468+0700] {logging_mixin.py:188} INFO - [2024-05-06T20:25:21.467+0700] {dag.py:3954} INFO - Setting next_dagrun for example_setup_teardown to 2024-05-05 00:00:00+00:00, run_after=2024-05-06 00:00:00+00:00
[2024-05-06T20:25:21.479+0700] {processor.py:183} INFO - Processing /opt/homebrew/Caskroom/miniconda/base/lib/python3.11/site-packages/airflow/example_dags/example_setup_teardown.py took 0.095 seconds
[2024-05-06T20:26:44.674+0700] {processor.py:161} INFO - Started process (PID=5344) to work on /opt/homebrew/Caskroom/miniconda/base/lib/python3.11/site-packages/airflow/example_dags/example_setup_teardown.py
[2024-05-06T20:26:44.675+0700] {processor.py:830} INFO - Processing file /opt/homebrew/Caskroom/miniconda/base/lib/python3.11/site-packages/airflow/example_dags/example_setup_teardown.py for tasks to queue
[2024-05-06T20:26:44.676+0700] {logging_mixin.py:188} INFO - [2024-05-06T20:26:44.675+0700] {dagbag.py:540} INFO - Filling up the DagBag from /opt/homebrew/Caskroom/miniconda/base/lib/python3.11/site-packages/airflow/example_dags/example_setup_teardown.py
[2024-05-06T20:26:44.683+0700] {processor.py:840} INFO - DAG(s) 'example_setup_teardown' retrieved from /opt/homebrew/Caskroom/miniconda/base/lib/python3.11/site-packages/airflow/example_dags/example_setup_teardown.py
[2024-05-06T20:26:44.753+0700] {logging_mixin.py:188} INFO - [2024-05-06T20:26:44.753+0700] {dag.py:3096} INFO - Sync 1 DAGs
[2024-05-06T20:26:44.762+0700] {logging_mixin.py:188} INFO - [2024-05-06T20:26:44.762+0700] {dag.py:3954} INFO - Setting next_dagrun for example_setup_teardown to 2024-05-05 00:00:00+00:00, run_after=2024-05-06 00:00:00+00:00
[2024-05-06T20:26:44.772+0700] {processor.py:183} INFO - Processing /opt/homebrew/Caskroom/miniconda/base/lib/python3.11/site-packages/airflow/example_dags/example_setup_teardown.py took 0.100 seconds
[2024-05-06T20:30:22.718+0700] {processor.py:161} INFO - Started process (PID=6496) to work on /opt/homebrew/Caskroom/miniconda/base/lib/python3.11/site-packages/airflow/example_dags/example_setup_teardown.py
[2024-05-06T20:30:22.719+0700] {processor.py:830} INFO - Processing file /opt/homebrew/Caskroom/miniconda/base/lib/python3.11/site-packages/airflow/example_dags/example_setup_teardown.py for tasks to queue
[2024-05-06T20:30:22.719+0700] {logging_mixin.py:188} INFO - [2024-05-06T20:30:22.719+0700] {dagbag.py:540} INFO - Filling up the DagBag from /opt/homebrew/Caskroom/miniconda/base/lib/python3.11/site-packages/airflow/example_dags/example_setup_teardown.py
[2024-05-06T20:30:22.725+0700] {processor.py:840} INFO - DAG(s) 'example_setup_teardown' retrieved from /opt/homebrew/Caskroom/miniconda/base/lib/python3.11/site-packages/airflow/example_dags/example_setup_teardown.py
[2024-05-06T20:30:22.896+0700] {logging_mixin.py:188} INFO - [2024-05-06T20:30:22.895+0700] {dag.py:3096} INFO - Sync 1 DAGs
[2024-05-06T20:30:22.906+0700] {logging_mixin.py:188} INFO - [2024-05-06T20:30:22.906+0700] {dag.py:3954} INFO - Setting next_dagrun for example_setup_teardown to 2024-05-05 00:00:00+00:00, run_after=2024-05-06 00:00:00+00:00
[2024-05-06T20:30:22.921+0700] {processor.py:183} INFO - Processing /opt/homebrew/Caskroom/miniconda/base/lib/python3.11/site-packages/airflow/example_dags/example_setup_teardown.py took 0.206 seconds
[2024-05-06T20:33:13.878+0700] {processor.py:161} INFO - Started process (PID=7414) to work on /opt/homebrew/Caskroom/miniconda/base/lib/python3.11/site-packages/airflow/example_dags/example_setup_teardown.py
[2024-05-06T20:33:13.879+0700] {processor.py:830} INFO - Processing file /opt/homebrew/Caskroom/miniconda/base/lib/python3.11/site-packages/airflow/example_dags/example_setup_teardown.py for tasks to queue
[2024-05-06T20:33:13.880+0700] {logging_mixin.py:188} INFO - [2024-05-06T20:33:13.879+0700] {dagbag.py:540} INFO - Filling up the DagBag from /opt/homebrew/Caskroom/miniconda/base/lib/python3.11/site-packages/airflow/example_dags/example_setup_teardown.py
[2024-05-06T20:33:13.886+0700] {processor.py:840} INFO - DAG(s) 'example_setup_teardown' retrieved from /opt/homebrew/Caskroom/miniconda/base/lib/python3.11/site-packages/airflow/example_dags/example_setup_teardown.py
[2024-05-06T20:33:14.031+0700] {logging_mixin.py:188} INFO - [2024-05-06T20:33:14.031+0700] {dag.py:3096} INFO - Sync 1 DAGs
[2024-05-06T20:33:14.040+0700] {logging_mixin.py:188} INFO - [2024-05-06T20:33:14.040+0700] {dag.py:3954} INFO - Setting next_dagrun for example_setup_teardown to 2024-05-05 00:00:00+00:00, run_after=2024-05-06 00:00:00+00:00
[2024-05-06T20:33:14.052+0700] {processor.py:183} INFO - Processing /opt/homebrew/Caskroom/miniconda/base/lib/python3.11/site-packages/airflow/example_dags/example_setup_teardown.py took 0.176 seconds
