[2024-05-06T07:13:40.315+0700] {processor.py:161} INFO - Started process (PID=72473) to work on /Library/Frameworks/Python.framework/Versions/3.10/lib/python3.10/site-packages/airflow/example_dags/example_python_decorator.py
[2024-05-06T07:13:40.316+0700] {processor.py:830} INFO - Processing file /Library/Frameworks/Python.framework/Versions/3.10/lib/python3.10/site-packages/airflow/example_dags/example_python_decorator.py for tasks to queue
[2024-05-06T07:13:40.316+0700] {logging_mixin.py:188} INFO - [2024-05-06T07:13:40.316+0700] {dagbag.py:540} INFO - Filling up the DagBag from /Library/Frameworks/Python.framework/Versions/3.10/lib/python3.10/site-packages/airflow/example_dags/example_python_decorator.py
[2024-05-06T07:13:40.340+0700] {processor.py:840} INFO - DAG(s) 'example_python_decorator' retrieved from /Library/Frameworks/Python.framework/Versions/3.10/lib/python3.10/site-packages/airflow/example_dags/example_python_decorator.py
[2024-05-06T07:13:40.485+0700] {logging_mixin.py:188} INFO - [2024-05-06T07:13:40.485+0700] {dag.py:3096} INFO - Sync 1 DAGs
[2024-05-06T07:13:40.490+0700] {logging_mixin.py:188} INFO - [2024-05-06T07:13:40.490+0700] {dag.py:3954} INFO - Setting next_dagrun for example_python_decorator to None, run_after=None
[2024-05-06T07:13:40.502+0700] {processor.py:183} INFO - Processing /Library/Frameworks/Python.framework/Versions/3.10/lib/python3.10/site-packages/airflow/example_dags/example_python_decorator.py took 0.188 seconds
[2024-05-06T07:33:04.120+0700] {processor.py:161} INFO - Started process (PID=73010) to work on /Library/Frameworks/Python.framework/Versions/3.10/lib/python3.10/site-packages/airflow/example_dags/example_python_decorator.py
[2024-05-06T07:33:04.122+0700] {processor.py:830} INFO - Processing file /Library/Frameworks/Python.framework/Versions/3.10/lib/python3.10/site-packages/airflow/example_dags/example_python_decorator.py for tasks to queue
[2024-05-06T07:33:04.122+0700] {logging_mixin.py:188} INFO - [2024-05-06T07:33:04.122+0700] {dagbag.py:540} INFO - Filling up the DagBag from /Library/Frameworks/Python.framework/Versions/3.10/lib/python3.10/site-packages/airflow/example_dags/example_python_decorator.py
[2024-05-06T07:33:04.146+0700] {processor.py:840} INFO - DAG(s) 'example_python_decorator' retrieved from /Library/Frameworks/Python.framework/Versions/3.10/lib/python3.10/site-packages/airflow/example_dags/example_python_decorator.py
[2024-05-06T07:33:04.289+0700] {logging_mixin.py:188} INFO - [2024-05-06T07:33:04.289+0700] {dag.py:3096} INFO - Sync 1 DAGs
[2024-05-06T07:33:04.294+0700] {logging_mixin.py:188} INFO - [2024-05-06T07:33:04.294+0700] {dag.py:3954} INFO - Setting next_dagrun for example_python_decorator to None, run_after=None
[2024-05-06T07:33:04.306+0700] {processor.py:183} INFO - Processing /Library/Frameworks/Python.framework/Versions/3.10/lib/python3.10/site-packages/airflow/example_dags/example_python_decorator.py took 0.187 seconds
[2024-05-06T07:35:37.690+0700] {processor.py:161} INFO - Started process (PID=73766) to work on /Library/Frameworks/Python.framework/Versions/3.10/lib/python3.10/site-packages/airflow/example_dags/example_python_decorator.py
[2024-05-06T07:35:37.692+0700] {processor.py:830} INFO - Processing file /Library/Frameworks/Python.framework/Versions/3.10/lib/python3.10/site-packages/airflow/example_dags/example_python_decorator.py for tasks to queue
[2024-05-06T07:35:37.693+0700] {logging_mixin.py:188} INFO - [2024-05-06T07:35:37.693+0700] {dagbag.py:540} INFO - Filling up the DagBag from /Library/Frameworks/Python.framework/Versions/3.10/lib/python3.10/site-packages/airflow/example_dags/example_python_decorator.py
[2024-05-06T07:35:37.716+0700] {processor.py:840} INFO - DAG(s) 'example_python_decorator' retrieved from /Library/Frameworks/Python.framework/Versions/3.10/lib/python3.10/site-packages/airflow/example_dags/example_python_decorator.py
[2024-05-06T07:35:37.859+0700] {logging_mixin.py:188} INFO - [2024-05-06T07:35:37.859+0700] {dag.py:3096} INFO - Sync 1 DAGs
[2024-05-06T07:35:37.864+0700] {logging_mixin.py:188} INFO - [2024-05-06T07:35:37.864+0700] {dag.py:3954} INFO - Setting next_dagrun for example_python_decorator to None, run_after=None
[2024-05-06T07:35:37.876+0700] {processor.py:183} INFO - Processing /Library/Frameworks/Python.framework/Versions/3.10/lib/python3.10/site-packages/airflow/example_dags/example_python_decorator.py took 0.188 seconds
[2024-05-06T07:38:12.352+0700] {processor.py:161} INFO - Started process (PID=74473) to work on /Library/Frameworks/Python.framework/Versions/3.10/lib/python3.10/site-packages/airflow/example_dags/example_python_decorator.py
[2024-05-06T07:38:12.353+0700] {processor.py:830} INFO - Processing file /Library/Frameworks/Python.framework/Versions/3.10/lib/python3.10/site-packages/airflow/example_dags/example_python_decorator.py for tasks to queue
[2024-05-06T07:38:12.354+0700] {logging_mixin.py:188} INFO - [2024-05-06T07:38:12.354+0700] {dagbag.py:540} INFO - Filling up the DagBag from /Library/Frameworks/Python.framework/Versions/3.10/lib/python3.10/site-packages/airflow/example_dags/example_python_decorator.py
[2024-05-06T07:38:12.378+0700] {processor.py:840} INFO - DAG(s) 'example_python_decorator' retrieved from /Library/Frameworks/Python.framework/Versions/3.10/lib/python3.10/site-packages/airflow/example_dags/example_python_decorator.py
[2024-05-06T07:38:12.522+0700] {logging_mixin.py:188} INFO - [2024-05-06T07:38:12.522+0700] {dag.py:3096} INFO - Sync 1 DAGs
[2024-05-06T07:38:12.527+0700] {logging_mixin.py:188} INFO - [2024-05-06T07:38:12.527+0700] {dag.py:3954} INFO - Setting next_dagrun for example_python_decorator to None, run_after=None
[2024-05-06T07:38:12.539+0700] {processor.py:183} INFO - Processing /Library/Frameworks/Python.framework/Versions/3.10/lib/python3.10/site-packages/airflow/example_dags/example_python_decorator.py took 0.188 seconds
[2024-05-06T07:40:46.941+0700] {processor.py:161} INFO - Started process (PID=75179) to work on /Library/Frameworks/Python.framework/Versions/3.10/lib/python3.10/site-packages/airflow/example_dags/example_python_decorator.py
[2024-05-06T07:40:46.942+0700] {processor.py:830} INFO - Processing file /Library/Frameworks/Python.framework/Versions/3.10/lib/python3.10/site-packages/airflow/example_dags/example_python_decorator.py for tasks to queue
[2024-05-06T07:40:46.942+0700] {logging_mixin.py:188} INFO - [2024-05-06T07:40:46.942+0700] {dagbag.py:540} INFO - Filling up the DagBag from /Library/Frameworks/Python.framework/Versions/3.10/lib/python3.10/site-packages/airflow/example_dags/example_python_decorator.py
[2024-05-06T07:40:46.967+0700] {processor.py:840} INFO - DAG(s) 'example_python_decorator' retrieved from /Library/Frameworks/Python.framework/Versions/3.10/lib/python3.10/site-packages/airflow/example_dags/example_python_decorator.py
[2024-05-06T07:40:47.110+0700] {logging_mixin.py:188} INFO - [2024-05-06T07:40:47.109+0700] {dag.py:3096} INFO - Sync 1 DAGs
[2024-05-06T07:40:47.115+0700] {logging_mixin.py:188} INFO - [2024-05-06T07:40:47.115+0700] {dag.py:3954} INFO - Setting next_dagrun for example_python_decorator to None, run_after=None
[2024-05-06T07:40:47.127+0700] {processor.py:183} INFO - Processing /Library/Frameworks/Python.framework/Versions/3.10/lib/python3.10/site-packages/airflow/example_dags/example_python_decorator.py took 0.188 seconds
[2024-05-06T08:32:51.987+0700] {processor.py:161} INFO - Started process (PID=75934) to work on /Library/Frameworks/Python.framework/Versions/3.10/lib/python3.10/site-packages/airflow/example_dags/example_python_decorator.py
[2024-05-06T08:32:51.988+0700] {processor.py:830} INFO - Processing file /Library/Frameworks/Python.framework/Versions/3.10/lib/python3.10/site-packages/airflow/example_dags/example_python_decorator.py for tasks to queue
[2024-05-06T08:32:51.988+0700] {logging_mixin.py:188} INFO - [2024-05-06T08:32:51.988+0700] {dagbag.py:540} INFO - Filling up the DagBag from /Library/Frameworks/Python.framework/Versions/3.10/lib/python3.10/site-packages/airflow/example_dags/example_python_decorator.py
[2024-05-06T08:32:52.012+0700] {processor.py:840} INFO - DAG(s) 'example_python_decorator' retrieved from /Library/Frameworks/Python.framework/Versions/3.10/lib/python3.10/site-packages/airflow/example_dags/example_python_decorator.py
[2024-05-06T08:32:52.154+0700] {logging_mixin.py:188} INFO - [2024-05-06T08:32:52.154+0700] {dag.py:3096} INFO - Sync 1 DAGs
[2024-05-06T08:32:52.159+0700] {logging_mixin.py:188} INFO - [2024-05-06T08:32:52.159+0700] {dag.py:3954} INFO - Setting next_dagrun for example_python_decorator to None, run_after=None
[2024-05-06T08:32:52.171+0700] {processor.py:183} INFO - Processing /Library/Frameworks/Python.framework/Versions/3.10/lib/python3.10/site-packages/airflow/example_dags/example_python_decorator.py took 0.185 seconds
[2024-05-06T09:00:59.510+0700] {processor.py:161} INFO - Started process (PID=76715) to work on /Library/Frameworks/Python.framework/Versions/3.10/lib/python3.10/site-packages/airflow/example_dags/example_python_decorator.py
[2024-05-06T09:00:59.510+0700] {processor.py:830} INFO - Processing file /Library/Frameworks/Python.framework/Versions/3.10/lib/python3.10/site-packages/airflow/example_dags/example_python_decorator.py for tasks to queue
[2024-05-06T09:00:59.511+0700] {logging_mixin.py:188} INFO - [2024-05-06T09:00:59.511+0700] {dagbag.py:540} INFO - Filling up the DagBag from /Library/Frameworks/Python.framework/Versions/3.10/lib/python3.10/site-packages/airflow/example_dags/example_python_decorator.py
[2024-05-06T09:00:59.535+0700] {processor.py:840} INFO - DAG(s) 'example_python_decorator' retrieved from /Library/Frameworks/Python.framework/Versions/3.10/lib/python3.10/site-packages/airflow/example_dags/example_python_decorator.py
[2024-05-06T09:00:59.680+0700] {logging_mixin.py:188} INFO - [2024-05-06T09:00:59.679+0700] {dag.py:3096} INFO - Sync 1 DAGs
[2024-05-06T09:00:59.685+0700] {logging_mixin.py:188} INFO - [2024-05-06T09:00:59.685+0700] {dag.py:3954} INFO - Setting next_dagrun for example_python_decorator to None, run_after=None
[2024-05-06T09:00:59.697+0700] {processor.py:183} INFO - Processing /Library/Frameworks/Python.framework/Versions/3.10/lib/python3.10/site-packages/airflow/example_dags/example_python_decorator.py took 0.189 seconds
[2024-05-06T09:20:59.777+0700] {processor.py:161} INFO - Started process (PID=77445) to work on /Library/Frameworks/Python.framework/Versions/3.10/lib/python3.10/site-packages/airflow/example_dags/example_python_decorator.py
[2024-05-06T09:20:59.778+0700] {processor.py:830} INFO - Processing file /Library/Frameworks/Python.framework/Versions/3.10/lib/python3.10/site-packages/airflow/example_dags/example_python_decorator.py for tasks to queue
[2024-05-06T09:20:59.778+0700] {logging_mixin.py:188} INFO - [2024-05-06T09:20:59.778+0700] {dagbag.py:540} INFO - Filling up the DagBag from /Library/Frameworks/Python.framework/Versions/3.10/lib/python3.10/site-packages/airflow/example_dags/example_python_decorator.py
[2024-05-06T09:20:59.803+0700] {processor.py:840} INFO - DAG(s) 'example_python_decorator' retrieved from /Library/Frameworks/Python.framework/Versions/3.10/lib/python3.10/site-packages/airflow/example_dags/example_python_decorator.py
[2024-05-06T09:20:59.946+0700] {logging_mixin.py:188} INFO - [2024-05-06T09:20:59.946+0700] {dag.py:3096} INFO - Sync 1 DAGs
[2024-05-06T09:20:59.951+0700] {logging_mixin.py:188} INFO - [2024-05-06T09:20:59.951+0700] {dag.py:3954} INFO - Setting next_dagrun for example_python_decorator to None, run_after=None
[2024-05-06T09:20:59.963+0700] {processor.py:183} INFO - Processing /Library/Frameworks/Python.framework/Versions/3.10/lib/python3.10/site-packages/airflow/example_dags/example_python_decorator.py took 0.188 seconds
[2024-05-06T09:37:29.096+0700] {processor.py:161} INFO - Started process (PID=77868) to work on /Library/Frameworks/Python.framework/Versions/3.10/lib/python3.10/site-packages/airflow/example_dags/example_python_decorator.py
[2024-05-06T09:37:29.097+0700] {processor.py:830} INFO - Processing file /Library/Frameworks/Python.framework/Versions/3.10/lib/python3.10/site-packages/airflow/example_dags/example_python_decorator.py for tasks to queue
[2024-05-06T09:37:29.098+0700] {logging_mixin.py:188} INFO - [2024-05-06T09:37:29.097+0700] {dagbag.py:540} INFO - Filling up the DagBag from /Library/Frameworks/Python.framework/Versions/3.10/lib/python3.10/site-packages/airflow/example_dags/example_python_decorator.py
[2024-05-06T09:37:29.122+0700] {processor.py:840} INFO - DAG(s) 'example_python_decorator' retrieved from /Library/Frameworks/Python.framework/Versions/3.10/lib/python3.10/site-packages/airflow/example_dags/example_python_decorator.py
[2024-05-06T09:37:29.266+0700] {logging_mixin.py:188} INFO - [2024-05-06T09:37:29.266+0700] {dag.py:3096} INFO - Sync 1 DAGs
[2024-05-06T09:37:29.271+0700] {logging_mixin.py:188} INFO - [2024-05-06T09:37:29.271+0700] {dag.py:3954} INFO - Setting next_dagrun for example_python_decorator to None, run_after=None
[2024-05-06T09:37:29.283+0700] {processor.py:183} INFO - Processing /Library/Frameworks/Python.framework/Versions/3.10/lib/python3.10/site-packages/airflow/example_dags/example_python_decorator.py took 0.188 seconds
[2024-05-06T09:54:31.728+0700] {processor.py:161} INFO - Started process (PID=78363) to work on /Library/Frameworks/Python.framework/Versions/3.10/lib/python3.10/site-packages/airflow/example_dags/example_python_decorator.py
[2024-05-06T09:54:31.729+0700] {processor.py:830} INFO - Processing file /Library/Frameworks/Python.framework/Versions/3.10/lib/python3.10/site-packages/airflow/example_dags/example_python_decorator.py for tasks to queue
[2024-05-06T09:54:31.730+0700] {logging_mixin.py:188} INFO - [2024-05-06T09:54:31.730+0700] {dagbag.py:540} INFO - Filling up the DagBag from /Library/Frameworks/Python.framework/Versions/3.10/lib/python3.10/site-packages/airflow/example_dags/example_python_decorator.py
[2024-05-06T09:54:31.754+0700] {processor.py:840} INFO - DAG(s) 'example_python_decorator' retrieved from /Library/Frameworks/Python.framework/Versions/3.10/lib/python3.10/site-packages/airflow/example_dags/example_python_decorator.py
[2024-05-06T09:54:31.898+0700] {logging_mixin.py:188} INFO - [2024-05-06T09:54:31.897+0700] {dag.py:3096} INFO - Sync 1 DAGs
[2024-05-06T09:54:31.903+0700] {logging_mixin.py:188} INFO - [2024-05-06T09:54:31.902+0700] {dag.py:3954} INFO - Setting next_dagrun for example_python_decorator to None, run_after=None
[2024-05-06T09:54:31.914+0700] {processor.py:183} INFO - Processing /Library/Frameworks/Python.framework/Versions/3.10/lib/python3.10/site-packages/airflow/example_dags/example_python_decorator.py took 0.188 seconds
[2024-05-06T10:14:00.291+0700] {processor.py:161} INFO - Started process (PID=79112) to work on /Library/Frameworks/Python.framework/Versions/3.10/lib/python3.10/site-packages/airflow/example_dags/example_python_decorator.py
[2024-05-06T10:14:00.292+0700] {processor.py:830} INFO - Processing file /Library/Frameworks/Python.framework/Versions/3.10/lib/python3.10/site-packages/airflow/example_dags/example_python_decorator.py for tasks to queue
[2024-05-06T10:14:00.292+0700] {logging_mixin.py:188} INFO - [2024-05-06T10:14:00.292+0700] {dagbag.py:540} INFO - Filling up the DagBag from /Library/Frameworks/Python.framework/Versions/3.10/lib/python3.10/site-packages/airflow/example_dags/example_python_decorator.py
[2024-05-06T10:14:00.317+0700] {processor.py:840} INFO - DAG(s) 'example_python_decorator' retrieved from /Library/Frameworks/Python.framework/Versions/3.10/lib/python3.10/site-packages/airflow/example_dags/example_python_decorator.py
[2024-05-06T10:14:00.460+0700] {logging_mixin.py:188} INFO - [2024-05-06T10:14:00.460+0700] {dag.py:3096} INFO - Sync 1 DAGs
[2024-05-06T10:14:00.465+0700] {logging_mixin.py:188} INFO - [2024-05-06T10:14:00.465+0700] {dag.py:3954} INFO - Setting next_dagrun for example_python_decorator to None, run_after=None
[2024-05-06T10:14:00.479+0700] {processor.py:183} INFO - Processing /Library/Frameworks/Python.framework/Versions/3.10/lib/python3.10/site-packages/airflow/example_dags/example_python_decorator.py took 0.189 seconds
[2024-05-06T10:38:55.710+0700] {processor.py:161} INFO - Started process (PID=79852) to work on /Library/Frameworks/Python.framework/Versions/3.10/lib/python3.10/site-packages/airflow/example_dags/example_python_decorator.py
[2024-05-06T10:38:55.711+0700] {processor.py:830} INFO - Processing file /Library/Frameworks/Python.framework/Versions/3.10/lib/python3.10/site-packages/airflow/example_dags/example_python_decorator.py for tasks to queue
[2024-05-06T10:38:55.711+0700] {logging_mixin.py:188} INFO - [2024-05-06T10:38:55.711+0700] {dagbag.py:540} INFO - Filling up the DagBag from /Library/Frameworks/Python.framework/Versions/3.10/lib/python3.10/site-packages/airflow/example_dags/example_python_decorator.py
[2024-05-06T10:38:55.735+0700] {processor.py:840} INFO - DAG(s) 'example_python_decorator' retrieved from /Library/Frameworks/Python.framework/Versions/3.10/lib/python3.10/site-packages/airflow/example_dags/example_python_decorator.py
[2024-05-06T10:38:55.880+0700] {logging_mixin.py:188} INFO - [2024-05-06T10:38:55.880+0700] {dag.py:3096} INFO - Sync 1 DAGs
[2024-05-06T10:38:55.885+0700] {logging_mixin.py:188} INFO - [2024-05-06T10:38:55.885+0700] {dag.py:3954} INFO - Setting next_dagrun for example_python_decorator to None, run_after=None
[2024-05-06T10:38:55.898+0700] {processor.py:183} INFO - Processing /Library/Frameworks/Python.framework/Versions/3.10/lib/python3.10/site-packages/airflow/example_dags/example_python_decorator.py took 0.189 seconds
[2024-05-06T10:58:57.876+0700] {processor.py:161} INFO - Started process (PID=80707) to work on /Library/Frameworks/Python.framework/Versions/3.10/lib/python3.10/site-packages/airflow/example_dags/example_python_decorator.py
[2024-05-06T10:58:57.877+0700] {processor.py:830} INFO - Processing file /Library/Frameworks/Python.framework/Versions/3.10/lib/python3.10/site-packages/airflow/example_dags/example_python_decorator.py for tasks to queue
[2024-05-06T10:58:57.878+0700] {logging_mixin.py:188} INFO - [2024-05-06T10:58:57.877+0700] {dagbag.py:540} INFO - Filling up the DagBag from /Library/Frameworks/Python.framework/Versions/3.10/lib/python3.10/site-packages/airflow/example_dags/example_python_decorator.py
[2024-05-06T10:58:57.902+0700] {processor.py:840} INFO - DAG(s) 'example_python_decorator' retrieved from /Library/Frameworks/Python.framework/Versions/3.10/lib/python3.10/site-packages/airflow/example_dags/example_python_decorator.py
[2024-05-06T10:58:58.046+0700] {logging_mixin.py:188} INFO - [2024-05-06T10:58:58.046+0700] {dag.py:3096} INFO - Sync 1 DAGs
[2024-05-06T10:58:58.051+0700] {logging_mixin.py:188} INFO - [2024-05-06T10:58:58.051+0700] {dag.py:3954} INFO - Setting next_dagrun for example_python_decorator to None, run_after=None
[2024-05-06T10:58:58.063+0700] {processor.py:183} INFO - Processing /Library/Frameworks/Python.framework/Versions/3.10/lib/python3.10/site-packages/airflow/example_dags/example_python_decorator.py took 0.189 seconds
[2024-05-06T11:01:37.956+0700] {processor.py:161} INFO - Started process (PID=81449) to work on /Library/Frameworks/Python.framework/Versions/3.10/lib/python3.10/site-packages/airflow/example_dags/example_python_decorator.py
[2024-05-06T11:01:37.957+0700] {processor.py:830} INFO - Processing file /Library/Frameworks/Python.framework/Versions/3.10/lib/python3.10/site-packages/airflow/example_dags/example_python_decorator.py for tasks to queue
[2024-05-06T11:01:37.957+0700] {logging_mixin.py:188} INFO - [2024-05-06T11:01:37.957+0700] {dagbag.py:540} INFO - Filling up the DagBag from /Library/Frameworks/Python.framework/Versions/3.10/lib/python3.10/site-packages/airflow/example_dags/example_python_decorator.py
[2024-05-06T11:01:37.983+0700] {processor.py:840} INFO - DAG(s) 'example_python_decorator' retrieved from /Library/Frameworks/Python.framework/Versions/3.10/lib/python3.10/site-packages/airflow/example_dags/example_python_decorator.py
[2024-05-06T11:01:38.132+0700] {logging_mixin.py:188} INFO - [2024-05-06T11:01:38.132+0700] {dag.py:3096} INFO - Sync 1 DAGs
[2024-05-06T11:01:38.137+0700] {logging_mixin.py:188} INFO - [2024-05-06T11:01:38.137+0700] {dag.py:3954} INFO - Setting next_dagrun for example_python_decorator to None, run_after=None
[2024-05-06T11:01:38.150+0700] {processor.py:183} INFO - Processing /Library/Frameworks/Python.framework/Versions/3.10/lib/python3.10/site-packages/airflow/example_dags/example_python_decorator.py took 0.195 seconds
[2024-05-06T20:12:43.020+0700] {processor.py:161} INFO - Started process (PID=874) to work on /opt/homebrew/Caskroom/miniconda/base/lib/python3.11/site-packages/airflow/example_dags/example_python_decorator.py
[2024-05-06T20:12:43.021+0700] {processor.py:830} INFO - Processing file /opt/homebrew/Caskroom/miniconda/base/lib/python3.11/site-packages/airflow/example_dags/example_python_decorator.py for tasks to queue
[2024-05-06T20:12:43.021+0700] {logging_mixin.py:188} INFO - [2024-05-06T20:12:43.021+0700] {dagbag.py:540} INFO - Filling up the DagBag from /opt/homebrew/Caskroom/miniconda/base/lib/python3.11/site-packages/airflow/example_dags/example_python_decorator.py
[2024-05-06T20:12:43.047+0700] {processor.py:840} INFO - DAG(s) 'example_python_decorator' retrieved from /opt/homebrew/Caskroom/miniconda/base/lib/python3.11/site-packages/airflow/example_dags/example_python_decorator.py
[2024-05-06T20:12:43.194+0700] {logging_mixin.py:188} INFO - [2024-05-06T20:12:43.194+0700] {dag.py:3096} INFO - Sync 1 DAGs
[2024-05-06T20:12:43.199+0700] {logging_mixin.py:188} INFO - [2024-05-06T20:12:43.199+0700] {dag.py:3954} INFO - Setting next_dagrun for example_python_decorator to None, run_after=None
[2024-05-06T20:12:43.209+0700] {processor.py:183} INFO - Processing /opt/homebrew/Caskroom/miniconda/base/lib/python3.11/site-packages/airflow/example_dags/example_python_decorator.py took 0.191 seconds
[2024-05-06T20:14:43.141+0700] {processor.py:161} INFO - Started process (PID=1570) to work on /opt/homebrew/Caskroom/miniconda/base/lib/python3.11/site-packages/airflow/example_dags/example_python_decorator.py
[2024-05-06T20:14:43.142+0700] {processor.py:830} INFO - Processing file /opt/homebrew/Caskroom/miniconda/base/lib/python3.11/site-packages/airflow/example_dags/example_python_decorator.py for tasks to queue
[2024-05-06T20:14:43.143+0700] {logging_mixin.py:188} INFO - [2024-05-06T20:14:43.143+0700] {dagbag.py:540} INFO - Filling up the DagBag from /opt/homebrew/Caskroom/miniconda/base/lib/python3.11/site-packages/airflow/example_dags/example_python_decorator.py
[2024-05-06T20:14:43.172+0700] {processor.py:840} INFO - DAG(s) 'example_python_decorator' retrieved from /opt/homebrew/Caskroom/miniconda/base/lib/python3.11/site-packages/airflow/example_dags/example_python_decorator.py
[2024-05-06T20:14:43.352+0700] {logging_mixin.py:188} INFO - [2024-05-06T20:14:43.352+0700] {dag.py:3096} INFO - Sync 1 DAGs
[2024-05-06T20:14:43.357+0700] {logging_mixin.py:188} INFO - [2024-05-06T20:14:43.357+0700] {dag.py:3954} INFO - Setting next_dagrun for example_python_decorator to None, run_after=None
[2024-05-06T20:14:43.368+0700] {processor.py:183} INFO - Processing /opt/homebrew/Caskroom/miniconda/base/lib/python3.11/site-packages/airflow/example_dags/example_python_decorator.py took 0.229 seconds
[2024-05-06T20:16:43.413+0700] {processor.py:161} INFO - Started process (PID=2203) to work on /opt/homebrew/Caskroom/miniconda/base/lib/python3.11/site-packages/airflow/example_dags/example_python_decorator.py
[2024-05-06T20:16:43.415+0700] {processor.py:830} INFO - Processing file /opt/homebrew/Caskroom/miniconda/base/lib/python3.11/site-packages/airflow/example_dags/example_python_decorator.py for tasks to queue
[2024-05-06T20:16:43.416+0700] {logging_mixin.py:188} INFO - [2024-05-06T20:16:43.416+0700] {dagbag.py:540} INFO - Filling up the DagBag from /opt/homebrew/Caskroom/miniconda/base/lib/python3.11/site-packages/airflow/example_dags/example_python_decorator.py
[2024-05-06T20:16:43.474+0700] {processor.py:840} INFO - DAG(s) 'example_python_decorator' retrieved from /opt/homebrew/Caskroom/miniconda/base/lib/python3.11/site-packages/airflow/example_dags/example_python_decorator.py
[2024-05-06T20:16:43.838+0700] {logging_mixin.py:188} INFO - [2024-05-06T20:16:43.837+0700] {dag.py:3096} INFO - Sync 1 DAGs
[2024-05-06T20:16:43.849+0700] {logging_mixin.py:188} INFO - [2024-05-06T20:16:43.848+0700] {dag.py:3954} INFO - Setting next_dagrun for example_python_decorator to None, run_after=None
[2024-05-06T20:16:43.866+0700] {processor.py:183} INFO - Processing /opt/homebrew/Caskroom/miniconda/base/lib/python3.11/site-packages/airflow/example_dags/example_python_decorator.py took 0.460 seconds
[2024-05-06T20:19:45.017+0700] {processor.py:161} INFO - Started process (PID=3127) to work on /opt/homebrew/Caskroom/miniconda/base/lib/python3.11/site-packages/airflow/example_dags/example_python_decorator.py
[2024-05-06T20:19:45.018+0700] {processor.py:830} INFO - Processing file /opt/homebrew/Caskroom/miniconda/base/lib/python3.11/site-packages/airflow/example_dags/example_python_decorator.py for tasks to queue
[2024-05-06T20:19:45.018+0700] {logging_mixin.py:188} INFO - [2024-05-06T20:19:45.018+0700] {dagbag.py:540} INFO - Filling up the DagBag from /opt/homebrew/Caskroom/miniconda/base/lib/python3.11/site-packages/airflow/example_dags/example_python_decorator.py
[2024-05-06T20:19:45.046+0700] {processor.py:840} INFO - DAG(s) 'example_python_decorator' retrieved from /opt/homebrew/Caskroom/miniconda/base/lib/python3.11/site-packages/airflow/example_dags/example_python_decorator.py
[2024-05-06T20:19:45.197+0700] {logging_mixin.py:188} INFO - [2024-05-06T20:19:45.197+0700] {dag.py:3096} INFO - Sync 1 DAGs
[2024-05-06T20:19:45.202+0700] {logging_mixin.py:188} INFO - [2024-05-06T20:19:45.202+0700] {dag.py:3954} INFO - Setting next_dagrun for example_python_decorator to None, run_after=None
[2024-05-06T20:19:45.214+0700] {processor.py:183} INFO - Processing /opt/homebrew/Caskroom/miniconda/base/lib/python3.11/site-packages/airflow/example_dags/example_python_decorator.py took 0.199 seconds
[2024-05-06T20:22:35.785+0700] {processor.py:161} INFO - Started process (PID=4079) to work on /opt/homebrew/Caskroom/miniconda/base/lib/python3.11/site-packages/airflow/example_dags/example_python_decorator.py
[2024-05-06T20:22:35.786+0700] {processor.py:830} INFO - Processing file /opt/homebrew/Caskroom/miniconda/base/lib/python3.11/site-packages/airflow/example_dags/example_python_decorator.py for tasks to queue
[2024-05-06T20:22:35.787+0700] {logging_mixin.py:188} INFO - [2024-05-06T20:22:35.787+0700] {dagbag.py:540} INFO - Filling up the DagBag from /opt/homebrew/Caskroom/miniconda/base/lib/python3.11/site-packages/airflow/example_dags/example_python_decorator.py
[2024-05-06T20:22:35.819+0700] {processor.py:840} INFO - DAG(s) 'example_python_decorator' retrieved from /opt/homebrew/Caskroom/miniconda/base/lib/python3.11/site-packages/airflow/example_dags/example_python_decorator.py
[2024-05-06T20:22:35.969+0700] {logging_mixin.py:188} INFO - [2024-05-06T20:22:35.968+0700] {dag.py:3096} INFO - Sync 1 DAGs
[2024-05-06T20:22:35.974+0700] {logging_mixin.py:188} INFO - [2024-05-06T20:22:35.974+0700] {dag.py:3954} INFO - Setting next_dagrun for example_python_decorator to None, run_after=None
[2024-05-06T20:22:35.986+0700] {processor.py:183} INFO - Processing /opt/homebrew/Caskroom/miniconda/base/lib/python3.11/site-packages/airflow/example_dags/example_python_decorator.py took 0.203 seconds
[2024-05-06T20:25:29.182+0700] {processor.py:161} INFO - Started process (PID=4967) to work on /opt/homebrew/Caskroom/miniconda/base/lib/python3.11/site-packages/airflow/example_dags/example_python_decorator.py
[2024-05-06T20:25:29.183+0700] {processor.py:830} INFO - Processing file /opt/homebrew/Caskroom/miniconda/base/lib/python3.11/site-packages/airflow/example_dags/example_python_decorator.py for tasks to queue
[2024-05-06T20:25:29.183+0700] {logging_mixin.py:188} INFO - [2024-05-06T20:25:29.183+0700] {dagbag.py:540} INFO - Filling up the DagBag from /opt/homebrew/Caskroom/miniconda/base/lib/python3.11/site-packages/airflow/example_dags/example_python_decorator.py
[2024-05-06T20:25:29.209+0700] {processor.py:840} INFO - DAG(s) 'example_python_decorator' retrieved from /opt/homebrew/Caskroom/miniconda/base/lib/python3.11/site-packages/airflow/example_dags/example_python_decorator.py
[2024-05-06T20:25:29.366+0700] {logging_mixin.py:188} INFO - [2024-05-06T20:25:29.366+0700] {dag.py:3096} INFO - Sync 1 DAGs
[2024-05-06T20:25:29.372+0700] {logging_mixin.py:188} INFO - [2024-05-06T20:25:29.372+0700] {dag.py:3954} INFO - Setting next_dagrun for example_python_decorator to None, run_after=None
[2024-05-06T20:25:29.384+0700] {processor.py:183} INFO - Processing /opt/homebrew/Caskroom/miniconda/base/lib/python3.11/site-packages/airflow/example_dags/example_python_decorator.py took 0.204 seconds
[2024-05-06T20:30:33.100+0700] {processor.py:161} INFO - Started process (PID=6552) to work on /opt/homebrew/Caskroom/miniconda/base/lib/python3.11/site-packages/airflow/example_dags/example_python_decorator.py
[2024-05-06T20:30:33.100+0700] {processor.py:830} INFO - Processing file /opt/homebrew/Caskroom/miniconda/base/lib/python3.11/site-packages/airflow/example_dags/example_python_decorator.py for tasks to queue
[2024-05-06T20:30:33.101+0700] {logging_mixin.py:188} INFO - [2024-05-06T20:30:33.101+0700] {dagbag.py:540} INFO - Filling up the DagBag from /opt/homebrew/Caskroom/miniconda/base/lib/python3.11/site-packages/airflow/example_dags/example_python_decorator.py
[2024-05-06T20:30:33.126+0700] {processor.py:840} INFO - DAG(s) 'example_python_decorator' retrieved from /opt/homebrew/Caskroom/miniconda/base/lib/python3.11/site-packages/airflow/example_dags/example_python_decorator.py
[2024-05-06T20:30:33.270+0700] {logging_mixin.py:188} INFO - [2024-05-06T20:30:33.270+0700] {dag.py:3096} INFO - Sync 1 DAGs
[2024-05-06T20:30:33.275+0700] {logging_mixin.py:188} INFO - [2024-05-06T20:30:33.275+0700] {dag.py:3954} INFO - Setting next_dagrun for example_python_decorator to None, run_after=None
[2024-05-06T20:30:33.286+0700] {processor.py:183} INFO - Processing /opt/homebrew/Caskroom/miniconda/base/lib/python3.11/site-packages/airflow/example_dags/example_python_decorator.py took 0.189 seconds
[2024-05-06T20:33:22.242+0700] {processor.py:161} INFO - Started process (PID=7457) to work on /opt/homebrew/Caskroom/miniconda/base/lib/python3.11/site-packages/airflow/example_dags/example_python_decorator.py
[2024-05-06T20:33:22.243+0700] {processor.py:830} INFO - Processing file /opt/homebrew/Caskroom/miniconda/base/lib/python3.11/site-packages/airflow/example_dags/example_python_decorator.py for tasks to queue
[2024-05-06T20:33:22.243+0700] {logging_mixin.py:188} INFO - [2024-05-06T20:33:22.243+0700] {dagbag.py:540} INFO - Filling up the DagBag from /opt/homebrew/Caskroom/miniconda/base/lib/python3.11/site-packages/airflow/example_dags/example_python_decorator.py
[2024-05-06T20:33:22.269+0700] {processor.py:840} INFO - DAG(s) 'example_python_decorator' retrieved from /opt/homebrew/Caskroom/miniconda/base/lib/python3.11/site-packages/airflow/example_dags/example_python_decorator.py
[2024-05-06T20:33:22.420+0700] {logging_mixin.py:188} INFO - [2024-05-06T20:33:22.419+0700] {dag.py:3096} INFO - Sync 1 DAGs
[2024-05-06T20:33:22.425+0700] {logging_mixin.py:188} INFO - [2024-05-06T20:33:22.425+0700] {dag.py:3954} INFO - Setting next_dagrun for example_python_decorator to None, run_after=None
[2024-05-06T20:33:22.435+0700] {processor.py:183} INFO - Processing /opt/homebrew/Caskroom/miniconda/base/lib/python3.11/site-packages/airflow/example_dags/example_python_decorator.py took 0.195 seconds
