[2024-05-06T07:13:05.898+0700] {processor.py:161} INFO - Started process (PID=72275) to work on /Library/Frameworks/Python.framework/Versions/3.10/lib/python3.10/site-packages/airflow/example_dags/example_xcomargs.py
[2024-05-06T07:13:05.898+0700] {processor.py:830} INFO - Processing file /Library/Frameworks/Python.framework/Versions/3.10/lib/python3.10/site-packages/airflow/example_dags/example_xcomargs.py for tasks to queue
[2024-05-06T07:13:05.899+0700] {logging_mixin.py:188} INFO - [2024-05-06T07:13:05.899+0700] {dagbag.py:540} INFO - Filling up the DagBag from /Library/Frameworks/Python.framework/Versions/3.10/lib/python3.10/site-packages/airflow/example_dags/example_xcomargs.py
[2024-05-06T07:13:05.932+0700] {processor.py:840} INFO - DAG(s) 'example_xcom_args_with_operators', 'example_xcom_args' retrieved from /Library/Frameworks/Python.framework/Versions/3.10/lib/python3.10/site-packages/airflow/example_dags/example_xcomargs.py
[2024-05-06T07:13:06.036+0700] {logging_mixin.py:188} INFO - [2024-05-06T07:13:06.035+0700] {dag.py:3096} INFO - Sync 2 DAGs
[2024-05-06T07:13:06.042+0700] {logging_mixin.py:188} INFO - [2024-05-06T07:13:06.042+0700] {dag.py:3954} INFO - Setting next_dagrun for example_xcom_args to None, run_after=None
[2024-05-06T07:13:06.044+0700] {logging_mixin.py:188} INFO - [2024-05-06T07:13:06.044+0700] {dag.py:3954} INFO - Setting next_dagrun for example_xcom_args_with_operators to None, run_after=None
[2024-05-06T07:13:06.055+0700] {processor.py:183} INFO - Processing /Library/Frameworks/Python.framework/Versions/3.10/lib/python3.10/site-packages/airflow/example_dags/example_xcomargs.py took 0.160 seconds
[2024-05-06T07:32:30.580+0700] {processor.py:161} INFO - Started process (PID=72805) to work on /Library/Frameworks/Python.framework/Versions/3.10/lib/python3.10/site-packages/airflow/example_dags/example_xcomargs.py
[2024-05-06T07:32:30.580+0700] {processor.py:830} INFO - Processing file /Library/Frameworks/Python.framework/Versions/3.10/lib/python3.10/site-packages/airflow/example_dags/example_xcomargs.py for tasks to queue
[2024-05-06T07:32:30.581+0700] {logging_mixin.py:188} INFO - [2024-05-06T07:32:30.581+0700] {dagbag.py:540} INFO - Filling up the DagBag from /Library/Frameworks/Python.framework/Versions/3.10/lib/python3.10/site-packages/airflow/example_dags/example_xcomargs.py
[2024-05-06T07:32:30.603+0700] {processor.py:840} INFO - DAG(s) 'example_xcom_args', 'example_xcom_args_with_operators' retrieved from /Library/Frameworks/Python.framework/Versions/3.10/lib/python3.10/site-packages/airflow/example_dags/example_xcomargs.py
[2024-05-06T07:32:30.697+0700] {logging_mixin.py:188} INFO - [2024-05-06T07:32:30.697+0700] {dag.py:3096} INFO - Sync 2 DAGs
[2024-05-06T07:32:30.703+0700] {logging_mixin.py:188} INFO - [2024-05-06T07:32:30.703+0700] {dag.py:3954} INFO - Setting next_dagrun for example_xcom_args to None, run_after=None
[2024-05-06T07:32:30.705+0700] {logging_mixin.py:188} INFO - [2024-05-06T07:32:30.704+0700] {dag.py:3954} INFO - Setting next_dagrun for example_xcom_args_with_operators to None, run_after=None
[2024-05-06T07:32:30.714+0700] {processor.py:183} INFO - Processing /Library/Frameworks/Python.framework/Versions/3.10/lib/python3.10/site-packages/airflow/example_dags/example_xcomargs.py took 0.136 seconds
[2024-05-06T07:33:47.247+0700] {processor.py:161} INFO - Started process (PID=73217) to work on /Library/Frameworks/Python.framework/Versions/3.10/lib/python3.10/site-packages/airflow/example_dags/example_xcomargs.py
[2024-05-06T07:33:47.248+0700] {processor.py:830} INFO - Processing file /Library/Frameworks/Python.framework/Versions/3.10/lib/python3.10/site-packages/airflow/example_dags/example_xcomargs.py for tasks to queue
[2024-05-06T07:33:47.248+0700] {logging_mixin.py:188} INFO - [2024-05-06T07:33:47.248+0700] {dagbag.py:540} INFO - Filling up the DagBag from /Library/Frameworks/Python.framework/Versions/3.10/lib/python3.10/site-packages/airflow/example_dags/example_xcomargs.py
[2024-05-06T07:33:47.271+0700] {processor.py:840} INFO - DAG(s) 'example_xcom_args', 'example_xcom_args_with_operators' retrieved from /Library/Frameworks/Python.framework/Versions/3.10/lib/python3.10/site-packages/airflow/example_dags/example_xcomargs.py
[2024-05-06T07:33:47.366+0700] {logging_mixin.py:188} INFO - [2024-05-06T07:33:47.365+0700] {dag.py:3096} INFO - Sync 2 DAGs
[2024-05-06T07:33:47.372+0700] {logging_mixin.py:188} INFO - [2024-05-06T07:33:47.372+0700] {dag.py:3954} INFO - Setting next_dagrun for example_xcom_args to None, run_after=None
[2024-05-06T07:33:47.373+0700] {logging_mixin.py:188} INFO - [2024-05-06T07:33:47.373+0700] {dag.py:3954} INFO - Setting next_dagrun for example_xcom_args_with_operators to None, run_after=None
[2024-05-06T07:33:47.384+0700] {processor.py:183} INFO - Processing /Library/Frameworks/Python.framework/Versions/3.10/lib/python3.10/site-packages/airflow/example_dags/example_xcomargs.py took 0.139 seconds
[2024-05-06T07:35:03.201+0700] {processor.py:161} INFO - Started process (PID=73609) to work on /Library/Frameworks/Python.framework/Versions/3.10/lib/python3.10/site-packages/airflow/example_dags/example_xcomargs.py
[2024-05-06T07:35:03.205+0700] {processor.py:830} INFO - Processing file /Library/Frameworks/Python.framework/Versions/3.10/lib/python3.10/site-packages/airflow/example_dags/example_xcomargs.py for tasks to queue
[2024-05-06T07:35:03.206+0700] {logging_mixin.py:188} INFO - [2024-05-06T07:35:03.206+0700] {dagbag.py:540} INFO - Filling up the DagBag from /Library/Frameworks/Python.framework/Versions/3.10/lib/python3.10/site-packages/airflow/example_dags/example_xcomargs.py
[2024-05-06T07:35:03.230+0700] {processor.py:840} INFO - DAG(s) 'example_xcom_args', 'example_xcom_args_with_operators' retrieved from /Library/Frameworks/Python.framework/Versions/3.10/lib/python3.10/site-packages/airflow/example_dags/example_xcomargs.py
[2024-05-06T07:35:03.325+0700] {logging_mixin.py:188} INFO - [2024-05-06T07:35:03.324+0700] {dag.py:3096} INFO - Sync 2 DAGs
[2024-05-06T07:35:03.330+0700] {logging_mixin.py:188} INFO - [2024-05-06T07:35:03.330+0700] {dag.py:3954} INFO - Setting next_dagrun for example_xcom_args to None, run_after=None
[2024-05-06T07:35:03.332+0700] {logging_mixin.py:188} INFO - [2024-05-06T07:35:03.332+0700] {dag.py:3954} INFO - Setting next_dagrun for example_xcom_args_with_operators to None, run_after=None
[2024-05-06T07:35:03.341+0700] {processor.py:183} INFO - Processing /Library/Frameworks/Python.framework/Versions/3.10/lib/python3.10/site-packages/airflow/example_dags/example_xcomargs.py took 0.142 seconds
[2024-05-06T07:36:20.107+0700] {processor.py:161} INFO - Started process (PID=73955) to work on /Library/Frameworks/Python.framework/Versions/3.10/lib/python3.10/site-packages/airflow/example_dags/example_xcomargs.py
[2024-05-06T07:36:20.107+0700] {processor.py:830} INFO - Processing file /Library/Frameworks/Python.framework/Versions/3.10/lib/python3.10/site-packages/airflow/example_dags/example_xcomargs.py for tasks to queue
[2024-05-06T07:36:20.108+0700] {logging_mixin.py:188} INFO - [2024-05-06T07:36:20.108+0700] {dagbag.py:540} INFO - Filling up the DagBag from /Library/Frameworks/Python.framework/Versions/3.10/lib/python3.10/site-packages/airflow/example_dags/example_xcomargs.py
[2024-05-06T07:36:20.131+0700] {processor.py:840} INFO - DAG(s) 'example_xcom_args_with_operators', 'example_xcom_args' retrieved from /Library/Frameworks/Python.framework/Versions/3.10/lib/python3.10/site-packages/airflow/example_dags/example_xcomargs.py
[2024-05-06T07:36:20.224+0700] {logging_mixin.py:188} INFO - [2024-05-06T07:36:20.224+0700] {dag.py:3096} INFO - Sync 2 DAGs
[2024-05-06T07:36:20.230+0700] {logging_mixin.py:188} INFO - [2024-05-06T07:36:20.230+0700] {dag.py:3954} INFO - Setting next_dagrun for example_xcom_args to None, run_after=None
[2024-05-06T07:36:20.232+0700] {logging_mixin.py:188} INFO - [2024-05-06T07:36:20.232+0700] {dag.py:3954} INFO - Setting next_dagrun for example_xcom_args_with_operators to None, run_after=None
[2024-05-06T07:36:20.242+0700] {processor.py:183} INFO - Processing /Library/Frameworks/Python.framework/Versions/3.10/lib/python3.10/site-packages/airflow/example_dags/example_xcomargs.py took 0.137 seconds
[2024-05-06T07:37:38.018+0700] {processor.py:161} INFO - Started process (PID=74317) to work on /Library/Frameworks/Python.framework/Versions/3.10/lib/python3.10/site-packages/airflow/example_dags/example_xcomargs.py
[2024-05-06T07:37:38.019+0700] {processor.py:830} INFO - Processing file /Library/Frameworks/Python.framework/Versions/3.10/lib/python3.10/site-packages/airflow/example_dags/example_xcomargs.py for tasks to queue
[2024-05-06T07:37:38.019+0700] {logging_mixin.py:188} INFO - [2024-05-06T07:37:38.019+0700] {dagbag.py:540} INFO - Filling up the DagBag from /Library/Frameworks/Python.framework/Versions/3.10/lib/python3.10/site-packages/airflow/example_dags/example_xcomargs.py
[2024-05-06T07:37:38.041+0700] {processor.py:840} INFO - DAG(s) 'example_xcom_args', 'example_xcom_args_with_operators' retrieved from /Library/Frameworks/Python.framework/Versions/3.10/lib/python3.10/site-packages/airflow/example_dags/example_xcomargs.py
[2024-05-06T07:37:38.134+0700] {logging_mixin.py:188} INFO - [2024-05-06T07:37:38.134+0700] {dag.py:3096} INFO - Sync 2 DAGs
[2024-05-06T07:37:38.140+0700] {logging_mixin.py:188} INFO - [2024-05-06T07:37:38.139+0700] {dag.py:3954} INFO - Setting next_dagrun for example_xcom_args to None, run_after=None
[2024-05-06T07:37:38.141+0700] {logging_mixin.py:188} INFO - [2024-05-06T07:37:38.141+0700] {dag.py:3954} INFO - Setting next_dagrun for example_xcom_args_with_operators to None, run_after=None
[2024-05-06T07:37:38.151+0700] {processor.py:183} INFO - Processing /Library/Frameworks/Python.framework/Versions/3.10/lib/python3.10/site-packages/airflow/example_dags/example_xcomargs.py took 0.135 seconds
[2024-05-06T07:38:55.199+0700] {processor.py:161} INFO - Started process (PID=74667) to work on /Library/Frameworks/Python.framework/Versions/3.10/lib/python3.10/site-packages/airflow/example_dags/example_xcomargs.py
[2024-05-06T07:38:55.201+0700] {processor.py:830} INFO - Processing file /Library/Frameworks/Python.framework/Versions/3.10/lib/python3.10/site-packages/airflow/example_dags/example_xcomargs.py for tasks to queue
[2024-05-06T07:38:55.201+0700] {logging_mixin.py:188} INFO - [2024-05-06T07:38:55.201+0700] {dagbag.py:540} INFO - Filling up the DagBag from /Library/Frameworks/Python.framework/Versions/3.10/lib/python3.10/site-packages/airflow/example_dags/example_xcomargs.py
[2024-05-06T07:38:55.224+0700] {processor.py:840} INFO - DAG(s) 'example_xcom_args_with_operators', 'example_xcom_args' retrieved from /Library/Frameworks/Python.framework/Versions/3.10/lib/python3.10/site-packages/airflow/example_dags/example_xcomargs.py
[2024-05-06T07:38:55.316+0700] {logging_mixin.py:188} INFO - [2024-05-06T07:38:55.316+0700] {dag.py:3096} INFO - Sync 2 DAGs
[2024-05-06T07:38:55.322+0700] {logging_mixin.py:188} INFO - [2024-05-06T07:38:55.322+0700] {dag.py:3954} INFO - Setting next_dagrun for example_xcom_args to None, run_after=None
[2024-05-06T07:38:55.324+0700] {logging_mixin.py:188} INFO - [2024-05-06T07:38:55.324+0700] {dag.py:3954} INFO - Setting next_dagrun for example_xcom_args_with_operators to None, run_after=None
[2024-05-06T07:38:55.333+0700] {processor.py:183} INFO - Processing /Library/Frameworks/Python.framework/Versions/3.10/lib/python3.10/site-packages/airflow/example_dags/example_xcomargs.py took 0.136 seconds
[2024-05-06T07:40:12.350+0700] {processor.py:161} INFO - Started process (PID=75022) to work on /Library/Frameworks/Python.framework/Versions/3.10/lib/python3.10/site-packages/airflow/example_dags/example_xcomargs.py
[2024-05-06T07:40:12.351+0700] {processor.py:830} INFO - Processing file /Library/Frameworks/Python.framework/Versions/3.10/lib/python3.10/site-packages/airflow/example_dags/example_xcomargs.py for tasks to queue
[2024-05-06T07:40:12.352+0700] {logging_mixin.py:188} INFO - [2024-05-06T07:40:12.351+0700] {dagbag.py:540} INFO - Filling up the DagBag from /Library/Frameworks/Python.framework/Versions/3.10/lib/python3.10/site-packages/airflow/example_dags/example_xcomargs.py
[2024-05-06T07:40:12.374+0700] {processor.py:840} INFO - DAG(s) 'example_xcom_args', 'example_xcom_args_with_operators' retrieved from /Library/Frameworks/Python.framework/Versions/3.10/lib/python3.10/site-packages/airflow/example_dags/example_xcomargs.py
[2024-05-06T07:40:12.470+0700] {logging_mixin.py:188} INFO - [2024-05-06T07:40:12.470+0700] {dag.py:3096} INFO - Sync 2 DAGs
[2024-05-06T07:40:12.476+0700] {logging_mixin.py:188} INFO - [2024-05-06T07:40:12.476+0700] {dag.py:3954} INFO - Setting next_dagrun for example_xcom_args to None, run_after=None
[2024-05-06T07:40:12.478+0700] {logging_mixin.py:188} INFO - [2024-05-06T07:40:12.478+0700] {dag.py:3954} INFO - Setting next_dagrun for example_xcom_args_with_operators to None, run_after=None
[2024-05-06T07:40:12.489+0700] {processor.py:183} INFO - Processing /Library/Frameworks/Python.framework/Versions/3.10/lib/python3.10/site-packages/airflow/example_dags/example_xcomargs.py took 0.140 seconds
[2024-05-06T07:57:59.067+0700] {processor.py:161} INFO - Started process (PID=75394) to work on /Library/Frameworks/Python.framework/Versions/3.10/lib/python3.10/site-packages/airflow/example_dags/example_xcomargs.py
[2024-05-06T07:57:59.068+0700] {processor.py:830} INFO - Processing file /Library/Frameworks/Python.framework/Versions/3.10/lib/python3.10/site-packages/airflow/example_dags/example_xcomargs.py for tasks to queue
[2024-05-06T07:57:59.068+0700] {logging_mixin.py:188} INFO - [2024-05-06T07:57:59.068+0700] {dagbag.py:540} INFO - Filling up the DagBag from /Library/Frameworks/Python.framework/Versions/3.10/lib/python3.10/site-packages/airflow/example_dags/example_xcomargs.py
[2024-05-06T07:57:59.090+0700] {processor.py:840} INFO - DAG(s) 'example_xcom_args', 'example_xcom_args_with_operators' retrieved from /Library/Frameworks/Python.framework/Versions/3.10/lib/python3.10/site-packages/airflow/example_dags/example_xcomargs.py
[2024-05-06T07:57:59.186+0700] {logging_mixin.py:188} INFO - [2024-05-06T07:57:59.185+0700] {dag.py:3096} INFO - Sync 2 DAGs
[2024-05-06T07:57:59.192+0700] {logging_mixin.py:188} INFO - [2024-05-06T07:57:59.192+0700] {dag.py:3954} INFO - Setting next_dagrun for example_xcom_args to None, run_after=None
[2024-05-06T07:57:59.193+0700] {logging_mixin.py:188} INFO - [2024-05-06T07:57:59.193+0700] {dag.py:3954} INFO - Setting next_dagrun for example_xcom_args_with_operators to None, run_after=None
[2024-05-06T07:57:59.203+0700] {processor.py:183} INFO - Processing /Library/Frameworks/Python.framework/Versions/3.10/lib/python3.10/site-packages/airflow/example_dags/example_xcomargs.py took 0.138 seconds
[2024-05-06T08:15:19.134+0700] {processor.py:161} INFO - Started process (PID=75755) to work on /Library/Frameworks/Python.framework/Versions/3.10/lib/python3.10/site-packages/airflow/example_dags/example_xcomargs.py
[2024-05-06T08:15:19.136+0700] {processor.py:830} INFO - Processing file /Library/Frameworks/Python.framework/Versions/3.10/lib/python3.10/site-packages/airflow/example_dags/example_xcomargs.py for tasks to queue
[2024-05-06T08:15:19.136+0700] {logging_mixin.py:188} INFO - [2024-05-06T08:15:19.136+0700] {dagbag.py:540} INFO - Filling up the DagBag from /Library/Frameworks/Python.framework/Versions/3.10/lib/python3.10/site-packages/airflow/example_dags/example_xcomargs.py
[2024-05-06T08:15:19.158+0700] {processor.py:840} INFO - DAG(s) 'example_xcom_args_with_operators', 'example_xcom_args' retrieved from /Library/Frameworks/Python.framework/Versions/3.10/lib/python3.10/site-packages/airflow/example_dags/example_xcomargs.py
[2024-05-06T08:15:19.252+0700] {logging_mixin.py:188} INFO - [2024-05-06T08:15:19.252+0700] {dag.py:3096} INFO - Sync 2 DAGs
[2024-05-06T08:15:19.258+0700] {logging_mixin.py:188} INFO - [2024-05-06T08:15:19.258+0700] {dag.py:3954} INFO - Setting next_dagrun for example_xcom_args to None, run_after=None
[2024-05-06T08:15:19.260+0700] {logging_mixin.py:188} INFO - [2024-05-06T08:15:19.260+0700] {dag.py:3954} INFO - Setting next_dagrun for example_xcom_args_with_operators to None, run_after=None
[2024-05-06T08:15:19.269+0700] {processor.py:183} INFO - Processing /Library/Frameworks/Python.framework/Versions/3.10/lib/python3.10/site-packages/airflow/example_dags/example_xcomargs.py took 0.136 seconds
[2024-05-06T08:35:47.565+0700] {processor.py:161} INFO - Started process (PID=76195) to work on /Library/Frameworks/Python.framework/Versions/3.10/lib/python3.10/site-packages/airflow/example_dags/example_xcomargs.py
[2024-05-06T08:35:47.566+0700] {processor.py:830} INFO - Processing file /Library/Frameworks/Python.framework/Versions/3.10/lib/python3.10/site-packages/airflow/example_dags/example_xcomargs.py for tasks to queue
[2024-05-06T08:35:47.567+0700] {logging_mixin.py:188} INFO - [2024-05-06T08:35:47.567+0700] {dagbag.py:540} INFO - Filling up the DagBag from /Library/Frameworks/Python.framework/Versions/3.10/lib/python3.10/site-packages/airflow/example_dags/example_xcomargs.py
[2024-05-06T08:35:47.590+0700] {processor.py:840} INFO - DAG(s) 'example_xcom_args', 'example_xcom_args_with_operators' retrieved from /Library/Frameworks/Python.framework/Versions/3.10/lib/python3.10/site-packages/airflow/example_dags/example_xcomargs.py
[2024-05-06T08:35:47.684+0700] {logging_mixin.py:188} INFO - [2024-05-06T08:35:47.684+0700] {dag.py:3096} INFO - Sync 2 DAGs
[2024-05-06T08:35:47.690+0700] {logging_mixin.py:188} INFO - [2024-05-06T08:35:47.690+0700] {dag.py:3954} INFO - Setting next_dagrun for example_xcom_args to None, run_after=None
[2024-05-06T08:35:47.692+0700] {logging_mixin.py:188} INFO - [2024-05-06T08:35:47.692+0700] {dag.py:3954} INFO - Setting next_dagrun for example_xcom_args_with_operators to None, run_after=None
[2024-05-06T08:35:47.702+0700] {processor.py:183} INFO - Processing /Library/Frameworks/Python.framework/Versions/3.10/lib/python3.10/site-packages/airflow/example_dags/example_xcomargs.py took 0.139 seconds
[2024-05-06T09:00:31.020+0700] {processor.py:161} INFO - Started process (PID=76576) to work on /Library/Frameworks/Python.framework/Versions/3.10/lib/python3.10/site-packages/airflow/example_dags/example_xcomargs.py
[2024-05-06T09:00:31.021+0700] {processor.py:830} INFO - Processing file /Library/Frameworks/Python.framework/Versions/3.10/lib/python3.10/site-packages/airflow/example_dags/example_xcomargs.py for tasks to queue
[2024-05-06T09:00:31.022+0700] {logging_mixin.py:188} INFO - [2024-05-06T09:00:31.021+0700] {dagbag.py:540} INFO - Filling up the DagBag from /Library/Frameworks/Python.framework/Versions/3.10/lib/python3.10/site-packages/airflow/example_dags/example_xcomargs.py
[2024-05-06T09:00:31.044+0700] {processor.py:840} INFO - DAG(s) 'example_xcom_args_with_operators', 'example_xcom_args' retrieved from /Library/Frameworks/Python.framework/Versions/3.10/lib/python3.10/site-packages/airflow/example_dags/example_xcomargs.py
[2024-05-06T09:00:31.137+0700] {logging_mixin.py:188} INFO - [2024-05-06T09:00:31.137+0700] {dag.py:3096} INFO - Sync 2 DAGs
[2024-05-06T09:00:31.144+0700] {logging_mixin.py:188} INFO - [2024-05-06T09:00:31.144+0700] {dag.py:3954} INFO - Setting next_dagrun for example_xcom_args to None, run_after=None
[2024-05-06T09:00:31.146+0700] {logging_mixin.py:188} INFO - [2024-05-06T09:00:31.146+0700] {dag.py:3954} INFO - Setting next_dagrun for example_xcom_args_with_operators to None, run_after=None
[2024-05-06T09:00:31.155+0700] {processor.py:183} INFO - Processing /Library/Frameworks/Python.framework/Versions/3.10/lib/python3.10/site-packages/airflow/example_dags/example_xcomargs.py took 0.137 seconds
[2024-05-06T09:01:52.157+0700] {processor.py:161} INFO - Started process (PID=76952) to work on /Library/Frameworks/Python.framework/Versions/3.10/lib/python3.10/site-packages/airflow/example_dags/example_xcomargs.py
[2024-05-06T09:01:52.158+0700] {processor.py:830} INFO - Processing file /Library/Frameworks/Python.framework/Versions/3.10/lib/python3.10/site-packages/airflow/example_dags/example_xcomargs.py for tasks to queue
[2024-05-06T09:01:52.158+0700] {logging_mixin.py:188} INFO - [2024-05-06T09:01:52.158+0700] {dagbag.py:540} INFO - Filling up the DagBag from /Library/Frameworks/Python.framework/Versions/3.10/lib/python3.10/site-packages/airflow/example_dags/example_xcomargs.py
[2024-05-06T09:01:52.181+0700] {processor.py:840} INFO - DAG(s) 'example_xcom_args_with_operators', 'example_xcom_args' retrieved from /Library/Frameworks/Python.framework/Versions/3.10/lib/python3.10/site-packages/airflow/example_dags/example_xcomargs.py
[2024-05-06T09:01:52.276+0700] {logging_mixin.py:188} INFO - [2024-05-06T09:01:52.276+0700] {dag.py:3096} INFO - Sync 2 DAGs
[2024-05-06T09:01:52.282+0700] {logging_mixin.py:188} INFO - [2024-05-06T09:01:52.282+0700] {dag.py:3954} INFO - Setting next_dagrun for example_xcom_args to None, run_after=None
[2024-05-06T09:01:52.284+0700] {logging_mixin.py:188} INFO - [2024-05-06T09:01:52.284+0700] {dag.py:3954} INFO - Setting next_dagrun for example_xcom_args_with_operators to None, run_after=None
[2024-05-06T09:01:52.293+0700] {processor.py:183} INFO - Processing /Library/Frameworks/Python.framework/Versions/3.10/lib/python3.10/site-packages/airflow/example_dags/example_xcomargs.py took 0.138 seconds
[2024-05-06T09:03:08.773+0700] {processor.py:161} INFO - Started process (PID=77301) to work on /Library/Frameworks/Python.framework/Versions/3.10/lib/python3.10/site-packages/airflow/example_dags/example_xcomargs.py
[2024-05-06T09:03:08.775+0700] {processor.py:830} INFO - Processing file /Library/Frameworks/Python.framework/Versions/3.10/lib/python3.10/site-packages/airflow/example_dags/example_xcomargs.py for tasks to queue
[2024-05-06T09:03:08.775+0700] {logging_mixin.py:188} INFO - [2024-05-06T09:03:08.775+0700] {dagbag.py:540} INFO - Filling up the DagBag from /Library/Frameworks/Python.framework/Versions/3.10/lib/python3.10/site-packages/airflow/example_dags/example_xcomargs.py
[2024-05-06T09:03:08.797+0700] {processor.py:840} INFO - DAG(s) 'example_xcom_args', 'example_xcom_args_with_operators' retrieved from /Library/Frameworks/Python.framework/Versions/3.10/lib/python3.10/site-packages/airflow/example_dags/example_xcomargs.py
[2024-05-06T09:03:08.892+0700] {logging_mixin.py:188} INFO - [2024-05-06T09:03:08.892+0700] {dag.py:3096} INFO - Sync 2 DAGs
[2024-05-06T09:03:08.898+0700] {logging_mixin.py:188} INFO - [2024-05-06T09:03:08.898+0700] {dag.py:3954} INFO - Setting next_dagrun for example_xcom_args to None, run_after=None
[2024-05-06T09:03:08.900+0700] {logging_mixin.py:188} INFO - [2024-05-06T09:03:08.900+0700] {dag.py:3954} INFO - Setting next_dagrun for example_xcom_args_with_operators to None, run_after=None
[2024-05-06T09:03:08.910+0700] {processor.py:183} INFO - Processing /Library/Frameworks/Python.framework/Versions/3.10/lib/python3.10/site-packages/airflow/example_dags/example_xcomargs.py took 0.139 seconds
[2024-05-06T09:36:55.142+0700] {processor.py:161} INFO - Started process (PID=77709) to work on /Library/Frameworks/Python.framework/Versions/3.10/lib/python3.10/site-packages/airflow/example_dags/example_xcomargs.py
[2024-05-06T09:36:55.143+0700] {processor.py:830} INFO - Processing file /Library/Frameworks/Python.framework/Versions/3.10/lib/python3.10/site-packages/airflow/example_dags/example_xcomargs.py for tasks to queue
[2024-05-06T09:36:55.143+0700] {logging_mixin.py:188} INFO - [2024-05-06T09:36:55.143+0700] {dagbag.py:540} INFO - Filling up the DagBag from /Library/Frameworks/Python.framework/Versions/3.10/lib/python3.10/site-packages/airflow/example_dags/example_xcomargs.py
[2024-05-06T09:36:55.166+0700] {processor.py:840} INFO - DAG(s) 'example_xcom_args_with_operators', 'example_xcom_args' retrieved from /Library/Frameworks/Python.framework/Versions/3.10/lib/python3.10/site-packages/airflow/example_dags/example_xcomargs.py
[2024-05-06T09:36:55.260+0700] {logging_mixin.py:188} INFO - [2024-05-06T09:36:55.260+0700] {dag.py:3096} INFO - Sync 2 DAGs
[2024-05-06T09:36:55.266+0700] {logging_mixin.py:188} INFO - [2024-05-06T09:36:55.266+0700] {dag.py:3954} INFO - Setting next_dagrun for example_xcom_args to None, run_after=None
[2024-05-06T09:36:55.268+0700] {logging_mixin.py:188} INFO - [2024-05-06T09:36:55.268+0700] {dag.py:3954} INFO - Setting next_dagrun for example_xcom_args_with_operators to None, run_after=None
[2024-05-06T09:36:55.277+0700] {processor.py:183} INFO - Processing /Library/Frameworks/Python.framework/Versions/3.10/lib/python3.10/site-packages/airflow/example_dags/example_xcomargs.py took 0.137 seconds
[2024-05-06T09:38:40.474+0700] {processor.py:161} INFO - Started process (PID=78191) to work on /Library/Frameworks/Python.framework/Versions/3.10/lib/python3.10/site-packages/airflow/example_dags/example_xcomargs.py
[2024-05-06T09:38:40.475+0700] {processor.py:830} INFO - Processing file /Library/Frameworks/Python.framework/Versions/3.10/lib/python3.10/site-packages/airflow/example_dags/example_xcomargs.py for tasks to queue
[2024-05-06T09:38:40.475+0700] {logging_mixin.py:188} INFO - [2024-05-06T09:38:40.475+0700] {dagbag.py:540} INFO - Filling up the DagBag from /Library/Frameworks/Python.framework/Versions/3.10/lib/python3.10/site-packages/airflow/example_dags/example_xcomargs.py
[2024-05-06T09:38:40.497+0700] {processor.py:840} INFO - DAG(s) 'example_xcom_args', 'example_xcom_args_with_operators' retrieved from /Library/Frameworks/Python.framework/Versions/3.10/lib/python3.10/site-packages/airflow/example_dags/example_xcomargs.py
[2024-05-06T09:38:40.594+0700] {logging_mixin.py:188} INFO - [2024-05-06T09:38:40.593+0700] {dag.py:3096} INFO - Sync 2 DAGs
[2024-05-06T09:38:40.600+0700] {logging_mixin.py:188} INFO - [2024-05-06T09:38:40.599+0700] {dag.py:3954} INFO - Setting next_dagrun for example_xcom_args to None, run_after=None
[2024-05-06T09:38:40.601+0700] {logging_mixin.py:188} INFO - [2024-05-06T09:38:40.601+0700] {dag.py:3954} INFO - Setting next_dagrun for example_xcom_args_with_operators to None, run_after=None
[2024-05-06T09:38:40.612+0700] {processor.py:183} INFO - Processing /Library/Frameworks/Python.framework/Versions/3.10/lib/python3.10/site-packages/airflow/example_dags/example_xcomargs.py took 0.140 seconds
[2024-05-06T09:55:13.872+0700] {processor.py:161} INFO - Started process (PID=78558) to work on /Library/Frameworks/Python.framework/Versions/3.10/lib/python3.10/site-packages/airflow/example_dags/example_xcomargs.py
[2024-05-06T09:55:13.874+0700] {processor.py:830} INFO - Processing file /Library/Frameworks/Python.framework/Versions/3.10/lib/python3.10/site-packages/airflow/example_dags/example_xcomargs.py for tasks to queue
[2024-05-06T09:55:13.874+0700] {logging_mixin.py:188} INFO - [2024-05-06T09:55:13.874+0700] {dagbag.py:540} INFO - Filling up the DagBag from /Library/Frameworks/Python.framework/Versions/3.10/lib/python3.10/site-packages/airflow/example_dags/example_xcomargs.py
[2024-05-06T09:55:13.896+0700] {processor.py:840} INFO - DAG(s) 'example_xcom_args', 'example_xcom_args_with_operators' retrieved from /Library/Frameworks/Python.framework/Versions/3.10/lib/python3.10/site-packages/airflow/example_dags/example_xcomargs.py
[2024-05-06T09:55:13.989+0700] {logging_mixin.py:188} INFO - [2024-05-06T09:55:13.989+0700] {dag.py:3096} INFO - Sync 2 DAGs
[2024-05-06T09:55:13.995+0700] {logging_mixin.py:188} INFO - [2024-05-06T09:55:13.995+0700] {dag.py:3954} INFO - Setting next_dagrun for example_xcom_args to None, run_after=None
[2024-05-06T09:55:13.997+0700] {logging_mixin.py:188} INFO - [2024-05-06T09:55:13.997+0700] {dag.py:3954} INFO - Setting next_dagrun for example_xcom_args_with_operators to None, run_after=None
[2024-05-06T09:55:14.007+0700] {processor.py:183} INFO - Processing /Library/Frameworks/Python.framework/Versions/3.10/lib/python3.10/site-packages/airflow/example_dags/example_xcomargs.py took 0.136 seconds
[2024-05-06T09:56:38.537+0700] {processor.py:161} INFO - Started process (PID=78935) to work on /Library/Frameworks/Python.framework/Versions/3.10/lib/python3.10/site-packages/airflow/example_dags/example_xcomargs.py
[2024-05-06T09:56:38.538+0700] {processor.py:830} INFO - Processing file /Library/Frameworks/Python.framework/Versions/3.10/lib/python3.10/site-packages/airflow/example_dags/example_xcomargs.py for tasks to queue
[2024-05-06T09:56:38.538+0700] {logging_mixin.py:188} INFO - [2024-05-06T09:56:38.538+0700] {dagbag.py:540} INFO - Filling up the DagBag from /Library/Frameworks/Python.framework/Versions/3.10/lib/python3.10/site-packages/airflow/example_dags/example_xcomargs.py
[2024-05-06T09:56:38.561+0700] {processor.py:840} INFO - DAG(s) 'example_xcom_args', 'example_xcom_args_with_operators' retrieved from /Library/Frameworks/Python.framework/Versions/3.10/lib/python3.10/site-packages/airflow/example_dags/example_xcomargs.py
[2024-05-06T09:56:38.656+0700] {logging_mixin.py:188} INFO - [2024-05-06T09:56:38.656+0700] {dag.py:3096} INFO - Sync 2 DAGs
[2024-05-06T09:56:38.662+0700] {logging_mixin.py:188} INFO - [2024-05-06T09:56:38.662+0700] {dag.py:3954} INFO - Setting next_dagrun for example_xcom_args to None, run_after=None
[2024-05-06T09:56:38.665+0700] {logging_mixin.py:188} INFO - [2024-05-06T09:56:38.664+0700] {dag.py:3954} INFO - Setting next_dagrun for example_xcom_args_with_operators to None, run_after=None
[2024-05-06T09:56:38.674+0700] {processor.py:183} INFO - Processing /Library/Frameworks/Python.framework/Versions/3.10/lib/python3.10/site-packages/airflow/example_dags/example_xcomargs.py took 0.139 seconds
[2024-05-06T10:30:06.907+0700] {processor.py:161} INFO - Started process (PID=79325) to work on /Library/Frameworks/Python.framework/Versions/3.10/lib/python3.10/site-packages/airflow/example_dags/example_xcomargs.py
[2024-05-06T10:30:06.908+0700] {processor.py:830} INFO - Processing file /Library/Frameworks/Python.framework/Versions/3.10/lib/python3.10/site-packages/airflow/example_dags/example_xcomargs.py for tasks to queue
[2024-05-06T10:30:06.908+0700] {logging_mixin.py:188} INFO - [2024-05-06T10:30:06.908+0700] {dagbag.py:540} INFO - Filling up the DagBag from /Library/Frameworks/Python.framework/Versions/3.10/lib/python3.10/site-packages/airflow/example_dags/example_xcomargs.py
[2024-05-06T10:30:06.931+0700] {processor.py:840} INFO - DAG(s) 'example_xcom_args_with_operators', 'example_xcom_args' retrieved from /Library/Frameworks/Python.framework/Versions/3.10/lib/python3.10/site-packages/airflow/example_dags/example_xcomargs.py
[2024-05-06T10:30:07.027+0700] {logging_mixin.py:188} INFO - [2024-05-06T10:30:07.027+0700] {dag.py:3096} INFO - Sync 2 DAGs
[2024-05-06T10:30:07.033+0700] {logging_mixin.py:188} INFO - [2024-05-06T10:30:07.033+0700] {dag.py:3954} INFO - Setting next_dagrun for example_xcom_args to None, run_after=None
[2024-05-06T10:30:07.036+0700] {logging_mixin.py:188} INFO - [2024-05-06T10:30:07.036+0700] {dag.py:3954} INFO - Setting next_dagrun for example_xcom_args_with_operators to None, run_after=None
[2024-05-06T10:30:07.046+0700] {processor.py:183} INFO - Processing /Library/Frameworks/Python.framework/Versions/3.10/lib/python3.10/site-packages/airflow/example_dags/example_xcomargs.py took 0.140 seconds
[2024-05-06T10:38:21.835+0700] {processor.py:161} INFO - Started process (PID=79700) to work on /Library/Frameworks/Python.framework/Versions/3.10/lib/python3.10/site-packages/airflow/example_dags/example_xcomargs.py
[2024-05-06T10:38:21.836+0700] {processor.py:830} INFO - Processing file /Library/Frameworks/Python.framework/Versions/3.10/lib/python3.10/site-packages/airflow/example_dags/example_xcomargs.py for tasks to queue
[2024-05-06T10:38:21.837+0700] {logging_mixin.py:188} INFO - [2024-05-06T10:38:21.837+0700] {dagbag.py:540} INFO - Filling up the DagBag from /Library/Frameworks/Python.framework/Versions/3.10/lib/python3.10/site-packages/airflow/example_dags/example_xcomargs.py
[2024-05-06T10:38:21.860+0700] {processor.py:840} INFO - DAG(s) 'example_xcom_args', 'example_xcom_args_with_operators' retrieved from /Library/Frameworks/Python.framework/Versions/3.10/lib/python3.10/site-packages/airflow/example_dags/example_xcomargs.py
[2024-05-06T10:38:21.954+0700] {logging_mixin.py:188} INFO - [2024-05-06T10:38:21.954+0700] {dag.py:3096} INFO - Sync 2 DAGs
[2024-05-06T10:38:21.960+0700] {logging_mixin.py:188} INFO - [2024-05-06T10:38:21.960+0700] {dag.py:3954} INFO - Setting next_dagrun for example_xcom_args to None, run_after=None
[2024-05-06T10:38:21.962+0700] {logging_mixin.py:188} INFO - [2024-05-06T10:38:21.962+0700] {dag.py:3954} INFO - Setting next_dagrun for example_xcom_args_with_operators to None, run_after=None
[2024-05-06T10:38:21.971+0700] {processor.py:183} INFO - Processing /Library/Frameworks/Python.framework/Versions/3.10/lib/python3.10/site-packages/airflow/example_dags/example_xcomargs.py took 0.138 seconds
[2024-05-06T10:40:06.371+0700] {processor.py:161} INFO - Started process (PID=80087) to work on /Library/Frameworks/Python.framework/Versions/3.10/lib/python3.10/site-packages/airflow/example_dags/example_xcomargs.py
[2024-05-06T10:40:06.373+0700] {processor.py:830} INFO - Processing file /Library/Frameworks/Python.framework/Versions/3.10/lib/python3.10/site-packages/airflow/example_dags/example_xcomargs.py for tasks to queue
[2024-05-06T10:40:06.374+0700] {logging_mixin.py:188} INFO - [2024-05-06T10:40:06.373+0700] {dagbag.py:540} INFO - Filling up the DagBag from /Library/Frameworks/Python.framework/Versions/3.10/lib/python3.10/site-packages/airflow/example_dags/example_xcomargs.py
[2024-05-06T10:40:06.398+0700] {processor.py:840} INFO - DAG(s) 'example_xcom_args_with_operators', 'example_xcom_args' retrieved from /Library/Frameworks/Python.framework/Versions/3.10/lib/python3.10/site-packages/airflow/example_dags/example_xcomargs.py
[2024-05-06T10:40:06.493+0700] {logging_mixin.py:188} INFO - [2024-05-06T10:40:06.493+0700] {dag.py:3096} INFO - Sync 2 DAGs
[2024-05-06T10:40:06.499+0700] {logging_mixin.py:188} INFO - [2024-05-06T10:40:06.499+0700] {dag.py:3954} INFO - Setting next_dagrun for example_xcom_args to None, run_after=None
[2024-05-06T10:40:06.501+0700] {logging_mixin.py:188} INFO - [2024-05-06T10:40:06.501+0700] {dag.py:3954} INFO - Setting next_dagrun for example_xcom_args_with_operators to None, run_after=None
[2024-05-06T10:40:06.511+0700] {processor.py:183} INFO - Processing /Library/Frameworks/Python.framework/Versions/3.10/lib/python3.10/site-packages/airflow/example_dags/example_xcomargs.py took 0.142 seconds
[2024-05-06T10:58:23.217+0700] {processor.py:161} INFO - Started process (PID=80548) to work on /Library/Frameworks/Python.framework/Versions/3.10/lib/python3.10/site-packages/airflow/example_dags/example_xcomargs.py
[2024-05-06T10:58:23.218+0700] {processor.py:830} INFO - Processing file /Library/Frameworks/Python.framework/Versions/3.10/lib/python3.10/site-packages/airflow/example_dags/example_xcomargs.py for tasks to queue
[2024-05-06T10:58:23.218+0700] {logging_mixin.py:188} INFO - [2024-05-06T10:58:23.218+0700] {dagbag.py:540} INFO - Filling up the DagBag from /Library/Frameworks/Python.framework/Versions/3.10/lib/python3.10/site-packages/airflow/example_dags/example_xcomargs.py
[2024-05-06T10:58:23.241+0700] {processor.py:840} INFO - DAG(s) 'example_xcom_args', 'example_xcom_args_with_operators' retrieved from /Library/Frameworks/Python.framework/Versions/3.10/lib/python3.10/site-packages/airflow/example_dags/example_xcomargs.py
[2024-05-06T10:58:23.341+0700] {logging_mixin.py:188} INFO - [2024-05-06T10:58:23.341+0700] {dag.py:3096} INFO - Sync 2 DAGs
[2024-05-06T10:58:23.347+0700] {logging_mixin.py:188} INFO - [2024-05-06T10:58:23.347+0700] {dag.py:3954} INFO - Setting next_dagrun for example_xcom_args to None, run_after=None
[2024-05-06T10:58:23.349+0700] {logging_mixin.py:188} INFO - [2024-05-06T10:58:23.349+0700] {dag.py:3954} INFO - Setting next_dagrun for example_xcom_args_with_operators to None, run_after=None
[2024-05-06T10:58:23.359+0700] {processor.py:183} INFO - Processing /Library/Frameworks/Python.framework/Versions/3.10/lib/python3.10/site-packages/airflow/example_dags/example_xcomargs.py took 0.143 seconds
[2024-05-06T10:59:47.863+0700] {processor.py:161} INFO - Started process (PID=80931) to work on /Library/Frameworks/Python.framework/Versions/3.10/lib/python3.10/site-packages/airflow/example_dags/example_xcomargs.py
[2024-05-06T10:59:47.864+0700] {processor.py:830} INFO - Processing file /Library/Frameworks/Python.framework/Versions/3.10/lib/python3.10/site-packages/airflow/example_dags/example_xcomargs.py for tasks to queue
[2024-05-06T10:59:47.864+0700] {logging_mixin.py:188} INFO - [2024-05-06T10:59:47.864+0700] {dagbag.py:540} INFO - Filling up the DagBag from /Library/Frameworks/Python.framework/Versions/3.10/lib/python3.10/site-packages/airflow/example_dags/example_xcomargs.py
[2024-05-06T10:59:47.887+0700] {processor.py:840} INFO - DAG(s) 'example_xcom_args_with_operators', 'example_xcom_args' retrieved from /Library/Frameworks/Python.framework/Versions/3.10/lib/python3.10/site-packages/airflow/example_dags/example_xcomargs.py
[2024-05-06T10:59:47.983+0700] {logging_mixin.py:188} INFO - [2024-05-06T10:59:47.983+0700] {dag.py:3096} INFO - Sync 2 DAGs
[2024-05-06T10:59:47.989+0700] {logging_mixin.py:188} INFO - [2024-05-06T10:59:47.989+0700] {dag.py:3954} INFO - Setting next_dagrun for example_xcom_args to None, run_after=None
[2024-05-06T10:59:47.991+0700] {logging_mixin.py:188} INFO - [2024-05-06T10:59:47.991+0700] {dag.py:3954} INFO - Setting next_dagrun for example_xcom_args_with_operators to None, run_after=None
[2024-05-06T10:59:48.001+0700] {processor.py:183} INFO - Processing /Library/Frameworks/Python.framework/Versions/3.10/lib/python3.10/site-packages/airflow/example_dags/example_xcomargs.py took 0.139 seconds
[2024-05-06T11:01:07.793+0700] {processor.py:161} INFO - Started process (PID=81313) to work on /Library/Frameworks/Python.framework/Versions/3.10/lib/python3.10/site-packages/airflow/example_dags/example_xcomargs.py
[2024-05-06T11:01:07.794+0700] {processor.py:830} INFO - Processing file /Library/Frameworks/Python.framework/Versions/3.10/lib/python3.10/site-packages/airflow/example_dags/example_xcomargs.py for tasks to queue
[2024-05-06T11:01:07.794+0700] {logging_mixin.py:188} INFO - [2024-05-06T11:01:07.794+0700] {dagbag.py:540} INFO - Filling up the DagBag from /Library/Frameworks/Python.framework/Versions/3.10/lib/python3.10/site-packages/airflow/example_dags/example_xcomargs.py
[2024-05-06T11:01:07.830+0700] {processor.py:840} INFO - DAG(s) 'example_xcom_args_with_operators', 'example_xcom_args' retrieved from /Library/Frameworks/Python.framework/Versions/3.10/lib/python3.10/site-packages/airflow/example_dags/example_xcomargs.py
[2024-05-06T11:01:07.961+0700] {logging_mixin.py:188} INFO - [2024-05-06T11:01:07.960+0700] {dag.py:3096} INFO - Sync 2 DAGs
[2024-05-06T11:01:07.970+0700] {logging_mixin.py:188} INFO - [2024-05-06T11:01:07.970+0700] {dag.py:3954} INFO - Setting next_dagrun for example_xcom_args to None, run_after=None
[2024-05-06T11:01:07.973+0700] {logging_mixin.py:188} INFO - [2024-05-06T11:01:07.973+0700] {dag.py:3954} INFO - Setting next_dagrun for example_xcom_args_with_operators to None, run_after=None
[2024-05-06T11:01:07.987+0700] {processor.py:183} INFO - Processing /Library/Frameworks/Python.framework/Versions/3.10/lib/python3.10/site-packages/airflow/example_dags/example_xcomargs.py took 0.197 seconds
[2024-05-06T20:12:04.644+0700] {processor.py:161} INFO - Started process (PID=626) to work on /opt/homebrew/Caskroom/miniconda/base/lib/python3.11/site-packages/airflow/example_dags/example_xcomargs.py
[2024-05-06T20:12:04.645+0700] {processor.py:830} INFO - Processing file /opt/homebrew/Caskroom/miniconda/base/lib/python3.11/site-packages/airflow/example_dags/example_xcomargs.py for tasks to queue
[2024-05-06T20:12:04.646+0700] {logging_mixin.py:188} INFO - [2024-05-06T20:12:04.645+0700] {dagbag.py:540} INFO - Filling up the DagBag from /opt/homebrew/Caskroom/miniconda/base/lib/python3.11/site-packages/airflow/example_dags/example_xcomargs.py
[2024-05-06T20:12:04.669+0700] {processor.py:840} INFO - DAG(s) 'example_xcom_args', 'example_xcom_args_with_operators' retrieved from /opt/homebrew/Caskroom/miniconda/base/lib/python3.11/site-packages/airflow/example_dags/example_xcomargs.py
[2024-05-06T20:12:04.684+0700] {logging_mixin.py:188} INFO - [2024-05-06T20:12:04.684+0700] {dag.py:3096} INFO - Sync 2 DAGs
[2024-05-06T20:12:04.729+0700] {logging_mixin.py:188} INFO - [2024-05-06T20:12:04.729+0700] {dag.py:3954} INFO - Setting next_dagrun for example_xcom_args to None, run_after=None
[2024-05-06T20:12:04.731+0700] {logging_mixin.py:188} INFO - [2024-05-06T20:12:04.731+0700] {dag.py:3954} INFO - Setting next_dagrun for example_xcom_args_with_operators to None, run_after=None
[2024-05-06T20:12:04.740+0700] {processor.py:183} INFO - Processing /opt/homebrew/Caskroom/miniconda/base/lib/python3.11/site-packages/airflow/example_dags/example_xcomargs.py took 0.098 seconds
[2024-05-06T20:14:07.231+0700] {processor.py:161} INFO - Started process (PID=1382) to work on /opt/homebrew/Caskroom/miniconda/base/lib/python3.11/site-packages/airflow/example_dags/example_xcomargs.py
[2024-05-06T20:14:07.232+0700] {processor.py:830} INFO - Processing file /opt/homebrew/Caskroom/miniconda/base/lib/python3.11/site-packages/airflow/example_dags/example_xcomargs.py for tasks to queue
[2024-05-06T20:14:07.232+0700] {logging_mixin.py:188} INFO - [2024-05-06T20:14:07.232+0700] {dagbag.py:540} INFO - Filling up the DagBag from /opt/homebrew/Caskroom/miniconda/base/lib/python3.11/site-packages/airflow/example_dags/example_xcomargs.py
[2024-05-06T20:14:07.256+0700] {processor.py:840} INFO - DAG(s) 'example_xcom_args', 'example_xcom_args_with_operators' retrieved from /opt/homebrew/Caskroom/miniconda/base/lib/python3.11/site-packages/airflow/example_dags/example_xcomargs.py
[2024-05-06T20:14:07.270+0700] {logging_mixin.py:188} INFO - [2024-05-06T20:14:07.270+0700] {dag.py:3096} INFO - Sync 2 DAGs
[2024-05-06T20:14:07.315+0700] {logging_mixin.py:188} INFO - [2024-05-06T20:14:07.314+0700] {dag.py:3954} INFO - Setting next_dagrun for example_xcom_args to None, run_after=None
[2024-05-06T20:14:07.317+0700] {logging_mixin.py:188} INFO - [2024-05-06T20:14:07.316+0700] {dag.py:3954} INFO - Setting next_dagrun for example_xcom_args_with_operators to None, run_after=None
[2024-05-06T20:14:07.326+0700] {processor.py:183} INFO - Processing /opt/homebrew/Caskroom/miniconda/base/lib/python3.11/site-packages/airflow/example_dags/example_xcomargs.py took 0.097 seconds
[2024-05-06T20:16:02.720+0700] {processor.py:161} INFO - Started process (PID=1983) to work on /opt/homebrew/Caskroom/miniconda/base/lib/python3.11/site-packages/airflow/example_dags/example_xcomargs.py
[2024-05-06T20:16:02.721+0700] {processor.py:830} INFO - Processing file /opt/homebrew/Caskroom/miniconda/base/lib/python3.11/site-packages/airflow/example_dags/example_xcomargs.py for tasks to queue
[2024-05-06T20:16:02.721+0700] {logging_mixin.py:188} INFO - [2024-05-06T20:16:02.721+0700] {dagbag.py:540} INFO - Filling up the DagBag from /opt/homebrew/Caskroom/miniconda/base/lib/python3.11/site-packages/airflow/example_dags/example_xcomargs.py
[2024-05-06T20:16:02.746+0700] {processor.py:840} INFO - DAG(s) 'example_xcom_args_with_operators', 'example_xcom_args' retrieved from /opt/homebrew/Caskroom/miniconda/base/lib/python3.11/site-packages/airflow/example_dags/example_xcomargs.py
[2024-05-06T20:16:02.894+0700] {logging_mixin.py:188} INFO - [2024-05-06T20:16:02.894+0700] {dag.py:3096} INFO - Sync 2 DAGs
[2024-05-06T20:16:02.899+0700] {logging_mixin.py:188} INFO - [2024-05-06T20:16:02.899+0700] {dag.py:3954} INFO - Setting next_dagrun for example_xcom_args to None, run_after=None
[2024-05-06T20:16:02.901+0700] {logging_mixin.py:188} INFO - [2024-05-06T20:16:02.901+0700] {dag.py:3954} INFO - Setting next_dagrun for example_xcom_args_with_operators to None, run_after=None
[2024-05-06T20:16:02.911+0700] {processor.py:183} INFO - Processing /opt/homebrew/Caskroom/miniconda/base/lib/python3.11/site-packages/airflow/example_dags/example_xcomargs.py took 0.193 seconds
[2024-05-06T20:17:34.462+0700] {processor.py:161} INFO - Started process (PID=2453) to work on /opt/homebrew/Caskroom/miniconda/base/lib/python3.11/site-packages/airflow/example_dags/example_xcomargs.py
[2024-05-06T20:17:34.463+0700] {processor.py:830} INFO - Processing file /opt/homebrew/Caskroom/miniconda/base/lib/python3.11/site-packages/airflow/example_dags/example_xcomargs.py for tasks to queue
[2024-05-06T20:17:34.464+0700] {logging_mixin.py:188} INFO - [2024-05-06T20:17:34.463+0700] {dagbag.py:540} INFO - Filling up the DagBag from /opt/homebrew/Caskroom/miniconda/base/lib/python3.11/site-packages/airflow/example_dags/example_xcomargs.py
[2024-05-06T20:17:34.489+0700] {processor.py:840} INFO - DAG(s) 'example_xcom_args_with_operators', 'example_xcom_args' retrieved from /opt/homebrew/Caskroom/miniconda/base/lib/python3.11/site-packages/airflow/example_dags/example_xcomargs.py
[2024-05-06T20:17:34.551+0700] {logging_mixin.py:188} INFO - [2024-05-06T20:17:34.551+0700] {dag.py:3096} INFO - Sync 2 DAGs
[2024-05-06T20:17:34.556+0700] {logging_mixin.py:188} INFO - [2024-05-06T20:17:34.556+0700] {dag.py:3954} INFO - Setting next_dagrun for example_xcom_args to None, run_after=None
[2024-05-06T20:17:34.559+0700] {logging_mixin.py:188} INFO - [2024-05-06T20:17:34.559+0700] {dag.py:3954} INFO - Setting next_dagrun for example_xcom_args_with_operators to None, run_after=None
[2024-05-06T20:17:34.603+0700] {processor.py:183} INFO - Processing /opt/homebrew/Caskroom/miniconda/base/lib/python3.11/site-packages/airflow/example_dags/example_xcomargs.py took 0.144 seconds
[2024-05-06T20:19:09.017+0700] {processor.py:161} INFO - Started process (PID=2919) to work on /opt/homebrew/Caskroom/miniconda/base/lib/python3.11/site-packages/airflow/example_dags/example_xcomargs.py
[2024-05-06T20:19:09.018+0700] {processor.py:830} INFO - Processing file /opt/homebrew/Caskroom/miniconda/base/lib/python3.11/site-packages/airflow/example_dags/example_xcomargs.py for tasks to queue
[2024-05-06T20:19:09.018+0700] {logging_mixin.py:188} INFO - [2024-05-06T20:19:09.018+0700] {dagbag.py:540} INFO - Filling up the DagBag from /opt/homebrew/Caskroom/miniconda/base/lib/python3.11/site-packages/airflow/example_dags/example_xcomargs.py
[2024-05-06T20:19:09.054+0700] {processor.py:840} INFO - DAG(s) 'example_xcom_args_with_operators', 'example_xcom_args' retrieved from /opt/homebrew/Caskroom/miniconda/base/lib/python3.11/site-packages/airflow/example_dags/example_xcomargs.py
[2024-05-06T20:19:09.116+0700] {logging_mixin.py:188} INFO - [2024-05-06T20:19:09.115+0700] {dag.py:3096} INFO - Sync 2 DAGs
[2024-05-06T20:19:09.121+0700] {logging_mixin.py:188} INFO - [2024-05-06T20:19:09.121+0700] {dag.py:3954} INFO - Setting next_dagrun for example_xcom_args to None, run_after=None
[2024-05-06T20:19:09.123+0700] {logging_mixin.py:188} INFO - [2024-05-06T20:19:09.123+0700] {dag.py:3954} INFO - Setting next_dagrun for example_xcom_args_with_operators to None, run_after=None
[2024-05-06T20:19:09.168+0700] {processor.py:183} INFO - Processing /opt/homebrew/Caskroom/miniconda/base/lib/python3.11/site-packages/airflow/example_dags/example_xcomargs.py took 0.153 seconds
[2024-05-06T20:20:37.812+0700] {processor.py:161} INFO - Started process (PID=3507) to work on /opt/homebrew/Caskroom/miniconda/base/lib/python3.11/site-packages/airflow/example_dags/example_xcomargs.py
[2024-05-06T20:20:37.813+0700] {processor.py:830} INFO - Processing file /opt/homebrew/Caskroom/miniconda/base/lib/python3.11/site-packages/airflow/example_dags/example_xcomargs.py for tasks to queue
[2024-05-06T20:20:37.813+0700] {logging_mixin.py:188} INFO - [2024-05-06T20:20:37.813+0700] {dagbag.py:540} INFO - Filling up the DagBag from /opt/homebrew/Caskroom/miniconda/base/lib/python3.11/site-packages/airflow/example_dags/example_xcomargs.py
[2024-05-06T20:20:37.839+0700] {processor.py:840} INFO - DAG(s) 'example_xcom_args', 'example_xcom_args_with_operators' retrieved from /opt/homebrew/Caskroom/miniconda/base/lib/python3.11/site-packages/airflow/example_dags/example_xcomargs.py
[2024-05-06T20:20:37.903+0700] {logging_mixin.py:188} INFO - [2024-05-06T20:20:37.903+0700] {dag.py:3096} INFO - Sync 2 DAGs
[2024-05-06T20:20:37.909+0700] {logging_mixin.py:188} INFO - [2024-05-06T20:20:37.909+0700] {dag.py:3954} INFO - Setting next_dagrun for example_xcom_args to None, run_after=None
[2024-05-06T20:20:37.912+0700] {logging_mixin.py:188} INFO - [2024-05-06T20:20:37.912+0700] {dag.py:3954} INFO - Setting next_dagrun for example_xcom_args_with_operators to None, run_after=None
[2024-05-06T20:20:37.965+0700] {processor.py:183} INFO - Processing /opt/homebrew/Caskroom/miniconda/base/lib/python3.11/site-packages/airflow/example_dags/example_xcomargs.py took 0.156 seconds
[2024-05-06T20:22:01.546+0700] {processor.py:161} INFO - Started process (PID=3909) to work on /opt/homebrew/Caskroom/miniconda/base/lib/python3.11/site-packages/airflow/example_dags/example_xcomargs.py
[2024-05-06T20:22:01.547+0700] {processor.py:830} INFO - Processing file /opt/homebrew/Caskroom/miniconda/base/lib/python3.11/site-packages/airflow/example_dags/example_xcomargs.py for tasks to queue
[2024-05-06T20:22:01.547+0700] {logging_mixin.py:188} INFO - [2024-05-06T20:22:01.547+0700] {dagbag.py:540} INFO - Filling up the DagBag from /opt/homebrew/Caskroom/miniconda/base/lib/python3.11/site-packages/airflow/example_dags/example_xcomargs.py
[2024-05-06T20:22:01.577+0700] {processor.py:840} INFO - DAG(s) 'example_xcom_args', 'example_xcom_args_with_operators' retrieved from /opt/homebrew/Caskroom/miniconda/base/lib/python3.11/site-packages/airflow/example_dags/example_xcomargs.py
[2024-05-06T20:22:01.646+0700] {logging_mixin.py:188} INFO - [2024-05-06T20:22:01.646+0700] {dag.py:3096} INFO - Sync 2 DAGs
[2024-05-06T20:22:01.651+0700] {logging_mixin.py:188} INFO - [2024-05-06T20:22:01.651+0700] {dag.py:3954} INFO - Setting next_dagrun for example_xcom_args to None, run_after=None
[2024-05-06T20:22:01.654+0700] {logging_mixin.py:188} INFO - [2024-05-06T20:22:01.654+0700] {dag.py:3954} INFO - Setting next_dagrun for example_xcom_args_with_operators to None, run_after=None
[2024-05-06T20:22:01.700+0700] {processor.py:183} INFO - Processing /opt/homebrew/Caskroom/miniconda/base/lib/python3.11/site-packages/airflow/example_dags/example_xcomargs.py took 0.157 seconds
[2024-05-06T20:23:24.294+0700] {processor.py:161} INFO - Started process (PID=4380) to work on /opt/homebrew/Caskroom/miniconda/base/lib/python3.11/site-packages/airflow/example_dags/example_xcomargs.py
[2024-05-06T20:23:24.295+0700] {processor.py:830} INFO - Processing file /opt/homebrew/Caskroom/miniconda/base/lib/python3.11/site-packages/airflow/example_dags/example_xcomargs.py for tasks to queue
[2024-05-06T20:23:24.295+0700] {logging_mixin.py:188} INFO - [2024-05-06T20:23:24.295+0700] {dagbag.py:540} INFO - Filling up the DagBag from /opt/homebrew/Caskroom/miniconda/base/lib/python3.11/site-packages/airflow/example_dags/example_xcomargs.py
[2024-05-06T20:23:24.320+0700] {processor.py:840} INFO - DAG(s) 'example_xcom_args_with_operators', 'example_xcom_args' retrieved from /opt/homebrew/Caskroom/miniconda/base/lib/python3.11/site-packages/airflow/example_dags/example_xcomargs.py
[2024-05-06T20:23:24.385+0700] {logging_mixin.py:188} INFO - [2024-05-06T20:23:24.385+0700] {dag.py:3096} INFO - Sync 2 DAGs
[2024-05-06T20:23:24.391+0700] {logging_mixin.py:188} INFO - [2024-05-06T20:23:24.390+0700] {dag.py:3954} INFO - Setting next_dagrun for example_xcom_args to None, run_after=None
[2024-05-06T20:23:24.393+0700] {logging_mixin.py:188} INFO - [2024-05-06T20:23:24.393+0700] {dag.py:3954} INFO - Setting next_dagrun for example_xcom_args_with_operators to None, run_after=None
[2024-05-06T20:23:24.437+0700] {processor.py:183} INFO - Processing /opt/homebrew/Caskroom/miniconda/base/lib/python3.11/site-packages/airflow/example_dags/example_xcomargs.py took 0.145 seconds
[2024-05-06T20:24:52.743+0700] {processor.py:161} INFO - Started process (PID=4794) to work on /opt/homebrew/Caskroom/miniconda/base/lib/python3.11/site-packages/airflow/example_dags/example_xcomargs.py
[2024-05-06T20:24:52.744+0700] {processor.py:830} INFO - Processing file /opt/homebrew/Caskroom/miniconda/base/lib/python3.11/site-packages/airflow/example_dags/example_xcomargs.py for tasks to queue
[2024-05-06T20:24:52.744+0700] {logging_mixin.py:188} INFO - [2024-05-06T20:24:52.744+0700] {dagbag.py:540} INFO - Filling up the DagBag from /opt/homebrew/Caskroom/miniconda/base/lib/python3.11/site-packages/airflow/example_dags/example_xcomargs.py
[2024-05-06T20:24:52.771+0700] {processor.py:840} INFO - DAG(s) 'example_xcom_args_with_operators', 'example_xcom_args' retrieved from /opt/homebrew/Caskroom/miniconda/base/lib/python3.11/site-packages/airflow/example_dags/example_xcomargs.py
[2024-05-06T20:24:52.835+0700] {logging_mixin.py:188} INFO - [2024-05-06T20:24:52.835+0700] {dag.py:3096} INFO - Sync 2 DAGs
[2024-05-06T20:24:52.841+0700] {logging_mixin.py:188} INFO - [2024-05-06T20:24:52.841+0700] {dag.py:3954} INFO - Setting next_dagrun for example_xcom_args to None, run_after=None
[2024-05-06T20:24:52.843+0700] {logging_mixin.py:188} INFO - [2024-05-06T20:24:52.843+0700] {dag.py:3954} INFO - Setting next_dagrun for example_xcom_args_with_operators to None, run_after=None
[2024-05-06T20:24:52.890+0700] {processor.py:183} INFO - Processing /opt/homebrew/Caskroom/miniconda/base/lib/python3.11/site-packages/airflow/example_dags/example_xcomargs.py took 0.150 seconds
[2024-05-06T20:26:18.122+0700] {processor.py:161} INFO - Started process (PID=5194) to work on /opt/homebrew/Caskroom/miniconda/base/lib/python3.11/site-packages/airflow/example_dags/example_xcomargs.py
[2024-05-06T20:26:18.123+0700] {processor.py:830} INFO - Processing file /opt/homebrew/Caskroom/miniconda/base/lib/python3.11/site-packages/airflow/example_dags/example_xcomargs.py for tasks to queue
[2024-05-06T20:26:18.124+0700] {logging_mixin.py:188} INFO - [2024-05-06T20:26:18.123+0700] {dagbag.py:540} INFO - Filling up the DagBag from /opt/homebrew/Caskroom/miniconda/base/lib/python3.11/site-packages/airflow/example_dags/example_xcomargs.py
[2024-05-06T20:26:18.148+0700] {processor.py:840} INFO - DAG(s) 'example_xcom_args', 'example_xcom_args_with_operators' retrieved from /opt/homebrew/Caskroom/miniconda/base/lib/python3.11/site-packages/airflow/example_dags/example_xcomargs.py
[2024-05-06T20:26:18.209+0700] {logging_mixin.py:188} INFO - [2024-05-06T20:26:18.209+0700] {dag.py:3096} INFO - Sync 2 DAGs
[2024-05-06T20:26:18.214+0700] {logging_mixin.py:188} INFO - [2024-05-06T20:26:18.214+0700] {dag.py:3954} INFO - Setting next_dagrun for example_xcom_args to None, run_after=None
[2024-05-06T20:26:18.217+0700] {logging_mixin.py:188} INFO - [2024-05-06T20:26:18.217+0700] {dag.py:3954} INFO - Setting next_dagrun for example_xcom_args_with_operators to None, run_after=None
[2024-05-06T20:26:18.260+0700] {processor.py:183} INFO - Processing /opt/homebrew/Caskroom/miniconda/base/lib/python3.11/site-packages/airflow/example_dags/example_xcomargs.py took 0.139 seconds
[2024-05-06T20:27:37.711+0700] {processor.py:161} INFO - Started process (PID=5629) to work on /opt/homebrew/Caskroom/miniconda/base/lib/python3.11/site-packages/airflow/example_dags/example_xcomargs.py
[2024-05-06T20:27:37.712+0700] {processor.py:830} INFO - Processing file /opt/homebrew/Caskroom/miniconda/base/lib/python3.11/site-packages/airflow/example_dags/example_xcomargs.py for tasks to queue
[2024-05-06T20:27:37.712+0700] {logging_mixin.py:188} INFO - [2024-05-06T20:27:37.712+0700] {dagbag.py:540} INFO - Filling up the DagBag from /opt/homebrew/Caskroom/miniconda/base/lib/python3.11/site-packages/airflow/example_dags/example_xcomargs.py
[2024-05-06T20:27:37.738+0700] {processor.py:840} INFO - DAG(s) 'example_xcom_args_with_operators', 'example_xcom_args' retrieved from /opt/homebrew/Caskroom/miniconda/base/lib/python3.11/site-packages/airflow/example_dags/example_xcomargs.py
[2024-05-06T20:27:37.803+0700] {logging_mixin.py:188} INFO - [2024-05-06T20:27:37.803+0700] {dag.py:3096} INFO - Sync 2 DAGs
[2024-05-06T20:27:37.808+0700] {logging_mixin.py:188} INFO - [2024-05-06T20:27:37.808+0700] {dag.py:3954} INFO - Setting next_dagrun for example_xcom_args to None, run_after=None
[2024-05-06T20:27:37.811+0700] {logging_mixin.py:188} INFO - [2024-05-06T20:27:37.811+0700] {dag.py:3954} INFO - Setting next_dagrun for example_xcom_args_with_operators to None, run_after=None
[2024-05-06T20:27:37.856+0700] {processor.py:183} INFO - Processing /opt/homebrew/Caskroom/miniconda/base/lib/python3.11/site-packages/airflow/example_dags/example_xcomargs.py took 0.147 seconds
[2024-05-06T20:28:17.893+0700] {processor.py:161} INFO - Started process (PID=5831) to work on /opt/homebrew/Caskroom/miniconda/base/lib/python3.11/site-packages/airflow/example_dags/example_xcomargs.py
[2024-05-06T20:28:17.894+0700] {processor.py:830} INFO - Processing file /opt/homebrew/Caskroom/miniconda/base/lib/python3.11/site-packages/airflow/example_dags/example_xcomargs.py for tasks to queue
[2024-05-06T20:28:17.894+0700] {logging_mixin.py:188} INFO - [2024-05-06T20:28:17.894+0700] {dagbag.py:540} INFO - Filling up the DagBag from /opt/homebrew/Caskroom/miniconda/base/lib/python3.11/site-packages/airflow/example_dags/example_xcomargs.py
[2024-05-06T20:28:17.923+0700] {processor.py:840} INFO - DAG(s) 'example_xcom_args_with_operators', 'example_xcom_args' retrieved from /opt/homebrew/Caskroom/miniconda/base/lib/python3.11/site-packages/airflow/example_dags/example_xcomargs.py
[2024-05-06T20:28:18.084+0700] {logging_mixin.py:188} INFO - [2024-05-06T20:28:18.084+0700] {dag.py:3096} INFO - Sync 2 DAGs
[2024-05-06T20:28:18.089+0700] {logging_mixin.py:188} INFO - [2024-05-06T20:28:18.089+0700] {dag.py:3954} INFO - Setting next_dagrun for example_xcom_args to None, run_after=None
[2024-05-06T20:28:18.091+0700] {logging_mixin.py:188} INFO - [2024-05-06T20:28:18.091+0700] {dag.py:3954} INFO - Setting next_dagrun for example_xcom_args_with_operators to None, run_after=None
[2024-05-06T20:28:18.101+0700] {processor.py:183} INFO - Processing /opt/homebrew/Caskroom/miniconda/base/lib/python3.11/site-packages/airflow/example_dags/example_xcomargs.py took 0.209 seconds
[2024-05-06T20:29:08.591+0700] {processor.py:161} INFO - Started process (PID=6100) to work on /opt/homebrew/Caskroom/miniconda/base/lib/python3.11/site-packages/airflow/example_dags/example_xcomargs.py
[2024-05-06T20:29:08.592+0700] {processor.py:830} INFO - Processing file /opt/homebrew/Caskroom/miniconda/base/lib/python3.11/site-packages/airflow/example_dags/example_xcomargs.py for tasks to queue
[2024-05-06T20:29:08.592+0700] {logging_mixin.py:188} INFO - [2024-05-06T20:29:08.592+0700] {dagbag.py:540} INFO - Filling up the DagBag from /opt/homebrew/Caskroom/miniconda/base/lib/python3.11/site-packages/airflow/example_dags/example_xcomargs.py
[2024-05-06T20:29:08.620+0700] {processor.py:840} INFO - DAG(s) 'example_xcom_args_with_operators', 'example_xcom_args' retrieved from /opt/homebrew/Caskroom/miniconda/base/lib/python3.11/site-packages/airflow/example_dags/example_xcomargs.py
[2024-05-06T20:29:08.799+0700] {logging_mixin.py:188} INFO - [2024-05-06T20:29:08.799+0700] {dag.py:3096} INFO - Sync 2 DAGs
[2024-05-06T20:29:08.804+0700] {logging_mixin.py:188} INFO - [2024-05-06T20:29:08.804+0700] {dag.py:3954} INFO - Setting next_dagrun for example_xcom_args to None, run_after=None
[2024-05-06T20:29:08.806+0700] {logging_mixin.py:188} INFO - [2024-05-06T20:29:08.806+0700] {dag.py:3954} INFO - Setting next_dagrun for example_xcom_args_with_operators to None, run_after=None
[2024-05-06T20:29:08.815+0700] {processor.py:183} INFO - Processing /opt/homebrew/Caskroom/miniconda/base/lib/python3.11/site-packages/airflow/example_dags/example_xcomargs.py took 0.227 seconds
[2024-05-06T20:29:54.413+0700] {processor.py:161} INFO - Started process (PID=6355) to work on /opt/homebrew/Caskroom/miniconda/base/lib/python3.11/site-packages/airflow/example_dags/example_xcomargs.py
[2024-05-06T20:29:54.414+0700] {processor.py:830} INFO - Processing file /opt/homebrew/Caskroom/miniconda/base/lib/python3.11/site-packages/airflow/example_dags/example_xcomargs.py for tasks to queue
[2024-05-06T20:29:54.415+0700] {logging_mixin.py:188} INFO - [2024-05-06T20:29:54.415+0700] {dagbag.py:540} INFO - Filling up the DagBag from /opt/homebrew/Caskroom/miniconda/base/lib/python3.11/site-packages/airflow/example_dags/example_xcomargs.py
[2024-05-06T20:29:54.441+0700] {processor.py:840} INFO - DAG(s) 'example_xcom_args', 'example_xcom_args_with_operators' retrieved from /opt/homebrew/Caskroom/miniconda/base/lib/python3.11/site-packages/airflow/example_dags/example_xcomargs.py
[2024-05-06T20:29:54.592+0700] {logging_mixin.py:188} INFO - [2024-05-06T20:29:54.592+0700] {dag.py:3096} INFO - Sync 2 DAGs
[2024-05-06T20:29:54.597+0700] {logging_mixin.py:188} INFO - [2024-05-06T20:29:54.597+0700] {dag.py:3954} INFO - Setting next_dagrun for example_xcom_args to None, run_after=None
[2024-05-06T20:29:54.599+0700] {logging_mixin.py:188} INFO - [2024-05-06T20:29:54.598+0700] {dag.py:3954} INFO - Setting next_dagrun for example_xcom_args_with_operators to None, run_after=None
[2024-05-06T20:29:54.608+0700] {processor.py:183} INFO - Processing /opt/homebrew/Caskroom/miniconda/base/lib/python3.11/site-packages/airflow/example_dags/example_xcomargs.py took 0.198 seconds
[2024-05-06T20:31:50.207+0700] {processor.py:161} INFO - Started process (PID=6983) to work on /opt/homebrew/Caskroom/miniconda/base/lib/python3.11/site-packages/airflow/example_dags/example_xcomargs.py
[2024-05-06T20:31:50.209+0700] {processor.py:830} INFO - Processing file /opt/homebrew/Caskroom/miniconda/base/lib/python3.11/site-packages/airflow/example_dags/example_xcomargs.py for tasks to queue
[2024-05-06T20:31:50.210+0700] {logging_mixin.py:188} INFO - [2024-05-06T20:31:50.210+0700] {dagbag.py:540} INFO - Filling up the DagBag from /opt/homebrew/Caskroom/miniconda/base/lib/python3.11/site-packages/airflow/example_dags/example_xcomargs.py
[2024-05-06T20:31:50.235+0700] {processor.py:840} INFO - DAG(s) 'example_xcom_args', 'example_xcom_args_with_operators' retrieved from /opt/homebrew/Caskroom/miniconda/base/lib/python3.11/site-packages/airflow/example_dags/example_xcomargs.py
[2024-05-06T20:31:50.301+0700] {logging_mixin.py:188} INFO - [2024-05-06T20:31:50.301+0700] {dag.py:3096} INFO - Sync 2 DAGs
[2024-05-06T20:31:50.307+0700] {logging_mixin.py:188} INFO - [2024-05-06T20:31:50.306+0700] {dag.py:3954} INFO - Setting next_dagrun for example_xcom_args to None, run_after=None
[2024-05-06T20:31:50.309+0700] {logging_mixin.py:188} INFO - [2024-05-06T20:31:50.309+0700] {dag.py:3954} INFO - Setting next_dagrun for example_xcom_args_with_operators to None, run_after=None
[2024-05-06T20:31:50.353+0700] {processor.py:183} INFO - Processing /opt/homebrew/Caskroom/miniconda/base/lib/python3.11/site-packages/airflow/example_dags/example_xcomargs.py took 0.149 seconds
[2024-05-06T20:32:45.853+0700] {processor.py:161} INFO - Started process (PID=7288) to work on /opt/homebrew/Caskroom/miniconda/base/lib/python3.11/site-packages/airflow/example_dags/example_xcomargs.py
[2024-05-06T20:32:45.854+0700] {processor.py:830} INFO - Processing file /opt/homebrew/Caskroom/miniconda/base/lib/python3.11/site-packages/airflow/example_dags/example_xcomargs.py for tasks to queue
[2024-05-06T20:32:45.854+0700] {logging_mixin.py:188} INFO - [2024-05-06T20:32:45.854+0700] {dagbag.py:540} INFO - Filling up the DagBag from /opt/homebrew/Caskroom/miniconda/base/lib/python3.11/site-packages/airflow/example_dags/example_xcomargs.py
[2024-05-06T20:32:45.878+0700] {processor.py:840} INFO - DAG(s) 'example_xcom_args_with_operators', 'example_xcom_args' retrieved from /opt/homebrew/Caskroom/miniconda/base/lib/python3.11/site-packages/airflow/example_dags/example_xcomargs.py
[2024-05-06T20:32:46.050+0700] {logging_mixin.py:188} INFO - [2024-05-06T20:32:46.050+0700] {dag.py:3096} INFO - Sync 2 DAGs
[2024-05-06T20:32:46.055+0700] {logging_mixin.py:188} INFO - [2024-05-06T20:32:46.055+0700] {dag.py:3954} INFO - Setting next_dagrun for example_xcom_args to None, run_after=None
[2024-05-06T20:32:46.056+0700] {logging_mixin.py:188} INFO - [2024-05-06T20:32:46.056+0700] {dag.py:3954} INFO - Setting next_dagrun for example_xcom_args_with_operators to None, run_after=None
[2024-05-06T20:32:46.066+0700] {processor.py:183} INFO - Processing /opt/homebrew/Caskroom/miniconda/base/lib/python3.11/site-packages/airflow/example_dags/example_xcomargs.py took 0.215 seconds
[2024-05-06T20:34:53.361+0700] {processor.py:161} INFO - Started process (PID=7954) to work on /opt/homebrew/Caskroom/miniconda/base/lib/python3.11/site-packages/airflow/example_dags/example_xcomargs.py
[2024-05-06T20:34:53.362+0700] {processor.py:830} INFO - Processing file /opt/homebrew/Caskroom/miniconda/base/lib/python3.11/site-packages/airflow/example_dags/example_xcomargs.py for tasks to queue
[2024-05-06T20:34:53.363+0700] {logging_mixin.py:188} INFO - [2024-05-06T20:34:53.363+0700] {dagbag.py:540} INFO - Filling up the DagBag from /opt/homebrew/Caskroom/miniconda/base/lib/python3.11/site-packages/airflow/example_dags/example_xcomargs.py
[2024-05-06T20:34:53.397+0700] {processor.py:840} INFO - DAG(s) 'example_xcom_args_with_operators', 'example_xcom_args' retrieved from /opt/homebrew/Caskroom/miniconda/base/lib/python3.11/site-packages/airflow/example_dags/example_xcomargs.py
[2024-05-06T20:34:53.547+0700] {logging_mixin.py:188} INFO - [2024-05-06T20:34:53.547+0700] {dag.py:3096} INFO - Sync 2 DAGs
[2024-05-06T20:34:53.552+0700] {logging_mixin.py:188} INFO - [2024-05-06T20:34:53.552+0700] {dag.py:3954} INFO - Setting next_dagrun for example_xcom_args to None, run_after=None
[2024-05-06T20:34:53.553+0700] {logging_mixin.py:188} INFO - [2024-05-06T20:34:53.553+0700] {dag.py:3954} INFO - Setting next_dagrun for example_xcom_args_with_operators to None, run_after=None
[2024-05-06T20:34:53.564+0700] {processor.py:183} INFO - Processing /opt/homebrew/Caskroom/miniconda/base/lib/python3.11/site-packages/airflow/example_dags/example_xcomargs.py took 0.206 seconds
