[2024-05-06T07:32:00.542+0700] {processor.py:161} INFO - Started process (PID=72669) to work on /Library/Frameworks/Python.framework/Versions/3.10/lib/python3.10/site-packages/airflow/example_dags/example_branch_operator.py
[2024-05-06T07:32:00.542+0700] {processor.py:830} INFO - Processing file /Library/Frameworks/Python.framework/Versions/3.10/lib/python3.10/site-packages/airflow/example_dags/example_branch_operator.py for tasks to queue
[2024-05-06T07:32:00.543+0700] {logging_mixin.py:188} INFO - [2024-05-06T07:32:00.543+0700] {dagbag.py:540} INFO - Filling up the DagBag from /Library/Frameworks/Python.framework/Versions/3.10/lib/python3.10/site-packages/airflow/example_dags/example_branch_operator.py
[2024-05-06T07:32:00.564+0700] {processor.py:840} INFO - DAG(s) 'example_branch_operator' retrieved from /Library/Frameworks/Python.framework/Versions/3.10/lib/python3.10/site-packages/airflow/example_dags/example_branch_operator.py
[2024-05-06T07:32:00.710+0700] {logging_mixin.py:188} INFO - [2024-05-06T07:32:00.710+0700] {dag.py:3096} INFO - Sync 1 DAGs
[2024-05-06T07:32:00.720+0700] {logging_mixin.py:188} INFO - [2024-05-06T07:32:00.719+0700] {dag.py:3954} INFO - Setting next_dagrun for example_branch_operator to 2024-05-05 00:00:00+00:00, run_after=2024-05-06 00:00:00+00:00
[2024-05-06T07:32:00.732+0700] {processor.py:183} INFO - Processing /Library/Frameworks/Python.framework/Versions/3.10/lib/python3.10/site-packages/airflow/example_dags/example_branch_operator.py took 0.192 seconds
[2024-05-06T07:34:34.997+0700] {processor.py:161} INFO - Started process (PID=73487) to work on /Library/Frameworks/Python.framework/Versions/3.10/lib/python3.10/site-packages/airflow/example_dags/example_branch_operator.py
[2024-05-06T07:34:34.999+0700] {processor.py:830} INFO - Processing file /Library/Frameworks/Python.framework/Versions/3.10/lib/python3.10/site-packages/airflow/example_dags/example_branch_operator.py for tasks to queue
[2024-05-06T07:34:34.999+0700] {logging_mixin.py:188} INFO - [2024-05-06T07:34:34.999+0700] {dagbag.py:540} INFO - Filling up the DagBag from /Library/Frameworks/Python.framework/Versions/3.10/lib/python3.10/site-packages/airflow/example_dags/example_branch_operator.py
[2024-05-06T07:34:35.019+0700] {processor.py:840} INFO - DAG(s) 'example_branch_operator' retrieved from /Library/Frameworks/Python.framework/Versions/3.10/lib/python3.10/site-packages/airflow/example_dags/example_branch_operator.py
[2024-05-06T07:34:35.248+0700] {logging_mixin.py:188} INFO - [2024-05-06T07:34:35.248+0700] {dag.py:3096} INFO - Sync 1 DAGs
[2024-05-06T07:34:35.257+0700] {logging_mixin.py:188} INFO - [2024-05-06T07:34:35.257+0700] {dag.py:3954} INFO - Setting next_dagrun for example_branch_operator to 2024-05-05 00:00:00+00:00, run_after=2024-05-06 00:00:00+00:00
[2024-05-06T07:34:35.272+0700] {processor.py:183} INFO - Processing /Library/Frameworks/Python.framework/Versions/3.10/lib/python3.10/site-packages/airflow/example_dags/example_branch_operator.py took 0.277 seconds
[2024-05-06T07:37:06.746+0700] {processor.py:161} INFO - Started process (PID=74167) to work on /Library/Frameworks/Python.framework/Versions/3.10/lib/python3.10/site-packages/airflow/example_dags/example_branch_operator.py
[2024-05-06T07:37:06.748+0700] {processor.py:830} INFO - Processing file /Library/Frameworks/Python.framework/Versions/3.10/lib/python3.10/site-packages/airflow/example_dags/example_branch_operator.py for tasks to queue
[2024-05-06T07:37:06.748+0700] {logging_mixin.py:188} INFO - [2024-05-06T07:37:06.748+0700] {dagbag.py:540} INFO - Filling up the DagBag from /Library/Frameworks/Python.framework/Versions/3.10/lib/python3.10/site-packages/airflow/example_dags/example_branch_operator.py
[2024-05-06T07:37:06.769+0700] {processor.py:840} INFO - DAG(s) 'example_branch_operator' retrieved from /Library/Frameworks/Python.framework/Versions/3.10/lib/python3.10/site-packages/airflow/example_dags/example_branch_operator.py
[2024-05-06T07:37:06.920+0700] {logging_mixin.py:188} INFO - [2024-05-06T07:37:06.919+0700] {dag.py:3096} INFO - Sync 1 DAGs
[2024-05-06T07:37:06.929+0700] {logging_mixin.py:188} INFO - [2024-05-06T07:37:06.929+0700] {dag.py:3954} INFO - Setting next_dagrun for example_branch_operator to 2024-05-05 00:00:00+00:00, run_after=2024-05-06 00:00:00+00:00
[2024-05-06T07:37:06.941+0700] {processor.py:183} INFO - Processing /Library/Frameworks/Python.framework/Versions/3.10/lib/python3.10/site-packages/airflow/example_dags/example_branch_operator.py took 0.196 seconds
[2024-05-06T07:39:42.520+0700] {processor.py:161} INFO - Started process (PID=74887) to work on /Library/Frameworks/Python.framework/Versions/3.10/lib/python3.10/site-packages/airflow/example_dags/example_branch_operator.py
[2024-05-06T07:39:42.521+0700] {processor.py:830} INFO - Processing file /Library/Frameworks/Python.framework/Versions/3.10/lib/python3.10/site-packages/airflow/example_dags/example_branch_operator.py for tasks to queue
[2024-05-06T07:39:42.522+0700] {logging_mixin.py:188} INFO - [2024-05-06T07:39:42.521+0700] {dagbag.py:540} INFO - Filling up the DagBag from /Library/Frameworks/Python.framework/Versions/3.10/lib/python3.10/site-packages/airflow/example_dags/example_branch_operator.py
[2024-05-06T07:39:42.542+0700] {processor.py:840} INFO - DAG(s) 'example_branch_operator' retrieved from /Library/Frameworks/Python.framework/Versions/3.10/lib/python3.10/site-packages/airflow/example_dags/example_branch_operator.py
[2024-05-06T07:39:42.688+0700] {logging_mixin.py:188} INFO - [2024-05-06T07:39:42.687+0700] {dag.py:3096} INFO - Sync 1 DAGs
[2024-05-06T07:39:42.697+0700] {logging_mixin.py:188} INFO - [2024-05-06T07:39:42.697+0700] {dag.py:3954} INFO - Setting next_dagrun for example_branch_operator to 2024-05-05 00:00:00+00:00, run_after=2024-05-06 00:00:00+00:00
[2024-05-06T07:39:42.709+0700] {processor.py:183} INFO - Processing /Library/Frameworks/Python.framework/Versions/3.10/lib/python3.10/site-packages/airflow/example_dags/example_branch_operator.py took 0.190 seconds
[2024-05-06T08:14:48.972+0700] {processor.py:161} INFO - Started process (PID=75620) to work on /Library/Frameworks/Python.framework/Versions/3.10/lib/python3.10/site-packages/airflow/example_dags/example_branch_operator.py
[2024-05-06T08:14:48.973+0700] {processor.py:830} INFO - Processing file /Library/Frameworks/Python.framework/Versions/3.10/lib/python3.10/site-packages/airflow/example_dags/example_branch_operator.py for tasks to queue
[2024-05-06T08:14:48.974+0700] {logging_mixin.py:188} INFO - [2024-05-06T08:14:48.973+0700] {dagbag.py:540} INFO - Filling up the DagBag from /Library/Frameworks/Python.framework/Versions/3.10/lib/python3.10/site-packages/airflow/example_dags/example_branch_operator.py
[2024-05-06T08:14:48.994+0700] {processor.py:840} INFO - DAG(s) 'example_branch_operator' retrieved from /Library/Frameworks/Python.framework/Versions/3.10/lib/python3.10/site-packages/airflow/example_dags/example_branch_operator.py
[2024-05-06T08:14:49.139+0700] {logging_mixin.py:188} INFO - [2024-05-06T08:14:49.139+0700] {dag.py:3096} INFO - Sync 1 DAGs
[2024-05-06T08:14:49.148+0700] {logging_mixin.py:188} INFO - [2024-05-06T08:14:49.148+0700] {dag.py:3954} INFO - Setting next_dagrun for example_branch_operator to 2024-05-05 00:00:00+00:00, run_after=2024-05-06 00:00:00+00:00
[2024-05-06T08:14:49.160+0700] {processor.py:183} INFO - Processing /Library/Frameworks/Python.framework/Versions/3.10/lib/python3.10/site-packages/airflow/example_dags/example_branch_operator.py took 0.189 seconds
[2024-05-06T08:43:39.252+0700] {processor.py:161} INFO - Started process (PID=76415) to work on /Library/Frameworks/Python.framework/Versions/3.10/lib/python3.10/site-packages/airflow/example_dags/example_branch_operator.py
[2024-05-06T08:43:39.253+0700] {processor.py:830} INFO - Processing file /Library/Frameworks/Python.framework/Versions/3.10/lib/python3.10/site-packages/airflow/example_dags/example_branch_operator.py for tasks to queue
[2024-05-06T08:43:39.253+0700] {logging_mixin.py:188} INFO - [2024-05-06T08:43:39.253+0700] {dagbag.py:540} INFO - Filling up the DagBag from /Library/Frameworks/Python.framework/Versions/3.10/lib/python3.10/site-packages/airflow/example_dags/example_branch_operator.py
[2024-05-06T08:43:39.274+0700] {processor.py:840} INFO - DAG(s) 'example_branch_operator' retrieved from /Library/Frameworks/Python.framework/Versions/3.10/lib/python3.10/site-packages/airflow/example_dags/example_branch_operator.py
[2024-05-06T08:43:39.420+0700] {logging_mixin.py:188} INFO - [2024-05-06T08:43:39.419+0700] {dag.py:3096} INFO - Sync 1 DAGs
[2024-05-06T08:43:39.429+0700] {logging_mixin.py:188} INFO - [2024-05-06T08:43:39.429+0700] {dag.py:3954} INFO - Setting next_dagrun for example_branch_operator to 2024-05-05 00:00:00+00:00, run_after=2024-05-06 00:00:00+00:00
[2024-05-06T08:43:39.441+0700] {processor.py:183} INFO - Processing /Library/Frameworks/Python.framework/Versions/3.10/lib/python3.10/site-packages/airflow/example_dags/example_branch_operator.py took 0.191 seconds
[2024-05-06T09:02:38.269+0700] {processor.py:161} INFO - Started process (PID=77162) to work on /Library/Frameworks/Python.framework/Versions/3.10/lib/python3.10/site-packages/airflow/example_dags/example_branch_operator.py
[2024-05-06T09:02:38.270+0700] {processor.py:830} INFO - Processing file /Library/Frameworks/Python.framework/Versions/3.10/lib/python3.10/site-packages/airflow/example_dags/example_branch_operator.py for tasks to queue
[2024-05-06T09:02:38.271+0700] {logging_mixin.py:188} INFO - [2024-05-06T09:02:38.271+0700] {dagbag.py:540} INFO - Filling up the DagBag from /Library/Frameworks/Python.framework/Versions/3.10/lib/python3.10/site-packages/airflow/example_dags/example_branch_operator.py
[2024-05-06T09:02:38.292+0700] {processor.py:840} INFO - DAG(s) 'example_branch_operator' retrieved from /Library/Frameworks/Python.framework/Versions/3.10/lib/python3.10/site-packages/airflow/example_dags/example_branch_operator.py
[2024-05-06T09:02:38.444+0700] {logging_mixin.py:188} INFO - [2024-05-06T09:02:38.443+0700] {dag.py:3096} INFO - Sync 1 DAGs
[2024-05-06T09:02:38.453+0700] {logging_mixin.py:188} INFO - [2024-05-06T09:02:38.453+0700] {dag.py:3954} INFO - Setting next_dagrun for example_branch_operator to 2024-05-05 00:00:00+00:00, run_after=2024-05-06 00:00:00+00:00
[2024-05-06T09:02:38.467+0700] {processor.py:183} INFO - Processing /Library/Frameworks/Python.framework/Versions/3.10/lib/python3.10/site-packages/airflow/example_dags/example_branch_operator.py took 0.199 seconds
[2024-05-06T09:38:05.923+0700] {processor.py:161} INFO - Started process (PID=78034) to work on /Library/Frameworks/Python.framework/Versions/3.10/lib/python3.10/site-packages/airflow/example_dags/example_branch_operator.py
[2024-05-06T09:38:05.924+0700] {processor.py:830} INFO - Processing file /Library/Frameworks/Python.framework/Versions/3.10/lib/python3.10/site-packages/airflow/example_dags/example_branch_operator.py for tasks to queue
[2024-05-06T09:38:05.925+0700] {logging_mixin.py:188} INFO - [2024-05-06T09:38:05.925+0700] {dagbag.py:540} INFO - Filling up the DagBag from /Library/Frameworks/Python.framework/Versions/3.10/lib/python3.10/site-packages/airflow/example_dags/example_branch_operator.py
[2024-05-06T09:38:05.945+0700] {processor.py:840} INFO - DAG(s) 'example_branch_operator' retrieved from /Library/Frameworks/Python.framework/Versions/3.10/lib/python3.10/site-packages/airflow/example_dags/example_branch_operator.py
[2024-05-06T09:38:06.090+0700] {logging_mixin.py:188} INFO - [2024-05-06T09:38:06.090+0700] {dag.py:3096} INFO - Sync 1 DAGs
[2024-05-06T09:38:06.100+0700] {logging_mixin.py:188} INFO - [2024-05-06T09:38:06.099+0700] {dag.py:3954} INFO - Setting next_dagrun for example_branch_operator to 2024-05-05 00:00:00+00:00, run_after=2024-05-06 00:00:00+00:00
[2024-05-06T09:38:06.112+0700] {processor.py:183} INFO - Processing /Library/Frameworks/Python.framework/Versions/3.10/lib/python3.10/site-packages/airflow/example_dags/example_branch_operator.py took 0.190 seconds
[2024-05-06T09:56:04.714+0700] {processor.py:161} INFO - Started process (PID=78787) to work on /Library/Frameworks/Python.framework/Versions/3.10/lib/python3.10/site-packages/airflow/example_dags/example_branch_operator.py
[2024-05-06T09:56:04.716+0700] {processor.py:830} INFO - Processing file /Library/Frameworks/Python.framework/Versions/3.10/lib/python3.10/site-packages/airflow/example_dags/example_branch_operator.py for tasks to queue
[2024-05-06T09:56:04.716+0700] {logging_mixin.py:188} INFO - [2024-05-06T09:56:04.716+0700] {dagbag.py:540} INFO - Filling up the DagBag from /Library/Frameworks/Python.framework/Versions/3.10/lib/python3.10/site-packages/airflow/example_dags/example_branch_operator.py
[2024-05-06T09:56:04.737+0700] {processor.py:840} INFO - DAG(s) 'example_branch_operator' retrieved from /Library/Frameworks/Python.framework/Versions/3.10/lib/python3.10/site-packages/airflow/example_dags/example_branch_operator.py
[2024-05-06T09:56:04.883+0700] {logging_mixin.py:188} INFO - [2024-05-06T09:56:04.883+0700] {dag.py:3096} INFO - Sync 1 DAGs
[2024-05-06T09:56:04.893+0700] {logging_mixin.py:188} INFO - [2024-05-06T09:56:04.893+0700] {dag.py:3954} INFO - Setting next_dagrun for example_branch_operator to 2024-05-05 00:00:00+00:00, run_after=2024-05-06 00:00:00+00:00
[2024-05-06T09:56:04.905+0700] {processor.py:183} INFO - Processing /Library/Frameworks/Python.framework/Versions/3.10/lib/python3.10/site-packages/airflow/example_dags/example_branch_operator.py took 0.192 seconds
[2024-05-06T10:37:47.644+0700] {processor.py:161} INFO - Started process (PID=79547) to work on /Library/Frameworks/Python.framework/Versions/3.10/lib/python3.10/site-packages/airflow/example_dags/example_branch_operator.py
[2024-05-06T10:37:47.645+0700] {processor.py:830} INFO - Processing file /Library/Frameworks/Python.framework/Versions/3.10/lib/python3.10/site-packages/airflow/example_dags/example_branch_operator.py for tasks to queue
[2024-05-06T10:37:47.646+0700] {logging_mixin.py:188} INFO - [2024-05-06T10:37:47.646+0700] {dagbag.py:540} INFO - Filling up the DagBag from /Library/Frameworks/Python.framework/Versions/3.10/lib/python3.10/site-packages/airflow/example_dags/example_branch_operator.py
[2024-05-06T10:37:47.666+0700] {processor.py:840} INFO - DAG(s) 'example_branch_operator' retrieved from /Library/Frameworks/Python.framework/Versions/3.10/lib/python3.10/site-packages/airflow/example_dags/example_branch_operator.py
[2024-05-06T10:37:47.817+0700] {logging_mixin.py:188} INFO - [2024-05-06T10:37:47.817+0700] {dag.py:3096} INFO - Sync 1 DAGs
[2024-05-06T10:37:47.828+0700] {logging_mixin.py:188} INFO - [2024-05-06T10:37:47.828+0700] {dag.py:3954} INFO - Setting next_dagrun for example_branch_operator to 2024-05-05 00:00:00+00:00, run_after=2024-05-06 00:00:00+00:00
[2024-05-06T10:37:47.841+0700] {processor.py:183} INFO - Processing /Library/Frameworks/Python.framework/Versions/3.10/lib/python3.10/site-packages/airflow/example_dags/example_branch_operator.py took 0.199 seconds
[2024-05-06T10:57:41.335+0700] {processor.py:161} INFO - Started process (PID=80320) to work on /Library/Frameworks/Python.framework/Versions/3.10/lib/python3.10/site-packages/airflow/example_dags/example_branch_operator.py
[2024-05-06T10:57:41.336+0700] {processor.py:830} INFO - Processing file /Library/Frameworks/Python.framework/Versions/3.10/lib/python3.10/site-packages/airflow/example_dags/example_branch_operator.py for tasks to queue
[2024-05-06T10:57:41.337+0700] {logging_mixin.py:188} INFO - [2024-05-06T10:57:41.337+0700] {dagbag.py:540} INFO - Filling up the DagBag from /Library/Frameworks/Python.framework/Versions/3.10/lib/python3.10/site-packages/airflow/example_dags/example_branch_operator.py
[2024-05-06T10:57:41.366+0700] {processor.py:840} INFO - DAG(s) 'example_branch_operator' retrieved from /Library/Frameworks/Python.framework/Versions/3.10/lib/python3.10/site-packages/airflow/example_dags/example_branch_operator.py
[2024-05-06T10:57:41.538+0700] {logging_mixin.py:188} INFO - [2024-05-06T10:57:41.538+0700] {dag.py:3096} INFO - Sync 1 DAGs
[2024-05-06T10:57:41.551+0700] {logging_mixin.py:188} INFO - [2024-05-06T10:57:41.551+0700] {dag.py:3954} INFO - Setting next_dagrun for example_branch_operator to 2024-05-05 00:00:00+00:00, run_after=2024-05-06 00:00:00+00:00
[2024-05-06T10:57:41.566+0700] {processor.py:183} INFO - Processing /Library/Frameworks/Python.framework/Versions/3.10/lib/python3.10/site-packages/airflow/example_dags/example_branch_operator.py took 0.234 seconds
[2024-05-06T11:00:31.758+0700] {processor.py:161} INFO - Started process (PID=81135) to work on /Library/Frameworks/Python.framework/Versions/3.10/lib/python3.10/site-packages/airflow/example_dags/example_branch_operator.py
[2024-05-06T11:00:31.759+0700] {processor.py:830} INFO - Processing file /Library/Frameworks/Python.framework/Versions/3.10/lib/python3.10/site-packages/airflow/example_dags/example_branch_operator.py for tasks to queue
[2024-05-06T11:00:31.759+0700] {logging_mixin.py:188} INFO - [2024-05-06T11:00:31.759+0700] {dagbag.py:540} INFO - Filling up the DagBag from /Library/Frameworks/Python.framework/Versions/3.10/lib/python3.10/site-packages/airflow/example_dags/example_branch_operator.py
[2024-05-06T11:00:31.783+0700] {processor.py:840} INFO - DAG(s) 'example_branch_operator' retrieved from /Library/Frameworks/Python.framework/Versions/3.10/lib/python3.10/site-packages/airflow/example_dags/example_branch_operator.py
[2024-05-06T11:00:32.000+0700] {logging_mixin.py:188} INFO - [2024-05-06T11:00:32.000+0700] {dag.py:3096} INFO - Sync 1 DAGs
[2024-05-06T11:00:32.016+0700] {logging_mixin.py:188} INFO - [2024-05-06T11:00:32.016+0700] {dag.py:3954} INFO - Setting next_dagrun for example_branch_operator to 2024-05-05 00:00:00+00:00, run_after=2024-05-06 00:00:00+00:00
[2024-05-06T11:00:32.073+0700] {processor.py:183} INFO - Processing /Library/Frameworks/Python.framework/Versions/3.10/lib/python3.10/site-packages/airflow/example_dags/example_branch_operator.py took 0.321 seconds
[2024-05-06T20:15:22.797+0700] {processor.py:161} INFO - Started process (PID=1784) to work on /opt/homebrew/Caskroom/miniconda/base/lib/python3.11/site-packages/airflow/example_dags/example_branch_operator.py
[2024-05-06T20:15:22.798+0700] {processor.py:830} INFO - Processing file /opt/homebrew/Caskroom/miniconda/base/lib/python3.11/site-packages/airflow/example_dags/example_branch_operator.py for tasks to queue
[2024-05-06T20:15:22.799+0700] {logging_mixin.py:188} INFO - [2024-05-06T20:15:22.799+0700] {dagbag.py:540} INFO - Filling up the DagBag from /opt/homebrew/Caskroom/miniconda/base/lib/python3.11/site-packages/airflow/example_dags/example_branch_operator.py
[2024-05-06T20:15:22.822+0700] {processor.py:840} INFO - DAG(s) 'example_branch_operator' retrieved from /opt/homebrew/Caskroom/miniconda/base/lib/python3.11/site-packages/airflow/example_dags/example_branch_operator.py
[2024-05-06T20:15:22.975+0700] {logging_mixin.py:188} INFO - [2024-05-06T20:15:22.975+0700] {dag.py:3096} INFO - Sync 1 DAGs
[2024-05-06T20:15:22.984+0700] {logging_mixin.py:188} INFO - [2024-05-06T20:15:22.984+0700] {dag.py:3954} INFO - Setting next_dagrun for example_branch_operator to 2024-05-05 00:00:00+00:00, run_after=2024-05-06 00:00:00+00:00
[2024-05-06T20:15:22.996+0700] {processor.py:183} INFO - Processing /opt/homebrew/Caskroom/miniconda/base/lib/python3.11/site-packages/airflow/example_dags/example_branch_operator.py took 0.201 seconds
[2024-05-06T20:18:30.027+0700] {processor.py:161} INFO - Started process (PID=2745) to work on /opt/homebrew/Caskroom/miniconda/base/lib/python3.11/site-packages/airflow/example_dags/example_branch_operator.py
[2024-05-06T20:18:30.027+0700] {processor.py:830} INFO - Processing file /opt/homebrew/Caskroom/miniconda/base/lib/python3.11/site-packages/airflow/example_dags/example_branch_operator.py for tasks to queue
[2024-05-06T20:18:30.028+0700] {logging_mixin.py:188} INFO - [2024-05-06T20:18:30.028+0700] {dagbag.py:540} INFO - Filling up the DagBag from /opt/homebrew/Caskroom/miniconda/base/lib/python3.11/site-packages/airflow/example_dags/example_branch_operator.py
[2024-05-06T20:18:30.051+0700] {processor.py:840} INFO - DAG(s) 'example_branch_operator' retrieved from /opt/homebrew/Caskroom/miniconda/base/lib/python3.11/site-packages/airflow/example_dags/example_branch_operator.py
[2024-05-06T20:18:30.200+0700] {logging_mixin.py:188} INFO - [2024-05-06T20:18:30.200+0700] {dag.py:3096} INFO - Sync 1 DAGs
[2024-05-06T20:18:30.210+0700] {logging_mixin.py:188} INFO - [2024-05-06T20:18:30.210+0700] {dag.py:3954} INFO - Setting next_dagrun for example_branch_operator to 2024-05-05 00:00:00+00:00, run_after=2024-05-06 00:00:00+00:00
[2024-05-06T20:18:30.221+0700] {processor.py:183} INFO - Processing /opt/homebrew/Caskroom/miniconda/base/lib/python3.11/site-packages/airflow/example_dags/example_branch_operator.py took 0.196 seconds
[2024-05-06T20:21:21.676+0700] {processor.py:161} INFO - Started process (PID=3724) to work on /opt/homebrew/Caskroom/miniconda/base/lib/python3.11/site-packages/airflow/example_dags/example_branch_operator.py
[2024-05-06T20:21:21.678+0700] {processor.py:830} INFO - Processing file /opt/homebrew/Caskroom/miniconda/base/lib/python3.11/site-packages/airflow/example_dags/example_branch_operator.py for tasks to queue
[2024-05-06T20:21:21.679+0700] {logging_mixin.py:188} INFO - [2024-05-06T20:21:21.679+0700] {dagbag.py:540} INFO - Filling up the DagBag from /opt/homebrew/Caskroom/miniconda/base/lib/python3.11/site-packages/airflow/example_dags/example_branch_operator.py
[2024-05-06T20:21:21.700+0700] {processor.py:840} INFO - DAG(s) 'example_branch_operator' retrieved from /opt/homebrew/Caskroom/miniconda/base/lib/python3.11/site-packages/airflow/example_dags/example_branch_operator.py
[2024-05-06T20:21:21.849+0700] {logging_mixin.py:188} INFO - [2024-05-06T20:21:21.849+0700] {dag.py:3096} INFO - Sync 1 DAGs
[2024-05-06T20:21:21.858+0700] {logging_mixin.py:188} INFO - [2024-05-06T20:21:21.858+0700] {dag.py:3954} INFO - Setting next_dagrun for example_branch_operator to 2024-05-05 00:00:00+00:00, run_after=2024-05-06 00:00:00+00:00
[2024-05-06T20:21:21.869+0700] {processor.py:183} INFO - Processing /opt/homebrew/Caskroom/miniconda/base/lib/python3.11/site-packages/airflow/example_dags/example_branch_operator.py took 0.195 seconds
[2024-05-06T20:24:14.490+0700] {processor.py:161} INFO - Started process (PID=4614) to work on /opt/homebrew/Caskroom/miniconda/base/lib/python3.11/site-packages/airflow/example_dags/example_branch_operator.py
[2024-05-06T20:24:14.491+0700] {processor.py:830} INFO - Processing file /opt/homebrew/Caskroom/miniconda/base/lib/python3.11/site-packages/airflow/example_dags/example_branch_operator.py for tasks to queue
[2024-05-06T20:24:14.491+0700] {logging_mixin.py:188} INFO - [2024-05-06T20:24:14.491+0700] {dagbag.py:540} INFO - Filling up the DagBag from /opt/homebrew/Caskroom/miniconda/base/lib/python3.11/site-packages/airflow/example_dags/example_branch_operator.py
[2024-05-06T20:24:14.514+0700] {processor.py:840} INFO - DAG(s) 'example_branch_operator' retrieved from /opt/homebrew/Caskroom/miniconda/base/lib/python3.11/site-packages/airflow/example_dags/example_branch_operator.py
[2024-05-06T20:24:14.667+0700] {logging_mixin.py:188} INFO - [2024-05-06T20:24:14.667+0700] {dag.py:3096} INFO - Sync 1 DAGs
[2024-05-06T20:24:14.676+0700] {logging_mixin.py:188} INFO - [2024-05-06T20:24:14.676+0700] {dag.py:3954} INFO - Setting next_dagrun for example_branch_operator to 2024-05-05 00:00:00+00:00, run_after=2024-05-06 00:00:00+00:00
[2024-05-06T20:24:14.687+0700] {processor.py:183} INFO - Processing /opt/homebrew/Caskroom/miniconda/base/lib/python3.11/site-packages/airflow/example_dags/example_branch_operator.py took 0.199 seconds
[2024-05-06T20:27:00.197+0700] {processor.py:161} INFO - Started process (PID=5426) to work on /opt/homebrew/Caskroom/miniconda/base/lib/python3.11/site-packages/airflow/example_dags/example_branch_operator.py
[2024-05-06T20:27:00.198+0700] {processor.py:830} INFO - Processing file /opt/homebrew/Caskroom/miniconda/base/lib/python3.11/site-packages/airflow/example_dags/example_branch_operator.py for tasks to queue
[2024-05-06T20:27:00.198+0700] {logging_mixin.py:188} INFO - [2024-05-06T20:27:00.198+0700] {dagbag.py:540} INFO - Filling up the DagBag from /opt/homebrew/Caskroom/miniconda/base/lib/python3.11/site-packages/airflow/example_dags/example_branch_operator.py
[2024-05-06T20:27:00.220+0700] {processor.py:840} INFO - DAG(s) 'example_branch_operator' retrieved from /opt/homebrew/Caskroom/miniconda/base/lib/python3.11/site-packages/airflow/example_dags/example_branch_operator.py
[2024-05-06T20:27:00.374+0700] {logging_mixin.py:188} INFO - [2024-05-06T20:27:00.373+0700] {dag.py:3096} INFO - Sync 1 DAGs
[2024-05-06T20:27:00.383+0700] {logging_mixin.py:188} INFO - [2024-05-06T20:27:00.383+0700] {dag.py:3954} INFO - Setting next_dagrun for example_branch_operator to 2024-05-05 00:00:00+00:00, run_after=2024-05-06 00:00:00+00:00
[2024-05-06T20:27:00.394+0700] {processor.py:183} INFO - Processing /opt/homebrew/Caskroom/miniconda/base/lib/python3.11/site-packages/airflow/example_dags/example_branch_operator.py took 0.200 seconds
[2024-05-06T20:31:12.358+0700] {processor.py:161} INFO - Started process (PID=6756) to work on /opt/homebrew/Caskroom/miniconda/base/lib/python3.11/site-packages/airflow/example_dags/example_branch_operator.py
[2024-05-06T20:31:12.359+0700] {processor.py:830} INFO - Processing file /opt/homebrew/Caskroom/miniconda/base/lib/python3.11/site-packages/airflow/example_dags/example_branch_operator.py for tasks to queue
[2024-05-06T20:31:12.359+0700] {logging_mixin.py:188} INFO - [2024-05-06T20:31:12.359+0700] {dagbag.py:540} INFO - Filling up the DagBag from /opt/homebrew/Caskroom/miniconda/base/lib/python3.11/site-packages/airflow/example_dags/example_branch_operator.py
[2024-05-06T20:31:12.383+0700] {processor.py:840} INFO - DAG(s) 'example_branch_operator' retrieved from /opt/homebrew/Caskroom/miniconda/base/lib/python3.11/site-packages/airflow/example_dags/example_branch_operator.py
[2024-05-06T20:31:12.535+0700] {logging_mixin.py:188} INFO - [2024-05-06T20:31:12.535+0700] {dag.py:3096} INFO - Sync 1 DAGs
[2024-05-06T20:31:12.545+0700] {logging_mixin.py:188} INFO - [2024-05-06T20:31:12.545+0700] {dag.py:3954} INFO - Setting next_dagrun for example_branch_operator to 2024-05-05 00:00:00+00:00, run_after=2024-05-06 00:00:00+00:00
[2024-05-06T20:31:12.556+0700] {processor.py:183} INFO - Processing /opt/homebrew/Caskroom/miniconda/base/lib/python3.11/site-packages/airflow/example_dags/example_branch_operator.py took 0.201 seconds
[2024-05-06T20:34:02.211+0700] {processor.py:161} INFO - Started process (PID=7677) to work on /opt/homebrew/Caskroom/miniconda/base/lib/python3.11/site-packages/airflow/example_dags/example_branch_operator.py
[2024-05-06T20:34:02.212+0700] {processor.py:830} INFO - Processing file /opt/homebrew/Caskroom/miniconda/base/lib/python3.11/site-packages/airflow/example_dags/example_branch_operator.py for tasks to queue
[2024-05-06T20:34:02.213+0700] {logging_mixin.py:188} INFO - [2024-05-06T20:34:02.213+0700] {dagbag.py:540} INFO - Filling up the DagBag from /opt/homebrew/Caskroom/miniconda/base/lib/python3.11/site-packages/airflow/example_dags/example_branch_operator.py
[2024-05-06T20:34:02.242+0700] {processor.py:840} INFO - DAG(s) 'example_branch_operator' retrieved from /opt/homebrew/Caskroom/miniconda/base/lib/python3.11/site-packages/airflow/example_dags/example_branch_operator.py
[2024-05-06T20:34:02.394+0700] {logging_mixin.py:188} INFO - [2024-05-06T20:34:02.394+0700] {dag.py:3096} INFO - Sync 1 DAGs
[2024-05-06T20:34:02.403+0700] {logging_mixin.py:188} INFO - [2024-05-06T20:34:02.403+0700] {dag.py:3954} INFO - Setting next_dagrun for example_branch_operator to 2024-05-05 00:00:00+00:00, run_after=2024-05-06 00:00:00+00:00
[2024-05-06T20:34:02.414+0700] {processor.py:183} INFO - Processing /opt/homebrew/Caskroom/miniconda/base/lib/python3.11/site-packages/airflow/example_dags/example_branch_operator.py took 0.205 seconds
