[2024-05-06T07:31:39.761+0700] {processor.py:161} INFO - Started process (PID=72569) to work on /Library/Frameworks/Python.framework/Versions/3.10/lib/python3.10/site-packages/airflow/example_dags/example_kubernetes_executor.py
[2024-05-06T07:31:39.761+0700] {processor.py:830} INFO - Processing file /Library/Frameworks/Python.framework/Versions/3.10/lib/python3.10/site-packages/airflow/example_dags/example_kubernetes_executor.py for tasks to queue
[2024-05-06T07:31:39.762+0700] {logging_mixin.py:188} INFO - [2024-05-06T07:31:39.762+0700] {dagbag.py:540} INFO - Filling up the DagBag from /Library/Frameworks/Python.framework/Versions/3.10/lib/python3.10/site-packages/airflow/example_dags/example_kubernetes_executor.py
[2024-05-06T07:31:39.961+0700] {processor.py:840} INFO - DAG(s) 'example_kubernetes_executor' retrieved from /Library/Frameworks/Python.framework/Versions/3.10/lib/python3.10/site-packages/airflow/example_dags/example_kubernetes_executor.py
[2024-05-06T07:31:40.046+0700] {logging_mixin.py:188} WARNING - /Library/Frameworks/Python.framework/Versions/3.10/lib/python3.10/site-packages/airflow/serialization/serialized_objects.py:1673 DeprecationWarning: This module is deprecated. The `cncf.kubernetes` provider before version 7.4.0 uses this module - you should migrate to a newer version of `cncf.kubernetes` to get rid of this warning. If you import the module via `airflow.kubernetes` import, please use `cncf.kubernetes' provider 7.4.0+ and switch all your imports to use `apache.airflow.providers.cncf.kubernetes` to get rid of the warning.
[2024-05-06T07:31:40.055+0700] {logging_mixin.py:188} INFO - [2024-05-06T07:31:40.055+0700] {dag.py:3096} INFO - Sync 1 DAGs
[2024-05-06T07:31:40.061+0700] {logging_mixin.py:188} INFO - [2024-05-06T07:31:40.061+0700] {dag.py:3954} INFO - Setting next_dagrun for example_kubernetes_executor to None, run_after=None
[2024-05-06T07:31:40.072+0700] {processor.py:183} INFO - Processing /Library/Frameworks/Python.framework/Versions/3.10/lib/python3.10/site-packages/airflow/example_dags/example_kubernetes_executor.py took 0.313 seconds
[2024-05-06T07:34:13.760+0700] {processor.py:161} INFO - Started process (PID=73377) to work on /Library/Frameworks/Python.framework/Versions/3.10/lib/python3.10/site-packages/airflow/example_dags/example_kubernetes_executor.py
[2024-05-06T07:34:13.760+0700] {processor.py:830} INFO - Processing file /Library/Frameworks/Python.framework/Versions/3.10/lib/python3.10/site-packages/airflow/example_dags/example_kubernetes_executor.py for tasks to queue
[2024-05-06T07:34:13.761+0700] {logging_mixin.py:188} INFO - [2024-05-06T07:34:13.761+0700] {dagbag.py:540} INFO - Filling up the DagBag from /Library/Frameworks/Python.framework/Versions/3.10/lib/python3.10/site-packages/airflow/example_dags/example_kubernetes_executor.py
[2024-05-06T07:34:14.022+0700] {processor.py:840} INFO - DAG(s) 'example_kubernetes_executor' retrieved from /Library/Frameworks/Python.framework/Versions/3.10/lib/python3.10/site-packages/airflow/example_dags/example_kubernetes_executor.py
[2024-05-06T07:34:14.108+0700] {logging_mixin.py:188} WARNING - /Library/Frameworks/Python.framework/Versions/3.10/lib/python3.10/site-packages/airflow/serialization/serialized_objects.py:1673 DeprecationWarning: This module is deprecated. The `cncf.kubernetes` provider before version 7.4.0 uses this module - you should migrate to a newer version of `cncf.kubernetes` to get rid of this warning. If you import the module via `airflow.kubernetes` import, please use `cncf.kubernetes' provider 7.4.0+ and switch all your imports to use `apache.airflow.providers.cncf.kubernetes` to get rid of the warning.
[2024-05-06T07:34:14.118+0700] {logging_mixin.py:188} INFO - [2024-05-06T07:34:14.118+0700] {dag.py:3096} INFO - Sync 1 DAGs
[2024-05-06T07:34:14.124+0700] {logging_mixin.py:188} INFO - [2024-05-06T07:34:14.124+0700] {dag.py:3954} INFO - Setting next_dagrun for example_kubernetes_executor to None, run_after=None
[2024-05-06T07:34:14.135+0700] {processor.py:183} INFO - Processing /Library/Frameworks/Python.framework/Versions/3.10/lib/python3.10/site-packages/airflow/example_dags/example_kubernetes_executor.py took 0.377 seconds
[2024-05-06T07:36:46.561+0700] {processor.py:161} INFO - Started process (PID=74077) to work on /Library/Frameworks/Python.framework/Versions/3.10/lib/python3.10/site-packages/airflow/example_dags/example_kubernetes_executor.py
[2024-05-06T07:36:46.562+0700] {processor.py:830} INFO - Processing file /Library/Frameworks/Python.framework/Versions/3.10/lib/python3.10/site-packages/airflow/example_dags/example_kubernetes_executor.py for tasks to queue
[2024-05-06T07:36:46.563+0700] {logging_mixin.py:188} INFO - [2024-05-06T07:36:46.562+0700] {dagbag.py:540} INFO - Filling up the DagBag from /Library/Frameworks/Python.framework/Versions/3.10/lib/python3.10/site-packages/airflow/example_dags/example_kubernetes_executor.py
[2024-05-06T07:36:47.199+0700] {processor.py:840} INFO - DAG(s) 'example_kubernetes_executor' retrieved from /Library/Frameworks/Python.framework/Versions/3.10/lib/python3.10/site-packages/airflow/example_dags/example_kubernetes_executor.py
[2024-05-06T07:36:47.319+0700] {logging_mixin.py:188} WARNING - /Library/Frameworks/Python.framework/Versions/3.10/lib/python3.10/site-packages/airflow/serialization/serialized_objects.py:1673 DeprecationWarning: This module is deprecated. The `cncf.kubernetes` provider before version 7.4.0 uses this module - you should migrate to a newer version of `cncf.kubernetes` to get rid of this warning. If you import the module via `airflow.kubernetes` import, please use `cncf.kubernetes' provider 7.4.0+ and switch all your imports to use `apache.airflow.providers.cncf.kubernetes` to get rid of the warning.
[2024-05-06T07:36:47.331+0700] {logging_mixin.py:188} INFO - [2024-05-06T07:36:47.331+0700] {dag.py:3096} INFO - Sync 1 DAGs
[2024-05-06T07:36:47.337+0700] {logging_mixin.py:188} INFO - [2024-05-06T07:36:47.337+0700] {dag.py:3954} INFO - Setting next_dagrun for example_kubernetes_executor to None, run_after=None
[2024-05-06T07:36:47.348+0700] {processor.py:183} INFO - Processing /Library/Frameworks/Python.framework/Versions/3.10/lib/python3.10/site-packages/airflow/example_dags/example_kubernetes_executor.py took 0.788 seconds
[2024-05-06T07:39:22.521+0700] {processor.py:161} INFO - Started process (PID=74788) to work on /Library/Frameworks/Python.framework/Versions/3.10/lib/python3.10/site-packages/airflow/example_dags/example_kubernetes_executor.py
[2024-05-06T07:39:22.522+0700] {processor.py:830} INFO - Processing file /Library/Frameworks/Python.framework/Versions/3.10/lib/python3.10/site-packages/airflow/example_dags/example_kubernetes_executor.py for tasks to queue
[2024-05-06T07:39:22.522+0700] {logging_mixin.py:188} INFO - [2024-05-06T07:39:22.522+0700] {dagbag.py:540} INFO - Filling up the DagBag from /Library/Frameworks/Python.framework/Versions/3.10/lib/python3.10/site-packages/airflow/example_dags/example_kubernetes_executor.py
[2024-05-06T07:39:22.764+0700] {processor.py:840} INFO - DAG(s) 'example_kubernetes_executor' retrieved from /Library/Frameworks/Python.framework/Versions/3.10/lib/python3.10/site-packages/airflow/example_dags/example_kubernetes_executor.py
[2024-05-06T07:39:22.849+0700] {logging_mixin.py:188} WARNING - /Library/Frameworks/Python.framework/Versions/3.10/lib/python3.10/site-packages/airflow/serialization/serialized_objects.py:1673 DeprecationWarning: This module is deprecated. The `cncf.kubernetes` provider before version 7.4.0 uses this module - you should migrate to a newer version of `cncf.kubernetes` to get rid of this warning. If you import the module via `airflow.kubernetes` import, please use `cncf.kubernetes' provider 7.4.0+ and switch all your imports to use `apache.airflow.providers.cncf.kubernetes` to get rid of the warning.
[2024-05-06T07:39:22.858+0700] {logging_mixin.py:188} INFO - [2024-05-06T07:39:22.858+0700] {dag.py:3096} INFO - Sync 1 DAGs
[2024-05-06T07:39:22.864+0700] {logging_mixin.py:188} INFO - [2024-05-06T07:39:22.864+0700] {dag.py:3954} INFO - Setting next_dagrun for example_kubernetes_executor to None, run_after=None
[2024-05-06T07:39:22.875+0700] {processor.py:183} INFO - Processing /Library/Frameworks/Python.framework/Versions/3.10/lib/python3.10/site-packages/airflow/example_dags/example_kubernetes_executor.py took 0.356 seconds
[2024-05-06T07:58:24.793+0700] {processor.py:161} INFO - Started process (PID=75513) to work on /Library/Frameworks/Python.framework/Versions/3.10/lib/python3.10/site-packages/airflow/example_dags/example_kubernetes_executor.py
[2024-05-06T07:58:24.793+0700] {processor.py:830} INFO - Processing file /Library/Frameworks/Python.framework/Versions/3.10/lib/python3.10/site-packages/airflow/example_dags/example_kubernetes_executor.py for tasks to queue
[2024-05-06T07:58:24.794+0700] {logging_mixin.py:188} INFO - [2024-05-06T07:58:24.794+0700] {dagbag.py:540} INFO - Filling up the DagBag from /Library/Frameworks/Python.framework/Versions/3.10/lib/python3.10/site-packages/airflow/example_dags/example_kubernetes_executor.py
[2024-05-06T07:58:25.036+0700] {processor.py:840} INFO - DAG(s) 'example_kubernetes_executor' retrieved from /Library/Frameworks/Python.framework/Versions/3.10/lib/python3.10/site-packages/airflow/example_dags/example_kubernetes_executor.py
[2024-05-06T07:58:25.121+0700] {logging_mixin.py:188} WARNING - /Library/Frameworks/Python.framework/Versions/3.10/lib/python3.10/site-packages/airflow/serialization/serialized_objects.py:1673 DeprecationWarning: This module is deprecated. The `cncf.kubernetes` provider before version 7.4.0 uses this module - you should migrate to a newer version of `cncf.kubernetes` to get rid of this warning. If you import the module via `airflow.kubernetes` import, please use `cncf.kubernetes' provider 7.4.0+ and switch all your imports to use `apache.airflow.providers.cncf.kubernetes` to get rid of the warning.
[2024-05-06T07:58:25.131+0700] {logging_mixin.py:188} INFO - [2024-05-06T07:58:25.131+0700] {dag.py:3096} INFO - Sync 1 DAGs
[2024-05-06T07:58:25.137+0700] {logging_mixin.py:188} INFO - [2024-05-06T07:58:25.137+0700] {dag.py:3954} INFO - Setting next_dagrun for example_kubernetes_executor to None, run_after=None
[2024-05-06T07:58:25.148+0700] {processor.py:183} INFO - Processing /Library/Frameworks/Python.framework/Versions/3.10/lib/python3.10/site-packages/airflow/example_dags/example_kubernetes_executor.py took 0.356 seconds
[2024-05-06T08:33:08.059+0700] {processor.py:161} INFO - Started process (PID=76007) to work on /Library/Frameworks/Python.framework/Versions/3.10/lib/python3.10/site-packages/airflow/example_dags/example_kubernetes_executor.py
[2024-05-06T08:33:08.059+0700] {processor.py:830} INFO - Processing file /Library/Frameworks/Python.framework/Versions/3.10/lib/python3.10/site-packages/airflow/example_dags/example_kubernetes_executor.py for tasks to queue
[2024-05-06T08:33:08.060+0700] {logging_mixin.py:188} INFO - [2024-05-06T08:33:08.060+0700] {dagbag.py:540} INFO - Filling up the DagBag from /Library/Frameworks/Python.framework/Versions/3.10/lib/python3.10/site-packages/airflow/example_dags/example_kubernetes_executor.py
[2024-05-06T08:33:08.305+0700] {processor.py:840} INFO - DAG(s) 'example_kubernetes_executor' retrieved from /Library/Frameworks/Python.framework/Versions/3.10/lib/python3.10/site-packages/airflow/example_dags/example_kubernetes_executor.py
[2024-05-06T08:33:08.389+0700] {logging_mixin.py:188} WARNING - /Library/Frameworks/Python.framework/Versions/3.10/lib/python3.10/site-packages/airflow/serialization/serialized_objects.py:1673 DeprecationWarning: This module is deprecated. The `cncf.kubernetes` provider before version 7.4.0 uses this module - you should migrate to a newer version of `cncf.kubernetes` to get rid of this warning. If you import the module via `airflow.kubernetes` import, please use `cncf.kubernetes' provider 7.4.0+ and switch all your imports to use `apache.airflow.providers.cncf.kubernetes` to get rid of the warning.
[2024-05-06T08:33:08.398+0700] {logging_mixin.py:188} INFO - [2024-05-06T08:33:08.398+0700] {dag.py:3096} INFO - Sync 1 DAGs
[2024-05-06T08:33:08.404+0700] {logging_mixin.py:188} INFO - [2024-05-06T08:33:08.404+0700] {dag.py:3954} INFO - Setting next_dagrun for example_kubernetes_executor to None, run_after=None
[2024-05-06T08:33:08.415+0700] {processor.py:183} INFO - Processing /Library/Frameworks/Python.framework/Versions/3.10/lib/python3.10/site-packages/airflow/example_dags/example_kubernetes_executor.py took 0.358 seconds
[2024-05-06T09:01:15.661+0700] {processor.py:161} INFO - Started process (PID=76788) to work on /Library/Frameworks/Python.framework/Versions/3.10/lib/python3.10/site-packages/airflow/example_dags/example_kubernetes_executor.py
[2024-05-06T09:01:15.662+0700] {processor.py:830} INFO - Processing file /Library/Frameworks/Python.framework/Versions/3.10/lib/python3.10/site-packages/airflow/example_dags/example_kubernetes_executor.py for tasks to queue
[2024-05-06T09:01:15.663+0700] {logging_mixin.py:188} INFO - [2024-05-06T09:01:15.663+0700] {dagbag.py:540} INFO - Filling up the DagBag from /Library/Frameworks/Python.framework/Versions/3.10/lib/python3.10/site-packages/airflow/example_dags/example_kubernetes_executor.py
[2024-05-06T09:01:15.833+0700] {processor.py:840} INFO - DAG(s) 'example_kubernetes_executor' retrieved from /Library/Frameworks/Python.framework/Versions/3.10/lib/python3.10/site-packages/airflow/example_dags/example_kubernetes_executor.py
[2024-05-06T09:01:15.913+0700] {logging_mixin.py:188} WARNING - /Library/Frameworks/Python.framework/Versions/3.10/lib/python3.10/site-packages/airflow/serialization/serialized_objects.py:1673 DeprecationWarning: This module is deprecated. The `cncf.kubernetes` provider before version 7.4.0 uses this module - you should migrate to a newer version of `cncf.kubernetes` to get rid of this warning. If you import the module via `airflow.kubernetes` import, please use `cncf.kubernetes' provider 7.4.0+ and switch all your imports to use `apache.airflow.providers.cncf.kubernetes` to get rid of the warning.
[2024-05-06T09:01:15.922+0700] {logging_mixin.py:188} INFO - [2024-05-06T09:01:15.922+0700] {dag.py:3096} INFO - Sync 1 DAGs
[2024-05-06T09:01:15.928+0700] {logging_mixin.py:188} INFO - [2024-05-06T09:01:15.928+0700] {dag.py:3954} INFO - Setting next_dagrun for example_kubernetes_executor to None, run_after=None
[2024-05-06T09:01:15.939+0700] {processor.py:183} INFO - Processing /Library/Frameworks/Python.framework/Versions/3.10/lib/python3.10/site-packages/airflow/example_dags/example_kubernetes_executor.py took 0.280 seconds
[2024-05-06T09:21:16.100+0700] {processor.py:161} INFO - Started process (PID=77521) to work on /Library/Frameworks/Python.framework/Versions/3.10/lib/python3.10/site-packages/airflow/example_dags/example_kubernetes_executor.py
[2024-05-06T09:21:16.101+0700] {processor.py:830} INFO - Processing file /Library/Frameworks/Python.framework/Versions/3.10/lib/python3.10/site-packages/airflow/example_dags/example_kubernetes_executor.py for tasks to queue
[2024-05-06T09:21:16.101+0700] {logging_mixin.py:188} INFO - [2024-05-06T09:21:16.101+0700] {dagbag.py:540} INFO - Filling up the DagBag from /Library/Frameworks/Python.framework/Versions/3.10/lib/python3.10/site-packages/airflow/example_dags/example_kubernetes_executor.py
[2024-05-06T09:21:16.350+0700] {processor.py:840} INFO - DAG(s) 'example_kubernetes_executor' retrieved from /Library/Frameworks/Python.framework/Versions/3.10/lib/python3.10/site-packages/airflow/example_dags/example_kubernetes_executor.py
[2024-05-06T09:21:16.437+0700] {logging_mixin.py:188} WARNING - /Library/Frameworks/Python.framework/Versions/3.10/lib/python3.10/site-packages/airflow/serialization/serialized_objects.py:1673 DeprecationWarning: This module is deprecated. The `cncf.kubernetes` provider before version 7.4.0 uses this module - you should migrate to a newer version of `cncf.kubernetes` to get rid of this warning. If you import the module via `airflow.kubernetes` import, please use `cncf.kubernetes' provider 7.4.0+ and switch all your imports to use `apache.airflow.providers.cncf.kubernetes` to get rid of the warning.
[2024-05-06T09:21:16.447+0700] {logging_mixin.py:188} INFO - [2024-05-06T09:21:16.447+0700] {dag.py:3096} INFO - Sync 1 DAGs
[2024-05-06T09:21:16.454+0700] {logging_mixin.py:188} INFO - [2024-05-06T09:21:16.453+0700] {dag.py:3954} INFO - Setting next_dagrun for example_kubernetes_executor to None, run_after=None
[2024-05-06T09:21:16.464+0700] {processor.py:183} INFO - Processing /Library/Frameworks/Python.framework/Versions/3.10/lib/python3.10/site-packages/airflow/example_dags/example_kubernetes_executor.py took 0.366 seconds
[2024-05-06T09:37:45.854+0700] {processor.py:161} INFO - Started process (PID=77942) to work on /Library/Frameworks/Python.framework/Versions/3.10/lib/python3.10/site-packages/airflow/example_dags/example_kubernetes_executor.py
[2024-05-06T09:37:45.855+0700] {processor.py:830} INFO - Processing file /Library/Frameworks/Python.framework/Versions/3.10/lib/python3.10/site-packages/airflow/example_dags/example_kubernetes_executor.py for tasks to queue
[2024-05-06T09:37:45.855+0700] {logging_mixin.py:188} INFO - [2024-05-06T09:37:45.855+0700] {dagbag.py:540} INFO - Filling up the DagBag from /Library/Frameworks/Python.framework/Versions/3.10/lib/python3.10/site-packages/airflow/example_dags/example_kubernetes_executor.py
[2024-05-06T09:37:46.052+0700] {processor.py:840} INFO - DAG(s) 'example_kubernetes_executor' retrieved from /Library/Frameworks/Python.framework/Versions/3.10/lib/python3.10/site-packages/airflow/example_dags/example_kubernetes_executor.py
[2024-05-06T09:37:46.138+0700] {logging_mixin.py:188} WARNING - /Library/Frameworks/Python.framework/Versions/3.10/lib/python3.10/site-packages/airflow/serialization/serialized_objects.py:1673 DeprecationWarning: This module is deprecated. The `cncf.kubernetes` provider before version 7.4.0 uses this module - you should migrate to a newer version of `cncf.kubernetes` to get rid of this warning. If you import the module via `airflow.kubernetes` import, please use `cncf.kubernetes' provider 7.4.0+ and switch all your imports to use `apache.airflow.providers.cncf.kubernetes` to get rid of the warning.
[2024-05-06T09:37:46.147+0700] {logging_mixin.py:188} INFO - [2024-05-06T09:37:46.147+0700] {dag.py:3096} INFO - Sync 1 DAGs
[2024-05-06T09:37:46.153+0700] {logging_mixin.py:188} INFO - [2024-05-06T09:37:46.153+0700] {dag.py:3954} INFO - Setting next_dagrun for example_kubernetes_executor to None, run_after=None
[2024-05-06T09:37:46.163+0700] {processor.py:183} INFO - Processing /Library/Frameworks/Python.framework/Versions/3.10/lib/python3.10/site-packages/airflow/example_dags/example_kubernetes_executor.py took 0.311 seconds
[2024-05-06T09:55:44.383+0700] {processor.py:161} INFO - Started process (PID=78697) to work on /Library/Frameworks/Python.framework/Versions/3.10/lib/python3.10/site-packages/airflow/example_dags/example_kubernetes_executor.py
[2024-05-06T09:55:44.384+0700] {processor.py:830} INFO - Processing file /Library/Frameworks/Python.framework/Versions/3.10/lib/python3.10/site-packages/airflow/example_dags/example_kubernetes_executor.py for tasks to queue
[2024-05-06T09:55:44.385+0700] {logging_mixin.py:188} INFO - [2024-05-06T09:55:44.385+0700] {dagbag.py:540} INFO - Filling up the DagBag from /Library/Frameworks/Python.framework/Versions/3.10/lib/python3.10/site-packages/airflow/example_dags/example_kubernetes_executor.py
[2024-05-06T09:55:44.628+0700] {processor.py:840} INFO - DAG(s) 'example_kubernetes_executor' retrieved from /Library/Frameworks/Python.framework/Versions/3.10/lib/python3.10/site-packages/airflow/example_dags/example_kubernetes_executor.py
[2024-05-06T09:55:44.715+0700] {logging_mixin.py:188} WARNING - /Library/Frameworks/Python.framework/Versions/3.10/lib/python3.10/site-packages/airflow/serialization/serialized_objects.py:1673 DeprecationWarning: This module is deprecated. The `cncf.kubernetes` provider before version 7.4.0 uses this module - you should migrate to a newer version of `cncf.kubernetes` to get rid of this warning. If you import the module via `airflow.kubernetes` import, please use `cncf.kubernetes' provider 7.4.0+ and switch all your imports to use `apache.airflow.providers.cncf.kubernetes` to get rid of the warning.
[2024-05-06T09:55:44.724+0700] {logging_mixin.py:188} INFO - [2024-05-06T09:55:44.724+0700] {dag.py:3096} INFO - Sync 1 DAGs
[2024-05-06T09:55:44.730+0700] {logging_mixin.py:188} INFO - [2024-05-06T09:55:44.730+0700] {dag.py:3954} INFO - Setting next_dagrun for example_kubernetes_executor to None, run_after=None
[2024-05-06T09:55:44.741+0700] {processor.py:183} INFO - Processing /Library/Frameworks/Python.framework/Versions/3.10/lib/python3.10/site-packages/airflow/example_dags/example_kubernetes_executor.py took 0.360 seconds
[2024-05-06T10:30:28.869+0700] {processor.py:161} INFO - Started process (PID=79424) to work on /Library/Frameworks/Python.framework/Versions/3.10/lib/python3.10/site-packages/airflow/example_dags/example_kubernetes_executor.py
[2024-05-06T10:30:28.870+0700] {processor.py:830} INFO - Processing file /Library/Frameworks/Python.framework/Versions/3.10/lib/python3.10/site-packages/airflow/example_dags/example_kubernetes_executor.py for tasks to queue
[2024-05-06T10:30:28.871+0700] {logging_mixin.py:188} INFO - [2024-05-06T10:30:28.871+0700] {dagbag.py:540} INFO - Filling up the DagBag from /Library/Frameworks/Python.framework/Versions/3.10/lib/python3.10/site-packages/airflow/example_dags/example_kubernetes_executor.py
[2024-05-06T10:30:29.127+0700] {processor.py:840} INFO - DAG(s) 'example_kubernetes_executor' retrieved from /Library/Frameworks/Python.framework/Versions/3.10/lib/python3.10/site-packages/airflow/example_dags/example_kubernetes_executor.py
[2024-05-06T10:30:29.214+0700] {logging_mixin.py:188} WARNING - /Library/Frameworks/Python.framework/Versions/3.10/lib/python3.10/site-packages/airflow/serialization/serialized_objects.py:1673 DeprecationWarning: This module is deprecated. The `cncf.kubernetes` provider before version 7.4.0 uses this module - you should migrate to a newer version of `cncf.kubernetes` to get rid of this warning. If you import the module via `airflow.kubernetes` import, please use `cncf.kubernetes' provider 7.4.0+ and switch all your imports to use `apache.airflow.providers.cncf.kubernetes` to get rid of the warning.
[2024-05-06T10:30:29.224+0700] {logging_mixin.py:188} INFO - [2024-05-06T10:30:29.223+0700] {dag.py:3096} INFO - Sync 1 DAGs
[2024-05-06T10:30:29.229+0700] {logging_mixin.py:188} INFO - [2024-05-06T10:30:29.229+0700] {dag.py:3954} INFO - Setting next_dagrun for example_kubernetes_executor to None, run_after=None
[2024-05-06T10:30:29.240+0700] {processor.py:183} INFO - Processing /Library/Frameworks/Python.framework/Versions/3.10/lib/python3.10/site-packages/airflow/example_dags/example_kubernetes_executor.py took 0.372 seconds
[2024-05-06T10:39:11.941+0700] {processor.py:161} INFO - Started process (PID=79932) to work on /Library/Frameworks/Python.framework/Versions/3.10/lib/python3.10/site-packages/airflow/example_dags/example_kubernetes_executor.py
[2024-05-06T10:39:11.942+0700] {processor.py:830} INFO - Processing file /Library/Frameworks/Python.framework/Versions/3.10/lib/python3.10/site-packages/airflow/example_dags/example_kubernetes_executor.py for tasks to queue
[2024-05-06T10:39:11.943+0700] {logging_mixin.py:188} INFO - [2024-05-06T10:39:11.942+0700] {dagbag.py:540} INFO - Filling up the DagBag from /Library/Frameworks/Python.framework/Versions/3.10/lib/python3.10/site-packages/airflow/example_dags/example_kubernetes_executor.py
[2024-05-06T10:39:12.113+0700] {processor.py:840} INFO - DAG(s) 'example_kubernetes_executor' retrieved from /Library/Frameworks/Python.framework/Versions/3.10/lib/python3.10/site-packages/airflow/example_dags/example_kubernetes_executor.py
[2024-05-06T10:39:12.192+0700] {logging_mixin.py:188} WARNING - /Library/Frameworks/Python.framework/Versions/3.10/lib/python3.10/site-packages/airflow/serialization/serialized_objects.py:1673 DeprecationWarning: This module is deprecated. The `cncf.kubernetes` provider before version 7.4.0 uses this module - you should migrate to a newer version of `cncf.kubernetes` to get rid of this warning. If you import the module via `airflow.kubernetes` import, please use `cncf.kubernetes' provider 7.4.0+ and switch all your imports to use `apache.airflow.providers.cncf.kubernetes` to get rid of the warning.
[2024-05-06T10:39:12.201+0700] {logging_mixin.py:188} INFO - [2024-05-06T10:39:12.201+0700] {dag.py:3096} INFO - Sync 1 DAGs
[2024-05-06T10:39:12.207+0700] {logging_mixin.py:188} INFO - [2024-05-06T10:39:12.207+0700] {dag.py:3954} INFO - Setting next_dagrun for example_kubernetes_executor to None, run_after=None
[2024-05-06T10:39:12.218+0700] {processor.py:183} INFO - Processing /Library/Frameworks/Python.framework/Versions/3.10/lib/python3.10/site-packages/airflow/example_dags/example_kubernetes_executor.py took 0.278 seconds
[2024-05-06T10:59:14.896+0700] {processor.py:161} INFO - Started process (PID=80782) to work on /Library/Frameworks/Python.framework/Versions/3.10/lib/python3.10/site-packages/airflow/example_dags/example_kubernetes_executor.py
[2024-05-06T10:59:14.897+0700] {processor.py:830} INFO - Processing file /Library/Frameworks/Python.framework/Versions/3.10/lib/python3.10/site-packages/airflow/example_dags/example_kubernetes_executor.py for tasks to queue
[2024-05-06T10:59:14.897+0700] {logging_mixin.py:188} INFO - [2024-05-06T10:59:14.897+0700] {dagbag.py:540} INFO - Filling up the DagBag from /Library/Frameworks/Python.framework/Versions/3.10/lib/python3.10/site-packages/airflow/example_dags/example_kubernetes_executor.py
[2024-05-06T10:59:15.167+0700] {processor.py:840} INFO - DAG(s) 'example_kubernetes_executor' retrieved from /Library/Frameworks/Python.framework/Versions/3.10/lib/python3.10/site-packages/airflow/example_dags/example_kubernetes_executor.py
[2024-05-06T10:59:15.255+0700] {logging_mixin.py:188} WARNING - /Library/Frameworks/Python.framework/Versions/3.10/lib/python3.10/site-packages/airflow/serialization/serialized_objects.py:1673 DeprecationWarning: This module is deprecated. The `cncf.kubernetes` provider before version 7.4.0 uses this module - you should migrate to a newer version of `cncf.kubernetes` to get rid of this warning. If you import the module via `airflow.kubernetes` import, please use `cncf.kubernetes' provider 7.4.0+ and switch all your imports to use `apache.airflow.providers.cncf.kubernetes` to get rid of the warning.
[2024-05-06T10:59:15.264+0700] {logging_mixin.py:188} INFO - [2024-05-06T10:59:15.264+0700] {dag.py:3096} INFO - Sync 1 DAGs
[2024-05-06T10:59:15.270+0700] {logging_mixin.py:188} INFO - [2024-05-06T10:59:15.270+0700] {dag.py:3954} INFO - Setting next_dagrun for example_kubernetes_executor to None, run_after=None
[2024-05-06T10:59:15.282+0700] {processor.py:183} INFO - Processing /Library/Frameworks/Python.framework/Versions/3.10/lib/python3.10/site-packages/airflow/example_dags/example_kubernetes_executor.py took 0.389 seconds
[2024-05-06T20:12:59.381+0700] {processor.py:161} INFO - Started process (PID=970) to work on /opt/homebrew/Caskroom/miniconda/base/lib/python3.11/site-packages/airflow/example_dags/example_kubernetes_executor.py
[2024-05-06T20:12:59.382+0700] {processor.py:830} INFO - Processing file /opt/homebrew/Caskroom/miniconda/base/lib/python3.11/site-packages/airflow/example_dags/example_kubernetes_executor.py for tasks to queue
[2024-05-06T20:12:59.382+0700] {logging_mixin.py:188} INFO - [2024-05-06T20:12:59.382+0700] {dagbag.py:540} INFO - Filling up the DagBag from /opt/homebrew/Caskroom/miniconda/base/lib/python3.11/site-packages/airflow/example_dags/example_kubernetes_executor.py
[2024-05-06T20:12:59.406+0700] {logging_mixin.py:188} INFO - [2024-05-06T20:12:59.406+0700] {example_kubernetes_executor.py:39} WARNING - The example_kubernetes_executor example DAG requires the kubernetes provider. Please install it with: pip install apache-airflow[cncf.kubernetes]
[2024-05-06T20:12:59.406+0700] {processor.py:842} WARNING - No viable dags retrieved from /opt/homebrew/Caskroom/miniconda/base/lib/python3.11/site-packages/airflow/example_dags/example_kubernetes_executor.py
[2024-05-06T20:12:59.450+0700] {processor.py:183} INFO - Processing /opt/homebrew/Caskroom/miniconda/base/lib/python3.11/site-packages/airflow/example_dags/example_kubernetes_executor.py took 0.071 seconds
[2024-05-06T20:14:59.589+0700] {processor.py:161} INFO - Started process (PID=1656) to work on /opt/homebrew/Caskroom/miniconda/base/lib/python3.11/site-packages/airflow/example_dags/example_kubernetes_executor.py
[2024-05-06T20:14:59.591+0700] {processor.py:830} INFO - Processing file /opt/homebrew/Caskroom/miniconda/base/lib/python3.11/site-packages/airflow/example_dags/example_kubernetes_executor.py for tasks to queue
[2024-05-06T20:14:59.592+0700] {logging_mixin.py:188} INFO - [2024-05-06T20:14:59.592+0700] {dagbag.py:540} INFO - Filling up the DagBag from /opt/homebrew/Caskroom/miniconda/base/lib/python3.11/site-packages/airflow/example_dags/example_kubernetes_executor.py
[2024-05-06T20:14:59.684+0700] {logging_mixin.py:188} INFO - [2024-05-06T20:14:59.684+0700] {example_kubernetes_executor.py:39} WARNING - The example_kubernetes_executor example DAG requires the kubernetes provider. Please install it with: pip install apache-airflow[cncf.kubernetes]
[2024-05-06T20:14:59.685+0700] {processor.py:842} WARNING - No viable dags retrieved from /opt/homebrew/Caskroom/miniconda/base/lib/python3.11/site-packages/airflow/example_dags/example_kubernetes_executor.py
[2024-05-06T20:14:59.805+0700] {processor.py:183} INFO - Processing /opt/homebrew/Caskroom/miniconda/base/lib/python3.11/site-packages/airflow/example_dags/example_kubernetes_executor.py took 0.222 seconds
[2024-05-06T20:17:02.654+0700] {processor.py:161} INFO - Started process (PID=2300) to work on /opt/homebrew/Caskroom/miniconda/base/lib/python3.11/site-packages/airflow/example_dags/example_kubernetes_executor.py
[2024-05-06T20:17:02.655+0700] {processor.py:830} INFO - Processing file /opt/homebrew/Caskroom/miniconda/base/lib/python3.11/site-packages/airflow/example_dags/example_kubernetes_executor.py for tasks to queue
[2024-05-06T20:17:02.655+0700] {logging_mixin.py:188} INFO - [2024-05-06T20:17:02.655+0700] {dagbag.py:540} INFO - Filling up the DagBag from /opt/homebrew/Caskroom/miniconda/base/lib/python3.11/site-packages/airflow/example_dags/example_kubernetes_executor.py
[2024-05-06T20:17:02.677+0700] {logging_mixin.py:188} INFO - [2024-05-06T20:17:02.677+0700] {example_kubernetes_executor.py:39} WARNING - The example_kubernetes_executor example DAG requires the kubernetes provider. Please install it with: pip install apache-airflow[cncf.kubernetes]
[2024-05-06T20:17:02.678+0700] {processor.py:842} WARNING - No viable dags retrieved from /opt/homebrew/Caskroom/miniconda/base/lib/python3.11/site-packages/airflow/example_dags/example_kubernetes_executor.py
[2024-05-06T20:17:02.724+0700] {processor.py:183} INFO - Processing /opt/homebrew/Caskroom/miniconda/base/lib/python3.11/site-packages/airflow/example_dags/example_kubernetes_executor.py took 0.072 seconds
[2024-05-06T20:20:03.148+0700] {processor.py:161} INFO - Started process (PID=3245) to work on /opt/homebrew/Caskroom/miniconda/base/lib/python3.11/site-packages/airflow/example_dags/example_kubernetes_executor.py
[2024-05-06T20:20:03.149+0700] {processor.py:830} INFO - Processing file /opt/homebrew/Caskroom/miniconda/base/lib/python3.11/site-packages/airflow/example_dags/example_kubernetes_executor.py for tasks to queue
[2024-05-06T20:20:03.150+0700] {logging_mixin.py:188} INFO - [2024-05-06T20:20:03.150+0700] {dagbag.py:540} INFO - Filling up the DagBag from /opt/homebrew/Caskroom/miniconda/base/lib/python3.11/site-packages/airflow/example_dags/example_kubernetes_executor.py
[2024-05-06T20:20:03.209+0700] {logging_mixin.py:188} INFO - [2024-05-06T20:20:03.209+0700] {example_kubernetes_executor.py:39} WARNING - The example_kubernetes_executor example DAG requires the kubernetes provider. Please install it with: pip install apache-airflow[cncf.kubernetes]
[2024-05-06T20:20:03.209+0700] {processor.py:842} WARNING - No viable dags retrieved from /opt/homebrew/Caskroom/miniconda/base/lib/python3.11/site-packages/airflow/example_dags/example_kubernetes_executor.py
[2024-05-06T20:20:03.284+0700] {processor.py:183} INFO - Processing /opt/homebrew/Caskroom/miniconda/base/lib/python3.11/site-packages/airflow/example_dags/example_kubernetes_executor.py took 0.140 seconds
[2024-05-06T20:22:52.083+0700] {processor.py:161} INFO - Started process (PID=4180) to work on /opt/homebrew/Caskroom/miniconda/base/lib/python3.11/site-packages/airflow/example_dags/example_kubernetes_executor.py
[2024-05-06T20:22:52.084+0700] {processor.py:830} INFO - Processing file /opt/homebrew/Caskroom/miniconda/base/lib/python3.11/site-packages/airflow/example_dags/example_kubernetes_executor.py for tasks to queue
[2024-05-06T20:22:52.084+0700] {logging_mixin.py:188} INFO - [2024-05-06T20:22:52.084+0700] {dagbag.py:540} INFO - Filling up the DagBag from /opt/homebrew/Caskroom/miniconda/base/lib/python3.11/site-packages/airflow/example_dags/example_kubernetes_executor.py
[2024-05-06T20:22:52.112+0700] {logging_mixin.py:188} INFO - [2024-05-06T20:22:52.112+0700] {example_kubernetes_executor.py:39} WARNING - The example_kubernetes_executor example DAG requires the kubernetes provider. Please install it with: pip install apache-airflow[cncf.kubernetes]
[2024-05-06T20:22:52.113+0700] {processor.py:842} WARNING - No viable dags retrieved from /opt/homebrew/Caskroom/miniconda/base/lib/python3.11/site-packages/airflow/example_dags/example_kubernetes_executor.py
[2024-05-06T20:22:52.170+0700] {processor.py:183} INFO - Processing /opt/homebrew/Caskroom/miniconda/base/lib/python3.11/site-packages/airflow/example_dags/example_kubernetes_executor.py took 0.089 seconds
[2024-05-06T20:25:45.542+0700] {processor.py:161} INFO - Started process (PID=5032) to work on /opt/homebrew/Caskroom/miniconda/base/lib/python3.11/site-packages/airflow/example_dags/example_kubernetes_executor.py
[2024-05-06T20:25:45.543+0700] {processor.py:830} INFO - Processing file /opt/homebrew/Caskroom/miniconda/base/lib/python3.11/site-packages/airflow/example_dags/example_kubernetes_executor.py for tasks to queue
[2024-05-06T20:25:45.544+0700] {logging_mixin.py:188} INFO - [2024-05-06T20:25:45.544+0700] {dagbag.py:540} INFO - Filling up the DagBag from /opt/homebrew/Caskroom/miniconda/base/lib/python3.11/site-packages/airflow/example_dags/example_kubernetes_executor.py
[2024-05-06T20:25:45.571+0700] {logging_mixin.py:188} INFO - [2024-05-06T20:25:45.570+0700] {example_kubernetes_executor.py:39} WARNING - The example_kubernetes_executor example DAG requires the kubernetes provider. Please install it with: pip install apache-airflow[cncf.kubernetes]
[2024-05-06T20:25:45.571+0700] {processor.py:842} WARNING - No viable dags retrieved from /opt/homebrew/Caskroom/miniconda/base/lib/python3.11/site-packages/airflow/example_dags/example_kubernetes_executor.py
[2024-05-06T20:25:45.620+0700] {processor.py:183} INFO - Processing /opt/homebrew/Caskroom/miniconda/base/lib/python3.11/site-packages/airflow/example_dags/example_kubernetes_executor.py took 0.080 seconds
[2024-05-06T20:30:50.633+0700] {processor.py:161} INFO - Started process (PID=6647) to work on /opt/homebrew/Caskroom/miniconda/base/lib/python3.11/site-packages/airflow/example_dags/example_kubernetes_executor.py
[2024-05-06T20:30:50.634+0700] {processor.py:830} INFO - Processing file /opt/homebrew/Caskroom/miniconda/base/lib/python3.11/site-packages/airflow/example_dags/example_kubernetes_executor.py for tasks to queue
[2024-05-06T20:30:50.634+0700] {logging_mixin.py:188} INFO - [2024-05-06T20:30:50.634+0700] {dagbag.py:540} INFO - Filling up the DagBag from /opt/homebrew/Caskroom/miniconda/base/lib/python3.11/site-packages/airflow/example_dags/example_kubernetes_executor.py
[2024-05-06T20:30:50.667+0700] {logging_mixin.py:188} INFO - [2024-05-06T20:30:50.666+0700] {example_kubernetes_executor.py:39} WARNING - The example_kubernetes_executor example DAG requires the kubernetes provider. Please install it with: pip install apache-airflow[cncf.kubernetes]
[2024-05-06T20:30:50.667+0700] {processor.py:842} WARNING - No viable dags retrieved from /opt/homebrew/Caskroom/miniconda/base/lib/python3.11/site-packages/airflow/example_dags/example_kubernetes_executor.py
[2024-05-06T20:30:50.738+0700] {processor.py:183} INFO - Processing /opt/homebrew/Caskroom/miniconda/base/lib/python3.11/site-packages/airflow/example_dags/example_kubernetes_executor.py took 0.108 seconds
[2024-05-06T20:33:39.126+0700] {processor.py:161} INFO - Started process (PID=7552) to work on /opt/homebrew/Caskroom/miniconda/base/lib/python3.11/site-packages/airflow/example_dags/example_kubernetes_executor.py
[2024-05-06T20:33:39.126+0700] {processor.py:830} INFO - Processing file /opt/homebrew/Caskroom/miniconda/base/lib/python3.11/site-packages/airflow/example_dags/example_kubernetes_executor.py for tasks to queue
[2024-05-06T20:33:39.127+0700] {logging_mixin.py:188} INFO - [2024-05-06T20:33:39.127+0700] {dagbag.py:540} INFO - Filling up the DagBag from /opt/homebrew/Caskroom/miniconda/base/lib/python3.11/site-packages/airflow/example_dags/example_kubernetes_executor.py
[2024-05-06T20:33:39.153+0700] {logging_mixin.py:188} INFO - [2024-05-06T20:33:39.152+0700] {example_kubernetes_executor.py:39} WARNING - The example_kubernetes_executor example DAG requires the kubernetes provider. Please install it with: pip install apache-airflow[cncf.kubernetes]
[2024-05-06T20:33:39.153+0700] {processor.py:842} WARNING - No viable dags retrieved from /opt/homebrew/Caskroom/miniconda/base/lib/python3.11/site-packages/airflow/example_dags/example_kubernetes_executor.py
[2024-05-06T20:33:39.200+0700] {processor.py:183} INFO - Processing /opt/homebrew/Caskroom/miniconda/base/lib/python3.11/site-packages/airflow/example_dags/example_kubernetes_executor.py took 0.076 seconds
