[2024-05-06T07:13:38.081+0700] {processor.py:161} INFO - Started process (PID=72464) to work on /Library/Frameworks/Python.framework/Versions/3.10/lib/python3.10/site-packages/airflow/example_dags/example_python_operator.py
[2024-05-06T07:13:38.081+0700] {processor.py:830} INFO - Processing file /Library/Frameworks/Python.framework/Versions/3.10/lib/python3.10/site-packages/airflow/example_dags/example_python_operator.py for tasks to queue
[2024-05-06T07:13:38.082+0700] {logging_mixin.py:188} INFO - [2024-05-06T07:13:38.082+0700] {dagbag.py:540} INFO - Filling up the DagBag from /Library/Frameworks/Python.framework/Versions/3.10/lib/python3.10/site-packages/airflow/example_dags/example_python_operator.py
[2024-05-06T07:13:38.101+0700] {processor.py:840} INFO - DAG(s) 'example_python_operator' retrieved from /Library/Frameworks/Python.framework/Versions/3.10/lib/python3.10/site-packages/airflow/example_dags/example_python_operator.py
[2024-05-06T07:13:38.260+0700] {logging_mixin.py:188} INFO - [2024-05-06T07:13:38.260+0700] {dag.py:3096} INFO - Sync 1 DAGs
[2024-05-06T07:13:38.265+0700] {logging_mixin.py:188} INFO - [2024-05-06T07:13:38.265+0700] {dag.py:3954} INFO - Setting next_dagrun for example_python_operator to None, run_after=None
[2024-05-06T07:13:38.276+0700] {processor.py:183} INFO - Processing /Library/Frameworks/Python.framework/Versions/3.10/lib/python3.10/site-packages/airflow/example_dags/example_python_operator.py took 0.197 seconds
[2024-05-06T07:33:02.309+0700] {processor.py:161} INFO - Started process (PID=73001) to work on /Library/Frameworks/Python.framework/Versions/3.10/lib/python3.10/site-packages/airflow/example_dags/example_python_operator.py
[2024-05-06T07:33:02.309+0700] {processor.py:830} INFO - Processing file /Library/Frameworks/Python.framework/Versions/3.10/lib/python3.10/site-packages/airflow/example_dags/example_python_operator.py for tasks to queue
[2024-05-06T07:33:02.310+0700] {logging_mixin.py:188} INFO - [2024-05-06T07:33:02.310+0700] {dagbag.py:540} INFO - Filling up the DagBag from /Library/Frameworks/Python.framework/Versions/3.10/lib/python3.10/site-packages/airflow/example_dags/example_python_operator.py
[2024-05-06T07:33:02.328+0700] {processor.py:840} INFO - DAG(s) 'example_python_operator' retrieved from /Library/Frameworks/Python.framework/Versions/3.10/lib/python3.10/site-packages/airflow/example_dags/example_python_operator.py
[2024-05-06T07:33:02.490+0700] {logging_mixin.py:188} INFO - [2024-05-06T07:33:02.490+0700] {dag.py:3096} INFO - Sync 1 DAGs
[2024-05-06T07:33:02.495+0700] {logging_mixin.py:188} INFO - [2024-05-06T07:33:02.495+0700] {dag.py:3954} INFO - Setting next_dagrun for example_python_operator to None, run_after=None
[2024-05-06T07:33:02.506+0700] {processor.py:183} INFO - Processing /Library/Frameworks/Python.framework/Versions/3.10/lib/python3.10/site-packages/airflow/example_dags/example_python_operator.py took 0.199 seconds
[2024-05-06T07:35:35.397+0700] {processor.py:161} INFO - Started process (PID=73757) to work on /Library/Frameworks/Python.framework/Versions/3.10/lib/python3.10/site-packages/airflow/example_dags/example_python_operator.py
[2024-05-06T07:35:35.399+0700] {processor.py:830} INFO - Processing file /Library/Frameworks/Python.framework/Versions/3.10/lib/python3.10/site-packages/airflow/example_dags/example_python_operator.py for tasks to queue
[2024-05-06T07:35:35.399+0700] {logging_mixin.py:188} INFO - [2024-05-06T07:35:35.399+0700] {dagbag.py:540} INFO - Filling up the DagBag from /Library/Frameworks/Python.framework/Versions/3.10/lib/python3.10/site-packages/airflow/example_dags/example_python_operator.py
[2024-05-06T07:35:35.416+0700] {processor.py:840} INFO - DAG(s) 'example_python_operator' retrieved from /Library/Frameworks/Python.framework/Versions/3.10/lib/python3.10/site-packages/airflow/example_dags/example_python_operator.py
[2024-05-06T07:35:35.571+0700] {logging_mixin.py:188} INFO - [2024-05-06T07:35:35.571+0700] {dag.py:3096} INFO - Sync 1 DAGs
[2024-05-06T07:35:35.576+0700] {logging_mixin.py:188} INFO - [2024-05-06T07:35:35.576+0700] {dag.py:3954} INFO - Setting next_dagrun for example_python_operator to None, run_after=None
[2024-05-06T07:35:35.587+0700] {processor.py:183} INFO - Processing /Library/Frameworks/Python.framework/Versions/3.10/lib/python3.10/site-packages/airflow/example_dags/example_python_operator.py took 0.192 seconds
[2024-05-06T07:38:10.101+0700] {processor.py:161} INFO - Started process (PID=74464) to work on /Library/Frameworks/Python.framework/Versions/3.10/lib/python3.10/site-packages/airflow/example_dags/example_python_operator.py
[2024-05-06T07:38:10.102+0700] {processor.py:830} INFO - Processing file /Library/Frameworks/Python.framework/Versions/3.10/lib/python3.10/site-packages/airflow/example_dags/example_python_operator.py for tasks to queue
[2024-05-06T07:38:10.103+0700] {logging_mixin.py:188} INFO - [2024-05-06T07:38:10.102+0700] {dagbag.py:540} INFO - Filling up the DagBag from /Library/Frameworks/Python.framework/Versions/3.10/lib/python3.10/site-packages/airflow/example_dags/example_python_operator.py
[2024-05-06T07:38:10.120+0700] {processor.py:840} INFO - DAG(s) 'example_python_operator' retrieved from /Library/Frameworks/Python.framework/Versions/3.10/lib/python3.10/site-packages/airflow/example_dags/example_python_operator.py
[2024-05-06T07:38:10.273+0700] {logging_mixin.py:188} INFO - [2024-05-06T07:38:10.273+0700] {dag.py:3096} INFO - Sync 1 DAGs
[2024-05-06T07:38:10.278+0700] {logging_mixin.py:188} INFO - [2024-05-06T07:38:10.278+0700] {dag.py:3954} INFO - Setting next_dagrun for example_python_operator to None, run_after=None
[2024-05-06T07:38:10.289+0700] {processor.py:183} INFO - Processing /Library/Frameworks/Python.framework/Versions/3.10/lib/python3.10/site-packages/airflow/example_dags/example_python_operator.py took 0.190 seconds
[2024-05-06T07:40:44.692+0700] {processor.py:161} INFO - Started process (PID=75170) to work on /Library/Frameworks/Python.framework/Versions/3.10/lib/python3.10/site-packages/airflow/example_dags/example_python_operator.py
[2024-05-06T07:40:44.693+0700] {processor.py:830} INFO - Processing file /Library/Frameworks/Python.framework/Versions/3.10/lib/python3.10/site-packages/airflow/example_dags/example_python_operator.py for tasks to queue
[2024-05-06T07:40:44.693+0700] {logging_mixin.py:188} INFO - [2024-05-06T07:40:44.693+0700] {dagbag.py:540} INFO - Filling up the DagBag from /Library/Frameworks/Python.framework/Versions/3.10/lib/python3.10/site-packages/airflow/example_dags/example_python_operator.py
[2024-05-06T07:40:44.711+0700] {processor.py:840} INFO - DAG(s) 'example_python_operator' retrieved from /Library/Frameworks/Python.framework/Versions/3.10/lib/python3.10/site-packages/airflow/example_dags/example_python_operator.py
[2024-05-06T07:40:44.866+0700] {logging_mixin.py:188} INFO - [2024-05-06T07:40:44.866+0700] {dag.py:3096} INFO - Sync 1 DAGs
[2024-05-06T07:40:44.871+0700] {logging_mixin.py:188} INFO - [2024-05-06T07:40:44.871+0700] {dag.py:3954} INFO - Setting next_dagrun for example_python_operator to None, run_after=None
[2024-05-06T07:40:44.882+0700] {processor.py:183} INFO - Processing /Library/Frameworks/Python.framework/Versions/3.10/lib/python3.10/site-packages/airflow/example_dags/example_python_operator.py took 0.191 seconds
[2024-05-06T08:32:50.137+0700] {processor.py:161} INFO - Started process (PID=75925) to work on /Library/Frameworks/Python.framework/Versions/3.10/lib/python3.10/site-packages/airflow/example_dags/example_python_operator.py
[2024-05-06T08:32:50.138+0700] {processor.py:830} INFO - Processing file /Library/Frameworks/Python.framework/Versions/3.10/lib/python3.10/site-packages/airflow/example_dags/example_python_operator.py for tasks to queue
[2024-05-06T08:32:50.138+0700] {logging_mixin.py:188} INFO - [2024-05-06T08:32:50.138+0700] {dagbag.py:540} INFO - Filling up the DagBag from /Library/Frameworks/Python.framework/Versions/3.10/lib/python3.10/site-packages/airflow/example_dags/example_python_operator.py
[2024-05-06T08:32:50.155+0700] {processor.py:840} INFO - DAG(s) 'example_python_operator' retrieved from /Library/Frameworks/Python.framework/Versions/3.10/lib/python3.10/site-packages/airflow/example_dags/example_python_operator.py
[2024-05-06T08:32:50.309+0700] {logging_mixin.py:188} INFO - [2024-05-06T08:32:50.308+0700] {dag.py:3096} INFO - Sync 1 DAGs
[2024-05-06T08:32:50.314+0700] {logging_mixin.py:188} INFO - [2024-05-06T08:32:50.314+0700] {dag.py:3954} INFO - Setting next_dagrun for example_python_operator to None, run_after=None
[2024-05-06T08:32:50.324+0700] {processor.py:183} INFO - Processing /Library/Frameworks/Python.framework/Versions/3.10/lib/python3.10/site-packages/airflow/example_dags/example_python_operator.py took 0.189 seconds
[2024-05-06T09:00:57.680+0700] {processor.py:161} INFO - Started process (PID=76704) to work on /Library/Frameworks/Python.framework/Versions/3.10/lib/python3.10/site-packages/airflow/example_dags/example_python_operator.py
[2024-05-06T09:00:57.680+0700] {processor.py:830} INFO - Processing file /Library/Frameworks/Python.framework/Versions/3.10/lib/python3.10/site-packages/airflow/example_dags/example_python_operator.py for tasks to queue
[2024-05-06T09:00:57.681+0700] {logging_mixin.py:188} INFO - [2024-05-06T09:00:57.681+0700] {dagbag.py:540} INFO - Filling up the DagBag from /Library/Frameworks/Python.framework/Versions/3.10/lib/python3.10/site-packages/airflow/example_dags/example_python_operator.py
[2024-05-06T09:00:57.698+0700] {processor.py:840} INFO - DAG(s) 'example_python_operator' retrieved from /Library/Frameworks/Python.framework/Versions/3.10/lib/python3.10/site-packages/airflow/example_dags/example_python_operator.py
[2024-05-06T09:00:57.859+0700] {logging_mixin.py:188} INFO - [2024-05-06T09:00:57.859+0700] {dag.py:3096} INFO - Sync 1 DAGs
[2024-05-06T09:00:57.864+0700] {logging_mixin.py:188} INFO - [2024-05-06T09:00:57.864+0700] {dag.py:3954} INFO - Setting next_dagrun for example_python_operator to None, run_after=None
[2024-05-06T09:00:57.875+0700] {processor.py:183} INFO - Processing /Library/Frameworks/Python.framework/Versions/3.10/lib/python3.10/site-packages/airflow/example_dags/example_python_operator.py took 0.197 seconds
[2024-05-06T09:20:57.551+0700] {processor.py:161} INFO - Started process (PID=77436) to work on /Library/Frameworks/Python.framework/Versions/3.10/lib/python3.10/site-packages/airflow/example_dags/example_python_operator.py
[2024-05-06T09:20:57.552+0700] {processor.py:830} INFO - Processing file /Library/Frameworks/Python.framework/Versions/3.10/lib/python3.10/site-packages/airflow/example_dags/example_python_operator.py for tasks to queue
[2024-05-06T09:20:57.552+0700] {logging_mixin.py:188} INFO - [2024-05-06T09:20:57.552+0700] {dagbag.py:540} INFO - Filling up the DagBag from /Library/Frameworks/Python.framework/Versions/3.10/lib/python3.10/site-packages/airflow/example_dags/example_python_operator.py
[2024-05-06T09:20:57.569+0700] {processor.py:840} INFO - DAG(s) 'example_python_operator' retrieved from /Library/Frameworks/Python.framework/Versions/3.10/lib/python3.10/site-packages/airflow/example_dags/example_python_operator.py
[2024-05-06T09:20:57.725+0700] {logging_mixin.py:188} INFO - [2024-05-06T09:20:57.725+0700] {dag.py:3096} INFO - Sync 1 DAGs
[2024-05-06T09:20:57.730+0700] {logging_mixin.py:188} INFO - [2024-05-06T09:20:57.730+0700] {dag.py:3954} INFO - Setting next_dagrun for example_python_operator to None, run_after=None
[2024-05-06T09:20:57.741+0700] {processor.py:183} INFO - Processing /Library/Frameworks/Python.framework/Versions/3.10/lib/python3.10/site-packages/airflow/example_dags/example_python_operator.py took 0.191 seconds
[2024-05-06T09:37:27.284+0700] {processor.py:161} INFO - Started process (PID=77859) to work on /Library/Frameworks/Python.framework/Versions/3.10/lib/python3.10/site-packages/airflow/example_dags/example_python_operator.py
[2024-05-06T09:37:27.285+0700] {processor.py:830} INFO - Processing file /Library/Frameworks/Python.framework/Versions/3.10/lib/python3.10/site-packages/airflow/example_dags/example_python_operator.py for tasks to queue
[2024-05-06T09:37:27.285+0700] {logging_mixin.py:188} INFO - [2024-05-06T09:37:27.285+0700] {dagbag.py:540} INFO - Filling up the DagBag from /Library/Frameworks/Python.framework/Versions/3.10/lib/python3.10/site-packages/airflow/example_dags/example_python_operator.py
[2024-05-06T09:37:27.303+0700] {processor.py:840} INFO - DAG(s) 'example_python_operator' retrieved from /Library/Frameworks/Python.framework/Versions/3.10/lib/python3.10/site-packages/airflow/example_dags/example_python_operator.py
[2024-05-06T09:37:27.458+0700] {logging_mixin.py:188} INFO - [2024-05-06T09:37:27.458+0700] {dag.py:3096} INFO - Sync 1 DAGs
[2024-05-06T09:37:27.463+0700] {logging_mixin.py:188} INFO - [2024-05-06T09:37:27.463+0700] {dag.py:3954} INFO - Setting next_dagrun for example_python_operator to None, run_after=None
[2024-05-06T09:37:27.474+0700] {processor.py:183} INFO - Processing /Library/Frameworks/Python.framework/Versions/3.10/lib/python3.10/site-packages/airflow/example_dags/example_python_operator.py took 0.192 seconds
[2024-05-06T09:54:29.485+0700] {processor.py:161} INFO - Started process (PID=78343) to work on /Library/Frameworks/Python.framework/Versions/3.10/lib/python3.10/site-packages/airflow/example_dags/example_python_operator.py
[2024-05-06T09:54:29.486+0700] {processor.py:830} INFO - Processing file /Library/Frameworks/Python.framework/Versions/3.10/lib/python3.10/site-packages/airflow/example_dags/example_python_operator.py for tasks to queue
[2024-05-06T09:54:29.487+0700] {logging_mixin.py:188} INFO - [2024-05-06T09:54:29.486+0700] {dagbag.py:540} INFO - Filling up the DagBag from /Library/Frameworks/Python.framework/Versions/3.10/lib/python3.10/site-packages/airflow/example_dags/example_python_operator.py
[2024-05-06T09:54:29.505+0700] {processor.py:840} INFO - DAG(s) 'example_python_operator' retrieved from /Library/Frameworks/Python.framework/Versions/3.10/lib/python3.10/site-packages/airflow/example_dags/example_python_operator.py
[2024-05-06T09:54:29.666+0700] {logging_mixin.py:188} INFO - [2024-05-06T09:54:29.666+0700] {dag.py:3096} INFO - Sync 1 DAGs
[2024-05-06T09:54:29.671+0700] {logging_mixin.py:188} INFO - [2024-05-06T09:54:29.671+0700] {dag.py:3954} INFO - Setting next_dagrun for example_python_operator to None, run_after=None
[2024-05-06T09:54:29.682+0700] {processor.py:183} INFO - Processing /Library/Frameworks/Python.framework/Versions/3.10/lib/python3.10/site-packages/airflow/example_dags/example_python_operator.py took 0.198 seconds
[2024-05-06T10:13:58.087+0700] {processor.py:161} INFO - Started process (PID=79103) to work on /Library/Frameworks/Python.framework/Versions/3.10/lib/python3.10/site-packages/airflow/example_dags/example_python_operator.py
[2024-05-06T10:13:58.088+0700] {processor.py:830} INFO - Processing file /Library/Frameworks/Python.framework/Versions/3.10/lib/python3.10/site-packages/airflow/example_dags/example_python_operator.py for tasks to queue
[2024-05-06T10:13:58.088+0700] {logging_mixin.py:188} INFO - [2024-05-06T10:13:58.088+0700] {dagbag.py:540} INFO - Filling up the DagBag from /Library/Frameworks/Python.framework/Versions/3.10/lib/python3.10/site-packages/airflow/example_dags/example_python_operator.py
[2024-05-06T10:13:58.106+0700] {processor.py:840} INFO - DAG(s) 'example_python_operator' retrieved from /Library/Frameworks/Python.framework/Versions/3.10/lib/python3.10/site-packages/airflow/example_dags/example_python_operator.py
[2024-05-06T10:13:58.248+0700] {logging_mixin.py:188} INFO - [2024-05-06T10:13:58.248+0700] {dag.py:3096} INFO - Sync 1 DAGs
[2024-05-06T10:13:58.254+0700] {logging_mixin.py:188} INFO - [2024-05-06T10:13:58.253+0700] {dag.py:3954} INFO - Setting next_dagrun for example_python_operator to None, run_after=None
[2024-05-06T10:13:58.265+0700] {processor.py:183} INFO - Processing /Library/Frameworks/Python.framework/Versions/3.10/lib/python3.10/site-packages/airflow/example_dags/example_python_operator.py took 0.180 seconds
[2024-05-06T10:38:53.889+0700] {processor.py:161} INFO - Started process (PID=79840) to work on /Library/Frameworks/Python.framework/Versions/3.10/lib/python3.10/site-packages/airflow/example_dags/example_python_operator.py
[2024-05-06T10:38:53.890+0700] {processor.py:830} INFO - Processing file /Library/Frameworks/Python.framework/Versions/3.10/lib/python3.10/site-packages/airflow/example_dags/example_python_operator.py for tasks to queue
[2024-05-06T10:38:53.890+0700] {logging_mixin.py:188} INFO - [2024-05-06T10:38:53.890+0700] {dagbag.py:540} INFO - Filling up the DagBag from /Library/Frameworks/Python.framework/Versions/3.10/lib/python3.10/site-packages/airflow/example_dags/example_python_operator.py
[2024-05-06T10:38:53.908+0700] {processor.py:840} INFO - DAG(s) 'example_python_operator' retrieved from /Library/Frameworks/Python.framework/Versions/3.10/lib/python3.10/site-packages/airflow/example_dags/example_python_operator.py
[2024-05-06T10:38:54.064+0700] {logging_mixin.py:188} INFO - [2024-05-06T10:38:54.063+0700] {dag.py:3096} INFO - Sync 1 DAGs
[2024-05-06T10:38:54.069+0700] {logging_mixin.py:188} INFO - [2024-05-06T10:38:54.069+0700] {dag.py:3954} INFO - Setting next_dagrun for example_python_operator to None, run_after=None
[2024-05-06T10:38:54.082+0700] {processor.py:183} INFO - Processing /Library/Frameworks/Python.framework/Versions/3.10/lib/python3.10/site-packages/airflow/example_dags/example_python_operator.py took 0.195 seconds
[2024-05-06T10:58:55.602+0700] {processor.py:161} INFO - Started process (PID=80698) to work on /Library/Frameworks/Python.framework/Versions/3.10/lib/python3.10/site-packages/airflow/example_dags/example_python_operator.py
[2024-05-06T10:58:55.603+0700] {processor.py:830} INFO - Processing file /Library/Frameworks/Python.framework/Versions/3.10/lib/python3.10/site-packages/airflow/example_dags/example_python_operator.py for tasks to queue
[2024-05-06T10:58:55.603+0700] {logging_mixin.py:188} INFO - [2024-05-06T10:58:55.603+0700] {dagbag.py:540} INFO - Filling up the DagBag from /Library/Frameworks/Python.framework/Versions/3.10/lib/python3.10/site-packages/airflow/example_dags/example_python_operator.py
[2024-05-06T10:58:55.621+0700] {processor.py:840} INFO - DAG(s) 'example_python_operator' retrieved from /Library/Frameworks/Python.framework/Versions/3.10/lib/python3.10/site-packages/airflow/example_dags/example_python_operator.py
[2024-05-06T10:58:55.786+0700] {logging_mixin.py:188} INFO - [2024-05-06T10:58:55.785+0700] {dag.py:3096} INFO - Sync 1 DAGs
[2024-05-06T10:58:55.791+0700] {logging_mixin.py:188} INFO - [2024-05-06T10:58:55.791+0700] {dag.py:3954} INFO - Setting next_dagrun for example_python_operator to None, run_after=None
[2024-05-06T10:58:55.803+0700] {processor.py:183} INFO - Processing /Library/Frameworks/Python.framework/Versions/3.10/lib/python3.10/site-packages/airflow/example_dags/example_python_operator.py took 0.202 seconds
[2024-05-06T11:01:35.696+0700] {processor.py:161} INFO - Started process (PID=81440) to work on /Library/Frameworks/Python.framework/Versions/3.10/lib/python3.10/site-packages/airflow/example_dags/example_python_operator.py
[2024-05-06T11:01:35.697+0700] {processor.py:830} INFO - Processing file /Library/Frameworks/Python.framework/Versions/3.10/lib/python3.10/site-packages/airflow/example_dags/example_python_operator.py for tasks to queue
[2024-05-06T11:01:35.697+0700] {logging_mixin.py:188} INFO - [2024-05-06T11:01:35.697+0700] {dagbag.py:540} INFO - Filling up the DagBag from /Library/Frameworks/Python.framework/Versions/3.10/lib/python3.10/site-packages/airflow/example_dags/example_python_operator.py
[2024-05-06T11:01:35.715+0700] {processor.py:840} INFO - DAG(s) 'example_python_operator' retrieved from /Library/Frameworks/Python.framework/Versions/3.10/lib/python3.10/site-packages/airflow/example_dags/example_python_operator.py
[2024-05-06T11:01:35.869+0700] {logging_mixin.py:188} INFO - [2024-05-06T11:01:35.869+0700] {dag.py:3096} INFO - Sync 1 DAGs
[2024-05-06T11:01:35.874+0700] {logging_mixin.py:188} INFO - [2024-05-06T11:01:35.874+0700] {dag.py:3954} INFO - Setting next_dagrun for example_python_operator to None, run_after=None
[2024-05-06T11:01:35.885+0700] {processor.py:183} INFO - Processing /Library/Frameworks/Python.framework/Versions/3.10/lib/python3.10/site-packages/airflow/example_dags/example_python_operator.py took 0.191 seconds
[2024-05-06T20:12:40.864+0700] {processor.py:161} INFO - Started process (PID=863) to work on /opt/homebrew/Caskroom/miniconda/base/lib/python3.11/site-packages/airflow/example_dags/example_python_operator.py
[2024-05-06T20:12:40.865+0700] {processor.py:830} INFO - Processing file /opt/homebrew/Caskroom/miniconda/base/lib/python3.11/site-packages/airflow/example_dags/example_python_operator.py for tasks to queue
[2024-05-06T20:12:40.866+0700] {logging_mixin.py:188} INFO - [2024-05-06T20:12:40.865+0700] {dagbag.py:540} INFO - Filling up the DagBag from /opt/homebrew/Caskroom/miniconda/base/lib/python3.11/site-packages/airflow/example_dags/example_python_operator.py
[2024-05-06T20:12:40.888+0700] {processor.py:840} INFO - DAG(s) 'example_python_operator' retrieved from /opt/homebrew/Caskroom/miniconda/base/lib/python3.11/site-packages/airflow/example_dags/example_python_operator.py
[2024-05-06T20:12:41.043+0700] {logging_mixin.py:188} INFO - [2024-05-06T20:12:41.043+0700] {dag.py:3096} INFO - Sync 1 DAGs
[2024-05-06T20:12:41.048+0700] {logging_mixin.py:188} INFO - [2024-05-06T20:12:41.048+0700] {dag.py:3954} INFO - Setting next_dagrun for example_python_operator to None, run_after=None
[2024-05-06T20:12:41.059+0700] {processor.py:183} INFO - Processing /opt/homebrew/Caskroom/miniconda/base/lib/python3.11/site-packages/airflow/example_dags/example_python_operator.py took 0.197 seconds
[2024-05-06T20:14:40.804+0700] {processor.py:161} INFO - Started process (PID=1557) to work on /opt/homebrew/Caskroom/miniconda/base/lib/python3.11/site-packages/airflow/example_dags/example_python_operator.py
[2024-05-06T20:14:40.805+0700] {processor.py:830} INFO - Processing file /opt/homebrew/Caskroom/miniconda/base/lib/python3.11/site-packages/airflow/example_dags/example_python_operator.py for tasks to queue
[2024-05-06T20:14:40.805+0700] {logging_mixin.py:188} INFO - [2024-05-06T20:14:40.805+0700] {dagbag.py:540} INFO - Filling up the DagBag from /opt/homebrew/Caskroom/miniconda/base/lib/python3.11/site-packages/airflow/example_dags/example_python_operator.py
[2024-05-06T20:14:40.825+0700] {processor.py:840} INFO - DAG(s) 'example_python_operator' retrieved from /opt/homebrew/Caskroom/miniconda/base/lib/python3.11/site-packages/airflow/example_dags/example_python_operator.py
[2024-05-06T20:14:40.973+0700] {logging_mixin.py:188} INFO - [2024-05-06T20:14:40.973+0700] {dag.py:3096} INFO - Sync 1 DAGs
[2024-05-06T20:14:40.978+0700] {logging_mixin.py:188} INFO - [2024-05-06T20:14:40.978+0700] {dag.py:3954} INFO - Setting next_dagrun for example_python_operator to None, run_after=None
[2024-05-06T20:14:40.988+0700] {processor.py:183} INFO - Processing /opt/homebrew/Caskroom/miniconda/base/lib/python3.11/site-packages/airflow/example_dags/example_python_operator.py took 0.186 seconds
[2024-05-06T20:16:39.633+0700] {processor.py:161} INFO - Started process (PID=2192) to work on /opt/homebrew/Caskroom/miniconda/base/lib/python3.11/site-packages/airflow/example_dags/example_python_operator.py
[2024-05-06T20:16:39.634+0700] {processor.py:830} INFO - Processing file /opt/homebrew/Caskroom/miniconda/base/lib/python3.11/site-packages/airflow/example_dags/example_python_operator.py for tasks to queue
[2024-05-06T20:16:39.635+0700] {logging_mixin.py:188} INFO - [2024-05-06T20:16:39.635+0700] {dagbag.py:540} INFO - Filling up the DagBag from /opt/homebrew/Caskroom/miniconda/base/lib/python3.11/site-packages/airflow/example_dags/example_python_operator.py
[2024-05-06T20:16:39.653+0700] {processor.py:840} INFO - DAG(s) 'example_python_operator' retrieved from /opt/homebrew/Caskroom/miniconda/base/lib/python3.11/site-packages/airflow/example_dags/example_python_operator.py
[2024-05-06T20:16:39.824+0700] {logging_mixin.py:188} INFO - [2024-05-06T20:16:39.824+0700] {dag.py:3096} INFO - Sync 1 DAGs
[2024-05-06T20:16:39.829+0700] {logging_mixin.py:188} INFO - [2024-05-06T20:16:39.829+0700] {dag.py:3954} INFO - Setting next_dagrun for example_python_operator to None, run_after=None
[2024-05-06T20:16:39.839+0700] {processor.py:183} INFO - Processing /opt/homebrew/Caskroom/miniconda/base/lib/python3.11/site-packages/airflow/example_dags/example_python_operator.py took 0.208 seconds
[2024-05-06T20:19:43.366+0700] {processor.py:161} INFO - Started process (PID=3113) to work on /opt/homebrew/Caskroom/miniconda/base/lib/python3.11/site-packages/airflow/example_dags/example_python_operator.py
[2024-05-06T20:19:43.367+0700] {processor.py:830} INFO - Processing file /opt/homebrew/Caskroom/miniconda/base/lib/python3.11/site-packages/airflow/example_dags/example_python_operator.py for tasks to queue
[2024-05-06T20:19:43.368+0700] {logging_mixin.py:188} INFO - [2024-05-06T20:19:43.368+0700] {dagbag.py:540} INFO - Filling up the DagBag from /opt/homebrew/Caskroom/miniconda/base/lib/python3.11/site-packages/airflow/example_dags/example_python_operator.py
[2024-05-06T20:19:43.394+0700] {processor.py:840} INFO - DAG(s) 'example_python_operator' retrieved from /opt/homebrew/Caskroom/miniconda/base/lib/python3.11/site-packages/airflow/example_dags/example_python_operator.py
[2024-05-06T20:19:43.582+0700] {logging_mixin.py:188} INFO - [2024-05-06T20:19:43.582+0700] {dag.py:3096} INFO - Sync 1 DAGs
[2024-05-06T20:19:43.587+0700] {logging_mixin.py:188} INFO - [2024-05-06T20:19:43.587+0700] {dag.py:3954} INFO - Setting next_dagrun for example_python_operator to None, run_after=None
[2024-05-06T20:19:43.600+0700] {processor.py:183} INFO - Processing /opt/homebrew/Caskroom/miniconda/base/lib/python3.11/site-packages/airflow/example_dags/example_python_operator.py took 0.237 seconds
[2024-05-06T20:22:32.862+0700] {processor.py:161} INFO - Started process (PID=4070) to work on /opt/homebrew/Caskroom/miniconda/base/lib/python3.11/site-packages/airflow/example_dags/example_python_operator.py
[2024-05-06T20:22:32.863+0700] {processor.py:830} INFO - Processing file /opt/homebrew/Caskroom/miniconda/base/lib/python3.11/site-packages/airflow/example_dags/example_python_operator.py for tasks to queue
[2024-05-06T20:22:32.863+0700] {logging_mixin.py:188} INFO - [2024-05-06T20:22:32.863+0700] {dagbag.py:540} INFO - Filling up the DagBag from /opt/homebrew/Caskroom/miniconda/base/lib/python3.11/site-packages/airflow/example_dags/example_python_operator.py
[2024-05-06T20:22:32.882+0700] {processor.py:840} INFO - DAG(s) 'example_python_operator' retrieved from /opt/homebrew/Caskroom/miniconda/base/lib/python3.11/site-packages/airflow/example_dags/example_python_operator.py
[2024-05-06T20:22:33.051+0700] {logging_mixin.py:188} INFO - [2024-05-06T20:22:33.051+0700] {dag.py:3096} INFO - Sync 1 DAGs
[2024-05-06T20:22:33.056+0700] {logging_mixin.py:188} INFO - [2024-05-06T20:22:33.056+0700] {dag.py:3954} INFO - Setting next_dagrun for example_python_operator to None, run_after=None
[2024-05-06T20:22:33.069+0700] {processor.py:183} INFO - Processing /opt/homebrew/Caskroom/miniconda/base/lib/python3.11/site-packages/airflow/example_dags/example_python_operator.py took 0.210 seconds
[2024-05-06T20:25:26.915+0700] {processor.py:161} INFO - Started process (PID=4950) to work on /opt/homebrew/Caskroom/miniconda/base/lib/python3.11/site-packages/airflow/example_dags/example_python_operator.py
[2024-05-06T20:25:26.916+0700] {processor.py:830} INFO - Processing file /opt/homebrew/Caskroom/miniconda/base/lib/python3.11/site-packages/airflow/example_dags/example_python_operator.py for tasks to queue
[2024-05-06T20:25:26.916+0700] {logging_mixin.py:188} INFO - [2024-05-06T20:25:26.916+0700] {dagbag.py:540} INFO - Filling up the DagBag from /opt/homebrew/Caskroom/miniconda/base/lib/python3.11/site-packages/airflow/example_dags/example_python_operator.py
[2024-05-06T20:25:26.935+0700] {processor.py:840} INFO - DAG(s) 'example_python_operator' retrieved from /opt/homebrew/Caskroom/miniconda/base/lib/python3.11/site-packages/airflow/example_dags/example_python_operator.py
[2024-05-06T20:25:27.106+0700] {logging_mixin.py:188} INFO - [2024-05-06T20:25:27.106+0700] {dag.py:3096} INFO - Sync 1 DAGs
[2024-05-06T20:25:27.111+0700] {logging_mixin.py:188} INFO - [2024-05-06T20:25:27.111+0700] {dag.py:3954} INFO - Setting next_dagrun for example_python_operator to None, run_after=None
[2024-05-06T20:25:27.122+0700] {processor.py:183} INFO - Processing /opt/homebrew/Caskroom/miniconda/base/lib/python3.11/site-packages/airflow/example_dags/example_python_operator.py took 0.209 seconds
[2024-05-06T20:30:30.741+0700] {processor.py:161} INFO - Started process (PID=6540) to work on /opt/homebrew/Caskroom/miniconda/base/lib/python3.11/site-packages/airflow/example_dags/example_python_operator.py
[2024-05-06T20:30:30.742+0700] {processor.py:830} INFO - Processing file /opt/homebrew/Caskroom/miniconda/base/lib/python3.11/site-packages/airflow/example_dags/example_python_operator.py for tasks to queue
[2024-05-06T20:30:30.750+0700] {logging_mixin.py:188} INFO - [2024-05-06T20:30:30.750+0700] {dagbag.py:540} INFO - Filling up the DagBag from /opt/homebrew/Caskroom/miniconda/base/lib/python3.11/site-packages/airflow/example_dags/example_python_operator.py
[2024-05-06T20:30:30.772+0700] {processor.py:840} INFO - DAG(s) 'example_python_operator' retrieved from /opt/homebrew/Caskroom/miniconda/base/lib/python3.11/site-packages/airflow/example_dags/example_python_operator.py
[2024-05-06T20:30:30.946+0700] {logging_mixin.py:188} INFO - [2024-05-06T20:30:30.946+0700] {dag.py:3096} INFO - Sync 1 DAGs
[2024-05-06T20:30:30.951+0700] {logging_mixin.py:188} INFO - [2024-05-06T20:30:30.951+0700] {dag.py:3954} INFO - Setting next_dagrun for example_python_operator to None, run_after=None
[2024-05-06T20:30:30.963+0700] {processor.py:183} INFO - Processing /opt/homebrew/Caskroom/miniconda/base/lib/python3.11/site-packages/airflow/example_dags/example_python_operator.py took 0.227 seconds
[2024-05-06T20:33:19.966+0700] {processor.py:161} INFO - Started process (PID=7445) to work on /opt/homebrew/Caskroom/miniconda/base/lib/python3.11/site-packages/airflow/example_dags/example_python_operator.py
[2024-05-06T20:33:19.967+0700] {processor.py:830} INFO - Processing file /opt/homebrew/Caskroom/miniconda/base/lib/python3.11/site-packages/airflow/example_dags/example_python_operator.py for tasks to queue
[2024-05-06T20:33:19.968+0700] {logging_mixin.py:188} INFO - [2024-05-06T20:33:19.968+0700] {dagbag.py:540} INFO - Filling up the DagBag from /opt/homebrew/Caskroom/miniconda/base/lib/python3.11/site-packages/airflow/example_dags/example_python_operator.py
[2024-05-06T20:33:19.986+0700] {processor.py:840} INFO - DAG(s) 'example_python_operator' retrieved from /opt/homebrew/Caskroom/miniconda/base/lib/python3.11/site-packages/airflow/example_dags/example_python_operator.py
[2024-05-06T20:33:20.134+0700] {logging_mixin.py:188} INFO - [2024-05-06T20:33:20.134+0700] {dag.py:3096} INFO - Sync 1 DAGs
[2024-05-06T20:33:20.139+0700] {logging_mixin.py:188} INFO - [2024-05-06T20:33:20.139+0700] {dag.py:3954} INFO - Setting next_dagrun for example_python_operator to None, run_after=None
[2024-05-06T20:33:20.150+0700] {processor.py:183} INFO - Processing /opt/homebrew/Caskroom/miniconda/base/lib/python3.11/site-packages/airflow/example_dags/example_python_operator.py took 0.186 seconds
