[2024-05-06T07:31:42.160+0700] {processor.py:161} INFO - Started process (PID=72586) to work on /Library/Frameworks/Python.framework/Versions/3.10/lib/python3.10/site-packages/airflow/example_dags/example_external_task_marker_dag.py
[2024-05-06T07:31:42.160+0700] {processor.py:830} INFO - Processing file /Library/Frameworks/Python.framework/Versions/3.10/lib/python3.10/site-packages/airflow/example_dags/example_external_task_marker_dag.py for tasks to queue
[2024-05-06T07:31:42.161+0700] {logging_mixin.py:188} INFO - [2024-05-06T07:31:42.160+0700] {dagbag.py:540} INFO - Filling up the DagBag from /Library/Frameworks/Python.framework/Versions/3.10/lib/python3.10/site-packages/airflow/example_dags/example_external_task_marker_dag.py
[2024-05-06T07:31:42.169+0700] {processor.py:840} INFO - DAG(s) 'example_external_task_marker_child', 'example_external_task_marker_parent' retrieved from /Library/Frameworks/Python.framework/Versions/3.10/lib/python3.10/site-packages/airflow/example_dags/example_external_task_marker_dag.py
[2024-05-06T07:31:42.277+0700] {logging_mixin.py:188} INFO - [2024-05-06T07:31:42.276+0700] {dag.py:3096} INFO - Sync 2 DAGs
[2024-05-06T07:31:42.282+0700] {logging_mixin.py:188} INFO - [2024-05-06T07:31:42.282+0700] {dag.py:3954} INFO - Setting next_dagrun for example_external_task_marker_child to None, run_after=None
[2024-05-06T07:31:42.284+0700] {logging_mixin.py:188} INFO - [2024-05-06T07:31:42.284+0700] {dag.py:3954} INFO - Setting next_dagrun for example_external_task_marker_parent to None, run_after=None
[2024-05-06T07:31:42.293+0700] {processor.py:183} INFO - Processing /Library/Frameworks/Python.framework/Versions/3.10/lib/python3.10/site-packages/airflow/example_dags/example_external_task_marker_dag.py took 0.135 seconds
[2024-05-06T07:34:16.191+0700] {processor.py:161} INFO - Started process (PID=73394) to work on /Library/Frameworks/Python.framework/Versions/3.10/lib/python3.10/site-packages/airflow/example_dags/example_external_task_marker_dag.py
[2024-05-06T07:34:16.192+0700] {processor.py:830} INFO - Processing file /Library/Frameworks/Python.framework/Versions/3.10/lib/python3.10/site-packages/airflow/example_dags/example_external_task_marker_dag.py for tasks to queue
[2024-05-06T07:34:16.193+0700] {logging_mixin.py:188} INFO - [2024-05-06T07:34:16.193+0700] {dagbag.py:540} INFO - Filling up the DagBag from /Library/Frameworks/Python.framework/Versions/3.10/lib/python3.10/site-packages/airflow/example_dags/example_external_task_marker_dag.py
[2024-05-06T07:34:16.201+0700] {processor.py:840} INFO - DAG(s) 'example_external_task_marker_child', 'example_external_task_marker_parent' retrieved from /Library/Frameworks/Python.framework/Versions/3.10/lib/python3.10/site-packages/airflow/example_dags/example_external_task_marker_dag.py
[2024-05-06T07:34:16.307+0700] {logging_mixin.py:188} INFO - [2024-05-06T07:34:16.307+0700] {dag.py:3096} INFO - Sync 2 DAGs
[2024-05-06T07:34:16.312+0700] {logging_mixin.py:188} INFO - [2024-05-06T07:34:16.312+0700] {dag.py:3954} INFO - Setting next_dagrun for example_external_task_marker_child to None, run_after=None
[2024-05-06T07:34:16.314+0700] {logging_mixin.py:188} INFO - [2024-05-06T07:34:16.314+0700] {dag.py:3954} INFO - Setting next_dagrun for example_external_task_marker_parent to None, run_after=None
[2024-05-06T07:34:16.324+0700] {processor.py:183} INFO - Processing /Library/Frameworks/Python.framework/Versions/3.10/lib/python3.10/site-packages/airflow/example_dags/example_external_task_marker_dag.py took 0.134 seconds
[2024-05-06T07:36:48.733+0700] {processor.py:161} INFO - Started process (PID=74086) to work on /Library/Frameworks/Python.framework/Versions/3.10/lib/python3.10/site-packages/airflow/example_dags/example_external_task_marker_dag.py
[2024-05-06T07:36:48.735+0700] {processor.py:830} INFO - Processing file /Library/Frameworks/Python.framework/Versions/3.10/lib/python3.10/site-packages/airflow/example_dags/example_external_task_marker_dag.py for tasks to queue
[2024-05-06T07:36:48.735+0700] {logging_mixin.py:188} INFO - [2024-05-06T07:36:48.735+0700] {dagbag.py:540} INFO - Filling up the DagBag from /Library/Frameworks/Python.framework/Versions/3.10/lib/python3.10/site-packages/airflow/example_dags/example_external_task_marker_dag.py
[2024-05-06T07:36:48.744+0700] {processor.py:840} INFO - DAG(s) 'example_external_task_marker_child', 'example_external_task_marker_parent' retrieved from /Library/Frameworks/Python.framework/Versions/3.10/lib/python3.10/site-packages/airflow/example_dags/example_external_task_marker_dag.py
[2024-05-06T07:36:48.847+0700] {logging_mixin.py:188} INFO - [2024-05-06T07:36:48.847+0700] {dag.py:3096} INFO - Sync 2 DAGs
[2024-05-06T07:36:48.852+0700] {logging_mixin.py:188} INFO - [2024-05-06T07:36:48.852+0700] {dag.py:3954} INFO - Setting next_dagrun for example_external_task_marker_child to None, run_after=None
[2024-05-06T07:36:48.854+0700] {logging_mixin.py:188} INFO - [2024-05-06T07:36:48.854+0700] {dag.py:3954} INFO - Setting next_dagrun for example_external_task_marker_parent to None, run_after=None
[2024-05-06T07:36:48.863+0700] {processor.py:183} INFO - Processing /Library/Frameworks/Python.framework/Versions/3.10/lib/python3.10/site-packages/airflow/example_dags/example_external_task_marker_dag.py took 0.132 seconds
[2024-05-06T07:39:24.202+0700] {processor.py:161} INFO - Started process (PID=74797) to work on /Library/Frameworks/Python.framework/Versions/3.10/lib/python3.10/site-packages/airflow/example_dags/example_external_task_marker_dag.py
[2024-05-06T07:39:24.202+0700] {processor.py:830} INFO - Processing file /Library/Frameworks/Python.framework/Versions/3.10/lib/python3.10/site-packages/airflow/example_dags/example_external_task_marker_dag.py for tasks to queue
[2024-05-06T07:39:24.203+0700] {logging_mixin.py:188} INFO - [2024-05-06T07:39:24.203+0700] {dagbag.py:540} INFO - Filling up the DagBag from /Library/Frameworks/Python.framework/Versions/3.10/lib/python3.10/site-packages/airflow/example_dags/example_external_task_marker_dag.py
[2024-05-06T07:39:24.211+0700] {processor.py:840} INFO - DAG(s) 'example_external_task_marker_child', 'example_external_task_marker_parent' retrieved from /Library/Frameworks/Python.framework/Versions/3.10/lib/python3.10/site-packages/airflow/example_dags/example_external_task_marker_dag.py
[2024-05-06T07:39:24.319+0700] {logging_mixin.py:188} INFO - [2024-05-06T07:39:24.319+0700] {dag.py:3096} INFO - Sync 2 DAGs
[2024-05-06T07:39:24.324+0700] {logging_mixin.py:188} INFO - [2024-05-06T07:39:24.324+0700] {dag.py:3954} INFO - Setting next_dagrun for example_external_task_marker_child to None, run_after=None
[2024-05-06T07:39:24.327+0700] {logging_mixin.py:188} INFO - [2024-05-06T07:39:24.327+0700] {dag.py:3954} INFO - Setting next_dagrun for example_external_task_marker_parent to None, run_after=None
[2024-05-06T07:39:24.337+0700] {processor.py:183} INFO - Processing /Library/Frameworks/Python.framework/Versions/3.10/lib/python3.10/site-packages/airflow/example_dags/example_external_task_marker_dag.py took 0.137 seconds
[2024-05-06T07:58:27.217+0700] {processor.py:161} INFO - Started process (PID=75522) to work on /Library/Frameworks/Python.framework/Versions/3.10/lib/python3.10/site-packages/airflow/example_dags/example_external_task_marker_dag.py
[2024-05-06T07:58:27.219+0700] {processor.py:830} INFO - Processing file /Library/Frameworks/Python.framework/Versions/3.10/lib/python3.10/site-packages/airflow/example_dags/example_external_task_marker_dag.py for tasks to queue
[2024-05-06T07:58:27.219+0700] {logging_mixin.py:188} INFO - [2024-05-06T07:58:27.219+0700] {dagbag.py:540} INFO - Filling up the DagBag from /Library/Frameworks/Python.framework/Versions/3.10/lib/python3.10/site-packages/airflow/example_dags/example_external_task_marker_dag.py
[2024-05-06T07:58:27.227+0700] {processor.py:840} INFO - DAG(s) 'example_external_task_marker_child', 'example_external_task_marker_parent' retrieved from /Library/Frameworks/Python.framework/Versions/3.10/lib/python3.10/site-packages/airflow/example_dags/example_external_task_marker_dag.py
[2024-05-06T07:58:27.334+0700] {logging_mixin.py:188} INFO - [2024-05-06T07:58:27.334+0700] {dag.py:3096} INFO - Sync 2 DAGs
[2024-05-06T07:58:27.340+0700] {logging_mixin.py:188} INFO - [2024-05-06T07:58:27.339+0700] {dag.py:3954} INFO - Setting next_dagrun for example_external_task_marker_child to None, run_after=None
[2024-05-06T07:58:27.341+0700] {logging_mixin.py:188} INFO - [2024-05-06T07:58:27.341+0700] {dag.py:3954} INFO - Setting next_dagrun for example_external_task_marker_parent to None, run_after=None
[2024-05-06T07:58:27.351+0700] {processor.py:183} INFO - Processing /Library/Frameworks/Python.framework/Versions/3.10/lib/python3.10/site-packages/airflow/example_dags/example_external_task_marker_dag.py took 0.135 seconds
[2024-05-06T08:33:09.936+0700] {processor.py:161} INFO - Started process (PID=76016) to work on /Library/Frameworks/Python.framework/Versions/3.10/lib/python3.10/site-packages/airflow/example_dags/example_external_task_marker_dag.py
[2024-05-06T08:33:09.938+0700] {processor.py:830} INFO - Processing file /Library/Frameworks/Python.framework/Versions/3.10/lib/python3.10/site-packages/airflow/example_dags/example_external_task_marker_dag.py for tasks to queue
[2024-05-06T08:33:09.938+0700] {logging_mixin.py:188} INFO - [2024-05-06T08:33:09.938+0700] {dagbag.py:540} INFO - Filling up the DagBag from /Library/Frameworks/Python.framework/Versions/3.10/lib/python3.10/site-packages/airflow/example_dags/example_external_task_marker_dag.py
[2024-05-06T08:33:09.948+0700] {processor.py:840} INFO - DAG(s) 'example_external_task_marker_parent', 'example_external_task_marker_child' retrieved from /Library/Frameworks/Python.framework/Versions/3.10/lib/python3.10/site-packages/airflow/example_dags/example_external_task_marker_dag.py
[2024-05-06T08:33:10.054+0700] {logging_mixin.py:188} INFO - [2024-05-06T08:33:10.054+0700] {dag.py:3096} INFO - Sync 2 DAGs
[2024-05-06T08:33:10.060+0700] {logging_mixin.py:188} INFO - [2024-05-06T08:33:10.059+0700] {dag.py:3954} INFO - Setting next_dagrun for example_external_task_marker_child to None, run_after=None
[2024-05-06T08:33:10.061+0700] {logging_mixin.py:188} INFO - [2024-05-06T08:33:10.061+0700] {dag.py:3954} INFO - Setting next_dagrun for example_external_task_marker_parent to None, run_after=None
[2024-05-06T08:33:10.071+0700] {processor.py:183} INFO - Processing /Library/Frameworks/Python.framework/Versions/3.10/lib/python3.10/site-packages/airflow/example_dags/example_external_task_marker_dag.py took 0.136 seconds
[2024-05-06T09:01:17.347+0700] {processor.py:161} INFO - Started process (PID=76797) to work on /Library/Frameworks/Python.framework/Versions/3.10/lib/python3.10/site-packages/airflow/example_dags/example_external_task_marker_dag.py
[2024-05-06T09:01:17.349+0700] {processor.py:830} INFO - Processing file /Library/Frameworks/Python.framework/Versions/3.10/lib/python3.10/site-packages/airflow/example_dags/example_external_task_marker_dag.py for tasks to queue
[2024-05-06T09:01:17.349+0700] {logging_mixin.py:188} INFO - [2024-05-06T09:01:17.349+0700] {dagbag.py:540} INFO - Filling up the DagBag from /Library/Frameworks/Python.framework/Versions/3.10/lib/python3.10/site-packages/airflow/example_dags/example_external_task_marker_dag.py
[2024-05-06T09:01:17.358+0700] {processor.py:840} INFO - DAG(s) 'example_external_task_marker_child', 'example_external_task_marker_parent' retrieved from /Library/Frameworks/Python.framework/Versions/3.10/lib/python3.10/site-packages/airflow/example_dags/example_external_task_marker_dag.py
[2024-05-06T09:01:17.466+0700] {logging_mixin.py:188} INFO - [2024-05-06T09:01:17.465+0700] {dag.py:3096} INFO - Sync 2 DAGs
[2024-05-06T09:01:17.471+0700] {logging_mixin.py:188} INFO - [2024-05-06T09:01:17.471+0700] {dag.py:3954} INFO - Setting next_dagrun for example_external_task_marker_child to None, run_after=None
[2024-05-06T09:01:17.473+0700] {logging_mixin.py:188} INFO - [2024-05-06T09:01:17.473+0700] {dag.py:3954} INFO - Setting next_dagrun for example_external_task_marker_parent to None, run_after=None
[2024-05-06T09:01:17.482+0700] {processor.py:183} INFO - Processing /Library/Frameworks/Python.framework/Versions/3.10/lib/python3.10/site-packages/airflow/example_dags/example_external_task_marker_dag.py took 0.137 seconds
[2024-05-06T09:21:18.543+0700] {processor.py:161} INFO - Started process (PID=77530) to work on /Library/Frameworks/Python.framework/Versions/3.10/lib/python3.10/site-packages/airflow/example_dags/example_external_task_marker_dag.py
[2024-05-06T09:21:18.544+0700] {processor.py:830} INFO - Processing file /Library/Frameworks/Python.framework/Versions/3.10/lib/python3.10/site-packages/airflow/example_dags/example_external_task_marker_dag.py for tasks to queue
[2024-05-06T09:21:18.544+0700] {logging_mixin.py:188} INFO - [2024-05-06T09:21:18.544+0700] {dagbag.py:540} INFO - Filling up the DagBag from /Library/Frameworks/Python.framework/Versions/3.10/lib/python3.10/site-packages/airflow/example_dags/example_external_task_marker_dag.py
[2024-05-06T09:21:18.553+0700] {processor.py:840} INFO - DAG(s) 'example_external_task_marker_parent', 'example_external_task_marker_child' retrieved from /Library/Frameworks/Python.framework/Versions/3.10/lib/python3.10/site-packages/airflow/example_dags/example_external_task_marker_dag.py
[2024-05-06T09:21:18.657+0700] {logging_mixin.py:188} INFO - [2024-05-06T09:21:18.657+0700] {dag.py:3096} INFO - Sync 2 DAGs
[2024-05-06T09:21:18.663+0700] {logging_mixin.py:188} INFO - [2024-05-06T09:21:18.663+0700] {dag.py:3954} INFO - Setting next_dagrun for example_external_task_marker_child to None, run_after=None
[2024-05-06T09:21:18.664+0700] {logging_mixin.py:188} INFO - [2024-05-06T09:21:18.664+0700] {dag.py:3954} INFO - Setting next_dagrun for example_external_task_marker_parent to None, run_after=None
[2024-05-06T09:21:18.674+0700] {processor.py:183} INFO - Processing /Library/Frameworks/Python.framework/Versions/3.10/lib/python3.10/site-packages/airflow/example_dags/example_external_task_marker_dag.py took 0.133 seconds
[2024-05-06T09:37:47.713+0700] {processor.py:161} INFO - Started process (PID=77951) to work on /Library/Frameworks/Python.framework/Versions/3.10/lib/python3.10/site-packages/airflow/example_dags/example_external_task_marker_dag.py
[2024-05-06T09:37:47.714+0700] {processor.py:830} INFO - Processing file /Library/Frameworks/Python.framework/Versions/3.10/lib/python3.10/site-packages/airflow/example_dags/example_external_task_marker_dag.py for tasks to queue
[2024-05-06T09:37:47.714+0700] {logging_mixin.py:188} INFO - [2024-05-06T09:37:47.714+0700] {dagbag.py:540} INFO - Filling up the DagBag from /Library/Frameworks/Python.framework/Versions/3.10/lib/python3.10/site-packages/airflow/example_dags/example_external_task_marker_dag.py
[2024-05-06T09:37:47.724+0700] {processor.py:840} INFO - DAG(s) 'example_external_task_marker_child', 'example_external_task_marker_parent' retrieved from /Library/Frameworks/Python.framework/Versions/3.10/lib/python3.10/site-packages/airflow/example_dags/example_external_task_marker_dag.py
[2024-05-06T09:37:47.832+0700] {logging_mixin.py:188} INFO - [2024-05-06T09:37:47.831+0700] {dag.py:3096} INFO - Sync 2 DAGs
[2024-05-06T09:37:47.837+0700] {logging_mixin.py:188} INFO - [2024-05-06T09:37:47.837+0700] {dag.py:3954} INFO - Setting next_dagrun for example_external_task_marker_child to None, run_after=None
[2024-05-06T09:37:47.839+0700] {logging_mixin.py:188} INFO - [2024-05-06T09:37:47.838+0700] {dag.py:3954} INFO - Setting next_dagrun for example_external_task_marker_parent to None, run_after=None
[2024-05-06T09:37:47.848+0700] {processor.py:183} INFO - Processing /Library/Frameworks/Python.framework/Versions/3.10/lib/python3.10/site-packages/airflow/example_dags/example_external_task_marker_dag.py took 0.137 seconds
[2024-05-06T09:55:46.834+0700] {processor.py:161} INFO - Started process (PID=78706) to work on /Library/Frameworks/Python.framework/Versions/3.10/lib/python3.10/site-packages/airflow/example_dags/example_external_task_marker_dag.py
[2024-05-06T09:55:46.834+0700] {processor.py:830} INFO - Processing file /Library/Frameworks/Python.framework/Versions/3.10/lib/python3.10/site-packages/airflow/example_dags/example_external_task_marker_dag.py for tasks to queue
[2024-05-06T09:55:46.835+0700] {logging_mixin.py:188} INFO - [2024-05-06T09:55:46.835+0700] {dagbag.py:540} INFO - Filling up the DagBag from /Library/Frameworks/Python.framework/Versions/3.10/lib/python3.10/site-packages/airflow/example_dags/example_external_task_marker_dag.py
[2024-05-06T09:55:46.843+0700] {processor.py:840} INFO - DAG(s) 'example_external_task_marker_parent', 'example_external_task_marker_child' retrieved from /Library/Frameworks/Python.framework/Versions/3.10/lib/python3.10/site-packages/airflow/example_dags/example_external_task_marker_dag.py
[2024-05-06T09:55:46.950+0700] {logging_mixin.py:188} INFO - [2024-05-06T09:55:46.949+0700] {dag.py:3096} INFO - Sync 2 DAGs
[2024-05-06T09:55:46.955+0700] {logging_mixin.py:188} INFO - [2024-05-06T09:55:46.955+0700] {dag.py:3954} INFO - Setting next_dagrun for example_external_task_marker_child to None, run_after=None
[2024-05-06T09:55:46.957+0700] {logging_mixin.py:188} INFO - [2024-05-06T09:55:46.957+0700] {dag.py:3954} INFO - Setting next_dagrun for example_external_task_marker_parent to None, run_after=None
[2024-05-06T09:55:46.967+0700] {processor.py:183} INFO - Processing /Library/Frameworks/Python.framework/Versions/3.10/lib/python3.10/site-packages/airflow/example_dags/example_external_task_marker_dag.py took 0.135 seconds
[2024-05-06T10:37:28.623+0700] {processor.py:161} INFO - Started process (PID=79433) to work on /Library/Frameworks/Python.framework/Versions/3.10/lib/python3.10/site-packages/airflow/example_dags/example_external_task_marker_dag.py
[2024-05-06T10:37:28.624+0700] {processor.py:830} INFO - Processing file /Library/Frameworks/Python.framework/Versions/3.10/lib/python3.10/site-packages/airflow/example_dags/example_external_task_marker_dag.py for tasks to queue
[2024-05-06T10:37:28.624+0700] {logging_mixin.py:188} INFO - [2024-05-06T10:37:28.624+0700] {dagbag.py:540} INFO - Filling up the DagBag from /Library/Frameworks/Python.framework/Versions/3.10/lib/python3.10/site-packages/airflow/example_dags/example_external_task_marker_dag.py
[2024-05-06T10:37:28.634+0700] {processor.py:840} INFO - DAG(s) 'example_external_task_marker_child', 'example_external_task_marker_parent' retrieved from /Library/Frameworks/Python.framework/Versions/3.10/lib/python3.10/site-packages/airflow/example_dags/example_external_task_marker_dag.py
[2024-05-06T10:37:28.748+0700] {logging_mixin.py:188} INFO - [2024-05-06T10:37:28.748+0700] {dag.py:3096} INFO - Sync 2 DAGs
[2024-05-06T10:37:28.754+0700] {logging_mixin.py:188} INFO - [2024-05-06T10:37:28.754+0700] {dag.py:3954} INFO - Setting next_dagrun for example_external_task_marker_child to None, run_after=None
[2024-05-06T10:37:28.756+0700] {logging_mixin.py:188} INFO - [2024-05-06T10:37:28.756+0700] {dag.py:3954} INFO - Setting next_dagrun for example_external_task_marker_parent to None, run_after=None
[2024-05-06T10:37:28.767+0700] {processor.py:183} INFO - Processing /Library/Frameworks/Python.framework/Versions/3.10/lib/python3.10/site-packages/airflow/example_dags/example_external_task_marker_dag.py took 0.146 seconds
[2024-05-06T10:57:21.584+0700] {processor.py:161} INFO - Started process (PID=80231) to work on /Library/Frameworks/Python.framework/Versions/3.10/lib/python3.10/site-packages/airflow/example_dags/example_external_task_marker_dag.py
[2024-05-06T10:57:21.584+0700] {processor.py:830} INFO - Processing file /Library/Frameworks/Python.framework/Versions/3.10/lib/python3.10/site-packages/airflow/example_dags/example_external_task_marker_dag.py for tasks to queue
[2024-05-06T10:57:21.585+0700] {logging_mixin.py:188} INFO - [2024-05-06T10:57:21.585+0700] {dagbag.py:540} INFO - Filling up the DagBag from /Library/Frameworks/Python.framework/Versions/3.10/lib/python3.10/site-packages/airflow/example_dags/example_external_task_marker_dag.py
[2024-05-06T10:57:21.594+0700] {processor.py:840} INFO - DAG(s) 'example_external_task_marker_parent', 'example_external_task_marker_child' retrieved from /Library/Frameworks/Python.framework/Versions/3.10/lib/python3.10/site-packages/airflow/example_dags/example_external_task_marker_dag.py
[2024-05-06T10:57:21.706+0700] {logging_mixin.py:188} INFO - [2024-05-06T10:57:21.706+0700] {dag.py:3096} INFO - Sync 2 DAGs
[2024-05-06T10:57:21.712+0700] {logging_mixin.py:188} INFO - [2024-05-06T10:57:21.712+0700] {dag.py:3954} INFO - Setting next_dagrun for example_external_task_marker_child to None, run_after=None
[2024-05-06T10:57:21.713+0700] {logging_mixin.py:188} INFO - [2024-05-06T10:57:21.713+0700] {dag.py:3954} INFO - Setting next_dagrun for example_external_task_marker_parent to None, run_after=None
[2024-05-06T10:57:21.724+0700] {processor.py:183} INFO - Processing /Library/Frameworks/Python.framework/Versions/3.10/lib/python3.10/site-packages/airflow/example_dags/example_external_task_marker_dag.py took 0.142 seconds
[2024-05-06T10:59:17.400+0700] {processor.py:161} INFO - Started process (PID=80791) to work on /Library/Frameworks/Python.framework/Versions/3.10/lib/python3.10/site-packages/airflow/example_dags/example_external_task_marker_dag.py
[2024-05-06T10:59:17.401+0700] {processor.py:830} INFO - Processing file /Library/Frameworks/Python.framework/Versions/3.10/lib/python3.10/site-packages/airflow/example_dags/example_external_task_marker_dag.py for tasks to queue
[2024-05-06T10:59:17.402+0700] {logging_mixin.py:188} INFO - [2024-05-06T10:59:17.402+0700] {dagbag.py:540} INFO - Filling up the DagBag from /Library/Frameworks/Python.framework/Versions/3.10/lib/python3.10/site-packages/airflow/example_dags/example_external_task_marker_dag.py
[2024-05-06T10:59:17.410+0700] {processor.py:840} INFO - DAG(s) 'example_external_task_marker_child', 'example_external_task_marker_parent' retrieved from /Library/Frameworks/Python.framework/Versions/3.10/lib/python3.10/site-packages/airflow/example_dags/example_external_task_marker_dag.py
[2024-05-06T10:59:17.520+0700] {logging_mixin.py:188} INFO - [2024-05-06T10:59:17.520+0700] {dag.py:3096} INFO - Sync 2 DAGs
[2024-05-06T10:59:17.526+0700] {logging_mixin.py:188} INFO - [2024-05-06T10:59:17.526+0700] {dag.py:3954} INFO - Setting next_dagrun for example_external_task_marker_child to None, run_after=None
[2024-05-06T10:59:17.528+0700] {logging_mixin.py:188} INFO - [2024-05-06T10:59:17.528+0700] {dag.py:3954} INFO - Setting next_dagrun for example_external_task_marker_parent to None, run_after=None
[2024-05-06T10:59:17.538+0700] {processor.py:183} INFO - Processing /Library/Frameworks/Python.framework/Versions/3.10/lib/python3.10/site-packages/airflow/example_dags/example_external_task_marker_dag.py took 0.140 seconds
[2024-05-06T20:13:01.508+0700] {processor.py:161} INFO - Started process (PID=979) to work on /opt/homebrew/Caskroom/miniconda/base/lib/python3.11/site-packages/airflow/example_dags/example_external_task_marker_dag.py
[2024-05-06T20:13:01.509+0700] {processor.py:830} INFO - Processing file /opt/homebrew/Caskroom/miniconda/base/lib/python3.11/site-packages/airflow/example_dags/example_external_task_marker_dag.py for tasks to queue
[2024-05-06T20:13:01.510+0700] {logging_mixin.py:188} INFO - [2024-05-06T20:13:01.510+0700] {dagbag.py:540} INFO - Filling up the DagBag from /opt/homebrew/Caskroom/miniconda/base/lib/python3.11/site-packages/airflow/example_dags/example_external_task_marker_dag.py
[2024-05-06T20:13:01.519+0700] {processor.py:840} INFO - DAG(s) 'example_external_task_marker_child', 'example_external_task_marker_parent' retrieved from /opt/homebrew/Caskroom/miniconda/base/lib/python3.11/site-packages/airflow/example_dags/example_external_task_marker_dag.py
[2024-05-06T20:13:01.678+0700] {logging_mixin.py:188} INFO - [2024-05-06T20:13:01.677+0700] {dag.py:3096} INFO - Sync 2 DAGs
[2024-05-06T20:13:01.683+0700] {logging_mixin.py:188} INFO - [2024-05-06T20:13:01.683+0700] {dag.py:3954} INFO - Setting next_dagrun for example_external_task_marker_child to None, run_after=None
[2024-05-06T20:13:01.684+0700] {logging_mixin.py:188} INFO - [2024-05-06T20:13:01.684+0700] {dag.py:3954} INFO - Setting next_dagrun for example_external_task_marker_parent to None, run_after=None
[2024-05-06T20:13:01.696+0700] {processor.py:183} INFO - Processing /opt/homebrew/Caskroom/miniconda/base/lib/python3.11/site-packages/airflow/example_dags/example_external_task_marker_dag.py took 0.189 seconds
[2024-05-06T20:15:01.981+0700] {processor.py:161} INFO - Started process (PID=1668) to work on /opt/homebrew/Caskroom/miniconda/base/lib/python3.11/site-packages/airflow/example_dags/example_external_task_marker_dag.py
[2024-05-06T20:15:01.982+0700] {processor.py:830} INFO - Processing file /opt/homebrew/Caskroom/miniconda/base/lib/python3.11/site-packages/airflow/example_dags/example_external_task_marker_dag.py for tasks to queue
[2024-05-06T20:15:01.982+0700] {logging_mixin.py:188} INFO - [2024-05-06T20:15:01.982+0700] {dagbag.py:540} INFO - Filling up the DagBag from /opt/homebrew/Caskroom/miniconda/base/lib/python3.11/site-packages/airflow/example_dags/example_external_task_marker_dag.py
[2024-05-06T20:15:01.991+0700] {processor.py:840} INFO - DAG(s) 'example_external_task_marker_child', 'example_external_task_marker_parent' retrieved from /opt/homebrew/Caskroom/miniconda/base/lib/python3.11/site-packages/airflow/example_dags/example_external_task_marker_dag.py
[2024-05-06T20:15:02.147+0700] {logging_mixin.py:188} INFO - [2024-05-06T20:15:02.147+0700] {dag.py:3096} INFO - Sync 2 DAGs
[2024-05-06T20:15:02.152+0700] {logging_mixin.py:188} INFO - [2024-05-06T20:15:02.152+0700] {dag.py:3954} INFO - Setting next_dagrun for example_external_task_marker_child to None, run_after=None
[2024-05-06T20:15:02.153+0700] {logging_mixin.py:188} INFO - [2024-05-06T20:15:02.153+0700] {dag.py:3954} INFO - Setting next_dagrun for example_external_task_marker_parent to None, run_after=None
[2024-05-06T20:15:02.164+0700] {processor.py:183} INFO - Processing /opt/homebrew/Caskroom/miniconda/base/lib/python3.11/site-packages/airflow/example_dags/example_external_task_marker_dag.py took 0.185 seconds
[2024-05-06T20:17:05.208+0700] {processor.py:161} INFO - Started process (PID=2321) to work on /opt/homebrew/Caskroom/miniconda/base/lib/python3.11/site-packages/airflow/example_dags/example_external_task_marker_dag.py
[2024-05-06T20:17:05.209+0700] {processor.py:830} INFO - Processing file /opt/homebrew/Caskroom/miniconda/base/lib/python3.11/site-packages/airflow/example_dags/example_external_task_marker_dag.py for tasks to queue
[2024-05-06T20:17:05.210+0700] {logging_mixin.py:188} INFO - [2024-05-06T20:17:05.210+0700] {dagbag.py:540} INFO - Filling up the DagBag from /opt/homebrew/Caskroom/miniconda/base/lib/python3.11/site-packages/airflow/example_dags/example_external_task_marker_dag.py
[2024-05-06T20:17:05.233+0700] {processor.py:840} INFO - DAG(s) 'example_external_task_marker_child', 'example_external_task_marker_parent' retrieved from /opt/homebrew/Caskroom/miniconda/base/lib/python3.11/site-packages/airflow/example_dags/example_external_task_marker_dag.py
[2024-05-06T20:17:05.320+0700] {logging_mixin.py:188} INFO - [2024-05-06T20:17:05.319+0700] {dag.py:3096} INFO - Sync 2 DAGs
[2024-05-06T20:17:05.326+0700] {logging_mixin.py:188} INFO - [2024-05-06T20:17:05.326+0700] {dag.py:3954} INFO - Setting next_dagrun for example_external_task_marker_child to None, run_after=None
[2024-05-06T20:17:05.329+0700] {logging_mixin.py:188} INFO - [2024-05-06T20:17:05.329+0700] {dag.py:3954} INFO - Setting next_dagrun for example_external_task_marker_parent to None, run_after=None
[2024-05-06T20:17:05.340+0700] {processor.py:183} INFO - Processing /opt/homebrew/Caskroom/miniconda/base/lib/python3.11/site-packages/airflow/example_dags/example_external_task_marker_dag.py took 0.135 seconds
[2024-05-06T20:20:06.317+0700] {processor.py:161} INFO - Started process (PID=3275) to work on /opt/homebrew/Caskroom/miniconda/base/lib/python3.11/site-packages/airflow/example_dags/example_external_task_marker_dag.py
[2024-05-06T20:20:06.319+0700] {processor.py:830} INFO - Processing file /opt/homebrew/Caskroom/miniconda/base/lib/python3.11/site-packages/airflow/example_dags/example_external_task_marker_dag.py for tasks to queue
[2024-05-06T20:20:06.319+0700] {logging_mixin.py:188} INFO - [2024-05-06T20:20:06.319+0700] {dagbag.py:540} INFO - Filling up the DagBag from /opt/homebrew/Caskroom/miniconda/base/lib/python3.11/site-packages/airflow/example_dags/example_external_task_marker_dag.py
[2024-05-06T20:20:06.340+0700] {processor.py:840} INFO - DAG(s) 'example_external_task_marker_child', 'example_external_task_marker_parent' retrieved from /opt/homebrew/Caskroom/miniconda/base/lib/python3.11/site-packages/airflow/example_dags/example_external_task_marker_dag.py
[2024-05-06T20:20:06.478+0700] {logging_mixin.py:188} INFO - [2024-05-06T20:20:06.477+0700] {dag.py:3096} INFO - Sync 2 DAGs
[2024-05-06T20:20:06.489+0700] {logging_mixin.py:188} INFO - [2024-05-06T20:20:06.489+0700] {dag.py:3954} INFO - Setting next_dagrun for example_external_task_marker_child to None, run_after=None
[2024-05-06T20:20:06.493+0700] {logging_mixin.py:188} INFO - [2024-05-06T20:20:06.493+0700] {dag.py:3954} INFO - Setting next_dagrun for example_external_task_marker_parent to None, run_after=None
[2024-05-06T20:20:06.511+0700] {processor.py:183} INFO - Processing /opt/homebrew/Caskroom/miniconda/base/lib/python3.11/site-packages/airflow/example_dags/example_external_task_marker_dag.py took 0.196 seconds
[2024-05-06T20:22:54.432+0700] {processor.py:161} INFO - Started process (PID=4194) to work on /opt/homebrew/Caskroom/miniconda/base/lib/python3.11/site-packages/airflow/example_dags/example_external_task_marker_dag.py
[2024-05-06T20:22:54.433+0700] {processor.py:830} INFO - Processing file /opt/homebrew/Caskroom/miniconda/base/lib/python3.11/site-packages/airflow/example_dags/example_external_task_marker_dag.py for tasks to queue
[2024-05-06T20:22:54.433+0700] {logging_mixin.py:188} INFO - [2024-05-06T20:22:54.433+0700] {dagbag.py:540} INFO - Filling up the DagBag from /opt/homebrew/Caskroom/miniconda/base/lib/python3.11/site-packages/airflow/example_dags/example_external_task_marker_dag.py
[2024-05-06T20:22:54.442+0700] {processor.py:840} INFO - DAG(s) 'example_external_task_marker_child', 'example_external_task_marker_parent' retrieved from /opt/homebrew/Caskroom/miniconda/base/lib/python3.11/site-packages/airflow/example_dags/example_external_task_marker_dag.py
[2024-05-06T20:22:54.513+0700] {logging_mixin.py:188} INFO - [2024-05-06T20:22:54.512+0700] {dag.py:3096} INFO - Sync 2 DAGs
[2024-05-06T20:22:54.518+0700] {logging_mixin.py:188} INFO - [2024-05-06T20:22:54.518+0700] {dag.py:3954} INFO - Setting next_dagrun for example_external_task_marker_child to None, run_after=None
[2024-05-06T20:22:54.521+0700] {logging_mixin.py:188} INFO - [2024-05-06T20:22:54.521+0700] {dag.py:3954} INFO - Setting next_dagrun for example_external_task_marker_parent to None, run_after=None
[2024-05-06T20:22:54.530+0700] {processor.py:183} INFO - Processing /opt/homebrew/Caskroom/miniconda/base/lib/python3.11/site-packages/airflow/example_dags/example_external_task_marker_dag.py took 0.100 seconds
[2024-05-06T20:25:48.169+0700] {processor.py:161} INFO - Started process (PID=5049) to work on /opt/homebrew/Caskroom/miniconda/base/lib/python3.11/site-packages/airflow/example_dags/example_external_task_marker_dag.py
[2024-05-06T20:25:48.170+0700] {processor.py:830} INFO - Processing file /opt/homebrew/Caskroom/miniconda/base/lib/python3.11/site-packages/airflow/example_dags/example_external_task_marker_dag.py for tasks to queue
[2024-05-06T20:25:48.171+0700] {logging_mixin.py:188} INFO - [2024-05-06T20:25:48.171+0700] {dagbag.py:540} INFO - Filling up the DagBag from /opt/homebrew/Caskroom/miniconda/base/lib/python3.11/site-packages/airflow/example_dags/example_external_task_marker_dag.py
[2024-05-06T20:25:48.189+0700] {processor.py:840} INFO - DAG(s) 'example_external_task_marker_parent', 'example_external_task_marker_child' retrieved from /opt/homebrew/Caskroom/miniconda/base/lib/python3.11/site-packages/airflow/example_dags/example_external_task_marker_dag.py
[2024-05-06T20:25:48.338+0700] {logging_mixin.py:188} INFO - [2024-05-06T20:25:48.338+0700] {dag.py:3096} INFO - Sync 2 DAGs
[2024-05-06T20:25:48.350+0700] {logging_mixin.py:188} INFO - [2024-05-06T20:25:48.350+0700] {dag.py:3954} INFO - Setting next_dagrun for example_external_task_marker_child to None, run_after=None
[2024-05-06T20:25:48.354+0700] {logging_mixin.py:188} INFO - [2024-05-06T20:25:48.354+0700] {dag.py:3954} INFO - Setting next_dagrun for example_external_task_marker_parent to None, run_after=None
[2024-05-06T20:25:48.374+0700] {processor.py:183} INFO - Processing /opt/homebrew/Caskroom/miniconda/base/lib/python3.11/site-packages/airflow/example_dags/example_external_task_marker_dag.py took 0.209 seconds
[2024-05-06T20:30:53.335+0700] {processor.py:161} INFO - Started process (PID=6658) to work on /opt/homebrew/Caskroom/miniconda/base/lib/python3.11/site-packages/airflow/example_dags/example_external_task_marker_dag.py
[2024-05-06T20:30:53.337+0700] {processor.py:830} INFO - Processing file /opt/homebrew/Caskroom/miniconda/base/lib/python3.11/site-packages/airflow/example_dags/example_external_task_marker_dag.py for tasks to queue
[2024-05-06T20:30:53.338+0700] {logging_mixin.py:188} INFO - [2024-05-06T20:30:53.338+0700] {dagbag.py:540} INFO - Filling up the DagBag from /opt/homebrew/Caskroom/miniconda/base/lib/python3.11/site-packages/airflow/example_dags/example_external_task_marker_dag.py
[2024-05-06T20:30:53.368+0700] {processor.py:840} INFO - DAG(s) 'example_external_task_marker_child', 'example_external_task_marker_parent' retrieved from /opt/homebrew/Caskroom/miniconda/base/lib/python3.11/site-packages/airflow/example_dags/example_external_task_marker_dag.py
[2024-05-06T20:30:53.593+0700] {logging_mixin.py:188} INFO - [2024-05-06T20:30:53.593+0700] {dag.py:3096} INFO - Sync 2 DAGs
[2024-05-06T20:30:53.599+0700] {logging_mixin.py:188} INFO - [2024-05-06T20:30:53.599+0700] {dag.py:3954} INFO - Setting next_dagrun for example_external_task_marker_child to None, run_after=None
[2024-05-06T20:30:53.601+0700] {logging_mixin.py:188} INFO - [2024-05-06T20:30:53.600+0700] {dag.py:3954} INFO - Setting next_dagrun for example_external_task_marker_parent to None, run_after=None
[2024-05-06T20:30:53.613+0700] {processor.py:183} INFO - Processing /opt/homebrew/Caskroom/miniconda/base/lib/python3.11/site-packages/airflow/example_dags/example_external_task_marker_dag.py took 0.281 seconds
[2024-05-06T20:33:41.318+0700] {processor.py:161} INFO - Started process (PID=7571) to work on /opt/homebrew/Caskroom/miniconda/base/lib/python3.11/site-packages/airflow/example_dags/example_external_task_marker_dag.py
[2024-05-06T20:33:41.319+0700] {processor.py:830} INFO - Processing file /opt/homebrew/Caskroom/miniconda/base/lib/python3.11/site-packages/airflow/example_dags/example_external_task_marker_dag.py for tasks to queue
[2024-05-06T20:33:41.319+0700] {logging_mixin.py:188} INFO - [2024-05-06T20:33:41.319+0700] {dagbag.py:540} INFO - Filling up the DagBag from /opt/homebrew/Caskroom/miniconda/base/lib/python3.11/site-packages/airflow/example_dags/example_external_task_marker_dag.py
[2024-05-06T20:33:41.329+0700] {processor.py:840} INFO - DAG(s) 'example_external_task_marker_child', 'example_external_task_marker_parent' retrieved from /opt/homebrew/Caskroom/miniconda/base/lib/python3.11/site-packages/airflow/example_dags/example_external_task_marker_dag.py
[2024-05-06T20:33:41.488+0700] {logging_mixin.py:188} INFO - [2024-05-06T20:33:41.488+0700] {dag.py:3096} INFO - Sync 2 DAGs
[2024-05-06T20:33:41.494+0700] {logging_mixin.py:188} INFO - [2024-05-06T20:33:41.494+0700] {dag.py:3954} INFO - Setting next_dagrun for example_external_task_marker_child to None, run_after=None
[2024-05-06T20:33:41.496+0700] {logging_mixin.py:188} INFO - [2024-05-06T20:33:41.496+0700] {dag.py:3954} INFO - Setting next_dagrun for example_external_task_marker_parent to None, run_after=None
[2024-05-06T20:33:41.508+0700] {processor.py:183} INFO - Processing /opt/homebrew/Caskroom/miniconda/base/lib/python3.11/site-packages/airflow/example_dags/example_external_task_marker_dag.py took 0.193 seconds
