[2024-05-06T07:31:48.300+0700] {processor.py:161} INFO - Started process (PID=72614) to work on /Library/Frameworks/Python.framework/Versions/3.10/lib/python3.10/site-packages/airflow/example_dags/example_display_name.py
[2024-05-06T07:31:48.301+0700] {processor.py:830} INFO - Processing file /Library/Frameworks/Python.framework/Versions/3.10/lib/python3.10/site-packages/airflow/example_dags/example_display_name.py for tasks to queue
[2024-05-06T07:31:48.301+0700] {logging_mixin.py:188} INFO - [2024-05-06T07:31:48.301+0700] {dagbag.py:540} INFO - Filling up the DagBag from /Library/Frameworks/Python.framework/Versions/3.10/lib/python3.10/site-packages/airflow/example_dags/example_display_name.py
[2024-05-06T07:31:48.322+0700] {processor.py:840} INFO - DAG(s) 'example_display_name' retrieved from /Library/Frameworks/Python.framework/Versions/3.10/lib/python3.10/site-packages/airflow/example_dags/example_display_name.py
[2024-05-06T07:31:48.414+0700] {logging_mixin.py:188} INFO - [2024-05-06T07:31:48.414+0700] {dag.py:3096} INFO - Sync 1 DAGs
[2024-05-06T07:31:48.420+0700] {logging_mixin.py:188} INFO - [2024-05-06T07:31:48.420+0700] {dag.py:3954} INFO - Setting next_dagrun for example_display_name to None, run_after=None
[2024-05-06T07:31:48.431+0700] {processor.py:183} INFO - Processing /Library/Frameworks/Python.framework/Versions/3.10/lib/python3.10/site-packages/airflow/example_dags/example_display_name.py took 0.132 seconds
[2024-05-06T07:34:21.807+0700] {processor.py:161} INFO - Started process (PID=73413) to work on /Library/Frameworks/Python.framework/Versions/3.10/lib/python3.10/site-packages/airflow/example_dags/example_display_name.py
[2024-05-06T07:34:21.808+0700] {processor.py:830} INFO - Processing file /Library/Frameworks/Python.framework/Versions/3.10/lib/python3.10/site-packages/airflow/example_dags/example_display_name.py for tasks to queue
[2024-05-06T07:34:21.809+0700] {logging_mixin.py:188} INFO - [2024-05-06T07:34:21.808+0700] {dagbag.py:540} INFO - Filling up the DagBag from /Library/Frameworks/Python.framework/Versions/3.10/lib/python3.10/site-packages/airflow/example_dags/example_display_name.py
[2024-05-06T07:34:21.830+0700] {processor.py:840} INFO - DAG(s) 'example_display_name' retrieved from /Library/Frameworks/Python.framework/Versions/3.10/lib/python3.10/site-packages/airflow/example_dags/example_display_name.py
[2024-05-06T07:34:21.922+0700] {logging_mixin.py:188} INFO - [2024-05-06T07:34:21.921+0700] {dag.py:3096} INFO - Sync 1 DAGs
[2024-05-06T07:34:21.928+0700] {logging_mixin.py:188} INFO - [2024-05-06T07:34:21.928+0700] {dag.py:3954} INFO - Setting next_dagrun for example_display_name to None, run_after=None
[2024-05-06T07:34:21.938+0700] {processor.py:183} INFO - Processing /Library/Frameworks/Python.framework/Versions/3.10/lib/python3.10/site-packages/airflow/example_dags/example_display_name.py took 0.133 seconds
[2024-05-06T07:36:54.877+0700] {processor.py:161} INFO - Started process (PID=74121) to work on /Library/Frameworks/Python.framework/Versions/3.10/lib/python3.10/site-packages/airflow/example_dags/example_display_name.py
[2024-05-06T07:36:54.878+0700] {processor.py:830} INFO - Processing file /Library/Frameworks/Python.framework/Versions/3.10/lib/python3.10/site-packages/airflow/example_dags/example_display_name.py for tasks to queue
[2024-05-06T07:36:54.879+0700] {logging_mixin.py:188} INFO - [2024-05-06T07:36:54.878+0700] {dagbag.py:540} INFO - Filling up the DagBag from /Library/Frameworks/Python.framework/Versions/3.10/lib/python3.10/site-packages/airflow/example_dags/example_display_name.py
[2024-05-06T07:36:54.900+0700] {processor.py:840} INFO - DAG(s) 'example_display_name' retrieved from /Library/Frameworks/Python.framework/Versions/3.10/lib/python3.10/site-packages/airflow/example_dags/example_display_name.py
[2024-05-06T07:36:54.991+0700] {logging_mixin.py:188} INFO - [2024-05-06T07:36:54.991+0700] {dag.py:3096} INFO - Sync 1 DAGs
[2024-05-06T07:36:54.997+0700] {logging_mixin.py:188} INFO - [2024-05-06T07:36:54.997+0700] {dag.py:3954} INFO - Setting next_dagrun for example_display_name to None, run_after=None
[2024-05-06T07:36:55.007+0700] {processor.py:183} INFO - Processing /Library/Frameworks/Python.framework/Versions/3.10/lib/python3.10/site-packages/airflow/example_dags/example_display_name.py took 0.131 seconds
[2024-05-06T07:39:29.620+0700] {processor.py:161} INFO - Started process (PID=74832) to work on /Library/Frameworks/Python.framework/Versions/3.10/lib/python3.10/site-packages/airflow/example_dags/example_display_name.py
[2024-05-06T07:39:29.622+0700] {processor.py:830} INFO - Processing file /Library/Frameworks/Python.framework/Versions/3.10/lib/python3.10/site-packages/airflow/example_dags/example_display_name.py for tasks to queue
[2024-05-06T07:39:29.623+0700] {logging_mixin.py:188} INFO - [2024-05-06T07:39:29.623+0700] {dagbag.py:540} INFO - Filling up the DagBag from /Library/Frameworks/Python.framework/Versions/3.10/lib/python3.10/site-packages/airflow/example_dags/example_display_name.py
[2024-05-06T07:39:29.645+0700] {processor.py:840} INFO - DAG(s) 'example_display_name' retrieved from /Library/Frameworks/Python.framework/Versions/3.10/lib/python3.10/site-packages/airflow/example_dags/example_display_name.py
[2024-05-06T07:39:29.735+0700] {logging_mixin.py:188} INFO - [2024-05-06T07:39:29.735+0700] {dag.py:3096} INFO - Sync 1 DAGs
[2024-05-06T07:39:29.741+0700] {logging_mixin.py:188} INFO - [2024-05-06T07:39:29.741+0700] {dag.py:3954} INFO - Setting next_dagrun for example_display_name to None, run_after=None
[2024-05-06T07:39:29.751+0700] {processor.py:183} INFO - Processing /Library/Frameworks/Python.framework/Versions/3.10/lib/python3.10/site-packages/airflow/example_dags/example_display_name.py took 0.133 seconds
[2024-05-06T08:14:36.441+0700] {processor.py:161} INFO - Started process (PID=75556) to work on /Library/Frameworks/Python.framework/Versions/3.10/lib/python3.10/site-packages/airflow/example_dags/example_display_name.py
[2024-05-06T08:14:36.443+0700] {processor.py:830} INFO - Processing file /Library/Frameworks/Python.framework/Versions/3.10/lib/python3.10/site-packages/airflow/example_dags/example_display_name.py for tasks to queue
[2024-05-06T08:14:36.443+0700] {logging_mixin.py:188} INFO - [2024-05-06T08:14:36.443+0700] {dagbag.py:540} INFO - Filling up the DagBag from /Library/Frameworks/Python.framework/Versions/3.10/lib/python3.10/site-packages/airflow/example_dags/example_display_name.py
[2024-05-06T08:14:36.467+0700] {processor.py:840} INFO - DAG(s) 'example_display_name' retrieved from /Library/Frameworks/Python.framework/Versions/3.10/lib/python3.10/site-packages/airflow/example_dags/example_display_name.py
[2024-05-06T08:14:36.558+0700] {logging_mixin.py:188} INFO - [2024-05-06T08:14:36.558+0700] {dag.py:3096} INFO - Sync 1 DAGs
[2024-05-06T08:14:36.564+0700] {logging_mixin.py:188} INFO - [2024-05-06T08:14:36.564+0700] {dag.py:3954} INFO - Setting next_dagrun for example_display_name to None, run_after=None
[2024-05-06T08:14:36.574+0700] {processor.py:183} INFO - Processing /Library/Frameworks/Python.framework/Versions/3.10/lib/python3.10/site-packages/airflow/example_dags/example_display_name.py took 0.135 seconds
[2024-05-06T08:43:27.709+0700] {processor.py:161} INFO - Started process (PID=76360) to work on /Library/Frameworks/Python.framework/Versions/3.10/lib/python3.10/site-packages/airflow/example_dags/example_display_name.py
[2024-05-06T08:43:27.710+0700] {processor.py:830} INFO - Processing file /Library/Frameworks/Python.framework/Versions/3.10/lib/python3.10/site-packages/airflow/example_dags/example_display_name.py for tasks to queue
[2024-05-06T08:43:27.711+0700] {logging_mixin.py:188} INFO - [2024-05-06T08:43:27.711+0700] {dagbag.py:540} INFO - Filling up the DagBag from /Library/Frameworks/Python.framework/Versions/3.10/lib/python3.10/site-packages/airflow/example_dags/example_display_name.py
[2024-05-06T08:43:27.732+0700] {processor.py:840} INFO - DAG(s) 'example_display_name' retrieved from /Library/Frameworks/Python.framework/Versions/3.10/lib/python3.10/site-packages/airflow/example_dags/example_display_name.py
[2024-05-06T08:43:27.824+0700] {logging_mixin.py:188} INFO - [2024-05-06T08:43:27.824+0700] {dag.py:3096} INFO - Sync 1 DAGs
[2024-05-06T08:43:27.830+0700] {logging_mixin.py:188} INFO - [2024-05-06T08:43:27.830+0700] {dag.py:3954} INFO - Setting next_dagrun for example_display_name to None, run_after=None
[2024-05-06T08:43:27.841+0700] {processor.py:183} INFO - Processing /Library/Frameworks/Python.framework/Versions/3.10/lib/python3.10/site-packages/airflow/example_dags/example_display_name.py took 0.133 seconds
[2024-05-06T09:02:26.085+0700] {processor.py:161} INFO - Started process (PID=77105) to work on /Library/Frameworks/Python.framework/Versions/3.10/lib/python3.10/site-packages/airflow/example_dags/example_display_name.py
[2024-05-06T09:02:26.086+0700] {processor.py:830} INFO - Processing file /Library/Frameworks/Python.framework/Versions/3.10/lib/python3.10/site-packages/airflow/example_dags/example_display_name.py for tasks to queue
[2024-05-06T09:02:26.086+0700] {logging_mixin.py:188} INFO - [2024-05-06T09:02:26.086+0700] {dagbag.py:540} INFO - Filling up the DagBag from /Library/Frameworks/Python.framework/Versions/3.10/lib/python3.10/site-packages/airflow/example_dags/example_display_name.py
[2024-05-06T09:02:26.107+0700] {processor.py:840} INFO - DAG(s) 'example_display_name' retrieved from /Library/Frameworks/Python.framework/Versions/3.10/lib/python3.10/site-packages/airflow/example_dags/example_display_name.py
[2024-05-06T09:02:26.200+0700] {logging_mixin.py:188} INFO - [2024-05-06T09:02:26.200+0700] {dag.py:3096} INFO - Sync 1 DAGs
[2024-05-06T09:02:26.206+0700] {logging_mixin.py:188} INFO - [2024-05-06T09:02:26.206+0700] {dag.py:3954} INFO - Setting next_dagrun for example_display_name to None, run_after=None
[2024-05-06T09:02:26.217+0700] {processor.py:183} INFO - Processing /Library/Frameworks/Python.framework/Versions/3.10/lib/python3.10/site-packages/airflow/example_dags/example_display_name.py took 0.133 seconds
[2024-05-06T09:37:53.876+0700] {processor.py:161} INFO - Started process (PID=77978) to work on /Library/Frameworks/Python.framework/Versions/3.10/lib/python3.10/site-packages/airflow/example_dags/example_display_name.py
[2024-05-06T09:37:53.878+0700] {processor.py:830} INFO - Processing file /Library/Frameworks/Python.framework/Versions/3.10/lib/python3.10/site-packages/airflow/example_dags/example_display_name.py for tasks to queue
[2024-05-06T09:37:53.878+0700] {logging_mixin.py:188} INFO - [2024-05-06T09:37:53.878+0700] {dagbag.py:540} INFO - Filling up the DagBag from /Library/Frameworks/Python.framework/Versions/3.10/lib/python3.10/site-packages/airflow/example_dags/example_display_name.py
[2024-05-06T09:37:53.899+0700] {processor.py:840} INFO - DAG(s) 'example_display_name' retrieved from /Library/Frameworks/Python.framework/Versions/3.10/lib/python3.10/site-packages/airflow/example_dags/example_display_name.py
[2024-05-06T09:37:53.991+0700] {logging_mixin.py:188} INFO - [2024-05-06T09:37:53.991+0700] {dag.py:3096} INFO - Sync 1 DAGs
[2024-05-06T09:37:53.997+0700] {logging_mixin.py:188} INFO - [2024-05-06T09:37:53.997+0700] {dag.py:3954} INFO - Setting next_dagrun for example_display_name to None, run_after=None
[2024-05-06T09:37:54.007+0700] {processor.py:183} INFO - Processing /Library/Frameworks/Python.framework/Versions/3.10/lib/python3.10/site-packages/airflow/example_dags/example_display_name.py took 0.132 seconds
[2024-05-06T09:55:52.662+0700] {processor.py:161} INFO - Started process (PID=78733) to work on /Library/Frameworks/Python.framework/Versions/3.10/lib/python3.10/site-packages/airflow/example_dags/example_display_name.py
[2024-05-06T09:55:52.662+0700] {processor.py:830} INFO - Processing file /Library/Frameworks/Python.framework/Versions/3.10/lib/python3.10/site-packages/airflow/example_dags/example_display_name.py for tasks to queue
[2024-05-06T09:55:52.663+0700] {logging_mixin.py:188} INFO - [2024-05-06T09:55:52.663+0700] {dagbag.py:540} INFO - Filling up the DagBag from /Library/Frameworks/Python.framework/Versions/3.10/lib/python3.10/site-packages/airflow/example_dags/example_display_name.py
[2024-05-06T09:55:52.685+0700] {processor.py:840} INFO - DAG(s) 'example_display_name' retrieved from /Library/Frameworks/Python.framework/Versions/3.10/lib/python3.10/site-packages/airflow/example_dags/example_display_name.py
[2024-05-06T09:55:52.778+0700] {logging_mixin.py:188} INFO - [2024-05-06T09:55:52.778+0700] {dag.py:3096} INFO - Sync 1 DAGs
[2024-05-06T09:55:52.784+0700] {logging_mixin.py:188} INFO - [2024-05-06T09:55:52.784+0700] {dag.py:3954} INFO - Setting next_dagrun for example_display_name to None, run_after=None
[2024-05-06T09:55:52.794+0700] {processor.py:183} INFO - Processing /Library/Frameworks/Python.framework/Versions/3.10/lib/python3.10/site-packages/airflow/example_dags/example_display_name.py took 0.134 seconds
[2024-05-06T10:37:35.183+0700] {processor.py:161} INFO - Started process (PID=79491) to work on /Library/Frameworks/Python.framework/Versions/3.10/lib/python3.10/site-packages/airflow/example_dags/example_display_name.py
[2024-05-06T10:37:35.184+0700] {processor.py:830} INFO - Processing file /Library/Frameworks/Python.framework/Versions/3.10/lib/python3.10/site-packages/airflow/example_dags/example_display_name.py for tasks to queue
[2024-05-06T10:37:35.185+0700] {logging_mixin.py:188} INFO - [2024-05-06T10:37:35.185+0700] {dagbag.py:540} INFO - Filling up the DagBag from /Library/Frameworks/Python.framework/Versions/3.10/lib/python3.10/site-packages/airflow/example_dags/example_display_name.py
[2024-05-06T10:37:35.206+0700] {processor.py:840} INFO - DAG(s) 'example_display_name' retrieved from /Library/Frameworks/Python.framework/Versions/3.10/lib/python3.10/site-packages/airflow/example_dags/example_display_name.py
[2024-05-06T10:37:35.299+0700] {logging_mixin.py:188} INFO - [2024-05-06T10:37:35.298+0700] {dag.py:3096} INFO - Sync 1 DAGs
[2024-05-06T10:37:35.304+0700] {logging_mixin.py:188} INFO - [2024-05-06T10:37:35.304+0700] {dag.py:3954} INFO - Setting next_dagrun for example_display_name to None, run_after=None
[2024-05-06T10:37:35.316+0700] {processor.py:183} INFO - Processing /Library/Frameworks/Python.framework/Versions/3.10/lib/python3.10/site-packages/airflow/example_dags/example_display_name.py took 0.134 seconds
[2024-05-06T10:57:29.157+0700] {processor.py:161} INFO - Started process (PID=80266) to work on /Library/Frameworks/Python.framework/Versions/3.10/lib/python3.10/site-packages/airflow/example_dags/example_display_name.py
[2024-05-06T10:57:29.158+0700] {processor.py:830} INFO - Processing file /Library/Frameworks/Python.framework/Versions/3.10/lib/python3.10/site-packages/airflow/example_dags/example_display_name.py for tasks to queue
[2024-05-06T10:57:29.159+0700] {logging_mixin.py:188} INFO - [2024-05-06T10:57:29.159+0700] {dagbag.py:540} INFO - Filling up the DagBag from /Library/Frameworks/Python.framework/Versions/3.10/lib/python3.10/site-packages/airflow/example_dags/example_display_name.py
[2024-05-06T10:57:29.182+0700] {processor.py:840} INFO - DAG(s) 'example_display_name' retrieved from /Library/Frameworks/Python.framework/Versions/3.10/lib/python3.10/site-packages/airflow/example_dags/example_display_name.py
[2024-05-06T10:57:29.277+0700] {logging_mixin.py:188} INFO - [2024-05-06T10:57:29.277+0700] {dag.py:3096} INFO - Sync 1 DAGs
[2024-05-06T10:57:29.283+0700] {logging_mixin.py:188} INFO - [2024-05-06T10:57:29.283+0700] {dag.py:3954} INFO - Setting next_dagrun for example_display_name to None, run_after=None
[2024-05-06T10:57:29.293+0700] {processor.py:183} INFO - Processing /Library/Frameworks/Python.framework/Versions/3.10/lib/python3.10/site-packages/airflow/example_dags/example_display_name.py took 0.137 seconds
[2024-05-06T11:00:18.638+0700] {processor.py:161} INFO - Started process (PID=81076) to work on /Library/Frameworks/Python.framework/Versions/3.10/lib/python3.10/site-packages/airflow/example_dags/example_display_name.py
[2024-05-06T11:00:18.638+0700] {processor.py:830} INFO - Processing file /Library/Frameworks/Python.framework/Versions/3.10/lib/python3.10/site-packages/airflow/example_dags/example_display_name.py for tasks to queue
[2024-05-06T11:00:18.639+0700] {logging_mixin.py:188} INFO - [2024-05-06T11:00:18.639+0700] {dagbag.py:540} INFO - Filling up the DagBag from /Library/Frameworks/Python.framework/Versions/3.10/lib/python3.10/site-packages/airflow/example_dags/example_display_name.py
[2024-05-06T11:00:18.660+0700] {processor.py:840} INFO - DAG(s) 'example_display_name' retrieved from /Library/Frameworks/Python.framework/Versions/3.10/lib/python3.10/site-packages/airflow/example_dags/example_display_name.py
[2024-05-06T11:00:18.753+0700] {logging_mixin.py:188} INFO - [2024-05-06T11:00:18.753+0700] {dag.py:3096} INFO - Sync 1 DAGs
[2024-05-06T11:00:18.759+0700] {logging_mixin.py:188} INFO - [2024-05-06T11:00:18.759+0700] {dag.py:3954} INFO - Setting next_dagrun for example_display_name to None, run_after=None
[2024-05-06T11:00:18.770+0700] {processor.py:183} INFO - Processing /Library/Frameworks/Python.framework/Versions/3.10/lib/python3.10/site-packages/airflow/example_dags/example_display_name.py took 0.134 seconds
[2024-05-06T20:15:09.230+0700] {processor.py:161} INFO - Started process (PID=1706) to work on /opt/homebrew/Caskroom/miniconda/base/lib/python3.11/site-packages/airflow/example_dags/example_display_name.py
[2024-05-06T20:15:09.232+0700] {processor.py:830} INFO - Processing file /opt/homebrew/Caskroom/miniconda/base/lib/python3.11/site-packages/airflow/example_dags/example_display_name.py for tasks to queue
[2024-05-06T20:15:09.232+0700] {logging_mixin.py:188} INFO - [2024-05-06T20:15:09.232+0700] {dagbag.py:540} INFO - Filling up the DagBag from /opt/homebrew/Caskroom/miniconda/base/lib/python3.11/site-packages/airflow/example_dags/example_display_name.py
[2024-05-06T20:15:09.267+0700] {processor.py:840} INFO - DAG(s) 'example_display_name' retrieved from /opt/homebrew/Caskroom/miniconda/base/lib/python3.11/site-packages/airflow/example_dags/example_display_name.py
[2024-05-06T20:15:09.422+0700] {logging_mixin.py:188} INFO - [2024-05-06T20:15:09.421+0700] {dag.py:3096} INFO - Sync 1 DAGs
[2024-05-06T20:15:09.427+0700] {logging_mixin.py:188} INFO - [2024-05-06T20:15:09.427+0700] {dag.py:3954} INFO - Setting next_dagrun for example_display_name to None, run_after=None
[2024-05-06T20:15:09.438+0700] {processor.py:183} INFO - Processing /opt/homebrew/Caskroom/miniconda/base/lib/python3.11/site-packages/airflow/example_dags/example_display_name.py took 0.210 seconds
[2024-05-06T20:18:16.415+0700] {processor.py:161} INFO - Started process (PID=2679) to work on /opt/homebrew/Caskroom/miniconda/base/lib/python3.11/site-packages/airflow/example_dags/example_display_name.py
[2024-05-06T20:18:16.416+0700] {processor.py:830} INFO - Processing file /opt/homebrew/Caskroom/miniconda/base/lib/python3.11/site-packages/airflow/example_dags/example_display_name.py for tasks to queue
[2024-05-06T20:18:16.417+0700] {logging_mixin.py:188} INFO - [2024-05-06T20:18:16.417+0700] {dagbag.py:540} INFO - Filling up the DagBag from /opt/homebrew/Caskroom/miniconda/base/lib/python3.11/site-packages/airflow/example_dags/example_display_name.py
[2024-05-06T20:18:16.449+0700] {processor.py:840} INFO - DAG(s) 'example_display_name' retrieved from /opt/homebrew/Caskroom/miniconda/base/lib/python3.11/site-packages/airflow/example_dags/example_display_name.py
[2024-05-06T20:18:16.521+0700] {logging_mixin.py:188} INFO - [2024-05-06T20:18:16.520+0700] {dag.py:3096} INFO - Sync 1 DAGs
[2024-05-06T20:18:16.526+0700] {logging_mixin.py:188} INFO - [2024-05-06T20:18:16.526+0700] {dag.py:3954} INFO - Setting next_dagrun for example_display_name to None, run_after=None
[2024-05-06T20:18:16.587+0700] {processor.py:183} INFO - Processing /opt/homebrew/Caskroom/miniconda/base/lib/python3.11/site-packages/airflow/example_dags/example_display_name.py took 0.174 seconds
[2024-05-06T20:21:09.164+0700] {processor.py:161} INFO - Started process (PID=3664) to work on /opt/homebrew/Caskroom/miniconda/base/lib/python3.11/site-packages/airflow/example_dags/example_display_name.py
[2024-05-06T20:21:09.165+0700] {processor.py:830} INFO - Processing file /opt/homebrew/Caskroom/miniconda/base/lib/python3.11/site-packages/airflow/example_dags/example_display_name.py for tasks to queue
[2024-05-06T20:21:09.166+0700] {logging_mixin.py:188} INFO - [2024-05-06T20:21:09.166+0700] {dagbag.py:540} INFO - Filling up the DagBag from /opt/homebrew/Caskroom/miniconda/base/lib/python3.11/site-packages/airflow/example_dags/example_display_name.py
[2024-05-06T20:21:09.190+0700] {processor.py:840} INFO - DAG(s) 'example_display_name' retrieved from /opt/homebrew/Caskroom/miniconda/base/lib/python3.11/site-packages/airflow/example_dags/example_display_name.py
[2024-05-06T20:21:09.254+0700] {logging_mixin.py:188} INFO - [2024-05-06T20:21:09.254+0700] {dag.py:3096} INFO - Sync 1 DAGs
[2024-05-06T20:21:09.260+0700] {logging_mixin.py:188} INFO - [2024-05-06T20:21:09.260+0700] {dag.py:3954} INFO - Setting next_dagrun for example_display_name to None, run_after=None
[2024-05-06T20:21:09.306+0700] {processor.py:183} INFO - Processing /opt/homebrew/Caskroom/miniconda/base/lib/python3.11/site-packages/airflow/example_dags/example_display_name.py took 0.144 seconds
[2024-05-06T20:24:00.565+0700] {processor.py:161} INFO - Started process (PID=4550) to work on /opt/homebrew/Caskroom/miniconda/base/lib/python3.11/site-packages/airflow/example_dags/example_display_name.py
[2024-05-06T20:24:00.566+0700] {processor.py:830} INFO - Processing file /opt/homebrew/Caskroom/miniconda/base/lib/python3.11/site-packages/airflow/example_dags/example_display_name.py for tasks to queue
[2024-05-06T20:24:00.566+0700] {logging_mixin.py:188} INFO - [2024-05-06T20:24:00.566+0700] {dagbag.py:540} INFO - Filling up the DagBag from /opt/homebrew/Caskroom/miniconda/base/lib/python3.11/site-packages/airflow/example_dags/example_display_name.py
[2024-05-06T20:24:00.590+0700] {processor.py:840} INFO - DAG(s) 'example_display_name' retrieved from /opt/homebrew/Caskroom/miniconda/base/lib/python3.11/site-packages/airflow/example_dags/example_display_name.py
[2024-05-06T20:24:00.651+0700] {logging_mixin.py:188} INFO - [2024-05-06T20:24:00.651+0700] {dag.py:3096} INFO - Sync 1 DAGs
[2024-05-06T20:24:00.657+0700] {logging_mixin.py:188} INFO - [2024-05-06T20:24:00.656+0700] {dag.py:3954} INFO - Setting next_dagrun for example_display_name to None, run_after=None
[2024-05-06T20:24:00.704+0700] {processor.py:183} INFO - Processing /opt/homebrew/Caskroom/miniconda/base/lib/python3.11/site-packages/airflow/example_dags/example_display_name.py took 0.141 seconds
[2024-05-06T20:26:48.313+0700] {processor.py:161} INFO - Started process (PID=5362) to work on /opt/homebrew/Caskroom/miniconda/base/lib/python3.11/site-packages/airflow/example_dags/example_display_name.py
[2024-05-06T20:26:48.314+0700] {processor.py:830} INFO - Processing file /opt/homebrew/Caskroom/miniconda/base/lib/python3.11/site-packages/airflow/example_dags/example_display_name.py for tasks to queue
[2024-05-06T20:26:48.314+0700] {logging_mixin.py:188} INFO - [2024-05-06T20:26:48.314+0700] {dagbag.py:540} INFO - Filling up the DagBag from /opt/homebrew/Caskroom/miniconda/base/lib/python3.11/site-packages/airflow/example_dags/example_display_name.py
[2024-05-06T20:26:48.337+0700] {processor.py:840} INFO - DAG(s) 'example_display_name' retrieved from /opt/homebrew/Caskroom/miniconda/base/lib/python3.11/site-packages/airflow/example_dags/example_display_name.py
[2024-05-06T20:26:48.399+0700] {logging_mixin.py:188} INFO - [2024-05-06T20:26:48.399+0700] {dag.py:3096} INFO - Sync 1 DAGs
[2024-05-06T20:26:48.404+0700] {logging_mixin.py:188} INFO - [2024-05-06T20:26:48.404+0700] {dag.py:3954} INFO - Setting next_dagrun for example_display_name to None, run_after=None
[2024-05-06T20:26:48.453+0700] {processor.py:183} INFO - Processing /opt/homebrew/Caskroom/miniconda/base/lib/python3.11/site-packages/airflow/example_dags/example_display_name.py took 0.141 seconds
[2024-05-06T20:30:59.629+0700] {processor.py:161} INFO - Started process (PID=6689) to work on /opt/homebrew/Caskroom/miniconda/base/lib/python3.11/site-packages/airflow/example_dags/example_display_name.py
[2024-05-06T20:30:59.630+0700] {processor.py:830} INFO - Processing file /opt/homebrew/Caskroom/miniconda/base/lib/python3.11/site-packages/airflow/example_dags/example_display_name.py for tasks to queue
[2024-05-06T20:30:59.630+0700] {logging_mixin.py:188} INFO - [2024-05-06T20:30:59.630+0700] {dagbag.py:540} INFO - Filling up the DagBag from /opt/homebrew/Caskroom/miniconda/base/lib/python3.11/site-packages/airflow/example_dags/example_display_name.py
[2024-05-06T20:30:59.655+0700] {processor.py:840} INFO - DAG(s) 'example_display_name' retrieved from /opt/homebrew/Caskroom/miniconda/base/lib/python3.11/site-packages/airflow/example_dags/example_display_name.py
[2024-05-06T20:30:59.799+0700] {logging_mixin.py:188} INFO - [2024-05-06T20:30:59.799+0700] {dag.py:3096} INFO - Sync 1 DAGs
[2024-05-06T20:30:59.804+0700] {logging_mixin.py:188} INFO - [2024-05-06T20:30:59.804+0700] {dag.py:3954} INFO - Setting next_dagrun for example_display_name to None, run_after=None
[2024-05-06T20:30:59.814+0700] {processor.py:183} INFO - Processing /opt/homebrew/Caskroom/miniconda/base/lib/python3.11/site-packages/airflow/example_dags/example_display_name.py took 0.191 seconds
[2024-05-06T20:33:47.791+0700] {processor.py:161} INFO - Started process (PID=7598) to work on /opt/homebrew/Caskroom/miniconda/base/lib/python3.11/site-packages/airflow/example_dags/example_display_name.py
[2024-05-06T20:33:47.792+0700] {processor.py:830} INFO - Processing file /opt/homebrew/Caskroom/miniconda/base/lib/python3.11/site-packages/airflow/example_dags/example_display_name.py for tasks to queue
[2024-05-06T20:33:47.792+0700] {logging_mixin.py:188} INFO - [2024-05-06T20:33:47.792+0700] {dagbag.py:540} INFO - Filling up the DagBag from /opt/homebrew/Caskroom/miniconda/base/lib/python3.11/site-packages/airflow/example_dags/example_display_name.py
[2024-05-06T20:33:47.821+0700] {processor.py:840} INFO - DAG(s) 'example_display_name' retrieved from /opt/homebrew/Caskroom/miniconda/base/lib/python3.11/site-packages/airflow/example_dags/example_display_name.py
[2024-05-06T20:33:47.976+0700] {logging_mixin.py:188} INFO - [2024-05-06T20:33:47.976+0700] {dag.py:3096} INFO - Sync 1 DAGs
[2024-05-06T20:33:47.982+0700] {logging_mixin.py:188} INFO - [2024-05-06T20:33:47.981+0700] {dag.py:3954} INFO - Setting next_dagrun for example_display_name to None, run_after=None
[2024-05-06T20:33:47.992+0700] {processor.py:183} INFO - Processing /opt/homebrew/Caskroom/miniconda/base/lib/python3.11/site-packages/airflow/example_dags/example_display_name.py took 0.204 seconds
