[2024-05-06T07:13:30.109+0700] {processor.py:161} INFO - Started process (PID=72426) to work on /Library/Frameworks/Python.framework/Versions/3.10/lib/python3.10/site-packages/airflow/example_dags/example_setup_teardown_taskflow.py
[2024-05-06T07:13:30.109+0700] {processor.py:830} INFO - Processing file /Library/Frameworks/Python.framework/Versions/3.10/lib/python3.10/site-packages/airflow/example_dags/example_setup_teardown_taskflow.py for tasks to queue
[2024-05-06T07:13:30.109+0700] {logging_mixin.py:188} INFO - [2024-05-06T07:13:30.109+0700] {dagbag.py:540} INFO - Filling up the DagBag from /Library/Frameworks/Python.framework/Versions/3.10/lib/python3.10/site-packages/airflow/example_dags/example_setup_teardown_taskflow.py
[2024-05-06T07:13:30.133+0700] {processor.py:840} INFO - DAG(s) 'example_setup_teardown_taskflow' retrieved from /Library/Frameworks/Python.framework/Versions/3.10/lib/python3.10/site-packages/airflow/example_dags/example_setup_teardown_taskflow.py
[2024-05-06T07:13:30.226+0700] {logging_mixin.py:188} INFO - [2024-05-06T07:13:30.225+0700] {dag.py:3096} INFO - Sync 1 DAGs
[2024-05-06T07:13:30.235+0700] {logging_mixin.py:188} INFO - [2024-05-06T07:13:30.235+0700] {dag.py:3954} INFO - Setting next_dagrun for example_setup_teardown_taskflow to 2024-05-05 00:00:00+00:00, run_after=2024-05-06 00:00:00+00:00
[2024-05-06T07:13:30.246+0700] {processor.py:183} INFO - Processing /Library/Frameworks/Python.framework/Versions/3.10/lib/python3.10/site-packages/airflow/example_dags/example_setup_teardown_taskflow.py took 0.139 seconds
[2024-05-06T07:32:53.633+0700] {processor.py:161} INFO - Started process (PID=72965) to work on /Library/Frameworks/Python.framework/Versions/3.10/lib/python3.10/site-packages/airflow/example_dags/example_setup_teardown_taskflow.py
[2024-05-06T07:32:53.633+0700] {processor.py:830} INFO - Processing file /Library/Frameworks/Python.framework/Versions/3.10/lib/python3.10/site-packages/airflow/example_dags/example_setup_teardown_taskflow.py for tasks to queue
[2024-05-06T07:32:53.634+0700] {logging_mixin.py:188} INFO - [2024-05-06T07:32:53.634+0700] {dagbag.py:540} INFO - Filling up the DagBag from /Library/Frameworks/Python.framework/Versions/3.10/lib/python3.10/site-packages/airflow/example_dags/example_setup_teardown_taskflow.py
[2024-05-06T07:32:53.656+0700] {processor.py:840} INFO - DAG(s) 'example_setup_teardown_taskflow' retrieved from /Library/Frameworks/Python.framework/Versions/3.10/lib/python3.10/site-packages/airflow/example_dags/example_setup_teardown_taskflow.py
[2024-05-06T07:32:53.749+0700] {logging_mixin.py:188} INFO - [2024-05-06T07:32:53.749+0700] {dag.py:3096} INFO - Sync 1 DAGs
[2024-05-06T07:32:53.759+0700] {logging_mixin.py:188} INFO - [2024-05-06T07:32:53.758+0700] {dag.py:3954} INFO - Setting next_dagrun for example_setup_teardown_taskflow to 2024-05-05 00:00:00+00:00, run_after=2024-05-06 00:00:00+00:00
[2024-05-06T07:32:53.769+0700] {processor.py:183} INFO - Processing /Library/Frameworks/Python.framework/Versions/3.10/lib/python3.10/site-packages/airflow/example_dags/example_setup_teardown_taskflow.py took 0.138 seconds
[2024-05-06T07:35:27.856+0700] {processor.py:161} INFO - Started process (PID=73729) to work on /Library/Frameworks/Python.framework/Versions/3.10/lib/python3.10/site-packages/airflow/example_dags/example_setup_teardown_taskflow.py
[2024-05-06T07:35:27.857+0700] {processor.py:830} INFO - Processing file /Library/Frameworks/Python.framework/Versions/3.10/lib/python3.10/site-packages/airflow/example_dags/example_setup_teardown_taskflow.py for tasks to queue
[2024-05-06T07:35:27.857+0700] {logging_mixin.py:188} INFO - [2024-05-06T07:35:27.857+0700] {dagbag.py:540} INFO - Filling up the DagBag from /Library/Frameworks/Python.framework/Versions/3.10/lib/python3.10/site-packages/airflow/example_dags/example_setup_teardown_taskflow.py
[2024-05-06T07:35:27.880+0700] {processor.py:840} INFO - DAG(s) 'example_setup_teardown_taskflow' retrieved from /Library/Frameworks/Python.framework/Versions/3.10/lib/python3.10/site-packages/airflow/example_dags/example_setup_teardown_taskflow.py
[2024-05-06T07:35:27.975+0700] {logging_mixin.py:188} INFO - [2024-05-06T07:35:27.974+0700] {dag.py:3096} INFO - Sync 1 DAGs
[2024-05-06T07:35:27.985+0700] {logging_mixin.py:188} INFO - [2024-05-06T07:35:27.985+0700] {dag.py:3954} INFO - Setting next_dagrun for example_setup_teardown_taskflow to 2024-05-05 00:00:00+00:00, run_after=2024-05-06 00:00:00+00:00
[2024-05-06T07:35:27.996+0700] {processor.py:183} INFO - Processing /Library/Frameworks/Python.framework/Versions/3.10/lib/python3.10/site-packages/airflow/example_dags/example_setup_teardown_taskflow.py took 0.142 seconds
[2024-05-06T07:38:01.754+0700] {processor.py:161} INFO - Started process (PID=74420) to work on /Library/Frameworks/Python.framework/Versions/3.10/lib/python3.10/site-packages/airflow/example_dags/example_setup_teardown_taskflow.py
[2024-05-06T07:38:01.754+0700] {processor.py:830} INFO - Processing file /Library/Frameworks/Python.framework/Versions/3.10/lib/python3.10/site-packages/airflow/example_dags/example_setup_teardown_taskflow.py for tasks to queue
[2024-05-06T07:38:01.755+0700] {logging_mixin.py:188} INFO - [2024-05-06T07:38:01.755+0700] {dagbag.py:540} INFO - Filling up the DagBag from /Library/Frameworks/Python.framework/Versions/3.10/lib/python3.10/site-packages/airflow/example_dags/example_setup_teardown_taskflow.py
[2024-05-06T07:38:01.778+0700] {processor.py:840} INFO - DAG(s) 'example_setup_teardown_taskflow' retrieved from /Library/Frameworks/Python.framework/Versions/3.10/lib/python3.10/site-packages/airflow/example_dags/example_setup_teardown_taskflow.py
[2024-05-06T07:38:01.872+0700] {logging_mixin.py:188} INFO - [2024-05-06T07:38:01.872+0700] {dag.py:3096} INFO - Sync 1 DAGs
[2024-05-06T07:38:01.881+0700] {logging_mixin.py:188} INFO - [2024-05-06T07:38:01.881+0700] {dag.py:3954} INFO - Setting next_dagrun for example_setup_teardown_taskflow to 2024-05-05 00:00:00+00:00, run_after=2024-05-06 00:00:00+00:00
[2024-05-06T07:38:01.892+0700] {processor.py:183} INFO - Processing /Library/Frameworks/Python.framework/Versions/3.10/lib/python3.10/site-packages/airflow/example_dags/example_setup_teardown_taskflow.py took 0.141 seconds
[2024-05-06T07:40:37.051+0700] {processor.py:161} INFO - Started process (PID=75134) to work on /Library/Frameworks/Python.framework/Versions/3.10/lib/python3.10/site-packages/airflow/example_dags/example_setup_teardown_taskflow.py
[2024-05-06T07:40:37.053+0700] {processor.py:830} INFO - Processing file /Library/Frameworks/Python.framework/Versions/3.10/lib/python3.10/site-packages/airflow/example_dags/example_setup_teardown_taskflow.py for tasks to queue
[2024-05-06T07:40:37.054+0700] {logging_mixin.py:188} INFO - [2024-05-06T07:40:37.054+0700] {dagbag.py:540} INFO - Filling up the DagBag from /Library/Frameworks/Python.framework/Versions/3.10/lib/python3.10/site-packages/airflow/example_dags/example_setup_teardown_taskflow.py
[2024-05-06T07:40:37.079+0700] {processor.py:840} INFO - DAG(s) 'example_setup_teardown_taskflow' retrieved from /Library/Frameworks/Python.framework/Versions/3.10/lib/python3.10/site-packages/airflow/example_dags/example_setup_teardown_taskflow.py
[2024-05-06T07:40:37.182+0700] {logging_mixin.py:188} INFO - [2024-05-06T07:40:37.182+0700] {dag.py:3096} INFO - Sync 1 DAGs
[2024-05-06T07:40:37.193+0700] {logging_mixin.py:188} INFO - [2024-05-06T07:40:37.193+0700] {dag.py:3954} INFO - Setting next_dagrun for example_setup_teardown_taskflow to 2024-05-05 00:00:00+00:00, run_after=2024-05-06 00:00:00+00:00
[2024-05-06T07:40:37.209+0700] {processor.py:183} INFO - Processing /Library/Frameworks/Python.framework/Versions/3.10/lib/python3.10/site-packages/airflow/example_dags/example_setup_teardown_taskflow.py took 0.160 seconds
[2024-05-06T08:32:41.840+0700] {processor.py:161} INFO - Started process (PID=75886) to work on /Library/Frameworks/Python.framework/Versions/3.10/lib/python3.10/site-packages/airflow/example_dags/example_setup_teardown_taskflow.py
[2024-05-06T08:32:41.841+0700] {processor.py:830} INFO - Processing file /Library/Frameworks/Python.framework/Versions/3.10/lib/python3.10/site-packages/airflow/example_dags/example_setup_teardown_taskflow.py for tasks to queue
[2024-05-06T08:32:41.842+0700] {logging_mixin.py:188} INFO - [2024-05-06T08:32:41.841+0700] {dagbag.py:540} INFO - Filling up the DagBag from /Library/Frameworks/Python.framework/Versions/3.10/lib/python3.10/site-packages/airflow/example_dags/example_setup_teardown_taskflow.py
[2024-05-06T08:32:41.864+0700] {processor.py:840} INFO - DAG(s) 'example_setup_teardown_taskflow' retrieved from /Library/Frameworks/Python.framework/Versions/3.10/lib/python3.10/site-packages/airflow/example_dags/example_setup_teardown_taskflow.py
[2024-05-06T08:32:41.958+0700] {logging_mixin.py:188} INFO - [2024-05-06T08:32:41.958+0700] {dag.py:3096} INFO - Sync 1 DAGs
[2024-05-06T08:32:41.968+0700] {logging_mixin.py:188} INFO - [2024-05-06T08:32:41.967+0700] {dag.py:3954} INFO - Setting next_dagrun for example_setup_teardown_taskflow to 2024-05-05 00:00:00+00:00, run_after=2024-05-06 00:00:00+00:00
[2024-05-06T08:32:41.978+0700] {processor.py:183} INFO - Processing /Library/Frameworks/Python.framework/Versions/3.10/lib/python3.10/site-packages/airflow/example_dags/example_setup_teardown_taskflow.py took 0.140 seconds
[2024-05-06T08:36:11.345+0700] {processor.py:161} INFO - Started process (PID=76303) to work on /Library/Frameworks/Python.framework/Versions/3.10/lib/python3.10/site-packages/airflow/example_dags/example_setup_teardown_taskflow.py
[2024-05-06T08:36:11.347+0700] {processor.py:830} INFO - Processing file /Library/Frameworks/Python.framework/Versions/3.10/lib/python3.10/site-packages/airflow/example_dags/example_setup_teardown_taskflow.py for tasks to queue
[2024-05-06T08:36:11.347+0700] {logging_mixin.py:188} INFO - [2024-05-06T08:36:11.347+0700] {dagbag.py:540} INFO - Filling up the DagBag from /Library/Frameworks/Python.framework/Versions/3.10/lib/python3.10/site-packages/airflow/example_dags/example_setup_teardown_taskflow.py
[2024-05-06T08:36:11.370+0700] {processor.py:840} INFO - DAG(s) 'example_setup_teardown_taskflow' retrieved from /Library/Frameworks/Python.framework/Versions/3.10/lib/python3.10/site-packages/airflow/example_dags/example_setup_teardown_taskflow.py
[2024-05-06T08:36:11.463+0700] {logging_mixin.py:188} INFO - [2024-05-06T08:36:11.463+0700] {dag.py:3096} INFO - Sync 1 DAGs
[2024-05-06T08:36:11.473+0700] {logging_mixin.py:188} INFO - [2024-05-06T08:36:11.473+0700] {dag.py:3954} INFO - Setting next_dagrun for example_setup_teardown_taskflow to 2024-05-05 00:00:00+00:00, run_after=2024-05-06 00:00:00+00:00
[2024-05-06T08:36:11.483+0700] {processor.py:183} INFO - Processing /Library/Frameworks/Python.framework/Versions/3.10/lib/python3.10/site-packages/airflow/example_dags/example_setup_teardown_taskflow.py took 0.140 seconds
[2024-05-06T09:00:55.514+0700] {processor.py:161} INFO - Started process (PID=76695) to work on /Library/Frameworks/Python.framework/Versions/3.10/lib/python3.10/site-packages/airflow/example_dags/example_setup_teardown_taskflow.py
[2024-05-06T09:00:55.515+0700] {processor.py:830} INFO - Processing file /Library/Frameworks/Python.framework/Versions/3.10/lib/python3.10/site-packages/airflow/example_dags/example_setup_teardown_taskflow.py for tasks to queue
[2024-05-06T09:00:55.515+0700] {logging_mixin.py:188} INFO - [2024-05-06T09:00:55.515+0700] {dagbag.py:540} INFO - Filling up the DagBag from /Library/Frameworks/Python.framework/Versions/3.10/lib/python3.10/site-packages/airflow/example_dags/example_setup_teardown_taskflow.py
[2024-05-06T09:00:55.538+0700] {processor.py:840} INFO - DAG(s) 'example_setup_teardown_taskflow' retrieved from /Library/Frameworks/Python.framework/Versions/3.10/lib/python3.10/site-packages/airflow/example_dags/example_setup_teardown_taskflow.py
[2024-05-06T09:00:55.632+0700] {logging_mixin.py:188} INFO - [2024-05-06T09:00:55.632+0700] {dag.py:3096} INFO - Sync 1 DAGs
[2024-05-06T09:00:55.642+0700] {logging_mixin.py:188} INFO - [2024-05-06T09:00:55.642+0700] {dag.py:3954} INFO - Setting next_dagrun for example_setup_teardown_taskflow to 2024-05-05 00:00:00+00:00, run_after=2024-05-06 00:00:00+00:00
[2024-05-06T09:00:55.652+0700] {processor.py:183} INFO - Processing /Library/Frameworks/Python.framework/Versions/3.10/lib/python3.10/site-packages/airflow/example_dags/example_setup_teardown_taskflow.py took 0.140 seconds
[2024-05-06T09:02:15.949+0700] {processor.py:161} INFO - Started process (PID=77060) to work on /Library/Frameworks/Python.framework/Versions/3.10/lib/python3.10/site-packages/airflow/example_dags/example_setup_teardown_taskflow.py
[2024-05-06T09:02:15.951+0700] {processor.py:830} INFO - Processing file /Library/Frameworks/Python.framework/Versions/3.10/lib/python3.10/site-packages/airflow/example_dags/example_setup_teardown_taskflow.py for tasks to queue
[2024-05-06T09:02:15.951+0700] {logging_mixin.py:188} INFO - [2024-05-06T09:02:15.951+0700] {dagbag.py:540} INFO - Filling up the DagBag from /Library/Frameworks/Python.framework/Versions/3.10/lib/python3.10/site-packages/airflow/example_dags/example_setup_teardown_taskflow.py
[2024-05-06T09:02:15.973+0700] {processor.py:840} INFO - DAG(s) 'example_setup_teardown_taskflow' retrieved from /Library/Frameworks/Python.framework/Versions/3.10/lib/python3.10/site-packages/airflow/example_dags/example_setup_teardown_taskflow.py
[2024-05-06T09:02:16.068+0700] {logging_mixin.py:188} INFO - [2024-05-06T09:02:16.068+0700] {dag.py:3096} INFO - Sync 1 DAGs
[2024-05-06T09:02:16.078+0700] {logging_mixin.py:188} INFO - [2024-05-06T09:02:16.077+0700] {dag.py:3954} INFO - Setting next_dagrun for example_setup_teardown_taskflow to 2024-05-05 00:00:00+00:00, run_after=2024-05-06 00:00:00+00:00
[2024-05-06T09:02:16.088+0700] {processor.py:183} INFO - Processing /Library/Frameworks/Python.framework/Versions/3.10/lib/python3.10/site-packages/airflow/example_dags/example_setup_teardown_taskflow.py took 0.141 seconds
[2024-05-06T09:37:19.594+0700] {processor.py:161} INFO - Started process (PID=77822) to work on /Library/Frameworks/Python.framework/Versions/3.10/lib/python3.10/site-packages/airflow/example_dags/example_setup_teardown_taskflow.py
[2024-05-06T09:37:19.594+0700] {processor.py:830} INFO - Processing file /Library/Frameworks/Python.framework/Versions/3.10/lib/python3.10/site-packages/airflow/example_dags/example_setup_teardown_taskflow.py for tasks to queue
[2024-05-06T09:37:19.595+0700] {logging_mixin.py:188} INFO - [2024-05-06T09:37:19.595+0700] {dagbag.py:540} INFO - Filling up the DagBag from /Library/Frameworks/Python.framework/Versions/3.10/lib/python3.10/site-packages/airflow/example_dags/example_setup_teardown_taskflow.py
[2024-05-06T09:37:19.618+0700] {processor.py:840} INFO - DAG(s) 'example_setup_teardown_taskflow' retrieved from /Library/Frameworks/Python.framework/Versions/3.10/lib/python3.10/site-packages/airflow/example_dags/example_setup_teardown_taskflow.py
[2024-05-06T09:37:19.712+0700] {logging_mixin.py:188} INFO - [2024-05-06T09:37:19.712+0700] {dag.py:3096} INFO - Sync 1 DAGs
[2024-05-06T09:37:19.722+0700] {logging_mixin.py:188} INFO - [2024-05-06T09:37:19.722+0700] {dag.py:3954} INFO - Setting next_dagrun for example_setup_teardown_taskflow to 2024-05-05 00:00:00+00:00, run_after=2024-05-06 00:00:00+00:00
[2024-05-06T09:37:19.733+0700] {processor.py:183} INFO - Processing /Library/Frameworks/Python.framework/Versions/3.10/lib/python3.10/site-packages/airflow/example_dags/example_setup_teardown_taskflow.py took 0.142 seconds
[2024-05-06T09:39:04.937+0700] {processor.py:161} INFO - Started process (PID=78299) to work on /Library/Frameworks/Python.framework/Versions/3.10/lib/python3.10/site-packages/airflow/example_dags/example_setup_teardown_taskflow.py
[2024-05-06T09:39:04.939+0700] {processor.py:830} INFO - Processing file /Library/Frameworks/Python.framework/Versions/3.10/lib/python3.10/site-packages/airflow/example_dags/example_setup_teardown_taskflow.py for tasks to queue
[2024-05-06T09:39:04.939+0700] {logging_mixin.py:188} INFO - [2024-05-06T09:39:04.939+0700] {dagbag.py:540} INFO - Filling up the DagBag from /Library/Frameworks/Python.framework/Versions/3.10/lib/python3.10/site-packages/airflow/example_dags/example_setup_teardown_taskflow.py
[2024-05-06T09:39:04.962+0700] {processor.py:840} INFO - DAG(s) 'example_setup_teardown_taskflow' retrieved from /Library/Frameworks/Python.framework/Versions/3.10/lib/python3.10/site-packages/airflow/example_dags/example_setup_teardown_taskflow.py
[2024-05-06T09:39:05.055+0700] {logging_mixin.py:188} INFO - [2024-05-06T09:39:05.055+0700] {dag.py:3096} INFO - Sync 1 DAGs
[2024-05-06T09:39:05.065+0700] {logging_mixin.py:188} INFO - [2024-05-06T09:39:05.065+0700] {dag.py:3954} INFO - Setting next_dagrun for example_setup_teardown_taskflow to 2024-05-05 00:00:00+00:00, run_after=2024-05-06 00:00:00+00:00
[2024-05-06T09:39:05.075+0700] {processor.py:183} INFO - Processing /Library/Frameworks/Python.framework/Versions/3.10/lib/python3.10/site-packages/airflow/example_dags/example_setup_teardown_taskflow.py took 0.140 seconds
[2024-05-06T09:55:38.260+0700] {processor.py:161} INFO - Started process (PID=78670) to work on /Library/Frameworks/Python.framework/Versions/3.10/lib/python3.10/site-packages/airflow/example_dags/example_setup_teardown_taskflow.py
[2024-05-06T09:55:38.261+0700] {processor.py:830} INFO - Processing file /Library/Frameworks/Python.framework/Versions/3.10/lib/python3.10/site-packages/airflow/example_dags/example_setup_teardown_taskflow.py for tasks to queue
[2024-05-06T09:55:38.262+0700] {logging_mixin.py:188} INFO - [2024-05-06T09:55:38.261+0700] {dagbag.py:540} INFO - Filling up the DagBag from /Library/Frameworks/Python.framework/Versions/3.10/lib/python3.10/site-packages/airflow/example_dags/example_setup_teardown_taskflow.py
[2024-05-06T09:55:38.285+0700] {processor.py:840} INFO - DAG(s) 'example_setup_teardown_taskflow' retrieved from /Library/Frameworks/Python.framework/Versions/3.10/lib/python3.10/site-packages/airflow/example_dags/example_setup_teardown_taskflow.py
[2024-05-06T09:55:38.380+0700] {logging_mixin.py:188} INFO - [2024-05-06T09:55:38.380+0700] {dag.py:3096} INFO - Sync 1 DAGs
[2024-05-06T09:55:38.389+0700] {logging_mixin.py:188} INFO - [2024-05-06T09:55:38.389+0700] {dag.py:3954} INFO - Setting next_dagrun for example_setup_teardown_taskflow to 2024-05-05 00:00:00+00:00, run_after=2024-05-06 00:00:00+00:00
[2024-05-06T09:55:38.400+0700] {processor.py:183} INFO - Processing /Library/Frameworks/Python.framework/Versions/3.10/lib/python3.10/site-packages/airflow/example_dags/example_setup_teardown_taskflow.py took 0.141 seconds
[2024-05-06T10:13:50.113+0700] {processor.py:161} INFO - Started process (PID=79066) to work on /Library/Frameworks/Python.framework/Versions/3.10/lib/python3.10/site-packages/airflow/example_dags/example_setup_teardown_taskflow.py
[2024-05-06T10:13:50.114+0700] {processor.py:830} INFO - Processing file /Library/Frameworks/Python.framework/Versions/3.10/lib/python3.10/site-packages/airflow/example_dags/example_setup_teardown_taskflow.py for tasks to queue
[2024-05-06T10:13:50.115+0700] {logging_mixin.py:188} INFO - [2024-05-06T10:13:50.115+0700] {dagbag.py:540} INFO - Filling up the DagBag from /Library/Frameworks/Python.framework/Versions/3.10/lib/python3.10/site-packages/airflow/example_dags/example_setup_teardown_taskflow.py
[2024-05-06T10:13:50.138+0700] {processor.py:840} INFO - DAG(s) 'example_setup_teardown_taskflow' retrieved from /Library/Frameworks/Python.framework/Versions/3.10/lib/python3.10/site-packages/airflow/example_dags/example_setup_teardown_taskflow.py
[2024-05-06T10:13:50.232+0700] {logging_mixin.py:188} INFO - [2024-05-06T10:13:50.232+0700] {dag.py:3096} INFO - Sync 1 DAGs
[2024-05-06T10:13:50.241+0700] {logging_mixin.py:188} INFO - [2024-05-06T10:13:50.241+0700] {dag.py:3954} INFO - Setting next_dagrun for example_setup_teardown_taskflow to 2024-05-05 00:00:00+00:00, run_after=2024-05-06 00:00:00+00:00
[2024-05-06T10:13:50.252+0700] {processor.py:183} INFO - Processing /Library/Frameworks/Python.framework/Versions/3.10/lib/python3.10/site-packages/airflow/example_dags/example_setup_teardown_taskflow.py took 0.141 seconds
[2024-05-06T10:38:46.133+0700] {processor.py:161} INFO - Started process (PID=79810) to work on /Library/Frameworks/Python.framework/Versions/3.10/lib/python3.10/site-packages/airflow/example_dags/example_setup_teardown_taskflow.py
[2024-05-06T10:38:46.135+0700] {processor.py:830} INFO - Processing file /Library/Frameworks/Python.framework/Versions/3.10/lib/python3.10/site-packages/airflow/example_dags/example_setup_teardown_taskflow.py for tasks to queue
[2024-05-06T10:38:46.135+0700] {logging_mixin.py:188} INFO - [2024-05-06T10:38:46.135+0700] {dagbag.py:540} INFO - Filling up the DagBag from /Library/Frameworks/Python.framework/Versions/3.10/lib/python3.10/site-packages/airflow/example_dags/example_setup_teardown_taskflow.py
[2024-05-06T10:38:46.157+0700] {processor.py:840} INFO - DAG(s) 'example_setup_teardown_taskflow' retrieved from /Library/Frameworks/Python.framework/Versions/3.10/lib/python3.10/site-packages/airflow/example_dags/example_setup_teardown_taskflow.py
[2024-05-06T10:38:46.251+0700] {logging_mixin.py:188} INFO - [2024-05-06T10:38:46.251+0700] {dag.py:3096} INFO - Sync 1 DAGs
[2024-05-06T10:38:46.261+0700] {logging_mixin.py:188} INFO - [2024-05-06T10:38:46.260+0700] {dag.py:3954} INFO - Setting next_dagrun for example_setup_teardown_taskflow to 2024-05-05 00:00:00+00:00, run_after=2024-05-06 00:00:00+00:00
[2024-05-06T10:38:46.271+0700] {processor.py:183} INFO - Processing /Library/Frameworks/Python.framework/Versions/3.10/lib/python3.10/site-packages/airflow/example_dags/example_setup_teardown_taskflow.py took 0.140 seconds
[2024-05-06T10:58:47.766+0700] {processor.py:161} INFO - Started process (PID=80662) to work on /Library/Frameworks/Python.framework/Versions/3.10/lib/python3.10/site-packages/airflow/example_dags/example_setup_teardown_taskflow.py
[2024-05-06T10:58:47.767+0700] {processor.py:830} INFO - Processing file /Library/Frameworks/Python.framework/Versions/3.10/lib/python3.10/site-packages/airflow/example_dags/example_setup_teardown_taskflow.py for tasks to queue
[2024-05-06T10:58:47.767+0700] {logging_mixin.py:188} INFO - [2024-05-06T10:58:47.767+0700] {dagbag.py:540} INFO - Filling up the DagBag from /Library/Frameworks/Python.framework/Versions/3.10/lib/python3.10/site-packages/airflow/example_dags/example_setup_teardown_taskflow.py
[2024-05-06T10:58:47.791+0700] {processor.py:840} INFO - DAG(s) 'example_setup_teardown_taskflow' retrieved from /Library/Frameworks/Python.framework/Versions/3.10/lib/python3.10/site-packages/airflow/example_dags/example_setup_teardown_taskflow.py
[2024-05-06T10:58:47.887+0700] {logging_mixin.py:188} INFO - [2024-05-06T10:58:47.887+0700] {dag.py:3096} INFO - Sync 1 DAGs
[2024-05-06T10:58:47.897+0700] {logging_mixin.py:188} INFO - [2024-05-06T10:58:47.897+0700] {dag.py:3954} INFO - Setting next_dagrun for example_setup_teardown_taskflow to 2024-05-05 00:00:00+00:00, run_after=2024-05-06 00:00:00+00:00
[2024-05-06T10:58:47.908+0700] {processor.py:183} INFO - Processing /Library/Frameworks/Python.framework/Versions/3.10/lib/python3.10/site-packages/airflow/example_dags/example_setup_teardown_taskflow.py took 0.144 seconds
[2024-05-06T11:00:12.809+0700] {processor.py:161} INFO - Started process (PID=81049) to work on /Library/Frameworks/Python.framework/Versions/3.10/lib/python3.10/site-packages/airflow/example_dags/example_setup_teardown_taskflow.py
[2024-05-06T11:00:12.810+0700] {processor.py:830} INFO - Processing file /Library/Frameworks/Python.framework/Versions/3.10/lib/python3.10/site-packages/airflow/example_dags/example_setup_teardown_taskflow.py for tasks to queue
[2024-05-06T11:00:12.810+0700] {logging_mixin.py:188} INFO - [2024-05-06T11:00:12.810+0700] {dagbag.py:540} INFO - Filling up the DagBag from /Library/Frameworks/Python.framework/Versions/3.10/lib/python3.10/site-packages/airflow/example_dags/example_setup_teardown_taskflow.py
[2024-05-06T11:00:12.833+0700] {processor.py:840} INFO - DAG(s) 'example_setup_teardown_taskflow' retrieved from /Library/Frameworks/Python.framework/Versions/3.10/lib/python3.10/site-packages/airflow/example_dags/example_setup_teardown_taskflow.py
[2024-05-06T11:00:12.933+0700] {logging_mixin.py:188} INFO - [2024-05-06T11:00:12.932+0700] {dag.py:3096} INFO - Sync 1 DAGs
[2024-05-06T11:00:12.943+0700] {logging_mixin.py:188} INFO - [2024-05-06T11:00:12.943+0700] {dag.py:3954} INFO - Setting next_dagrun for example_setup_teardown_taskflow to 2024-05-05 00:00:00+00:00, run_after=2024-05-06 00:00:00+00:00
[2024-05-06T11:00:12.956+0700] {processor.py:183} INFO - Processing /Library/Frameworks/Python.framework/Versions/3.10/lib/python3.10/site-packages/airflow/example_dags/example_setup_teardown_taskflow.py took 0.149 seconds
[2024-05-06T20:12:31.223+0700] {processor.py:161} INFO - Started process (PID=796) to work on /opt/homebrew/Caskroom/miniconda/base/lib/python3.11/site-packages/airflow/example_dags/example_setup_teardown_taskflow.py
[2024-05-06T20:12:31.224+0700] {processor.py:830} INFO - Processing file /opt/homebrew/Caskroom/miniconda/base/lib/python3.11/site-packages/airflow/example_dags/example_setup_teardown_taskflow.py for tasks to queue
[2024-05-06T20:12:31.224+0700] {logging_mixin.py:188} INFO - [2024-05-06T20:12:31.224+0700] {dagbag.py:540} INFO - Filling up the DagBag from /opt/homebrew/Caskroom/miniconda/base/lib/python3.11/site-packages/airflow/example_dags/example_setup_teardown_taskflow.py
[2024-05-06T20:12:31.249+0700] {processor.py:840} INFO - DAG(s) 'example_setup_teardown_taskflow' retrieved from /opt/homebrew/Caskroom/miniconda/base/lib/python3.11/site-packages/airflow/example_dags/example_setup_teardown_taskflow.py
[2024-05-06T20:12:31.393+0700] {logging_mixin.py:188} INFO - [2024-05-06T20:12:31.393+0700] {dag.py:3096} INFO - Sync 1 DAGs
[2024-05-06T20:12:31.402+0700] {logging_mixin.py:188} INFO - [2024-05-06T20:12:31.402+0700] {dag.py:3954} INFO - Setting next_dagrun for example_setup_teardown_taskflow to 2024-05-05 00:00:00+00:00, run_after=2024-05-06 00:00:00+00:00
[2024-05-06T20:12:31.412+0700] {processor.py:183} INFO - Processing /opt/homebrew/Caskroom/miniconda/base/lib/python3.11/site-packages/airflow/example_dags/example_setup_teardown_taskflow.py took 0.192 seconds
[2024-05-06T20:14:31.753+0700] {processor.py:161} INFO - Started process (PID=1511) to work on /opt/homebrew/Caskroom/miniconda/base/lib/python3.11/site-packages/airflow/example_dags/example_setup_teardown_taskflow.py
[2024-05-06T20:14:31.754+0700] {processor.py:830} INFO - Processing file /opt/homebrew/Caskroom/miniconda/base/lib/python3.11/site-packages/airflow/example_dags/example_setup_teardown_taskflow.py for tasks to queue
[2024-05-06T20:14:31.755+0700] {logging_mixin.py:188} INFO - [2024-05-06T20:14:31.755+0700] {dagbag.py:540} INFO - Filling up the DagBag from /opt/homebrew/Caskroom/miniconda/base/lib/python3.11/site-packages/airflow/example_dags/example_setup_teardown_taskflow.py
[2024-05-06T20:14:31.780+0700] {processor.py:840} INFO - DAG(s) 'example_setup_teardown_taskflow' retrieved from /opt/homebrew/Caskroom/miniconda/base/lib/python3.11/site-packages/airflow/example_dags/example_setup_teardown_taskflow.py
[2024-05-06T20:14:31.927+0700] {logging_mixin.py:188} INFO - [2024-05-06T20:14:31.927+0700] {dag.py:3096} INFO - Sync 1 DAGs
[2024-05-06T20:14:31.936+0700] {logging_mixin.py:188} INFO - [2024-05-06T20:14:31.936+0700] {dag.py:3954} INFO - Setting next_dagrun for example_setup_teardown_taskflow to 2024-05-05 00:00:00+00:00, run_after=2024-05-06 00:00:00+00:00
[2024-05-06T20:14:31.947+0700] {processor.py:183} INFO - Processing /opt/homebrew/Caskroom/miniconda/base/lib/python3.11/site-packages/airflow/example_dags/example_setup_teardown_taskflow.py took 0.195 seconds
[2024-05-06T20:16:30.961+0700] {processor.py:161} INFO - Started process (PID=2148) to work on /opt/homebrew/Caskroom/miniconda/base/lib/python3.11/site-packages/airflow/example_dags/example_setup_teardown_taskflow.py
[2024-05-06T20:16:30.961+0700] {processor.py:830} INFO - Processing file /opt/homebrew/Caskroom/miniconda/base/lib/python3.11/site-packages/airflow/example_dags/example_setup_teardown_taskflow.py for tasks to queue
[2024-05-06T20:16:30.962+0700] {logging_mixin.py:188} INFO - [2024-05-06T20:16:30.962+0700] {dagbag.py:540} INFO - Filling up the DagBag from /opt/homebrew/Caskroom/miniconda/base/lib/python3.11/site-packages/airflow/example_dags/example_setup_teardown_taskflow.py
[2024-05-06T20:16:31.005+0700] {processor.py:840} INFO - DAG(s) 'example_setup_teardown_taskflow' retrieved from /opt/homebrew/Caskroom/miniconda/base/lib/python3.11/site-packages/airflow/example_dags/example_setup_teardown_taskflow.py
[2024-05-06T20:16:31.093+0700] {logging_mixin.py:188} INFO - [2024-05-06T20:16:31.092+0700] {dag.py:3096} INFO - Sync 1 DAGs
[2024-05-06T20:16:31.106+0700] {logging_mixin.py:188} INFO - [2024-05-06T20:16:31.106+0700] {dag.py:3954} INFO - Setting next_dagrun for example_setup_teardown_taskflow to 2024-05-05 00:00:00+00:00, run_after=2024-05-06 00:00:00+00:00
[2024-05-06T20:16:31.171+0700] {processor.py:183} INFO - Processing /opt/homebrew/Caskroom/miniconda/base/lib/python3.11/site-packages/airflow/example_dags/example_setup_teardown_taskflow.py took 0.213 seconds
[2024-05-06T20:18:01.044+0700] {processor.py:161} INFO - Started process (PID=2575) to work on /opt/homebrew/Caskroom/miniconda/base/lib/python3.11/site-packages/airflow/example_dags/example_setup_teardown_taskflow.py
[2024-05-06T20:18:01.046+0700] {processor.py:830} INFO - Processing file /opt/homebrew/Caskroom/miniconda/base/lib/python3.11/site-packages/airflow/example_dags/example_setup_teardown_taskflow.py for tasks to queue
[2024-05-06T20:18:01.047+0700] {logging_mixin.py:188} INFO - [2024-05-06T20:18:01.046+0700] {dagbag.py:540} INFO - Filling up the DagBag from /opt/homebrew/Caskroom/miniconda/base/lib/python3.11/site-packages/airflow/example_dags/example_setup_teardown_taskflow.py
[2024-05-06T20:18:01.077+0700] {processor.py:840} INFO - DAG(s) 'example_setup_teardown_taskflow' retrieved from /opt/homebrew/Caskroom/miniconda/base/lib/python3.11/site-packages/airflow/example_dags/example_setup_teardown_taskflow.py
[2024-05-06T20:18:01.141+0700] {logging_mixin.py:188} INFO - [2024-05-06T20:18:01.141+0700] {dag.py:3096} INFO - Sync 1 DAGs
[2024-05-06T20:18:01.152+0700] {logging_mixin.py:188} INFO - [2024-05-06T20:18:01.152+0700] {dag.py:3954} INFO - Setting next_dagrun for example_setup_teardown_taskflow to 2024-05-05 00:00:00+00:00, run_after=2024-05-06 00:00:00+00:00
[2024-05-06T20:18:01.200+0700] {processor.py:183} INFO - Processing /opt/homebrew/Caskroom/miniconda/base/lib/python3.11/site-packages/airflow/example_dags/example_setup_teardown_taskflow.py took 0.158 seconds
[2024-05-06T20:19:35.183+0700] {processor.py:161} INFO - Started process (PID=3062) to work on /opt/homebrew/Caskroom/miniconda/base/lib/python3.11/site-packages/airflow/example_dags/example_setup_teardown_taskflow.py
[2024-05-06T20:19:35.184+0700] {processor.py:830} INFO - Processing file /opt/homebrew/Caskroom/miniconda/base/lib/python3.11/site-packages/airflow/example_dags/example_setup_teardown_taskflow.py for tasks to queue
[2024-05-06T20:19:35.184+0700] {logging_mixin.py:188} INFO - [2024-05-06T20:19:35.184+0700] {dagbag.py:540} INFO - Filling up the DagBag from /opt/homebrew/Caskroom/miniconda/base/lib/python3.11/site-packages/airflow/example_dags/example_setup_teardown_taskflow.py
[2024-05-06T20:19:35.208+0700] {processor.py:840} INFO - DAG(s) 'example_setup_teardown_taskflow' retrieved from /opt/homebrew/Caskroom/miniconda/base/lib/python3.11/site-packages/airflow/example_dags/example_setup_teardown_taskflow.py
[2024-05-06T20:19:35.270+0700] {logging_mixin.py:188} INFO - [2024-05-06T20:19:35.270+0700] {dag.py:3096} INFO - Sync 1 DAGs
[2024-05-06T20:19:35.280+0700] {logging_mixin.py:188} INFO - [2024-05-06T20:19:35.280+0700] {dag.py:3954} INFO - Setting next_dagrun for example_setup_teardown_taskflow to 2024-05-05 00:00:00+00:00, run_after=2024-05-06 00:00:00+00:00
[2024-05-06T20:19:35.326+0700] {processor.py:183} INFO - Processing /opt/homebrew/Caskroom/miniconda/base/lib/python3.11/site-packages/airflow/example_dags/example_setup_teardown_taskflow.py took 0.145 seconds
[2024-05-06T20:21:02.775+0700] {processor.py:161} INFO - Started process (PID=3624) to work on /opt/homebrew/Caskroom/miniconda/base/lib/python3.11/site-packages/airflow/example_dags/example_setup_teardown_taskflow.py
[2024-05-06T20:21:02.776+0700] {processor.py:830} INFO - Processing file /opt/homebrew/Caskroom/miniconda/base/lib/python3.11/site-packages/airflow/example_dags/example_setup_teardown_taskflow.py for tasks to queue
[2024-05-06T20:21:02.777+0700] {logging_mixin.py:188} INFO - [2024-05-06T20:21:02.777+0700] {dagbag.py:540} INFO - Filling up the DagBag from /opt/homebrew/Caskroom/miniconda/base/lib/python3.11/site-packages/airflow/example_dags/example_setup_teardown_taskflow.py
[2024-05-06T20:21:02.808+0700] {processor.py:840} INFO - DAG(s) 'example_setup_teardown_taskflow' retrieved from /opt/homebrew/Caskroom/miniconda/base/lib/python3.11/site-packages/airflow/example_dags/example_setup_teardown_taskflow.py
[2024-05-06T20:21:02.883+0700] {logging_mixin.py:188} INFO - [2024-05-06T20:21:02.883+0700] {dag.py:3096} INFO - Sync 1 DAGs
[2024-05-06T20:21:02.895+0700] {logging_mixin.py:188} INFO - [2024-05-06T20:21:02.895+0700] {dag.py:3954} INFO - Setting next_dagrun for example_setup_teardown_taskflow to 2024-05-05 00:00:00+00:00, run_after=2024-05-06 00:00:00+00:00
[2024-05-06T20:21:02.944+0700] {processor.py:183} INFO - Processing /opt/homebrew/Caskroom/miniconda/base/lib/python3.11/site-packages/airflow/example_dags/example_setup_teardown_taskflow.py took 0.172 seconds
[2024-05-06T20:23:53.074+0700] {processor.py:161} INFO - Started process (PID=4515) to work on /opt/homebrew/Caskroom/miniconda/base/lib/python3.11/site-packages/airflow/example_dags/example_setup_teardown_taskflow.py
[2024-05-06T20:23:53.077+0700] {processor.py:830} INFO - Processing file /opt/homebrew/Caskroom/miniconda/base/lib/python3.11/site-packages/airflow/example_dags/example_setup_teardown_taskflow.py for tasks to queue
[2024-05-06T20:23:53.077+0700] {logging_mixin.py:188} INFO - [2024-05-06T20:23:53.077+0700] {dagbag.py:540} INFO - Filling up the DagBag from /opt/homebrew/Caskroom/miniconda/base/lib/python3.11/site-packages/airflow/example_dags/example_setup_teardown_taskflow.py
[2024-05-06T20:23:53.111+0700] {processor.py:840} INFO - DAG(s) 'example_setup_teardown_taskflow' retrieved from /opt/homebrew/Caskroom/miniconda/base/lib/python3.11/site-packages/airflow/example_dags/example_setup_teardown_taskflow.py
[2024-05-06T20:23:53.185+0700] {logging_mixin.py:188} INFO - [2024-05-06T20:23:53.185+0700] {dag.py:3096} INFO - Sync 1 DAGs
[2024-05-06T20:23:53.196+0700] {logging_mixin.py:188} INFO - [2024-05-06T20:23:53.196+0700] {dag.py:3954} INFO - Setting next_dagrun for example_setup_teardown_taskflow to 2024-05-05 00:00:00+00:00, run_after=2024-05-06 00:00:00+00:00
[2024-05-06T20:23:53.249+0700] {processor.py:183} INFO - Processing /opt/homebrew/Caskroom/miniconda/base/lib/python3.11/site-packages/airflow/example_dags/example_setup_teardown_taskflow.py took 0.179 seconds
[2024-05-06T20:25:19.141+0700] {processor.py:161} INFO - Started process (PID=4920) to work on /opt/homebrew/Caskroom/miniconda/base/lib/python3.11/site-packages/airflow/example_dags/example_setup_teardown_taskflow.py
[2024-05-06T20:25:19.141+0700] {processor.py:830} INFO - Processing file /opt/homebrew/Caskroom/miniconda/base/lib/python3.11/site-packages/airflow/example_dags/example_setup_teardown_taskflow.py for tasks to queue
[2024-05-06T20:25:19.142+0700] {logging_mixin.py:188} INFO - [2024-05-06T20:25:19.142+0700] {dagbag.py:540} INFO - Filling up the DagBag from /opt/homebrew/Caskroom/miniconda/base/lib/python3.11/site-packages/airflow/example_dags/example_setup_teardown_taskflow.py
[2024-05-06T20:25:19.168+0700] {processor.py:840} INFO - DAG(s) 'example_setup_teardown_taskflow' retrieved from /opt/homebrew/Caskroom/miniconda/base/lib/python3.11/site-packages/airflow/example_dags/example_setup_teardown_taskflow.py
[2024-05-06T20:25:19.230+0700] {logging_mixin.py:188} INFO - [2024-05-06T20:25:19.230+0700] {dag.py:3096} INFO - Sync 1 DAGs
[2024-05-06T20:25:19.240+0700] {logging_mixin.py:188} INFO - [2024-05-06T20:25:19.240+0700] {dag.py:3954} INFO - Setting next_dagrun for example_setup_teardown_taskflow to 2024-05-05 00:00:00+00:00, run_after=2024-05-06 00:00:00+00:00
[2024-05-06T20:25:19.288+0700] {processor.py:183} INFO - Processing /opt/homebrew/Caskroom/miniconda/base/lib/python3.11/site-packages/airflow/example_dags/example_setup_teardown_taskflow.py took 0.150 seconds
[2024-05-06T20:26:42.322+0700] {processor.py:161} INFO - Started process (PID=5335) to work on /opt/homebrew/Caskroom/miniconda/base/lib/python3.11/site-packages/airflow/example_dags/example_setup_teardown_taskflow.py
[2024-05-06T20:26:42.323+0700] {processor.py:830} INFO - Processing file /opt/homebrew/Caskroom/miniconda/base/lib/python3.11/site-packages/airflow/example_dags/example_setup_teardown_taskflow.py for tasks to queue
[2024-05-06T20:26:42.323+0700] {logging_mixin.py:188} INFO - [2024-05-06T20:26:42.323+0700] {dagbag.py:540} INFO - Filling up the DagBag from /opt/homebrew/Caskroom/miniconda/base/lib/python3.11/site-packages/airflow/example_dags/example_setup_teardown_taskflow.py
[2024-05-06T20:26:42.358+0700] {processor.py:840} INFO - DAG(s) 'example_setup_teardown_taskflow' retrieved from /opt/homebrew/Caskroom/miniconda/base/lib/python3.11/site-packages/airflow/example_dags/example_setup_teardown_taskflow.py
[2024-05-06T20:26:42.448+0700] {logging_mixin.py:188} INFO - [2024-05-06T20:26:42.448+0700] {dag.py:3096} INFO - Sync 1 DAGs
[2024-05-06T20:26:42.462+0700] {logging_mixin.py:188} INFO - [2024-05-06T20:26:42.462+0700] {dag.py:3954} INFO - Setting next_dagrun for example_setup_teardown_taskflow to 2024-05-05 00:00:00+00:00, run_after=2024-05-06 00:00:00+00:00
[2024-05-06T20:26:42.520+0700] {processor.py:183} INFO - Processing /opt/homebrew/Caskroom/miniconda/base/lib/python3.11/site-packages/airflow/example_dags/example_setup_teardown_taskflow.py took 0.200 seconds
[2024-05-06T20:30:19.872+0700] {processor.py:161} INFO - Started process (PID=6485) to work on /opt/homebrew/Caskroom/miniconda/base/lib/python3.11/site-packages/airflow/example_dags/example_setup_teardown_taskflow.py
[2024-05-06T20:30:19.873+0700] {processor.py:830} INFO - Processing file /opt/homebrew/Caskroom/miniconda/base/lib/python3.11/site-packages/airflow/example_dags/example_setup_teardown_taskflow.py for tasks to queue
[2024-05-06T20:30:19.873+0700] {logging_mixin.py:188} INFO - [2024-05-06T20:30:19.873+0700] {dagbag.py:540} INFO - Filling up the DagBag from /opt/homebrew/Caskroom/miniconda/base/lib/python3.11/site-packages/airflow/example_dags/example_setup_teardown_taskflow.py
[2024-05-06T20:30:19.904+0700] {processor.py:840} INFO - DAG(s) 'example_setup_teardown_taskflow' retrieved from /opt/homebrew/Caskroom/miniconda/base/lib/python3.11/site-packages/airflow/example_dags/example_setup_teardown_taskflow.py
[2024-05-06T20:30:20.176+0700] {logging_mixin.py:188} INFO - [2024-05-06T20:30:20.175+0700] {dag.py:3096} INFO - Sync 1 DAGs
[2024-05-06T20:30:20.208+0700] {logging_mixin.py:188} INFO - [2024-05-06T20:30:20.207+0700] {dag.py:3954} INFO - Setting next_dagrun for example_setup_teardown_taskflow to 2024-05-05 00:00:00+00:00, run_after=2024-05-06 00:00:00+00:00
[2024-05-06T20:30:20.270+0700] {processor.py:183} INFO - Processing /opt/homebrew/Caskroom/miniconda/base/lib/python3.11/site-packages/airflow/example_dags/example_setup_teardown_taskflow.py took 0.401 seconds
[2024-05-06T20:33:11.581+0700] {processor.py:161} INFO - Started process (PID=7404) to work on /opt/homebrew/Caskroom/miniconda/base/lib/python3.11/site-packages/airflow/example_dags/example_setup_teardown_taskflow.py
[2024-05-06T20:33:11.582+0700] {processor.py:830} INFO - Processing file /opt/homebrew/Caskroom/miniconda/base/lib/python3.11/site-packages/airflow/example_dags/example_setup_teardown_taskflow.py for tasks to queue
[2024-05-06T20:33:11.583+0700] {logging_mixin.py:188} INFO - [2024-05-06T20:33:11.583+0700] {dagbag.py:540} INFO - Filling up the DagBag from /opt/homebrew/Caskroom/miniconda/base/lib/python3.11/site-packages/airflow/example_dags/example_setup_teardown_taskflow.py
[2024-05-06T20:33:11.611+0700] {processor.py:840} INFO - DAG(s) 'example_setup_teardown_taskflow' retrieved from /opt/homebrew/Caskroom/miniconda/base/lib/python3.11/site-packages/airflow/example_dags/example_setup_teardown_taskflow.py
[2024-05-06T20:33:11.759+0700] {logging_mixin.py:188} INFO - [2024-05-06T20:33:11.759+0700] {dag.py:3096} INFO - Sync 1 DAGs
[2024-05-06T20:33:11.769+0700] {logging_mixin.py:188} INFO - [2024-05-06T20:33:11.769+0700] {dag.py:3954} INFO - Setting next_dagrun for example_setup_teardown_taskflow to 2024-05-05 00:00:00+00:00, run_after=2024-05-06 00:00:00+00:00
[2024-05-06T20:33:11.779+0700] {processor.py:183} INFO - Processing /opt/homebrew/Caskroom/miniconda/base/lib/python3.11/site-packages/airflow/example_dags/example_setup_teardown_taskflow.py took 0.201 seconds
