[2024-05-06T07:32:19.978+0700] {processor.py:161} INFO - Started process (PID=72758) to work on /Library/Frameworks/Python.framework/Versions/3.10/lib/python3.10/site-packages/airflow/example_dags/tutorial_taskflow_api_virtualenv.py
[2024-05-06T07:32:19.978+0700] {processor.py:830} INFO - Processing file /Library/Frameworks/Python.framework/Versions/3.10/lib/python3.10/site-packages/airflow/example_dags/tutorial_taskflow_api_virtualenv.py for tasks to queue
[2024-05-06T07:32:19.979+0700] {logging_mixin.py:188} INFO - [2024-05-06T07:32:19.979+0700] {dagbag.py:540} INFO - Filling up the DagBag from /Library/Frameworks/Python.framework/Versions/3.10/lib/python3.10/site-packages/airflow/example_dags/tutorial_taskflow_api_virtualenv.py
[2024-05-06T07:32:20.009+0700] {processor.py:840} INFO - DAG(s) 'tutorial_taskflow_api_virtualenv' retrieved from /Library/Frameworks/Python.framework/Versions/3.10/lib/python3.10/site-packages/airflow/example_dags/tutorial_taskflow_api_virtualenv.py
[2024-05-06T07:32:20.174+0700] {logging_mixin.py:188} INFO - [2024-05-06T07:32:20.173+0700] {dag.py:3096} INFO - Sync 1 DAGs
[2024-05-06T07:32:20.179+0700] {logging_mixin.py:188} INFO - [2024-05-06T07:32:20.179+0700] {dag.py:3954} INFO - Setting next_dagrun for tutorial_taskflow_api_virtualenv to None, run_after=None
[2024-05-06T07:32:20.191+0700] {processor.py:183} INFO - Processing /Library/Frameworks/Python.framework/Versions/3.10/lib/python3.10/site-packages/airflow/example_dags/tutorial_taskflow_api_virtualenv.py took 0.215 seconds
[2024-05-06T07:33:37.054+0700] {processor.py:161} INFO - Started process (PID=73172) to work on /Library/Frameworks/Python.framework/Versions/3.10/lib/python3.10/site-packages/airflow/example_dags/tutorial_taskflow_api_virtualenv.py
[2024-05-06T07:33:37.055+0700] {processor.py:830} INFO - Processing file /Library/Frameworks/Python.framework/Versions/3.10/lib/python3.10/site-packages/airflow/example_dags/tutorial_taskflow_api_virtualenv.py for tasks to queue
[2024-05-06T07:33:37.055+0700] {logging_mixin.py:188} INFO - [2024-05-06T07:33:37.055+0700] {dagbag.py:540} INFO - Filling up the DagBag from /Library/Frameworks/Python.framework/Versions/3.10/lib/python3.10/site-packages/airflow/example_dags/tutorial_taskflow_api_virtualenv.py
[2024-05-06T07:33:37.087+0700] {processor.py:840} INFO - DAG(s) 'tutorial_taskflow_api_virtualenv' retrieved from /Library/Frameworks/Python.framework/Versions/3.10/lib/python3.10/site-packages/airflow/example_dags/tutorial_taskflow_api_virtualenv.py
[2024-05-06T07:33:37.249+0700] {logging_mixin.py:188} INFO - [2024-05-06T07:33:37.248+0700] {dag.py:3096} INFO - Sync 1 DAGs
[2024-05-06T07:33:37.254+0700] {logging_mixin.py:188} INFO - [2024-05-06T07:33:37.253+0700] {dag.py:3954} INFO - Setting next_dagrun for tutorial_taskflow_api_virtualenv to None, run_after=None
[2024-05-06T07:33:37.266+0700] {processor.py:183} INFO - Processing /Library/Frameworks/Python.framework/Versions/3.10/lib/python3.10/site-packages/airflow/example_dags/tutorial_taskflow_api_virtualenv.py took 0.213 seconds
[2024-05-06T07:34:53.389+0700] {processor.py:161} INFO - Started process (PID=73570) to work on /Library/Frameworks/Python.framework/Versions/3.10/lib/python3.10/site-packages/airflow/example_dags/tutorial_taskflow_api_virtualenv.py
[2024-05-06T07:34:53.391+0700] {processor.py:830} INFO - Processing file /Library/Frameworks/Python.framework/Versions/3.10/lib/python3.10/site-packages/airflow/example_dags/tutorial_taskflow_api_virtualenv.py for tasks to queue
[2024-05-06T07:34:53.391+0700] {logging_mixin.py:188} INFO - [2024-05-06T07:34:53.391+0700] {dagbag.py:540} INFO - Filling up the DagBag from /Library/Frameworks/Python.framework/Versions/3.10/lib/python3.10/site-packages/airflow/example_dags/tutorial_taskflow_api_virtualenv.py
[2024-05-06T07:34:53.417+0700] {processor.py:840} INFO - DAG(s) 'tutorial_taskflow_api_virtualenv' retrieved from /Library/Frameworks/Python.framework/Versions/3.10/lib/python3.10/site-packages/airflow/example_dags/tutorial_taskflow_api_virtualenv.py
[2024-05-06T07:34:53.573+0700] {logging_mixin.py:188} INFO - [2024-05-06T07:34:53.572+0700] {dag.py:3096} INFO - Sync 1 DAGs
[2024-05-06T07:34:53.578+0700] {logging_mixin.py:188} INFO - [2024-05-06T07:34:53.578+0700] {dag.py:3954} INFO - Setting next_dagrun for tutorial_taskflow_api_virtualenv to None, run_after=None
[2024-05-06T07:34:53.589+0700] {processor.py:183} INFO - Processing /Library/Frameworks/Python.framework/Versions/3.10/lib/python3.10/site-packages/airflow/example_dags/tutorial_taskflow_api_virtualenv.py took 0.202 seconds
[2024-05-06T07:36:10.312+0700] {processor.py:161} INFO - Started process (PID=73918) to work on /Library/Frameworks/Python.framework/Versions/3.10/lib/python3.10/site-packages/airflow/example_dags/tutorial_taskflow_api_virtualenv.py
[2024-05-06T07:36:10.314+0700] {processor.py:830} INFO - Processing file /Library/Frameworks/Python.framework/Versions/3.10/lib/python3.10/site-packages/airflow/example_dags/tutorial_taskflow_api_virtualenv.py for tasks to queue
[2024-05-06T07:36:10.315+0700] {logging_mixin.py:188} INFO - [2024-05-06T07:36:10.314+0700] {dagbag.py:540} INFO - Filling up the DagBag from /Library/Frameworks/Python.framework/Versions/3.10/lib/python3.10/site-packages/airflow/example_dags/tutorial_taskflow_api_virtualenv.py
[2024-05-06T07:36:10.340+0700] {processor.py:840} INFO - DAG(s) 'tutorial_taskflow_api_virtualenv' retrieved from /Library/Frameworks/Python.framework/Versions/3.10/lib/python3.10/site-packages/airflow/example_dags/tutorial_taskflow_api_virtualenv.py
[2024-05-06T07:36:10.542+0700] {logging_mixin.py:188} INFO - [2024-05-06T07:36:10.542+0700] {dag.py:3096} INFO - Sync 1 DAGs
[2024-05-06T07:36:10.547+0700] {logging_mixin.py:188} INFO - [2024-05-06T07:36:10.547+0700] {dag.py:3954} INFO - Setting next_dagrun for tutorial_taskflow_api_virtualenv to None, run_after=None
[2024-05-06T07:36:10.561+0700] {processor.py:183} INFO - Processing /Library/Frameworks/Python.framework/Versions/3.10/lib/python3.10/site-packages/airflow/example_dags/tutorial_taskflow_api_virtualenv.py took 0.250 seconds
[2024-05-06T07:37:27.819+0700] {processor.py:161} INFO - Started process (PID=74270) to work on /Library/Frameworks/Python.framework/Versions/3.10/lib/python3.10/site-packages/airflow/example_dags/tutorial_taskflow_api_virtualenv.py
[2024-05-06T07:37:27.819+0700] {processor.py:830} INFO - Processing file /Library/Frameworks/Python.framework/Versions/3.10/lib/python3.10/site-packages/airflow/example_dags/tutorial_taskflow_api_virtualenv.py for tasks to queue
[2024-05-06T07:37:27.820+0700] {logging_mixin.py:188} INFO - [2024-05-06T07:37:27.820+0700] {dagbag.py:540} INFO - Filling up the DagBag from /Library/Frameworks/Python.framework/Versions/3.10/lib/python3.10/site-packages/airflow/example_dags/tutorial_taskflow_api_virtualenv.py
[2024-05-06T07:37:27.851+0700] {processor.py:840} INFO - DAG(s) 'tutorial_taskflow_api_virtualenv' retrieved from /Library/Frameworks/Python.framework/Versions/3.10/lib/python3.10/site-packages/airflow/example_dags/tutorial_taskflow_api_virtualenv.py
[2024-05-06T07:37:28.010+0700] {logging_mixin.py:188} INFO - [2024-05-06T07:37:28.010+0700] {dag.py:3096} INFO - Sync 1 DAGs
[2024-05-06T07:37:28.015+0700] {logging_mixin.py:188} INFO - [2024-05-06T07:37:28.015+0700] {dag.py:3954} INFO - Setting next_dagrun for tutorial_taskflow_api_virtualenv to None, run_after=None
[2024-05-06T07:37:28.028+0700] {processor.py:183} INFO - Processing /Library/Frameworks/Python.framework/Versions/3.10/lib/python3.10/site-packages/airflow/example_dags/tutorial_taskflow_api_virtualenv.py took 0.210 seconds
[2024-05-06T07:38:46.247+0700] {processor.py:161} INFO - Started process (PID=74620) to work on /Library/Frameworks/Python.framework/Versions/3.10/lib/python3.10/site-packages/airflow/example_dags/tutorial_taskflow_api_virtualenv.py
[2024-05-06T07:38:46.248+0700] {processor.py:830} INFO - Processing file /Library/Frameworks/Python.framework/Versions/3.10/lib/python3.10/site-packages/airflow/example_dags/tutorial_taskflow_api_virtualenv.py for tasks to queue
[2024-05-06T07:38:46.248+0700] {logging_mixin.py:188} INFO - [2024-05-06T07:38:46.248+0700] {dagbag.py:540} INFO - Filling up the DagBag from /Library/Frameworks/Python.framework/Versions/3.10/lib/python3.10/site-packages/airflow/example_dags/tutorial_taskflow_api_virtualenv.py
[2024-05-06T07:38:46.271+0700] {processor.py:840} INFO - DAG(s) 'tutorial_taskflow_api_virtualenv' retrieved from /Library/Frameworks/Python.framework/Versions/3.10/lib/python3.10/site-packages/airflow/example_dags/tutorial_taskflow_api_virtualenv.py
[2024-05-06T07:38:46.427+0700] {logging_mixin.py:188} INFO - [2024-05-06T07:38:46.426+0700] {dag.py:3096} INFO - Sync 1 DAGs
[2024-05-06T07:38:46.432+0700] {logging_mixin.py:188} INFO - [2024-05-06T07:38:46.432+0700] {dag.py:3954} INFO - Setting next_dagrun for tutorial_taskflow_api_virtualenv to None, run_after=None
[2024-05-06T07:38:46.444+0700] {processor.py:183} INFO - Processing /Library/Frameworks/Python.framework/Versions/3.10/lib/python3.10/site-packages/airflow/example_dags/tutorial_taskflow_api_virtualenv.py took 0.200 seconds
[2024-05-06T07:40:01.738+0700] {processor.py:161} INFO - Started process (PID=74977) to work on /Library/Frameworks/Python.framework/Versions/3.10/lib/python3.10/site-packages/airflow/example_dags/tutorial_taskflow_api_virtualenv.py
[2024-05-06T07:40:01.739+0700] {processor.py:830} INFO - Processing file /Library/Frameworks/Python.framework/Versions/3.10/lib/python3.10/site-packages/airflow/example_dags/tutorial_taskflow_api_virtualenv.py for tasks to queue
[2024-05-06T07:40:01.739+0700] {logging_mixin.py:188} INFO - [2024-05-06T07:40:01.739+0700] {dagbag.py:540} INFO - Filling up the DagBag from /Library/Frameworks/Python.framework/Versions/3.10/lib/python3.10/site-packages/airflow/example_dags/tutorial_taskflow_api_virtualenv.py
[2024-05-06T07:40:01.808+0700] {processor.py:840} INFO - DAG(s) 'tutorial_taskflow_api_virtualenv' retrieved from /Library/Frameworks/Python.framework/Versions/3.10/lib/python3.10/site-packages/airflow/example_dags/tutorial_taskflow_api_virtualenv.py
[2024-05-06T07:40:02.029+0700] {logging_mixin.py:188} INFO - [2024-05-06T07:40:02.029+0700] {dag.py:3096} INFO - Sync 1 DAGs
[2024-05-06T07:40:02.034+0700] {logging_mixin.py:188} INFO - [2024-05-06T07:40:02.034+0700] {dag.py:3954} INFO - Setting next_dagrun for tutorial_taskflow_api_virtualenv to None, run_after=None
[2024-05-06T07:40:02.046+0700] {processor.py:183} INFO - Processing /Library/Frameworks/Python.framework/Versions/3.10/lib/python3.10/site-packages/airflow/example_dags/tutorial_taskflow_api_virtualenv.py took 0.309 seconds
[2024-05-06T07:57:48.517+0700] {processor.py:161} INFO - Started process (PID=75343) to work on /Library/Frameworks/Python.framework/Versions/3.10/lib/python3.10/site-packages/airflow/example_dags/tutorial_taskflow_api_virtualenv.py
[2024-05-06T07:57:48.518+0700] {processor.py:830} INFO - Processing file /Library/Frameworks/Python.framework/Versions/3.10/lib/python3.10/site-packages/airflow/example_dags/tutorial_taskflow_api_virtualenv.py for tasks to queue
[2024-05-06T07:57:48.518+0700] {logging_mixin.py:188} INFO - [2024-05-06T07:57:48.518+0700] {dagbag.py:540} INFO - Filling up the DagBag from /Library/Frameworks/Python.framework/Versions/3.10/lib/python3.10/site-packages/airflow/example_dags/tutorial_taskflow_api_virtualenv.py
[2024-05-06T07:57:48.548+0700] {processor.py:840} INFO - DAG(s) 'tutorial_taskflow_api_virtualenv' retrieved from /Library/Frameworks/Python.framework/Versions/3.10/lib/python3.10/site-packages/airflow/example_dags/tutorial_taskflow_api_virtualenv.py
[2024-05-06T07:57:48.709+0700] {logging_mixin.py:188} INFO - [2024-05-06T07:57:48.709+0700] {dag.py:3096} INFO - Sync 1 DAGs
[2024-05-06T07:57:48.714+0700] {logging_mixin.py:188} INFO - [2024-05-06T07:57:48.714+0700] {dag.py:3954} INFO - Setting next_dagrun for tutorial_taskflow_api_virtualenv to None, run_after=None
[2024-05-06T07:57:48.726+0700] {processor.py:183} INFO - Processing /Library/Frameworks/Python.framework/Versions/3.10/lib/python3.10/site-packages/airflow/example_dags/tutorial_taskflow_api_virtualenv.py took 0.211 seconds
[2024-05-06T08:15:08.806+0700] {processor.py:161} INFO - Started process (PID=75702) to work on /Library/Frameworks/Python.framework/Versions/3.10/lib/python3.10/site-packages/airflow/example_dags/tutorial_taskflow_api_virtualenv.py
[2024-05-06T08:15:08.807+0700] {processor.py:830} INFO - Processing file /Library/Frameworks/Python.framework/Versions/3.10/lib/python3.10/site-packages/airflow/example_dags/tutorial_taskflow_api_virtualenv.py for tasks to queue
[2024-05-06T08:15:08.807+0700] {logging_mixin.py:188} INFO - [2024-05-06T08:15:08.807+0700] {dagbag.py:540} INFO - Filling up the DagBag from /Library/Frameworks/Python.framework/Versions/3.10/lib/python3.10/site-packages/airflow/example_dags/tutorial_taskflow_api_virtualenv.py
[2024-05-06T08:15:08.836+0700] {processor.py:840} INFO - DAG(s) 'tutorial_taskflow_api_virtualenv' retrieved from /Library/Frameworks/Python.framework/Versions/3.10/lib/python3.10/site-packages/airflow/example_dags/tutorial_taskflow_api_virtualenv.py
[2024-05-06T08:15:08.995+0700] {logging_mixin.py:188} INFO - [2024-05-06T08:15:08.995+0700] {dag.py:3096} INFO - Sync 1 DAGs
[2024-05-06T08:15:09.000+0700] {logging_mixin.py:188} INFO - [2024-05-06T08:15:09.000+0700] {dag.py:3954} INFO - Setting next_dagrun for tutorial_taskflow_api_virtualenv to None, run_after=None
[2024-05-06T08:15:09.012+0700] {processor.py:183} INFO - Processing /Library/Frameworks/Python.framework/Versions/3.10/lib/python3.10/site-packages/airflow/example_dags/tutorial_taskflow_api_virtualenv.py took 0.207 seconds
[2024-05-06T08:35:37.355+0700] {processor.py:161} INFO - Started process (PID=76149) to work on /Library/Frameworks/Python.framework/Versions/3.10/lib/python3.10/site-packages/airflow/example_dags/tutorial_taskflow_api_virtualenv.py
[2024-05-06T08:35:37.356+0700] {processor.py:830} INFO - Processing file /Library/Frameworks/Python.framework/Versions/3.10/lib/python3.10/site-packages/airflow/example_dags/tutorial_taskflow_api_virtualenv.py for tasks to queue
[2024-05-06T08:35:37.357+0700] {logging_mixin.py:188} INFO - [2024-05-06T08:35:37.357+0700] {dagbag.py:540} INFO - Filling up the DagBag from /Library/Frameworks/Python.framework/Versions/3.10/lib/python3.10/site-packages/airflow/example_dags/tutorial_taskflow_api_virtualenv.py
[2024-05-06T08:35:37.387+0700] {processor.py:840} INFO - DAG(s) 'tutorial_taskflow_api_virtualenv' retrieved from /Library/Frameworks/Python.framework/Versions/3.10/lib/python3.10/site-packages/airflow/example_dags/tutorial_taskflow_api_virtualenv.py
[2024-05-06T08:35:37.548+0700] {logging_mixin.py:188} INFO - [2024-05-06T08:35:37.548+0700] {dag.py:3096} INFO - Sync 1 DAGs
[2024-05-06T08:35:37.553+0700] {logging_mixin.py:188} INFO - [2024-05-06T08:35:37.553+0700] {dag.py:3954} INFO - Setting next_dagrun for tutorial_taskflow_api_virtualenv to None, run_after=None
[2024-05-06T08:35:37.565+0700] {processor.py:183} INFO - Processing /Library/Frameworks/Python.framework/Versions/3.10/lib/python3.10/site-packages/airflow/example_dags/tutorial_taskflow_api_virtualenv.py took 0.211 seconds
[2024-05-06T08:43:59.883+0700] {processor.py:161} INFO - Started process (PID=76512) to work on /Library/Frameworks/Python.framework/Versions/3.10/lib/python3.10/site-packages/airflow/example_dags/tutorial_taskflow_api_virtualenv.py
[2024-05-06T08:43:59.884+0700] {processor.py:830} INFO - Processing file /Library/Frameworks/Python.framework/Versions/3.10/lib/python3.10/site-packages/airflow/example_dags/tutorial_taskflow_api_virtualenv.py for tasks to queue
[2024-05-06T08:43:59.885+0700] {logging_mixin.py:188} INFO - [2024-05-06T08:43:59.885+0700] {dagbag.py:540} INFO - Filling up the DagBag from /Library/Frameworks/Python.framework/Versions/3.10/lib/python3.10/site-packages/airflow/example_dags/tutorial_taskflow_api_virtualenv.py
[2024-05-06T08:43:59.911+0700] {processor.py:840} INFO - DAG(s) 'tutorial_taskflow_api_virtualenv' retrieved from /Library/Frameworks/Python.framework/Versions/3.10/lib/python3.10/site-packages/airflow/example_dags/tutorial_taskflow_api_virtualenv.py
[2024-05-06T08:44:00.067+0700] {logging_mixin.py:188} INFO - [2024-05-06T08:44:00.067+0700] {dag.py:3096} INFO - Sync 1 DAGs
[2024-05-06T08:44:00.073+0700] {logging_mixin.py:188} INFO - [2024-05-06T08:44:00.072+0700] {dag.py:3954} INFO - Setting next_dagrun for tutorial_taskflow_api_virtualenv to None, run_after=None
[2024-05-06T08:44:00.084+0700] {processor.py:183} INFO - Processing /Library/Frameworks/Python.framework/Versions/3.10/lib/python3.10/site-packages/airflow/example_dags/tutorial_taskflow_api_virtualenv.py took 0.203 seconds
[2024-05-06T09:01:41.939+0700] {processor.py:161} INFO - Started process (PID=76907) to work on /Library/Frameworks/Python.framework/Versions/3.10/lib/python3.10/site-packages/airflow/example_dags/tutorial_taskflow_api_virtualenv.py
[2024-05-06T09:01:41.940+0700] {processor.py:830} INFO - Processing file /Library/Frameworks/Python.framework/Versions/3.10/lib/python3.10/site-packages/airflow/example_dags/tutorial_taskflow_api_virtualenv.py for tasks to queue
[2024-05-06T09:01:41.940+0700] {logging_mixin.py:188} INFO - [2024-05-06T09:01:41.940+0700] {dagbag.py:540} INFO - Filling up the DagBag from /Library/Frameworks/Python.framework/Versions/3.10/lib/python3.10/site-packages/airflow/example_dags/tutorial_taskflow_api_virtualenv.py
[2024-05-06T09:01:41.963+0700] {processor.py:840} INFO - DAG(s) 'tutorial_taskflow_api_virtualenv' retrieved from /Library/Frameworks/Python.framework/Versions/3.10/lib/python3.10/site-packages/airflow/example_dags/tutorial_taskflow_api_virtualenv.py
[2024-05-06T09:01:42.116+0700] {logging_mixin.py:188} INFO - [2024-05-06T09:01:42.116+0700] {dag.py:3096} INFO - Sync 1 DAGs
[2024-05-06T09:01:42.121+0700] {logging_mixin.py:188} INFO - [2024-05-06T09:01:42.121+0700] {dag.py:3954} INFO - Setting next_dagrun for tutorial_taskflow_api_virtualenv to None, run_after=None
[2024-05-06T09:01:42.133+0700] {processor.py:183} INFO - Processing /Library/Frameworks/Python.framework/Versions/3.10/lib/python3.10/site-packages/airflow/example_dags/tutorial_taskflow_api_virtualenv.py took 0.196 seconds
[2024-05-06T09:02:58.624+0700] {processor.py:161} INFO - Started process (PID=77256) to work on /Library/Frameworks/Python.framework/Versions/3.10/lib/python3.10/site-packages/airflow/example_dags/tutorial_taskflow_api_virtualenv.py
[2024-05-06T09:02:58.625+0700] {processor.py:830} INFO - Processing file /Library/Frameworks/Python.framework/Versions/3.10/lib/python3.10/site-packages/airflow/example_dags/tutorial_taskflow_api_virtualenv.py for tasks to queue
[2024-05-06T09:02:58.626+0700] {logging_mixin.py:188} INFO - [2024-05-06T09:02:58.626+0700] {dagbag.py:540} INFO - Filling up the DagBag from /Library/Frameworks/Python.framework/Versions/3.10/lib/python3.10/site-packages/airflow/example_dags/tutorial_taskflow_api_virtualenv.py
[2024-05-06T09:02:58.655+0700] {processor.py:840} INFO - DAG(s) 'tutorial_taskflow_api_virtualenv' retrieved from /Library/Frameworks/Python.framework/Versions/3.10/lib/python3.10/site-packages/airflow/example_dags/tutorial_taskflow_api_virtualenv.py
[2024-05-06T09:02:58.814+0700] {logging_mixin.py:188} INFO - [2024-05-06T09:02:58.814+0700] {dag.py:3096} INFO - Sync 1 DAGs
[2024-05-06T09:02:58.819+0700] {logging_mixin.py:188} INFO - [2024-05-06T09:02:58.819+0700] {dag.py:3954} INFO - Setting next_dagrun for tutorial_taskflow_api_virtualenv to None, run_after=None
[2024-05-06T09:02:58.831+0700] {processor.py:183} INFO - Processing /Library/Frameworks/Python.framework/Versions/3.10/lib/python3.10/site-packages/airflow/example_dags/tutorial_taskflow_api_virtualenv.py took 0.208 seconds
[2024-05-06T09:36:44.968+0700] {processor.py:161} INFO - Started process (PID=77662) to work on /Library/Frameworks/Python.framework/Versions/3.10/lib/python3.10/site-packages/airflow/example_dags/tutorial_taskflow_api_virtualenv.py
[2024-05-06T09:36:44.969+0700] {processor.py:830} INFO - Processing file /Library/Frameworks/Python.framework/Versions/3.10/lib/python3.10/site-packages/airflow/example_dags/tutorial_taskflow_api_virtualenv.py for tasks to queue
[2024-05-06T09:36:44.970+0700] {logging_mixin.py:188} INFO - [2024-05-06T09:36:44.970+0700] {dagbag.py:540} INFO - Filling up the DagBag from /Library/Frameworks/Python.framework/Versions/3.10/lib/python3.10/site-packages/airflow/example_dags/tutorial_taskflow_api_virtualenv.py
[2024-05-06T09:36:44.999+0700] {processor.py:840} INFO - DAG(s) 'tutorial_taskflow_api_virtualenv' retrieved from /Library/Frameworks/Python.framework/Versions/3.10/lib/python3.10/site-packages/airflow/example_dags/tutorial_taskflow_api_virtualenv.py
[2024-05-06T09:36:45.164+0700] {logging_mixin.py:188} INFO - [2024-05-06T09:36:45.164+0700] {dag.py:3096} INFO - Sync 1 DAGs
[2024-05-06T09:36:45.169+0700] {logging_mixin.py:188} INFO - [2024-05-06T09:36:45.169+0700] {dag.py:3954} INFO - Setting next_dagrun for tutorial_taskflow_api_virtualenv to None, run_after=None
[2024-05-06T09:36:45.180+0700] {processor.py:183} INFO - Processing /Library/Frameworks/Python.framework/Versions/3.10/lib/python3.10/site-packages/airflow/example_dags/tutorial_taskflow_api_virtualenv.py took 0.214 seconds
[2024-05-06T09:38:29.863+0700] {processor.py:161} INFO - Started process (PID=78143) to work on /Library/Frameworks/Python.framework/Versions/3.10/lib/python3.10/site-packages/airflow/example_dags/tutorial_taskflow_api_virtualenv.py
[2024-05-06T09:38:29.864+0700] {processor.py:830} INFO - Processing file /Library/Frameworks/Python.framework/Versions/3.10/lib/python3.10/site-packages/airflow/example_dags/tutorial_taskflow_api_virtualenv.py for tasks to queue
[2024-05-06T09:38:29.864+0700] {logging_mixin.py:188} INFO - [2024-05-06T09:38:29.864+0700] {dagbag.py:540} INFO - Filling up the DagBag from /Library/Frameworks/Python.framework/Versions/3.10/lib/python3.10/site-packages/airflow/example_dags/tutorial_taskflow_api_virtualenv.py
[2024-05-06T09:38:29.890+0700] {processor.py:840} INFO - DAG(s) 'tutorial_taskflow_api_virtualenv' retrieved from /Library/Frameworks/Python.framework/Versions/3.10/lib/python3.10/site-packages/airflow/example_dags/tutorial_taskflow_api_virtualenv.py
[2024-05-06T09:38:30.045+0700] {logging_mixin.py:188} INFO - [2024-05-06T09:38:30.045+0700] {dag.py:3096} INFO - Sync 1 DAGs
[2024-05-06T09:38:30.051+0700] {logging_mixin.py:188} INFO - [2024-05-06T09:38:30.051+0700] {dag.py:3954} INFO - Setting next_dagrun for tutorial_taskflow_api_virtualenv to None, run_after=None
[2024-05-06T09:38:30.063+0700] {processor.py:183} INFO - Processing /Library/Frameworks/Python.framework/Versions/3.10/lib/python3.10/site-packages/airflow/example_dags/tutorial_taskflow_api_virtualenv.py took 0.203 seconds
[2024-05-06T09:55:03.447+0700] {processor.py:161} INFO - Started process (PID=78505) to work on /Library/Frameworks/Python.framework/Versions/3.10/lib/python3.10/site-packages/airflow/example_dags/tutorial_taskflow_api_virtualenv.py
[2024-05-06T09:55:03.448+0700] {processor.py:830} INFO - Processing file /Library/Frameworks/Python.framework/Versions/3.10/lib/python3.10/site-packages/airflow/example_dags/tutorial_taskflow_api_virtualenv.py for tasks to queue
[2024-05-06T09:55:03.449+0700] {logging_mixin.py:188} INFO - [2024-05-06T09:55:03.449+0700] {dagbag.py:540} INFO - Filling up the DagBag from /Library/Frameworks/Python.framework/Versions/3.10/lib/python3.10/site-packages/airflow/example_dags/tutorial_taskflow_api_virtualenv.py
[2024-05-06T09:55:03.480+0700] {processor.py:840} INFO - DAG(s) 'tutorial_taskflow_api_virtualenv' retrieved from /Library/Frameworks/Python.framework/Versions/3.10/lib/python3.10/site-packages/airflow/example_dags/tutorial_taskflow_api_virtualenv.py
[2024-05-06T09:55:03.640+0700] {logging_mixin.py:188} INFO - [2024-05-06T09:55:03.640+0700] {dag.py:3096} INFO - Sync 1 DAGs
[2024-05-06T09:55:03.645+0700] {logging_mixin.py:188} INFO - [2024-05-06T09:55:03.645+0700] {dag.py:3954} INFO - Setting next_dagrun for tutorial_taskflow_api_virtualenv to None, run_after=None
[2024-05-06T09:55:03.657+0700] {processor.py:183} INFO - Processing /Library/Frameworks/Python.framework/Versions/3.10/lib/python3.10/site-packages/airflow/example_dags/tutorial_taskflow_api_virtualenv.py took 0.212 seconds
[2024-05-06T09:56:27.959+0700] {processor.py:161} INFO - Started process (PID=78888) to work on /Library/Frameworks/Python.framework/Versions/3.10/lib/python3.10/site-packages/airflow/example_dags/tutorial_taskflow_api_virtualenv.py
[2024-05-06T09:56:27.960+0700] {processor.py:830} INFO - Processing file /Library/Frameworks/Python.framework/Versions/3.10/lib/python3.10/site-packages/airflow/example_dags/tutorial_taskflow_api_virtualenv.py for tasks to queue
[2024-05-06T09:56:27.960+0700] {logging_mixin.py:188} INFO - [2024-05-06T09:56:27.960+0700] {dagbag.py:540} INFO - Filling up the DagBag from /Library/Frameworks/Python.framework/Versions/3.10/lib/python3.10/site-packages/airflow/example_dags/tutorial_taskflow_api_virtualenv.py
[2024-05-06T09:56:27.986+0700] {processor.py:840} INFO - DAG(s) 'tutorial_taskflow_api_virtualenv' retrieved from /Library/Frameworks/Python.framework/Versions/3.10/lib/python3.10/site-packages/airflow/example_dags/tutorial_taskflow_api_virtualenv.py
[2024-05-06T09:56:28.142+0700] {logging_mixin.py:188} INFO - [2024-05-06T09:56:28.141+0700] {dag.py:3096} INFO - Sync 1 DAGs
[2024-05-06T09:56:28.147+0700] {logging_mixin.py:188} INFO - [2024-05-06T09:56:28.147+0700] {dag.py:3954} INFO - Setting next_dagrun for tutorial_taskflow_api_virtualenv to None, run_after=None
[2024-05-06T09:56:28.158+0700] {processor.py:183} INFO - Processing /Library/Frameworks/Python.framework/Versions/3.10/lib/python3.10/site-packages/airflow/example_dags/tutorial_taskflow_api_virtualenv.py took 0.202 seconds
[2024-05-06T10:29:56.779+0700] {processor.py:161} INFO - Started process (PID=79279) to work on /Library/Frameworks/Python.framework/Versions/3.10/lib/python3.10/site-packages/airflow/example_dags/tutorial_taskflow_api_virtualenv.py
[2024-05-06T10:29:56.781+0700] {processor.py:830} INFO - Processing file /Library/Frameworks/Python.framework/Versions/3.10/lib/python3.10/site-packages/airflow/example_dags/tutorial_taskflow_api_virtualenv.py for tasks to queue
[2024-05-06T10:29:56.781+0700] {logging_mixin.py:188} INFO - [2024-05-06T10:29:56.781+0700] {dagbag.py:540} INFO - Filling up the DagBag from /Library/Frameworks/Python.framework/Versions/3.10/lib/python3.10/site-packages/airflow/example_dags/tutorial_taskflow_api_virtualenv.py
[2024-05-06T10:29:56.810+0700] {processor.py:840} INFO - DAG(s) 'tutorial_taskflow_api_virtualenv' retrieved from /Library/Frameworks/Python.framework/Versions/3.10/lib/python3.10/site-packages/airflow/example_dags/tutorial_taskflow_api_virtualenv.py
[2024-05-06T10:29:56.972+0700] {logging_mixin.py:188} INFO - [2024-05-06T10:29:56.971+0700] {dag.py:3096} INFO - Sync 1 DAGs
[2024-05-06T10:29:56.977+0700] {logging_mixin.py:188} INFO - [2024-05-06T10:29:56.977+0700] {dag.py:3954} INFO - Setting next_dagrun for tutorial_taskflow_api_virtualenv to None, run_after=None
[2024-05-06T10:29:56.992+0700] {processor.py:183} INFO - Processing /Library/Frameworks/Python.framework/Versions/3.10/lib/python3.10/site-packages/airflow/example_dags/tutorial_taskflow_api_virtualenv.py took 0.215 seconds
[2024-05-06T10:38:11.585+0700] {processor.py:161} INFO - Started process (PID=79647) to work on /Library/Frameworks/Python.framework/Versions/3.10/lib/python3.10/site-packages/airflow/example_dags/tutorial_taskflow_api_virtualenv.py
[2024-05-06T10:38:11.587+0700] {processor.py:830} INFO - Processing file /Library/Frameworks/Python.framework/Versions/3.10/lib/python3.10/site-packages/airflow/example_dags/tutorial_taskflow_api_virtualenv.py for tasks to queue
[2024-05-06T10:38:11.587+0700] {logging_mixin.py:188} INFO - [2024-05-06T10:38:11.587+0700] {dagbag.py:540} INFO - Filling up the DagBag from /Library/Frameworks/Python.framework/Versions/3.10/lib/python3.10/site-packages/airflow/example_dags/tutorial_taskflow_api_virtualenv.py
[2024-05-06T10:38:11.613+0700] {processor.py:840} INFO - DAG(s) 'tutorial_taskflow_api_virtualenv' retrieved from /Library/Frameworks/Python.framework/Versions/3.10/lib/python3.10/site-packages/airflow/example_dags/tutorial_taskflow_api_virtualenv.py
[2024-05-06T10:38:11.766+0700] {logging_mixin.py:188} INFO - [2024-05-06T10:38:11.765+0700] {dag.py:3096} INFO - Sync 1 DAGs
[2024-05-06T10:38:11.771+0700] {logging_mixin.py:188} INFO - [2024-05-06T10:38:11.771+0700] {dag.py:3954} INFO - Setting next_dagrun for tutorial_taskflow_api_virtualenv to None, run_after=None
[2024-05-06T10:38:11.782+0700] {processor.py:183} INFO - Processing /Library/Frameworks/Python.framework/Versions/3.10/lib/python3.10/site-packages/airflow/example_dags/tutorial_taskflow_api_virtualenv.py took 0.198 seconds
[2024-05-06T10:39:29.746+0700] {processor.py:161} INFO - Started process (PID=80015) to work on /Library/Frameworks/Python.framework/Versions/3.10/lib/python3.10/site-packages/airflow/example_dags/tutorial_taskflow_api_virtualenv.py
[2024-05-06T10:39:29.747+0700] {processor.py:830} INFO - Processing file /Library/Frameworks/Python.framework/Versions/3.10/lib/python3.10/site-packages/airflow/example_dags/tutorial_taskflow_api_virtualenv.py for tasks to queue
[2024-05-06T10:39:29.747+0700] {logging_mixin.py:188} INFO - [2024-05-06T10:39:29.747+0700] {dagbag.py:540} INFO - Filling up the DagBag from /Library/Frameworks/Python.framework/Versions/3.10/lib/python3.10/site-packages/airflow/example_dags/tutorial_taskflow_api_virtualenv.py
[2024-05-06T10:39:29.778+0700] {processor.py:840} INFO - DAG(s) 'tutorial_taskflow_api_virtualenv' retrieved from /Library/Frameworks/Python.framework/Versions/3.10/lib/python3.10/site-packages/airflow/example_dags/tutorial_taskflow_api_virtualenv.py
[2024-05-06T10:39:29.945+0700] {logging_mixin.py:188} INFO - [2024-05-06T10:39:29.944+0700] {dag.py:3096} INFO - Sync 1 DAGs
[2024-05-06T10:39:29.950+0700] {logging_mixin.py:188} INFO - [2024-05-06T10:39:29.950+0700] {dag.py:3954} INFO - Setting next_dagrun for tutorial_taskflow_api_virtualenv to None, run_after=None
[2024-05-06T10:39:29.962+0700] {processor.py:183} INFO - Processing /Library/Frameworks/Python.framework/Versions/3.10/lib/python3.10/site-packages/airflow/example_dags/tutorial_taskflow_api_virtualenv.py took 0.217 seconds
[2024-05-06T10:58:13.012+0700] {processor.py:161} INFO - Started process (PID=80503) to work on /Library/Frameworks/Python.framework/Versions/3.10/lib/python3.10/site-packages/airflow/example_dags/tutorial_taskflow_api_virtualenv.py
[2024-05-06T10:58:13.013+0700] {processor.py:830} INFO - Processing file /Library/Frameworks/Python.framework/Versions/3.10/lib/python3.10/site-packages/airflow/example_dags/tutorial_taskflow_api_virtualenv.py for tasks to queue
[2024-05-06T10:58:13.013+0700] {logging_mixin.py:188} INFO - [2024-05-06T10:58:13.013+0700] {dagbag.py:540} INFO - Filling up the DagBag from /Library/Frameworks/Python.framework/Versions/3.10/lib/python3.10/site-packages/airflow/example_dags/tutorial_taskflow_api_virtualenv.py
[2024-05-06T10:58:13.043+0700] {processor.py:840} INFO - DAG(s) 'tutorial_taskflow_api_virtualenv' retrieved from /Library/Frameworks/Python.framework/Versions/3.10/lib/python3.10/site-packages/airflow/example_dags/tutorial_taskflow_api_virtualenv.py
[2024-05-06T10:58:13.208+0700] {logging_mixin.py:188} INFO - [2024-05-06T10:58:13.208+0700] {dag.py:3096} INFO - Sync 1 DAGs
[2024-05-06T10:58:13.214+0700] {logging_mixin.py:188} INFO - [2024-05-06T10:58:13.213+0700] {dag.py:3954} INFO - Setting next_dagrun for tutorial_taskflow_api_virtualenv to None, run_after=None
[2024-05-06T10:58:13.225+0700] {processor.py:183} INFO - Processing /Library/Frameworks/Python.framework/Versions/3.10/lib/python3.10/site-packages/airflow/example_dags/tutorial_taskflow_api_virtualenv.py took 0.215 seconds
[2024-05-06T10:59:37.247+0700] {processor.py:161} INFO - Started process (PID=80884) to work on /Library/Frameworks/Python.framework/Versions/3.10/lib/python3.10/site-packages/airflow/example_dags/tutorial_taskflow_api_virtualenv.py
[2024-05-06T10:59:37.248+0700] {processor.py:830} INFO - Processing file /Library/Frameworks/Python.framework/Versions/3.10/lib/python3.10/site-packages/airflow/example_dags/tutorial_taskflow_api_virtualenv.py for tasks to queue
[2024-05-06T10:59:37.249+0700] {logging_mixin.py:188} INFO - [2024-05-06T10:59:37.249+0700] {dagbag.py:540} INFO - Filling up the DagBag from /Library/Frameworks/Python.framework/Versions/3.10/lib/python3.10/site-packages/airflow/example_dags/tutorial_taskflow_api_virtualenv.py
[2024-05-06T10:59:37.281+0700] {processor.py:840} INFO - DAG(s) 'tutorial_taskflow_api_virtualenv' retrieved from /Library/Frameworks/Python.framework/Versions/3.10/lib/python3.10/site-packages/airflow/example_dags/tutorial_taskflow_api_virtualenv.py
[2024-05-06T10:59:37.456+0700] {logging_mixin.py:188} INFO - [2024-05-06T10:59:37.456+0700] {dag.py:3096} INFO - Sync 1 DAGs
[2024-05-06T10:59:37.461+0700] {logging_mixin.py:188} INFO - [2024-05-06T10:59:37.461+0700] {dag.py:3954} INFO - Setting next_dagrun for tutorial_taskflow_api_virtualenv to None, run_after=None
[2024-05-06T10:59:37.473+0700] {processor.py:183} INFO - Processing /Library/Frameworks/Python.framework/Versions/3.10/lib/python3.10/site-packages/airflow/example_dags/tutorial_taskflow_api_virtualenv.py took 0.228 seconds
[2024-05-06T11:00:57.346+0700] {processor.py:161} INFO - Started process (PID=81266) to work on /Library/Frameworks/Python.framework/Versions/3.10/lib/python3.10/site-packages/airflow/example_dags/tutorial_taskflow_api_virtualenv.py
[2024-05-06T11:00:57.347+0700] {processor.py:830} INFO - Processing file /Library/Frameworks/Python.framework/Versions/3.10/lib/python3.10/site-packages/airflow/example_dags/tutorial_taskflow_api_virtualenv.py for tasks to queue
[2024-05-06T11:00:57.347+0700] {logging_mixin.py:188} INFO - [2024-05-06T11:00:57.347+0700] {dagbag.py:540} INFO - Filling up the DagBag from /Library/Frameworks/Python.framework/Versions/3.10/lib/python3.10/site-packages/airflow/example_dags/tutorial_taskflow_api_virtualenv.py
[2024-05-06T11:00:57.378+0700] {processor.py:840} INFO - DAG(s) 'tutorial_taskflow_api_virtualenv' retrieved from /Library/Frameworks/Python.framework/Versions/3.10/lib/python3.10/site-packages/airflow/example_dags/tutorial_taskflow_api_virtualenv.py
[2024-05-06T11:00:57.544+0700] {logging_mixin.py:188} INFO - [2024-05-06T11:00:57.544+0700] {dag.py:3096} INFO - Sync 1 DAGs
[2024-05-06T11:00:57.549+0700] {logging_mixin.py:188} INFO - [2024-05-06T11:00:57.549+0700] {dag.py:3954} INFO - Setting next_dagrun for tutorial_taskflow_api_virtualenv to None, run_after=None
[2024-05-06T11:00:57.561+0700] {processor.py:183} INFO - Processing /Library/Frameworks/Python.framework/Versions/3.10/lib/python3.10/site-packages/airflow/example_dags/tutorial_taskflow_api_virtualenv.py took 0.217 seconds
[2024-05-06T20:08:54.736+0700] {processor.py:161} INFO - Started process (PID=99339) to work on /opt/homebrew/Caskroom/miniconda/base/lib/python3.11/site-packages/airflow/example_dags/tutorial_taskflow_api_virtualenv.py
[2024-05-06T20:08:54.737+0700] {processor.py:830} INFO - Processing file /opt/homebrew/Caskroom/miniconda/base/lib/python3.11/site-packages/airflow/example_dags/tutorial_taskflow_api_virtualenv.py for tasks to queue
[2024-05-06T20:08:54.737+0700] {logging_mixin.py:188} INFO - [2024-05-06T20:08:54.737+0700] {dagbag.py:540} INFO - Filling up the DagBag from /opt/homebrew/Caskroom/miniconda/base/lib/python3.11/site-packages/airflow/example_dags/tutorial_taskflow_api_virtualenv.py
[2024-05-06T20:08:54.764+0700] {processor.py:840} INFO - DAG(s) 'tutorial_taskflow_api_virtualenv' retrieved from /opt/homebrew/Caskroom/miniconda/base/lib/python3.11/site-packages/airflow/example_dags/tutorial_taskflow_api_virtualenv.py
[2024-05-06T20:08:54.778+0700] {logging_mixin.py:188} INFO - [2024-05-06T20:08:54.778+0700] {dag.py:3096} INFO - Sync 1 DAGs
[2024-05-06T20:08:54.823+0700] {logging_mixin.py:188} INFO - [2024-05-06T20:08:54.823+0700] {dag.py:3954} INFO - Setting next_dagrun for tutorial_taskflow_api_virtualenv to None, run_after=None
[2024-05-06T20:08:54.834+0700] {processor.py:183} INFO - Processing /opt/homebrew/Caskroom/miniconda/base/lib/python3.11/site-packages/airflow/example_dags/tutorial_taskflow_api_virtualenv.py took 0.099 seconds
[2024-05-06T20:11:54.580+0700] {processor.py:161} INFO - Started process (PID=564) to work on /opt/homebrew/Caskroom/miniconda/base/lib/python3.11/site-packages/airflow/example_dags/tutorial_taskflow_api_virtualenv.py
[2024-05-06T20:11:54.581+0700] {processor.py:830} INFO - Processing file /opt/homebrew/Caskroom/miniconda/base/lib/python3.11/site-packages/airflow/example_dags/tutorial_taskflow_api_virtualenv.py for tasks to queue
[2024-05-06T20:11:54.581+0700] {logging_mixin.py:188} INFO - [2024-05-06T20:11:54.581+0700] {dagbag.py:540} INFO - Filling up the DagBag from /opt/homebrew/Caskroom/miniconda/base/lib/python3.11/site-packages/airflow/example_dags/tutorial_taskflow_api_virtualenv.py
[2024-05-06T20:11:54.609+0700] {processor.py:840} INFO - DAG(s) 'tutorial_taskflow_api_virtualenv' retrieved from /opt/homebrew/Caskroom/miniconda/base/lib/python3.11/site-packages/airflow/example_dags/tutorial_taskflow_api_virtualenv.py
[2024-05-06T20:11:54.627+0700] {logging_mixin.py:188} INFO - [2024-05-06T20:11:54.627+0700] {dag.py:3096} INFO - Sync 1 DAGs
[2024-05-06T20:11:54.672+0700] {logging_mixin.py:188} INFO - [2024-05-06T20:11:54.671+0700] {dag.py:3954} INFO - Setting next_dagrun for tutorial_taskflow_api_virtualenv to None, run_after=None
[2024-05-06T20:11:54.682+0700] {processor.py:183} INFO - Processing /opt/homebrew/Caskroom/miniconda/base/lib/python3.11/site-packages/airflow/example_dags/tutorial_taskflow_api_virtualenv.py took 0.104 seconds
[2024-05-06T20:13:56.759+0700] {processor.py:161} INFO - Started process (PID=1260) to work on /opt/homebrew/Caskroom/miniconda/base/lib/python3.11/site-packages/airflow/example_dags/tutorial_taskflow_api_virtualenv.py
[2024-05-06T20:13:56.760+0700] {processor.py:830} INFO - Processing file /opt/homebrew/Caskroom/miniconda/base/lib/python3.11/site-packages/airflow/example_dags/tutorial_taskflow_api_virtualenv.py for tasks to queue
[2024-05-06T20:13:56.760+0700] {logging_mixin.py:188} INFO - [2024-05-06T20:13:56.760+0700] {dagbag.py:540} INFO - Filling up the DagBag from /opt/homebrew/Caskroom/miniconda/base/lib/python3.11/site-packages/airflow/example_dags/tutorial_taskflow_api_virtualenv.py
[2024-05-06T20:13:56.792+0700] {processor.py:840} INFO - DAG(s) 'tutorial_taskflow_api_virtualenv' retrieved from /opt/homebrew/Caskroom/miniconda/base/lib/python3.11/site-packages/airflow/example_dags/tutorial_taskflow_api_virtualenv.py
[2024-05-06T20:13:56.812+0700] {logging_mixin.py:188} INFO - [2024-05-06T20:13:56.812+0700] {dag.py:3096} INFO - Sync 1 DAGs
[2024-05-06T20:13:56.857+0700] {logging_mixin.py:188} INFO - [2024-05-06T20:13:56.857+0700] {dag.py:3954} INFO - Setting next_dagrun for tutorial_taskflow_api_virtualenv to None, run_after=None
[2024-05-06T20:13:56.870+0700] {processor.py:183} INFO - Processing /opt/homebrew/Caskroom/miniconda/base/lib/python3.11/site-packages/airflow/example_dags/tutorial_taskflow_api_virtualenv.py took 0.114 seconds
[2024-05-06T20:15:51.581+0700] {processor.py:161} INFO - Started process (PID=1920) to work on /opt/homebrew/Caskroom/miniconda/base/lib/python3.11/site-packages/airflow/example_dags/tutorial_taskflow_api_virtualenv.py
[2024-05-06T20:15:51.583+0700] {processor.py:830} INFO - Processing file /opt/homebrew/Caskroom/miniconda/base/lib/python3.11/site-packages/airflow/example_dags/tutorial_taskflow_api_virtualenv.py for tasks to queue
[2024-05-06T20:15:51.585+0700] {logging_mixin.py:188} INFO - [2024-05-06T20:15:51.584+0700] {dagbag.py:540} INFO - Filling up the DagBag from /opt/homebrew/Caskroom/miniconda/base/lib/python3.11/site-packages/airflow/example_dags/tutorial_taskflow_api_virtualenv.py
[2024-05-06T20:15:51.651+0700] {processor.py:840} INFO - DAG(s) 'tutorial_taskflow_api_virtualenv' retrieved from /opt/homebrew/Caskroom/miniconda/base/lib/python3.11/site-packages/airflow/example_dags/tutorial_taskflow_api_virtualenv.py
[2024-05-06T20:15:51.913+0700] {logging_mixin.py:188} INFO - [2024-05-06T20:15:51.913+0700] {dag.py:3096} INFO - Sync 1 DAGs
[2024-05-06T20:15:51.920+0700] {logging_mixin.py:188} INFO - [2024-05-06T20:15:51.920+0700] {dag.py:3954} INFO - Setting next_dagrun for tutorial_taskflow_api_virtualenv to None, run_after=None
[2024-05-06T20:15:51.940+0700] {processor.py:183} INFO - Processing /opt/homebrew/Caskroom/miniconda/base/lib/python3.11/site-packages/airflow/example_dags/tutorial_taskflow_api_virtualenv.py took 0.367 seconds
[2024-05-06T20:17:23.675+0700] {processor.py:161} INFO - Started process (PID=2408) to work on /opt/homebrew/Caskroom/miniconda/base/lib/python3.11/site-packages/airflow/example_dags/tutorial_taskflow_api_virtualenv.py
[2024-05-06T20:17:23.676+0700] {processor.py:830} INFO - Processing file /opt/homebrew/Caskroom/miniconda/base/lib/python3.11/site-packages/airflow/example_dags/tutorial_taskflow_api_virtualenv.py for tasks to queue
[2024-05-06T20:17:23.676+0700] {logging_mixin.py:188} INFO - [2024-05-06T20:17:23.676+0700] {dagbag.py:540} INFO - Filling up the DagBag from /opt/homebrew/Caskroom/miniconda/base/lib/python3.11/site-packages/airflow/example_dags/tutorial_taskflow_api_virtualenv.py
[2024-05-06T20:17:23.708+0700] {processor.py:840} INFO - DAG(s) 'tutorial_taskflow_api_virtualenv' retrieved from /opt/homebrew/Caskroom/miniconda/base/lib/python3.11/site-packages/airflow/example_dags/tutorial_taskflow_api_virtualenv.py
[2024-05-06T20:17:23.881+0700] {logging_mixin.py:188} INFO - [2024-05-06T20:17:23.881+0700] {dag.py:3096} INFO - Sync 1 DAGs
[2024-05-06T20:17:23.886+0700] {logging_mixin.py:188} INFO - [2024-05-06T20:17:23.886+0700] {dag.py:3954} INFO - Setting next_dagrun for tutorial_taskflow_api_virtualenv to None, run_after=None
[2024-05-06T20:17:23.897+0700] {processor.py:183} INFO - Processing /opt/homebrew/Caskroom/miniconda/base/lib/python3.11/site-packages/airflow/example_dags/tutorial_taskflow_api_virtualenv.py took 0.223 seconds
[2024-05-06T20:18:58.216+0700] {processor.py:161} INFO - Started process (PID=2872) to work on /opt/homebrew/Caskroom/miniconda/base/lib/python3.11/site-packages/airflow/example_dags/tutorial_taskflow_api_virtualenv.py
[2024-05-06T20:18:58.217+0700] {processor.py:830} INFO - Processing file /opt/homebrew/Caskroom/miniconda/base/lib/python3.11/site-packages/airflow/example_dags/tutorial_taskflow_api_virtualenv.py for tasks to queue
[2024-05-06T20:18:58.217+0700] {logging_mixin.py:188} INFO - [2024-05-06T20:18:58.217+0700] {dagbag.py:540} INFO - Filling up the DagBag from /opt/homebrew/Caskroom/miniconda/base/lib/python3.11/site-packages/airflow/example_dags/tutorial_taskflow_api_virtualenv.py
[2024-05-06T20:18:58.252+0700] {processor.py:840} INFO - DAG(s) 'tutorial_taskflow_api_virtualenv' retrieved from /opt/homebrew/Caskroom/miniconda/base/lib/python3.11/site-packages/airflow/example_dags/tutorial_taskflow_api_virtualenv.py
[2024-05-06T20:18:58.428+0700] {logging_mixin.py:188} INFO - [2024-05-06T20:18:58.428+0700] {dag.py:3096} INFO - Sync 1 DAGs
[2024-05-06T20:18:58.433+0700] {logging_mixin.py:188} INFO - [2024-05-06T20:18:58.433+0700] {dag.py:3954} INFO - Setting next_dagrun for tutorial_taskflow_api_virtualenv to None, run_after=None
[2024-05-06T20:18:58.445+0700] {processor.py:183} INFO - Processing /opt/homebrew/Caskroom/miniconda/base/lib/python3.11/site-packages/airflow/example_dags/tutorial_taskflow_api_virtualenv.py took 0.234 seconds
[2024-05-06T20:20:26.641+0700] {processor.py:161} INFO - Started process (PID=3462) to work on /opt/homebrew/Caskroom/miniconda/base/lib/python3.11/site-packages/airflow/example_dags/tutorial_taskflow_api_virtualenv.py
[2024-05-06T20:20:26.642+0700] {processor.py:830} INFO - Processing file /opt/homebrew/Caskroom/miniconda/base/lib/python3.11/site-packages/airflow/example_dags/tutorial_taskflow_api_virtualenv.py for tasks to queue
[2024-05-06T20:20:26.642+0700] {logging_mixin.py:188} INFO - [2024-05-06T20:20:26.642+0700] {dagbag.py:540} INFO - Filling up the DagBag from /opt/homebrew/Caskroom/miniconda/base/lib/python3.11/site-packages/airflow/example_dags/tutorial_taskflow_api_virtualenv.py
[2024-05-06T20:20:26.675+0700] {processor.py:840} INFO - DAG(s) 'tutorial_taskflow_api_virtualenv' retrieved from /opt/homebrew/Caskroom/miniconda/base/lib/python3.11/site-packages/airflow/example_dags/tutorial_taskflow_api_virtualenv.py
[2024-05-06T20:20:26.847+0700] {logging_mixin.py:188} INFO - [2024-05-06T20:20:26.847+0700] {dag.py:3096} INFO - Sync 1 DAGs
[2024-05-06T20:20:26.852+0700] {logging_mixin.py:188} INFO - [2024-05-06T20:20:26.852+0700] {dag.py:3954} INFO - Setting next_dagrun for tutorial_taskflow_api_virtualenv to None, run_after=None
[2024-05-06T20:20:26.863+0700] {processor.py:183} INFO - Processing /opt/homebrew/Caskroom/miniconda/base/lib/python3.11/site-packages/airflow/example_dags/tutorial_taskflow_api_virtualenv.py took 0.223 seconds
[2024-05-06T20:21:50.339+0700] {processor.py:161} INFO - Started process (PID=3859) to work on /opt/homebrew/Caskroom/miniconda/base/lib/python3.11/site-packages/airflow/example_dags/tutorial_taskflow_api_virtualenv.py
[2024-05-06T20:21:50.340+0700] {processor.py:830} INFO - Processing file /opt/homebrew/Caskroom/miniconda/base/lib/python3.11/site-packages/airflow/example_dags/tutorial_taskflow_api_virtualenv.py for tasks to queue
[2024-05-06T20:21:50.341+0700] {logging_mixin.py:188} INFO - [2024-05-06T20:21:50.341+0700] {dagbag.py:540} INFO - Filling up the DagBag from /opt/homebrew/Caskroom/miniconda/base/lib/python3.11/site-packages/airflow/example_dags/tutorial_taskflow_api_virtualenv.py
[2024-05-06T20:21:50.397+0700] {processor.py:840} INFO - DAG(s) 'tutorial_taskflow_api_virtualenv' retrieved from /opt/homebrew/Caskroom/miniconda/base/lib/python3.11/site-packages/airflow/example_dags/tutorial_taskflow_api_virtualenv.py
[2024-05-06T20:21:50.706+0700] {logging_mixin.py:188} INFO - [2024-05-06T20:21:50.704+0700] {dag.py:3096} INFO - Sync 1 DAGs
[2024-05-06T20:21:50.723+0700] {logging_mixin.py:188} INFO - [2024-05-06T20:21:50.723+0700] {dag.py:3954} INFO - Setting next_dagrun for tutorial_taskflow_api_virtualenv to None, run_after=None
[2024-05-06T20:21:50.754+0700] {processor.py:183} INFO - Processing /opt/homebrew/Caskroom/miniconda/base/lib/python3.11/site-packages/airflow/example_dags/tutorial_taskflow_api_virtualenv.py took 0.419 seconds
[2024-05-06T20:23:14.460+0700] {processor.py:161} INFO - Started process (PID=4330) to work on /opt/homebrew/Caskroom/miniconda/base/lib/python3.11/site-packages/airflow/example_dags/tutorial_taskflow_api_virtualenv.py
[2024-05-06T20:23:14.461+0700] {processor.py:830} INFO - Processing file /opt/homebrew/Caskroom/miniconda/base/lib/python3.11/site-packages/airflow/example_dags/tutorial_taskflow_api_virtualenv.py for tasks to queue
[2024-05-06T20:23:14.462+0700] {logging_mixin.py:188} INFO - [2024-05-06T20:23:14.461+0700] {dagbag.py:540} INFO - Filling up the DagBag from /opt/homebrew/Caskroom/miniconda/base/lib/python3.11/site-packages/airflow/example_dags/tutorial_taskflow_api_virtualenv.py
[2024-05-06T20:23:14.501+0700] {processor.py:840} INFO - DAG(s) 'tutorial_taskflow_api_virtualenv' retrieved from /opt/homebrew/Caskroom/miniconda/base/lib/python3.11/site-packages/airflow/example_dags/tutorial_taskflow_api_virtualenv.py
[2024-05-06T20:23:14.684+0700] {logging_mixin.py:188} INFO - [2024-05-06T20:23:14.684+0700] {dag.py:3096} INFO - Sync 1 DAGs
[2024-05-06T20:23:14.689+0700] {logging_mixin.py:188} INFO - [2024-05-06T20:23:14.689+0700] {dag.py:3954} INFO - Setting next_dagrun for tutorial_taskflow_api_virtualenv to None, run_after=None
[2024-05-06T20:23:14.701+0700] {processor.py:183} INFO - Processing /opt/homebrew/Caskroom/miniconda/base/lib/python3.11/site-packages/airflow/example_dags/tutorial_taskflow_api_virtualenv.py took 0.243 seconds
[2024-05-06T20:24:42.363+0700] {processor.py:161} INFO - Started process (PID=4749) to work on /opt/homebrew/Caskroom/miniconda/base/lib/python3.11/site-packages/airflow/example_dags/tutorial_taskflow_api_virtualenv.py
[2024-05-06T20:24:42.364+0700] {processor.py:830} INFO - Processing file /opt/homebrew/Caskroom/miniconda/base/lib/python3.11/site-packages/airflow/example_dags/tutorial_taskflow_api_virtualenv.py for tasks to queue
[2024-05-06T20:24:42.364+0700] {logging_mixin.py:188} INFO - [2024-05-06T20:24:42.364+0700] {dagbag.py:540} INFO - Filling up the DagBag from /opt/homebrew/Caskroom/miniconda/base/lib/python3.11/site-packages/airflow/example_dags/tutorial_taskflow_api_virtualenv.py
[2024-05-06T20:24:42.406+0700] {processor.py:840} INFO - DAG(s) 'tutorial_taskflow_api_virtualenv' retrieved from /opt/homebrew/Caskroom/miniconda/base/lib/python3.11/site-packages/airflow/example_dags/tutorial_taskflow_api_virtualenv.py
[2024-05-06T20:24:42.585+0700] {logging_mixin.py:188} INFO - [2024-05-06T20:24:42.585+0700] {dag.py:3096} INFO - Sync 1 DAGs
[2024-05-06T20:24:42.590+0700] {logging_mixin.py:188} INFO - [2024-05-06T20:24:42.590+0700] {dag.py:3954} INFO - Setting next_dagrun for tutorial_taskflow_api_virtualenv to None, run_after=None
[2024-05-06T20:24:42.601+0700] {processor.py:183} INFO - Processing /opt/homebrew/Caskroom/miniconda/base/lib/python3.11/site-packages/airflow/example_dags/tutorial_taskflow_api_virtualenv.py took 0.240 seconds
[2024-05-06T20:26:07.908+0700] {processor.py:161} INFO - Started process (PID=5148) to work on /opt/homebrew/Caskroom/miniconda/base/lib/python3.11/site-packages/airflow/example_dags/tutorial_taskflow_api_virtualenv.py
[2024-05-06T20:26:07.909+0700] {processor.py:830} INFO - Processing file /opt/homebrew/Caskroom/miniconda/base/lib/python3.11/site-packages/airflow/example_dags/tutorial_taskflow_api_virtualenv.py for tasks to queue
[2024-05-06T20:26:07.910+0700] {logging_mixin.py:188} INFO - [2024-05-06T20:26:07.910+0700] {dagbag.py:540} INFO - Filling up the DagBag from /opt/homebrew/Caskroom/miniconda/base/lib/python3.11/site-packages/airflow/example_dags/tutorial_taskflow_api_virtualenv.py
[2024-05-06T20:26:07.942+0700] {processor.py:840} INFO - DAG(s) 'tutorial_taskflow_api_virtualenv' retrieved from /opt/homebrew/Caskroom/miniconda/base/lib/python3.11/site-packages/airflow/example_dags/tutorial_taskflow_api_virtualenv.py
[2024-05-06T20:26:08.109+0700] {logging_mixin.py:188} INFO - [2024-05-06T20:26:08.108+0700] {dag.py:3096} INFO - Sync 1 DAGs
[2024-05-06T20:26:08.114+0700] {logging_mixin.py:188} INFO - [2024-05-06T20:26:08.114+0700] {dag.py:3954} INFO - Setting next_dagrun for tutorial_taskflow_api_virtualenv to None, run_after=None
[2024-05-06T20:26:08.125+0700] {processor.py:183} INFO - Processing /opt/homebrew/Caskroom/miniconda/base/lib/python3.11/site-packages/airflow/example_dags/tutorial_taskflow_api_virtualenv.py took 0.218 seconds
[2024-05-06T20:27:27.824+0700] {processor.py:161} INFO - Started process (PID=5584) to work on /opt/homebrew/Caskroom/miniconda/base/lib/python3.11/site-packages/airflow/example_dags/tutorial_taskflow_api_virtualenv.py
[2024-05-06T20:27:27.824+0700] {processor.py:830} INFO - Processing file /opt/homebrew/Caskroom/miniconda/base/lib/python3.11/site-packages/airflow/example_dags/tutorial_taskflow_api_virtualenv.py for tasks to queue
[2024-05-06T20:27:27.825+0700] {logging_mixin.py:188} INFO - [2024-05-06T20:27:27.825+0700] {dagbag.py:540} INFO - Filling up the DagBag from /opt/homebrew/Caskroom/miniconda/base/lib/python3.11/site-packages/airflow/example_dags/tutorial_taskflow_api_virtualenv.py
[2024-05-06T20:27:27.870+0700] {processor.py:840} INFO - DAG(s) 'tutorial_taskflow_api_virtualenv' retrieved from /opt/homebrew/Caskroom/miniconda/base/lib/python3.11/site-packages/airflow/example_dags/tutorial_taskflow_api_virtualenv.py
[2024-05-06T20:27:28.108+0700] {logging_mixin.py:188} INFO - [2024-05-06T20:27:28.108+0700] {dag.py:3096} INFO - Sync 1 DAGs
[2024-05-06T20:27:28.115+0700] {logging_mixin.py:188} INFO - [2024-05-06T20:27:28.115+0700] {dag.py:3954} INFO - Setting next_dagrun for tutorial_taskflow_api_virtualenv to None, run_after=None
[2024-05-06T20:27:28.130+0700] {processor.py:183} INFO - Processing /opt/homebrew/Caskroom/miniconda/base/lib/python3.11/site-packages/airflow/example_dags/tutorial_taskflow_api_virtualenv.py took 0.309 seconds
[2024-05-06T20:28:04.816+0700] {processor.py:161} INFO - Started process (PID=5763) to work on /opt/homebrew/Caskroom/miniconda/base/lib/python3.11/site-packages/airflow/example_dags/tutorial_taskflow_api_virtualenv.py
[2024-05-06T20:28:04.817+0700] {processor.py:830} INFO - Processing file /opt/homebrew/Caskroom/miniconda/base/lib/python3.11/site-packages/airflow/example_dags/tutorial_taskflow_api_virtualenv.py for tasks to queue
[2024-05-06T20:28:04.818+0700] {logging_mixin.py:188} INFO - [2024-05-06T20:28:04.817+0700] {dagbag.py:540} INFO - Filling up the DagBag from /opt/homebrew/Caskroom/miniconda/base/lib/python3.11/site-packages/airflow/example_dags/tutorial_taskflow_api_virtualenv.py
[2024-05-06T20:28:04.849+0700] {processor.py:840} INFO - DAG(s) 'tutorial_taskflow_api_virtualenv' retrieved from /opt/homebrew/Caskroom/miniconda/base/lib/python3.11/site-packages/airflow/example_dags/tutorial_taskflow_api_virtualenv.py
[2024-05-06T20:28:04.869+0700] {logging_mixin.py:188} INFO - [2024-05-06T20:28:04.868+0700] {dag.py:3096} INFO - Sync 1 DAGs
[2024-05-06T20:28:04.915+0700] {logging_mixin.py:188} INFO - [2024-05-06T20:28:04.914+0700] {dag.py:3954} INFO - Setting next_dagrun for tutorial_taskflow_api_virtualenv to None, run_after=None
[2024-05-06T20:28:04.927+0700] {processor.py:183} INFO - Processing /opt/homebrew/Caskroom/miniconda/base/lib/python3.11/site-packages/airflow/example_dags/tutorial_taskflow_api_virtualenv.py took 0.113 seconds
[2024-05-06T20:28:58.202+0700] {processor.py:161} INFO - Started process (PID=6044) to work on /opt/homebrew/Caskroom/miniconda/base/lib/python3.11/site-packages/airflow/example_dags/tutorial_taskflow_api_virtualenv.py
[2024-05-06T20:28:58.203+0700] {processor.py:830} INFO - Processing file /opt/homebrew/Caskroom/miniconda/base/lib/python3.11/site-packages/airflow/example_dags/tutorial_taskflow_api_virtualenv.py for tasks to queue
[2024-05-06T20:28:58.204+0700] {logging_mixin.py:188} INFO - [2024-05-06T20:28:58.203+0700] {dagbag.py:540} INFO - Filling up the DagBag from /opt/homebrew/Caskroom/miniconda/base/lib/python3.11/site-packages/airflow/example_dags/tutorial_taskflow_api_virtualenv.py
[2024-05-06T20:28:58.233+0700] {processor.py:840} INFO - DAG(s) 'tutorial_taskflow_api_virtualenv' retrieved from /opt/homebrew/Caskroom/miniconda/base/lib/python3.11/site-packages/airflow/example_dags/tutorial_taskflow_api_virtualenv.py
[2024-05-06T20:28:58.251+0700] {logging_mixin.py:188} INFO - [2024-05-06T20:28:58.251+0700] {dag.py:3096} INFO - Sync 1 DAGs
[2024-05-06T20:28:58.296+0700] {logging_mixin.py:188} INFO - [2024-05-06T20:28:58.296+0700] {dag.py:3954} INFO - Setting next_dagrun for tutorial_taskflow_api_virtualenv to None, run_after=None
[2024-05-06T20:28:58.306+0700] {processor.py:183} INFO - Processing /opt/homebrew/Caskroom/miniconda/base/lib/python3.11/site-packages/airflow/example_dags/tutorial_taskflow_api_virtualenv.py took 0.107 seconds
[2024-05-06T20:29:43.513+0700] {processor.py:161} INFO - Started process (PID=6292) to work on /opt/homebrew/Caskroom/miniconda/base/lib/python3.11/site-packages/airflow/example_dags/tutorial_taskflow_api_virtualenv.py
[2024-05-06T20:29:43.515+0700] {processor.py:830} INFO - Processing file /opt/homebrew/Caskroom/miniconda/base/lib/python3.11/site-packages/airflow/example_dags/tutorial_taskflow_api_virtualenv.py for tasks to queue
[2024-05-06T20:29:43.515+0700] {logging_mixin.py:188} INFO - [2024-05-06T20:29:43.515+0700] {dagbag.py:540} INFO - Filling up the DagBag from /opt/homebrew/Caskroom/miniconda/base/lib/python3.11/site-packages/airflow/example_dags/tutorial_taskflow_api_virtualenv.py
[2024-05-06T20:29:43.549+0700] {processor.py:840} INFO - DAG(s) 'tutorial_taskflow_api_virtualenv' retrieved from /opt/homebrew/Caskroom/miniconda/base/lib/python3.11/site-packages/airflow/example_dags/tutorial_taskflow_api_virtualenv.py
[2024-05-06T20:29:43.570+0700] {logging_mixin.py:188} INFO - [2024-05-06T20:29:43.570+0700] {dag.py:3096} INFO - Sync 1 DAGs
[2024-05-06T20:29:43.620+0700] {logging_mixin.py:188} INFO - [2024-05-06T20:29:43.620+0700] {dag.py:3954} INFO - Setting next_dagrun for tutorial_taskflow_api_virtualenv to None, run_after=None
[2024-05-06T20:29:43.632+0700] {processor.py:183} INFO - Processing /opt/homebrew/Caskroom/miniconda/base/lib/python3.11/site-packages/airflow/example_dags/tutorial_taskflow_api_virtualenv.py took 0.123 seconds
[2024-05-06T20:31:39.866+0700] {processor.py:161} INFO - Started process (PID=6933) to work on /opt/homebrew/Caskroom/miniconda/base/lib/python3.11/site-packages/airflow/example_dags/tutorial_taskflow_api_virtualenv.py
[2024-05-06T20:31:39.866+0700] {processor.py:830} INFO - Processing file /opt/homebrew/Caskroom/miniconda/base/lib/python3.11/site-packages/airflow/example_dags/tutorial_taskflow_api_virtualenv.py for tasks to queue
[2024-05-06T20:31:39.867+0700] {logging_mixin.py:188} INFO - [2024-05-06T20:31:39.867+0700] {dagbag.py:540} INFO - Filling up the DagBag from /opt/homebrew/Caskroom/miniconda/base/lib/python3.11/site-packages/airflow/example_dags/tutorial_taskflow_api_virtualenv.py
[2024-05-06T20:31:39.898+0700] {processor.py:840} INFO - DAG(s) 'tutorial_taskflow_api_virtualenv' retrieved from /opt/homebrew/Caskroom/miniconda/base/lib/python3.11/site-packages/airflow/example_dags/tutorial_taskflow_api_virtualenv.py
[2024-05-06T20:31:40.069+0700] {logging_mixin.py:188} INFO - [2024-05-06T20:31:40.069+0700] {dag.py:3096} INFO - Sync 1 DAGs
[2024-05-06T20:31:40.074+0700] {logging_mixin.py:188} INFO - [2024-05-06T20:31:40.074+0700] {dag.py:3954} INFO - Setting next_dagrun for tutorial_taskflow_api_virtualenv to None, run_after=None
[2024-05-06T20:31:40.085+0700] {processor.py:183} INFO - Processing /opt/homebrew/Caskroom/miniconda/base/lib/python3.11/site-packages/airflow/example_dags/tutorial_taskflow_api_virtualenv.py took 0.221 seconds
[2024-05-06T20:32:35.571+0700] {processor.py:161} INFO - Started process (PID=7232) to work on /opt/homebrew/Caskroom/miniconda/base/lib/python3.11/site-packages/airflow/example_dags/tutorial_taskflow_api_virtualenv.py
[2024-05-06T20:32:35.572+0700] {processor.py:830} INFO - Processing file /opt/homebrew/Caskroom/miniconda/base/lib/python3.11/site-packages/airflow/example_dags/tutorial_taskflow_api_virtualenv.py for tasks to queue
[2024-05-06T20:32:35.572+0700] {logging_mixin.py:188} INFO - [2024-05-06T20:32:35.572+0700] {dagbag.py:540} INFO - Filling up the DagBag from /opt/homebrew/Caskroom/miniconda/base/lib/python3.11/site-packages/airflow/example_dags/tutorial_taskflow_api_virtualenv.py
[2024-05-06T20:32:35.602+0700] {processor.py:840} INFO - DAG(s) 'tutorial_taskflow_api_virtualenv' retrieved from /opt/homebrew/Caskroom/miniconda/base/lib/python3.11/site-packages/airflow/example_dags/tutorial_taskflow_api_virtualenv.py
[2024-05-06T20:32:35.621+0700] {logging_mixin.py:188} INFO - [2024-05-06T20:32:35.620+0700] {dag.py:3096} INFO - Sync 1 DAGs
[2024-05-06T20:32:35.667+0700] {logging_mixin.py:188} INFO - [2024-05-06T20:32:35.666+0700] {dag.py:3954} INFO - Setting next_dagrun for tutorial_taskflow_api_virtualenv to None, run_after=None
[2024-05-06T20:32:35.677+0700] {processor.py:183} INFO - Processing /opt/homebrew/Caskroom/miniconda/base/lib/python3.11/site-packages/airflow/example_dags/tutorial_taskflow_api_virtualenv.py took 0.108 seconds
[2024-05-06T20:34:40.942+0700] {processor.py:161} INFO - Started process (PID=7888) to work on /opt/homebrew/Caskroom/miniconda/base/lib/python3.11/site-packages/airflow/example_dags/tutorial_taskflow_api_virtualenv.py
[2024-05-06T20:34:40.943+0700] {processor.py:830} INFO - Processing file /opt/homebrew/Caskroom/miniconda/base/lib/python3.11/site-packages/airflow/example_dags/tutorial_taskflow_api_virtualenv.py for tasks to queue
[2024-05-06T20:34:40.943+0700] {logging_mixin.py:188} INFO - [2024-05-06T20:34:40.943+0700] {dagbag.py:540} INFO - Filling up the DagBag from /opt/homebrew/Caskroom/miniconda/base/lib/python3.11/site-packages/airflow/example_dags/tutorial_taskflow_api_virtualenv.py
[2024-05-06T20:34:40.974+0700] {processor.py:840} INFO - DAG(s) 'tutorial_taskflow_api_virtualenv' retrieved from /opt/homebrew/Caskroom/miniconda/base/lib/python3.11/site-packages/airflow/example_dags/tutorial_taskflow_api_virtualenv.py
[2024-05-06T20:34:40.995+0700] {logging_mixin.py:188} INFO - [2024-05-06T20:34:40.994+0700] {dag.py:3096} INFO - Sync 1 DAGs
[2024-05-06T20:34:41.041+0700] {logging_mixin.py:188} INFO - [2024-05-06T20:34:41.041+0700] {dag.py:3954} INFO - Setting next_dagrun for tutorial_taskflow_api_virtualenv to None, run_after=None
[2024-05-06T20:34:41.053+0700] {processor.py:183} INFO - Processing /opt/homebrew/Caskroom/miniconda/base/lib/python3.11/site-packages/airflow/example_dags/tutorial_taskflow_api_virtualenv.py took 0.113 seconds
