[2024-05-06T07:32:22.224+0700] {processor.py:161} INFO - Started process (PID=72767) to work on /Library/Frameworks/Python.framework/Versions/3.10/lib/python3.10/site-packages/airflow/example_dags/tutorial_taskflow_api.py
[2024-05-06T07:32:22.225+0700] {processor.py:830} INFO - Processing file /Library/Frameworks/Python.framework/Versions/3.10/lib/python3.10/site-packages/airflow/example_dags/tutorial_taskflow_api.py for tasks to queue
[2024-05-06T07:32:22.225+0700] {logging_mixin.py:188} INFO - [2024-05-06T07:32:22.225+0700] {dagbag.py:540} INFO - Filling up the DagBag from /Library/Frameworks/Python.framework/Versions/3.10/lib/python3.10/site-packages/airflow/example_dags/tutorial_taskflow_api.py
[2024-05-06T07:32:22.247+0700] {processor.py:840} INFO - DAG(s) 'tutorial_taskflow_api' retrieved from /Library/Frameworks/Python.framework/Versions/3.10/lib/python3.10/site-packages/airflow/example_dags/tutorial_taskflow_api.py
[2024-05-06T07:32:22.339+0700] {logging_mixin.py:188} INFO - [2024-05-06T07:32:22.339+0700] {dag.py:3096} INFO - Sync 1 DAGs
[2024-05-06T07:32:22.345+0700] {logging_mixin.py:188} INFO - [2024-05-06T07:32:22.345+0700] {dag.py:3954} INFO - Setting next_dagrun for tutorial_taskflow_api to None, run_after=None
[2024-05-06T07:32:22.356+0700] {processor.py:183} INFO - Processing /Library/Frameworks/Python.framework/Versions/3.10/lib/python3.10/site-packages/airflow/example_dags/tutorial_taskflow_api.py took 0.133 seconds
[2024-05-06T07:33:39.318+0700] {processor.py:161} INFO - Started process (PID=73181) to work on /Library/Frameworks/Python.framework/Versions/3.10/lib/python3.10/site-packages/airflow/example_dags/tutorial_taskflow_api.py
[2024-05-06T07:33:39.319+0700] {processor.py:830} INFO - Processing file /Library/Frameworks/Python.framework/Versions/3.10/lib/python3.10/site-packages/airflow/example_dags/tutorial_taskflow_api.py for tasks to queue
[2024-05-06T07:33:39.319+0700] {logging_mixin.py:188} INFO - [2024-05-06T07:33:39.319+0700] {dagbag.py:540} INFO - Filling up the DagBag from /Library/Frameworks/Python.framework/Versions/3.10/lib/python3.10/site-packages/airflow/example_dags/tutorial_taskflow_api.py
[2024-05-06T07:33:39.341+0700] {processor.py:840} INFO - DAG(s) 'tutorial_taskflow_api' retrieved from /Library/Frameworks/Python.framework/Versions/3.10/lib/python3.10/site-packages/airflow/example_dags/tutorial_taskflow_api.py
[2024-05-06T07:33:39.435+0700] {logging_mixin.py:188} INFO - [2024-05-06T07:33:39.435+0700] {dag.py:3096} INFO - Sync 1 DAGs
[2024-05-06T07:33:39.441+0700] {logging_mixin.py:188} INFO - [2024-05-06T07:33:39.441+0700] {dag.py:3954} INFO - Setting next_dagrun for tutorial_taskflow_api to None, run_after=None
[2024-05-06T07:33:39.452+0700] {processor.py:183} INFO - Processing /Library/Frameworks/Python.framework/Versions/3.10/lib/python3.10/site-packages/airflow/example_dags/tutorial_taskflow_api.py took 0.136 seconds
[2024-05-06T07:34:55.627+0700] {processor.py:161} INFO - Started process (PID=73579) to work on /Library/Frameworks/Python.framework/Versions/3.10/lib/python3.10/site-packages/airflow/example_dags/tutorial_taskflow_api.py
[2024-05-06T07:34:55.628+0700] {processor.py:830} INFO - Processing file /Library/Frameworks/Python.framework/Versions/3.10/lib/python3.10/site-packages/airflow/example_dags/tutorial_taskflow_api.py for tasks to queue
[2024-05-06T07:34:55.628+0700] {logging_mixin.py:188} INFO - [2024-05-06T07:34:55.628+0700] {dagbag.py:540} INFO - Filling up the DagBag from /Library/Frameworks/Python.framework/Versions/3.10/lib/python3.10/site-packages/airflow/example_dags/tutorial_taskflow_api.py
[2024-05-06T07:34:55.649+0700] {processor.py:840} INFO - DAG(s) 'tutorial_taskflow_api' retrieved from /Library/Frameworks/Python.framework/Versions/3.10/lib/python3.10/site-packages/airflow/example_dags/tutorial_taskflow_api.py
[2024-05-06T07:34:55.742+0700] {logging_mixin.py:188} INFO - [2024-05-06T07:34:55.742+0700] {dag.py:3096} INFO - Sync 1 DAGs
[2024-05-06T07:34:55.748+0700] {logging_mixin.py:188} INFO - [2024-05-06T07:34:55.748+0700] {dag.py:3954} INFO - Setting next_dagrun for tutorial_taskflow_api to None, run_after=None
[2024-05-06T07:34:55.759+0700] {processor.py:183} INFO - Processing /Library/Frameworks/Python.framework/Versions/3.10/lib/python3.10/site-packages/airflow/example_dags/tutorial_taskflow_api.py took 0.133 seconds
[2024-05-06T07:36:11.955+0700] {processor.py:161} INFO - Started process (PID=73919) to work on /Library/Frameworks/Python.framework/Versions/3.10/lib/python3.10/site-packages/airflow/example_dags/tutorial_taskflow_api.py
[2024-05-06T07:36:11.956+0700] {processor.py:830} INFO - Processing file /Library/Frameworks/Python.framework/Versions/3.10/lib/python3.10/site-packages/airflow/example_dags/tutorial_taskflow_api.py for tasks to queue
[2024-05-06T07:36:11.956+0700] {logging_mixin.py:188} INFO - [2024-05-06T07:36:11.956+0700] {dagbag.py:540} INFO - Filling up the DagBag from /Library/Frameworks/Python.framework/Versions/3.10/lib/python3.10/site-packages/airflow/example_dags/tutorial_taskflow_api.py
[2024-05-06T07:36:11.979+0700] {processor.py:840} INFO - DAG(s) 'tutorial_taskflow_api' retrieved from /Library/Frameworks/Python.framework/Versions/3.10/lib/python3.10/site-packages/airflow/example_dags/tutorial_taskflow_api.py
[2024-05-06T07:36:12.072+0700] {logging_mixin.py:188} INFO - [2024-05-06T07:36:12.072+0700] {dag.py:3096} INFO - Sync 1 DAGs
[2024-05-06T07:36:12.078+0700] {logging_mixin.py:188} INFO - [2024-05-06T07:36:12.078+0700] {dag.py:3954} INFO - Setting next_dagrun for tutorial_taskflow_api to None, run_after=None
[2024-05-06T07:36:12.089+0700] {processor.py:183} INFO - Processing /Library/Frameworks/Python.framework/Versions/3.10/lib/python3.10/site-packages/airflow/example_dags/tutorial_taskflow_api.py took 0.135 seconds
[2024-05-06T07:37:30.076+0700] {processor.py:161} INFO - Started process (PID=74281) to work on /Library/Frameworks/Python.framework/Versions/3.10/lib/python3.10/site-packages/airflow/example_dags/tutorial_taskflow_api.py
[2024-05-06T07:37:30.077+0700] {processor.py:830} INFO - Processing file /Library/Frameworks/Python.framework/Versions/3.10/lib/python3.10/site-packages/airflow/example_dags/tutorial_taskflow_api.py for tasks to queue
[2024-05-06T07:37:30.078+0700] {logging_mixin.py:188} INFO - [2024-05-06T07:37:30.078+0700] {dagbag.py:540} INFO - Filling up the DagBag from /Library/Frameworks/Python.framework/Versions/3.10/lib/python3.10/site-packages/airflow/example_dags/tutorial_taskflow_api.py
[2024-05-06T07:37:30.099+0700] {processor.py:840} INFO - DAG(s) 'tutorial_taskflow_api' retrieved from /Library/Frameworks/Python.framework/Versions/3.10/lib/python3.10/site-packages/airflow/example_dags/tutorial_taskflow_api.py
[2024-05-06T07:37:30.193+0700] {logging_mixin.py:188} INFO - [2024-05-06T07:37:30.193+0700] {dag.py:3096} INFO - Sync 1 DAGs
[2024-05-06T07:37:30.199+0700] {logging_mixin.py:188} INFO - [2024-05-06T07:37:30.199+0700] {dag.py:3954} INFO - Setting next_dagrun for tutorial_taskflow_api to None, run_after=None
[2024-05-06T07:37:30.209+0700] {processor.py:183} INFO - Processing /Library/Frameworks/Python.framework/Versions/3.10/lib/python3.10/site-packages/airflow/example_dags/tutorial_taskflow_api.py took 0.135 seconds
[2024-05-06T07:38:48.495+0700] {processor.py:161} INFO - Started process (PID=74629) to work on /Library/Frameworks/Python.framework/Versions/3.10/lib/python3.10/site-packages/airflow/example_dags/tutorial_taskflow_api.py
[2024-05-06T07:38:48.496+0700] {processor.py:830} INFO - Processing file /Library/Frameworks/Python.framework/Versions/3.10/lib/python3.10/site-packages/airflow/example_dags/tutorial_taskflow_api.py for tasks to queue
[2024-05-06T07:38:48.496+0700] {logging_mixin.py:188} INFO - [2024-05-06T07:38:48.496+0700] {dagbag.py:540} INFO - Filling up the DagBag from /Library/Frameworks/Python.framework/Versions/3.10/lib/python3.10/site-packages/airflow/example_dags/tutorial_taskflow_api.py
[2024-05-06T07:38:48.518+0700] {processor.py:840} INFO - DAG(s) 'tutorial_taskflow_api' retrieved from /Library/Frameworks/Python.framework/Versions/3.10/lib/python3.10/site-packages/airflow/example_dags/tutorial_taskflow_api.py
[2024-05-06T07:38:48.610+0700] {logging_mixin.py:188} INFO - [2024-05-06T07:38:48.610+0700] {dag.py:3096} INFO - Sync 1 DAGs
[2024-05-06T07:38:48.616+0700] {logging_mixin.py:188} INFO - [2024-05-06T07:38:48.616+0700] {dag.py:3954} INFO - Setting next_dagrun for tutorial_taskflow_api to None, run_after=None
[2024-05-06T07:38:48.626+0700] {processor.py:183} INFO - Processing /Library/Frameworks/Python.framework/Versions/3.10/lib/python3.10/site-packages/airflow/example_dags/tutorial_taskflow_api.py took 0.133 seconds
[2024-05-06T07:40:04.094+0700] {processor.py:161} INFO - Started process (PID=74986) to work on /Library/Frameworks/Python.framework/Versions/3.10/lib/python3.10/site-packages/airflow/example_dags/tutorial_taskflow_api.py
[2024-05-06T07:40:04.098+0700] {processor.py:830} INFO - Processing file /Library/Frameworks/Python.framework/Versions/3.10/lib/python3.10/site-packages/airflow/example_dags/tutorial_taskflow_api.py for tasks to queue
[2024-05-06T07:40:04.098+0700] {logging_mixin.py:188} INFO - [2024-05-06T07:40:04.098+0700] {dagbag.py:540} INFO - Filling up the DagBag from /Library/Frameworks/Python.framework/Versions/3.10/lib/python3.10/site-packages/airflow/example_dags/tutorial_taskflow_api.py
[2024-05-06T07:40:04.121+0700] {processor.py:840} INFO - DAG(s) 'tutorial_taskflow_api' retrieved from /Library/Frameworks/Python.framework/Versions/3.10/lib/python3.10/site-packages/airflow/example_dags/tutorial_taskflow_api.py
[2024-05-06T07:40:04.214+0700] {logging_mixin.py:188} INFO - [2024-05-06T07:40:04.214+0700] {dag.py:3096} INFO - Sync 1 DAGs
[2024-05-06T07:40:04.220+0700] {logging_mixin.py:188} INFO - [2024-05-06T07:40:04.220+0700] {dag.py:3954} INFO - Setting next_dagrun for tutorial_taskflow_api to None, run_after=None
[2024-05-06T07:40:04.230+0700] {processor.py:183} INFO - Processing /Library/Frameworks/Python.framework/Versions/3.10/lib/python3.10/site-packages/airflow/example_dags/tutorial_taskflow_api.py took 0.137 seconds
[2024-05-06T07:57:50.744+0700] {processor.py:161} INFO - Started process (PID=75353) to work on /Library/Frameworks/Python.framework/Versions/3.10/lib/python3.10/site-packages/airflow/example_dags/tutorial_taskflow_api.py
[2024-05-06T07:57:50.745+0700] {processor.py:830} INFO - Processing file /Library/Frameworks/Python.framework/Versions/3.10/lib/python3.10/site-packages/airflow/example_dags/tutorial_taskflow_api.py for tasks to queue
[2024-05-06T07:57:50.745+0700] {logging_mixin.py:188} INFO - [2024-05-06T07:57:50.745+0700] {dagbag.py:540} INFO - Filling up the DagBag from /Library/Frameworks/Python.framework/Versions/3.10/lib/python3.10/site-packages/airflow/example_dags/tutorial_taskflow_api.py
[2024-05-06T07:57:50.766+0700] {processor.py:840} INFO - DAG(s) 'tutorial_taskflow_api' retrieved from /Library/Frameworks/Python.framework/Versions/3.10/lib/python3.10/site-packages/airflow/example_dags/tutorial_taskflow_api.py
[2024-05-06T07:57:50.858+0700] {logging_mixin.py:188} INFO - [2024-05-06T07:57:50.858+0700] {dag.py:3096} INFO - Sync 1 DAGs
[2024-05-06T07:57:50.864+0700] {logging_mixin.py:188} INFO - [2024-05-06T07:57:50.864+0700] {dag.py:3954} INFO - Setting next_dagrun for tutorial_taskflow_api to None, run_after=None
[2024-05-06T07:57:50.874+0700] {processor.py:183} INFO - Processing /Library/Frameworks/Python.framework/Versions/3.10/lib/python3.10/site-packages/airflow/example_dags/tutorial_taskflow_api.py took 0.132 seconds
[2024-05-06T08:15:10.869+0700] {processor.py:161} INFO - Started process (PID=75711) to work on /Library/Frameworks/Python.framework/Versions/3.10/lib/python3.10/site-packages/airflow/example_dags/tutorial_taskflow_api.py
[2024-05-06T08:15:10.870+0700] {processor.py:830} INFO - Processing file /Library/Frameworks/Python.framework/Versions/3.10/lib/python3.10/site-packages/airflow/example_dags/tutorial_taskflow_api.py for tasks to queue
[2024-05-06T08:15:10.871+0700] {logging_mixin.py:188} INFO - [2024-05-06T08:15:10.870+0700] {dagbag.py:540} INFO - Filling up the DagBag from /Library/Frameworks/Python.framework/Versions/3.10/lib/python3.10/site-packages/airflow/example_dags/tutorial_taskflow_api.py
[2024-05-06T08:15:10.892+0700] {processor.py:840} INFO - DAG(s) 'tutorial_taskflow_api' retrieved from /Library/Frameworks/Python.framework/Versions/3.10/lib/python3.10/site-packages/airflow/example_dags/tutorial_taskflow_api.py
[2024-05-06T08:15:10.982+0700] {logging_mixin.py:188} INFO - [2024-05-06T08:15:10.982+0700] {dag.py:3096} INFO - Sync 1 DAGs
[2024-05-06T08:15:10.988+0700] {logging_mixin.py:188} INFO - [2024-05-06T08:15:10.988+0700] {dag.py:3954} INFO - Setting next_dagrun for tutorial_taskflow_api to None, run_after=None
[2024-05-06T08:15:10.999+0700] {processor.py:183} INFO - Processing /Library/Frameworks/Python.framework/Versions/3.10/lib/python3.10/site-packages/airflow/example_dags/tutorial_taskflow_api.py took 0.131 seconds
[2024-05-06T08:35:39.602+0700] {processor.py:161} INFO - Started process (PID=76159) to work on /Library/Frameworks/Python.framework/Versions/3.10/lib/python3.10/site-packages/airflow/example_dags/tutorial_taskflow_api.py
[2024-05-06T08:35:39.604+0700] {processor.py:830} INFO - Processing file /Library/Frameworks/Python.framework/Versions/3.10/lib/python3.10/site-packages/airflow/example_dags/tutorial_taskflow_api.py for tasks to queue
[2024-05-06T08:35:39.604+0700] {logging_mixin.py:188} INFO - [2024-05-06T08:35:39.604+0700] {dagbag.py:540} INFO - Filling up the DagBag from /Library/Frameworks/Python.framework/Versions/3.10/lib/python3.10/site-packages/airflow/example_dags/tutorial_taskflow_api.py
[2024-05-06T08:35:39.627+0700] {processor.py:840} INFO - DAG(s) 'tutorial_taskflow_api' retrieved from /Library/Frameworks/Python.framework/Versions/3.10/lib/python3.10/site-packages/airflow/example_dags/tutorial_taskflow_api.py
[2024-05-06T08:35:39.719+0700] {logging_mixin.py:188} INFO - [2024-05-06T08:35:39.719+0700] {dag.py:3096} INFO - Sync 1 DAGs
[2024-05-06T08:35:39.725+0700] {logging_mixin.py:188} INFO - [2024-05-06T08:35:39.725+0700] {dag.py:3954} INFO - Setting next_dagrun for tutorial_taskflow_api to None, run_after=None
[2024-05-06T08:35:39.736+0700] {processor.py:183} INFO - Processing /Library/Frameworks/Python.framework/Versions/3.10/lib/python3.10/site-packages/airflow/example_dags/tutorial_taskflow_api.py took 0.136 seconds
[2024-05-06T08:44:02.125+0700] {processor.py:161} INFO - Started process (PID=76521) to work on /Library/Frameworks/Python.framework/Versions/3.10/lib/python3.10/site-packages/airflow/example_dags/tutorial_taskflow_api.py
[2024-05-06T08:44:02.126+0700] {processor.py:830} INFO - Processing file /Library/Frameworks/Python.framework/Versions/3.10/lib/python3.10/site-packages/airflow/example_dags/tutorial_taskflow_api.py for tasks to queue
[2024-05-06T08:44:02.127+0700] {logging_mixin.py:188} INFO - [2024-05-06T08:44:02.127+0700] {dagbag.py:540} INFO - Filling up the DagBag from /Library/Frameworks/Python.framework/Versions/3.10/lib/python3.10/site-packages/airflow/example_dags/tutorial_taskflow_api.py
[2024-05-06T08:44:02.148+0700] {processor.py:840} INFO - DAG(s) 'tutorial_taskflow_api' retrieved from /Library/Frameworks/Python.framework/Versions/3.10/lib/python3.10/site-packages/airflow/example_dags/tutorial_taskflow_api.py
[2024-05-06T08:44:02.241+0700] {logging_mixin.py:188} INFO - [2024-05-06T08:44:02.240+0700] {dag.py:3096} INFO - Sync 1 DAGs
[2024-05-06T08:44:02.246+0700] {logging_mixin.py:188} INFO - [2024-05-06T08:44:02.246+0700] {dag.py:3954} INFO - Setting next_dagrun for tutorial_taskflow_api to None, run_after=None
[2024-05-06T08:44:02.257+0700] {processor.py:183} INFO - Processing /Library/Frameworks/Python.framework/Versions/3.10/lib/python3.10/site-packages/airflow/example_dags/tutorial_taskflow_api.py took 0.134 seconds
[2024-05-06T09:01:44.180+0700] {processor.py:161} INFO - Started process (PID=76916) to work on /Library/Frameworks/Python.framework/Versions/3.10/lib/python3.10/site-packages/airflow/example_dags/tutorial_taskflow_api.py
[2024-05-06T09:01:44.182+0700] {processor.py:830} INFO - Processing file /Library/Frameworks/Python.framework/Versions/3.10/lib/python3.10/site-packages/airflow/example_dags/tutorial_taskflow_api.py for tasks to queue
[2024-05-06T09:01:44.182+0700] {logging_mixin.py:188} INFO - [2024-05-06T09:01:44.182+0700] {dagbag.py:540} INFO - Filling up the DagBag from /Library/Frameworks/Python.framework/Versions/3.10/lib/python3.10/site-packages/airflow/example_dags/tutorial_taskflow_api.py
[2024-05-06T09:01:44.203+0700] {processor.py:840} INFO - DAG(s) 'tutorial_taskflow_api' retrieved from /Library/Frameworks/Python.framework/Versions/3.10/lib/python3.10/site-packages/airflow/example_dags/tutorial_taskflow_api.py
[2024-05-06T09:01:44.295+0700] {logging_mixin.py:188} INFO - [2024-05-06T09:01:44.295+0700] {dag.py:3096} INFO - Sync 1 DAGs
[2024-05-06T09:01:44.301+0700] {logging_mixin.py:188} INFO - [2024-05-06T09:01:44.301+0700] {dag.py:3954} INFO - Setting next_dagrun for tutorial_taskflow_api to None, run_after=None
[2024-05-06T09:01:44.312+0700] {processor.py:183} INFO - Processing /Library/Frameworks/Python.framework/Versions/3.10/lib/python3.10/site-packages/airflow/example_dags/tutorial_taskflow_api.py took 0.133 seconds
[2024-05-06T09:03:00.566+0700] {processor.py:161} INFO - Started process (PID=77265) to work on /Library/Frameworks/Python.framework/Versions/3.10/lib/python3.10/site-packages/airflow/example_dags/tutorial_taskflow_api.py
[2024-05-06T09:03:00.567+0700] {processor.py:830} INFO - Processing file /Library/Frameworks/Python.framework/Versions/3.10/lib/python3.10/site-packages/airflow/example_dags/tutorial_taskflow_api.py for tasks to queue
[2024-05-06T09:03:00.568+0700] {logging_mixin.py:188} INFO - [2024-05-06T09:03:00.568+0700] {dagbag.py:540} INFO - Filling up the DagBag from /Library/Frameworks/Python.framework/Versions/3.10/lib/python3.10/site-packages/airflow/example_dags/tutorial_taskflow_api.py
[2024-05-06T09:03:00.590+0700] {processor.py:840} INFO - DAG(s) 'tutorial_taskflow_api' retrieved from /Library/Frameworks/Python.framework/Versions/3.10/lib/python3.10/site-packages/airflow/example_dags/tutorial_taskflow_api.py
[2024-05-06T09:03:00.682+0700] {logging_mixin.py:188} INFO - [2024-05-06T09:03:00.682+0700] {dag.py:3096} INFO - Sync 1 DAGs
[2024-05-06T09:03:00.688+0700] {logging_mixin.py:188} INFO - [2024-05-06T09:03:00.688+0700] {dag.py:3954} INFO - Setting next_dagrun for tutorial_taskflow_api to None, run_after=None
[2024-05-06T09:03:00.700+0700] {processor.py:183} INFO - Processing /Library/Frameworks/Python.framework/Versions/3.10/lib/python3.10/site-packages/airflow/example_dags/tutorial_taskflow_api.py took 0.136 seconds
[2024-05-06T09:36:47.130+0700] {processor.py:161} INFO - Started process (PID=77671) to work on /Library/Frameworks/Python.framework/Versions/3.10/lib/python3.10/site-packages/airflow/example_dags/tutorial_taskflow_api.py
[2024-05-06T09:36:47.131+0700] {processor.py:830} INFO - Processing file /Library/Frameworks/Python.framework/Versions/3.10/lib/python3.10/site-packages/airflow/example_dags/tutorial_taskflow_api.py for tasks to queue
[2024-05-06T09:36:47.132+0700] {logging_mixin.py:188} INFO - [2024-05-06T09:36:47.132+0700] {dagbag.py:540} INFO - Filling up the DagBag from /Library/Frameworks/Python.framework/Versions/3.10/lib/python3.10/site-packages/airflow/example_dags/tutorial_taskflow_api.py
[2024-05-06T09:36:47.153+0700] {processor.py:840} INFO - DAG(s) 'tutorial_taskflow_api' retrieved from /Library/Frameworks/Python.framework/Versions/3.10/lib/python3.10/site-packages/airflow/example_dags/tutorial_taskflow_api.py
[2024-05-06T09:36:47.246+0700] {logging_mixin.py:188} INFO - [2024-05-06T09:36:47.245+0700] {dag.py:3096} INFO - Sync 1 DAGs
[2024-05-06T09:36:47.252+0700] {logging_mixin.py:188} INFO - [2024-05-06T09:36:47.252+0700] {dag.py:3954} INFO - Setting next_dagrun for tutorial_taskflow_api to None, run_after=None
[2024-05-06T09:36:47.262+0700] {processor.py:183} INFO - Processing /Library/Frameworks/Python.framework/Versions/3.10/lib/python3.10/site-packages/airflow/example_dags/tutorial_taskflow_api.py took 0.134 seconds
[2024-05-06T09:38:32.166+0700] {processor.py:161} INFO - Started process (PID=78154) to work on /Library/Frameworks/Python.framework/Versions/3.10/lib/python3.10/site-packages/airflow/example_dags/tutorial_taskflow_api.py
[2024-05-06T09:38:32.166+0700] {processor.py:830} INFO - Processing file /Library/Frameworks/Python.framework/Versions/3.10/lib/python3.10/site-packages/airflow/example_dags/tutorial_taskflow_api.py for tasks to queue
[2024-05-06T09:38:32.167+0700] {logging_mixin.py:188} INFO - [2024-05-06T09:38:32.167+0700] {dagbag.py:540} INFO - Filling up the DagBag from /Library/Frameworks/Python.framework/Versions/3.10/lib/python3.10/site-packages/airflow/example_dags/tutorial_taskflow_api.py
[2024-05-06T09:38:32.189+0700] {processor.py:840} INFO - DAG(s) 'tutorial_taskflow_api' retrieved from /Library/Frameworks/Python.framework/Versions/3.10/lib/python3.10/site-packages/airflow/example_dags/tutorial_taskflow_api.py
[2024-05-06T09:38:32.284+0700] {logging_mixin.py:188} INFO - [2024-05-06T09:38:32.283+0700] {dag.py:3096} INFO - Sync 1 DAGs
[2024-05-06T09:38:32.291+0700] {logging_mixin.py:188} INFO - [2024-05-06T09:38:32.291+0700] {dag.py:3954} INFO - Setting next_dagrun for tutorial_taskflow_api to None, run_after=None
[2024-05-06T09:38:32.302+0700] {processor.py:183} INFO - Processing /Library/Frameworks/Python.framework/Versions/3.10/lib/python3.10/site-packages/airflow/example_dags/tutorial_taskflow_api.py took 0.138 seconds
[2024-05-06T09:55:05.587+0700] {processor.py:161} INFO - Started process (PID=78522) to work on /Library/Frameworks/Python.framework/Versions/3.10/lib/python3.10/site-packages/airflow/example_dags/tutorial_taskflow_api.py
[2024-05-06T09:55:05.588+0700] {processor.py:830} INFO - Processing file /Library/Frameworks/Python.framework/Versions/3.10/lib/python3.10/site-packages/airflow/example_dags/tutorial_taskflow_api.py for tasks to queue
[2024-05-06T09:55:05.589+0700] {logging_mixin.py:188} INFO - [2024-05-06T09:55:05.589+0700] {dagbag.py:540} INFO - Filling up the DagBag from /Library/Frameworks/Python.framework/Versions/3.10/lib/python3.10/site-packages/airflow/example_dags/tutorial_taskflow_api.py
[2024-05-06T09:55:05.610+0700] {processor.py:840} INFO - DAG(s) 'tutorial_taskflow_api' retrieved from /Library/Frameworks/Python.framework/Versions/3.10/lib/python3.10/site-packages/airflow/example_dags/tutorial_taskflow_api.py
[2024-05-06T09:55:05.703+0700] {logging_mixin.py:188} INFO - [2024-05-06T09:55:05.702+0700] {dag.py:3096} INFO - Sync 1 DAGs
[2024-05-06T09:55:05.709+0700] {logging_mixin.py:188} INFO - [2024-05-06T09:55:05.709+0700] {dag.py:3954} INFO - Setting next_dagrun for tutorial_taskflow_api to None, run_after=None
[2024-05-06T09:55:05.720+0700] {processor.py:183} INFO - Processing /Library/Frameworks/Python.framework/Versions/3.10/lib/python3.10/site-packages/airflow/example_dags/tutorial_taskflow_api.py took 0.134 seconds
[2024-05-06T09:56:30.227+0700] {processor.py:161} INFO - Started process (PID=78899) to work on /Library/Frameworks/Python.framework/Versions/3.10/lib/python3.10/site-packages/airflow/example_dags/tutorial_taskflow_api.py
[2024-05-06T09:56:30.228+0700] {processor.py:830} INFO - Processing file /Library/Frameworks/Python.framework/Versions/3.10/lib/python3.10/site-packages/airflow/example_dags/tutorial_taskflow_api.py for tasks to queue
[2024-05-06T09:56:30.228+0700] {logging_mixin.py:188} INFO - [2024-05-06T09:56:30.228+0700] {dagbag.py:540} INFO - Filling up the DagBag from /Library/Frameworks/Python.framework/Versions/3.10/lib/python3.10/site-packages/airflow/example_dags/tutorial_taskflow_api.py
[2024-05-06T09:56:30.250+0700] {processor.py:840} INFO - DAG(s) 'tutorial_taskflow_api' retrieved from /Library/Frameworks/Python.framework/Versions/3.10/lib/python3.10/site-packages/airflow/example_dags/tutorial_taskflow_api.py
[2024-05-06T09:56:30.341+0700] {logging_mixin.py:188} INFO - [2024-05-06T09:56:30.341+0700] {dag.py:3096} INFO - Sync 1 DAGs
[2024-05-06T09:56:30.347+0700] {logging_mixin.py:188} INFO - [2024-05-06T09:56:30.347+0700] {dag.py:3954} INFO - Setting next_dagrun for tutorial_taskflow_api to None, run_after=None
[2024-05-06T09:56:30.359+0700] {processor.py:183} INFO - Processing /Library/Frameworks/Python.framework/Versions/3.10/lib/python3.10/site-packages/airflow/example_dags/tutorial_taskflow_api.py took 0.134 seconds
[2024-05-06T10:29:59.047+0700] {processor.py:161} INFO - Started process (PID=79288) to work on /Library/Frameworks/Python.framework/Versions/3.10/lib/python3.10/site-packages/airflow/example_dags/tutorial_taskflow_api.py
[2024-05-06T10:29:59.048+0700] {processor.py:830} INFO - Processing file /Library/Frameworks/Python.framework/Versions/3.10/lib/python3.10/site-packages/airflow/example_dags/tutorial_taskflow_api.py for tasks to queue
[2024-05-06T10:29:59.049+0700] {logging_mixin.py:188} INFO - [2024-05-06T10:29:59.049+0700] {dagbag.py:540} INFO - Filling up the DagBag from /Library/Frameworks/Python.framework/Versions/3.10/lib/python3.10/site-packages/airflow/example_dags/tutorial_taskflow_api.py
[2024-05-06T10:29:59.070+0700] {processor.py:840} INFO - DAG(s) 'tutorial_taskflow_api' retrieved from /Library/Frameworks/Python.framework/Versions/3.10/lib/python3.10/site-packages/airflow/example_dags/tutorial_taskflow_api.py
[2024-05-06T10:29:59.162+0700] {logging_mixin.py:188} INFO - [2024-05-06T10:29:59.162+0700] {dag.py:3096} INFO - Sync 1 DAGs
[2024-05-06T10:29:59.168+0700] {logging_mixin.py:188} INFO - [2024-05-06T10:29:59.168+0700] {dag.py:3954} INFO - Setting next_dagrun for tutorial_taskflow_api to None, run_after=None
[2024-05-06T10:29:59.179+0700] {processor.py:183} INFO - Processing /Library/Frameworks/Python.framework/Versions/3.10/lib/python3.10/site-packages/airflow/example_dags/tutorial_taskflow_api.py took 0.133 seconds
[2024-05-06T10:38:13.513+0700] {processor.py:161} INFO - Started process (PID=79656) to work on /Library/Frameworks/Python.framework/Versions/3.10/lib/python3.10/site-packages/airflow/example_dags/tutorial_taskflow_api.py
[2024-05-06T10:38:13.515+0700] {processor.py:830} INFO - Processing file /Library/Frameworks/Python.framework/Versions/3.10/lib/python3.10/site-packages/airflow/example_dags/tutorial_taskflow_api.py for tasks to queue
[2024-05-06T10:38:13.515+0700] {logging_mixin.py:188} INFO - [2024-05-06T10:38:13.515+0700] {dagbag.py:540} INFO - Filling up the DagBag from /Library/Frameworks/Python.framework/Versions/3.10/lib/python3.10/site-packages/airflow/example_dags/tutorial_taskflow_api.py
[2024-05-06T10:38:13.536+0700] {processor.py:840} INFO - DAG(s) 'tutorial_taskflow_api' retrieved from /Library/Frameworks/Python.framework/Versions/3.10/lib/python3.10/site-packages/airflow/example_dags/tutorial_taskflow_api.py
[2024-05-06T10:38:13.628+0700] {logging_mixin.py:188} INFO - [2024-05-06T10:38:13.628+0700] {dag.py:3096} INFO - Sync 1 DAGs
[2024-05-06T10:38:13.634+0700] {logging_mixin.py:188} INFO - [2024-05-06T10:38:13.634+0700] {dag.py:3954} INFO - Setting next_dagrun for tutorial_taskflow_api to None, run_after=None
[2024-05-06T10:38:13.644+0700] {processor.py:183} INFO - Processing /Library/Frameworks/Python.framework/Versions/3.10/lib/python3.10/site-packages/airflow/example_dags/tutorial_taskflow_api.py took 0.133 seconds
[2024-05-06T10:39:57.964+0700] {processor.py:161} INFO - Started process (PID=80027) to work on /Library/Frameworks/Python.framework/Versions/3.10/lib/python3.10/site-packages/airflow/example_dags/tutorial_taskflow_api.py
[2024-05-06T10:39:57.965+0700] {processor.py:830} INFO - Processing file /Library/Frameworks/Python.framework/Versions/3.10/lib/python3.10/site-packages/airflow/example_dags/tutorial_taskflow_api.py for tasks to queue
[2024-05-06T10:39:57.965+0700] {logging_mixin.py:188} INFO - [2024-05-06T10:39:57.965+0700] {dagbag.py:540} INFO - Filling up the DagBag from /Library/Frameworks/Python.framework/Versions/3.10/lib/python3.10/site-packages/airflow/example_dags/tutorial_taskflow_api.py
[2024-05-06T10:39:57.988+0700] {processor.py:840} INFO - DAG(s) 'tutorial_taskflow_api' retrieved from /Library/Frameworks/Python.framework/Versions/3.10/lib/python3.10/site-packages/airflow/example_dags/tutorial_taskflow_api.py
[2024-05-06T10:39:58.082+0700] {logging_mixin.py:188} INFO - [2024-05-06T10:39:58.082+0700] {dag.py:3096} INFO - Sync 1 DAGs
[2024-05-06T10:39:58.088+0700] {logging_mixin.py:188} INFO - [2024-05-06T10:39:58.088+0700] {dag.py:3954} INFO - Setting next_dagrun for tutorial_taskflow_api to None, run_after=None
[2024-05-06T10:39:58.099+0700] {processor.py:183} INFO - Processing /Library/Frameworks/Python.framework/Versions/3.10/lib/python3.10/site-packages/airflow/example_dags/tutorial_taskflow_api.py took 0.137 seconds
[2024-05-06T10:58:15.268+0700] {processor.py:161} INFO - Started process (PID=80512) to work on /Library/Frameworks/Python.framework/Versions/3.10/lib/python3.10/site-packages/airflow/example_dags/tutorial_taskflow_api.py
[2024-05-06T10:58:15.269+0700] {processor.py:830} INFO - Processing file /Library/Frameworks/Python.framework/Versions/3.10/lib/python3.10/site-packages/airflow/example_dags/tutorial_taskflow_api.py for tasks to queue
[2024-05-06T10:58:15.270+0700] {logging_mixin.py:188} INFO - [2024-05-06T10:58:15.269+0700] {dagbag.py:540} INFO - Filling up the DagBag from /Library/Frameworks/Python.framework/Versions/3.10/lib/python3.10/site-packages/airflow/example_dags/tutorial_taskflow_api.py
[2024-05-06T10:58:15.300+0700] {processor.py:840} INFO - DAG(s) 'tutorial_taskflow_api' retrieved from /Library/Frameworks/Python.framework/Versions/3.10/lib/python3.10/site-packages/airflow/example_dags/tutorial_taskflow_api.py
[2024-05-06T10:58:15.400+0700] {logging_mixin.py:188} INFO - [2024-05-06T10:58:15.400+0700] {dag.py:3096} INFO - Sync 1 DAGs
[2024-05-06T10:58:15.407+0700] {logging_mixin.py:188} INFO - [2024-05-06T10:58:15.407+0700] {dag.py:3954} INFO - Setting next_dagrun for tutorial_taskflow_api to None, run_after=None
[2024-05-06T10:58:15.419+0700] {processor.py:183} INFO - Processing /Library/Frameworks/Python.framework/Versions/3.10/lib/python3.10/site-packages/airflow/example_dags/tutorial_taskflow_api.py took 0.152 seconds
[2024-05-06T10:59:39.502+0700] {processor.py:161} INFO - Started process (PID=80895) to work on /Library/Frameworks/Python.framework/Versions/3.10/lib/python3.10/site-packages/airflow/example_dags/tutorial_taskflow_api.py
[2024-05-06T10:59:39.503+0700] {processor.py:830} INFO - Processing file /Library/Frameworks/Python.framework/Versions/3.10/lib/python3.10/site-packages/airflow/example_dags/tutorial_taskflow_api.py for tasks to queue
[2024-05-06T10:59:39.503+0700] {logging_mixin.py:188} INFO - [2024-05-06T10:59:39.503+0700] {dagbag.py:540} INFO - Filling up the DagBag from /Library/Frameworks/Python.framework/Versions/3.10/lib/python3.10/site-packages/airflow/example_dags/tutorial_taskflow_api.py
[2024-05-06T10:59:39.525+0700] {processor.py:840} INFO - DAG(s) 'tutorial_taskflow_api' retrieved from /Library/Frameworks/Python.framework/Versions/3.10/lib/python3.10/site-packages/airflow/example_dags/tutorial_taskflow_api.py
[2024-05-06T10:59:39.618+0700] {logging_mixin.py:188} INFO - [2024-05-06T10:59:39.618+0700] {dag.py:3096} INFO - Sync 1 DAGs
[2024-05-06T10:59:39.624+0700] {logging_mixin.py:188} INFO - [2024-05-06T10:59:39.623+0700] {dag.py:3954} INFO - Setting next_dagrun for tutorial_taskflow_api to None, run_after=None
[2024-05-06T10:59:39.635+0700] {processor.py:183} INFO - Processing /Library/Frameworks/Python.framework/Versions/3.10/lib/python3.10/site-packages/airflow/example_dags/tutorial_taskflow_api.py took 0.135 seconds
[2024-05-06T11:00:59.646+0700] {processor.py:161} INFO - Started process (PID=81275) to work on /Library/Frameworks/Python.framework/Versions/3.10/lib/python3.10/site-packages/airflow/example_dags/tutorial_taskflow_api.py
[2024-05-06T11:00:59.647+0700] {processor.py:830} INFO - Processing file /Library/Frameworks/Python.framework/Versions/3.10/lib/python3.10/site-packages/airflow/example_dags/tutorial_taskflow_api.py for tasks to queue
[2024-05-06T11:00:59.648+0700] {logging_mixin.py:188} INFO - [2024-05-06T11:00:59.647+0700] {dagbag.py:540} INFO - Filling up the DagBag from /Library/Frameworks/Python.framework/Versions/3.10/lib/python3.10/site-packages/airflow/example_dags/tutorial_taskflow_api.py
[2024-05-06T11:00:59.676+0700] {processor.py:840} INFO - DAG(s) 'tutorial_taskflow_api' retrieved from /Library/Frameworks/Python.framework/Versions/3.10/lib/python3.10/site-packages/airflow/example_dags/tutorial_taskflow_api.py
[2024-05-06T11:00:59.776+0700] {logging_mixin.py:188} INFO - [2024-05-06T11:00:59.776+0700] {dag.py:3096} INFO - Sync 1 DAGs
[2024-05-06T11:00:59.782+0700] {logging_mixin.py:188} INFO - [2024-05-06T11:00:59.782+0700] {dag.py:3954} INFO - Setting next_dagrun for tutorial_taskflow_api to None, run_after=None
[2024-05-06T11:00:59.795+0700] {processor.py:183} INFO - Processing /Library/Frameworks/Python.framework/Versions/3.10/lib/python3.10/site-packages/airflow/example_dags/tutorial_taskflow_api.py took 0.151 seconds
[2024-05-06T20:08:56.870+0700] {processor.py:161} INFO - Started process (PID=99348) to work on /opt/homebrew/Caskroom/miniconda/base/lib/python3.11/site-packages/airflow/example_dags/tutorial_taskflow_api.py
[2024-05-06T20:08:56.871+0700] {processor.py:830} INFO - Processing file /opt/homebrew/Caskroom/miniconda/base/lib/python3.11/site-packages/airflow/example_dags/tutorial_taskflow_api.py for tasks to queue
[2024-05-06T20:08:56.871+0700] {logging_mixin.py:188} INFO - [2024-05-06T20:08:56.871+0700] {dagbag.py:540} INFO - Filling up the DagBag from /opt/homebrew/Caskroom/miniconda/base/lib/python3.11/site-packages/airflow/example_dags/tutorial_taskflow_api.py
[2024-05-06T20:08:56.896+0700] {processor.py:840} INFO - DAG(s) 'tutorial_taskflow_api' retrieved from /opt/homebrew/Caskroom/miniconda/base/lib/python3.11/site-packages/airflow/example_dags/tutorial_taskflow_api.py
[2024-05-06T20:08:56.910+0700] {logging_mixin.py:188} INFO - [2024-05-06T20:08:56.910+0700] {dag.py:3096} INFO - Sync 1 DAGs
[2024-05-06T20:08:56.956+0700] {logging_mixin.py:188} INFO - [2024-05-06T20:08:56.955+0700] {dag.py:3954} INFO - Setting next_dagrun for tutorial_taskflow_api to None, run_after=None
[2024-05-06T20:08:56.966+0700] {processor.py:183} INFO - Processing /opt/homebrew/Caskroom/miniconda/base/lib/python3.11/site-packages/airflow/example_dags/tutorial_taskflow_api.py took 0.097 seconds
[2024-05-06T20:11:56.725+0700] {processor.py:161} INFO - Started process (PID=576) to work on /opt/homebrew/Caskroom/miniconda/base/lib/python3.11/site-packages/airflow/example_dags/tutorial_taskflow_api.py
[2024-05-06T20:11:56.726+0700] {processor.py:830} INFO - Processing file /opt/homebrew/Caskroom/miniconda/base/lib/python3.11/site-packages/airflow/example_dags/tutorial_taskflow_api.py for tasks to queue
[2024-05-06T20:11:56.726+0700] {logging_mixin.py:188} INFO - [2024-05-06T20:11:56.726+0700] {dagbag.py:540} INFO - Filling up the DagBag from /opt/homebrew/Caskroom/miniconda/base/lib/python3.11/site-packages/airflow/example_dags/tutorial_taskflow_api.py
[2024-05-06T20:11:56.749+0700] {processor.py:840} INFO - DAG(s) 'tutorial_taskflow_api' retrieved from /opt/homebrew/Caskroom/miniconda/base/lib/python3.11/site-packages/airflow/example_dags/tutorial_taskflow_api.py
[2024-05-06T20:11:56.763+0700] {logging_mixin.py:188} INFO - [2024-05-06T20:11:56.763+0700] {dag.py:3096} INFO - Sync 1 DAGs
[2024-05-06T20:11:56.808+0700] {logging_mixin.py:188} INFO - [2024-05-06T20:11:56.808+0700] {dag.py:3954} INFO - Setting next_dagrun for tutorial_taskflow_api to None, run_after=None
[2024-05-06T20:11:56.820+0700] {processor.py:183} INFO - Processing /opt/homebrew/Caskroom/miniconda/base/lib/python3.11/site-packages/airflow/example_dags/tutorial_taskflow_api.py took 0.096 seconds
[2024-05-06T20:13:58.984+0700] {processor.py:161} INFO - Started process (PID=1269) to work on /opt/homebrew/Caskroom/miniconda/base/lib/python3.11/site-packages/airflow/example_dags/tutorial_taskflow_api.py
[2024-05-06T20:13:58.985+0700] {processor.py:830} INFO - Processing file /opt/homebrew/Caskroom/miniconda/base/lib/python3.11/site-packages/airflow/example_dags/tutorial_taskflow_api.py for tasks to queue
[2024-05-06T20:13:58.986+0700] {logging_mixin.py:188} INFO - [2024-05-06T20:13:58.985+0700] {dagbag.py:540} INFO - Filling up the DagBag from /opt/homebrew/Caskroom/miniconda/base/lib/python3.11/site-packages/airflow/example_dags/tutorial_taskflow_api.py
[2024-05-06T20:13:59.009+0700] {processor.py:840} INFO - DAG(s) 'tutorial_taskflow_api' retrieved from /opt/homebrew/Caskroom/miniconda/base/lib/python3.11/site-packages/airflow/example_dags/tutorial_taskflow_api.py
[2024-05-06T20:13:59.023+0700] {logging_mixin.py:188} INFO - [2024-05-06T20:13:59.023+0700] {dag.py:3096} INFO - Sync 1 DAGs
[2024-05-06T20:13:59.069+0700] {logging_mixin.py:188} INFO - [2024-05-06T20:13:59.069+0700] {dag.py:3954} INFO - Setting next_dagrun for tutorial_taskflow_api to None, run_after=None
[2024-05-06T20:13:59.080+0700] {processor.py:183} INFO - Processing /opt/homebrew/Caskroom/miniconda/base/lib/python3.11/site-packages/airflow/example_dags/tutorial_taskflow_api.py took 0.098 seconds
[2024-05-06T20:15:54.193+0700] {processor.py:161} INFO - Started process (PID=1937) to work on /opt/homebrew/Caskroom/miniconda/base/lib/python3.11/site-packages/airflow/example_dags/tutorial_taskflow_api.py
[2024-05-06T20:15:54.194+0700] {processor.py:830} INFO - Processing file /opt/homebrew/Caskroom/miniconda/base/lib/python3.11/site-packages/airflow/example_dags/tutorial_taskflow_api.py for tasks to queue
[2024-05-06T20:15:54.195+0700] {logging_mixin.py:188} INFO - [2024-05-06T20:15:54.194+0700] {dagbag.py:540} INFO - Filling up the DagBag from /opt/homebrew/Caskroom/miniconda/base/lib/python3.11/site-packages/airflow/example_dags/tutorial_taskflow_api.py
[2024-05-06T20:15:54.218+0700] {processor.py:840} INFO - DAG(s) 'tutorial_taskflow_api' retrieved from /opt/homebrew/Caskroom/miniconda/base/lib/python3.11/site-packages/airflow/example_dags/tutorial_taskflow_api.py
[2024-05-06T20:15:54.366+0700] {logging_mixin.py:188} INFO - [2024-05-06T20:15:54.366+0700] {dag.py:3096} INFO - Sync 1 DAGs
[2024-05-06T20:15:54.371+0700] {logging_mixin.py:188} INFO - [2024-05-06T20:15:54.371+0700] {dag.py:3954} INFO - Setting next_dagrun for tutorial_taskflow_api to None, run_after=None
[2024-05-06T20:15:54.382+0700] {processor.py:183} INFO - Processing /opt/homebrew/Caskroom/miniconda/base/lib/python3.11/site-packages/airflow/example_dags/tutorial_taskflow_api.py took 0.191 seconds
[2024-05-06T20:17:25.999+0700] {processor.py:161} INFO - Started process (PID=2417) to work on /opt/homebrew/Caskroom/miniconda/base/lib/python3.11/site-packages/airflow/example_dags/tutorial_taskflow_api.py
[2024-05-06T20:17:26.000+0700] {processor.py:830} INFO - Processing file /opt/homebrew/Caskroom/miniconda/base/lib/python3.11/site-packages/airflow/example_dags/tutorial_taskflow_api.py for tasks to queue
[2024-05-06T20:17:26.000+0700] {logging_mixin.py:188} INFO - [2024-05-06T20:17:26.000+0700] {dagbag.py:540} INFO - Filling up the DagBag from /opt/homebrew/Caskroom/miniconda/base/lib/python3.11/site-packages/airflow/example_dags/tutorial_taskflow_api.py
[2024-05-06T20:17:26.025+0700] {processor.py:840} INFO - DAG(s) 'tutorial_taskflow_api' retrieved from /opt/homebrew/Caskroom/miniconda/base/lib/python3.11/site-packages/airflow/example_dags/tutorial_taskflow_api.py
[2024-05-06T20:17:26.089+0700] {logging_mixin.py:188} INFO - [2024-05-06T20:17:26.088+0700] {dag.py:3096} INFO - Sync 1 DAGs
[2024-05-06T20:17:26.095+0700] {logging_mixin.py:188} INFO - [2024-05-06T20:17:26.094+0700] {dag.py:3954} INFO - Setting next_dagrun for tutorial_taskflow_api to None, run_after=None
[2024-05-06T20:17:26.170+0700] {processor.py:183} INFO - Processing /opt/homebrew/Caskroom/miniconda/base/lib/python3.11/site-packages/airflow/example_dags/tutorial_taskflow_api.py took 0.173 seconds
[2024-05-06T20:19:00.628+0700] {processor.py:161} INFO - Started process (PID=2881) to work on /opt/homebrew/Caskroom/miniconda/base/lib/python3.11/site-packages/airflow/example_dags/tutorial_taskflow_api.py
[2024-05-06T20:19:00.629+0700] {processor.py:830} INFO - Processing file /opt/homebrew/Caskroom/miniconda/base/lib/python3.11/site-packages/airflow/example_dags/tutorial_taskflow_api.py for tasks to queue
[2024-05-06T20:19:00.629+0700] {logging_mixin.py:188} INFO - [2024-05-06T20:19:00.629+0700] {dagbag.py:540} INFO - Filling up the DagBag from /opt/homebrew/Caskroom/miniconda/base/lib/python3.11/site-packages/airflow/example_dags/tutorial_taskflow_api.py
[2024-05-06T20:19:00.652+0700] {processor.py:840} INFO - DAG(s) 'tutorial_taskflow_api' retrieved from /opt/homebrew/Caskroom/miniconda/base/lib/python3.11/site-packages/airflow/example_dags/tutorial_taskflow_api.py
[2024-05-06T20:19:00.713+0700] {logging_mixin.py:188} INFO - [2024-05-06T20:19:00.713+0700] {dag.py:3096} INFO - Sync 1 DAGs
[2024-05-06T20:19:00.718+0700] {logging_mixin.py:188} INFO - [2024-05-06T20:19:00.718+0700] {dag.py:3954} INFO - Setting next_dagrun for tutorial_taskflow_api to None, run_after=None
[2024-05-06T20:19:00.764+0700] {processor.py:183} INFO - Processing /opt/homebrew/Caskroom/miniconda/base/lib/python3.11/site-packages/airflow/example_dags/tutorial_taskflow_api.py took 0.138 seconds
[2024-05-06T20:20:29.001+0700] {processor.py:161} INFO - Started process (PID=3471) to work on /opt/homebrew/Caskroom/miniconda/base/lib/python3.11/site-packages/airflow/example_dags/tutorial_taskflow_api.py
[2024-05-06T20:20:29.001+0700] {processor.py:830} INFO - Processing file /opt/homebrew/Caskroom/miniconda/base/lib/python3.11/site-packages/airflow/example_dags/tutorial_taskflow_api.py for tasks to queue
[2024-05-06T20:20:29.002+0700] {logging_mixin.py:188} INFO - [2024-05-06T20:20:29.002+0700] {dagbag.py:540} INFO - Filling up the DagBag from /opt/homebrew/Caskroom/miniconda/base/lib/python3.11/site-packages/airflow/example_dags/tutorial_taskflow_api.py
[2024-05-06T20:20:29.025+0700] {processor.py:840} INFO - DAG(s) 'tutorial_taskflow_api' retrieved from /opt/homebrew/Caskroom/miniconda/base/lib/python3.11/site-packages/airflow/example_dags/tutorial_taskflow_api.py
[2024-05-06T20:20:29.087+0700] {logging_mixin.py:188} INFO - [2024-05-06T20:20:29.086+0700] {dag.py:3096} INFO - Sync 1 DAGs
[2024-05-06T20:20:29.092+0700] {logging_mixin.py:188} INFO - [2024-05-06T20:20:29.092+0700] {dag.py:3954} INFO - Setting next_dagrun for tutorial_taskflow_api to None, run_after=None
[2024-05-06T20:20:29.137+0700] {processor.py:183} INFO - Processing /opt/homebrew/Caskroom/miniconda/base/lib/python3.11/site-packages/airflow/example_dags/tutorial_taskflow_api.py took 0.138 seconds
[2024-05-06T20:21:53.209+0700] {processor.py:161} INFO - Started process (PID=3870) to work on /opt/homebrew/Caskroom/miniconda/base/lib/python3.11/site-packages/airflow/example_dags/tutorial_taskflow_api.py
[2024-05-06T20:21:53.210+0700] {processor.py:830} INFO - Processing file /opt/homebrew/Caskroom/miniconda/base/lib/python3.11/site-packages/airflow/example_dags/tutorial_taskflow_api.py for tasks to queue
[2024-05-06T20:21:53.211+0700] {logging_mixin.py:188} INFO - [2024-05-06T20:21:53.210+0700] {dagbag.py:540} INFO - Filling up the DagBag from /opt/homebrew/Caskroom/miniconda/base/lib/python3.11/site-packages/airflow/example_dags/tutorial_taskflow_api.py
[2024-05-06T20:21:53.235+0700] {processor.py:840} INFO - DAG(s) 'tutorial_taskflow_api' retrieved from /opt/homebrew/Caskroom/miniconda/base/lib/python3.11/site-packages/airflow/example_dags/tutorial_taskflow_api.py
[2024-05-06T20:21:53.297+0700] {logging_mixin.py:188} INFO - [2024-05-06T20:21:53.296+0700] {dag.py:3096} INFO - Sync 1 DAGs
[2024-05-06T20:21:53.302+0700] {logging_mixin.py:188} INFO - [2024-05-06T20:21:53.302+0700] {dag.py:3954} INFO - Setting next_dagrun for tutorial_taskflow_api to None, run_after=None
[2024-05-06T20:21:53.351+0700] {processor.py:183} INFO - Processing /opt/homebrew/Caskroom/miniconda/base/lib/python3.11/site-packages/airflow/example_dags/tutorial_taskflow_api.py took 0.145 seconds
[2024-05-06T20:23:16.784+0700] {processor.py:161} INFO - Started process (PID=4344) to work on /opt/homebrew/Caskroom/miniconda/base/lib/python3.11/site-packages/airflow/example_dags/tutorial_taskflow_api.py
[2024-05-06T20:23:16.785+0700] {processor.py:830} INFO - Processing file /opt/homebrew/Caskroom/miniconda/base/lib/python3.11/site-packages/airflow/example_dags/tutorial_taskflow_api.py for tasks to queue
[2024-05-06T20:23:16.785+0700] {logging_mixin.py:188} INFO - [2024-05-06T20:23:16.785+0700] {dagbag.py:540} INFO - Filling up the DagBag from /opt/homebrew/Caskroom/miniconda/base/lib/python3.11/site-packages/airflow/example_dags/tutorial_taskflow_api.py
[2024-05-06T20:23:16.809+0700] {processor.py:840} INFO - DAG(s) 'tutorial_taskflow_api' retrieved from /opt/homebrew/Caskroom/miniconda/base/lib/python3.11/site-packages/airflow/example_dags/tutorial_taskflow_api.py
[2024-05-06T20:23:16.872+0700] {logging_mixin.py:188} INFO - [2024-05-06T20:23:16.871+0700] {dag.py:3096} INFO - Sync 1 DAGs
[2024-05-06T20:23:16.877+0700] {logging_mixin.py:188} INFO - [2024-05-06T20:23:16.877+0700] {dag.py:3954} INFO - Setting next_dagrun for tutorial_taskflow_api to None, run_after=None
[2024-05-06T20:23:16.923+0700] {processor.py:183} INFO - Processing /opt/homebrew/Caskroom/miniconda/base/lib/python3.11/site-packages/airflow/example_dags/tutorial_taskflow_api.py took 0.141 seconds
[2024-05-06T20:24:44.781+0700] {processor.py:161} INFO - Started process (PID=4758) to work on /opt/homebrew/Caskroom/miniconda/base/lib/python3.11/site-packages/airflow/example_dags/tutorial_taskflow_api.py
[2024-05-06T20:24:44.781+0700] {processor.py:830} INFO - Processing file /opt/homebrew/Caskroom/miniconda/base/lib/python3.11/site-packages/airflow/example_dags/tutorial_taskflow_api.py for tasks to queue
[2024-05-06T20:24:44.782+0700] {logging_mixin.py:188} INFO - [2024-05-06T20:24:44.782+0700] {dagbag.py:540} INFO - Filling up the DagBag from /opt/homebrew/Caskroom/miniconda/base/lib/python3.11/site-packages/airflow/example_dags/tutorial_taskflow_api.py
[2024-05-06T20:24:44.806+0700] {processor.py:840} INFO - DAG(s) 'tutorial_taskflow_api' retrieved from /opt/homebrew/Caskroom/miniconda/base/lib/python3.11/site-packages/airflow/example_dags/tutorial_taskflow_api.py
[2024-05-06T20:24:44.869+0700] {logging_mixin.py:188} INFO - [2024-05-06T20:24:44.869+0700] {dag.py:3096} INFO - Sync 1 DAGs
[2024-05-06T20:24:44.875+0700] {logging_mixin.py:188} INFO - [2024-05-06T20:24:44.875+0700] {dag.py:3954} INFO - Setting next_dagrun for tutorial_taskflow_api to None, run_after=None
[2024-05-06T20:24:44.934+0700] {processor.py:183} INFO - Processing /opt/homebrew/Caskroom/miniconda/base/lib/python3.11/site-packages/airflow/example_dags/tutorial_taskflow_api.py took 0.156 seconds
[2024-05-06T20:26:10.200+0700] {processor.py:161} INFO - Started process (PID=5158) to work on /opt/homebrew/Caskroom/miniconda/base/lib/python3.11/site-packages/airflow/example_dags/tutorial_taskflow_api.py
[2024-05-06T20:26:10.201+0700] {processor.py:830} INFO - Processing file /opt/homebrew/Caskroom/miniconda/base/lib/python3.11/site-packages/airflow/example_dags/tutorial_taskflow_api.py for tasks to queue
[2024-05-06T20:26:10.202+0700] {logging_mixin.py:188} INFO - [2024-05-06T20:26:10.201+0700] {dagbag.py:540} INFO - Filling up the DagBag from /opt/homebrew/Caskroom/miniconda/base/lib/python3.11/site-packages/airflow/example_dags/tutorial_taskflow_api.py
[2024-05-06T20:26:10.225+0700] {processor.py:840} INFO - DAG(s) 'tutorial_taskflow_api' retrieved from /opt/homebrew/Caskroom/miniconda/base/lib/python3.11/site-packages/airflow/example_dags/tutorial_taskflow_api.py
[2024-05-06T20:26:10.286+0700] {logging_mixin.py:188} INFO - [2024-05-06T20:26:10.286+0700] {dag.py:3096} INFO - Sync 1 DAGs
[2024-05-06T20:26:10.292+0700] {logging_mixin.py:188} INFO - [2024-05-06T20:26:10.292+0700] {dag.py:3954} INFO - Setting next_dagrun for tutorial_taskflow_api to None, run_after=None
[2024-05-06T20:26:10.340+0700] {processor.py:183} INFO - Processing /opt/homebrew/Caskroom/miniconda/base/lib/python3.11/site-packages/airflow/example_dags/tutorial_taskflow_api.py took 0.142 seconds
[2024-05-06T20:27:30.341+0700] {processor.py:161} INFO - Started process (PID=5593) to work on /opt/homebrew/Caskroom/miniconda/base/lib/python3.11/site-packages/airflow/example_dags/tutorial_taskflow_api.py
[2024-05-06T20:27:30.342+0700] {processor.py:830} INFO - Processing file /opt/homebrew/Caskroom/miniconda/base/lib/python3.11/site-packages/airflow/example_dags/tutorial_taskflow_api.py for tasks to queue
[2024-05-06T20:27:30.342+0700] {logging_mixin.py:188} INFO - [2024-05-06T20:27:30.342+0700] {dagbag.py:540} INFO - Filling up the DagBag from /opt/homebrew/Caskroom/miniconda/base/lib/python3.11/site-packages/airflow/example_dags/tutorial_taskflow_api.py
[2024-05-06T20:27:30.366+0700] {processor.py:840} INFO - DAG(s) 'tutorial_taskflow_api' retrieved from /opt/homebrew/Caskroom/miniconda/base/lib/python3.11/site-packages/airflow/example_dags/tutorial_taskflow_api.py
[2024-05-06T20:27:30.427+0700] {logging_mixin.py:188} INFO - [2024-05-06T20:27:30.427+0700] {dag.py:3096} INFO - Sync 1 DAGs
[2024-05-06T20:27:30.433+0700] {logging_mixin.py:188} INFO - [2024-05-06T20:27:30.433+0700] {dag.py:3954} INFO - Setting next_dagrun for tutorial_taskflow_api to None, run_after=None
[2024-05-06T20:27:30.479+0700] {processor.py:183} INFO - Processing /opt/homebrew/Caskroom/miniconda/base/lib/python3.11/site-packages/airflow/example_dags/tutorial_taskflow_api.py took 0.140 seconds
[2024-05-06T20:28:07.013+0700] {processor.py:161} INFO - Started process (PID=5774) to work on /opt/homebrew/Caskroom/miniconda/base/lib/python3.11/site-packages/airflow/example_dags/tutorial_taskflow_api.py
[2024-05-06T20:28:07.014+0700] {processor.py:830} INFO - Processing file /opt/homebrew/Caskroom/miniconda/base/lib/python3.11/site-packages/airflow/example_dags/tutorial_taskflow_api.py for tasks to queue
[2024-05-06T20:28:07.015+0700] {logging_mixin.py:188} INFO - [2024-05-06T20:28:07.014+0700] {dagbag.py:540} INFO - Filling up the DagBag from /opt/homebrew/Caskroom/miniconda/base/lib/python3.11/site-packages/airflow/example_dags/tutorial_taskflow_api.py
[2024-05-06T20:28:07.039+0700] {processor.py:840} INFO - DAG(s) 'tutorial_taskflow_api' retrieved from /opt/homebrew/Caskroom/miniconda/base/lib/python3.11/site-packages/airflow/example_dags/tutorial_taskflow_api.py
[2024-05-06T20:28:07.055+0700] {logging_mixin.py:188} INFO - [2024-05-06T20:28:07.055+0700] {dag.py:3096} INFO - Sync 1 DAGs
[2024-05-06T20:28:07.102+0700] {logging_mixin.py:188} INFO - [2024-05-06T20:28:07.102+0700] {dag.py:3954} INFO - Setting next_dagrun for tutorial_taskflow_api to None, run_after=None
[2024-05-06T20:28:07.113+0700] {processor.py:183} INFO - Processing /opt/homebrew/Caskroom/miniconda/base/lib/python3.11/site-packages/airflow/example_dags/tutorial_taskflow_api.py took 0.102 seconds
[2024-05-06T20:29:00.405+0700] {processor.py:161} INFO - Started process (PID=6054) to work on /opt/homebrew/Caskroom/miniconda/base/lib/python3.11/site-packages/airflow/example_dags/tutorial_taskflow_api.py
[2024-05-06T20:29:00.407+0700] {processor.py:830} INFO - Processing file /opt/homebrew/Caskroom/miniconda/base/lib/python3.11/site-packages/airflow/example_dags/tutorial_taskflow_api.py for tasks to queue
[2024-05-06T20:29:00.407+0700] {logging_mixin.py:188} INFO - [2024-05-06T20:29:00.407+0700] {dagbag.py:540} INFO - Filling up the DagBag from /opt/homebrew/Caskroom/miniconda/base/lib/python3.11/site-packages/airflow/example_dags/tutorial_taskflow_api.py
[2024-05-06T20:29:00.430+0700] {processor.py:840} INFO - DAG(s) 'tutorial_taskflow_api' retrieved from /opt/homebrew/Caskroom/miniconda/base/lib/python3.11/site-packages/airflow/example_dags/tutorial_taskflow_api.py
[2024-05-06T20:29:00.444+0700] {logging_mixin.py:188} INFO - [2024-05-06T20:29:00.444+0700] {dag.py:3096} INFO - Sync 1 DAGs
[2024-05-06T20:29:00.488+0700] {logging_mixin.py:188} INFO - [2024-05-06T20:29:00.488+0700] {dag.py:3954} INFO - Setting next_dagrun for tutorial_taskflow_api to None, run_after=None
[2024-05-06T20:29:00.499+0700] {processor.py:183} INFO - Processing /opt/homebrew/Caskroom/miniconda/base/lib/python3.11/site-packages/airflow/example_dags/tutorial_taskflow_api.py took 0.097 seconds
[2024-05-06T20:29:45.461+0700] {processor.py:161} INFO - Started process (PID=6314) to work on /opt/homebrew/Caskroom/miniconda/base/lib/python3.11/site-packages/airflow/example_dags/tutorial_taskflow_api.py
[2024-05-06T20:29:45.462+0700] {processor.py:830} INFO - Processing file /opt/homebrew/Caskroom/miniconda/base/lib/python3.11/site-packages/airflow/example_dags/tutorial_taskflow_api.py for tasks to queue
[2024-05-06T20:29:45.463+0700] {logging_mixin.py:188} INFO - [2024-05-06T20:29:45.462+0700] {dagbag.py:540} INFO - Filling up the DagBag from /opt/homebrew/Caskroom/miniconda/base/lib/python3.11/site-packages/airflow/example_dags/tutorial_taskflow_api.py
[2024-05-06T20:29:45.489+0700] {processor.py:840} INFO - DAG(s) 'tutorial_taskflow_api' retrieved from /opt/homebrew/Caskroom/miniconda/base/lib/python3.11/site-packages/airflow/example_dags/tutorial_taskflow_api.py
[2024-05-06T20:29:45.503+0700] {logging_mixin.py:188} INFO - [2024-05-06T20:29:45.503+0700] {dag.py:3096} INFO - Sync 1 DAGs
[2024-05-06T20:29:45.548+0700] {logging_mixin.py:188} INFO - [2024-05-06T20:29:45.548+0700] {dag.py:3954} INFO - Setting next_dagrun for tutorial_taskflow_api to None, run_after=None
[2024-05-06T20:29:45.559+0700] {processor.py:183} INFO - Processing /opt/homebrew/Caskroom/miniconda/base/lib/python3.11/site-packages/airflow/example_dags/tutorial_taskflow_api.py took 0.100 seconds
[2024-05-06T20:31:42.184+0700] {processor.py:161} INFO - Started process (PID=6944) to work on /opt/homebrew/Caskroom/miniconda/base/lib/python3.11/site-packages/airflow/example_dags/tutorial_taskflow_api.py
[2024-05-06T20:31:42.185+0700] {processor.py:830} INFO - Processing file /opt/homebrew/Caskroom/miniconda/base/lib/python3.11/site-packages/airflow/example_dags/tutorial_taskflow_api.py for tasks to queue
[2024-05-06T20:31:42.185+0700] {logging_mixin.py:188} INFO - [2024-05-06T20:31:42.185+0700] {dagbag.py:540} INFO - Filling up the DagBag from /opt/homebrew/Caskroom/miniconda/base/lib/python3.11/site-packages/airflow/example_dags/tutorial_taskflow_api.py
[2024-05-06T20:31:42.209+0700] {processor.py:840} INFO - DAG(s) 'tutorial_taskflow_api' retrieved from /opt/homebrew/Caskroom/miniconda/base/lib/python3.11/site-packages/airflow/example_dags/tutorial_taskflow_api.py
[2024-05-06T20:31:42.373+0700] {logging_mixin.py:188} INFO - [2024-05-06T20:31:42.373+0700] {dag.py:3096} INFO - Sync 1 DAGs
[2024-05-06T20:31:42.378+0700] {logging_mixin.py:188} INFO - [2024-05-06T20:31:42.378+0700] {dag.py:3954} INFO - Setting next_dagrun for tutorial_taskflow_api to None, run_after=None
[2024-05-06T20:31:42.389+0700] {processor.py:183} INFO - Processing /opt/homebrew/Caskroom/miniconda/base/lib/python3.11/site-packages/airflow/example_dags/tutorial_taskflow_api.py took 0.207 seconds
[2024-05-06T20:32:37.726+0700] {processor.py:161} INFO - Started process (PID=7252) to work on /opt/homebrew/Caskroom/miniconda/base/lib/python3.11/site-packages/airflow/example_dags/tutorial_taskflow_api.py
[2024-05-06T20:32:37.727+0700] {processor.py:830} INFO - Processing file /opt/homebrew/Caskroom/miniconda/base/lib/python3.11/site-packages/airflow/example_dags/tutorial_taskflow_api.py for tasks to queue
[2024-05-06T20:32:37.727+0700] {logging_mixin.py:188} INFO - [2024-05-06T20:32:37.727+0700] {dagbag.py:540} INFO - Filling up the DagBag from /opt/homebrew/Caskroom/miniconda/base/lib/python3.11/site-packages/airflow/example_dags/tutorial_taskflow_api.py
[2024-05-06T20:32:37.750+0700] {processor.py:840} INFO - DAG(s) 'tutorial_taskflow_api' retrieved from /opt/homebrew/Caskroom/miniconda/base/lib/python3.11/site-packages/airflow/example_dags/tutorial_taskflow_api.py
[2024-05-06T20:32:37.764+0700] {logging_mixin.py:188} INFO - [2024-05-06T20:32:37.764+0700] {dag.py:3096} INFO - Sync 1 DAGs
[2024-05-06T20:32:37.809+0700] {logging_mixin.py:188} INFO - [2024-05-06T20:32:37.809+0700] {dag.py:3954} INFO - Setting next_dagrun for tutorial_taskflow_api to None, run_after=None
[2024-05-06T20:32:37.820+0700] {processor.py:183} INFO - Processing /opt/homebrew/Caskroom/miniconda/base/lib/python3.11/site-packages/airflow/example_dags/tutorial_taskflow_api.py took 0.095 seconds
[2024-05-06T20:34:43.165+0700] {processor.py:161} INFO - Started process (PID=7906) to work on /opt/homebrew/Caskroom/miniconda/base/lib/python3.11/site-packages/airflow/example_dags/tutorial_taskflow_api.py
[2024-05-06T20:34:43.166+0700] {processor.py:830} INFO - Processing file /opt/homebrew/Caskroom/miniconda/base/lib/python3.11/site-packages/airflow/example_dags/tutorial_taskflow_api.py for tasks to queue
[2024-05-06T20:34:43.167+0700] {logging_mixin.py:188} INFO - [2024-05-06T20:34:43.167+0700] {dagbag.py:540} INFO - Filling up the DagBag from /opt/homebrew/Caskroom/miniconda/base/lib/python3.11/site-packages/airflow/example_dags/tutorial_taskflow_api.py
[2024-05-06T20:34:43.190+0700] {processor.py:840} INFO - DAG(s) 'tutorial_taskflow_api' retrieved from /opt/homebrew/Caskroom/miniconda/base/lib/python3.11/site-packages/airflow/example_dags/tutorial_taskflow_api.py
[2024-05-06T20:34:43.204+0700] {logging_mixin.py:188} INFO - [2024-05-06T20:34:43.204+0700] {dag.py:3096} INFO - Sync 1 DAGs
[2024-05-06T20:34:43.250+0700] {logging_mixin.py:188} INFO - [2024-05-06T20:34:43.249+0700] {dag.py:3954} INFO - Setting next_dagrun for tutorial_taskflow_api to None, run_after=None
[2024-05-06T20:34:43.260+0700] {processor.py:183} INFO - Processing /opt/homebrew/Caskroom/miniconda/base/lib/python3.11/site-packages/airflow/example_dags/tutorial_taskflow_api.py took 0.096 seconds
