[2024-05-05T20:29:39.814+0700] {local_task_job_runner.py:120} INFO - ::group::Pre task execution logs
[2024-05-05T20:29:39.835+0700] {taskinstance.py:2073} INFO - Dependencies all met for dep_context=non-requeueable deps ti=<TaskInstance: dsde_webcheck.http_check scheduled__2024-05-04T00:00:00+00:00 [queued]>
[2024-05-05T20:29:39.838+0700] {taskinstance.py:2073} INFO - Dependencies all met for dep_context=requeueable deps ti=<TaskInstance: dsde_webcheck.http_check scheduled__2024-05-04T00:00:00+00:00 [queued]>
[2024-05-05T20:29:39.838+0700] {taskinstance.py:2303} INFO - Starting attempt 1 of 1
[2024-05-05T20:29:39.845+0700] {taskinstance.py:2327} INFO - Executing <Task(BashOperator): http_check> on 2024-05-04 00:00:00+00:00
[2024-05-05T20:29:39.850+0700] {standard_task_runner.py:63} INFO - Started process 77427 to run task
[2024-05-05T20:29:39.853+0700] {standard_task_runner.py:90} INFO - Running: ['airflow', 'tasks', 'run', 'dsde_webcheck', 'http_check', 'scheduled__2024-05-04T00:00:00+00:00', '--job-id', '48', '--raw', '--subdir', 'DAGS_FOLDER/CheckWebRunning.py', '--cfg-path', '/var/folders/f5/rsv9r9ld4vl6ylvcl4klm1380000gn/T/tmpg7mv7cms']
[2024-05-05T20:29:39.856+0700] {standard_task_runner.py:91} INFO - Job 48: Subtask http_check
[2024-05-05T20:29:39.890+0700] {task_command.py:426} INFO - Running <TaskInstance: dsde_webcheck.http_check scheduled__2024-05-04T00:00:00+00:00 [running]> on host inwpuuns-macbook.local
[2024-05-05T20:29:39.950+0700] {taskinstance.py:2644} INFO - Exporting env vars: AIRFLOW_CTX_DAG_OWNER='airflow' AIRFLOW_CTX_DAG_ID='dsde_webcheck' AIRFLOW_CTX_TASK_ID='http_check' AIRFLOW_CTX_EXECUTION_DATE='2024-05-04T00:00:00+00:00' AIRFLOW_CTX_TRY_NUMBER='1' AIRFLOW_CTX_DAG_RUN_ID='scheduled__2024-05-04T00:00:00+00:00'
[2024-05-05T20:29:39.951+0700] {taskinstance.py:430} INFO - ::endgroup::
[2024-05-05T20:29:39.953+0700] {subprocess.py:63} INFO - Tmp dir root location: /var/folders/f5/rsv9r9ld4vl6ylvcl4klm1380000gn/T
[2024-05-05T20:29:39.953+0700] {subprocess.py:75} INFO - Running command: ['/bin/bash', '-c', 'curl -s https:// www.cp.eng.chula.ac.th > /dev/null']
[2024-05-05T20:29:39.959+0700] {subprocess.py:86} INFO - Output:
[2024-05-05T20:29:44.439+0700] {subprocess.py:97} INFO - Command exited with return code 0
[2024-05-05T20:29:44.441+0700] {taskinstance.py:441} INFO - ::group::Post task execution logs
[2024-05-05T20:29:44.453+0700] {taskinstance.py:1205} INFO - Marking task as SUCCESS. dag_id=dsde_webcheck, task_id=http_check, execution_date=20240504T000000, start_date=20240505T132939, end_date=20240505T132944
[2024-05-05T20:29:44.503+0700] {local_task_job_runner.py:240} INFO - Task exited with return code 0
[2024-05-05T20:29:44.520+0700] {taskinstance.py:3482} INFO - 1 downstream tasks scheduled from follow-on schedule check
[2024-05-05T20:29:44.521+0700] {local_task_job_runner.py:222} INFO - ::endgroup::
