[2024-05-09T14:30:36.431+0700] {local_task_job_runner.py:120} INFO - ::group::Pre task execution logs
[2024-05-09T14:30:36.449+0700] {taskinstance.py:2073} INFO - Dependencies all met for dep_context=non-requeueable deps ti=<TaskInstance: dsde_webcheck.inform_status scheduled__2024-05-08T00:00:00+00:00 [queued]>
[2024-05-09T14:30:36.453+0700] {taskinstance.py:2073} INFO - Dependencies all met for dep_context=requeueable deps ti=<TaskInstance: dsde_webcheck.inform_status scheduled__2024-05-08T00:00:00+00:00 [queued]>
[2024-05-09T14:30:36.453+0700] {taskinstance.py:2303} INFO - Starting attempt 1 of 1
[2024-05-09T14:30:36.460+0700] {taskinstance.py:2327} INFO - Executing <Task(BashOperator): inform_status> on 2024-05-08 00:00:00+00:00
[2024-05-09T14:30:36.465+0700] {standard_task_runner.py:63} INFO - Started process 69388 to run task
[2024-05-09T14:30:36.469+0700] {standard_task_runner.py:90} INFO - Running: ['airflow', 'tasks', 'run', 'dsde_webcheck', 'inform_status', 'scheduled__2024-05-08T00:00:00+00:00', '--job-id', '87', '--raw', '--subdir', 'DAGS_FOLDER/CheckWebRunning.py', '--cfg-path', '/var/folders/f5/rsv9r9ld4vl6ylvcl4klm1380000gn/T/tmps9hpcr91']
[2024-05-09T14:30:36.472+0700] {standard_task_runner.py:91} INFO - Job 87: Subtask inform_status
[2024-05-09T14:30:36.500+0700] {task_command.py:426} INFO - Running <TaskInstance: dsde_webcheck.inform_status scheduled__2024-05-08T00:00:00+00:00 [running]> on host inwpuuns-macbook.local
[2024-05-09T14:30:36.534+0700] {taskinstance.py:2644} INFO - Exporting env vars: AIRFLOW_CTX_DAG_OWNER='airflow' AIRFLOW_CTX_DAG_ID='dsde_webcheck' AIRFLOW_CTX_TASK_ID='inform_status' AIRFLOW_CTX_EXECUTION_DATE='2024-05-08T00:00:00+00:00' AIRFLOW_CTX_TRY_NUMBER='1' AIRFLOW_CTX_DAG_RUN_ID='scheduled__2024-05-08T00:00:00+00:00'
[2024-05-09T14:30:36.535+0700] {taskinstance.py:430} INFO - ::endgroup::
[2024-05-09T14:30:36.536+0700] {subprocess.py:63} INFO - Tmp dir root location: /var/folders/f5/rsv9r9ld4vl6ylvcl4klm1380000gn/T
[2024-05-09T14:30:36.537+0700] {subprocess.py:75} INFO - Running command: ['/bin/bash', '-c', 'echo "CP website still works!"']
[2024-05-09T14:30:36.542+0700] {subprocess.py:86} INFO - Output:
[2024-05-09T14:30:36.548+0700] {subprocess.py:93} INFO - CP website still works!
[2024-05-09T14:30:36.549+0700] {subprocess.py:97} INFO - Command exited with return code 0
[2024-05-09T14:30:36.549+0700] {taskinstance.py:441} INFO - ::group::Post task execution logs
[2024-05-09T14:30:36.560+0700] {taskinstance.py:1205} INFO - Marking task as SUCCESS. dag_id=dsde_webcheck, task_id=inform_status, execution_date=20240508T000000, start_date=20240509T073036, end_date=20240509T073036
[2024-05-09T14:30:36.575+0700] {local_task_job_runner.py:240} INFO - Task exited with return code 0
[2024-05-09T14:30:36.593+0700] {taskinstance.py:3482} INFO - 0 downstream tasks scheduled from follow-on schedule check
[2024-05-09T14:30:36.593+0700] {local_task_job_runner.py:222} INFO - ::endgroup::
