[2024-05-07 15:57:52,599] {taskinstance.py:1159} INFO - Dependencies all met for <TaskInstance: update_visualization.run_spark scheduled__2024-05-06T03:30:00+00:00 [queued]>
[2024-05-07 15:57:52,815] {taskinstance.py:1159} INFO - Dependencies all met for <TaskInstance: update_visualization.run_spark scheduled__2024-05-06T03:30:00+00:00 [queued]>
[2024-05-07 15:57:52,820] {taskinstance.py:1356} INFO - 
--------------------------------------------------------------------------------
[2024-05-07 15:57:52,823] {taskinstance.py:1357} INFO - Starting attempt 1 of 1
[2024-05-07 15:57:52,830] {taskinstance.py:1358} INFO - 
--------------------------------------------------------------------------------
[2024-05-07 15:57:53,177] {taskinstance.py:1377} INFO - Executing <Task(BashOperator): run_spark> on 2024-05-06 03:30:00+00:00
[2024-05-07 15:57:53,226] {standard_task_runner.py:52} INFO - Started process 3204 to run task
[2024-05-07 15:57:53,337] {standard_task_runner.py:79} INFO - Running: ['***', 'tasks', 'run', 'update_visualization', 'run_spark', 'scheduled__2024-05-06T03:30:00+00:00', '--job-id', '23', '--raw', '--subdir', 'DAGS_FOLDER/UpdateVisualization.py', '--cfg-path', '/tmp/tmpead62u3t', '--error-file', '/tmp/tmpix3jzsbo']
[2024-05-07 15:57:53,363] {standard_task_runner.py:80} INFO - Job 23: Subtask run_spark
[2024-05-07 15:57:53,603] {logging_mixin.py:115} WARNING - /home/***/.local/lib/python3.7/site-packages/***/configuration.py:470 DeprecationWarning: The sql_alchemy_conn option in [core] has been moved to the sql_alchemy_conn option in [database] - the old setting has been used, but please update your config.
[2024-05-07 15:57:54,795] {task_command.py:369} INFO - Running <TaskInstance: update_visualization.run_spark scheduled__2024-05-06T03:30:00+00:00 [running]> on host b29e3e3252f3
[2024-05-07 15:57:57,238] {taskinstance.py:1571} INFO - Exporting the following env vars:
AIRFLOW_CTX_DAG_OWNER=***
AIRFLOW_CTX_DAG_ID=update_visualization
AIRFLOW_CTX_TASK_ID=run_spark
AIRFLOW_CTX_EXECUTION_DATE=2024-05-06T03:30:00+00:00
AIRFLOW_CTX_TRY_NUMBER=1
AIRFLOW_CTX_DAG_RUN_ID=scheduled__2024-05-06T03:30:00+00:00
[2024-05-07 15:57:57,262] {subprocess.py:62} INFO - Tmp dir root location: 
 /tmp
[2024-05-07 15:57:57,287] {subprocess.py:74} INFO - Running command: ['bash', '-c', 'python ../../spark.py']
[2024-05-07 15:57:57,761] {subprocess.py:85} INFO - Output:
[2024-05-07 15:57:59,916] {subprocess.py:92} INFO - python: can't open file '../../spark.py': [Errno 2] No such file or directory
[2024-05-07 15:57:59,983] {subprocess.py:96} INFO - Command exited with return code 2
[2024-05-07 15:58:03,581] {taskinstance.py:1889} ERROR - Task failed with exception
Traceback (most recent call last):
  File "/home/airflow/.local/lib/python3.7/site-packages/airflow/operators/bash.py", line 195, in execute
    f'Bash command failed. The command returned a non-zero exit code {result.exit_code}.'
airflow.exceptions.AirflowException: Bash command failed. The command returned a non-zero exit code 2.
[2024-05-07 15:58:03,789] {taskinstance.py:1400} INFO - Marking task as FAILED. dag_id=update_visualization, task_id=run_spark, execution_date=20240506T033000, start_date=20240507T155752, end_date=20240507T155803
[2024-05-07 15:58:04,556] {standard_task_runner.py:97} ERROR - Failed to execute job 23 for task run_spark (Bash command failed. The command returned a non-zero exit code 2.; 3204)
[2024-05-07 15:58:04,883] {local_task_job.py:156} INFO - Task exited with return code 1
[2024-05-07 15:58:05,924] {local_task_job.py:273} INFO - 0 downstream tasks scheduled from follow-on schedule check
