[2024-05-07 16:30:01,370] {taskinstance.py:1159} INFO - Dependencies all met for <TaskInstance: update_visualization.print_directory scheduled__2024-05-07T16:15:00+00:00 [queued]>
[2024-05-07 16:30:01,384] {taskinstance.py:1159} INFO - Dependencies all met for <TaskInstance: update_visualization.print_directory scheduled__2024-05-07T16:15:00+00:00 [queued]>
[2024-05-07 16:30:01,384] {taskinstance.py:1356} INFO - 
--------------------------------------------------------------------------------
[2024-05-07 16:30:01,384] {taskinstance.py:1357} INFO - Starting attempt 1 of 1
[2024-05-07 16:30:01,384] {taskinstance.py:1358} INFO - 
--------------------------------------------------------------------------------
[2024-05-07 16:30:01,413] {taskinstance.py:1377} INFO - Executing <Task(BashOperator): print_directory> on 2024-05-07 16:15:00+00:00
[2024-05-07 16:30:01,438] {standard_task_runner.py:52} INFO - Started process 4650 to run task
[2024-05-07 16:30:01,454] {standard_task_runner.py:79} INFO - Running: ['***', 'tasks', 'run', 'update_visualization', 'print_directory', 'scheduled__2024-05-07T16:15:00+00:00', '--job-id', '172', '--raw', '--subdir', 'DAGS_FOLDER/UpdateVisualization.py', '--cfg-path', '/tmp/tmpzi_7edtg', '--error-file', '/tmp/tmpco23ooxg']
[2024-05-07 16:30:01,469] {standard_task_runner.py:80} INFO - Job 172: Subtask print_directory
[2024-05-07 16:30:01,541] {logging_mixin.py:115} WARNING - /home/***/.local/lib/python3.7/site-packages/***/configuration.py:470 DeprecationWarning: The sql_alchemy_conn option in [core] has been moved to the sql_alchemy_conn option in [database] - the old setting has been used, but please update your config.
[2024-05-07 16:30:01,780] {task_command.py:369} INFO - Running <TaskInstance: update_visualization.print_directory scheduled__2024-05-07T16:15:00+00:00 [running]> on host b29e3e3252f3
[2024-05-07 16:30:02,108] {taskinstance.py:1571} INFO - Exporting the following env vars:
AIRFLOW_CTX_DAG_OWNER=***
AIRFLOW_CTX_DAG_ID=update_visualization
AIRFLOW_CTX_TASK_ID=print_directory
AIRFLOW_CTX_EXECUTION_DATE=2024-05-07T16:15:00+00:00
AIRFLOW_CTX_TRY_NUMBER=1
AIRFLOW_CTX_DAG_RUN_ID=scheduled__2024-05-07T16:15:00+00:00
[2024-05-07 16:30:02,113] {subprocess.py:62} INFO - Tmp dir root location: 
 /tmp
[2024-05-07 16:30:02,117] {subprocess.py:74} INFO - Running command: ['bash', '-c', 'pwd']
[2024-05-07 16:30:02,165] {subprocess.py:85} INFO - Output:
[2024-05-07 16:30:02,186] {subprocess.py:92} INFO - /tmp/***tmp2fmc742f
[2024-05-07 16:30:02,187] {subprocess.py:96} INFO - Command exited with return code 0
[2024-05-07 16:30:02,245] {taskinstance.py:1400} INFO - Marking task as SUCCESS. dag_id=update_visualization, task_id=print_directory, execution_date=20240507T161500, start_date=20240507T163001, end_date=20240507T163002
[2024-05-07 16:30:02,387] {local_task_job.py:156} INFO - Task exited with return code 0
[2024-05-07 16:30:02,593] {local_task_job.py:273} INFO - 1 downstream tasks scheduled from follow-on schedule check
