[2024-05-07 20:26:05,608] {taskinstance.py:1159} INFO - Dependencies all met for <TaskInstance: research_scraper.research_scraper manual__2024-05-07T20:26:02.551093+00:00 [queued]>
[2024-05-07 20:26:05,617] {taskinstance.py:1159} INFO - Dependencies all met for <TaskInstance: research_scraper.research_scraper manual__2024-05-07T20:26:02.551093+00:00 [queued]>
[2024-05-07 20:26:05,617] {taskinstance.py:1356} INFO - 
--------------------------------------------------------------------------------
[2024-05-07 20:26:05,618] {taskinstance.py:1357} INFO - Starting attempt 1 of 2
[2024-05-07 20:26:05,618] {taskinstance.py:1358} INFO - 
--------------------------------------------------------------------------------
[2024-05-07 20:26:05,635] {taskinstance.py:1377} INFO - Executing <Task(PythonOperator): research_scraper> on 2024-05-07 20:26:02.551093+00:00
[2024-05-07 20:26:05,645] {standard_task_runner.py:52} INFO - Started process 1875 to run task
[2024-05-07 20:26:05,651] {standard_task_runner.py:79} INFO - Running: ['***', 'tasks', 'run', 'research_scraper', 'research_scraper', 'manual__2024-05-07T20:26:02.551093+00:00', '--job-id', '210', '--raw', '--subdir', 'DAGS_FOLDER/ResearchScraper.py', '--cfg-path', '/tmp/tmp1zek70_g', '--error-file', '/tmp/tmplya_4vrh']
[2024-05-07 20:26:05,652] {standard_task_runner.py:80} INFO - Job 210: Subtask research_scraper
[2024-05-07 20:26:05,788] {task_command.py:369} INFO - Running <TaskInstance: research_scraper.research_scraper manual__2024-05-07T20:26:02.551093+00:00 [running]> on host 5881f5798927
[2024-05-07 20:26:06,116] {taskinstance.py:1571} INFO - Exporting the following env vars:
AIRFLOW_CTX_DAG_OWNER=***
AIRFLOW_CTX_DAG_ID=research_scraper
AIRFLOW_CTX_TASK_ID=research_scraper
AIRFLOW_CTX_EXECUTION_DATE=2024-05-07T20:26:02.551093+00:00
AIRFLOW_CTX_TRY_NUMBER=1
AIRFLOW_CTX_DAG_RUN_ID=manual__2024-05-07T20:26:02.551093+00:00
[2024-05-07 20:26:06,126] {conn.py:381} INFO - <BrokerConnection node_id=bootstrap-0 host=kafka:9092 <connecting> [IPv4 ('192.168.228.5', 9092)]>: connecting to kafka:9092 [('192.168.228.5', 9092) IPv4]
[2024-05-07 20:26:06,127] {conn.py:1205} INFO - Probing node bootstrap-0 broker version
[2024-05-07 20:26:06,129] {conn.py:410} INFO - <BrokerConnection node_id=bootstrap-0 host=kafka:9092 <connecting> [IPv4 ('192.168.228.5', 9092)]>: Connection complete.
[2024-05-07 20:26:06,239] {conn.py:1267} INFO - Broker version identified as 2.5.0
[2024-05-07 20:26:06,239] {conn.py:1269} INFO - Set configuration api_version=(2, 5, 0) to skip auto check_version requests on startup
[2024-05-07 20:26:06,243] {logging_mixin.py:115} INFO - ['2']
[2024-05-07 20:26:06,243] {taskinstance.py:1889} ERROR - Task failed with exception
Traceback (most recent call last):
  File "/home/airflow/.local/lib/python3.7/site-packages/airflow/operators/python.py", line 171, in execute
    return_value = self.execute_callable()
  File "/home/airflow/.local/lib/python3.7/site-packages/airflow/operators/python.py", line 189, in execute_callable
    return self.python_callable(*self.op_args, **self.op_kwargs)
  File "/opt/airflow/dags/ResearchScraper.py", line 30, in call_scopus
    get_scopus_data()
  File "/opt/airflow/dags/scopus.py", line 64, in get_scopus_data
    start_pointer = read_start_pointer()
  File "/opt/airflow/dags/scopus.py", line 36, in read_start_pointer
    result[f'{row[0].strip()}{row[1].strip()}']= int(row[2].strip())
IndexError: list index out of range
[2024-05-07 20:26:06,270] {taskinstance.py:1400} INFO - Marking task as UP_FOR_RETRY. dag_id=research_scraper, task_id=research_scraper, execution_date=20240507T202602, start_date=20240507T202605, end_date=20240507T202606
[2024-05-07 20:26:06,282] {standard_task_runner.py:97} ERROR - Failed to execute job 210 for task research_scraper (list index out of range; 1875)
[2024-05-07 20:26:06,316] {local_task_job.py:156} INFO - Task exited with return code 1
[2024-05-07 20:26:06,361] {local_task_job.py:273} INFO - 0 downstream tasks scheduled from follow-on schedule check
