[2024-04-16T20:52:45.934+0700] {processor.py:161} INFO - Started process (PID=54205) to work on /opt/homebrew/Caskroom/miniconda/base/lib/python3.11/site-packages/airflow/example_dags/example_setup_teardown_taskflow.py
[2024-04-16T20:52:45.934+0700] {processor.py:830} INFO - Processing file /opt/homebrew/Caskroom/miniconda/base/lib/python3.11/site-packages/airflow/example_dags/example_setup_teardown_taskflow.py for tasks to queue
[2024-04-16T20:52:45.934+0700] {logging_mixin.py:188} INFO - [2024-04-16T20:52:45.934+0700] {dagbag.py:540} INFO - Filling up the DagBag from /opt/homebrew/Caskroom/miniconda/base/lib/python3.11/site-packages/airflow/example_dags/example_setup_teardown_taskflow.py
[2024-04-16T20:52:45.959+0700] {processor.py:840} INFO - DAG(s) 'example_setup_teardown_taskflow' retrieved from /opt/homebrew/Caskroom/miniconda/base/lib/python3.11/site-packages/airflow/example_dags/example_setup_teardown_taskflow.py
[2024-04-16T20:52:46.071+0700] {logging_mixin.py:188} INFO - [2024-04-16T20:52:46.071+0700] {dag.py:3096} INFO - Sync 1 DAGs
[2024-04-16T20:52:46.117+0700] {logging_mixin.py:188} INFO - [2024-04-16T20:52:46.117+0700] {dag.py:3954} INFO - Setting next_dagrun for example_setup_teardown_taskflow to 2024-04-15 00:00:00+00:00, run_after=2024-04-16 00:00:00+00:00
[2024-04-16T20:52:46.128+0700] {processor.py:183} INFO - Processing /opt/homebrew/Caskroom/miniconda/base/lib/python3.11/site-packages/airflow/example_dags/example_setup_teardown_taskflow.py took 0.196 seconds
[2024-04-16T20:54:36.561+0700] {processor.py:161} INFO - Started process (PID=54771) to work on /opt/homebrew/Caskroom/miniconda/base/lib/python3.11/site-packages/airflow/example_dags/example_setup_teardown_taskflow.py
[2024-04-16T20:54:36.562+0700] {processor.py:830} INFO - Processing file /opt/homebrew/Caskroom/miniconda/base/lib/python3.11/site-packages/airflow/example_dags/example_setup_teardown_taskflow.py for tasks to queue
[2024-04-16T20:54:36.563+0700] {logging_mixin.py:188} INFO - [2024-04-16T20:54:36.563+0700] {dagbag.py:540} INFO - Filling up the DagBag from /opt/homebrew/Caskroom/miniconda/base/lib/python3.11/site-packages/airflow/example_dags/example_setup_teardown_taskflow.py
[2024-04-16T20:54:36.587+0700] {processor.py:840} INFO - DAG(s) 'example_setup_teardown_taskflow' retrieved from /opt/homebrew/Caskroom/miniconda/base/lib/python3.11/site-packages/airflow/example_dags/example_setup_teardown_taskflow.py
[2024-04-16T20:54:36.649+0700] {logging_mixin.py:188} INFO - [2024-04-16T20:54:36.649+0700] {dag.py:3096} INFO - Sync 1 DAGs
[2024-04-16T20:54:36.658+0700] {logging_mixin.py:188} INFO - [2024-04-16T20:54:36.658+0700] {dag.py:3954} INFO - Setting next_dagrun for example_setup_teardown_taskflow to 2024-04-15 00:00:00+00:00, run_after=2024-04-16 00:00:00+00:00
[2024-04-16T20:54:36.669+0700] {processor.py:183} INFO - Processing /opt/homebrew/Caskroom/miniconda/base/lib/python3.11/site-packages/airflow/example_dags/example_setup_teardown_taskflow.py took 0.109 seconds
[2024-04-16T20:57:07.402+0700] {processor.py:161} INFO - Started process (PID=55451) to work on /opt/homebrew/Caskroom/miniconda/base/lib/python3.11/site-packages/airflow/example_dags/example_setup_teardown_taskflow.py
[2024-04-16T20:57:07.404+0700] {processor.py:830} INFO - Processing file /opt/homebrew/Caskroom/miniconda/base/lib/python3.11/site-packages/airflow/example_dags/example_setup_teardown_taskflow.py for tasks to queue
[2024-04-16T20:57:07.404+0700] {logging_mixin.py:188} INFO - [2024-04-16T20:57:07.404+0700] {dagbag.py:540} INFO - Filling up the DagBag from /opt/homebrew/Caskroom/miniconda/base/lib/python3.11/site-packages/airflow/example_dags/example_setup_teardown_taskflow.py
[2024-04-16T20:57:07.432+0700] {processor.py:840} INFO - DAG(s) 'example_setup_teardown_taskflow' retrieved from /opt/homebrew/Caskroom/miniconda/base/lib/python3.11/site-packages/airflow/example_dags/example_setup_teardown_taskflow.py
[2024-04-16T20:57:07.502+0700] {logging_mixin.py:188} INFO - [2024-04-16T20:57:07.502+0700] {dag.py:3096} INFO - Sync 1 DAGs
[2024-04-16T20:57:07.516+0700] {logging_mixin.py:188} INFO - [2024-04-16T20:57:07.516+0700] {dag.py:3954} INFO - Setting next_dagrun for example_setup_teardown_taskflow to 2024-04-15 00:00:00+00:00, run_after=2024-04-16 00:00:00+00:00
[2024-04-16T20:57:07.532+0700] {processor.py:183} INFO - Processing /opt/homebrew/Caskroom/miniconda/base/lib/python3.11/site-packages/airflow/example_dags/example_setup_teardown_taskflow.py took 0.132 seconds
[2024-04-16T20:59:40.496+0700] {processor.py:161} INFO - Started process (PID=56143) to work on /opt/homebrew/Caskroom/miniconda/base/lib/python3.11/site-packages/airflow/example_dags/example_setup_teardown_taskflow.py
[2024-04-16T20:59:40.497+0700] {processor.py:830} INFO - Processing file /opt/homebrew/Caskroom/miniconda/base/lib/python3.11/site-packages/airflow/example_dags/example_setup_teardown_taskflow.py for tasks to queue
[2024-04-16T20:59:40.497+0700] {logging_mixin.py:188} INFO - [2024-04-16T20:59:40.497+0700] {dagbag.py:540} INFO - Filling up the DagBag from /opt/homebrew/Caskroom/miniconda/base/lib/python3.11/site-packages/airflow/example_dags/example_setup_teardown_taskflow.py
[2024-04-16T20:59:40.521+0700] {processor.py:840} INFO - DAG(s) 'example_setup_teardown_taskflow' retrieved from /opt/homebrew/Caskroom/miniconda/base/lib/python3.11/site-packages/airflow/example_dags/example_setup_teardown_taskflow.py
[2024-04-16T20:59:40.585+0700] {logging_mixin.py:188} INFO - [2024-04-16T20:59:40.585+0700] {dag.py:3096} INFO - Sync 1 DAGs
[2024-04-16T20:59:40.594+0700] {logging_mixin.py:188} INFO - [2024-04-16T20:59:40.594+0700] {dag.py:3954} INFO - Setting next_dagrun for example_setup_teardown_taskflow to 2024-04-15 00:00:00+00:00, run_after=2024-04-16 00:00:00+00:00
[2024-04-16T20:59:40.605+0700] {processor.py:183} INFO - Processing /opt/homebrew/Caskroom/miniconda/base/lib/python3.11/site-packages/airflow/example_dags/example_setup_teardown_taskflow.py took 0.110 seconds
[2024-04-16T21:02:14.845+0700] {processor.py:161} INFO - Started process (PID=56841) to work on /opt/homebrew/Caskroom/miniconda/base/lib/python3.11/site-packages/airflow/example_dags/example_setup_teardown_taskflow.py
[2024-04-16T21:02:14.846+0700] {processor.py:830} INFO - Processing file /opt/homebrew/Caskroom/miniconda/base/lib/python3.11/site-packages/airflow/example_dags/example_setup_teardown_taskflow.py for tasks to queue
[2024-04-16T21:02:14.846+0700] {logging_mixin.py:188} INFO - [2024-04-16T21:02:14.846+0700] {dagbag.py:540} INFO - Filling up the DagBag from /opt/homebrew/Caskroom/miniconda/base/lib/python3.11/site-packages/airflow/example_dags/example_setup_teardown_taskflow.py
[2024-04-16T21:02:14.873+0700] {processor.py:840} INFO - DAG(s) 'example_setup_teardown_taskflow' retrieved from /opt/homebrew/Caskroom/miniconda/base/lib/python3.11/site-packages/airflow/example_dags/example_setup_teardown_taskflow.py
[2024-04-16T21:02:14.958+0700] {logging_mixin.py:188} INFO - [2024-04-16T21:02:14.957+0700] {dag.py:3096} INFO - Sync 1 DAGs
[2024-04-16T21:02:14.970+0700] {logging_mixin.py:188} INFO - [2024-04-16T21:02:14.970+0700] {dag.py:3954} INFO - Setting next_dagrun for example_setup_teardown_taskflow to 2024-04-15 00:00:00+00:00, run_after=2024-04-16 00:00:00+00:00
[2024-04-16T21:02:14.986+0700] {processor.py:183} INFO - Processing /opt/homebrew/Caskroom/miniconda/base/lib/python3.11/site-packages/airflow/example_dags/example_setup_teardown_taskflow.py took 0.143 seconds
[2024-04-16T21:04:46.884+0700] {processor.py:161} INFO - Started process (PID=57528) to work on /opt/homebrew/Caskroom/miniconda/base/lib/python3.11/site-packages/airflow/example_dags/example_setup_teardown_taskflow.py
[2024-04-16T21:04:46.885+0700] {processor.py:830} INFO - Processing file /opt/homebrew/Caskroom/miniconda/base/lib/python3.11/site-packages/airflow/example_dags/example_setup_teardown_taskflow.py for tasks to queue
[2024-04-16T21:04:46.885+0700] {logging_mixin.py:188} INFO - [2024-04-16T21:04:46.885+0700] {dagbag.py:540} INFO - Filling up the DagBag from /opt/homebrew/Caskroom/miniconda/base/lib/python3.11/site-packages/airflow/example_dags/example_setup_teardown_taskflow.py
[2024-04-16T21:04:46.909+0700] {processor.py:840} INFO - DAG(s) 'example_setup_teardown_taskflow' retrieved from /opt/homebrew/Caskroom/miniconda/base/lib/python3.11/site-packages/airflow/example_dags/example_setup_teardown_taskflow.py
[2024-04-16T21:04:46.972+0700] {logging_mixin.py:188} INFO - [2024-04-16T21:04:46.972+0700] {dag.py:3096} INFO - Sync 1 DAGs
[2024-04-16T21:04:46.981+0700] {logging_mixin.py:188} INFO - [2024-04-16T21:04:46.981+0700] {dag.py:3954} INFO - Setting next_dagrun for example_setup_teardown_taskflow to 2024-04-15 00:00:00+00:00, run_after=2024-04-16 00:00:00+00:00
[2024-04-16T21:04:46.992+0700] {processor.py:183} INFO - Processing /opt/homebrew/Caskroom/miniconda/base/lib/python3.11/site-packages/airflow/example_dags/example_setup_teardown_taskflow.py took 0.109 seconds
[2024-04-16T21:07:21.112+0700] {processor.py:161} INFO - Started process (PID=58233) to work on /opt/homebrew/Caskroom/miniconda/base/lib/python3.11/site-packages/airflow/example_dags/example_setup_teardown_taskflow.py
[2024-04-16T21:07:21.113+0700] {processor.py:830} INFO - Processing file /opt/homebrew/Caskroom/miniconda/base/lib/python3.11/site-packages/airflow/example_dags/example_setup_teardown_taskflow.py for tasks to queue
[2024-04-16T21:07:21.114+0700] {logging_mixin.py:188} INFO - [2024-04-16T21:07:21.113+0700] {dagbag.py:540} INFO - Filling up the DagBag from /opt/homebrew/Caskroom/miniconda/base/lib/python3.11/site-packages/airflow/example_dags/example_setup_teardown_taskflow.py
[2024-04-16T21:07:21.141+0700] {processor.py:840} INFO - DAG(s) 'example_setup_teardown_taskflow' retrieved from /opt/homebrew/Caskroom/miniconda/base/lib/python3.11/site-packages/airflow/example_dags/example_setup_teardown_taskflow.py
[2024-04-16T21:07:21.205+0700] {logging_mixin.py:188} INFO - [2024-04-16T21:07:21.205+0700] {dag.py:3096} INFO - Sync 1 DAGs
[2024-04-16T21:07:21.214+0700] {logging_mixin.py:188} INFO - [2024-04-16T21:07:21.214+0700] {dag.py:3954} INFO - Setting next_dagrun for example_setup_teardown_taskflow to 2024-04-15 00:00:00+00:00, run_after=2024-04-16 00:00:00+00:00
[2024-04-16T21:07:21.225+0700] {processor.py:183} INFO - Processing /opt/homebrew/Caskroom/miniconda/base/lib/python3.11/site-packages/airflow/example_dags/example_setup_teardown_taskflow.py took 0.114 seconds
[2024-04-16T21:09:58.173+0700] {processor.py:161} INFO - Started process (PID=58947) to work on /opt/homebrew/Caskroom/miniconda/base/lib/python3.11/site-packages/airflow/example_dags/example_setup_teardown_taskflow.py
[2024-04-16T21:09:58.175+0700] {processor.py:830} INFO - Processing file /opt/homebrew/Caskroom/miniconda/base/lib/python3.11/site-packages/airflow/example_dags/example_setup_teardown_taskflow.py for tasks to queue
[2024-04-16T21:09:58.175+0700] {logging_mixin.py:188} INFO - [2024-04-16T21:09:58.175+0700] {dagbag.py:540} INFO - Filling up the DagBag from /opt/homebrew/Caskroom/miniconda/base/lib/python3.11/site-packages/airflow/example_dags/example_setup_teardown_taskflow.py
[2024-04-16T21:09:58.200+0700] {processor.py:840} INFO - DAG(s) 'example_setup_teardown_taskflow' retrieved from /opt/homebrew/Caskroom/miniconda/base/lib/python3.11/site-packages/airflow/example_dags/example_setup_teardown_taskflow.py
[2024-04-16T21:09:58.264+0700] {logging_mixin.py:188} INFO - [2024-04-16T21:09:58.264+0700] {dag.py:3096} INFO - Sync 1 DAGs
[2024-04-16T21:09:58.274+0700] {logging_mixin.py:188} INFO - [2024-04-16T21:09:58.273+0700] {dag.py:3954} INFO - Setting next_dagrun for example_setup_teardown_taskflow to 2024-04-15 00:00:00+00:00, run_after=2024-04-16 00:00:00+00:00
[2024-04-16T21:09:58.286+0700] {processor.py:183} INFO - Processing /opt/homebrew/Caskroom/miniconda/base/lib/python3.11/site-packages/airflow/example_dags/example_setup_teardown_taskflow.py took 0.114 seconds
[2024-04-16T21:12:34.815+0700] {processor.py:161} INFO - Started process (PID=59660) to work on /opt/homebrew/Caskroom/miniconda/base/lib/python3.11/site-packages/airflow/example_dags/example_setup_teardown_taskflow.py
[2024-04-16T21:12:34.816+0700] {processor.py:830} INFO - Processing file /opt/homebrew/Caskroom/miniconda/base/lib/python3.11/site-packages/airflow/example_dags/example_setup_teardown_taskflow.py for tasks to queue
[2024-04-16T21:12:34.817+0700] {logging_mixin.py:188} INFO - [2024-04-16T21:12:34.817+0700] {dagbag.py:540} INFO - Filling up the DagBag from /opt/homebrew/Caskroom/miniconda/base/lib/python3.11/site-packages/airflow/example_dags/example_setup_teardown_taskflow.py
[2024-04-16T21:12:34.841+0700] {processor.py:840} INFO - DAG(s) 'example_setup_teardown_taskflow' retrieved from /opt/homebrew/Caskroom/miniconda/base/lib/python3.11/site-packages/airflow/example_dags/example_setup_teardown_taskflow.py
[2024-04-16T21:12:34.903+0700] {logging_mixin.py:188} INFO - [2024-04-16T21:12:34.903+0700] {dag.py:3096} INFO - Sync 1 DAGs
[2024-04-16T21:12:34.913+0700] {logging_mixin.py:188} INFO - [2024-04-16T21:12:34.913+0700] {dag.py:3954} INFO - Setting next_dagrun for example_setup_teardown_taskflow to 2024-04-15 00:00:00+00:00, run_after=2024-04-16 00:00:00+00:00
[2024-04-16T21:12:34.923+0700] {processor.py:183} INFO - Processing /opt/homebrew/Caskroom/miniconda/base/lib/python3.11/site-packages/airflow/example_dags/example_setup_teardown_taskflow.py took 0.111 seconds
[2024-04-16T21:15:12.495+0700] {processor.py:161} INFO - Started process (PID=60396) to work on /opt/homebrew/Caskroom/miniconda/base/lib/python3.11/site-packages/airflow/example_dags/example_setup_teardown_taskflow.py
[2024-04-16T21:15:12.496+0700] {processor.py:830} INFO - Processing file /opt/homebrew/Caskroom/miniconda/base/lib/python3.11/site-packages/airflow/example_dags/example_setup_teardown_taskflow.py for tasks to queue
[2024-04-16T21:15:12.496+0700] {logging_mixin.py:188} INFO - [2024-04-16T21:15:12.496+0700] {dagbag.py:540} INFO - Filling up the DagBag from /opt/homebrew/Caskroom/miniconda/base/lib/python3.11/site-packages/airflow/example_dags/example_setup_teardown_taskflow.py
[2024-04-16T21:15:12.521+0700] {processor.py:840} INFO - DAG(s) 'example_setup_teardown_taskflow' retrieved from /opt/homebrew/Caskroom/miniconda/base/lib/python3.11/site-packages/airflow/example_dags/example_setup_teardown_taskflow.py
[2024-04-16T21:15:12.585+0700] {logging_mixin.py:188} INFO - [2024-04-16T21:15:12.585+0700] {dag.py:3096} INFO - Sync 1 DAGs
[2024-04-16T21:15:12.595+0700] {logging_mixin.py:188} INFO - [2024-04-16T21:15:12.595+0700] {dag.py:3954} INFO - Setting next_dagrun for example_setup_teardown_taskflow to 2024-04-15 00:00:00+00:00, run_after=2024-04-16 00:00:00+00:00
[2024-04-16T21:15:12.606+0700] {processor.py:183} INFO - Processing /opt/homebrew/Caskroom/miniconda/base/lib/python3.11/site-packages/airflow/example_dags/example_setup_teardown_taskflow.py took 0.113 seconds
[2024-04-16T21:17:46.044+0700] {processor.py:161} INFO - Started process (PID=61090) to work on /opt/homebrew/Caskroom/miniconda/base/lib/python3.11/site-packages/airflow/example_dags/example_setup_teardown_taskflow.py
[2024-04-16T21:17:46.045+0700] {processor.py:830} INFO - Processing file /opt/homebrew/Caskroom/miniconda/base/lib/python3.11/site-packages/airflow/example_dags/example_setup_teardown_taskflow.py for tasks to queue
[2024-04-16T21:17:46.046+0700] {logging_mixin.py:188} INFO - [2024-04-16T21:17:46.045+0700] {dagbag.py:540} INFO - Filling up the DagBag from /opt/homebrew/Caskroom/miniconda/base/lib/python3.11/site-packages/airflow/example_dags/example_setup_teardown_taskflow.py
[2024-04-16T21:17:46.072+0700] {processor.py:840} INFO - DAG(s) 'example_setup_teardown_taskflow' retrieved from /opt/homebrew/Caskroom/miniconda/base/lib/python3.11/site-packages/airflow/example_dags/example_setup_teardown_taskflow.py
[2024-04-16T21:17:46.140+0700] {logging_mixin.py:188} INFO - [2024-04-16T21:17:46.140+0700] {dag.py:3096} INFO - Sync 1 DAGs
[2024-04-16T21:17:46.150+0700] {logging_mixin.py:188} INFO - [2024-04-16T21:17:46.150+0700] {dag.py:3954} INFO - Setting next_dagrun for example_setup_teardown_taskflow to 2024-04-15 00:00:00+00:00, run_after=2024-04-16 00:00:00+00:00
[2024-04-16T21:17:46.164+0700] {processor.py:183} INFO - Processing /opt/homebrew/Caskroom/miniconda/base/lib/python3.11/site-packages/airflow/example_dags/example_setup_teardown_taskflow.py took 0.122 seconds
[2024-04-16T21:20:18.025+0700] {processor.py:161} INFO - Started process (PID=61804) to work on /opt/homebrew/Caskroom/miniconda/base/lib/python3.11/site-packages/airflow/example_dags/example_setup_teardown_taskflow.py
[2024-04-16T21:20:18.026+0700] {processor.py:830} INFO - Processing file /opt/homebrew/Caskroom/miniconda/base/lib/python3.11/site-packages/airflow/example_dags/example_setup_teardown_taskflow.py for tasks to queue
[2024-04-16T21:20:18.026+0700] {logging_mixin.py:188} INFO - [2024-04-16T21:20:18.026+0700] {dagbag.py:540} INFO - Filling up the DagBag from /opt/homebrew/Caskroom/miniconda/base/lib/python3.11/site-packages/airflow/example_dags/example_setup_teardown_taskflow.py
[2024-04-16T21:20:18.053+0700] {processor.py:840} INFO - DAG(s) 'example_setup_teardown_taskflow' retrieved from /opt/homebrew/Caskroom/miniconda/base/lib/python3.11/site-packages/airflow/example_dags/example_setup_teardown_taskflow.py
[2024-04-16T21:20:18.118+0700] {logging_mixin.py:188} INFO - [2024-04-16T21:20:18.118+0700] {dag.py:3096} INFO - Sync 1 DAGs
[2024-04-16T21:20:18.128+0700] {logging_mixin.py:188} INFO - [2024-04-16T21:20:18.128+0700] {dag.py:3954} INFO - Setting next_dagrun for example_setup_teardown_taskflow to 2024-04-15 00:00:00+00:00, run_after=2024-04-16 00:00:00+00:00
[2024-04-16T21:20:18.138+0700] {processor.py:183} INFO - Processing /opt/homebrew/Caskroom/miniconda/base/lib/python3.11/site-packages/airflow/example_dags/example_setup_teardown_taskflow.py took 0.115 seconds
[2024-04-16T21:21:38.129+0700] {processor.py:161} INFO - Started process (PID=62162) to work on /opt/homebrew/Caskroom/miniconda/base/lib/python3.11/site-packages/airflow/example_dags/example_setup_teardown_taskflow.py
[2024-04-16T21:21:38.130+0700] {processor.py:830} INFO - Processing file /opt/homebrew/Caskroom/miniconda/base/lib/python3.11/site-packages/airflow/example_dags/example_setup_teardown_taskflow.py for tasks to queue
[2024-04-16T21:21:38.131+0700] {logging_mixin.py:188} INFO - [2024-04-16T21:21:38.131+0700] {dagbag.py:540} INFO - Filling up the DagBag from /opt/homebrew/Caskroom/miniconda/base/lib/python3.11/site-packages/airflow/example_dags/example_setup_teardown_taskflow.py
[2024-04-16T21:21:38.164+0700] {processor.py:840} INFO - DAG(s) 'example_setup_teardown_taskflow' retrieved from /opt/homebrew/Caskroom/miniconda/base/lib/python3.11/site-packages/airflow/example_dags/example_setup_teardown_taskflow.py
[2024-04-16T21:21:38.238+0700] {logging_mixin.py:188} INFO - [2024-04-16T21:21:38.238+0700] {dag.py:3096} INFO - Sync 1 DAGs
[2024-04-16T21:21:38.248+0700] {logging_mixin.py:188} INFO - [2024-04-16T21:21:38.248+0700] {dag.py:3954} INFO - Setting next_dagrun for example_setup_teardown_taskflow to 2024-04-15 00:00:00+00:00, run_after=2024-04-16 00:00:00+00:00
[2024-04-16T21:21:38.258+0700] {processor.py:183} INFO - Processing /opt/homebrew/Caskroom/miniconda/base/lib/python3.11/site-packages/airflow/example_dags/example_setup_teardown_taskflow.py took 0.132 seconds
[2024-04-16T21:23:09.982+0700] {processor.py:161} INFO - Started process (PID=62913) to work on /opt/homebrew/Caskroom/miniconda/base/lib/python3.11/site-packages/airflow/example_dags/example_setup_teardown_taskflow.py
[2024-04-16T21:23:09.983+0700] {processor.py:830} INFO - Processing file /opt/homebrew/Caskroom/miniconda/base/lib/python3.11/site-packages/airflow/example_dags/example_setup_teardown_taskflow.py for tasks to queue
[2024-04-16T21:23:09.983+0700] {logging_mixin.py:188} INFO - [2024-04-16T21:23:09.983+0700] {dagbag.py:540} INFO - Filling up the DagBag from /opt/homebrew/Caskroom/miniconda/base/lib/python3.11/site-packages/airflow/example_dags/example_setup_teardown_taskflow.py
[2024-04-16T21:23:10.011+0700] {processor.py:840} INFO - DAG(s) 'example_setup_teardown_taskflow' retrieved from /opt/homebrew/Caskroom/miniconda/base/lib/python3.11/site-packages/airflow/example_dags/example_setup_teardown_taskflow.py
[2024-04-16T21:23:10.080+0700] {logging_mixin.py:188} INFO - [2024-04-16T21:23:10.080+0700] {dag.py:3096} INFO - Sync 1 DAGs
[2024-04-16T21:23:10.091+0700] {logging_mixin.py:188} INFO - [2024-04-16T21:23:10.091+0700] {dag.py:3954} INFO - Setting next_dagrun for example_setup_teardown_taskflow to 2024-04-15 00:00:00+00:00, run_after=2024-04-16 00:00:00+00:00
[2024-04-16T21:23:10.104+0700] {processor.py:183} INFO - Processing /opt/homebrew/Caskroom/miniconda/base/lib/python3.11/site-packages/airflow/example_dags/example_setup_teardown_taskflow.py took 0.124 seconds
[2024-04-16T21:24:45.266+0700] {processor.py:161} INFO - Started process (PID=63731) to work on /opt/homebrew/Caskroom/miniconda/base/lib/python3.11/site-packages/airflow/example_dags/example_setup_teardown_taskflow.py
[2024-04-16T21:24:45.269+0700] {processor.py:830} INFO - Processing file /opt/homebrew/Caskroom/miniconda/base/lib/python3.11/site-packages/airflow/example_dags/example_setup_teardown_taskflow.py for tasks to queue
[2024-04-16T21:24:45.269+0700] {logging_mixin.py:188} INFO - [2024-04-16T21:24:45.269+0700] {dagbag.py:540} INFO - Filling up the DagBag from /opt/homebrew/Caskroom/miniconda/base/lib/python3.11/site-packages/airflow/example_dags/example_setup_teardown_taskflow.py
[2024-04-16T21:24:45.297+0700] {processor.py:840} INFO - DAG(s) 'example_setup_teardown_taskflow' retrieved from /opt/homebrew/Caskroom/miniconda/base/lib/python3.11/site-packages/airflow/example_dags/example_setup_teardown_taskflow.py
[2024-04-16T21:24:45.363+0700] {logging_mixin.py:188} INFO - [2024-04-16T21:24:45.363+0700] {dag.py:3096} INFO - Sync 1 DAGs
[2024-04-16T21:24:45.373+0700] {logging_mixin.py:188} INFO - [2024-04-16T21:24:45.373+0700] {dag.py:3954} INFO - Setting next_dagrun for example_setup_teardown_taskflow to 2024-04-15 00:00:00+00:00, run_after=2024-04-16 00:00:00+00:00
[2024-04-16T21:24:45.390+0700] {processor.py:183} INFO - Processing /opt/homebrew/Caskroom/miniconda/base/lib/python3.11/site-packages/airflow/example_dags/example_setup_teardown_taskflow.py took 0.127 seconds
[2024-04-16T21:26:12.421+0700] {processor.py:161} INFO - Started process (PID=64166) to work on /opt/homebrew/Caskroom/miniconda/base/lib/python3.11/site-packages/airflow/example_dags/example_setup_teardown_taskflow.py
[2024-04-16T21:26:12.422+0700] {processor.py:830} INFO - Processing file /opt/homebrew/Caskroom/miniconda/base/lib/python3.11/site-packages/airflow/example_dags/example_setup_teardown_taskflow.py for tasks to queue
[2024-04-16T21:26:12.422+0700] {logging_mixin.py:188} INFO - [2024-04-16T21:26:12.422+0700] {dagbag.py:540} INFO - Filling up the DagBag from /opt/homebrew/Caskroom/miniconda/base/lib/python3.11/site-packages/airflow/example_dags/example_setup_teardown_taskflow.py
[2024-04-16T21:26:12.447+0700] {processor.py:840} INFO - DAG(s) 'example_setup_teardown_taskflow' retrieved from /opt/homebrew/Caskroom/miniconda/base/lib/python3.11/site-packages/airflow/example_dags/example_setup_teardown_taskflow.py
[2024-04-16T21:26:12.513+0700] {logging_mixin.py:188} INFO - [2024-04-16T21:26:12.513+0700] {dag.py:3096} INFO - Sync 1 DAGs
[2024-04-16T21:26:12.523+0700] {logging_mixin.py:188} INFO - [2024-04-16T21:26:12.523+0700] {dag.py:3954} INFO - Setting next_dagrun for example_setup_teardown_taskflow to 2024-04-15 00:00:00+00:00, run_after=2024-04-16 00:00:00+00:00
[2024-04-16T21:26:12.537+0700] {processor.py:183} INFO - Processing /opt/homebrew/Caskroom/miniconda/base/lib/python3.11/site-packages/airflow/example_dags/example_setup_teardown_taskflow.py took 0.119 seconds
[2024-04-16T21:29:03.918+0700] {processor.py:161} INFO - Started process (PID=64992) to work on /opt/homebrew/Caskroom/miniconda/base/lib/python3.11/site-packages/airflow/example_dags/example_setup_teardown_taskflow.py
[2024-04-16T21:29:03.919+0700] {processor.py:830} INFO - Processing file /opt/homebrew/Caskroom/miniconda/base/lib/python3.11/site-packages/airflow/example_dags/example_setup_teardown_taskflow.py for tasks to queue
[2024-04-16T21:29:03.920+0700] {logging_mixin.py:188} INFO - [2024-04-16T21:29:03.920+0700] {dagbag.py:540} INFO - Filling up the DagBag from /opt/homebrew/Caskroom/miniconda/base/lib/python3.11/site-packages/airflow/example_dags/example_setup_teardown_taskflow.py
[2024-04-16T21:29:03.948+0700] {processor.py:840} INFO - DAG(s) 'example_setup_teardown_taskflow' retrieved from /opt/homebrew/Caskroom/miniconda/base/lib/python3.11/site-packages/airflow/example_dags/example_setup_teardown_taskflow.py
[2024-04-16T21:29:04.049+0700] {logging_mixin.py:188} INFO - [2024-04-16T21:29:04.049+0700] {dag.py:3096} INFO - Sync 1 DAGs
[2024-04-16T21:29:04.062+0700] {logging_mixin.py:188} INFO - [2024-04-16T21:29:04.062+0700] {dag.py:3954} INFO - Setting next_dagrun for example_setup_teardown_taskflow to 2024-04-15 00:00:00+00:00, run_after=2024-04-16 00:00:00+00:00
[2024-04-16T21:29:04.081+0700] {processor.py:183} INFO - Processing /opt/homebrew/Caskroom/miniconda/base/lib/python3.11/site-packages/airflow/example_dags/example_setup_teardown_taskflow.py took 0.164 seconds
[2024-04-16T21:31:50.486+0700] {processor.py:161} INFO - Started process (PID=65759) to work on /opt/homebrew/Caskroom/miniconda/base/lib/python3.11/site-packages/airflow/example_dags/example_setup_teardown_taskflow.py
[2024-04-16T21:31:50.487+0700] {processor.py:830} INFO - Processing file /opt/homebrew/Caskroom/miniconda/base/lib/python3.11/site-packages/airflow/example_dags/example_setup_teardown_taskflow.py for tasks to queue
[2024-04-16T21:31:50.488+0700] {logging_mixin.py:188} INFO - [2024-04-16T21:31:50.488+0700] {dagbag.py:540} INFO - Filling up the DagBag from /opt/homebrew/Caskroom/miniconda/base/lib/python3.11/site-packages/airflow/example_dags/example_setup_teardown_taskflow.py
[2024-04-16T21:31:50.513+0700] {processor.py:840} INFO - DAG(s) 'example_setup_teardown_taskflow' retrieved from /opt/homebrew/Caskroom/miniconda/base/lib/python3.11/site-packages/airflow/example_dags/example_setup_teardown_taskflow.py
[2024-04-16T21:31:50.578+0700] {logging_mixin.py:188} INFO - [2024-04-16T21:31:50.578+0700] {dag.py:3096} INFO - Sync 1 DAGs
[2024-04-16T21:31:50.588+0700] {logging_mixin.py:188} INFO - [2024-04-16T21:31:50.588+0700] {dag.py:3954} INFO - Setting next_dagrun for example_setup_teardown_taskflow to 2024-04-15 00:00:00+00:00, run_after=2024-04-16 00:00:00+00:00
[2024-04-16T21:31:50.598+0700] {processor.py:183} INFO - Processing /opt/homebrew/Caskroom/miniconda/base/lib/python3.11/site-packages/airflow/example_dags/example_setup_teardown_taskflow.py took 0.115 seconds
[2024-04-16T21:34:35.523+0700] {processor.py:161} INFO - Started process (PID=66532) to work on /opt/homebrew/Caskroom/miniconda/base/lib/python3.11/site-packages/airflow/example_dags/example_setup_teardown_taskflow.py
[2024-04-16T21:34:35.524+0700] {processor.py:830} INFO - Processing file /opt/homebrew/Caskroom/miniconda/base/lib/python3.11/site-packages/airflow/example_dags/example_setup_teardown_taskflow.py for tasks to queue
[2024-04-16T21:34:35.525+0700] {logging_mixin.py:188} INFO - [2024-04-16T21:34:35.525+0700] {dagbag.py:540} INFO - Filling up the DagBag from /opt/homebrew/Caskroom/miniconda/base/lib/python3.11/site-packages/airflow/example_dags/example_setup_teardown_taskflow.py
[2024-04-16T21:34:35.549+0700] {processor.py:840} INFO - DAG(s) 'example_setup_teardown_taskflow' retrieved from /opt/homebrew/Caskroom/miniconda/base/lib/python3.11/site-packages/airflow/example_dags/example_setup_teardown_taskflow.py
[2024-04-16T21:34:35.616+0700] {logging_mixin.py:188} INFO - [2024-04-16T21:34:35.615+0700] {dag.py:3096} INFO - Sync 1 DAGs
[2024-04-16T21:34:35.625+0700] {logging_mixin.py:188} INFO - [2024-04-16T21:34:35.625+0700] {dag.py:3954} INFO - Setting next_dagrun for example_setup_teardown_taskflow to 2024-04-15 00:00:00+00:00, run_after=2024-04-16 00:00:00+00:00
[2024-04-16T21:34:35.637+0700] {processor.py:183} INFO - Processing /opt/homebrew/Caskroom/miniconda/base/lib/python3.11/site-packages/airflow/example_dags/example_setup_teardown_taskflow.py took 0.115 seconds
[2024-04-16T21:37:14.626+0700] {processor.py:161} INFO - Started process (PID=67317) to work on /opt/homebrew/Caskroom/miniconda/base/lib/python3.11/site-packages/airflow/example_dags/example_setup_teardown_taskflow.py
[2024-04-16T21:37:14.627+0700] {processor.py:830} INFO - Processing file /opt/homebrew/Caskroom/miniconda/base/lib/python3.11/site-packages/airflow/example_dags/example_setup_teardown_taskflow.py for tasks to queue
[2024-04-16T21:37:14.628+0700] {logging_mixin.py:188} INFO - [2024-04-16T21:37:14.628+0700] {dagbag.py:540} INFO - Filling up the DagBag from /opt/homebrew/Caskroom/miniconda/base/lib/python3.11/site-packages/airflow/example_dags/example_setup_teardown_taskflow.py
[2024-04-16T21:37:14.653+0700] {processor.py:840} INFO - DAG(s) 'example_setup_teardown_taskflow' retrieved from /opt/homebrew/Caskroom/miniconda/base/lib/python3.11/site-packages/airflow/example_dags/example_setup_teardown_taskflow.py
[2024-04-16T21:37:14.717+0700] {logging_mixin.py:188} INFO - [2024-04-16T21:37:14.717+0700] {dag.py:3096} INFO - Sync 1 DAGs
[2024-04-16T21:37:14.727+0700] {logging_mixin.py:188} INFO - [2024-04-16T21:37:14.727+0700] {dag.py:3954} INFO - Setting next_dagrun for example_setup_teardown_taskflow to 2024-04-15 00:00:00+00:00, run_after=2024-04-16 00:00:00+00:00
[2024-04-16T21:37:14.738+0700] {processor.py:183} INFO - Processing /opt/homebrew/Caskroom/miniconda/base/lib/python3.11/site-packages/airflow/example_dags/example_setup_teardown_taskflow.py took 0.114 seconds
[2024-04-16T21:40:05.232+0700] {processor.py:161} INFO - Started process (PID=68254) to work on /opt/homebrew/Caskroom/miniconda/base/lib/python3.11/site-packages/airflow/example_dags/example_setup_teardown_taskflow.py
[2024-04-16T21:40:05.233+0700] {processor.py:830} INFO - Processing file /opt/homebrew/Caskroom/miniconda/base/lib/python3.11/site-packages/airflow/example_dags/example_setup_teardown_taskflow.py for tasks to queue
[2024-04-16T21:40:05.234+0700] {logging_mixin.py:188} INFO - [2024-04-16T21:40:05.234+0700] {dagbag.py:540} INFO - Filling up the DagBag from /opt/homebrew/Caskroom/miniconda/base/lib/python3.11/site-packages/airflow/example_dags/example_setup_teardown_taskflow.py
[2024-04-16T21:40:05.262+0700] {processor.py:840} INFO - DAG(s) 'example_setup_teardown_taskflow' retrieved from /opt/homebrew/Caskroom/miniconda/base/lib/python3.11/site-packages/airflow/example_dags/example_setup_teardown_taskflow.py
[2024-04-16T21:40:05.336+0700] {logging_mixin.py:188} INFO - [2024-04-16T21:40:05.336+0700] {dag.py:3096} INFO - Sync 1 DAGs
[2024-04-16T21:40:05.347+0700] {logging_mixin.py:188} INFO - [2024-04-16T21:40:05.346+0700] {dag.py:3954} INFO - Setting next_dagrun for example_setup_teardown_taskflow to 2024-04-15 00:00:00+00:00, run_after=2024-04-16 00:00:00+00:00
[2024-04-16T21:40:05.359+0700] {processor.py:183} INFO - Processing /opt/homebrew/Caskroom/miniconda/base/lib/python3.11/site-packages/airflow/example_dags/example_setup_teardown_taskflow.py took 0.129 seconds
[2024-04-16T21:41:42.846+0700] {processor.py:161} INFO - Started process (PID=68715) to work on /opt/homebrew/Caskroom/miniconda/base/lib/python3.11/site-packages/airflow/example_dags/example_setup_teardown_taskflow.py
[2024-04-16T21:41:42.848+0700] {processor.py:830} INFO - Processing file /opt/homebrew/Caskroom/miniconda/base/lib/python3.11/site-packages/airflow/example_dags/example_setup_teardown_taskflow.py for tasks to queue
[2024-04-16T21:41:42.848+0700] {logging_mixin.py:188} INFO - [2024-04-16T21:41:42.848+0700] {dagbag.py:540} INFO - Filling up the DagBag from /opt/homebrew/Caskroom/miniconda/base/lib/python3.11/site-packages/airflow/example_dags/example_setup_teardown_taskflow.py
[2024-04-16T21:41:42.876+0700] {processor.py:840} INFO - DAG(s) 'example_setup_teardown_taskflow' retrieved from /opt/homebrew/Caskroom/miniconda/base/lib/python3.11/site-packages/airflow/example_dags/example_setup_teardown_taskflow.py
[2024-04-16T21:41:42.952+0700] {logging_mixin.py:188} INFO - [2024-04-16T21:41:42.952+0700] {dag.py:3096} INFO - Sync 1 DAGs
[2024-04-16T21:41:42.966+0700] {logging_mixin.py:188} INFO - [2024-04-16T21:41:42.965+0700] {dag.py:3954} INFO - Setting next_dagrun for example_setup_teardown_taskflow to 2024-04-15 00:00:00+00:00, run_after=2024-04-16 00:00:00+00:00
[2024-04-16T21:41:42.981+0700] {processor.py:183} INFO - Processing /opt/homebrew/Caskroom/miniconda/base/lib/python3.11/site-packages/airflow/example_dags/example_setup_teardown_taskflow.py took 0.138 seconds
[2024-04-16T21:43:32.729+0700] {processor.py:161} INFO - Started process (PID=69217) to work on /opt/homebrew/Caskroom/miniconda/base/lib/python3.11/site-packages/airflow/example_dags/example_setup_teardown_taskflow.py
[2024-04-16T21:43:32.730+0700] {processor.py:830} INFO - Processing file /opt/homebrew/Caskroom/miniconda/base/lib/python3.11/site-packages/airflow/example_dags/example_setup_teardown_taskflow.py for tasks to queue
[2024-04-16T21:43:32.730+0700] {logging_mixin.py:188} INFO - [2024-04-16T21:43:32.730+0700] {dagbag.py:540} INFO - Filling up the DagBag from /opt/homebrew/Caskroom/miniconda/base/lib/python3.11/site-packages/airflow/example_dags/example_setup_teardown_taskflow.py
[2024-04-16T21:43:32.755+0700] {processor.py:840} INFO - DAG(s) 'example_setup_teardown_taskflow' retrieved from /opt/homebrew/Caskroom/miniconda/base/lib/python3.11/site-packages/airflow/example_dags/example_setup_teardown_taskflow.py
[2024-04-16T21:43:32.832+0700] {logging_mixin.py:188} INFO - [2024-04-16T21:43:32.832+0700] {dag.py:3096} INFO - Sync 1 DAGs
[2024-04-16T21:43:32.842+0700] {logging_mixin.py:188} INFO - [2024-04-16T21:43:32.842+0700] {dag.py:3954} INFO - Setting next_dagrun for example_setup_teardown_taskflow to 2024-04-15 00:00:00+00:00, run_after=2024-04-16 00:00:00+00:00
[2024-04-16T21:43:32.854+0700] {processor.py:183} INFO - Processing /opt/homebrew/Caskroom/miniconda/base/lib/python3.11/site-packages/airflow/example_dags/example_setup_teardown_taskflow.py took 0.127 seconds
[2024-04-16T21:45:08.110+0700] {processor.py:161} INFO - Started process (PID=69651) to work on /opt/homebrew/Caskroom/miniconda/base/lib/python3.11/site-packages/airflow/example_dags/example_setup_teardown_taskflow.py
[2024-04-16T21:45:08.111+0700] {processor.py:830} INFO - Processing file /opt/homebrew/Caskroom/miniconda/base/lib/python3.11/site-packages/airflow/example_dags/example_setup_teardown_taskflow.py for tasks to queue
[2024-04-16T21:45:08.111+0700] {logging_mixin.py:188} INFO - [2024-04-16T21:45:08.111+0700] {dagbag.py:540} INFO - Filling up the DagBag from /opt/homebrew/Caskroom/miniconda/base/lib/python3.11/site-packages/airflow/example_dags/example_setup_teardown_taskflow.py
[2024-04-16T21:45:08.139+0700] {processor.py:840} INFO - DAG(s) 'example_setup_teardown_taskflow' retrieved from /opt/homebrew/Caskroom/miniconda/base/lib/python3.11/site-packages/airflow/example_dags/example_setup_teardown_taskflow.py
[2024-04-16T21:45:08.201+0700] {logging_mixin.py:188} INFO - [2024-04-16T21:45:08.201+0700] {dag.py:3096} INFO - Sync 1 DAGs
[2024-04-16T21:45:08.211+0700] {logging_mixin.py:188} INFO - [2024-04-16T21:45:08.210+0700] {dag.py:3954} INFO - Setting next_dagrun for example_setup_teardown_taskflow to 2024-04-15 00:00:00+00:00, run_after=2024-04-16 00:00:00+00:00
[2024-04-16T21:45:08.222+0700] {processor.py:183} INFO - Processing /opt/homebrew/Caskroom/miniconda/base/lib/python3.11/site-packages/airflow/example_dags/example_setup_teardown_taskflow.py took 0.113 seconds
[2024-04-16T21:48:39.992+0700] {processor.py:161} INFO - Started process (PID=70588) to work on /opt/homebrew/Caskroom/miniconda/base/lib/python3.11/site-packages/airflow/example_dags/example_setup_teardown_taskflow.py
[2024-04-16T21:48:39.993+0700] {processor.py:830} INFO - Processing file /opt/homebrew/Caskroom/miniconda/base/lib/python3.11/site-packages/airflow/example_dags/example_setup_teardown_taskflow.py for tasks to queue
[2024-04-16T21:48:39.993+0700] {logging_mixin.py:188} INFO - [2024-04-16T21:48:39.993+0700] {dagbag.py:540} INFO - Filling up the DagBag from /opt/homebrew/Caskroom/miniconda/base/lib/python3.11/site-packages/airflow/example_dags/example_setup_teardown_taskflow.py
[2024-04-16T21:48:40.019+0700] {processor.py:840} INFO - DAG(s) 'example_setup_teardown_taskflow' retrieved from /opt/homebrew/Caskroom/miniconda/base/lib/python3.11/site-packages/airflow/example_dags/example_setup_teardown_taskflow.py
[2024-04-16T21:48:40.092+0700] {logging_mixin.py:188} INFO - [2024-04-16T21:48:40.092+0700] {dag.py:3096} INFO - Sync 1 DAGs
[2024-04-16T21:48:40.102+0700] {logging_mixin.py:188} INFO - [2024-04-16T21:48:40.102+0700] {dag.py:3954} INFO - Setting next_dagrun for example_setup_teardown_taskflow to 2024-04-15 00:00:00+00:00, run_after=2024-04-16 00:00:00+00:00
[2024-04-16T21:48:40.113+0700] {processor.py:183} INFO - Processing /opt/homebrew/Caskroom/miniconda/base/lib/python3.11/site-packages/airflow/example_dags/example_setup_teardown_taskflow.py took 0.124 seconds
[2024-04-16T21:50:34.245+0700] {processor.py:161} INFO - Started process (PID=71173) to work on /opt/homebrew/Caskroom/miniconda/base/lib/python3.11/site-packages/airflow/example_dags/example_setup_teardown_taskflow.py
[2024-04-16T21:50:34.247+0700] {processor.py:830} INFO - Processing file /opt/homebrew/Caskroom/miniconda/base/lib/python3.11/site-packages/airflow/example_dags/example_setup_teardown_taskflow.py for tasks to queue
[2024-04-16T21:50:34.247+0700] {logging_mixin.py:188} INFO - [2024-04-16T21:50:34.247+0700] {dagbag.py:540} INFO - Filling up the DagBag from /opt/homebrew/Caskroom/miniconda/base/lib/python3.11/site-packages/airflow/example_dags/example_setup_teardown_taskflow.py
[2024-04-16T21:50:34.272+0700] {processor.py:840} INFO - DAG(s) 'example_setup_teardown_taskflow' retrieved from /opt/homebrew/Caskroom/miniconda/base/lib/python3.11/site-packages/airflow/example_dags/example_setup_teardown_taskflow.py
[2024-04-16T21:50:34.336+0700] {logging_mixin.py:188} INFO - [2024-04-16T21:50:34.336+0700] {dag.py:3096} INFO - Sync 1 DAGs
[2024-04-16T21:50:34.345+0700] {logging_mixin.py:188} INFO - [2024-04-16T21:50:34.345+0700] {dag.py:3954} INFO - Setting next_dagrun for example_setup_teardown_taskflow to 2024-04-15 00:00:00+00:00, run_after=2024-04-16 00:00:00+00:00
[2024-04-16T21:50:34.357+0700] {processor.py:183} INFO - Processing /opt/homebrew/Caskroom/miniconda/base/lib/python3.11/site-packages/airflow/example_dags/example_setup_teardown_taskflow.py took 0.114 seconds
[2024-04-16T21:53:02.125+0700] {processor.py:161} INFO - Started process (PID=72138) to work on /opt/homebrew/Caskroom/miniconda/base/lib/python3.11/site-packages/airflow/example_dags/example_setup_teardown_taskflow.py
[2024-04-16T21:53:02.126+0700] {processor.py:830} INFO - Processing file /opt/homebrew/Caskroom/miniconda/base/lib/python3.11/site-packages/airflow/example_dags/example_setup_teardown_taskflow.py for tasks to queue
[2024-04-16T21:53:02.128+0700] {logging_mixin.py:188} INFO - [2024-04-16T21:53:02.127+0700] {dagbag.py:540} INFO - Filling up the DagBag from /opt/homebrew/Caskroom/miniconda/base/lib/python3.11/site-packages/airflow/example_dags/example_setup_teardown_taskflow.py
[2024-04-16T21:53:02.156+0700] {processor.py:840} INFO - DAG(s) 'example_setup_teardown_taskflow' retrieved from /opt/homebrew/Caskroom/miniconda/base/lib/python3.11/site-packages/airflow/example_dags/example_setup_teardown_taskflow.py
[2024-04-16T21:53:02.221+0700] {logging_mixin.py:188} INFO - [2024-04-16T21:53:02.221+0700] {dag.py:3096} INFO - Sync 1 DAGs
[2024-04-16T21:53:02.232+0700] {logging_mixin.py:188} INFO - [2024-04-16T21:53:02.232+0700] {dag.py:3954} INFO - Setting next_dagrun for example_setup_teardown_taskflow to 2024-04-15 00:00:00+00:00, run_after=2024-04-16 00:00:00+00:00
[2024-04-16T21:53:02.244+0700] {processor.py:183} INFO - Processing /opt/homebrew/Caskroom/miniconda/base/lib/python3.11/site-packages/airflow/example_dags/example_setup_teardown_taskflow.py took 0.123 seconds
[2024-04-16T21:55:03.759+0700] {processor.py:161} INFO - Started process (PID=72785) to work on /opt/homebrew/Caskroom/miniconda/base/lib/python3.11/site-packages/airflow/example_dags/example_setup_teardown_taskflow.py
[2024-04-16T21:55:03.760+0700] {processor.py:830} INFO - Processing file /opt/homebrew/Caskroom/miniconda/base/lib/python3.11/site-packages/airflow/example_dags/example_setup_teardown_taskflow.py for tasks to queue
[2024-04-16T21:55:03.760+0700] {logging_mixin.py:188} INFO - [2024-04-16T21:55:03.760+0700] {dagbag.py:540} INFO - Filling up the DagBag from /opt/homebrew/Caskroom/miniconda/base/lib/python3.11/site-packages/airflow/example_dags/example_setup_teardown_taskflow.py
[2024-04-16T21:55:03.784+0700] {processor.py:840} INFO - DAG(s) 'example_setup_teardown_taskflow' retrieved from /opt/homebrew/Caskroom/miniconda/base/lib/python3.11/site-packages/airflow/example_dags/example_setup_teardown_taskflow.py
[2024-04-16T21:55:03.850+0700] {logging_mixin.py:188} INFO - [2024-04-16T21:55:03.849+0700] {dag.py:3096} INFO - Sync 1 DAGs
[2024-04-16T21:55:03.859+0700] {logging_mixin.py:188} INFO - [2024-04-16T21:55:03.859+0700] {dag.py:3954} INFO - Setting next_dagrun for example_setup_teardown_taskflow to 2024-04-15 00:00:00+00:00, run_after=2024-04-16 00:00:00+00:00
[2024-04-16T21:55:03.869+0700] {processor.py:183} INFO - Processing /opt/homebrew/Caskroom/miniconda/base/lib/python3.11/site-packages/airflow/example_dags/example_setup_teardown_taskflow.py took 0.113 seconds
[2024-04-16T21:56:42.141+0700] {processor.py:161} INFO - Started process (PID=73227) to work on /opt/homebrew/Caskroom/miniconda/base/lib/python3.11/site-packages/airflow/example_dags/example_setup_teardown_taskflow.py
[2024-04-16T21:56:42.142+0700] {processor.py:830} INFO - Processing file /opt/homebrew/Caskroom/miniconda/base/lib/python3.11/site-packages/airflow/example_dags/example_setup_teardown_taskflow.py for tasks to queue
[2024-04-16T21:56:42.143+0700] {logging_mixin.py:188} INFO - [2024-04-16T21:56:42.143+0700] {dagbag.py:540} INFO - Filling up the DagBag from /opt/homebrew/Caskroom/miniconda/base/lib/python3.11/site-packages/airflow/example_dags/example_setup_teardown_taskflow.py
[2024-04-16T21:56:42.209+0700] {processor.py:840} INFO - DAG(s) 'example_setup_teardown_taskflow' retrieved from /opt/homebrew/Caskroom/miniconda/base/lib/python3.11/site-packages/airflow/example_dags/example_setup_teardown_taskflow.py
[2024-04-16T21:56:42.402+0700] {logging_mixin.py:188} INFO - [2024-04-16T21:56:42.401+0700] {dag.py:3096} INFO - Sync 1 DAGs
[2024-04-16T21:56:42.431+0700] {logging_mixin.py:188} INFO - [2024-04-16T21:56:42.430+0700] {dag.py:3954} INFO - Setting next_dagrun for example_setup_teardown_taskflow to 2024-04-15 00:00:00+00:00, run_after=2024-04-16 00:00:00+00:00
[2024-04-16T21:56:42.462+0700] {processor.py:183} INFO - Processing /opt/homebrew/Caskroom/miniconda/base/lib/python3.11/site-packages/airflow/example_dags/example_setup_teardown_taskflow.py took 0.325 seconds
[2024-04-16T21:58:08.019+0700] {processor.py:161} INFO - Started process (PID=73730) to work on /opt/homebrew/Caskroom/miniconda/base/lib/python3.11/site-packages/airflow/example_dags/example_setup_teardown_taskflow.py
[2024-04-16T21:58:08.020+0700] {processor.py:830} INFO - Processing file /opt/homebrew/Caskroom/miniconda/base/lib/python3.11/site-packages/airflow/example_dags/example_setup_teardown_taskflow.py for tasks to queue
[2024-04-16T21:58:08.020+0700] {logging_mixin.py:188} INFO - [2024-04-16T21:58:08.020+0700] {dagbag.py:540} INFO - Filling up the DagBag from /opt/homebrew/Caskroom/miniconda/base/lib/python3.11/site-packages/airflow/example_dags/example_setup_teardown_taskflow.py
[2024-04-16T21:58:08.045+0700] {processor.py:840} INFO - DAG(s) 'example_setup_teardown_taskflow' retrieved from /opt/homebrew/Caskroom/miniconda/base/lib/python3.11/site-packages/airflow/example_dags/example_setup_teardown_taskflow.py
[2024-04-16T21:58:08.112+0700] {logging_mixin.py:188} INFO - [2024-04-16T21:58:08.112+0700] {dag.py:3096} INFO - Sync 1 DAGs
[2024-04-16T21:58:08.122+0700] {logging_mixin.py:188} INFO - [2024-04-16T21:58:08.122+0700] {dag.py:3954} INFO - Setting next_dagrun for example_setup_teardown_taskflow to 2024-04-15 00:00:00+00:00, run_after=2024-04-16 00:00:00+00:00
[2024-04-16T21:58:08.136+0700] {processor.py:183} INFO - Processing /opt/homebrew/Caskroom/miniconda/base/lib/python3.11/site-packages/airflow/example_dags/example_setup_teardown_taskflow.py took 0.119 seconds
[2024-04-16T21:59:37.427+0700] {processor.py:161} INFO - Started process (PID=74512) to work on /opt/homebrew/Caskroom/miniconda/base/lib/python3.11/site-packages/airflow/example_dags/example_setup_teardown_taskflow.py
[2024-04-16T21:59:37.427+0700] {processor.py:830} INFO - Processing file /opt/homebrew/Caskroom/miniconda/base/lib/python3.11/site-packages/airflow/example_dags/example_setup_teardown_taskflow.py for tasks to queue
[2024-04-16T21:59:37.428+0700] {logging_mixin.py:188} INFO - [2024-04-16T21:59:37.428+0700] {dagbag.py:540} INFO - Filling up the DagBag from /opt/homebrew/Caskroom/miniconda/base/lib/python3.11/site-packages/airflow/example_dags/example_setup_teardown_taskflow.py
[2024-04-16T21:59:37.462+0700] {processor.py:840} INFO - DAG(s) 'example_setup_teardown_taskflow' retrieved from /opt/homebrew/Caskroom/miniconda/base/lib/python3.11/site-packages/airflow/example_dags/example_setup_teardown_taskflow.py
[2024-04-16T21:59:37.532+0700] {logging_mixin.py:188} INFO - [2024-04-16T21:59:37.532+0700] {dag.py:3096} INFO - Sync 1 DAGs
[2024-04-16T21:59:37.544+0700] {logging_mixin.py:188} INFO - [2024-04-16T21:59:37.543+0700] {dag.py:3954} INFO - Setting next_dagrun for example_setup_teardown_taskflow to 2024-04-15 00:00:00+00:00, run_after=2024-04-16 00:00:00+00:00
[2024-04-16T21:59:37.557+0700] {processor.py:183} INFO - Processing /opt/homebrew/Caskroom/miniconda/base/lib/python3.11/site-packages/airflow/example_dags/example_setup_teardown_taskflow.py took 0.133 seconds
[2024-04-16T22:01:01.394+0700] {processor.py:161} INFO - Started process (PID=74925) to work on /opt/homebrew/Caskroom/miniconda/base/lib/python3.11/site-packages/airflow/example_dags/example_setup_teardown_taskflow.py
[2024-04-16T22:01:01.396+0700] {processor.py:830} INFO - Processing file /opt/homebrew/Caskroom/miniconda/base/lib/python3.11/site-packages/airflow/example_dags/example_setup_teardown_taskflow.py for tasks to queue
[2024-04-16T22:01:01.397+0700] {logging_mixin.py:188} INFO - [2024-04-16T22:01:01.397+0700] {dagbag.py:540} INFO - Filling up the DagBag from /opt/homebrew/Caskroom/miniconda/base/lib/python3.11/site-packages/airflow/example_dags/example_setup_teardown_taskflow.py
[2024-04-16T22:01:01.423+0700] {processor.py:840} INFO - DAG(s) 'example_setup_teardown_taskflow' retrieved from /opt/homebrew/Caskroom/miniconda/base/lib/python3.11/site-packages/airflow/example_dags/example_setup_teardown_taskflow.py
[2024-04-16T22:01:01.488+0700] {logging_mixin.py:188} INFO - [2024-04-16T22:01:01.488+0700] {dag.py:3096} INFO - Sync 1 DAGs
[2024-04-16T22:01:01.497+0700] {logging_mixin.py:188} INFO - [2024-04-16T22:01:01.497+0700] {dag.py:3954} INFO - Setting next_dagrun for example_setup_teardown_taskflow to 2024-04-15 00:00:00+00:00, run_after=2024-04-16 00:00:00+00:00
[2024-04-16T22:01:01.508+0700] {processor.py:183} INFO - Processing /opt/homebrew/Caskroom/miniconda/base/lib/python3.11/site-packages/airflow/example_dags/example_setup_teardown_taskflow.py took 0.115 seconds
[2024-04-16T22:02:27.093+0700] {processor.py:161} INFO - Started process (PID=75434) to work on /opt/homebrew/Caskroom/miniconda/base/lib/python3.11/site-packages/airflow/example_dags/example_setup_teardown_taskflow.py
[2024-04-16T22:02:27.094+0700] {processor.py:830} INFO - Processing file /opt/homebrew/Caskroom/miniconda/base/lib/python3.11/site-packages/airflow/example_dags/example_setup_teardown_taskflow.py for tasks to queue
[2024-04-16T22:02:27.095+0700] {logging_mixin.py:188} INFO - [2024-04-16T22:02:27.095+0700] {dagbag.py:540} INFO - Filling up the DagBag from /opt/homebrew/Caskroom/miniconda/base/lib/python3.11/site-packages/airflow/example_dags/example_setup_teardown_taskflow.py
[2024-04-16T22:02:27.121+0700] {processor.py:840} INFO - DAG(s) 'example_setup_teardown_taskflow' retrieved from /opt/homebrew/Caskroom/miniconda/base/lib/python3.11/site-packages/airflow/example_dags/example_setup_teardown_taskflow.py
[2024-04-16T22:02:27.187+0700] {logging_mixin.py:188} INFO - [2024-04-16T22:02:27.187+0700] {dag.py:3096} INFO - Sync 1 DAGs
[2024-04-16T22:02:27.197+0700] {logging_mixin.py:188} INFO - [2024-04-16T22:02:27.197+0700] {dag.py:3954} INFO - Setting next_dagrun for example_setup_teardown_taskflow to 2024-04-15 00:00:00+00:00, run_after=2024-04-16 00:00:00+00:00
[2024-04-16T22:02:27.208+0700] {processor.py:183} INFO - Processing /opt/homebrew/Caskroom/miniconda/base/lib/python3.11/site-packages/airflow/example_dags/example_setup_teardown_taskflow.py took 0.117 seconds
[2024-04-16T22:03:54.742+0700] {processor.py:161} INFO - Started process (PID=75906) to work on /opt/homebrew/Caskroom/miniconda/base/lib/python3.11/site-packages/airflow/example_dags/example_setup_teardown_taskflow.py
[2024-04-16T22:03:54.743+0700] {processor.py:830} INFO - Processing file /opt/homebrew/Caskroom/miniconda/base/lib/python3.11/site-packages/airflow/example_dags/example_setup_teardown_taskflow.py for tasks to queue
[2024-04-16T22:03:54.743+0700] {logging_mixin.py:188} INFO - [2024-04-16T22:03:54.743+0700] {dagbag.py:540} INFO - Filling up the DagBag from /opt/homebrew/Caskroom/miniconda/base/lib/python3.11/site-packages/airflow/example_dags/example_setup_teardown_taskflow.py
[2024-04-16T22:03:54.768+0700] {processor.py:840} INFO - DAG(s) 'example_setup_teardown_taskflow' retrieved from /opt/homebrew/Caskroom/miniconda/base/lib/python3.11/site-packages/airflow/example_dags/example_setup_teardown_taskflow.py
[2024-04-16T22:03:54.831+0700] {logging_mixin.py:188} INFO - [2024-04-16T22:03:54.831+0700] {dag.py:3096} INFO - Sync 1 DAGs
[2024-04-16T22:03:54.841+0700] {logging_mixin.py:188} INFO - [2024-04-16T22:03:54.841+0700] {dag.py:3954} INFO - Setting next_dagrun for example_setup_teardown_taskflow to 2024-04-15 00:00:00+00:00, run_after=2024-04-16 00:00:00+00:00
[2024-04-16T22:03:54.852+0700] {processor.py:183} INFO - Processing /opt/homebrew/Caskroom/miniconda/base/lib/python3.11/site-packages/airflow/example_dags/example_setup_teardown_taskflow.py took 0.111 seconds
[2024-04-16T22:05:23.291+0700] {processor.py:161} INFO - Started process (PID=76326) to work on /opt/homebrew/Caskroom/miniconda/base/lib/python3.11/site-packages/airflow/example_dags/example_setup_teardown_taskflow.py
[2024-04-16T22:05:23.292+0700] {processor.py:830} INFO - Processing file /opt/homebrew/Caskroom/miniconda/base/lib/python3.11/site-packages/airflow/example_dags/example_setup_teardown_taskflow.py for tasks to queue
[2024-04-16T22:05:23.293+0700] {logging_mixin.py:188} INFO - [2024-04-16T22:05:23.293+0700] {dagbag.py:540} INFO - Filling up the DagBag from /opt/homebrew/Caskroom/miniconda/base/lib/python3.11/site-packages/airflow/example_dags/example_setup_teardown_taskflow.py
[2024-04-16T22:05:23.319+0700] {processor.py:840} INFO - DAG(s) 'example_setup_teardown_taskflow' retrieved from /opt/homebrew/Caskroom/miniconda/base/lib/python3.11/site-packages/airflow/example_dags/example_setup_teardown_taskflow.py
[2024-04-16T22:05:23.386+0700] {logging_mixin.py:188} INFO - [2024-04-16T22:05:23.386+0700] {dag.py:3096} INFO - Sync 1 DAGs
[2024-04-16T22:05:23.396+0700] {logging_mixin.py:188} INFO - [2024-04-16T22:05:23.396+0700] {dag.py:3954} INFO - Setting next_dagrun for example_setup_teardown_taskflow to 2024-04-15 00:00:00+00:00, run_after=2024-04-16 00:00:00+00:00
[2024-04-16T22:05:23.409+0700] {processor.py:183} INFO - Processing /opt/homebrew/Caskroom/miniconda/base/lib/python3.11/site-packages/airflow/example_dags/example_setup_teardown_taskflow.py took 0.120 seconds
[2024-04-16T22:06:59.847+0700] {processor.py:161} INFO - Started process (PID=76972) to work on /opt/homebrew/Caskroom/miniconda/base/lib/python3.11/site-packages/airflow/example_dags/example_setup_teardown_taskflow.py
[2024-04-16T22:06:59.848+0700] {processor.py:830} INFO - Processing file /opt/homebrew/Caskroom/miniconda/base/lib/python3.11/site-packages/airflow/example_dags/example_setup_teardown_taskflow.py for tasks to queue
[2024-04-16T22:06:59.850+0700] {logging_mixin.py:188} INFO - [2024-04-16T22:06:59.850+0700] {dagbag.py:540} INFO - Filling up the DagBag from /opt/homebrew/Caskroom/miniconda/base/lib/python3.11/site-packages/airflow/example_dags/example_setup_teardown_taskflow.py
[2024-04-16T22:06:59.898+0700] {processor.py:840} INFO - DAG(s) 'example_setup_teardown_taskflow' retrieved from /opt/homebrew/Caskroom/miniconda/base/lib/python3.11/site-packages/airflow/example_dags/example_setup_teardown_taskflow.py
[2024-04-16T22:07:00.033+0700] {logging_mixin.py:188} INFO - [2024-04-16T22:07:00.033+0700] {dag.py:3096} INFO - Sync 1 DAGs
[2024-04-16T22:07:00.052+0700] {logging_mixin.py:188} INFO - [2024-04-16T22:07:00.052+0700] {dag.py:3954} INFO - Setting next_dagrun for example_setup_teardown_taskflow to 2024-04-15 00:00:00+00:00, run_after=2024-04-16 00:00:00+00:00
[2024-04-16T22:07:00.073+0700] {processor.py:183} INFO - Processing /opt/homebrew/Caskroom/miniconda/base/lib/python3.11/site-packages/airflow/example_dags/example_setup_teardown_taskflow.py took 0.229 seconds
[2024-04-16T22:08:46.484+0700] {processor.py:161} INFO - Started process (PID=77570) to work on /opt/homebrew/Caskroom/miniconda/base/lib/python3.11/site-packages/airflow/example_dags/example_setup_teardown_taskflow.py
[2024-04-16T22:08:46.485+0700] {processor.py:830} INFO - Processing file /opt/homebrew/Caskroom/miniconda/base/lib/python3.11/site-packages/airflow/example_dags/example_setup_teardown_taskflow.py for tasks to queue
[2024-04-16T22:08:46.485+0700] {logging_mixin.py:188} INFO - [2024-04-16T22:08:46.485+0700] {dagbag.py:540} INFO - Filling up the DagBag from /opt/homebrew/Caskroom/miniconda/base/lib/python3.11/site-packages/airflow/example_dags/example_setup_teardown_taskflow.py
[2024-04-16T22:08:46.517+0700] {processor.py:840} INFO - DAG(s) 'example_setup_teardown_taskflow' retrieved from /opt/homebrew/Caskroom/miniconda/base/lib/python3.11/site-packages/airflow/example_dags/example_setup_teardown_taskflow.py
[2024-04-16T22:08:46.581+0700] {logging_mixin.py:188} INFO - [2024-04-16T22:08:46.581+0700] {dag.py:3096} INFO - Sync 1 DAGs
[2024-04-16T22:08:46.592+0700] {logging_mixin.py:188} INFO - [2024-04-16T22:08:46.591+0700] {dag.py:3954} INFO - Setting next_dagrun for example_setup_teardown_taskflow to 2024-04-15 00:00:00+00:00, run_after=2024-04-16 00:00:00+00:00
[2024-04-16T22:08:46.603+0700] {processor.py:183} INFO - Processing /opt/homebrew/Caskroom/miniconda/base/lib/python3.11/site-packages/airflow/example_dags/example_setup_teardown_taskflow.py took 0.124 seconds
[2024-04-16T22:10:22.395+0700] {processor.py:161} INFO - Started process (PID=78177) to work on /opt/homebrew/Caskroom/miniconda/base/lib/python3.11/site-packages/airflow/example_dags/example_setup_teardown_taskflow.py
[2024-04-16T22:10:22.397+0700] {processor.py:830} INFO - Processing file /opt/homebrew/Caskroom/miniconda/base/lib/python3.11/site-packages/airflow/example_dags/example_setup_teardown_taskflow.py for tasks to queue
[2024-04-16T22:10:22.397+0700] {logging_mixin.py:188} INFO - [2024-04-16T22:10:22.397+0700] {dagbag.py:540} INFO - Filling up the DagBag from /opt/homebrew/Caskroom/miniconda/base/lib/python3.11/site-packages/airflow/example_dags/example_setup_teardown_taskflow.py
[2024-04-16T22:10:22.425+0700] {processor.py:840} INFO - DAG(s) 'example_setup_teardown_taskflow' retrieved from /opt/homebrew/Caskroom/miniconda/base/lib/python3.11/site-packages/airflow/example_dags/example_setup_teardown_taskflow.py
[2024-04-16T22:10:22.488+0700] {logging_mixin.py:188} INFO - [2024-04-16T22:10:22.488+0700] {dag.py:3096} INFO - Sync 1 DAGs
[2024-04-16T22:10:22.498+0700] {logging_mixin.py:188} INFO - [2024-04-16T22:10:22.498+0700] {dag.py:3954} INFO - Setting next_dagrun for example_setup_teardown_taskflow to 2024-04-15 00:00:00+00:00, run_after=2024-04-16 00:00:00+00:00
[2024-04-16T22:10:22.509+0700] {processor.py:183} INFO - Processing /opt/homebrew/Caskroom/miniconda/base/lib/python3.11/site-packages/airflow/example_dags/example_setup_teardown_taskflow.py took 0.117 seconds
[2024-04-16T22:12:05.100+0700] {processor.py:161} INFO - Started process (PID=78718) to work on /opt/homebrew/Caskroom/miniconda/base/lib/python3.11/site-packages/airflow/example_dags/example_setup_teardown_taskflow.py
[2024-04-16T22:12:05.101+0700] {processor.py:830} INFO - Processing file /opt/homebrew/Caskroom/miniconda/base/lib/python3.11/site-packages/airflow/example_dags/example_setup_teardown_taskflow.py for tasks to queue
[2024-04-16T22:12:05.101+0700] {logging_mixin.py:188} INFO - [2024-04-16T22:12:05.101+0700] {dagbag.py:540} INFO - Filling up the DagBag from /opt/homebrew/Caskroom/miniconda/base/lib/python3.11/site-packages/airflow/example_dags/example_setup_teardown_taskflow.py
[2024-04-16T22:12:05.146+0700] {processor.py:840} INFO - DAG(s) 'example_setup_teardown_taskflow' retrieved from /opt/homebrew/Caskroom/miniconda/base/lib/python3.11/site-packages/airflow/example_dags/example_setup_teardown_taskflow.py
[2024-04-16T22:12:05.255+0700] {logging_mixin.py:188} INFO - [2024-04-16T22:12:05.255+0700] {dag.py:3096} INFO - Sync 1 DAGs
[2024-04-16T22:12:05.272+0700] {logging_mixin.py:188} INFO - [2024-04-16T22:12:05.272+0700] {dag.py:3954} INFO - Setting next_dagrun for example_setup_teardown_taskflow to 2024-04-15 00:00:00+00:00, run_after=2024-04-16 00:00:00+00:00
[2024-04-16T22:12:05.297+0700] {processor.py:183} INFO - Processing /opt/homebrew/Caskroom/miniconda/base/lib/python3.11/site-packages/airflow/example_dags/example_setup_teardown_taskflow.py took 0.199 seconds
[2024-04-16T22:13:39.239+0700] {processor.py:161} INFO - Started process (PID=79232) to work on /opt/homebrew/Caskroom/miniconda/base/lib/python3.11/site-packages/airflow/example_dags/example_setup_teardown_taskflow.py
[2024-04-16T22:13:39.241+0700] {processor.py:830} INFO - Processing file /opt/homebrew/Caskroom/miniconda/base/lib/python3.11/site-packages/airflow/example_dags/example_setup_teardown_taskflow.py for tasks to queue
[2024-04-16T22:13:39.241+0700] {logging_mixin.py:188} INFO - [2024-04-16T22:13:39.241+0700] {dagbag.py:540} INFO - Filling up the DagBag from /opt/homebrew/Caskroom/miniconda/base/lib/python3.11/site-packages/airflow/example_dags/example_setup_teardown_taskflow.py
[2024-04-16T22:13:39.269+0700] {processor.py:840} INFO - DAG(s) 'example_setup_teardown_taskflow' retrieved from /opt/homebrew/Caskroom/miniconda/base/lib/python3.11/site-packages/airflow/example_dags/example_setup_teardown_taskflow.py
[2024-04-16T22:13:39.341+0700] {logging_mixin.py:188} INFO - [2024-04-16T22:13:39.341+0700] {dag.py:3096} INFO - Sync 1 DAGs
[2024-04-16T22:13:39.351+0700] {logging_mixin.py:188} INFO - [2024-04-16T22:13:39.351+0700] {dag.py:3954} INFO - Setting next_dagrun for example_setup_teardown_taskflow to 2024-04-15 00:00:00+00:00, run_after=2024-04-16 00:00:00+00:00
[2024-04-16T22:13:39.364+0700] {processor.py:183} INFO - Processing /opt/homebrew/Caskroom/miniconda/base/lib/python3.11/site-packages/airflow/example_dags/example_setup_teardown_taskflow.py took 0.127 seconds
[2024-04-16T22:15:31.765+0700] {processor.py:161} INFO - Started process (PID=79765) to work on /opt/homebrew/Caskroom/miniconda/base/lib/python3.11/site-packages/airflow/example_dags/example_setup_teardown_taskflow.py
[2024-04-16T22:15:31.767+0700] {processor.py:830} INFO - Processing file /opt/homebrew/Caskroom/miniconda/base/lib/python3.11/site-packages/airflow/example_dags/example_setup_teardown_taskflow.py for tasks to queue
[2024-04-16T22:15:31.768+0700] {logging_mixin.py:188} INFO - [2024-04-16T22:15:31.768+0700] {dagbag.py:540} INFO - Filling up the DagBag from /opt/homebrew/Caskroom/miniconda/base/lib/python3.11/site-packages/airflow/example_dags/example_setup_teardown_taskflow.py
[2024-04-16T22:15:31.819+0700] {processor.py:840} INFO - DAG(s) 'example_setup_teardown_taskflow' retrieved from /opt/homebrew/Caskroom/miniconda/base/lib/python3.11/site-packages/airflow/example_dags/example_setup_teardown_taskflow.py
[2024-04-16T22:15:31.906+0700] {logging_mixin.py:188} INFO - [2024-04-16T22:15:31.906+0700] {dag.py:3096} INFO - Sync 1 DAGs
[2024-04-16T22:15:31.918+0700] {logging_mixin.py:188} INFO - [2024-04-16T22:15:31.918+0700] {dag.py:3954} INFO - Setting next_dagrun for example_setup_teardown_taskflow to 2024-04-15 00:00:00+00:00, run_after=2024-04-16 00:00:00+00:00
[2024-04-16T22:15:31.933+0700] {processor.py:183} INFO - Processing /opt/homebrew/Caskroom/miniconda/base/lib/python3.11/site-packages/airflow/example_dags/example_setup_teardown_taskflow.py took 0.173 seconds
[2024-04-16T22:19:30.606+0700] {processor.py:161} INFO - Started process (PID=80853) to work on /opt/homebrew/Caskroom/miniconda/base/lib/python3.11/site-packages/airflow/example_dags/example_setup_teardown_taskflow.py
[2024-04-16T22:19:30.614+0700] {processor.py:830} INFO - Processing file /opt/homebrew/Caskroom/miniconda/base/lib/python3.11/site-packages/airflow/example_dags/example_setup_teardown_taskflow.py for tasks to queue
[2024-04-16T22:19:30.619+0700] {logging_mixin.py:188} INFO - [2024-04-16T22:19:30.618+0700] {dagbag.py:540} INFO - Filling up the DagBag from /opt/homebrew/Caskroom/miniconda/base/lib/python3.11/site-packages/airflow/example_dags/example_setup_teardown_taskflow.py
[2024-04-16T22:19:30.813+0700] {processor.py:840} INFO - DAG(s) 'example_setup_teardown_taskflow' retrieved from /opt/homebrew/Caskroom/miniconda/base/lib/python3.11/site-packages/airflow/example_dags/example_setup_teardown_taskflow.py
[2024-04-16T22:19:31.126+0700] {logging_mixin.py:188} INFO - [2024-04-16T22:19:31.125+0700] {dag.py:3096} INFO - Sync 1 DAGs
[2024-04-16T22:19:31.174+0700] {logging_mixin.py:188} INFO - [2024-04-16T22:19:31.174+0700] {dag.py:3954} INFO - Setting next_dagrun for example_setup_teardown_taskflow to 2024-04-15 00:00:00+00:00, run_after=2024-04-16 00:00:00+00:00
[2024-04-16T22:19:31.231+0700] {processor.py:183} INFO - Processing /opt/homebrew/Caskroom/miniconda/base/lib/python3.11/site-packages/airflow/example_dags/example_setup_teardown_taskflow.py took 0.648 seconds
[2024-04-16T22:23:26.748+0700] {processor.py:161} INFO - Started process (PID=81980) to work on /opt/homebrew/Caskroom/miniconda/base/lib/python3.11/site-packages/airflow/example_dags/example_setup_teardown_taskflow.py
[2024-04-16T22:23:26.753+0700] {processor.py:830} INFO - Processing file /opt/homebrew/Caskroom/miniconda/base/lib/python3.11/site-packages/airflow/example_dags/example_setup_teardown_taskflow.py for tasks to queue
[2024-04-16T22:23:26.755+0700] {logging_mixin.py:188} INFO - [2024-04-16T22:23:26.754+0700] {dagbag.py:540} INFO - Filling up the DagBag from /opt/homebrew/Caskroom/miniconda/base/lib/python3.11/site-packages/airflow/example_dags/example_setup_teardown_taskflow.py
[2024-04-16T22:23:27.384+0700] {processor.py:840} INFO - DAG(s) 'example_setup_teardown_taskflow' retrieved from /opt/homebrew/Caskroom/miniconda/base/lib/python3.11/site-packages/airflow/example_dags/example_setup_teardown_taskflow.py
[2024-04-16T22:23:28.684+0700] {logging_mixin.py:188} INFO - [2024-04-16T22:23:28.682+0700] {dag.py:3096} INFO - Sync 1 DAGs
[2024-04-16T22:23:28.760+0700] {logging_mixin.py:188} INFO - [2024-04-16T22:23:28.760+0700] {dag.py:3954} INFO - Setting next_dagrun for example_setup_teardown_taskflow to 2024-04-15 00:00:00+00:00, run_after=2024-04-16 00:00:00+00:00
[2024-04-16T22:23:28.834+0700] {processor.py:183} INFO - Processing /opt/homebrew/Caskroom/miniconda/base/lib/python3.11/site-packages/airflow/example_dags/example_setup_teardown_taskflow.py took 2.116 seconds
