[2024-04-16T20:53:30.461+0700] {processor.py:161} INFO - Started process (PID=54448) to work on /opt/homebrew/Caskroom/miniconda/base/lib/python3.11/site-packages/airflow/example_dags/example_branch_python_dop_operator_3.py
[2024-04-16T20:53:30.462+0700] {processor.py:830} INFO - Processing file /opt/homebrew/Caskroom/miniconda/base/lib/python3.11/site-packages/airflow/example_dags/example_branch_python_dop_operator_3.py for tasks to queue
[2024-04-16T20:53:30.462+0700] {logging_mixin.py:188} INFO - [2024-04-16T20:53:30.462+0700] {dagbag.py:540} INFO - Filling up the DagBag from /opt/homebrew/Caskroom/miniconda/base/lib/python3.11/site-packages/airflow/example_dags/example_branch_python_dop_operator_3.py
[2024-04-16T20:53:30.501+0700] {processor.py:840} INFO - DAG(s) 'example_branch_dop_operator_v3' retrieved from /opt/homebrew/Caskroom/miniconda/base/lib/python3.11/site-packages/airflow/example_dags/example_branch_python_dop_operator_3.py
[2024-04-16T20:53:30.638+0700] {logging_mixin.py:188} INFO - [2024-04-16T20:53:30.638+0700] {dag.py:3096} INFO - Sync 1 DAGs
[2024-04-16T20:53:30.685+0700] {logging_mixin.py:188} INFO - [2024-04-16T20:53:30.685+0700] {dag.py:3954} INFO - Setting next_dagrun for example_branch_dop_operator_v3 to 2024-04-16 13:52:00+00:00, run_after=2024-04-16 13:53:00+00:00
[2024-04-16T20:53:30.697+0700] {processor.py:183} INFO - Processing /opt/homebrew/Caskroom/miniconda/base/lib/python3.11/site-packages/airflow/example_dags/example_branch_python_dop_operator_3.py took 0.238 seconds
[2024-04-16T20:56:03.891+0700] {processor.py:161} INFO - Started process (PID=55164) to work on /opt/homebrew/Caskroom/miniconda/base/lib/python3.11/site-packages/airflow/example_dags/example_branch_python_dop_operator_3.py
[2024-04-16T20:56:03.893+0700] {processor.py:830} INFO - Processing file /opt/homebrew/Caskroom/miniconda/base/lib/python3.11/site-packages/airflow/example_dags/example_branch_python_dop_operator_3.py for tasks to queue
[2024-04-16T20:56:03.893+0700] {logging_mixin.py:188} INFO - [2024-04-16T20:56:03.893+0700] {dagbag.py:540} INFO - Filling up the DagBag from /opt/homebrew/Caskroom/miniconda/base/lib/python3.11/site-packages/airflow/example_dags/example_branch_python_dop_operator_3.py
[2024-04-16T20:56:03.917+0700] {processor.py:840} INFO - DAG(s) 'example_branch_dop_operator_v3' retrieved from /opt/homebrew/Caskroom/miniconda/base/lib/python3.11/site-packages/airflow/example_dags/example_branch_python_dop_operator_3.py
[2024-04-16T20:56:03.979+0700] {logging_mixin.py:188} INFO - [2024-04-16T20:56:03.979+0700] {dag.py:3096} INFO - Sync 1 DAGs
[2024-04-16T20:56:03.991+0700] {logging_mixin.py:188} INFO - [2024-04-16T20:56:03.991+0700] {dag.py:3954} INFO - Setting next_dagrun for example_branch_dop_operator_v3 to 2024-04-16 13:55:00+00:00, run_after=2024-04-16 13:56:00+00:00
[2024-04-16T20:56:04.002+0700] {processor.py:183} INFO - Processing /opt/homebrew/Caskroom/miniconda/base/lib/python3.11/site-packages/airflow/example_dags/example_branch_python_dop_operator_3.py took 0.112 seconds
[2024-04-16T20:58:37.059+0700] {processor.py:161} INFO - Started process (PID=55858) to work on /opt/homebrew/Caskroom/miniconda/base/lib/python3.11/site-packages/airflow/example_dags/example_branch_python_dop_operator_3.py
[2024-04-16T20:58:37.059+0700] {processor.py:830} INFO - Processing file /opt/homebrew/Caskroom/miniconda/base/lib/python3.11/site-packages/airflow/example_dags/example_branch_python_dop_operator_3.py for tasks to queue
[2024-04-16T20:58:37.060+0700] {logging_mixin.py:188} INFO - [2024-04-16T20:58:37.060+0700] {dagbag.py:540} INFO - Filling up the DagBag from /opt/homebrew/Caskroom/miniconda/base/lib/python3.11/site-packages/airflow/example_dags/example_branch_python_dop_operator_3.py
[2024-04-16T20:58:37.084+0700] {processor.py:840} INFO - DAG(s) 'example_branch_dop_operator_v3' retrieved from /opt/homebrew/Caskroom/miniconda/base/lib/python3.11/site-packages/airflow/example_dags/example_branch_python_dop_operator_3.py
[2024-04-16T20:58:37.144+0700] {logging_mixin.py:188} INFO - [2024-04-16T20:58:37.144+0700] {dag.py:3096} INFO - Sync 1 DAGs
[2024-04-16T20:58:37.156+0700] {logging_mixin.py:188} INFO - [2024-04-16T20:58:37.156+0700] {dag.py:3954} INFO - Setting next_dagrun for example_branch_dop_operator_v3 to 2024-04-16 13:57:00+00:00, run_after=2024-04-16 13:58:00+00:00
[2024-04-16T20:58:37.167+0700] {processor.py:183} INFO - Processing /opt/homebrew/Caskroom/miniconda/base/lib/python3.11/site-packages/airflow/example_dags/example_branch_python_dop_operator_3.py took 0.110 seconds
[2024-04-16T21:01:12.832+0700] {processor.py:161} INFO - Started process (PID=56561) to work on /opt/homebrew/Caskroom/miniconda/base/lib/python3.11/site-packages/airflow/example_dags/example_branch_python_dop_operator_3.py
[2024-04-16T21:01:12.834+0700] {processor.py:830} INFO - Processing file /opt/homebrew/Caskroom/miniconda/base/lib/python3.11/site-packages/airflow/example_dags/example_branch_python_dop_operator_3.py for tasks to queue
[2024-04-16T21:01:12.834+0700] {logging_mixin.py:188} INFO - [2024-04-16T21:01:12.834+0700] {dagbag.py:540} INFO - Filling up the DagBag from /opt/homebrew/Caskroom/miniconda/base/lib/python3.11/site-packages/airflow/example_dags/example_branch_python_dop_operator_3.py
[2024-04-16T21:01:12.859+0700] {processor.py:840} INFO - DAG(s) 'example_branch_dop_operator_v3' retrieved from /opt/homebrew/Caskroom/miniconda/base/lib/python3.11/site-packages/airflow/example_dags/example_branch_python_dop_operator_3.py
[2024-04-16T21:01:12.919+0700] {logging_mixin.py:188} INFO - [2024-04-16T21:01:12.919+0700] {dag.py:3096} INFO - Sync 1 DAGs
[2024-04-16T21:01:12.932+0700] {logging_mixin.py:188} INFO - [2024-04-16T21:01:12.931+0700] {dag.py:3954} INFO - Setting next_dagrun for example_branch_dop_operator_v3 to 2024-04-16 14:00:00+00:00, run_after=2024-04-16 14:01:00+00:00
[2024-04-16T21:01:12.942+0700] {processor.py:183} INFO - Processing /opt/homebrew/Caskroom/miniconda/base/lib/python3.11/site-packages/airflow/example_dags/example_branch_python_dop_operator_3.py took 0.111 seconds
[2024-04-16T21:03:44.691+0700] {processor.py:161} INFO - Started process (PID=57249) to work on /opt/homebrew/Caskroom/miniconda/base/lib/python3.11/site-packages/airflow/example_dags/example_branch_python_dop_operator_3.py
[2024-04-16T21:03:44.692+0700] {processor.py:830} INFO - Processing file /opt/homebrew/Caskroom/miniconda/base/lib/python3.11/site-packages/airflow/example_dags/example_branch_python_dop_operator_3.py for tasks to queue
[2024-04-16T21:03:44.692+0700] {logging_mixin.py:188} INFO - [2024-04-16T21:03:44.692+0700] {dagbag.py:540} INFO - Filling up the DagBag from /opt/homebrew/Caskroom/miniconda/base/lib/python3.11/site-packages/airflow/example_dags/example_branch_python_dop_operator_3.py
[2024-04-16T21:03:44.716+0700] {processor.py:840} INFO - DAG(s) 'example_branch_dop_operator_v3' retrieved from /opt/homebrew/Caskroom/miniconda/base/lib/python3.11/site-packages/airflow/example_dags/example_branch_python_dop_operator_3.py
[2024-04-16T21:03:44.777+0700] {logging_mixin.py:188} INFO - [2024-04-16T21:03:44.776+0700] {dag.py:3096} INFO - Sync 1 DAGs
[2024-04-16T21:03:44.789+0700] {logging_mixin.py:188} INFO - [2024-04-16T21:03:44.789+0700] {dag.py:3954} INFO - Setting next_dagrun for example_branch_dop_operator_v3 to 2024-04-16 14:02:00+00:00, run_after=2024-04-16 14:03:00+00:00
[2024-04-16T21:03:44.800+0700] {processor.py:183} INFO - Processing /opt/homebrew/Caskroom/miniconda/base/lib/python3.11/site-packages/airflow/example_dags/example_branch_python_dop_operator_3.py took 0.110 seconds
[2024-04-16T21:06:19.013+0700] {processor.py:161} INFO - Started process (PID=57946) to work on /opt/homebrew/Caskroom/miniconda/base/lib/python3.11/site-packages/airflow/example_dags/example_branch_python_dop_operator_3.py
[2024-04-16T21:06:19.014+0700] {processor.py:830} INFO - Processing file /opt/homebrew/Caskroom/miniconda/base/lib/python3.11/site-packages/airflow/example_dags/example_branch_python_dop_operator_3.py for tasks to queue
[2024-04-16T21:06:19.014+0700] {logging_mixin.py:188} INFO - [2024-04-16T21:06:19.014+0700] {dagbag.py:540} INFO - Filling up the DagBag from /opt/homebrew/Caskroom/miniconda/base/lib/python3.11/site-packages/airflow/example_dags/example_branch_python_dop_operator_3.py
[2024-04-16T21:06:19.039+0700] {processor.py:840} INFO - DAG(s) 'example_branch_dop_operator_v3' retrieved from /opt/homebrew/Caskroom/miniconda/base/lib/python3.11/site-packages/airflow/example_dags/example_branch_python_dop_operator_3.py
[2024-04-16T21:06:19.099+0700] {logging_mixin.py:188} INFO - [2024-04-16T21:06:19.099+0700] {dag.py:3096} INFO - Sync 1 DAGs
[2024-04-16T21:06:19.111+0700] {logging_mixin.py:188} INFO - [2024-04-16T21:06:19.111+0700] {dag.py:3954} INFO - Setting next_dagrun for example_branch_dop_operator_v3 to 2024-04-16 14:05:00+00:00, run_after=2024-04-16 14:06:00+00:00
[2024-04-16T21:06:19.122+0700] {processor.py:183} INFO - Processing /opt/homebrew/Caskroom/miniconda/base/lib/python3.11/site-packages/airflow/example_dags/example_branch_python_dop_operator_3.py took 0.111 seconds
[2024-04-16T21:08:51.335+0700] {processor.py:161} INFO - Started process (PID=58645) to work on /opt/homebrew/Caskroom/miniconda/base/lib/python3.11/site-packages/airflow/example_dags/example_branch_python_dop_operator_3.py
[2024-04-16T21:08:51.336+0700] {processor.py:830} INFO - Processing file /opt/homebrew/Caskroom/miniconda/base/lib/python3.11/site-packages/airflow/example_dags/example_branch_python_dop_operator_3.py for tasks to queue
[2024-04-16T21:08:51.336+0700] {logging_mixin.py:188} INFO - [2024-04-16T21:08:51.336+0700] {dagbag.py:540} INFO - Filling up the DagBag from /opt/homebrew/Caskroom/miniconda/base/lib/python3.11/site-packages/airflow/example_dags/example_branch_python_dop_operator_3.py
[2024-04-16T21:08:51.360+0700] {processor.py:840} INFO - DAG(s) 'example_branch_dop_operator_v3' retrieved from /opt/homebrew/Caskroom/miniconda/base/lib/python3.11/site-packages/airflow/example_dags/example_branch_python_dop_operator_3.py
[2024-04-16T21:08:51.419+0700] {logging_mixin.py:188} INFO - [2024-04-16T21:08:51.419+0700] {dag.py:3096} INFO - Sync 1 DAGs
[2024-04-16T21:08:51.432+0700] {logging_mixin.py:188} INFO - [2024-04-16T21:08:51.431+0700] {dag.py:3954} INFO - Setting next_dagrun for example_branch_dop_operator_v3 to 2024-04-16 14:07:00+00:00, run_after=2024-04-16 14:08:00+00:00
[2024-04-16T21:08:51.442+0700] {processor.py:183} INFO - Processing /opt/homebrew/Caskroom/miniconda/base/lib/python3.11/site-packages/airflow/example_dags/example_branch_python_dop_operator_3.py took 0.109 seconds
[2024-04-16T21:11:29.695+0700] {processor.py:161} INFO - Started process (PID=59357) to work on /opt/homebrew/Caskroom/miniconda/base/lib/python3.11/site-packages/airflow/example_dags/example_branch_python_dop_operator_3.py
[2024-04-16T21:11:29.696+0700] {processor.py:830} INFO - Processing file /opt/homebrew/Caskroom/miniconda/base/lib/python3.11/site-packages/airflow/example_dags/example_branch_python_dop_operator_3.py for tasks to queue
[2024-04-16T21:11:29.697+0700] {logging_mixin.py:188} INFO - [2024-04-16T21:11:29.696+0700] {dagbag.py:540} INFO - Filling up the DagBag from /opt/homebrew/Caskroom/miniconda/base/lib/python3.11/site-packages/airflow/example_dags/example_branch_python_dop_operator_3.py
[2024-04-16T21:11:29.728+0700] {processor.py:840} INFO - DAG(s) 'example_branch_dop_operator_v3' retrieved from /opt/homebrew/Caskroom/miniconda/base/lib/python3.11/site-packages/airflow/example_dags/example_branch_python_dop_operator_3.py
[2024-04-16T21:11:29.799+0700] {logging_mixin.py:188} INFO - [2024-04-16T21:11:29.798+0700] {dag.py:3096} INFO - Sync 1 DAGs
[2024-04-16T21:11:29.814+0700] {logging_mixin.py:188} INFO - [2024-04-16T21:11:29.813+0700] {dag.py:3954} INFO - Setting next_dagrun for example_branch_dop_operator_v3 to 2024-04-16 14:10:00+00:00, run_after=2024-04-16 14:11:00+00:00
[2024-04-16T21:11:29.826+0700] {processor.py:183} INFO - Processing /opt/homebrew/Caskroom/miniconda/base/lib/python3.11/site-packages/airflow/example_dags/example_branch_python_dop_operator_3.py took 0.133 seconds
[2024-04-16T21:14:07.459+0700] {processor.py:161} INFO - Started process (PID=60094) to work on /opt/homebrew/Caskroom/miniconda/base/lib/python3.11/site-packages/airflow/example_dags/example_branch_python_dop_operator_3.py
[2024-04-16T21:14:07.460+0700] {processor.py:830} INFO - Processing file /opt/homebrew/Caskroom/miniconda/base/lib/python3.11/site-packages/airflow/example_dags/example_branch_python_dop_operator_3.py for tasks to queue
[2024-04-16T21:14:07.460+0700] {logging_mixin.py:188} INFO - [2024-04-16T21:14:07.460+0700] {dagbag.py:540} INFO - Filling up the DagBag from /opt/homebrew/Caskroom/miniconda/base/lib/python3.11/site-packages/airflow/example_dags/example_branch_python_dop_operator_3.py
[2024-04-16T21:14:07.484+0700] {processor.py:840} INFO - DAG(s) 'example_branch_dop_operator_v3' retrieved from /opt/homebrew/Caskroom/miniconda/base/lib/python3.11/site-packages/airflow/example_dags/example_branch_python_dop_operator_3.py
[2024-04-16T21:14:07.546+0700] {logging_mixin.py:188} INFO - [2024-04-16T21:14:07.546+0700] {dag.py:3096} INFO - Sync 1 DAGs
[2024-04-16T21:14:07.560+0700] {logging_mixin.py:188} INFO - [2024-04-16T21:14:07.560+0700] {dag.py:3954} INFO - Setting next_dagrun for example_branch_dop_operator_v3 to 2024-04-16 14:13:00+00:00, run_after=2024-04-16 14:14:00+00:00
[2024-04-16T21:14:07.571+0700] {processor.py:183} INFO - Processing /opt/homebrew/Caskroom/miniconda/base/lib/python3.11/site-packages/airflow/example_dags/example_branch_python_dop_operator_3.py took 0.114 seconds
[2024-04-16T21:16:43.994+0700] {processor.py:161} INFO - Started process (PID=60804) to work on /opt/homebrew/Caskroom/miniconda/base/lib/python3.11/site-packages/airflow/example_dags/example_branch_python_dop_operator_3.py
[2024-04-16T21:16:43.995+0700] {processor.py:830} INFO - Processing file /opt/homebrew/Caskroom/miniconda/base/lib/python3.11/site-packages/airflow/example_dags/example_branch_python_dop_operator_3.py for tasks to queue
[2024-04-16T21:16:43.996+0700] {logging_mixin.py:188} INFO - [2024-04-16T21:16:43.995+0700] {dagbag.py:540} INFO - Filling up the DagBag from /opt/homebrew/Caskroom/miniconda/base/lib/python3.11/site-packages/airflow/example_dags/example_branch_python_dop_operator_3.py
[2024-04-16T21:16:44.021+0700] {processor.py:840} INFO - DAG(s) 'example_branch_dop_operator_v3' retrieved from /opt/homebrew/Caskroom/miniconda/base/lib/python3.11/site-packages/airflow/example_dags/example_branch_python_dop_operator_3.py
[2024-04-16T21:16:44.085+0700] {logging_mixin.py:188} INFO - [2024-04-16T21:16:44.085+0700] {dag.py:3096} INFO - Sync 1 DAGs
[2024-04-16T21:16:44.098+0700] {logging_mixin.py:188} INFO - [2024-04-16T21:16:44.098+0700] {dag.py:3954} INFO - Setting next_dagrun for example_branch_dop_operator_v3 to 2024-04-16 14:15:00+00:00, run_after=2024-04-16 14:16:00+00:00
[2024-04-16T21:16:44.110+0700] {processor.py:183} INFO - Processing /opt/homebrew/Caskroom/miniconda/base/lib/python3.11/site-packages/airflow/example_dags/example_branch_python_dop_operator_3.py took 0.117 seconds
[2024-04-16T21:19:15.736+0700] {processor.py:161} INFO - Started process (PID=61521) to work on /opt/homebrew/Caskroom/miniconda/base/lib/python3.11/site-packages/airflow/example_dags/example_branch_python_dop_operator_3.py
[2024-04-16T21:19:15.737+0700] {processor.py:830} INFO - Processing file /opt/homebrew/Caskroom/miniconda/base/lib/python3.11/site-packages/airflow/example_dags/example_branch_python_dop_operator_3.py for tasks to queue
[2024-04-16T21:19:15.738+0700] {logging_mixin.py:188} INFO - [2024-04-16T21:19:15.738+0700] {dagbag.py:540} INFO - Filling up the DagBag from /opt/homebrew/Caskroom/miniconda/base/lib/python3.11/site-packages/airflow/example_dags/example_branch_python_dop_operator_3.py
[2024-04-16T21:19:15.761+0700] {processor.py:840} INFO - DAG(s) 'example_branch_dop_operator_v3' retrieved from /opt/homebrew/Caskroom/miniconda/base/lib/python3.11/site-packages/airflow/example_dags/example_branch_python_dop_operator_3.py
[2024-04-16T21:19:15.823+0700] {logging_mixin.py:188} INFO - [2024-04-16T21:19:15.823+0700] {dag.py:3096} INFO - Sync 1 DAGs
[2024-04-16T21:19:15.836+0700] {logging_mixin.py:188} INFO - [2024-04-16T21:19:15.835+0700] {dag.py:3954} INFO - Setting next_dagrun for example_branch_dop_operator_v3 to 2024-04-16 14:18:00+00:00, run_after=2024-04-16 14:19:00+00:00
[2024-04-16T21:19:15.847+0700] {processor.py:183} INFO - Processing /opt/homebrew/Caskroom/miniconda/base/lib/python3.11/site-packages/airflow/example_dags/example_branch_python_dop_operator_3.py took 0.112 seconds
[2024-04-16T21:21:54.661+0700] {processor.py:161} INFO - Started process (PID=62258) to work on /opt/homebrew/Caskroom/miniconda/base/lib/python3.11/site-packages/airflow/example_dags/example_branch_python_dop_operator_3.py
[2024-04-16T21:21:54.662+0700] {processor.py:830} INFO - Processing file /opt/homebrew/Caskroom/miniconda/base/lib/python3.11/site-packages/airflow/example_dags/example_branch_python_dop_operator_3.py for tasks to queue
[2024-04-16T21:21:54.663+0700] {logging_mixin.py:188} INFO - [2024-04-16T21:21:54.663+0700] {dagbag.py:540} INFO - Filling up the DagBag from /opt/homebrew/Caskroom/miniconda/base/lib/python3.11/site-packages/airflow/example_dags/example_branch_python_dop_operator_3.py
[2024-04-16T21:21:54.689+0700] {processor.py:840} INFO - DAG(s) 'example_branch_dop_operator_v3' retrieved from /opt/homebrew/Caskroom/miniconda/base/lib/python3.11/site-packages/airflow/example_dags/example_branch_python_dop_operator_3.py
[2024-04-16T21:21:54.754+0700] {logging_mixin.py:188} INFO - [2024-04-16T21:21:54.753+0700] {dag.py:3096} INFO - Sync 1 DAGs
[2024-04-16T21:21:54.766+0700] {logging_mixin.py:188} INFO - [2024-04-16T21:21:54.766+0700] {dag.py:3954} INFO - Setting next_dagrun for example_branch_dop_operator_v3 to 2024-04-16 14:20:00+00:00, run_after=2024-04-16 14:21:00+00:00
[2024-04-16T21:21:54.779+0700] {processor.py:183} INFO - Processing /opt/homebrew/Caskroom/miniconda/base/lib/python3.11/site-packages/airflow/example_dags/example_branch_python_dop_operator_3.py took 0.121 seconds
[2024-04-16T21:25:01.545+0700] {processor.py:161} INFO - Started process (PID=63823) to work on /opt/homebrew/Caskroom/miniconda/base/lib/python3.11/site-packages/airflow/example_dags/example_branch_python_dop_operator_3.py
[2024-04-16T21:25:01.547+0700] {processor.py:830} INFO - Processing file /opt/homebrew/Caskroom/miniconda/base/lib/python3.11/site-packages/airflow/example_dags/example_branch_python_dop_operator_3.py for tasks to queue
[2024-04-16T21:25:01.547+0700] {logging_mixin.py:188} INFO - [2024-04-16T21:25:01.547+0700] {dagbag.py:540} INFO - Filling up the DagBag from /opt/homebrew/Caskroom/miniconda/base/lib/python3.11/site-packages/airflow/example_dags/example_branch_python_dop_operator_3.py
[2024-04-16T21:25:01.584+0700] {processor.py:840} INFO - DAG(s) 'example_branch_dop_operator_v3' retrieved from /opt/homebrew/Caskroom/miniconda/base/lib/python3.11/site-packages/airflow/example_dags/example_branch_python_dop_operator_3.py
[2024-04-16T21:25:01.682+0700] {logging_mixin.py:188} INFO - [2024-04-16T21:25:01.682+0700] {dag.py:3096} INFO - Sync 1 DAGs
[2024-04-16T21:25:01.696+0700] {logging_mixin.py:188} INFO - [2024-04-16T21:25:01.696+0700] {dag.py:3954} INFO - Setting next_dagrun for example_branch_dop_operator_v3 to 2024-04-16 14:24:00+00:00, run_after=2024-04-16 14:25:00+00:00
[2024-04-16T21:25:01.708+0700] {processor.py:183} INFO - Processing /opt/homebrew/Caskroom/miniconda/base/lib/python3.11/site-packages/airflow/example_dags/example_branch_python_dop_operator_3.py took 0.168 seconds
[2024-04-16T21:27:57.114+0700] {processor.py:161} INFO - Started process (PID=64675) to work on /opt/homebrew/Caskroom/miniconda/base/lib/python3.11/site-packages/airflow/example_dags/example_branch_python_dop_operator_3.py
[2024-04-16T21:27:57.115+0700] {processor.py:830} INFO - Processing file /opt/homebrew/Caskroom/miniconda/base/lib/python3.11/site-packages/airflow/example_dags/example_branch_python_dop_operator_3.py for tasks to queue
[2024-04-16T21:27:57.115+0700] {logging_mixin.py:188} INFO - [2024-04-16T21:27:57.115+0700] {dagbag.py:540} INFO - Filling up the DagBag from /opt/homebrew/Caskroom/miniconda/base/lib/python3.11/site-packages/airflow/example_dags/example_branch_python_dop_operator_3.py
[2024-04-16T21:27:57.147+0700] {processor.py:840} INFO - DAG(s) 'example_branch_dop_operator_v3' retrieved from /opt/homebrew/Caskroom/miniconda/base/lib/python3.11/site-packages/airflow/example_dags/example_branch_python_dop_operator_3.py
[2024-04-16T21:27:57.208+0700] {logging_mixin.py:188} INFO - [2024-04-16T21:27:57.208+0700] {dag.py:3096} INFO - Sync 1 DAGs
[2024-04-16T21:27:57.222+0700] {logging_mixin.py:188} INFO - [2024-04-16T21:27:57.222+0700] {dag.py:3954} INFO - Setting next_dagrun for example_branch_dop_operator_v3 to 2024-04-16 14:26:00+00:00, run_after=2024-04-16 14:27:00+00:00
[2024-04-16T21:27:57.235+0700] {processor.py:183} INFO - Processing /opt/homebrew/Caskroom/miniconda/base/lib/python3.11/site-packages/airflow/example_dags/example_branch_python_dop_operator_3.py took 0.124 seconds
[2024-04-16T21:30:46.353+0700] {processor.py:161} INFO - Started process (PID=65469) to work on /opt/homebrew/Caskroom/miniconda/base/lib/python3.11/site-packages/airflow/example_dags/example_branch_python_dop_operator_3.py
[2024-04-16T21:30:46.353+0700] {processor.py:830} INFO - Processing file /opt/homebrew/Caskroom/miniconda/base/lib/python3.11/site-packages/airflow/example_dags/example_branch_python_dop_operator_3.py for tasks to queue
[2024-04-16T21:30:46.354+0700] {logging_mixin.py:188} INFO - [2024-04-16T21:30:46.354+0700] {dagbag.py:540} INFO - Filling up the DagBag from /opt/homebrew/Caskroom/miniconda/base/lib/python3.11/site-packages/airflow/example_dags/example_branch_python_dop_operator_3.py
[2024-04-16T21:30:46.377+0700] {processor.py:840} INFO - DAG(s) 'example_branch_dop_operator_v3' retrieved from /opt/homebrew/Caskroom/miniconda/base/lib/python3.11/site-packages/airflow/example_dags/example_branch_python_dop_operator_3.py
[2024-04-16T21:30:46.438+0700] {logging_mixin.py:188} INFO - [2024-04-16T21:30:46.437+0700] {dag.py:3096} INFO - Sync 1 DAGs
[2024-04-16T21:30:46.450+0700] {logging_mixin.py:188} INFO - [2024-04-16T21:30:46.449+0700] {dag.py:3954} INFO - Setting next_dagrun for example_branch_dop_operator_v3 to 2024-04-16 14:29:00+00:00, run_after=2024-04-16 14:30:00+00:00
[2024-04-16T21:30:46.461+0700] {processor.py:183} INFO - Processing /opt/homebrew/Caskroom/miniconda/base/lib/python3.11/site-packages/airflow/example_dags/example_branch_python_dop_operator_3.py took 0.110 seconds
[2024-04-16T21:33:26.907+0700] {processor.py:161} INFO - Started process (PID=66213) to work on /opt/homebrew/Caskroom/miniconda/base/lib/python3.11/site-packages/airflow/example_dags/example_branch_python_dop_operator_3.py
[2024-04-16T21:33:26.908+0700] {processor.py:830} INFO - Processing file /opt/homebrew/Caskroom/miniconda/base/lib/python3.11/site-packages/airflow/example_dags/example_branch_python_dop_operator_3.py for tasks to queue
[2024-04-16T21:33:26.908+0700] {logging_mixin.py:188} INFO - [2024-04-16T21:33:26.908+0700] {dagbag.py:540} INFO - Filling up the DagBag from /opt/homebrew/Caskroom/miniconda/base/lib/python3.11/site-packages/airflow/example_dags/example_branch_python_dop_operator_3.py
[2024-04-16T21:33:26.933+0700] {processor.py:840} INFO - DAG(s) 'example_branch_dop_operator_v3' retrieved from /opt/homebrew/Caskroom/miniconda/base/lib/python3.11/site-packages/airflow/example_dags/example_branch_python_dop_operator_3.py
[2024-04-16T21:33:26.993+0700] {logging_mixin.py:188} INFO - [2024-04-16T21:33:26.993+0700] {dag.py:3096} INFO - Sync 1 DAGs
[2024-04-16T21:33:27.011+0700] {logging_mixin.py:188} INFO - [2024-04-16T21:33:27.011+0700] {dag.py:3954} INFO - Setting next_dagrun for example_branch_dop_operator_v3 to 2024-04-16 14:32:00+00:00, run_after=2024-04-16 14:33:00+00:00
[2024-04-16T21:33:27.024+0700] {processor.py:183} INFO - Processing /opt/homebrew/Caskroom/miniconda/base/lib/python3.11/site-packages/airflow/example_dags/example_branch_python_dop_operator_3.py took 0.119 seconds
[2024-04-16T21:36:08.220+0700] {processor.py:161} INFO - Started process (PID=67013) to work on /opt/homebrew/Caskroom/miniconda/base/lib/python3.11/site-packages/airflow/example_dags/example_branch_python_dop_operator_3.py
[2024-04-16T21:36:08.221+0700] {processor.py:830} INFO - Processing file /opt/homebrew/Caskroom/miniconda/base/lib/python3.11/site-packages/airflow/example_dags/example_branch_python_dop_operator_3.py for tasks to queue
[2024-04-16T21:36:08.221+0700] {logging_mixin.py:188} INFO - [2024-04-16T21:36:08.221+0700] {dagbag.py:540} INFO - Filling up the DagBag from /opt/homebrew/Caskroom/miniconda/base/lib/python3.11/site-packages/airflow/example_dags/example_branch_python_dop_operator_3.py
[2024-04-16T21:36:08.246+0700] {processor.py:840} INFO - DAG(s) 'example_branch_dop_operator_v3' retrieved from /opt/homebrew/Caskroom/miniconda/base/lib/python3.11/site-packages/airflow/example_dags/example_branch_python_dop_operator_3.py
[2024-04-16T21:36:08.307+0700] {logging_mixin.py:188} INFO - [2024-04-16T21:36:08.307+0700] {dag.py:3096} INFO - Sync 1 DAGs
[2024-04-16T21:36:08.321+0700] {logging_mixin.py:188} INFO - [2024-04-16T21:36:08.321+0700] {dag.py:3954} INFO - Setting next_dagrun for example_branch_dop_operator_v3 to 2024-04-16 14:35:00+00:00, run_after=2024-04-16 14:36:00+00:00
[2024-04-16T21:36:08.332+0700] {processor.py:183} INFO - Processing /opt/homebrew/Caskroom/miniconda/base/lib/python3.11/site-packages/airflow/example_dags/example_branch_python_dop_operator_3.py took 0.115 seconds
[2024-04-16T21:38:51.553+0700] {processor.py:161} INFO - Started process (PID=67919) to work on /opt/homebrew/Caskroom/miniconda/base/lib/python3.11/site-packages/airflow/example_dags/example_branch_python_dop_operator_3.py
[2024-04-16T21:38:51.554+0700] {processor.py:830} INFO - Processing file /opt/homebrew/Caskroom/miniconda/base/lib/python3.11/site-packages/airflow/example_dags/example_branch_python_dop_operator_3.py for tasks to queue
[2024-04-16T21:38:51.554+0700] {logging_mixin.py:188} INFO - [2024-04-16T21:38:51.554+0700] {dagbag.py:540} INFO - Filling up the DagBag from /opt/homebrew/Caskroom/miniconda/base/lib/python3.11/site-packages/airflow/example_dags/example_branch_python_dop_operator_3.py
[2024-04-16T21:38:51.590+0700] {processor.py:840} INFO - DAG(s) 'example_branch_dop_operator_v3' retrieved from /opt/homebrew/Caskroom/miniconda/base/lib/python3.11/site-packages/airflow/example_dags/example_branch_python_dop_operator_3.py
[2024-04-16T21:38:51.763+0700] {logging_mixin.py:188} INFO - [2024-04-16T21:38:51.762+0700] {dag.py:3096} INFO - Sync 1 DAGs
[2024-04-16T21:38:51.822+0700] {logging_mixin.py:188} INFO - [2024-04-16T21:38:51.822+0700] {dag.py:3954} INFO - Setting next_dagrun for example_branch_dop_operator_v3 to 2024-04-16 14:37:00+00:00, run_after=2024-04-16 14:38:00+00:00
[2024-04-16T21:38:51.852+0700] {processor.py:183} INFO - Processing /opt/homebrew/Caskroom/miniconda/base/lib/python3.11/site-packages/airflow/example_dags/example_branch_python_dop_operator_3.py took 0.302 seconds
[2024-04-16T21:42:06.678+0700] {processor.py:161} INFO - Started process (PID=68826) to work on /opt/homebrew/Caskroom/miniconda/base/lib/python3.11/site-packages/airflow/example_dags/example_branch_python_dop_operator_3.py
[2024-04-16T21:42:06.680+0700] {processor.py:830} INFO - Processing file /opt/homebrew/Caskroom/miniconda/base/lib/python3.11/site-packages/airflow/example_dags/example_branch_python_dop_operator_3.py for tasks to queue
[2024-04-16T21:42:06.680+0700] {logging_mixin.py:188} INFO - [2024-04-16T21:42:06.680+0700] {dagbag.py:540} INFO - Filling up the DagBag from /opt/homebrew/Caskroom/miniconda/base/lib/python3.11/site-packages/airflow/example_dags/example_branch_python_dop_operator_3.py
[2024-04-16T21:42:06.732+0700] {processor.py:840} INFO - DAG(s) 'example_branch_dop_operator_v3' retrieved from /opt/homebrew/Caskroom/miniconda/base/lib/python3.11/site-packages/airflow/example_dags/example_branch_python_dop_operator_3.py
[2024-04-16T21:42:06.844+0700] {logging_mixin.py:188} INFO - [2024-04-16T21:42:06.844+0700] {dag.py:3096} INFO - Sync 1 DAGs
[2024-04-16T21:42:06.862+0700] {logging_mixin.py:188} INFO - [2024-04-16T21:42:06.862+0700] {dag.py:3954} INFO - Setting next_dagrun for example_branch_dop_operator_v3 to 2024-04-16 14:41:00+00:00, run_after=2024-04-16 14:42:00+00:00
[2024-04-16T21:42:06.883+0700] {processor.py:183} INFO - Processing /opt/homebrew/Caskroom/miniconda/base/lib/python3.11/site-packages/airflow/example_dags/example_branch_python_dop_operator_3.py took 0.209 seconds
[2024-04-16T21:45:20.489+0700] {processor.py:161} INFO - Started process (PID=69705) to work on /opt/homebrew/Caskroom/miniconda/base/lib/python3.11/site-packages/airflow/example_dags/example_branch_python_dop_operator_3.py
[2024-04-16T21:45:20.490+0700] {processor.py:830} INFO - Processing file /opt/homebrew/Caskroom/miniconda/base/lib/python3.11/site-packages/airflow/example_dags/example_branch_python_dop_operator_3.py for tasks to queue
[2024-04-16T21:45:20.490+0700] {logging_mixin.py:188} INFO - [2024-04-16T21:45:20.490+0700] {dagbag.py:540} INFO - Filling up the DagBag from /opt/homebrew/Caskroom/miniconda/base/lib/python3.11/site-packages/airflow/example_dags/example_branch_python_dop_operator_3.py
[2024-04-16T21:45:20.514+0700] {processor.py:840} INFO - DAG(s) 'example_branch_dop_operator_v3' retrieved from /opt/homebrew/Caskroom/miniconda/base/lib/python3.11/site-packages/airflow/example_dags/example_branch_python_dop_operator_3.py
[2024-04-16T21:45:20.576+0700] {logging_mixin.py:188} INFO - [2024-04-16T21:45:20.575+0700] {dag.py:3096} INFO - Sync 1 DAGs
[2024-04-16T21:45:20.588+0700] {logging_mixin.py:188} INFO - [2024-04-16T21:45:20.588+0700] {dag.py:3954} INFO - Setting next_dagrun for example_branch_dop_operator_v3 to 2024-04-16 14:44:00+00:00, run_after=2024-04-16 14:45:00+00:00
[2024-04-16T21:45:20.599+0700] {processor.py:183} INFO - Processing /opt/homebrew/Caskroom/miniconda/base/lib/python3.11/site-packages/airflow/example_dags/example_branch_python_dop_operator_3.py took 0.111 seconds
[2024-04-16T21:49:03.672+0700] {processor.py:161} INFO - Started process (PID=70698) to work on /opt/homebrew/Caskroom/miniconda/base/lib/python3.11/site-packages/airflow/example_dags/example_branch_python_dop_operator_3.py
[2024-04-16T21:49:03.673+0700] {processor.py:830} INFO - Processing file /opt/homebrew/Caskroom/miniconda/base/lib/python3.11/site-packages/airflow/example_dags/example_branch_python_dop_operator_3.py for tasks to queue
[2024-04-16T21:49:03.674+0700] {logging_mixin.py:188} INFO - [2024-04-16T21:49:03.674+0700] {dagbag.py:540} INFO - Filling up the DagBag from /opt/homebrew/Caskroom/miniconda/base/lib/python3.11/site-packages/airflow/example_dags/example_branch_python_dop_operator_3.py
[2024-04-16T21:49:03.750+0700] {processor.py:840} INFO - DAG(s) 'example_branch_dop_operator_v3' retrieved from /opt/homebrew/Caskroom/miniconda/base/lib/python3.11/site-packages/airflow/example_dags/example_branch_python_dop_operator_3.py
[2024-04-16T21:49:04.005+0700] {logging_mixin.py:188} INFO - [2024-04-16T21:49:04.004+0700] {dag.py:3096} INFO - Sync 1 DAGs
[2024-04-16T21:49:04.031+0700] {logging_mixin.py:188} INFO - [2024-04-16T21:49:04.030+0700] {dag.py:3954} INFO - Setting next_dagrun for example_branch_dop_operator_v3 to 2024-04-16 14:48:00+00:00, run_after=2024-04-16 14:49:00+00:00
[2024-04-16T21:49:04.076+0700] {processor.py:183} INFO - Processing /opt/homebrew/Caskroom/miniconda/base/lib/python3.11/site-packages/airflow/example_dags/example_branch_python_dop_operator_3.py took 0.407 seconds
[2024-04-16T21:53:38.616+0700] {processor.py:161} INFO - Started process (PID=72307) to work on /opt/homebrew/Caskroom/miniconda/base/lib/python3.11/site-packages/airflow/example_dags/example_branch_python_dop_operator_3.py
[2024-04-16T21:53:38.626+0700] {processor.py:830} INFO - Processing file /opt/homebrew/Caskroom/miniconda/base/lib/python3.11/site-packages/airflow/example_dags/example_branch_python_dop_operator_3.py for tasks to queue
[2024-04-16T21:53:38.628+0700] {logging_mixin.py:188} INFO - [2024-04-16T21:53:38.627+0700] {dagbag.py:540} INFO - Filling up the DagBag from /opt/homebrew/Caskroom/miniconda/base/lib/python3.11/site-packages/airflow/example_dags/example_branch_python_dop_operator_3.py
[2024-04-16T21:53:38.773+0700] {processor.py:840} INFO - DAG(s) 'example_branch_dop_operator_v3' retrieved from /opt/homebrew/Caskroom/miniconda/base/lib/python3.11/site-packages/airflow/example_dags/example_branch_python_dop_operator_3.py
[2024-04-16T21:53:38.934+0700] {logging_mixin.py:188} INFO - [2024-04-16T21:53:38.934+0700] {dag.py:3096} INFO - Sync 1 DAGs
[2024-04-16T21:53:38.955+0700] {logging_mixin.py:188} INFO - [2024-04-16T21:53:38.954+0700] {dag.py:3954} INFO - Setting next_dagrun for example_branch_dop_operator_v3 to 2024-04-16 14:52:00+00:00, run_after=2024-04-16 14:53:00+00:00
[2024-04-16T21:53:38.977+0700] {processor.py:183} INFO - Processing /opt/homebrew/Caskroom/miniconda/base/lib/python3.11/site-packages/airflow/example_dags/example_branch_python_dop_operator_3.py took 0.440 seconds
[2024-04-16T21:57:00.339+0700] {processor.py:161} INFO - Started process (PID=73308) to work on /opt/homebrew/Caskroom/miniconda/base/lib/python3.11/site-packages/airflow/example_dags/example_branch_python_dop_operator_3.py
[2024-04-16T21:57:00.340+0700] {processor.py:830} INFO - Processing file /opt/homebrew/Caskroom/miniconda/base/lib/python3.11/site-packages/airflow/example_dags/example_branch_python_dop_operator_3.py for tasks to queue
[2024-04-16T21:57:00.341+0700] {logging_mixin.py:188} INFO - [2024-04-16T21:57:00.341+0700] {dagbag.py:540} INFO - Filling up the DagBag from /opt/homebrew/Caskroom/miniconda/base/lib/python3.11/site-packages/airflow/example_dags/example_branch_python_dop_operator_3.py
[2024-04-16T21:57:00.374+0700] {processor.py:840} INFO - DAG(s) 'example_branch_dop_operator_v3' retrieved from /opt/homebrew/Caskroom/miniconda/base/lib/python3.11/site-packages/airflow/example_dags/example_branch_python_dop_operator_3.py
[2024-04-16T21:57:00.482+0700] {logging_mixin.py:188} INFO - [2024-04-16T21:57:00.481+0700] {dag.py:3096} INFO - Sync 1 DAGs
[2024-04-16T21:57:00.506+0700] {logging_mixin.py:188} INFO - [2024-04-16T21:57:00.506+0700] {dag.py:3954} INFO - Setting next_dagrun for example_branch_dop_operator_v3 to 2024-04-16 14:56:00+00:00, run_after=2024-04-16 14:57:00+00:00
[2024-04-16T21:57:00.533+0700] {processor.py:183} INFO - Processing /opt/homebrew/Caskroom/miniconda/base/lib/python3.11/site-packages/airflow/example_dags/example_branch_python_dop_operator_3.py took 0.196 seconds
[2024-04-16T21:59:51.718+0700] {processor.py:161} INFO - Started process (PID=74594) to work on /opt/homebrew/Caskroom/miniconda/base/lib/python3.11/site-packages/airflow/example_dags/example_branch_python_dop_operator_3.py
[2024-04-16T21:59:51.719+0700] {processor.py:830} INFO - Processing file /opt/homebrew/Caskroom/miniconda/base/lib/python3.11/site-packages/airflow/example_dags/example_branch_python_dop_operator_3.py for tasks to queue
[2024-04-16T21:59:51.719+0700] {logging_mixin.py:188} INFO - [2024-04-16T21:59:51.719+0700] {dagbag.py:540} INFO - Filling up the DagBag from /opt/homebrew/Caskroom/miniconda/base/lib/python3.11/site-packages/airflow/example_dags/example_branch_python_dop_operator_3.py
[2024-04-16T21:59:51.767+0700] {processor.py:840} INFO - DAG(s) 'example_branch_dop_operator_v3' retrieved from /opt/homebrew/Caskroom/miniconda/base/lib/python3.11/site-packages/airflow/example_dags/example_branch_python_dop_operator_3.py
[2024-04-16T21:59:51.885+0700] {logging_mixin.py:188} INFO - [2024-04-16T21:59:51.884+0700] {dag.py:3096} INFO - Sync 1 DAGs
[2024-04-16T21:59:51.930+0700] {logging_mixin.py:188} INFO - [2024-04-16T21:59:51.930+0700] {dag.py:3954} INFO - Setting next_dagrun for example_branch_dop_operator_v3 to 2024-04-16 14:58:00+00:00, run_after=2024-04-16 14:59:00+00:00
[2024-04-16T21:59:51.976+0700] {processor.py:183} INFO - Processing /opt/homebrew/Caskroom/miniconda/base/lib/python3.11/site-packages/airflow/example_dags/example_branch_python_dop_operator_3.py took 0.260 seconds
[2024-04-16T22:02:42.002+0700] {processor.py:161} INFO - Started process (PID=75507) to work on /opt/homebrew/Caskroom/miniconda/base/lib/python3.11/site-packages/airflow/example_dags/example_branch_python_dop_operator_3.py
[2024-04-16T22:02:42.004+0700] {processor.py:830} INFO - Processing file /opt/homebrew/Caskroom/miniconda/base/lib/python3.11/site-packages/airflow/example_dags/example_branch_python_dop_operator_3.py for tasks to queue
[2024-04-16T22:02:42.004+0700] {logging_mixin.py:188} INFO - [2024-04-16T22:02:42.004+0700] {dagbag.py:540} INFO - Filling up the DagBag from /opt/homebrew/Caskroom/miniconda/base/lib/python3.11/site-packages/airflow/example_dags/example_branch_python_dop_operator_3.py
[2024-04-16T22:02:42.031+0700] {processor.py:840} INFO - DAG(s) 'example_branch_dop_operator_v3' retrieved from /opt/homebrew/Caskroom/miniconda/base/lib/python3.11/site-packages/airflow/example_dags/example_branch_python_dop_operator_3.py
[2024-04-16T22:02:42.096+0700] {logging_mixin.py:188} INFO - [2024-04-16T22:02:42.095+0700] {dag.py:3096} INFO - Sync 1 DAGs
[2024-04-16T22:02:42.110+0700] {logging_mixin.py:188} INFO - [2024-04-16T22:02:42.110+0700] {dag.py:3954} INFO - Setting next_dagrun for example_branch_dop_operator_v3 to 2024-04-16 15:01:00+00:00, run_after=2024-04-16 15:02:00+00:00
[2024-04-16T22:02:42.121+0700] {processor.py:183} INFO - Processing /opt/homebrew/Caskroom/miniconda/base/lib/python3.11/site-packages/airflow/example_dags/example_branch_python_dop_operator_3.py took 0.121 seconds
[2024-04-16T22:05:39.108+0700] {processor.py:161} INFO - Started process (PID=76428) to work on /opt/homebrew/Caskroom/miniconda/base/lib/python3.11/site-packages/airflow/example_dags/example_branch_python_dop_operator_3.py
[2024-04-16T22:05:39.109+0700] {processor.py:830} INFO - Processing file /opt/homebrew/Caskroom/miniconda/base/lib/python3.11/site-packages/airflow/example_dags/example_branch_python_dop_operator_3.py for tasks to queue
[2024-04-16T22:05:39.110+0700] {logging_mixin.py:188} INFO - [2024-04-16T22:05:39.110+0700] {dagbag.py:540} INFO - Filling up the DagBag from /opt/homebrew/Caskroom/miniconda/base/lib/python3.11/site-packages/airflow/example_dags/example_branch_python_dop_operator_3.py
[2024-04-16T22:05:39.144+0700] {processor.py:840} INFO - DAG(s) 'example_branch_dop_operator_v3' retrieved from /opt/homebrew/Caskroom/miniconda/base/lib/python3.11/site-packages/airflow/example_dags/example_branch_python_dop_operator_3.py
[2024-04-16T22:05:39.209+0700] {logging_mixin.py:188} INFO - [2024-04-16T22:05:39.209+0700] {dag.py:3096} INFO - Sync 1 DAGs
[2024-04-16T22:05:39.222+0700] {logging_mixin.py:188} INFO - [2024-04-16T22:05:39.221+0700] {dag.py:3954} INFO - Setting next_dagrun for example_branch_dop_operator_v3 to 2024-04-16 15:04:00+00:00, run_after=2024-04-16 15:05:00+00:00
[2024-04-16T22:05:39.234+0700] {processor.py:183} INFO - Processing /opt/homebrew/Caskroom/miniconda/base/lib/python3.11/site-packages/airflow/example_dags/example_branch_python_dop_operator_3.py took 0.129 seconds
[2024-04-16T22:09:09.283+0700] {processor.py:161} INFO - Started process (PID=77685) to work on /opt/homebrew/Caskroom/miniconda/base/lib/python3.11/site-packages/airflow/example_dags/example_branch_python_dop_operator_3.py
[2024-04-16T22:09:09.284+0700] {processor.py:830} INFO - Processing file /opt/homebrew/Caskroom/miniconda/base/lib/python3.11/site-packages/airflow/example_dags/example_branch_python_dop_operator_3.py for tasks to queue
[2024-04-16T22:09:09.284+0700] {logging_mixin.py:188} INFO - [2024-04-16T22:09:09.284+0700] {dagbag.py:540} INFO - Filling up the DagBag from /opt/homebrew/Caskroom/miniconda/base/lib/python3.11/site-packages/airflow/example_dags/example_branch_python_dop_operator_3.py
[2024-04-16T22:09:09.317+0700] {processor.py:840} INFO - DAG(s) 'example_branch_dop_operator_v3' retrieved from /opt/homebrew/Caskroom/miniconda/base/lib/python3.11/site-packages/airflow/example_dags/example_branch_python_dop_operator_3.py
[2024-04-16T22:09:09.393+0700] {logging_mixin.py:188} INFO - [2024-04-16T22:09:09.393+0700] {dag.py:3096} INFO - Sync 1 DAGs
[2024-04-16T22:09:09.408+0700] {logging_mixin.py:188} INFO - [2024-04-16T22:09:09.408+0700] {dag.py:3954} INFO - Setting next_dagrun for example_branch_dop_operator_v3 to 2024-04-16 15:08:00+00:00, run_after=2024-04-16 15:09:00+00:00
[2024-04-16T22:09:09.421+0700] {processor.py:183} INFO - Processing /opt/homebrew/Caskroom/miniconda/base/lib/python3.11/site-packages/airflow/example_dags/example_branch_python_dop_operator_3.py took 0.140 seconds
[2024-04-16T22:12:25.421+0700] {processor.py:161} INFO - Started process (PID=78821) to work on /opt/homebrew/Caskroom/miniconda/base/lib/python3.11/site-packages/airflow/example_dags/example_branch_python_dop_operator_3.py
[2024-04-16T22:12:25.423+0700] {processor.py:830} INFO - Processing file /opt/homebrew/Caskroom/miniconda/base/lib/python3.11/site-packages/airflow/example_dags/example_branch_python_dop_operator_3.py for tasks to queue
[2024-04-16T22:12:25.423+0700] {logging_mixin.py:188} INFO - [2024-04-16T22:12:25.423+0700] {dagbag.py:540} INFO - Filling up the DagBag from /opt/homebrew/Caskroom/miniconda/base/lib/python3.11/site-packages/airflow/example_dags/example_branch_python_dop_operator_3.py
[2024-04-16T22:12:25.449+0700] {processor.py:840} INFO - DAG(s) 'example_branch_dop_operator_v3' retrieved from /opt/homebrew/Caskroom/miniconda/base/lib/python3.11/site-packages/airflow/example_dags/example_branch_python_dop_operator_3.py
[2024-04-16T22:12:25.510+0700] {logging_mixin.py:188} INFO - [2024-04-16T22:12:25.510+0700] {dag.py:3096} INFO - Sync 1 DAGs
[2024-04-16T22:12:25.522+0700] {logging_mixin.py:188} INFO - [2024-04-16T22:12:25.522+0700] {dag.py:3954} INFO - Setting next_dagrun for example_branch_dop_operator_v3 to 2024-04-16 15:11:00+00:00, run_after=2024-04-16 15:12:00+00:00
[2024-04-16T22:12:25.533+0700] {processor.py:183} INFO - Processing /opt/homebrew/Caskroom/miniconda/base/lib/python3.11/site-packages/airflow/example_dags/example_branch_python_dop_operator_3.py took 0.114 seconds
[2024-04-16T22:16:13.335+0700] {processor.py:161} INFO - Started process (PID=79956) to work on /opt/homebrew/Caskroom/miniconda/base/lib/python3.11/site-packages/airflow/example_dags/example_branch_python_dop_operator_3.py
[2024-04-16T22:16:13.344+0700] {processor.py:830} INFO - Processing file /opt/homebrew/Caskroom/miniconda/base/lib/python3.11/site-packages/airflow/example_dags/example_branch_python_dop_operator_3.py for tasks to queue
[2024-04-16T22:16:13.371+0700] {logging_mixin.py:188} INFO - [2024-04-16T22:16:13.370+0700] {dagbag.py:540} INFO - Filling up the DagBag from /opt/homebrew/Caskroom/miniconda/base/lib/python3.11/site-packages/airflow/example_dags/example_branch_python_dop_operator_3.py
[2024-04-16T22:16:13.493+0700] {processor.py:840} INFO - DAG(s) 'example_branch_dop_operator_v3' retrieved from /opt/homebrew/Caskroom/miniconda/base/lib/python3.11/site-packages/airflow/example_dags/example_branch_python_dop_operator_3.py
[2024-04-16T22:16:13.829+0700] {logging_mixin.py:188} INFO - [2024-04-16T22:16:13.828+0700] {dag.py:3096} INFO - Sync 1 DAGs
[2024-04-16T22:16:13.873+0700] {logging_mixin.py:188} INFO - [2024-04-16T22:16:13.872+0700] {dag.py:3954} INFO - Setting next_dagrun for example_branch_dop_operator_v3 to 2024-04-16 15:15:00+00:00, run_after=2024-04-16 15:16:00+00:00
[2024-04-16T22:16:13.918+0700] {processor.py:183} INFO - Processing /opt/homebrew/Caskroom/miniconda/base/lib/python3.11/site-packages/airflow/example_dags/example_branch_python_dop_operator_3.py took 0.587 seconds
[2024-04-16T22:21:30.771+0700] {processor.py:161} INFO - Started process (PID=81459) to work on /opt/homebrew/Caskroom/miniconda/base/lib/python3.11/site-packages/airflow/example_dags/example_branch_python_dop_operator_3.py
[2024-04-16T22:21:30.771+0700] {processor.py:830} INFO - Processing file /opt/homebrew/Caskroom/miniconda/base/lib/python3.11/site-packages/airflow/example_dags/example_branch_python_dop_operator_3.py for tasks to queue
[2024-04-16T22:21:30.772+0700] {logging_mixin.py:188} INFO - [2024-04-16T22:21:30.772+0700] {dagbag.py:540} INFO - Filling up the DagBag from /opt/homebrew/Caskroom/miniconda/base/lib/python3.11/site-packages/airflow/example_dags/example_branch_python_dop_operator_3.py
[2024-04-16T22:21:30.800+0700] {processor.py:840} INFO - DAG(s) 'example_branch_dop_operator_v3' retrieved from /opt/homebrew/Caskroom/miniconda/base/lib/python3.11/site-packages/airflow/example_dags/example_branch_python_dop_operator_3.py
[2024-04-16T22:21:30.873+0700] {logging_mixin.py:188} INFO - [2024-04-16T22:21:30.873+0700] {dag.py:3096} INFO - Sync 1 DAGs
[2024-04-16T22:21:30.885+0700] {logging_mixin.py:188} INFO - [2024-04-16T22:21:30.885+0700] {dag.py:3954} INFO - Setting next_dagrun for example_branch_dop_operator_v3 to 2024-04-16 15:20:00+00:00, run_after=2024-04-16 15:21:00+00:00
[2024-04-16T22:21:30.896+0700] {processor.py:183} INFO - Processing /opt/homebrew/Caskroom/miniconda/base/lib/python3.11/site-packages/airflow/example_dags/example_branch_python_dop_operator_3.py took 0.131 seconds
