[2024-04-16T20:53:14.812+0700] {processor.py:161} INFO - Started process (PID=54365) to work on /opt/homebrew/Caskroom/miniconda/base/lib/python3.11/site-packages/airflow/example_dags/example_external_task_marker_dag.py
[2024-04-16T20:53:14.814+0700] {processor.py:830} INFO - Processing file /opt/homebrew/Caskroom/miniconda/base/lib/python3.11/site-packages/airflow/example_dags/example_external_task_marker_dag.py for tasks to queue
[2024-04-16T20:53:14.814+0700] {logging_mixin.py:188} INFO - [2024-04-16T20:53:14.814+0700] {dagbag.py:540} INFO - Filling up the DagBag from /opt/homebrew/Caskroom/miniconda/base/lib/python3.11/site-packages/airflow/example_dags/example_external_task_marker_dag.py
[2024-04-16T20:53:14.823+0700] {processor.py:840} INFO - DAG(s) 'example_external_task_marker_parent', 'example_external_task_marker_child' retrieved from /opt/homebrew/Caskroom/miniconda/base/lib/python3.11/site-packages/airflow/example_dags/example_external_task_marker_dag.py
[2024-04-16T20:53:14.949+0700] {logging_mixin.py:188} INFO - [2024-04-16T20:53:14.948+0700] {dag.py:3096} INFO - Sync 2 DAGs
[2024-04-16T20:53:14.954+0700] {logging_mixin.py:188} INFO - [2024-04-16T20:53:14.954+0700] {dag.py:3954} INFO - Setting next_dagrun for example_external_task_marker_child to None, run_after=None
[2024-04-16T20:53:14.955+0700] {logging_mixin.py:188} INFO - [2024-04-16T20:53:14.955+0700] {dag.py:3954} INFO - Setting next_dagrun for example_external_task_marker_parent to None, run_after=None
[2024-04-16T20:53:14.967+0700] {processor.py:183} INFO - Processing /opt/homebrew/Caskroom/miniconda/base/lib/python3.11/site-packages/airflow/example_dags/example_external_task_marker_dag.py took 0.157 seconds
[2024-04-16T20:55:04.172+0700] {processor.py:161} INFO - Started process (PID=54899) to work on /opt/homebrew/Caskroom/miniconda/base/lib/python3.11/site-packages/airflow/example_dags/example_external_task_marker_dag.py
[2024-04-16T20:55:04.173+0700] {processor.py:830} INFO - Processing file /opt/homebrew/Caskroom/miniconda/base/lib/python3.11/site-packages/airflow/example_dags/example_external_task_marker_dag.py for tasks to queue
[2024-04-16T20:55:04.174+0700] {logging_mixin.py:188} INFO - [2024-04-16T20:55:04.174+0700] {dagbag.py:540} INFO - Filling up the DagBag from /opt/homebrew/Caskroom/miniconda/base/lib/python3.11/site-packages/airflow/example_dags/example_external_task_marker_dag.py
[2024-04-16T20:55:04.181+0700] {processor.py:840} INFO - DAG(s) 'example_external_task_marker_child', 'example_external_task_marker_parent' retrieved from /opt/homebrew/Caskroom/miniconda/base/lib/python3.11/site-packages/airflow/example_dags/example_external_task_marker_dag.py
[2024-04-16T20:55:04.251+0700] {logging_mixin.py:188} INFO - [2024-04-16T20:55:04.251+0700] {dag.py:3096} INFO - Sync 2 DAGs
[2024-04-16T20:55:04.257+0700] {logging_mixin.py:188} INFO - [2024-04-16T20:55:04.257+0700] {dag.py:3954} INFO - Setting next_dagrun for example_external_task_marker_child to None, run_after=None
[2024-04-16T20:55:04.260+0700] {logging_mixin.py:188} INFO - [2024-04-16T20:55:04.259+0700] {dag.py:3954} INFO - Setting next_dagrun for example_external_task_marker_parent to None, run_after=None
[2024-04-16T20:55:04.270+0700] {processor.py:183} INFO - Processing /opt/homebrew/Caskroom/miniconda/base/lib/python3.11/site-packages/airflow/example_dags/example_external_task_marker_dag.py took 0.099 seconds
[2024-04-16T20:57:36.133+0700] {processor.py:161} INFO - Started process (PID=55577) to work on /opt/homebrew/Caskroom/miniconda/base/lib/python3.11/site-packages/airflow/example_dags/example_external_task_marker_dag.py
[2024-04-16T20:57:36.134+0700] {processor.py:830} INFO - Processing file /opt/homebrew/Caskroom/miniconda/base/lib/python3.11/site-packages/airflow/example_dags/example_external_task_marker_dag.py for tasks to queue
[2024-04-16T20:57:36.134+0700] {logging_mixin.py:188} INFO - [2024-04-16T20:57:36.134+0700] {dagbag.py:540} INFO - Filling up the DagBag from /opt/homebrew/Caskroom/miniconda/base/lib/python3.11/site-packages/airflow/example_dags/example_external_task_marker_dag.py
[2024-04-16T20:57:36.143+0700] {processor.py:840} INFO - DAG(s) 'example_external_task_marker_parent', 'example_external_task_marker_child' retrieved from /opt/homebrew/Caskroom/miniconda/base/lib/python3.11/site-packages/airflow/example_dags/example_external_task_marker_dag.py
[2024-04-16T20:57:36.217+0700] {logging_mixin.py:188} INFO - [2024-04-16T20:57:36.217+0700] {dag.py:3096} INFO - Sync 2 DAGs
[2024-04-16T20:57:36.224+0700] {logging_mixin.py:188} INFO - [2024-04-16T20:57:36.224+0700] {dag.py:3954} INFO - Setting next_dagrun for example_external_task_marker_child to None, run_after=None
[2024-04-16T20:57:36.227+0700] {logging_mixin.py:188} INFO - [2024-04-16T20:57:36.227+0700] {dag.py:3954} INFO - Setting next_dagrun for example_external_task_marker_parent to None, run_after=None
[2024-04-16T20:57:36.237+0700] {processor.py:183} INFO - Processing /opt/homebrew/Caskroom/miniconda/base/lib/python3.11/site-packages/airflow/example_dags/example_external_task_marker_dag.py took 0.107 seconds
[2024-04-16T21:00:09.323+0700] {processor.py:161} INFO - Started process (PID=56272) to work on /opt/homebrew/Caskroom/miniconda/base/lib/python3.11/site-packages/airflow/example_dags/example_external_task_marker_dag.py
[2024-04-16T21:00:09.325+0700] {processor.py:830} INFO - Processing file /opt/homebrew/Caskroom/miniconda/base/lib/python3.11/site-packages/airflow/example_dags/example_external_task_marker_dag.py for tasks to queue
[2024-04-16T21:00:09.325+0700] {logging_mixin.py:188} INFO - [2024-04-16T21:00:09.325+0700] {dagbag.py:540} INFO - Filling up the DagBag from /opt/homebrew/Caskroom/miniconda/base/lib/python3.11/site-packages/airflow/example_dags/example_external_task_marker_dag.py
[2024-04-16T21:00:09.333+0700] {processor.py:840} INFO - DAG(s) 'example_external_task_marker_child', 'example_external_task_marker_parent' retrieved from /opt/homebrew/Caskroom/miniconda/base/lib/python3.11/site-packages/airflow/example_dags/example_external_task_marker_dag.py
[2024-04-16T21:00:09.401+0700] {logging_mixin.py:188} INFO - [2024-04-16T21:00:09.400+0700] {dag.py:3096} INFO - Sync 2 DAGs
[2024-04-16T21:00:09.406+0700] {logging_mixin.py:188} INFO - [2024-04-16T21:00:09.406+0700] {dag.py:3954} INFO - Setting next_dagrun for example_external_task_marker_child to None, run_after=None
[2024-04-16T21:00:09.408+0700] {logging_mixin.py:188} INFO - [2024-04-16T21:00:09.408+0700] {dag.py:3954} INFO - Setting next_dagrun for example_external_task_marker_parent to None, run_after=None
[2024-04-16T21:00:09.418+0700] {processor.py:183} INFO - Processing /opt/homebrew/Caskroom/miniconda/base/lib/python3.11/site-packages/airflow/example_dags/example_external_task_marker_dag.py took 0.097 seconds
[2024-04-16T21:02:43.029+0700] {processor.py:161} INFO - Started process (PID=56967) to work on /opt/homebrew/Caskroom/miniconda/base/lib/python3.11/site-packages/airflow/example_dags/example_external_task_marker_dag.py
[2024-04-16T21:02:43.030+0700] {processor.py:830} INFO - Processing file /opt/homebrew/Caskroom/miniconda/base/lib/python3.11/site-packages/airflow/example_dags/example_external_task_marker_dag.py for tasks to queue
[2024-04-16T21:02:43.030+0700] {logging_mixin.py:188} INFO - [2024-04-16T21:02:43.030+0700] {dagbag.py:540} INFO - Filling up the DagBag from /opt/homebrew/Caskroom/miniconda/base/lib/python3.11/site-packages/airflow/example_dags/example_external_task_marker_dag.py
[2024-04-16T21:02:43.038+0700] {processor.py:840} INFO - DAG(s) 'example_external_task_marker_parent', 'example_external_task_marker_child' retrieved from /opt/homebrew/Caskroom/miniconda/base/lib/python3.11/site-packages/airflow/example_dags/example_external_task_marker_dag.py
[2024-04-16T21:02:43.106+0700] {logging_mixin.py:188} INFO - [2024-04-16T21:02:43.106+0700] {dag.py:3096} INFO - Sync 2 DAGs
[2024-04-16T21:02:43.112+0700] {logging_mixin.py:188} INFO - [2024-04-16T21:02:43.112+0700] {dag.py:3954} INFO - Setting next_dagrun for example_external_task_marker_child to None, run_after=None
[2024-04-16T21:02:43.114+0700] {logging_mixin.py:188} INFO - [2024-04-16T21:02:43.114+0700] {dag.py:3954} INFO - Setting next_dagrun for example_external_task_marker_parent to None, run_after=None
[2024-04-16T21:02:43.125+0700] {processor.py:183} INFO - Processing /opt/homebrew/Caskroom/miniconda/base/lib/python3.11/site-packages/airflow/example_dags/example_external_task_marker_dag.py took 0.098 seconds
[2024-04-16T21:05:15.822+0700] {processor.py:161} INFO - Started process (PID=57664) to work on /opt/homebrew/Caskroom/miniconda/base/lib/python3.11/site-packages/airflow/example_dags/example_external_task_marker_dag.py
[2024-04-16T21:05:15.823+0700] {processor.py:830} INFO - Processing file /opt/homebrew/Caskroom/miniconda/base/lib/python3.11/site-packages/airflow/example_dags/example_external_task_marker_dag.py for tasks to queue
[2024-04-16T21:05:15.824+0700] {logging_mixin.py:188} INFO - [2024-04-16T21:05:15.823+0700] {dagbag.py:540} INFO - Filling up the DagBag from /opt/homebrew/Caskroom/miniconda/base/lib/python3.11/site-packages/airflow/example_dags/example_external_task_marker_dag.py
[2024-04-16T21:05:15.831+0700] {processor.py:840} INFO - DAG(s) 'example_external_task_marker_parent', 'example_external_task_marker_child' retrieved from /opt/homebrew/Caskroom/miniconda/base/lib/python3.11/site-packages/airflow/example_dags/example_external_task_marker_dag.py
[2024-04-16T21:05:15.899+0700] {logging_mixin.py:188} INFO - [2024-04-16T21:05:15.898+0700] {dag.py:3096} INFO - Sync 2 DAGs
[2024-04-16T21:05:15.905+0700] {logging_mixin.py:188} INFO - [2024-04-16T21:05:15.905+0700] {dag.py:3954} INFO - Setting next_dagrun for example_external_task_marker_child to None, run_after=None
[2024-04-16T21:05:15.907+0700] {logging_mixin.py:188} INFO - [2024-04-16T21:05:15.907+0700] {dag.py:3954} INFO - Setting next_dagrun for example_external_task_marker_parent to None, run_after=None
[2024-04-16T21:05:15.916+0700] {processor.py:183} INFO - Processing /opt/homebrew/Caskroom/miniconda/base/lib/python3.11/site-packages/airflow/example_dags/example_external_task_marker_dag.py took 0.095 seconds
[2024-04-16T21:07:48.586+0700] {processor.py:161} INFO - Started process (PID=58359) to work on /opt/homebrew/Caskroom/miniconda/base/lib/python3.11/site-packages/airflow/example_dags/example_external_task_marker_dag.py
[2024-04-16T21:07:48.587+0700] {processor.py:830} INFO - Processing file /opt/homebrew/Caskroom/miniconda/base/lib/python3.11/site-packages/airflow/example_dags/example_external_task_marker_dag.py for tasks to queue
[2024-04-16T21:07:48.588+0700] {logging_mixin.py:188} INFO - [2024-04-16T21:07:48.587+0700] {dagbag.py:540} INFO - Filling up the DagBag from /opt/homebrew/Caskroom/miniconda/base/lib/python3.11/site-packages/airflow/example_dags/example_external_task_marker_dag.py
[2024-04-16T21:07:48.596+0700] {processor.py:840} INFO - DAG(s) 'example_external_task_marker_child', 'example_external_task_marker_parent' retrieved from /opt/homebrew/Caskroom/miniconda/base/lib/python3.11/site-packages/airflow/example_dags/example_external_task_marker_dag.py
[2024-04-16T21:07:48.664+0700] {logging_mixin.py:188} INFO - [2024-04-16T21:07:48.663+0700] {dag.py:3096} INFO - Sync 2 DAGs
[2024-04-16T21:07:48.669+0700] {logging_mixin.py:188} INFO - [2024-04-16T21:07:48.669+0700] {dag.py:3954} INFO - Setting next_dagrun for example_external_task_marker_child to None, run_after=None
[2024-04-16T21:07:48.671+0700] {logging_mixin.py:188} INFO - [2024-04-16T21:07:48.671+0700] {dag.py:3954} INFO - Setting next_dagrun for example_external_task_marker_parent to None, run_after=None
[2024-04-16T21:07:48.681+0700] {processor.py:183} INFO - Processing /opt/homebrew/Caskroom/miniconda/base/lib/python3.11/site-packages/airflow/example_dags/example_external_task_marker_dag.py took 0.097 seconds
[2024-04-16T21:10:26.896+0700] {processor.py:161} INFO - Started process (PID=59076) to work on /opt/homebrew/Caskroom/miniconda/base/lib/python3.11/site-packages/airflow/example_dags/example_external_task_marker_dag.py
[2024-04-16T21:10:26.897+0700] {processor.py:830} INFO - Processing file /opt/homebrew/Caskroom/miniconda/base/lib/python3.11/site-packages/airflow/example_dags/example_external_task_marker_dag.py for tasks to queue
[2024-04-16T21:10:26.898+0700] {logging_mixin.py:188} INFO - [2024-04-16T21:10:26.898+0700] {dagbag.py:540} INFO - Filling up the DagBag from /opt/homebrew/Caskroom/miniconda/base/lib/python3.11/site-packages/airflow/example_dags/example_external_task_marker_dag.py
[2024-04-16T21:10:26.906+0700] {processor.py:840} INFO - DAG(s) 'example_external_task_marker_parent', 'example_external_task_marker_child' retrieved from /opt/homebrew/Caskroom/miniconda/base/lib/python3.11/site-packages/airflow/example_dags/example_external_task_marker_dag.py
[2024-04-16T21:10:26.974+0700] {logging_mixin.py:188} INFO - [2024-04-16T21:10:26.974+0700] {dag.py:3096} INFO - Sync 2 DAGs
[2024-04-16T21:10:26.981+0700] {logging_mixin.py:188} INFO - [2024-04-16T21:10:26.980+0700] {dag.py:3954} INFO - Setting next_dagrun for example_external_task_marker_child to None, run_after=None
[2024-04-16T21:10:26.982+0700] {logging_mixin.py:188} INFO - [2024-04-16T21:10:26.982+0700] {dag.py:3954} INFO - Setting next_dagrun for example_external_task_marker_parent to None, run_after=None
[2024-04-16T21:10:26.992+0700] {processor.py:183} INFO - Processing /opt/homebrew/Caskroom/miniconda/base/lib/python3.11/site-packages/airflow/example_dags/example_external_task_marker_dag.py took 0.097 seconds
[2024-04-16T21:13:02.927+0700] {processor.py:161} INFO - Started process (PID=59791) to work on /opt/homebrew/Caskroom/miniconda/base/lib/python3.11/site-packages/airflow/example_dags/example_external_task_marker_dag.py
[2024-04-16T21:13:02.928+0700] {processor.py:830} INFO - Processing file /opt/homebrew/Caskroom/miniconda/base/lib/python3.11/site-packages/airflow/example_dags/example_external_task_marker_dag.py for tasks to queue
[2024-04-16T21:13:02.928+0700] {logging_mixin.py:188} INFO - [2024-04-16T21:13:02.928+0700] {dagbag.py:540} INFO - Filling up the DagBag from /opt/homebrew/Caskroom/miniconda/base/lib/python3.11/site-packages/airflow/example_dags/example_external_task_marker_dag.py
[2024-04-16T21:13:02.936+0700] {processor.py:840} INFO - DAG(s) 'example_external_task_marker_child', 'example_external_task_marker_parent' retrieved from /opt/homebrew/Caskroom/miniconda/base/lib/python3.11/site-packages/airflow/example_dags/example_external_task_marker_dag.py
[2024-04-16T21:13:03.004+0700] {logging_mixin.py:188} INFO - [2024-04-16T21:13:03.003+0700] {dag.py:3096} INFO - Sync 2 DAGs
[2024-04-16T21:13:03.009+0700] {logging_mixin.py:188} INFO - [2024-04-16T21:13:03.009+0700] {dag.py:3954} INFO - Setting next_dagrun for example_external_task_marker_child to None, run_after=None
[2024-04-16T21:13:03.011+0700] {logging_mixin.py:188} INFO - [2024-04-16T21:13:03.011+0700] {dag.py:3954} INFO - Setting next_dagrun for example_external_task_marker_parent to None, run_after=None
[2024-04-16T21:13:03.021+0700] {processor.py:183} INFO - Processing /opt/homebrew/Caskroom/miniconda/base/lib/python3.11/site-packages/airflow/example_dags/example_external_task_marker_dag.py took 0.096 seconds
[2024-04-16T21:15:40.503+0700] {processor.py:161} INFO - Started process (PID=60523) to work on /opt/homebrew/Caskroom/miniconda/base/lib/python3.11/site-packages/airflow/example_dags/example_external_task_marker_dag.py
[2024-04-16T21:15:40.505+0700] {processor.py:830} INFO - Processing file /opt/homebrew/Caskroom/miniconda/base/lib/python3.11/site-packages/airflow/example_dags/example_external_task_marker_dag.py for tasks to queue
[2024-04-16T21:15:40.505+0700] {logging_mixin.py:188} INFO - [2024-04-16T21:15:40.505+0700] {dagbag.py:540} INFO - Filling up the DagBag from /opt/homebrew/Caskroom/miniconda/base/lib/python3.11/site-packages/airflow/example_dags/example_external_task_marker_dag.py
[2024-04-16T21:15:40.513+0700] {processor.py:840} INFO - DAG(s) 'example_external_task_marker_child', 'example_external_task_marker_parent' retrieved from /opt/homebrew/Caskroom/miniconda/base/lib/python3.11/site-packages/airflow/example_dags/example_external_task_marker_dag.py
[2024-04-16T21:15:40.583+0700] {logging_mixin.py:188} INFO - [2024-04-16T21:15:40.582+0700] {dag.py:3096} INFO - Sync 2 DAGs
[2024-04-16T21:15:40.589+0700] {logging_mixin.py:188} INFO - [2024-04-16T21:15:40.589+0700] {dag.py:3954} INFO - Setting next_dagrun for example_external_task_marker_child to None, run_after=None
[2024-04-16T21:15:40.592+0700] {logging_mixin.py:188} INFO - [2024-04-16T21:15:40.591+0700] {dag.py:3954} INFO - Setting next_dagrun for example_external_task_marker_parent to None, run_after=None
[2024-04-16T21:15:40.602+0700] {processor.py:183} INFO - Processing /opt/homebrew/Caskroom/miniconda/base/lib/python3.11/site-packages/airflow/example_dags/example_external_task_marker_dag.py took 0.101 seconds
[2024-04-16T21:18:13.982+0700] {processor.py:161} INFO - Started process (PID=61229) to work on /opt/homebrew/Caskroom/miniconda/base/lib/python3.11/site-packages/airflow/example_dags/example_external_task_marker_dag.py
[2024-04-16T21:18:13.983+0700] {processor.py:830} INFO - Processing file /opt/homebrew/Caskroom/miniconda/base/lib/python3.11/site-packages/airflow/example_dags/example_external_task_marker_dag.py for tasks to queue
[2024-04-16T21:18:13.983+0700] {logging_mixin.py:188} INFO - [2024-04-16T21:18:13.983+0700] {dagbag.py:540} INFO - Filling up the DagBag from /opt/homebrew/Caskroom/miniconda/base/lib/python3.11/site-packages/airflow/example_dags/example_external_task_marker_dag.py
[2024-04-16T21:18:13.991+0700] {processor.py:840} INFO - DAG(s) 'example_external_task_marker_child', 'example_external_task_marker_parent' retrieved from /opt/homebrew/Caskroom/miniconda/base/lib/python3.11/site-packages/airflow/example_dags/example_external_task_marker_dag.py
[2024-04-16T21:18:14.058+0700] {logging_mixin.py:188} INFO - [2024-04-16T21:18:14.058+0700] {dag.py:3096} INFO - Sync 2 DAGs
[2024-04-16T21:18:14.064+0700] {logging_mixin.py:188} INFO - [2024-04-16T21:18:14.064+0700] {dag.py:3954} INFO - Setting next_dagrun for example_external_task_marker_child to None, run_after=None
[2024-04-16T21:18:14.066+0700] {logging_mixin.py:188} INFO - [2024-04-16T21:18:14.065+0700] {dag.py:3954} INFO - Setting next_dagrun for example_external_task_marker_parent to None, run_after=None
[2024-04-16T21:18:14.075+0700] {processor.py:183} INFO - Processing /opt/homebrew/Caskroom/miniconda/base/lib/python3.11/site-packages/airflow/example_dags/example_external_task_marker_dag.py took 0.095 seconds
[2024-04-16T21:20:47.010+0700] {processor.py:161} INFO - Started process (PID=61932) to work on /opt/homebrew/Caskroom/miniconda/base/lib/python3.11/site-packages/airflow/example_dags/example_external_task_marker_dag.py
[2024-04-16T21:20:47.011+0700] {processor.py:830} INFO - Processing file /opt/homebrew/Caskroom/miniconda/base/lib/python3.11/site-packages/airflow/example_dags/example_external_task_marker_dag.py for tasks to queue
[2024-04-16T21:20:47.011+0700] {logging_mixin.py:188} INFO - [2024-04-16T21:20:47.011+0700] {dagbag.py:540} INFO - Filling up the DagBag from /opt/homebrew/Caskroom/miniconda/base/lib/python3.11/site-packages/airflow/example_dags/example_external_task_marker_dag.py
[2024-04-16T21:20:47.019+0700] {processor.py:840} INFO - DAG(s) 'example_external_task_marker_child', 'example_external_task_marker_parent' retrieved from /opt/homebrew/Caskroom/miniconda/base/lib/python3.11/site-packages/airflow/example_dags/example_external_task_marker_dag.py
[2024-04-16T21:20:47.101+0700] {logging_mixin.py:188} INFO - [2024-04-16T21:20:47.100+0700] {dag.py:3096} INFO - Sync 2 DAGs
[2024-04-16T21:20:47.107+0700] {logging_mixin.py:188} INFO - [2024-04-16T21:20:47.107+0700] {dag.py:3954} INFO - Setting next_dagrun for example_external_task_marker_child to None, run_after=None
[2024-04-16T21:20:47.110+0700] {logging_mixin.py:188} INFO - [2024-04-16T21:20:47.110+0700] {dag.py:3954} INFO - Setting next_dagrun for example_external_task_marker_parent to None, run_after=None
[2024-04-16T21:20:47.121+0700] {processor.py:183} INFO - Processing /opt/homebrew/Caskroom/miniconda/base/lib/python3.11/site-packages/airflow/example_dags/example_external_task_marker_dag.py took 0.113 seconds
[2024-04-16T21:23:41.688+0700] {processor.py:161} INFO - Started process (PID=63397) to work on /opt/homebrew/Caskroom/miniconda/base/lib/python3.11/site-packages/airflow/example_dags/example_external_task_marker_dag.py
[2024-04-16T21:23:41.689+0700] {processor.py:830} INFO - Processing file /opt/homebrew/Caskroom/miniconda/base/lib/python3.11/site-packages/airflow/example_dags/example_external_task_marker_dag.py for tasks to queue
[2024-04-16T21:23:41.689+0700] {logging_mixin.py:188} INFO - [2024-04-16T21:23:41.689+0700] {dagbag.py:540} INFO - Filling up the DagBag from /opt/homebrew/Caskroom/miniconda/base/lib/python3.11/site-packages/airflow/example_dags/example_external_task_marker_dag.py
[2024-04-16T21:23:41.697+0700] {processor.py:840} INFO - DAG(s) 'example_external_task_marker_child', 'example_external_task_marker_parent' retrieved from /opt/homebrew/Caskroom/miniconda/base/lib/python3.11/site-packages/airflow/example_dags/example_external_task_marker_dag.py
[2024-04-16T21:23:41.769+0700] {logging_mixin.py:188} INFO - [2024-04-16T21:23:41.769+0700] {dag.py:3096} INFO - Sync 2 DAGs
[2024-04-16T21:23:41.775+0700] {logging_mixin.py:188} INFO - [2024-04-16T21:23:41.775+0700] {dag.py:3954} INFO - Setting next_dagrun for example_external_task_marker_child to None, run_after=None
[2024-04-16T21:23:41.777+0700] {logging_mixin.py:188} INFO - [2024-04-16T21:23:41.777+0700] {dag.py:3954} INFO - Setting next_dagrun for example_external_task_marker_parent to None, run_after=None
[2024-04-16T21:23:41.787+0700] {processor.py:183} INFO - Processing /opt/homebrew/Caskroom/miniconda/base/lib/python3.11/site-packages/airflow/example_dags/example_external_task_marker_dag.py took 0.101 seconds
[2024-04-16T21:26:36.046+0700] {processor.py:161} INFO - Started process (PID=64275) to work on /opt/homebrew/Caskroom/miniconda/base/lib/python3.11/site-packages/airflow/example_dags/example_external_task_marker_dag.py
[2024-04-16T21:26:36.048+0700] {processor.py:830} INFO - Processing file /opt/homebrew/Caskroom/miniconda/base/lib/python3.11/site-packages/airflow/example_dags/example_external_task_marker_dag.py for tasks to queue
[2024-04-16T21:26:36.048+0700] {logging_mixin.py:188} INFO - [2024-04-16T21:26:36.048+0700] {dagbag.py:540} INFO - Filling up the DagBag from /opt/homebrew/Caskroom/miniconda/base/lib/python3.11/site-packages/airflow/example_dags/example_external_task_marker_dag.py
[2024-04-16T21:26:36.062+0700] {processor.py:840} INFO - DAG(s) 'example_external_task_marker_child', 'example_external_task_marker_parent' retrieved from /opt/homebrew/Caskroom/miniconda/base/lib/python3.11/site-packages/airflow/example_dags/example_external_task_marker_dag.py
[2024-04-16T21:26:36.139+0700] {logging_mixin.py:188} INFO - [2024-04-16T21:26:36.138+0700] {dag.py:3096} INFO - Sync 2 DAGs
[2024-04-16T21:26:36.146+0700] {logging_mixin.py:188} INFO - [2024-04-16T21:26:36.146+0700] {dag.py:3954} INFO - Setting next_dagrun for example_external_task_marker_child to None, run_after=None
[2024-04-16T21:26:36.148+0700] {logging_mixin.py:188} INFO - [2024-04-16T21:26:36.148+0700] {dag.py:3954} INFO - Setting next_dagrun for example_external_task_marker_parent to None, run_after=None
[2024-04-16T21:26:36.160+0700] {processor.py:183} INFO - Processing /opt/homebrew/Caskroom/miniconda/base/lib/python3.11/site-packages/airflow/example_dags/example_external_task_marker_dag.py took 0.116 seconds
[2024-04-16T21:29:27.828+0700] {processor.py:161} INFO - Started process (PID=65100) to work on /opt/homebrew/Caskroom/miniconda/base/lib/python3.11/site-packages/airflow/example_dags/example_external_task_marker_dag.py
[2024-04-16T21:29:27.828+0700] {processor.py:830} INFO - Processing file /opt/homebrew/Caskroom/miniconda/base/lib/python3.11/site-packages/airflow/example_dags/example_external_task_marker_dag.py for tasks to queue
[2024-04-16T21:29:27.829+0700] {logging_mixin.py:188} INFO - [2024-04-16T21:29:27.829+0700] {dagbag.py:540} INFO - Filling up the DagBag from /opt/homebrew/Caskroom/miniconda/base/lib/python3.11/site-packages/airflow/example_dags/example_external_task_marker_dag.py
[2024-04-16T21:29:27.837+0700] {processor.py:840} INFO - DAG(s) 'example_external_task_marker_parent', 'example_external_task_marker_child' retrieved from /opt/homebrew/Caskroom/miniconda/base/lib/python3.11/site-packages/airflow/example_dags/example_external_task_marker_dag.py
[2024-04-16T21:29:27.907+0700] {logging_mixin.py:188} INFO - [2024-04-16T21:29:27.906+0700] {dag.py:3096} INFO - Sync 2 DAGs
[2024-04-16T21:29:27.912+0700] {logging_mixin.py:188} INFO - [2024-04-16T21:29:27.912+0700] {dag.py:3954} INFO - Setting next_dagrun for example_external_task_marker_child to None, run_after=None
[2024-04-16T21:29:27.915+0700] {logging_mixin.py:188} INFO - [2024-04-16T21:29:27.914+0700] {dag.py:3954} INFO - Setting next_dagrun for example_external_task_marker_parent to None, run_after=None
[2024-04-16T21:29:27.925+0700] {processor.py:183} INFO - Processing /opt/homebrew/Caskroom/miniconda/base/lib/python3.11/site-packages/airflow/example_dags/example_external_task_marker_dag.py took 0.098 seconds
[2024-04-16T21:32:14.654+0700] {processor.py:161} INFO - Started process (PID=65872) to work on /opt/homebrew/Caskroom/miniconda/base/lib/python3.11/site-packages/airflow/example_dags/example_external_task_marker_dag.py
[2024-04-16T21:32:14.655+0700] {processor.py:830} INFO - Processing file /opt/homebrew/Caskroom/miniconda/base/lib/python3.11/site-packages/airflow/example_dags/example_external_task_marker_dag.py for tasks to queue
[2024-04-16T21:32:14.655+0700] {logging_mixin.py:188} INFO - [2024-04-16T21:32:14.655+0700] {dagbag.py:540} INFO - Filling up the DagBag from /opt/homebrew/Caskroom/miniconda/base/lib/python3.11/site-packages/airflow/example_dags/example_external_task_marker_dag.py
[2024-04-16T21:32:14.663+0700] {processor.py:840} INFO - DAG(s) 'example_external_task_marker_parent', 'example_external_task_marker_child' retrieved from /opt/homebrew/Caskroom/miniconda/base/lib/python3.11/site-packages/airflow/example_dags/example_external_task_marker_dag.py
[2024-04-16T21:32:14.730+0700] {logging_mixin.py:188} INFO - [2024-04-16T21:32:14.730+0700] {dag.py:3096} INFO - Sync 2 DAGs
[2024-04-16T21:32:14.736+0700] {logging_mixin.py:188} INFO - [2024-04-16T21:32:14.736+0700] {dag.py:3954} INFO - Setting next_dagrun for example_external_task_marker_child to None, run_after=None
[2024-04-16T21:32:14.738+0700] {logging_mixin.py:188} INFO - [2024-04-16T21:32:14.738+0700] {dag.py:3954} INFO - Setting next_dagrun for example_external_task_marker_parent to None, run_after=None
[2024-04-16T21:32:14.748+0700] {processor.py:183} INFO - Processing /opt/homebrew/Caskroom/miniconda/base/lib/python3.11/site-packages/airflow/example_dags/example_external_task_marker_dag.py took 0.095 seconds
[2024-04-16T21:34:59.414+0700] {processor.py:161} INFO - Started process (PID=66648) to work on /opt/homebrew/Caskroom/miniconda/base/lib/python3.11/site-packages/airflow/example_dags/example_external_task_marker_dag.py
[2024-04-16T21:34:59.414+0700] {processor.py:830} INFO - Processing file /opt/homebrew/Caskroom/miniconda/base/lib/python3.11/site-packages/airflow/example_dags/example_external_task_marker_dag.py for tasks to queue
[2024-04-16T21:34:59.415+0700] {logging_mixin.py:188} INFO - [2024-04-16T21:34:59.415+0700] {dagbag.py:540} INFO - Filling up the DagBag from /opt/homebrew/Caskroom/miniconda/base/lib/python3.11/site-packages/airflow/example_dags/example_external_task_marker_dag.py
[2024-04-16T21:34:59.423+0700] {processor.py:840} INFO - DAG(s) 'example_external_task_marker_parent', 'example_external_task_marker_child' retrieved from /opt/homebrew/Caskroom/miniconda/base/lib/python3.11/site-packages/airflow/example_dags/example_external_task_marker_dag.py
[2024-04-16T21:34:59.491+0700] {logging_mixin.py:188} INFO - [2024-04-16T21:34:59.491+0700] {dag.py:3096} INFO - Sync 2 DAGs
[2024-04-16T21:34:59.497+0700] {logging_mixin.py:188} INFO - [2024-04-16T21:34:59.497+0700] {dag.py:3954} INFO - Setting next_dagrun for example_external_task_marker_child to None, run_after=None
[2024-04-16T21:34:59.500+0700] {logging_mixin.py:188} INFO - [2024-04-16T21:34:59.499+0700] {dag.py:3954} INFO - Setting next_dagrun for example_external_task_marker_parent to None, run_after=None
[2024-04-16T21:34:59.510+0700] {processor.py:183} INFO - Processing /opt/homebrew/Caskroom/miniconda/base/lib/python3.11/site-packages/airflow/example_dags/example_external_task_marker_dag.py took 0.099 seconds
[2024-04-16T21:37:37.320+0700] {processor.py:161} INFO - Started process (PID=67462) to work on /opt/homebrew/Caskroom/miniconda/base/lib/python3.11/site-packages/airflow/example_dags/example_external_task_marker_dag.py
[2024-04-16T21:37:37.322+0700] {processor.py:830} INFO - Processing file /opt/homebrew/Caskroom/miniconda/base/lib/python3.11/site-packages/airflow/example_dags/example_external_task_marker_dag.py for tasks to queue
[2024-04-16T21:37:37.323+0700] {logging_mixin.py:188} INFO - [2024-04-16T21:37:37.322+0700] {dagbag.py:540} INFO - Filling up the DagBag from /opt/homebrew/Caskroom/miniconda/base/lib/python3.11/site-packages/airflow/example_dags/example_external_task_marker_dag.py
[2024-04-16T21:37:37.331+0700] {processor.py:840} INFO - DAG(s) 'example_external_task_marker_parent', 'example_external_task_marker_child' retrieved from /opt/homebrew/Caskroom/miniconda/base/lib/python3.11/site-packages/airflow/example_dags/example_external_task_marker_dag.py
[2024-04-16T21:37:37.398+0700] {logging_mixin.py:188} INFO - [2024-04-16T21:37:37.397+0700] {dag.py:3096} INFO - Sync 2 DAGs
[2024-04-16T21:37:37.403+0700] {logging_mixin.py:188} INFO - [2024-04-16T21:37:37.403+0700] {dag.py:3954} INFO - Setting next_dagrun for example_external_task_marker_child to None, run_after=None
[2024-04-16T21:37:37.405+0700] {logging_mixin.py:188} INFO - [2024-04-16T21:37:37.405+0700] {dag.py:3954} INFO - Setting next_dagrun for example_external_task_marker_parent to None, run_after=None
[2024-04-16T21:37:37.416+0700] {processor.py:183} INFO - Processing /opt/homebrew/Caskroom/miniconda/base/lib/python3.11/site-packages/airflow/example_dags/example_external_task_marker_dag.py took 0.097 seconds
[2024-04-16T21:40:33.815+0700] {processor.py:161} INFO - Started process (PID=68392) to work on /opt/homebrew/Caskroom/miniconda/base/lib/python3.11/site-packages/airflow/example_dags/example_external_task_marker_dag.py
[2024-04-16T21:40:33.819+0700] {processor.py:830} INFO - Processing file /opt/homebrew/Caskroom/miniconda/base/lib/python3.11/site-packages/airflow/example_dags/example_external_task_marker_dag.py for tasks to queue
[2024-04-16T21:40:33.820+0700] {logging_mixin.py:188} INFO - [2024-04-16T21:40:33.820+0700] {dagbag.py:540} INFO - Filling up the DagBag from /opt/homebrew/Caskroom/miniconda/base/lib/python3.11/site-packages/airflow/example_dags/example_external_task_marker_dag.py
[2024-04-16T21:40:33.842+0700] {processor.py:840} INFO - DAG(s) 'example_external_task_marker_parent', 'example_external_task_marker_child' retrieved from /opt/homebrew/Caskroom/miniconda/base/lib/python3.11/site-packages/airflow/example_dags/example_external_task_marker_dag.py
[2024-04-16T21:40:33.942+0700] {logging_mixin.py:188} INFO - [2024-04-16T21:40:33.942+0700] {dag.py:3096} INFO - Sync 2 DAGs
[2024-04-16T21:40:33.949+0700] {logging_mixin.py:188} INFO - [2024-04-16T21:40:33.948+0700] {dag.py:3954} INFO - Setting next_dagrun for example_external_task_marker_child to None, run_after=None
[2024-04-16T21:40:33.951+0700] {logging_mixin.py:188} INFO - [2024-04-16T21:40:33.951+0700] {dag.py:3954} INFO - Setting next_dagrun for example_external_task_marker_parent to None, run_after=None
[2024-04-16T21:40:33.965+0700] {processor.py:183} INFO - Processing /opt/homebrew/Caskroom/miniconda/base/lib/python3.11/site-packages/airflow/example_dags/example_external_task_marker_dag.py took 0.154 seconds
[2024-04-16T21:44:01.460+0700] {processor.py:161} INFO - Started process (PID=69354) to work on /opt/homebrew/Caskroom/miniconda/base/lib/python3.11/site-packages/airflow/example_dags/example_external_task_marker_dag.py
[2024-04-16T21:44:01.461+0700] {processor.py:830} INFO - Processing file /opt/homebrew/Caskroom/miniconda/base/lib/python3.11/site-packages/airflow/example_dags/example_external_task_marker_dag.py for tasks to queue
[2024-04-16T21:44:01.461+0700] {logging_mixin.py:188} INFO - [2024-04-16T21:44:01.461+0700] {dagbag.py:540} INFO - Filling up the DagBag from /opt/homebrew/Caskroom/miniconda/base/lib/python3.11/site-packages/airflow/example_dags/example_external_task_marker_dag.py
[2024-04-16T21:44:01.470+0700] {processor.py:840} INFO - DAG(s) 'example_external_task_marker_child', 'example_external_task_marker_parent' retrieved from /opt/homebrew/Caskroom/miniconda/base/lib/python3.11/site-packages/airflow/example_dags/example_external_task_marker_dag.py
[2024-04-16T21:44:01.539+0700] {logging_mixin.py:188} INFO - [2024-04-16T21:44:01.538+0700] {dag.py:3096} INFO - Sync 2 DAGs
[2024-04-16T21:44:01.545+0700] {logging_mixin.py:188} INFO - [2024-04-16T21:44:01.545+0700] {dag.py:3954} INFO - Setting next_dagrun for example_external_task_marker_child to None, run_after=None
[2024-04-16T21:44:01.547+0700] {logging_mixin.py:188} INFO - [2024-04-16T21:44:01.546+0700] {dag.py:3954} INFO - Setting next_dagrun for example_external_task_marker_parent to None, run_after=None
[2024-04-16T21:44:01.557+0700] {processor.py:183} INFO - Processing /opt/homebrew/Caskroom/miniconda/base/lib/python3.11/site-packages/airflow/example_dags/example_external_task_marker_dag.py took 0.099 seconds
[2024-04-16T21:47:08.908+0700] {processor.py:161} INFO - Started process (PID=70193) to work on /opt/homebrew/Caskroom/miniconda/base/lib/python3.11/site-packages/airflow/example_dags/example_external_task_marker_dag.py
[2024-04-16T21:47:08.909+0700] {processor.py:830} INFO - Processing file /opt/homebrew/Caskroom/miniconda/base/lib/python3.11/site-packages/airflow/example_dags/example_external_task_marker_dag.py for tasks to queue
[2024-04-16T21:47:08.909+0700] {logging_mixin.py:188} INFO - [2024-04-16T21:47:08.909+0700] {dagbag.py:540} INFO - Filling up the DagBag from /opt/homebrew/Caskroom/miniconda/base/lib/python3.11/site-packages/airflow/example_dags/example_external_task_marker_dag.py
[2024-04-16T21:47:08.917+0700] {processor.py:840} INFO - DAG(s) 'example_external_task_marker_parent', 'example_external_task_marker_child' retrieved from /opt/homebrew/Caskroom/miniconda/base/lib/python3.11/site-packages/airflow/example_dags/example_external_task_marker_dag.py
[2024-04-16T21:47:08.991+0700] {logging_mixin.py:188} INFO - [2024-04-16T21:47:08.991+0700] {dag.py:3096} INFO - Sync 2 DAGs
[2024-04-16T21:47:08.997+0700] {logging_mixin.py:188} INFO - [2024-04-16T21:47:08.997+0700] {dag.py:3954} INFO - Setting next_dagrun for example_external_task_marker_child to None, run_after=None
[2024-04-16T21:47:09.000+0700] {logging_mixin.py:188} INFO - [2024-04-16T21:47:08.999+0700] {dag.py:3954} INFO - Setting next_dagrun for example_external_task_marker_parent to None, run_after=None
[2024-04-16T21:47:09.012+0700] {processor.py:183} INFO - Processing /opt/homebrew/Caskroom/miniconda/base/lib/python3.11/site-packages/airflow/example_dags/example_external_task_marker_dag.py took 0.106 seconds
[2024-04-16T21:51:06.525+0700] {processor.py:161} INFO - Started process (PID=71366) to work on /opt/homebrew/Caskroom/miniconda/base/lib/python3.11/site-packages/airflow/example_dags/example_external_task_marker_dag.py
[2024-04-16T21:51:06.527+0700] {processor.py:830} INFO - Processing file /opt/homebrew/Caskroom/miniconda/base/lib/python3.11/site-packages/airflow/example_dags/example_external_task_marker_dag.py for tasks to queue
[2024-04-16T21:51:06.527+0700] {logging_mixin.py:188} INFO - [2024-04-16T21:51:06.527+0700] {dagbag.py:540} INFO - Filling up the DagBag from /opt/homebrew/Caskroom/miniconda/base/lib/python3.11/site-packages/airflow/example_dags/example_external_task_marker_dag.py
[2024-04-16T21:51:06.537+0700] {processor.py:840} INFO - DAG(s) 'example_external_task_marker_child', 'example_external_task_marker_parent' retrieved from /opt/homebrew/Caskroom/miniconda/base/lib/python3.11/site-packages/airflow/example_dags/example_external_task_marker_dag.py
[2024-04-16T21:51:06.607+0700] {logging_mixin.py:188} INFO - [2024-04-16T21:51:06.607+0700] {dag.py:3096} INFO - Sync 2 DAGs
[2024-04-16T21:51:06.613+0700] {logging_mixin.py:188} INFO - [2024-04-16T21:51:06.613+0700] {dag.py:3954} INFO - Setting next_dagrun for example_external_task_marker_child to None, run_after=None
[2024-04-16T21:51:06.616+0700] {logging_mixin.py:188} INFO - [2024-04-16T21:51:06.616+0700] {dag.py:3954} INFO - Setting next_dagrun for example_external_task_marker_parent to None, run_after=None
[2024-04-16T21:51:06.627+0700] {processor.py:183} INFO - Processing /opt/homebrew/Caskroom/miniconda/base/lib/python3.11/site-packages/airflow/example_dags/example_external_task_marker_dag.py took 0.106 seconds
[2024-04-16T21:55:33.578+0700] {processor.py:161} INFO - Started process (PID=72921) to work on /opt/homebrew/Caskroom/miniconda/base/lib/python3.11/site-packages/airflow/example_dags/example_external_task_marker_dag.py
[2024-04-16T21:55:33.579+0700] {processor.py:830} INFO - Processing file /opt/homebrew/Caskroom/miniconda/base/lib/python3.11/site-packages/airflow/example_dags/example_external_task_marker_dag.py for tasks to queue
[2024-04-16T21:55:33.580+0700] {logging_mixin.py:188} INFO - [2024-04-16T21:55:33.580+0700] {dagbag.py:540} INFO - Filling up the DagBag from /opt/homebrew/Caskroom/miniconda/base/lib/python3.11/site-packages/airflow/example_dags/example_external_task_marker_dag.py
[2024-04-16T21:55:33.607+0700] {processor.py:840} INFO - DAG(s) 'example_external_task_marker_child', 'example_external_task_marker_parent' retrieved from /opt/homebrew/Caskroom/miniconda/base/lib/python3.11/site-packages/airflow/example_dags/example_external_task_marker_dag.py
[2024-04-16T21:55:33.723+0700] {logging_mixin.py:188} INFO - [2024-04-16T21:55:33.723+0700] {dag.py:3096} INFO - Sync 2 DAGs
[2024-04-16T21:55:33.751+0700] {logging_mixin.py:188} INFO - [2024-04-16T21:55:33.750+0700] {dag.py:3954} INFO - Setting next_dagrun for example_external_task_marker_child to None, run_after=None
[2024-04-16T21:55:33.756+0700] {logging_mixin.py:188} INFO - [2024-04-16T21:55:33.756+0700] {dag.py:3954} INFO - Setting next_dagrun for example_external_task_marker_parent to None, run_after=None
[2024-04-16T21:55:33.776+0700] {processor.py:183} INFO - Processing /opt/homebrew/Caskroom/miniconda/base/lib/python3.11/site-packages/airflow/example_dags/example_external_task_marker_dag.py took 0.202 seconds
[2024-04-16T21:58:28.671+0700] {processor.py:161} INFO - Started process (PID=73950) to work on /opt/homebrew/Caskroom/miniconda/base/lib/python3.11/site-packages/airflow/example_dags/example_external_task_marker_dag.py
[2024-04-16T21:58:28.672+0700] {processor.py:830} INFO - Processing file /opt/homebrew/Caskroom/miniconda/base/lib/python3.11/site-packages/airflow/example_dags/example_external_task_marker_dag.py for tasks to queue
[2024-04-16T21:58:28.672+0700] {logging_mixin.py:188} INFO - [2024-04-16T21:58:28.672+0700] {dagbag.py:540} INFO - Filling up the DagBag from /opt/homebrew/Caskroom/miniconda/base/lib/python3.11/site-packages/airflow/example_dags/example_external_task_marker_dag.py
[2024-04-16T21:58:28.681+0700] {processor.py:840} INFO - DAG(s) 'example_external_task_marker_parent', 'example_external_task_marker_child' retrieved from /opt/homebrew/Caskroom/miniconda/base/lib/python3.11/site-packages/airflow/example_dags/example_external_task_marker_dag.py
[2024-04-16T21:58:28.753+0700] {logging_mixin.py:188} INFO - [2024-04-16T21:58:28.752+0700] {dag.py:3096} INFO - Sync 2 DAGs
[2024-04-16T21:58:28.759+0700] {logging_mixin.py:188} INFO - [2024-04-16T21:58:28.759+0700] {dag.py:3954} INFO - Setting next_dagrun for example_external_task_marker_child to None, run_after=None
[2024-04-16T21:58:28.761+0700] {logging_mixin.py:188} INFO - [2024-04-16T21:58:28.761+0700] {dag.py:3954} INFO - Setting next_dagrun for example_external_task_marker_parent to None, run_after=None
[2024-04-16T21:58:28.771+0700] {processor.py:183} INFO - Processing /opt/homebrew/Caskroom/miniconda/base/lib/python3.11/site-packages/airflow/example_dags/example_external_task_marker_dag.py took 0.102 seconds
[2024-04-16T22:01:22.560+0700] {processor.py:161} INFO - Started process (PID=75064) to work on /opt/homebrew/Caskroom/miniconda/base/lib/python3.11/site-packages/airflow/example_dags/example_external_task_marker_dag.py
[2024-04-16T22:01:22.561+0700] {processor.py:830} INFO - Processing file /opt/homebrew/Caskroom/miniconda/base/lib/python3.11/site-packages/airflow/example_dags/example_external_task_marker_dag.py for tasks to queue
[2024-04-16T22:01:22.561+0700] {logging_mixin.py:188} INFO - [2024-04-16T22:01:22.561+0700] {dagbag.py:540} INFO - Filling up the DagBag from /opt/homebrew/Caskroom/miniconda/base/lib/python3.11/site-packages/airflow/example_dags/example_external_task_marker_dag.py
[2024-04-16T22:01:22.570+0700] {processor.py:840} INFO - DAG(s) 'example_external_task_marker_parent', 'example_external_task_marker_child' retrieved from /opt/homebrew/Caskroom/miniconda/base/lib/python3.11/site-packages/airflow/example_dags/example_external_task_marker_dag.py
[2024-04-16T22:01:22.641+0700] {logging_mixin.py:188} INFO - [2024-04-16T22:01:22.640+0700] {dag.py:3096} INFO - Sync 2 DAGs
[2024-04-16T22:01:22.647+0700] {logging_mixin.py:188} INFO - [2024-04-16T22:01:22.647+0700] {dag.py:3954} INFO - Setting next_dagrun for example_external_task_marker_child to None, run_after=None
[2024-04-16T22:01:22.649+0700] {logging_mixin.py:188} INFO - [2024-04-16T22:01:22.649+0700] {dag.py:3954} INFO - Setting next_dagrun for example_external_task_marker_parent to None, run_after=None
[2024-04-16T22:01:22.659+0700] {processor.py:183} INFO - Processing /opt/homebrew/Caskroom/miniconda/base/lib/python3.11/site-packages/airflow/example_dags/example_external_task_marker_dag.py took 0.101 seconds
[2024-04-16T22:04:17.165+0700] {processor.py:161} INFO - Started process (PID=76027) to work on /opt/homebrew/Caskroom/miniconda/base/lib/python3.11/site-packages/airflow/example_dags/example_external_task_marker_dag.py
[2024-04-16T22:04:17.166+0700] {processor.py:830} INFO - Processing file /opt/homebrew/Caskroom/miniconda/base/lib/python3.11/site-packages/airflow/example_dags/example_external_task_marker_dag.py for tasks to queue
[2024-04-16T22:04:17.166+0700] {logging_mixin.py:188} INFO - [2024-04-16T22:04:17.166+0700] {dagbag.py:540} INFO - Filling up the DagBag from /opt/homebrew/Caskroom/miniconda/base/lib/python3.11/site-packages/airflow/example_dags/example_external_task_marker_dag.py
[2024-04-16T22:04:17.175+0700] {processor.py:840} INFO - DAG(s) 'example_external_task_marker_parent', 'example_external_task_marker_child' retrieved from /opt/homebrew/Caskroom/miniconda/base/lib/python3.11/site-packages/airflow/example_dags/example_external_task_marker_dag.py
[2024-04-16T22:04:17.258+0700] {logging_mixin.py:188} INFO - [2024-04-16T22:04:17.258+0700] {dag.py:3096} INFO - Sync 2 DAGs
[2024-04-16T22:04:17.265+0700] {logging_mixin.py:188} INFO - [2024-04-16T22:04:17.265+0700] {dag.py:3954} INFO - Setting next_dagrun for example_external_task_marker_child to None, run_after=None
[2024-04-16T22:04:17.267+0700] {logging_mixin.py:188} INFO - [2024-04-16T22:04:17.267+0700] {dag.py:3954} INFO - Setting next_dagrun for example_external_task_marker_parent to None, run_after=None
[2024-04-16T22:04:17.279+0700] {processor.py:183} INFO - Processing /opt/homebrew/Caskroom/miniconda/base/lib/python3.11/site-packages/airflow/example_dags/example_external_task_marker_dag.py took 0.116 seconds
[2024-04-16T22:07:33.217+0700] {processor.py:161} INFO - Started process (PID=77180) to work on /opt/homebrew/Caskroom/miniconda/base/lib/python3.11/site-packages/airflow/example_dags/example_external_task_marker_dag.py
[2024-04-16T22:07:33.218+0700] {processor.py:830} INFO - Processing file /opt/homebrew/Caskroom/miniconda/base/lib/python3.11/site-packages/airflow/example_dags/example_external_task_marker_dag.py for tasks to queue
[2024-04-16T22:07:33.219+0700] {logging_mixin.py:188} INFO - [2024-04-16T22:07:33.219+0700] {dagbag.py:540} INFO - Filling up the DagBag from /opt/homebrew/Caskroom/miniconda/base/lib/python3.11/site-packages/airflow/example_dags/example_external_task_marker_dag.py
[2024-04-16T22:07:33.250+0700] {processor.py:840} INFO - DAG(s) 'example_external_task_marker_child', 'example_external_task_marker_parent' retrieved from /opt/homebrew/Caskroom/miniconda/base/lib/python3.11/site-packages/airflow/example_dags/example_external_task_marker_dag.py
[2024-04-16T22:07:33.569+0700] {logging_mixin.py:188} INFO - [2024-04-16T22:07:33.568+0700] {dag.py:3096} INFO - Sync 2 DAGs
[2024-04-16T22:07:33.588+0700] {logging_mixin.py:188} INFO - [2024-04-16T22:07:33.588+0700] {dag.py:3954} INFO - Setting next_dagrun for example_external_task_marker_child to None, run_after=None
[2024-04-16T22:07:33.594+0700] {logging_mixin.py:188} INFO - [2024-04-16T22:07:33.594+0700] {dag.py:3954} INFO - Setting next_dagrun for example_external_task_marker_parent to None, run_after=None
[2024-04-16T22:07:33.624+0700] {processor.py:183} INFO - Processing /opt/homebrew/Caskroom/miniconda/base/lib/python3.11/site-packages/airflow/example_dags/example_external_task_marker_dag.py took 0.412 seconds
[2024-04-16T22:10:47.769+0700] {processor.py:161} INFO - Started process (PID=78293) to work on /opt/homebrew/Caskroom/miniconda/base/lib/python3.11/site-packages/airflow/example_dags/example_external_task_marker_dag.py
[2024-04-16T22:10:47.770+0700] {processor.py:830} INFO - Processing file /opt/homebrew/Caskroom/miniconda/base/lib/python3.11/site-packages/airflow/example_dags/example_external_task_marker_dag.py for tasks to queue
[2024-04-16T22:10:47.770+0700] {logging_mixin.py:188} INFO - [2024-04-16T22:10:47.770+0700] {dagbag.py:540} INFO - Filling up the DagBag from /opt/homebrew/Caskroom/miniconda/base/lib/python3.11/site-packages/airflow/example_dags/example_external_task_marker_dag.py
[2024-04-16T22:10:47.778+0700] {processor.py:840} INFO - DAG(s) 'example_external_task_marker_child', 'example_external_task_marker_parent' retrieved from /opt/homebrew/Caskroom/miniconda/base/lib/python3.11/site-packages/airflow/example_dags/example_external_task_marker_dag.py
[2024-04-16T22:10:47.856+0700] {logging_mixin.py:188} INFO - [2024-04-16T22:10:47.856+0700] {dag.py:3096} INFO - Sync 2 DAGs
[2024-04-16T22:10:47.864+0700] {logging_mixin.py:188} INFO - [2024-04-16T22:10:47.864+0700] {dag.py:3954} INFO - Setting next_dagrun for example_external_task_marker_child to None, run_after=None
[2024-04-16T22:10:47.866+0700] {logging_mixin.py:188} INFO - [2024-04-16T22:10:47.866+0700] {dag.py:3954} INFO - Setting next_dagrun for example_external_task_marker_parent to None, run_after=None
[2024-04-16T22:10:47.879+0700] {processor.py:183} INFO - Processing /opt/homebrew/Caskroom/miniconda/base/lib/python3.11/site-packages/airflow/example_dags/example_external_task_marker_dag.py took 0.113 seconds
[2024-04-16T22:13:57.521+0700] {processor.py:161} INFO - Started process (PID=79324) to work on /opt/homebrew/Caskroom/miniconda/base/lib/python3.11/site-packages/airflow/example_dags/example_external_task_marker_dag.py
[2024-04-16T22:13:57.522+0700] {processor.py:830} INFO - Processing file /opt/homebrew/Caskroom/miniconda/base/lib/python3.11/site-packages/airflow/example_dags/example_external_task_marker_dag.py for tasks to queue
[2024-04-16T22:13:57.522+0700] {logging_mixin.py:188} INFO - [2024-04-16T22:13:57.522+0700] {dagbag.py:540} INFO - Filling up the DagBag from /opt/homebrew/Caskroom/miniconda/base/lib/python3.11/site-packages/airflow/example_dags/example_external_task_marker_dag.py
[2024-04-16T22:13:57.534+0700] {processor.py:840} INFO - DAG(s) 'example_external_task_marker_child', 'example_external_task_marker_parent' retrieved from /opt/homebrew/Caskroom/miniconda/base/lib/python3.11/site-packages/airflow/example_dags/example_external_task_marker_dag.py
[2024-04-16T22:13:57.619+0700] {logging_mixin.py:188} INFO - [2024-04-16T22:13:57.619+0700] {dag.py:3096} INFO - Sync 2 DAGs
[2024-04-16T22:13:57.626+0700] {logging_mixin.py:188} INFO - [2024-04-16T22:13:57.626+0700] {dag.py:3954} INFO - Setting next_dagrun for example_external_task_marker_child to None, run_after=None
[2024-04-16T22:13:57.629+0700] {logging_mixin.py:188} INFO - [2024-04-16T22:13:57.629+0700] {dag.py:3954} INFO - Setting next_dagrun for example_external_task_marker_parent to None, run_after=None
[2024-04-16T22:13:57.642+0700] {processor.py:183} INFO - Processing /opt/homebrew/Caskroom/miniconda/base/lib/python3.11/site-packages/airflow/example_dags/example_external_task_marker_dag.py took 0.124 seconds
[2024-04-16T22:20:59.783+0700] {processor.py:161} INFO - Started process (PID=81294) to work on /opt/homebrew/Caskroom/miniconda/base/lib/python3.11/site-packages/airflow/example_dags/example_external_task_marker_dag.py
[2024-04-16T22:20:59.786+0700] {processor.py:830} INFO - Processing file /opt/homebrew/Caskroom/miniconda/base/lib/python3.11/site-packages/airflow/example_dags/example_external_task_marker_dag.py for tasks to queue
[2024-04-16T22:20:59.787+0700] {logging_mixin.py:188} INFO - [2024-04-16T22:20:59.787+0700] {dagbag.py:540} INFO - Filling up the DagBag from /opt/homebrew/Caskroom/miniconda/base/lib/python3.11/site-packages/airflow/example_dags/example_external_task_marker_dag.py
[2024-04-16T22:20:59.838+0700] {processor.py:840} INFO - DAG(s) 'example_external_task_marker_child', 'example_external_task_marker_parent' retrieved from /opt/homebrew/Caskroom/miniconda/base/lib/python3.11/site-packages/airflow/example_dags/example_external_task_marker_dag.py
[2024-04-16T22:21:00.322+0700] {logging_mixin.py:188} INFO - [2024-04-16T22:21:00.320+0700] {dag.py:3096} INFO - Sync 2 DAGs
[2024-04-16T22:21:00.375+0700] {logging_mixin.py:188} INFO - [2024-04-16T22:21:00.374+0700] {dag.py:3954} INFO - Setting next_dagrun for example_external_task_marker_child to None, run_after=None
[2024-04-16T22:21:00.386+0700] {logging_mixin.py:188} INFO - [2024-04-16T22:21:00.385+0700] {dag.py:3954} INFO - Setting next_dagrun for example_external_task_marker_parent to None, run_after=None
[2024-04-16T22:21:00.465+0700] {processor.py:183} INFO - Processing /opt/homebrew/Caskroom/miniconda/base/lib/python3.11/site-packages/airflow/example_dags/example_external_task_marker_dag.py took 0.686 seconds
[2024-04-16T22:25:09.517+0700] {processor.py:161} INFO - Started process (PID=82499) to work on /opt/homebrew/Caskroom/miniconda/base/lib/python3.11/site-packages/airflow/example_dags/example_external_task_marker_dag.py
[2024-04-16T22:25:09.518+0700] {processor.py:830} INFO - Processing file /opt/homebrew/Caskroom/miniconda/base/lib/python3.11/site-packages/airflow/example_dags/example_external_task_marker_dag.py for tasks to queue
[2024-04-16T22:25:09.519+0700] {logging_mixin.py:188} INFO - [2024-04-16T22:25:09.519+0700] {dagbag.py:540} INFO - Filling up the DagBag from /opt/homebrew/Caskroom/miniconda/base/lib/python3.11/site-packages/airflow/example_dags/example_external_task_marker_dag.py
[2024-04-16T22:25:09.539+0700] {processor.py:840} INFO - DAG(s) 'example_external_task_marker_parent', 'example_external_task_marker_child' retrieved from /opt/homebrew/Caskroom/miniconda/base/lib/python3.11/site-packages/airflow/example_dags/example_external_task_marker_dag.py
[2024-04-16T22:25:09.698+0700] {logging_mixin.py:188} INFO - [2024-04-16T22:25:09.697+0700] {dag.py:3096} INFO - Sync 2 DAGs
[2024-04-16T22:25:09.714+0700] {logging_mixin.py:188} INFO - [2024-04-16T22:25:09.713+0700] {dag.py:3954} INFO - Setting next_dagrun for example_external_task_marker_child to None, run_after=None
[2024-04-16T22:25:09.719+0700] {logging_mixin.py:188} INFO - [2024-04-16T22:25:09.719+0700] {dag.py:3954} INFO - Setting next_dagrun for example_external_task_marker_parent to None, run_after=None
[2024-04-16T22:25:09.745+0700] {processor.py:183} INFO - Processing /opt/homebrew/Caskroom/miniconda/base/lib/python3.11/site-packages/airflow/example_dags/example_external_task_marker_dag.py took 0.231 seconds
