[2024-04-16T20:52:54.979+0700] {processor.py:161} INFO - Started process (PID=54256) to work on /opt/homebrew/Caskroom/miniconda/base/lib/python3.11/site-packages/airflow/example_dags/example_python_decorator.py
[2024-04-16T20:52:54.980+0700] {processor.py:830} INFO - Processing file /opt/homebrew/Caskroom/miniconda/base/lib/python3.11/site-packages/airflow/example_dags/example_python_decorator.py for tasks to queue
[2024-04-16T20:52:54.981+0700] {logging_mixin.py:188} INFO - [2024-04-16T20:52:54.980+0700] {dagbag.py:540} INFO - Filling up the DagBag from /opt/homebrew/Caskroom/miniconda/base/lib/python3.11/site-packages/airflow/example_dags/example_python_decorator.py
[2024-04-16T20:52:55.009+0700] {processor.py:840} INFO - DAG(s) 'example_python_decorator' retrieved from /opt/homebrew/Caskroom/miniconda/base/lib/python3.11/site-packages/airflow/example_dags/example_python_decorator.py
[2024-04-16T20:52:55.167+0700] {logging_mixin.py:188} INFO - [2024-04-16T20:52:55.167+0700] {dag.py:3096} INFO - Sync 1 DAGs
[2024-04-16T20:52:55.173+0700] {logging_mixin.py:188} INFO - [2024-04-16T20:52:55.172+0700] {dag.py:3954} INFO - Setting next_dagrun for example_python_decorator to None, run_after=None
[2024-04-16T20:52:55.184+0700] {processor.py:183} INFO - Processing /opt/homebrew/Caskroom/miniconda/base/lib/python3.11/site-packages/airflow/example_dags/example_python_decorator.py took 0.207 seconds
[2024-04-16T20:54:46.890+0700] {processor.py:161} INFO - Started process (PID=54816) to work on /opt/homebrew/Caskroom/miniconda/base/lib/python3.11/site-packages/airflow/example_dags/example_python_decorator.py
[2024-04-16T20:54:46.890+0700] {processor.py:830} INFO - Processing file /opt/homebrew/Caskroom/miniconda/base/lib/python3.11/site-packages/airflow/example_dags/example_python_decorator.py for tasks to queue
[2024-04-16T20:54:46.891+0700] {logging_mixin.py:188} INFO - [2024-04-16T20:54:46.891+0700] {dagbag.py:540} INFO - Filling up the DagBag from /opt/homebrew/Caskroom/miniconda/base/lib/python3.11/site-packages/airflow/example_dags/example_python_decorator.py
[2024-04-16T20:54:46.917+0700] {processor.py:840} INFO - DAG(s) 'example_python_decorator' retrieved from /opt/homebrew/Caskroom/miniconda/base/lib/python3.11/site-packages/airflow/example_dags/example_python_decorator.py
[2024-04-16T20:54:47.061+0700] {logging_mixin.py:188} INFO - [2024-04-16T20:54:47.061+0700] {dag.py:3096} INFO - Sync 1 DAGs
[2024-04-16T20:54:47.066+0700] {logging_mixin.py:188} INFO - [2024-04-16T20:54:47.066+0700] {dag.py:3954} INFO - Setting next_dagrun for example_python_decorator to None, run_after=None
[2024-04-16T20:54:47.078+0700] {processor.py:183} INFO - Processing /opt/homebrew/Caskroom/miniconda/base/lib/python3.11/site-packages/airflow/example_dags/example_python_decorator.py took 0.190 seconds
[2024-04-16T20:57:17.397+0700] {processor.py:161} INFO - Started process (PID=55496) to work on /opt/homebrew/Caskroom/miniconda/base/lib/python3.11/site-packages/airflow/example_dags/example_python_decorator.py
[2024-04-16T20:57:17.398+0700] {processor.py:830} INFO - Processing file /opt/homebrew/Caskroom/miniconda/base/lib/python3.11/site-packages/airflow/example_dags/example_python_decorator.py for tasks to queue
[2024-04-16T20:57:17.398+0700] {logging_mixin.py:188} INFO - [2024-04-16T20:57:17.398+0700] {dagbag.py:540} INFO - Filling up the DagBag from /opt/homebrew/Caskroom/miniconda/base/lib/python3.11/site-packages/airflow/example_dags/example_python_decorator.py
[2024-04-16T20:57:17.424+0700] {processor.py:840} INFO - DAG(s) 'example_python_decorator' retrieved from /opt/homebrew/Caskroom/miniconda/base/lib/python3.11/site-packages/airflow/example_dags/example_python_decorator.py
[2024-04-16T20:57:17.569+0700] {logging_mixin.py:188} INFO - [2024-04-16T20:57:17.569+0700] {dag.py:3096} INFO - Sync 1 DAGs
[2024-04-16T20:57:17.574+0700] {logging_mixin.py:188} INFO - [2024-04-16T20:57:17.574+0700] {dag.py:3954} INFO - Setting next_dagrun for example_python_decorator to None, run_after=None
[2024-04-16T20:57:17.587+0700] {processor.py:183} INFO - Processing /opt/homebrew/Caskroom/miniconda/base/lib/python3.11/site-packages/airflow/example_dags/example_python_decorator.py took 0.192 seconds
[2024-04-16T20:59:50.809+0700] {processor.py:161} INFO - Started process (PID=56188) to work on /opt/homebrew/Caskroom/miniconda/base/lib/python3.11/site-packages/airflow/example_dags/example_python_decorator.py
[2024-04-16T20:59:50.809+0700] {processor.py:830} INFO - Processing file /opt/homebrew/Caskroom/miniconda/base/lib/python3.11/site-packages/airflow/example_dags/example_python_decorator.py for tasks to queue
[2024-04-16T20:59:50.810+0700] {logging_mixin.py:188} INFO - [2024-04-16T20:59:50.810+0700] {dagbag.py:540} INFO - Filling up the DagBag from /opt/homebrew/Caskroom/miniconda/base/lib/python3.11/site-packages/airflow/example_dags/example_python_decorator.py
[2024-04-16T20:59:50.835+0700] {processor.py:840} INFO - DAG(s) 'example_python_decorator' retrieved from /opt/homebrew/Caskroom/miniconda/base/lib/python3.11/site-packages/airflow/example_dags/example_python_decorator.py
[2024-04-16T20:59:50.982+0700] {logging_mixin.py:188} INFO - [2024-04-16T20:59:50.981+0700] {dag.py:3096} INFO - Sync 1 DAGs
[2024-04-16T20:59:50.987+0700] {logging_mixin.py:188} INFO - [2024-04-16T20:59:50.987+0700] {dag.py:3954} INFO - Setting next_dagrun for example_python_decorator to None, run_after=None
[2024-04-16T20:59:50.999+0700] {processor.py:183} INFO - Processing /opt/homebrew/Caskroom/miniconda/base/lib/python3.11/site-packages/airflow/example_dags/example_python_decorator.py took 0.192 seconds
[2024-04-16T21:02:25.432+0700] {processor.py:161} INFO - Started process (PID=56886) to work on /opt/homebrew/Caskroom/miniconda/base/lib/python3.11/site-packages/airflow/example_dags/example_python_decorator.py
[2024-04-16T21:02:25.434+0700] {processor.py:830} INFO - Processing file /opt/homebrew/Caskroom/miniconda/base/lib/python3.11/site-packages/airflow/example_dags/example_python_decorator.py for tasks to queue
[2024-04-16T21:02:25.434+0700] {logging_mixin.py:188} INFO - [2024-04-16T21:02:25.434+0700] {dagbag.py:540} INFO - Filling up the DagBag from /opt/homebrew/Caskroom/miniconda/base/lib/python3.11/site-packages/airflow/example_dags/example_python_decorator.py
[2024-04-16T21:02:25.460+0700] {processor.py:840} INFO - DAG(s) 'example_python_decorator' retrieved from /opt/homebrew/Caskroom/miniconda/base/lib/python3.11/site-packages/airflow/example_dags/example_python_decorator.py
[2024-04-16T21:02:25.609+0700] {logging_mixin.py:188} INFO - [2024-04-16T21:02:25.608+0700] {dag.py:3096} INFO - Sync 1 DAGs
[2024-04-16T21:02:25.614+0700] {logging_mixin.py:188} INFO - [2024-04-16T21:02:25.614+0700] {dag.py:3954} INFO - Setting next_dagrun for example_python_decorator to None, run_after=None
[2024-04-16T21:02:25.625+0700] {processor.py:183} INFO - Processing /opt/homebrew/Caskroom/miniconda/base/lib/python3.11/site-packages/airflow/example_dags/example_python_decorator.py took 0.196 seconds
[2024-04-16T21:04:57.246+0700] {processor.py:161} INFO - Started process (PID=57575) to work on /opt/homebrew/Caskroom/miniconda/base/lib/python3.11/site-packages/airflow/example_dags/example_python_decorator.py
[2024-04-16T21:04:57.247+0700] {processor.py:830} INFO - Processing file /opt/homebrew/Caskroom/miniconda/base/lib/python3.11/site-packages/airflow/example_dags/example_python_decorator.py for tasks to queue
[2024-04-16T21:04:57.247+0700] {logging_mixin.py:188} INFO - [2024-04-16T21:04:57.247+0700] {dagbag.py:540} INFO - Filling up the DagBag from /opt/homebrew/Caskroom/miniconda/base/lib/python3.11/site-packages/airflow/example_dags/example_python_decorator.py
[2024-04-16T21:04:57.273+0700] {processor.py:840} INFO - DAG(s) 'example_python_decorator' retrieved from /opt/homebrew/Caskroom/miniconda/base/lib/python3.11/site-packages/airflow/example_dags/example_python_decorator.py
[2024-04-16T21:04:57.429+0700] {logging_mixin.py:188} INFO - [2024-04-16T21:04:57.429+0700] {dag.py:3096} INFO - Sync 1 DAGs
[2024-04-16T21:04:57.434+0700] {logging_mixin.py:188} INFO - [2024-04-16T21:04:57.434+0700] {dag.py:3954} INFO - Setting next_dagrun for example_python_decorator to None, run_after=None
[2024-04-16T21:04:57.445+0700] {processor.py:183} INFO - Processing /opt/homebrew/Caskroom/miniconda/base/lib/python3.11/site-packages/airflow/example_dags/example_python_decorator.py took 0.201 seconds
[2024-04-16T21:07:31.176+0700] {processor.py:161} INFO - Started process (PID=58278) to work on /opt/homebrew/Caskroom/miniconda/base/lib/python3.11/site-packages/airflow/example_dags/example_python_decorator.py
[2024-04-16T21:07:31.177+0700] {processor.py:830} INFO - Processing file /opt/homebrew/Caskroom/miniconda/base/lib/python3.11/site-packages/airflow/example_dags/example_python_decorator.py for tasks to queue
[2024-04-16T21:07:31.177+0700] {logging_mixin.py:188} INFO - [2024-04-16T21:07:31.177+0700] {dagbag.py:540} INFO - Filling up the DagBag from /opt/homebrew/Caskroom/miniconda/base/lib/python3.11/site-packages/airflow/example_dags/example_python_decorator.py
[2024-04-16T21:07:31.205+0700] {processor.py:840} INFO - DAG(s) 'example_python_decorator' retrieved from /opt/homebrew/Caskroom/miniconda/base/lib/python3.11/site-packages/airflow/example_dags/example_python_decorator.py
[2024-04-16T21:07:31.765+0700] {logging_mixin.py:188} INFO - [2024-04-16T21:07:31.764+0700] {dag.py:3096} INFO - Sync 1 DAGs
[2024-04-16T21:07:31.770+0700] {logging_mixin.py:188} INFO - [2024-04-16T21:07:31.770+0700] {dag.py:3954} INFO - Setting next_dagrun for example_python_decorator to None, run_after=None
[2024-04-16T21:07:31.783+0700] {processor.py:183} INFO - Processing /opt/homebrew/Caskroom/miniconda/base/lib/python3.11/site-packages/airflow/example_dags/example_python_decorator.py took 0.609 seconds
[2024-04-16T21:10:08.030+0700] {processor.py:161} INFO - Started process (PID=58993) to work on /opt/homebrew/Caskroom/miniconda/base/lib/python3.11/site-packages/airflow/example_dags/example_python_decorator.py
[2024-04-16T21:10:08.031+0700] {processor.py:830} INFO - Processing file /opt/homebrew/Caskroom/miniconda/base/lib/python3.11/site-packages/airflow/example_dags/example_python_decorator.py for tasks to queue
[2024-04-16T21:10:08.031+0700] {logging_mixin.py:188} INFO - [2024-04-16T21:10:08.031+0700] {dagbag.py:540} INFO - Filling up the DagBag from /opt/homebrew/Caskroom/miniconda/base/lib/python3.11/site-packages/airflow/example_dags/example_python_decorator.py
[2024-04-16T21:10:08.064+0700] {processor.py:840} INFO - DAG(s) 'example_python_decorator' retrieved from /opt/homebrew/Caskroom/miniconda/base/lib/python3.11/site-packages/airflow/example_dags/example_python_decorator.py
[2024-04-16T21:10:08.222+0700] {logging_mixin.py:188} INFO - [2024-04-16T21:10:08.221+0700] {dag.py:3096} INFO - Sync 1 DAGs
[2024-04-16T21:10:08.228+0700] {logging_mixin.py:188} INFO - [2024-04-16T21:10:08.228+0700] {dag.py:3954} INFO - Setting next_dagrun for example_python_decorator to None, run_after=None
[2024-04-16T21:10:08.240+0700] {processor.py:183} INFO - Processing /opt/homebrew/Caskroom/miniconda/base/lib/python3.11/site-packages/airflow/example_dags/example_python_decorator.py took 0.212 seconds
[2024-04-16T21:12:45.310+0700] {processor.py:161} INFO - Started process (PID=59714) to work on /opt/homebrew/Caskroom/miniconda/base/lib/python3.11/site-packages/airflow/example_dags/example_python_decorator.py
[2024-04-16T21:12:45.311+0700] {processor.py:830} INFO - Processing file /opt/homebrew/Caskroom/miniconda/base/lib/python3.11/site-packages/airflow/example_dags/example_python_decorator.py for tasks to queue
[2024-04-16T21:12:45.311+0700] {logging_mixin.py:188} INFO - [2024-04-16T21:12:45.311+0700] {dagbag.py:540} INFO - Filling up the DagBag from /opt/homebrew/Caskroom/miniconda/base/lib/python3.11/site-packages/airflow/example_dags/example_python_decorator.py
[2024-04-16T21:12:45.337+0700] {processor.py:840} INFO - DAG(s) 'example_python_decorator' retrieved from /opt/homebrew/Caskroom/miniconda/base/lib/python3.11/site-packages/airflow/example_dags/example_python_decorator.py
[2024-04-16T21:12:45.484+0700] {logging_mixin.py:188} INFO - [2024-04-16T21:12:45.483+0700] {dag.py:3096} INFO - Sync 1 DAGs
[2024-04-16T21:12:45.489+0700] {logging_mixin.py:188} INFO - [2024-04-16T21:12:45.489+0700] {dag.py:3954} INFO - Setting next_dagrun for example_python_decorator to None, run_after=None
[2024-04-16T21:12:45.501+0700] {processor.py:183} INFO - Processing /opt/homebrew/Caskroom/miniconda/base/lib/python3.11/site-packages/airflow/example_dags/example_python_decorator.py took 0.192 seconds
[2024-04-16T21:15:22.951+0700] {processor.py:161} INFO - Started process (PID=60441) to work on /opt/homebrew/Caskroom/miniconda/base/lib/python3.11/site-packages/airflow/example_dags/example_python_decorator.py
[2024-04-16T21:15:22.951+0700] {processor.py:830} INFO - Processing file /opt/homebrew/Caskroom/miniconda/base/lib/python3.11/site-packages/airflow/example_dags/example_python_decorator.py for tasks to queue
[2024-04-16T21:15:22.952+0700] {logging_mixin.py:188} INFO - [2024-04-16T21:15:22.952+0700] {dagbag.py:540} INFO - Filling up the DagBag from /opt/homebrew/Caskroom/miniconda/base/lib/python3.11/site-packages/airflow/example_dags/example_python_decorator.py
[2024-04-16T21:15:22.978+0700] {processor.py:840} INFO - DAG(s) 'example_python_decorator' retrieved from /opt/homebrew/Caskroom/miniconda/base/lib/python3.11/site-packages/airflow/example_dags/example_python_decorator.py
[2024-04-16T21:15:23.126+0700] {logging_mixin.py:188} INFO - [2024-04-16T21:15:23.125+0700] {dag.py:3096} INFO - Sync 1 DAGs
[2024-04-16T21:15:23.132+0700] {logging_mixin.py:188} INFO - [2024-04-16T21:15:23.132+0700] {dag.py:3954} INFO - Setting next_dagrun for example_python_decorator to None, run_after=None
[2024-04-16T21:15:23.143+0700] {processor.py:183} INFO - Processing /opt/homebrew/Caskroom/miniconda/base/lib/python3.11/site-packages/airflow/example_dags/example_python_decorator.py took 0.195 seconds
[2024-04-16T21:17:56.120+0700] {processor.py:161} INFO - Started process (PID=61144) to work on /opt/homebrew/Caskroom/miniconda/base/lib/python3.11/site-packages/airflow/example_dags/example_python_decorator.py
[2024-04-16T21:17:56.121+0700] {processor.py:830} INFO - Processing file /opt/homebrew/Caskroom/miniconda/base/lib/python3.11/site-packages/airflow/example_dags/example_python_decorator.py for tasks to queue
[2024-04-16T21:17:56.121+0700] {logging_mixin.py:188} INFO - [2024-04-16T21:17:56.121+0700] {dagbag.py:540} INFO - Filling up the DagBag from /opt/homebrew/Caskroom/miniconda/base/lib/python3.11/site-packages/airflow/example_dags/example_python_decorator.py
[2024-04-16T21:17:56.147+0700] {processor.py:840} INFO - DAG(s) 'example_python_decorator' retrieved from /opt/homebrew/Caskroom/miniconda/base/lib/python3.11/site-packages/airflow/example_dags/example_python_decorator.py
[2024-04-16T21:17:56.291+0700] {logging_mixin.py:188} INFO - [2024-04-16T21:17:56.291+0700] {dag.py:3096} INFO - Sync 1 DAGs
[2024-04-16T21:17:56.296+0700] {logging_mixin.py:188} INFO - [2024-04-16T21:17:56.296+0700] {dag.py:3954} INFO - Setting next_dagrun for example_python_decorator to None, run_after=None
[2024-04-16T21:17:56.308+0700] {processor.py:183} INFO - Processing /opt/homebrew/Caskroom/miniconda/base/lib/python3.11/site-packages/airflow/example_dags/example_python_decorator.py took 0.190 seconds
[2024-04-16T21:20:28.265+0700] {processor.py:161} INFO - Started process (PID=61849) to work on /opt/homebrew/Caskroom/miniconda/base/lib/python3.11/site-packages/airflow/example_dags/example_python_decorator.py
[2024-04-16T21:20:28.267+0700] {processor.py:830} INFO - Processing file /opt/homebrew/Caskroom/miniconda/base/lib/python3.11/site-packages/airflow/example_dags/example_python_decorator.py for tasks to queue
[2024-04-16T21:20:28.267+0700] {logging_mixin.py:188} INFO - [2024-04-16T21:20:28.267+0700] {dagbag.py:540} INFO - Filling up the DagBag from /opt/homebrew/Caskroom/miniconda/base/lib/python3.11/site-packages/airflow/example_dags/example_python_decorator.py
[2024-04-16T21:20:28.293+0700] {processor.py:840} INFO - DAG(s) 'example_python_decorator' retrieved from /opt/homebrew/Caskroom/miniconda/base/lib/python3.11/site-packages/airflow/example_dags/example_python_decorator.py
[2024-04-16T21:20:28.439+0700] {logging_mixin.py:188} INFO - [2024-04-16T21:20:28.438+0700] {dag.py:3096} INFO - Sync 1 DAGs
[2024-04-16T21:20:28.444+0700] {logging_mixin.py:188} INFO - [2024-04-16T21:20:28.444+0700] {dag.py:3954} INFO - Setting next_dagrun for example_python_decorator to None, run_after=None
[2024-04-16T21:20:28.456+0700] {processor.py:183} INFO - Processing /opt/homebrew/Caskroom/miniconda/base/lib/python3.11/site-packages/airflow/example_dags/example_python_decorator.py took 0.192 seconds
[2024-04-16T21:23:21.148+0700] {processor.py:161} INFO - Started process (PID=63191) to work on /opt/homebrew/Caskroom/miniconda/base/lib/python3.11/site-packages/airflow/example_dags/example_python_decorator.py
[2024-04-16T21:23:21.149+0700] {processor.py:830} INFO - Processing file /opt/homebrew/Caskroom/miniconda/base/lib/python3.11/site-packages/airflow/example_dags/example_python_decorator.py for tasks to queue
[2024-04-16T21:23:21.151+0700] {logging_mixin.py:188} INFO - [2024-04-16T21:23:21.151+0700] {dagbag.py:540} INFO - Filling up the DagBag from /opt/homebrew/Caskroom/miniconda/base/lib/python3.11/site-packages/airflow/example_dags/example_python_decorator.py
[2024-04-16T21:23:21.225+0700] {processor.py:840} INFO - DAG(s) 'example_python_decorator' retrieved from /opt/homebrew/Caskroom/miniconda/base/lib/python3.11/site-packages/airflow/example_dags/example_python_decorator.py
[2024-04-16T21:23:21.557+0700] {logging_mixin.py:188} INFO - [2024-04-16T21:23:21.556+0700] {dag.py:3096} INFO - Sync 1 DAGs
[2024-04-16T21:23:21.566+0700] {logging_mixin.py:188} INFO - [2024-04-16T21:23:21.566+0700] {dag.py:3954} INFO - Setting next_dagrun for example_python_decorator to None, run_after=None
[2024-04-16T21:23:21.586+0700] {processor.py:183} INFO - Processing /opt/homebrew/Caskroom/miniconda/base/lib/python3.11/site-packages/airflow/example_dags/example_python_decorator.py took 0.442 seconds
[2024-04-16T21:26:17.203+0700] {processor.py:161} INFO - Started process (PID=64193) to work on /opt/homebrew/Caskroom/miniconda/base/lib/python3.11/site-packages/airflow/example_dags/example_python_decorator.py
[2024-04-16T21:26:17.205+0700] {processor.py:830} INFO - Processing file /opt/homebrew/Caskroom/miniconda/base/lib/python3.11/site-packages/airflow/example_dags/example_python_decorator.py for tasks to queue
[2024-04-16T21:26:17.206+0700] {logging_mixin.py:188} INFO - [2024-04-16T21:26:17.206+0700] {dagbag.py:540} INFO - Filling up the DagBag from /opt/homebrew/Caskroom/miniconda/base/lib/python3.11/site-packages/airflow/example_dags/example_python_decorator.py
[2024-04-16T21:26:17.235+0700] {processor.py:840} INFO - DAG(s) 'example_python_decorator' retrieved from /opt/homebrew/Caskroom/miniconda/base/lib/python3.11/site-packages/airflow/example_dags/example_python_decorator.py
[2024-04-16T21:26:17.422+0700] {logging_mixin.py:188} INFO - [2024-04-16T21:26:17.422+0700] {dag.py:3096} INFO - Sync 1 DAGs
[2024-04-16T21:26:17.427+0700] {logging_mixin.py:188} INFO - [2024-04-16T21:26:17.427+0700] {dag.py:3954} INFO - Setting next_dagrun for example_python_decorator to None, run_after=None
[2024-04-16T21:26:17.441+0700] {processor.py:183} INFO - Processing /opt/homebrew/Caskroom/miniconda/base/lib/python3.11/site-packages/airflow/example_dags/example_python_decorator.py took 0.239 seconds
[2024-04-16T21:29:10.111+0700] {processor.py:161} INFO - Started process (PID=65019) to work on /opt/homebrew/Caskroom/miniconda/base/lib/python3.11/site-packages/airflow/example_dags/example_python_decorator.py
[2024-04-16T21:29:10.112+0700] {processor.py:830} INFO - Processing file /opt/homebrew/Caskroom/miniconda/base/lib/python3.11/site-packages/airflow/example_dags/example_python_decorator.py for tasks to queue
[2024-04-16T21:29:10.112+0700] {logging_mixin.py:188} INFO - [2024-04-16T21:29:10.112+0700] {dagbag.py:540} INFO - Filling up the DagBag from /opt/homebrew/Caskroom/miniconda/base/lib/python3.11/site-packages/airflow/example_dags/example_python_decorator.py
[2024-04-16T21:29:10.138+0700] {processor.py:840} INFO - DAG(s) 'example_python_decorator' retrieved from /opt/homebrew/Caskroom/miniconda/base/lib/python3.11/site-packages/airflow/example_dags/example_python_decorator.py
[2024-04-16T21:29:10.286+0700] {logging_mixin.py:188} INFO - [2024-04-16T21:29:10.285+0700] {dag.py:3096} INFO - Sync 1 DAGs
[2024-04-16T21:29:10.291+0700] {logging_mixin.py:188} INFO - [2024-04-16T21:29:10.291+0700] {dag.py:3954} INFO - Setting next_dagrun for example_python_decorator to None, run_after=None
[2024-04-16T21:29:10.302+0700] {processor.py:183} INFO - Processing /opt/homebrew/Caskroom/miniconda/base/lib/python3.11/site-packages/airflow/example_dags/example_python_decorator.py took 0.193 seconds
[2024-04-16T21:31:57.297+0700] {processor.py:161} INFO - Started process (PID=65788) to work on /opt/homebrew/Caskroom/miniconda/base/lib/python3.11/site-packages/airflow/example_dags/example_python_decorator.py
[2024-04-16T21:31:57.298+0700] {processor.py:830} INFO - Processing file /opt/homebrew/Caskroom/miniconda/base/lib/python3.11/site-packages/airflow/example_dags/example_python_decorator.py for tasks to queue
[2024-04-16T21:31:57.299+0700] {logging_mixin.py:188} INFO - [2024-04-16T21:31:57.298+0700] {dagbag.py:540} INFO - Filling up the DagBag from /opt/homebrew/Caskroom/miniconda/base/lib/python3.11/site-packages/airflow/example_dags/example_python_decorator.py
[2024-04-16T21:31:57.324+0700] {processor.py:840} INFO - DAG(s) 'example_python_decorator' retrieved from /opt/homebrew/Caskroom/miniconda/base/lib/python3.11/site-packages/airflow/example_dags/example_python_decorator.py
[2024-04-16T21:31:57.466+0700] {logging_mixin.py:188} INFO - [2024-04-16T21:31:57.466+0700] {dag.py:3096} INFO - Sync 1 DAGs
[2024-04-16T21:31:57.471+0700] {logging_mixin.py:188} INFO - [2024-04-16T21:31:57.471+0700] {dag.py:3954} INFO - Setting next_dagrun for example_python_decorator to None, run_after=None
[2024-04-16T21:31:57.483+0700] {processor.py:183} INFO - Processing /opt/homebrew/Caskroom/miniconda/base/lib/python3.11/site-packages/airflow/example_dags/example_python_decorator.py took 0.188 seconds
[2024-04-16T21:34:41.836+0700] {processor.py:161} INFO - Started process (PID=66560) to work on /opt/homebrew/Caskroom/miniconda/base/lib/python3.11/site-packages/airflow/example_dags/example_python_decorator.py
[2024-04-16T21:34:41.836+0700] {processor.py:830} INFO - Processing file /opt/homebrew/Caskroom/miniconda/base/lib/python3.11/site-packages/airflow/example_dags/example_python_decorator.py for tasks to queue
[2024-04-16T21:34:41.837+0700] {logging_mixin.py:188} INFO - [2024-04-16T21:34:41.837+0700] {dagbag.py:540} INFO - Filling up the DagBag from /opt/homebrew/Caskroom/miniconda/base/lib/python3.11/site-packages/airflow/example_dags/example_python_decorator.py
[2024-04-16T21:34:41.865+0700] {processor.py:840} INFO - DAG(s) 'example_python_decorator' retrieved from /opt/homebrew/Caskroom/miniconda/base/lib/python3.11/site-packages/airflow/example_dags/example_python_decorator.py
[2024-04-16T21:34:42.038+0700] {logging_mixin.py:188} INFO - [2024-04-16T21:34:42.038+0700] {dag.py:3096} INFO - Sync 1 DAGs
[2024-04-16T21:34:42.044+0700] {logging_mixin.py:188} INFO - [2024-04-16T21:34:42.044+0700] {dag.py:3954} INFO - Setting next_dagrun for example_python_decorator to None, run_after=None
[2024-04-16T21:34:42.057+0700] {processor.py:183} INFO - Processing /opt/homebrew/Caskroom/miniconda/base/lib/python3.11/site-packages/airflow/example_dags/example_python_decorator.py took 0.223 seconds
[2024-04-16T21:37:20.707+0700] {processor.py:161} INFO - Started process (PID=67361) to work on /opt/homebrew/Caskroom/miniconda/base/lib/python3.11/site-packages/airflow/example_dags/example_python_decorator.py
[2024-04-16T21:37:20.708+0700] {processor.py:830} INFO - Processing file /opt/homebrew/Caskroom/miniconda/base/lib/python3.11/site-packages/airflow/example_dags/example_python_decorator.py for tasks to queue
[2024-04-16T21:37:20.709+0700] {logging_mixin.py:188} INFO - [2024-04-16T21:37:20.708+0700] {dagbag.py:540} INFO - Filling up the DagBag from /opt/homebrew/Caskroom/miniconda/base/lib/python3.11/site-packages/airflow/example_dags/example_python_decorator.py
[2024-04-16T21:37:20.748+0700] {processor.py:840} INFO - DAG(s) 'example_python_decorator' retrieved from /opt/homebrew/Caskroom/miniconda/base/lib/python3.11/site-packages/airflow/example_dags/example_python_decorator.py
[2024-04-16T21:37:20.898+0700] {logging_mixin.py:188} INFO - [2024-04-16T21:37:20.897+0700] {dag.py:3096} INFO - Sync 1 DAGs
[2024-04-16T21:37:20.903+0700] {logging_mixin.py:188} INFO - [2024-04-16T21:37:20.903+0700] {dag.py:3954} INFO - Setting next_dagrun for example_python_decorator to None, run_after=None
[2024-04-16T21:37:20.916+0700] {processor.py:183} INFO - Processing /opt/homebrew/Caskroom/miniconda/base/lib/python3.11/site-packages/airflow/example_dags/example_python_decorator.py took 0.211 seconds
[2024-04-16T21:40:15.282+0700] {processor.py:161} INFO - Started process (PID=68299) to work on /opt/homebrew/Caskroom/miniconda/base/lib/python3.11/site-packages/airflow/example_dags/example_python_decorator.py
[2024-04-16T21:40:15.282+0700] {processor.py:830} INFO - Processing file /opt/homebrew/Caskroom/miniconda/base/lib/python3.11/site-packages/airflow/example_dags/example_python_decorator.py for tasks to queue
[2024-04-16T21:40:15.283+0700] {logging_mixin.py:188} INFO - [2024-04-16T21:40:15.283+0700] {dagbag.py:540} INFO - Filling up the DagBag from /opt/homebrew/Caskroom/miniconda/base/lib/python3.11/site-packages/airflow/example_dags/example_python_decorator.py
[2024-04-16T21:40:15.308+0700] {processor.py:840} INFO - DAG(s) 'example_python_decorator' retrieved from /opt/homebrew/Caskroom/miniconda/base/lib/python3.11/site-packages/airflow/example_dags/example_python_decorator.py
[2024-04-16T21:40:15.514+0700] {logging_mixin.py:188} INFO - [2024-04-16T21:40:15.514+0700] {dag.py:3096} INFO - Sync 1 DAGs
[2024-04-16T21:40:15.520+0700] {logging_mixin.py:188} INFO - [2024-04-16T21:40:15.519+0700] {dag.py:3954} INFO - Setting next_dagrun for example_python_decorator to None, run_after=None
[2024-04-16T21:40:15.531+0700] {processor.py:183} INFO - Processing /opt/homebrew/Caskroom/miniconda/base/lib/python3.11/site-packages/airflow/example_dags/example_python_decorator.py took 0.251 seconds
[2024-04-16T21:43:43.102+0700] {processor.py:161} INFO - Started process (PID=69271) to work on /opt/homebrew/Caskroom/miniconda/base/lib/python3.11/site-packages/airflow/example_dags/example_python_decorator.py
[2024-04-16T21:43:43.103+0700] {processor.py:830} INFO - Processing file /opt/homebrew/Caskroom/miniconda/base/lib/python3.11/site-packages/airflow/example_dags/example_python_decorator.py for tasks to queue
[2024-04-16T21:43:43.104+0700] {logging_mixin.py:188} INFO - [2024-04-16T21:43:43.103+0700] {dagbag.py:540} INFO - Filling up the DagBag from /opt/homebrew/Caskroom/miniconda/base/lib/python3.11/site-packages/airflow/example_dags/example_python_decorator.py
[2024-04-16T21:43:43.144+0700] {processor.py:840} INFO - DAG(s) 'example_python_decorator' retrieved from /opt/homebrew/Caskroom/miniconda/base/lib/python3.11/site-packages/airflow/example_dags/example_python_decorator.py
[2024-04-16T21:43:43.563+0700] {logging_mixin.py:188} INFO - [2024-04-16T21:43:43.563+0700] {dag.py:3096} INFO - Sync 1 DAGs
[2024-04-16T21:43:43.572+0700] {logging_mixin.py:188} INFO - [2024-04-16T21:43:43.571+0700] {dag.py:3954} INFO - Setting next_dagrun for example_python_decorator to None, run_after=None
[2024-04-16T21:43:43.590+0700] {processor.py:183} INFO - Processing /opt/homebrew/Caskroom/miniconda/base/lib/python3.11/site-packages/airflow/example_dags/example_python_decorator.py took 0.490 seconds
[2024-04-16T21:46:44.416+0700] {processor.py:161} INFO - Started process (PID=70072) to work on /opt/homebrew/Caskroom/miniconda/base/lib/python3.11/site-packages/airflow/example_dags/example_python_decorator.py
[2024-04-16T21:46:44.417+0700] {processor.py:830} INFO - Processing file /opt/homebrew/Caskroom/miniconda/base/lib/python3.11/site-packages/airflow/example_dags/example_python_decorator.py for tasks to queue
[2024-04-16T21:46:44.417+0700] {logging_mixin.py:188} INFO - [2024-04-16T21:46:44.417+0700] {dagbag.py:540} INFO - Filling up the DagBag from /opt/homebrew/Caskroom/miniconda/base/lib/python3.11/site-packages/airflow/example_dags/example_python_decorator.py
[2024-04-16T21:46:44.446+0700] {processor.py:840} INFO - DAG(s) 'example_python_decorator' retrieved from /opt/homebrew/Caskroom/miniconda/base/lib/python3.11/site-packages/airflow/example_dags/example_python_decorator.py
[2024-04-16T21:46:44.627+0700] {logging_mixin.py:188} INFO - [2024-04-16T21:46:44.626+0700] {dag.py:3096} INFO - Sync 1 DAGs
[2024-04-16T21:46:44.632+0700] {logging_mixin.py:188} INFO - [2024-04-16T21:46:44.632+0700] {dag.py:3954} INFO - Setting next_dagrun for example_python_decorator to None, run_after=None
[2024-04-16T21:46:44.643+0700] {processor.py:183} INFO - Processing /opt/homebrew/Caskroom/miniconda/base/lib/python3.11/site-packages/airflow/example_dags/example_python_decorator.py took 0.230 seconds
[2024-04-16T21:48:51.440+0700] {processor.py:161} INFO - Started process (PID=70641) to work on /opt/homebrew/Caskroom/miniconda/base/lib/python3.11/site-packages/airflow/example_dags/example_python_decorator.py
[2024-04-16T21:48:51.443+0700] {processor.py:830} INFO - Processing file /opt/homebrew/Caskroom/miniconda/base/lib/python3.11/site-packages/airflow/example_dags/example_python_decorator.py for tasks to queue
[2024-04-16T21:48:51.446+0700] {logging_mixin.py:188} INFO - [2024-04-16T21:48:51.446+0700] {dagbag.py:540} INFO - Filling up the DagBag from /opt/homebrew/Caskroom/miniconda/base/lib/python3.11/site-packages/airflow/example_dags/example_python_decorator.py
[2024-04-16T21:48:51.581+0700] {processor.py:840} INFO - DAG(s) 'example_python_decorator' retrieved from /opt/homebrew/Caskroom/miniconda/base/lib/python3.11/site-packages/airflow/example_dags/example_python_decorator.py
[2024-04-16T21:48:51.853+0700] {logging_mixin.py:188} INFO - [2024-04-16T21:48:51.852+0700] {dag.py:3096} INFO - Sync 1 DAGs
[2024-04-16T21:48:51.859+0700] {logging_mixin.py:188} INFO - [2024-04-16T21:48:51.859+0700] {dag.py:3954} INFO - Setting next_dagrun for example_python_decorator to None, run_after=None
[2024-04-16T21:48:51.873+0700] {processor.py:183} INFO - Processing /opt/homebrew/Caskroom/miniconda/base/lib/python3.11/site-packages/airflow/example_dags/example_python_decorator.py took 0.438 seconds
[2024-04-16T21:50:47.696+0700] {processor.py:161} INFO - Started process (PID=71244) to work on /opt/homebrew/Caskroom/miniconda/base/lib/python3.11/site-packages/airflow/example_dags/example_python_decorator.py
[2024-04-16T21:50:47.697+0700] {processor.py:830} INFO - Processing file /opt/homebrew/Caskroom/miniconda/base/lib/python3.11/site-packages/airflow/example_dags/example_python_decorator.py for tasks to queue
[2024-04-16T21:50:47.697+0700] {logging_mixin.py:188} INFO - [2024-04-16T21:50:47.697+0700] {dagbag.py:540} INFO - Filling up the DagBag from /opt/homebrew/Caskroom/miniconda/base/lib/python3.11/site-packages/airflow/example_dags/example_python_decorator.py
[2024-04-16T21:50:47.731+0700] {processor.py:840} INFO - DAG(s) 'example_python_decorator' retrieved from /opt/homebrew/Caskroom/miniconda/base/lib/python3.11/site-packages/airflow/example_dags/example_python_decorator.py
[2024-04-16T21:50:47.883+0700] {logging_mixin.py:188} INFO - [2024-04-16T21:50:47.882+0700] {dag.py:3096} INFO - Sync 1 DAGs
[2024-04-16T21:50:47.888+0700] {logging_mixin.py:188} INFO - [2024-04-16T21:50:47.888+0700] {dag.py:3954} INFO - Setting next_dagrun for example_python_decorator to None, run_after=None
[2024-04-16T21:50:47.900+0700] {processor.py:183} INFO - Processing /opt/homebrew/Caskroom/miniconda/base/lib/python3.11/site-packages/airflow/example_dags/example_python_decorator.py took 0.208 seconds
[2024-04-16T21:53:18.936+0700] {processor.py:161} INFO - Started process (PID=72209) to work on /opt/homebrew/Caskroom/miniconda/base/lib/python3.11/site-packages/airflow/example_dags/example_python_decorator.py
[2024-04-16T21:53:18.939+0700] {processor.py:830} INFO - Processing file /opt/homebrew/Caskroom/miniconda/base/lib/python3.11/site-packages/airflow/example_dags/example_python_decorator.py for tasks to queue
[2024-04-16T21:53:18.942+0700] {logging_mixin.py:188} INFO - [2024-04-16T21:53:18.941+0700] {dagbag.py:540} INFO - Filling up the DagBag from /opt/homebrew/Caskroom/miniconda/base/lib/python3.11/site-packages/airflow/example_dags/example_python_decorator.py
[2024-04-16T21:53:19.119+0700] {processor.py:840} INFO - DAG(s) 'example_python_decorator' retrieved from /opt/homebrew/Caskroom/miniconda/base/lib/python3.11/site-packages/airflow/example_dags/example_python_decorator.py
[2024-04-16T21:53:19.958+0700] {logging_mixin.py:188} INFO - [2024-04-16T21:53:19.957+0700] {dag.py:3096} INFO - Sync 1 DAGs
[2024-04-16T21:53:19.975+0700] {logging_mixin.py:188} INFO - [2024-04-16T21:53:19.974+0700] {dag.py:3954} INFO - Setting next_dagrun for example_python_decorator to None, run_after=None
[2024-04-16T21:53:20.020+0700] {processor.py:183} INFO - Processing /opt/homebrew/Caskroom/miniconda/base/lib/python3.11/site-packages/airflow/example_dags/example_python_decorator.py took 1.090 seconds
[2024-04-16T21:55:16.055+0700] {processor.py:161} INFO - Started process (PID=72838) to work on /opt/homebrew/Caskroom/miniconda/base/lib/python3.11/site-packages/airflow/example_dags/example_python_decorator.py
[2024-04-16T21:55:16.056+0700] {processor.py:830} INFO - Processing file /opt/homebrew/Caskroom/miniconda/base/lib/python3.11/site-packages/airflow/example_dags/example_python_decorator.py for tasks to queue
[2024-04-16T21:55:16.056+0700] {logging_mixin.py:188} INFO - [2024-04-16T21:55:16.056+0700] {dagbag.py:540} INFO - Filling up the DagBag from /opt/homebrew/Caskroom/miniconda/base/lib/python3.11/site-packages/airflow/example_dags/example_python_decorator.py
[2024-04-16T21:55:16.087+0700] {processor.py:840} INFO - DAG(s) 'example_python_decorator' retrieved from /opt/homebrew/Caskroom/miniconda/base/lib/python3.11/site-packages/airflow/example_dags/example_python_decorator.py
[2024-04-16T21:55:16.237+0700] {logging_mixin.py:188} INFO - [2024-04-16T21:55:16.237+0700] {dag.py:3096} INFO - Sync 1 DAGs
[2024-04-16T21:55:16.242+0700] {logging_mixin.py:188} INFO - [2024-04-16T21:55:16.242+0700] {dag.py:3954} INFO - Setting next_dagrun for example_python_decorator to None, run_after=None
[2024-04-16T21:55:16.255+0700] {processor.py:183} INFO - Processing /opt/homebrew/Caskroom/miniconda/base/lib/python3.11/site-packages/airflow/example_dags/example_python_decorator.py took 0.202 seconds
[2024-04-16T21:58:12.483+0700] {processor.py:161} INFO - Started process (PID=73801) to work on /opt/homebrew/Caskroom/miniconda/base/lib/python3.11/site-packages/airflow/example_dags/example_python_decorator.py
[2024-04-16T21:58:12.484+0700] {processor.py:830} INFO - Processing file /opt/homebrew/Caskroom/miniconda/base/lib/python3.11/site-packages/airflow/example_dags/example_python_decorator.py for tasks to queue
[2024-04-16T21:58:12.484+0700] {logging_mixin.py:188} INFO - [2024-04-16T21:58:12.484+0700] {dagbag.py:540} INFO - Filling up the DagBag from /opt/homebrew/Caskroom/miniconda/base/lib/python3.11/site-packages/airflow/example_dags/example_python_decorator.py
[2024-04-16T21:58:12.512+0700] {processor.py:840} INFO - DAG(s) 'example_python_decorator' retrieved from /opt/homebrew/Caskroom/miniconda/base/lib/python3.11/site-packages/airflow/example_dags/example_python_decorator.py
[2024-04-16T21:58:12.691+0700] {logging_mixin.py:188} INFO - [2024-04-16T21:58:12.691+0700] {dag.py:3096} INFO - Sync 1 DAGs
[2024-04-16T21:58:12.696+0700] {logging_mixin.py:188} INFO - [2024-04-16T21:58:12.696+0700] {dag.py:3954} INFO - Setting next_dagrun for example_python_decorator to None, run_after=None
[2024-04-16T21:58:12.708+0700] {processor.py:183} INFO - Processing /opt/homebrew/Caskroom/miniconda/base/lib/python3.11/site-packages/airflow/example_dags/example_python_decorator.py took 0.227 seconds
[2024-04-16T22:01:05.102+0700] {processor.py:161} INFO - Started process (PID=74947) to work on /opt/homebrew/Caskroom/miniconda/base/lib/python3.11/site-packages/airflow/example_dags/example_python_decorator.py
[2024-04-16T22:01:05.103+0700] {processor.py:830} INFO - Processing file /opt/homebrew/Caskroom/miniconda/base/lib/python3.11/site-packages/airflow/example_dags/example_python_decorator.py for tasks to queue
[2024-04-16T22:01:05.104+0700] {logging_mixin.py:188} INFO - [2024-04-16T22:01:05.104+0700] {dagbag.py:540} INFO - Filling up the DagBag from /opt/homebrew/Caskroom/miniconda/base/lib/python3.11/site-packages/airflow/example_dags/example_python_decorator.py
[2024-04-16T22:01:05.132+0700] {processor.py:840} INFO - DAG(s) 'example_python_decorator' retrieved from /opt/homebrew/Caskroom/miniconda/base/lib/python3.11/site-packages/airflow/example_dags/example_python_decorator.py
[2024-04-16T22:01:05.305+0700] {logging_mixin.py:188} INFO - [2024-04-16T22:01:05.305+0700] {dag.py:3096} INFO - Sync 1 DAGs
[2024-04-16T22:01:05.310+0700] {logging_mixin.py:188} INFO - [2024-04-16T22:01:05.310+0700] {dag.py:3954} INFO - Setting next_dagrun for example_python_decorator to None, run_after=None
[2024-04-16T22:01:05.322+0700] {processor.py:183} INFO - Processing /opt/homebrew/Caskroom/miniconda/base/lib/python3.11/site-packages/airflow/example_dags/example_python_decorator.py took 0.221 seconds
[2024-04-16T22:03:58.394+0700] {processor.py:161} INFO - Started process (PID=75934) to work on /opt/homebrew/Caskroom/miniconda/base/lib/python3.11/site-packages/airflow/example_dags/example_python_decorator.py
[2024-04-16T22:03:58.396+0700] {processor.py:830} INFO - Processing file /opt/homebrew/Caskroom/miniconda/base/lib/python3.11/site-packages/airflow/example_dags/example_python_decorator.py for tasks to queue
[2024-04-16T22:03:58.396+0700] {logging_mixin.py:188} INFO - [2024-04-16T22:03:58.396+0700] {dagbag.py:540} INFO - Filling up the DagBag from /opt/homebrew/Caskroom/miniconda/base/lib/python3.11/site-packages/airflow/example_dags/example_python_decorator.py
[2024-04-16T22:03:58.436+0700] {processor.py:840} INFO - DAG(s) 'example_python_decorator' retrieved from /opt/homebrew/Caskroom/miniconda/base/lib/python3.11/site-packages/airflow/example_dags/example_python_decorator.py
[2024-04-16T22:03:58.616+0700] {logging_mixin.py:188} INFO - [2024-04-16T22:03:58.615+0700] {dag.py:3096} INFO - Sync 1 DAGs
[2024-04-16T22:03:58.621+0700] {logging_mixin.py:188} INFO - [2024-04-16T22:03:58.621+0700] {dag.py:3954} INFO - Setting next_dagrun for example_python_decorator to None, run_after=None
[2024-04-16T22:03:58.632+0700] {processor.py:183} INFO - Processing /opt/homebrew/Caskroom/miniconda/base/lib/python3.11/site-packages/airflow/example_dags/example_python_decorator.py took 0.240 seconds
[2024-04-16T22:07:10.119+0700] {processor.py:161} INFO - Started process (PID=77049) to work on /opt/homebrew/Caskroom/miniconda/base/lib/python3.11/site-packages/airflow/example_dags/example_python_decorator.py
[2024-04-16T22:07:10.120+0700] {processor.py:830} INFO - Processing file /opt/homebrew/Caskroom/miniconda/base/lib/python3.11/site-packages/airflow/example_dags/example_python_decorator.py for tasks to queue
[2024-04-16T22:07:10.120+0700] {logging_mixin.py:188} INFO - [2024-04-16T22:07:10.120+0700] {dagbag.py:540} INFO - Filling up the DagBag from /opt/homebrew/Caskroom/miniconda/base/lib/python3.11/site-packages/airflow/example_dags/example_python_decorator.py
[2024-04-16T22:07:10.160+0700] {processor.py:840} INFO - DAG(s) 'example_python_decorator' retrieved from /opt/homebrew/Caskroom/miniconda/base/lib/python3.11/site-packages/airflow/example_dags/example_python_decorator.py
[2024-04-16T22:07:10.405+0700] {logging_mixin.py:188} INFO - [2024-04-16T22:07:10.404+0700] {dag.py:3096} INFO - Sync 1 DAGs
[2024-04-16T22:07:10.416+0700] {logging_mixin.py:188} INFO - [2024-04-16T22:07:10.415+0700] {dag.py:3954} INFO - Setting next_dagrun for example_python_decorator to None, run_after=None
[2024-04-16T22:07:10.443+0700] {processor.py:183} INFO - Processing /opt/homebrew/Caskroom/miniconda/base/lib/python3.11/site-packages/airflow/example_dags/example_python_decorator.py took 0.326 seconds
[2024-04-16T22:08:57.817+0700] {processor.py:161} INFO - Started process (PID=77630) to work on /opt/homebrew/Caskroom/miniconda/base/lib/python3.11/site-packages/airflow/example_dags/example_python_decorator.py
[2024-04-16T22:08:57.819+0700] {processor.py:830} INFO - Processing file /opt/homebrew/Caskroom/miniconda/base/lib/python3.11/site-packages/airflow/example_dags/example_python_decorator.py for tasks to queue
[2024-04-16T22:08:57.820+0700] {logging_mixin.py:188} INFO - [2024-04-16T22:08:57.820+0700] {dagbag.py:540} INFO - Filling up the DagBag from /opt/homebrew/Caskroom/miniconda/base/lib/python3.11/site-packages/airflow/example_dags/example_python_decorator.py
[2024-04-16T22:08:57.859+0700] {processor.py:840} INFO - DAG(s) 'example_python_decorator' retrieved from /opt/homebrew/Caskroom/miniconda/base/lib/python3.11/site-packages/airflow/example_dags/example_python_decorator.py
[2024-04-16T22:08:58.154+0700] {logging_mixin.py:188} INFO - [2024-04-16T22:08:58.153+0700] {dag.py:3096} INFO - Sync 1 DAGs
[2024-04-16T22:08:58.163+0700] {logging_mixin.py:188} INFO - [2024-04-16T22:08:58.163+0700] {dag.py:3954} INFO - Setting next_dagrun for example_python_decorator to None, run_after=None
[2024-04-16T22:08:58.184+0700] {processor.py:183} INFO - Processing /opt/homebrew/Caskroom/miniconda/base/lib/python3.11/site-packages/airflow/example_dags/example_python_decorator.py took 0.370 seconds
[2024-04-16T22:12:14.418+0700] {processor.py:161} INFO - Started process (PID=78766) to work on /opt/homebrew/Caskroom/miniconda/base/lib/python3.11/site-packages/airflow/example_dags/example_python_decorator.py
[2024-04-16T22:12:14.420+0700] {processor.py:830} INFO - Processing file /opt/homebrew/Caskroom/miniconda/base/lib/python3.11/site-packages/airflow/example_dags/example_python_decorator.py for tasks to queue
[2024-04-16T22:12:14.420+0700] {logging_mixin.py:188} INFO - [2024-04-16T22:12:14.420+0700] {dagbag.py:540} INFO - Filling up the DagBag from /opt/homebrew/Caskroom/miniconda/base/lib/python3.11/site-packages/airflow/example_dags/example_python_decorator.py
[2024-04-16T22:12:14.451+0700] {processor.py:840} INFO - DAG(s) 'example_python_decorator' retrieved from /opt/homebrew/Caskroom/miniconda/base/lib/python3.11/site-packages/airflow/example_dags/example_python_decorator.py
[2024-04-16T22:12:14.669+0700] {logging_mixin.py:188} INFO - [2024-04-16T22:12:14.669+0700] {dag.py:3096} INFO - Sync 1 DAGs
[2024-04-16T22:12:14.676+0700] {logging_mixin.py:188} INFO - [2024-04-16T22:12:14.676+0700] {dag.py:3954} INFO - Setting next_dagrun for example_python_decorator to None, run_after=None
[2024-04-16T22:12:14.694+0700] {processor.py:183} INFO - Processing /opt/homebrew/Caskroom/miniconda/base/lib/python3.11/site-packages/airflow/example_dags/example_python_decorator.py took 0.278 seconds
[2024-04-16T22:15:42.131+0700] {processor.py:161} INFO - Started process (PID=79828) to work on /opt/homebrew/Caskroom/miniconda/base/lib/python3.11/site-packages/airflow/example_dags/example_python_decorator.py
[2024-04-16T22:15:42.133+0700] {processor.py:830} INFO - Processing file /opt/homebrew/Caskroom/miniconda/base/lib/python3.11/site-packages/airflow/example_dags/example_python_decorator.py for tasks to queue
[2024-04-16T22:15:42.134+0700] {logging_mixin.py:188} INFO - [2024-04-16T22:15:42.133+0700] {dagbag.py:540} INFO - Filling up the DagBag from /opt/homebrew/Caskroom/miniconda/base/lib/python3.11/site-packages/airflow/example_dags/example_python_decorator.py
[2024-04-16T22:15:42.193+0700] {processor.py:840} INFO - DAG(s) 'example_python_decorator' retrieved from /opt/homebrew/Caskroom/miniconda/base/lib/python3.11/site-packages/airflow/example_dags/example_python_decorator.py
[2024-04-16T22:15:43.461+0700] {logging_mixin.py:188} INFO - [2024-04-16T22:15:43.460+0700] {dag.py:3096} INFO - Sync 1 DAGs
[2024-04-16T22:15:43.488+0700] {logging_mixin.py:188} INFO - [2024-04-16T22:15:43.487+0700] {dag.py:3954} INFO - Setting next_dagrun for example_python_decorator to None, run_after=None
[2024-04-16T22:15:43.527+0700] {processor.py:183} INFO - Processing /opt/homebrew/Caskroom/miniconda/base/lib/python3.11/site-packages/airflow/example_dags/example_python_decorator.py took 1.400 seconds
[2024-04-16T22:19:59.287+0700] {processor.py:161} INFO - Started process (PID=81013) to work on /opt/homebrew/Caskroom/miniconda/base/lib/python3.11/site-packages/airflow/example_dags/example_python_decorator.py
[2024-04-16T22:19:59.291+0700] {processor.py:830} INFO - Processing file /opt/homebrew/Caskroom/miniconda/base/lib/python3.11/site-packages/airflow/example_dags/example_python_decorator.py for tasks to queue
[2024-04-16T22:19:59.292+0700] {logging_mixin.py:188} INFO - [2024-04-16T22:19:59.292+0700] {dagbag.py:540} INFO - Filling up the DagBag from /opt/homebrew/Caskroom/miniconda/base/lib/python3.11/site-packages/airflow/example_dags/example_python_decorator.py
[2024-04-16T22:19:59.415+0700] {processor.py:840} INFO - DAG(s) 'example_python_decorator' retrieved from /opt/homebrew/Caskroom/miniconda/base/lib/python3.11/site-packages/airflow/example_dags/example_python_decorator.py
[2024-04-16T22:20:00.211+0700] {logging_mixin.py:188} INFO - [2024-04-16T22:20:00.210+0700] {dag.py:3096} INFO - Sync 1 DAGs
[2024-04-16T22:20:00.229+0700] {logging_mixin.py:188} INFO - [2024-04-16T22:20:00.228+0700] {dag.py:3954} INFO - Setting next_dagrun for example_python_decorator to None, run_after=None
[2024-04-16T22:20:00.305+0700] {processor.py:183} INFO - Processing /opt/homebrew/Caskroom/miniconda/base/lib/python3.11/site-packages/airflow/example_dags/example_python_decorator.py took 1.026 seconds
[2024-04-16T22:24:22.411+0700] {processor.py:161} INFO - Started process (PID=82296) to work on /opt/homebrew/Caskroom/miniconda/base/lib/python3.11/site-packages/airflow/example_dags/example_python_decorator.py
[2024-04-16T22:24:22.414+0700] {processor.py:830} INFO - Processing file /opt/homebrew/Caskroom/miniconda/base/lib/python3.11/site-packages/airflow/example_dags/example_python_decorator.py for tasks to queue
[2024-04-16T22:24:22.415+0700] {logging_mixin.py:188} INFO - [2024-04-16T22:24:22.415+0700] {dagbag.py:540} INFO - Filling up the DagBag from /opt/homebrew/Caskroom/miniconda/base/lib/python3.11/site-packages/airflow/example_dags/example_python_decorator.py
[2024-04-16T22:24:22.504+0700] {processor.py:840} INFO - DAG(s) 'example_python_decorator' retrieved from /opt/homebrew/Caskroom/miniconda/base/lib/python3.11/site-packages/airflow/example_dags/example_python_decorator.py
[2024-04-16T22:24:22.948+0700] {logging_mixin.py:188} INFO - [2024-04-16T22:24:22.948+0700] {dag.py:3096} INFO - Sync 1 DAGs
[2024-04-16T22:24:22.963+0700] {logging_mixin.py:188} INFO - [2024-04-16T22:24:22.963+0700] {dag.py:3954} INFO - Setting next_dagrun for example_python_decorator to None, run_after=None
[2024-04-16T22:24:22.995+0700] {processor.py:183} INFO - Processing /opt/homebrew/Caskroom/miniconda/base/lib/python3.11/site-packages/airflow/example_dags/example_python_decorator.py took 0.589 seconds
