[2024-04-16T20:50:50.711+0700] {processor.py:161} INFO - Started process (PID=53362) to work on /Library/Frameworks/Python.framework/Versions/3.10/lib/python3.10/site-packages/airflow/example_dags/example_time_delta_sensor_async.py
[2024-04-16T20:50:50.712+0700] {processor.py:830} INFO - Processing file /Library/Frameworks/Python.framework/Versions/3.10/lib/python3.10/site-packages/airflow/example_dags/example_time_delta_sensor_async.py for tasks to queue
[2024-04-16T20:50:50.712+0700] {logging_mixin.py:188} INFO - [2024-04-16T20:50:50.712+0700] {dagbag.py:540} INFO - Filling up the DagBag from /Library/Frameworks/Python.framework/Versions/3.10/lib/python3.10/site-packages/airflow/example_dags/example_time_delta_sensor_async.py
[2024-04-16T20:50:50.720+0700] {processor.py:840} INFO - DAG(s) 'example_time_delta_sensor_async' retrieved from /Library/Frameworks/Python.framework/Versions/3.10/lib/python3.10/site-packages/airflow/example_dags/example_time_delta_sensor_async.py
[2024-04-16T20:50:50.834+0700] {logging_mixin.py:188} INFO - [2024-04-16T20:50:50.833+0700] {dag.py:3096} INFO - Sync 1 DAGs
[2024-04-16T20:50:50.840+0700] {logging_mixin.py:188} INFO - [2024-04-16T20:50:50.839+0700] {dag.py:3954} INFO - Setting next_dagrun for example_time_delta_sensor_async to None, run_after=None
[2024-04-16T20:50:50.851+0700] {processor.py:183} INFO - Processing /Library/Frameworks/Python.framework/Versions/3.10/lib/python3.10/site-packages/airflow/example_dags/example_time_delta_sensor_async.py took 0.141 seconds
[2024-04-16T20:52:26.529+0700] {processor.py:161} INFO - Started process (PID=54119) to work on /opt/homebrew/Caskroom/miniconda/base/lib/python3.11/site-packages/airflow/example_dags/example_time_delta_sensor_async.py
[2024-04-16T20:52:26.530+0700] {processor.py:830} INFO - Processing file /opt/homebrew/Caskroom/miniconda/base/lib/python3.11/site-packages/airflow/example_dags/example_time_delta_sensor_async.py for tasks to queue
[2024-04-16T20:52:26.531+0700] {logging_mixin.py:188} INFO - [2024-04-16T20:52:26.530+0700] {dagbag.py:540} INFO - Filling up the DagBag from /opt/homebrew/Caskroom/miniconda/base/lib/python3.11/site-packages/airflow/example_dags/example_time_delta_sensor_async.py
[2024-04-16T20:52:26.536+0700] {processor.py:840} INFO - DAG(s) 'example_time_delta_sensor_async' retrieved from /opt/homebrew/Caskroom/miniconda/base/lib/python3.11/site-packages/airflow/example_dags/example_time_delta_sensor_async.py
[2024-04-16T20:52:26.689+0700] {logging_mixin.py:188} INFO - [2024-04-16T20:52:26.689+0700] {dag.py:3096} INFO - Sync 1 DAGs
[2024-04-16T20:52:26.695+0700] {logging_mixin.py:188} INFO - [2024-04-16T20:52:26.695+0700] {dag.py:3954} INFO - Setting next_dagrun for example_time_delta_sensor_async to None, run_after=None
[2024-04-16T20:52:26.708+0700] {processor.py:183} INFO - Processing /opt/homebrew/Caskroom/miniconda/base/lib/python3.11/site-packages/airflow/example_dags/example_time_delta_sensor_async.py took 0.180 seconds
[2024-04-16T20:54:20.372+0700] {processor.py:161} INFO - Started process (PID=54697) to work on /opt/homebrew/Caskroom/miniconda/base/lib/python3.11/site-packages/airflow/example_dags/example_time_delta_sensor_async.py
[2024-04-16T20:54:20.373+0700] {processor.py:830} INFO - Processing file /opt/homebrew/Caskroom/miniconda/base/lib/python3.11/site-packages/airflow/example_dags/example_time_delta_sensor_async.py for tasks to queue
[2024-04-16T20:54:20.374+0700] {logging_mixin.py:188} INFO - [2024-04-16T20:54:20.374+0700] {dagbag.py:540} INFO - Filling up the DagBag from /opt/homebrew/Caskroom/miniconda/base/lib/python3.11/site-packages/airflow/example_dags/example_time_delta_sensor_async.py
[2024-04-16T20:54:20.379+0700] {processor.py:840} INFO - DAG(s) 'example_time_delta_sensor_async' retrieved from /opt/homebrew/Caskroom/miniconda/base/lib/python3.11/site-packages/airflow/example_dags/example_time_delta_sensor_async.py
[2024-04-16T20:54:20.450+0700] {logging_mixin.py:188} INFO - [2024-04-16T20:54:20.450+0700] {dag.py:3096} INFO - Sync 1 DAGs
[2024-04-16T20:54:20.456+0700] {logging_mixin.py:188} INFO - [2024-04-16T20:54:20.456+0700] {dag.py:3954} INFO - Setting next_dagrun for example_time_delta_sensor_async to None, run_after=None
[2024-04-16T20:54:20.468+0700] {processor.py:183} INFO - Processing /opt/homebrew/Caskroom/miniconda/base/lib/python3.11/site-packages/airflow/example_dags/example_time_delta_sensor_async.py took 0.098 seconds
[2024-04-16T20:55:36.418+0700] {processor.py:161} INFO - Started process (PID=55036) to work on /opt/homebrew/Caskroom/miniconda/base/lib/python3.11/site-packages/airflow/example_dags/example_time_delta_sensor_async.py
[2024-04-16T20:55:36.419+0700] {processor.py:830} INFO - Processing file /opt/homebrew/Caskroom/miniconda/base/lib/python3.11/site-packages/airflow/example_dags/example_time_delta_sensor_async.py for tasks to queue
[2024-04-16T20:55:36.420+0700] {logging_mixin.py:188} INFO - [2024-04-16T20:55:36.419+0700] {dagbag.py:540} INFO - Filling up the DagBag from /opt/homebrew/Caskroom/miniconda/base/lib/python3.11/site-packages/airflow/example_dags/example_time_delta_sensor_async.py
[2024-04-16T20:55:36.425+0700] {processor.py:840} INFO - DAG(s) 'example_time_delta_sensor_async' retrieved from /opt/homebrew/Caskroom/miniconda/base/lib/python3.11/site-packages/airflow/example_dags/example_time_delta_sensor_async.py
[2024-04-16T20:55:36.497+0700] {logging_mixin.py:188} INFO - [2024-04-16T20:55:36.497+0700] {dag.py:3096} INFO - Sync 1 DAGs
[2024-04-16T20:55:36.503+0700] {logging_mixin.py:188} INFO - [2024-04-16T20:55:36.503+0700] {dag.py:3954} INFO - Setting next_dagrun for example_time_delta_sensor_async to None, run_after=None
[2024-04-16T20:55:36.514+0700] {processor.py:183} INFO - Processing /opt/homebrew/Caskroom/miniconda/base/lib/python3.11/site-packages/airflow/example_dags/example_time_delta_sensor_async.py took 0.098 seconds
[2024-04-16T20:56:53.031+0700] {processor.py:161} INFO - Started process (PID=55385) to work on /opt/homebrew/Caskroom/miniconda/base/lib/python3.11/site-packages/airflow/example_dags/example_time_delta_sensor_async.py
[2024-04-16T20:56:53.032+0700] {processor.py:830} INFO - Processing file /opt/homebrew/Caskroom/miniconda/base/lib/python3.11/site-packages/airflow/example_dags/example_time_delta_sensor_async.py for tasks to queue
[2024-04-16T20:56:53.033+0700] {logging_mixin.py:188} INFO - [2024-04-16T20:56:53.032+0700] {dagbag.py:540} INFO - Filling up the DagBag from /opt/homebrew/Caskroom/miniconda/base/lib/python3.11/site-packages/airflow/example_dags/example_time_delta_sensor_async.py
[2024-04-16T20:56:53.038+0700] {processor.py:840} INFO - DAG(s) 'example_time_delta_sensor_async' retrieved from /opt/homebrew/Caskroom/miniconda/base/lib/python3.11/site-packages/airflow/example_dags/example_time_delta_sensor_async.py
[2024-04-16T20:56:53.114+0700] {logging_mixin.py:188} INFO - [2024-04-16T20:56:53.113+0700] {dag.py:3096} INFO - Sync 1 DAGs
[2024-04-16T20:56:53.120+0700] {logging_mixin.py:188} INFO - [2024-04-16T20:56:53.119+0700] {dag.py:3954} INFO - Setting next_dagrun for example_time_delta_sensor_async to None, run_after=None
[2024-04-16T20:56:53.135+0700] {processor.py:183} INFO - Processing /opt/homebrew/Caskroom/miniconda/base/lib/python3.11/site-packages/airflow/example_dags/example_time_delta_sensor_async.py took 0.105 seconds
[2024-04-16T20:58:09.994+0700] {processor.py:161} INFO - Started process (PID=55732) to work on /opt/homebrew/Caskroom/miniconda/base/lib/python3.11/site-packages/airflow/example_dags/example_time_delta_sensor_async.py
[2024-04-16T20:58:09.996+0700] {processor.py:830} INFO - Processing file /opt/homebrew/Caskroom/miniconda/base/lib/python3.11/site-packages/airflow/example_dags/example_time_delta_sensor_async.py for tasks to queue
[2024-04-16T20:58:09.996+0700] {logging_mixin.py:188} INFO - [2024-04-16T20:58:09.996+0700] {dagbag.py:540} INFO - Filling up the DagBag from /opt/homebrew/Caskroom/miniconda/base/lib/python3.11/site-packages/airflow/example_dags/example_time_delta_sensor_async.py
[2024-04-16T20:58:10.001+0700] {processor.py:840} INFO - DAG(s) 'example_time_delta_sensor_async' retrieved from /opt/homebrew/Caskroom/miniconda/base/lib/python3.11/site-packages/airflow/example_dags/example_time_delta_sensor_async.py
[2024-04-16T20:58:10.070+0700] {logging_mixin.py:188} INFO - [2024-04-16T20:58:10.070+0700] {dag.py:3096} INFO - Sync 1 DAGs
[2024-04-16T20:58:10.076+0700] {logging_mixin.py:188} INFO - [2024-04-16T20:58:10.076+0700] {dag.py:3954} INFO - Setting next_dagrun for example_time_delta_sensor_async to None, run_after=None
[2024-04-16T20:58:10.087+0700] {processor.py:183} INFO - Processing /opt/homebrew/Caskroom/miniconda/base/lib/python3.11/site-packages/airflow/example_dags/example_time_delta_sensor_async.py took 0.094 seconds
[2024-04-16T20:59:26.190+0700] {processor.py:161} INFO - Started process (PID=56078) to work on /opt/homebrew/Caskroom/miniconda/base/lib/python3.11/site-packages/airflow/example_dags/example_time_delta_sensor_async.py
[2024-04-16T20:59:26.191+0700] {processor.py:830} INFO - Processing file /opt/homebrew/Caskroom/miniconda/base/lib/python3.11/site-packages/airflow/example_dags/example_time_delta_sensor_async.py for tasks to queue
[2024-04-16T20:59:26.191+0700] {logging_mixin.py:188} INFO - [2024-04-16T20:59:26.191+0700] {dagbag.py:540} INFO - Filling up the DagBag from /opt/homebrew/Caskroom/miniconda/base/lib/python3.11/site-packages/airflow/example_dags/example_time_delta_sensor_async.py
[2024-04-16T20:59:26.196+0700] {processor.py:840} INFO - DAG(s) 'example_time_delta_sensor_async' retrieved from /opt/homebrew/Caskroom/miniconda/base/lib/python3.11/site-packages/airflow/example_dags/example_time_delta_sensor_async.py
[2024-04-16T20:59:26.264+0700] {logging_mixin.py:188} INFO - [2024-04-16T20:59:26.263+0700] {dag.py:3096} INFO - Sync 1 DAGs
[2024-04-16T20:59:26.270+0700] {logging_mixin.py:188} INFO - [2024-04-16T20:59:26.270+0700] {dag.py:3954} INFO - Setting next_dagrun for example_time_delta_sensor_async to None, run_after=None
[2024-04-16T20:59:26.281+0700] {processor.py:183} INFO - Processing /opt/homebrew/Caskroom/miniconda/base/lib/python3.11/site-packages/airflow/example_dags/example_time_delta_sensor_async.py took 0.093 seconds
[2024-04-16T21:00:43.668+0700] {processor.py:161} INFO - Started process (PID=56425) to work on /opt/homebrew/Caskroom/miniconda/base/lib/python3.11/site-packages/airflow/example_dags/example_time_delta_sensor_async.py
[2024-04-16T21:00:43.669+0700] {processor.py:830} INFO - Processing file /opt/homebrew/Caskroom/miniconda/base/lib/python3.11/site-packages/airflow/example_dags/example_time_delta_sensor_async.py for tasks to queue
[2024-04-16T21:00:43.669+0700] {logging_mixin.py:188} INFO - [2024-04-16T21:00:43.669+0700] {dagbag.py:540} INFO - Filling up the DagBag from /opt/homebrew/Caskroom/miniconda/base/lib/python3.11/site-packages/airflow/example_dags/example_time_delta_sensor_async.py
[2024-04-16T21:00:43.676+0700] {processor.py:840} INFO - DAG(s) 'example_time_delta_sensor_async' retrieved from /opt/homebrew/Caskroom/miniconda/base/lib/python3.11/site-packages/airflow/example_dags/example_time_delta_sensor_async.py
[2024-04-16T21:00:43.754+0700] {logging_mixin.py:188} INFO - [2024-04-16T21:00:43.754+0700] {dag.py:3096} INFO - Sync 1 DAGs
[2024-04-16T21:00:43.762+0700] {logging_mixin.py:188} INFO - [2024-04-16T21:00:43.762+0700] {dag.py:3954} INFO - Setting next_dagrun for example_time_delta_sensor_async to None, run_after=None
[2024-04-16T21:00:43.774+0700] {processor.py:183} INFO - Processing /opt/homebrew/Caskroom/miniconda/base/lib/python3.11/site-packages/airflow/example_dags/example_time_delta_sensor_async.py took 0.108 seconds
[2024-04-16T21:02:01.202+0700] {processor.py:161} INFO - Started process (PID=56778) to work on /opt/homebrew/Caskroom/miniconda/base/lib/python3.11/site-packages/airflow/example_dags/example_time_delta_sensor_async.py
[2024-04-16T21:02:01.203+0700] {processor.py:830} INFO - Processing file /opt/homebrew/Caskroom/miniconda/base/lib/python3.11/site-packages/airflow/example_dags/example_time_delta_sensor_async.py for tasks to queue
[2024-04-16T21:02:01.203+0700] {logging_mixin.py:188} INFO - [2024-04-16T21:02:01.203+0700] {dagbag.py:540} INFO - Filling up the DagBag from /opt/homebrew/Caskroom/miniconda/base/lib/python3.11/site-packages/airflow/example_dags/example_time_delta_sensor_async.py
[2024-04-16T21:02:01.210+0700] {processor.py:840} INFO - DAG(s) 'example_time_delta_sensor_async' retrieved from /opt/homebrew/Caskroom/miniconda/base/lib/python3.11/site-packages/airflow/example_dags/example_time_delta_sensor_async.py
[2024-04-16T21:02:01.281+0700] {logging_mixin.py:188} INFO - [2024-04-16T21:02:01.281+0700] {dag.py:3096} INFO - Sync 1 DAGs
[2024-04-16T21:02:01.287+0700] {logging_mixin.py:188} INFO - [2024-04-16T21:02:01.287+0700] {dag.py:3954} INFO - Setting next_dagrun for example_time_delta_sensor_async to None, run_after=None
[2024-04-16T21:02:01.298+0700] {processor.py:183} INFO - Processing /opt/homebrew/Caskroom/miniconda/base/lib/python3.11/site-packages/airflow/example_dags/example_time_delta_sensor_async.py took 0.097 seconds
[2024-04-16T21:03:16.939+0700] {processor.py:161} INFO - Started process (PID=57122) to work on /opt/homebrew/Caskroom/miniconda/base/lib/python3.11/site-packages/airflow/example_dags/example_time_delta_sensor_async.py
[2024-04-16T21:03:16.940+0700] {processor.py:830} INFO - Processing file /opt/homebrew/Caskroom/miniconda/base/lib/python3.11/site-packages/airflow/example_dags/example_time_delta_sensor_async.py for tasks to queue
[2024-04-16T21:03:16.941+0700] {logging_mixin.py:188} INFO - [2024-04-16T21:03:16.941+0700] {dagbag.py:540} INFO - Filling up the DagBag from /opt/homebrew/Caskroom/miniconda/base/lib/python3.11/site-packages/airflow/example_dags/example_time_delta_sensor_async.py
[2024-04-16T21:03:16.946+0700] {processor.py:840} INFO - DAG(s) 'example_time_delta_sensor_async' retrieved from /opt/homebrew/Caskroom/miniconda/base/lib/python3.11/site-packages/airflow/example_dags/example_time_delta_sensor_async.py
[2024-04-16T21:03:17.015+0700] {logging_mixin.py:188} INFO - [2024-04-16T21:03:17.015+0700] {dag.py:3096} INFO - Sync 1 DAGs
[2024-04-16T21:03:17.021+0700] {logging_mixin.py:188} INFO - [2024-04-16T21:03:17.021+0700] {dag.py:3954} INFO - Setting next_dagrun for example_time_delta_sensor_async to None, run_after=None
[2024-04-16T21:03:17.032+0700] {processor.py:183} INFO - Processing /opt/homebrew/Caskroom/miniconda/base/lib/python3.11/site-packages/airflow/example_dags/example_time_delta_sensor_async.py took 0.095 seconds
[2024-04-16T21:04:33.443+0700] {processor.py:161} INFO - Started process (PID=57469) to work on /opt/homebrew/Caskroom/miniconda/base/lib/python3.11/site-packages/airflow/example_dags/example_time_delta_sensor_async.py
[2024-04-16T21:04:33.443+0700] {processor.py:830} INFO - Processing file /opt/homebrew/Caskroom/miniconda/base/lib/python3.11/site-packages/airflow/example_dags/example_time_delta_sensor_async.py for tasks to queue
[2024-04-16T21:04:33.444+0700] {logging_mixin.py:188} INFO - [2024-04-16T21:04:33.444+0700] {dagbag.py:540} INFO - Filling up the DagBag from /opt/homebrew/Caskroom/miniconda/base/lib/python3.11/site-packages/airflow/example_dags/example_time_delta_sensor_async.py
[2024-04-16T21:04:33.449+0700] {processor.py:840} INFO - DAG(s) 'example_time_delta_sensor_async' retrieved from /opt/homebrew/Caskroom/miniconda/base/lib/python3.11/site-packages/airflow/example_dags/example_time_delta_sensor_async.py
[2024-04-16T21:04:33.519+0700] {logging_mixin.py:188} INFO - [2024-04-16T21:04:33.519+0700] {dag.py:3096} INFO - Sync 1 DAGs
[2024-04-16T21:04:33.525+0700] {logging_mixin.py:188} INFO - [2024-04-16T21:04:33.525+0700] {dag.py:3954} INFO - Setting next_dagrun for example_time_delta_sensor_async to None, run_after=None
[2024-04-16T21:04:33.538+0700] {processor.py:183} INFO - Processing /opt/homebrew/Caskroom/miniconda/base/lib/python3.11/site-packages/airflow/example_dags/example_time_delta_sensor_async.py took 0.097 seconds
[2024-04-16T21:05:50.362+0700] {processor.py:161} INFO - Started process (PID=57817) to work on /opt/homebrew/Caskroom/miniconda/base/lib/python3.11/site-packages/airflow/example_dags/example_time_delta_sensor_async.py
[2024-04-16T21:05:50.363+0700] {processor.py:830} INFO - Processing file /opt/homebrew/Caskroom/miniconda/base/lib/python3.11/site-packages/airflow/example_dags/example_time_delta_sensor_async.py for tasks to queue
[2024-04-16T21:05:50.363+0700] {logging_mixin.py:188} INFO - [2024-04-16T21:05:50.363+0700] {dagbag.py:540} INFO - Filling up the DagBag from /opt/homebrew/Caskroom/miniconda/base/lib/python3.11/site-packages/airflow/example_dags/example_time_delta_sensor_async.py
[2024-04-16T21:05:50.368+0700] {processor.py:840} INFO - DAG(s) 'example_time_delta_sensor_async' retrieved from /opt/homebrew/Caskroom/miniconda/base/lib/python3.11/site-packages/airflow/example_dags/example_time_delta_sensor_async.py
[2024-04-16T21:05:50.437+0700] {logging_mixin.py:188} INFO - [2024-04-16T21:05:50.437+0700] {dag.py:3096} INFO - Sync 1 DAGs
[2024-04-16T21:05:50.443+0700] {logging_mixin.py:188} INFO - [2024-04-16T21:05:50.443+0700] {dag.py:3954} INFO - Setting next_dagrun for example_time_delta_sensor_async to None, run_after=None
[2024-04-16T21:05:50.454+0700] {processor.py:183} INFO - Processing /opt/homebrew/Caskroom/miniconda/base/lib/python3.11/site-packages/airflow/example_dags/example_time_delta_sensor_async.py took 0.095 seconds
[2024-04-16T21:07:07.131+0700] {processor.py:161} INFO - Started process (PID=58170) to work on /opt/homebrew/Caskroom/miniconda/base/lib/python3.11/site-packages/airflow/example_dags/example_time_delta_sensor_async.py
[2024-04-16T21:07:07.133+0700] {processor.py:830} INFO - Processing file /opt/homebrew/Caskroom/miniconda/base/lib/python3.11/site-packages/airflow/example_dags/example_time_delta_sensor_async.py for tasks to queue
[2024-04-16T21:07:07.134+0700] {logging_mixin.py:188} INFO - [2024-04-16T21:07:07.134+0700] {dagbag.py:540} INFO - Filling up the DagBag from /opt/homebrew/Caskroom/miniconda/base/lib/python3.11/site-packages/airflow/example_dags/example_time_delta_sensor_async.py
[2024-04-16T21:07:07.142+0700] {processor.py:840} INFO - DAG(s) 'example_time_delta_sensor_async' retrieved from /opt/homebrew/Caskroom/miniconda/base/lib/python3.11/site-packages/airflow/example_dags/example_time_delta_sensor_async.py
[2024-04-16T21:07:07.215+0700] {logging_mixin.py:188} INFO - [2024-04-16T21:07:07.215+0700] {dag.py:3096} INFO - Sync 1 DAGs
[2024-04-16T21:07:07.221+0700] {logging_mixin.py:188} INFO - [2024-04-16T21:07:07.221+0700] {dag.py:3954} INFO - Setting next_dagrun for example_time_delta_sensor_async to None, run_after=None
[2024-04-16T21:07:07.232+0700] {processor.py:183} INFO - Processing /opt/homebrew/Caskroom/miniconda/base/lib/python3.11/site-packages/airflow/example_dags/example_time_delta_sensor_async.py took 0.102 seconds
[2024-04-16T21:08:23.064+0700] {processor.py:161} INFO - Started process (PID=58516) to work on /opt/homebrew/Caskroom/miniconda/base/lib/python3.11/site-packages/airflow/example_dags/example_time_delta_sensor_async.py
[2024-04-16T21:08:23.065+0700] {processor.py:830} INFO - Processing file /opt/homebrew/Caskroom/miniconda/base/lib/python3.11/site-packages/airflow/example_dags/example_time_delta_sensor_async.py for tasks to queue
[2024-04-16T21:08:23.066+0700] {logging_mixin.py:188} INFO - [2024-04-16T21:08:23.066+0700] {dagbag.py:540} INFO - Filling up the DagBag from /opt/homebrew/Caskroom/miniconda/base/lib/python3.11/site-packages/airflow/example_dags/example_time_delta_sensor_async.py
[2024-04-16T21:08:23.071+0700] {processor.py:840} INFO - DAG(s) 'example_time_delta_sensor_async' retrieved from /opt/homebrew/Caskroom/miniconda/base/lib/python3.11/site-packages/airflow/example_dags/example_time_delta_sensor_async.py
[2024-04-16T21:08:23.140+0700] {logging_mixin.py:188} INFO - [2024-04-16T21:08:23.140+0700] {dag.py:3096} INFO - Sync 1 DAGs
[2024-04-16T21:08:23.146+0700] {logging_mixin.py:188} INFO - [2024-04-16T21:08:23.146+0700] {dag.py:3954} INFO - Setting next_dagrun for example_time_delta_sensor_async to None, run_after=None
[2024-04-16T21:08:23.158+0700] {processor.py:183} INFO - Processing /opt/homebrew/Caskroom/miniconda/base/lib/python3.11/site-packages/airflow/example_dags/example_time_delta_sensor_async.py took 0.096 seconds
[2024-04-16T21:09:42.083+0700] {processor.py:161} INFO - Started process (PID=58873) to work on /opt/homebrew/Caskroom/miniconda/base/lib/python3.11/site-packages/airflow/example_dags/example_time_delta_sensor_async.py
[2024-04-16T21:09:42.084+0700] {processor.py:830} INFO - Processing file /opt/homebrew/Caskroom/miniconda/base/lib/python3.11/site-packages/airflow/example_dags/example_time_delta_sensor_async.py for tasks to queue
[2024-04-16T21:09:42.085+0700] {logging_mixin.py:188} INFO - [2024-04-16T21:09:42.085+0700] {dagbag.py:540} INFO - Filling up the DagBag from /opt/homebrew/Caskroom/miniconda/base/lib/python3.11/site-packages/airflow/example_dags/example_time_delta_sensor_async.py
[2024-04-16T21:09:42.090+0700] {processor.py:840} INFO - DAG(s) 'example_time_delta_sensor_async' retrieved from /opt/homebrew/Caskroom/miniconda/base/lib/python3.11/site-packages/airflow/example_dags/example_time_delta_sensor_async.py
[2024-04-16T21:09:42.163+0700] {logging_mixin.py:188} INFO - [2024-04-16T21:09:42.162+0700] {dag.py:3096} INFO - Sync 1 DAGs
[2024-04-16T21:09:42.170+0700] {logging_mixin.py:188} INFO - [2024-04-16T21:09:42.170+0700] {dag.py:3954} INFO - Setting next_dagrun for example_time_delta_sensor_async to None, run_after=None
[2024-04-16T21:09:42.184+0700] {processor.py:183} INFO - Processing /opt/homebrew/Caskroom/miniconda/base/lib/python3.11/site-packages/airflow/example_dags/example_time_delta_sensor_async.py took 0.103 seconds
[2024-04-16T21:11:00.473+0700] {processor.py:161} INFO - Started process (PID=59231) to work on /opt/homebrew/Caskroom/miniconda/base/lib/python3.11/site-packages/airflow/example_dags/example_time_delta_sensor_async.py
[2024-04-16T21:11:00.474+0700] {processor.py:830} INFO - Processing file /opt/homebrew/Caskroom/miniconda/base/lib/python3.11/site-packages/airflow/example_dags/example_time_delta_sensor_async.py for tasks to queue
[2024-04-16T21:11:00.474+0700] {logging_mixin.py:188} INFO - [2024-04-16T21:11:00.474+0700] {dagbag.py:540} INFO - Filling up the DagBag from /opt/homebrew/Caskroom/miniconda/base/lib/python3.11/site-packages/airflow/example_dags/example_time_delta_sensor_async.py
[2024-04-16T21:11:00.479+0700] {processor.py:840} INFO - DAG(s) 'example_time_delta_sensor_async' retrieved from /opt/homebrew/Caskroom/miniconda/base/lib/python3.11/site-packages/airflow/example_dags/example_time_delta_sensor_async.py
[2024-04-16T21:11:00.548+0700] {logging_mixin.py:188} INFO - [2024-04-16T21:11:00.548+0700] {dag.py:3096} INFO - Sync 1 DAGs
[2024-04-16T21:11:00.554+0700] {logging_mixin.py:188} INFO - [2024-04-16T21:11:00.554+0700] {dag.py:3954} INFO - Setting next_dagrun for example_time_delta_sensor_async to None, run_after=None
[2024-04-16T21:11:00.565+0700] {processor.py:183} INFO - Processing /opt/homebrew/Caskroom/miniconda/base/lib/python3.11/site-packages/airflow/example_dags/example_time_delta_sensor_async.py took 0.094 seconds
[2024-04-16T21:12:18.484+0700] {processor.py:161} INFO - Started process (PID=59578) to work on /opt/homebrew/Caskroom/miniconda/base/lib/python3.11/site-packages/airflow/example_dags/example_time_delta_sensor_async.py
[2024-04-16T21:12:18.484+0700] {processor.py:830} INFO - Processing file /opt/homebrew/Caskroom/miniconda/base/lib/python3.11/site-packages/airflow/example_dags/example_time_delta_sensor_async.py for tasks to queue
[2024-04-16T21:12:18.485+0700] {logging_mixin.py:188} INFO - [2024-04-16T21:12:18.485+0700] {dagbag.py:540} INFO - Filling up the DagBag from /opt/homebrew/Caskroom/miniconda/base/lib/python3.11/site-packages/airflow/example_dags/example_time_delta_sensor_async.py
[2024-04-16T21:12:18.490+0700] {processor.py:840} INFO - DAG(s) 'example_time_delta_sensor_async' retrieved from /opt/homebrew/Caskroom/miniconda/base/lib/python3.11/site-packages/airflow/example_dags/example_time_delta_sensor_async.py
[2024-04-16T21:12:18.566+0700] {logging_mixin.py:188} INFO - [2024-04-16T21:12:18.566+0700] {dag.py:3096} INFO - Sync 1 DAGs
[2024-04-16T21:12:18.573+0700] {logging_mixin.py:188} INFO - [2024-04-16T21:12:18.573+0700] {dag.py:3954} INFO - Setting next_dagrun for example_time_delta_sensor_async to None, run_after=None
[2024-04-16T21:12:18.585+0700] {processor.py:183} INFO - Processing /opt/homebrew/Caskroom/miniconda/base/lib/python3.11/site-packages/airflow/example_dags/example_time_delta_sensor_async.py took 0.103 seconds
[2024-04-16T21:13:37.002+0700] {processor.py:161} INFO - Started process (PID=59956) to work on /opt/homebrew/Caskroom/miniconda/base/lib/python3.11/site-packages/airflow/example_dags/example_time_delta_sensor_async.py
[2024-04-16T21:13:37.003+0700] {processor.py:830} INFO - Processing file /opt/homebrew/Caskroom/miniconda/base/lib/python3.11/site-packages/airflow/example_dags/example_time_delta_sensor_async.py for tasks to queue
[2024-04-16T21:13:37.003+0700] {logging_mixin.py:188} INFO - [2024-04-16T21:13:37.003+0700] {dagbag.py:540} INFO - Filling up the DagBag from /opt/homebrew/Caskroom/miniconda/base/lib/python3.11/site-packages/airflow/example_dags/example_time_delta_sensor_async.py
[2024-04-16T21:13:37.010+0700] {processor.py:840} INFO - DAG(s) 'example_time_delta_sensor_async' retrieved from /opt/homebrew/Caskroom/miniconda/base/lib/python3.11/site-packages/airflow/example_dags/example_time_delta_sensor_async.py
[2024-04-16T21:13:37.084+0700] {logging_mixin.py:188} INFO - [2024-04-16T21:13:37.083+0700] {dag.py:3096} INFO - Sync 1 DAGs
[2024-04-16T21:13:37.090+0700] {logging_mixin.py:188} INFO - [2024-04-16T21:13:37.090+0700] {dag.py:3954} INFO - Setting next_dagrun for example_time_delta_sensor_async to None, run_after=None
[2024-04-16T21:13:37.101+0700] {processor.py:183} INFO - Processing /opt/homebrew/Caskroom/miniconda/base/lib/python3.11/site-packages/airflow/example_dags/example_time_delta_sensor_async.py took 0.100 seconds
[2024-04-16T21:14:56.319+0700] {processor.py:161} INFO - Started process (PID=60324) to work on /opt/homebrew/Caskroom/miniconda/base/lib/python3.11/site-packages/airflow/example_dags/example_time_delta_sensor_async.py
[2024-04-16T21:14:56.321+0700] {processor.py:830} INFO - Processing file /opt/homebrew/Caskroom/miniconda/base/lib/python3.11/site-packages/airflow/example_dags/example_time_delta_sensor_async.py for tasks to queue
[2024-04-16T21:14:56.321+0700] {logging_mixin.py:188} INFO - [2024-04-16T21:14:56.321+0700] {dagbag.py:540} INFO - Filling up the DagBag from /opt/homebrew/Caskroom/miniconda/base/lib/python3.11/site-packages/airflow/example_dags/example_time_delta_sensor_async.py
[2024-04-16T21:14:56.327+0700] {processor.py:840} INFO - DAG(s) 'example_time_delta_sensor_async' retrieved from /opt/homebrew/Caskroom/miniconda/base/lib/python3.11/site-packages/airflow/example_dags/example_time_delta_sensor_async.py
[2024-04-16T21:14:56.397+0700] {logging_mixin.py:188} INFO - [2024-04-16T21:14:56.397+0700] {dag.py:3096} INFO - Sync 1 DAGs
[2024-04-16T21:14:56.404+0700] {logging_mixin.py:188} INFO - [2024-04-16T21:14:56.404+0700] {dag.py:3954} INFO - Setting next_dagrun for example_time_delta_sensor_async to None, run_after=None
[2024-04-16T21:14:56.415+0700] {processor.py:183} INFO - Processing /opt/homebrew/Caskroom/miniconda/base/lib/python3.11/site-packages/airflow/example_dags/example_time_delta_sensor_async.py took 0.097 seconds
[2024-04-16T21:16:15.795+0700] {processor.py:161} INFO - Started process (PID=60678) to work on /opt/homebrew/Caskroom/miniconda/base/lib/python3.11/site-packages/airflow/example_dags/example_time_delta_sensor_async.py
[2024-04-16T21:16:15.795+0700] {processor.py:830} INFO - Processing file /opt/homebrew/Caskroom/miniconda/base/lib/python3.11/site-packages/airflow/example_dags/example_time_delta_sensor_async.py for tasks to queue
[2024-04-16T21:16:15.796+0700] {logging_mixin.py:188} INFO - [2024-04-16T21:16:15.796+0700] {dagbag.py:540} INFO - Filling up the DagBag from /opt/homebrew/Caskroom/miniconda/base/lib/python3.11/site-packages/airflow/example_dags/example_time_delta_sensor_async.py
[2024-04-16T21:16:15.801+0700] {processor.py:840} INFO - DAG(s) 'example_time_delta_sensor_async' retrieved from /opt/homebrew/Caskroom/miniconda/base/lib/python3.11/site-packages/airflow/example_dags/example_time_delta_sensor_async.py
[2024-04-16T21:16:15.870+0700] {logging_mixin.py:188} INFO - [2024-04-16T21:16:15.870+0700] {dag.py:3096} INFO - Sync 1 DAGs
[2024-04-16T21:16:15.876+0700] {logging_mixin.py:188} INFO - [2024-04-16T21:16:15.876+0700] {dag.py:3954} INFO - Setting next_dagrun for example_time_delta_sensor_async to None, run_after=None
[2024-04-16T21:16:15.887+0700] {processor.py:183} INFO - Processing /opt/homebrew/Caskroom/miniconda/base/lib/python3.11/site-packages/airflow/example_dags/example_time_delta_sensor_async.py took 0.094 seconds
[2024-04-16T21:17:31.588+0700] {processor.py:161} INFO - Started process (PID=61027) to work on /opt/homebrew/Caskroom/miniconda/base/lib/python3.11/site-packages/airflow/example_dags/example_time_delta_sensor_async.py
[2024-04-16T21:17:31.589+0700] {processor.py:830} INFO - Processing file /opt/homebrew/Caskroom/miniconda/base/lib/python3.11/site-packages/airflow/example_dags/example_time_delta_sensor_async.py for tasks to queue
[2024-04-16T21:17:31.590+0700] {logging_mixin.py:188} INFO - [2024-04-16T21:17:31.590+0700] {dagbag.py:540} INFO - Filling up the DagBag from /opt/homebrew/Caskroom/miniconda/base/lib/python3.11/site-packages/airflow/example_dags/example_time_delta_sensor_async.py
[2024-04-16T21:17:31.595+0700] {processor.py:840} INFO - DAG(s) 'example_time_delta_sensor_async' retrieved from /opt/homebrew/Caskroom/miniconda/base/lib/python3.11/site-packages/airflow/example_dags/example_time_delta_sensor_async.py
[2024-04-16T21:17:31.664+0700] {logging_mixin.py:188} INFO - [2024-04-16T21:17:31.664+0700] {dag.py:3096} INFO - Sync 1 DAGs
[2024-04-16T21:17:31.670+0700] {logging_mixin.py:188} INFO - [2024-04-16T21:17:31.670+0700] {dag.py:3954} INFO - Setting next_dagrun for example_time_delta_sensor_async to None, run_after=None
[2024-04-16T21:17:31.682+0700] {processor.py:183} INFO - Processing /opt/homebrew/Caskroom/miniconda/base/lib/python3.11/site-packages/airflow/example_dags/example_time_delta_sensor_async.py took 0.095 seconds
[2024-04-16T21:18:48.064+0700] {processor.py:161} INFO - Started process (PID=61384) to work on /opt/homebrew/Caskroom/miniconda/base/lib/python3.11/site-packages/airflow/example_dags/example_time_delta_sensor_async.py
[2024-04-16T21:18:48.065+0700] {processor.py:830} INFO - Processing file /opt/homebrew/Caskroom/miniconda/base/lib/python3.11/site-packages/airflow/example_dags/example_time_delta_sensor_async.py for tasks to queue
[2024-04-16T21:18:48.065+0700] {logging_mixin.py:188} INFO - [2024-04-16T21:18:48.065+0700] {dagbag.py:540} INFO - Filling up the DagBag from /opt/homebrew/Caskroom/miniconda/base/lib/python3.11/site-packages/airflow/example_dags/example_time_delta_sensor_async.py
[2024-04-16T21:18:48.072+0700] {processor.py:840} INFO - DAG(s) 'example_time_delta_sensor_async' retrieved from /opt/homebrew/Caskroom/miniconda/base/lib/python3.11/site-packages/airflow/example_dags/example_time_delta_sensor_async.py
[2024-04-16T21:18:48.148+0700] {logging_mixin.py:188} INFO - [2024-04-16T21:18:48.148+0700] {dag.py:3096} INFO - Sync 1 DAGs
[2024-04-16T21:18:48.156+0700] {logging_mixin.py:188} INFO - [2024-04-16T21:18:48.155+0700] {dag.py:3954} INFO - Setting next_dagrun for example_time_delta_sensor_async to None, run_after=None
[2024-04-16T21:18:48.167+0700] {processor.py:183} INFO - Processing /opt/homebrew/Caskroom/miniconda/base/lib/python3.11/site-packages/airflow/example_dags/example_time_delta_sensor_async.py took 0.105 seconds
[2024-04-16T21:20:04.323+0700] {processor.py:161} INFO - Started process (PID=61741) to work on /opt/homebrew/Caskroom/miniconda/base/lib/python3.11/site-packages/airflow/example_dags/example_time_delta_sensor_async.py
[2024-04-16T21:20:04.324+0700] {processor.py:830} INFO - Processing file /opt/homebrew/Caskroom/miniconda/base/lib/python3.11/site-packages/airflow/example_dags/example_time_delta_sensor_async.py for tasks to queue
[2024-04-16T21:20:04.325+0700] {logging_mixin.py:188} INFO - [2024-04-16T21:20:04.325+0700] {dagbag.py:540} INFO - Filling up the DagBag from /opt/homebrew/Caskroom/miniconda/base/lib/python3.11/site-packages/airflow/example_dags/example_time_delta_sensor_async.py
[2024-04-16T21:20:04.330+0700] {processor.py:840} INFO - DAG(s) 'example_time_delta_sensor_async' retrieved from /opt/homebrew/Caskroom/miniconda/base/lib/python3.11/site-packages/airflow/example_dags/example_time_delta_sensor_async.py
[2024-04-16T21:20:04.400+0700] {logging_mixin.py:188} INFO - [2024-04-16T21:20:04.400+0700] {dag.py:3096} INFO - Sync 1 DAGs
[2024-04-16T21:20:04.406+0700] {logging_mixin.py:188} INFO - [2024-04-16T21:20:04.406+0700] {dag.py:3954} INFO - Setting next_dagrun for example_time_delta_sensor_async to None, run_after=None
[2024-04-16T21:20:04.418+0700] {processor.py:183} INFO - Processing /opt/homebrew/Caskroom/miniconda/base/lib/python3.11/site-packages/airflow/example_dags/example_time_delta_sensor_async.py took 0.096 seconds
[2024-04-16T21:21:21.370+0700] {processor.py:161} INFO - Started process (PID=62089) to work on /opt/homebrew/Caskroom/miniconda/base/lib/python3.11/site-packages/airflow/example_dags/example_time_delta_sensor_async.py
[2024-04-16T21:21:21.371+0700] {processor.py:830} INFO - Processing file /opt/homebrew/Caskroom/miniconda/base/lib/python3.11/site-packages/airflow/example_dags/example_time_delta_sensor_async.py for tasks to queue
[2024-04-16T21:21:21.371+0700] {logging_mixin.py:188} INFO - [2024-04-16T21:21:21.371+0700] {dagbag.py:540} INFO - Filling up the DagBag from /opt/homebrew/Caskroom/miniconda/base/lib/python3.11/site-packages/airflow/example_dags/example_time_delta_sensor_async.py
[2024-04-16T21:21:21.376+0700] {processor.py:840} INFO - DAG(s) 'example_time_delta_sensor_async' retrieved from /opt/homebrew/Caskroom/miniconda/base/lib/python3.11/site-packages/airflow/example_dags/example_time_delta_sensor_async.py
[2024-04-16T21:21:21.446+0700] {logging_mixin.py:188} INFO - [2024-04-16T21:21:21.446+0700] {dag.py:3096} INFO - Sync 1 DAGs
[2024-04-16T21:21:21.452+0700] {logging_mixin.py:188} INFO - [2024-04-16T21:21:21.452+0700] {dag.py:3954} INFO - Setting next_dagrun for example_time_delta_sensor_async to None, run_after=None
[2024-04-16T21:21:21.462+0700] {processor.py:183} INFO - Processing /opt/homebrew/Caskroom/miniconda/base/lib/python3.11/site-packages/airflow/example_dags/example_time_delta_sensor_async.py took 0.094 seconds
[2024-04-16T21:22:53.006+0700] {processor.py:161} INFO - Started process (PID=62818) to work on /opt/homebrew/Caskroom/miniconda/base/lib/python3.11/site-packages/airflow/example_dags/example_time_delta_sensor_async.py
[2024-04-16T21:22:53.007+0700] {processor.py:830} INFO - Processing file /opt/homebrew/Caskroom/miniconda/base/lib/python3.11/site-packages/airflow/example_dags/example_time_delta_sensor_async.py for tasks to queue
[2024-04-16T21:22:53.007+0700] {logging_mixin.py:188} INFO - [2024-04-16T21:22:53.007+0700] {dagbag.py:540} INFO - Filling up the DagBag from /opt/homebrew/Caskroom/miniconda/base/lib/python3.11/site-packages/airflow/example_dags/example_time_delta_sensor_async.py
[2024-04-16T21:22:53.014+0700] {processor.py:840} INFO - DAG(s) 'example_time_delta_sensor_async' retrieved from /opt/homebrew/Caskroom/miniconda/base/lib/python3.11/site-packages/airflow/example_dags/example_time_delta_sensor_async.py
[2024-04-16T21:22:53.102+0700] {logging_mixin.py:188} INFO - [2024-04-16T21:22:53.102+0700] {dag.py:3096} INFO - Sync 1 DAGs
[2024-04-16T21:22:53.110+0700] {logging_mixin.py:188} INFO - [2024-04-16T21:22:53.110+0700] {dag.py:3954} INFO - Setting next_dagrun for example_time_delta_sensor_async to None, run_after=None
[2024-04-16T21:22:53.124+0700] {processor.py:183} INFO - Processing /opt/homebrew/Caskroom/miniconda/base/lib/python3.11/site-packages/airflow/example_dags/example_time_delta_sensor_async.py took 0.120 seconds
[2024-04-16T21:24:27.034+0700] {processor.py:161} INFO - Started process (PID=63643) to work on /opt/homebrew/Caskroom/miniconda/base/lib/python3.11/site-packages/airflow/example_dags/example_time_delta_sensor_async.py
[2024-04-16T21:24:27.035+0700] {processor.py:830} INFO - Processing file /opt/homebrew/Caskroom/miniconda/base/lib/python3.11/site-packages/airflow/example_dags/example_time_delta_sensor_async.py for tasks to queue
[2024-04-16T21:24:27.036+0700] {logging_mixin.py:188} INFO - [2024-04-16T21:24:27.035+0700] {dagbag.py:540} INFO - Filling up the DagBag from /opt/homebrew/Caskroom/miniconda/base/lib/python3.11/site-packages/airflow/example_dags/example_time_delta_sensor_async.py
[2024-04-16T21:24:27.045+0700] {processor.py:840} INFO - DAG(s) 'example_time_delta_sensor_async' retrieved from /opt/homebrew/Caskroom/miniconda/base/lib/python3.11/site-packages/airflow/example_dags/example_time_delta_sensor_async.py
[2024-04-16T21:24:27.184+0700] {logging_mixin.py:188} INFO - [2024-04-16T21:24:27.183+0700] {dag.py:3096} INFO - Sync 1 DAGs
[2024-04-16T21:24:27.196+0700] {logging_mixin.py:188} INFO - [2024-04-16T21:24:27.196+0700] {dag.py:3954} INFO - Setting next_dagrun for example_time_delta_sensor_async to None, run_after=None
[2024-04-16T21:24:27.220+0700] {processor.py:183} INFO - Processing /opt/homebrew/Caskroom/miniconda/base/lib/python3.11/site-packages/airflow/example_dags/example_time_delta_sensor_async.py took 0.192 seconds
[2024-04-16T21:25:53.970+0700] {processor.py:161} INFO - Started process (PID=64077) to work on /opt/homebrew/Caskroom/miniconda/base/lib/python3.11/site-packages/airflow/example_dags/example_time_delta_sensor_async.py
[2024-04-16T21:25:53.971+0700] {processor.py:830} INFO - Processing file /opt/homebrew/Caskroom/miniconda/base/lib/python3.11/site-packages/airflow/example_dags/example_time_delta_sensor_async.py for tasks to queue
[2024-04-16T21:25:53.972+0700] {logging_mixin.py:188} INFO - [2024-04-16T21:25:53.972+0700] {dagbag.py:540} INFO - Filling up the DagBag from /opt/homebrew/Caskroom/miniconda/base/lib/python3.11/site-packages/airflow/example_dags/example_time_delta_sensor_async.py
[2024-04-16T21:25:53.980+0700] {processor.py:840} INFO - DAG(s) 'example_time_delta_sensor_async' retrieved from /opt/homebrew/Caskroom/miniconda/base/lib/python3.11/site-packages/airflow/example_dags/example_time_delta_sensor_async.py
[2024-04-16T21:25:54.080+0700] {logging_mixin.py:188} INFO - [2024-04-16T21:25:54.080+0700] {dag.py:3096} INFO - Sync 1 DAGs
[2024-04-16T21:25:54.089+0700] {logging_mixin.py:188} INFO - [2024-04-16T21:25:54.089+0700] {dag.py:3954} INFO - Setting next_dagrun for example_time_delta_sensor_async to None, run_after=None
[2024-04-16T21:25:54.106+0700] {processor.py:183} INFO - Processing /opt/homebrew/Caskroom/miniconda/base/lib/python3.11/site-packages/airflow/example_dags/example_time_delta_sensor_async.py took 0.138 seconds
[2024-04-16T21:27:25.448+0700] {processor.py:161} INFO - Started process (PID=64501) to work on /opt/homebrew/Caskroom/miniconda/base/lib/python3.11/site-packages/airflow/example_dags/example_time_delta_sensor_async.py
[2024-04-16T21:27:25.453+0700] {processor.py:830} INFO - Processing file /opt/homebrew/Caskroom/miniconda/base/lib/python3.11/site-packages/airflow/example_dags/example_time_delta_sensor_async.py for tasks to queue
[2024-04-16T21:27:25.454+0700] {logging_mixin.py:188} INFO - [2024-04-16T21:27:25.454+0700] {dagbag.py:540} INFO - Filling up the DagBag from /opt/homebrew/Caskroom/miniconda/base/lib/python3.11/site-packages/airflow/example_dags/example_time_delta_sensor_async.py
[2024-04-16T21:27:25.468+0700] {processor.py:840} INFO - DAG(s) 'example_time_delta_sensor_async' retrieved from /opt/homebrew/Caskroom/miniconda/base/lib/python3.11/site-packages/airflow/example_dags/example_time_delta_sensor_async.py
[2024-04-16T21:27:25.542+0700] {logging_mixin.py:188} INFO - [2024-04-16T21:27:25.541+0700] {dag.py:3096} INFO - Sync 1 DAGs
[2024-04-16T21:27:25.549+0700] {logging_mixin.py:188} INFO - [2024-04-16T21:27:25.549+0700] {dag.py:3954} INFO - Setting next_dagrun for example_time_delta_sensor_async to None, run_after=None
[2024-04-16T21:27:25.570+0700] {processor.py:183} INFO - Processing /opt/homebrew/Caskroom/miniconda/base/lib/python3.11/site-packages/airflow/example_dags/example_time_delta_sensor_async.py took 0.124 seconds
[2024-04-16T21:28:47.422+0700] {processor.py:161} INFO - Started process (PID=64918) to work on /opt/homebrew/Caskroom/miniconda/base/lib/python3.11/site-packages/airflow/example_dags/example_time_delta_sensor_async.py
[2024-04-16T21:28:47.423+0700] {processor.py:830} INFO - Processing file /opt/homebrew/Caskroom/miniconda/base/lib/python3.11/site-packages/airflow/example_dags/example_time_delta_sensor_async.py for tasks to queue
[2024-04-16T21:28:47.423+0700] {logging_mixin.py:188} INFO - [2024-04-16T21:28:47.423+0700] {dagbag.py:540} INFO - Filling up the DagBag from /opt/homebrew/Caskroom/miniconda/base/lib/python3.11/site-packages/airflow/example_dags/example_time_delta_sensor_async.py
[2024-04-16T21:28:47.431+0700] {processor.py:840} INFO - DAG(s) 'example_time_delta_sensor_async' retrieved from /opt/homebrew/Caskroom/miniconda/base/lib/python3.11/site-packages/airflow/example_dags/example_time_delta_sensor_async.py
[2024-04-16T21:28:47.594+0700] {logging_mixin.py:188} INFO - [2024-04-16T21:28:47.594+0700] {dag.py:3096} INFO - Sync 1 DAGs
[2024-04-16T21:28:47.602+0700] {logging_mixin.py:188} INFO - [2024-04-16T21:28:47.601+0700] {dag.py:3954} INFO - Setting next_dagrun for example_time_delta_sensor_async to None, run_after=None
[2024-04-16T21:28:47.622+0700] {processor.py:183} INFO - Processing /opt/homebrew/Caskroom/miniconda/base/lib/python3.11/site-packages/airflow/example_dags/example_time_delta_sensor_async.py took 0.201 seconds
[2024-04-16T21:30:10.518+0700] {processor.py:161} INFO - Started process (PID=65304) to work on /opt/homebrew/Caskroom/miniconda/base/lib/python3.11/site-packages/airflow/example_dags/example_time_delta_sensor_async.py
[2024-04-16T21:30:10.519+0700] {processor.py:830} INFO - Processing file /opt/homebrew/Caskroom/miniconda/base/lib/python3.11/site-packages/airflow/example_dags/example_time_delta_sensor_async.py for tasks to queue
[2024-04-16T21:30:10.520+0700] {logging_mixin.py:188} INFO - [2024-04-16T21:30:10.520+0700] {dagbag.py:540} INFO - Filling up the DagBag from /opt/homebrew/Caskroom/miniconda/base/lib/python3.11/site-packages/airflow/example_dags/example_time_delta_sensor_async.py
[2024-04-16T21:30:10.541+0700] {processor.py:840} INFO - DAG(s) 'example_time_delta_sensor_async' retrieved from /opt/homebrew/Caskroom/miniconda/base/lib/python3.11/site-packages/airflow/example_dags/example_time_delta_sensor_async.py
[2024-04-16T21:30:10.928+0700] {logging_mixin.py:188} INFO - [2024-04-16T21:30:10.928+0700] {dag.py:3096} INFO - Sync 1 DAGs
[2024-04-16T21:30:10.940+0700] {logging_mixin.py:188} INFO - [2024-04-16T21:30:10.940+0700] {dag.py:3954} INFO - Setting next_dagrun for example_time_delta_sensor_async to None, run_after=None
[2024-04-16T21:30:10.963+0700] {processor.py:183} INFO - Processing /opt/homebrew/Caskroom/miniconda/base/lib/python3.11/site-packages/airflow/example_dags/example_time_delta_sensor_async.py took 0.449 seconds
[2024-04-16T21:31:36.703+0700] {processor.py:161} INFO - Started process (PID=65696) to work on /opt/homebrew/Caskroom/miniconda/base/lib/python3.11/site-packages/airflow/example_dags/example_time_delta_sensor_async.py
[2024-04-16T21:31:36.705+0700] {processor.py:830} INFO - Processing file /opt/homebrew/Caskroom/miniconda/base/lib/python3.11/site-packages/airflow/example_dags/example_time_delta_sensor_async.py for tasks to queue
[2024-04-16T21:31:36.705+0700] {logging_mixin.py:188} INFO - [2024-04-16T21:31:36.705+0700] {dagbag.py:540} INFO - Filling up the DagBag from /opt/homebrew/Caskroom/miniconda/base/lib/python3.11/site-packages/airflow/example_dags/example_time_delta_sensor_async.py
[2024-04-16T21:31:36.711+0700] {processor.py:840} INFO - DAG(s) 'example_time_delta_sensor_async' retrieved from /opt/homebrew/Caskroom/miniconda/base/lib/python3.11/site-packages/airflow/example_dags/example_time_delta_sensor_async.py
[2024-04-16T21:31:36.787+0700] {logging_mixin.py:188} INFO - [2024-04-16T21:31:36.787+0700] {dag.py:3096} INFO - Sync 1 DAGs
[2024-04-16T21:31:36.795+0700] {logging_mixin.py:188} INFO - [2024-04-16T21:31:36.795+0700] {dag.py:3954} INFO - Setting next_dagrun for example_time_delta_sensor_async to None, run_after=None
[2024-04-16T21:31:36.807+0700] {processor.py:183} INFO - Processing /opt/homebrew/Caskroom/miniconda/base/lib/python3.11/site-packages/airflow/example_dags/example_time_delta_sensor_async.py took 0.113 seconds
[2024-04-16T21:32:52.541+0700] {processor.py:161} INFO - Started process (PID=66035) to work on /opt/homebrew/Caskroom/miniconda/base/lib/python3.11/site-packages/airflow/example_dags/example_time_delta_sensor_async.py
[2024-04-16T21:32:52.542+0700] {processor.py:830} INFO - Processing file /opt/homebrew/Caskroom/miniconda/base/lib/python3.11/site-packages/airflow/example_dags/example_time_delta_sensor_async.py for tasks to queue
[2024-04-16T21:32:52.542+0700] {logging_mixin.py:188} INFO - [2024-04-16T21:32:52.542+0700] {dagbag.py:540} INFO - Filling up the DagBag from /opt/homebrew/Caskroom/miniconda/base/lib/python3.11/site-packages/airflow/example_dags/example_time_delta_sensor_async.py
[2024-04-16T21:32:52.548+0700] {processor.py:840} INFO - DAG(s) 'example_time_delta_sensor_async' retrieved from /opt/homebrew/Caskroom/miniconda/base/lib/python3.11/site-packages/airflow/example_dags/example_time_delta_sensor_async.py
[2024-04-16T21:32:52.619+0700] {logging_mixin.py:188} INFO - [2024-04-16T21:32:52.618+0700] {dag.py:3096} INFO - Sync 1 DAGs
[2024-04-16T21:32:52.625+0700] {logging_mixin.py:188} INFO - [2024-04-16T21:32:52.624+0700] {dag.py:3954} INFO - Setting next_dagrun for example_time_delta_sensor_async to None, run_after=None
[2024-04-16T21:32:52.636+0700] {processor.py:183} INFO - Processing /opt/homebrew/Caskroom/miniconda/base/lib/python3.11/site-packages/airflow/example_dags/example_time_delta_sensor_async.py took 0.097 seconds
[2024-04-16T21:34:18.869+0700] {processor.py:161} INFO - Started process (PID=66454) to work on /opt/homebrew/Caskroom/miniconda/base/lib/python3.11/site-packages/airflow/example_dags/example_time_delta_sensor_async.py
[2024-04-16T21:34:18.871+0700] {processor.py:830} INFO - Processing file /opt/homebrew/Caskroom/miniconda/base/lib/python3.11/site-packages/airflow/example_dags/example_time_delta_sensor_async.py for tasks to queue
[2024-04-16T21:34:18.871+0700] {logging_mixin.py:188} INFO - [2024-04-16T21:34:18.871+0700] {dagbag.py:540} INFO - Filling up the DagBag from /opt/homebrew/Caskroom/miniconda/base/lib/python3.11/site-packages/airflow/example_dags/example_time_delta_sensor_async.py
[2024-04-16T21:34:18.878+0700] {processor.py:840} INFO - DAG(s) 'example_time_delta_sensor_async' retrieved from /opt/homebrew/Caskroom/miniconda/base/lib/python3.11/site-packages/airflow/example_dags/example_time_delta_sensor_async.py
[2024-04-16T21:34:18.949+0700] {logging_mixin.py:188} INFO - [2024-04-16T21:34:18.949+0700] {dag.py:3096} INFO - Sync 1 DAGs
[2024-04-16T21:34:18.955+0700] {logging_mixin.py:188} INFO - [2024-04-16T21:34:18.955+0700] {dag.py:3954} INFO - Setting next_dagrun for example_time_delta_sensor_async to None, run_after=None
[2024-04-16T21:34:18.968+0700] {processor.py:183} INFO - Processing /opt/homebrew/Caskroom/miniconda/base/lib/python3.11/site-packages/airflow/example_dags/example_time_delta_sensor_async.py took 0.106 seconds
[2024-04-16T21:35:39.060+0700] {processor.py:161} INFO - Started process (PID=66834) to work on /opt/homebrew/Caskroom/miniconda/base/lib/python3.11/site-packages/airflow/example_dags/example_time_delta_sensor_async.py
[2024-04-16T21:35:39.062+0700] {processor.py:830} INFO - Processing file /opt/homebrew/Caskroom/miniconda/base/lib/python3.11/site-packages/airflow/example_dags/example_time_delta_sensor_async.py for tasks to queue
[2024-04-16T21:35:39.062+0700] {logging_mixin.py:188} INFO - [2024-04-16T21:35:39.062+0700] {dagbag.py:540} INFO - Filling up the DagBag from /opt/homebrew/Caskroom/miniconda/base/lib/python3.11/site-packages/airflow/example_dags/example_time_delta_sensor_async.py
[2024-04-16T21:35:39.071+0700] {processor.py:840} INFO - DAG(s) 'example_time_delta_sensor_async' retrieved from /opt/homebrew/Caskroom/miniconda/base/lib/python3.11/site-packages/airflow/example_dags/example_time_delta_sensor_async.py
[2024-04-16T21:35:39.153+0700] {logging_mixin.py:188} INFO - [2024-04-16T21:35:39.152+0700] {dag.py:3096} INFO - Sync 1 DAGs
[2024-04-16T21:35:39.160+0700] {logging_mixin.py:188} INFO - [2024-04-16T21:35:39.160+0700] {dag.py:3954} INFO - Setting next_dagrun for example_time_delta_sensor_async to None, run_after=None
[2024-04-16T21:35:39.180+0700] {processor.py:183} INFO - Processing /opt/homebrew/Caskroom/miniconda/base/lib/python3.11/site-packages/airflow/example_dags/example_time_delta_sensor_async.py took 0.122 seconds
[2024-04-16T21:36:58.517+0700] {processor.py:161} INFO - Started process (PID=67239) to work on /opt/homebrew/Caskroom/miniconda/base/lib/python3.11/site-packages/airflow/example_dags/example_time_delta_sensor_async.py
[2024-04-16T21:36:58.517+0700] {processor.py:830} INFO - Processing file /opt/homebrew/Caskroom/miniconda/base/lib/python3.11/site-packages/airflow/example_dags/example_time_delta_sensor_async.py for tasks to queue
[2024-04-16T21:36:58.518+0700] {logging_mixin.py:188} INFO - [2024-04-16T21:36:58.518+0700] {dagbag.py:540} INFO - Filling up the DagBag from /opt/homebrew/Caskroom/miniconda/base/lib/python3.11/site-packages/airflow/example_dags/example_time_delta_sensor_async.py
[2024-04-16T21:36:58.523+0700] {processor.py:840} INFO - DAG(s) 'example_time_delta_sensor_async' retrieved from /opt/homebrew/Caskroom/miniconda/base/lib/python3.11/site-packages/airflow/example_dags/example_time_delta_sensor_async.py
[2024-04-16T21:36:58.603+0700] {logging_mixin.py:188} INFO - [2024-04-16T21:36:58.603+0700] {dag.py:3096} INFO - Sync 1 DAGs
[2024-04-16T21:36:58.609+0700] {logging_mixin.py:188} INFO - [2024-04-16T21:36:58.609+0700] {dag.py:3954} INFO - Setting next_dagrun for example_time_delta_sensor_async to None, run_after=None
[2024-04-16T21:36:58.622+0700] {processor.py:183} INFO - Processing /opt/homebrew/Caskroom/miniconda/base/lib/python3.11/site-packages/airflow/example_dags/example_time_delta_sensor_async.py took 0.107 seconds
[2024-04-16T21:38:19.449+0700] {processor.py:161} INFO - Started process (PID=67763) to work on /opt/homebrew/Caskroom/miniconda/base/lib/python3.11/site-packages/airflow/example_dags/example_time_delta_sensor_async.py
[2024-04-16T21:38:19.450+0700] {processor.py:830} INFO - Processing file /opt/homebrew/Caskroom/miniconda/base/lib/python3.11/site-packages/airflow/example_dags/example_time_delta_sensor_async.py for tasks to queue
[2024-04-16T21:38:19.450+0700] {logging_mixin.py:188} INFO - [2024-04-16T21:38:19.450+0700] {dagbag.py:540} INFO - Filling up the DagBag from /opt/homebrew/Caskroom/miniconda/base/lib/python3.11/site-packages/airflow/example_dags/example_time_delta_sensor_async.py
[2024-04-16T21:38:19.458+0700] {processor.py:840} INFO - DAG(s) 'example_time_delta_sensor_async' retrieved from /opt/homebrew/Caskroom/miniconda/base/lib/python3.11/site-packages/airflow/example_dags/example_time_delta_sensor_async.py
[2024-04-16T21:38:19.545+0700] {logging_mixin.py:188} INFO - [2024-04-16T21:38:19.545+0700] {dag.py:3096} INFO - Sync 1 DAGs
[2024-04-16T21:38:19.553+0700] {logging_mixin.py:188} INFO - [2024-04-16T21:38:19.553+0700] {dag.py:3954} INFO - Setting next_dagrun for example_time_delta_sensor_async to None, run_after=None
[2024-04-16T21:38:19.565+0700] {processor.py:183} INFO - Processing /opt/homebrew/Caskroom/miniconda/base/lib/python3.11/site-packages/airflow/example_dags/example_time_delta_sensor_async.py took 0.119 seconds
[2024-04-16T21:39:49.132+0700] {processor.py:161} INFO - Started process (PID=68179) to work on /opt/homebrew/Caskroom/miniconda/base/lib/python3.11/site-packages/airflow/example_dags/example_time_delta_sensor_async.py
[2024-04-16T21:39:49.132+0700] {processor.py:830} INFO - Processing file /opt/homebrew/Caskroom/miniconda/base/lib/python3.11/site-packages/airflow/example_dags/example_time_delta_sensor_async.py for tasks to queue
[2024-04-16T21:39:49.133+0700] {logging_mixin.py:188} INFO - [2024-04-16T21:39:49.133+0700] {dagbag.py:540} INFO - Filling up the DagBag from /opt/homebrew/Caskroom/miniconda/base/lib/python3.11/site-packages/airflow/example_dags/example_time_delta_sensor_async.py
[2024-04-16T21:39:49.138+0700] {processor.py:840} INFO - DAG(s) 'example_time_delta_sensor_async' retrieved from /opt/homebrew/Caskroom/miniconda/base/lib/python3.11/site-packages/airflow/example_dags/example_time_delta_sensor_async.py
[2024-04-16T21:39:49.208+0700] {logging_mixin.py:188} INFO - [2024-04-16T21:39:49.207+0700] {dag.py:3096} INFO - Sync 1 DAGs
[2024-04-16T21:39:49.214+0700] {logging_mixin.py:188} INFO - [2024-04-16T21:39:49.213+0700] {dag.py:3954} INFO - Setting next_dagrun for example_time_delta_sensor_async to None, run_after=None
[2024-04-16T21:39:49.225+0700] {processor.py:183} INFO - Processing /opt/homebrew/Caskroom/miniconda/base/lib/python3.11/site-packages/airflow/example_dags/example_time_delta_sensor_async.py took 0.095 seconds
[2024-04-16T21:41:26.127+0700] {processor.py:161} INFO - Started process (PID=68637) to work on /opt/homebrew/Caskroom/miniconda/base/lib/python3.11/site-packages/airflow/example_dags/example_time_delta_sensor_async.py
[2024-04-16T21:41:26.131+0700] {processor.py:830} INFO - Processing file /opt/homebrew/Caskroom/miniconda/base/lib/python3.11/site-packages/airflow/example_dags/example_time_delta_sensor_async.py for tasks to queue
[2024-04-16T21:41:26.131+0700] {logging_mixin.py:188} INFO - [2024-04-16T21:41:26.131+0700] {dagbag.py:540} INFO - Filling up the DagBag from /opt/homebrew/Caskroom/miniconda/base/lib/python3.11/site-packages/airflow/example_dags/example_time_delta_sensor_async.py
[2024-04-16T21:41:26.138+0700] {processor.py:840} INFO - DAG(s) 'example_time_delta_sensor_async' retrieved from /opt/homebrew/Caskroom/miniconda/base/lib/python3.11/site-packages/airflow/example_dags/example_time_delta_sensor_async.py
[2024-04-16T21:41:26.216+0700] {logging_mixin.py:188} INFO - [2024-04-16T21:41:26.216+0700] {dag.py:3096} INFO - Sync 1 DAGs
[2024-04-16T21:41:26.223+0700] {logging_mixin.py:188} INFO - [2024-04-16T21:41:26.223+0700] {dag.py:3954} INFO - Setting next_dagrun for example_time_delta_sensor_async to None, run_after=None
[2024-04-16T21:41:26.236+0700] {processor.py:183} INFO - Processing /opt/homebrew/Caskroom/miniconda/base/lib/python3.11/site-packages/airflow/example_dags/example_time_delta_sensor_async.py took 0.112 seconds
[2024-04-16T21:43:14.947+0700] {processor.py:161} INFO - Started process (PID=69137) to work on /opt/homebrew/Caskroom/miniconda/base/lib/python3.11/site-packages/airflow/example_dags/example_time_delta_sensor_async.py
[2024-04-16T21:43:14.948+0700] {processor.py:830} INFO - Processing file /opt/homebrew/Caskroom/miniconda/base/lib/python3.11/site-packages/airflow/example_dags/example_time_delta_sensor_async.py for tasks to queue
[2024-04-16T21:43:14.948+0700] {logging_mixin.py:188} INFO - [2024-04-16T21:43:14.948+0700] {dagbag.py:540} INFO - Filling up the DagBag from /opt/homebrew/Caskroom/miniconda/base/lib/python3.11/site-packages/airflow/example_dags/example_time_delta_sensor_async.py
[2024-04-16T21:43:14.954+0700] {processor.py:840} INFO - DAG(s) 'example_time_delta_sensor_async' retrieved from /opt/homebrew/Caskroom/miniconda/base/lib/python3.11/site-packages/airflow/example_dags/example_time_delta_sensor_async.py
[2024-04-16T21:43:15.048+0700] {logging_mixin.py:188} INFO - [2024-04-16T21:43:15.048+0700] {dag.py:3096} INFO - Sync 1 DAGs
[2024-04-16T21:43:15.055+0700] {logging_mixin.py:188} INFO - [2024-04-16T21:43:15.055+0700] {dag.py:3954} INFO - Setting next_dagrun for example_time_delta_sensor_async to None, run_after=None
[2024-04-16T21:43:15.070+0700] {processor.py:183} INFO - Processing /opt/homebrew/Caskroom/miniconda/base/lib/python3.11/site-packages/airflow/example_dags/example_time_delta_sensor_async.py took 0.126 seconds
[2024-04-16T21:44:51.024+0700] {processor.py:161} INFO - Started process (PID=69568) to work on /opt/homebrew/Caskroom/miniconda/base/lib/python3.11/site-packages/airflow/example_dags/example_time_delta_sensor_async.py
[2024-04-16T21:44:51.025+0700] {processor.py:830} INFO - Processing file /opt/homebrew/Caskroom/miniconda/base/lib/python3.11/site-packages/airflow/example_dags/example_time_delta_sensor_async.py for tasks to queue
[2024-04-16T21:44:51.026+0700] {logging_mixin.py:188} INFO - [2024-04-16T21:44:51.026+0700] {dagbag.py:540} INFO - Filling up the DagBag from /opt/homebrew/Caskroom/miniconda/base/lib/python3.11/site-packages/airflow/example_dags/example_time_delta_sensor_async.py
[2024-04-16T21:44:51.033+0700] {processor.py:840} INFO - DAG(s) 'example_time_delta_sensor_async' retrieved from /opt/homebrew/Caskroom/miniconda/base/lib/python3.11/site-packages/airflow/example_dags/example_time_delta_sensor_async.py
[2024-04-16T21:44:51.152+0700] {logging_mixin.py:188} INFO - [2024-04-16T21:44:51.152+0700] {dag.py:3096} INFO - Sync 1 DAGs
[2024-04-16T21:44:51.161+0700] {logging_mixin.py:188} INFO - [2024-04-16T21:44:51.160+0700] {dag.py:3954} INFO - Setting next_dagrun for example_time_delta_sensor_async to None, run_after=None
[2024-04-16T21:44:51.176+0700] {processor.py:183} INFO - Processing /opt/homebrew/Caskroom/miniconda/base/lib/python3.11/site-packages/airflow/example_dags/example_time_delta_sensor_async.py took 0.155 seconds
[2024-04-16T21:46:14.481+0700] {processor.py:161} INFO - Started process (PID=69945) to work on /opt/homebrew/Caskroom/miniconda/base/lib/python3.11/site-packages/airflow/example_dags/example_time_delta_sensor_async.py
[2024-04-16T21:46:14.482+0700] {processor.py:830} INFO - Processing file /opt/homebrew/Caskroom/miniconda/base/lib/python3.11/site-packages/airflow/example_dags/example_time_delta_sensor_async.py for tasks to queue
[2024-04-16T21:46:14.482+0700] {logging_mixin.py:188} INFO - [2024-04-16T21:46:14.482+0700] {dagbag.py:540} INFO - Filling up the DagBag from /opt/homebrew/Caskroom/miniconda/base/lib/python3.11/site-packages/airflow/example_dags/example_time_delta_sensor_async.py
[2024-04-16T21:46:14.487+0700] {processor.py:840} INFO - DAG(s) 'example_time_delta_sensor_async' retrieved from /opt/homebrew/Caskroom/miniconda/base/lib/python3.11/site-packages/airflow/example_dags/example_time_delta_sensor_async.py
[2024-04-16T21:46:14.556+0700] {logging_mixin.py:188} INFO - [2024-04-16T21:46:14.555+0700] {dag.py:3096} INFO - Sync 1 DAGs
[2024-04-16T21:46:14.562+0700] {logging_mixin.py:188} INFO - [2024-04-16T21:46:14.562+0700] {dag.py:3954} INFO - Setting next_dagrun for example_time_delta_sensor_async to None, run_after=None
[2024-04-16T21:46:14.575+0700] {processor.py:183} INFO - Processing /opt/homebrew/Caskroom/miniconda/base/lib/python3.11/site-packages/airflow/example_dags/example_time_delta_sensor_async.py took 0.096 seconds
[2024-04-16T21:48:18.169+0700] {processor.py:161} INFO - Started process (PID=70492) to work on /opt/homebrew/Caskroom/miniconda/base/lib/python3.11/site-packages/airflow/example_dags/example_time_delta_sensor_async.py
[2024-04-16T21:48:18.170+0700] {processor.py:830} INFO - Processing file /opt/homebrew/Caskroom/miniconda/base/lib/python3.11/site-packages/airflow/example_dags/example_time_delta_sensor_async.py for tasks to queue
[2024-04-16T21:48:18.170+0700] {logging_mixin.py:188} INFO - [2024-04-16T21:48:18.170+0700] {dagbag.py:540} INFO - Filling up the DagBag from /opt/homebrew/Caskroom/miniconda/base/lib/python3.11/site-packages/airflow/example_dags/example_time_delta_sensor_async.py
[2024-04-16T21:48:18.175+0700] {processor.py:840} INFO - DAG(s) 'example_time_delta_sensor_async' retrieved from /opt/homebrew/Caskroom/miniconda/base/lib/python3.11/site-packages/airflow/example_dags/example_time_delta_sensor_async.py
[2024-04-16T21:48:18.245+0700] {logging_mixin.py:188} INFO - [2024-04-16T21:48:18.245+0700] {dag.py:3096} INFO - Sync 1 DAGs
[2024-04-16T21:48:18.252+0700] {logging_mixin.py:188} INFO - [2024-04-16T21:48:18.252+0700] {dag.py:3954} INFO - Setting next_dagrun for example_time_delta_sensor_async to None, run_after=None
[2024-04-16T21:48:18.263+0700] {processor.py:183} INFO - Processing /opt/homebrew/Caskroom/miniconda/base/lib/python3.11/site-packages/airflow/example_dags/example_time_delta_sensor_async.py took 0.096 seconds
[2024-04-16T21:50:16.449+0700] {processor.py:161} INFO - Started process (PID=71085) to work on /opt/homebrew/Caskroom/miniconda/base/lib/python3.11/site-packages/airflow/example_dags/example_time_delta_sensor_async.py
[2024-04-16T21:50:16.450+0700] {processor.py:830} INFO - Processing file /opt/homebrew/Caskroom/miniconda/base/lib/python3.11/site-packages/airflow/example_dags/example_time_delta_sensor_async.py for tasks to queue
[2024-04-16T21:50:16.451+0700] {logging_mixin.py:188} INFO - [2024-04-16T21:50:16.450+0700] {dagbag.py:540} INFO - Filling up the DagBag from /opt/homebrew/Caskroom/miniconda/base/lib/python3.11/site-packages/airflow/example_dags/example_time_delta_sensor_async.py
[2024-04-16T21:50:16.457+0700] {processor.py:840} INFO - DAG(s) 'example_time_delta_sensor_async' retrieved from /opt/homebrew/Caskroom/miniconda/base/lib/python3.11/site-packages/airflow/example_dags/example_time_delta_sensor_async.py
[2024-04-16T21:50:16.539+0700] {logging_mixin.py:188} INFO - [2024-04-16T21:50:16.538+0700] {dag.py:3096} INFO - Sync 1 DAGs
[2024-04-16T21:50:16.545+0700] {logging_mixin.py:188} INFO - [2024-04-16T21:50:16.545+0700] {dag.py:3954} INFO - Setting next_dagrun for example_time_delta_sensor_async to None, run_after=None
[2024-04-16T21:50:16.558+0700] {processor.py:183} INFO - Processing /opt/homebrew/Caskroom/miniconda/base/lib/python3.11/site-packages/airflow/example_dags/example_time_delta_sensor_async.py took 0.111 seconds
[2024-04-16T21:52:34.568+0700] {processor.py:161} INFO - Started process (PID=72002) to work on /opt/homebrew/Caskroom/miniconda/base/lib/python3.11/site-packages/airflow/example_dags/example_time_delta_sensor_async.py
[2024-04-16T21:52:34.569+0700] {processor.py:830} INFO - Processing file /opt/homebrew/Caskroom/miniconda/base/lib/python3.11/site-packages/airflow/example_dags/example_time_delta_sensor_async.py for tasks to queue
[2024-04-16T21:52:34.570+0700] {logging_mixin.py:188} INFO - [2024-04-16T21:52:34.569+0700] {dagbag.py:540} INFO - Filling up the DagBag from /opt/homebrew/Caskroom/miniconda/base/lib/python3.11/site-packages/airflow/example_dags/example_time_delta_sensor_async.py
[2024-04-16T21:52:34.578+0700] {processor.py:840} INFO - DAG(s) 'example_time_delta_sensor_async' retrieved from /opt/homebrew/Caskroom/miniconda/base/lib/python3.11/site-packages/airflow/example_dags/example_time_delta_sensor_async.py
[2024-04-16T21:52:34.673+0700] {logging_mixin.py:188} INFO - [2024-04-16T21:52:34.673+0700] {dag.py:3096} INFO - Sync 1 DAGs
[2024-04-16T21:52:34.681+0700] {logging_mixin.py:188} INFO - [2024-04-16T21:52:34.681+0700] {dag.py:3954} INFO - Setting next_dagrun for example_time_delta_sensor_async to None, run_after=None
[2024-04-16T21:52:34.695+0700] {processor.py:183} INFO - Processing /opt/homebrew/Caskroom/miniconda/base/lib/python3.11/site-packages/airflow/example_dags/example_time_delta_sensor_async.py took 0.136 seconds
[2024-04-16T21:54:44.642+0700] {processor.py:161} INFO - Started process (PID=72695) to work on /opt/homebrew/Caskroom/miniconda/base/lib/python3.11/site-packages/airflow/example_dags/example_time_delta_sensor_async.py
[2024-04-16T21:54:44.642+0700] {processor.py:830} INFO - Processing file /opt/homebrew/Caskroom/miniconda/base/lib/python3.11/site-packages/airflow/example_dags/example_time_delta_sensor_async.py for tasks to queue
[2024-04-16T21:54:44.643+0700] {logging_mixin.py:188} INFO - [2024-04-16T21:54:44.643+0700] {dagbag.py:540} INFO - Filling up the DagBag from /opt/homebrew/Caskroom/miniconda/base/lib/python3.11/site-packages/airflow/example_dags/example_time_delta_sensor_async.py
[2024-04-16T21:54:44.648+0700] {processor.py:840} INFO - DAG(s) 'example_time_delta_sensor_async' retrieved from /opt/homebrew/Caskroom/miniconda/base/lib/python3.11/site-packages/airflow/example_dags/example_time_delta_sensor_async.py
[2024-04-16T21:54:44.719+0700] {logging_mixin.py:188} INFO - [2024-04-16T21:54:44.719+0700] {dag.py:3096} INFO - Sync 1 DAGs
[2024-04-16T21:54:44.725+0700] {logging_mixin.py:188} INFO - [2024-04-16T21:54:44.725+0700] {dag.py:3954} INFO - Setting next_dagrun for example_time_delta_sensor_async to None, run_after=None
[2024-04-16T21:54:44.738+0700] {processor.py:183} INFO - Processing /opt/homebrew/Caskroom/miniconda/base/lib/python3.11/site-packages/airflow/example_dags/example_time_delta_sensor_async.py took 0.099 seconds
[2024-04-16T21:56:23.110+0700] {processor.py:161} INFO - Started process (PID=73147) to work on /opt/homebrew/Caskroom/miniconda/base/lib/python3.11/site-packages/airflow/example_dags/example_time_delta_sensor_async.py
[2024-04-16T21:56:23.111+0700] {processor.py:830} INFO - Processing file /opt/homebrew/Caskroom/miniconda/base/lib/python3.11/site-packages/airflow/example_dags/example_time_delta_sensor_async.py for tasks to queue
[2024-04-16T21:56:23.111+0700] {logging_mixin.py:188} INFO - [2024-04-16T21:56:23.111+0700] {dagbag.py:540} INFO - Filling up the DagBag from /opt/homebrew/Caskroom/miniconda/base/lib/python3.11/site-packages/airflow/example_dags/example_time_delta_sensor_async.py
[2024-04-16T21:56:23.120+0700] {processor.py:840} INFO - DAG(s) 'example_time_delta_sensor_async' retrieved from /opt/homebrew/Caskroom/miniconda/base/lib/python3.11/site-packages/airflow/example_dags/example_time_delta_sensor_async.py
[2024-04-16T21:56:23.214+0700] {logging_mixin.py:188} INFO - [2024-04-16T21:56:23.214+0700] {dag.py:3096} INFO - Sync 1 DAGs
[2024-04-16T21:56:23.222+0700] {logging_mixin.py:188} INFO - [2024-04-16T21:56:23.222+0700] {dag.py:3954} INFO - Setting next_dagrun for example_time_delta_sensor_async to None, run_after=None
[2024-04-16T21:56:23.238+0700] {processor.py:183} INFO - Processing /opt/homebrew/Caskroom/miniconda/base/lib/python3.11/site-packages/airflow/example_dags/example_time_delta_sensor_async.py took 0.131 seconds
[2024-04-16T21:57:51.540+0700] {processor.py:161} INFO - Started process (PID=73633) to work on /opt/homebrew/Caskroom/miniconda/base/lib/python3.11/site-packages/airflow/example_dags/example_time_delta_sensor_async.py
[2024-04-16T21:57:51.542+0700] {processor.py:830} INFO - Processing file /opt/homebrew/Caskroom/miniconda/base/lib/python3.11/site-packages/airflow/example_dags/example_time_delta_sensor_async.py for tasks to queue
[2024-04-16T21:57:51.552+0700] {logging_mixin.py:188} INFO - [2024-04-16T21:57:51.551+0700] {dagbag.py:540} INFO - Filling up the DagBag from /opt/homebrew/Caskroom/miniconda/base/lib/python3.11/site-packages/airflow/example_dags/example_time_delta_sensor_async.py
[2024-04-16T21:57:51.565+0700] {processor.py:840} INFO - DAG(s) 'example_time_delta_sensor_async' retrieved from /opt/homebrew/Caskroom/miniconda/base/lib/python3.11/site-packages/airflow/example_dags/example_time_delta_sensor_async.py
[2024-04-16T21:57:51.669+0700] {logging_mixin.py:188} INFO - [2024-04-16T21:57:51.669+0700] {dag.py:3096} INFO - Sync 1 DAGs
[2024-04-16T21:57:51.679+0700] {logging_mixin.py:188} INFO - [2024-04-16T21:57:51.679+0700] {dag.py:3954} INFO - Setting next_dagrun for example_time_delta_sensor_async to None, run_after=None
[2024-04-16T21:57:51.697+0700] {processor.py:183} INFO - Processing /opt/homebrew/Caskroom/miniconda/base/lib/python3.11/site-packages/airflow/example_dags/example_time_delta_sensor_async.py took 0.167 seconds
[2024-04-16T21:59:21.092+0700] {processor.py:161} INFO - Started process (PID=74406) to work on /opt/homebrew/Caskroom/miniconda/base/lib/python3.11/site-packages/airflow/example_dags/example_time_delta_sensor_async.py
[2024-04-16T21:59:21.094+0700] {processor.py:830} INFO - Processing file /opt/homebrew/Caskroom/miniconda/base/lib/python3.11/site-packages/airflow/example_dags/example_time_delta_sensor_async.py for tasks to queue
[2024-04-16T21:59:21.094+0700] {logging_mixin.py:188} INFO - [2024-04-16T21:59:21.094+0700] {dagbag.py:540} INFO - Filling up the DagBag from /opt/homebrew/Caskroom/miniconda/base/lib/python3.11/site-packages/airflow/example_dags/example_time_delta_sensor_async.py
[2024-04-16T21:59:21.100+0700] {processor.py:840} INFO - DAG(s) 'example_time_delta_sensor_async' retrieved from /opt/homebrew/Caskroom/miniconda/base/lib/python3.11/site-packages/airflow/example_dags/example_time_delta_sensor_async.py
[2024-04-16T21:59:21.172+0700] {logging_mixin.py:188} INFO - [2024-04-16T21:59:21.172+0700] {dag.py:3096} INFO - Sync 1 DAGs
[2024-04-16T21:59:21.178+0700] {logging_mixin.py:188} INFO - [2024-04-16T21:59:21.178+0700] {dag.py:3954} INFO - Setting next_dagrun for example_time_delta_sensor_async to None, run_after=None
[2024-04-16T21:59:21.190+0700] {processor.py:183} INFO - Processing /opt/homebrew/Caskroom/miniconda/base/lib/python3.11/site-packages/airflow/example_dags/example_time_delta_sensor_async.py took 0.100 seconds
[2024-04-16T22:00:45.884+0700] {processor.py:161} INFO - Started process (PID=74859) to work on /opt/homebrew/Caskroom/miniconda/base/lib/python3.11/site-packages/airflow/example_dags/example_time_delta_sensor_async.py
[2024-04-16T22:00:45.886+0700] {processor.py:830} INFO - Processing file /opt/homebrew/Caskroom/miniconda/base/lib/python3.11/site-packages/airflow/example_dags/example_time_delta_sensor_async.py for tasks to queue
[2024-04-16T22:00:45.886+0700] {logging_mixin.py:188} INFO - [2024-04-16T22:00:45.886+0700] {dagbag.py:540} INFO - Filling up the DagBag from /opt/homebrew/Caskroom/miniconda/base/lib/python3.11/site-packages/airflow/example_dags/example_time_delta_sensor_async.py
[2024-04-16T22:00:45.892+0700] {processor.py:840} INFO - DAG(s) 'example_time_delta_sensor_async' retrieved from /opt/homebrew/Caskroom/miniconda/base/lib/python3.11/site-packages/airflow/example_dags/example_time_delta_sensor_async.py
[2024-04-16T22:00:45.965+0700] {logging_mixin.py:188} INFO - [2024-04-16T22:00:45.965+0700] {dag.py:3096} INFO - Sync 1 DAGs
[2024-04-16T22:00:45.971+0700] {logging_mixin.py:188} INFO - [2024-04-16T22:00:45.971+0700] {dag.py:3954} INFO - Setting next_dagrun for example_time_delta_sensor_async to None, run_after=None
[2024-04-16T22:00:45.982+0700] {processor.py:183} INFO - Processing /opt/homebrew/Caskroom/miniconda/base/lib/python3.11/site-packages/airflow/example_dags/example_time_delta_sensor_async.py took 0.100 seconds
[2024-04-16T22:02:10.599+0700] {processor.py:161} INFO - Started process (PID=75343) to work on /opt/homebrew/Caskroom/miniconda/base/lib/python3.11/site-packages/airflow/example_dags/example_time_delta_sensor_async.py
[2024-04-16T22:02:10.600+0700] {processor.py:830} INFO - Processing file /opt/homebrew/Caskroom/miniconda/base/lib/python3.11/site-packages/airflow/example_dags/example_time_delta_sensor_async.py for tasks to queue
[2024-04-16T22:02:10.601+0700] {logging_mixin.py:188} INFO - [2024-04-16T22:02:10.601+0700] {dagbag.py:540} INFO - Filling up the DagBag from /opt/homebrew/Caskroom/miniconda/base/lib/python3.11/site-packages/airflow/example_dags/example_time_delta_sensor_async.py
[2024-04-16T22:02:10.606+0700] {processor.py:840} INFO - DAG(s) 'example_time_delta_sensor_async' retrieved from /opt/homebrew/Caskroom/miniconda/base/lib/python3.11/site-packages/airflow/example_dags/example_time_delta_sensor_async.py
[2024-04-16T22:02:10.682+0700] {logging_mixin.py:188} INFO - [2024-04-16T22:02:10.682+0700] {dag.py:3096} INFO - Sync 1 DAGs
[2024-04-16T22:02:10.688+0700] {logging_mixin.py:188} INFO - [2024-04-16T22:02:10.688+0700] {dag.py:3954} INFO - Setting next_dagrun for example_time_delta_sensor_async to None, run_after=None
[2024-04-16T22:02:10.699+0700] {processor.py:183} INFO - Processing /opt/homebrew/Caskroom/miniconda/base/lib/python3.11/site-packages/airflow/example_dags/example_time_delta_sensor_async.py took 0.102 seconds
[2024-04-16T22:03:37.809+0700] {processor.py:161} INFO - Started process (PID=75820) to work on /opt/homebrew/Caskroom/miniconda/base/lib/python3.11/site-packages/airflow/example_dags/example_time_delta_sensor_async.py
[2024-04-16T22:03:37.813+0700] {processor.py:830} INFO - Processing file /opt/homebrew/Caskroom/miniconda/base/lib/python3.11/site-packages/airflow/example_dags/example_time_delta_sensor_async.py for tasks to queue
[2024-04-16T22:03:37.813+0700] {logging_mixin.py:188} INFO - [2024-04-16T22:03:37.813+0700] {dagbag.py:540} INFO - Filling up the DagBag from /opt/homebrew/Caskroom/miniconda/base/lib/python3.11/site-packages/airflow/example_dags/example_time_delta_sensor_async.py
[2024-04-16T22:03:37.825+0700] {processor.py:840} INFO - DAG(s) 'example_time_delta_sensor_async' retrieved from /opt/homebrew/Caskroom/miniconda/base/lib/python3.11/site-packages/airflow/example_dags/example_time_delta_sensor_async.py
[2024-04-16T22:03:37.900+0700] {logging_mixin.py:188} INFO - [2024-04-16T22:03:37.900+0700] {dag.py:3096} INFO - Sync 1 DAGs
[2024-04-16T22:03:37.907+0700] {logging_mixin.py:188} INFO - [2024-04-16T22:03:37.907+0700] {dag.py:3954} INFO - Setting next_dagrun for example_time_delta_sensor_async to None, run_after=None
[2024-04-16T22:03:37.923+0700] {processor.py:183} INFO - Processing /opt/homebrew/Caskroom/miniconda/base/lib/python3.11/site-packages/airflow/example_dags/example_time_delta_sensor_async.py took 0.115 seconds
[2024-04-16T22:05:01.943+0700] {processor.py:161} INFO - Started process (PID=76233) to work on /opt/homebrew/Caskroom/miniconda/base/lib/python3.11/site-packages/airflow/example_dags/example_time_delta_sensor_async.py
[2024-04-16T22:05:01.944+0700] {processor.py:830} INFO - Processing file /opt/homebrew/Caskroom/miniconda/base/lib/python3.11/site-packages/airflow/example_dags/example_time_delta_sensor_async.py for tasks to queue
[2024-04-16T22:05:01.944+0700] {logging_mixin.py:188} INFO - [2024-04-16T22:05:01.944+0700] {dagbag.py:540} INFO - Filling up the DagBag from /opt/homebrew/Caskroom/miniconda/base/lib/python3.11/site-packages/airflow/example_dags/example_time_delta_sensor_async.py
[2024-04-16T22:05:01.950+0700] {processor.py:840} INFO - DAG(s) 'example_time_delta_sensor_async' retrieved from /opt/homebrew/Caskroom/miniconda/base/lib/python3.11/site-packages/airflow/example_dags/example_time_delta_sensor_async.py
[2024-04-16T22:05:02.026+0700] {logging_mixin.py:188} INFO - [2024-04-16T22:05:02.026+0700] {dag.py:3096} INFO - Sync 1 DAGs
[2024-04-16T22:05:02.033+0700] {logging_mixin.py:188} INFO - [2024-04-16T22:05:02.033+0700] {dag.py:3954} INFO - Setting next_dagrun for example_time_delta_sensor_async to None, run_after=None
[2024-04-16T22:05:02.045+0700] {processor.py:183} INFO - Processing /opt/homebrew/Caskroom/miniconda/base/lib/python3.11/site-packages/airflow/example_dags/example_time_delta_sensor_async.py took 0.104 seconds
[2024-04-16T22:06:39.081+0700] {processor.py:161} INFO - Started process (PID=76861) to work on /opt/homebrew/Caskroom/miniconda/base/lib/python3.11/site-packages/airflow/example_dags/example_time_delta_sensor_async.py
[2024-04-16T22:06:39.083+0700] {processor.py:830} INFO - Processing file /opt/homebrew/Caskroom/miniconda/base/lib/python3.11/site-packages/airflow/example_dags/example_time_delta_sensor_async.py for tasks to queue
[2024-04-16T22:06:39.083+0700] {logging_mixin.py:188} INFO - [2024-04-16T22:06:39.083+0700] {dagbag.py:540} INFO - Filling up the DagBag from /opt/homebrew/Caskroom/miniconda/base/lib/python3.11/site-packages/airflow/example_dags/example_time_delta_sensor_async.py
[2024-04-16T22:06:39.088+0700] {processor.py:840} INFO - DAG(s) 'example_time_delta_sensor_async' retrieved from /opt/homebrew/Caskroom/miniconda/base/lib/python3.11/site-packages/airflow/example_dags/example_time_delta_sensor_async.py
[2024-04-16T22:06:39.160+0700] {logging_mixin.py:188} INFO - [2024-04-16T22:06:39.160+0700] {dag.py:3096} INFO - Sync 1 DAGs
[2024-04-16T22:06:39.167+0700] {logging_mixin.py:188} INFO - [2024-04-16T22:06:39.166+0700] {dag.py:3954} INFO - Setting next_dagrun for example_time_delta_sensor_async to None, run_after=None
[2024-04-16T22:06:39.177+0700] {processor.py:183} INFO - Processing /opt/homebrew/Caskroom/miniconda/base/lib/python3.11/site-packages/airflow/example_dags/example_time_delta_sensor_async.py took 0.098 seconds
[2024-04-16T22:08:27.297+0700] {processor.py:161} INFO - Started process (PID=77480) to work on /opt/homebrew/Caskroom/miniconda/base/lib/python3.11/site-packages/airflow/example_dags/example_time_delta_sensor_async.py
[2024-04-16T22:08:27.300+0700] {processor.py:830} INFO - Processing file /opt/homebrew/Caskroom/miniconda/base/lib/python3.11/site-packages/airflow/example_dags/example_time_delta_sensor_async.py for tasks to queue
[2024-04-16T22:08:27.301+0700] {logging_mixin.py:188} INFO - [2024-04-16T22:08:27.301+0700] {dagbag.py:540} INFO - Filling up the DagBag from /opt/homebrew/Caskroom/miniconda/base/lib/python3.11/site-packages/airflow/example_dags/example_time_delta_sensor_async.py
[2024-04-16T22:08:27.313+0700] {processor.py:840} INFO - DAG(s) 'example_time_delta_sensor_async' retrieved from /opt/homebrew/Caskroom/miniconda/base/lib/python3.11/site-packages/airflow/example_dags/example_time_delta_sensor_async.py
[2024-04-16T22:08:27.441+0700] {logging_mixin.py:188} INFO - [2024-04-16T22:08:27.440+0700] {dag.py:3096} INFO - Sync 1 DAGs
[2024-04-16T22:08:27.458+0700] {logging_mixin.py:188} INFO - [2024-04-16T22:08:27.458+0700] {dag.py:3954} INFO - Setting next_dagrun for example_time_delta_sensor_async to None, run_after=None
[2024-04-16T22:08:27.494+0700] {processor.py:183} INFO - Processing /opt/homebrew/Caskroom/miniconda/base/lib/python3.11/site-packages/airflow/example_dags/example_time_delta_sensor_async.py took 0.201 seconds
[2024-04-16T22:10:05.020+0700] {processor.py:161} INFO - Started process (PID=78083) to work on /opt/homebrew/Caskroom/miniconda/base/lib/python3.11/site-packages/airflow/example_dags/example_time_delta_sensor_async.py
[2024-04-16T22:10:05.021+0700] {processor.py:830} INFO - Processing file /opt/homebrew/Caskroom/miniconda/base/lib/python3.11/site-packages/airflow/example_dags/example_time_delta_sensor_async.py for tasks to queue
[2024-04-16T22:10:05.022+0700] {logging_mixin.py:188} INFO - [2024-04-16T22:10:05.022+0700] {dagbag.py:540} INFO - Filling up the DagBag from /opt/homebrew/Caskroom/miniconda/base/lib/python3.11/site-packages/airflow/example_dags/example_time_delta_sensor_async.py
[2024-04-16T22:10:05.031+0700] {processor.py:840} INFO - DAG(s) 'example_time_delta_sensor_async' retrieved from /opt/homebrew/Caskroom/miniconda/base/lib/python3.11/site-packages/airflow/example_dags/example_time_delta_sensor_async.py
[2024-04-16T22:10:05.137+0700] {logging_mixin.py:188} INFO - [2024-04-16T22:10:05.136+0700] {dag.py:3096} INFO - Sync 1 DAGs
[2024-04-16T22:10:05.146+0700] {logging_mixin.py:188} INFO - [2024-04-16T22:10:05.145+0700] {dag.py:3954} INFO - Setting next_dagrun for example_time_delta_sensor_async to None, run_after=None
[2024-04-16T22:10:05.161+0700] {processor.py:183} INFO - Processing /opt/homebrew/Caskroom/miniconda/base/lib/python3.11/site-packages/airflow/example_dags/example_time_delta_sensor_async.py took 0.145 seconds
[2024-04-16T22:11:46.531+0700] {processor.py:161} INFO - Started process (PID=78613) to work on /opt/homebrew/Caskroom/miniconda/base/lib/python3.11/site-packages/airflow/example_dags/example_time_delta_sensor_async.py
[2024-04-16T22:11:46.533+0700] {processor.py:830} INFO - Processing file /opt/homebrew/Caskroom/miniconda/base/lib/python3.11/site-packages/airflow/example_dags/example_time_delta_sensor_async.py for tasks to queue
[2024-04-16T22:11:46.533+0700] {logging_mixin.py:188} INFO - [2024-04-16T22:11:46.533+0700] {dagbag.py:540} INFO - Filling up the DagBag from /opt/homebrew/Caskroom/miniconda/base/lib/python3.11/site-packages/airflow/example_dags/example_time_delta_sensor_async.py
[2024-04-16T22:11:46.539+0700] {processor.py:840} INFO - DAG(s) 'example_time_delta_sensor_async' retrieved from /opt/homebrew/Caskroom/miniconda/base/lib/python3.11/site-packages/airflow/example_dags/example_time_delta_sensor_async.py
[2024-04-16T22:11:46.619+0700] {logging_mixin.py:188} INFO - [2024-04-16T22:11:46.619+0700] {dag.py:3096} INFO - Sync 1 DAGs
[2024-04-16T22:11:46.637+0700] {logging_mixin.py:188} INFO - [2024-04-16T22:11:46.636+0700] {dag.py:3954} INFO - Setting next_dagrun for example_time_delta_sensor_async to None, run_after=None
[2024-04-16T22:11:46.654+0700] {processor.py:183} INFO - Processing /opt/homebrew/Caskroom/miniconda/base/lib/python3.11/site-packages/airflow/example_dags/example_time_delta_sensor_async.py took 0.125 seconds
[2024-04-16T22:13:21.912+0700] {processor.py:161} INFO - Started process (PID=79152) to work on /opt/homebrew/Caskroom/miniconda/base/lib/python3.11/site-packages/airflow/example_dags/example_time_delta_sensor_async.py
[2024-04-16T22:13:21.913+0700] {processor.py:830} INFO - Processing file /opt/homebrew/Caskroom/miniconda/base/lib/python3.11/site-packages/airflow/example_dags/example_time_delta_sensor_async.py for tasks to queue
[2024-04-16T22:13:21.913+0700] {logging_mixin.py:188} INFO - [2024-04-16T22:13:21.913+0700] {dagbag.py:540} INFO - Filling up the DagBag from /opt/homebrew/Caskroom/miniconda/base/lib/python3.11/site-packages/airflow/example_dags/example_time_delta_sensor_async.py
[2024-04-16T22:13:21.919+0700] {processor.py:840} INFO - DAG(s) 'example_time_delta_sensor_async' retrieved from /opt/homebrew/Caskroom/miniconda/base/lib/python3.11/site-packages/airflow/example_dags/example_time_delta_sensor_async.py
[2024-04-16T22:13:21.988+0700] {logging_mixin.py:188} INFO - [2024-04-16T22:13:21.988+0700] {dag.py:3096} INFO - Sync 1 DAGs
[2024-04-16T22:13:21.994+0700] {logging_mixin.py:188} INFO - [2024-04-16T22:13:21.994+0700] {dag.py:3954} INFO - Setting next_dagrun for example_time_delta_sensor_async to None, run_after=None
[2024-04-16T22:13:22.006+0700] {processor.py:183} INFO - Processing /opt/homebrew/Caskroom/miniconda/base/lib/python3.11/site-packages/airflow/example_dags/example_time_delta_sensor_async.py took 0.096 seconds
[2024-04-16T22:15:01.035+0700] {processor.py:161} INFO - Started process (PID=79626) to work on /opt/homebrew/Caskroom/miniconda/base/lib/python3.11/site-packages/airflow/example_dags/example_time_delta_sensor_async.py
[2024-04-16T22:15:01.036+0700] {processor.py:830} INFO - Processing file /opt/homebrew/Caskroom/miniconda/base/lib/python3.11/site-packages/airflow/example_dags/example_time_delta_sensor_async.py for tasks to queue
[2024-04-16T22:15:01.037+0700] {logging_mixin.py:188} INFO - [2024-04-16T22:15:01.036+0700] {dagbag.py:540} INFO - Filling up the DagBag from /opt/homebrew/Caskroom/miniconda/base/lib/python3.11/site-packages/airflow/example_dags/example_time_delta_sensor_async.py
[2024-04-16T22:15:01.044+0700] {processor.py:840} INFO - DAG(s) 'example_time_delta_sensor_async' retrieved from /opt/homebrew/Caskroom/miniconda/base/lib/python3.11/site-packages/airflow/example_dags/example_time_delta_sensor_async.py
[2024-04-16T22:15:01.126+0700] {logging_mixin.py:188} INFO - [2024-04-16T22:15:01.125+0700] {dag.py:3096} INFO - Sync 1 DAGs
[2024-04-16T22:15:01.133+0700] {logging_mixin.py:188} INFO - [2024-04-16T22:15:01.133+0700] {dag.py:3954} INFO - Setting next_dagrun for example_time_delta_sensor_async to None, run_after=None
[2024-04-16T22:15:01.146+0700] {processor.py:183} INFO - Processing /opt/homebrew/Caskroom/miniconda/base/lib/python3.11/site-packages/airflow/example_dags/example_time_delta_sensor_async.py took 0.114 seconds
[2024-04-16T22:18:39.192+0700] {processor.py:161} INFO - Started process (PID=80647) to work on /opt/homebrew/Caskroom/miniconda/base/lib/python3.11/site-packages/airflow/example_dags/example_time_delta_sensor_async.py
[2024-04-16T22:18:39.196+0700] {processor.py:830} INFO - Processing file /opt/homebrew/Caskroom/miniconda/base/lib/python3.11/site-packages/airflow/example_dags/example_time_delta_sensor_async.py for tasks to queue
[2024-04-16T22:18:39.199+0700] {logging_mixin.py:188} INFO - [2024-04-16T22:18:39.198+0700] {dagbag.py:540} INFO - Filling up the DagBag from /opt/homebrew/Caskroom/miniconda/base/lib/python3.11/site-packages/airflow/example_dags/example_time_delta_sensor_async.py
[2024-04-16T22:18:39.223+0700] {processor.py:840} INFO - DAG(s) 'example_time_delta_sensor_async' retrieved from /opt/homebrew/Caskroom/miniconda/base/lib/python3.11/site-packages/airflow/example_dags/example_time_delta_sensor_async.py
[2024-04-16T22:18:39.576+0700] {logging_mixin.py:188} INFO - [2024-04-16T22:18:39.575+0700] {dag.py:3096} INFO - Sync 1 DAGs
[2024-04-16T22:18:39.614+0700] {logging_mixin.py:188} INFO - [2024-04-16T22:18:39.614+0700] {dag.py:3954} INFO - Setting next_dagrun for example_time_delta_sensor_async to None, run_after=None
[2024-04-16T22:18:39.682+0700] {processor.py:183} INFO - Processing /opt/homebrew/Caskroom/miniconda/base/lib/python3.11/site-packages/airflow/example_dags/example_time_delta_sensor_async.py took 0.494 seconds
[2024-04-16T22:22:19.921+0700] {processor.py:161} INFO - Started process (PID=81682) to work on /opt/homebrew/Caskroom/miniconda/base/lib/python3.11/site-packages/airflow/example_dags/example_time_delta_sensor_async.py
[2024-04-16T22:22:19.927+0700] {processor.py:830} INFO - Processing file /opt/homebrew/Caskroom/miniconda/base/lib/python3.11/site-packages/airflow/example_dags/example_time_delta_sensor_async.py for tasks to queue
[2024-04-16T22:22:19.927+0700] {logging_mixin.py:188} INFO - [2024-04-16T22:22:19.927+0700] {dagbag.py:540} INFO - Filling up the DagBag from /opt/homebrew/Caskroom/miniconda/base/lib/python3.11/site-packages/airflow/example_dags/example_time_delta_sensor_async.py
[2024-04-16T22:22:19.937+0700] {processor.py:840} INFO - DAG(s) 'example_time_delta_sensor_async' retrieved from /opt/homebrew/Caskroom/miniconda/base/lib/python3.11/site-packages/airflow/example_dags/example_time_delta_sensor_async.py
[2024-04-16T22:22:20.097+0700] {logging_mixin.py:188} INFO - [2024-04-16T22:22:20.096+0700] {dag.py:3096} INFO - Sync 1 DAGs
[2024-04-16T22:22:20.115+0700] {logging_mixin.py:188} INFO - [2024-04-16T22:22:20.115+0700] {dag.py:3954} INFO - Setting next_dagrun for example_time_delta_sensor_async to None, run_after=None
[2024-04-16T22:22:20.148+0700] {processor.py:183} INFO - Processing /opt/homebrew/Caskroom/miniconda/base/lib/python3.11/site-packages/airflow/example_dags/example_time_delta_sensor_async.py took 0.234 seconds
[2024-04-16T22:26:50.217+0700] {processor.py:161} INFO - Started process (PID=83003) to work on /opt/homebrew/Caskroom/miniconda/base/lib/python3.11/site-packages/airflow/example_dags/example_time_delta_sensor_async.py
[2024-04-16T22:26:50.220+0700] {processor.py:830} INFO - Processing file /opt/homebrew/Caskroom/miniconda/base/lib/python3.11/site-packages/airflow/example_dags/example_time_delta_sensor_async.py for tasks to queue
[2024-04-16T22:26:50.221+0700] {logging_mixin.py:188} INFO - [2024-04-16T22:26:50.221+0700] {dagbag.py:540} INFO - Filling up the DagBag from /opt/homebrew/Caskroom/miniconda/base/lib/python3.11/site-packages/airflow/example_dags/example_time_delta_sensor_async.py
[2024-04-16T22:26:50.239+0700] {processor.py:840} INFO - DAG(s) 'example_time_delta_sensor_async' retrieved from /opt/homebrew/Caskroom/miniconda/base/lib/python3.11/site-packages/airflow/example_dags/example_time_delta_sensor_async.py
[2024-04-16T22:26:51.172+0700] {logging_mixin.py:188} INFO - [2024-04-16T22:26:51.151+0700] {dag.py:3096} INFO - Sync 1 DAGs
[2024-04-16T22:26:52.370+0700] {logging_mixin.py:188} INFO - [2024-04-16T22:26:52.367+0700] {dag.py:3954} INFO - Setting next_dagrun for example_time_delta_sensor_async to None, run_after=None
[2024-04-16T22:26:52.543+0700] {processor.py:183} INFO - Processing /opt/homebrew/Caskroom/miniconda/base/lib/python3.11/site-packages/airflow/example_dags/example_time_delta_sensor_async.py took 2.340 seconds
