[2024-04-16T20:53:41.049+0700] {processor.py:161} INFO - Started process (PID=54504) to work on /opt/homebrew/Caskroom/miniconda/base/lib/python3.11/site-packages/airflow/example_dags/example_branch_datetime_operator.py
[2024-04-16T20:53:41.050+0700] {processor.py:830} INFO - Processing file /opt/homebrew/Caskroom/miniconda/base/lib/python3.11/site-packages/airflow/example_dags/example_branch_datetime_operator.py for tasks to queue
[2024-04-16T20:53:41.050+0700] {logging_mixin.py:188} INFO - [2024-04-16T20:53:41.050+0700] {dagbag.py:540} INFO - Filling up the DagBag from /opt/homebrew/Caskroom/miniconda/base/lib/python3.11/site-packages/airflow/example_dags/example_branch_datetime_operator.py
[2024-04-16T20:53:41.058+0700] {processor.py:840} INFO - DAG(s) 'example_branch_datetime_operator', 'example_branch_datetime_operator_3', 'example_branch_datetime_operator_2' retrieved from /opt/homebrew/Caskroom/miniconda/base/lib/python3.11/site-packages/airflow/example_dags/example_branch_datetime_operator.py
[2024-04-16T20:53:41.175+0700] {logging_mixin.py:188} INFO - [2024-04-16T20:53:41.174+0700] {dag.py:3096} INFO - Sync 3 DAGs
[2024-04-16T20:53:41.185+0700] {logging_mixin.py:188} INFO - [2024-04-16T20:53:41.184+0700] {dag.py:3954} INFO - Setting next_dagrun for example_branch_datetime_operator to 2024-04-15 00:00:00+00:00, run_after=2024-04-16 00:00:00+00:00
[2024-04-16T20:53:41.187+0700] {logging_mixin.py:188} INFO - [2024-04-16T20:53:41.186+0700] {dag.py:3954} INFO - Setting next_dagrun for example_branch_datetime_operator_2 to 2024-04-15 00:00:00+00:00, run_after=2024-04-16 00:00:00+00:00
[2024-04-16T20:53:41.188+0700] {logging_mixin.py:188} INFO - [2024-04-16T20:53:41.188+0700] {dag.py:3954} INFO - Setting next_dagrun for example_branch_datetime_operator_3 to 2024-04-15 00:00:00+00:00, run_after=2024-04-16 00:00:00+00:00
[2024-04-16T20:53:41.199+0700] {processor.py:183} INFO - Processing /opt/homebrew/Caskroom/miniconda/base/lib/python3.11/site-packages/airflow/example_dags/example_branch_datetime_operator.py took 0.152 seconds
[2024-04-16T20:56:14.067+0700] {processor.py:161} INFO - Started process (PID=55209) to work on /opt/homebrew/Caskroom/miniconda/base/lib/python3.11/site-packages/airflow/example_dags/example_branch_datetime_operator.py
[2024-04-16T20:56:14.068+0700] {processor.py:830} INFO - Processing file /opt/homebrew/Caskroom/miniconda/base/lib/python3.11/site-packages/airflow/example_dags/example_branch_datetime_operator.py for tasks to queue
[2024-04-16T20:56:14.069+0700] {logging_mixin.py:188} INFO - [2024-04-16T20:56:14.069+0700] {dagbag.py:540} INFO - Filling up the DagBag from /opt/homebrew/Caskroom/miniconda/base/lib/python3.11/site-packages/airflow/example_dags/example_branch_datetime_operator.py
[2024-04-16T20:56:14.076+0700] {processor.py:840} INFO - DAG(s) 'example_branch_datetime_operator_2', 'example_branch_datetime_operator', 'example_branch_datetime_operator_3' retrieved from /opt/homebrew/Caskroom/miniconda/base/lib/python3.11/site-packages/airflow/example_dags/example_branch_datetime_operator.py
[2024-04-16T20:56:14.141+0700] {logging_mixin.py:188} INFO - [2024-04-16T20:56:14.141+0700] {dag.py:3096} INFO - Sync 3 DAGs
[2024-04-16T20:56:14.152+0700] {logging_mixin.py:188} INFO - [2024-04-16T20:56:14.152+0700] {dag.py:3954} INFO - Setting next_dagrun for example_branch_datetime_operator to 2024-04-15 00:00:00+00:00, run_after=2024-04-16 00:00:00+00:00
[2024-04-16T20:56:14.155+0700] {logging_mixin.py:188} INFO - [2024-04-16T20:56:14.155+0700] {dag.py:3954} INFO - Setting next_dagrun for example_branch_datetime_operator_2 to 2024-04-15 00:00:00+00:00, run_after=2024-04-16 00:00:00+00:00
[2024-04-16T20:56:14.156+0700] {logging_mixin.py:188} INFO - [2024-04-16T20:56:14.156+0700] {dag.py:3954} INFO - Setting next_dagrun for example_branch_datetime_operator_3 to 2024-04-15 00:00:00+00:00, run_after=2024-04-16 00:00:00+00:00
[2024-04-16T20:56:14.165+0700] {processor.py:183} INFO - Processing /opt/homebrew/Caskroom/miniconda/base/lib/python3.11/site-packages/airflow/example_dags/example_branch_datetime_operator.py took 0.100 seconds
[2024-04-16T20:58:47.607+0700] {processor.py:161} INFO - Started process (PID=55904) to work on /opt/homebrew/Caskroom/miniconda/base/lib/python3.11/site-packages/airflow/example_dags/example_branch_datetime_operator.py
[2024-04-16T20:58:47.608+0700] {processor.py:830} INFO - Processing file /opt/homebrew/Caskroom/miniconda/base/lib/python3.11/site-packages/airflow/example_dags/example_branch_datetime_operator.py for tasks to queue
[2024-04-16T20:58:47.608+0700] {logging_mixin.py:188} INFO - [2024-04-16T20:58:47.608+0700] {dagbag.py:540} INFO - Filling up the DagBag from /opt/homebrew/Caskroom/miniconda/base/lib/python3.11/site-packages/airflow/example_dags/example_branch_datetime_operator.py
[2024-04-16T20:58:47.616+0700] {processor.py:840} INFO - DAG(s) 'example_branch_datetime_operator_3', 'example_branch_datetime_operator_2', 'example_branch_datetime_operator' retrieved from /opt/homebrew/Caskroom/miniconda/base/lib/python3.11/site-packages/airflow/example_dags/example_branch_datetime_operator.py
[2024-04-16T20:58:47.683+0700] {logging_mixin.py:188} INFO - [2024-04-16T20:58:47.683+0700] {dag.py:3096} INFO - Sync 3 DAGs
[2024-04-16T20:58:47.694+0700] {logging_mixin.py:188} INFO - [2024-04-16T20:58:47.694+0700] {dag.py:3954} INFO - Setting next_dagrun for example_branch_datetime_operator to 2024-04-15 00:00:00+00:00, run_after=2024-04-16 00:00:00+00:00
[2024-04-16T20:58:47.696+0700] {logging_mixin.py:188} INFO - [2024-04-16T20:58:47.696+0700] {dag.py:3954} INFO - Setting next_dagrun for example_branch_datetime_operator_2 to 2024-04-15 00:00:00+00:00, run_after=2024-04-16 00:00:00+00:00
[2024-04-16T20:58:47.697+0700] {logging_mixin.py:188} INFO - [2024-04-16T20:58:47.697+0700] {dag.py:3954} INFO - Setting next_dagrun for example_branch_datetime_operator_3 to 2024-04-15 00:00:00+00:00, run_after=2024-04-16 00:00:00+00:00
[2024-04-16T20:58:47.707+0700] {processor.py:183} INFO - Processing /opt/homebrew/Caskroom/miniconda/base/lib/python3.11/site-packages/airflow/example_dags/example_branch_datetime_operator.py took 0.102 seconds
[2024-04-16T21:01:22.903+0700] {processor.py:161} INFO - Started process (PID=56606) to work on /opt/homebrew/Caskroom/miniconda/base/lib/python3.11/site-packages/airflow/example_dags/example_branch_datetime_operator.py
[2024-04-16T21:01:22.904+0700] {processor.py:830} INFO - Processing file /opt/homebrew/Caskroom/miniconda/base/lib/python3.11/site-packages/airflow/example_dags/example_branch_datetime_operator.py for tasks to queue
[2024-04-16T21:01:22.904+0700] {logging_mixin.py:188} INFO - [2024-04-16T21:01:22.904+0700] {dagbag.py:540} INFO - Filling up the DagBag from /opt/homebrew/Caskroom/miniconda/base/lib/python3.11/site-packages/airflow/example_dags/example_branch_datetime_operator.py
[2024-04-16T21:01:22.912+0700] {processor.py:840} INFO - DAG(s) 'example_branch_datetime_operator', 'example_branch_datetime_operator_2', 'example_branch_datetime_operator_3' retrieved from /opt/homebrew/Caskroom/miniconda/base/lib/python3.11/site-packages/airflow/example_dags/example_branch_datetime_operator.py
[2024-04-16T21:01:22.978+0700] {logging_mixin.py:188} INFO - [2024-04-16T21:01:22.978+0700] {dag.py:3096} INFO - Sync 3 DAGs
[2024-04-16T21:01:22.989+0700] {logging_mixin.py:188} INFO - [2024-04-16T21:01:22.989+0700] {dag.py:3954} INFO - Setting next_dagrun for example_branch_datetime_operator to 2024-04-15 00:00:00+00:00, run_after=2024-04-16 00:00:00+00:00
[2024-04-16T21:01:22.992+0700] {logging_mixin.py:188} INFO - [2024-04-16T21:01:22.992+0700] {dag.py:3954} INFO - Setting next_dagrun for example_branch_datetime_operator_2 to 2024-04-15 00:00:00+00:00, run_after=2024-04-16 00:00:00+00:00
[2024-04-16T21:01:22.993+0700] {logging_mixin.py:188} INFO - [2024-04-16T21:01:22.993+0700] {dag.py:3954} INFO - Setting next_dagrun for example_branch_datetime_operator_3 to 2024-04-15 00:00:00+00:00, run_after=2024-04-16 00:00:00+00:00
[2024-04-16T21:01:23.002+0700] {processor.py:183} INFO - Processing /opt/homebrew/Caskroom/miniconda/base/lib/python3.11/site-packages/airflow/example_dags/example_branch_datetime_operator.py took 0.101 seconds
[2024-04-16T21:03:55.002+0700] {processor.py:161} INFO - Started process (PID=57298) to work on /opt/homebrew/Caskroom/miniconda/base/lib/python3.11/site-packages/airflow/example_dags/example_branch_datetime_operator.py
[2024-04-16T21:03:55.003+0700] {processor.py:830} INFO - Processing file /opt/homebrew/Caskroom/miniconda/base/lib/python3.11/site-packages/airflow/example_dags/example_branch_datetime_operator.py for tasks to queue
[2024-04-16T21:03:55.004+0700] {logging_mixin.py:188} INFO - [2024-04-16T21:03:55.004+0700] {dagbag.py:540} INFO - Filling up the DagBag from /opt/homebrew/Caskroom/miniconda/base/lib/python3.11/site-packages/airflow/example_dags/example_branch_datetime_operator.py
[2024-04-16T21:03:55.012+0700] {processor.py:840} INFO - DAG(s) 'example_branch_datetime_operator_2', 'example_branch_datetime_operator_3', 'example_branch_datetime_operator' retrieved from /opt/homebrew/Caskroom/miniconda/base/lib/python3.11/site-packages/airflow/example_dags/example_branch_datetime_operator.py
[2024-04-16T21:03:55.078+0700] {logging_mixin.py:188} INFO - [2024-04-16T21:03:55.077+0700] {dag.py:3096} INFO - Sync 3 DAGs
[2024-04-16T21:03:55.088+0700] {logging_mixin.py:188} INFO - [2024-04-16T21:03:55.088+0700] {dag.py:3954} INFO - Setting next_dagrun for example_branch_datetime_operator to 2024-04-15 00:00:00+00:00, run_after=2024-04-16 00:00:00+00:00
[2024-04-16T21:03:55.091+0700] {logging_mixin.py:188} INFO - [2024-04-16T21:03:55.091+0700] {dag.py:3954} INFO - Setting next_dagrun for example_branch_datetime_operator_2 to 2024-04-15 00:00:00+00:00, run_after=2024-04-16 00:00:00+00:00
[2024-04-16T21:03:55.092+0700] {logging_mixin.py:188} INFO - [2024-04-16T21:03:55.092+0700] {dag.py:3954} INFO - Setting next_dagrun for example_branch_datetime_operator_3 to 2024-04-15 00:00:00+00:00, run_after=2024-04-16 00:00:00+00:00
[2024-04-16T21:03:55.102+0700] {processor.py:183} INFO - Processing /opt/homebrew/Caskroom/miniconda/base/lib/python3.11/site-packages/airflow/example_dags/example_branch_datetime_operator.py took 0.101 seconds
[2024-04-16T21:06:28.520+0700] {processor.py:161} INFO - Started process (PID=57983) to work on /opt/homebrew/Caskroom/miniconda/base/lib/python3.11/site-packages/airflow/example_dags/example_branch_datetime_operator.py
[2024-04-16T21:06:28.521+0700] {processor.py:830} INFO - Processing file /opt/homebrew/Caskroom/miniconda/base/lib/python3.11/site-packages/airflow/example_dags/example_branch_datetime_operator.py for tasks to queue
[2024-04-16T21:06:28.521+0700] {logging_mixin.py:188} INFO - [2024-04-16T21:06:28.521+0700] {dagbag.py:540} INFO - Filling up the DagBag from /opt/homebrew/Caskroom/miniconda/base/lib/python3.11/site-packages/airflow/example_dags/example_branch_datetime_operator.py
[2024-04-16T21:06:28.529+0700] {processor.py:840} INFO - DAG(s) 'example_branch_datetime_operator_2', 'example_branch_datetime_operator', 'example_branch_datetime_operator_3' retrieved from /opt/homebrew/Caskroom/miniconda/base/lib/python3.11/site-packages/airflow/example_dags/example_branch_datetime_operator.py
[2024-04-16T21:06:28.595+0700] {logging_mixin.py:188} INFO - [2024-04-16T21:06:28.595+0700] {dag.py:3096} INFO - Sync 3 DAGs
[2024-04-16T21:06:28.606+0700] {logging_mixin.py:188} INFO - [2024-04-16T21:06:28.606+0700] {dag.py:3954} INFO - Setting next_dagrun for example_branch_datetime_operator to 2024-04-15 00:00:00+00:00, run_after=2024-04-16 00:00:00+00:00
[2024-04-16T21:06:28.608+0700] {logging_mixin.py:188} INFO - [2024-04-16T21:06:28.608+0700] {dag.py:3954} INFO - Setting next_dagrun for example_branch_datetime_operator_2 to 2024-04-15 00:00:00+00:00, run_after=2024-04-16 00:00:00+00:00
[2024-04-16T21:06:28.609+0700] {logging_mixin.py:188} INFO - [2024-04-16T21:06:28.609+0700] {dag.py:3954} INFO - Setting next_dagrun for example_branch_datetime_operator_3 to 2024-04-15 00:00:00+00:00, run_after=2024-04-16 00:00:00+00:00
[2024-04-16T21:06:28.619+0700] {processor.py:183} INFO - Processing /opt/homebrew/Caskroom/miniconda/base/lib/python3.11/site-packages/airflow/example_dags/example_branch_datetime_operator.py took 0.100 seconds
[2024-04-16T21:09:02.531+0700] {processor.py:161} INFO - Started process (PID=58700) to work on /opt/homebrew/Caskroom/miniconda/base/lib/python3.11/site-packages/airflow/example_dags/example_branch_datetime_operator.py
[2024-04-16T21:09:02.532+0700] {processor.py:830} INFO - Processing file /opt/homebrew/Caskroom/miniconda/base/lib/python3.11/site-packages/airflow/example_dags/example_branch_datetime_operator.py for tasks to queue
[2024-04-16T21:09:02.533+0700] {logging_mixin.py:188} INFO - [2024-04-16T21:09:02.533+0700] {dagbag.py:540} INFO - Filling up the DagBag from /opt/homebrew/Caskroom/miniconda/base/lib/python3.11/site-packages/airflow/example_dags/example_branch_datetime_operator.py
[2024-04-16T21:09:02.541+0700] {processor.py:840} INFO - DAG(s) 'example_branch_datetime_operator', 'example_branch_datetime_operator_3', 'example_branch_datetime_operator_2' retrieved from /opt/homebrew/Caskroom/miniconda/base/lib/python3.11/site-packages/airflow/example_dags/example_branch_datetime_operator.py
[2024-04-16T21:09:02.614+0700] {logging_mixin.py:188} INFO - [2024-04-16T21:09:02.614+0700] {dag.py:3096} INFO - Sync 3 DAGs
[2024-04-16T21:09:02.626+0700] {logging_mixin.py:188} INFO - [2024-04-16T21:09:02.626+0700] {dag.py:3954} INFO - Setting next_dagrun for example_branch_datetime_operator to 2024-04-15 00:00:00+00:00, run_after=2024-04-16 00:00:00+00:00
[2024-04-16T21:09:02.630+0700] {logging_mixin.py:188} INFO - [2024-04-16T21:09:02.630+0700] {dag.py:3954} INFO - Setting next_dagrun for example_branch_datetime_operator_2 to 2024-04-15 00:00:00+00:00, run_after=2024-04-16 00:00:00+00:00
[2024-04-16T21:09:02.631+0700] {logging_mixin.py:188} INFO - [2024-04-16T21:09:02.631+0700] {dag.py:3954} INFO - Setting next_dagrun for example_branch_datetime_operator_3 to 2024-04-15 00:00:00+00:00, run_after=2024-04-16 00:00:00+00:00
[2024-04-16T21:09:02.643+0700] {processor.py:183} INFO - Processing /opt/homebrew/Caskroom/miniconda/base/lib/python3.11/site-packages/airflow/example_dags/example_branch_datetime_operator.py took 0.114 seconds
[2024-04-16T21:11:40.886+0700] {processor.py:161} INFO - Started process (PID=59410) to work on /opt/homebrew/Caskroom/miniconda/base/lib/python3.11/site-packages/airflow/example_dags/example_branch_datetime_operator.py
[2024-04-16T21:11:40.887+0700] {processor.py:830} INFO - Processing file /opt/homebrew/Caskroom/miniconda/base/lib/python3.11/site-packages/airflow/example_dags/example_branch_datetime_operator.py for tasks to queue
[2024-04-16T21:11:40.887+0700] {logging_mixin.py:188} INFO - [2024-04-16T21:11:40.887+0700] {dagbag.py:540} INFO - Filling up the DagBag from /opt/homebrew/Caskroom/miniconda/base/lib/python3.11/site-packages/airflow/example_dags/example_branch_datetime_operator.py
[2024-04-16T21:11:40.895+0700] {processor.py:840} INFO - DAG(s) 'example_branch_datetime_operator_3', 'example_branch_datetime_operator', 'example_branch_datetime_operator_2' retrieved from /opt/homebrew/Caskroom/miniconda/base/lib/python3.11/site-packages/airflow/example_dags/example_branch_datetime_operator.py
[2024-04-16T21:11:40.961+0700] {logging_mixin.py:188} INFO - [2024-04-16T21:11:40.960+0700] {dag.py:3096} INFO - Sync 3 DAGs
[2024-04-16T21:11:40.972+0700] {logging_mixin.py:188} INFO - [2024-04-16T21:11:40.971+0700] {dag.py:3954} INFO - Setting next_dagrun for example_branch_datetime_operator to 2024-04-15 00:00:00+00:00, run_after=2024-04-16 00:00:00+00:00
[2024-04-16T21:11:40.974+0700] {logging_mixin.py:188} INFO - [2024-04-16T21:11:40.974+0700] {dag.py:3954} INFO - Setting next_dagrun for example_branch_datetime_operator_2 to 2024-04-15 00:00:00+00:00, run_after=2024-04-16 00:00:00+00:00
[2024-04-16T21:11:40.975+0700] {logging_mixin.py:188} INFO - [2024-04-16T21:11:40.975+0700] {dag.py:3954} INFO - Setting next_dagrun for example_branch_datetime_operator_3 to 2024-04-15 00:00:00+00:00, run_after=2024-04-16 00:00:00+00:00
[2024-04-16T21:11:40.985+0700] {processor.py:183} INFO - Processing /opt/homebrew/Caskroom/miniconda/base/lib/python3.11/site-packages/airflow/example_dags/example_branch_datetime_operator.py took 0.101 seconds
[2024-04-16T21:14:17.463+0700] {processor.py:161} INFO - Started process (PID=60139) to work on /opt/homebrew/Caskroom/miniconda/base/lib/python3.11/site-packages/airflow/example_dags/example_branch_datetime_operator.py
[2024-04-16T21:14:17.464+0700] {processor.py:830} INFO - Processing file /opt/homebrew/Caskroom/miniconda/base/lib/python3.11/site-packages/airflow/example_dags/example_branch_datetime_operator.py for tasks to queue
[2024-04-16T21:14:17.465+0700] {logging_mixin.py:188} INFO - [2024-04-16T21:14:17.465+0700] {dagbag.py:540} INFO - Filling up the DagBag from /opt/homebrew/Caskroom/miniconda/base/lib/python3.11/site-packages/airflow/example_dags/example_branch_datetime_operator.py
[2024-04-16T21:14:17.473+0700] {processor.py:840} INFO - DAG(s) 'example_branch_datetime_operator_2', 'example_branch_datetime_operator', 'example_branch_datetime_operator_3' retrieved from /opt/homebrew/Caskroom/miniconda/base/lib/python3.11/site-packages/airflow/example_dags/example_branch_datetime_operator.py
[2024-04-16T21:14:17.538+0700] {logging_mixin.py:188} INFO - [2024-04-16T21:14:17.538+0700] {dag.py:3096} INFO - Sync 3 DAGs
[2024-04-16T21:14:17.549+0700] {logging_mixin.py:188} INFO - [2024-04-16T21:14:17.549+0700] {dag.py:3954} INFO - Setting next_dagrun for example_branch_datetime_operator to 2024-04-15 00:00:00+00:00, run_after=2024-04-16 00:00:00+00:00
[2024-04-16T21:14:17.552+0700] {logging_mixin.py:188} INFO - [2024-04-16T21:14:17.552+0700] {dag.py:3954} INFO - Setting next_dagrun for example_branch_datetime_operator_2 to 2024-04-15 00:00:00+00:00, run_after=2024-04-16 00:00:00+00:00
[2024-04-16T21:14:17.553+0700] {logging_mixin.py:188} INFO - [2024-04-16T21:14:17.553+0700] {dag.py:3954} INFO - Setting next_dagrun for example_branch_datetime_operator_3 to 2024-04-15 00:00:00+00:00, run_after=2024-04-16 00:00:00+00:00
[2024-04-16T21:14:17.563+0700] {processor.py:183} INFO - Processing /opt/homebrew/Caskroom/miniconda/base/lib/python3.11/site-packages/airflow/example_dags/example_branch_datetime_operator.py took 0.101 seconds
[2024-04-16T21:16:53.697+0700] {processor.py:161} INFO - Started process (PID=60851) to work on /opt/homebrew/Caskroom/miniconda/base/lib/python3.11/site-packages/airflow/example_dags/example_branch_datetime_operator.py
[2024-04-16T21:16:53.700+0700] {processor.py:830} INFO - Processing file /opt/homebrew/Caskroom/miniconda/base/lib/python3.11/site-packages/airflow/example_dags/example_branch_datetime_operator.py for tasks to queue
[2024-04-16T21:16:53.700+0700] {logging_mixin.py:188} INFO - [2024-04-16T21:16:53.700+0700] {dagbag.py:540} INFO - Filling up the DagBag from /opt/homebrew/Caskroom/miniconda/base/lib/python3.11/site-packages/airflow/example_dags/example_branch_datetime_operator.py
[2024-04-16T21:16:53.708+0700] {processor.py:840} INFO - DAG(s) 'example_branch_datetime_operator', 'example_branch_datetime_operator_3', 'example_branch_datetime_operator_2' retrieved from /opt/homebrew/Caskroom/miniconda/base/lib/python3.11/site-packages/airflow/example_dags/example_branch_datetime_operator.py
[2024-04-16T21:16:53.774+0700] {logging_mixin.py:188} INFO - [2024-04-16T21:16:53.774+0700] {dag.py:3096} INFO - Sync 3 DAGs
[2024-04-16T21:16:53.785+0700] {logging_mixin.py:188} INFO - [2024-04-16T21:16:53.785+0700] {dag.py:3954} INFO - Setting next_dagrun for example_branch_datetime_operator to 2024-04-15 00:00:00+00:00, run_after=2024-04-16 00:00:00+00:00
[2024-04-16T21:16:53.787+0700] {logging_mixin.py:188} INFO - [2024-04-16T21:16:53.787+0700] {dag.py:3954} INFO - Setting next_dagrun for example_branch_datetime_operator_2 to 2024-04-15 00:00:00+00:00, run_after=2024-04-16 00:00:00+00:00
[2024-04-16T21:16:53.788+0700] {logging_mixin.py:188} INFO - [2024-04-16T21:16:53.788+0700] {dag.py:3954} INFO - Setting next_dagrun for example_branch_datetime_operator_3 to 2024-04-15 00:00:00+00:00, run_after=2024-04-16 00:00:00+00:00
[2024-04-16T21:16:53.798+0700] {processor.py:183} INFO - Processing /opt/homebrew/Caskroom/miniconda/base/lib/python3.11/site-packages/airflow/example_dags/example_branch_datetime_operator.py took 0.103 seconds
[2024-04-16T21:19:25.998+0700] {processor.py:161} INFO - Started process (PID=61566) to work on /opt/homebrew/Caskroom/miniconda/base/lib/python3.11/site-packages/airflow/example_dags/example_branch_datetime_operator.py
[2024-04-16T21:19:25.999+0700] {processor.py:830} INFO - Processing file /opt/homebrew/Caskroom/miniconda/base/lib/python3.11/site-packages/airflow/example_dags/example_branch_datetime_operator.py for tasks to queue
[2024-04-16T21:19:25.999+0700] {logging_mixin.py:188} INFO - [2024-04-16T21:19:25.999+0700] {dagbag.py:540} INFO - Filling up the DagBag from /opt/homebrew/Caskroom/miniconda/base/lib/python3.11/site-packages/airflow/example_dags/example_branch_datetime_operator.py
[2024-04-16T21:19:26.007+0700] {processor.py:840} INFO - DAG(s) 'example_branch_datetime_operator', 'example_branch_datetime_operator_3', 'example_branch_datetime_operator_2' retrieved from /opt/homebrew/Caskroom/miniconda/base/lib/python3.11/site-packages/airflow/example_dags/example_branch_datetime_operator.py
[2024-04-16T21:19:26.074+0700] {logging_mixin.py:188} INFO - [2024-04-16T21:19:26.073+0700] {dag.py:3096} INFO - Sync 3 DAGs
[2024-04-16T21:19:26.084+0700] {logging_mixin.py:188} INFO - [2024-04-16T21:19:26.084+0700] {dag.py:3954} INFO - Setting next_dagrun for example_branch_datetime_operator to 2024-04-15 00:00:00+00:00, run_after=2024-04-16 00:00:00+00:00
[2024-04-16T21:19:26.087+0700] {logging_mixin.py:188} INFO - [2024-04-16T21:19:26.087+0700] {dag.py:3954} INFO - Setting next_dagrun for example_branch_datetime_operator_2 to 2024-04-15 00:00:00+00:00, run_after=2024-04-16 00:00:00+00:00
[2024-04-16T21:19:26.088+0700] {logging_mixin.py:188} INFO - [2024-04-16T21:19:26.088+0700] {dag.py:3954} INFO - Setting next_dagrun for example_branch_datetime_operator_3 to 2024-04-15 00:00:00+00:00, run_after=2024-04-16 00:00:00+00:00
[2024-04-16T21:19:26.098+0700] {processor.py:183} INFO - Processing /opt/homebrew/Caskroom/miniconda/base/lib/python3.11/site-packages/airflow/example_dags/example_branch_datetime_operator.py took 0.101 seconds
[2024-04-16T21:22:07.409+0700] {processor.py:161} INFO - Started process (PID=62419) to work on /opt/homebrew/Caskroom/miniconda/base/lib/python3.11/site-packages/airflow/example_dags/example_branch_datetime_operator.py
[2024-04-16T21:22:07.410+0700] {processor.py:830} INFO - Processing file /opt/homebrew/Caskroom/miniconda/base/lib/python3.11/site-packages/airflow/example_dags/example_branch_datetime_operator.py for tasks to queue
[2024-04-16T21:22:07.412+0700] {logging_mixin.py:188} INFO - [2024-04-16T21:22:07.411+0700] {dagbag.py:540} INFO - Filling up the DagBag from /opt/homebrew/Caskroom/miniconda/base/lib/python3.11/site-packages/airflow/example_dags/example_branch_datetime_operator.py
[2024-04-16T21:22:07.424+0700] {processor.py:840} INFO - DAG(s) 'example_branch_datetime_operator_3', 'example_branch_datetime_operator', 'example_branch_datetime_operator_2' retrieved from /opt/homebrew/Caskroom/miniconda/base/lib/python3.11/site-packages/airflow/example_dags/example_branch_datetime_operator.py
[2024-04-16T21:22:07.540+0700] {logging_mixin.py:188} INFO - [2024-04-16T21:22:07.539+0700] {dag.py:3096} INFO - Sync 3 DAGs
[2024-04-16T21:22:07.558+0700] {logging_mixin.py:188} INFO - [2024-04-16T21:22:07.558+0700] {dag.py:3954} INFO - Setting next_dagrun for example_branch_datetime_operator to 2024-04-15 00:00:00+00:00, run_after=2024-04-16 00:00:00+00:00
[2024-04-16T21:22:07.562+0700] {logging_mixin.py:188} INFO - [2024-04-16T21:22:07.562+0700] {dag.py:3954} INFO - Setting next_dagrun for example_branch_datetime_operator_2 to 2024-04-15 00:00:00+00:00, run_after=2024-04-16 00:00:00+00:00
[2024-04-16T21:22:07.564+0700] {logging_mixin.py:188} INFO - [2024-04-16T21:22:07.564+0700] {dag.py:3954} INFO - Setting next_dagrun for example_branch_datetime_operator_3 to 2024-04-15 00:00:00+00:00, run_after=2024-04-16 00:00:00+00:00
[2024-04-16T21:22:07.580+0700] {processor.py:183} INFO - Processing /opt/homebrew/Caskroom/miniconda/base/lib/python3.11/site-packages/airflow/example_dags/example_branch_datetime_operator.py took 0.173 seconds
[2024-04-16T21:25:11.363+0700] {processor.py:161} INFO - Started process (PID=63862) to work on /opt/homebrew/Caskroom/miniconda/base/lib/python3.11/site-packages/airflow/example_dags/example_branch_datetime_operator.py
[2024-04-16T21:25:11.365+0700] {processor.py:830} INFO - Processing file /opt/homebrew/Caskroom/miniconda/base/lib/python3.11/site-packages/airflow/example_dags/example_branch_datetime_operator.py for tasks to queue
[2024-04-16T21:25:11.365+0700] {logging_mixin.py:188} INFO - [2024-04-16T21:25:11.365+0700] {dagbag.py:540} INFO - Filling up the DagBag from /opt/homebrew/Caskroom/miniconda/base/lib/python3.11/site-packages/airflow/example_dags/example_branch_datetime_operator.py
[2024-04-16T21:25:11.374+0700] {processor.py:840} INFO - DAG(s) 'example_branch_datetime_operator_2', 'example_branch_datetime_operator', 'example_branch_datetime_operator_3' retrieved from /opt/homebrew/Caskroom/miniconda/base/lib/python3.11/site-packages/airflow/example_dags/example_branch_datetime_operator.py
[2024-04-16T21:25:11.438+0700] {logging_mixin.py:188} INFO - [2024-04-16T21:25:11.438+0700] {dag.py:3096} INFO - Sync 3 DAGs
[2024-04-16T21:25:11.450+0700] {logging_mixin.py:188} INFO - [2024-04-16T21:25:11.450+0700] {dag.py:3954} INFO - Setting next_dagrun for example_branch_datetime_operator to 2024-04-15 00:00:00+00:00, run_after=2024-04-16 00:00:00+00:00
[2024-04-16T21:25:11.452+0700] {logging_mixin.py:188} INFO - [2024-04-16T21:25:11.452+0700] {dag.py:3954} INFO - Setting next_dagrun for example_branch_datetime_operator_2 to 2024-04-15 00:00:00+00:00, run_after=2024-04-16 00:00:00+00:00
[2024-04-16T21:25:11.453+0700] {logging_mixin.py:188} INFO - [2024-04-16T21:25:11.453+0700] {dag.py:3954} INFO - Setting next_dagrun for example_branch_datetime_operator_3 to 2024-04-15 00:00:00+00:00, run_after=2024-04-16 00:00:00+00:00
[2024-04-16T21:25:11.464+0700] {processor.py:183} INFO - Processing /opt/homebrew/Caskroom/miniconda/base/lib/python3.11/site-packages/airflow/example_dags/example_branch_datetime_operator.py took 0.103 seconds
[2024-04-16T21:28:06.790+0700] {processor.py:161} INFO - Started process (PID=64725) to work on /opt/homebrew/Caskroom/miniconda/base/lib/python3.11/site-packages/airflow/example_dags/example_branch_datetime_operator.py
[2024-04-16T21:28:06.792+0700] {processor.py:830} INFO - Processing file /opt/homebrew/Caskroom/miniconda/base/lib/python3.11/site-packages/airflow/example_dags/example_branch_datetime_operator.py for tasks to queue
[2024-04-16T21:28:06.793+0700] {logging_mixin.py:188} INFO - [2024-04-16T21:28:06.793+0700] {dagbag.py:540} INFO - Filling up the DagBag from /opt/homebrew/Caskroom/miniconda/base/lib/python3.11/site-packages/airflow/example_dags/example_branch_datetime_operator.py
[2024-04-16T21:28:06.802+0700] {processor.py:840} INFO - DAG(s) 'example_branch_datetime_operator', 'example_branch_datetime_operator_3', 'example_branch_datetime_operator_2' retrieved from /opt/homebrew/Caskroom/miniconda/base/lib/python3.11/site-packages/airflow/example_dags/example_branch_datetime_operator.py
[2024-04-16T21:28:06.878+0700] {logging_mixin.py:188} INFO - [2024-04-16T21:28:06.878+0700] {dag.py:3096} INFO - Sync 3 DAGs
[2024-04-16T21:28:06.890+0700] {logging_mixin.py:188} INFO - [2024-04-16T21:28:06.890+0700] {dag.py:3954} INFO - Setting next_dagrun for example_branch_datetime_operator to 2024-04-15 00:00:00+00:00, run_after=2024-04-16 00:00:00+00:00
[2024-04-16T21:28:06.893+0700] {logging_mixin.py:188} INFO - [2024-04-16T21:28:06.893+0700] {dag.py:3954} INFO - Setting next_dagrun for example_branch_datetime_operator_2 to 2024-04-15 00:00:00+00:00, run_after=2024-04-16 00:00:00+00:00
[2024-04-16T21:28:06.894+0700] {logging_mixin.py:188} INFO - [2024-04-16T21:28:06.894+0700] {dag.py:3954} INFO - Setting next_dagrun for example_branch_datetime_operator_3 to 2024-04-15 00:00:00+00:00, run_after=2024-04-16 00:00:00+00:00
[2024-04-16T21:28:06.905+0700] {processor.py:183} INFO - Processing /opt/homebrew/Caskroom/miniconda/base/lib/python3.11/site-packages/airflow/example_dags/example_branch_datetime_operator.py took 0.119 seconds
[2024-04-16T21:30:56.169+0700] {processor.py:161} INFO - Started process (PID=65517) to work on /opt/homebrew/Caskroom/miniconda/base/lib/python3.11/site-packages/airflow/example_dags/example_branch_datetime_operator.py
[2024-04-16T21:30:56.170+0700] {processor.py:830} INFO - Processing file /opt/homebrew/Caskroom/miniconda/base/lib/python3.11/site-packages/airflow/example_dags/example_branch_datetime_operator.py for tasks to queue
[2024-04-16T21:30:56.170+0700] {logging_mixin.py:188} INFO - [2024-04-16T21:30:56.170+0700] {dagbag.py:540} INFO - Filling up the DagBag from /opt/homebrew/Caskroom/miniconda/base/lib/python3.11/site-packages/airflow/example_dags/example_branch_datetime_operator.py
[2024-04-16T21:30:56.180+0700] {processor.py:840} INFO - DAG(s) 'example_branch_datetime_operator_3', 'example_branch_datetime_operator_2', 'example_branch_datetime_operator' retrieved from /opt/homebrew/Caskroom/miniconda/base/lib/python3.11/site-packages/airflow/example_dags/example_branch_datetime_operator.py
[2024-04-16T21:30:56.255+0700] {logging_mixin.py:188} INFO - [2024-04-16T21:30:56.255+0700] {dag.py:3096} INFO - Sync 3 DAGs
[2024-04-16T21:30:56.269+0700] {logging_mixin.py:188} INFO - [2024-04-16T21:30:56.268+0700] {dag.py:3954} INFO - Setting next_dagrun for example_branch_datetime_operator to 2024-04-15 00:00:00+00:00, run_after=2024-04-16 00:00:00+00:00
[2024-04-16T21:30:56.271+0700] {logging_mixin.py:188} INFO - [2024-04-16T21:30:56.271+0700] {dag.py:3954} INFO - Setting next_dagrun for example_branch_datetime_operator_2 to 2024-04-15 00:00:00+00:00, run_after=2024-04-16 00:00:00+00:00
[2024-04-16T21:30:56.273+0700] {logging_mixin.py:188} INFO - [2024-04-16T21:30:56.273+0700] {dag.py:3954} INFO - Setting next_dagrun for example_branch_datetime_operator_3 to 2024-04-15 00:00:00+00:00, run_after=2024-04-16 00:00:00+00:00
[2024-04-16T21:30:56.284+0700] {processor.py:183} INFO - Processing /opt/homebrew/Caskroom/miniconda/base/lib/python3.11/site-packages/airflow/example_dags/example_branch_datetime_operator.py took 0.116 seconds
[2024-04-16T21:33:37.420+0700] {processor.py:161} INFO - Started process (PID=66260) to work on /opt/homebrew/Caskroom/miniconda/base/lib/python3.11/site-packages/airflow/example_dags/example_branch_datetime_operator.py
[2024-04-16T21:33:37.421+0700] {processor.py:830} INFO - Processing file /opt/homebrew/Caskroom/miniconda/base/lib/python3.11/site-packages/airflow/example_dags/example_branch_datetime_operator.py for tasks to queue
[2024-04-16T21:33:37.421+0700] {logging_mixin.py:188} INFO - [2024-04-16T21:33:37.421+0700] {dagbag.py:540} INFO - Filling up the DagBag from /opt/homebrew/Caskroom/miniconda/base/lib/python3.11/site-packages/airflow/example_dags/example_branch_datetime_operator.py
[2024-04-16T21:33:37.429+0700] {processor.py:840} INFO - DAG(s) 'example_branch_datetime_operator_3', 'example_branch_datetime_operator_2', 'example_branch_datetime_operator' retrieved from /opt/homebrew/Caskroom/miniconda/base/lib/python3.11/site-packages/airflow/example_dags/example_branch_datetime_operator.py
[2024-04-16T21:33:37.494+0700] {logging_mixin.py:188} INFO - [2024-04-16T21:33:37.494+0700] {dag.py:3096} INFO - Sync 3 DAGs
[2024-04-16T21:33:37.505+0700] {logging_mixin.py:188} INFO - [2024-04-16T21:33:37.505+0700] {dag.py:3954} INFO - Setting next_dagrun for example_branch_datetime_operator to 2024-04-15 00:00:00+00:00, run_after=2024-04-16 00:00:00+00:00
[2024-04-16T21:33:37.508+0700] {logging_mixin.py:188} INFO - [2024-04-16T21:33:37.507+0700] {dag.py:3954} INFO - Setting next_dagrun for example_branch_datetime_operator_2 to 2024-04-15 00:00:00+00:00, run_after=2024-04-16 00:00:00+00:00
[2024-04-16T21:33:37.509+0700] {logging_mixin.py:188} INFO - [2024-04-16T21:33:37.509+0700] {dag.py:3954} INFO - Setting next_dagrun for example_branch_datetime_operator_3 to 2024-04-15 00:00:00+00:00, run_after=2024-04-16 00:00:00+00:00
[2024-04-16T21:33:37.518+0700] {processor.py:183} INFO - Processing /opt/homebrew/Caskroom/miniconda/base/lib/python3.11/site-packages/airflow/example_dags/example_branch_datetime_operator.py took 0.100 seconds
[2024-04-16T21:36:18.756+0700] {processor.py:161} INFO - Started process (PID=67060) to work on /opt/homebrew/Caskroom/miniconda/base/lib/python3.11/site-packages/airflow/example_dags/example_branch_datetime_operator.py
[2024-04-16T21:36:18.757+0700] {processor.py:830} INFO - Processing file /opt/homebrew/Caskroom/miniconda/base/lib/python3.11/site-packages/airflow/example_dags/example_branch_datetime_operator.py for tasks to queue
[2024-04-16T21:36:18.757+0700] {logging_mixin.py:188} INFO - [2024-04-16T21:36:18.757+0700] {dagbag.py:540} INFO - Filling up the DagBag from /opt/homebrew/Caskroom/miniconda/base/lib/python3.11/site-packages/airflow/example_dags/example_branch_datetime_operator.py
[2024-04-16T21:36:18.765+0700] {processor.py:840} INFO - DAG(s) 'example_branch_datetime_operator', 'example_branch_datetime_operator_3', 'example_branch_datetime_operator_2' retrieved from /opt/homebrew/Caskroom/miniconda/base/lib/python3.11/site-packages/airflow/example_dags/example_branch_datetime_operator.py
[2024-04-16T21:36:18.832+0700] {logging_mixin.py:188} INFO - [2024-04-16T21:36:18.832+0700] {dag.py:3096} INFO - Sync 3 DAGs
[2024-04-16T21:36:18.843+0700] {logging_mixin.py:188} INFO - [2024-04-16T21:36:18.843+0700] {dag.py:3954} INFO - Setting next_dagrun for example_branch_datetime_operator to 2024-04-15 00:00:00+00:00, run_after=2024-04-16 00:00:00+00:00
[2024-04-16T21:36:18.845+0700] {logging_mixin.py:188} INFO - [2024-04-16T21:36:18.845+0700] {dag.py:3954} INFO - Setting next_dagrun for example_branch_datetime_operator_2 to 2024-04-15 00:00:00+00:00, run_after=2024-04-16 00:00:00+00:00
[2024-04-16T21:36:18.846+0700] {logging_mixin.py:188} INFO - [2024-04-16T21:36:18.846+0700] {dag.py:3954} INFO - Setting next_dagrun for example_branch_datetime_operator_3 to 2024-04-15 00:00:00+00:00, run_after=2024-04-16 00:00:00+00:00
[2024-04-16T21:36:18.856+0700] {processor.py:183} INFO - Processing /opt/homebrew/Caskroom/miniconda/base/lib/python3.11/site-packages/airflow/example_dags/example_branch_datetime_operator.py took 0.103 seconds
[2024-04-16T21:39:05.877+0700] {processor.py:161} INFO - Started process (PID=67980) to work on /opt/homebrew/Caskroom/miniconda/base/lib/python3.11/site-packages/airflow/example_dags/example_branch_datetime_operator.py
[2024-04-16T21:39:05.879+0700] {processor.py:830} INFO - Processing file /opt/homebrew/Caskroom/miniconda/base/lib/python3.11/site-packages/airflow/example_dags/example_branch_datetime_operator.py for tasks to queue
[2024-04-16T21:39:07.803+0700] {logging_mixin.py:188} INFO - [2024-04-16T21:39:07.801+0700] {dagbag.py:540} INFO - Filling up the DagBag from /opt/homebrew/Caskroom/miniconda/base/lib/python3.11/site-packages/airflow/example_dags/example_branch_datetime_operator.py
[2024-04-16T21:39:07.875+0700] {processor.py:840} INFO - DAG(s) 'example_branch_datetime_operator', 'example_branch_datetime_operator_2', 'example_branch_datetime_operator_3' retrieved from /opt/homebrew/Caskroom/miniconda/base/lib/python3.11/site-packages/airflow/example_dags/example_branch_datetime_operator.py
[2024-04-16T21:39:08.127+0700] {logging_mixin.py:188} INFO - [2024-04-16T21:39:08.127+0700] {dag.py:3096} INFO - Sync 3 DAGs
[2024-04-16T21:39:08.156+0700] {logging_mixin.py:188} INFO - [2024-04-16T21:39:08.156+0700] {dag.py:3954} INFO - Setting next_dagrun for example_branch_datetime_operator to 2024-04-15 00:00:00+00:00, run_after=2024-04-16 00:00:00+00:00
[2024-04-16T21:39:08.164+0700] {logging_mixin.py:188} INFO - [2024-04-16T21:39:08.164+0700] {dag.py:3954} INFO - Setting next_dagrun for example_branch_datetime_operator_2 to 2024-04-15 00:00:00+00:00, run_after=2024-04-16 00:00:00+00:00
[2024-04-16T21:39:08.167+0700] {logging_mixin.py:188} INFO - [2024-04-16T21:39:08.167+0700] {dag.py:3954} INFO - Setting next_dagrun for example_branch_datetime_operator_3 to 2024-04-15 00:00:00+00:00, run_after=2024-04-16 00:00:00+00:00
[2024-04-16T21:39:08.204+0700] {processor.py:183} INFO - Processing /opt/homebrew/Caskroom/miniconda/base/lib/python3.11/site-packages/airflow/example_dags/example_branch_datetime_operator.py took 2.331 seconds
[2024-04-16T21:42:25.953+0700] {processor.py:161} INFO - Started process (PID=68912) to work on /opt/homebrew/Caskroom/miniconda/base/lib/python3.11/site-packages/airflow/example_dags/example_branch_datetime_operator.py
[2024-04-16T21:42:25.985+0700] {processor.py:830} INFO - Processing file /opt/homebrew/Caskroom/miniconda/base/lib/python3.11/site-packages/airflow/example_dags/example_branch_datetime_operator.py for tasks to queue
[2024-04-16T21:42:25.993+0700] {logging_mixin.py:188} INFO - [2024-04-16T21:42:25.988+0700] {dagbag.py:540} INFO - Filling up the DagBag from /opt/homebrew/Caskroom/miniconda/base/lib/python3.11/site-packages/airflow/example_dags/example_branch_datetime_operator.py
[2024-04-16T21:42:26.062+0700] {processor.py:840} INFO - DAG(s) 'example_branch_datetime_operator', 'example_branch_datetime_operator_3', 'example_branch_datetime_operator_2' retrieved from /opt/homebrew/Caskroom/miniconda/base/lib/python3.11/site-packages/airflow/example_dags/example_branch_datetime_operator.py
[2024-04-16T21:42:26.462+0700] {logging_mixin.py:188} INFO - [2024-04-16T21:42:26.461+0700] {dag.py:3096} INFO - Sync 3 DAGs
[2024-04-16T21:42:26.499+0700] {logging_mixin.py:188} INFO - [2024-04-16T21:42:26.499+0700] {dag.py:3954} INFO - Setting next_dagrun for example_branch_datetime_operator to 2024-04-15 00:00:00+00:00, run_after=2024-04-16 00:00:00+00:00
[2024-04-16T21:42:26.507+0700] {logging_mixin.py:188} INFO - [2024-04-16T21:42:26.507+0700] {dag.py:3954} INFO - Setting next_dagrun for example_branch_datetime_operator_2 to 2024-04-15 00:00:00+00:00, run_after=2024-04-16 00:00:00+00:00
[2024-04-16T21:42:26.516+0700] {logging_mixin.py:188} INFO - [2024-04-16T21:42:26.515+0700] {dag.py:3954} INFO - Setting next_dagrun for example_branch_datetime_operator_3 to 2024-04-15 00:00:00+00:00, run_after=2024-04-16 00:00:00+00:00
[2024-04-16T21:42:26.561+0700] {processor.py:183} INFO - Processing /opt/homebrew/Caskroom/miniconda/base/lib/python3.11/site-packages/airflow/example_dags/example_branch_datetime_operator.py took 0.635 seconds
[2024-04-16T21:45:30.872+0700] {processor.py:161} INFO - Started process (PID=69752) to work on /opt/homebrew/Caskroom/miniconda/base/lib/python3.11/site-packages/airflow/example_dags/example_branch_datetime_operator.py
[2024-04-16T21:45:30.873+0700] {processor.py:830} INFO - Processing file /opt/homebrew/Caskroom/miniconda/base/lib/python3.11/site-packages/airflow/example_dags/example_branch_datetime_operator.py for tasks to queue
[2024-04-16T21:45:30.874+0700] {logging_mixin.py:188} INFO - [2024-04-16T21:45:30.874+0700] {dagbag.py:540} INFO - Filling up the DagBag from /opt/homebrew/Caskroom/miniconda/base/lib/python3.11/site-packages/airflow/example_dags/example_branch_datetime_operator.py
[2024-04-16T21:45:30.883+0700] {processor.py:840} INFO - DAG(s) 'example_branch_datetime_operator_2', 'example_branch_datetime_operator', 'example_branch_datetime_operator_3' retrieved from /opt/homebrew/Caskroom/miniconda/base/lib/python3.11/site-packages/airflow/example_dags/example_branch_datetime_operator.py
[2024-04-16T21:45:30.949+0700] {logging_mixin.py:188} INFO - [2024-04-16T21:45:30.949+0700] {dag.py:3096} INFO - Sync 3 DAGs
[2024-04-16T21:45:30.961+0700] {logging_mixin.py:188} INFO - [2024-04-16T21:45:30.961+0700] {dag.py:3954} INFO - Setting next_dagrun for example_branch_datetime_operator to 2024-04-15 00:00:00+00:00, run_after=2024-04-16 00:00:00+00:00
[2024-04-16T21:45:30.963+0700] {logging_mixin.py:188} INFO - [2024-04-16T21:45:30.963+0700] {dag.py:3954} INFO - Setting next_dagrun for example_branch_datetime_operator_2 to 2024-04-15 00:00:00+00:00, run_after=2024-04-16 00:00:00+00:00
[2024-04-16T21:45:30.965+0700] {logging_mixin.py:188} INFO - [2024-04-16T21:45:30.964+0700] {dag.py:3954} INFO - Setting next_dagrun for example_branch_datetime_operator_3 to 2024-04-15 00:00:00+00:00, run_after=2024-04-16 00:00:00+00:00
[2024-04-16T21:45:30.974+0700] {processor.py:183} INFO - Processing /opt/homebrew/Caskroom/miniconda/base/lib/python3.11/site-packages/airflow/example_dags/example_branch_datetime_operator.py took 0.104 seconds
[2024-04-16T21:49:20.831+0700] {processor.py:161} INFO - Started process (PID=70792) to work on /opt/homebrew/Caskroom/miniconda/base/lib/python3.11/site-packages/airflow/example_dags/example_branch_datetime_operator.py
[2024-04-16T21:49:20.832+0700] {processor.py:830} INFO - Processing file /opt/homebrew/Caskroom/miniconda/base/lib/python3.11/site-packages/airflow/example_dags/example_branch_datetime_operator.py for tasks to queue
[2024-04-16T21:49:20.833+0700] {logging_mixin.py:188} INFO - [2024-04-16T21:49:20.833+0700] {dagbag.py:540} INFO - Filling up the DagBag from /opt/homebrew/Caskroom/miniconda/base/lib/python3.11/site-packages/airflow/example_dags/example_branch_datetime_operator.py
[2024-04-16T21:49:20.841+0700] {processor.py:840} INFO - DAG(s) 'example_branch_datetime_operator_2', 'example_branch_datetime_operator', 'example_branch_datetime_operator_3' retrieved from /opt/homebrew/Caskroom/miniconda/base/lib/python3.11/site-packages/airflow/example_dags/example_branch_datetime_operator.py
[2024-04-16T21:49:20.909+0700] {logging_mixin.py:188} INFO - [2024-04-16T21:49:20.908+0700] {dag.py:3096} INFO - Sync 3 DAGs
[2024-04-16T21:49:20.923+0700] {logging_mixin.py:188} INFO - [2024-04-16T21:49:20.922+0700] {dag.py:3954} INFO - Setting next_dagrun for example_branch_datetime_operator to 2024-04-15 00:00:00+00:00, run_after=2024-04-16 00:00:00+00:00
[2024-04-16T21:49:20.925+0700] {logging_mixin.py:188} INFO - [2024-04-16T21:49:20.925+0700] {dag.py:3954} INFO - Setting next_dagrun for example_branch_datetime_operator_2 to 2024-04-15 00:00:00+00:00, run_after=2024-04-16 00:00:00+00:00
[2024-04-16T21:49:20.926+0700] {logging_mixin.py:188} INFO - [2024-04-16T21:49:20.926+0700] {dag.py:3954} INFO - Setting next_dagrun for example_branch_datetime_operator_3 to 2024-04-15 00:00:00+00:00, run_after=2024-04-16 00:00:00+00:00
[2024-04-16T21:49:20.936+0700] {processor.py:183} INFO - Processing /opt/homebrew/Caskroom/miniconda/base/lib/python3.11/site-packages/airflow/example_dags/example_branch_datetime_operator.py took 0.107 seconds
[2024-04-16T21:53:54.744+0700] {processor.py:161} INFO - Started process (PID=72397) to work on /opt/homebrew/Caskroom/miniconda/base/lib/python3.11/site-packages/airflow/example_dags/example_branch_datetime_operator.py
[2024-04-16T21:53:54.746+0700] {processor.py:830} INFO - Processing file /opt/homebrew/Caskroom/miniconda/base/lib/python3.11/site-packages/airflow/example_dags/example_branch_datetime_operator.py for tasks to queue
[2024-04-16T21:53:54.746+0700] {logging_mixin.py:188} INFO - [2024-04-16T21:53:54.746+0700] {dagbag.py:540} INFO - Filling up the DagBag from /opt/homebrew/Caskroom/miniconda/base/lib/python3.11/site-packages/airflow/example_dags/example_branch_datetime_operator.py
[2024-04-16T21:53:54.756+0700] {processor.py:840} INFO - DAG(s) 'example_branch_datetime_operator_2', 'example_branch_datetime_operator_3', 'example_branch_datetime_operator' retrieved from /opt/homebrew/Caskroom/miniconda/base/lib/python3.11/site-packages/airflow/example_dags/example_branch_datetime_operator.py
[2024-04-16T21:53:54.859+0700] {logging_mixin.py:188} INFO - [2024-04-16T21:53:54.859+0700] {dag.py:3096} INFO - Sync 3 DAGs
[2024-04-16T21:53:54.873+0700] {logging_mixin.py:188} INFO - [2024-04-16T21:53:54.873+0700] {dag.py:3954} INFO - Setting next_dagrun for example_branch_datetime_operator to 2024-04-15 00:00:00+00:00, run_after=2024-04-16 00:00:00+00:00
[2024-04-16T21:53:54.876+0700] {logging_mixin.py:188} INFO - [2024-04-16T21:53:54.876+0700] {dag.py:3954} INFO - Setting next_dagrun for example_branch_datetime_operator_2 to 2024-04-15 00:00:00+00:00, run_after=2024-04-16 00:00:00+00:00
[2024-04-16T21:53:54.877+0700] {logging_mixin.py:188} INFO - [2024-04-16T21:53:54.877+0700] {dag.py:3954} INFO - Setting next_dagrun for example_branch_datetime_operator_3 to 2024-04-15 00:00:00+00:00, run_after=2024-04-16 00:00:00+00:00
[2024-04-16T21:53:54.889+0700] {processor.py:183} INFO - Processing /opt/homebrew/Caskroom/miniconda/base/lib/python3.11/site-packages/airflow/example_dags/example_branch_datetime_operator.py took 0.146 seconds
[2024-04-16T21:57:10.742+0700] {processor.py:161} INFO - Started process (PID=73390) to work on /opt/homebrew/Caskroom/miniconda/base/lib/python3.11/site-packages/airflow/example_dags/example_branch_datetime_operator.py
[2024-04-16T21:57:10.743+0700] {processor.py:830} INFO - Processing file /opt/homebrew/Caskroom/miniconda/base/lib/python3.11/site-packages/airflow/example_dags/example_branch_datetime_operator.py for tasks to queue
[2024-04-16T21:57:10.743+0700] {logging_mixin.py:188} INFO - [2024-04-16T21:57:10.743+0700] {dagbag.py:540} INFO - Filling up the DagBag from /opt/homebrew/Caskroom/miniconda/base/lib/python3.11/site-packages/airflow/example_dags/example_branch_datetime_operator.py
[2024-04-16T21:57:10.753+0700] {processor.py:840} INFO - DAG(s) 'example_branch_datetime_operator', 'example_branch_datetime_operator_2', 'example_branch_datetime_operator_3' retrieved from /opt/homebrew/Caskroom/miniconda/base/lib/python3.11/site-packages/airflow/example_dags/example_branch_datetime_operator.py
[2024-04-16T21:57:10.823+0700] {logging_mixin.py:188} INFO - [2024-04-16T21:57:10.823+0700] {dag.py:3096} INFO - Sync 3 DAGs
[2024-04-16T21:57:10.835+0700] {logging_mixin.py:188} INFO - [2024-04-16T21:57:10.834+0700] {dag.py:3954} INFO - Setting next_dagrun for example_branch_datetime_operator to 2024-04-15 00:00:00+00:00, run_after=2024-04-16 00:00:00+00:00
[2024-04-16T21:57:10.837+0700] {logging_mixin.py:188} INFO - [2024-04-16T21:57:10.837+0700] {dag.py:3954} INFO - Setting next_dagrun for example_branch_datetime_operator_2 to 2024-04-15 00:00:00+00:00, run_after=2024-04-16 00:00:00+00:00
[2024-04-16T21:57:10.839+0700] {logging_mixin.py:188} INFO - [2024-04-16T21:57:10.838+0700] {dag.py:3954} INFO - Setting next_dagrun for example_branch_datetime_operator_3 to 2024-04-15 00:00:00+00:00, run_after=2024-04-16 00:00:00+00:00
[2024-04-16T21:57:10.849+0700] {processor.py:183} INFO - Processing /opt/homebrew/Caskroom/miniconda/base/lib/python3.11/site-packages/airflow/example_dags/example_branch_datetime_operator.py took 0.109 seconds
[2024-04-16T22:00:03.071+0700] {processor.py:161} INFO - Started process (PID=74657) to work on /opt/homebrew/Caskroom/miniconda/base/lib/python3.11/site-packages/airflow/example_dags/example_branch_datetime_operator.py
[2024-04-16T22:00:03.072+0700] {processor.py:830} INFO - Processing file /opt/homebrew/Caskroom/miniconda/base/lib/python3.11/site-packages/airflow/example_dags/example_branch_datetime_operator.py for tasks to queue
[2024-04-16T22:00:03.072+0700] {logging_mixin.py:188} INFO - [2024-04-16T22:00:03.072+0700] {dagbag.py:540} INFO - Filling up the DagBag from /opt/homebrew/Caskroom/miniconda/base/lib/python3.11/site-packages/airflow/example_dags/example_branch_datetime_operator.py
[2024-04-16T22:00:03.081+0700] {processor.py:840} INFO - DAG(s) 'example_branch_datetime_operator', 'example_branch_datetime_operator_2', 'example_branch_datetime_operator_3' retrieved from /opt/homebrew/Caskroom/miniconda/base/lib/python3.11/site-packages/airflow/example_dags/example_branch_datetime_operator.py
[2024-04-16T22:00:03.150+0700] {logging_mixin.py:188} INFO - [2024-04-16T22:00:03.149+0700] {dag.py:3096} INFO - Sync 3 DAGs
[2024-04-16T22:00:03.161+0700] {logging_mixin.py:188} INFO - [2024-04-16T22:00:03.161+0700] {dag.py:3954} INFO - Setting next_dagrun for example_branch_datetime_operator to 2024-04-15 00:00:00+00:00, run_after=2024-04-16 00:00:00+00:00
[2024-04-16T22:00:03.164+0700] {logging_mixin.py:188} INFO - [2024-04-16T22:00:03.164+0700] {dag.py:3954} INFO - Setting next_dagrun for example_branch_datetime_operator_2 to 2024-04-15 00:00:00+00:00, run_after=2024-04-16 00:00:00+00:00
[2024-04-16T22:00:03.165+0700] {logging_mixin.py:188} INFO - [2024-04-16T22:00:03.165+0700] {dag.py:3954} INFO - Setting next_dagrun for example_branch_datetime_operator_3 to 2024-04-15 00:00:00+00:00, run_after=2024-04-16 00:00:00+00:00
[2024-04-16T22:00:03.178+0700] {processor.py:183} INFO - Processing /opt/homebrew/Caskroom/miniconda/base/lib/python3.11/site-packages/airflow/example_dags/example_branch_datetime_operator.py took 0.109 seconds
[2024-04-16T22:02:53.724+0700] {processor.py:161} INFO - Started process (PID=75571) to work on /opt/homebrew/Caskroom/miniconda/base/lib/python3.11/site-packages/airflow/example_dags/example_branch_datetime_operator.py
[2024-04-16T22:02:53.726+0700] {processor.py:830} INFO - Processing file /opt/homebrew/Caskroom/miniconda/base/lib/python3.11/site-packages/airflow/example_dags/example_branch_datetime_operator.py for tasks to queue
[2024-04-16T22:02:53.727+0700] {logging_mixin.py:188} INFO - [2024-04-16T22:02:53.727+0700] {dagbag.py:540} INFO - Filling up the DagBag from /opt/homebrew/Caskroom/miniconda/base/lib/python3.11/site-packages/airflow/example_dags/example_branch_datetime_operator.py
[2024-04-16T22:02:53.857+0700] {processor.py:840} INFO - DAG(s) 'example_branch_datetime_operator_2', 'example_branch_datetime_operator_3', 'example_branch_datetime_operator' retrieved from /opt/homebrew/Caskroom/miniconda/base/lib/python3.11/site-packages/airflow/example_dags/example_branch_datetime_operator.py
[2024-04-16T22:02:54.123+0700] {logging_mixin.py:188} INFO - [2024-04-16T22:02:54.122+0700] {dag.py:3096} INFO - Sync 3 DAGs
[2024-04-16T22:02:54.154+0700] {logging_mixin.py:188} INFO - [2024-04-16T22:02:54.153+0700] {dag.py:3954} INFO - Setting next_dagrun for example_branch_datetime_operator to 2024-04-15 00:00:00+00:00, run_after=2024-04-16 00:00:00+00:00
[2024-04-16T22:02:54.160+0700] {logging_mixin.py:188} INFO - [2024-04-16T22:02:54.160+0700] {dag.py:3954} INFO - Setting next_dagrun for example_branch_datetime_operator_2 to 2024-04-15 00:00:00+00:00, run_after=2024-04-16 00:00:00+00:00
[2024-04-16T22:02:54.165+0700] {logging_mixin.py:188} INFO - [2024-04-16T22:02:54.164+0700] {dag.py:3954} INFO - Setting next_dagrun for example_branch_datetime_operator_3 to 2024-04-15 00:00:00+00:00, run_after=2024-04-16 00:00:00+00:00
[2024-04-16T22:02:54.190+0700] {processor.py:183} INFO - Processing /opt/homebrew/Caskroom/miniconda/base/lib/python3.11/site-packages/airflow/example_dags/example_branch_datetime_operator.py took 0.471 seconds
[2024-04-16T22:05:50.768+0700] {processor.py:161} INFO - Started process (PID=76625) to work on /opt/homebrew/Caskroom/miniconda/base/lib/python3.11/site-packages/airflow/example_dags/example_branch_datetime_operator.py
[2024-04-16T22:05:50.769+0700] {processor.py:830} INFO - Processing file /opt/homebrew/Caskroom/miniconda/base/lib/python3.11/site-packages/airflow/example_dags/example_branch_datetime_operator.py for tasks to queue
[2024-04-16T22:05:50.770+0700] {logging_mixin.py:188} INFO - [2024-04-16T22:05:50.769+0700] {dagbag.py:540} INFO - Filling up the DagBag from /opt/homebrew/Caskroom/miniconda/base/lib/python3.11/site-packages/airflow/example_dags/example_branch_datetime_operator.py
[2024-04-16T22:05:50.778+0700] {processor.py:840} INFO - DAG(s) 'example_branch_datetime_operator', 'example_branch_datetime_operator_2', 'example_branch_datetime_operator_3' retrieved from /opt/homebrew/Caskroom/miniconda/base/lib/python3.11/site-packages/airflow/example_dags/example_branch_datetime_operator.py
[2024-04-16T22:05:50.854+0700] {logging_mixin.py:188} INFO - [2024-04-16T22:05:50.854+0700] {dag.py:3096} INFO - Sync 3 DAGs
[2024-04-16T22:05:50.866+0700] {logging_mixin.py:188} INFO - [2024-04-16T22:05:50.866+0700] {dag.py:3954} INFO - Setting next_dagrun for example_branch_datetime_operator to 2024-04-15 00:00:00+00:00, run_after=2024-04-16 00:00:00+00:00
[2024-04-16T22:05:50.869+0700] {logging_mixin.py:188} INFO - [2024-04-16T22:05:50.869+0700] {dag.py:3954} INFO - Setting next_dagrun for example_branch_datetime_operator_2 to 2024-04-15 00:00:00+00:00, run_after=2024-04-16 00:00:00+00:00
[2024-04-16T22:05:50.870+0700] {logging_mixin.py:188} INFO - [2024-04-16T22:05:50.870+0700] {dag.py:3954} INFO - Setting next_dagrun for example_branch_datetime_operator_3 to 2024-04-15 00:00:00+00:00, run_after=2024-04-16 00:00:00+00:00
[2024-04-16T22:05:50.882+0700] {processor.py:183} INFO - Processing /opt/homebrew/Caskroom/miniconda/base/lib/python3.11/site-packages/airflow/example_dags/example_branch_datetime_operator.py took 0.117 seconds
[2024-04-16T22:09:21.859+0700] {processor.py:161} INFO - Started process (PID=77755) to work on /opt/homebrew/Caskroom/miniconda/base/lib/python3.11/site-packages/airflow/example_dags/example_branch_datetime_operator.py
[2024-04-16T22:09:21.860+0700] {processor.py:830} INFO - Processing file /opt/homebrew/Caskroom/miniconda/base/lib/python3.11/site-packages/airflow/example_dags/example_branch_datetime_operator.py for tasks to queue
[2024-04-16T22:09:21.860+0700] {logging_mixin.py:188} INFO - [2024-04-16T22:09:21.860+0700] {dagbag.py:540} INFO - Filling up the DagBag from /opt/homebrew/Caskroom/miniconda/base/lib/python3.11/site-packages/airflow/example_dags/example_branch_datetime_operator.py
[2024-04-16T22:09:21.869+0700] {processor.py:840} INFO - DAG(s) 'example_branch_datetime_operator', 'example_branch_datetime_operator_3', 'example_branch_datetime_operator_2' retrieved from /opt/homebrew/Caskroom/miniconda/base/lib/python3.11/site-packages/airflow/example_dags/example_branch_datetime_operator.py
[2024-04-16T22:09:21.937+0700] {logging_mixin.py:188} INFO - [2024-04-16T22:09:21.937+0700] {dag.py:3096} INFO - Sync 3 DAGs
[2024-04-16T22:09:21.949+0700] {logging_mixin.py:188} INFO - [2024-04-16T22:09:21.949+0700] {dag.py:3954} INFO - Setting next_dagrun for example_branch_datetime_operator to 2024-04-15 00:00:00+00:00, run_after=2024-04-16 00:00:00+00:00
[2024-04-16T22:09:21.952+0700] {logging_mixin.py:188} INFO - [2024-04-16T22:09:21.951+0700] {dag.py:3954} INFO - Setting next_dagrun for example_branch_datetime_operator_2 to 2024-04-15 00:00:00+00:00, run_after=2024-04-16 00:00:00+00:00
[2024-04-16T22:09:21.953+0700] {logging_mixin.py:188} INFO - [2024-04-16T22:09:21.953+0700] {dag.py:3954} INFO - Setting next_dagrun for example_branch_datetime_operator_3 to 2024-04-15 00:00:00+00:00, run_after=2024-04-16 00:00:00+00:00
[2024-04-16T22:09:21.963+0700] {processor.py:183} INFO - Processing /opt/homebrew/Caskroom/miniconda/base/lib/python3.11/site-packages/airflow/example_dags/example_branch_datetime_operator.py took 0.105 seconds
[2024-04-16T22:12:34.368+0700] {processor.py:161} INFO - Started process (PID=78859) to work on /opt/homebrew/Caskroom/miniconda/base/lib/python3.11/site-packages/airflow/example_dags/example_branch_datetime_operator.py
[2024-04-16T22:12:34.369+0700] {processor.py:830} INFO - Processing file /opt/homebrew/Caskroom/miniconda/base/lib/python3.11/site-packages/airflow/example_dags/example_branch_datetime_operator.py for tasks to queue
[2024-04-16T22:12:34.369+0700] {logging_mixin.py:188} INFO - [2024-04-16T22:12:34.369+0700] {dagbag.py:540} INFO - Filling up the DagBag from /opt/homebrew/Caskroom/miniconda/base/lib/python3.11/site-packages/airflow/example_dags/example_branch_datetime_operator.py
[2024-04-16T22:12:34.378+0700] {processor.py:840} INFO - DAG(s) 'example_branch_datetime_operator_2', 'example_branch_datetime_operator', 'example_branch_datetime_operator_3' retrieved from /opt/homebrew/Caskroom/miniconda/base/lib/python3.11/site-packages/airflow/example_dags/example_branch_datetime_operator.py
[2024-04-16T22:12:34.445+0700] {logging_mixin.py:188} INFO - [2024-04-16T22:12:34.444+0700] {dag.py:3096} INFO - Sync 3 DAGs
[2024-04-16T22:12:34.456+0700] {logging_mixin.py:188} INFO - [2024-04-16T22:12:34.455+0700] {dag.py:3954} INFO - Setting next_dagrun for example_branch_datetime_operator to 2024-04-15 00:00:00+00:00, run_after=2024-04-16 00:00:00+00:00
[2024-04-16T22:12:34.458+0700] {logging_mixin.py:188} INFO - [2024-04-16T22:12:34.458+0700] {dag.py:3954} INFO - Setting next_dagrun for example_branch_datetime_operator_2 to 2024-04-15 00:00:00+00:00, run_after=2024-04-16 00:00:00+00:00
[2024-04-16T22:12:34.459+0700] {logging_mixin.py:188} INFO - [2024-04-16T22:12:34.459+0700] {dag.py:3954} INFO - Setting next_dagrun for example_branch_datetime_operator_3 to 2024-04-15 00:00:00+00:00, run_after=2024-04-16 00:00:00+00:00
[2024-04-16T22:12:34.469+0700] {processor.py:183} INFO - Processing /opt/homebrew/Caskroom/miniconda/base/lib/python3.11/site-packages/airflow/example_dags/example_branch_datetime_operator.py took 0.102 seconds
[2024-04-16T22:16:50.672+0700] {processor.py:161} INFO - Started process (PID=80192) to work on /opt/homebrew/Caskroom/miniconda/base/lib/python3.11/site-packages/airflow/example_dags/example_branch_datetime_operator.py
[2024-04-16T22:16:50.674+0700] {processor.py:830} INFO - Processing file /opt/homebrew/Caskroom/miniconda/base/lib/python3.11/site-packages/airflow/example_dags/example_branch_datetime_operator.py for tasks to queue
[2024-04-16T22:16:50.675+0700] {logging_mixin.py:188} INFO - [2024-04-16T22:16:50.675+0700] {dagbag.py:540} INFO - Filling up the DagBag from /opt/homebrew/Caskroom/miniconda/base/lib/python3.11/site-packages/airflow/example_dags/example_branch_datetime_operator.py
[2024-04-16T22:16:50.699+0700] {processor.py:840} INFO - DAG(s) 'example_branch_datetime_operator_3', 'example_branch_datetime_operator', 'example_branch_datetime_operator_2' retrieved from /opt/homebrew/Caskroom/miniconda/base/lib/python3.11/site-packages/airflow/example_dags/example_branch_datetime_operator.py
[2024-04-16T22:16:50.960+0700] {logging_mixin.py:188} INFO - [2024-04-16T22:16:50.959+0700] {dag.py:3096} INFO - Sync 3 DAGs
[2024-04-16T22:16:50.999+0700] {logging_mixin.py:188} INFO - [2024-04-16T22:16:50.998+0700] {dag.py:3954} INFO - Setting next_dagrun for example_branch_datetime_operator to 2024-04-15 00:00:00+00:00, run_after=2024-04-16 00:00:00+00:00
[2024-04-16T22:16:51.008+0700] {logging_mixin.py:188} INFO - [2024-04-16T22:16:51.007+0700] {dag.py:3954} INFO - Setting next_dagrun for example_branch_datetime_operator_2 to 2024-04-15 00:00:00+00:00, run_after=2024-04-16 00:00:00+00:00
[2024-04-16T22:16:51.012+0700] {logging_mixin.py:188} INFO - [2024-04-16T22:16:51.011+0700] {dag.py:3954} INFO - Setting next_dagrun for example_branch_datetime_operator_3 to 2024-04-15 00:00:00+00:00, run_after=2024-04-16 00:00:00+00:00
[2024-04-16T22:16:51.042+0700] {processor.py:183} INFO - Processing /opt/homebrew/Caskroom/miniconda/base/lib/python3.11/site-packages/airflow/example_dags/example_branch_datetime_operator.py took 0.374 seconds
[2024-04-16T22:25:18.062+0700] {processor.py:161} INFO - Started process (PID=82547) to work on /opt/homebrew/Caskroom/miniconda/base/lib/python3.11/site-packages/airflow/example_dags/example_branch_datetime_operator.py
[2024-04-16T22:25:18.066+0700] {processor.py:830} INFO - Processing file /opt/homebrew/Caskroom/miniconda/base/lib/python3.11/site-packages/airflow/example_dags/example_branch_datetime_operator.py for tasks to queue
[2024-04-16T22:25:18.067+0700] {logging_mixin.py:188} INFO - [2024-04-16T22:25:18.066+0700] {dagbag.py:540} INFO - Filling up the DagBag from /opt/homebrew/Caskroom/miniconda/base/lib/python3.11/site-packages/airflow/example_dags/example_branch_datetime_operator.py
[2024-04-16T22:25:18.082+0700] {processor.py:840} INFO - DAG(s) 'example_branch_datetime_operator', 'example_branch_datetime_operator_3', 'example_branch_datetime_operator_2' retrieved from /opt/homebrew/Caskroom/miniconda/base/lib/python3.11/site-packages/airflow/example_dags/example_branch_datetime_operator.py
[2024-04-16T22:25:18.164+0700] {logging_mixin.py:188} INFO - [2024-04-16T22:25:18.164+0700] {dag.py:3096} INFO - Sync 3 DAGs
[2024-04-16T22:25:18.178+0700] {logging_mixin.py:188} INFO - [2024-04-16T22:25:18.178+0700] {dag.py:3954} INFO - Setting next_dagrun for example_branch_datetime_operator to 2024-04-15 00:00:00+00:00, run_after=2024-04-16 00:00:00+00:00
[2024-04-16T22:25:18.182+0700] {logging_mixin.py:188} INFO - [2024-04-16T22:25:18.182+0700] {dag.py:3954} INFO - Setting next_dagrun for example_branch_datetime_operator_2 to 2024-04-15 00:00:00+00:00, run_after=2024-04-16 00:00:00+00:00
[2024-04-16T22:25:18.184+0700] {logging_mixin.py:188} INFO - [2024-04-16T22:25:18.183+0700] {dag.py:3954} INFO - Setting next_dagrun for example_branch_datetime_operator_3 to 2024-04-15 00:00:00+00:00, run_after=2024-04-16 00:00:00+00:00
[2024-04-16T22:25:18.200+0700] {processor.py:183} INFO - Processing /opt/homebrew/Caskroom/miniconda/base/lib/python3.11/site-packages/airflow/example_dags/example_branch_datetime_operator.py took 0.140 seconds
