[2024-04-16T20:52:47.641+0700] {processor.py:161} INFO - Started process (PID=54214) to work on /opt/homebrew/Caskroom/miniconda/base/lib/python3.11/site-packages/airflow/example_dags/example_setup_teardown.py
[2024-04-16T20:52:47.642+0700] {processor.py:830} INFO - Processing file /opt/homebrew/Caskroom/miniconda/base/lib/python3.11/site-packages/airflow/example_dags/example_setup_teardown.py for tasks to queue
[2024-04-16T20:52:47.642+0700] {logging_mixin.py:188} INFO - [2024-04-16T20:52:47.642+0700] {dagbag.py:540} INFO - Filling up the DagBag from /opt/homebrew/Caskroom/miniconda/base/lib/python3.11/site-packages/airflow/example_dags/example_setup_teardown.py
[2024-04-16T20:52:47.647+0700] {processor.py:840} INFO - DAG(s) 'example_setup_teardown' retrieved from /opt/homebrew/Caskroom/miniconda/base/lib/python3.11/site-packages/airflow/example_dags/example_setup_teardown.py
[2024-04-16T20:52:47.759+0700] {logging_mixin.py:188} INFO - [2024-04-16T20:52:47.759+0700] {dag.py:3096} INFO - Sync 1 DAGs
[2024-04-16T20:52:47.767+0700] {logging_mixin.py:188} INFO - [2024-04-16T20:52:47.767+0700] {dag.py:3954} INFO - Setting next_dagrun for example_setup_teardown to 2024-04-15 00:00:00+00:00, run_after=2024-04-16 00:00:00+00:00
[2024-04-16T20:52:47.779+0700] {processor.py:183} INFO - Processing /opt/homebrew/Caskroom/miniconda/base/lib/python3.11/site-packages/airflow/example_dags/example_setup_teardown.py took 0.140 seconds
[2024-04-16T20:54:38.673+0700] {processor.py:161} INFO - Started process (PID=54780) to work on /opt/homebrew/Caskroom/miniconda/base/lib/python3.11/site-packages/airflow/example_dags/example_setup_teardown.py
[2024-04-16T20:54:38.674+0700] {processor.py:830} INFO - Processing file /opt/homebrew/Caskroom/miniconda/base/lib/python3.11/site-packages/airflow/example_dags/example_setup_teardown.py for tasks to queue
[2024-04-16T20:54:38.675+0700] {logging_mixin.py:188} INFO - [2024-04-16T20:54:38.675+0700] {dagbag.py:540} INFO - Filling up the DagBag from /opt/homebrew/Caskroom/miniconda/base/lib/python3.11/site-packages/airflow/example_dags/example_setup_teardown.py
[2024-04-16T20:54:38.680+0700] {processor.py:840} INFO - DAG(s) 'example_setup_teardown' retrieved from /opt/homebrew/Caskroom/miniconda/base/lib/python3.11/site-packages/airflow/example_dags/example_setup_teardown.py
[2024-04-16T20:54:38.743+0700] {logging_mixin.py:188} INFO - [2024-04-16T20:54:38.743+0700] {dag.py:3096} INFO - Sync 1 DAGs
[2024-04-16T20:54:38.753+0700] {logging_mixin.py:188} INFO - [2024-04-16T20:54:38.753+0700] {dag.py:3954} INFO - Setting next_dagrun for example_setup_teardown to 2024-04-15 00:00:00+00:00, run_after=2024-04-16 00:00:00+00:00
[2024-04-16T20:54:38.763+0700] {processor.py:183} INFO - Processing /opt/homebrew/Caskroom/miniconda/base/lib/python3.11/site-packages/airflow/example_dags/example_setup_teardown.py took 0.092 seconds
[2024-04-16T20:57:09.706+0700] {processor.py:161} INFO - Started process (PID=55460) to work on /opt/homebrew/Caskroom/miniconda/base/lib/python3.11/site-packages/airflow/example_dags/example_setup_teardown.py
[2024-04-16T20:57:09.707+0700] {processor.py:830} INFO - Processing file /opt/homebrew/Caskroom/miniconda/base/lib/python3.11/site-packages/airflow/example_dags/example_setup_teardown.py for tasks to queue
[2024-04-16T20:57:09.707+0700] {logging_mixin.py:188} INFO - [2024-04-16T20:57:09.707+0700] {dagbag.py:540} INFO - Filling up the DagBag from /opt/homebrew/Caskroom/miniconda/base/lib/python3.11/site-packages/airflow/example_dags/example_setup_teardown.py
[2024-04-16T20:57:09.714+0700] {processor.py:840} INFO - DAG(s) 'example_setup_teardown' retrieved from /opt/homebrew/Caskroom/miniconda/base/lib/python3.11/site-packages/airflow/example_dags/example_setup_teardown.py
[2024-04-16T20:57:09.785+0700] {logging_mixin.py:188} INFO - [2024-04-16T20:57:09.785+0700] {dag.py:3096} INFO - Sync 1 DAGs
[2024-04-16T20:57:09.796+0700] {logging_mixin.py:188} INFO - [2024-04-16T20:57:09.796+0700] {dag.py:3954} INFO - Setting next_dagrun for example_setup_teardown to 2024-04-15 00:00:00+00:00, run_after=2024-04-16 00:00:00+00:00
[2024-04-16T20:57:09.808+0700] {processor.py:183} INFO - Processing /opt/homebrew/Caskroom/miniconda/base/lib/python3.11/site-packages/airflow/example_dags/example_setup_teardown.py took 0.104 seconds
[2024-04-16T20:59:42.391+0700] {processor.py:161} INFO - Started process (PID=56152) to work on /opt/homebrew/Caskroom/miniconda/base/lib/python3.11/site-packages/airflow/example_dags/example_setup_teardown.py
[2024-04-16T20:59:42.393+0700] {processor.py:830} INFO - Processing file /opt/homebrew/Caskroom/miniconda/base/lib/python3.11/site-packages/airflow/example_dags/example_setup_teardown.py for tasks to queue
[2024-04-16T20:59:42.393+0700] {logging_mixin.py:188} INFO - [2024-04-16T20:59:42.393+0700] {dagbag.py:540} INFO - Filling up the DagBag from /opt/homebrew/Caskroom/miniconda/base/lib/python3.11/site-packages/airflow/example_dags/example_setup_teardown.py
[2024-04-16T20:59:42.398+0700] {processor.py:840} INFO - DAG(s) 'example_setup_teardown' retrieved from /opt/homebrew/Caskroom/miniconda/base/lib/python3.11/site-packages/airflow/example_dags/example_setup_teardown.py
[2024-04-16T20:59:42.463+0700] {logging_mixin.py:188} INFO - [2024-04-16T20:59:42.463+0700] {dag.py:3096} INFO - Sync 1 DAGs
[2024-04-16T20:59:42.473+0700] {logging_mixin.py:188} INFO - [2024-04-16T20:59:42.473+0700] {dag.py:3954} INFO - Setting next_dagrun for example_setup_teardown to 2024-04-15 00:00:00+00:00, run_after=2024-04-16 00:00:00+00:00
[2024-04-16T20:59:42.485+0700] {processor.py:183} INFO - Processing /opt/homebrew/Caskroom/miniconda/base/lib/python3.11/site-packages/airflow/example_dags/example_setup_teardown.py took 0.095 seconds
[2024-04-16T21:02:17.201+0700] {processor.py:161} INFO - Started process (PID=56850) to work on /opt/homebrew/Caskroom/miniconda/base/lib/python3.11/site-packages/airflow/example_dags/example_setup_teardown.py
[2024-04-16T21:02:17.202+0700] {processor.py:830} INFO - Processing file /opt/homebrew/Caskroom/miniconda/base/lib/python3.11/site-packages/airflow/example_dags/example_setup_teardown.py for tasks to queue
[2024-04-16T21:02:17.202+0700] {logging_mixin.py:188} INFO - [2024-04-16T21:02:17.202+0700] {dagbag.py:540} INFO - Filling up the DagBag from /opt/homebrew/Caskroom/miniconda/base/lib/python3.11/site-packages/airflow/example_dags/example_setup_teardown.py
[2024-04-16T21:02:17.207+0700] {processor.py:840} INFO - DAG(s) 'example_setup_teardown' retrieved from /opt/homebrew/Caskroom/miniconda/base/lib/python3.11/site-packages/airflow/example_dags/example_setup_teardown.py
[2024-04-16T21:02:17.271+0700] {logging_mixin.py:188} INFO - [2024-04-16T21:02:17.271+0700] {dag.py:3096} INFO - Sync 1 DAGs
[2024-04-16T21:02:17.282+0700] {logging_mixin.py:188} INFO - [2024-04-16T21:02:17.282+0700] {dag.py:3954} INFO - Setting next_dagrun for example_setup_teardown to 2024-04-15 00:00:00+00:00, run_after=2024-04-16 00:00:00+00:00
[2024-04-16T21:02:17.294+0700] {processor.py:183} INFO - Processing /opt/homebrew/Caskroom/miniconda/base/lib/python3.11/site-packages/airflow/example_dags/example_setup_teardown.py took 0.095 seconds
[2024-04-16T21:04:48.992+0700] {processor.py:161} INFO - Started process (PID=57537) to work on /opt/homebrew/Caskroom/miniconda/base/lib/python3.11/site-packages/airflow/example_dags/example_setup_teardown.py
[2024-04-16T21:04:48.994+0700] {processor.py:830} INFO - Processing file /opt/homebrew/Caskroom/miniconda/base/lib/python3.11/site-packages/airflow/example_dags/example_setup_teardown.py for tasks to queue
[2024-04-16T21:04:48.994+0700] {logging_mixin.py:188} INFO - [2024-04-16T21:04:48.994+0700] {dagbag.py:540} INFO - Filling up the DagBag from /opt/homebrew/Caskroom/miniconda/base/lib/python3.11/site-packages/airflow/example_dags/example_setup_teardown.py
[2024-04-16T21:04:48.999+0700] {processor.py:840} INFO - DAG(s) 'example_setup_teardown' retrieved from /opt/homebrew/Caskroom/miniconda/base/lib/python3.11/site-packages/airflow/example_dags/example_setup_teardown.py
[2024-04-16T21:04:49.063+0700] {logging_mixin.py:188} INFO - [2024-04-16T21:04:49.062+0700] {dag.py:3096} INFO - Sync 1 DAGs
[2024-04-16T21:04:49.073+0700] {logging_mixin.py:188} INFO - [2024-04-16T21:04:49.072+0700] {dag.py:3954} INFO - Setting next_dagrun for example_setup_teardown to 2024-04-15 00:00:00+00:00, run_after=2024-04-16 00:00:00+00:00
[2024-04-16T21:04:49.083+0700] {processor.py:183} INFO - Processing /opt/homebrew/Caskroom/miniconda/base/lib/python3.11/site-packages/airflow/example_dags/example_setup_teardown.py took 0.092 seconds
[2024-04-16T21:07:22.989+0700] {processor.py:161} INFO - Started process (PID=58242) to work on /opt/homebrew/Caskroom/miniconda/base/lib/python3.11/site-packages/airflow/example_dags/example_setup_teardown.py
[2024-04-16T21:07:22.990+0700] {processor.py:830} INFO - Processing file /opt/homebrew/Caskroom/miniconda/base/lib/python3.11/site-packages/airflow/example_dags/example_setup_teardown.py for tasks to queue
[2024-04-16T21:07:22.990+0700] {logging_mixin.py:188} INFO - [2024-04-16T21:07:22.990+0700] {dagbag.py:540} INFO - Filling up the DagBag from /opt/homebrew/Caskroom/miniconda/base/lib/python3.11/site-packages/airflow/example_dags/example_setup_teardown.py
[2024-04-16T21:07:22.995+0700] {processor.py:840} INFO - DAG(s) 'example_setup_teardown' retrieved from /opt/homebrew/Caskroom/miniconda/base/lib/python3.11/site-packages/airflow/example_dags/example_setup_teardown.py
[2024-04-16T21:07:23.058+0700] {logging_mixin.py:188} INFO - [2024-04-16T21:07:23.057+0700] {dag.py:3096} INFO - Sync 1 DAGs
[2024-04-16T21:07:23.068+0700] {logging_mixin.py:188} INFO - [2024-04-16T21:07:23.068+0700] {dag.py:3954} INFO - Setting next_dagrun for example_setup_teardown to 2024-04-15 00:00:00+00:00, run_after=2024-04-16 00:00:00+00:00
[2024-04-16T21:07:23.079+0700] {processor.py:183} INFO - Processing /opt/homebrew/Caskroom/miniconda/base/lib/python3.11/site-packages/airflow/example_dags/example_setup_teardown.py took 0.092 seconds
[2024-04-16T21:10:00.398+0700] {processor.py:161} INFO - Started process (PID=58957) to work on /opt/homebrew/Caskroom/miniconda/base/lib/python3.11/site-packages/airflow/example_dags/example_setup_teardown.py
[2024-04-16T21:10:00.400+0700] {processor.py:830} INFO - Processing file /opt/homebrew/Caskroom/miniconda/base/lib/python3.11/site-packages/airflow/example_dags/example_setup_teardown.py for tasks to queue
[2024-04-16T21:10:00.400+0700] {logging_mixin.py:188} INFO - [2024-04-16T21:10:00.400+0700] {dagbag.py:540} INFO - Filling up the DagBag from /opt/homebrew/Caskroom/miniconda/base/lib/python3.11/site-packages/airflow/example_dags/example_setup_teardown.py
[2024-04-16T21:10:00.406+0700] {processor.py:840} INFO - DAG(s) 'example_setup_teardown' retrieved from /opt/homebrew/Caskroom/miniconda/base/lib/python3.11/site-packages/airflow/example_dags/example_setup_teardown.py
[2024-04-16T21:10:00.477+0700] {logging_mixin.py:188} INFO - [2024-04-16T21:10:00.476+0700] {dag.py:3096} INFO - Sync 1 DAGs
[2024-04-16T21:10:00.487+0700] {logging_mixin.py:188} INFO - [2024-04-16T21:10:00.487+0700] {dag.py:3954} INFO - Setting next_dagrun for example_setup_teardown to 2024-04-15 00:00:00+00:00, run_after=2024-04-16 00:00:00+00:00
[2024-04-16T21:10:00.499+0700] {processor.py:183} INFO - Processing /opt/homebrew/Caskroom/miniconda/base/lib/python3.11/site-packages/airflow/example_dags/example_setup_teardown.py took 0.103 seconds
[2024-04-16T21:12:36.592+0700] {processor.py:161} INFO - Started process (PID=59669) to work on /opt/homebrew/Caskroom/miniconda/base/lib/python3.11/site-packages/airflow/example_dags/example_setup_teardown.py
[2024-04-16T21:12:36.594+0700] {processor.py:830} INFO - Processing file /opt/homebrew/Caskroom/miniconda/base/lib/python3.11/site-packages/airflow/example_dags/example_setup_teardown.py for tasks to queue
[2024-04-16T21:12:36.594+0700] {logging_mixin.py:188} INFO - [2024-04-16T21:12:36.594+0700] {dagbag.py:540} INFO - Filling up the DagBag from /opt/homebrew/Caskroom/miniconda/base/lib/python3.11/site-packages/airflow/example_dags/example_setup_teardown.py
[2024-04-16T21:12:36.599+0700] {processor.py:840} INFO - DAG(s) 'example_setup_teardown' retrieved from /opt/homebrew/Caskroom/miniconda/base/lib/python3.11/site-packages/airflow/example_dags/example_setup_teardown.py
[2024-04-16T21:12:36.669+0700] {logging_mixin.py:188} INFO - [2024-04-16T21:12:36.669+0700] {dag.py:3096} INFO - Sync 1 DAGs
[2024-04-16T21:12:36.681+0700] {logging_mixin.py:188} INFO - [2024-04-16T21:12:36.680+0700] {dag.py:3954} INFO - Setting next_dagrun for example_setup_teardown to 2024-04-15 00:00:00+00:00, run_after=2024-04-16 00:00:00+00:00
[2024-04-16T21:12:36.694+0700] {processor.py:183} INFO - Processing /opt/homebrew/Caskroom/miniconda/base/lib/python3.11/site-packages/airflow/example_dags/example_setup_teardown.py took 0.106 seconds
[2024-04-16T21:15:14.611+0700] {processor.py:161} INFO - Started process (PID=60405) to work on /opt/homebrew/Caskroom/miniconda/base/lib/python3.11/site-packages/airflow/example_dags/example_setup_teardown.py
[2024-04-16T21:15:14.613+0700] {processor.py:830} INFO - Processing file /opt/homebrew/Caskroom/miniconda/base/lib/python3.11/site-packages/airflow/example_dags/example_setup_teardown.py for tasks to queue
[2024-04-16T21:15:14.613+0700] {logging_mixin.py:188} INFO - [2024-04-16T21:15:14.613+0700] {dagbag.py:540} INFO - Filling up the DagBag from /opt/homebrew/Caskroom/miniconda/base/lib/python3.11/site-packages/airflow/example_dags/example_setup_teardown.py
[2024-04-16T21:15:14.619+0700] {processor.py:840} INFO - DAG(s) 'example_setup_teardown' retrieved from /opt/homebrew/Caskroom/miniconda/base/lib/python3.11/site-packages/airflow/example_dags/example_setup_teardown.py
[2024-04-16T21:15:14.682+0700] {logging_mixin.py:188} INFO - [2024-04-16T21:15:14.682+0700] {dag.py:3096} INFO - Sync 1 DAGs
[2024-04-16T21:15:14.692+0700] {logging_mixin.py:188} INFO - [2024-04-16T21:15:14.692+0700] {dag.py:3954} INFO - Setting next_dagrun for example_setup_teardown to 2024-04-15 00:00:00+00:00, run_after=2024-04-16 00:00:00+00:00
[2024-04-16T21:15:14.703+0700] {processor.py:183} INFO - Processing /opt/homebrew/Caskroom/miniconda/base/lib/python3.11/site-packages/airflow/example_dags/example_setup_teardown.py took 0.095 seconds
[2024-04-16T21:17:48.270+0700] {processor.py:161} INFO - Started process (PID=61099) to work on /opt/homebrew/Caskroom/miniconda/base/lib/python3.11/site-packages/airflow/example_dags/example_setup_teardown.py
[2024-04-16T21:17:48.271+0700] {processor.py:830} INFO - Processing file /opt/homebrew/Caskroom/miniconda/base/lib/python3.11/site-packages/airflow/example_dags/example_setup_teardown.py for tasks to queue
[2024-04-16T21:17:48.271+0700] {logging_mixin.py:188} INFO - [2024-04-16T21:17:48.271+0700] {dagbag.py:540} INFO - Filling up the DagBag from /opt/homebrew/Caskroom/miniconda/base/lib/python3.11/site-packages/airflow/example_dags/example_setup_teardown.py
[2024-04-16T21:17:48.277+0700] {processor.py:840} INFO - DAG(s) 'example_setup_teardown' retrieved from /opt/homebrew/Caskroom/miniconda/base/lib/python3.11/site-packages/airflow/example_dags/example_setup_teardown.py
[2024-04-16T21:17:48.343+0700] {logging_mixin.py:188} INFO - [2024-04-16T21:17:48.343+0700] {dag.py:3096} INFO - Sync 1 DAGs
[2024-04-16T21:17:48.353+0700] {logging_mixin.py:188} INFO - [2024-04-16T21:17:48.353+0700] {dag.py:3954} INFO - Setting next_dagrun for example_setup_teardown to 2024-04-15 00:00:00+00:00, run_after=2024-04-16 00:00:00+00:00
[2024-04-16T21:17:48.365+0700] {processor.py:183} INFO - Processing /opt/homebrew/Caskroom/miniconda/base/lib/python3.11/site-packages/airflow/example_dags/example_setup_teardown.py took 0.097 seconds
[2024-04-16T21:20:19.915+0700] {processor.py:161} INFO - Started process (PID=61813) to work on /opt/homebrew/Caskroom/miniconda/base/lib/python3.11/site-packages/airflow/example_dags/example_setup_teardown.py
[2024-04-16T21:20:19.916+0700] {processor.py:830} INFO - Processing file /opt/homebrew/Caskroom/miniconda/base/lib/python3.11/site-packages/airflow/example_dags/example_setup_teardown.py for tasks to queue
[2024-04-16T21:20:19.917+0700] {logging_mixin.py:188} INFO - [2024-04-16T21:20:19.916+0700] {dagbag.py:540} INFO - Filling up the DagBag from /opt/homebrew/Caskroom/miniconda/base/lib/python3.11/site-packages/airflow/example_dags/example_setup_teardown.py
[2024-04-16T21:20:19.921+0700] {processor.py:840} INFO - DAG(s) 'example_setup_teardown' retrieved from /opt/homebrew/Caskroom/miniconda/base/lib/python3.11/site-packages/airflow/example_dags/example_setup_teardown.py
[2024-04-16T21:20:19.986+0700] {logging_mixin.py:188} INFO - [2024-04-16T21:20:19.986+0700] {dag.py:3096} INFO - Sync 1 DAGs
[2024-04-16T21:20:19.996+0700] {logging_mixin.py:188} INFO - [2024-04-16T21:20:19.996+0700] {dag.py:3954} INFO - Setting next_dagrun for example_setup_teardown to 2024-04-15 00:00:00+00:00, run_after=2024-04-16 00:00:00+00:00
[2024-04-16T21:20:20.006+0700] {processor.py:183} INFO - Processing /opt/homebrew/Caskroom/miniconda/base/lib/python3.11/site-packages/airflow/example_dags/example_setup_teardown.py took 0.093 seconds
[2024-04-16T21:23:12.268+0700] {processor.py:161} INFO - Started process (PID=62923) to work on /opt/homebrew/Caskroom/miniconda/base/lib/python3.11/site-packages/airflow/example_dags/example_setup_teardown.py
[2024-04-16T21:23:12.269+0700] {processor.py:830} INFO - Processing file /opt/homebrew/Caskroom/miniconda/base/lib/python3.11/site-packages/airflow/example_dags/example_setup_teardown.py for tasks to queue
[2024-04-16T21:23:12.270+0700] {logging_mixin.py:188} INFO - [2024-04-16T21:23:12.270+0700] {dagbag.py:540} INFO - Filling up the DagBag from /opt/homebrew/Caskroom/miniconda/base/lib/python3.11/site-packages/airflow/example_dags/example_setup_teardown.py
[2024-04-16T21:23:12.275+0700] {processor.py:840} INFO - DAG(s) 'example_setup_teardown' retrieved from /opt/homebrew/Caskroom/miniconda/base/lib/python3.11/site-packages/airflow/example_dags/example_setup_teardown.py
[2024-04-16T21:23:12.343+0700] {logging_mixin.py:188} INFO - [2024-04-16T21:23:12.343+0700] {dag.py:3096} INFO - Sync 1 DAGs
[2024-04-16T21:23:12.355+0700] {logging_mixin.py:188} INFO - [2024-04-16T21:23:12.355+0700] {dag.py:3954} INFO - Setting next_dagrun for example_setup_teardown to 2024-04-15 00:00:00+00:00, run_after=2024-04-16 00:00:00+00:00
[2024-04-16T21:23:12.367+0700] {processor.py:183} INFO - Processing /opt/homebrew/Caskroom/miniconda/base/lib/python3.11/site-packages/airflow/example_dags/example_setup_teardown.py took 0.100 seconds
[2024-04-16T21:24:46.851+0700] {processor.py:161} INFO - Started process (PID=63740) to work on /opt/homebrew/Caskroom/miniconda/base/lib/python3.11/site-packages/airflow/example_dags/example_setup_teardown.py
[2024-04-16T21:24:46.853+0700] {processor.py:830} INFO - Processing file /opt/homebrew/Caskroom/miniconda/base/lib/python3.11/site-packages/airflow/example_dags/example_setup_teardown.py for tasks to queue
[2024-04-16T21:24:46.854+0700] {logging_mixin.py:188} INFO - [2024-04-16T21:24:46.854+0700] {dagbag.py:540} INFO - Filling up the DagBag from /opt/homebrew/Caskroom/miniconda/base/lib/python3.11/site-packages/airflow/example_dags/example_setup_teardown.py
[2024-04-16T21:24:46.859+0700] {processor.py:840} INFO - DAG(s) 'example_setup_teardown' retrieved from /opt/homebrew/Caskroom/miniconda/base/lib/python3.11/site-packages/airflow/example_dags/example_setup_teardown.py
[2024-04-16T21:24:46.938+0700] {logging_mixin.py:188} INFO - [2024-04-16T21:24:46.938+0700] {dag.py:3096} INFO - Sync 1 DAGs
[2024-04-16T21:24:46.952+0700] {logging_mixin.py:188} INFO - [2024-04-16T21:24:46.952+0700] {dag.py:3954} INFO - Setting next_dagrun for example_setup_teardown to 2024-04-15 00:00:00+00:00, run_after=2024-04-16 00:00:00+00:00
[2024-04-16T21:24:46.969+0700] {processor.py:183} INFO - Processing /opt/homebrew/Caskroom/miniconda/base/lib/python3.11/site-packages/airflow/example_dags/example_setup_teardown.py took 0.119 seconds
[2024-04-16T21:27:41.074+0700] {processor.py:161} INFO - Started process (PID=64600) to work on /opt/homebrew/Caskroom/miniconda/base/lib/python3.11/site-packages/airflow/example_dags/example_setup_teardown.py
[2024-04-16T21:27:41.077+0700] {processor.py:830} INFO - Processing file /opt/homebrew/Caskroom/miniconda/base/lib/python3.11/site-packages/airflow/example_dags/example_setup_teardown.py for tasks to queue
[2024-04-16T21:27:41.078+0700] {logging_mixin.py:188} INFO - [2024-04-16T21:27:41.078+0700] {dagbag.py:540} INFO - Filling up the DagBag from /opt/homebrew/Caskroom/miniconda/base/lib/python3.11/site-packages/airflow/example_dags/example_setup_teardown.py
[2024-04-16T21:27:41.085+0700] {processor.py:840} INFO - DAG(s) 'example_setup_teardown' retrieved from /opt/homebrew/Caskroom/miniconda/base/lib/python3.11/site-packages/airflow/example_dags/example_setup_teardown.py
[2024-04-16T21:27:41.148+0700] {logging_mixin.py:188} INFO - [2024-04-16T21:27:41.148+0700] {dag.py:3096} INFO - Sync 1 DAGs
[2024-04-16T21:27:41.159+0700] {logging_mixin.py:188} INFO - [2024-04-16T21:27:41.158+0700] {dag.py:3954} INFO - Setting next_dagrun for example_setup_teardown to 2024-04-15 00:00:00+00:00, run_after=2024-04-16 00:00:00+00:00
[2024-04-16T21:27:41.181+0700] {processor.py:183} INFO - Processing /opt/homebrew/Caskroom/miniconda/base/lib/python3.11/site-packages/airflow/example_dags/example_setup_teardown.py took 0.109 seconds
[2024-04-16T21:29:06.234+0700] {processor.py:161} INFO - Started process (PID=65001) to work on /opt/homebrew/Caskroom/miniconda/base/lib/python3.11/site-packages/airflow/example_dags/example_setup_teardown.py
[2024-04-16T21:29:06.235+0700] {processor.py:830} INFO - Processing file /opt/homebrew/Caskroom/miniconda/base/lib/python3.11/site-packages/airflow/example_dags/example_setup_teardown.py for tasks to queue
[2024-04-16T21:29:06.236+0700] {logging_mixin.py:188} INFO - [2024-04-16T21:29:06.236+0700] {dagbag.py:540} INFO - Filling up the DagBag from /opt/homebrew/Caskroom/miniconda/base/lib/python3.11/site-packages/airflow/example_dags/example_setup_teardown.py
[2024-04-16T21:29:06.247+0700] {processor.py:840} INFO - DAG(s) 'example_setup_teardown' retrieved from /opt/homebrew/Caskroom/miniconda/base/lib/python3.11/site-packages/airflow/example_dags/example_setup_teardown.py
[2024-04-16T21:29:06.319+0700] {logging_mixin.py:188} INFO - [2024-04-16T21:29:06.318+0700] {dag.py:3096} INFO - Sync 1 DAGs
[2024-04-16T21:29:06.329+0700] {logging_mixin.py:188} INFO - [2024-04-16T21:29:06.328+0700] {dag.py:3954} INFO - Setting next_dagrun for example_setup_teardown to 2024-04-15 00:00:00+00:00, run_after=2024-04-16 00:00:00+00:00
[2024-04-16T21:29:06.339+0700] {processor.py:183} INFO - Processing /opt/homebrew/Caskroom/miniconda/base/lib/python3.11/site-packages/airflow/example_dags/example_setup_teardown.py took 0.109 seconds
[2024-04-16T21:31:52.659+0700] {processor.py:161} INFO - Started process (PID=65768) to work on /opt/homebrew/Caskroom/miniconda/base/lib/python3.11/site-packages/airflow/example_dags/example_setup_teardown.py
[2024-04-16T21:31:52.660+0700] {processor.py:830} INFO - Processing file /opt/homebrew/Caskroom/miniconda/base/lib/python3.11/site-packages/airflow/example_dags/example_setup_teardown.py for tasks to queue
[2024-04-16T21:31:52.661+0700] {logging_mixin.py:188} INFO - [2024-04-16T21:31:52.660+0700] {dagbag.py:540} INFO - Filling up the DagBag from /opt/homebrew/Caskroom/miniconda/base/lib/python3.11/site-packages/airflow/example_dags/example_setup_teardown.py
[2024-04-16T21:31:52.666+0700] {processor.py:840} INFO - DAG(s) 'example_setup_teardown' retrieved from /opt/homebrew/Caskroom/miniconda/base/lib/python3.11/site-packages/airflow/example_dags/example_setup_teardown.py
[2024-04-16T21:31:52.742+0700] {logging_mixin.py:188} INFO - [2024-04-16T21:31:52.742+0700] {dag.py:3096} INFO - Sync 1 DAGs
[2024-04-16T21:31:52.755+0700] {logging_mixin.py:188} INFO - [2024-04-16T21:31:52.755+0700] {dag.py:3954} INFO - Setting next_dagrun for example_setup_teardown to 2024-04-15 00:00:00+00:00, run_after=2024-04-16 00:00:00+00:00
[2024-04-16T21:31:52.768+0700] {processor.py:183} INFO - Processing /opt/homebrew/Caskroom/miniconda/base/lib/python3.11/site-packages/airflow/example_dags/example_setup_teardown.py took 0.110 seconds
[2024-04-16T21:34:37.793+0700] {processor.py:161} INFO - Started process (PID=66541) to work on /opt/homebrew/Caskroom/miniconda/base/lib/python3.11/site-packages/airflow/example_dags/example_setup_teardown.py
[2024-04-16T21:34:37.795+0700] {processor.py:830} INFO - Processing file /opt/homebrew/Caskroom/miniconda/base/lib/python3.11/site-packages/airflow/example_dags/example_setup_teardown.py for tasks to queue
[2024-04-16T21:34:37.795+0700] {logging_mixin.py:188} INFO - [2024-04-16T21:34:37.795+0700] {dagbag.py:540} INFO - Filling up the DagBag from /opt/homebrew/Caskroom/miniconda/base/lib/python3.11/site-packages/airflow/example_dags/example_setup_teardown.py
[2024-04-16T21:34:37.802+0700] {processor.py:840} INFO - DAG(s) 'example_setup_teardown' retrieved from /opt/homebrew/Caskroom/miniconda/base/lib/python3.11/site-packages/airflow/example_dags/example_setup_teardown.py
[2024-04-16T21:34:37.876+0700] {logging_mixin.py:188} INFO - [2024-04-16T21:34:37.876+0700] {dag.py:3096} INFO - Sync 1 DAGs
[2024-04-16T21:34:37.887+0700] {logging_mixin.py:188} INFO - [2024-04-16T21:34:37.887+0700] {dag.py:3954} INFO - Setting next_dagrun for example_setup_teardown to 2024-04-15 00:00:00+00:00, run_after=2024-04-16 00:00:00+00:00
[2024-04-16T21:34:37.899+0700] {processor.py:183} INFO - Processing /opt/homebrew/Caskroom/miniconda/base/lib/python3.11/site-packages/airflow/example_dags/example_setup_teardown.py took 0.108 seconds
[2024-04-16T21:37:16.834+0700] {processor.py:161} INFO - Started process (PID=67338) to work on /opt/homebrew/Caskroom/miniconda/base/lib/python3.11/site-packages/airflow/example_dags/example_setup_teardown.py
[2024-04-16T21:37:16.835+0700] {processor.py:830} INFO - Processing file /opt/homebrew/Caskroom/miniconda/base/lib/python3.11/site-packages/airflow/example_dags/example_setup_teardown.py for tasks to queue
[2024-04-16T21:37:16.835+0700] {logging_mixin.py:188} INFO - [2024-04-16T21:37:16.835+0700] {dagbag.py:540} INFO - Filling up the DagBag from /opt/homebrew/Caskroom/miniconda/base/lib/python3.11/site-packages/airflow/example_dags/example_setup_teardown.py
[2024-04-16T21:37:16.840+0700] {processor.py:840} INFO - DAG(s) 'example_setup_teardown' retrieved from /opt/homebrew/Caskroom/miniconda/base/lib/python3.11/site-packages/airflow/example_dags/example_setup_teardown.py
[2024-04-16T21:37:16.903+0700] {logging_mixin.py:188} INFO - [2024-04-16T21:37:16.903+0700] {dag.py:3096} INFO - Sync 1 DAGs
[2024-04-16T21:37:16.915+0700] {logging_mixin.py:188} INFO - [2024-04-16T21:37:16.915+0700] {dag.py:3954} INFO - Setting next_dagrun for example_setup_teardown to 2024-04-15 00:00:00+00:00, run_after=2024-04-16 00:00:00+00:00
[2024-04-16T21:37:16.926+0700] {processor.py:183} INFO - Processing /opt/homebrew/Caskroom/miniconda/base/lib/python3.11/site-packages/airflow/example_dags/example_setup_teardown.py took 0.094 seconds
[2024-04-16T21:40:07.333+0700] {processor.py:161} INFO - Started process (PID=68263) to work on /opt/homebrew/Caskroom/miniconda/base/lib/python3.11/site-packages/airflow/example_dags/example_setup_teardown.py
[2024-04-16T21:40:07.335+0700] {processor.py:830} INFO - Processing file /opt/homebrew/Caskroom/miniconda/base/lib/python3.11/site-packages/airflow/example_dags/example_setup_teardown.py for tasks to queue
[2024-04-16T21:40:07.335+0700] {logging_mixin.py:188} INFO - [2024-04-16T21:40:07.335+0700] {dagbag.py:540} INFO - Filling up the DagBag from /opt/homebrew/Caskroom/miniconda/base/lib/python3.11/site-packages/airflow/example_dags/example_setup_teardown.py
[2024-04-16T21:40:07.342+0700] {processor.py:840} INFO - DAG(s) 'example_setup_teardown' retrieved from /opt/homebrew/Caskroom/miniconda/base/lib/python3.11/site-packages/airflow/example_dags/example_setup_teardown.py
[2024-04-16T21:40:07.411+0700] {logging_mixin.py:188} INFO - [2024-04-16T21:40:07.410+0700] {dag.py:3096} INFO - Sync 1 DAGs
[2024-04-16T21:40:07.422+0700] {logging_mixin.py:188} INFO - [2024-04-16T21:40:07.422+0700] {dag.py:3954} INFO - Setting next_dagrun for example_setup_teardown to 2024-04-15 00:00:00+00:00, run_after=2024-04-16 00:00:00+00:00
[2024-04-16T21:40:07.434+0700] {processor.py:183} INFO - Processing /opt/homebrew/Caskroom/miniconda/base/lib/python3.11/site-packages/airflow/example_dags/example_setup_teardown.py took 0.103 seconds
[2024-04-16T21:41:44.994+0700] {processor.py:161} INFO - Started process (PID=68724) to work on /opt/homebrew/Caskroom/miniconda/base/lib/python3.11/site-packages/airflow/example_dags/example_setup_teardown.py
[2024-04-16T21:41:44.997+0700] {processor.py:830} INFO - Processing file /opt/homebrew/Caskroom/miniconda/base/lib/python3.11/site-packages/airflow/example_dags/example_setup_teardown.py for tasks to queue
[2024-04-16T21:41:44.997+0700] {logging_mixin.py:188} INFO - [2024-04-16T21:41:44.997+0700] {dagbag.py:540} INFO - Filling up the DagBag from /opt/homebrew/Caskroom/miniconda/base/lib/python3.11/site-packages/airflow/example_dags/example_setup_teardown.py
[2024-04-16T21:41:45.002+0700] {processor.py:840} INFO - DAG(s) 'example_setup_teardown' retrieved from /opt/homebrew/Caskroom/miniconda/base/lib/python3.11/site-packages/airflow/example_dags/example_setup_teardown.py
[2024-04-16T21:41:45.067+0700] {logging_mixin.py:188} INFO - [2024-04-16T21:41:45.067+0700] {dag.py:3096} INFO - Sync 1 DAGs
[2024-04-16T21:41:45.077+0700] {logging_mixin.py:188} INFO - [2024-04-16T21:41:45.077+0700] {dag.py:3954} INFO - Setting next_dagrun for example_setup_teardown to 2024-04-15 00:00:00+00:00, run_after=2024-04-16 00:00:00+00:00
[2024-04-16T21:41:45.087+0700] {processor.py:183} INFO - Processing /opt/homebrew/Caskroom/miniconda/base/lib/python3.11/site-packages/airflow/example_dags/example_setup_teardown.py took 0.094 seconds
[2024-04-16T21:43:34.849+0700] {processor.py:161} INFO - Started process (PID=69226) to work on /opt/homebrew/Caskroom/miniconda/base/lib/python3.11/site-packages/airflow/example_dags/example_setup_teardown.py
[2024-04-16T21:43:34.850+0700] {processor.py:830} INFO - Processing file /opt/homebrew/Caskroom/miniconda/base/lib/python3.11/site-packages/airflow/example_dags/example_setup_teardown.py for tasks to queue
[2024-04-16T21:43:34.850+0700] {logging_mixin.py:188} INFO - [2024-04-16T21:43:34.850+0700] {dagbag.py:540} INFO - Filling up the DagBag from /opt/homebrew/Caskroom/miniconda/base/lib/python3.11/site-packages/airflow/example_dags/example_setup_teardown.py
[2024-04-16T21:43:34.861+0700] {processor.py:840} INFO - DAG(s) 'example_setup_teardown' retrieved from /opt/homebrew/Caskroom/miniconda/base/lib/python3.11/site-packages/airflow/example_dags/example_setup_teardown.py
[2024-04-16T21:43:34.957+0700] {logging_mixin.py:188} INFO - [2024-04-16T21:43:34.957+0700] {dag.py:3096} INFO - Sync 1 DAGs
[2024-04-16T21:43:34.969+0700] {logging_mixin.py:188} INFO - [2024-04-16T21:43:34.969+0700] {dag.py:3954} INFO - Setting next_dagrun for example_setup_teardown to 2024-04-15 00:00:00+00:00, run_after=2024-04-16 00:00:00+00:00
[2024-04-16T21:43:34.982+0700] {processor.py:183} INFO - Processing /opt/homebrew/Caskroom/miniconda/base/lib/python3.11/site-packages/airflow/example_dags/example_setup_teardown.py took 0.137 seconds
[2024-04-16T21:45:09.935+0700] {processor.py:161} INFO - Started process (PID=69652) to work on /opt/homebrew/Caskroom/miniconda/base/lib/python3.11/site-packages/airflow/example_dags/example_setup_teardown.py
[2024-04-16T21:45:09.936+0700] {processor.py:830} INFO - Processing file /opt/homebrew/Caskroom/miniconda/base/lib/python3.11/site-packages/airflow/example_dags/example_setup_teardown.py for tasks to queue
[2024-04-16T21:45:09.936+0700] {logging_mixin.py:188} INFO - [2024-04-16T21:45:09.936+0700] {dagbag.py:540} INFO - Filling up the DagBag from /opt/homebrew/Caskroom/miniconda/base/lib/python3.11/site-packages/airflow/example_dags/example_setup_teardown.py
[2024-04-16T21:45:09.941+0700] {processor.py:840} INFO - DAG(s) 'example_setup_teardown' retrieved from /opt/homebrew/Caskroom/miniconda/base/lib/python3.11/site-packages/airflow/example_dags/example_setup_teardown.py
[2024-04-16T21:45:10.006+0700] {logging_mixin.py:188} INFO - [2024-04-16T21:45:10.006+0700] {dag.py:3096} INFO - Sync 1 DAGs
[2024-04-16T21:45:10.016+0700] {logging_mixin.py:188} INFO - [2024-04-16T21:45:10.016+0700] {dag.py:3954} INFO - Setting next_dagrun for example_setup_teardown to 2024-04-15 00:00:00+00:00, run_after=2024-04-16 00:00:00+00:00
[2024-04-16T21:45:10.028+0700] {processor.py:183} INFO - Processing /opt/homebrew/Caskroom/miniconda/base/lib/python3.11/site-packages/airflow/example_dags/example_setup_teardown.py took 0.095 seconds
[2024-04-16T21:48:41.216+0700] {processor.py:161} INFO - Started process (PID=70597) to work on /opt/homebrew/Caskroom/miniconda/base/lib/python3.11/site-packages/airflow/example_dags/example_setup_teardown.py
[2024-04-16T21:48:41.217+0700] {processor.py:830} INFO - Processing file /opt/homebrew/Caskroom/miniconda/base/lib/python3.11/site-packages/airflow/example_dags/example_setup_teardown.py for tasks to queue
[2024-04-16T21:48:41.217+0700] {logging_mixin.py:188} INFO - [2024-04-16T21:48:41.217+0700] {dagbag.py:540} INFO - Filling up the DagBag from /opt/homebrew/Caskroom/miniconda/base/lib/python3.11/site-packages/airflow/example_dags/example_setup_teardown.py
[2024-04-16T21:48:41.223+0700] {processor.py:840} INFO - DAG(s) 'example_setup_teardown' retrieved from /opt/homebrew/Caskroom/miniconda/base/lib/python3.11/site-packages/airflow/example_dags/example_setup_teardown.py
[2024-04-16T21:48:41.288+0700] {logging_mixin.py:188} INFO - [2024-04-16T21:48:41.287+0700] {dag.py:3096} INFO - Sync 1 DAGs
[2024-04-16T21:48:41.298+0700] {logging_mixin.py:188} INFO - [2024-04-16T21:48:41.298+0700] {dag.py:3954} INFO - Setting next_dagrun for example_setup_teardown to 2024-04-15 00:00:00+00:00, run_after=2024-04-16 00:00:00+00:00
[2024-04-16T21:48:41.310+0700] {processor.py:183} INFO - Processing /opt/homebrew/Caskroom/miniconda/base/lib/python3.11/site-packages/airflow/example_dags/example_setup_teardown.py took 0.102 seconds
[2024-04-16T21:50:36.095+0700] {processor.py:161} INFO - Started process (PID=71182) to work on /opt/homebrew/Caskroom/miniconda/base/lib/python3.11/site-packages/airflow/example_dags/example_setup_teardown.py
[2024-04-16T21:50:36.097+0700] {processor.py:830} INFO - Processing file /opt/homebrew/Caskroom/miniconda/base/lib/python3.11/site-packages/airflow/example_dags/example_setup_teardown.py for tasks to queue
[2024-04-16T21:50:36.097+0700] {logging_mixin.py:188} INFO - [2024-04-16T21:50:36.097+0700] {dagbag.py:540} INFO - Filling up the DagBag from /opt/homebrew/Caskroom/miniconda/base/lib/python3.11/site-packages/airflow/example_dags/example_setup_teardown.py
[2024-04-16T21:50:36.104+0700] {processor.py:840} INFO - DAG(s) 'example_setup_teardown' retrieved from /opt/homebrew/Caskroom/miniconda/base/lib/python3.11/site-packages/airflow/example_dags/example_setup_teardown.py
[2024-04-16T21:50:36.175+0700] {logging_mixin.py:188} INFO - [2024-04-16T21:50:36.175+0700] {dag.py:3096} INFO - Sync 1 DAGs
[2024-04-16T21:50:36.187+0700] {logging_mixin.py:188} INFO - [2024-04-16T21:50:36.187+0700] {dag.py:3954} INFO - Setting next_dagrun for example_setup_teardown to 2024-04-15 00:00:00+00:00, run_after=2024-04-16 00:00:00+00:00
[2024-04-16T21:50:36.201+0700] {processor.py:183} INFO - Processing /opt/homebrew/Caskroom/miniconda/base/lib/python3.11/site-packages/airflow/example_dags/example_setup_teardown.py took 0.108 seconds
[2024-04-16T21:53:04.401+0700] {processor.py:161} INFO - Started process (PID=72156) to work on /opt/homebrew/Caskroom/miniconda/base/lib/python3.11/site-packages/airflow/example_dags/example_setup_teardown.py
[2024-04-16T21:53:04.402+0700] {processor.py:830} INFO - Processing file /opt/homebrew/Caskroom/miniconda/base/lib/python3.11/site-packages/airflow/example_dags/example_setup_teardown.py for tasks to queue
[2024-04-16T21:53:04.403+0700] {logging_mixin.py:188} INFO - [2024-04-16T21:53:04.403+0700] {dagbag.py:540} INFO - Filling up the DagBag from /opt/homebrew/Caskroom/miniconda/base/lib/python3.11/site-packages/airflow/example_dags/example_setup_teardown.py
[2024-04-16T21:53:04.408+0700] {processor.py:840} INFO - DAG(s) 'example_setup_teardown' retrieved from /opt/homebrew/Caskroom/miniconda/base/lib/python3.11/site-packages/airflow/example_dags/example_setup_teardown.py
[2024-04-16T21:53:04.484+0700] {logging_mixin.py:188} INFO - [2024-04-16T21:53:04.483+0700] {dag.py:3096} INFO - Sync 1 DAGs
[2024-04-16T21:53:04.495+0700] {logging_mixin.py:188} INFO - [2024-04-16T21:53:04.495+0700] {dag.py:3954} INFO - Setting next_dagrun for example_setup_teardown to 2024-04-15 00:00:00+00:00, run_after=2024-04-16 00:00:00+00:00
[2024-04-16T21:53:04.506+0700] {processor.py:183} INFO - Processing /opt/homebrew/Caskroom/miniconda/base/lib/python3.11/site-packages/airflow/example_dags/example_setup_teardown.py took 0.107 seconds
[2024-04-16T21:55:05.306+0700] {processor.py:161} INFO - Started process (PID=72794) to work on /opt/homebrew/Caskroom/miniconda/base/lib/python3.11/site-packages/airflow/example_dags/example_setup_teardown.py
[2024-04-16T21:55:05.307+0700] {processor.py:830} INFO - Processing file /opt/homebrew/Caskroom/miniconda/base/lib/python3.11/site-packages/airflow/example_dags/example_setup_teardown.py for tasks to queue
[2024-04-16T21:55:05.309+0700] {logging_mixin.py:188} INFO - [2024-04-16T21:55:05.309+0700] {dagbag.py:540} INFO - Filling up the DagBag from /opt/homebrew/Caskroom/miniconda/base/lib/python3.11/site-packages/airflow/example_dags/example_setup_teardown.py
[2024-04-16T21:55:05.323+0700] {processor.py:840} INFO - DAG(s) 'example_setup_teardown' retrieved from /opt/homebrew/Caskroom/miniconda/base/lib/python3.11/site-packages/airflow/example_dags/example_setup_teardown.py
[2024-04-16T21:55:05.400+0700] {logging_mixin.py:188} INFO - [2024-04-16T21:55:05.399+0700] {dag.py:3096} INFO - Sync 1 DAGs
[2024-04-16T21:55:05.412+0700] {logging_mixin.py:188} INFO - [2024-04-16T21:55:05.412+0700] {dag.py:3954} INFO - Setting next_dagrun for example_setup_teardown to 2024-04-15 00:00:00+00:00, run_after=2024-04-16 00:00:00+00:00
[2024-04-16T21:55:05.426+0700] {processor.py:183} INFO - Processing /opt/homebrew/Caskroom/miniconda/base/lib/python3.11/site-packages/airflow/example_dags/example_setup_teardown.py took 0.124 seconds
[2024-04-16T21:56:45.241+0700] {processor.py:161} INFO - Started process (PID=73244) to work on /opt/homebrew/Caskroom/miniconda/base/lib/python3.11/site-packages/airflow/example_dags/example_setup_teardown.py
[2024-04-16T21:56:45.243+0700] {processor.py:830} INFO - Processing file /opt/homebrew/Caskroom/miniconda/base/lib/python3.11/site-packages/airflow/example_dags/example_setup_teardown.py for tasks to queue
[2024-04-16T21:56:45.243+0700] {logging_mixin.py:188} INFO - [2024-04-16T21:56:45.243+0700] {dagbag.py:540} INFO - Filling up the DagBag from /opt/homebrew/Caskroom/miniconda/base/lib/python3.11/site-packages/airflow/example_dags/example_setup_teardown.py
[2024-04-16T21:56:45.253+0700] {processor.py:840} INFO - DAG(s) 'example_setup_teardown' retrieved from /opt/homebrew/Caskroom/miniconda/base/lib/python3.11/site-packages/airflow/example_dags/example_setup_teardown.py
[2024-04-16T21:56:45.441+0700] {logging_mixin.py:188} INFO - [2024-04-16T21:56:45.440+0700] {dag.py:3096} INFO - Sync 1 DAGs
[2024-04-16T21:56:45.471+0700] {logging_mixin.py:188} INFO - [2024-04-16T21:56:45.471+0700] {dag.py:3954} INFO - Setting next_dagrun for example_setup_teardown to 2024-04-15 00:00:00+00:00, run_after=2024-04-16 00:00:00+00:00
[2024-04-16T21:56:45.508+0700] {processor.py:183} INFO - Processing /opt/homebrew/Caskroom/miniconda/base/lib/python3.11/site-packages/airflow/example_dags/example_setup_teardown.py took 0.270 seconds
[2024-04-16T21:58:10.288+0700] {processor.py:161} INFO - Started process (PID=73757) to work on /opt/homebrew/Caskroom/miniconda/base/lib/python3.11/site-packages/airflow/example_dags/example_setup_teardown.py
[2024-04-16T21:58:10.289+0700] {processor.py:830} INFO - Processing file /opt/homebrew/Caskroom/miniconda/base/lib/python3.11/site-packages/airflow/example_dags/example_setup_teardown.py for tasks to queue
[2024-04-16T21:58:10.289+0700] {logging_mixin.py:188} INFO - [2024-04-16T21:58:10.289+0700] {dagbag.py:540} INFO - Filling up the DagBag from /opt/homebrew/Caskroom/miniconda/base/lib/python3.11/site-packages/airflow/example_dags/example_setup_teardown.py
[2024-04-16T21:58:10.294+0700] {processor.py:840} INFO - DAG(s) 'example_setup_teardown' retrieved from /opt/homebrew/Caskroom/miniconda/base/lib/python3.11/site-packages/airflow/example_dags/example_setup_teardown.py
[2024-04-16T21:58:10.357+0700] {logging_mixin.py:188} INFO - [2024-04-16T21:58:10.357+0700] {dag.py:3096} INFO - Sync 1 DAGs
[2024-04-16T21:58:10.369+0700] {logging_mixin.py:188} INFO - [2024-04-16T21:58:10.368+0700] {dag.py:3954} INFO - Setting next_dagrun for example_setup_teardown to 2024-04-15 00:00:00+00:00, run_after=2024-04-16 00:00:00+00:00
[2024-04-16T21:58:10.380+0700] {processor.py:183} INFO - Processing /opt/homebrew/Caskroom/miniconda/base/lib/python3.11/site-packages/airflow/example_dags/example_setup_teardown.py took 0.094 seconds
[2024-04-16T22:01:02.716+0700] {processor.py:161} INFO - Started process (PID=74936) to work on /opt/homebrew/Caskroom/miniconda/base/lib/python3.11/site-packages/airflow/example_dags/example_setup_teardown.py
[2024-04-16T22:01:02.717+0700] {processor.py:830} INFO - Processing file /opt/homebrew/Caskroom/miniconda/base/lib/python3.11/site-packages/airflow/example_dags/example_setup_teardown.py for tasks to queue
[2024-04-16T22:01:02.717+0700] {logging_mixin.py:188} INFO - [2024-04-16T22:01:02.717+0700] {dagbag.py:540} INFO - Filling up the DagBag from /opt/homebrew/Caskroom/miniconda/base/lib/python3.11/site-packages/airflow/example_dags/example_setup_teardown.py
[2024-04-16T22:01:02.722+0700] {processor.py:840} INFO - DAG(s) 'example_setup_teardown' retrieved from /opt/homebrew/Caskroom/miniconda/base/lib/python3.11/site-packages/airflow/example_dags/example_setup_teardown.py
[2024-04-16T22:01:02.790+0700] {logging_mixin.py:188} INFO - [2024-04-16T22:01:02.790+0700] {dag.py:3096} INFO - Sync 1 DAGs
[2024-04-16T22:01:02.800+0700] {logging_mixin.py:188} INFO - [2024-04-16T22:01:02.800+0700] {dag.py:3954} INFO - Setting next_dagrun for example_setup_teardown to 2024-04-15 00:00:00+00:00, run_after=2024-04-16 00:00:00+00:00
[2024-04-16T22:01:02.811+0700] {processor.py:183} INFO - Processing /opt/homebrew/Caskroom/miniconda/base/lib/python3.11/site-packages/airflow/example_dags/example_setup_teardown.py took 0.097 seconds
[2024-04-16T22:02:28.383+0700] {processor.py:161} INFO - Started process (PID=75435) to work on /opt/homebrew/Caskroom/miniconda/base/lib/python3.11/site-packages/airflow/example_dags/example_setup_teardown.py
[2024-04-16T22:02:28.383+0700] {processor.py:830} INFO - Processing file /opt/homebrew/Caskroom/miniconda/base/lib/python3.11/site-packages/airflow/example_dags/example_setup_teardown.py for tasks to queue
[2024-04-16T22:02:28.384+0700] {logging_mixin.py:188} INFO - [2024-04-16T22:02:28.384+0700] {dagbag.py:540} INFO - Filling up the DagBag from /opt/homebrew/Caskroom/miniconda/base/lib/python3.11/site-packages/airflow/example_dags/example_setup_teardown.py
[2024-04-16T22:02:28.389+0700] {processor.py:840} INFO - DAG(s) 'example_setup_teardown' retrieved from /opt/homebrew/Caskroom/miniconda/base/lib/python3.11/site-packages/airflow/example_dags/example_setup_teardown.py
[2024-04-16T22:02:28.455+0700] {logging_mixin.py:188} INFO - [2024-04-16T22:02:28.455+0700] {dag.py:3096} INFO - Sync 1 DAGs
[2024-04-16T22:02:28.465+0700] {logging_mixin.py:188} INFO - [2024-04-16T22:02:28.465+0700] {dag.py:3954} INFO - Setting next_dagrun for example_setup_teardown to 2024-04-15 00:00:00+00:00, run_after=2024-04-16 00:00:00+00:00
[2024-04-16T22:02:28.476+0700] {processor.py:183} INFO - Processing /opt/homebrew/Caskroom/miniconda/base/lib/python3.11/site-packages/airflow/example_dags/example_setup_teardown.py took 0.095 seconds
[2024-04-16T22:03:56.462+0700] {processor.py:161} INFO - Started process (PID=75921) to work on /opt/homebrew/Caskroom/miniconda/base/lib/python3.11/site-packages/airflow/example_dags/example_setup_teardown.py
[2024-04-16T22:03:56.463+0700] {processor.py:830} INFO - Processing file /opt/homebrew/Caskroom/miniconda/base/lib/python3.11/site-packages/airflow/example_dags/example_setup_teardown.py for tasks to queue
[2024-04-16T22:03:56.463+0700] {logging_mixin.py:188} INFO - [2024-04-16T22:03:56.463+0700] {dagbag.py:540} INFO - Filling up the DagBag from /opt/homebrew/Caskroom/miniconda/base/lib/python3.11/site-packages/airflow/example_dags/example_setup_teardown.py
[2024-04-16T22:03:56.470+0700] {processor.py:840} INFO - DAG(s) 'example_setup_teardown' retrieved from /opt/homebrew/Caskroom/miniconda/base/lib/python3.11/site-packages/airflow/example_dags/example_setup_teardown.py
[2024-04-16T22:03:56.535+0700] {logging_mixin.py:188} INFO - [2024-04-16T22:03:56.535+0700] {dag.py:3096} INFO - Sync 1 DAGs
[2024-04-16T22:03:56.545+0700] {logging_mixin.py:188} INFO - [2024-04-16T22:03:56.545+0700] {dag.py:3954} INFO - Setting next_dagrun for example_setup_teardown to 2024-04-15 00:00:00+00:00, run_after=2024-04-16 00:00:00+00:00
[2024-04-16T22:03:56.557+0700] {processor.py:183} INFO - Processing /opt/homebrew/Caskroom/miniconda/base/lib/python3.11/site-packages/airflow/example_dags/example_setup_teardown.py took 0.097 seconds
[2024-04-16T22:05:25.608+0700] {processor.py:161} INFO - Started process (PID=76335) to work on /opt/homebrew/Caskroom/miniconda/base/lib/python3.11/site-packages/airflow/example_dags/example_setup_teardown.py
[2024-04-16T22:05:25.609+0700] {processor.py:830} INFO - Processing file /opt/homebrew/Caskroom/miniconda/base/lib/python3.11/site-packages/airflow/example_dags/example_setup_teardown.py for tasks to queue
[2024-04-16T22:05:25.610+0700] {logging_mixin.py:188} INFO - [2024-04-16T22:05:25.610+0700] {dagbag.py:540} INFO - Filling up the DagBag from /opt/homebrew/Caskroom/miniconda/base/lib/python3.11/site-packages/airflow/example_dags/example_setup_teardown.py
[2024-04-16T22:05:25.617+0700] {processor.py:840} INFO - DAG(s) 'example_setup_teardown' retrieved from /opt/homebrew/Caskroom/miniconda/base/lib/python3.11/site-packages/airflow/example_dags/example_setup_teardown.py
[2024-04-16T22:05:25.695+0700] {logging_mixin.py:188} INFO - [2024-04-16T22:05:25.695+0700] {dag.py:3096} INFO - Sync 1 DAGs
[2024-04-16T22:05:25.710+0700] {logging_mixin.py:188} INFO - [2024-04-16T22:05:25.709+0700] {dag.py:3954} INFO - Setting next_dagrun for example_setup_teardown to 2024-04-15 00:00:00+00:00, run_after=2024-04-16 00:00:00+00:00
[2024-04-16T22:05:25.723+0700] {processor.py:183} INFO - Processing /opt/homebrew/Caskroom/miniconda/base/lib/python3.11/site-packages/airflow/example_dags/example_setup_teardown.py took 0.117 seconds
[2024-04-16T22:07:03.913+0700] {processor.py:161} INFO - Started process (PID=76997) to work on /opt/homebrew/Caskroom/miniconda/base/lib/python3.11/site-packages/airflow/example_dags/example_setup_teardown.py
[2024-04-16T22:07:03.914+0700] {processor.py:830} INFO - Processing file /opt/homebrew/Caskroom/miniconda/base/lib/python3.11/site-packages/airflow/example_dags/example_setup_teardown.py for tasks to queue
[2024-04-16T22:07:03.915+0700] {logging_mixin.py:188} INFO - [2024-04-16T22:07:03.914+0700] {dagbag.py:540} INFO - Filling up the DagBag from /opt/homebrew/Caskroom/miniconda/base/lib/python3.11/site-packages/airflow/example_dags/example_setup_teardown.py
[2024-04-16T22:07:03.923+0700] {processor.py:840} INFO - DAG(s) 'example_setup_teardown' retrieved from /opt/homebrew/Caskroom/miniconda/base/lib/python3.11/site-packages/airflow/example_dags/example_setup_teardown.py
[2024-04-16T22:07:04.026+0700] {logging_mixin.py:188} INFO - [2024-04-16T22:07:04.025+0700] {dag.py:3096} INFO - Sync 1 DAGs
[2024-04-16T22:07:04.041+0700] {logging_mixin.py:188} INFO - [2024-04-16T22:07:04.041+0700] {dag.py:3954} INFO - Setting next_dagrun for example_setup_teardown to 2024-04-15 00:00:00+00:00, run_after=2024-04-16 00:00:00+00:00
[2024-04-16T22:07:04.060+0700] {processor.py:183} INFO - Processing /opt/homebrew/Caskroom/miniconda/base/lib/python3.11/site-packages/airflow/example_dags/example_setup_teardown.py took 0.151 seconds
[2024-04-16T22:08:48.840+0700] {processor.py:161} INFO - Started process (PID=77580) to work on /opt/homebrew/Caskroom/miniconda/base/lib/python3.11/site-packages/airflow/example_dags/example_setup_teardown.py
[2024-04-16T22:08:48.844+0700] {processor.py:830} INFO - Processing file /opt/homebrew/Caskroom/miniconda/base/lib/python3.11/site-packages/airflow/example_dags/example_setup_teardown.py for tasks to queue
[2024-04-16T22:08:48.847+0700] {logging_mixin.py:188} INFO - [2024-04-16T22:08:48.847+0700] {dagbag.py:540} INFO - Filling up the DagBag from /opt/homebrew/Caskroom/miniconda/base/lib/python3.11/site-packages/airflow/example_dags/example_setup_teardown.py
[2024-04-16T22:08:48.860+0700] {processor.py:840} INFO - DAG(s) 'example_setup_teardown' retrieved from /opt/homebrew/Caskroom/miniconda/base/lib/python3.11/site-packages/airflow/example_dags/example_setup_teardown.py
[2024-04-16T22:08:48.997+0700] {logging_mixin.py:188} INFO - [2024-04-16T22:08:48.997+0700] {dag.py:3096} INFO - Sync 1 DAGs
[2024-04-16T22:08:49.008+0700] {logging_mixin.py:188} INFO - [2024-04-16T22:08:49.008+0700] {dag.py:3954} INFO - Setting next_dagrun for example_setup_teardown to 2024-04-15 00:00:00+00:00, run_after=2024-04-16 00:00:00+00:00
[2024-04-16T22:08:49.021+0700] {processor.py:183} INFO - Processing /opt/homebrew/Caskroom/miniconda/base/lib/python3.11/site-packages/airflow/example_dags/example_setup_teardown.py took 0.186 seconds
[2024-04-16T22:10:24.641+0700] {processor.py:161} INFO - Started process (PID=78186) to work on /opt/homebrew/Caskroom/miniconda/base/lib/python3.11/site-packages/airflow/example_dags/example_setup_teardown.py
[2024-04-16T22:10:24.642+0700] {processor.py:830} INFO - Processing file /opt/homebrew/Caskroom/miniconda/base/lib/python3.11/site-packages/airflow/example_dags/example_setup_teardown.py for tasks to queue
[2024-04-16T22:10:24.642+0700] {logging_mixin.py:188} INFO - [2024-04-16T22:10:24.642+0700] {dagbag.py:540} INFO - Filling up the DagBag from /opt/homebrew/Caskroom/miniconda/base/lib/python3.11/site-packages/airflow/example_dags/example_setup_teardown.py
[2024-04-16T22:10:24.649+0700] {processor.py:840} INFO - DAG(s) 'example_setup_teardown' retrieved from /opt/homebrew/Caskroom/miniconda/base/lib/python3.11/site-packages/airflow/example_dags/example_setup_teardown.py
[2024-04-16T22:10:24.719+0700] {logging_mixin.py:188} INFO - [2024-04-16T22:10:24.718+0700] {dag.py:3096} INFO - Sync 1 DAGs
[2024-04-16T22:10:24.730+0700] {logging_mixin.py:188} INFO - [2024-04-16T22:10:24.730+0700] {dag.py:3954} INFO - Setting next_dagrun for example_setup_teardown to 2024-04-15 00:00:00+00:00, run_after=2024-04-16 00:00:00+00:00
[2024-04-16T22:10:24.742+0700] {processor.py:183} INFO - Processing /opt/homebrew/Caskroom/miniconda/base/lib/python3.11/site-packages/airflow/example_dags/example_setup_teardown.py took 0.103 seconds
[2024-04-16T22:12:08.115+0700] {processor.py:161} INFO - Started process (PID=78730) to work on /opt/homebrew/Caskroom/miniconda/base/lib/python3.11/site-packages/airflow/example_dags/example_setup_teardown.py
[2024-04-16T22:12:08.117+0700] {processor.py:830} INFO - Processing file /opt/homebrew/Caskroom/miniconda/base/lib/python3.11/site-packages/airflow/example_dags/example_setup_teardown.py for tasks to queue
[2024-04-16T22:12:08.117+0700] {logging_mixin.py:188} INFO - [2024-04-16T22:12:08.117+0700] {dagbag.py:540} INFO - Filling up the DagBag from /opt/homebrew/Caskroom/miniconda/base/lib/python3.11/site-packages/airflow/example_dags/example_setup_teardown.py
[2024-04-16T22:12:08.135+0700] {processor.py:840} INFO - DAG(s) 'example_setup_teardown' retrieved from /opt/homebrew/Caskroom/miniconda/base/lib/python3.11/site-packages/airflow/example_dags/example_setup_teardown.py
[2024-04-16T22:12:08.247+0700] {logging_mixin.py:188} INFO - [2024-04-16T22:12:08.247+0700] {dag.py:3096} INFO - Sync 1 DAGs
[2024-04-16T22:12:08.262+0700] {logging_mixin.py:188} INFO - [2024-04-16T22:12:08.262+0700] {dag.py:3954} INFO - Setting next_dagrun for example_setup_teardown to 2024-04-15 00:00:00+00:00, run_after=2024-04-16 00:00:00+00:00
[2024-04-16T22:12:08.278+0700] {processor.py:183} INFO - Processing /opt/homebrew/Caskroom/miniconda/base/lib/python3.11/site-packages/airflow/example_dags/example_setup_teardown.py took 0.166 seconds
[2024-04-16T22:13:41.590+0700] {processor.py:161} INFO - Started process (PID=79241) to work on /opt/homebrew/Caskroom/miniconda/base/lib/python3.11/site-packages/airflow/example_dags/example_setup_teardown.py
[2024-04-16T22:13:41.591+0700] {processor.py:830} INFO - Processing file /opt/homebrew/Caskroom/miniconda/base/lib/python3.11/site-packages/airflow/example_dags/example_setup_teardown.py for tasks to queue
[2024-04-16T22:13:41.591+0700] {logging_mixin.py:188} INFO - [2024-04-16T22:13:41.591+0700] {dagbag.py:540} INFO - Filling up the DagBag from /opt/homebrew/Caskroom/miniconda/base/lib/python3.11/site-packages/airflow/example_dags/example_setup_teardown.py
[2024-04-16T22:13:41.600+0700] {processor.py:840} INFO - DAG(s) 'example_setup_teardown' retrieved from /opt/homebrew/Caskroom/miniconda/base/lib/python3.11/site-packages/airflow/example_dags/example_setup_teardown.py
[2024-04-16T22:13:41.673+0700] {logging_mixin.py:188} INFO - [2024-04-16T22:13:41.673+0700] {dag.py:3096} INFO - Sync 1 DAGs
[2024-04-16T22:13:41.683+0700] {logging_mixin.py:188} INFO - [2024-04-16T22:13:41.683+0700] {dag.py:3954} INFO - Setting next_dagrun for example_setup_teardown to 2024-04-15 00:00:00+00:00, run_after=2024-04-16 00:00:00+00:00
[2024-04-16T22:13:41.696+0700] {processor.py:183} INFO - Processing /opt/homebrew/Caskroom/miniconda/base/lib/python3.11/site-packages/airflow/example_dags/example_setup_teardown.py took 0.108 seconds
[2024-04-16T22:19:36.989+0700] {processor.py:161} INFO - Started process (PID=80889) to work on /opt/homebrew/Caskroom/miniconda/base/lib/python3.11/site-packages/airflow/example_dags/example_setup_teardown.py
[2024-04-16T22:19:36.994+0700] {processor.py:830} INFO - Processing file /opt/homebrew/Caskroom/miniconda/base/lib/python3.11/site-packages/airflow/example_dags/example_setup_teardown.py for tasks to queue
[2024-04-16T22:19:36.999+0700] {logging_mixin.py:188} INFO - [2024-04-16T22:19:36.996+0700] {dagbag.py:540} INFO - Filling up the DagBag from /opt/homebrew/Caskroom/miniconda/base/lib/python3.11/site-packages/airflow/example_dags/example_setup_teardown.py
[2024-04-16T22:19:37.053+0700] {processor.py:840} INFO - DAG(s) 'example_setup_teardown' retrieved from /opt/homebrew/Caskroom/miniconda/base/lib/python3.11/site-packages/airflow/example_dags/example_setup_teardown.py
[2024-04-16T22:19:37.368+0700] {logging_mixin.py:188} INFO - [2024-04-16T22:19:37.367+0700] {dag.py:3096} INFO - Sync 1 DAGs
[2024-04-16T22:19:37.420+0700] {logging_mixin.py:188} INFO - [2024-04-16T22:19:37.419+0700] {dag.py:3954} INFO - Setting next_dagrun for example_setup_teardown to 2024-04-15 00:00:00+00:00, run_after=2024-04-16 00:00:00+00:00
[2024-04-16T22:19:37.462+0700] {processor.py:183} INFO - Processing /opt/homebrew/Caskroom/miniconda/base/lib/python3.11/site-packages/airflow/example_dags/example_setup_teardown.py took 0.479 seconds
[2024-04-16T22:23:40.482+0700] {processor.py:161} INFO - Started process (PID=82026) to work on /opt/homebrew/Caskroom/miniconda/base/lib/python3.11/site-packages/airflow/example_dags/example_setup_teardown.py
[2024-04-16T22:23:40.486+0700] {processor.py:830} INFO - Processing file /opt/homebrew/Caskroom/miniconda/base/lib/python3.11/site-packages/airflow/example_dags/example_setup_teardown.py for tasks to queue
[2024-04-16T22:23:40.488+0700] {logging_mixin.py:188} INFO - [2024-04-16T22:23:40.488+0700] {dagbag.py:540} INFO - Filling up the DagBag from /opt/homebrew/Caskroom/miniconda/base/lib/python3.11/site-packages/airflow/example_dags/example_setup_teardown.py
[2024-04-16T22:23:40.516+0700] {processor.py:840} INFO - DAG(s) 'example_setup_teardown' retrieved from /opt/homebrew/Caskroom/miniconda/base/lib/python3.11/site-packages/airflow/example_dags/example_setup_teardown.py
[2024-04-16T22:23:40.858+0700] {logging_mixin.py:188} INFO - [2024-04-16T22:23:40.858+0700] {dag.py:3096} INFO - Sync 1 DAGs
[2024-04-16T22:23:40.938+0700] {logging_mixin.py:188} INFO - [2024-04-16T22:23:40.937+0700] {dag.py:3954} INFO - Setting next_dagrun for example_setup_teardown to 2024-04-15 00:00:00+00:00, run_after=2024-04-16 00:00:00+00:00
[2024-04-16T22:23:41.057+0700] {processor.py:183} INFO - Processing /opt/homebrew/Caskroom/miniconda/base/lib/python3.11/site-packages/airflow/example_dags/example_setup_teardown.py took 0.590 seconds
