[2024-04-16T20:53:42.939+0700] {processor.py:161} INFO - Started process (PID=54516) to work on /opt/homebrew/Caskroom/miniconda/base/lib/python3.11/site-packages/airflow/example_dags/example_bash_operator.py
[2024-04-16T20:53:42.940+0700] {processor.py:830} INFO - Processing file /opt/homebrew/Caskroom/miniconda/base/lib/python3.11/site-packages/airflow/example_dags/example_bash_operator.py for tasks to queue
[2024-04-16T20:53:42.940+0700] {logging_mixin.py:188} INFO - [2024-04-16T20:53:42.940+0700] {dagbag.py:540} INFO - Filling up the DagBag from /opt/homebrew/Caskroom/miniconda/base/lib/python3.11/site-packages/airflow/example_dags/example_bash_operator.py
[2024-04-16T20:53:42.949+0700] {processor.py:840} INFO - DAG(s) 'example_bash_operator' retrieved from /opt/homebrew/Caskroom/miniconda/base/lib/python3.11/site-packages/airflow/example_dags/example_bash_operator.py
[2024-04-16T20:53:43.065+0700] {logging_mixin.py:188} INFO - [2024-04-16T20:53:43.065+0700] {dag.py:3096} INFO - Sync 1 DAGs
[2024-04-16T20:53:43.075+0700] {logging_mixin.py:188} INFO - [2024-04-16T20:53:43.075+0700] {dag.py:3954} INFO - Setting next_dagrun for example_bash_operator to 2024-04-16 00:00:00+00:00, run_after=2024-04-17 00:00:00+00:00
[2024-04-16T20:53:43.087+0700] {processor.py:183} INFO - Processing /opt/homebrew/Caskroom/miniconda/base/lib/python3.11/site-packages/airflow/example_dags/example_bash_operator.py took 0.149 seconds
[2024-04-16T20:56:16.154+0700] {processor.py:161} INFO - Started process (PID=55218) to work on /opt/homebrew/Caskroom/miniconda/base/lib/python3.11/site-packages/airflow/example_dags/example_bash_operator.py
[2024-04-16T20:56:16.155+0700] {processor.py:830} INFO - Processing file /opt/homebrew/Caskroom/miniconda/base/lib/python3.11/site-packages/airflow/example_dags/example_bash_operator.py for tasks to queue
[2024-04-16T20:56:16.156+0700] {logging_mixin.py:188} INFO - [2024-04-16T20:56:16.155+0700] {dagbag.py:540} INFO - Filling up the DagBag from /opt/homebrew/Caskroom/miniconda/base/lib/python3.11/site-packages/airflow/example_dags/example_bash_operator.py
[2024-04-16T20:56:16.163+0700] {processor.py:840} INFO - DAG(s) 'example_bash_operator' retrieved from /opt/homebrew/Caskroom/miniconda/base/lib/python3.11/site-packages/airflow/example_dags/example_bash_operator.py
[2024-04-16T20:56:16.231+0700] {logging_mixin.py:188} INFO - [2024-04-16T20:56:16.230+0700] {dag.py:3096} INFO - Sync 1 DAGs
[2024-04-16T20:56:16.242+0700] {logging_mixin.py:188} INFO - [2024-04-16T20:56:16.242+0700] {dag.py:3954} INFO - Setting next_dagrun for example_bash_operator to 2024-04-16 00:00:00+00:00, run_after=2024-04-17 00:00:00+00:00
[2024-04-16T20:56:16.254+0700] {processor.py:183} INFO - Processing /opt/homebrew/Caskroom/miniconda/base/lib/python3.11/site-packages/airflow/example_dags/example_bash_operator.py took 0.101 seconds
[2024-04-16T20:58:49.705+0700] {processor.py:161} INFO - Started process (PID=55913) to work on /opt/homebrew/Caskroom/miniconda/base/lib/python3.11/site-packages/airflow/example_dags/example_bash_operator.py
[2024-04-16T20:58:49.706+0700] {processor.py:830} INFO - Processing file /opt/homebrew/Caskroom/miniconda/base/lib/python3.11/site-packages/airflow/example_dags/example_bash_operator.py for tasks to queue
[2024-04-16T20:58:49.707+0700] {logging_mixin.py:188} INFO - [2024-04-16T20:58:49.707+0700] {dagbag.py:540} INFO - Filling up the DagBag from /opt/homebrew/Caskroom/miniconda/base/lib/python3.11/site-packages/airflow/example_dags/example_bash_operator.py
[2024-04-16T20:58:49.714+0700] {processor.py:840} INFO - DAG(s) 'example_bash_operator' retrieved from /opt/homebrew/Caskroom/miniconda/base/lib/python3.11/site-packages/airflow/example_dags/example_bash_operator.py
[2024-04-16T20:58:49.781+0700] {logging_mixin.py:188} INFO - [2024-04-16T20:58:49.780+0700] {dag.py:3096} INFO - Sync 1 DAGs
[2024-04-16T20:58:49.792+0700] {logging_mixin.py:188} INFO - [2024-04-16T20:58:49.792+0700] {dag.py:3954} INFO - Setting next_dagrun for example_bash_operator to 2024-04-16 00:00:00+00:00, run_after=2024-04-17 00:00:00+00:00
[2024-04-16T20:58:49.803+0700] {processor.py:183} INFO - Processing /opt/homebrew/Caskroom/miniconda/base/lib/python3.11/site-packages/airflow/example_dags/example_bash_operator.py took 0.099 seconds
[2024-04-16T21:01:24.566+0700] {processor.py:161} INFO - Started process (PID=56607) to work on /opt/homebrew/Caskroom/miniconda/base/lib/python3.11/site-packages/airflow/example_dags/example_bash_operator.py
[2024-04-16T21:01:24.567+0700] {processor.py:830} INFO - Processing file /opt/homebrew/Caskroom/miniconda/base/lib/python3.11/site-packages/airflow/example_dags/example_bash_operator.py for tasks to queue
[2024-04-16T21:01:24.567+0700] {logging_mixin.py:188} INFO - [2024-04-16T21:01:24.567+0700] {dagbag.py:540} INFO - Filling up the DagBag from /opt/homebrew/Caskroom/miniconda/base/lib/python3.11/site-packages/airflow/example_dags/example_bash_operator.py
[2024-04-16T21:01:24.575+0700] {processor.py:840} INFO - DAG(s) 'example_bash_operator' retrieved from /opt/homebrew/Caskroom/miniconda/base/lib/python3.11/site-packages/airflow/example_dags/example_bash_operator.py
[2024-04-16T21:01:24.641+0700] {logging_mixin.py:188} INFO - [2024-04-16T21:01:24.641+0700] {dag.py:3096} INFO - Sync 1 DAGs
[2024-04-16T21:01:24.651+0700] {logging_mixin.py:188} INFO - [2024-04-16T21:01:24.651+0700] {dag.py:3954} INFO - Setting next_dagrun for example_bash_operator to 2024-04-16 00:00:00+00:00, run_after=2024-04-17 00:00:00+00:00
[2024-04-16T21:01:24.663+0700] {processor.py:183} INFO - Processing /opt/homebrew/Caskroom/miniconda/base/lib/python3.11/site-packages/airflow/example_dags/example_bash_operator.py took 0.098 seconds
[2024-04-16T21:03:56.901+0700] {processor.py:161} INFO - Started process (PID=57307) to work on /opt/homebrew/Caskroom/miniconda/base/lib/python3.11/site-packages/airflow/example_dags/example_bash_operator.py
[2024-04-16T21:03:56.902+0700] {processor.py:830} INFO - Processing file /opt/homebrew/Caskroom/miniconda/base/lib/python3.11/site-packages/airflow/example_dags/example_bash_operator.py for tasks to queue
[2024-04-16T21:03:56.902+0700] {logging_mixin.py:188} INFO - [2024-04-16T21:03:56.902+0700] {dagbag.py:540} INFO - Filling up the DagBag from /opt/homebrew/Caskroom/miniconda/base/lib/python3.11/site-packages/airflow/example_dags/example_bash_operator.py
[2024-04-16T21:03:56.909+0700] {processor.py:840} INFO - DAG(s) 'example_bash_operator' retrieved from /opt/homebrew/Caskroom/miniconda/base/lib/python3.11/site-packages/airflow/example_dags/example_bash_operator.py
[2024-04-16T21:03:56.976+0700] {logging_mixin.py:188} INFO - [2024-04-16T21:03:56.976+0700] {dag.py:3096} INFO - Sync 1 DAGs
[2024-04-16T21:03:56.987+0700] {logging_mixin.py:188} INFO - [2024-04-16T21:03:56.987+0700] {dag.py:3954} INFO - Setting next_dagrun for example_bash_operator to 2024-04-16 00:00:00+00:00, run_after=2024-04-17 00:00:00+00:00
[2024-04-16T21:03:56.998+0700] {processor.py:183} INFO - Processing /opt/homebrew/Caskroom/miniconda/base/lib/python3.11/site-packages/airflow/example_dags/example_bash_operator.py took 0.098 seconds
[2024-04-16T21:06:30.613+0700] {processor.py:161} INFO - Started process (PID=57992) to work on /opt/homebrew/Caskroom/miniconda/base/lib/python3.11/site-packages/airflow/example_dags/example_bash_operator.py
[2024-04-16T21:06:30.614+0700] {processor.py:830} INFO - Processing file /opt/homebrew/Caskroom/miniconda/base/lib/python3.11/site-packages/airflow/example_dags/example_bash_operator.py for tasks to queue
[2024-04-16T21:06:30.614+0700] {logging_mixin.py:188} INFO - [2024-04-16T21:06:30.614+0700] {dagbag.py:540} INFO - Filling up the DagBag from /opt/homebrew/Caskroom/miniconda/base/lib/python3.11/site-packages/airflow/example_dags/example_bash_operator.py
[2024-04-16T21:06:30.622+0700] {processor.py:840} INFO - DAG(s) 'example_bash_operator' retrieved from /opt/homebrew/Caskroom/miniconda/base/lib/python3.11/site-packages/airflow/example_dags/example_bash_operator.py
[2024-04-16T21:06:30.688+0700] {logging_mixin.py:188} INFO - [2024-04-16T21:06:30.688+0700] {dag.py:3096} INFO - Sync 1 DAGs
[2024-04-16T21:06:30.698+0700] {logging_mixin.py:188} INFO - [2024-04-16T21:06:30.698+0700] {dag.py:3954} INFO - Setting next_dagrun for example_bash_operator to 2024-04-16 00:00:00+00:00, run_after=2024-04-17 00:00:00+00:00
[2024-04-16T21:06:30.709+0700] {processor.py:183} INFO - Processing /opt/homebrew/Caskroom/miniconda/base/lib/python3.11/site-packages/airflow/example_dags/example_bash_operator.py took 0.098 seconds
[2024-04-16T21:09:04.200+0700] {processor.py:161} INFO - Started process (PID=58701) to work on /opt/homebrew/Caskroom/miniconda/base/lib/python3.11/site-packages/airflow/example_dags/example_bash_operator.py
[2024-04-16T21:09:04.201+0700] {processor.py:830} INFO - Processing file /opt/homebrew/Caskroom/miniconda/base/lib/python3.11/site-packages/airflow/example_dags/example_bash_operator.py for tasks to queue
[2024-04-16T21:09:04.201+0700] {logging_mixin.py:188} INFO - [2024-04-16T21:09:04.201+0700] {dagbag.py:540} INFO - Filling up the DagBag from /opt/homebrew/Caskroom/miniconda/base/lib/python3.11/site-packages/airflow/example_dags/example_bash_operator.py
[2024-04-16T21:09:04.211+0700] {processor.py:840} INFO - DAG(s) 'example_bash_operator' retrieved from /opt/homebrew/Caskroom/miniconda/base/lib/python3.11/site-packages/airflow/example_dags/example_bash_operator.py
[2024-04-16T21:09:04.283+0700] {logging_mixin.py:188} INFO - [2024-04-16T21:09:04.283+0700] {dag.py:3096} INFO - Sync 1 DAGs
[2024-04-16T21:09:04.295+0700] {logging_mixin.py:188} INFO - [2024-04-16T21:09:04.295+0700] {dag.py:3954} INFO - Setting next_dagrun for example_bash_operator to 2024-04-16 00:00:00+00:00, run_after=2024-04-17 00:00:00+00:00
[2024-04-16T21:09:04.307+0700] {processor.py:183} INFO - Processing /opt/homebrew/Caskroom/miniconda/base/lib/python3.11/site-packages/airflow/example_dags/example_bash_operator.py took 0.109 seconds
[2024-04-16T21:11:43.000+0700] {processor.py:161} INFO - Started process (PID=59419) to work on /opt/homebrew/Caskroom/miniconda/base/lib/python3.11/site-packages/airflow/example_dags/example_bash_operator.py
[2024-04-16T21:11:43.002+0700] {processor.py:830} INFO - Processing file /opt/homebrew/Caskroom/miniconda/base/lib/python3.11/site-packages/airflow/example_dags/example_bash_operator.py for tasks to queue
[2024-04-16T21:11:43.002+0700] {logging_mixin.py:188} INFO - [2024-04-16T21:11:43.002+0700] {dagbag.py:540} INFO - Filling up the DagBag from /opt/homebrew/Caskroom/miniconda/base/lib/python3.11/site-packages/airflow/example_dags/example_bash_operator.py
[2024-04-16T21:11:43.009+0700] {processor.py:840} INFO - DAG(s) 'example_bash_operator' retrieved from /opt/homebrew/Caskroom/miniconda/base/lib/python3.11/site-packages/airflow/example_dags/example_bash_operator.py
[2024-04-16T21:11:43.077+0700] {logging_mixin.py:188} INFO - [2024-04-16T21:11:43.077+0700] {dag.py:3096} INFO - Sync 1 DAGs
[2024-04-16T21:11:43.087+0700] {logging_mixin.py:188} INFO - [2024-04-16T21:11:43.087+0700] {dag.py:3954} INFO - Setting next_dagrun for example_bash_operator to 2024-04-16 00:00:00+00:00, run_after=2024-04-17 00:00:00+00:00
[2024-04-16T21:11:43.099+0700] {processor.py:183} INFO - Processing /opt/homebrew/Caskroom/miniconda/base/lib/python3.11/site-packages/airflow/example_dags/example_bash_operator.py took 0.100 seconds
[2024-04-16T21:14:19.827+0700] {processor.py:161} INFO - Started process (PID=60148) to work on /opt/homebrew/Caskroom/miniconda/base/lib/python3.11/site-packages/airflow/example_dags/example_bash_operator.py
[2024-04-16T21:14:19.827+0700] {processor.py:830} INFO - Processing file /opt/homebrew/Caskroom/miniconda/base/lib/python3.11/site-packages/airflow/example_dags/example_bash_operator.py for tasks to queue
[2024-04-16T21:14:19.828+0700] {logging_mixin.py:188} INFO - [2024-04-16T21:14:19.828+0700] {dagbag.py:540} INFO - Filling up the DagBag from /opt/homebrew/Caskroom/miniconda/base/lib/python3.11/site-packages/airflow/example_dags/example_bash_operator.py
[2024-04-16T21:14:19.835+0700] {processor.py:840} INFO - DAG(s) 'example_bash_operator' retrieved from /opt/homebrew/Caskroom/miniconda/base/lib/python3.11/site-packages/airflow/example_dags/example_bash_operator.py
[2024-04-16T21:14:19.902+0700] {logging_mixin.py:188} INFO - [2024-04-16T21:14:19.902+0700] {dag.py:3096} INFO - Sync 1 DAGs
[2024-04-16T21:14:19.914+0700] {logging_mixin.py:188} INFO - [2024-04-16T21:14:19.914+0700] {dag.py:3954} INFO - Setting next_dagrun for example_bash_operator to 2024-04-16 00:00:00+00:00, run_after=2024-04-17 00:00:00+00:00
[2024-04-16T21:14:19.925+0700] {processor.py:183} INFO - Processing /opt/homebrew/Caskroom/miniconda/base/lib/python3.11/site-packages/airflow/example_dags/example_bash_operator.py took 0.101 seconds
[2024-04-16T21:16:55.176+0700] {processor.py:161} INFO - Started process (PID=60860) to work on /opt/homebrew/Caskroom/miniconda/base/lib/python3.11/site-packages/airflow/example_dags/example_bash_operator.py
[2024-04-16T21:16:55.177+0700] {processor.py:830} INFO - Processing file /opt/homebrew/Caskroom/miniconda/base/lib/python3.11/site-packages/airflow/example_dags/example_bash_operator.py for tasks to queue
[2024-04-16T21:16:55.178+0700] {logging_mixin.py:188} INFO - [2024-04-16T21:16:55.178+0700] {dagbag.py:540} INFO - Filling up the DagBag from /opt/homebrew/Caskroom/miniconda/base/lib/python3.11/site-packages/airflow/example_dags/example_bash_operator.py
[2024-04-16T21:16:55.185+0700] {processor.py:840} INFO - DAG(s) 'example_bash_operator' retrieved from /opt/homebrew/Caskroom/miniconda/base/lib/python3.11/site-packages/airflow/example_dags/example_bash_operator.py
[2024-04-16T21:16:55.251+0700] {logging_mixin.py:188} INFO - [2024-04-16T21:16:55.251+0700] {dag.py:3096} INFO - Sync 1 DAGs
[2024-04-16T21:16:55.262+0700] {logging_mixin.py:188} INFO - [2024-04-16T21:16:55.261+0700] {dag.py:3954} INFO - Setting next_dagrun for example_bash_operator to 2024-04-16 00:00:00+00:00, run_after=2024-04-17 00:00:00+00:00
[2024-04-16T21:16:55.273+0700] {processor.py:183} INFO - Processing /opt/homebrew/Caskroom/miniconda/base/lib/python3.11/site-packages/airflow/example_dags/example_bash_operator.py took 0.098 seconds
[2024-04-16T21:19:28.478+0700] {processor.py:161} INFO - Started process (PID=61575) to work on /opt/homebrew/Caskroom/miniconda/base/lib/python3.11/site-packages/airflow/example_dags/example_bash_operator.py
[2024-04-16T21:19:28.479+0700] {processor.py:830} INFO - Processing file /opt/homebrew/Caskroom/miniconda/base/lib/python3.11/site-packages/airflow/example_dags/example_bash_operator.py for tasks to queue
[2024-04-16T21:19:28.480+0700] {logging_mixin.py:188} INFO - [2024-04-16T21:19:28.480+0700] {dagbag.py:540} INFO - Filling up the DagBag from /opt/homebrew/Caskroom/miniconda/base/lib/python3.11/site-packages/airflow/example_dags/example_bash_operator.py
[2024-04-16T21:19:28.492+0700] {processor.py:840} INFO - DAG(s) 'example_bash_operator' retrieved from /opt/homebrew/Caskroom/miniconda/base/lib/python3.11/site-packages/airflow/example_dags/example_bash_operator.py
[2024-04-16T21:19:28.561+0700] {logging_mixin.py:188} INFO - [2024-04-16T21:19:28.561+0700] {dag.py:3096} INFO - Sync 1 DAGs
[2024-04-16T21:19:28.573+0700] {logging_mixin.py:188} INFO - [2024-04-16T21:19:28.572+0700] {dag.py:3954} INFO - Setting next_dagrun for example_bash_operator to 2024-04-16 00:00:00+00:00, run_after=2024-04-17 00:00:00+00:00
[2024-04-16T21:19:28.584+0700] {processor.py:183} INFO - Processing /opt/homebrew/Caskroom/miniconda/base/lib/python3.11/site-packages/airflow/example_dags/example_bash_operator.py took 0.109 seconds
[2024-04-16T21:22:09.697+0700] {processor.py:161} INFO - Started process (PID=62581) to work on /opt/homebrew/Caskroom/miniconda/base/lib/python3.11/site-packages/airflow/example_dags/example_bash_operator.py
[2024-04-16T21:22:09.698+0700] {processor.py:830} INFO - Processing file /opt/homebrew/Caskroom/miniconda/base/lib/python3.11/site-packages/airflow/example_dags/example_bash_operator.py for tasks to queue
[2024-04-16T21:22:09.698+0700] {logging_mixin.py:188} INFO - [2024-04-16T21:22:09.698+0700] {dagbag.py:540} INFO - Filling up the DagBag from /opt/homebrew/Caskroom/miniconda/base/lib/python3.11/site-packages/airflow/example_dags/example_bash_operator.py
[2024-04-16T21:22:09.707+0700] {processor.py:840} INFO - DAG(s) 'example_bash_operator' retrieved from /opt/homebrew/Caskroom/miniconda/base/lib/python3.11/site-packages/airflow/example_dags/example_bash_operator.py
[2024-04-16T21:22:09.775+0700] {logging_mixin.py:188} INFO - [2024-04-16T21:22:09.775+0700] {dag.py:3096} INFO - Sync 1 DAGs
[2024-04-16T21:22:09.787+0700] {logging_mixin.py:188} INFO - [2024-04-16T21:22:09.787+0700] {dag.py:3954} INFO - Setting next_dagrun for example_bash_operator to 2024-04-16 00:00:00+00:00, run_after=2024-04-17 00:00:00+00:00
[2024-04-16T21:22:09.799+0700] {processor.py:183} INFO - Processing /opt/homebrew/Caskroom/miniconda/base/lib/python3.11/site-packages/airflow/example_dags/example_bash_operator.py took 0.104 seconds
[2024-04-16T21:25:12.898+0700] {processor.py:161} INFO - Started process (PID=63874) to work on /opt/homebrew/Caskroom/miniconda/base/lib/python3.11/site-packages/airflow/example_dags/example_bash_operator.py
[2024-04-16T21:25:12.899+0700] {processor.py:830} INFO - Processing file /opt/homebrew/Caskroom/miniconda/base/lib/python3.11/site-packages/airflow/example_dags/example_bash_operator.py for tasks to queue
[2024-04-16T21:25:12.899+0700] {logging_mixin.py:188} INFO - [2024-04-16T21:25:12.899+0700] {dagbag.py:540} INFO - Filling up the DagBag from /opt/homebrew/Caskroom/miniconda/base/lib/python3.11/site-packages/airflow/example_dags/example_bash_operator.py
[2024-04-16T21:25:12.906+0700] {processor.py:840} INFO - DAG(s) 'example_bash_operator' retrieved from /opt/homebrew/Caskroom/miniconda/base/lib/python3.11/site-packages/airflow/example_dags/example_bash_operator.py
[2024-04-16T21:25:12.985+0700] {logging_mixin.py:188} INFO - [2024-04-16T21:25:12.985+0700] {dag.py:3096} INFO - Sync 1 DAGs
[2024-04-16T21:25:12.998+0700] {logging_mixin.py:188} INFO - [2024-04-16T21:25:12.998+0700] {dag.py:3954} INFO - Setting next_dagrun for example_bash_operator to 2024-04-16 00:00:00+00:00, run_after=2024-04-17 00:00:00+00:00
[2024-04-16T21:25:13.010+0700] {processor.py:183} INFO - Processing /opt/homebrew/Caskroom/miniconda/base/lib/python3.11/site-packages/airflow/example_dags/example_bash_operator.py took 0.114 seconds
[2024-04-16T21:28:09.058+0700] {processor.py:161} INFO - Started process (PID=64734) to work on /opt/homebrew/Caskroom/miniconda/base/lib/python3.11/site-packages/airflow/example_dags/example_bash_operator.py
[2024-04-16T21:28:09.058+0700] {processor.py:830} INFO - Processing file /opt/homebrew/Caskroom/miniconda/base/lib/python3.11/site-packages/airflow/example_dags/example_bash_operator.py for tasks to queue
[2024-04-16T21:28:09.059+0700] {logging_mixin.py:188} INFO - [2024-04-16T21:28:09.059+0700] {dagbag.py:540} INFO - Filling up the DagBag from /opt/homebrew/Caskroom/miniconda/base/lib/python3.11/site-packages/airflow/example_dags/example_bash_operator.py
[2024-04-16T21:28:09.067+0700] {processor.py:840} INFO - DAG(s) 'example_bash_operator' retrieved from /opt/homebrew/Caskroom/miniconda/base/lib/python3.11/site-packages/airflow/example_dags/example_bash_operator.py
[2024-04-16T21:28:09.134+0700] {logging_mixin.py:188} INFO - [2024-04-16T21:28:09.134+0700] {dag.py:3096} INFO - Sync 1 DAGs
[2024-04-16T21:28:09.146+0700] {logging_mixin.py:188} INFO - [2024-04-16T21:28:09.145+0700] {dag.py:3954} INFO - Setting next_dagrun for example_bash_operator to 2024-04-16 00:00:00+00:00, run_after=2024-04-17 00:00:00+00:00
[2024-04-16T21:28:09.158+0700] {processor.py:183} INFO - Processing /opt/homebrew/Caskroom/miniconda/base/lib/python3.11/site-packages/airflow/example_dags/example_bash_operator.py took 0.103 seconds
[2024-04-16T21:30:58.467+0700] {processor.py:161} INFO - Started process (PID=65526) to work on /opt/homebrew/Caskroom/miniconda/base/lib/python3.11/site-packages/airflow/example_dags/example_bash_operator.py
[2024-04-16T21:30:58.468+0700] {processor.py:830} INFO - Processing file /opt/homebrew/Caskroom/miniconda/base/lib/python3.11/site-packages/airflow/example_dags/example_bash_operator.py for tasks to queue
[2024-04-16T21:30:58.468+0700] {logging_mixin.py:188} INFO - [2024-04-16T21:30:58.468+0700] {dagbag.py:540} INFO - Filling up the DagBag from /opt/homebrew/Caskroom/miniconda/base/lib/python3.11/site-packages/airflow/example_dags/example_bash_operator.py
[2024-04-16T21:30:58.479+0700] {processor.py:840} INFO - DAG(s) 'example_bash_operator' retrieved from /opt/homebrew/Caskroom/miniconda/base/lib/python3.11/site-packages/airflow/example_dags/example_bash_operator.py
[2024-04-16T21:30:58.583+0700] {logging_mixin.py:188} INFO - [2024-04-16T21:30:58.583+0700] {dag.py:3096} INFO - Sync 1 DAGs
[2024-04-16T21:30:58.598+0700] {logging_mixin.py:188} INFO - [2024-04-16T21:30:58.597+0700] {dag.py:3954} INFO - Setting next_dagrun for example_bash_operator to 2024-04-16 00:00:00+00:00, run_after=2024-04-17 00:00:00+00:00
[2024-04-16T21:30:58.613+0700] {processor.py:183} INFO - Processing /opt/homebrew/Caskroom/miniconda/base/lib/python3.11/site-packages/airflow/example_dags/example_bash_operator.py took 0.149 seconds
[2024-04-16T21:33:39.641+0700] {processor.py:161} INFO - Started process (PID=66270) to work on /opt/homebrew/Caskroom/miniconda/base/lib/python3.11/site-packages/airflow/example_dags/example_bash_operator.py
[2024-04-16T21:33:39.642+0700] {processor.py:830} INFO - Processing file /opt/homebrew/Caskroom/miniconda/base/lib/python3.11/site-packages/airflow/example_dags/example_bash_operator.py for tasks to queue
[2024-04-16T21:33:39.643+0700] {logging_mixin.py:188} INFO - [2024-04-16T21:33:39.643+0700] {dagbag.py:540} INFO - Filling up the DagBag from /opt/homebrew/Caskroom/miniconda/base/lib/python3.11/site-packages/airflow/example_dags/example_bash_operator.py
[2024-04-16T21:33:39.651+0700] {processor.py:840} INFO - DAG(s) 'example_bash_operator' retrieved from /opt/homebrew/Caskroom/miniconda/base/lib/python3.11/site-packages/airflow/example_dags/example_bash_operator.py
[2024-04-16T21:33:39.721+0700] {logging_mixin.py:188} INFO - [2024-04-16T21:33:39.720+0700] {dag.py:3096} INFO - Sync 1 DAGs
[2024-04-16T21:33:39.733+0700] {logging_mixin.py:188} INFO - [2024-04-16T21:33:39.733+0700] {dag.py:3954} INFO - Setting next_dagrun for example_bash_operator to 2024-04-16 00:00:00+00:00, run_after=2024-04-17 00:00:00+00:00
[2024-04-16T21:33:39.744+0700] {processor.py:183} INFO - Processing /opt/homebrew/Caskroom/miniconda/base/lib/python3.11/site-packages/airflow/example_dags/example_bash_operator.py took 0.105 seconds
[2024-04-16T21:36:20.843+0700] {processor.py:161} INFO - Started process (PID=67070) to work on /opt/homebrew/Caskroom/miniconda/base/lib/python3.11/site-packages/airflow/example_dags/example_bash_operator.py
[2024-04-16T21:36:20.843+0700] {processor.py:830} INFO - Processing file /opt/homebrew/Caskroom/miniconda/base/lib/python3.11/site-packages/airflow/example_dags/example_bash_operator.py for tasks to queue
[2024-04-16T21:36:20.844+0700] {logging_mixin.py:188} INFO - [2024-04-16T21:36:20.844+0700] {dagbag.py:540} INFO - Filling up the DagBag from /opt/homebrew/Caskroom/miniconda/base/lib/python3.11/site-packages/airflow/example_dags/example_bash_operator.py
[2024-04-16T21:36:20.851+0700] {processor.py:840} INFO - DAG(s) 'example_bash_operator' retrieved from /opt/homebrew/Caskroom/miniconda/base/lib/python3.11/site-packages/airflow/example_dags/example_bash_operator.py
[2024-04-16T21:36:20.917+0700] {logging_mixin.py:188} INFO - [2024-04-16T21:36:20.917+0700] {dag.py:3096} INFO - Sync 1 DAGs
[2024-04-16T21:36:20.928+0700] {logging_mixin.py:188} INFO - [2024-04-16T21:36:20.928+0700] {dag.py:3954} INFO - Setting next_dagrun for example_bash_operator to 2024-04-16 00:00:00+00:00, run_after=2024-04-17 00:00:00+00:00
[2024-04-16T21:36:20.940+0700] {processor.py:183} INFO - Processing /opt/homebrew/Caskroom/miniconda/base/lib/python3.11/site-packages/airflow/example_dags/example_bash_operator.py took 0.099 seconds
[2024-04-16T21:39:10.853+0700] {processor.py:161} INFO - Started process (PID=68005) to work on /opt/homebrew/Caskroom/miniconda/base/lib/python3.11/site-packages/airflow/example_dags/example_bash_operator.py
[2024-04-16T21:39:10.854+0700] {processor.py:830} INFO - Processing file /opt/homebrew/Caskroom/miniconda/base/lib/python3.11/site-packages/airflow/example_dags/example_bash_operator.py for tasks to queue
[2024-04-16T21:39:10.855+0700] {logging_mixin.py:188} INFO - [2024-04-16T21:39:10.855+0700] {dagbag.py:540} INFO - Filling up the DagBag from /opt/homebrew/Caskroom/miniconda/base/lib/python3.11/site-packages/airflow/example_dags/example_bash_operator.py
[2024-04-16T21:39:10.868+0700] {processor.py:840} INFO - DAG(s) 'example_bash_operator' retrieved from /opt/homebrew/Caskroom/miniconda/base/lib/python3.11/site-packages/airflow/example_dags/example_bash_operator.py
[2024-04-16T21:39:10.935+0700] {logging_mixin.py:188} INFO - [2024-04-16T21:39:10.935+0700] {dag.py:3096} INFO - Sync 1 DAGs
[2024-04-16T21:39:10.949+0700] {logging_mixin.py:188} INFO - [2024-04-16T21:39:10.948+0700] {dag.py:3954} INFO - Setting next_dagrun for example_bash_operator to 2024-04-16 00:00:00+00:00, run_after=2024-04-17 00:00:00+00:00
[2024-04-16T21:39:10.961+0700] {processor.py:183} INFO - Processing /opt/homebrew/Caskroom/miniconda/base/lib/python3.11/site-packages/airflow/example_dags/example_bash_operator.py took 0.109 seconds
[2024-04-16T21:42:29.625+0700] {processor.py:161} INFO - Started process (PID=68929) to work on /opt/homebrew/Caskroom/miniconda/base/lib/python3.11/site-packages/airflow/example_dags/example_bash_operator.py
[2024-04-16T21:42:29.626+0700] {processor.py:830} INFO - Processing file /opt/homebrew/Caskroom/miniconda/base/lib/python3.11/site-packages/airflow/example_dags/example_bash_operator.py for tasks to queue
[2024-04-16T21:42:29.627+0700] {logging_mixin.py:188} INFO - [2024-04-16T21:42:29.627+0700] {dagbag.py:540} INFO - Filling up the DagBag from /opt/homebrew/Caskroom/miniconda/base/lib/python3.11/site-packages/airflow/example_dags/example_bash_operator.py
[2024-04-16T21:42:29.637+0700] {processor.py:840} INFO - DAG(s) 'example_bash_operator' retrieved from /opt/homebrew/Caskroom/miniconda/base/lib/python3.11/site-packages/airflow/example_dags/example_bash_operator.py
[2024-04-16T21:42:29.716+0700] {logging_mixin.py:188} INFO - [2024-04-16T21:42:29.716+0700] {dag.py:3096} INFO - Sync 1 DAGs
[2024-04-16T21:42:29.728+0700] {logging_mixin.py:188} INFO - [2024-04-16T21:42:29.728+0700] {dag.py:3954} INFO - Setting next_dagrun for example_bash_operator to 2024-04-16 00:00:00+00:00, run_after=2024-04-17 00:00:00+00:00
[2024-04-16T21:42:29.741+0700] {processor.py:183} INFO - Processing /opt/homebrew/Caskroom/miniconda/base/lib/python3.11/site-packages/airflow/example_dags/example_bash_operator.py took 0.120 seconds
[2024-04-16T21:45:33.026+0700] {processor.py:161} INFO - Started process (PID=69761) to work on /opt/homebrew/Caskroom/miniconda/base/lib/python3.11/site-packages/airflow/example_dags/example_bash_operator.py
[2024-04-16T21:45:33.026+0700] {processor.py:830} INFO - Processing file /opt/homebrew/Caskroom/miniconda/base/lib/python3.11/site-packages/airflow/example_dags/example_bash_operator.py for tasks to queue
[2024-04-16T21:45:33.027+0700] {logging_mixin.py:188} INFO - [2024-04-16T21:45:33.027+0700] {dagbag.py:540} INFO - Filling up the DagBag from /opt/homebrew/Caskroom/miniconda/base/lib/python3.11/site-packages/airflow/example_dags/example_bash_operator.py
[2024-04-16T21:45:33.034+0700] {processor.py:840} INFO - DAG(s) 'example_bash_operator' retrieved from /opt/homebrew/Caskroom/miniconda/base/lib/python3.11/site-packages/airflow/example_dags/example_bash_operator.py
[2024-04-16T21:45:33.104+0700] {logging_mixin.py:188} INFO - [2024-04-16T21:45:33.104+0700] {dag.py:3096} INFO - Sync 1 DAGs
[2024-04-16T21:45:33.117+0700] {logging_mixin.py:188} INFO - [2024-04-16T21:45:33.117+0700] {dag.py:3954} INFO - Setting next_dagrun for example_bash_operator to 2024-04-16 00:00:00+00:00, run_after=2024-04-17 00:00:00+00:00
[2024-04-16T21:45:33.128+0700] {processor.py:183} INFO - Processing /opt/homebrew/Caskroom/miniconda/base/lib/python3.11/site-packages/airflow/example_dags/example_bash_operator.py took 0.104 seconds
[2024-04-16T21:49:23.040+0700] {processor.py:161} INFO - Started process (PID=70801) to work on /opt/homebrew/Caskroom/miniconda/base/lib/python3.11/site-packages/airflow/example_dags/example_bash_operator.py
[2024-04-16T21:49:23.041+0700] {processor.py:830} INFO - Processing file /opt/homebrew/Caskroom/miniconda/base/lib/python3.11/site-packages/airflow/example_dags/example_bash_operator.py for tasks to queue
[2024-04-16T21:49:23.042+0700] {logging_mixin.py:188} INFO - [2024-04-16T21:49:23.041+0700] {dagbag.py:540} INFO - Filling up the DagBag from /opt/homebrew/Caskroom/miniconda/base/lib/python3.11/site-packages/airflow/example_dags/example_bash_operator.py
[2024-04-16T21:49:23.049+0700] {processor.py:840} INFO - DAG(s) 'example_bash_operator' retrieved from /opt/homebrew/Caskroom/miniconda/base/lib/python3.11/site-packages/airflow/example_dags/example_bash_operator.py
[2024-04-16T21:49:23.118+0700] {logging_mixin.py:188} INFO - [2024-04-16T21:49:23.118+0700] {dag.py:3096} INFO - Sync 1 DAGs
[2024-04-16T21:49:23.130+0700] {logging_mixin.py:188} INFO - [2024-04-16T21:49:23.130+0700] {dag.py:3954} INFO - Setting next_dagrun for example_bash_operator to 2024-04-16 00:00:00+00:00, run_after=2024-04-17 00:00:00+00:00
[2024-04-16T21:49:23.142+0700] {processor.py:183} INFO - Processing /opt/homebrew/Caskroom/miniconda/base/lib/python3.11/site-packages/airflow/example_dags/example_bash_operator.py took 0.104 seconds
[2024-04-16T21:53:58.002+0700] {processor.py:161} INFO - Started process (PID=72417) to work on /opt/homebrew/Caskroom/miniconda/base/lib/python3.11/site-packages/airflow/example_dags/example_bash_operator.py
[2024-04-16T21:53:58.011+0700] {processor.py:830} INFO - Processing file /opt/homebrew/Caskroom/miniconda/base/lib/python3.11/site-packages/airflow/example_dags/example_bash_operator.py for tasks to queue
[2024-04-16T21:53:58.013+0700] {logging_mixin.py:188} INFO - [2024-04-16T21:53:58.012+0700] {dagbag.py:540} INFO - Filling up the DagBag from /opt/homebrew/Caskroom/miniconda/base/lib/python3.11/site-packages/airflow/example_dags/example_bash_operator.py
[2024-04-16T21:53:58.056+0700] {processor.py:840} INFO - DAG(s) 'example_bash_operator' retrieved from /opt/homebrew/Caskroom/miniconda/base/lib/python3.11/site-packages/airflow/example_dags/example_bash_operator.py
[2024-04-16T21:53:58.276+0700] {logging_mixin.py:188} INFO - [2024-04-16T21:53:58.276+0700] {dag.py:3096} INFO - Sync 1 DAGs
[2024-04-16T21:53:58.300+0700] {logging_mixin.py:188} INFO - [2024-04-16T21:53:58.300+0700] {dag.py:3954} INFO - Setting next_dagrun for example_bash_operator to 2024-04-16 00:00:00+00:00, run_after=2024-04-17 00:00:00+00:00
[2024-04-16T21:53:58.337+0700] {processor.py:183} INFO - Processing /opt/homebrew/Caskroom/miniconda/base/lib/python3.11/site-packages/airflow/example_dags/example_bash_operator.py took 0.345 seconds
[2024-04-16T21:57:12.911+0700] {processor.py:161} INFO - Started process (PID=73401) to work on /opt/homebrew/Caskroom/miniconda/base/lib/python3.11/site-packages/airflow/example_dags/example_bash_operator.py
[2024-04-16T21:57:12.912+0700] {processor.py:830} INFO - Processing file /opt/homebrew/Caskroom/miniconda/base/lib/python3.11/site-packages/airflow/example_dags/example_bash_operator.py for tasks to queue
[2024-04-16T21:57:12.912+0700] {logging_mixin.py:188} INFO - [2024-04-16T21:57:12.912+0700] {dagbag.py:540} INFO - Filling up the DagBag from /opt/homebrew/Caskroom/miniconda/base/lib/python3.11/site-packages/airflow/example_dags/example_bash_operator.py
[2024-04-16T21:57:12.920+0700] {processor.py:840} INFO - DAG(s) 'example_bash_operator' retrieved from /opt/homebrew/Caskroom/miniconda/base/lib/python3.11/site-packages/airflow/example_dags/example_bash_operator.py
[2024-04-16T21:57:12.991+0700] {logging_mixin.py:188} INFO - [2024-04-16T21:57:12.990+0700] {dag.py:3096} INFO - Sync 1 DAGs
[2024-04-16T21:57:13.002+0700] {logging_mixin.py:188} INFO - [2024-04-16T21:57:13.002+0700] {dag.py:3954} INFO - Setting next_dagrun for example_bash_operator to 2024-04-16 00:00:00+00:00, run_after=2024-04-17 00:00:00+00:00
[2024-04-16T21:57:13.013+0700] {processor.py:183} INFO - Processing /opt/homebrew/Caskroom/miniconda/base/lib/python3.11/site-packages/airflow/example_dags/example_bash_operator.py took 0.104 seconds
[2024-04-16T22:00:05.120+0700] {processor.py:161} INFO - Started process (PID=74666) to work on /opt/homebrew/Caskroom/miniconda/base/lib/python3.11/site-packages/airflow/example_dags/example_bash_operator.py
[2024-04-16T22:00:05.122+0700] {processor.py:830} INFO - Processing file /opt/homebrew/Caskroom/miniconda/base/lib/python3.11/site-packages/airflow/example_dags/example_bash_operator.py for tasks to queue
[2024-04-16T22:00:05.122+0700] {logging_mixin.py:188} INFO - [2024-04-16T22:00:05.122+0700] {dagbag.py:540} INFO - Filling up the DagBag from /opt/homebrew/Caskroom/miniconda/base/lib/python3.11/site-packages/airflow/example_dags/example_bash_operator.py
[2024-04-16T22:00:05.131+0700] {processor.py:840} INFO - DAG(s) 'example_bash_operator' retrieved from /opt/homebrew/Caskroom/miniconda/base/lib/python3.11/site-packages/airflow/example_dags/example_bash_operator.py
[2024-04-16T22:00:05.226+0700] {logging_mixin.py:188} INFO - [2024-04-16T22:00:05.225+0700] {dag.py:3096} INFO - Sync 1 DAGs
[2024-04-16T22:00:05.246+0700] {logging_mixin.py:188} INFO - [2024-04-16T22:00:05.246+0700] {dag.py:3954} INFO - Setting next_dagrun for example_bash_operator to 2024-04-16 00:00:00+00:00, run_after=2024-04-17 00:00:00+00:00
[2024-04-16T22:00:05.267+0700] {processor.py:183} INFO - Processing /opt/homebrew/Caskroom/miniconda/base/lib/python3.11/site-packages/airflow/example_dags/example_bash_operator.py took 0.149 seconds
[2024-04-16T22:02:57.136+0700] {processor.py:161} INFO - Started process (PID=75591) to work on /opt/homebrew/Caskroom/miniconda/base/lib/python3.11/site-packages/airflow/example_dags/example_bash_operator.py
[2024-04-16T22:02:57.137+0700] {processor.py:830} INFO - Processing file /opt/homebrew/Caskroom/miniconda/base/lib/python3.11/site-packages/airflow/example_dags/example_bash_operator.py for tasks to queue
[2024-04-16T22:02:57.137+0700] {logging_mixin.py:188} INFO - [2024-04-16T22:02:57.137+0700] {dagbag.py:540} INFO - Filling up the DagBag from /opt/homebrew/Caskroom/miniconda/base/lib/python3.11/site-packages/airflow/example_dags/example_bash_operator.py
[2024-04-16T22:02:57.148+0700] {processor.py:840} INFO - DAG(s) 'example_bash_operator' retrieved from /opt/homebrew/Caskroom/miniconda/base/lib/python3.11/site-packages/airflow/example_dags/example_bash_operator.py
[2024-04-16T22:02:57.253+0700] {logging_mixin.py:188} INFO - [2024-04-16T22:02:57.252+0700] {dag.py:3096} INFO - Sync 1 DAGs
[2024-04-16T22:02:57.268+0700] {logging_mixin.py:188} INFO - [2024-04-16T22:02:57.268+0700] {dag.py:3954} INFO - Setting next_dagrun for example_bash_operator to 2024-04-16 00:00:00+00:00, run_after=2024-04-17 00:00:00+00:00
[2024-04-16T22:02:57.285+0700] {processor.py:183} INFO - Processing /opt/homebrew/Caskroom/miniconda/base/lib/python3.11/site-packages/airflow/example_dags/example_bash_operator.py took 0.152 seconds
[2024-04-16T22:05:53.099+0700] {processor.py:161} INFO - Started process (PID=76637) to work on /opt/homebrew/Caskroom/miniconda/base/lib/python3.11/site-packages/airflow/example_dags/example_bash_operator.py
[2024-04-16T22:05:53.100+0700] {processor.py:830} INFO - Processing file /opt/homebrew/Caskroom/miniconda/base/lib/python3.11/site-packages/airflow/example_dags/example_bash_operator.py for tasks to queue
[2024-04-16T22:05:53.101+0700] {logging_mixin.py:188} INFO - [2024-04-16T22:05:53.101+0700] {dagbag.py:540} INFO - Filling up the DagBag from /opt/homebrew/Caskroom/miniconda/base/lib/python3.11/site-packages/airflow/example_dags/example_bash_operator.py
[2024-04-16T22:05:53.124+0700] {processor.py:840} INFO - DAG(s) 'example_bash_operator' retrieved from /opt/homebrew/Caskroom/miniconda/base/lib/python3.11/site-packages/airflow/example_dags/example_bash_operator.py
[2024-04-16T22:05:53.489+0700] {logging_mixin.py:188} INFO - [2024-04-16T22:05:53.488+0700] {dag.py:3096} INFO - Sync 1 DAGs
[2024-04-16T22:05:53.594+0700] {logging_mixin.py:188} INFO - [2024-04-16T22:05:53.594+0700] {dag.py:3954} INFO - Setting next_dagrun for example_bash_operator to 2024-04-16 00:00:00+00:00, run_after=2024-04-17 00:00:00+00:00
[2024-04-16T22:05:53.643+0700] {processor.py:183} INFO - Processing /opt/homebrew/Caskroom/miniconda/base/lib/python3.11/site-packages/airflow/example_dags/example_bash_operator.py took 0.546 seconds
[2024-04-16T22:09:24.068+0700] {processor.py:161} INFO - Started process (PID=77767) to work on /opt/homebrew/Caskroom/miniconda/base/lib/python3.11/site-packages/airflow/example_dags/example_bash_operator.py
[2024-04-16T22:09:24.069+0700] {processor.py:830} INFO - Processing file /opt/homebrew/Caskroom/miniconda/base/lib/python3.11/site-packages/airflow/example_dags/example_bash_operator.py for tasks to queue
[2024-04-16T22:09:24.069+0700] {logging_mixin.py:188} INFO - [2024-04-16T22:09:24.069+0700] {dagbag.py:540} INFO - Filling up the DagBag from /opt/homebrew/Caskroom/miniconda/base/lib/python3.11/site-packages/airflow/example_dags/example_bash_operator.py
[2024-04-16T22:09:24.077+0700] {processor.py:840} INFO - DAG(s) 'example_bash_operator' retrieved from /opt/homebrew/Caskroom/miniconda/base/lib/python3.11/site-packages/airflow/example_dags/example_bash_operator.py
[2024-04-16T22:09:24.155+0700] {logging_mixin.py:188} INFO - [2024-04-16T22:09:24.154+0700] {dag.py:3096} INFO - Sync 1 DAGs
[2024-04-16T22:09:24.167+0700] {logging_mixin.py:188} INFO - [2024-04-16T22:09:24.167+0700] {dag.py:3954} INFO - Setting next_dagrun for example_bash_operator to 2024-04-16 00:00:00+00:00, run_after=2024-04-17 00:00:00+00:00
[2024-04-16T22:09:24.179+0700] {processor.py:183} INFO - Processing /opt/homebrew/Caskroom/miniconda/base/lib/python3.11/site-packages/airflow/example_dags/example_bash_operator.py took 0.113 seconds
[2024-04-16T22:12:36.520+0700] {processor.py:161} INFO - Started process (PID=78868) to work on /opt/homebrew/Caskroom/miniconda/base/lib/python3.11/site-packages/airflow/example_dags/example_bash_operator.py
[2024-04-16T22:12:36.521+0700] {processor.py:830} INFO - Processing file /opt/homebrew/Caskroom/miniconda/base/lib/python3.11/site-packages/airflow/example_dags/example_bash_operator.py for tasks to queue
[2024-04-16T22:12:36.521+0700] {logging_mixin.py:188} INFO - [2024-04-16T22:12:36.521+0700] {dagbag.py:540} INFO - Filling up the DagBag from /opt/homebrew/Caskroom/miniconda/base/lib/python3.11/site-packages/airflow/example_dags/example_bash_operator.py
[2024-04-16T22:12:36.529+0700] {processor.py:840} INFO - DAG(s) 'example_bash_operator' retrieved from /opt/homebrew/Caskroom/miniconda/base/lib/python3.11/site-packages/airflow/example_dags/example_bash_operator.py
[2024-04-16T22:12:36.620+0700] {logging_mixin.py:188} INFO - [2024-04-16T22:12:36.620+0700] {dag.py:3096} INFO - Sync 1 DAGs
[2024-04-16T22:12:36.634+0700] {logging_mixin.py:188} INFO - [2024-04-16T22:12:36.634+0700] {dag.py:3954} INFO - Setting next_dagrun for example_bash_operator to 2024-04-16 00:00:00+00:00, run_after=2024-04-17 00:00:00+00:00
[2024-04-16T22:12:36.646+0700] {processor.py:183} INFO - Processing /opt/homebrew/Caskroom/miniconda/base/lib/python3.11/site-packages/airflow/example_dags/example_bash_operator.py took 0.127 seconds
[2024-04-16T22:16:58.633+0700] {processor.py:161} INFO - Started process (PID=80209) to work on /opt/homebrew/Caskroom/miniconda/base/lib/python3.11/site-packages/airflow/example_dags/example_bash_operator.py
[2024-04-16T22:16:58.638+0700] {processor.py:830} INFO - Processing file /opt/homebrew/Caskroom/miniconda/base/lib/python3.11/site-packages/airflow/example_dags/example_bash_operator.py for tasks to queue
[2024-04-16T22:16:58.640+0700] {logging_mixin.py:188} INFO - [2024-04-16T22:16:58.639+0700] {dagbag.py:540} INFO - Filling up the DagBag from /opt/homebrew/Caskroom/miniconda/base/lib/python3.11/site-packages/airflow/example_dags/example_bash_operator.py
[2024-04-16T22:16:58.677+0700] {processor.py:840} INFO - DAG(s) 'example_bash_operator' retrieved from /opt/homebrew/Caskroom/miniconda/base/lib/python3.11/site-packages/airflow/example_dags/example_bash_operator.py
[2024-04-16T22:16:59.004+0700] {logging_mixin.py:188} INFO - [2024-04-16T22:16:59.004+0700] {dag.py:3096} INFO - Sync 1 DAGs
[2024-04-16T22:16:59.049+0700] {logging_mixin.py:188} INFO - [2024-04-16T22:16:59.049+0700] {dag.py:3954} INFO - Setting next_dagrun for example_bash_operator to 2024-04-16 00:00:00+00:00, run_after=2024-04-17 00:00:00+00:00
[2024-04-16T22:16:59.100+0700] {processor.py:183} INFO - Processing /opt/homebrew/Caskroom/miniconda/base/lib/python3.11/site-packages/airflow/example_dags/example_bash_operator.py took 0.477 seconds
[2024-04-16T22:25:20.872+0700] {processor.py:161} INFO - Started process (PID=82556) to work on /opt/homebrew/Caskroom/miniconda/base/lib/python3.11/site-packages/airflow/example_dags/example_bash_operator.py
[2024-04-16T22:25:20.875+0700] {processor.py:830} INFO - Processing file /opt/homebrew/Caskroom/miniconda/base/lib/python3.11/site-packages/airflow/example_dags/example_bash_operator.py for tasks to queue
[2024-04-16T22:25:20.879+0700] {logging_mixin.py:188} INFO - [2024-04-16T22:25:20.877+0700] {dagbag.py:540} INFO - Filling up the DagBag from /opt/homebrew/Caskroom/miniconda/base/lib/python3.11/site-packages/airflow/example_dags/example_bash_operator.py
[2024-04-16T22:25:20.929+0700] {processor.py:840} INFO - DAG(s) 'example_bash_operator' retrieved from /opt/homebrew/Caskroom/miniconda/base/lib/python3.11/site-packages/airflow/example_dags/example_bash_operator.py
[2024-04-16T22:25:21.428+0700] {logging_mixin.py:188} INFO - [2024-04-16T22:25:21.428+0700] {dag.py:3096} INFO - Sync 1 DAGs
[2024-04-16T22:25:21.506+0700] {logging_mixin.py:188} INFO - [2024-04-16T22:25:21.505+0700] {dag.py:3954} INFO - Setting next_dagrun for example_bash_operator to 2024-04-16 00:00:00+00:00, run_after=2024-04-17 00:00:00+00:00
[2024-04-16T22:25:21.574+0700] {processor.py:183} INFO - Processing /opt/homebrew/Caskroom/miniconda/base/lib/python3.11/site-packages/airflow/example_dags/example_bash_operator.py took 0.709 seconds
