[2024-04-16T20:52:59.896+0700] {processor.py:161} INFO - Started process (PID=54288) to work on /opt/homebrew/Caskroom/miniconda/base/lib/python3.11/site-packages/airflow/example_dags/example_params_ui_tutorial.py
[2024-04-16T20:52:59.896+0700] {processor.py:830} INFO - Processing file /opt/homebrew/Caskroom/miniconda/base/lib/python3.11/site-packages/airflow/example_dags/example_params_ui_tutorial.py for tasks to queue
[2024-04-16T20:52:59.897+0700] {logging_mixin.py:188} INFO - [2024-04-16T20:52:59.897+0700] {dagbag.py:540} INFO - Filling up the DagBag from /opt/homebrew/Caskroom/miniconda/base/lib/python3.11/site-packages/airflow/example_dags/example_params_ui_tutorial.py
[2024-04-16T20:52:59.922+0700] {processor.py:840} INFO - DAG(s) 'example_params_ui_tutorial' retrieved from /opt/homebrew/Caskroom/miniconda/base/lib/python3.11/site-packages/airflow/example_dags/example_params_ui_tutorial.py
[2024-04-16T20:53:00.083+0700] {logging_mixin.py:188} INFO - [2024-04-16T20:53:00.083+0700] {dag.py:3096} INFO - Sync 1 DAGs
[2024-04-16T20:53:00.089+0700] {logging_mixin.py:188} INFO - [2024-04-16T20:53:00.088+0700] {dag.py:3954} INFO - Setting next_dagrun for example_params_ui_tutorial to None, run_after=None
[2024-04-16T20:53:00.100+0700] {processor.py:183} INFO - Processing /opt/homebrew/Caskroom/miniconda/base/lib/python3.11/site-packages/airflow/example_dags/example_params_ui_tutorial.py took 0.206 seconds
[2024-04-16T20:54:50.878+0700] {processor.py:161} INFO - Started process (PID=54834) to work on /opt/homebrew/Caskroom/miniconda/base/lib/python3.11/site-packages/airflow/example_dags/example_params_ui_tutorial.py
[2024-04-16T20:54:50.879+0700] {processor.py:830} INFO - Processing file /opt/homebrew/Caskroom/miniconda/base/lib/python3.11/site-packages/airflow/example_dags/example_params_ui_tutorial.py for tasks to queue
[2024-04-16T20:54:50.879+0700] {logging_mixin.py:188} INFO - [2024-04-16T20:54:50.879+0700] {dagbag.py:540} INFO - Filling up the DagBag from /opt/homebrew/Caskroom/miniconda/base/lib/python3.11/site-packages/airflow/example_dags/example_params_ui_tutorial.py
[2024-04-16T20:54:50.904+0700] {processor.py:840} INFO - DAG(s) 'example_params_ui_tutorial' retrieved from /opt/homebrew/Caskroom/miniconda/base/lib/python3.11/site-packages/airflow/example_dags/example_params_ui_tutorial.py
[2024-04-16T20:54:50.980+0700] {logging_mixin.py:188} INFO - [2024-04-16T20:54:50.980+0700] {dag.py:3096} INFO - Sync 1 DAGs
[2024-04-16T20:54:50.985+0700] {logging_mixin.py:188} INFO - [2024-04-16T20:54:50.985+0700] {dag.py:3954} INFO - Setting next_dagrun for example_params_ui_tutorial to None, run_after=None
[2024-04-16T20:54:50.996+0700] {processor.py:183} INFO - Processing /opt/homebrew/Caskroom/miniconda/base/lib/python3.11/site-packages/airflow/example_dags/example_params_ui_tutorial.py took 0.120 seconds
[2024-04-16T20:57:21.722+0700] {processor.py:161} INFO - Started process (PID=55514) to work on /opt/homebrew/Caskroom/miniconda/base/lib/python3.11/site-packages/airflow/example_dags/example_params_ui_tutorial.py
[2024-04-16T20:57:21.723+0700] {processor.py:830} INFO - Processing file /opt/homebrew/Caskroom/miniconda/base/lib/python3.11/site-packages/airflow/example_dags/example_params_ui_tutorial.py for tasks to queue
[2024-04-16T20:57:21.723+0700] {logging_mixin.py:188} INFO - [2024-04-16T20:57:21.723+0700] {dagbag.py:540} INFO - Filling up the DagBag from /opt/homebrew/Caskroom/miniconda/base/lib/python3.11/site-packages/airflow/example_dags/example_params_ui_tutorial.py
[2024-04-16T20:57:21.748+0700] {processor.py:840} INFO - DAG(s) 'example_params_ui_tutorial' retrieved from /opt/homebrew/Caskroom/miniconda/base/lib/python3.11/site-packages/airflow/example_dags/example_params_ui_tutorial.py
[2024-04-16T20:57:21.824+0700] {logging_mixin.py:188} INFO - [2024-04-16T20:57:21.823+0700] {dag.py:3096} INFO - Sync 1 DAGs
[2024-04-16T20:57:21.829+0700] {logging_mixin.py:188} INFO - [2024-04-16T20:57:21.829+0700] {dag.py:3954} INFO - Setting next_dagrun for example_params_ui_tutorial to None, run_after=None
[2024-04-16T20:57:21.839+0700] {processor.py:183} INFO - Processing /opt/homebrew/Caskroom/miniconda/base/lib/python3.11/site-packages/airflow/example_dags/example_params_ui_tutorial.py took 0.119 seconds
[2024-04-16T20:59:54.819+0700] {processor.py:161} INFO - Started process (PID=56209) to work on /opt/homebrew/Caskroom/miniconda/base/lib/python3.11/site-packages/airflow/example_dags/example_params_ui_tutorial.py
[2024-04-16T20:59:54.819+0700] {processor.py:830} INFO - Processing file /opt/homebrew/Caskroom/miniconda/base/lib/python3.11/site-packages/airflow/example_dags/example_params_ui_tutorial.py for tasks to queue
[2024-04-16T20:59:54.820+0700] {logging_mixin.py:188} INFO - [2024-04-16T20:59:54.820+0700] {dagbag.py:540} INFO - Filling up the DagBag from /opt/homebrew/Caskroom/miniconda/base/lib/python3.11/site-packages/airflow/example_dags/example_params_ui_tutorial.py
[2024-04-16T20:59:54.844+0700] {processor.py:840} INFO - DAG(s) 'example_params_ui_tutorial' retrieved from /opt/homebrew/Caskroom/miniconda/base/lib/python3.11/site-packages/airflow/example_dags/example_params_ui_tutorial.py
[2024-04-16T20:59:54.919+0700] {logging_mixin.py:188} INFO - [2024-04-16T20:59:54.919+0700] {dag.py:3096} INFO - Sync 1 DAGs
[2024-04-16T20:59:54.925+0700] {logging_mixin.py:188} INFO - [2024-04-16T20:59:54.925+0700] {dag.py:3954} INFO - Setting next_dagrun for example_params_ui_tutorial to None, run_after=None
[2024-04-16T20:59:54.936+0700] {processor.py:183} INFO - Processing /opt/homebrew/Caskroom/miniconda/base/lib/python3.11/site-packages/airflow/example_dags/example_params_ui_tutorial.py took 0.119 seconds
[2024-04-16T21:02:28.795+0700] {processor.py:161} INFO - Started process (PID=56904) to work on /opt/homebrew/Caskroom/miniconda/base/lib/python3.11/site-packages/airflow/example_dags/example_params_ui_tutorial.py
[2024-04-16T21:02:28.796+0700] {processor.py:830} INFO - Processing file /opt/homebrew/Caskroom/miniconda/base/lib/python3.11/site-packages/airflow/example_dags/example_params_ui_tutorial.py for tasks to queue
[2024-04-16T21:02:28.797+0700] {logging_mixin.py:188} INFO - [2024-04-16T21:02:28.797+0700] {dagbag.py:540} INFO - Filling up the DagBag from /opt/homebrew/Caskroom/miniconda/base/lib/python3.11/site-packages/airflow/example_dags/example_params_ui_tutorial.py
[2024-04-16T21:02:28.827+0700] {processor.py:840} INFO - DAG(s) 'example_params_ui_tutorial' retrieved from /opt/homebrew/Caskroom/miniconda/base/lib/python3.11/site-packages/airflow/example_dags/example_params_ui_tutorial.py
[2024-04-16T21:02:28.909+0700] {logging_mixin.py:188} INFO - [2024-04-16T21:02:28.909+0700] {dag.py:3096} INFO - Sync 1 DAGs
[2024-04-16T21:02:28.915+0700] {logging_mixin.py:188} INFO - [2024-04-16T21:02:28.915+0700] {dag.py:3954} INFO - Setting next_dagrun for example_params_ui_tutorial to None, run_after=None
[2024-04-16T21:02:28.927+0700] {processor.py:183} INFO - Processing /opt/homebrew/Caskroom/miniconda/base/lib/python3.11/site-packages/airflow/example_dags/example_params_ui_tutorial.py took 0.134 seconds
[2024-04-16T21:05:01.585+0700] {processor.py:161} INFO - Started process (PID=57601) to work on /opt/homebrew/Caskroom/miniconda/base/lib/python3.11/site-packages/airflow/example_dags/example_params_ui_tutorial.py
[2024-04-16T21:05:01.586+0700] {processor.py:830} INFO - Processing file /opt/homebrew/Caskroom/miniconda/base/lib/python3.11/site-packages/airflow/example_dags/example_params_ui_tutorial.py for tasks to queue
[2024-04-16T21:05:01.587+0700] {logging_mixin.py:188} INFO - [2024-04-16T21:05:01.587+0700] {dagbag.py:540} INFO - Filling up the DagBag from /opt/homebrew/Caskroom/miniconda/base/lib/python3.11/site-packages/airflow/example_dags/example_params_ui_tutorial.py
[2024-04-16T21:05:01.611+0700] {processor.py:840} INFO - DAG(s) 'example_params_ui_tutorial' retrieved from /opt/homebrew/Caskroom/miniconda/base/lib/python3.11/site-packages/airflow/example_dags/example_params_ui_tutorial.py
[2024-04-16T21:05:01.686+0700] {logging_mixin.py:188} INFO - [2024-04-16T21:05:01.685+0700] {dag.py:3096} INFO - Sync 1 DAGs
[2024-04-16T21:05:01.691+0700] {logging_mixin.py:188} INFO - [2024-04-16T21:05:01.691+0700] {dag.py:3954} INFO - Setting next_dagrun for example_params_ui_tutorial to None, run_after=None
[2024-04-16T21:05:01.701+0700] {processor.py:183} INFO - Processing /opt/homebrew/Caskroom/miniconda/base/lib/python3.11/site-packages/airflow/example_dags/example_params_ui_tutorial.py took 0.118 seconds
[2024-04-16T21:07:35.224+0700] {processor.py:161} INFO - Started process (PID=58296) to work on /opt/homebrew/Caskroom/miniconda/base/lib/python3.11/site-packages/airflow/example_dags/example_params_ui_tutorial.py
[2024-04-16T21:07:35.225+0700] {processor.py:830} INFO - Processing file /opt/homebrew/Caskroom/miniconda/base/lib/python3.11/site-packages/airflow/example_dags/example_params_ui_tutorial.py for tasks to queue
[2024-04-16T21:07:35.225+0700] {logging_mixin.py:188} INFO - [2024-04-16T21:07:35.225+0700] {dagbag.py:540} INFO - Filling up the DagBag from /opt/homebrew/Caskroom/miniconda/base/lib/python3.11/site-packages/airflow/example_dags/example_params_ui_tutorial.py
[2024-04-16T21:07:35.250+0700] {processor.py:840} INFO - DAG(s) 'example_params_ui_tutorial' retrieved from /opt/homebrew/Caskroom/miniconda/base/lib/python3.11/site-packages/airflow/example_dags/example_params_ui_tutorial.py
[2024-04-16T21:07:35.325+0700] {logging_mixin.py:188} INFO - [2024-04-16T21:07:35.325+0700] {dag.py:3096} INFO - Sync 1 DAGs
[2024-04-16T21:07:35.330+0700] {logging_mixin.py:188} INFO - [2024-04-16T21:07:35.330+0700] {dag.py:3954} INFO - Setting next_dagrun for example_params_ui_tutorial to None, run_after=None
[2024-04-16T21:07:35.342+0700] {processor.py:183} INFO - Processing /opt/homebrew/Caskroom/miniconda/base/lib/python3.11/site-packages/airflow/example_dags/example_params_ui_tutorial.py took 0.120 seconds
[2024-04-16T21:10:12.220+0700] {processor.py:161} INFO - Started process (PID=59011) to work on /opt/homebrew/Caskroom/miniconda/base/lib/python3.11/site-packages/airflow/example_dags/example_params_ui_tutorial.py
[2024-04-16T21:10:12.222+0700] {processor.py:830} INFO - Processing file /opt/homebrew/Caskroom/miniconda/base/lib/python3.11/site-packages/airflow/example_dags/example_params_ui_tutorial.py for tasks to queue
[2024-04-16T21:10:12.222+0700] {logging_mixin.py:188} INFO - [2024-04-16T21:10:12.222+0700] {dagbag.py:540} INFO - Filling up the DagBag from /opt/homebrew/Caskroom/miniconda/base/lib/python3.11/site-packages/airflow/example_dags/example_params_ui_tutorial.py
[2024-04-16T21:10:12.248+0700] {processor.py:840} INFO - DAG(s) 'example_params_ui_tutorial' retrieved from /opt/homebrew/Caskroom/miniconda/base/lib/python3.11/site-packages/airflow/example_dags/example_params_ui_tutorial.py
[2024-04-16T21:10:12.323+0700] {logging_mixin.py:188} INFO - [2024-04-16T21:10:12.323+0700] {dag.py:3096} INFO - Sync 1 DAGs
[2024-04-16T21:10:12.329+0700] {logging_mixin.py:188} INFO - [2024-04-16T21:10:12.328+0700] {dag.py:3954} INFO - Setting next_dagrun for example_params_ui_tutorial to None, run_after=None
[2024-04-16T21:10:12.339+0700] {processor.py:183} INFO - Processing /opt/homebrew/Caskroom/miniconda/base/lib/python3.11/site-packages/airflow/example_dags/example_params_ui_tutorial.py took 0.121 seconds
[2024-04-16T21:12:49.190+0700] {processor.py:161} INFO - Started process (PID=59734) to work on /opt/homebrew/Caskroom/miniconda/base/lib/python3.11/site-packages/airflow/example_dags/example_params_ui_tutorial.py
[2024-04-16T21:12:49.191+0700] {processor.py:830} INFO - Processing file /opt/homebrew/Caskroom/miniconda/base/lib/python3.11/site-packages/airflow/example_dags/example_params_ui_tutorial.py for tasks to queue
[2024-04-16T21:12:49.192+0700] {logging_mixin.py:188} INFO - [2024-04-16T21:12:49.192+0700] {dagbag.py:540} INFO - Filling up the DagBag from /opt/homebrew/Caskroom/miniconda/base/lib/python3.11/site-packages/airflow/example_dags/example_params_ui_tutorial.py
[2024-04-16T21:12:49.217+0700] {processor.py:840} INFO - DAG(s) 'example_params_ui_tutorial' retrieved from /opt/homebrew/Caskroom/miniconda/base/lib/python3.11/site-packages/airflow/example_dags/example_params_ui_tutorial.py
[2024-04-16T21:12:49.292+0700] {logging_mixin.py:188} INFO - [2024-04-16T21:12:49.292+0700] {dag.py:3096} INFO - Sync 1 DAGs
[2024-04-16T21:12:49.298+0700] {logging_mixin.py:188} INFO - [2024-04-16T21:12:49.298+0700] {dag.py:3954} INFO - Setting next_dagrun for example_params_ui_tutorial to None, run_after=None
[2024-04-16T21:12:49.309+0700] {processor.py:183} INFO - Processing /opt/homebrew/Caskroom/miniconda/base/lib/python3.11/site-packages/airflow/example_dags/example_params_ui_tutorial.py took 0.120 seconds
[2024-04-16T21:15:26.839+0700] {processor.py:161} INFO - Started process (PID=60459) to work on /opt/homebrew/Caskroom/miniconda/base/lib/python3.11/site-packages/airflow/example_dags/example_params_ui_tutorial.py
[2024-04-16T21:15:26.840+0700] {processor.py:830} INFO - Processing file /opt/homebrew/Caskroom/miniconda/base/lib/python3.11/site-packages/airflow/example_dags/example_params_ui_tutorial.py for tasks to queue
[2024-04-16T21:15:26.840+0700] {logging_mixin.py:188} INFO - [2024-04-16T21:15:26.840+0700] {dagbag.py:540} INFO - Filling up the DagBag from /opt/homebrew/Caskroom/miniconda/base/lib/python3.11/site-packages/airflow/example_dags/example_params_ui_tutorial.py
[2024-04-16T21:15:26.865+0700] {processor.py:840} INFO - DAG(s) 'example_params_ui_tutorial' retrieved from /opt/homebrew/Caskroom/miniconda/base/lib/python3.11/site-packages/airflow/example_dags/example_params_ui_tutorial.py
[2024-04-16T21:15:26.940+0700] {logging_mixin.py:188} INFO - [2024-04-16T21:15:26.939+0700] {dag.py:3096} INFO - Sync 1 DAGs
[2024-04-16T21:15:26.945+0700] {logging_mixin.py:188} INFO - [2024-04-16T21:15:26.945+0700] {dag.py:3954} INFO - Setting next_dagrun for example_params_ui_tutorial to None, run_after=None
[2024-04-16T21:15:26.956+0700] {processor.py:183} INFO - Processing /opt/homebrew/Caskroom/miniconda/base/lib/python3.11/site-packages/airflow/example_dags/example_params_ui_tutorial.py took 0.119 seconds
[2024-04-16T21:18:00.485+0700] {processor.py:161} INFO - Started process (PID=61166) to work on /opt/homebrew/Caskroom/miniconda/base/lib/python3.11/site-packages/airflow/example_dags/example_params_ui_tutorial.py
[2024-04-16T21:18:00.487+0700] {processor.py:830} INFO - Processing file /opt/homebrew/Caskroom/miniconda/base/lib/python3.11/site-packages/airflow/example_dags/example_params_ui_tutorial.py for tasks to queue
[2024-04-16T21:18:00.487+0700] {logging_mixin.py:188} INFO - [2024-04-16T21:18:00.487+0700] {dagbag.py:540} INFO - Filling up the DagBag from /opt/homebrew/Caskroom/miniconda/base/lib/python3.11/site-packages/airflow/example_dags/example_params_ui_tutorial.py
[2024-04-16T21:18:00.512+0700] {processor.py:840} INFO - DAG(s) 'example_params_ui_tutorial' retrieved from /opt/homebrew/Caskroom/miniconda/base/lib/python3.11/site-packages/airflow/example_dags/example_params_ui_tutorial.py
[2024-04-16T21:18:00.587+0700] {logging_mixin.py:188} INFO - [2024-04-16T21:18:00.587+0700] {dag.py:3096} INFO - Sync 1 DAGs
[2024-04-16T21:18:00.592+0700] {logging_mixin.py:188} INFO - [2024-04-16T21:18:00.592+0700] {dag.py:3954} INFO - Setting next_dagrun for example_params_ui_tutorial to None, run_after=None
[2024-04-16T21:18:00.603+0700] {processor.py:183} INFO - Processing /opt/homebrew/Caskroom/miniconda/base/lib/python3.11/site-packages/airflow/example_dags/example_params_ui_tutorial.py took 0.119 seconds
[2024-04-16T21:20:32.237+0700] {processor.py:161} INFO - Started process (PID=61867) to work on /opt/homebrew/Caskroom/miniconda/base/lib/python3.11/site-packages/airflow/example_dags/example_params_ui_tutorial.py
[2024-04-16T21:20:32.238+0700] {processor.py:830} INFO - Processing file /opt/homebrew/Caskroom/miniconda/base/lib/python3.11/site-packages/airflow/example_dags/example_params_ui_tutorial.py for tasks to queue
[2024-04-16T21:20:32.238+0700] {logging_mixin.py:188} INFO - [2024-04-16T21:20:32.238+0700] {dagbag.py:540} INFO - Filling up the DagBag from /opt/homebrew/Caskroom/miniconda/base/lib/python3.11/site-packages/airflow/example_dags/example_params_ui_tutorial.py
[2024-04-16T21:20:32.263+0700] {processor.py:840} INFO - DAG(s) 'example_params_ui_tutorial' retrieved from /opt/homebrew/Caskroom/miniconda/base/lib/python3.11/site-packages/airflow/example_dags/example_params_ui_tutorial.py
[2024-04-16T21:20:32.338+0700] {logging_mixin.py:188} INFO - [2024-04-16T21:20:32.338+0700] {dag.py:3096} INFO - Sync 1 DAGs
[2024-04-16T21:20:32.343+0700] {logging_mixin.py:188} INFO - [2024-04-16T21:20:32.343+0700] {dag.py:3954} INFO - Setting next_dagrun for example_params_ui_tutorial to None, run_after=None
[2024-04-16T21:20:32.354+0700] {processor.py:183} INFO - Processing /opt/homebrew/Caskroom/miniconda/base/lib/python3.11/site-packages/airflow/example_dags/example_params_ui_tutorial.py took 0.119 seconds
[2024-04-16T21:23:26.441+0700] {processor.py:161} INFO - Started process (PID=63305) to work on /opt/homebrew/Caskroom/miniconda/base/lib/python3.11/site-packages/airflow/example_dags/example_params_ui_tutorial.py
[2024-04-16T21:23:26.442+0700] {processor.py:830} INFO - Processing file /opt/homebrew/Caskroom/miniconda/base/lib/python3.11/site-packages/airflow/example_dags/example_params_ui_tutorial.py for tasks to queue
[2024-04-16T21:23:26.442+0700] {logging_mixin.py:188} INFO - [2024-04-16T21:23:26.442+0700] {dagbag.py:540} INFO - Filling up the DagBag from /opt/homebrew/Caskroom/miniconda/base/lib/python3.11/site-packages/airflow/example_dags/example_params_ui_tutorial.py
[2024-04-16T21:23:26.470+0700] {processor.py:840} INFO - DAG(s) 'example_params_ui_tutorial' retrieved from /opt/homebrew/Caskroom/miniconda/base/lib/python3.11/site-packages/airflow/example_dags/example_params_ui_tutorial.py
[2024-04-16T21:23:26.551+0700] {logging_mixin.py:188} INFO - [2024-04-16T21:23:26.550+0700] {dag.py:3096} INFO - Sync 1 DAGs
[2024-04-16T21:23:26.556+0700] {logging_mixin.py:188} INFO - [2024-04-16T21:23:26.556+0700] {dag.py:3954} INFO - Setting next_dagrun for example_params_ui_tutorial to None, run_after=None
[2024-04-16T21:23:26.588+0700] {processor.py:183} INFO - Processing /opt/homebrew/Caskroom/miniconda/base/lib/python3.11/site-packages/airflow/example_dags/example_params_ui_tutorial.py took 0.149 seconds
[2024-04-16T21:26:20.181+0700] {processor.py:161} INFO - Started process (PID=64203) to work on /opt/homebrew/Caskroom/miniconda/base/lib/python3.11/site-packages/airflow/example_dags/example_params_ui_tutorial.py
[2024-04-16T21:26:20.184+0700] {processor.py:830} INFO - Processing file /opt/homebrew/Caskroom/miniconda/base/lib/python3.11/site-packages/airflow/example_dags/example_params_ui_tutorial.py for tasks to queue
[2024-04-16T21:26:20.184+0700] {logging_mixin.py:188} INFO - [2024-04-16T21:26:20.184+0700] {dagbag.py:540} INFO - Filling up the DagBag from /opt/homebrew/Caskroom/miniconda/base/lib/python3.11/site-packages/airflow/example_dags/example_params_ui_tutorial.py
[2024-04-16T21:26:20.217+0700] {processor.py:840} INFO - DAG(s) 'example_params_ui_tutorial' retrieved from /opt/homebrew/Caskroom/miniconda/base/lib/python3.11/site-packages/airflow/example_dags/example_params_ui_tutorial.py
[2024-04-16T21:26:20.315+0700] {logging_mixin.py:188} INFO - [2024-04-16T21:26:20.314+0700] {dag.py:3096} INFO - Sync 1 DAGs
[2024-04-16T21:26:20.320+0700] {logging_mixin.py:188} INFO - [2024-04-16T21:26:20.320+0700] {dag.py:3954} INFO - Setting next_dagrun for example_params_ui_tutorial to None, run_after=None
[2024-04-16T21:26:20.336+0700] {processor.py:183} INFO - Processing /opt/homebrew/Caskroom/miniconda/base/lib/python3.11/site-packages/airflow/example_dags/example_params_ui_tutorial.py took 0.157 seconds
[2024-04-16T21:29:14.636+0700] {processor.py:161} INFO - Started process (PID=65037) to work on /opt/homebrew/Caskroom/miniconda/base/lib/python3.11/site-packages/airflow/example_dags/example_params_ui_tutorial.py
[2024-04-16T21:29:14.637+0700] {processor.py:830} INFO - Processing file /opt/homebrew/Caskroom/miniconda/base/lib/python3.11/site-packages/airflow/example_dags/example_params_ui_tutorial.py for tasks to queue
[2024-04-16T21:29:14.638+0700] {logging_mixin.py:188} INFO - [2024-04-16T21:29:14.638+0700] {dagbag.py:540} INFO - Filling up the DagBag from /opt/homebrew/Caskroom/miniconda/base/lib/python3.11/site-packages/airflow/example_dags/example_params_ui_tutorial.py
[2024-04-16T21:29:14.664+0700] {processor.py:840} INFO - DAG(s) 'example_params_ui_tutorial' retrieved from /opt/homebrew/Caskroom/miniconda/base/lib/python3.11/site-packages/airflow/example_dags/example_params_ui_tutorial.py
[2024-04-16T21:29:14.740+0700] {logging_mixin.py:188} INFO - [2024-04-16T21:29:14.740+0700] {dag.py:3096} INFO - Sync 1 DAGs
[2024-04-16T21:29:14.745+0700] {logging_mixin.py:188} INFO - [2024-04-16T21:29:14.745+0700] {dag.py:3954} INFO - Setting next_dagrun for example_params_ui_tutorial to None, run_after=None
[2024-04-16T21:29:14.758+0700] {processor.py:183} INFO - Processing /opt/homebrew/Caskroom/miniconda/base/lib/python3.11/site-packages/airflow/example_dags/example_params_ui_tutorial.py took 0.123 seconds
[2024-04-16T21:32:01.108+0700] {processor.py:161} INFO - Started process (PID=65809) to work on /opt/homebrew/Caskroom/miniconda/base/lib/python3.11/site-packages/airflow/example_dags/example_params_ui_tutorial.py
[2024-04-16T21:32:01.109+0700] {processor.py:830} INFO - Processing file /opt/homebrew/Caskroom/miniconda/base/lib/python3.11/site-packages/airflow/example_dags/example_params_ui_tutorial.py for tasks to queue
[2024-04-16T21:32:01.109+0700] {logging_mixin.py:188} INFO - [2024-04-16T21:32:01.109+0700] {dagbag.py:540} INFO - Filling up the DagBag from /opt/homebrew/Caskroom/miniconda/base/lib/python3.11/site-packages/airflow/example_dags/example_params_ui_tutorial.py
[2024-04-16T21:32:01.134+0700] {processor.py:840} INFO - DAG(s) 'example_params_ui_tutorial' retrieved from /opt/homebrew/Caskroom/miniconda/base/lib/python3.11/site-packages/airflow/example_dags/example_params_ui_tutorial.py
[2024-04-16T21:32:01.208+0700] {logging_mixin.py:188} INFO - [2024-04-16T21:32:01.207+0700] {dag.py:3096} INFO - Sync 1 DAGs
[2024-04-16T21:32:01.213+0700] {logging_mixin.py:188} INFO - [2024-04-16T21:32:01.213+0700] {dag.py:3954} INFO - Setting next_dagrun for example_params_ui_tutorial to None, run_after=None
[2024-04-16T21:32:01.223+0700] {processor.py:183} INFO - Processing /opt/homebrew/Caskroom/miniconda/base/lib/python3.11/site-packages/airflow/example_dags/example_params_ui_tutorial.py took 0.117 seconds
[2024-04-16T21:34:45.391+0700] {processor.py:161} INFO - Started process (PID=66578) to work on /opt/homebrew/Caskroom/miniconda/base/lib/python3.11/site-packages/airflow/example_dags/example_params_ui_tutorial.py
[2024-04-16T21:34:45.391+0700] {processor.py:830} INFO - Processing file /opt/homebrew/Caskroom/miniconda/base/lib/python3.11/site-packages/airflow/example_dags/example_params_ui_tutorial.py for tasks to queue
[2024-04-16T21:34:45.392+0700] {logging_mixin.py:188} INFO - [2024-04-16T21:34:45.392+0700] {dagbag.py:540} INFO - Filling up the DagBag from /opt/homebrew/Caskroom/miniconda/base/lib/python3.11/site-packages/airflow/example_dags/example_params_ui_tutorial.py
[2024-04-16T21:34:45.419+0700] {processor.py:840} INFO - DAG(s) 'example_params_ui_tutorial' retrieved from /opt/homebrew/Caskroom/miniconda/base/lib/python3.11/site-packages/airflow/example_dags/example_params_ui_tutorial.py
[2024-04-16T21:34:45.494+0700] {logging_mixin.py:188} INFO - [2024-04-16T21:34:45.494+0700] {dag.py:3096} INFO - Sync 1 DAGs
[2024-04-16T21:34:45.499+0700] {logging_mixin.py:188} INFO - [2024-04-16T21:34:45.499+0700] {dag.py:3954} INFO - Setting next_dagrun for example_params_ui_tutorial to None, run_after=None
[2024-04-16T21:34:45.510+0700] {processor.py:183} INFO - Processing /opt/homebrew/Caskroom/miniconda/base/lib/python3.11/site-packages/airflow/example_dags/example_params_ui_tutorial.py took 0.121 seconds
[2024-04-16T21:37:25.215+0700] {processor.py:161} INFO - Started process (PID=67387) to work on /opt/homebrew/Caskroom/miniconda/base/lib/python3.11/site-packages/airflow/example_dags/example_params_ui_tutorial.py
[2024-04-16T21:37:25.216+0700] {processor.py:830} INFO - Processing file /opt/homebrew/Caskroom/miniconda/base/lib/python3.11/site-packages/airflow/example_dags/example_params_ui_tutorial.py for tasks to queue
[2024-04-16T21:37:25.216+0700] {logging_mixin.py:188} INFO - [2024-04-16T21:37:25.216+0700] {dagbag.py:540} INFO - Filling up the DagBag from /opt/homebrew/Caskroom/miniconda/base/lib/python3.11/site-packages/airflow/example_dags/example_params_ui_tutorial.py
[2024-04-16T21:37:25.243+0700] {processor.py:840} INFO - DAG(s) 'example_params_ui_tutorial' retrieved from /opt/homebrew/Caskroom/miniconda/base/lib/python3.11/site-packages/airflow/example_dags/example_params_ui_tutorial.py
[2024-04-16T21:37:25.321+0700] {logging_mixin.py:188} INFO - [2024-04-16T21:37:25.321+0700] {dag.py:3096} INFO - Sync 1 DAGs
[2024-04-16T21:37:25.327+0700] {logging_mixin.py:188} INFO - [2024-04-16T21:37:25.327+0700] {dag.py:3954} INFO - Setting next_dagrun for example_params_ui_tutorial to None, run_after=None
[2024-04-16T21:37:25.339+0700] {processor.py:183} INFO - Processing /opt/homebrew/Caskroom/miniconda/base/lib/python3.11/site-packages/airflow/example_dags/example_params_ui_tutorial.py took 0.127 seconds
[2024-04-16T21:40:19.169+0700] {processor.py:161} INFO - Started process (PID=68319) to work on /opt/homebrew/Caskroom/miniconda/base/lib/python3.11/site-packages/airflow/example_dags/example_params_ui_tutorial.py
[2024-04-16T21:40:19.173+0700] {processor.py:830} INFO - Processing file /opt/homebrew/Caskroom/miniconda/base/lib/python3.11/site-packages/airflow/example_dags/example_params_ui_tutorial.py for tasks to queue
[2024-04-16T21:40:19.174+0700] {logging_mixin.py:188} INFO - [2024-04-16T21:40:19.173+0700] {dagbag.py:540} INFO - Filling up the DagBag from /opt/homebrew/Caskroom/miniconda/base/lib/python3.11/site-packages/airflow/example_dags/example_params_ui_tutorial.py
[2024-04-16T21:40:19.202+0700] {processor.py:840} INFO - DAG(s) 'example_params_ui_tutorial' retrieved from /opt/homebrew/Caskroom/miniconda/base/lib/python3.11/site-packages/airflow/example_dags/example_params_ui_tutorial.py
[2024-04-16T21:40:19.285+0700] {logging_mixin.py:188} INFO - [2024-04-16T21:40:19.285+0700] {dag.py:3096} INFO - Sync 1 DAGs
[2024-04-16T21:40:19.290+0700] {logging_mixin.py:188} INFO - [2024-04-16T21:40:19.290+0700] {dag.py:3954} INFO - Setting next_dagrun for example_params_ui_tutorial to None, run_after=None
[2024-04-16T21:40:19.302+0700] {processor.py:183} INFO - Processing /opt/homebrew/Caskroom/miniconda/base/lib/python3.11/site-packages/airflow/example_dags/example_params_ui_tutorial.py took 0.134 seconds
[2024-04-16T21:43:47.993+0700] {processor.py:161} INFO - Started process (PID=69289) to work on /opt/homebrew/Caskroom/miniconda/base/lib/python3.11/site-packages/airflow/example_dags/example_params_ui_tutorial.py
[2024-04-16T21:43:47.994+0700] {processor.py:830} INFO - Processing file /opt/homebrew/Caskroom/miniconda/base/lib/python3.11/site-packages/airflow/example_dags/example_params_ui_tutorial.py for tasks to queue
[2024-04-16T21:43:47.994+0700] {logging_mixin.py:188} INFO - [2024-04-16T21:43:47.994+0700] {dagbag.py:540} INFO - Filling up the DagBag from /opt/homebrew/Caskroom/miniconda/base/lib/python3.11/site-packages/airflow/example_dags/example_params_ui_tutorial.py
[2024-04-16T21:43:48.021+0700] {processor.py:840} INFO - DAG(s) 'example_params_ui_tutorial' retrieved from /opt/homebrew/Caskroom/miniconda/base/lib/python3.11/site-packages/airflow/example_dags/example_params_ui_tutorial.py
[2024-04-16T21:43:48.099+0700] {logging_mixin.py:188} INFO - [2024-04-16T21:43:48.099+0700] {dag.py:3096} INFO - Sync 1 DAGs
[2024-04-16T21:43:48.105+0700] {logging_mixin.py:188} INFO - [2024-04-16T21:43:48.105+0700] {dag.py:3954} INFO - Setting next_dagrun for example_params_ui_tutorial to None, run_after=None
[2024-04-16T21:43:48.116+0700] {processor.py:183} INFO - Processing /opt/homebrew/Caskroom/miniconda/base/lib/python3.11/site-packages/airflow/example_dags/example_params_ui_tutorial.py took 0.126 seconds
[2024-04-16T21:46:51.919+0700] {processor.py:161} INFO - Started process (PID=70105) to work on /opt/homebrew/Caskroom/miniconda/base/lib/python3.11/site-packages/airflow/example_dags/example_params_ui_tutorial.py
[2024-04-16T21:46:51.924+0700] {processor.py:830} INFO - Processing file /opt/homebrew/Caskroom/miniconda/base/lib/python3.11/site-packages/airflow/example_dags/example_params_ui_tutorial.py for tasks to queue
[2024-04-16T21:46:51.927+0700] {logging_mixin.py:188} INFO - [2024-04-16T21:46:51.926+0700] {dagbag.py:540} INFO - Filling up the DagBag from /opt/homebrew/Caskroom/miniconda/base/lib/python3.11/site-packages/airflow/example_dags/example_params_ui_tutorial.py
[2024-04-16T21:46:51.989+0700] {processor.py:840} INFO - DAG(s) 'example_params_ui_tutorial' retrieved from /opt/homebrew/Caskroom/miniconda/base/lib/python3.11/site-packages/airflow/example_dags/example_params_ui_tutorial.py
[2024-04-16T21:46:52.198+0700] {logging_mixin.py:188} INFO - [2024-04-16T21:46:52.198+0700] {dag.py:3096} INFO - Sync 1 DAGs
[2024-04-16T21:46:52.211+0700] {logging_mixin.py:188} INFO - [2024-04-16T21:46:52.211+0700] {dag.py:3954} INFO - Setting next_dagrun for example_params_ui_tutorial to None, run_after=None
[2024-04-16T21:46:52.242+0700] {processor.py:183} INFO - Processing /opt/homebrew/Caskroom/miniconda/base/lib/python3.11/site-packages/airflow/example_dags/example_params_ui_tutorial.py took 0.334 seconds
[2024-04-16T21:48:56.231+0700] {processor.py:161} INFO - Started process (PID=70661) to work on /opt/homebrew/Caskroom/miniconda/base/lib/python3.11/site-packages/airflow/example_dags/example_params_ui_tutorial.py
[2024-04-16T21:48:56.232+0700] {processor.py:830} INFO - Processing file /opt/homebrew/Caskroom/miniconda/base/lib/python3.11/site-packages/airflow/example_dags/example_params_ui_tutorial.py for tasks to queue
[2024-04-16T21:48:56.232+0700] {logging_mixin.py:188} INFO - [2024-04-16T21:48:56.232+0700] {dagbag.py:540} INFO - Filling up the DagBag from /opt/homebrew/Caskroom/miniconda/base/lib/python3.11/site-packages/airflow/example_dags/example_params_ui_tutorial.py
[2024-04-16T21:48:56.257+0700] {processor.py:840} INFO - DAG(s) 'example_params_ui_tutorial' retrieved from /opt/homebrew/Caskroom/miniconda/base/lib/python3.11/site-packages/airflow/example_dags/example_params_ui_tutorial.py
[2024-04-16T21:48:56.333+0700] {logging_mixin.py:188} INFO - [2024-04-16T21:48:56.332+0700] {dag.py:3096} INFO - Sync 1 DAGs
[2024-04-16T21:48:56.338+0700] {logging_mixin.py:188} INFO - [2024-04-16T21:48:56.338+0700] {dag.py:3954} INFO - Setting next_dagrun for example_params_ui_tutorial to None, run_after=None
[2024-04-16T21:48:56.349+0700] {processor.py:183} INFO - Processing /opt/homebrew/Caskroom/miniconda/base/lib/python3.11/site-packages/airflow/example_dags/example_params_ui_tutorial.py took 0.121 seconds
[2024-04-16T21:50:52.884+0700] {processor.py:161} INFO - Started process (PID=71266) to work on /opt/homebrew/Caskroom/miniconda/base/lib/python3.11/site-packages/airflow/example_dags/example_params_ui_tutorial.py
[2024-04-16T21:50:52.885+0700] {processor.py:830} INFO - Processing file /opt/homebrew/Caskroom/miniconda/base/lib/python3.11/site-packages/airflow/example_dags/example_params_ui_tutorial.py for tasks to queue
[2024-04-16T21:50:52.885+0700] {logging_mixin.py:188} INFO - [2024-04-16T21:50:52.885+0700] {dagbag.py:540} INFO - Filling up the DagBag from /opt/homebrew/Caskroom/miniconda/base/lib/python3.11/site-packages/airflow/example_dags/example_params_ui_tutorial.py
[2024-04-16T21:50:52.916+0700] {processor.py:840} INFO - DAG(s) 'example_params_ui_tutorial' retrieved from /opt/homebrew/Caskroom/miniconda/base/lib/python3.11/site-packages/airflow/example_dags/example_params_ui_tutorial.py
[2024-04-16T21:50:53.006+0700] {logging_mixin.py:188} INFO - [2024-04-16T21:50:53.006+0700] {dag.py:3096} INFO - Sync 1 DAGs
[2024-04-16T21:50:53.013+0700] {logging_mixin.py:188} INFO - [2024-04-16T21:50:53.013+0700] {dag.py:3954} INFO - Setting next_dagrun for example_params_ui_tutorial to None, run_after=None
[2024-04-16T21:50:53.026+0700] {processor.py:183} INFO - Processing /opt/homebrew/Caskroom/miniconda/base/lib/python3.11/site-packages/airflow/example_dags/example_params_ui_tutorial.py took 0.144 seconds
[2024-04-16T21:53:28.653+0700] {processor.py:161} INFO - Started process (PID=72260) to work on /opt/homebrew/Caskroom/miniconda/base/lib/python3.11/site-packages/airflow/example_dags/example_params_ui_tutorial.py
[2024-04-16T21:53:28.654+0700] {processor.py:830} INFO - Processing file /opt/homebrew/Caskroom/miniconda/base/lib/python3.11/site-packages/airflow/example_dags/example_params_ui_tutorial.py for tasks to queue
[2024-04-16T21:53:28.655+0700] {logging_mixin.py:188} INFO - [2024-04-16T21:53:28.655+0700] {dagbag.py:540} INFO - Filling up the DagBag from /opt/homebrew/Caskroom/miniconda/base/lib/python3.11/site-packages/airflow/example_dags/example_params_ui_tutorial.py
[2024-04-16T21:53:28.686+0700] {processor.py:840} INFO - DAG(s) 'example_params_ui_tutorial' retrieved from /opt/homebrew/Caskroom/miniconda/base/lib/python3.11/site-packages/airflow/example_dags/example_params_ui_tutorial.py
[2024-04-16T21:53:28.774+0700] {logging_mixin.py:188} INFO - [2024-04-16T21:53:28.774+0700] {dag.py:3096} INFO - Sync 1 DAGs
[2024-04-16T21:53:28.781+0700] {logging_mixin.py:188} INFO - [2024-04-16T21:53:28.781+0700] {dag.py:3954} INFO - Setting next_dagrun for example_params_ui_tutorial to None, run_after=None
[2024-04-16T21:53:28.794+0700] {processor.py:183} INFO - Processing /opt/homebrew/Caskroom/miniconda/base/lib/python3.11/site-packages/airflow/example_dags/example_params_ui_tutorial.py took 0.142 seconds
[2024-04-16T21:55:20.312+0700] {processor.py:161} INFO - Started process (PID=72856) to work on /opt/homebrew/Caskroom/miniconda/base/lib/python3.11/site-packages/airflow/example_dags/example_params_ui_tutorial.py
[2024-04-16T21:55:20.313+0700] {processor.py:830} INFO - Processing file /opt/homebrew/Caskroom/miniconda/base/lib/python3.11/site-packages/airflow/example_dags/example_params_ui_tutorial.py for tasks to queue
[2024-04-16T21:55:20.314+0700] {logging_mixin.py:188} INFO - [2024-04-16T21:55:20.313+0700] {dagbag.py:540} INFO - Filling up the DagBag from /opt/homebrew/Caskroom/miniconda/base/lib/python3.11/site-packages/airflow/example_dags/example_params_ui_tutorial.py
[2024-04-16T21:55:20.339+0700] {processor.py:840} INFO - DAG(s) 'example_params_ui_tutorial' retrieved from /opt/homebrew/Caskroom/miniconda/base/lib/python3.11/site-packages/airflow/example_dags/example_params_ui_tutorial.py
[2024-04-16T21:55:20.420+0700] {logging_mixin.py:188} INFO - [2024-04-16T21:55:20.420+0700] {dag.py:3096} INFO - Sync 1 DAGs
[2024-04-16T21:55:20.426+0700] {logging_mixin.py:188} INFO - [2024-04-16T21:55:20.425+0700] {dag.py:3954} INFO - Setting next_dagrun for example_params_ui_tutorial to None, run_after=None
[2024-04-16T21:55:20.437+0700] {processor.py:183} INFO - Processing /opt/homebrew/Caskroom/miniconda/base/lib/python3.11/site-packages/airflow/example_dags/example_params_ui_tutorial.py took 0.126 seconds
[2024-04-16T21:58:16.475+0700] {processor.py:161} INFO - Started process (PID=73831) to work on /opt/homebrew/Caskroom/miniconda/base/lib/python3.11/site-packages/airflow/example_dags/example_params_ui_tutorial.py
[2024-04-16T21:58:16.476+0700] {processor.py:830} INFO - Processing file /opt/homebrew/Caskroom/miniconda/base/lib/python3.11/site-packages/airflow/example_dags/example_params_ui_tutorial.py for tasks to queue
[2024-04-16T21:58:16.476+0700] {logging_mixin.py:188} INFO - [2024-04-16T21:58:16.476+0700] {dagbag.py:540} INFO - Filling up the DagBag from /opt/homebrew/Caskroom/miniconda/base/lib/python3.11/site-packages/airflow/example_dags/example_params_ui_tutorial.py
[2024-04-16T21:58:16.507+0700] {processor.py:840} INFO - DAG(s) 'example_params_ui_tutorial' retrieved from /opt/homebrew/Caskroom/miniconda/base/lib/python3.11/site-packages/airflow/example_dags/example_params_ui_tutorial.py
[2024-04-16T21:58:16.599+0700] {logging_mixin.py:188} INFO - [2024-04-16T21:58:16.598+0700] {dag.py:3096} INFO - Sync 1 DAGs
[2024-04-16T21:58:16.605+0700] {logging_mixin.py:188} INFO - [2024-04-16T21:58:16.604+0700] {dag.py:3954} INFO - Setting next_dagrun for example_params_ui_tutorial to None, run_after=None
[2024-04-16T21:58:16.617+0700] {processor.py:183} INFO - Processing /opt/homebrew/Caskroom/miniconda/base/lib/python3.11/site-packages/airflow/example_dags/example_params_ui_tutorial.py took 0.144 seconds
[2024-04-16T22:01:09.369+0700] {processor.py:161} INFO - Started process (PID=74965) to work on /opt/homebrew/Caskroom/miniconda/base/lib/python3.11/site-packages/airflow/example_dags/example_params_ui_tutorial.py
[2024-04-16T22:01:09.370+0700] {processor.py:830} INFO - Processing file /opt/homebrew/Caskroom/miniconda/base/lib/python3.11/site-packages/airflow/example_dags/example_params_ui_tutorial.py for tasks to queue
[2024-04-16T22:01:09.370+0700] {logging_mixin.py:188} INFO - [2024-04-16T22:01:09.370+0700] {dagbag.py:540} INFO - Filling up the DagBag from /opt/homebrew/Caskroom/miniconda/base/lib/python3.11/site-packages/airflow/example_dags/example_params_ui_tutorial.py
[2024-04-16T22:01:09.399+0700] {processor.py:840} INFO - DAG(s) 'example_params_ui_tutorial' retrieved from /opt/homebrew/Caskroom/miniconda/base/lib/python3.11/site-packages/airflow/example_dags/example_params_ui_tutorial.py
[2024-04-16T22:01:09.482+0700] {logging_mixin.py:188} INFO - [2024-04-16T22:01:09.482+0700] {dag.py:3096} INFO - Sync 1 DAGs
[2024-04-16T22:01:09.488+0700] {logging_mixin.py:188} INFO - [2024-04-16T22:01:09.488+0700] {dag.py:3954} INFO - Setting next_dagrun for example_params_ui_tutorial to None, run_after=None
[2024-04-16T22:01:09.500+0700] {processor.py:183} INFO - Processing /opt/homebrew/Caskroom/miniconda/base/lib/python3.11/site-packages/airflow/example_dags/example_params_ui_tutorial.py took 0.133 seconds
[2024-04-16T22:04:02.642+0700] {processor.py:161} INFO - Started process (PID=75954) to work on /opt/homebrew/Caskroom/miniconda/base/lib/python3.11/site-packages/airflow/example_dags/example_params_ui_tutorial.py
[2024-04-16T22:04:02.644+0700] {processor.py:830} INFO - Processing file /opt/homebrew/Caskroom/miniconda/base/lib/python3.11/site-packages/airflow/example_dags/example_params_ui_tutorial.py for tasks to queue
[2024-04-16T22:04:02.644+0700] {logging_mixin.py:188} INFO - [2024-04-16T22:04:02.644+0700] {dagbag.py:540} INFO - Filling up the DagBag from /opt/homebrew/Caskroom/miniconda/base/lib/python3.11/site-packages/airflow/example_dags/example_params_ui_tutorial.py
[2024-04-16T22:04:02.680+0700] {processor.py:840} INFO - DAG(s) 'example_params_ui_tutorial' retrieved from /opt/homebrew/Caskroom/miniconda/base/lib/python3.11/site-packages/airflow/example_dags/example_params_ui_tutorial.py
[2024-04-16T22:04:02.759+0700] {logging_mixin.py:188} INFO - [2024-04-16T22:04:02.759+0700] {dag.py:3096} INFO - Sync 1 DAGs
[2024-04-16T22:04:02.765+0700] {logging_mixin.py:188} INFO - [2024-04-16T22:04:02.765+0700] {dag.py:3954} INFO - Setting next_dagrun for example_params_ui_tutorial to None, run_after=None
[2024-04-16T22:04:02.776+0700] {processor.py:183} INFO - Processing /opt/homebrew/Caskroom/miniconda/base/lib/python3.11/site-packages/airflow/example_dags/example_params_ui_tutorial.py took 0.138 seconds
[2024-04-16T22:07:16.177+0700] {processor.py:161} INFO - Started process (PID=77068) to work on /opt/homebrew/Caskroom/miniconda/base/lib/python3.11/site-packages/airflow/example_dags/example_params_ui_tutorial.py
[2024-04-16T22:07:16.179+0700] {processor.py:830} INFO - Processing file /opt/homebrew/Caskroom/miniconda/base/lib/python3.11/site-packages/airflow/example_dags/example_params_ui_tutorial.py for tasks to queue
[2024-04-16T22:07:16.180+0700] {logging_mixin.py:188} INFO - [2024-04-16T22:07:16.179+0700] {dagbag.py:540} INFO - Filling up the DagBag from /opt/homebrew/Caskroom/miniconda/base/lib/python3.11/site-packages/airflow/example_dags/example_params_ui_tutorial.py
[2024-04-16T22:07:16.248+0700] {processor.py:840} INFO - DAG(s) 'example_params_ui_tutorial' retrieved from /opt/homebrew/Caskroom/miniconda/base/lib/python3.11/site-packages/airflow/example_dags/example_params_ui_tutorial.py
[2024-04-16T22:07:16.406+0700] {logging_mixin.py:188} INFO - [2024-04-16T22:07:16.405+0700] {dag.py:3096} INFO - Sync 1 DAGs
[2024-04-16T22:07:16.418+0700] {logging_mixin.py:188} INFO - [2024-04-16T22:07:16.418+0700] {dag.py:3954} INFO - Setting next_dagrun for example_params_ui_tutorial to None, run_after=None
[2024-04-16T22:07:16.441+0700] {processor.py:183} INFO - Processing /opt/homebrew/Caskroom/miniconda/base/lib/python3.11/site-packages/airflow/example_dags/example_params_ui_tutorial.py took 0.268 seconds
[2024-04-16T22:09:02.308+0700] {processor.py:161} INFO - Started process (PID=77657) to work on /opt/homebrew/Caskroom/miniconda/base/lib/python3.11/site-packages/airflow/example_dags/example_params_ui_tutorial.py
[2024-04-16T22:09:02.309+0700] {processor.py:830} INFO - Processing file /opt/homebrew/Caskroom/miniconda/base/lib/python3.11/site-packages/airflow/example_dags/example_params_ui_tutorial.py for tasks to queue
[2024-04-16T22:09:02.309+0700] {logging_mixin.py:188} INFO - [2024-04-16T22:09:02.309+0700] {dagbag.py:540} INFO - Filling up the DagBag from /opt/homebrew/Caskroom/miniconda/base/lib/python3.11/site-packages/airflow/example_dags/example_params_ui_tutorial.py
[2024-04-16T22:09:02.337+0700] {processor.py:840} INFO - DAG(s) 'example_params_ui_tutorial' retrieved from /opt/homebrew/Caskroom/miniconda/base/lib/python3.11/site-packages/airflow/example_dags/example_params_ui_tutorial.py
[2024-04-16T22:09:02.417+0700] {logging_mixin.py:188} INFO - [2024-04-16T22:09:02.417+0700] {dag.py:3096} INFO - Sync 1 DAGs
[2024-04-16T22:09:02.423+0700] {logging_mixin.py:188} INFO - [2024-04-16T22:09:02.422+0700] {dag.py:3954} INFO - Setting next_dagrun for example_params_ui_tutorial to None, run_after=None
[2024-04-16T22:09:02.433+0700] {processor.py:183} INFO - Processing /opt/homebrew/Caskroom/miniconda/base/lib/python3.11/site-packages/airflow/example_dags/example_params_ui_tutorial.py took 0.127 seconds
[2024-04-16T22:12:19.002+0700] {processor.py:161} INFO - Started process (PID=78786) to work on /opt/homebrew/Caskroom/miniconda/base/lib/python3.11/site-packages/airflow/example_dags/example_params_ui_tutorial.py
[2024-04-16T22:12:19.003+0700] {processor.py:830} INFO - Processing file /opt/homebrew/Caskroom/miniconda/base/lib/python3.11/site-packages/airflow/example_dags/example_params_ui_tutorial.py for tasks to queue
[2024-04-16T22:12:19.004+0700] {logging_mixin.py:188} INFO - [2024-04-16T22:12:19.004+0700] {dagbag.py:540} INFO - Filling up the DagBag from /opt/homebrew/Caskroom/miniconda/base/lib/python3.11/site-packages/airflow/example_dags/example_params_ui_tutorial.py
[2024-04-16T22:12:19.030+0700] {processor.py:840} INFO - DAG(s) 'example_params_ui_tutorial' retrieved from /opt/homebrew/Caskroom/miniconda/base/lib/python3.11/site-packages/airflow/example_dags/example_params_ui_tutorial.py
[2024-04-16T22:12:19.107+0700] {logging_mixin.py:188} INFO - [2024-04-16T22:12:19.107+0700] {dag.py:3096} INFO - Sync 1 DAGs
[2024-04-16T22:12:19.113+0700] {logging_mixin.py:188} INFO - [2024-04-16T22:12:19.113+0700] {dag.py:3954} INFO - Setting next_dagrun for example_params_ui_tutorial to None, run_after=None
[2024-04-16T22:12:19.125+0700] {processor.py:183} INFO - Processing /opt/homebrew/Caskroom/miniconda/base/lib/python3.11/site-packages/airflow/example_dags/example_params_ui_tutorial.py took 0.125 seconds
[2024-04-16T22:15:48.974+0700] {processor.py:161} INFO - Started process (PID=79877) to work on /opt/homebrew/Caskroom/miniconda/base/lib/python3.11/site-packages/airflow/example_dags/example_params_ui_tutorial.py
[2024-04-16T22:15:48.975+0700] {processor.py:830} INFO - Processing file /opt/homebrew/Caskroom/miniconda/base/lib/python3.11/site-packages/airflow/example_dags/example_params_ui_tutorial.py for tasks to queue
[2024-04-16T22:15:48.975+0700] {logging_mixin.py:188} INFO - [2024-04-16T22:15:48.975+0700] {dagbag.py:540} INFO - Filling up the DagBag from /opt/homebrew/Caskroom/miniconda/base/lib/python3.11/site-packages/airflow/example_dags/example_params_ui_tutorial.py
[2024-04-16T22:15:49.003+0700] {processor.py:840} INFO - DAG(s) 'example_params_ui_tutorial' retrieved from /opt/homebrew/Caskroom/miniconda/base/lib/python3.11/site-packages/airflow/example_dags/example_params_ui_tutorial.py
[2024-04-16T22:15:49.078+0700] {logging_mixin.py:188} INFO - [2024-04-16T22:15:49.078+0700] {dag.py:3096} INFO - Sync 1 DAGs
[2024-04-16T22:15:49.084+0700] {logging_mixin.py:188} INFO - [2024-04-16T22:15:49.084+0700] {dag.py:3954} INFO - Setting next_dagrun for example_params_ui_tutorial to None, run_after=None
[2024-04-16T22:15:49.095+0700] {processor.py:183} INFO - Processing /opt/homebrew/Caskroom/miniconda/base/lib/python3.11/site-packages/airflow/example_dags/example_params_ui_tutorial.py took 0.125 seconds
[2024-04-16T22:20:11.199+0700] {processor.py:161} INFO - Started process (PID=81059) to work on /opt/homebrew/Caskroom/miniconda/base/lib/python3.11/site-packages/airflow/example_dags/example_params_ui_tutorial.py
[2024-04-16T22:20:11.202+0700] {processor.py:830} INFO - Processing file /opt/homebrew/Caskroom/miniconda/base/lib/python3.11/site-packages/airflow/example_dags/example_params_ui_tutorial.py for tasks to queue
[2024-04-16T22:20:11.203+0700] {logging_mixin.py:188} INFO - [2024-04-16T22:20:11.203+0700] {dagbag.py:540} INFO - Filling up the DagBag from /opt/homebrew/Caskroom/miniconda/base/lib/python3.11/site-packages/airflow/example_dags/example_params_ui_tutorial.py
[2024-04-16T22:20:11.355+0700] {processor.py:840} INFO - DAG(s) 'example_params_ui_tutorial' retrieved from /opt/homebrew/Caskroom/miniconda/base/lib/python3.11/site-packages/airflow/example_dags/example_params_ui_tutorial.py
[2024-04-16T22:20:11.641+0700] {logging_mixin.py:188} INFO - [2024-04-16T22:20:11.640+0700] {dag.py:3096} INFO - Sync 1 DAGs
[2024-04-16T22:20:11.659+0700] {logging_mixin.py:188} INFO - [2024-04-16T22:20:11.658+0700] {dag.py:3954} INFO - Setting next_dagrun for example_params_ui_tutorial to None, run_after=None
[2024-04-16T22:20:11.697+0700] {processor.py:183} INFO - Processing /opt/homebrew/Caskroom/miniconda/base/lib/python3.11/site-packages/airflow/example_dags/example_params_ui_tutorial.py took 0.506 seconds
[2024-04-16T22:24:31.575+0700] {processor.py:161} INFO - Started process (PID=82339) to work on /opt/homebrew/Caskroom/miniconda/base/lib/python3.11/site-packages/airflow/example_dags/example_params_ui_tutorial.py
[2024-04-16T22:24:31.578+0700] {processor.py:830} INFO - Processing file /opt/homebrew/Caskroom/miniconda/base/lib/python3.11/site-packages/airflow/example_dags/example_params_ui_tutorial.py for tasks to queue
[2024-04-16T22:24:31.579+0700] {logging_mixin.py:188} INFO - [2024-04-16T22:24:31.579+0700] {dagbag.py:540} INFO - Filling up the DagBag from /opt/homebrew/Caskroom/miniconda/base/lib/python3.11/site-packages/airflow/example_dags/example_params_ui_tutorial.py
[2024-04-16T22:24:31.669+0700] {processor.py:840} INFO - DAG(s) 'example_params_ui_tutorial' retrieved from /opt/homebrew/Caskroom/miniconda/base/lib/python3.11/site-packages/airflow/example_dags/example_params_ui_tutorial.py
[2024-04-16T22:24:31.926+0700] {logging_mixin.py:188} INFO - [2024-04-16T22:24:31.925+0700] {dag.py:3096} INFO - Sync 1 DAGs
[2024-04-16T22:24:31.943+0700] {logging_mixin.py:188} INFO - [2024-04-16T22:24:31.943+0700] {dag.py:3954} INFO - Setting next_dagrun for example_params_ui_tutorial to None, run_after=None
[2024-04-16T22:24:31.982+0700] {processor.py:183} INFO - Processing /opt/homebrew/Caskroom/miniconda/base/lib/python3.11/site-packages/airflow/example_dags/example_params_ui_tutorial.py took 0.412 seconds
