[2024-04-16T20:52:51.984+0700] {processor.py:161} INFO - Started process (PID=54234) to work on /opt/homebrew/Caskroom/miniconda/base/lib/python3.11/site-packages/airflow/example_dags/example_sensor_decorator.py
[2024-04-16T20:52:51.985+0700] {processor.py:830} INFO - Processing file /opt/homebrew/Caskroom/miniconda/base/lib/python3.11/site-packages/airflow/example_dags/example_sensor_decorator.py for tasks to queue
[2024-04-16T20:52:51.985+0700] {logging_mixin.py:188} INFO - [2024-04-16T20:52:51.985+0700] {dagbag.py:540} INFO - Filling up the DagBag from /opt/homebrew/Caskroom/miniconda/base/lib/python3.11/site-packages/airflow/example_dags/example_sensor_decorator.py
[2024-04-16T20:52:52.007+0700] {processor.py:840} INFO - DAG(s) 'example_sensor_decorator' retrieved from /opt/homebrew/Caskroom/miniconda/base/lib/python3.11/site-packages/airflow/example_dags/example_sensor_decorator.py
[2024-04-16T20:52:52.159+0700] {logging_mixin.py:188} INFO - [2024-04-16T20:52:52.159+0700] {dag.py:3096} INFO - Sync 1 DAGs
[2024-04-16T20:52:52.164+0700] {logging_mixin.py:188} INFO - [2024-04-16T20:52:52.164+0700] {dag.py:3954} INFO - Setting next_dagrun for example_sensor_decorator to None, run_after=None
[2024-04-16T20:52:52.175+0700] {processor.py:183} INFO - Processing /opt/homebrew/Caskroom/miniconda/base/lib/python3.11/site-packages/airflow/example_dags/example_sensor_decorator.py took 0.192 seconds
[2024-04-16T20:54:42.666+0700] {processor.py:161} INFO - Started process (PID=54798) to work on /opt/homebrew/Caskroom/miniconda/base/lib/python3.11/site-packages/airflow/example_dags/example_sensor_decorator.py
[2024-04-16T20:54:42.668+0700] {processor.py:830} INFO - Processing file /opt/homebrew/Caskroom/miniconda/base/lib/python3.11/site-packages/airflow/example_dags/example_sensor_decorator.py for tasks to queue
[2024-04-16T20:54:42.668+0700] {logging_mixin.py:188} INFO - [2024-04-16T20:54:42.668+0700] {dagbag.py:540} INFO - Filling up the DagBag from /opt/homebrew/Caskroom/miniconda/base/lib/python3.11/site-packages/airflow/example_dags/example_sensor_decorator.py
[2024-04-16T20:54:42.690+0700] {processor.py:840} INFO - DAG(s) 'example_sensor_decorator' retrieved from /opt/homebrew/Caskroom/miniconda/base/lib/python3.11/site-packages/airflow/example_dags/example_sensor_decorator.py
[2024-04-16T20:54:42.758+0700] {logging_mixin.py:188} INFO - [2024-04-16T20:54:42.757+0700] {dag.py:3096} INFO - Sync 1 DAGs
[2024-04-16T20:54:42.763+0700] {logging_mixin.py:188} INFO - [2024-04-16T20:54:42.763+0700] {dag.py:3954} INFO - Setting next_dagrun for example_sensor_decorator to None, run_after=None
[2024-04-16T20:54:42.774+0700] {processor.py:183} INFO - Processing /opt/homebrew/Caskroom/miniconda/base/lib/python3.11/site-packages/airflow/example_dags/example_sensor_decorator.py took 0.109 seconds
[2024-04-16T20:57:13.384+0700] {processor.py:161} INFO - Started process (PID=55478) to work on /opt/homebrew/Caskroom/miniconda/base/lib/python3.11/site-packages/airflow/example_dags/example_sensor_decorator.py
[2024-04-16T20:57:13.385+0700] {processor.py:830} INFO - Processing file /opt/homebrew/Caskroom/miniconda/base/lib/python3.11/site-packages/airflow/example_dags/example_sensor_decorator.py for tasks to queue
[2024-04-16T20:57:13.385+0700] {logging_mixin.py:188} INFO - [2024-04-16T20:57:13.385+0700] {dagbag.py:540} INFO - Filling up the DagBag from /opt/homebrew/Caskroom/miniconda/base/lib/python3.11/site-packages/airflow/example_dags/example_sensor_decorator.py
[2024-04-16T20:57:13.408+0700] {processor.py:840} INFO - DAG(s) 'example_sensor_decorator' retrieved from /opt/homebrew/Caskroom/miniconda/base/lib/python3.11/site-packages/airflow/example_dags/example_sensor_decorator.py
[2024-04-16T20:57:13.475+0700] {logging_mixin.py:188} INFO - [2024-04-16T20:57:13.475+0700] {dag.py:3096} INFO - Sync 1 DAGs
[2024-04-16T20:57:13.480+0700] {logging_mixin.py:188} INFO - [2024-04-16T20:57:13.480+0700] {dag.py:3954} INFO - Setting next_dagrun for example_sensor_decorator to None, run_after=None
[2024-04-16T20:57:13.493+0700] {processor.py:183} INFO - Processing /opt/homebrew/Caskroom/miniconda/base/lib/python3.11/site-packages/airflow/example_dags/example_sensor_decorator.py took 0.111 seconds
[2024-04-16T20:59:46.677+0700] {processor.py:161} INFO - Started process (PID=56170) to work on /opt/homebrew/Caskroom/miniconda/base/lib/python3.11/site-packages/airflow/example_dags/example_sensor_decorator.py
[2024-04-16T20:59:46.679+0700] {processor.py:830} INFO - Processing file /opt/homebrew/Caskroom/miniconda/base/lib/python3.11/site-packages/airflow/example_dags/example_sensor_decorator.py for tasks to queue
[2024-04-16T20:59:46.680+0700] {logging_mixin.py:188} INFO - [2024-04-16T20:59:46.680+0700] {dagbag.py:540} INFO - Filling up the DagBag from /opt/homebrew/Caskroom/miniconda/base/lib/python3.11/site-packages/airflow/example_dags/example_sensor_decorator.py
[2024-04-16T20:59:46.715+0700] {processor.py:840} INFO - DAG(s) 'example_sensor_decorator' retrieved from /opt/homebrew/Caskroom/miniconda/base/lib/python3.11/site-packages/airflow/example_dags/example_sensor_decorator.py
[2024-04-16T20:59:46.815+0700] {logging_mixin.py:188} INFO - [2024-04-16T20:59:46.815+0700] {dag.py:3096} INFO - Sync 1 DAGs
[2024-04-16T20:59:46.821+0700] {logging_mixin.py:188} INFO - [2024-04-16T20:59:46.821+0700] {dag.py:3954} INFO - Setting next_dagrun for example_sensor_decorator to None, run_after=None
[2024-04-16T20:59:46.836+0700] {processor.py:183} INFO - Processing /opt/homebrew/Caskroom/miniconda/base/lib/python3.11/site-packages/airflow/example_dags/example_sensor_decorator.py took 0.182 seconds
[2024-04-16T21:02:21.075+0700] {processor.py:161} INFO - Started process (PID=56868) to work on /opt/homebrew/Caskroom/miniconda/base/lib/python3.11/site-packages/airflow/example_dags/example_sensor_decorator.py
[2024-04-16T21:02:21.076+0700] {processor.py:830} INFO - Processing file /opt/homebrew/Caskroom/miniconda/base/lib/python3.11/site-packages/airflow/example_dags/example_sensor_decorator.py for tasks to queue
[2024-04-16T21:02:21.077+0700] {logging_mixin.py:188} INFO - [2024-04-16T21:02:21.077+0700] {dagbag.py:540} INFO - Filling up the DagBag from /opt/homebrew/Caskroom/miniconda/base/lib/python3.11/site-packages/airflow/example_dags/example_sensor_decorator.py
[2024-04-16T21:02:21.100+0700] {processor.py:840} INFO - DAG(s) 'example_sensor_decorator' retrieved from /opt/homebrew/Caskroom/miniconda/base/lib/python3.11/site-packages/airflow/example_dags/example_sensor_decorator.py
[2024-04-16T21:02:21.168+0700] {logging_mixin.py:188} INFO - [2024-04-16T21:02:21.168+0700] {dag.py:3096} INFO - Sync 1 DAGs
[2024-04-16T21:02:21.173+0700] {logging_mixin.py:188} INFO - [2024-04-16T21:02:21.173+0700] {dag.py:3954} INFO - Setting next_dagrun for example_sensor_decorator to None, run_after=None
[2024-04-16T21:02:21.184+0700] {processor.py:183} INFO - Processing /opt/homebrew/Caskroom/miniconda/base/lib/python3.11/site-packages/airflow/example_dags/example_sensor_decorator.py took 0.110 seconds
[2024-04-16T21:04:53.218+0700] {processor.py:161} INFO - Started process (PID=57557) to work on /opt/homebrew/Caskroom/miniconda/base/lib/python3.11/site-packages/airflow/example_dags/example_sensor_decorator.py
[2024-04-16T21:04:53.219+0700] {processor.py:830} INFO - Processing file /opt/homebrew/Caskroom/miniconda/base/lib/python3.11/site-packages/airflow/example_dags/example_sensor_decorator.py for tasks to queue
[2024-04-16T21:04:53.220+0700] {logging_mixin.py:188} INFO - [2024-04-16T21:04:53.219+0700] {dagbag.py:540} INFO - Filling up the DagBag from /opt/homebrew/Caskroom/miniconda/base/lib/python3.11/site-packages/airflow/example_dags/example_sensor_decorator.py
[2024-04-16T21:04:53.244+0700] {processor.py:840} INFO - DAG(s) 'example_sensor_decorator' retrieved from /opt/homebrew/Caskroom/miniconda/base/lib/python3.11/site-packages/airflow/example_dags/example_sensor_decorator.py
[2024-04-16T21:04:53.312+0700] {logging_mixin.py:188} INFO - [2024-04-16T21:04:53.312+0700] {dag.py:3096} INFO - Sync 1 DAGs
[2024-04-16T21:04:53.317+0700] {logging_mixin.py:188} INFO - [2024-04-16T21:04:53.317+0700] {dag.py:3954} INFO - Setting next_dagrun for example_sensor_decorator to None, run_after=None
[2024-04-16T21:04:53.328+0700] {processor.py:183} INFO - Processing /opt/homebrew/Caskroom/miniconda/base/lib/python3.11/site-packages/airflow/example_dags/example_sensor_decorator.py took 0.112 seconds
[2024-04-16T21:07:26.763+0700] {processor.py:161} INFO - Started process (PID=58260) to work on /opt/homebrew/Caskroom/miniconda/base/lib/python3.11/site-packages/airflow/example_dags/example_sensor_decorator.py
[2024-04-16T21:07:26.764+0700] {processor.py:830} INFO - Processing file /opt/homebrew/Caskroom/miniconda/base/lib/python3.11/site-packages/airflow/example_dags/example_sensor_decorator.py for tasks to queue
[2024-04-16T21:07:26.764+0700] {logging_mixin.py:188} INFO - [2024-04-16T21:07:26.764+0700] {dagbag.py:540} INFO - Filling up the DagBag from /opt/homebrew/Caskroom/miniconda/base/lib/python3.11/site-packages/airflow/example_dags/example_sensor_decorator.py
[2024-04-16T21:07:26.788+0700] {processor.py:840} INFO - DAG(s) 'example_sensor_decorator' retrieved from /opt/homebrew/Caskroom/miniconda/base/lib/python3.11/site-packages/airflow/example_dags/example_sensor_decorator.py
[2024-04-16T21:07:26.864+0700] {logging_mixin.py:188} INFO - [2024-04-16T21:07:26.863+0700] {dag.py:3096} INFO - Sync 1 DAGs
[2024-04-16T21:07:26.869+0700] {logging_mixin.py:188} INFO - [2024-04-16T21:07:26.869+0700] {dag.py:3954} INFO - Setting next_dagrun for example_sensor_decorator to None, run_after=None
[2024-04-16T21:07:26.882+0700] {processor.py:183} INFO - Processing /opt/homebrew/Caskroom/miniconda/base/lib/python3.11/site-packages/airflow/example_dags/example_sensor_decorator.py took 0.121 seconds
[2024-04-16T21:10:04.351+0700] {processor.py:161} INFO - Started process (PID=58975) to work on /opt/homebrew/Caskroom/miniconda/base/lib/python3.11/site-packages/airflow/example_dags/example_sensor_decorator.py
[2024-04-16T21:10:04.352+0700] {processor.py:830} INFO - Processing file /opt/homebrew/Caskroom/miniconda/base/lib/python3.11/site-packages/airflow/example_dags/example_sensor_decorator.py for tasks to queue
[2024-04-16T21:10:04.352+0700] {logging_mixin.py:188} INFO - [2024-04-16T21:10:04.352+0700] {dagbag.py:540} INFO - Filling up the DagBag from /opt/homebrew/Caskroom/miniconda/base/lib/python3.11/site-packages/airflow/example_dags/example_sensor_decorator.py
[2024-04-16T21:10:04.376+0700] {processor.py:840} INFO - DAG(s) 'example_sensor_decorator' retrieved from /opt/homebrew/Caskroom/miniconda/base/lib/python3.11/site-packages/airflow/example_dags/example_sensor_decorator.py
[2024-04-16T21:10:04.444+0700] {logging_mixin.py:188} INFO - [2024-04-16T21:10:04.443+0700] {dag.py:3096} INFO - Sync 1 DAGs
[2024-04-16T21:10:04.449+0700] {logging_mixin.py:188} INFO - [2024-04-16T21:10:04.449+0700] {dag.py:3954} INFO - Setting next_dagrun for example_sensor_decorator to None, run_after=None
[2024-04-16T21:10:04.461+0700] {processor.py:183} INFO - Processing /opt/homebrew/Caskroom/miniconda/base/lib/python3.11/site-packages/airflow/example_dags/example_sensor_decorator.py took 0.112 seconds
[2024-04-16T21:12:40.967+0700] {processor.py:161} INFO - Started process (PID=59687) to work on /opt/homebrew/Caskroom/miniconda/base/lib/python3.11/site-packages/airflow/example_dags/example_sensor_decorator.py
[2024-04-16T21:12:40.968+0700] {processor.py:830} INFO - Processing file /opt/homebrew/Caskroom/miniconda/base/lib/python3.11/site-packages/airflow/example_dags/example_sensor_decorator.py for tasks to queue
[2024-04-16T21:12:40.968+0700] {logging_mixin.py:188} INFO - [2024-04-16T21:12:40.968+0700] {dagbag.py:540} INFO - Filling up the DagBag from /opt/homebrew/Caskroom/miniconda/base/lib/python3.11/site-packages/airflow/example_dags/example_sensor_decorator.py
[2024-04-16T21:12:40.991+0700] {processor.py:840} INFO - DAG(s) 'example_sensor_decorator' retrieved from /opt/homebrew/Caskroom/miniconda/base/lib/python3.11/site-packages/airflow/example_dags/example_sensor_decorator.py
[2024-04-16T21:12:41.059+0700] {logging_mixin.py:188} INFO - [2024-04-16T21:12:41.059+0700] {dag.py:3096} INFO - Sync 1 DAGs
[2024-04-16T21:12:41.065+0700] {logging_mixin.py:188} INFO - [2024-04-16T21:12:41.065+0700] {dag.py:3954} INFO - Setting next_dagrun for example_sensor_decorator to None, run_after=None
[2024-04-16T21:12:41.076+0700] {processor.py:183} INFO - Processing /opt/homebrew/Caskroom/miniconda/base/lib/python3.11/site-packages/airflow/example_dags/example_sensor_decorator.py took 0.111 seconds
[2024-04-16T21:15:18.549+0700] {processor.py:161} INFO - Started process (PID=60423) to work on /opt/homebrew/Caskroom/miniconda/base/lib/python3.11/site-packages/airflow/example_dags/example_sensor_decorator.py
[2024-04-16T21:15:18.550+0700] {processor.py:830} INFO - Processing file /opt/homebrew/Caskroom/miniconda/base/lib/python3.11/site-packages/airflow/example_dags/example_sensor_decorator.py for tasks to queue
[2024-04-16T21:15:18.550+0700] {logging_mixin.py:188} INFO - [2024-04-16T21:15:18.550+0700] {dagbag.py:540} INFO - Filling up the DagBag from /opt/homebrew/Caskroom/miniconda/base/lib/python3.11/site-packages/airflow/example_dags/example_sensor_decorator.py
[2024-04-16T21:15:18.575+0700] {processor.py:840} INFO - DAG(s) 'example_sensor_decorator' retrieved from /opt/homebrew/Caskroom/miniconda/base/lib/python3.11/site-packages/airflow/example_dags/example_sensor_decorator.py
[2024-04-16T21:15:18.645+0700] {logging_mixin.py:188} INFO - [2024-04-16T21:15:18.645+0700] {dag.py:3096} INFO - Sync 1 DAGs
[2024-04-16T21:15:18.650+0700] {logging_mixin.py:188} INFO - [2024-04-16T21:15:18.650+0700] {dag.py:3954} INFO - Setting next_dagrun for example_sensor_decorator to None, run_after=None
[2024-04-16T21:15:18.662+0700] {processor.py:183} INFO - Processing /opt/homebrew/Caskroom/miniconda/base/lib/python3.11/site-packages/airflow/example_dags/example_sensor_decorator.py took 0.115 seconds
[2024-04-16T21:17:52.482+0700] {processor.py:161} INFO - Started process (PID=61122) to work on /opt/homebrew/Caskroom/miniconda/base/lib/python3.11/site-packages/airflow/example_dags/example_sensor_decorator.py
[2024-04-16T21:17:52.483+0700] {processor.py:830} INFO - Processing file /opt/homebrew/Caskroom/miniconda/base/lib/python3.11/site-packages/airflow/example_dags/example_sensor_decorator.py for tasks to queue
[2024-04-16T21:17:52.484+0700] {logging_mixin.py:188} INFO - [2024-04-16T21:17:52.483+0700] {dagbag.py:540} INFO - Filling up the DagBag from /opt/homebrew/Caskroom/miniconda/base/lib/python3.11/site-packages/airflow/example_dags/example_sensor_decorator.py
[2024-04-16T21:17:52.510+0700] {processor.py:840} INFO - DAG(s) 'example_sensor_decorator' retrieved from /opt/homebrew/Caskroom/miniconda/base/lib/python3.11/site-packages/airflow/example_dags/example_sensor_decorator.py
[2024-04-16T21:17:52.581+0700] {logging_mixin.py:188} INFO - [2024-04-16T21:17:52.580+0700] {dag.py:3096} INFO - Sync 1 DAGs
[2024-04-16T21:17:52.590+0700] {logging_mixin.py:188} INFO - [2024-04-16T21:17:52.590+0700] {dag.py:3954} INFO - Setting next_dagrun for example_sensor_decorator to None, run_after=None
[2024-04-16T21:17:52.601+0700] {processor.py:183} INFO - Processing /opt/homebrew/Caskroom/miniconda/base/lib/python3.11/site-packages/airflow/example_dags/example_sensor_decorator.py took 0.122 seconds
[2024-04-16T21:20:24.132+0700] {processor.py:161} INFO - Started process (PID=61831) to work on /opt/homebrew/Caskroom/miniconda/base/lib/python3.11/site-packages/airflow/example_dags/example_sensor_decorator.py
[2024-04-16T21:20:24.133+0700] {processor.py:830} INFO - Processing file /opt/homebrew/Caskroom/miniconda/base/lib/python3.11/site-packages/airflow/example_dags/example_sensor_decorator.py for tasks to queue
[2024-04-16T21:20:24.133+0700] {logging_mixin.py:188} INFO - [2024-04-16T21:20:24.133+0700] {dagbag.py:540} INFO - Filling up the DagBag from /opt/homebrew/Caskroom/miniconda/base/lib/python3.11/site-packages/airflow/example_dags/example_sensor_decorator.py
[2024-04-16T21:20:24.156+0700] {processor.py:840} INFO - DAG(s) 'example_sensor_decorator' retrieved from /opt/homebrew/Caskroom/miniconda/base/lib/python3.11/site-packages/airflow/example_dags/example_sensor_decorator.py
[2024-04-16T21:20:24.225+0700] {logging_mixin.py:188} INFO - [2024-04-16T21:20:24.225+0700] {dag.py:3096} INFO - Sync 1 DAGs
[2024-04-16T21:20:24.230+0700] {logging_mixin.py:188} INFO - [2024-04-16T21:20:24.230+0700] {dag.py:3954} INFO - Setting next_dagrun for example_sensor_decorator to None, run_after=None
[2024-04-16T21:20:24.241+0700] {processor.py:183} INFO - Processing /opt/homebrew/Caskroom/miniconda/base/lib/python3.11/site-packages/airflow/example_dags/example_sensor_decorator.py took 0.111 seconds
[2024-04-16T21:23:16.012+0700] {processor.py:161} INFO - Started process (PID=62942) to work on /opt/homebrew/Caskroom/miniconda/base/lib/python3.11/site-packages/airflow/example_dags/example_sensor_decorator.py
[2024-04-16T21:23:16.014+0700] {processor.py:830} INFO - Processing file /opt/homebrew/Caskroom/miniconda/base/lib/python3.11/site-packages/airflow/example_dags/example_sensor_decorator.py for tasks to queue
[2024-04-16T21:23:16.014+0700] {logging_mixin.py:188} INFO - [2024-04-16T21:23:16.014+0700] {dagbag.py:540} INFO - Filling up the DagBag from /opt/homebrew/Caskroom/miniconda/base/lib/python3.11/site-packages/airflow/example_dags/example_sensor_decorator.py
[2024-04-16T21:23:16.042+0700] {processor.py:840} INFO - DAG(s) 'example_sensor_decorator' retrieved from /opt/homebrew/Caskroom/miniconda/base/lib/python3.11/site-packages/airflow/example_dags/example_sensor_decorator.py
[2024-04-16T21:23:16.127+0700] {logging_mixin.py:188} INFO - [2024-04-16T21:23:16.127+0700] {dag.py:3096} INFO - Sync 1 DAGs
[2024-04-16T21:23:16.134+0700] {logging_mixin.py:188} INFO - [2024-04-16T21:23:16.134+0700] {dag.py:3954} INFO - Setting next_dagrun for example_sensor_decorator to None, run_after=None
[2024-04-16T21:23:16.150+0700] {processor.py:183} INFO - Processing /opt/homebrew/Caskroom/miniconda/base/lib/python3.11/site-packages/airflow/example_dags/example_sensor_decorator.py took 0.139 seconds
[2024-04-16T21:24:50.872+0700] {processor.py:161} INFO - Started process (PID=63760) to work on /opt/homebrew/Caskroom/miniconda/base/lib/python3.11/site-packages/airflow/example_dags/example_sensor_decorator.py
[2024-04-16T21:24:50.876+0700] {processor.py:830} INFO - Processing file /opt/homebrew/Caskroom/miniconda/base/lib/python3.11/site-packages/airflow/example_dags/example_sensor_decorator.py for tasks to queue
[2024-04-16T21:24:50.876+0700] {logging_mixin.py:188} INFO - [2024-04-16T21:24:50.876+0700] {dagbag.py:540} INFO - Filling up the DagBag from /opt/homebrew/Caskroom/miniconda/base/lib/python3.11/site-packages/airflow/example_dags/example_sensor_decorator.py
[2024-04-16T21:24:50.906+0700] {processor.py:840} INFO - DAG(s) 'example_sensor_decorator' retrieved from /opt/homebrew/Caskroom/miniconda/base/lib/python3.11/site-packages/airflow/example_dags/example_sensor_decorator.py
[2024-04-16T21:24:50.978+0700] {logging_mixin.py:188} INFO - [2024-04-16T21:24:50.977+0700] {dag.py:3096} INFO - Sync 1 DAGs
[2024-04-16T21:24:50.985+0700] {logging_mixin.py:188} INFO - [2024-04-16T21:24:50.984+0700] {dag.py:3954} INFO - Setting next_dagrun for example_sensor_decorator to None, run_after=None
[2024-04-16T21:24:51.007+0700] {processor.py:183} INFO - Processing /opt/homebrew/Caskroom/miniconda/base/lib/python3.11/site-packages/airflow/example_dags/example_sensor_decorator.py took 0.136 seconds
[2024-04-16T21:27:45.620+0700] {processor.py:161} INFO - Started process (PID=64620) to work on /opt/homebrew/Caskroom/miniconda/base/lib/python3.11/site-packages/airflow/example_dags/example_sensor_decorator.py
[2024-04-16T21:27:45.621+0700] {processor.py:830} INFO - Processing file /opt/homebrew/Caskroom/miniconda/base/lib/python3.11/site-packages/airflow/example_dags/example_sensor_decorator.py for tasks to queue
[2024-04-16T21:27:45.622+0700] {logging_mixin.py:188} INFO - [2024-04-16T21:27:45.622+0700] {dagbag.py:540} INFO - Filling up the DagBag from /opt/homebrew/Caskroom/miniconda/base/lib/python3.11/site-packages/airflow/example_dags/example_sensor_decorator.py
[2024-04-16T21:27:45.648+0700] {processor.py:840} INFO - DAG(s) 'example_sensor_decorator' retrieved from /opt/homebrew/Caskroom/miniconda/base/lib/python3.11/site-packages/airflow/example_dags/example_sensor_decorator.py
[2024-04-16T21:27:45.716+0700] {logging_mixin.py:188} INFO - [2024-04-16T21:27:45.716+0700] {dag.py:3096} INFO - Sync 1 DAGs
[2024-04-16T21:27:45.721+0700] {logging_mixin.py:188} INFO - [2024-04-16T21:27:45.721+0700] {dag.py:3954} INFO - Setting next_dagrun for example_sensor_decorator to None, run_after=None
[2024-04-16T21:27:45.732+0700] {processor.py:183} INFO - Processing /opt/homebrew/Caskroom/miniconda/base/lib/python3.11/site-packages/airflow/example_dags/example_sensor_decorator.py took 0.113 seconds
[2024-04-16T21:30:36.354+0700] {processor.py:161} INFO - Started process (PID=65423) to work on /opt/homebrew/Caskroom/miniconda/base/lib/python3.11/site-packages/airflow/example_dags/example_sensor_decorator.py
[2024-04-16T21:30:36.354+0700] {processor.py:830} INFO - Processing file /opt/homebrew/Caskroom/miniconda/base/lib/python3.11/site-packages/airflow/example_dags/example_sensor_decorator.py for tasks to queue
[2024-04-16T21:30:36.355+0700] {logging_mixin.py:188} INFO - [2024-04-16T21:30:36.355+0700] {dagbag.py:540} INFO - Filling up the DagBag from /opt/homebrew/Caskroom/miniconda/base/lib/python3.11/site-packages/airflow/example_dags/example_sensor_decorator.py
[2024-04-16T21:30:36.379+0700] {processor.py:840} INFO - DAG(s) 'example_sensor_decorator' retrieved from /opt/homebrew/Caskroom/miniconda/base/lib/python3.11/site-packages/airflow/example_dags/example_sensor_decorator.py
[2024-04-16T21:30:36.446+0700] {logging_mixin.py:188} INFO - [2024-04-16T21:30:36.445+0700] {dag.py:3096} INFO - Sync 1 DAGs
[2024-04-16T21:30:36.451+0700] {logging_mixin.py:188} INFO - [2024-04-16T21:30:36.451+0700] {dag.py:3954} INFO - Setting next_dagrun for example_sensor_decorator to None, run_after=None
[2024-04-16T21:30:36.461+0700] {processor.py:183} INFO - Processing /opt/homebrew/Caskroom/miniconda/base/lib/python3.11/site-packages/airflow/example_dags/example_sensor_decorator.py took 0.112 seconds
[2024-04-16T21:33:15.342+0700] {processor.py:161} INFO - Started process (PID=66158) to work on /opt/homebrew/Caskroom/miniconda/base/lib/python3.11/site-packages/airflow/example_dags/example_sensor_decorator.py
[2024-04-16T21:33:15.345+0700] {processor.py:830} INFO - Processing file /opt/homebrew/Caskroom/miniconda/base/lib/python3.11/site-packages/airflow/example_dags/example_sensor_decorator.py for tasks to queue
[2024-04-16T21:33:15.346+0700] {logging_mixin.py:188} INFO - [2024-04-16T21:33:15.345+0700] {dagbag.py:540} INFO - Filling up the DagBag from /opt/homebrew/Caskroom/miniconda/base/lib/python3.11/site-packages/airflow/example_dags/example_sensor_decorator.py
[2024-04-16T21:33:15.377+0700] {processor.py:840} INFO - DAG(s) 'example_sensor_decorator' retrieved from /opt/homebrew/Caskroom/miniconda/base/lib/python3.11/site-packages/airflow/example_dags/example_sensor_decorator.py
[2024-04-16T21:33:15.460+0700] {logging_mixin.py:188} INFO - [2024-04-16T21:33:15.460+0700] {dag.py:3096} INFO - Sync 1 DAGs
[2024-04-16T21:33:15.466+0700] {logging_mixin.py:188} INFO - [2024-04-16T21:33:15.466+0700] {dag.py:3954} INFO - Setting next_dagrun for example_sensor_decorator to None, run_after=None
[2024-04-16T21:33:15.503+0700] {processor.py:183} INFO - Processing /opt/homebrew/Caskroom/miniconda/base/lib/python3.11/site-packages/airflow/example_dags/example_sensor_decorator.py took 0.163 seconds
[2024-04-16T21:35:57.870+0700] {processor.py:161} INFO - Started process (PID=66954) to work on /opt/homebrew/Caskroom/miniconda/base/lib/python3.11/site-packages/airflow/example_dags/example_sensor_decorator.py
[2024-04-16T21:35:57.870+0700] {processor.py:830} INFO - Processing file /opt/homebrew/Caskroom/miniconda/base/lib/python3.11/site-packages/airflow/example_dags/example_sensor_decorator.py for tasks to queue
[2024-04-16T21:35:57.871+0700] {logging_mixin.py:188} INFO - [2024-04-16T21:35:57.871+0700] {dagbag.py:540} INFO - Filling up the DagBag from /opt/homebrew/Caskroom/miniconda/base/lib/python3.11/site-packages/airflow/example_dags/example_sensor_decorator.py
[2024-04-16T21:35:57.895+0700] {processor.py:840} INFO - DAG(s) 'example_sensor_decorator' retrieved from /opt/homebrew/Caskroom/miniconda/base/lib/python3.11/site-packages/airflow/example_dags/example_sensor_decorator.py
[2024-04-16T21:35:57.962+0700] {logging_mixin.py:188} INFO - [2024-04-16T21:35:57.962+0700] {dag.py:3096} INFO - Sync 1 DAGs
[2024-04-16T21:35:57.967+0700] {logging_mixin.py:188} INFO - [2024-04-16T21:35:57.967+0700] {dag.py:3954} INFO - Setting next_dagrun for example_sensor_decorator to None, run_after=None
[2024-04-16T21:35:57.978+0700] {processor.py:183} INFO - Processing /opt/homebrew/Caskroom/miniconda/base/lib/python3.11/site-packages/airflow/example_dags/example_sensor_decorator.py took 0.110 seconds
[2024-04-16T21:38:38.247+0700] {processor.py:161} INFO - Started process (PID=67851) to work on /opt/homebrew/Caskroom/miniconda/base/lib/python3.11/site-packages/airflow/example_dags/example_sensor_decorator.py
[2024-04-16T21:38:38.248+0700] {processor.py:830} INFO - Processing file /opt/homebrew/Caskroom/miniconda/base/lib/python3.11/site-packages/airflow/example_dags/example_sensor_decorator.py for tasks to queue
[2024-04-16T21:38:38.248+0700] {logging_mixin.py:188} INFO - [2024-04-16T21:38:38.248+0700] {dagbag.py:540} INFO - Filling up the DagBag from /opt/homebrew/Caskroom/miniconda/base/lib/python3.11/site-packages/airflow/example_dags/example_sensor_decorator.py
[2024-04-16T21:38:38.274+0700] {processor.py:840} INFO - DAG(s) 'example_sensor_decorator' retrieved from /opt/homebrew/Caskroom/miniconda/base/lib/python3.11/site-packages/airflow/example_dags/example_sensor_decorator.py
[2024-04-16T21:38:38.344+0700] {logging_mixin.py:188} INFO - [2024-04-16T21:38:38.344+0700] {dag.py:3096} INFO - Sync 1 DAGs
[2024-04-16T21:38:38.349+0700] {logging_mixin.py:188} INFO - [2024-04-16T21:38:38.349+0700] {dag.py:3954} INFO - Setting next_dagrun for example_sensor_decorator to None, run_after=None
[2024-04-16T21:38:38.362+0700] {processor.py:183} INFO - Processing /opt/homebrew/Caskroom/miniconda/base/lib/python3.11/site-packages/airflow/example_dags/example_sensor_decorator.py took 0.117 seconds
[2024-04-16T21:40:11.246+0700] {processor.py:161} INFO - Started process (PID=68281) to work on /opt/homebrew/Caskroom/miniconda/base/lib/python3.11/site-packages/airflow/example_dags/example_sensor_decorator.py
[2024-04-16T21:40:11.247+0700] {processor.py:830} INFO - Processing file /opt/homebrew/Caskroom/miniconda/base/lib/python3.11/site-packages/airflow/example_dags/example_sensor_decorator.py for tasks to queue
[2024-04-16T21:40:11.248+0700] {logging_mixin.py:188} INFO - [2024-04-16T21:40:11.247+0700] {dagbag.py:540} INFO - Filling up the DagBag from /opt/homebrew/Caskroom/miniconda/base/lib/python3.11/site-packages/airflow/example_dags/example_sensor_decorator.py
[2024-04-16T21:40:11.271+0700] {processor.py:840} INFO - DAG(s) 'example_sensor_decorator' retrieved from /opt/homebrew/Caskroom/miniconda/base/lib/python3.11/site-packages/airflow/example_dags/example_sensor_decorator.py
[2024-04-16T21:40:11.338+0700] {logging_mixin.py:188} INFO - [2024-04-16T21:40:11.337+0700] {dag.py:3096} INFO - Sync 1 DAGs
[2024-04-16T21:40:11.343+0700] {logging_mixin.py:188} INFO - [2024-04-16T21:40:11.343+0700] {dag.py:3954} INFO - Setting next_dagrun for example_sensor_decorator to None, run_after=None
[2024-04-16T21:40:11.354+0700] {processor.py:183} INFO - Processing /opt/homebrew/Caskroom/miniconda/base/lib/python3.11/site-packages/airflow/example_dags/example_sensor_decorator.py took 0.109 seconds
[2024-04-16T21:41:49.186+0700] {processor.py:161} INFO - Started process (PID=68744) to work on /opt/homebrew/Caskroom/miniconda/base/lib/python3.11/site-packages/airflow/example_dags/example_sensor_decorator.py
[2024-04-16T21:41:49.187+0700] {processor.py:830} INFO - Processing file /opt/homebrew/Caskroom/miniconda/base/lib/python3.11/site-packages/airflow/example_dags/example_sensor_decorator.py for tasks to queue
[2024-04-16T21:41:49.188+0700] {logging_mixin.py:188} INFO - [2024-04-16T21:41:49.188+0700] {dagbag.py:540} INFO - Filling up the DagBag from /opt/homebrew/Caskroom/miniconda/base/lib/python3.11/site-packages/airflow/example_dags/example_sensor_decorator.py
[2024-04-16T21:41:49.212+0700] {processor.py:840} INFO - DAG(s) 'example_sensor_decorator' retrieved from /opt/homebrew/Caskroom/miniconda/base/lib/python3.11/site-packages/airflow/example_dags/example_sensor_decorator.py
[2024-04-16T21:41:49.295+0700] {logging_mixin.py:188} INFO - [2024-04-16T21:41:49.295+0700] {dag.py:3096} INFO - Sync 1 DAGs
[2024-04-16T21:41:49.301+0700] {logging_mixin.py:188} INFO - [2024-04-16T21:41:49.301+0700] {dag.py:3954} INFO - Setting next_dagrun for example_sensor_decorator to None, run_after=None
[2024-04-16T21:41:49.314+0700] {processor.py:183} INFO - Processing /opt/homebrew/Caskroom/miniconda/base/lib/python3.11/site-packages/airflow/example_dags/example_sensor_decorator.py took 0.131 seconds
[2024-04-16T21:43:39.106+0700] {processor.py:161} INFO - Started process (PID=69253) to work on /opt/homebrew/Caskroom/miniconda/base/lib/python3.11/site-packages/airflow/example_dags/example_sensor_decorator.py
[2024-04-16T21:43:39.108+0700] {processor.py:830} INFO - Processing file /opt/homebrew/Caskroom/miniconda/base/lib/python3.11/site-packages/airflow/example_dags/example_sensor_decorator.py for tasks to queue
[2024-04-16T21:43:39.108+0700] {logging_mixin.py:188} INFO - [2024-04-16T21:43:39.108+0700] {dagbag.py:540} INFO - Filling up the DagBag from /opt/homebrew/Caskroom/miniconda/base/lib/python3.11/site-packages/airflow/example_dags/example_sensor_decorator.py
[2024-04-16T21:43:39.133+0700] {processor.py:840} INFO - DAG(s) 'example_sensor_decorator' retrieved from /opt/homebrew/Caskroom/miniconda/base/lib/python3.11/site-packages/airflow/example_dags/example_sensor_decorator.py
[2024-04-16T21:43:39.203+0700] {logging_mixin.py:188} INFO - [2024-04-16T21:43:39.203+0700] {dag.py:3096} INFO - Sync 1 DAGs
[2024-04-16T21:43:39.209+0700] {logging_mixin.py:188} INFO - [2024-04-16T21:43:39.208+0700] {dag.py:3954} INFO - Setting next_dagrun for example_sensor_decorator to None, run_after=None
[2024-04-16T21:43:39.220+0700] {processor.py:183} INFO - Processing /opt/homebrew/Caskroom/miniconda/base/lib/python3.11/site-packages/airflow/example_dags/example_sensor_decorator.py took 0.116 seconds
[2024-04-16T21:45:13.809+0700] {processor.py:161} INFO - Started process (PID=69670) to work on /opt/homebrew/Caskroom/miniconda/base/lib/python3.11/site-packages/airflow/example_dags/example_sensor_decorator.py
[2024-04-16T21:45:13.810+0700] {processor.py:830} INFO - Processing file /opt/homebrew/Caskroom/miniconda/base/lib/python3.11/site-packages/airflow/example_dags/example_sensor_decorator.py for tasks to queue
[2024-04-16T21:45:13.810+0700] {logging_mixin.py:188} INFO - [2024-04-16T21:45:13.810+0700] {dagbag.py:540} INFO - Filling up the DagBag from /opt/homebrew/Caskroom/miniconda/base/lib/python3.11/site-packages/airflow/example_dags/example_sensor_decorator.py
[2024-04-16T21:45:13.835+0700] {processor.py:840} INFO - DAG(s) 'example_sensor_decorator' retrieved from /opt/homebrew/Caskroom/miniconda/base/lib/python3.11/site-packages/airflow/example_dags/example_sensor_decorator.py
[2024-04-16T21:45:13.905+0700] {logging_mixin.py:188} INFO - [2024-04-16T21:45:13.905+0700] {dag.py:3096} INFO - Sync 1 DAGs
[2024-04-16T21:45:13.910+0700] {logging_mixin.py:188} INFO - [2024-04-16T21:45:13.910+0700] {dag.py:3954} INFO - Setting next_dagrun for example_sensor_decorator to None, run_after=None
[2024-04-16T21:45:13.923+0700] {processor.py:183} INFO - Processing /opt/homebrew/Caskroom/miniconda/base/lib/python3.11/site-packages/airflow/example_dags/example_sensor_decorator.py took 0.115 seconds
[2024-04-16T21:48:46.086+0700] {processor.py:161} INFO - Started process (PID=70615) to work on /opt/homebrew/Caskroom/miniconda/base/lib/python3.11/site-packages/airflow/example_dags/example_sensor_decorator.py
[2024-04-16T21:48:46.086+0700] {processor.py:830} INFO - Processing file /opt/homebrew/Caskroom/miniconda/base/lib/python3.11/site-packages/airflow/example_dags/example_sensor_decorator.py for tasks to queue
[2024-04-16T21:48:46.087+0700] {logging_mixin.py:188} INFO - [2024-04-16T21:48:46.087+0700] {dagbag.py:540} INFO - Filling up the DagBag from /opt/homebrew/Caskroom/miniconda/base/lib/python3.11/site-packages/airflow/example_dags/example_sensor_decorator.py
[2024-04-16T21:48:46.115+0700] {processor.py:840} INFO - DAG(s) 'example_sensor_decorator' retrieved from /opt/homebrew/Caskroom/miniconda/base/lib/python3.11/site-packages/airflow/example_dags/example_sensor_decorator.py
[2024-04-16T21:48:46.193+0700] {logging_mixin.py:188} INFO - [2024-04-16T21:48:46.193+0700] {dag.py:3096} INFO - Sync 1 DAGs
[2024-04-16T21:48:46.199+0700] {logging_mixin.py:188} INFO - [2024-04-16T21:48:46.199+0700] {dag.py:3954} INFO - Setting next_dagrun for example_sensor_decorator to None, run_after=None
[2024-04-16T21:48:46.211+0700] {processor.py:183} INFO - Processing /opt/homebrew/Caskroom/miniconda/base/lib/python3.11/site-packages/airflow/example_dags/example_sensor_decorator.py took 0.128 seconds
[2024-04-16T21:50:42.012+0700] {processor.py:161} INFO - Started process (PID=71211) to work on /opt/homebrew/Caskroom/miniconda/base/lib/python3.11/site-packages/airflow/example_dags/example_sensor_decorator.py
[2024-04-16T21:50:42.016+0700] {processor.py:830} INFO - Processing file /opt/homebrew/Caskroom/miniconda/base/lib/python3.11/site-packages/airflow/example_dags/example_sensor_decorator.py for tasks to queue
[2024-04-16T21:50:42.018+0700] {logging_mixin.py:188} INFO - [2024-04-16T21:50:42.017+0700] {dagbag.py:540} INFO - Filling up the DagBag from /opt/homebrew/Caskroom/miniconda/base/lib/python3.11/site-packages/airflow/example_dags/example_sensor_decorator.py
[2024-04-16T21:50:42.091+0700] {processor.py:840} INFO - DAG(s) 'example_sensor_decorator' retrieved from /opt/homebrew/Caskroom/miniconda/base/lib/python3.11/site-packages/airflow/example_dags/example_sensor_decorator.py
[2024-04-16T21:50:42.289+0700] {logging_mixin.py:188} INFO - [2024-04-16T21:50:42.289+0700] {dag.py:3096} INFO - Sync 1 DAGs
[2024-04-16T21:50:42.302+0700] {logging_mixin.py:188} INFO - [2024-04-16T21:50:42.302+0700] {dag.py:3954} INFO - Setting next_dagrun for example_sensor_decorator to None, run_after=None
[2024-04-16T21:50:42.334+0700] {processor.py:183} INFO - Processing /opt/homebrew/Caskroom/miniconda/base/lib/python3.11/site-packages/airflow/example_dags/example_sensor_decorator.py took 0.325 seconds
[2024-04-16T21:53:09.674+0700] {processor.py:161} INFO - Started process (PID=72175) to work on /opt/homebrew/Caskroom/miniconda/base/lib/python3.11/site-packages/airflow/example_dags/example_sensor_decorator.py
[2024-04-16T21:53:09.675+0700] {processor.py:830} INFO - Processing file /opt/homebrew/Caskroom/miniconda/base/lib/python3.11/site-packages/airflow/example_dags/example_sensor_decorator.py for tasks to queue
[2024-04-16T21:53:09.675+0700] {logging_mixin.py:188} INFO - [2024-04-16T21:53:09.675+0700] {dagbag.py:540} INFO - Filling up the DagBag from /opt/homebrew/Caskroom/miniconda/base/lib/python3.11/site-packages/airflow/example_dags/example_sensor_decorator.py
[2024-04-16T21:53:09.699+0700] {processor.py:840} INFO - DAG(s) 'example_sensor_decorator' retrieved from /opt/homebrew/Caskroom/miniconda/base/lib/python3.11/site-packages/airflow/example_dags/example_sensor_decorator.py
[2024-04-16T21:53:09.767+0700] {logging_mixin.py:188} INFO - [2024-04-16T21:53:09.767+0700] {dag.py:3096} INFO - Sync 1 DAGs
[2024-04-16T21:53:09.773+0700] {logging_mixin.py:188} INFO - [2024-04-16T21:53:09.773+0700] {dag.py:3954} INFO - Setting next_dagrun for example_sensor_decorator to None, run_after=None
[2024-04-16T21:53:09.790+0700] {processor.py:183} INFO - Processing /opt/homebrew/Caskroom/miniconda/base/lib/python3.11/site-packages/airflow/example_dags/example_sensor_decorator.py took 0.118 seconds
[2024-04-16T21:55:10.616+0700] {processor.py:161} INFO - Started process (PID=72812) to work on /opt/homebrew/Caskroom/miniconda/base/lib/python3.11/site-packages/airflow/example_dags/example_sensor_decorator.py
[2024-04-16T21:55:10.618+0700] {processor.py:830} INFO - Processing file /opt/homebrew/Caskroom/miniconda/base/lib/python3.11/site-packages/airflow/example_dags/example_sensor_decorator.py for tasks to queue
[2024-04-16T21:55:10.619+0700] {logging_mixin.py:188} INFO - [2024-04-16T21:55:10.618+0700] {dagbag.py:540} INFO - Filling up the DagBag from /opt/homebrew/Caskroom/miniconda/base/lib/python3.11/site-packages/airflow/example_dags/example_sensor_decorator.py
[2024-04-16T21:55:10.678+0700] {processor.py:840} INFO - DAG(s) 'example_sensor_decorator' retrieved from /opt/homebrew/Caskroom/miniconda/base/lib/python3.11/site-packages/airflow/example_dags/example_sensor_decorator.py
[2024-04-16T21:55:10.805+0700] {logging_mixin.py:188} INFO - [2024-04-16T21:55:10.804+0700] {dag.py:3096} INFO - Sync 1 DAGs
[2024-04-16T21:55:10.820+0700] {logging_mixin.py:188} INFO - [2024-04-16T21:55:10.820+0700] {dag.py:3954} INFO - Setting next_dagrun for example_sensor_decorator to None, run_after=None
[2024-04-16T21:55:10.882+0700] {processor.py:183} INFO - Processing /opt/homebrew/Caskroom/miniconda/base/lib/python3.11/site-packages/airflow/example_dags/example_sensor_decorator.py took 0.268 seconds
[2024-04-16T21:56:50.898+0700] {processor.py:161} INFO - Started process (PID=73270) to work on /opt/homebrew/Caskroom/miniconda/base/lib/python3.11/site-packages/airflow/example_dags/example_sensor_decorator.py
[2024-04-16T21:56:50.900+0700] {processor.py:830} INFO - Processing file /opt/homebrew/Caskroom/miniconda/base/lib/python3.11/site-packages/airflow/example_dags/example_sensor_decorator.py for tasks to queue
[2024-04-16T21:56:50.901+0700] {logging_mixin.py:188} INFO - [2024-04-16T21:56:50.900+0700] {dagbag.py:540} INFO - Filling up the DagBag from /opt/homebrew/Caskroom/miniconda/base/lib/python3.11/site-packages/airflow/example_dags/example_sensor_decorator.py
[2024-04-16T21:56:50.972+0700] {processor.py:840} INFO - DAG(s) 'example_sensor_decorator' retrieved from /opt/homebrew/Caskroom/miniconda/base/lib/python3.11/site-packages/airflow/example_dags/example_sensor_decorator.py
[2024-04-16T21:56:51.137+0700] {logging_mixin.py:188} INFO - [2024-04-16T21:56:51.136+0700] {dag.py:3096} INFO - Sync 1 DAGs
[2024-04-16T21:56:51.148+0700] {logging_mixin.py:188} INFO - [2024-04-16T21:56:51.147+0700] {dag.py:3954} INFO - Setting next_dagrun for example_sensor_decorator to None, run_after=None
[2024-04-16T21:56:51.171+0700] {processor.py:183} INFO - Processing /opt/homebrew/Caskroom/miniconda/base/lib/python3.11/site-packages/airflow/example_dags/example_sensor_decorator.py took 0.277 seconds
[2024-04-16T21:59:43.180+0700] {processor.py:161} INFO - Started process (PID=74551) to work on /opt/homebrew/Caskroom/miniconda/base/lib/python3.11/site-packages/airflow/example_dags/example_sensor_decorator.py
[2024-04-16T21:59:43.182+0700] {processor.py:830} INFO - Processing file /opt/homebrew/Caskroom/miniconda/base/lib/python3.11/site-packages/airflow/example_dags/example_sensor_decorator.py for tasks to queue
[2024-04-16T21:59:43.182+0700] {logging_mixin.py:188} INFO - [2024-04-16T21:59:43.182+0700] {dagbag.py:540} INFO - Filling up the DagBag from /opt/homebrew/Caskroom/miniconda/base/lib/python3.11/site-packages/airflow/example_dags/example_sensor_decorator.py
[2024-04-16T21:59:43.226+0700] {processor.py:840} INFO - DAG(s) 'example_sensor_decorator' retrieved from /opt/homebrew/Caskroom/miniconda/base/lib/python3.11/site-packages/airflow/example_dags/example_sensor_decorator.py
[2024-04-16T21:59:43.327+0700] {logging_mixin.py:188} INFO - [2024-04-16T21:59:43.327+0700] {dag.py:3096} INFO - Sync 1 DAGs
[2024-04-16T21:59:43.334+0700] {logging_mixin.py:188} INFO - [2024-04-16T21:59:43.334+0700] {dag.py:3954} INFO - Setting next_dagrun for example_sensor_decorator to None, run_after=None
[2024-04-16T21:59:43.350+0700] {processor.py:183} INFO - Processing /opt/homebrew/Caskroom/miniconda/base/lib/python3.11/site-packages/airflow/example_dags/example_sensor_decorator.py took 0.172 seconds
[2024-04-16T22:02:33.696+0700] {processor.py:161} INFO - Started process (PID=75464) to work on /opt/homebrew/Caskroom/miniconda/base/lib/python3.11/site-packages/airflow/example_dags/example_sensor_decorator.py
[2024-04-16T22:02:33.697+0700] {processor.py:830} INFO - Processing file /opt/homebrew/Caskroom/miniconda/base/lib/python3.11/site-packages/airflow/example_dags/example_sensor_decorator.py for tasks to queue
[2024-04-16T22:02:33.698+0700] {logging_mixin.py:188} INFO - [2024-04-16T22:02:33.698+0700] {dagbag.py:540} INFO - Filling up the DagBag from /opt/homebrew/Caskroom/miniconda/base/lib/python3.11/site-packages/airflow/example_dags/example_sensor_decorator.py
[2024-04-16T22:02:33.723+0700] {processor.py:840} INFO - DAG(s) 'example_sensor_decorator' retrieved from /opt/homebrew/Caskroom/miniconda/base/lib/python3.11/site-packages/airflow/example_dags/example_sensor_decorator.py
[2024-04-16T22:02:33.792+0700] {logging_mixin.py:188} INFO - [2024-04-16T22:02:33.792+0700] {dag.py:3096} INFO - Sync 1 DAGs
[2024-04-16T22:02:33.798+0700] {logging_mixin.py:188} INFO - [2024-04-16T22:02:33.797+0700] {dag.py:3954} INFO - Setting next_dagrun for example_sensor_decorator to None, run_after=None
[2024-04-16T22:02:33.809+0700] {processor.py:183} INFO - Processing /opt/homebrew/Caskroom/miniconda/base/lib/python3.11/site-packages/airflow/example_dags/example_sensor_decorator.py took 0.114 seconds
[2024-04-16T22:05:29.742+0700] {processor.py:161} INFO - Started process (PID=76365) to work on /opt/homebrew/Caskroom/miniconda/base/lib/python3.11/site-packages/airflow/example_dags/example_sensor_decorator.py
[2024-04-16T22:05:29.744+0700] {processor.py:830} INFO - Processing file /opt/homebrew/Caskroom/miniconda/base/lib/python3.11/site-packages/airflow/example_dags/example_sensor_decorator.py for tasks to queue
[2024-04-16T22:05:29.744+0700] {logging_mixin.py:188} INFO - [2024-04-16T22:05:29.744+0700] {dagbag.py:540} INFO - Filling up the DagBag from /opt/homebrew/Caskroom/miniconda/base/lib/python3.11/site-packages/airflow/example_dags/example_sensor_decorator.py
[2024-04-16T22:05:29.768+0700] {processor.py:840} INFO - DAG(s) 'example_sensor_decorator' retrieved from /opt/homebrew/Caskroom/miniconda/base/lib/python3.11/site-packages/airflow/example_dags/example_sensor_decorator.py
[2024-04-16T22:05:29.841+0700] {logging_mixin.py:188} INFO - [2024-04-16T22:05:29.841+0700] {dag.py:3096} INFO - Sync 1 DAGs
[2024-04-16T22:05:29.846+0700] {logging_mixin.py:188} INFO - [2024-04-16T22:05:29.846+0700] {dag.py:3954} INFO - Setting next_dagrun for example_sensor_decorator to None, run_after=None
[2024-04-16T22:05:29.858+0700] {processor.py:183} INFO - Processing /opt/homebrew/Caskroom/miniconda/base/lib/python3.11/site-packages/airflow/example_dags/example_sensor_decorator.py took 0.118 seconds
[2024-04-16T22:08:52.895+0700] {processor.py:161} INFO - Started process (PID=77598) to work on /opt/homebrew/Caskroom/miniconda/base/lib/python3.11/site-packages/airflow/example_dags/example_sensor_decorator.py
[2024-04-16T22:08:52.896+0700] {processor.py:830} INFO - Processing file /opt/homebrew/Caskroom/miniconda/base/lib/python3.11/site-packages/airflow/example_dags/example_sensor_decorator.py for tasks to queue
[2024-04-16T22:08:52.897+0700] {logging_mixin.py:188} INFO - [2024-04-16T22:08:52.897+0700] {dagbag.py:540} INFO - Filling up the DagBag from /opt/homebrew/Caskroom/miniconda/base/lib/python3.11/site-packages/airflow/example_dags/example_sensor_decorator.py
[2024-04-16T22:08:52.928+0700] {processor.py:840} INFO - DAG(s) 'example_sensor_decorator' retrieved from /opt/homebrew/Caskroom/miniconda/base/lib/python3.11/site-packages/airflow/example_dags/example_sensor_decorator.py
[2024-04-16T22:08:53.011+0700] {logging_mixin.py:188} INFO - [2024-04-16T22:08:53.011+0700] {dag.py:3096} INFO - Sync 1 DAGs
[2024-04-16T22:08:53.017+0700] {logging_mixin.py:188} INFO - [2024-04-16T22:08:53.017+0700] {dag.py:3954} INFO - Setting next_dagrun for example_sensor_decorator to None, run_after=None
[2024-04-16T22:08:53.040+0700] {processor.py:183} INFO - Processing /opt/homebrew/Caskroom/miniconda/base/lib/python3.11/site-packages/airflow/example_dags/example_sensor_decorator.py took 0.147 seconds
[2024-04-16T22:10:29.605+0700] {processor.py:161} INFO - Started process (PID=78210) to work on /opt/homebrew/Caskroom/miniconda/base/lib/python3.11/site-packages/airflow/example_dags/example_sensor_decorator.py
[2024-04-16T22:10:29.606+0700] {processor.py:830} INFO - Processing file /opt/homebrew/Caskroom/miniconda/base/lib/python3.11/site-packages/airflow/example_dags/example_sensor_decorator.py for tasks to queue
[2024-04-16T22:10:29.606+0700] {logging_mixin.py:188} INFO - [2024-04-16T22:10:29.606+0700] {dagbag.py:540} INFO - Filling up the DagBag from /opt/homebrew/Caskroom/miniconda/base/lib/python3.11/site-packages/airflow/example_dags/example_sensor_decorator.py
[2024-04-16T22:10:29.633+0700] {processor.py:840} INFO - DAG(s) 'example_sensor_decorator' retrieved from /opt/homebrew/Caskroom/miniconda/base/lib/python3.11/site-packages/airflow/example_dags/example_sensor_decorator.py
[2024-04-16T22:10:29.710+0700] {logging_mixin.py:188} INFO - [2024-04-16T22:10:29.710+0700] {dag.py:3096} INFO - Sync 1 DAGs
[2024-04-16T22:10:29.718+0700] {logging_mixin.py:188} INFO - [2024-04-16T22:10:29.718+0700] {dag.py:3954} INFO - Setting next_dagrun for example_sensor_decorator to None, run_after=None
[2024-04-16T22:10:29.750+0700] {processor.py:183} INFO - Processing /opt/homebrew/Caskroom/miniconda/base/lib/python3.11/site-packages/airflow/example_dags/example_sensor_decorator.py took 0.148 seconds
[2024-04-16T22:12:12.829+0700] {processor.py:161} INFO - Started process (PID=78755) to work on /opt/homebrew/Caskroom/miniconda/base/lib/python3.11/site-packages/airflow/example_dags/example_sensor_decorator.py
[2024-04-16T22:12:12.830+0700] {processor.py:830} INFO - Processing file /opt/homebrew/Caskroom/miniconda/base/lib/python3.11/site-packages/airflow/example_dags/example_sensor_decorator.py for tasks to queue
[2024-04-16T22:12:12.831+0700] {logging_mixin.py:188} INFO - [2024-04-16T22:12:12.831+0700] {dagbag.py:540} INFO - Filling up the DagBag from /opt/homebrew/Caskroom/miniconda/base/lib/python3.11/site-packages/airflow/example_dags/example_sensor_decorator.py
[2024-04-16T22:12:12.869+0700] {processor.py:840} INFO - DAG(s) 'example_sensor_decorator' retrieved from /opt/homebrew/Caskroom/miniconda/base/lib/python3.11/site-packages/airflow/example_dags/example_sensor_decorator.py
[2024-04-16T22:12:12.957+0700] {logging_mixin.py:188} INFO - [2024-04-16T22:12:12.956+0700] {dag.py:3096} INFO - Sync 1 DAGs
[2024-04-16T22:12:12.963+0700] {logging_mixin.py:188} INFO - [2024-04-16T22:12:12.962+0700] {dag.py:3954} INFO - Setting next_dagrun for example_sensor_decorator to None, run_after=None
[2024-04-16T22:12:12.976+0700] {processor.py:183} INFO - Processing /opt/homebrew/Caskroom/miniconda/base/lib/python3.11/site-packages/airflow/example_dags/example_sensor_decorator.py took 0.150 seconds
[2024-04-16T22:15:38.333+0700] {processor.py:161} INFO - Started process (PID=79819) to work on /opt/homebrew/Caskroom/miniconda/base/lib/python3.11/site-packages/airflow/example_dags/example_sensor_decorator.py
[2024-04-16T22:15:38.335+0700] {processor.py:830} INFO - Processing file /opt/homebrew/Caskroom/miniconda/base/lib/python3.11/site-packages/airflow/example_dags/example_sensor_decorator.py for tasks to queue
[2024-04-16T22:15:38.335+0700] {logging_mixin.py:188} INFO - [2024-04-16T22:15:38.335+0700] {dagbag.py:540} INFO - Filling up the DagBag from /opt/homebrew/Caskroom/miniconda/base/lib/python3.11/site-packages/airflow/example_dags/example_sensor_decorator.py
[2024-04-16T22:15:38.391+0700] {processor.py:840} INFO - DAG(s) 'example_sensor_decorator' retrieved from /opt/homebrew/Caskroom/miniconda/base/lib/python3.11/site-packages/airflow/example_dags/example_sensor_decorator.py
[2024-04-16T22:15:38.614+0700] {logging_mixin.py:188} INFO - [2024-04-16T22:15:38.614+0700] {dag.py:3096} INFO - Sync 1 DAGs
[2024-04-16T22:15:38.628+0700] {logging_mixin.py:188} INFO - [2024-04-16T22:15:38.628+0700] {dag.py:3954} INFO - Setting next_dagrun for example_sensor_decorator to None, run_after=None
[2024-04-16T22:15:38.658+0700] {processor.py:183} INFO - Processing /opt/homebrew/Caskroom/miniconda/base/lib/python3.11/site-packages/airflow/example_dags/example_sensor_decorator.py took 0.328 seconds
[2024-04-16T22:19:46.742+0700] {processor.py:161} INFO - Started process (PID=80954) to work on /opt/homebrew/Caskroom/miniconda/base/lib/python3.11/site-packages/airflow/example_dags/example_sensor_decorator.py
[2024-04-16T22:19:46.745+0700] {processor.py:830} INFO - Processing file /opt/homebrew/Caskroom/miniconda/base/lib/python3.11/site-packages/airflow/example_dags/example_sensor_decorator.py for tasks to queue
[2024-04-16T22:19:46.746+0700] {logging_mixin.py:188} INFO - [2024-04-16T22:19:46.746+0700] {dagbag.py:540} INFO - Filling up the DagBag from /opt/homebrew/Caskroom/miniconda/base/lib/python3.11/site-packages/airflow/example_dags/example_sensor_decorator.py
[2024-04-16T22:19:46.940+0700] {processor.py:840} INFO - DAG(s) 'example_sensor_decorator' retrieved from /opt/homebrew/Caskroom/miniconda/base/lib/python3.11/site-packages/airflow/example_dags/example_sensor_decorator.py
[2024-04-16T22:19:47.337+0700] {logging_mixin.py:188} INFO - [2024-04-16T22:19:47.335+0700] {dag.py:3096} INFO - Sync 1 DAGs
[2024-04-16T22:19:47.647+0700] {logging_mixin.py:188} INFO - [2024-04-16T22:19:47.641+0700] {dag.py:3954} INFO - Setting next_dagrun for example_sensor_decorator to None, run_after=None
[2024-04-16T22:19:47.721+0700] {processor.py:183} INFO - Processing /opt/homebrew/Caskroom/miniconda/base/lib/python3.11/site-packages/airflow/example_dags/example_sensor_decorator.py took 0.983 seconds
[2024-04-16T22:24:02.122+0700] {processor.py:161} INFO - Started process (PID=82122) to work on /opt/homebrew/Caskroom/miniconda/base/lib/python3.11/site-packages/airflow/example_dags/example_sensor_decorator.py
[2024-04-16T22:24:02.148+0700] {processor.py:830} INFO - Processing file /opt/homebrew/Caskroom/miniconda/base/lib/python3.11/site-packages/airflow/example_dags/example_sensor_decorator.py for tasks to queue
[2024-04-16T22:24:02.153+0700] {logging_mixin.py:188} INFO - [2024-04-16T22:24:02.152+0700] {dagbag.py:540} INFO - Filling up the DagBag from /opt/homebrew/Caskroom/miniconda/base/lib/python3.11/site-packages/airflow/example_dags/example_sensor_decorator.py
[2024-04-16T22:24:02.380+0700] {processor.py:840} INFO - DAG(s) 'example_sensor_decorator' retrieved from /opt/homebrew/Caskroom/miniconda/base/lib/python3.11/site-packages/airflow/example_dags/example_sensor_decorator.py
[2024-04-16T22:24:02.912+0700] {logging_mixin.py:188} INFO - [2024-04-16T22:24:02.911+0700] {dag.py:3096} INFO - Sync 1 DAGs
[2024-04-16T22:24:02.933+0700] {logging_mixin.py:188} INFO - [2024-04-16T22:24:02.933+0700] {dag.py:3954} INFO - Setting next_dagrun for example_sensor_decorator to None, run_after=None
[2024-04-16T22:24:03.008+0700] {processor.py:183} INFO - Processing /opt/homebrew/Caskroom/miniconda/base/lib/python3.11/site-packages/airflow/example_dags/example_sensor_decorator.py took 0.932 seconds
