[2024-04-16T20:50:55.007+0700] {processor.py:161} INFO - Started process (PID=53398) to work on /Library/Frameworks/Python.framework/Versions/3.10/lib/python3.10/site-packages/airflow/example_dags/example_task_group.py
[2024-04-16T20:50:55.008+0700] {processor.py:830} INFO - Processing file /Library/Frameworks/Python.framework/Versions/3.10/lib/python3.10/site-packages/airflow/example_dags/example_task_group.py for tasks to queue
[2024-04-16T20:50:55.008+0700] {logging_mixin.py:188} INFO - [2024-04-16T20:50:55.008+0700] {dagbag.py:540} INFO - Filling up the DagBag from /Library/Frameworks/Python.framework/Versions/3.10/lib/python3.10/site-packages/airflow/example_dags/example_task_group.py
[2024-04-16T20:50:55.015+0700] {processor.py:840} INFO - DAG(s) 'example_task_group' retrieved from /Library/Frameworks/Python.framework/Versions/3.10/lib/python3.10/site-packages/airflow/example_dags/example_task_group.py
[2024-04-16T20:50:55.117+0700] {logging_mixin.py:188} INFO - [2024-04-16T20:50:55.117+0700] {dag.py:3096} INFO - Sync 1 DAGs
[2024-04-16T20:50:55.126+0700] {logging_mixin.py:188} INFO - [2024-04-16T20:50:55.126+0700] {dag.py:3954} INFO - Setting next_dagrun for example_task_group to 2024-04-15 00:00:00+00:00, run_after=2024-04-16 00:00:00+00:00
[2024-04-16T20:50:55.138+0700] {processor.py:183} INFO - Processing /Library/Frameworks/Python.framework/Versions/3.10/lib/python3.10/site-packages/airflow/example_dags/example_task_group.py took 0.133 seconds
[2024-04-16T20:52:32.109+0700] {processor.py:161} INFO - Started process (PID=54139) to work on /opt/homebrew/Caskroom/miniconda/base/lib/python3.11/site-packages/airflow/example_dags/example_task_group.py
[2024-04-16T20:52:32.111+0700] {processor.py:830} INFO - Processing file /opt/homebrew/Caskroom/miniconda/base/lib/python3.11/site-packages/airflow/example_dags/example_task_group.py for tasks to queue
[2024-04-16T20:52:32.111+0700] {logging_mixin.py:188} INFO - [2024-04-16T20:52:32.111+0700] {dagbag.py:540} INFO - Filling up the DagBag from /opt/homebrew/Caskroom/miniconda/base/lib/python3.11/site-packages/airflow/example_dags/example_task_group.py
[2024-04-16T20:52:32.119+0700] {processor.py:840} INFO - DAG(s) 'example_task_group' retrieved from /opt/homebrew/Caskroom/miniconda/base/lib/python3.11/site-packages/airflow/example_dags/example_task_group.py
[2024-04-16T20:52:32.353+0700] {logging_mixin.py:188} INFO - [2024-04-16T20:52:32.352+0700] {dag.py:3096} INFO - Sync 1 DAGs
[2024-04-16T20:52:32.376+0700] {logging_mixin.py:188} INFO - [2024-04-16T20:52:32.375+0700] {dag.py:3954} INFO - Setting next_dagrun for example_task_group to 2024-04-15 00:00:00+00:00, run_after=2024-04-16 00:00:00+00:00
[2024-04-16T20:52:32.424+0700] {processor.py:183} INFO - Processing /opt/homebrew/Caskroom/miniconda/base/lib/python3.11/site-packages/airflow/example_dags/example_task_group.py took 0.319 seconds
[2024-04-16T20:54:24.351+0700] {processor.py:161} INFO - Started process (PID=54717) to work on /opt/homebrew/Caskroom/miniconda/base/lib/python3.11/site-packages/airflow/example_dags/example_task_group.py
[2024-04-16T20:54:24.352+0700] {processor.py:830} INFO - Processing file /opt/homebrew/Caskroom/miniconda/base/lib/python3.11/site-packages/airflow/example_dags/example_task_group.py for tasks to queue
[2024-04-16T20:54:24.352+0700] {logging_mixin.py:188} INFO - [2024-04-16T20:54:24.352+0700] {dagbag.py:540} INFO - Filling up the DagBag from /opt/homebrew/Caskroom/miniconda/base/lib/python3.11/site-packages/airflow/example_dags/example_task_group.py
[2024-04-16T20:54:24.358+0700] {processor.py:840} INFO - DAG(s) 'example_task_group' retrieved from /opt/homebrew/Caskroom/miniconda/base/lib/python3.11/site-packages/airflow/example_dags/example_task_group.py
[2024-04-16T20:54:24.422+0700] {logging_mixin.py:188} INFO - [2024-04-16T20:54:24.421+0700] {dag.py:3096} INFO - Sync 1 DAGs
[2024-04-16T20:54:24.431+0700] {logging_mixin.py:188} INFO - [2024-04-16T20:54:24.431+0700] {dag.py:3954} INFO - Setting next_dagrun for example_task_group to 2024-04-15 00:00:00+00:00, run_after=2024-04-16 00:00:00+00:00
[2024-04-16T20:54:24.442+0700] {processor.py:183} INFO - Processing /opt/homebrew/Caskroom/miniconda/base/lib/python3.11/site-packages/airflow/example_dags/example_task_group.py took 0.093 seconds
[2024-04-16T20:55:40.628+0700] {processor.py:161} INFO - Started process (PID=55054) to work on /opt/homebrew/Caskroom/miniconda/base/lib/python3.11/site-packages/airflow/example_dags/example_task_group.py
[2024-04-16T20:55:40.629+0700] {processor.py:830} INFO - Processing file /opt/homebrew/Caskroom/miniconda/base/lib/python3.11/site-packages/airflow/example_dags/example_task_group.py for tasks to queue
[2024-04-16T20:55:40.630+0700] {logging_mixin.py:188} INFO - [2024-04-16T20:55:40.630+0700] {dagbag.py:540} INFO - Filling up the DagBag from /opt/homebrew/Caskroom/miniconda/base/lib/python3.11/site-packages/airflow/example_dags/example_task_group.py
[2024-04-16T20:55:40.635+0700] {processor.py:840} INFO - DAG(s) 'example_task_group' retrieved from /opt/homebrew/Caskroom/miniconda/base/lib/python3.11/site-packages/airflow/example_dags/example_task_group.py
[2024-04-16T20:55:40.699+0700] {logging_mixin.py:188} INFO - [2024-04-16T20:55:40.699+0700] {dag.py:3096} INFO - Sync 1 DAGs
[2024-04-16T20:55:40.710+0700] {logging_mixin.py:188} INFO - [2024-04-16T20:55:40.710+0700] {dag.py:3954} INFO - Setting next_dagrun for example_task_group to 2024-04-15 00:00:00+00:00, run_after=2024-04-16 00:00:00+00:00
[2024-04-16T20:55:40.722+0700] {processor.py:183} INFO - Processing /opt/homebrew/Caskroom/miniconda/base/lib/python3.11/site-packages/airflow/example_dags/example_task_group.py took 0.096 seconds
[2024-04-16T20:56:56.635+0700] {processor.py:161} INFO - Started process (PID=55406) to work on /opt/homebrew/Caskroom/miniconda/base/lib/python3.11/site-packages/airflow/example_dags/example_task_group.py
[2024-04-16T20:56:56.636+0700] {processor.py:830} INFO - Processing file /opt/homebrew/Caskroom/miniconda/base/lib/python3.11/site-packages/airflow/example_dags/example_task_group.py for tasks to queue
[2024-04-16T20:56:56.636+0700] {logging_mixin.py:188} INFO - [2024-04-16T20:56:56.636+0700] {dagbag.py:540} INFO - Filling up the DagBag from /opt/homebrew/Caskroom/miniconda/base/lib/python3.11/site-packages/airflow/example_dags/example_task_group.py
[2024-04-16T20:56:56.642+0700] {processor.py:840} INFO - DAG(s) 'example_task_group' retrieved from /opt/homebrew/Caskroom/miniconda/base/lib/python3.11/site-packages/airflow/example_dags/example_task_group.py
[2024-04-16T20:56:56.705+0700] {logging_mixin.py:188} INFO - [2024-04-16T20:56:56.705+0700] {dag.py:3096} INFO - Sync 1 DAGs
[2024-04-16T20:56:56.715+0700] {logging_mixin.py:188} INFO - [2024-04-16T20:56:56.715+0700] {dag.py:3954} INFO - Setting next_dagrun for example_task_group to 2024-04-15 00:00:00+00:00, run_after=2024-04-16 00:00:00+00:00
[2024-04-16T20:56:56.726+0700] {processor.py:183} INFO - Processing /opt/homebrew/Caskroom/miniconda/base/lib/python3.11/site-packages/airflow/example_dags/example_task_group.py took 0.092 seconds
[2024-04-16T20:58:13.707+0700] {processor.py:161} INFO - Started process (PID=55750) to work on /opt/homebrew/Caskroom/miniconda/base/lib/python3.11/site-packages/airflow/example_dags/example_task_group.py
[2024-04-16T20:58:13.708+0700] {processor.py:830} INFO - Processing file /opt/homebrew/Caskroom/miniconda/base/lib/python3.11/site-packages/airflow/example_dags/example_task_group.py for tasks to queue
[2024-04-16T20:58:13.708+0700] {logging_mixin.py:188} INFO - [2024-04-16T20:58:13.708+0700] {dagbag.py:540} INFO - Filling up the DagBag from /opt/homebrew/Caskroom/miniconda/base/lib/python3.11/site-packages/airflow/example_dags/example_task_group.py
[2024-04-16T20:58:13.714+0700] {processor.py:840} INFO - DAG(s) 'example_task_group' retrieved from /opt/homebrew/Caskroom/miniconda/base/lib/python3.11/site-packages/airflow/example_dags/example_task_group.py
[2024-04-16T20:58:13.779+0700] {logging_mixin.py:188} INFO - [2024-04-16T20:58:13.778+0700] {dag.py:3096} INFO - Sync 1 DAGs
[2024-04-16T20:58:13.788+0700] {logging_mixin.py:188} INFO - [2024-04-16T20:58:13.788+0700] {dag.py:3954} INFO - Setting next_dagrun for example_task_group to 2024-04-15 00:00:00+00:00, run_after=2024-04-16 00:00:00+00:00
[2024-04-16T20:58:13.799+0700] {processor.py:183} INFO - Processing /opt/homebrew/Caskroom/miniconda/base/lib/python3.11/site-packages/airflow/example_dags/example_task_group.py took 0.094 seconds
[2024-04-16T20:59:30.165+0700] {processor.py:161} INFO - Started process (PID=56098) to work on /opt/homebrew/Caskroom/miniconda/base/lib/python3.11/site-packages/airflow/example_dags/example_task_group.py
[2024-04-16T20:59:30.165+0700] {processor.py:830} INFO - Processing file /opt/homebrew/Caskroom/miniconda/base/lib/python3.11/site-packages/airflow/example_dags/example_task_group.py for tasks to queue
[2024-04-16T20:59:30.166+0700] {logging_mixin.py:188} INFO - [2024-04-16T20:59:30.166+0700] {dagbag.py:540} INFO - Filling up the DagBag from /opt/homebrew/Caskroom/miniconda/base/lib/python3.11/site-packages/airflow/example_dags/example_task_group.py
[2024-04-16T20:59:30.172+0700] {processor.py:840} INFO - DAG(s) 'example_task_group' retrieved from /opt/homebrew/Caskroom/miniconda/base/lib/python3.11/site-packages/airflow/example_dags/example_task_group.py
[2024-04-16T20:59:30.237+0700] {logging_mixin.py:188} INFO - [2024-04-16T20:59:30.237+0700] {dag.py:3096} INFO - Sync 1 DAGs
[2024-04-16T20:59:30.248+0700] {logging_mixin.py:188} INFO - [2024-04-16T20:59:30.248+0700] {dag.py:3954} INFO - Setting next_dagrun for example_task_group to 2024-04-15 00:00:00+00:00, run_after=2024-04-16 00:00:00+00:00
[2024-04-16T20:59:30.260+0700] {processor.py:183} INFO - Processing /opt/homebrew/Caskroom/miniconda/base/lib/python3.11/site-packages/airflow/example_dags/example_task_group.py took 0.097 seconds
[2024-04-16T21:00:48.081+0700] {processor.py:161} INFO - Started process (PID=56443) to work on /opt/homebrew/Caskroom/miniconda/base/lib/python3.11/site-packages/airflow/example_dags/example_task_group.py
[2024-04-16T21:00:48.081+0700] {processor.py:830} INFO - Processing file /opt/homebrew/Caskroom/miniconda/base/lib/python3.11/site-packages/airflow/example_dags/example_task_group.py for tasks to queue
[2024-04-16T21:00:48.082+0700] {logging_mixin.py:188} INFO - [2024-04-16T21:00:48.082+0700] {dagbag.py:540} INFO - Filling up the DagBag from /opt/homebrew/Caskroom/miniconda/base/lib/python3.11/site-packages/airflow/example_dags/example_task_group.py
[2024-04-16T21:00:48.088+0700] {processor.py:840} INFO - DAG(s) 'example_task_group' retrieved from /opt/homebrew/Caskroom/miniconda/base/lib/python3.11/site-packages/airflow/example_dags/example_task_group.py
[2024-04-16T21:00:48.155+0700] {logging_mixin.py:188} INFO - [2024-04-16T21:00:48.155+0700] {dag.py:3096} INFO - Sync 1 DAGs
[2024-04-16T21:00:48.165+0700] {logging_mixin.py:188} INFO - [2024-04-16T21:00:48.165+0700] {dag.py:3954} INFO - Setting next_dagrun for example_task_group to 2024-04-15 00:00:00+00:00, run_after=2024-04-16 00:00:00+00:00
[2024-04-16T21:00:48.175+0700] {processor.py:183} INFO - Processing /opt/homebrew/Caskroom/miniconda/base/lib/python3.11/site-packages/airflow/example_dags/example_task_group.py took 0.096 seconds
[2024-04-16T21:02:04.781+0700] {processor.py:161} INFO - Started process (PID=56796) to work on /opt/homebrew/Caskroom/miniconda/base/lib/python3.11/site-packages/airflow/example_dags/example_task_group.py
[2024-04-16T21:02:04.782+0700] {processor.py:830} INFO - Processing file /opt/homebrew/Caskroom/miniconda/base/lib/python3.11/site-packages/airflow/example_dags/example_task_group.py for tasks to queue
[2024-04-16T21:02:04.783+0700] {logging_mixin.py:188} INFO - [2024-04-16T21:02:04.782+0700] {dagbag.py:540} INFO - Filling up the DagBag from /opt/homebrew/Caskroom/miniconda/base/lib/python3.11/site-packages/airflow/example_dags/example_task_group.py
[2024-04-16T21:02:04.788+0700] {processor.py:840} INFO - DAG(s) 'example_task_group' retrieved from /opt/homebrew/Caskroom/miniconda/base/lib/python3.11/site-packages/airflow/example_dags/example_task_group.py
[2024-04-16T21:02:04.852+0700] {logging_mixin.py:188} INFO - [2024-04-16T21:02:04.852+0700] {dag.py:3096} INFO - Sync 1 DAGs
[2024-04-16T21:02:04.862+0700] {logging_mixin.py:188} INFO - [2024-04-16T21:02:04.862+0700] {dag.py:3954} INFO - Setting next_dagrun for example_task_group to 2024-04-15 00:00:00+00:00, run_after=2024-04-16 00:00:00+00:00
[2024-04-16T21:02:04.872+0700] {processor.py:183} INFO - Processing /opt/homebrew/Caskroom/miniconda/base/lib/python3.11/site-packages/airflow/example_dags/example_task_group.py took 0.094 seconds
[2024-04-16T21:03:20.949+0700] {processor.py:161} INFO - Started process (PID=57140) to work on /opt/homebrew/Caskroom/miniconda/base/lib/python3.11/site-packages/airflow/example_dags/example_task_group.py
[2024-04-16T21:03:20.950+0700] {processor.py:830} INFO - Processing file /opt/homebrew/Caskroom/miniconda/base/lib/python3.11/site-packages/airflow/example_dags/example_task_group.py for tasks to queue
[2024-04-16T21:03:20.950+0700] {logging_mixin.py:188} INFO - [2024-04-16T21:03:20.950+0700] {dagbag.py:540} INFO - Filling up the DagBag from /opt/homebrew/Caskroom/miniconda/base/lib/python3.11/site-packages/airflow/example_dags/example_task_group.py
[2024-04-16T21:03:20.956+0700] {processor.py:840} INFO - DAG(s) 'example_task_group' retrieved from /opt/homebrew/Caskroom/miniconda/base/lib/python3.11/site-packages/airflow/example_dags/example_task_group.py
[2024-04-16T21:03:21.022+0700] {logging_mixin.py:188} INFO - [2024-04-16T21:03:21.022+0700] {dag.py:3096} INFO - Sync 1 DAGs
[2024-04-16T21:03:21.033+0700] {logging_mixin.py:188} INFO - [2024-04-16T21:03:21.033+0700] {dag.py:3954} INFO - Setting next_dagrun for example_task_group to 2024-04-15 00:00:00+00:00, run_after=2024-04-16 00:00:00+00:00
[2024-04-16T21:03:21.044+0700] {processor.py:183} INFO - Processing /opt/homebrew/Caskroom/miniconda/base/lib/python3.11/site-packages/airflow/example_dags/example_task_group.py took 0.097 seconds
[2024-04-16T21:04:37.248+0700] {processor.py:161} INFO - Started process (PID=57483) to work on /opt/homebrew/Caskroom/miniconda/base/lib/python3.11/site-packages/airflow/example_dags/example_task_group.py
[2024-04-16T21:04:37.249+0700] {processor.py:830} INFO - Processing file /opt/homebrew/Caskroom/miniconda/base/lib/python3.11/site-packages/airflow/example_dags/example_task_group.py for tasks to queue
[2024-04-16T21:04:37.250+0700] {logging_mixin.py:188} INFO - [2024-04-16T21:04:37.249+0700] {dagbag.py:540} INFO - Filling up the DagBag from /opt/homebrew/Caskroom/miniconda/base/lib/python3.11/site-packages/airflow/example_dags/example_task_group.py
[2024-04-16T21:04:37.255+0700] {processor.py:840} INFO - DAG(s) 'example_task_group' retrieved from /opt/homebrew/Caskroom/miniconda/base/lib/python3.11/site-packages/airflow/example_dags/example_task_group.py
[2024-04-16T21:04:37.319+0700] {logging_mixin.py:188} INFO - [2024-04-16T21:04:37.319+0700] {dag.py:3096} INFO - Sync 1 DAGs
[2024-04-16T21:04:37.329+0700] {logging_mixin.py:188} INFO - [2024-04-16T21:04:37.329+0700] {dag.py:3954} INFO - Setting next_dagrun for example_task_group to 2024-04-15 00:00:00+00:00, run_after=2024-04-16 00:00:00+00:00
[2024-04-16T21:04:37.340+0700] {processor.py:183} INFO - Processing /opt/homebrew/Caskroom/miniconda/base/lib/python3.11/site-packages/airflow/example_dags/example_task_group.py took 0.094 seconds
[2024-04-16T21:05:54.021+0700] {processor.py:161} INFO - Started process (PID=57829) to work on /opt/homebrew/Caskroom/miniconda/base/lib/python3.11/site-packages/airflow/example_dags/example_task_group.py
[2024-04-16T21:05:54.023+0700] {processor.py:830} INFO - Processing file /opt/homebrew/Caskroom/miniconda/base/lib/python3.11/site-packages/airflow/example_dags/example_task_group.py for tasks to queue
[2024-04-16T21:05:54.023+0700] {logging_mixin.py:188} INFO - [2024-04-16T21:05:54.023+0700] {dagbag.py:540} INFO - Filling up the DagBag from /opt/homebrew/Caskroom/miniconda/base/lib/python3.11/site-packages/airflow/example_dags/example_task_group.py
[2024-04-16T21:05:54.029+0700] {processor.py:840} INFO - DAG(s) 'example_task_group' retrieved from /opt/homebrew/Caskroom/miniconda/base/lib/python3.11/site-packages/airflow/example_dags/example_task_group.py
[2024-04-16T21:05:54.092+0700] {logging_mixin.py:188} INFO - [2024-04-16T21:05:54.092+0700] {dag.py:3096} INFO - Sync 1 DAGs
[2024-04-16T21:05:54.102+0700] {logging_mixin.py:188} INFO - [2024-04-16T21:05:54.102+0700] {dag.py:3954} INFO - Setting next_dagrun for example_task_group to 2024-04-15 00:00:00+00:00, run_after=2024-04-16 00:00:00+00:00
[2024-04-16T21:05:54.115+0700] {processor.py:183} INFO - Processing /opt/homebrew/Caskroom/miniconda/base/lib/python3.11/site-packages/airflow/example_dags/example_task_group.py took 0.095 seconds
[2024-04-16T21:07:11.201+0700] {processor.py:161} INFO - Started process (PID=58188) to work on /opt/homebrew/Caskroom/miniconda/base/lib/python3.11/site-packages/airflow/example_dags/example_task_group.py
[2024-04-16T21:07:11.203+0700] {processor.py:830} INFO - Processing file /opt/homebrew/Caskroom/miniconda/base/lib/python3.11/site-packages/airflow/example_dags/example_task_group.py for tasks to queue
[2024-04-16T21:07:11.203+0700] {logging_mixin.py:188} INFO - [2024-04-16T21:07:11.203+0700] {dagbag.py:540} INFO - Filling up the DagBag from /opt/homebrew/Caskroom/miniconda/base/lib/python3.11/site-packages/airflow/example_dags/example_task_group.py
[2024-04-16T21:07:11.209+0700] {processor.py:840} INFO - DAG(s) 'example_task_group' retrieved from /opt/homebrew/Caskroom/miniconda/base/lib/python3.11/site-packages/airflow/example_dags/example_task_group.py
[2024-04-16T21:07:11.279+0700] {logging_mixin.py:188} INFO - [2024-04-16T21:07:11.279+0700] {dag.py:3096} INFO - Sync 1 DAGs
[2024-04-16T21:07:11.290+0700] {logging_mixin.py:188} INFO - [2024-04-16T21:07:11.290+0700] {dag.py:3954} INFO - Setting next_dagrun for example_task_group to 2024-04-15 00:00:00+00:00, run_after=2024-04-16 00:00:00+00:00
[2024-04-16T21:07:11.303+0700] {processor.py:183} INFO - Processing /opt/homebrew/Caskroom/miniconda/base/lib/python3.11/site-packages/airflow/example_dags/example_task_group.py took 0.103 seconds
[2024-04-16T21:08:27.295+0700] {processor.py:161} INFO - Started process (PID=58534) to work on /opt/homebrew/Caskroom/miniconda/base/lib/python3.11/site-packages/airflow/example_dags/example_task_group.py
[2024-04-16T21:08:27.297+0700] {processor.py:830} INFO - Processing file /opt/homebrew/Caskroom/miniconda/base/lib/python3.11/site-packages/airflow/example_dags/example_task_group.py for tasks to queue
[2024-04-16T21:08:27.297+0700] {logging_mixin.py:188} INFO - [2024-04-16T21:08:27.297+0700] {dagbag.py:540} INFO - Filling up the DagBag from /opt/homebrew/Caskroom/miniconda/base/lib/python3.11/site-packages/airflow/example_dags/example_task_group.py
[2024-04-16T21:08:27.303+0700] {processor.py:840} INFO - DAG(s) 'example_task_group' retrieved from /opt/homebrew/Caskroom/miniconda/base/lib/python3.11/site-packages/airflow/example_dags/example_task_group.py
[2024-04-16T21:08:27.367+0700] {logging_mixin.py:188} INFO - [2024-04-16T21:08:27.367+0700] {dag.py:3096} INFO - Sync 1 DAGs
[2024-04-16T21:08:27.377+0700] {logging_mixin.py:188} INFO - [2024-04-16T21:08:27.377+0700] {dag.py:3954} INFO - Setting next_dagrun for example_task_group to 2024-04-15 00:00:00+00:00, run_after=2024-04-16 00:00:00+00:00
[2024-04-16T21:08:27.388+0700] {processor.py:183} INFO - Processing /opt/homebrew/Caskroom/miniconda/base/lib/python3.11/site-packages/airflow/example_dags/example_task_group.py took 0.094 seconds
[2024-04-16T21:09:46.099+0700] {processor.py:161} INFO - Started process (PID=58891) to work on /opt/homebrew/Caskroom/miniconda/base/lib/python3.11/site-packages/airflow/example_dags/example_task_group.py
[2024-04-16T21:09:46.100+0700] {processor.py:830} INFO - Processing file /opt/homebrew/Caskroom/miniconda/base/lib/python3.11/site-packages/airflow/example_dags/example_task_group.py for tasks to queue
[2024-04-16T21:09:46.101+0700] {logging_mixin.py:188} INFO - [2024-04-16T21:09:46.101+0700] {dagbag.py:540} INFO - Filling up the DagBag from /opt/homebrew/Caskroom/miniconda/base/lib/python3.11/site-packages/airflow/example_dags/example_task_group.py
[2024-04-16T21:09:46.106+0700] {processor.py:840} INFO - DAG(s) 'example_task_group' retrieved from /opt/homebrew/Caskroom/miniconda/base/lib/python3.11/site-packages/airflow/example_dags/example_task_group.py
[2024-04-16T21:09:46.172+0700] {logging_mixin.py:188} INFO - [2024-04-16T21:09:46.172+0700] {dag.py:3096} INFO - Sync 1 DAGs
[2024-04-16T21:09:46.182+0700] {logging_mixin.py:188} INFO - [2024-04-16T21:09:46.182+0700] {dag.py:3954} INFO - Setting next_dagrun for example_task_group to 2024-04-15 00:00:00+00:00, run_after=2024-04-16 00:00:00+00:00
[2024-04-16T21:09:46.192+0700] {processor.py:183} INFO - Processing /opt/homebrew/Caskroom/miniconda/base/lib/python3.11/site-packages/airflow/example_dags/example_task_group.py took 0.095 seconds
[2024-04-16T21:11:04.488+0700] {processor.py:161} INFO - Started process (PID=59249) to work on /opt/homebrew/Caskroom/miniconda/base/lib/python3.11/site-packages/airflow/example_dags/example_task_group.py
[2024-04-16T21:11:04.489+0700] {processor.py:830} INFO - Processing file /opt/homebrew/Caskroom/miniconda/base/lib/python3.11/site-packages/airflow/example_dags/example_task_group.py for tasks to queue
[2024-04-16T21:11:04.489+0700] {logging_mixin.py:188} INFO - [2024-04-16T21:11:04.489+0700] {dagbag.py:540} INFO - Filling up the DagBag from /opt/homebrew/Caskroom/miniconda/base/lib/python3.11/site-packages/airflow/example_dags/example_task_group.py
[2024-04-16T21:11:04.495+0700] {processor.py:840} INFO - DAG(s) 'example_task_group' retrieved from /opt/homebrew/Caskroom/miniconda/base/lib/python3.11/site-packages/airflow/example_dags/example_task_group.py
[2024-04-16T21:11:04.561+0700] {logging_mixin.py:188} INFO - [2024-04-16T21:11:04.561+0700] {dag.py:3096} INFO - Sync 1 DAGs
[2024-04-16T21:11:04.572+0700] {logging_mixin.py:188} INFO - [2024-04-16T21:11:04.571+0700] {dag.py:3954} INFO - Setting next_dagrun for example_task_group to 2024-04-15 00:00:00+00:00, run_after=2024-04-16 00:00:00+00:00
[2024-04-16T21:11:04.583+0700] {processor.py:183} INFO - Processing /opt/homebrew/Caskroom/miniconda/base/lib/python3.11/site-packages/airflow/example_dags/example_task_group.py took 0.097 seconds
[2024-04-16T21:12:22.444+0700] {processor.py:161} INFO - Started process (PID=59597) to work on /opt/homebrew/Caskroom/miniconda/base/lib/python3.11/site-packages/airflow/example_dags/example_task_group.py
[2024-04-16T21:12:22.446+0700] {processor.py:830} INFO - Processing file /opt/homebrew/Caskroom/miniconda/base/lib/python3.11/site-packages/airflow/example_dags/example_task_group.py for tasks to queue
[2024-04-16T21:12:22.446+0700] {logging_mixin.py:188} INFO - [2024-04-16T21:12:22.446+0700] {dagbag.py:540} INFO - Filling up the DagBag from /opt/homebrew/Caskroom/miniconda/base/lib/python3.11/site-packages/airflow/example_dags/example_task_group.py
[2024-04-16T21:12:22.453+0700] {processor.py:840} INFO - DAG(s) 'example_task_group' retrieved from /opt/homebrew/Caskroom/miniconda/base/lib/python3.11/site-packages/airflow/example_dags/example_task_group.py
[2024-04-16T21:12:22.519+0700] {logging_mixin.py:188} INFO - [2024-04-16T21:12:22.519+0700] {dag.py:3096} INFO - Sync 1 DAGs
[2024-04-16T21:12:22.530+0700] {logging_mixin.py:188} INFO - [2024-04-16T21:12:22.530+0700] {dag.py:3954} INFO - Setting next_dagrun for example_task_group to 2024-04-15 00:00:00+00:00, run_after=2024-04-16 00:00:00+00:00
[2024-04-16T21:12:22.541+0700] {processor.py:183} INFO - Processing /opt/homebrew/Caskroom/miniconda/base/lib/python3.11/site-packages/airflow/example_dags/example_task_group.py took 0.098 seconds
[2024-04-16T21:13:40.982+0700] {processor.py:161} INFO - Started process (PID=59974) to work on /opt/homebrew/Caskroom/miniconda/base/lib/python3.11/site-packages/airflow/example_dags/example_task_group.py
[2024-04-16T21:13:40.983+0700] {processor.py:830} INFO - Processing file /opt/homebrew/Caskroom/miniconda/base/lib/python3.11/site-packages/airflow/example_dags/example_task_group.py for tasks to queue
[2024-04-16T21:13:40.984+0700] {logging_mixin.py:188} INFO - [2024-04-16T21:13:40.984+0700] {dagbag.py:540} INFO - Filling up the DagBag from /opt/homebrew/Caskroom/miniconda/base/lib/python3.11/site-packages/airflow/example_dags/example_task_group.py
[2024-04-16T21:13:40.989+0700] {processor.py:840} INFO - DAG(s) 'example_task_group' retrieved from /opt/homebrew/Caskroom/miniconda/base/lib/python3.11/site-packages/airflow/example_dags/example_task_group.py
[2024-04-16T21:13:41.053+0700] {logging_mixin.py:188} INFO - [2024-04-16T21:13:41.053+0700] {dag.py:3096} INFO - Sync 1 DAGs
[2024-04-16T21:13:41.063+0700] {logging_mixin.py:188} INFO - [2024-04-16T21:13:41.063+0700] {dag.py:3954} INFO - Setting next_dagrun for example_task_group to 2024-04-15 00:00:00+00:00, run_after=2024-04-16 00:00:00+00:00
[2024-04-16T21:13:41.074+0700] {processor.py:183} INFO - Processing /opt/homebrew/Caskroom/miniconda/base/lib/python3.11/site-packages/airflow/example_dags/example_task_group.py took 0.093 seconds
[2024-04-16T21:15:00.290+0700] {processor.py:161} INFO - Started process (PID=60342) to work on /opt/homebrew/Caskroom/miniconda/base/lib/python3.11/site-packages/airflow/example_dags/example_task_group.py
[2024-04-16T21:15:00.292+0700] {processor.py:830} INFO - Processing file /opt/homebrew/Caskroom/miniconda/base/lib/python3.11/site-packages/airflow/example_dags/example_task_group.py for tasks to queue
[2024-04-16T21:15:00.292+0700] {logging_mixin.py:188} INFO - [2024-04-16T21:15:00.292+0700] {dagbag.py:540} INFO - Filling up the DagBag from /opt/homebrew/Caskroom/miniconda/base/lib/python3.11/site-packages/airflow/example_dags/example_task_group.py
[2024-04-16T21:15:00.298+0700] {processor.py:840} INFO - DAG(s) 'example_task_group' retrieved from /opt/homebrew/Caskroom/miniconda/base/lib/python3.11/site-packages/airflow/example_dags/example_task_group.py
[2024-04-16T21:15:00.364+0700] {logging_mixin.py:188} INFO - [2024-04-16T21:15:00.364+0700] {dag.py:3096} INFO - Sync 1 DAGs
[2024-04-16T21:15:00.375+0700] {logging_mixin.py:188} INFO - [2024-04-16T21:15:00.375+0700] {dag.py:3954} INFO - Setting next_dagrun for example_task_group to 2024-04-15 00:00:00+00:00, run_after=2024-04-16 00:00:00+00:00
[2024-04-16T21:15:00.386+0700] {processor.py:183} INFO - Processing /opt/homebrew/Caskroom/miniconda/base/lib/python3.11/site-packages/airflow/example_dags/example_task_group.py took 0.097 seconds
[2024-04-16T21:16:19.483+0700] {processor.py:161} INFO - Started process (PID=60696) to work on /opt/homebrew/Caskroom/miniconda/base/lib/python3.11/site-packages/airflow/example_dags/example_task_group.py
[2024-04-16T21:16:19.483+0700] {processor.py:830} INFO - Processing file /opt/homebrew/Caskroom/miniconda/base/lib/python3.11/site-packages/airflow/example_dags/example_task_group.py for tasks to queue
[2024-04-16T21:16:19.484+0700] {logging_mixin.py:188} INFO - [2024-04-16T21:16:19.484+0700] {dagbag.py:540} INFO - Filling up the DagBag from /opt/homebrew/Caskroom/miniconda/base/lib/python3.11/site-packages/airflow/example_dags/example_task_group.py
[2024-04-16T21:16:19.490+0700] {processor.py:840} INFO - DAG(s) 'example_task_group' retrieved from /opt/homebrew/Caskroom/miniconda/base/lib/python3.11/site-packages/airflow/example_dags/example_task_group.py
[2024-04-16T21:16:19.556+0700] {logging_mixin.py:188} INFO - [2024-04-16T21:16:19.555+0700] {dag.py:3096} INFO - Sync 1 DAGs
[2024-04-16T21:16:19.566+0700] {logging_mixin.py:188} INFO - [2024-04-16T21:16:19.566+0700] {dag.py:3954} INFO - Setting next_dagrun for example_task_group to 2024-04-15 00:00:00+00:00, run_after=2024-04-16 00:00:00+00:00
[2024-04-16T21:16:19.577+0700] {processor.py:183} INFO - Processing /opt/homebrew/Caskroom/miniconda/base/lib/python3.11/site-packages/airflow/example_dags/example_task_group.py took 0.096 seconds
[2024-04-16T21:17:35.831+0700] {processor.py:161} INFO - Started process (PID=61045) to work on /opt/homebrew/Caskroom/miniconda/base/lib/python3.11/site-packages/airflow/example_dags/example_task_group.py
[2024-04-16T21:17:35.832+0700] {processor.py:830} INFO - Processing file /opt/homebrew/Caskroom/miniconda/base/lib/python3.11/site-packages/airflow/example_dags/example_task_group.py for tasks to queue
[2024-04-16T21:17:35.833+0700] {logging_mixin.py:188} INFO - [2024-04-16T21:17:35.833+0700] {dagbag.py:540} INFO - Filling up the DagBag from /opt/homebrew/Caskroom/miniconda/base/lib/python3.11/site-packages/airflow/example_dags/example_task_group.py
[2024-04-16T21:17:35.838+0700] {processor.py:840} INFO - DAG(s) 'example_task_group' retrieved from /opt/homebrew/Caskroom/miniconda/base/lib/python3.11/site-packages/airflow/example_dags/example_task_group.py
[2024-04-16T21:17:35.903+0700] {logging_mixin.py:188} INFO - [2024-04-16T21:17:35.903+0700] {dag.py:3096} INFO - Sync 1 DAGs
[2024-04-16T21:17:35.913+0700] {logging_mixin.py:188} INFO - [2024-04-16T21:17:35.913+0700] {dag.py:3954} INFO - Setting next_dagrun for example_task_group to 2024-04-15 00:00:00+00:00, run_after=2024-04-16 00:00:00+00:00
[2024-04-16T21:17:35.923+0700] {processor.py:183} INFO - Processing /opt/homebrew/Caskroom/miniconda/base/lib/python3.11/site-packages/airflow/example_dags/example_task_group.py took 0.094 seconds
[2024-04-16T21:18:52.145+0700] {processor.py:161} INFO - Started process (PID=61403) to work on /opt/homebrew/Caskroom/miniconda/base/lib/python3.11/site-packages/airflow/example_dags/example_task_group.py
[2024-04-16T21:18:52.146+0700] {processor.py:830} INFO - Processing file /opt/homebrew/Caskroom/miniconda/base/lib/python3.11/site-packages/airflow/example_dags/example_task_group.py for tasks to queue
[2024-04-16T21:18:52.147+0700] {logging_mixin.py:188} INFO - [2024-04-16T21:18:52.147+0700] {dagbag.py:540} INFO - Filling up the DagBag from /opt/homebrew/Caskroom/miniconda/base/lib/python3.11/site-packages/airflow/example_dags/example_task_group.py
[2024-04-16T21:18:52.152+0700] {processor.py:840} INFO - DAG(s) 'example_task_group' retrieved from /opt/homebrew/Caskroom/miniconda/base/lib/python3.11/site-packages/airflow/example_dags/example_task_group.py
[2024-04-16T21:18:52.216+0700] {logging_mixin.py:188} INFO - [2024-04-16T21:18:52.216+0700] {dag.py:3096} INFO - Sync 1 DAGs
[2024-04-16T21:18:52.226+0700] {logging_mixin.py:188} INFO - [2024-04-16T21:18:52.226+0700] {dag.py:3954} INFO - Setting next_dagrun for example_task_group to 2024-04-15 00:00:00+00:00, run_after=2024-04-16 00:00:00+00:00
[2024-04-16T21:18:52.236+0700] {processor.py:183} INFO - Processing /opt/homebrew/Caskroom/miniconda/base/lib/python3.11/site-packages/airflow/example_dags/example_task_group.py took 0.093 seconds
[2024-04-16T21:20:07.652+0700] {processor.py:161} INFO - Started process (PID=61759) to work on /opt/homebrew/Caskroom/miniconda/base/lib/python3.11/site-packages/airflow/example_dags/example_task_group.py
[2024-04-16T21:20:07.653+0700] {processor.py:830} INFO - Processing file /opt/homebrew/Caskroom/miniconda/base/lib/python3.11/site-packages/airflow/example_dags/example_task_group.py for tasks to queue
[2024-04-16T21:20:07.653+0700] {logging_mixin.py:188} INFO - [2024-04-16T21:20:07.653+0700] {dagbag.py:540} INFO - Filling up the DagBag from /opt/homebrew/Caskroom/miniconda/base/lib/python3.11/site-packages/airflow/example_dags/example_task_group.py
[2024-04-16T21:20:07.658+0700] {processor.py:840} INFO - DAG(s) 'example_task_group' retrieved from /opt/homebrew/Caskroom/miniconda/base/lib/python3.11/site-packages/airflow/example_dags/example_task_group.py
[2024-04-16T21:20:07.723+0700] {logging_mixin.py:188} INFO - [2024-04-16T21:20:07.722+0700] {dag.py:3096} INFO - Sync 1 DAGs
[2024-04-16T21:20:07.733+0700] {logging_mixin.py:188} INFO - [2024-04-16T21:20:07.732+0700] {dag.py:3954} INFO - Setting next_dagrun for example_task_group to 2024-04-15 00:00:00+00:00, run_after=2024-04-16 00:00:00+00:00
[2024-04-16T21:20:07.743+0700] {processor.py:183} INFO - Processing /opt/homebrew/Caskroom/miniconda/base/lib/python3.11/site-packages/airflow/example_dags/example_task_group.py took 0.094 seconds
[2024-04-16T21:21:25.838+0700] {processor.py:161} INFO - Started process (PID=62115) to work on /opt/homebrew/Caskroom/miniconda/base/lib/python3.11/site-packages/airflow/example_dags/example_task_group.py
[2024-04-16T21:21:25.839+0700] {processor.py:830} INFO - Processing file /opt/homebrew/Caskroom/miniconda/base/lib/python3.11/site-packages/airflow/example_dags/example_task_group.py for tasks to queue
[2024-04-16T21:21:25.840+0700] {logging_mixin.py:188} INFO - [2024-04-16T21:21:25.840+0700] {dagbag.py:540} INFO - Filling up the DagBag from /opt/homebrew/Caskroom/miniconda/base/lib/python3.11/site-packages/airflow/example_dags/example_task_group.py
[2024-04-16T21:21:25.848+0700] {processor.py:840} INFO - DAG(s) 'example_task_group' retrieved from /opt/homebrew/Caskroom/miniconda/base/lib/python3.11/site-packages/airflow/example_dags/example_task_group.py
[2024-04-16T21:21:25.939+0700] {logging_mixin.py:188} INFO - [2024-04-16T21:21:25.939+0700] {dag.py:3096} INFO - Sync 1 DAGs
[2024-04-16T21:21:25.955+0700] {logging_mixin.py:188} INFO - [2024-04-16T21:21:25.955+0700] {dag.py:3954} INFO - Setting next_dagrun for example_task_group to 2024-04-15 00:00:00+00:00, run_after=2024-04-16 00:00:00+00:00
[2024-04-16T21:21:25.971+0700] {processor.py:183} INFO - Processing /opt/homebrew/Caskroom/miniconda/base/lib/python3.11/site-packages/airflow/example_dags/example_task_group.py took 0.134 seconds
[2024-04-16T21:22:56.970+0700] {processor.py:161} INFO - Started process (PID=62836) to work on /opt/homebrew/Caskroom/miniconda/base/lib/python3.11/site-packages/airflow/example_dags/example_task_group.py
[2024-04-16T21:22:56.971+0700] {processor.py:830} INFO - Processing file /opt/homebrew/Caskroom/miniconda/base/lib/python3.11/site-packages/airflow/example_dags/example_task_group.py for tasks to queue
[2024-04-16T21:22:56.971+0700] {logging_mixin.py:188} INFO - [2024-04-16T21:22:56.971+0700] {dagbag.py:540} INFO - Filling up the DagBag from /opt/homebrew/Caskroom/miniconda/base/lib/python3.11/site-packages/airflow/example_dags/example_task_group.py
[2024-04-16T21:22:56.977+0700] {processor.py:840} INFO - DAG(s) 'example_task_group' retrieved from /opt/homebrew/Caskroom/miniconda/base/lib/python3.11/site-packages/airflow/example_dags/example_task_group.py
[2024-04-16T21:22:57.048+0700] {logging_mixin.py:188} INFO - [2024-04-16T21:22:57.048+0700] {dag.py:3096} INFO - Sync 1 DAGs
[2024-04-16T21:22:57.059+0700] {logging_mixin.py:188} INFO - [2024-04-16T21:22:57.058+0700] {dag.py:3954} INFO - Setting next_dagrun for example_task_group to 2024-04-15 00:00:00+00:00, run_after=2024-04-16 00:00:00+00:00
[2024-04-16T21:22:57.070+0700] {processor.py:183} INFO - Processing /opt/homebrew/Caskroom/miniconda/base/lib/python3.11/site-packages/airflow/example_dags/example_task_group.py took 0.102 seconds
[2024-04-16T21:24:31.906+0700] {processor.py:161} INFO - Started process (PID=63670) to work on /opt/homebrew/Caskroom/miniconda/base/lib/python3.11/site-packages/airflow/example_dags/example_task_group.py
[2024-04-16T21:24:31.907+0700] {processor.py:830} INFO - Processing file /opt/homebrew/Caskroom/miniconda/base/lib/python3.11/site-packages/airflow/example_dags/example_task_group.py for tasks to queue
[2024-04-16T21:24:31.907+0700] {logging_mixin.py:188} INFO - [2024-04-16T21:24:31.907+0700] {dagbag.py:540} INFO - Filling up the DagBag from /opt/homebrew/Caskroom/miniconda/base/lib/python3.11/site-packages/airflow/example_dags/example_task_group.py
[2024-04-16T21:24:31.915+0700] {processor.py:840} INFO - DAG(s) 'example_task_group' retrieved from /opt/homebrew/Caskroom/miniconda/base/lib/python3.11/site-packages/airflow/example_dags/example_task_group.py
[2024-04-16T21:24:32.047+0700] {logging_mixin.py:188} INFO - [2024-04-16T21:24:32.047+0700] {dag.py:3096} INFO - Sync 1 DAGs
[2024-04-16T21:24:32.076+0700] {logging_mixin.py:188} INFO - [2024-04-16T21:24:32.076+0700] {dag.py:3954} INFO - Setting next_dagrun for example_task_group to 2024-04-15 00:00:00+00:00, run_after=2024-04-16 00:00:00+00:00
[2024-04-16T21:24:32.115+0700] {processor.py:183} INFO - Processing /opt/homebrew/Caskroom/miniconda/base/lib/python3.11/site-packages/airflow/example_dags/example_task_group.py took 0.212 seconds
[2024-04-16T21:25:58.067+0700] {processor.py:161} INFO - Started process (PID=64103) to work on /opt/homebrew/Caskroom/miniconda/base/lib/python3.11/site-packages/airflow/example_dags/example_task_group.py
[2024-04-16T21:25:58.068+0700] {processor.py:830} INFO - Processing file /opt/homebrew/Caskroom/miniconda/base/lib/python3.11/site-packages/airflow/example_dags/example_task_group.py for tasks to queue
[2024-04-16T21:25:58.068+0700] {logging_mixin.py:188} INFO - [2024-04-16T21:25:58.068+0700] {dagbag.py:540} INFO - Filling up the DagBag from /opt/homebrew/Caskroom/miniconda/base/lib/python3.11/site-packages/airflow/example_dags/example_task_group.py
[2024-04-16T21:25:58.077+0700] {processor.py:840} INFO - DAG(s) 'example_task_group' retrieved from /opt/homebrew/Caskroom/miniconda/base/lib/python3.11/site-packages/airflow/example_dags/example_task_group.py
[2024-04-16T21:25:58.351+0700] {logging_mixin.py:188} INFO - [2024-04-16T21:25:58.351+0700] {dag.py:3096} INFO - Sync 1 DAGs
[2024-04-16T21:25:58.399+0700] {logging_mixin.py:188} INFO - [2024-04-16T21:25:58.398+0700] {dag.py:3954} INFO - Setting next_dagrun for example_task_group to 2024-04-15 00:00:00+00:00, run_after=2024-04-16 00:00:00+00:00
[2024-04-16T21:25:58.466+0700] {processor.py:183} INFO - Processing /opt/homebrew/Caskroom/miniconda/base/lib/python3.11/site-packages/airflow/example_dags/example_task_group.py took 0.401 seconds
[2024-04-16T21:27:29.855+0700] {processor.py:161} INFO - Started process (PID=64527) to work on /opt/homebrew/Caskroom/miniconda/base/lib/python3.11/site-packages/airflow/example_dags/example_task_group.py
[2024-04-16T21:27:29.855+0700] {processor.py:830} INFO - Processing file /opt/homebrew/Caskroom/miniconda/base/lib/python3.11/site-packages/airflow/example_dags/example_task_group.py for tasks to queue
[2024-04-16T21:27:29.856+0700] {logging_mixin.py:188} INFO - [2024-04-16T21:27:29.856+0700] {dagbag.py:540} INFO - Filling up the DagBag from /opt/homebrew/Caskroom/miniconda/base/lib/python3.11/site-packages/airflow/example_dags/example_task_group.py
[2024-04-16T21:27:29.862+0700] {processor.py:840} INFO - DAG(s) 'example_task_group' retrieved from /opt/homebrew/Caskroom/miniconda/base/lib/python3.11/site-packages/airflow/example_dags/example_task_group.py
[2024-04-16T21:27:29.936+0700] {logging_mixin.py:188} INFO - [2024-04-16T21:27:29.936+0700] {dag.py:3096} INFO - Sync 1 DAGs
[2024-04-16T21:27:29.948+0700] {logging_mixin.py:188} INFO - [2024-04-16T21:27:29.948+0700] {dag.py:3954} INFO - Setting next_dagrun for example_task_group to 2024-04-15 00:00:00+00:00, run_after=2024-04-16 00:00:00+00:00
[2024-04-16T21:27:29.961+0700] {processor.py:183} INFO - Processing /opt/homebrew/Caskroom/miniconda/base/lib/python3.11/site-packages/airflow/example_dags/example_task_group.py took 0.109 seconds
[2024-04-16T21:28:51.552+0700] {processor.py:161} INFO - Started process (PID=64936) to work on /opt/homebrew/Caskroom/miniconda/base/lib/python3.11/site-packages/airflow/example_dags/example_task_group.py
[2024-04-16T21:28:51.553+0700] {processor.py:830} INFO - Processing file /opt/homebrew/Caskroom/miniconda/base/lib/python3.11/site-packages/airflow/example_dags/example_task_group.py for tasks to queue
[2024-04-16T21:28:51.553+0700] {logging_mixin.py:188} INFO - [2024-04-16T21:28:51.553+0700] {dagbag.py:540} INFO - Filling up the DagBag from /opt/homebrew/Caskroom/miniconda/base/lib/python3.11/site-packages/airflow/example_dags/example_task_group.py
[2024-04-16T21:28:51.561+0700] {processor.py:840} INFO - DAG(s) 'example_task_group' retrieved from /opt/homebrew/Caskroom/miniconda/base/lib/python3.11/site-packages/airflow/example_dags/example_task_group.py
[2024-04-16T21:28:51.635+0700] {logging_mixin.py:188} INFO - [2024-04-16T21:28:51.635+0700] {dag.py:3096} INFO - Sync 1 DAGs
[2024-04-16T21:28:51.647+0700] {logging_mixin.py:188} INFO - [2024-04-16T21:28:51.647+0700] {dag.py:3954} INFO - Setting next_dagrun for example_task_group to 2024-04-15 00:00:00+00:00, run_after=2024-04-16 00:00:00+00:00
[2024-04-16T21:28:51.660+0700] {processor.py:183} INFO - Processing /opt/homebrew/Caskroom/miniconda/base/lib/python3.11/site-packages/airflow/example_dags/example_task_group.py took 0.110 seconds
[2024-04-16T21:30:15.315+0700] {processor.py:161} INFO - Started process (PID=65328) to work on /opt/homebrew/Caskroom/miniconda/base/lib/python3.11/site-packages/airflow/example_dags/example_task_group.py
[2024-04-16T21:30:15.315+0700] {processor.py:830} INFO - Processing file /opt/homebrew/Caskroom/miniconda/base/lib/python3.11/site-packages/airflow/example_dags/example_task_group.py for tasks to queue
[2024-04-16T21:30:15.316+0700] {logging_mixin.py:188} INFO - [2024-04-16T21:30:15.316+0700] {dagbag.py:540} INFO - Filling up the DagBag from /opt/homebrew/Caskroom/miniconda/base/lib/python3.11/site-packages/airflow/example_dags/example_task_group.py
[2024-04-16T21:30:15.322+0700] {processor.py:840} INFO - DAG(s) 'example_task_group' retrieved from /opt/homebrew/Caskroom/miniconda/base/lib/python3.11/site-packages/airflow/example_dags/example_task_group.py
[2024-04-16T21:30:15.388+0700] {logging_mixin.py:188} INFO - [2024-04-16T21:30:15.388+0700] {dag.py:3096} INFO - Sync 1 DAGs
[2024-04-16T21:30:15.399+0700] {logging_mixin.py:188} INFO - [2024-04-16T21:30:15.399+0700] {dag.py:3954} INFO - Setting next_dagrun for example_task_group to 2024-04-15 00:00:00+00:00, run_after=2024-04-16 00:00:00+00:00
[2024-04-16T21:30:15.411+0700] {processor.py:183} INFO - Processing /opt/homebrew/Caskroom/miniconda/base/lib/python3.11/site-packages/airflow/example_dags/example_task_group.py took 0.098 seconds
[2024-04-16T21:31:40.623+0700] {processor.py:161} INFO - Started process (PID=65714) to work on /opt/homebrew/Caskroom/miniconda/base/lib/python3.11/site-packages/airflow/example_dags/example_task_group.py
[2024-04-16T21:31:40.624+0700] {processor.py:830} INFO - Processing file /opt/homebrew/Caskroom/miniconda/base/lib/python3.11/site-packages/airflow/example_dags/example_task_group.py for tasks to queue
[2024-04-16T21:31:40.624+0700] {logging_mixin.py:188} INFO - [2024-04-16T21:31:40.624+0700] {dagbag.py:540} INFO - Filling up the DagBag from /opt/homebrew/Caskroom/miniconda/base/lib/python3.11/site-packages/airflow/example_dags/example_task_group.py
[2024-04-16T21:31:40.630+0700] {processor.py:840} INFO - DAG(s) 'example_task_group' retrieved from /opt/homebrew/Caskroom/miniconda/base/lib/python3.11/site-packages/airflow/example_dags/example_task_group.py
[2024-04-16T21:31:40.692+0700] {logging_mixin.py:188} INFO - [2024-04-16T21:31:40.692+0700] {dag.py:3096} INFO - Sync 1 DAGs
[2024-04-16T21:31:40.702+0700] {logging_mixin.py:188} INFO - [2024-04-16T21:31:40.702+0700] {dag.py:3954} INFO - Setting next_dagrun for example_task_group to 2024-04-15 00:00:00+00:00, run_after=2024-04-16 00:00:00+00:00
[2024-04-16T21:31:40.713+0700] {processor.py:183} INFO - Processing /opt/homebrew/Caskroom/miniconda/base/lib/python3.11/site-packages/airflow/example_dags/example_task_group.py took 0.091 seconds
[2024-04-16T21:32:56.721+0700] {processor.py:161} INFO - Started process (PID=66063) to work on /opt/homebrew/Caskroom/miniconda/base/lib/python3.11/site-packages/airflow/example_dags/example_task_group.py
[2024-04-16T21:32:56.722+0700] {processor.py:830} INFO - Processing file /opt/homebrew/Caskroom/miniconda/base/lib/python3.11/site-packages/airflow/example_dags/example_task_group.py for tasks to queue
[2024-04-16T21:32:56.722+0700] {logging_mixin.py:188} INFO - [2024-04-16T21:32:56.722+0700] {dagbag.py:540} INFO - Filling up the DagBag from /opt/homebrew/Caskroom/miniconda/base/lib/python3.11/site-packages/airflow/example_dags/example_task_group.py
[2024-04-16T21:32:56.728+0700] {processor.py:840} INFO - DAG(s) 'example_task_group' retrieved from /opt/homebrew/Caskroom/miniconda/base/lib/python3.11/site-packages/airflow/example_dags/example_task_group.py
[2024-04-16T21:32:56.790+0700] {logging_mixin.py:188} INFO - [2024-04-16T21:32:56.789+0700] {dag.py:3096} INFO - Sync 1 DAGs
[2024-04-16T21:32:56.799+0700] {logging_mixin.py:188} INFO - [2024-04-16T21:32:56.799+0700] {dag.py:3954} INFO - Setting next_dagrun for example_task_group to 2024-04-15 00:00:00+00:00, run_after=2024-04-16 00:00:00+00:00
[2024-04-16T21:32:56.810+0700] {processor.py:183} INFO - Processing /opt/homebrew/Caskroom/miniconda/base/lib/python3.11/site-packages/airflow/example_dags/example_task_group.py took 0.091 seconds
[2024-04-16T21:34:22.745+0700] {processor.py:161} INFO - Started process (PID=66475) to work on /opt/homebrew/Caskroom/miniconda/base/lib/python3.11/site-packages/airflow/example_dags/example_task_group.py
[2024-04-16T21:34:22.746+0700] {processor.py:830} INFO - Processing file /opt/homebrew/Caskroom/miniconda/base/lib/python3.11/site-packages/airflow/example_dags/example_task_group.py for tasks to queue
[2024-04-16T21:34:22.746+0700] {logging_mixin.py:188} INFO - [2024-04-16T21:34:22.746+0700] {dagbag.py:540} INFO - Filling up the DagBag from /opt/homebrew/Caskroom/miniconda/base/lib/python3.11/site-packages/airflow/example_dags/example_task_group.py
[2024-04-16T21:34:22.753+0700] {processor.py:840} INFO - DAG(s) 'example_task_group' retrieved from /opt/homebrew/Caskroom/miniconda/base/lib/python3.11/site-packages/airflow/example_dags/example_task_group.py
[2024-04-16T21:34:22.821+0700] {logging_mixin.py:188} INFO - [2024-04-16T21:34:22.821+0700] {dag.py:3096} INFO - Sync 1 DAGs
[2024-04-16T21:34:22.833+0700] {logging_mixin.py:188} INFO - [2024-04-16T21:34:22.833+0700] {dag.py:3954} INFO - Setting next_dagrun for example_task_group to 2024-04-15 00:00:00+00:00, run_after=2024-04-16 00:00:00+00:00
[2024-04-16T21:34:22.846+0700] {processor.py:183} INFO - Processing /opt/homebrew/Caskroom/miniconda/base/lib/python3.11/site-packages/airflow/example_dags/example_task_group.py took 0.102 seconds
[2024-04-16T21:35:43.032+0700] {processor.py:161} INFO - Started process (PID=66855) to work on /opt/homebrew/Caskroom/miniconda/base/lib/python3.11/site-packages/airflow/example_dags/example_task_group.py
[2024-04-16T21:35:43.033+0700] {processor.py:830} INFO - Processing file /opt/homebrew/Caskroom/miniconda/base/lib/python3.11/site-packages/airflow/example_dags/example_task_group.py for tasks to queue
[2024-04-16T21:35:43.033+0700] {logging_mixin.py:188} INFO - [2024-04-16T21:35:43.033+0700] {dagbag.py:540} INFO - Filling up the DagBag from /opt/homebrew/Caskroom/miniconda/base/lib/python3.11/site-packages/airflow/example_dags/example_task_group.py
[2024-04-16T21:35:43.038+0700] {processor.py:840} INFO - DAG(s) 'example_task_group' retrieved from /opt/homebrew/Caskroom/miniconda/base/lib/python3.11/site-packages/airflow/example_dags/example_task_group.py
[2024-04-16T21:35:43.108+0700] {logging_mixin.py:188} INFO - [2024-04-16T21:35:43.108+0700] {dag.py:3096} INFO - Sync 1 DAGs
[2024-04-16T21:35:43.118+0700] {logging_mixin.py:188} INFO - [2024-04-16T21:35:43.118+0700] {dag.py:3954} INFO - Setting next_dagrun for example_task_group to 2024-04-15 00:00:00+00:00, run_after=2024-04-16 00:00:00+00:00
[2024-04-16T21:35:43.129+0700] {processor.py:183} INFO - Processing /opt/homebrew/Caskroom/miniconda/base/lib/python3.11/site-packages/airflow/example_dags/example_task_group.py took 0.099 seconds
[2024-04-16T21:37:02.434+0700] {processor.py:161} INFO - Started process (PID=67260) to work on /opt/homebrew/Caskroom/miniconda/base/lib/python3.11/site-packages/airflow/example_dags/example_task_group.py
[2024-04-16T21:37:02.435+0700] {processor.py:830} INFO - Processing file /opt/homebrew/Caskroom/miniconda/base/lib/python3.11/site-packages/airflow/example_dags/example_task_group.py for tasks to queue
[2024-04-16T21:37:02.436+0700] {logging_mixin.py:188} INFO - [2024-04-16T21:37:02.435+0700] {dagbag.py:540} INFO - Filling up the DagBag from /opt/homebrew/Caskroom/miniconda/base/lib/python3.11/site-packages/airflow/example_dags/example_task_group.py
[2024-04-16T21:37:02.441+0700] {processor.py:840} INFO - DAG(s) 'example_task_group' retrieved from /opt/homebrew/Caskroom/miniconda/base/lib/python3.11/site-packages/airflow/example_dags/example_task_group.py
[2024-04-16T21:37:02.503+0700] {logging_mixin.py:188} INFO - [2024-04-16T21:37:02.503+0700] {dag.py:3096} INFO - Sync 1 DAGs
[2024-04-16T21:37:02.514+0700] {logging_mixin.py:188} INFO - [2024-04-16T21:37:02.514+0700] {dag.py:3954} INFO - Setting next_dagrun for example_task_group to 2024-04-15 00:00:00+00:00, run_after=2024-04-16 00:00:00+00:00
[2024-04-16T21:37:02.524+0700] {processor.py:183} INFO - Processing /opt/homebrew/Caskroom/miniconda/base/lib/python3.11/site-packages/airflow/example_dags/example_task_group.py took 0.091 seconds
[2024-04-16T21:38:24.349+0700] {processor.py:161} INFO - Started process (PID=67791) to work on /opt/homebrew/Caskroom/miniconda/base/lib/python3.11/site-packages/airflow/example_dags/example_task_group.py
[2024-04-16T21:38:24.350+0700] {processor.py:830} INFO - Processing file /opt/homebrew/Caskroom/miniconda/base/lib/python3.11/site-packages/airflow/example_dags/example_task_group.py for tasks to queue
[2024-04-16T21:38:24.350+0700] {logging_mixin.py:188} INFO - [2024-04-16T21:38:24.350+0700] {dagbag.py:540} INFO - Filling up the DagBag from /opt/homebrew/Caskroom/miniconda/base/lib/python3.11/site-packages/airflow/example_dags/example_task_group.py
[2024-04-16T21:38:24.358+0700] {processor.py:840} INFO - DAG(s) 'example_task_group' retrieved from /opt/homebrew/Caskroom/miniconda/base/lib/python3.11/site-packages/airflow/example_dags/example_task_group.py
[2024-04-16T21:38:24.425+0700] {logging_mixin.py:188} INFO - [2024-04-16T21:38:24.425+0700] {dag.py:3096} INFO - Sync 1 DAGs
[2024-04-16T21:38:24.436+0700] {logging_mixin.py:188} INFO - [2024-04-16T21:38:24.436+0700] {dag.py:3954} INFO - Setting next_dagrun for example_task_group to 2024-04-15 00:00:00+00:00, run_after=2024-04-16 00:00:00+00:00
[2024-04-16T21:38:24.447+0700] {processor.py:183} INFO - Processing /opt/homebrew/Caskroom/miniconda/base/lib/python3.11/site-packages/airflow/example_dags/example_task_group.py took 0.103 seconds
[2024-04-16T21:39:53.454+0700] {processor.py:161} INFO - Started process (PID=68197) to work on /opt/homebrew/Caskroom/miniconda/base/lib/python3.11/site-packages/airflow/example_dags/example_task_group.py
[2024-04-16T21:39:53.455+0700] {processor.py:830} INFO - Processing file /opt/homebrew/Caskroom/miniconda/base/lib/python3.11/site-packages/airflow/example_dags/example_task_group.py for tasks to queue
[2024-04-16T21:39:53.455+0700] {logging_mixin.py:188} INFO - [2024-04-16T21:39:53.455+0700] {dagbag.py:540} INFO - Filling up the DagBag from /opt/homebrew/Caskroom/miniconda/base/lib/python3.11/site-packages/airflow/example_dags/example_task_group.py
[2024-04-16T21:39:53.461+0700] {processor.py:840} INFO - DAG(s) 'example_task_group' retrieved from /opt/homebrew/Caskroom/miniconda/base/lib/python3.11/site-packages/airflow/example_dags/example_task_group.py
[2024-04-16T21:39:53.529+0700] {logging_mixin.py:188} INFO - [2024-04-16T21:39:53.528+0700] {dag.py:3096} INFO - Sync 1 DAGs
[2024-04-16T21:39:53.538+0700] {logging_mixin.py:188} INFO - [2024-04-16T21:39:53.538+0700] {dag.py:3954} INFO - Setting next_dagrun for example_task_group to 2024-04-15 00:00:00+00:00, run_after=2024-04-16 00:00:00+00:00
[2024-04-16T21:39:53.549+0700] {processor.py:183} INFO - Processing /opt/homebrew/Caskroom/miniconda/base/lib/python3.11/site-packages/airflow/example_dags/example_task_group.py took 0.097 seconds
[2024-04-16T21:41:30.159+0700] {processor.py:161} INFO - Started process (PID=68657) to work on /opt/homebrew/Caskroom/miniconda/base/lib/python3.11/site-packages/airflow/example_dags/example_task_group.py
[2024-04-16T21:41:30.160+0700] {processor.py:830} INFO - Processing file /opt/homebrew/Caskroom/miniconda/base/lib/python3.11/site-packages/airflow/example_dags/example_task_group.py for tasks to queue
[2024-04-16T21:41:30.160+0700] {logging_mixin.py:188} INFO - [2024-04-16T21:41:30.160+0700] {dagbag.py:540} INFO - Filling up the DagBag from /opt/homebrew/Caskroom/miniconda/base/lib/python3.11/site-packages/airflow/example_dags/example_task_group.py
[2024-04-16T21:41:30.166+0700] {processor.py:840} INFO - DAG(s) 'example_task_group' retrieved from /opt/homebrew/Caskroom/miniconda/base/lib/python3.11/site-packages/airflow/example_dags/example_task_group.py
[2024-04-16T21:41:30.230+0700] {logging_mixin.py:188} INFO - [2024-04-16T21:41:30.229+0700] {dag.py:3096} INFO - Sync 1 DAGs
[2024-04-16T21:41:30.240+0700] {logging_mixin.py:188} INFO - [2024-04-16T21:41:30.240+0700] {dag.py:3954} INFO - Setting next_dagrun for example_task_group to 2024-04-15 00:00:00+00:00, run_after=2024-04-16 00:00:00+00:00
[2024-04-16T21:41:30.253+0700] {processor.py:183} INFO - Processing /opt/homebrew/Caskroom/miniconda/base/lib/python3.11/site-packages/airflow/example_dags/example_task_group.py took 0.095 seconds
[2024-04-16T21:43:19.753+0700] {processor.py:161} INFO - Started process (PID=69163) to work on /opt/homebrew/Caskroom/miniconda/base/lib/python3.11/site-packages/airflow/example_dags/example_task_group.py
[2024-04-16T21:43:19.754+0700] {processor.py:830} INFO - Processing file /opt/homebrew/Caskroom/miniconda/base/lib/python3.11/site-packages/airflow/example_dags/example_task_group.py for tasks to queue
[2024-04-16T21:43:19.754+0700] {logging_mixin.py:188} INFO - [2024-04-16T21:43:19.754+0700] {dagbag.py:540} INFO - Filling up the DagBag from /opt/homebrew/Caskroom/miniconda/base/lib/python3.11/site-packages/airflow/example_dags/example_task_group.py
[2024-04-16T21:43:19.760+0700] {processor.py:840} INFO - DAG(s) 'example_task_group' retrieved from /opt/homebrew/Caskroom/miniconda/base/lib/python3.11/site-packages/airflow/example_dags/example_task_group.py
[2024-04-16T21:43:19.827+0700] {logging_mixin.py:188} INFO - [2024-04-16T21:43:19.827+0700] {dag.py:3096} INFO - Sync 1 DAGs
[2024-04-16T21:43:19.838+0700] {logging_mixin.py:188} INFO - [2024-04-16T21:43:19.838+0700] {dag.py:3954} INFO - Setting next_dagrun for example_task_group to 2024-04-15 00:00:00+00:00, run_after=2024-04-16 00:00:00+00:00
[2024-04-16T21:43:19.849+0700] {processor.py:183} INFO - Processing /opt/homebrew/Caskroom/miniconda/base/lib/python3.11/site-packages/airflow/example_dags/example_task_group.py took 0.098 seconds
[2024-04-16T21:44:55.408+0700] {processor.py:161} INFO - Started process (PID=69588) to work on /opt/homebrew/Caskroom/miniconda/base/lib/python3.11/site-packages/airflow/example_dags/example_task_group.py
[2024-04-16T21:44:55.410+0700] {processor.py:830} INFO - Processing file /opt/homebrew/Caskroom/miniconda/base/lib/python3.11/site-packages/airflow/example_dags/example_task_group.py for tasks to queue
[2024-04-16T21:44:55.410+0700] {logging_mixin.py:188} INFO - [2024-04-16T21:44:55.410+0700] {dagbag.py:540} INFO - Filling up the DagBag from /opt/homebrew/Caskroom/miniconda/base/lib/python3.11/site-packages/airflow/example_dags/example_task_group.py
[2024-04-16T21:44:55.418+0700] {processor.py:840} INFO - DAG(s) 'example_task_group' retrieved from /opt/homebrew/Caskroom/miniconda/base/lib/python3.11/site-packages/airflow/example_dags/example_task_group.py
[2024-04-16T21:44:55.483+0700] {logging_mixin.py:188} INFO - [2024-04-16T21:44:55.483+0700] {dag.py:3096} INFO - Sync 1 DAGs
[2024-04-16T21:44:55.495+0700] {logging_mixin.py:188} INFO - [2024-04-16T21:44:55.495+0700] {dag.py:3954} INFO - Setting next_dagrun for example_task_group to 2024-04-15 00:00:00+00:00, run_after=2024-04-16 00:00:00+00:00
[2024-04-16T21:44:55.510+0700] {processor.py:183} INFO - Processing /opt/homebrew/Caskroom/miniconda/base/lib/python3.11/site-packages/airflow/example_dags/example_task_group.py took 0.103 seconds
[2024-04-16T21:46:33.481+0700] {processor.py:161} INFO - Started process (PID=70013) to work on /opt/homebrew/Caskroom/miniconda/base/lib/python3.11/site-packages/airflow/example_dags/example_task_group.py
[2024-04-16T21:46:33.483+0700] {processor.py:830} INFO - Processing file /opt/homebrew/Caskroom/miniconda/base/lib/python3.11/site-packages/airflow/example_dags/example_task_group.py for tasks to queue
[2024-04-16T21:46:33.484+0700] {logging_mixin.py:188} INFO - [2024-04-16T21:46:33.483+0700] {dagbag.py:540} INFO - Filling up the DagBag from /opt/homebrew/Caskroom/miniconda/base/lib/python3.11/site-packages/airflow/example_dags/example_task_group.py
[2024-04-16T21:46:33.507+0700] {processor.py:840} INFO - DAG(s) 'example_task_group' retrieved from /opt/homebrew/Caskroom/miniconda/base/lib/python3.11/site-packages/airflow/example_dags/example_task_group.py
[2024-04-16T21:46:33.777+0700] {logging_mixin.py:188} INFO - [2024-04-16T21:46:33.777+0700] {dag.py:3096} INFO - Sync 1 DAGs
[2024-04-16T21:46:33.808+0700] {logging_mixin.py:188} INFO - [2024-04-16T21:46:33.807+0700] {dag.py:3954} INFO - Setting next_dagrun for example_task_group to 2024-04-15 00:00:00+00:00, run_after=2024-04-16 00:00:00+00:00
[2024-04-16T21:46:33.847+0700] {processor.py:183} INFO - Processing /opt/homebrew/Caskroom/miniconda/base/lib/python3.11/site-packages/airflow/example_dags/example_task_group.py took 0.376 seconds
[2024-04-16T21:48:22.596+0700] {processor.py:161} INFO - Started process (PID=70512) to work on /opt/homebrew/Caskroom/miniconda/base/lib/python3.11/site-packages/airflow/example_dags/example_task_group.py
[2024-04-16T21:48:22.596+0700] {processor.py:830} INFO - Processing file /opt/homebrew/Caskroom/miniconda/base/lib/python3.11/site-packages/airflow/example_dags/example_task_group.py for tasks to queue
[2024-04-16T21:48:22.597+0700] {logging_mixin.py:188} INFO - [2024-04-16T21:48:22.597+0700] {dagbag.py:540} INFO - Filling up the DagBag from /opt/homebrew/Caskroom/miniconda/base/lib/python3.11/site-packages/airflow/example_dags/example_task_group.py
[2024-04-16T21:48:22.602+0700] {processor.py:840} INFO - DAG(s) 'example_task_group' retrieved from /opt/homebrew/Caskroom/miniconda/base/lib/python3.11/site-packages/airflow/example_dags/example_task_group.py
[2024-04-16T21:48:22.678+0700] {logging_mixin.py:188} INFO - [2024-04-16T21:48:22.678+0700] {dag.py:3096} INFO - Sync 1 DAGs
[2024-04-16T21:48:22.690+0700] {logging_mixin.py:188} INFO - [2024-04-16T21:48:22.690+0700] {dag.py:3954} INFO - Setting next_dagrun for example_task_group to 2024-04-15 00:00:00+00:00, run_after=2024-04-16 00:00:00+00:00
[2024-04-16T21:48:22.703+0700] {processor.py:183} INFO - Processing /opt/homebrew/Caskroom/miniconda/base/lib/python3.11/site-packages/airflow/example_dags/example_task_group.py took 0.109 seconds
[2024-04-16T21:50:20.710+0700] {processor.py:161} INFO - Started process (PID=71103) to work on /opt/homebrew/Caskroom/miniconda/base/lib/python3.11/site-packages/airflow/example_dags/example_task_group.py
[2024-04-16T21:50:20.711+0700] {processor.py:830} INFO - Processing file /opt/homebrew/Caskroom/miniconda/base/lib/python3.11/site-packages/airflow/example_dags/example_task_group.py for tasks to queue
[2024-04-16T21:50:20.712+0700] {logging_mixin.py:188} INFO - [2024-04-16T21:50:20.711+0700] {dagbag.py:540} INFO - Filling up the DagBag from /opt/homebrew/Caskroom/miniconda/base/lib/python3.11/site-packages/airflow/example_dags/example_task_group.py
[2024-04-16T21:50:20.718+0700] {processor.py:840} INFO - DAG(s) 'example_task_group' retrieved from /opt/homebrew/Caskroom/miniconda/base/lib/python3.11/site-packages/airflow/example_dags/example_task_group.py
[2024-04-16T21:50:20.784+0700] {logging_mixin.py:188} INFO - [2024-04-16T21:50:20.784+0700] {dag.py:3096} INFO - Sync 1 DAGs
[2024-04-16T21:50:20.795+0700] {logging_mixin.py:188} INFO - [2024-04-16T21:50:20.794+0700] {dag.py:3954} INFO - Setting next_dagrun for example_task_group to 2024-04-15 00:00:00+00:00, run_after=2024-04-16 00:00:00+00:00
[2024-04-16T21:50:20.805+0700] {processor.py:183} INFO - Processing /opt/homebrew/Caskroom/miniconda/base/lib/python3.11/site-packages/airflow/example_dags/example_task_group.py took 0.097 seconds
[2024-04-16T21:52:42.432+0700] {processor.py:161} INFO - Started process (PID=72031) to work on /opt/homebrew/Caskroom/miniconda/base/lib/python3.11/site-packages/airflow/example_dags/example_task_group.py
[2024-04-16T21:52:42.462+0700] {processor.py:830} INFO - Processing file /opt/homebrew/Caskroom/miniconda/base/lib/python3.11/site-packages/airflow/example_dags/example_task_group.py for tasks to queue
[2024-04-16T21:52:42.464+0700] {logging_mixin.py:188} INFO - [2024-04-16T21:52:42.464+0700] {dagbag.py:540} INFO - Filling up the DagBag from /opt/homebrew/Caskroom/miniconda/base/lib/python3.11/site-packages/airflow/example_dags/example_task_group.py
[2024-04-16T21:52:42.493+0700] {processor.py:840} INFO - DAG(s) 'example_task_group' retrieved from /opt/homebrew/Caskroom/miniconda/base/lib/python3.11/site-packages/airflow/example_dags/example_task_group.py
[2024-04-16T21:52:43.070+0700] {logging_mixin.py:188} INFO - [2024-04-16T21:52:43.069+0700] {dag.py:3096} INFO - Sync 1 DAGs
[2024-04-16T21:52:43.151+0700] {logging_mixin.py:188} INFO - [2024-04-16T21:52:43.150+0700] {dag.py:3954} INFO - Setting next_dagrun for example_task_group to 2024-04-15 00:00:00+00:00, run_after=2024-04-16 00:00:00+00:00
[2024-04-16T21:52:43.204+0700] {processor.py:183} INFO - Processing /opt/homebrew/Caskroom/miniconda/base/lib/python3.11/site-packages/airflow/example_dags/example_task_group.py took 0.789 seconds
[2024-04-16T21:54:47.917+0700] {processor.py:161} INFO - Started process (PID=72705) to work on /opt/homebrew/Caskroom/miniconda/base/lib/python3.11/site-packages/airflow/example_dags/example_task_group.py
[2024-04-16T21:54:47.918+0700] {processor.py:830} INFO - Processing file /opt/homebrew/Caskroom/miniconda/base/lib/python3.11/site-packages/airflow/example_dags/example_task_group.py for tasks to queue
[2024-04-16T21:54:47.918+0700] {logging_mixin.py:188} INFO - [2024-04-16T21:54:47.918+0700] {dagbag.py:540} INFO - Filling up the DagBag from /opt/homebrew/Caskroom/miniconda/base/lib/python3.11/site-packages/airflow/example_dags/example_task_group.py
[2024-04-16T21:54:47.928+0700] {processor.py:840} INFO - DAG(s) 'example_task_group' retrieved from /opt/homebrew/Caskroom/miniconda/base/lib/python3.11/site-packages/airflow/example_dags/example_task_group.py
[2024-04-16T21:54:47.997+0700] {logging_mixin.py:188} INFO - [2024-04-16T21:54:47.996+0700] {dag.py:3096} INFO - Sync 1 DAGs
[2024-04-16T21:54:48.007+0700] {logging_mixin.py:188} INFO - [2024-04-16T21:54:48.007+0700] {dag.py:3954} INFO - Setting next_dagrun for example_task_group to 2024-04-15 00:00:00+00:00, run_after=2024-04-16 00:00:00+00:00
[2024-04-16T21:54:48.021+0700] {processor.py:183} INFO - Processing /opt/homebrew/Caskroom/miniconda/base/lib/python3.11/site-packages/airflow/example_dags/example_task_group.py took 0.105 seconds
[2024-04-16T21:56:28.055+0700] {processor.py:161} INFO - Started process (PID=73173) to work on /opt/homebrew/Caskroom/miniconda/base/lib/python3.11/site-packages/airflow/example_dags/example_task_group.py
[2024-04-16T21:56:28.057+0700] {processor.py:830} INFO - Processing file /opt/homebrew/Caskroom/miniconda/base/lib/python3.11/site-packages/airflow/example_dags/example_task_group.py for tasks to queue
[2024-04-16T21:56:28.057+0700] {logging_mixin.py:188} INFO - [2024-04-16T21:56:28.057+0700] {dagbag.py:540} INFO - Filling up the DagBag from /opt/homebrew/Caskroom/miniconda/base/lib/python3.11/site-packages/airflow/example_dags/example_task_group.py
[2024-04-16T21:56:28.066+0700] {processor.py:840} INFO - DAG(s) 'example_task_group' retrieved from /opt/homebrew/Caskroom/miniconda/base/lib/python3.11/site-packages/airflow/example_dags/example_task_group.py
[2024-04-16T21:56:28.139+0700] {logging_mixin.py:188} INFO - [2024-04-16T21:56:28.139+0700] {dag.py:3096} INFO - Sync 1 DAGs
[2024-04-16T21:56:28.153+0700] {logging_mixin.py:188} INFO - [2024-04-16T21:56:28.152+0700] {dag.py:3954} INFO - Setting next_dagrun for example_task_group to 2024-04-15 00:00:00+00:00, run_after=2024-04-16 00:00:00+00:00
[2024-04-16T21:56:28.168+0700] {processor.py:183} INFO - Processing /opt/homebrew/Caskroom/miniconda/base/lib/python3.11/site-packages/airflow/example_dags/example_task_group.py took 0.115 seconds
[2024-04-16T21:57:55.522+0700] {processor.py:161} INFO - Started process (PID=73651) to work on /opt/homebrew/Caskroom/miniconda/base/lib/python3.11/site-packages/airflow/example_dags/example_task_group.py
[2024-04-16T21:57:55.523+0700] {processor.py:830} INFO - Processing file /opt/homebrew/Caskroom/miniconda/base/lib/python3.11/site-packages/airflow/example_dags/example_task_group.py for tasks to queue
[2024-04-16T21:57:55.523+0700] {logging_mixin.py:188} INFO - [2024-04-16T21:57:55.523+0700] {dagbag.py:540} INFO - Filling up the DagBag from /opt/homebrew/Caskroom/miniconda/base/lib/python3.11/site-packages/airflow/example_dags/example_task_group.py
[2024-04-16T21:57:55.529+0700] {processor.py:840} INFO - DAG(s) 'example_task_group' retrieved from /opt/homebrew/Caskroom/miniconda/base/lib/python3.11/site-packages/airflow/example_dags/example_task_group.py
[2024-04-16T21:57:55.598+0700] {logging_mixin.py:188} INFO - [2024-04-16T21:57:55.597+0700] {dag.py:3096} INFO - Sync 1 DAGs
[2024-04-16T21:57:55.609+0700] {logging_mixin.py:188} INFO - [2024-04-16T21:57:55.609+0700] {dag.py:3954} INFO - Setting next_dagrun for example_task_group to 2024-04-15 00:00:00+00:00, run_after=2024-04-16 00:00:00+00:00
[2024-04-16T21:57:55.622+0700] {processor.py:183} INFO - Processing /opt/homebrew/Caskroom/miniconda/base/lib/python3.11/site-packages/airflow/example_dags/example_task_group.py took 0.102 seconds
[2024-04-16T21:59:24.773+0700] {processor.py:161} INFO - Started process (PID=74424) to work on /opt/homebrew/Caskroom/miniconda/base/lib/python3.11/site-packages/airflow/example_dags/example_task_group.py
[2024-04-16T21:59:24.774+0700] {processor.py:830} INFO - Processing file /opt/homebrew/Caskroom/miniconda/base/lib/python3.11/site-packages/airflow/example_dags/example_task_group.py for tasks to queue
[2024-04-16T21:59:24.774+0700] {logging_mixin.py:188} INFO - [2024-04-16T21:59:24.774+0700] {dagbag.py:540} INFO - Filling up the DagBag from /opt/homebrew/Caskroom/miniconda/base/lib/python3.11/site-packages/airflow/example_dags/example_task_group.py
[2024-04-16T21:59:24.780+0700] {processor.py:840} INFO - DAG(s) 'example_task_group' retrieved from /opt/homebrew/Caskroom/miniconda/base/lib/python3.11/site-packages/airflow/example_dags/example_task_group.py
[2024-04-16T21:59:24.848+0700] {logging_mixin.py:188} INFO - [2024-04-16T21:59:24.848+0700] {dag.py:3096} INFO - Sync 1 DAGs
[2024-04-16T21:59:24.860+0700] {logging_mixin.py:188} INFO - [2024-04-16T21:59:24.860+0700] {dag.py:3954} INFO - Setting next_dagrun for example_task_group to 2024-04-15 00:00:00+00:00, run_after=2024-04-16 00:00:00+00:00
[2024-04-16T21:59:24.871+0700] {processor.py:183} INFO - Processing /opt/homebrew/Caskroom/miniconda/base/lib/python3.11/site-packages/airflow/example_dags/example_task_group.py took 0.100 seconds
[2024-04-16T22:00:49.890+0700] {processor.py:161} INFO - Started process (PID=74877) to work on /opt/homebrew/Caskroom/miniconda/base/lib/python3.11/site-packages/airflow/example_dags/example_task_group.py
[2024-04-16T22:00:49.891+0700] {processor.py:830} INFO - Processing file /opt/homebrew/Caskroom/miniconda/base/lib/python3.11/site-packages/airflow/example_dags/example_task_group.py for tasks to queue
[2024-04-16T22:00:49.891+0700] {logging_mixin.py:188} INFO - [2024-04-16T22:00:49.891+0700] {dagbag.py:540} INFO - Filling up the DagBag from /opt/homebrew/Caskroom/miniconda/base/lib/python3.11/site-packages/airflow/example_dags/example_task_group.py
[2024-04-16T22:00:49.897+0700] {processor.py:840} INFO - DAG(s) 'example_task_group' retrieved from /opt/homebrew/Caskroom/miniconda/base/lib/python3.11/site-packages/airflow/example_dags/example_task_group.py
[2024-04-16T22:00:49.962+0700] {logging_mixin.py:188} INFO - [2024-04-16T22:00:49.962+0700] {dag.py:3096} INFO - Sync 1 DAGs
[2024-04-16T22:00:49.972+0700] {logging_mixin.py:188} INFO - [2024-04-16T22:00:49.972+0700] {dag.py:3954} INFO - Setting next_dagrun for example_task_group to 2024-04-15 00:00:00+00:00, run_after=2024-04-16 00:00:00+00:00
[2024-04-16T22:00:49.983+0700] {processor.py:183} INFO - Processing /opt/homebrew/Caskroom/miniconda/base/lib/python3.11/site-packages/airflow/example_dags/example_task_group.py took 0.096 seconds
[2024-04-16T22:02:14.424+0700] {processor.py:161} INFO - Started process (PID=75370) to work on /opt/homebrew/Caskroom/miniconda/base/lib/python3.11/site-packages/airflow/example_dags/example_task_group.py
[2024-04-16T22:02:14.426+0700] {processor.py:830} INFO - Processing file /opt/homebrew/Caskroom/miniconda/base/lib/python3.11/site-packages/airflow/example_dags/example_task_group.py for tasks to queue
[2024-04-16T22:02:14.426+0700] {logging_mixin.py:188} INFO - [2024-04-16T22:02:14.426+0700] {dagbag.py:540} INFO - Filling up the DagBag from /opt/homebrew/Caskroom/miniconda/base/lib/python3.11/site-packages/airflow/example_dags/example_task_group.py
[2024-04-16T22:02:14.432+0700] {processor.py:840} INFO - DAG(s) 'example_task_group' retrieved from /opt/homebrew/Caskroom/miniconda/base/lib/python3.11/site-packages/airflow/example_dags/example_task_group.py
[2024-04-16T22:02:14.503+0700] {logging_mixin.py:188} INFO - [2024-04-16T22:02:14.502+0700] {dag.py:3096} INFO - Sync 1 DAGs
[2024-04-16T22:02:14.514+0700] {logging_mixin.py:188} INFO - [2024-04-16T22:02:14.514+0700] {dag.py:3954} INFO - Setting next_dagrun for example_task_group to 2024-04-15 00:00:00+00:00, run_after=2024-04-16 00:00:00+00:00
[2024-04-16T22:02:14.526+0700] {processor.py:183} INFO - Processing /opt/homebrew/Caskroom/miniconda/base/lib/python3.11/site-packages/airflow/example_dags/example_task_group.py took 0.105 seconds
[2024-04-16T22:03:42.195+0700] {processor.py:161} INFO - Started process (PID=75849) to work on /opt/homebrew/Caskroom/miniconda/base/lib/python3.11/site-packages/airflow/example_dags/example_task_group.py
[2024-04-16T22:03:42.196+0700] {processor.py:830} INFO - Processing file /opt/homebrew/Caskroom/miniconda/base/lib/python3.11/site-packages/airflow/example_dags/example_task_group.py for tasks to queue
[2024-04-16T22:03:42.196+0700] {logging_mixin.py:188} INFO - [2024-04-16T22:03:42.196+0700] {dagbag.py:540} INFO - Filling up the DagBag from /opt/homebrew/Caskroom/miniconda/base/lib/python3.11/site-packages/airflow/example_dags/example_task_group.py
[2024-04-16T22:03:42.203+0700] {processor.py:840} INFO - DAG(s) 'example_task_group' retrieved from /opt/homebrew/Caskroom/miniconda/base/lib/python3.11/site-packages/airflow/example_dags/example_task_group.py
[2024-04-16T22:03:42.276+0700] {logging_mixin.py:188} INFO - [2024-04-16T22:03:42.276+0700] {dag.py:3096} INFO - Sync 1 DAGs
[2024-04-16T22:03:42.289+0700] {logging_mixin.py:188} INFO - [2024-04-16T22:03:42.288+0700] {dag.py:3954} INFO - Setting next_dagrun for example_task_group to 2024-04-15 00:00:00+00:00, run_after=2024-04-16 00:00:00+00:00
[2024-04-16T22:03:42.306+0700] {processor.py:183} INFO - Processing /opt/homebrew/Caskroom/miniconda/base/lib/python3.11/site-packages/airflow/example_dags/example_task_group.py took 0.114 seconds
[2024-04-16T22:05:06.379+0700] {processor.py:161} INFO - Started process (PID=76251) to work on /opt/homebrew/Caskroom/miniconda/base/lib/python3.11/site-packages/airflow/example_dags/example_task_group.py
[2024-04-16T22:05:06.381+0700] {processor.py:830} INFO - Processing file /opt/homebrew/Caskroom/miniconda/base/lib/python3.11/site-packages/airflow/example_dags/example_task_group.py for tasks to queue
[2024-04-16T22:05:06.382+0700] {logging_mixin.py:188} INFO - [2024-04-16T22:05:06.382+0700] {dagbag.py:540} INFO - Filling up the DagBag from /opt/homebrew/Caskroom/miniconda/base/lib/python3.11/site-packages/airflow/example_dags/example_task_group.py
[2024-04-16T22:05:06.396+0700] {processor.py:840} INFO - DAG(s) 'example_task_group' retrieved from /opt/homebrew/Caskroom/miniconda/base/lib/python3.11/site-packages/airflow/example_dags/example_task_group.py
[2024-04-16T22:05:06.556+0700] {logging_mixin.py:188} INFO - [2024-04-16T22:05:06.556+0700] {dag.py:3096} INFO - Sync 1 DAGs
[2024-04-16T22:05:06.578+0700] {logging_mixin.py:188} INFO - [2024-04-16T22:05:06.577+0700] {dag.py:3954} INFO - Setting next_dagrun for example_task_group to 2024-04-15 00:00:00+00:00, run_after=2024-04-16 00:00:00+00:00
[2024-04-16T22:05:06.602+0700] {processor.py:183} INFO - Processing /opt/homebrew/Caskroom/miniconda/base/lib/python3.11/site-packages/airflow/example_dags/example_task_group.py took 0.226 seconds
[2024-04-16T22:06:42.699+0700] {processor.py:161} INFO - Started process (PID=76880) to work on /opt/homebrew/Caskroom/miniconda/base/lib/python3.11/site-packages/airflow/example_dags/example_task_group.py
[2024-04-16T22:06:42.700+0700] {processor.py:830} INFO - Processing file /opt/homebrew/Caskroom/miniconda/base/lib/python3.11/site-packages/airflow/example_dags/example_task_group.py for tasks to queue
[2024-04-16T22:06:42.700+0700] {logging_mixin.py:188} INFO - [2024-04-16T22:06:42.700+0700] {dagbag.py:540} INFO - Filling up the DagBag from /opt/homebrew/Caskroom/miniconda/base/lib/python3.11/site-packages/airflow/example_dags/example_task_group.py
[2024-04-16T22:06:42.709+0700] {processor.py:840} INFO - DAG(s) 'example_task_group' retrieved from /opt/homebrew/Caskroom/miniconda/base/lib/python3.11/site-packages/airflow/example_dags/example_task_group.py
[2024-04-16T22:06:42.775+0700] {logging_mixin.py:188} INFO - [2024-04-16T22:06:42.775+0700] {dag.py:3096} INFO - Sync 1 DAGs
[2024-04-16T22:06:42.787+0700] {logging_mixin.py:188} INFO - [2024-04-16T22:06:42.786+0700] {dag.py:3954} INFO - Setting next_dagrun for example_task_group to 2024-04-15 00:00:00+00:00, run_after=2024-04-16 00:00:00+00:00
[2024-04-16T22:06:42.799+0700] {processor.py:183} INFO - Processing /opt/homebrew/Caskroom/miniconda/base/lib/python3.11/site-packages/airflow/example_dags/example_task_group.py took 0.102 seconds
[2024-04-16T22:08:32.233+0700] {processor.py:161} INFO - Started process (PID=77498) to work on /opt/homebrew/Caskroom/miniconda/base/lib/python3.11/site-packages/airflow/example_dags/example_task_group.py
[2024-04-16T22:08:32.234+0700] {processor.py:830} INFO - Processing file /opt/homebrew/Caskroom/miniconda/base/lib/python3.11/site-packages/airflow/example_dags/example_task_group.py for tasks to queue
[2024-04-16T22:08:32.234+0700] {logging_mixin.py:188} INFO - [2024-04-16T22:08:32.234+0700] {dagbag.py:540} INFO - Filling up the DagBag from /opt/homebrew/Caskroom/miniconda/base/lib/python3.11/site-packages/airflow/example_dags/example_task_group.py
[2024-04-16T22:08:32.244+0700] {processor.py:840} INFO - DAG(s) 'example_task_group' retrieved from /opt/homebrew/Caskroom/miniconda/base/lib/python3.11/site-packages/airflow/example_dags/example_task_group.py
[2024-04-16T22:08:32.746+0700] {logging_mixin.py:188} INFO - [2024-04-16T22:08:32.746+0700] {dag.py:3096} INFO - Sync 1 DAGs
[2024-04-16T22:08:32.804+0700] {logging_mixin.py:188} INFO - [2024-04-16T22:08:32.803+0700] {dag.py:3954} INFO - Setting next_dagrun for example_task_group to 2024-04-15 00:00:00+00:00, run_after=2024-04-16 00:00:00+00:00
[2024-04-16T22:08:32.878+0700] {processor.py:183} INFO - Processing /opt/homebrew/Caskroom/miniconda/base/lib/python3.11/site-packages/airflow/example_dags/example_task_group.py took 0.648 seconds
[2024-04-16T22:10:10.694+0700] {processor.py:161} INFO - Started process (PID=78117) to work on /opt/homebrew/Caskroom/miniconda/base/lib/python3.11/site-packages/airflow/example_dags/example_task_group.py
[2024-04-16T22:10:10.695+0700] {processor.py:830} INFO - Processing file /opt/homebrew/Caskroom/miniconda/base/lib/python3.11/site-packages/airflow/example_dags/example_task_group.py for tasks to queue
[2024-04-16T22:10:10.696+0700] {logging_mixin.py:188} INFO - [2024-04-16T22:10:10.695+0700] {dagbag.py:540} INFO - Filling up the DagBag from /opt/homebrew/Caskroom/miniconda/base/lib/python3.11/site-packages/airflow/example_dags/example_task_group.py
[2024-04-16T22:10:10.704+0700] {processor.py:840} INFO - DAG(s) 'example_task_group' retrieved from /opt/homebrew/Caskroom/miniconda/base/lib/python3.11/site-packages/airflow/example_dags/example_task_group.py
[2024-04-16T22:10:10.792+0700] {logging_mixin.py:188} INFO - [2024-04-16T22:10:10.792+0700] {dag.py:3096} INFO - Sync 1 DAGs
[2024-04-16T22:10:10.807+0700] {logging_mixin.py:188} INFO - [2024-04-16T22:10:10.807+0700] {dag.py:3954} INFO - Setting next_dagrun for example_task_group to 2024-04-15 00:00:00+00:00, run_after=2024-04-16 00:00:00+00:00
[2024-04-16T22:10:10.823+0700] {processor.py:183} INFO - Processing /opt/homebrew/Caskroom/miniconda/base/lib/python3.11/site-packages/airflow/example_dags/example_task_group.py took 0.132 seconds
[2024-04-16T22:11:52.224+0700] {processor.py:161} INFO - Started process (PID=78637) to work on /opt/homebrew/Caskroom/miniconda/base/lib/python3.11/site-packages/airflow/example_dags/example_task_group.py
[2024-04-16T22:11:52.225+0700] {processor.py:830} INFO - Processing file /opt/homebrew/Caskroom/miniconda/base/lib/python3.11/site-packages/airflow/example_dags/example_task_group.py for tasks to queue
[2024-04-16T22:11:52.226+0700] {logging_mixin.py:188} INFO - [2024-04-16T22:11:52.226+0700] {dagbag.py:540} INFO - Filling up the DagBag from /opt/homebrew/Caskroom/miniconda/base/lib/python3.11/site-packages/airflow/example_dags/example_task_group.py
[2024-04-16T22:11:52.231+0700] {processor.py:840} INFO - DAG(s) 'example_task_group' retrieved from /opt/homebrew/Caskroom/miniconda/base/lib/python3.11/site-packages/airflow/example_dags/example_task_group.py
[2024-04-16T22:11:52.297+0700] {logging_mixin.py:188} INFO - [2024-04-16T22:11:52.297+0700] {dag.py:3096} INFO - Sync 1 DAGs
[2024-04-16T22:11:52.307+0700] {logging_mixin.py:188} INFO - [2024-04-16T22:11:52.307+0700] {dag.py:3954} INFO - Setting next_dagrun for example_task_group to 2024-04-15 00:00:00+00:00, run_after=2024-04-16 00:00:00+00:00
[2024-04-16T22:11:52.320+0700] {processor.py:183} INFO - Processing /opt/homebrew/Caskroom/miniconda/base/lib/python3.11/site-packages/airflow/example_dags/example_task_group.py took 0.098 seconds
[2024-04-16T22:13:26.335+0700] {processor.py:161} INFO - Started process (PID=79178) to work on /opt/homebrew/Caskroom/miniconda/base/lib/python3.11/site-packages/airflow/example_dags/example_task_group.py
[2024-04-16T22:13:26.337+0700] {processor.py:830} INFO - Processing file /opt/homebrew/Caskroom/miniconda/base/lib/python3.11/site-packages/airflow/example_dags/example_task_group.py for tasks to queue
[2024-04-16T22:13:26.337+0700] {logging_mixin.py:188} INFO - [2024-04-16T22:13:26.337+0700] {dagbag.py:540} INFO - Filling up the DagBag from /opt/homebrew/Caskroom/miniconda/base/lib/python3.11/site-packages/airflow/example_dags/example_task_group.py
[2024-04-16T22:13:26.346+0700] {processor.py:840} INFO - DAG(s) 'example_task_group' retrieved from /opt/homebrew/Caskroom/miniconda/base/lib/python3.11/site-packages/airflow/example_dags/example_task_group.py
[2024-04-16T22:13:26.413+0700] {logging_mixin.py:188} INFO - [2024-04-16T22:13:26.412+0700] {dag.py:3096} INFO - Sync 1 DAGs
[2024-04-16T22:13:26.423+0700] {logging_mixin.py:188} INFO - [2024-04-16T22:13:26.423+0700] {dag.py:3954} INFO - Setting next_dagrun for example_task_group to 2024-04-15 00:00:00+00:00, run_after=2024-04-16 00:00:00+00:00
[2024-04-16T22:13:26.434+0700] {processor.py:183} INFO - Processing /opt/homebrew/Caskroom/miniconda/base/lib/python3.11/site-packages/airflow/example_dags/example_task_group.py took 0.105 seconds
[2024-04-16T22:15:10.922+0700] {processor.py:161} INFO - Started process (PID=79673) to work on /opt/homebrew/Caskroom/miniconda/base/lib/python3.11/site-packages/airflow/example_dags/example_task_group.py
[2024-04-16T22:15:10.924+0700] {processor.py:830} INFO - Processing file /opt/homebrew/Caskroom/miniconda/base/lib/python3.11/site-packages/airflow/example_dags/example_task_group.py for tasks to queue
[2024-04-16T22:15:10.924+0700] {logging_mixin.py:188} INFO - [2024-04-16T22:15:10.924+0700] {dagbag.py:540} INFO - Filling up the DagBag from /opt/homebrew/Caskroom/miniconda/base/lib/python3.11/site-packages/airflow/example_dags/example_task_group.py
[2024-04-16T22:15:10.936+0700] {processor.py:840} INFO - DAG(s) 'example_task_group' retrieved from /opt/homebrew/Caskroom/miniconda/base/lib/python3.11/site-packages/airflow/example_dags/example_task_group.py
[2024-04-16T22:15:11.047+0700] {logging_mixin.py:188} INFO - [2024-04-16T22:15:11.047+0700] {dag.py:3096} INFO - Sync 1 DAGs
[2024-04-16T22:15:11.063+0700] {logging_mixin.py:188} INFO - [2024-04-16T22:15:11.063+0700] {dag.py:3954} INFO - Setting next_dagrun for example_task_group to 2024-04-15 00:00:00+00:00, run_after=2024-04-16 00:00:00+00:00
[2024-04-16T22:15:11.081+0700] {processor.py:183} INFO - Processing /opt/homebrew/Caskroom/miniconda/base/lib/python3.11/site-packages/airflow/example_dags/example_task_group.py took 0.162 seconds
[2024-04-16T22:18:51.698+0700] {processor.py:161} INFO - Started process (PID=80708) to work on /opt/homebrew/Caskroom/miniconda/base/lib/python3.11/site-packages/airflow/example_dags/example_task_group.py
[2024-04-16T22:18:51.703+0700] {processor.py:830} INFO - Processing file /opt/homebrew/Caskroom/miniconda/base/lib/python3.11/site-packages/airflow/example_dags/example_task_group.py for tasks to queue
[2024-04-16T22:18:51.704+0700] {logging_mixin.py:188} INFO - [2024-04-16T22:18:51.704+0700] {dagbag.py:540} INFO - Filling up the DagBag from /opt/homebrew/Caskroom/miniconda/base/lib/python3.11/site-packages/airflow/example_dags/example_task_group.py
[2024-04-16T22:18:51.724+0700] {processor.py:840} INFO - DAG(s) 'example_task_group' retrieved from /opt/homebrew/Caskroom/miniconda/base/lib/python3.11/site-packages/airflow/example_dags/example_task_group.py
[2024-04-16T22:18:52.289+0700] {logging_mixin.py:188} INFO - [2024-04-16T22:18:52.288+0700] {dag.py:3096} INFO - Sync 1 DAGs
[2024-04-16T22:18:52.360+0700] {logging_mixin.py:188} INFO - [2024-04-16T22:18:52.360+0700] {dag.py:3954} INFO - Setting next_dagrun for example_task_group to 2024-04-15 00:00:00+00:00, run_after=2024-04-16 00:00:00+00:00
[2024-04-16T22:18:52.398+0700] {processor.py:183} INFO - Processing /opt/homebrew/Caskroom/miniconda/base/lib/python3.11/site-packages/airflow/example_dags/example_task_group.py took 0.711 seconds
[2024-04-16T22:22:30.512+0700] {processor.py:161} INFO - Started process (PID=81733) to work on /opt/homebrew/Caskroom/miniconda/base/lib/python3.11/site-packages/airflow/example_dags/example_task_group.py
[2024-04-16T22:22:30.518+0700] {processor.py:830} INFO - Processing file /opt/homebrew/Caskroom/miniconda/base/lib/python3.11/site-packages/airflow/example_dags/example_task_group.py for tasks to queue
[2024-04-16T22:22:30.519+0700] {logging_mixin.py:188} INFO - [2024-04-16T22:22:30.519+0700] {dagbag.py:540} INFO - Filling up the DagBag from /opt/homebrew/Caskroom/miniconda/base/lib/python3.11/site-packages/airflow/example_dags/example_task_group.py
[2024-04-16T22:22:30.550+0700] {processor.py:840} INFO - DAG(s) 'example_task_group' retrieved from /opt/homebrew/Caskroom/miniconda/base/lib/python3.11/site-packages/airflow/example_dags/example_task_group.py
[2024-04-16T22:22:30.881+0700] {logging_mixin.py:188} INFO - [2024-04-16T22:22:30.880+0700] {dag.py:3096} INFO - Sync 1 DAGs
[2024-04-16T22:22:30.906+0700] {logging_mixin.py:188} INFO - [2024-04-16T22:22:30.906+0700] {dag.py:3954} INFO - Setting next_dagrun for example_task_group to 2024-04-15 00:00:00+00:00, run_after=2024-04-16 00:00:00+00:00
[2024-04-16T22:22:30.931+0700] {processor.py:183} INFO - Processing /opt/homebrew/Caskroom/miniconda/base/lib/python3.11/site-packages/airflow/example_dags/example_task_group.py took 0.432 seconds
[2024-04-16T22:27:02.025+0700] {processor.py:161} INFO - Started process (PID=83067) to work on /opt/homebrew/Caskroom/miniconda/base/lib/python3.11/site-packages/airflow/example_dags/example_task_group.py
[2024-04-16T22:27:02.028+0700] {processor.py:830} INFO - Processing file /opt/homebrew/Caskroom/miniconda/base/lib/python3.11/site-packages/airflow/example_dags/example_task_group.py for tasks to queue
[2024-04-16T22:27:02.030+0700] {logging_mixin.py:188} INFO - [2024-04-16T22:27:02.029+0700] {dagbag.py:540} INFO - Filling up the DagBag from /opt/homebrew/Caskroom/miniconda/base/lib/python3.11/site-packages/airflow/example_dags/example_task_group.py
[2024-04-16T22:27:02.054+0700] {processor.py:840} INFO - DAG(s) 'example_task_group' retrieved from /opt/homebrew/Caskroom/miniconda/base/lib/python3.11/site-packages/airflow/example_dags/example_task_group.py
[2024-04-16T22:27:02.366+0700] {logging_mixin.py:188} INFO - [2024-04-16T22:27:02.363+0700] {dag.py:3096} INFO - Sync 1 DAGs
[2024-04-16T22:27:02.459+0700] {logging_mixin.py:188} INFO - [2024-04-16T22:27:02.459+0700] {dag.py:3954} INFO - Setting next_dagrun for example_task_group to 2024-04-15 00:00:00+00:00, run_after=2024-04-16 00:00:00+00:00
[2024-04-16T22:27:02.735+0700] {processor.py:183} INFO - Processing /opt/homebrew/Caskroom/miniconda/base/lib/python3.11/site-packages/airflow/example_dags/example_task_group.py took 0.746 seconds
