[2024-04-16T20:50:46.905+0700] {processor.py:161} INFO - Started process (PID=53323) to work on /Library/Frameworks/Python.framework/Versions/3.10/lib/python3.10/site-packages/airflow/example_dags/example_trigger_target_dag.py
[2024-04-16T20:50:46.906+0700] {processor.py:830} INFO - Processing file /Library/Frameworks/Python.framework/Versions/3.10/lib/python3.10/site-packages/airflow/example_dags/example_trigger_target_dag.py for tasks to queue
[2024-04-16T20:50:46.906+0700] {logging_mixin.py:188} INFO - [2024-04-16T20:50:46.906+0700] {dagbag.py:540} INFO - Filling up the DagBag from /Library/Frameworks/Python.framework/Versions/3.10/lib/python3.10/site-packages/airflow/example_dags/example_trigger_target_dag.py
[2024-04-16T20:50:46.928+0700] {processor.py:840} INFO - DAG(s) 'example_trigger_target_dag' retrieved from /Library/Frameworks/Python.framework/Versions/3.10/lib/python3.10/site-packages/airflow/example_dags/example_trigger_target_dag.py
[2024-04-16T20:50:47.021+0700] {logging_mixin.py:188} INFO - [2024-04-16T20:50:47.021+0700] {dag.py:3096} INFO - Sync 1 DAGs
[2024-04-16T20:50:47.027+0700] {logging_mixin.py:188} INFO - [2024-04-16T20:50:47.027+0700] {dag.py:3954} INFO - Setting next_dagrun for example_trigger_target_dag to None, run_after=None
[2024-04-16T20:50:47.038+0700] {processor.py:183} INFO - Processing /Library/Frameworks/Python.framework/Versions/3.10/lib/python3.10/site-packages/airflow/example_dags/example_trigger_target_dag.py took 0.134 seconds
[2024-04-16T20:52:22.166+0700] {processor.py:161} INFO - Started process (PID=54101) to work on /opt/homebrew/Caskroom/miniconda/base/lib/python3.11/site-packages/airflow/example_dags/example_trigger_target_dag.py
[2024-04-16T20:52:22.168+0700] {processor.py:830} INFO - Processing file /opt/homebrew/Caskroom/miniconda/base/lib/python3.11/site-packages/airflow/example_dags/example_trigger_target_dag.py for tasks to queue
[2024-04-16T20:52:22.168+0700] {logging_mixin.py:188} INFO - [2024-04-16T20:52:22.168+0700] {dagbag.py:540} INFO - Filling up the DagBag from /opt/homebrew/Caskroom/miniconda/base/lib/python3.11/site-packages/airflow/example_dags/example_trigger_target_dag.py
[2024-04-16T20:52:22.190+0700] {processor.py:840} INFO - DAG(s) 'example_trigger_target_dag' retrieved from /opt/homebrew/Caskroom/miniconda/base/lib/python3.11/site-packages/airflow/example_dags/example_trigger_target_dag.py
[2024-04-16T20:52:22.299+0700] {logging_mixin.py:188} INFO - [2024-04-16T20:52:22.298+0700] {dag.py:3096} INFO - Sync 1 DAGs
[2024-04-16T20:52:22.337+0700] {logging_mixin.py:188} INFO - [2024-04-16T20:52:22.337+0700] {dag.py:3954} INFO - Setting next_dagrun for example_trigger_target_dag to None, run_after=None
[2024-04-16T20:52:22.348+0700] {processor.py:183} INFO - Processing /opt/homebrew/Caskroom/miniconda/base/lib/python3.11/site-packages/airflow/example_dags/example_trigger_target_dag.py took 0.183 seconds
[2024-04-16T20:54:16.172+0700] {processor.py:161} INFO - Started process (PID=54679) to work on /opt/homebrew/Caskroom/miniconda/base/lib/python3.11/site-packages/airflow/example_dags/example_trigger_target_dag.py
[2024-04-16T20:54:16.172+0700] {processor.py:830} INFO - Processing file /opt/homebrew/Caskroom/miniconda/base/lib/python3.11/site-packages/airflow/example_dags/example_trigger_target_dag.py for tasks to queue
[2024-04-16T20:54:16.173+0700] {logging_mixin.py:188} INFO - [2024-04-16T20:54:16.173+0700] {dagbag.py:540} INFO - Filling up the DagBag from /opt/homebrew/Caskroom/miniconda/base/lib/python3.11/site-packages/airflow/example_dags/example_trigger_target_dag.py
[2024-04-16T20:54:16.195+0700] {processor.py:840} INFO - DAG(s) 'example_trigger_target_dag' retrieved from /opt/homebrew/Caskroom/miniconda/base/lib/python3.11/site-packages/airflow/example_dags/example_trigger_target_dag.py
[2024-04-16T20:54:16.256+0700] {logging_mixin.py:188} INFO - [2024-04-16T20:54:16.256+0700] {dag.py:3096} INFO - Sync 1 DAGs
[2024-04-16T20:54:16.261+0700] {logging_mixin.py:188} INFO - [2024-04-16T20:54:16.261+0700] {dag.py:3954} INFO - Setting next_dagrun for example_trigger_target_dag to None, run_after=None
[2024-04-16T20:54:16.272+0700] {processor.py:183} INFO - Processing /opt/homebrew/Caskroom/miniconda/base/lib/python3.11/site-packages/airflow/example_dags/example_trigger_target_dag.py took 0.102 seconds
[2024-04-16T20:55:32.198+0700] {processor.py:161} INFO - Started process (PID=55018) to work on /opt/homebrew/Caskroom/miniconda/base/lib/python3.11/site-packages/airflow/example_dags/example_trigger_target_dag.py
[2024-04-16T20:55:32.198+0700] {processor.py:830} INFO - Processing file /opt/homebrew/Caskroom/miniconda/base/lib/python3.11/site-packages/airflow/example_dags/example_trigger_target_dag.py for tasks to queue
[2024-04-16T20:55:32.199+0700] {logging_mixin.py:188} INFO - [2024-04-16T20:55:32.199+0700] {dagbag.py:540} INFO - Filling up the DagBag from /opt/homebrew/Caskroom/miniconda/base/lib/python3.11/site-packages/airflow/example_dags/example_trigger_target_dag.py
[2024-04-16T20:55:32.221+0700] {processor.py:840} INFO - DAG(s) 'example_trigger_target_dag' retrieved from /opt/homebrew/Caskroom/miniconda/base/lib/python3.11/site-packages/airflow/example_dags/example_trigger_target_dag.py
[2024-04-16T20:55:32.282+0700] {logging_mixin.py:188} INFO - [2024-04-16T20:55:32.282+0700] {dag.py:3096} INFO - Sync 1 DAGs
[2024-04-16T20:55:32.287+0700] {logging_mixin.py:188} INFO - [2024-04-16T20:55:32.287+0700] {dag.py:3954} INFO - Setting next_dagrun for example_trigger_target_dag to None, run_after=None
[2024-04-16T20:55:32.298+0700] {processor.py:183} INFO - Processing /opt/homebrew/Caskroom/miniconda/base/lib/python3.11/site-packages/airflow/example_dags/example_trigger_target_dag.py took 0.102 seconds
[2024-04-16T20:56:49.290+0700] {processor.py:161} INFO - Started process (PID=55365) to work on /opt/homebrew/Caskroom/miniconda/base/lib/python3.11/site-packages/airflow/example_dags/example_trigger_target_dag.py
[2024-04-16T20:56:49.292+0700] {processor.py:830} INFO - Processing file /opt/homebrew/Caskroom/miniconda/base/lib/python3.11/site-packages/airflow/example_dags/example_trigger_target_dag.py for tasks to queue
[2024-04-16T20:56:49.292+0700] {logging_mixin.py:188} INFO - [2024-04-16T20:56:49.292+0700] {dagbag.py:540} INFO - Filling up the DagBag from /opt/homebrew/Caskroom/miniconda/base/lib/python3.11/site-packages/airflow/example_dags/example_trigger_target_dag.py
[2024-04-16T20:56:49.320+0700] {processor.py:840} INFO - DAG(s) 'example_trigger_target_dag' retrieved from /opt/homebrew/Caskroom/miniconda/base/lib/python3.11/site-packages/airflow/example_dags/example_trigger_target_dag.py
[2024-04-16T20:56:49.387+0700] {logging_mixin.py:188} INFO - [2024-04-16T20:56:49.387+0700] {dag.py:3096} INFO - Sync 1 DAGs
[2024-04-16T20:56:49.393+0700] {logging_mixin.py:188} INFO - [2024-04-16T20:56:49.393+0700] {dag.py:3954} INFO - Setting next_dagrun for example_trigger_target_dag to None, run_after=None
[2024-04-16T20:56:49.404+0700] {processor.py:183} INFO - Processing /opt/homebrew/Caskroom/miniconda/base/lib/python3.11/site-packages/airflow/example_dags/example_trigger_target_dag.py took 0.116 seconds
[2024-04-16T20:58:05.793+0700] {processor.py:161} INFO - Started process (PID=55714) to work on /opt/homebrew/Caskroom/miniconda/base/lib/python3.11/site-packages/airflow/example_dags/example_trigger_target_dag.py
[2024-04-16T20:58:05.794+0700] {processor.py:830} INFO - Processing file /opt/homebrew/Caskroom/miniconda/base/lib/python3.11/site-packages/airflow/example_dags/example_trigger_target_dag.py for tasks to queue
[2024-04-16T20:58:05.794+0700] {logging_mixin.py:188} INFO - [2024-04-16T20:58:05.794+0700] {dagbag.py:540} INFO - Filling up the DagBag from /opt/homebrew/Caskroom/miniconda/base/lib/python3.11/site-packages/airflow/example_dags/example_trigger_target_dag.py
[2024-04-16T20:58:05.816+0700] {processor.py:840} INFO - DAG(s) 'example_trigger_target_dag' retrieved from /opt/homebrew/Caskroom/miniconda/base/lib/python3.11/site-packages/airflow/example_dags/example_trigger_target_dag.py
[2024-04-16T20:58:05.877+0700] {logging_mixin.py:188} INFO - [2024-04-16T20:58:05.877+0700] {dag.py:3096} INFO - Sync 1 DAGs
[2024-04-16T20:58:05.882+0700] {logging_mixin.py:188} INFO - [2024-04-16T20:58:05.882+0700] {dag.py:3954} INFO - Setting next_dagrun for example_trigger_target_dag to None, run_after=None
[2024-04-16T20:58:05.893+0700] {processor.py:183} INFO - Processing /opt/homebrew/Caskroom/miniconda/base/lib/python3.11/site-packages/airflow/example_dags/example_trigger_target_dag.py took 0.102 seconds
[2024-04-16T20:59:21.522+0700] {processor.py:161} INFO - Started process (PID=56059) to work on /opt/homebrew/Caskroom/miniconda/base/lib/python3.11/site-packages/airflow/example_dags/example_trigger_target_dag.py
[2024-04-16T20:59:21.523+0700] {processor.py:830} INFO - Processing file /opt/homebrew/Caskroom/miniconda/base/lib/python3.11/site-packages/airflow/example_dags/example_trigger_target_dag.py for tasks to queue
[2024-04-16T20:59:21.523+0700] {logging_mixin.py:188} INFO - [2024-04-16T20:59:21.523+0700] {dagbag.py:540} INFO - Filling up the DagBag from /opt/homebrew/Caskroom/miniconda/base/lib/python3.11/site-packages/airflow/example_dags/example_trigger_target_dag.py
[2024-04-16T20:59:21.546+0700] {processor.py:840} INFO - DAG(s) 'example_trigger_target_dag' retrieved from /opt/homebrew/Caskroom/miniconda/base/lib/python3.11/site-packages/airflow/example_dags/example_trigger_target_dag.py
[2024-04-16T20:59:21.608+0700] {logging_mixin.py:188} INFO - [2024-04-16T20:59:21.608+0700] {dag.py:3096} INFO - Sync 1 DAGs
[2024-04-16T20:59:21.613+0700] {logging_mixin.py:188} INFO - [2024-04-16T20:59:21.613+0700] {dag.py:3954} INFO - Setting next_dagrun for example_trigger_target_dag to None, run_after=None
[2024-04-16T20:59:21.625+0700] {processor.py:183} INFO - Processing /opt/homebrew/Caskroom/miniconda/base/lib/python3.11/site-packages/airflow/example_dags/example_trigger_target_dag.py took 0.105 seconds
[2024-04-16T21:00:39.027+0700] {processor.py:161} INFO - Started process (PID=56407) to work on /opt/homebrew/Caskroom/miniconda/base/lib/python3.11/site-packages/airflow/example_dags/example_trigger_target_dag.py
[2024-04-16T21:00:39.029+0700] {processor.py:830} INFO - Processing file /opt/homebrew/Caskroom/miniconda/base/lib/python3.11/site-packages/airflow/example_dags/example_trigger_target_dag.py for tasks to queue
[2024-04-16T21:00:39.029+0700] {logging_mixin.py:188} INFO - [2024-04-16T21:00:39.029+0700] {dagbag.py:540} INFO - Filling up the DagBag from /opt/homebrew/Caskroom/miniconda/base/lib/python3.11/site-packages/airflow/example_dags/example_trigger_target_dag.py
[2024-04-16T21:00:39.051+0700] {processor.py:840} INFO - DAG(s) 'example_trigger_target_dag' retrieved from /opt/homebrew/Caskroom/miniconda/base/lib/python3.11/site-packages/airflow/example_dags/example_trigger_target_dag.py
[2024-04-16T21:00:39.112+0700] {logging_mixin.py:188} INFO - [2024-04-16T21:00:39.112+0700] {dag.py:3096} INFO - Sync 1 DAGs
[2024-04-16T21:00:39.117+0700] {logging_mixin.py:188} INFO - [2024-04-16T21:00:39.117+0700] {dag.py:3954} INFO - Setting next_dagrun for example_trigger_target_dag to None, run_after=None
[2024-04-16T21:00:39.129+0700] {processor.py:183} INFO - Processing /opt/homebrew/Caskroom/miniconda/base/lib/python3.11/site-packages/airflow/example_dags/example_trigger_target_dag.py took 0.103 seconds
[2024-04-16T21:01:56.472+0700] {processor.py:161} INFO - Started process (PID=56757) to work on /opt/homebrew/Caskroom/miniconda/base/lib/python3.11/site-packages/airflow/example_dags/example_trigger_target_dag.py
[2024-04-16T21:01:56.473+0700] {processor.py:830} INFO - Processing file /opt/homebrew/Caskroom/miniconda/base/lib/python3.11/site-packages/airflow/example_dags/example_trigger_target_dag.py for tasks to queue
[2024-04-16T21:01:56.474+0700] {logging_mixin.py:188} INFO - [2024-04-16T21:01:56.474+0700] {dagbag.py:540} INFO - Filling up the DagBag from /opt/homebrew/Caskroom/miniconda/base/lib/python3.11/site-packages/airflow/example_dags/example_trigger_target_dag.py
[2024-04-16T21:01:56.504+0700] {processor.py:840} INFO - DAG(s) 'example_trigger_target_dag' retrieved from /opt/homebrew/Caskroom/miniconda/base/lib/python3.11/site-packages/airflow/example_dags/example_trigger_target_dag.py
[2024-04-16T21:01:56.571+0700] {logging_mixin.py:188} INFO - [2024-04-16T21:01:56.571+0700] {dag.py:3096} INFO - Sync 1 DAGs
[2024-04-16T21:01:56.577+0700] {logging_mixin.py:188} INFO - [2024-04-16T21:01:56.577+0700] {dag.py:3954} INFO - Setting next_dagrun for example_trigger_target_dag to None, run_after=None
[2024-04-16T21:01:56.588+0700] {processor.py:183} INFO - Processing /opt/homebrew/Caskroom/miniconda/base/lib/python3.11/site-packages/airflow/example_dags/example_trigger_target_dag.py took 0.120 seconds
[2024-04-16T21:03:12.932+0700] {processor.py:161} INFO - Started process (PID=57104) to work on /opt/homebrew/Caskroom/miniconda/base/lib/python3.11/site-packages/airflow/example_dags/example_trigger_target_dag.py
[2024-04-16T21:03:12.933+0700] {processor.py:830} INFO - Processing file /opt/homebrew/Caskroom/miniconda/base/lib/python3.11/site-packages/airflow/example_dags/example_trigger_target_dag.py for tasks to queue
[2024-04-16T21:03:12.934+0700] {logging_mixin.py:188} INFO - [2024-04-16T21:03:12.934+0700] {dagbag.py:540} INFO - Filling up the DagBag from /opt/homebrew/Caskroom/miniconda/base/lib/python3.11/site-packages/airflow/example_dags/example_trigger_target_dag.py
[2024-04-16T21:03:12.956+0700] {processor.py:840} INFO - DAG(s) 'example_trigger_target_dag' retrieved from /opt/homebrew/Caskroom/miniconda/base/lib/python3.11/site-packages/airflow/example_dags/example_trigger_target_dag.py
[2024-04-16T21:03:13.017+0700] {logging_mixin.py:188} INFO - [2024-04-16T21:03:13.017+0700] {dag.py:3096} INFO - Sync 1 DAGs
[2024-04-16T21:03:13.022+0700] {logging_mixin.py:188} INFO - [2024-04-16T21:03:13.022+0700] {dag.py:3954} INFO - Setting next_dagrun for example_trigger_target_dag to None, run_after=None
[2024-04-16T21:03:13.038+0700] {processor.py:183} INFO - Processing /opt/homebrew/Caskroom/miniconda/base/lib/python3.11/site-packages/airflow/example_dags/example_trigger_target_dag.py took 0.107 seconds
[2024-04-16T21:04:29.376+0700] {processor.py:161} INFO - Started process (PID=57451) to work on /opt/homebrew/Caskroom/miniconda/base/lib/python3.11/site-packages/airflow/example_dags/example_trigger_target_dag.py
[2024-04-16T21:04:29.378+0700] {processor.py:830} INFO - Processing file /opt/homebrew/Caskroom/miniconda/base/lib/python3.11/site-packages/airflow/example_dags/example_trigger_target_dag.py for tasks to queue
[2024-04-16T21:04:29.378+0700] {logging_mixin.py:188} INFO - [2024-04-16T21:04:29.378+0700] {dagbag.py:540} INFO - Filling up the DagBag from /opt/homebrew/Caskroom/miniconda/base/lib/python3.11/site-packages/airflow/example_dags/example_trigger_target_dag.py
[2024-04-16T21:04:29.400+0700] {processor.py:840} INFO - DAG(s) 'example_trigger_target_dag' retrieved from /opt/homebrew/Caskroom/miniconda/base/lib/python3.11/site-packages/airflow/example_dags/example_trigger_target_dag.py
[2024-04-16T21:04:29.461+0700] {logging_mixin.py:188} INFO - [2024-04-16T21:04:29.461+0700] {dag.py:3096} INFO - Sync 1 DAGs
[2024-04-16T21:04:29.466+0700] {logging_mixin.py:188} INFO - [2024-04-16T21:04:29.466+0700] {dag.py:3954} INFO - Setting next_dagrun for example_trigger_target_dag to None, run_after=None
[2024-04-16T21:04:29.477+0700] {processor.py:183} INFO - Processing /opt/homebrew/Caskroom/miniconda/base/lib/python3.11/site-packages/airflow/example_dags/example_trigger_target_dag.py took 0.102 seconds
[2024-04-16T21:05:46.127+0700] {processor.py:161} INFO - Started process (PID=57791) to work on /opt/homebrew/Caskroom/miniconda/base/lib/python3.11/site-packages/airflow/example_dags/example_trigger_target_dag.py
[2024-04-16T21:05:46.127+0700] {processor.py:830} INFO - Processing file /opt/homebrew/Caskroom/miniconda/base/lib/python3.11/site-packages/airflow/example_dags/example_trigger_target_dag.py for tasks to queue
[2024-04-16T21:05:46.128+0700] {logging_mixin.py:188} INFO - [2024-04-16T21:05:46.128+0700] {dagbag.py:540} INFO - Filling up the DagBag from /opt/homebrew/Caskroom/miniconda/base/lib/python3.11/site-packages/airflow/example_dags/example_trigger_target_dag.py
[2024-04-16T21:05:46.151+0700] {processor.py:840} INFO - DAG(s) 'example_trigger_target_dag' retrieved from /opt/homebrew/Caskroom/miniconda/base/lib/python3.11/site-packages/airflow/example_dags/example_trigger_target_dag.py
[2024-04-16T21:05:46.213+0700] {logging_mixin.py:188} INFO - [2024-04-16T21:05:46.213+0700] {dag.py:3096} INFO - Sync 1 DAGs
[2024-04-16T21:05:46.218+0700] {logging_mixin.py:188} INFO - [2024-04-16T21:05:46.218+0700] {dag.py:3954} INFO - Setting next_dagrun for example_trigger_target_dag to None, run_after=None
[2024-04-16T21:05:46.229+0700] {processor.py:183} INFO - Processing /opt/homebrew/Caskroom/miniconda/base/lib/python3.11/site-packages/airflow/example_dags/example_trigger_target_dag.py took 0.104 seconds
[2024-04-16T21:07:02.891+0700] {processor.py:161} INFO - Started process (PID=58149) to work on /opt/homebrew/Caskroom/miniconda/base/lib/python3.11/site-packages/airflow/example_dags/example_trigger_target_dag.py
[2024-04-16T21:07:02.892+0700] {processor.py:830} INFO - Processing file /opt/homebrew/Caskroom/miniconda/base/lib/python3.11/site-packages/airflow/example_dags/example_trigger_target_dag.py for tasks to queue
[2024-04-16T21:07:02.892+0700] {logging_mixin.py:188} INFO - [2024-04-16T21:07:02.892+0700] {dagbag.py:540} INFO - Filling up the DagBag from /opt/homebrew/Caskroom/miniconda/base/lib/python3.11/site-packages/airflow/example_dags/example_trigger_target_dag.py
[2024-04-16T21:07:02.915+0700] {processor.py:840} INFO - DAG(s) 'example_trigger_target_dag' retrieved from /opt/homebrew/Caskroom/miniconda/base/lib/python3.11/site-packages/airflow/example_dags/example_trigger_target_dag.py
[2024-04-16T21:07:02.976+0700] {logging_mixin.py:188} INFO - [2024-04-16T21:07:02.976+0700] {dag.py:3096} INFO - Sync 1 DAGs
[2024-04-16T21:07:02.982+0700] {logging_mixin.py:188} INFO - [2024-04-16T21:07:02.981+0700] {dag.py:3954} INFO - Setting next_dagrun for example_trigger_target_dag to None, run_after=None
[2024-04-16T21:07:02.993+0700] {processor.py:183} INFO - Processing /opt/homebrew/Caskroom/miniconda/base/lib/python3.11/site-packages/airflow/example_dags/example_trigger_target_dag.py took 0.104 seconds
[2024-04-16T21:08:19.353+0700] {processor.py:161} INFO - Started process (PID=58498) to work on /opt/homebrew/Caskroom/miniconda/base/lib/python3.11/site-packages/airflow/example_dags/example_trigger_target_dag.py
[2024-04-16T21:08:19.354+0700] {processor.py:830} INFO - Processing file /opt/homebrew/Caskroom/miniconda/base/lib/python3.11/site-packages/airflow/example_dags/example_trigger_target_dag.py for tasks to queue
[2024-04-16T21:08:19.354+0700] {logging_mixin.py:188} INFO - [2024-04-16T21:08:19.354+0700] {dagbag.py:540} INFO - Filling up the DagBag from /opt/homebrew/Caskroom/miniconda/base/lib/python3.11/site-packages/airflow/example_dags/example_trigger_target_dag.py
[2024-04-16T21:08:19.377+0700] {processor.py:840} INFO - DAG(s) 'example_trigger_target_dag' retrieved from /opt/homebrew/Caskroom/miniconda/base/lib/python3.11/site-packages/airflow/example_dags/example_trigger_target_dag.py
[2024-04-16T21:08:19.439+0700] {logging_mixin.py:188} INFO - [2024-04-16T21:08:19.439+0700] {dag.py:3096} INFO - Sync 1 DAGs
[2024-04-16T21:08:19.445+0700] {logging_mixin.py:188} INFO - [2024-04-16T21:08:19.444+0700] {dag.py:3954} INFO - Setting next_dagrun for example_trigger_target_dag to None, run_after=None
[2024-04-16T21:08:19.455+0700] {processor.py:183} INFO - Processing /opt/homebrew/Caskroom/miniconda/base/lib/python3.11/site-packages/airflow/example_dags/example_trigger_target_dag.py took 0.104 seconds
[2024-04-16T21:09:38.191+0700] {processor.py:161} INFO - Started process (PID=58853) to work on /opt/homebrew/Caskroom/miniconda/base/lib/python3.11/site-packages/airflow/example_dags/example_trigger_target_dag.py
[2024-04-16T21:09:38.192+0700] {processor.py:830} INFO - Processing file /opt/homebrew/Caskroom/miniconda/base/lib/python3.11/site-packages/airflow/example_dags/example_trigger_target_dag.py for tasks to queue
[2024-04-16T21:09:38.193+0700] {logging_mixin.py:188} INFO - [2024-04-16T21:09:38.192+0700] {dagbag.py:540} INFO - Filling up the DagBag from /opt/homebrew/Caskroom/miniconda/base/lib/python3.11/site-packages/airflow/example_dags/example_trigger_target_dag.py
[2024-04-16T21:09:38.216+0700] {processor.py:840} INFO - DAG(s) 'example_trigger_target_dag' retrieved from /opt/homebrew/Caskroom/miniconda/base/lib/python3.11/site-packages/airflow/example_dags/example_trigger_target_dag.py
[2024-04-16T21:09:38.278+0700] {logging_mixin.py:188} INFO - [2024-04-16T21:09:38.278+0700] {dag.py:3096} INFO - Sync 1 DAGs
[2024-04-16T21:09:38.283+0700] {logging_mixin.py:188} INFO - [2024-04-16T21:09:38.283+0700] {dag.py:3954} INFO - Setting next_dagrun for example_trigger_target_dag to None, run_after=None
[2024-04-16T21:09:38.294+0700] {processor.py:183} INFO - Processing /opt/homebrew/Caskroom/miniconda/base/lib/python3.11/site-packages/airflow/example_dags/example_trigger_target_dag.py took 0.105 seconds
[2024-04-16T21:10:56.470+0700] {processor.py:161} INFO - Started process (PID=59213) to work on /opt/homebrew/Caskroom/miniconda/base/lib/python3.11/site-packages/airflow/example_dags/example_trigger_target_dag.py
[2024-04-16T21:10:56.471+0700] {processor.py:830} INFO - Processing file /opt/homebrew/Caskroom/miniconda/base/lib/python3.11/site-packages/airflow/example_dags/example_trigger_target_dag.py for tasks to queue
[2024-04-16T21:10:56.471+0700] {logging_mixin.py:188} INFO - [2024-04-16T21:10:56.471+0700] {dagbag.py:540} INFO - Filling up the DagBag from /opt/homebrew/Caskroom/miniconda/base/lib/python3.11/site-packages/airflow/example_dags/example_trigger_target_dag.py
[2024-04-16T21:10:56.495+0700] {processor.py:840} INFO - DAG(s) 'example_trigger_target_dag' retrieved from /opt/homebrew/Caskroom/miniconda/base/lib/python3.11/site-packages/airflow/example_dags/example_trigger_target_dag.py
[2024-04-16T21:10:56.558+0700] {logging_mixin.py:188} INFO - [2024-04-16T21:10:56.558+0700] {dag.py:3096} INFO - Sync 1 DAGs
[2024-04-16T21:10:56.563+0700] {logging_mixin.py:188} INFO - [2024-04-16T21:10:56.563+0700] {dag.py:3954} INFO - Setting next_dagrun for example_trigger_target_dag to None, run_after=None
[2024-04-16T21:10:56.575+0700] {processor.py:183} INFO - Processing /opt/homebrew/Caskroom/miniconda/base/lib/python3.11/site-packages/airflow/example_dags/example_trigger_target_dag.py took 0.106 seconds
[2024-04-16T21:12:14.325+0700] {processor.py:161} INFO - Started process (PID=59560) to work on /opt/homebrew/Caskroom/miniconda/base/lib/python3.11/site-packages/airflow/example_dags/example_trigger_target_dag.py
[2024-04-16T21:12:14.326+0700] {processor.py:830} INFO - Processing file /opt/homebrew/Caskroom/miniconda/base/lib/python3.11/site-packages/airflow/example_dags/example_trigger_target_dag.py for tasks to queue
[2024-04-16T21:12:14.326+0700] {logging_mixin.py:188} INFO - [2024-04-16T21:12:14.326+0700] {dagbag.py:540} INFO - Filling up the DagBag from /opt/homebrew/Caskroom/miniconda/base/lib/python3.11/site-packages/airflow/example_dags/example_trigger_target_dag.py
[2024-04-16T21:12:14.348+0700] {processor.py:840} INFO - DAG(s) 'example_trigger_target_dag' retrieved from /opt/homebrew/Caskroom/miniconda/base/lib/python3.11/site-packages/airflow/example_dags/example_trigger_target_dag.py
[2024-04-16T21:12:14.411+0700] {logging_mixin.py:188} INFO - [2024-04-16T21:12:14.411+0700] {dag.py:3096} INFO - Sync 1 DAGs
[2024-04-16T21:12:14.416+0700] {logging_mixin.py:188} INFO - [2024-04-16T21:12:14.416+0700] {dag.py:3954} INFO - Setting next_dagrun for example_trigger_target_dag to None, run_after=None
[2024-04-16T21:12:14.428+0700] {processor.py:183} INFO - Processing /opt/homebrew/Caskroom/miniconda/base/lib/python3.11/site-packages/airflow/example_dags/example_trigger_target_dag.py took 0.104 seconds
[2024-04-16T21:13:33.018+0700] {processor.py:161} INFO - Started process (PID=59938) to work on /opt/homebrew/Caskroom/miniconda/base/lib/python3.11/site-packages/airflow/example_dags/example_trigger_target_dag.py
[2024-04-16T21:13:33.019+0700] {processor.py:830} INFO - Processing file /opt/homebrew/Caskroom/miniconda/base/lib/python3.11/site-packages/airflow/example_dags/example_trigger_target_dag.py for tasks to queue
[2024-04-16T21:13:33.020+0700] {logging_mixin.py:188} INFO - [2024-04-16T21:13:33.020+0700] {dagbag.py:540} INFO - Filling up the DagBag from /opt/homebrew/Caskroom/miniconda/base/lib/python3.11/site-packages/airflow/example_dags/example_trigger_target_dag.py
[2024-04-16T21:13:33.042+0700] {processor.py:840} INFO - DAG(s) 'example_trigger_target_dag' retrieved from /opt/homebrew/Caskroom/miniconda/base/lib/python3.11/site-packages/airflow/example_dags/example_trigger_target_dag.py
[2024-04-16T21:13:33.105+0700] {logging_mixin.py:188} INFO - [2024-04-16T21:13:33.105+0700] {dag.py:3096} INFO - Sync 1 DAGs
[2024-04-16T21:13:33.110+0700] {logging_mixin.py:188} INFO - [2024-04-16T21:13:33.110+0700] {dag.py:3954} INFO - Setting next_dagrun for example_trigger_target_dag to None, run_after=None
[2024-04-16T21:13:33.121+0700] {processor.py:183} INFO - Processing /opt/homebrew/Caskroom/miniconda/base/lib/python3.11/site-packages/airflow/example_dags/example_trigger_target_dag.py took 0.105 seconds
[2024-04-16T21:14:52.058+0700] {processor.py:161} INFO - Started process (PID=60304) to work on /opt/homebrew/Caskroom/miniconda/base/lib/python3.11/site-packages/airflow/example_dags/example_trigger_target_dag.py
[2024-04-16T21:14:52.059+0700] {processor.py:830} INFO - Processing file /opt/homebrew/Caskroom/miniconda/base/lib/python3.11/site-packages/airflow/example_dags/example_trigger_target_dag.py for tasks to queue
[2024-04-16T21:14:52.059+0700] {logging_mixin.py:188} INFO - [2024-04-16T21:14:52.059+0700] {dagbag.py:540} INFO - Filling up the DagBag from /opt/homebrew/Caskroom/miniconda/base/lib/python3.11/site-packages/airflow/example_dags/example_trigger_target_dag.py
[2024-04-16T21:14:52.083+0700] {processor.py:840} INFO - DAG(s) 'example_trigger_target_dag' retrieved from /opt/homebrew/Caskroom/miniconda/base/lib/python3.11/site-packages/airflow/example_dags/example_trigger_target_dag.py
[2024-04-16T21:14:52.145+0700] {logging_mixin.py:188} INFO - [2024-04-16T21:14:52.145+0700] {dag.py:3096} INFO - Sync 1 DAGs
[2024-04-16T21:14:52.150+0700] {logging_mixin.py:188} INFO - [2024-04-16T21:14:52.150+0700] {dag.py:3954} INFO - Setting next_dagrun for example_trigger_target_dag to None, run_after=None
[2024-04-16T21:14:52.162+0700] {processor.py:183} INFO - Processing /opt/homebrew/Caskroom/miniconda/base/lib/python3.11/site-packages/airflow/example_dags/example_trigger_target_dag.py took 0.106 seconds
[2024-04-16T21:16:11.784+0700] {processor.py:161} INFO - Started process (PID=60660) to work on /opt/homebrew/Caskroom/miniconda/base/lib/python3.11/site-packages/airflow/example_dags/example_trigger_target_dag.py
[2024-04-16T21:16:11.784+0700] {processor.py:830} INFO - Processing file /opt/homebrew/Caskroom/miniconda/base/lib/python3.11/site-packages/airflow/example_dags/example_trigger_target_dag.py for tasks to queue
[2024-04-16T21:16:11.785+0700] {logging_mixin.py:188} INFO - [2024-04-16T21:16:11.785+0700] {dagbag.py:540} INFO - Filling up the DagBag from /opt/homebrew/Caskroom/miniconda/base/lib/python3.11/site-packages/airflow/example_dags/example_trigger_target_dag.py
[2024-04-16T21:16:11.807+0700] {processor.py:840} INFO - DAG(s) 'example_trigger_target_dag' retrieved from /opt/homebrew/Caskroom/miniconda/base/lib/python3.11/site-packages/airflow/example_dags/example_trigger_target_dag.py
[2024-04-16T21:16:11.868+0700] {logging_mixin.py:188} INFO - [2024-04-16T21:16:11.868+0700] {dag.py:3096} INFO - Sync 1 DAGs
[2024-04-16T21:16:11.874+0700] {logging_mixin.py:188} INFO - [2024-04-16T21:16:11.873+0700] {dag.py:3954} INFO - Setting next_dagrun for example_trigger_target_dag to None, run_after=None
[2024-04-16T21:16:11.884+0700] {processor.py:183} INFO - Processing /opt/homebrew/Caskroom/miniconda/base/lib/python3.11/site-packages/airflow/example_dags/example_trigger_target_dag.py took 0.102 seconds
[2024-04-16T21:17:27.574+0700] {processor.py:161} INFO - Started process (PID=61009) to work on /opt/homebrew/Caskroom/miniconda/base/lib/python3.11/site-packages/airflow/example_dags/example_trigger_target_dag.py
[2024-04-16T21:17:27.575+0700] {processor.py:830} INFO - Processing file /opt/homebrew/Caskroom/miniconda/base/lib/python3.11/site-packages/airflow/example_dags/example_trigger_target_dag.py for tasks to queue
[2024-04-16T21:17:27.575+0700] {logging_mixin.py:188} INFO - [2024-04-16T21:17:27.575+0700] {dagbag.py:540} INFO - Filling up the DagBag from /opt/homebrew/Caskroom/miniconda/base/lib/python3.11/site-packages/airflow/example_dags/example_trigger_target_dag.py
[2024-04-16T21:17:27.598+0700] {processor.py:840} INFO - DAG(s) 'example_trigger_target_dag' retrieved from /opt/homebrew/Caskroom/miniconda/base/lib/python3.11/site-packages/airflow/example_dags/example_trigger_target_dag.py
[2024-04-16T21:17:27.660+0700] {logging_mixin.py:188} INFO - [2024-04-16T21:17:27.659+0700] {dag.py:3096} INFO - Sync 1 DAGs
[2024-04-16T21:17:27.665+0700] {logging_mixin.py:188} INFO - [2024-04-16T21:17:27.665+0700] {dag.py:3954} INFO - Setting next_dagrun for example_trigger_target_dag to None, run_after=None
[2024-04-16T21:17:27.676+0700] {processor.py:183} INFO - Processing /opt/homebrew/Caskroom/miniconda/base/lib/python3.11/site-packages/airflow/example_dags/example_trigger_target_dag.py took 0.103 seconds
[2024-04-16T21:18:43.798+0700] {processor.py:161} INFO - Started process (PID=61357) to work on /opt/homebrew/Caskroom/miniconda/base/lib/python3.11/site-packages/airflow/example_dags/example_trigger_target_dag.py
[2024-04-16T21:18:43.799+0700] {processor.py:830} INFO - Processing file /opt/homebrew/Caskroom/miniconda/base/lib/python3.11/site-packages/airflow/example_dags/example_trigger_target_dag.py for tasks to queue
[2024-04-16T21:18:43.799+0700] {logging_mixin.py:188} INFO - [2024-04-16T21:18:43.799+0700] {dagbag.py:540} INFO - Filling up the DagBag from /opt/homebrew/Caskroom/miniconda/base/lib/python3.11/site-packages/airflow/example_dags/example_trigger_target_dag.py
[2024-04-16T21:18:43.822+0700] {processor.py:840} INFO - DAG(s) 'example_trigger_target_dag' retrieved from /opt/homebrew/Caskroom/miniconda/base/lib/python3.11/site-packages/airflow/example_dags/example_trigger_target_dag.py
[2024-04-16T21:18:43.885+0700] {logging_mixin.py:188} INFO - [2024-04-16T21:18:43.885+0700] {dag.py:3096} INFO - Sync 1 DAGs
[2024-04-16T21:18:43.890+0700] {logging_mixin.py:188} INFO - [2024-04-16T21:18:43.890+0700] {dag.py:3954} INFO - Setting next_dagrun for example_trigger_target_dag to None, run_after=None
[2024-04-16T21:18:43.903+0700] {processor.py:183} INFO - Processing /opt/homebrew/Caskroom/miniconda/base/lib/python3.11/site-packages/airflow/example_dags/example_trigger_target_dag.py took 0.106 seconds
[2024-04-16T21:20:00.645+0700] {processor.py:161} INFO - Started process (PID=61731) to work on /opt/homebrew/Caskroom/miniconda/base/lib/python3.11/site-packages/airflow/example_dags/example_trigger_target_dag.py
[2024-04-16T21:20:00.646+0700] {processor.py:830} INFO - Processing file /opt/homebrew/Caskroom/miniconda/base/lib/python3.11/site-packages/airflow/example_dags/example_trigger_target_dag.py for tasks to queue
[2024-04-16T21:20:00.647+0700] {logging_mixin.py:188} INFO - [2024-04-16T21:20:00.647+0700] {dagbag.py:540} INFO - Filling up the DagBag from /opt/homebrew/Caskroom/miniconda/base/lib/python3.11/site-packages/airflow/example_dags/example_trigger_target_dag.py
[2024-04-16T21:20:00.669+0700] {processor.py:840} INFO - DAG(s) 'example_trigger_target_dag' retrieved from /opt/homebrew/Caskroom/miniconda/base/lib/python3.11/site-packages/airflow/example_dags/example_trigger_target_dag.py
[2024-04-16T21:20:00.731+0700] {logging_mixin.py:188} INFO - [2024-04-16T21:20:00.730+0700] {dag.py:3096} INFO - Sync 1 DAGs
[2024-04-16T21:20:00.736+0700] {logging_mixin.py:188} INFO - [2024-04-16T21:20:00.736+0700] {dag.py:3954} INFO - Setting next_dagrun for example_trigger_target_dag to None, run_after=None
[2024-04-16T21:20:00.747+0700] {processor.py:183} INFO - Processing /opt/homebrew/Caskroom/miniconda/base/lib/python3.11/site-packages/airflow/example_dags/example_trigger_target_dag.py took 0.103 seconds
[2024-04-16T21:21:17.534+0700] {processor.py:161} INFO - Started process (PID=62070) to work on /opt/homebrew/Caskroom/miniconda/base/lib/python3.11/site-packages/airflow/example_dags/example_trigger_target_dag.py
[2024-04-16T21:21:17.534+0700] {processor.py:830} INFO - Processing file /opt/homebrew/Caskroom/miniconda/base/lib/python3.11/site-packages/airflow/example_dags/example_trigger_target_dag.py for tasks to queue
[2024-04-16T21:21:17.535+0700] {logging_mixin.py:188} INFO - [2024-04-16T21:21:17.535+0700] {dagbag.py:540} INFO - Filling up the DagBag from /opt/homebrew/Caskroom/miniconda/base/lib/python3.11/site-packages/airflow/example_dags/example_trigger_target_dag.py
[2024-04-16T21:21:17.558+0700] {processor.py:840} INFO - DAG(s) 'example_trigger_target_dag' retrieved from /opt/homebrew/Caskroom/miniconda/base/lib/python3.11/site-packages/airflow/example_dags/example_trigger_target_dag.py
[2024-04-16T21:21:17.621+0700] {logging_mixin.py:188} INFO - [2024-04-16T21:21:17.621+0700] {dag.py:3096} INFO - Sync 1 DAGs
[2024-04-16T21:21:17.627+0700] {logging_mixin.py:188} INFO - [2024-04-16T21:21:17.627+0700] {dag.py:3954} INFO - Setting next_dagrun for example_trigger_target_dag to None, run_after=None
[2024-04-16T21:21:17.640+0700] {processor.py:183} INFO - Processing /opt/homebrew/Caskroom/miniconda/base/lib/python3.11/site-packages/airflow/example_dags/example_trigger_target_dag.py took 0.108 seconds
[2024-04-16T21:22:47.085+0700] {processor.py:161} INFO - Started process (PID=62785) to work on /opt/homebrew/Caskroom/miniconda/base/lib/python3.11/site-packages/airflow/example_dags/example_trigger_target_dag.py
[2024-04-16T21:22:47.087+0700] {processor.py:830} INFO - Processing file /opt/homebrew/Caskroom/miniconda/base/lib/python3.11/site-packages/airflow/example_dags/example_trigger_target_dag.py for tasks to queue
[2024-04-16T21:22:47.087+0700] {logging_mixin.py:188} INFO - [2024-04-16T21:22:47.087+0700] {dagbag.py:540} INFO - Filling up the DagBag from /opt/homebrew/Caskroom/miniconda/base/lib/python3.11/site-packages/airflow/example_dags/example_trigger_target_dag.py
[2024-04-16T21:22:47.133+0700] {processor.py:840} INFO - DAG(s) 'example_trigger_target_dag' retrieved from /opt/homebrew/Caskroom/miniconda/base/lib/python3.11/site-packages/airflow/example_dags/example_trigger_target_dag.py
[2024-04-16T21:22:47.217+0700] {logging_mixin.py:188} INFO - [2024-04-16T21:22:47.216+0700] {dag.py:3096} INFO - Sync 1 DAGs
[2024-04-16T21:22:47.224+0700] {logging_mixin.py:188} INFO - [2024-04-16T21:22:47.224+0700] {dag.py:3954} INFO - Setting next_dagrun for example_trigger_target_dag to None, run_after=None
[2024-04-16T21:22:47.240+0700] {processor.py:183} INFO - Processing /opt/homebrew/Caskroom/miniconda/base/lib/python3.11/site-packages/airflow/example_dags/example_trigger_target_dag.py took 0.157 seconds
[2024-04-16T21:24:21.915+0700] {processor.py:161} INFO - Started process (PID=63620) to work on /opt/homebrew/Caskroom/miniconda/base/lib/python3.11/site-packages/airflow/example_dags/example_trigger_target_dag.py
[2024-04-16T21:24:21.918+0700] {processor.py:830} INFO - Processing file /opt/homebrew/Caskroom/miniconda/base/lib/python3.11/site-packages/airflow/example_dags/example_trigger_target_dag.py for tasks to queue
[2024-04-16T21:24:21.920+0700] {logging_mixin.py:188} INFO - [2024-04-16T21:24:21.919+0700] {dagbag.py:540} INFO - Filling up the DagBag from /opt/homebrew/Caskroom/miniconda/base/lib/python3.11/site-packages/airflow/example_dags/example_trigger_target_dag.py
[2024-04-16T21:24:21.968+0700] {processor.py:840} INFO - DAG(s) 'example_trigger_target_dag' retrieved from /opt/homebrew/Caskroom/miniconda/base/lib/python3.11/site-packages/airflow/example_dags/example_trigger_target_dag.py
[2024-04-16T21:24:22.088+0700] {logging_mixin.py:188} INFO - [2024-04-16T21:24:22.088+0700] {dag.py:3096} INFO - Sync 1 DAGs
[2024-04-16T21:24:22.100+0700] {logging_mixin.py:188} INFO - [2024-04-16T21:24:22.099+0700] {dag.py:3954} INFO - Setting next_dagrun for example_trigger_target_dag to None, run_after=None
[2024-04-16T21:24:22.122+0700] {processor.py:183} INFO - Processing /opt/homebrew/Caskroom/miniconda/base/lib/python3.11/site-packages/airflow/example_dags/example_trigger_target_dag.py took 0.211 seconds
[2024-04-16T21:25:48.537+0700] {processor.py:161} INFO - Started process (PID=64050) to work on /opt/homebrew/Caskroom/miniconda/base/lib/python3.11/site-packages/airflow/example_dags/example_trigger_target_dag.py
[2024-04-16T21:25:48.538+0700] {processor.py:830} INFO - Processing file /opt/homebrew/Caskroom/miniconda/base/lib/python3.11/site-packages/airflow/example_dags/example_trigger_target_dag.py for tasks to queue
[2024-04-16T21:25:48.539+0700] {logging_mixin.py:188} INFO - [2024-04-16T21:25:48.538+0700] {dagbag.py:540} INFO - Filling up the DagBag from /opt/homebrew/Caskroom/miniconda/base/lib/python3.11/site-packages/airflow/example_dags/example_trigger_target_dag.py
[2024-04-16T21:25:48.563+0700] {processor.py:840} INFO - DAG(s) 'example_trigger_target_dag' retrieved from /opt/homebrew/Caskroom/miniconda/base/lib/python3.11/site-packages/airflow/example_dags/example_trigger_target_dag.py
[2024-04-16T21:25:48.632+0700] {logging_mixin.py:188} INFO - [2024-04-16T21:25:48.631+0700] {dag.py:3096} INFO - Sync 1 DAGs
[2024-04-16T21:25:48.638+0700] {logging_mixin.py:188} INFO - [2024-04-16T21:25:48.638+0700] {dag.py:3954} INFO - Setting next_dagrun for example_trigger_target_dag to None, run_after=None
[2024-04-16T21:25:48.654+0700] {processor.py:183} INFO - Processing /opt/homebrew/Caskroom/miniconda/base/lib/python3.11/site-packages/airflow/example_dags/example_trigger_target_dag.py took 0.119 seconds
[2024-04-16T21:27:21.509+0700] {processor.py:161} INFO - Started process (PID=64483) to work on /opt/homebrew/Caskroom/miniconda/base/lib/python3.11/site-packages/airflow/example_dags/example_trigger_target_dag.py
[2024-04-16T21:27:21.511+0700] {processor.py:830} INFO - Processing file /opt/homebrew/Caskroom/miniconda/base/lib/python3.11/site-packages/airflow/example_dags/example_trigger_target_dag.py for tasks to queue
[2024-04-16T21:27:21.512+0700] {logging_mixin.py:188} INFO - [2024-04-16T21:27:21.512+0700] {dagbag.py:540} INFO - Filling up the DagBag from /opt/homebrew/Caskroom/miniconda/base/lib/python3.11/site-packages/airflow/example_dags/example_trigger_target_dag.py
[2024-04-16T21:27:21.538+0700] {processor.py:840} INFO - DAG(s) 'example_trigger_target_dag' retrieved from /opt/homebrew/Caskroom/miniconda/base/lib/python3.11/site-packages/airflow/example_dags/example_trigger_target_dag.py
[2024-04-16T21:27:21.604+0700] {logging_mixin.py:188} INFO - [2024-04-16T21:27:21.604+0700] {dag.py:3096} INFO - Sync 1 DAGs
[2024-04-16T21:27:21.610+0700] {logging_mixin.py:188} INFO - [2024-04-16T21:27:21.609+0700] {dag.py:3954} INFO - Setting next_dagrun for example_trigger_target_dag to None, run_after=None
[2024-04-16T21:27:21.628+0700] {processor.py:183} INFO - Processing /opt/homebrew/Caskroom/miniconda/base/lib/python3.11/site-packages/airflow/example_dags/example_trigger_target_dag.py took 0.120 seconds
[2024-04-16T21:28:43.294+0700] {processor.py:161} INFO - Started process (PID=64898) to work on /opt/homebrew/Caskroom/miniconda/base/lib/python3.11/site-packages/airflow/example_dags/example_trigger_target_dag.py
[2024-04-16T21:28:43.295+0700] {processor.py:830} INFO - Processing file /opt/homebrew/Caskroom/miniconda/base/lib/python3.11/site-packages/airflow/example_dags/example_trigger_target_dag.py for tasks to queue
[2024-04-16T21:28:43.295+0700] {logging_mixin.py:188} INFO - [2024-04-16T21:28:43.295+0700] {dagbag.py:540} INFO - Filling up the DagBag from /opt/homebrew/Caskroom/miniconda/base/lib/python3.11/site-packages/airflow/example_dags/example_trigger_target_dag.py
[2024-04-16T21:28:43.319+0700] {processor.py:840} INFO - DAG(s) 'example_trigger_target_dag' retrieved from /opt/homebrew/Caskroom/miniconda/base/lib/python3.11/site-packages/airflow/example_dags/example_trigger_target_dag.py
[2024-04-16T21:28:43.386+0700] {logging_mixin.py:188} INFO - [2024-04-16T21:28:43.386+0700] {dag.py:3096} INFO - Sync 1 DAGs
[2024-04-16T21:28:43.391+0700] {logging_mixin.py:188} INFO - [2024-04-16T21:28:43.391+0700] {dag.py:3954} INFO - Setting next_dagrun for example_trigger_target_dag to None, run_after=None
[2024-04-16T21:28:43.403+0700] {processor.py:183} INFO - Processing /opt/homebrew/Caskroom/miniconda/base/lib/python3.11/site-packages/airflow/example_dags/example_trigger_target_dag.py took 0.111 seconds
[2024-04-16T21:30:06.766+0700] {processor.py:161} INFO - Started process (PID=65277) to work on /opt/homebrew/Caskroom/miniconda/base/lib/python3.11/site-packages/airflow/example_dags/example_trigger_target_dag.py
[2024-04-16T21:30:06.770+0700] {processor.py:830} INFO - Processing file /opt/homebrew/Caskroom/miniconda/base/lib/python3.11/site-packages/airflow/example_dags/example_trigger_target_dag.py for tasks to queue
[2024-04-16T21:30:06.770+0700] {logging_mixin.py:188} INFO - [2024-04-16T21:30:06.770+0700] {dagbag.py:540} INFO - Filling up the DagBag from /opt/homebrew/Caskroom/miniconda/base/lib/python3.11/site-packages/airflow/example_dags/example_trigger_target_dag.py
[2024-04-16T21:30:06.797+0700] {processor.py:840} INFO - DAG(s) 'example_trigger_target_dag' retrieved from /opt/homebrew/Caskroom/miniconda/base/lib/python3.11/site-packages/airflow/example_dags/example_trigger_target_dag.py
[2024-04-16T21:30:06.862+0700] {logging_mixin.py:188} INFO - [2024-04-16T21:30:06.862+0700] {dag.py:3096} INFO - Sync 1 DAGs
[2024-04-16T21:30:06.868+0700] {logging_mixin.py:188} INFO - [2024-04-16T21:30:06.868+0700] {dag.py:3954} INFO - Setting next_dagrun for example_trigger_target_dag to None, run_after=None
[2024-04-16T21:30:06.880+0700] {processor.py:183} INFO - Processing /opt/homebrew/Caskroom/miniconda/base/lib/python3.11/site-packages/airflow/example_dags/example_trigger_target_dag.py took 0.115 seconds
[2024-04-16T21:31:32.088+0700] {processor.py:161} INFO - Started process (PID=65678) to work on /opt/homebrew/Caskroom/miniconda/base/lib/python3.11/site-packages/airflow/example_dags/example_trigger_target_dag.py
[2024-04-16T21:31:32.089+0700] {processor.py:830} INFO - Processing file /opt/homebrew/Caskroom/miniconda/base/lib/python3.11/site-packages/airflow/example_dags/example_trigger_target_dag.py for tasks to queue
[2024-04-16T21:31:32.089+0700] {logging_mixin.py:188} INFO - [2024-04-16T21:31:32.089+0700] {dagbag.py:540} INFO - Filling up the DagBag from /opt/homebrew/Caskroom/miniconda/base/lib/python3.11/site-packages/airflow/example_dags/example_trigger_target_dag.py
[2024-04-16T21:31:32.117+0700] {processor.py:840} INFO - DAG(s) 'example_trigger_target_dag' retrieved from /opt/homebrew/Caskroom/miniconda/base/lib/python3.11/site-packages/airflow/example_dags/example_trigger_target_dag.py
[2024-04-16T21:31:32.184+0700] {logging_mixin.py:188} INFO - [2024-04-16T21:31:32.184+0700] {dag.py:3096} INFO - Sync 1 DAGs
[2024-04-16T21:31:32.190+0700] {logging_mixin.py:188} INFO - [2024-04-16T21:31:32.190+0700] {dag.py:3954} INFO - Setting next_dagrun for example_trigger_target_dag to None, run_after=None
[2024-04-16T21:31:32.200+0700] {processor.py:183} INFO - Processing /opt/homebrew/Caskroom/miniconda/base/lib/python3.11/site-packages/airflow/example_dags/example_trigger_target_dag.py took 0.115 seconds
[2024-04-16T21:32:48.630+0700] {processor.py:161} INFO - Started process (PID=66025) to work on /opt/homebrew/Caskroom/miniconda/base/lib/python3.11/site-packages/airflow/example_dags/example_trigger_target_dag.py
[2024-04-16T21:32:48.631+0700] {processor.py:830} INFO - Processing file /opt/homebrew/Caskroom/miniconda/base/lib/python3.11/site-packages/airflow/example_dags/example_trigger_target_dag.py for tasks to queue
[2024-04-16T21:32:48.632+0700] {logging_mixin.py:188} INFO - [2024-04-16T21:32:48.631+0700] {dagbag.py:540} INFO - Filling up the DagBag from /opt/homebrew/Caskroom/miniconda/base/lib/python3.11/site-packages/airflow/example_dags/example_trigger_target_dag.py
[2024-04-16T21:32:48.654+0700] {processor.py:840} INFO - DAG(s) 'example_trigger_target_dag' retrieved from /opt/homebrew/Caskroom/miniconda/base/lib/python3.11/site-packages/airflow/example_dags/example_trigger_target_dag.py
[2024-04-16T21:32:48.714+0700] {logging_mixin.py:188} INFO - [2024-04-16T21:32:48.713+0700] {dag.py:3096} INFO - Sync 1 DAGs
[2024-04-16T21:32:48.719+0700] {logging_mixin.py:188} INFO - [2024-04-16T21:32:48.719+0700] {dag.py:3954} INFO - Setting next_dagrun for example_trigger_target_dag to None, run_after=None
[2024-04-16T21:32:48.729+0700] {processor.py:183} INFO - Processing /opt/homebrew/Caskroom/miniconda/base/lib/python3.11/site-packages/airflow/example_dags/example_trigger_target_dag.py took 0.101 seconds
[2024-04-16T21:34:13.721+0700] {processor.py:161} INFO - Started process (PID=66428) to work on /opt/homebrew/Caskroom/miniconda/base/lib/python3.11/site-packages/airflow/example_dags/example_trigger_target_dag.py
[2024-04-16T21:34:13.723+0700] {processor.py:830} INFO - Processing file /opt/homebrew/Caskroom/miniconda/base/lib/python3.11/site-packages/airflow/example_dags/example_trigger_target_dag.py for tasks to queue
[2024-04-16T21:34:13.723+0700] {logging_mixin.py:188} INFO - [2024-04-16T21:34:13.723+0700] {dagbag.py:540} INFO - Filling up the DagBag from /opt/homebrew/Caskroom/miniconda/base/lib/python3.11/site-packages/airflow/example_dags/example_trigger_target_dag.py
[2024-04-16T21:34:13.749+0700] {processor.py:840} INFO - DAG(s) 'example_trigger_target_dag' retrieved from /opt/homebrew/Caskroom/miniconda/base/lib/python3.11/site-packages/airflow/example_dags/example_trigger_target_dag.py
[2024-04-16T21:34:13.816+0700] {logging_mixin.py:188} INFO - [2024-04-16T21:34:13.816+0700] {dag.py:3096} INFO - Sync 1 DAGs
[2024-04-16T21:34:13.822+0700] {logging_mixin.py:188} INFO - [2024-04-16T21:34:13.822+0700] {dag.py:3954} INFO - Setting next_dagrun for example_trigger_target_dag to None, run_after=None
[2024-04-16T21:34:13.834+0700] {processor.py:183} INFO - Processing /opt/homebrew/Caskroom/miniconda/base/lib/python3.11/site-packages/airflow/example_dags/example_trigger_target_dag.py took 0.114 seconds
[2024-04-16T21:35:33.815+0700] {processor.py:161} INFO - Started process (PID=66816) to work on /opt/homebrew/Caskroom/miniconda/base/lib/python3.11/site-packages/airflow/example_dags/example_trigger_target_dag.py
[2024-04-16T21:35:33.816+0700] {processor.py:830} INFO - Processing file /opt/homebrew/Caskroom/miniconda/base/lib/python3.11/site-packages/airflow/example_dags/example_trigger_target_dag.py for tasks to queue
[2024-04-16T21:35:33.817+0700] {logging_mixin.py:188} INFO - [2024-04-16T21:35:33.816+0700] {dagbag.py:540} INFO - Filling up the DagBag from /opt/homebrew/Caskroom/miniconda/base/lib/python3.11/site-packages/airflow/example_dags/example_trigger_target_dag.py
[2024-04-16T21:35:33.839+0700] {processor.py:840} INFO - DAG(s) 'example_trigger_target_dag' retrieved from /opt/homebrew/Caskroom/miniconda/base/lib/python3.11/site-packages/airflow/example_dags/example_trigger_target_dag.py
[2024-04-16T21:35:33.903+0700] {logging_mixin.py:188} INFO - [2024-04-16T21:35:33.903+0700] {dag.py:3096} INFO - Sync 1 DAGs
[2024-04-16T21:35:33.908+0700] {logging_mixin.py:188} INFO - [2024-04-16T21:35:33.908+0700] {dag.py:3954} INFO - Setting next_dagrun for example_trigger_target_dag to None, run_after=None
[2024-04-16T21:35:33.919+0700] {processor.py:183} INFO - Processing /opt/homebrew/Caskroom/miniconda/base/lib/python3.11/site-packages/airflow/example_dags/example_trigger_target_dag.py took 0.106 seconds
[2024-04-16T21:36:54.133+0700] {processor.py:161} INFO - Started process (PID=67220) to work on /opt/homebrew/Caskroom/miniconda/base/lib/python3.11/site-packages/airflow/example_dags/example_trigger_target_dag.py
[2024-04-16T21:36:54.135+0700] {processor.py:830} INFO - Processing file /opt/homebrew/Caskroom/miniconda/base/lib/python3.11/site-packages/airflow/example_dags/example_trigger_target_dag.py for tasks to queue
[2024-04-16T21:36:54.135+0700] {logging_mixin.py:188} INFO - [2024-04-16T21:36:54.135+0700] {dagbag.py:540} INFO - Filling up the DagBag from /opt/homebrew/Caskroom/miniconda/base/lib/python3.11/site-packages/airflow/example_dags/example_trigger_target_dag.py
[2024-04-16T21:36:54.157+0700] {processor.py:840} INFO - DAG(s) 'example_trigger_target_dag' retrieved from /opt/homebrew/Caskroom/miniconda/base/lib/python3.11/site-packages/airflow/example_dags/example_trigger_target_dag.py
[2024-04-16T21:36:54.217+0700] {logging_mixin.py:188} INFO - [2024-04-16T21:36:54.217+0700] {dag.py:3096} INFO - Sync 1 DAGs
[2024-04-16T21:36:54.223+0700] {logging_mixin.py:188} INFO - [2024-04-16T21:36:54.222+0700] {dag.py:3954} INFO - Setting next_dagrun for example_trigger_target_dag to None, run_after=None
[2024-04-16T21:36:54.234+0700] {processor.py:183} INFO - Processing /opt/homebrew/Caskroom/miniconda/base/lib/python3.11/site-packages/airflow/example_dags/example_trigger_target_dag.py took 0.104 seconds
[2024-04-16T21:38:15.119+0700] {processor.py:161} INFO - Started process (PID=67742) to work on /opt/homebrew/Caskroom/miniconda/base/lib/python3.11/site-packages/airflow/example_dags/example_trigger_target_dag.py
[2024-04-16T21:38:15.120+0700] {processor.py:830} INFO - Processing file /opt/homebrew/Caskroom/miniconda/base/lib/python3.11/site-packages/airflow/example_dags/example_trigger_target_dag.py for tasks to queue
[2024-04-16T21:38:15.120+0700] {logging_mixin.py:188} INFO - [2024-04-16T21:38:15.120+0700] {dagbag.py:540} INFO - Filling up the DagBag from /opt/homebrew/Caskroom/miniconda/base/lib/python3.11/site-packages/airflow/example_dags/example_trigger_target_dag.py
[2024-04-16T21:38:15.151+0700] {processor.py:840} INFO - DAG(s) 'example_trigger_target_dag' retrieved from /opt/homebrew/Caskroom/miniconda/base/lib/python3.11/site-packages/airflow/example_dags/example_trigger_target_dag.py
[2024-04-16T21:38:15.222+0700] {logging_mixin.py:188} INFO - [2024-04-16T21:38:15.222+0700] {dag.py:3096} INFO - Sync 1 DAGs
[2024-04-16T21:38:15.228+0700] {logging_mixin.py:188} INFO - [2024-04-16T21:38:15.227+0700] {dag.py:3954} INFO - Setting next_dagrun for example_trigger_target_dag to None, run_after=None
[2024-04-16T21:38:15.239+0700] {processor.py:183} INFO - Processing /opt/homebrew/Caskroom/miniconda/base/lib/python3.11/site-packages/airflow/example_dags/example_trigger_target_dag.py took 0.123 seconds
[2024-04-16T21:39:44.935+0700] {processor.py:161} INFO - Started process (PID=68161) to work on /opt/homebrew/Caskroom/miniconda/base/lib/python3.11/site-packages/airflow/example_dags/example_trigger_target_dag.py
[2024-04-16T21:39:44.936+0700] {processor.py:830} INFO - Processing file /opt/homebrew/Caskroom/miniconda/base/lib/python3.11/site-packages/airflow/example_dags/example_trigger_target_dag.py for tasks to queue
[2024-04-16T21:39:44.936+0700] {logging_mixin.py:188} INFO - [2024-04-16T21:39:44.936+0700] {dagbag.py:540} INFO - Filling up the DagBag from /opt/homebrew/Caskroom/miniconda/base/lib/python3.11/site-packages/airflow/example_dags/example_trigger_target_dag.py
[2024-04-16T21:39:44.958+0700] {processor.py:840} INFO - DAG(s) 'example_trigger_target_dag' retrieved from /opt/homebrew/Caskroom/miniconda/base/lib/python3.11/site-packages/airflow/example_dags/example_trigger_target_dag.py
[2024-04-16T21:39:45.019+0700] {logging_mixin.py:188} INFO - [2024-04-16T21:39:45.018+0700] {dag.py:3096} INFO - Sync 1 DAGs
[2024-04-16T21:39:45.024+0700] {logging_mixin.py:188} INFO - [2024-04-16T21:39:45.024+0700] {dag.py:3954} INFO - Setting next_dagrun for example_trigger_target_dag to None, run_after=None
[2024-04-16T21:39:45.035+0700] {processor.py:183} INFO - Processing /opt/homebrew/Caskroom/miniconda/base/lib/python3.11/site-packages/airflow/example_dags/example_trigger_target_dag.py took 0.101 seconds
[2024-04-16T21:41:22.688+0700] {processor.py:161} INFO - Started process (PID=68619) to work on /opt/homebrew/Caskroom/miniconda/base/lib/python3.11/site-packages/airflow/example_dags/example_trigger_target_dag.py
[2024-04-16T21:41:22.689+0700] {processor.py:830} INFO - Processing file /opt/homebrew/Caskroom/miniconda/base/lib/python3.11/site-packages/airflow/example_dags/example_trigger_target_dag.py for tasks to queue
[2024-04-16T21:41:22.690+0700] {logging_mixin.py:188} INFO - [2024-04-16T21:41:22.690+0700] {dagbag.py:540} INFO - Filling up the DagBag from /opt/homebrew/Caskroom/miniconda/base/lib/python3.11/site-packages/airflow/example_dags/example_trigger_target_dag.py
[2024-04-16T21:41:22.715+0700] {processor.py:840} INFO - DAG(s) 'example_trigger_target_dag' retrieved from /opt/homebrew/Caskroom/miniconda/base/lib/python3.11/site-packages/airflow/example_dags/example_trigger_target_dag.py
[2024-04-16T21:41:22.780+0700] {logging_mixin.py:188} INFO - [2024-04-16T21:41:22.780+0700] {dag.py:3096} INFO - Sync 1 DAGs
[2024-04-16T21:41:22.786+0700] {logging_mixin.py:188} INFO - [2024-04-16T21:41:22.786+0700] {dag.py:3954} INFO - Setting next_dagrun for example_trigger_target_dag to None, run_after=None
[2024-04-16T21:41:22.797+0700] {processor.py:183} INFO - Processing /opt/homebrew/Caskroom/miniconda/base/lib/python3.11/site-packages/airflow/example_dags/example_trigger_target_dag.py took 0.112 seconds
[2024-04-16T21:43:11.162+0700] {processor.py:161} INFO - Started process (PID=69127) to work on /opt/homebrew/Caskroom/miniconda/base/lib/python3.11/site-packages/airflow/example_dags/example_trigger_target_dag.py
[2024-04-16T21:43:11.163+0700] {processor.py:830} INFO - Processing file /opt/homebrew/Caskroom/miniconda/base/lib/python3.11/site-packages/airflow/example_dags/example_trigger_target_dag.py for tasks to queue
[2024-04-16T21:43:11.163+0700] {logging_mixin.py:188} INFO - [2024-04-16T21:43:11.163+0700] {dagbag.py:540} INFO - Filling up the DagBag from /opt/homebrew/Caskroom/miniconda/base/lib/python3.11/site-packages/airflow/example_dags/example_trigger_target_dag.py
[2024-04-16T21:43:11.188+0700] {processor.py:840} INFO - DAG(s) 'example_trigger_target_dag' retrieved from /opt/homebrew/Caskroom/miniconda/base/lib/python3.11/site-packages/airflow/example_dags/example_trigger_target_dag.py
[2024-04-16T21:43:11.249+0700] {logging_mixin.py:188} INFO - [2024-04-16T21:43:11.249+0700] {dag.py:3096} INFO - Sync 1 DAGs
[2024-04-16T21:43:11.256+0700] {logging_mixin.py:188} INFO - [2024-04-16T21:43:11.256+0700] {dag.py:3954} INFO - Setting next_dagrun for example_trigger_target_dag to None, run_after=None
[2024-04-16T21:43:11.269+0700] {processor.py:183} INFO - Processing /opt/homebrew/Caskroom/miniconda/base/lib/python3.11/site-packages/airflow/example_dags/example_trigger_target_dag.py took 0.110 seconds
[2024-04-16T21:44:45.854+0700] {processor.py:161} INFO - Started process (PID=69550) to work on /opt/homebrew/Caskroom/miniconda/base/lib/python3.11/site-packages/airflow/example_dags/example_trigger_target_dag.py
[2024-04-16T21:44:45.856+0700] {processor.py:830} INFO - Processing file /opt/homebrew/Caskroom/miniconda/base/lib/python3.11/site-packages/airflow/example_dags/example_trigger_target_dag.py for tasks to queue
[2024-04-16T21:44:45.856+0700] {logging_mixin.py:188} INFO - [2024-04-16T21:44:45.856+0700] {dagbag.py:540} INFO - Filling up the DagBag from /opt/homebrew/Caskroom/miniconda/base/lib/python3.11/site-packages/airflow/example_dags/example_trigger_target_dag.py
[2024-04-16T21:44:45.880+0700] {processor.py:840} INFO - DAG(s) 'example_trigger_target_dag' retrieved from /opt/homebrew/Caskroom/miniconda/base/lib/python3.11/site-packages/airflow/example_dags/example_trigger_target_dag.py
[2024-04-16T21:44:45.942+0700] {logging_mixin.py:188} INFO - [2024-04-16T21:44:45.941+0700] {dag.py:3096} INFO - Sync 1 DAGs
[2024-04-16T21:44:45.947+0700] {logging_mixin.py:188} INFO - [2024-04-16T21:44:45.947+0700] {dag.py:3954} INFO - Setting next_dagrun for example_trigger_target_dag to None, run_after=None
[2024-04-16T21:44:45.958+0700] {processor.py:183} INFO - Processing /opt/homebrew/Caskroom/miniconda/base/lib/python3.11/site-packages/airflow/example_dags/example_trigger_target_dag.py took 0.105 seconds
[2024-04-16T21:46:10.418+0700] {processor.py:161} INFO - Started process (PID=69927) to work on /opt/homebrew/Caskroom/miniconda/base/lib/python3.11/site-packages/airflow/example_dags/example_trigger_target_dag.py
[2024-04-16T21:46:10.419+0700] {processor.py:830} INFO - Processing file /opt/homebrew/Caskroom/miniconda/base/lib/python3.11/site-packages/airflow/example_dags/example_trigger_target_dag.py for tasks to queue
[2024-04-16T21:46:10.420+0700] {logging_mixin.py:188} INFO - [2024-04-16T21:46:10.420+0700] {dagbag.py:540} INFO - Filling up the DagBag from /opt/homebrew/Caskroom/miniconda/base/lib/python3.11/site-packages/airflow/example_dags/example_trigger_target_dag.py
[2024-04-16T21:46:10.447+0700] {processor.py:840} INFO - DAG(s) 'example_trigger_target_dag' retrieved from /opt/homebrew/Caskroom/miniconda/base/lib/python3.11/site-packages/airflow/example_dags/example_trigger_target_dag.py
[2024-04-16T21:46:10.509+0700] {logging_mixin.py:188} INFO - [2024-04-16T21:46:10.509+0700] {dag.py:3096} INFO - Sync 1 DAGs
[2024-04-16T21:46:10.514+0700] {logging_mixin.py:188} INFO - [2024-04-16T21:46:10.514+0700] {dag.py:3954} INFO - Setting next_dagrun for example_trigger_target_dag to None, run_after=None
[2024-04-16T21:46:10.525+0700] {processor.py:183} INFO - Processing /opt/homebrew/Caskroom/miniconda/base/lib/python3.11/site-packages/airflow/example_dags/example_trigger_target_dag.py took 0.109 seconds
[2024-04-16T21:48:08.479+0700] {processor.py:161} INFO - Started process (PID=70440) to work on /opt/homebrew/Caskroom/miniconda/base/lib/python3.11/site-packages/airflow/example_dags/example_trigger_target_dag.py
[2024-04-16T21:48:08.486+0700] {processor.py:830} INFO - Processing file /opt/homebrew/Caskroom/miniconda/base/lib/python3.11/site-packages/airflow/example_dags/example_trigger_target_dag.py for tasks to queue
[2024-04-16T21:48:08.490+0700] {logging_mixin.py:188} INFO - [2024-04-16T21:48:08.490+0700] {dagbag.py:540} INFO - Filling up the DagBag from /opt/homebrew/Caskroom/miniconda/base/lib/python3.11/site-packages/airflow/example_dags/example_trigger_target_dag.py
[2024-04-16T21:48:08.695+0700] {processor.py:840} INFO - DAG(s) 'example_trigger_target_dag' retrieved from /opt/homebrew/Caskroom/miniconda/base/lib/python3.11/site-packages/airflow/example_dags/example_trigger_target_dag.py
[2024-04-16T21:48:10.366+0700] {logging_mixin.py:188} INFO - [2024-04-16T21:48:10.360+0700] {dag.py:3096} INFO - Sync 1 DAGs
[2024-04-16T21:48:10.459+0700] {logging_mixin.py:188} INFO - [2024-04-16T21:48:10.458+0700] {dag.py:3954} INFO - Setting next_dagrun for example_trigger_target_dag to None, run_after=None
[2024-04-16T21:48:10.670+0700] {processor.py:183} INFO - Processing /opt/homebrew/Caskroom/miniconda/base/lib/python3.11/site-packages/airflow/example_dags/example_trigger_target_dag.py took 2.269 seconds
[2024-04-16T21:50:11.525+0700] {processor.py:161} INFO - Started process (PID=71067) to work on /opt/homebrew/Caskroom/miniconda/base/lib/python3.11/site-packages/airflow/example_dags/example_trigger_target_dag.py
[2024-04-16T21:50:11.531+0700] {processor.py:830} INFO - Processing file /opt/homebrew/Caskroom/miniconda/base/lib/python3.11/site-packages/airflow/example_dags/example_trigger_target_dag.py for tasks to queue
[2024-04-16T21:50:11.531+0700] {logging_mixin.py:188} INFO - [2024-04-16T21:50:11.531+0700] {dagbag.py:540} INFO - Filling up the DagBag from /opt/homebrew/Caskroom/miniconda/base/lib/python3.11/site-packages/airflow/example_dags/example_trigger_target_dag.py
[2024-04-16T21:50:11.563+0700] {processor.py:840} INFO - DAG(s) 'example_trigger_target_dag' retrieved from /opt/homebrew/Caskroom/miniconda/base/lib/python3.11/site-packages/airflow/example_dags/example_trigger_target_dag.py
[2024-04-16T21:50:11.635+0700] {logging_mixin.py:188} INFO - [2024-04-16T21:50:11.634+0700] {dag.py:3096} INFO - Sync 1 DAGs
[2024-04-16T21:50:11.640+0700] {logging_mixin.py:188} INFO - [2024-04-16T21:50:11.640+0700] {dag.py:3954} INFO - Setting next_dagrun for example_trigger_target_dag to None, run_after=None
[2024-04-16T21:50:11.653+0700] {processor.py:183} INFO - Processing /opt/homebrew/Caskroom/miniconda/base/lib/python3.11/site-packages/airflow/example_dags/example_trigger_target_dag.py took 0.134 seconds
[2024-04-16T21:52:27.416+0700] {processor.py:161} INFO - Started process (PID=71958) to work on /opt/homebrew/Caskroom/miniconda/base/lib/python3.11/site-packages/airflow/example_dags/example_trigger_target_dag.py
[2024-04-16T21:52:27.419+0700] {processor.py:830} INFO - Processing file /opt/homebrew/Caskroom/miniconda/base/lib/python3.11/site-packages/airflow/example_dags/example_trigger_target_dag.py for tasks to queue
[2024-04-16T21:52:27.421+0700] {logging_mixin.py:188} INFO - [2024-04-16T21:52:27.420+0700] {dagbag.py:540} INFO - Filling up the DagBag from /opt/homebrew/Caskroom/miniconda/base/lib/python3.11/site-packages/airflow/example_dags/example_trigger_target_dag.py
[2024-04-16T21:52:27.518+0700] {processor.py:840} INFO - DAG(s) 'example_trigger_target_dag' retrieved from /opt/homebrew/Caskroom/miniconda/base/lib/python3.11/site-packages/airflow/example_dags/example_trigger_target_dag.py
[2024-04-16T21:52:27.746+0700] {logging_mixin.py:188} INFO - [2024-04-16T21:52:27.745+0700] {dag.py:3096} INFO - Sync 1 DAGs
[2024-04-16T21:52:27.764+0700] {logging_mixin.py:188} INFO - [2024-04-16T21:52:27.763+0700] {dag.py:3954} INFO - Setting next_dagrun for example_trigger_target_dag to None, run_after=None
[2024-04-16T21:52:27.813+0700] {processor.py:183} INFO - Processing /opt/homebrew/Caskroom/miniconda/base/lib/python3.11/site-packages/airflow/example_dags/example_trigger_target_dag.py took 0.413 seconds
[2024-04-16T21:54:35.918+0700] {processor.py:161} INFO - Started process (PID=72659) to work on /opt/homebrew/Caskroom/miniconda/base/lib/python3.11/site-packages/airflow/example_dags/example_trigger_target_dag.py
[2024-04-16T21:54:35.919+0700] {processor.py:830} INFO - Processing file /opt/homebrew/Caskroom/miniconda/base/lib/python3.11/site-packages/airflow/example_dags/example_trigger_target_dag.py for tasks to queue
[2024-04-16T21:54:35.920+0700] {logging_mixin.py:188} INFO - [2024-04-16T21:54:35.919+0700] {dagbag.py:540} INFO - Filling up the DagBag from /opt/homebrew/Caskroom/miniconda/base/lib/python3.11/site-packages/airflow/example_dags/example_trigger_target_dag.py
[2024-04-16T21:54:35.956+0700] {processor.py:840} INFO - DAG(s) 'example_trigger_target_dag' retrieved from /opt/homebrew/Caskroom/miniconda/base/lib/python3.11/site-packages/airflow/example_dags/example_trigger_target_dag.py
[2024-04-16T21:54:36.035+0700] {logging_mixin.py:188} INFO - [2024-04-16T21:54:36.035+0700] {dag.py:3096} INFO - Sync 1 DAGs
[2024-04-16T21:54:36.043+0700] {logging_mixin.py:188} INFO - [2024-04-16T21:54:36.043+0700] {dag.py:3954} INFO - Setting next_dagrun for example_trigger_target_dag to None, run_after=None
[2024-04-16T21:54:36.057+0700] {processor.py:183} INFO - Processing /opt/homebrew/Caskroom/miniconda/base/lib/python3.11/site-packages/airflow/example_dags/example_trigger_target_dag.py took 0.141 seconds
[2024-04-16T21:56:18.383+0700] {processor.py:161} INFO - Started process (PID=73129) to work on /opt/homebrew/Caskroom/miniconda/base/lib/python3.11/site-packages/airflow/example_dags/example_trigger_target_dag.py
[2024-04-16T21:56:18.387+0700] {processor.py:830} INFO - Processing file /opt/homebrew/Caskroom/miniconda/base/lib/python3.11/site-packages/airflow/example_dags/example_trigger_target_dag.py for tasks to queue
[2024-04-16T21:56:18.388+0700] {logging_mixin.py:188} INFO - [2024-04-16T21:56:18.388+0700] {dagbag.py:540} INFO - Filling up the DagBag from /opt/homebrew/Caskroom/miniconda/base/lib/python3.11/site-packages/airflow/example_dags/example_trigger_target_dag.py
[2024-04-16T21:56:18.463+0700] {processor.py:840} INFO - DAG(s) 'example_trigger_target_dag' retrieved from /opt/homebrew/Caskroom/miniconda/base/lib/python3.11/site-packages/airflow/example_dags/example_trigger_target_dag.py
[2024-04-16T21:56:18.643+0700] {logging_mixin.py:188} INFO - [2024-04-16T21:56:18.643+0700] {dag.py:3096} INFO - Sync 1 DAGs
[2024-04-16T21:56:18.654+0700] {logging_mixin.py:188} INFO - [2024-04-16T21:56:18.654+0700] {dag.py:3954} INFO - Setting next_dagrun for example_trigger_target_dag to None, run_after=None
[2024-04-16T21:56:18.676+0700] {processor.py:183} INFO - Processing /opt/homebrew/Caskroom/miniconda/base/lib/python3.11/site-packages/airflow/example_dags/example_trigger_target_dag.py took 0.307 seconds
[2024-04-16T21:57:47.516+0700] {processor.py:161} INFO - Started process (PID=73611) to work on /opt/homebrew/Caskroom/miniconda/base/lib/python3.11/site-packages/airflow/example_dags/example_trigger_target_dag.py
[2024-04-16T21:57:47.517+0700] {processor.py:830} INFO - Processing file /opt/homebrew/Caskroom/miniconda/base/lib/python3.11/site-packages/airflow/example_dags/example_trigger_target_dag.py for tasks to queue
[2024-04-16T21:57:47.518+0700] {logging_mixin.py:188} INFO - [2024-04-16T21:57:47.517+0700] {dagbag.py:540} INFO - Filling up the DagBag from /opt/homebrew/Caskroom/miniconda/base/lib/python3.11/site-packages/airflow/example_dags/example_trigger_target_dag.py
[2024-04-16T21:57:47.541+0700] {processor.py:840} INFO - DAG(s) 'example_trigger_target_dag' retrieved from /opt/homebrew/Caskroom/miniconda/base/lib/python3.11/site-packages/airflow/example_dags/example_trigger_target_dag.py
[2024-04-16T21:57:47.604+0700] {logging_mixin.py:188} INFO - [2024-04-16T21:57:47.604+0700] {dag.py:3096} INFO - Sync 1 DAGs
[2024-04-16T21:57:47.610+0700] {logging_mixin.py:188} INFO - [2024-04-16T21:57:47.609+0700] {dag.py:3954} INFO - Setting next_dagrun for example_trigger_target_dag to None, run_after=None
[2024-04-16T21:57:47.621+0700] {processor.py:183} INFO - Processing /opt/homebrew/Caskroom/miniconda/base/lib/python3.11/site-packages/airflow/example_dags/example_trigger_target_dag.py took 0.109 seconds
[2024-04-16T21:59:16.527+0700] {processor.py:161} INFO - Started process (PID=74383) to work on /opt/homebrew/Caskroom/miniconda/base/lib/python3.11/site-packages/airflow/example_dags/example_trigger_target_dag.py
[2024-04-16T21:59:16.530+0700] {processor.py:830} INFO - Processing file /opt/homebrew/Caskroom/miniconda/base/lib/python3.11/site-packages/airflow/example_dags/example_trigger_target_dag.py for tasks to queue
[2024-04-16T21:59:16.531+0700] {logging_mixin.py:188} INFO - [2024-04-16T21:59:16.531+0700] {dagbag.py:540} INFO - Filling up the DagBag from /opt/homebrew/Caskroom/miniconda/base/lib/python3.11/site-packages/airflow/example_dags/example_trigger_target_dag.py
[2024-04-16T21:59:16.562+0700] {processor.py:840} INFO - DAG(s) 'example_trigger_target_dag' retrieved from /opt/homebrew/Caskroom/miniconda/base/lib/python3.11/site-packages/airflow/example_dags/example_trigger_target_dag.py
[2024-04-16T21:59:16.642+0700] {logging_mixin.py:188} INFO - [2024-04-16T21:59:16.641+0700] {dag.py:3096} INFO - Sync 1 DAGs
[2024-04-16T21:59:16.648+0700] {logging_mixin.py:188} INFO - [2024-04-16T21:59:16.648+0700] {dag.py:3954} INFO - Setting next_dagrun for example_trigger_target_dag to None, run_after=None
[2024-04-16T21:59:16.664+0700] {processor.py:183} INFO - Processing /opt/homebrew/Caskroom/miniconda/base/lib/python3.11/site-packages/airflow/example_dags/example_trigger_target_dag.py took 0.142 seconds
[2024-04-16T22:00:41.435+0700] {processor.py:161} INFO - Started process (PID=74839) to work on /opt/homebrew/Caskroom/miniconda/base/lib/python3.11/site-packages/airflow/example_dags/example_trigger_target_dag.py
[2024-04-16T22:00:41.436+0700] {processor.py:830} INFO - Processing file /opt/homebrew/Caskroom/miniconda/base/lib/python3.11/site-packages/airflow/example_dags/example_trigger_target_dag.py for tasks to queue
[2024-04-16T22:00:41.436+0700] {logging_mixin.py:188} INFO - [2024-04-16T22:00:41.436+0700] {dagbag.py:540} INFO - Filling up the DagBag from /opt/homebrew/Caskroom/miniconda/base/lib/python3.11/site-packages/airflow/example_dags/example_trigger_target_dag.py
[2024-04-16T22:00:41.462+0700] {processor.py:840} INFO - DAG(s) 'example_trigger_target_dag' retrieved from /opt/homebrew/Caskroom/miniconda/base/lib/python3.11/site-packages/airflow/example_dags/example_trigger_target_dag.py
[2024-04-16T22:00:41.531+0700] {logging_mixin.py:188} INFO - [2024-04-16T22:00:41.531+0700] {dag.py:3096} INFO - Sync 1 DAGs
[2024-04-16T22:00:41.537+0700] {logging_mixin.py:188} INFO - [2024-04-16T22:00:41.537+0700] {dag.py:3954} INFO - Setting next_dagrun for example_trigger_target_dag to None, run_after=None
[2024-04-16T22:00:41.549+0700] {processor.py:183} INFO - Processing /opt/homebrew/Caskroom/miniconda/base/lib/python3.11/site-packages/airflow/example_dags/example_trigger_target_dag.py took 0.117 seconds
[2024-04-16T22:02:06.295+0700] {processor.py:161} INFO - Started process (PID=75300) to work on /opt/homebrew/Caskroom/miniconda/base/lib/python3.11/site-packages/airflow/example_dags/example_trigger_target_dag.py
[2024-04-16T22:02:06.296+0700] {processor.py:830} INFO - Processing file /opt/homebrew/Caskroom/miniconda/base/lib/python3.11/site-packages/airflow/example_dags/example_trigger_target_dag.py for tasks to queue
[2024-04-16T22:02:06.296+0700] {logging_mixin.py:188} INFO - [2024-04-16T22:02:06.296+0700] {dagbag.py:540} INFO - Filling up the DagBag from /opt/homebrew/Caskroom/miniconda/base/lib/python3.11/site-packages/airflow/example_dags/example_trigger_target_dag.py
[2024-04-16T22:02:06.318+0700] {processor.py:840} INFO - DAG(s) 'example_trigger_target_dag' retrieved from /opt/homebrew/Caskroom/miniconda/base/lib/python3.11/site-packages/airflow/example_dags/example_trigger_target_dag.py
[2024-04-16T22:02:06.379+0700] {logging_mixin.py:188} INFO - [2024-04-16T22:02:06.379+0700] {dag.py:3096} INFO - Sync 1 DAGs
[2024-04-16T22:02:06.384+0700] {logging_mixin.py:188} INFO - [2024-04-16T22:02:06.384+0700] {dag.py:3954} INFO - Setting next_dagrun for example_trigger_target_dag to None, run_after=None
[2024-04-16T22:02:06.396+0700] {processor.py:183} INFO - Processing /opt/homebrew/Caskroom/miniconda/base/lib/python3.11/site-packages/airflow/example_dags/example_trigger_target_dag.py took 0.104 seconds
[2024-04-16T22:03:32.717+0700] {processor.py:161} INFO - Started process (PID=75791) to work on /opt/homebrew/Caskroom/miniconda/base/lib/python3.11/site-packages/airflow/example_dags/example_trigger_target_dag.py
[2024-04-16T22:03:32.721+0700] {processor.py:830} INFO - Processing file /opt/homebrew/Caskroom/miniconda/base/lib/python3.11/site-packages/airflow/example_dags/example_trigger_target_dag.py for tasks to queue
[2024-04-16T22:03:32.722+0700] {logging_mixin.py:188} INFO - [2024-04-16T22:03:32.722+0700] {dagbag.py:540} INFO - Filling up the DagBag from /opt/homebrew/Caskroom/miniconda/base/lib/python3.11/site-packages/airflow/example_dags/example_trigger_target_dag.py
[2024-04-16T22:03:32.748+0700] {processor.py:840} INFO - DAG(s) 'example_trigger_target_dag' retrieved from /opt/homebrew/Caskroom/miniconda/base/lib/python3.11/site-packages/airflow/example_dags/example_trigger_target_dag.py
[2024-04-16T22:03:32.810+0700] {logging_mixin.py:188} INFO - [2024-04-16T22:03:32.809+0700] {dag.py:3096} INFO - Sync 1 DAGs
[2024-04-16T22:03:32.816+0700] {logging_mixin.py:188} INFO - [2024-04-16T22:03:32.816+0700] {dag.py:3954} INFO - Setting next_dagrun for example_trigger_target_dag to None, run_after=None
[2024-04-16T22:03:32.827+0700] {processor.py:183} INFO - Processing /opt/homebrew/Caskroom/miniconda/base/lib/python3.11/site-packages/airflow/example_dags/example_trigger_target_dag.py took 0.113 seconds
[2024-04-16T22:04:57.713+0700] {processor.py:161} INFO - Started process (PID=76209) to work on /opt/homebrew/Caskroom/miniconda/base/lib/python3.11/site-packages/airflow/example_dags/example_trigger_target_dag.py
[2024-04-16T22:04:57.715+0700] {processor.py:830} INFO - Processing file /opt/homebrew/Caskroom/miniconda/base/lib/python3.11/site-packages/airflow/example_dags/example_trigger_target_dag.py for tasks to queue
[2024-04-16T22:04:57.715+0700] {logging_mixin.py:188} INFO - [2024-04-16T22:04:57.715+0700] {dagbag.py:540} INFO - Filling up the DagBag from /opt/homebrew/Caskroom/miniconda/base/lib/python3.11/site-packages/airflow/example_dags/example_trigger_target_dag.py
[2024-04-16T22:04:57.739+0700] {processor.py:840} INFO - DAG(s) 'example_trigger_target_dag' retrieved from /opt/homebrew/Caskroom/miniconda/base/lib/python3.11/site-packages/airflow/example_dags/example_trigger_target_dag.py
[2024-04-16T22:04:57.802+0700] {logging_mixin.py:188} INFO - [2024-04-16T22:04:57.802+0700] {dag.py:3096} INFO - Sync 1 DAGs
[2024-04-16T22:04:57.807+0700] {logging_mixin.py:188} INFO - [2024-04-16T22:04:57.807+0700] {dag.py:3954} INFO - Setting next_dagrun for example_trigger_target_dag to None, run_after=None
[2024-04-16T22:04:57.819+0700] {processor.py:183} INFO - Processing /opt/homebrew/Caskroom/miniconda/base/lib/python3.11/site-packages/airflow/example_dags/example_trigger_target_dag.py took 0.108 seconds
[2024-04-16T22:06:34.660+0700] {processor.py:161} INFO - Started process (PID=76828) to work on /opt/homebrew/Caskroom/miniconda/base/lib/python3.11/site-packages/airflow/example_dags/example_trigger_target_dag.py
[2024-04-16T22:06:34.665+0700] {processor.py:830} INFO - Processing file /opt/homebrew/Caskroom/miniconda/base/lib/python3.11/site-packages/airflow/example_dags/example_trigger_target_dag.py for tasks to queue
[2024-04-16T22:06:34.666+0700] {logging_mixin.py:188} INFO - [2024-04-16T22:06:34.666+0700] {dagbag.py:540} INFO - Filling up the DagBag from /opt/homebrew/Caskroom/miniconda/base/lib/python3.11/site-packages/airflow/example_dags/example_trigger_target_dag.py
[2024-04-16T22:06:34.712+0700] {processor.py:840} INFO - DAG(s) 'example_trigger_target_dag' retrieved from /opt/homebrew/Caskroom/miniconda/base/lib/python3.11/site-packages/airflow/example_dags/example_trigger_target_dag.py
[2024-04-16T22:06:34.820+0700] {logging_mixin.py:188} INFO - [2024-04-16T22:06:34.819+0700] {dag.py:3096} INFO - Sync 1 DAGs
[2024-04-16T22:06:34.829+0700] {logging_mixin.py:188} INFO - [2024-04-16T22:06:34.828+0700] {dag.py:3954} INFO - Setting next_dagrun for example_trigger_target_dag to None, run_after=None
[2024-04-16T22:06:34.849+0700] {processor.py:183} INFO - Processing /opt/homebrew/Caskroom/miniconda/base/lib/python3.11/site-packages/airflow/example_dags/example_trigger_target_dag.py took 0.194 seconds
[2024-04-16T22:08:23.202+0700] {processor.py:161} INFO - Started process (PID=77462) to work on /opt/homebrew/Caskroom/miniconda/base/lib/python3.11/site-packages/airflow/example_dags/example_trigger_target_dag.py
[2024-04-16T22:08:23.204+0700] {processor.py:830} INFO - Processing file /opt/homebrew/Caskroom/miniconda/base/lib/python3.11/site-packages/airflow/example_dags/example_trigger_target_dag.py for tasks to queue
[2024-04-16T22:08:23.204+0700] {logging_mixin.py:188} INFO - [2024-04-16T22:08:23.204+0700] {dagbag.py:540} INFO - Filling up the DagBag from /opt/homebrew/Caskroom/miniconda/base/lib/python3.11/site-packages/airflow/example_dags/example_trigger_target_dag.py
[2024-04-16T22:08:23.232+0700] {processor.py:840} INFO - DAG(s) 'example_trigger_target_dag' retrieved from /opt/homebrew/Caskroom/miniconda/base/lib/python3.11/site-packages/airflow/example_dags/example_trigger_target_dag.py
[2024-04-16T22:08:23.307+0700] {logging_mixin.py:188} INFO - [2024-04-16T22:08:23.307+0700] {dag.py:3096} INFO - Sync 1 DAGs
[2024-04-16T22:08:23.314+0700] {logging_mixin.py:188} INFO - [2024-04-16T22:08:23.313+0700] {dag.py:3954} INFO - Setting next_dagrun for example_trigger_target_dag to None, run_after=None
[2024-04-16T22:08:23.329+0700] {processor.py:183} INFO - Processing /opt/homebrew/Caskroom/miniconda/base/lib/python3.11/site-packages/airflow/example_dags/example_trigger_target_dag.py took 0.128 seconds
[2024-04-16T22:10:00.490+0700] {processor.py:161} INFO - Started process (PID=78062) to work on /opt/homebrew/Caskroom/miniconda/base/lib/python3.11/site-packages/airflow/example_dags/example_trigger_target_dag.py
[2024-04-16T22:10:00.493+0700] {processor.py:830} INFO - Processing file /opt/homebrew/Caskroom/miniconda/base/lib/python3.11/site-packages/airflow/example_dags/example_trigger_target_dag.py for tasks to queue
[2024-04-16T22:10:00.493+0700] {logging_mixin.py:188} INFO - [2024-04-16T22:10:00.493+0700] {dagbag.py:540} INFO - Filling up the DagBag from /opt/homebrew/Caskroom/miniconda/base/lib/python3.11/site-packages/airflow/example_dags/example_trigger_target_dag.py
[2024-04-16T22:10:00.521+0700] {processor.py:840} INFO - DAG(s) 'example_trigger_target_dag' retrieved from /opt/homebrew/Caskroom/miniconda/base/lib/python3.11/site-packages/airflow/example_dags/example_trigger_target_dag.py
[2024-04-16T22:10:00.586+0700] {logging_mixin.py:188} INFO - [2024-04-16T22:10:00.586+0700] {dag.py:3096} INFO - Sync 1 DAGs
[2024-04-16T22:10:00.591+0700] {logging_mixin.py:188} INFO - [2024-04-16T22:10:00.591+0700] {dag.py:3954} INFO - Setting next_dagrun for example_trigger_target_dag to None, run_after=None
[2024-04-16T22:10:00.605+0700] {processor.py:183} INFO - Processing /opt/homebrew/Caskroom/miniconda/base/lib/python3.11/site-packages/airflow/example_dags/example_trigger_target_dag.py took 0.120 seconds
[2024-04-16T22:11:42.842+0700] {processor.py:161} INFO - Started process (PID=78594) to work on /opt/homebrew/Caskroom/miniconda/base/lib/python3.11/site-packages/airflow/example_dags/example_trigger_target_dag.py
[2024-04-16T22:11:42.843+0700] {processor.py:830} INFO - Processing file /opt/homebrew/Caskroom/miniconda/base/lib/python3.11/site-packages/airflow/example_dags/example_trigger_target_dag.py for tasks to queue
[2024-04-16T22:11:42.843+0700] {logging_mixin.py:188} INFO - [2024-04-16T22:11:42.843+0700] {dagbag.py:540} INFO - Filling up the DagBag from /opt/homebrew/Caskroom/miniconda/base/lib/python3.11/site-packages/airflow/example_dags/example_trigger_target_dag.py
[2024-04-16T22:11:42.872+0700] {processor.py:840} INFO - DAG(s) 'example_trigger_target_dag' retrieved from /opt/homebrew/Caskroom/miniconda/base/lib/python3.11/site-packages/airflow/example_dags/example_trigger_target_dag.py
[2024-04-16T22:11:42.945+0700] {logging_mixin.py:188} INFO - [2024-04-16T22:11:42.945+0700] {dag.py:3096} INFO - Sync 1 DAGs
[2024-04-16T22:11:42.951+0700] {logging_mixin.py:188} INFO - [2024-04-16T22:11:42.951+0700] {dag.py:3954} INFO - Setting next_dagrun for example_trigger_target_dag to None, run_after=None
[2024-04-16T22:11:42.965+0700] {processor.py:183} INFO - Processing /opt/homebrew/Caskroom/miniconda/base/lib/python3.11/site-packages/airflow/example_dags/example_trigger_target_dag.py took 0.126 seconds
[2024-04-16T22:13:17.544+0700] {processor.py:161} INFO - Started process (PID=79134) to work on /opt/homebrew/Caskroom/miniconda/base/lib/python3.11/site-packages/airflow/example_dags/example_trigger_target_dag.py
[2024-04-16T22:13:17.545+0700] {processor.py:830} INFO - Processing file /opt/homebrew/Caskroom/miniconda/base/lib/python3.11/site-packages/airflow/example_dags/example_trigger_target_dag.py for tasks to queue
[2024-04-16T22:13:17.545+0700] {logging_mixin.py:188} INFO - [2024-04-16T22:13:17.545+0700] {dagbag.py:540} INFO - Filling up the DagBag from /opt/homebrew/Caskroom/miniconda/base/lib/python3.11/site-packages/airflow/example_dags/example_trigger_target_dag.py
[2024-04-16T22:13:17.569+0700] {processor.py:840} INFO - DAG(s) 'example_trigger_target_dag' retrieved from /opt/homebrew/Caskroom/miniconda/base/lib/python3.11/site-packages/airflow/example_dags/example_trigger_target_dag.py
[2024-04-16T22:13:17.632+0700] {logging_mixin.py:188} INFO - [2024-04-16T22:13:17.632+0700] {dag.py:3096} INFO - Sync 1 DAGs
[2024-04-16T22:13:17.637+0700] {logging_mixin.py:188} INFO - [2024-04-16T22:13:17.637+0700] {dag.py:3954} INFO - Setting next_dagrun for example_trigger_target_dag to None, run_after=None
[2024-04-16T22:13:17.649+0700] {processor.py:183} INFO - Processing /opt/homebrew/Caskroom/miniconda/base/lib/python3.11/site-packages/airflow/example_dags/example_trigger_target_dag.py took 0.107 seconds
[2024-04-16T22:14:53.437+0700] {processor.py:161} INFO - Started process (PID=79595) to work on /opt/homebrew/Caskroom/miniconda/base/lib/python3.11/site-packages/airflow/example_dags/example_trigger_target_dag.py
[2024-04-16T22:14:53.564+0700] {processor.py:830} INFO - Processing file /opt/homebrew/Caskroom/miniconda/base/lib/python3.11/site-packages/airflow/example_dags/example_trigger_target_dag.py for tasks to queue
[2024-04-16T22:14:53.597+0700] {logging_mixin.py:188} INFO - [2024-04-16T22:14:53.596+0700] {dagbag.py:540} INFO - Filling up the DagBag from /opt/homebrew/Caskroom/miniconda/base/lib/python3.11/site-packages/airflow/example_dags/example_trigger_target_dag.py
[2024-04-16T22:14:54.081+0700] {processor.py:840} INFO - DAG(s) 'example_trigger_target_dag' retrieved from /opt/homebrew/Caskroom/miniconda/base/lib/python3.11/site-packages/airflow/example_dags/example_trigger_target_dag.py
[2024-04-16T22:14:54.345+0700] {logging_mixin.py:188} INFO - [2024-04-16T22:14:54.345+0700] {dag.py:3096} INFO - Sync 1 DAGs
[2024-04-16T22:14:54.362+0700] {logging_mixin.py:188} INFO - [2024-04-16T22:14:54.361+0700] {dag.py:3954} INFO - Setting next_dagrun for example_trigger_target_dag to None, run_after=None
[2024-04-16T22:14:54.393+0700] {processor.py:183} INFO - Processing /opt/homebrew/Caskroom/miniconda/base/lib/python3.11/site-packages/airflow/example_dags/example_trigger_target_dag.py took 0.966 seconds
[2024-04-16T22:18:23.860+0700] {processor.py:161} INFO - Started process (PID=80579) to work on /opt/homebrew/Caskroom/miniconda/base/lib/python3.11/site-packages/airflow/example_dags/example_trigger_target_dag.py
[2024-04-16T22:18:23.863+0700] {processor.py:830} INFO - Processing file /opt/homebrew/Caskroom/miniconda/base/lib/python3.11/site-packages/airflow/example_dags/example_trigger_target_dag.py for tasks to queue
[2024-04-16T22:18:23.866+0700] {logging_mixin.py:188} INFO - [2024-04-16T22:18:23.865+0700] {dagbag.py:540} INFO - Filling up the DagBag from /opt/homebrew/Caskroom/miniconda/base/lib/python3.11/site-packages/airflow/example_dags/example_trigger_target_dag.py
[2024-04-16T22:18:23.991+0700] {processor.py:840} INFO - DAG(s) 'example_trigger_target_dag' retrieved from /opt/homebrew/Caskroom/miniconda/base/lib/python3.11/site-packages/airflow/example_dags/example_trigger_target_dag.py
[2024-04-16T22:18:24.298+0700] {logging_mixin.py:188} INFO - [2024-04-16T22:18:24.295+0700] {dag.py:3096} INFO - Sync 1 DAGs
[2024-04-16T22:18:24.344+0700] {logging_mixin.py:188} INFO - [2024-04-16T22:18:24.342+0700] {dag.py:3954} INFO - Setting next_dagrun for example_trigger_target_dag to None, run_after=None
[2024-04-16T22:18:24.410+0700] {processor.py:183} INFO - Processing /opt/homebrew/Caskroom/miniconda/base/lib/python3.11/site-packages/airflow/example_dags/example_trigger_target_dag.py took 0.591 seconds
[2024-04-16T22:22:14.671+0700] {processor.py:161} INFO - Started process (PID=81656) to work on /opt/homebrew/Caskroom/miniconda/base/lib/python3.11/site-packages/airflow/example_dags/example_trigger_target_dag.py
[2024-04-16T22:22:14.672+0700] {processor.py:830} INFO - Processing file /opt/homebrew/Caskroom/miniconda/base/lib/python3.11/site-packages/airflow/example_dags/example_trigger_target_dag.py for tasks to queue
[2024-04-16T22:22:14.672+0700] {logging_mixin.py:188} INFO - [2024-04-16T22:22:14.672+0700] {dagbag.py:540} INFO - Filling up the DagBag from /opt/homebrew/Caskroom/miniconda/base/lib/python3.11/site-packages/airflow/example_dags/example_trigger_target_dag.py
[2024-04-16T22:22:14.731+0700] {processor.py:840} INFO - DAG(s) 'example_trigger_target_dag' retrieved from /opt/homebrew/Caskroom/miniconda/base/lib/python3.11/site-packages/airflow/example_dags/example_trigger_target_dag.py
[2024-04-16T22:22:14.872+0700] {logging_mixin.py:188} INFO - [2024-04-16T22:22:14.871+0700] {dag.py:3096} INFO - Sync 1 DAGs
[2024-04-16T22:22:14.889+0700] {logging_mixin.py:188} INFO - [2024-04-16T22:22:14.888+0700] {dag.py:3954} INFO - Setting next_dagrun for example_trigger_target_dag to None, run_after=None
[2024-04-16T22:22:14.919+0700] {processor.py:183} INFO - Processing /opt/homebrew/Caskroom/miniconda/base/lib/python3.11/site-packages/airflow/example_dags/example_trigger_target_dag.py took 0.253 seconds
[2024-04-16T22:26:41.994+0700] {processor.py:161} INFO - Started process (PID=82973) to work on /opt/homebrew/Caskroom/miniconda/base/lib/python3.11/site-packages/airflow/example_dags/example_trigger_target_dag.py
[2024-04-16T22:26:41.995+0700] {processor.py:830} INFO - Processing file /opt/homebrew/Caskroom/miniconda/base/lib/python3.11/site-packages/airflow/example_dags/example_trigger_target_dag.py for tasks to queue
[2024-04-16T22:26:41.996+0700] {logging_mixin.py:188} INFO - [2024-04-16T22:26:41.996+0700] {dagbag.py:540} INFO - Filling up the DagBag from /opt/homebrew/Caskroom/miniconda/base/lib/python3.11/site-packages/airflow/example_dags/example_trigger_target_dag.py
[2024-04-16T22:26:42.032+0700] {processor.py:840} INFO - DAG(s) 'example_trigger_target_dag' retrieved from /opt/homebrew/Caskroom/miniconda/base/lib/python3.11/site-packages/airflow/example_dags/example_trigger_target_dag.py
[2024-04-16T22:26:42.117+0700] {logging_mixin.py:188} INFO - [2024-04-16T22:26:42.117+0700] {dag.py:3096} INFO - Sync 1 DAGs
[2024-04-16T22:26:42.124+0700] {logging_mixin.py:188} INFO - [2024-04-16T22:26:42.124+0700] {dag.py:3954} INFO - Setting next_dagrun for example_trigger_target_dag to None, run_after=None
[2024-04-16T22:26:42.141+0700] {processor.py:183} INFO - Processing /opt/homebrew/Caskroom/miniconda/base/lib/python3.11/site-packages/airflow/example_dags/example_trigger_target_dag.py took 0.150 seconds
