[2024-04-16T20:53:36.742+0700] {processor.py:161} INFO - Started process (PID=54483) to work on /opt/homebrew/Caskroom/miniconda/base/lib/python3.11/site-packages/airflow/example_dags/example_branch_labels.py
[2024-04-16T20:53:36.742+0700] {processor.py:830} INFO - Processing file /opt/homebrew/Caskroom/miniconda/base/lib/python3.11/site-packages/airflow/example_dags/example_branch_labels.py for tasks to queue
[2024-04-16T20:53:36.743+0700] {logging_mixin.py:188} INFO - [2024-04-16T20:53:36.743+0700] {dagbag.py:540} INFO - Filling up the DagBag from /opt/homebrew/Caskroom/miniconda/base/lib/python3.11/site-packages/airflow/example_dags/example_branch_labels.py
[2024-04-16T20:53:36.749+0700] {processor.py:840} INFO - DAG(s) 'example_branch_labels' retrieved from /opt/homebrew/Caskroom/miniconda/base/lib/python3.11/site-packages/airflow/example_dags/example_branch_labels.py
[2024-04-16T20:53:36.860+0700] {logging_mixin.py:188} INFO - [2024-04-16T20:53:36.860+0700] {dag.py:3096} INFO - Sync 1 DAGs
[2024-04-16T20:53:36.869+0700] {logging_mixin.py:188} INFO - [2024-04-16T20:53:36.869+0700] {dag.py:3954} INFO - Setting next_dagrun for example_branch_labels to 2024-04-15 00:00:00+00:00, run_after=2024-04-16 00:00:00+00:00
[2024-04-16T20:53:36.880+0700] {processor.py:183} INFO - Processing /opt/homebrew/Caskroom/miniconda/base/lib/python3.11/site-packages/airflow/example_dags/example_branch_labels.py took 0.140 seconds
[2024-04-16T20:56:10.173+0700] {processor.py:161} INFO - Started process (PID=55191) to work on /opt/homebrew/Caskroom/miniconda/base/lib/python3.11/site-packages/airflow/example_dags/example_branch_labels.py
[2024-04-16T20:56:10.174+0700] {processor.py:830} INFO - Processing file /opt/homebrew/Caskroom/miniconda/base/lib/python3.11/site-packages/airflow/example_dags/example_branch_labels.py for tasks to queue
[2024-04-16T20:56:10.174+0700] {logging_mixin.py:188} INFO - [2024-04-16T20:56:10.174+0700] {dagbag.py:540} INFO - Filling up the DagBag from /opt/homebrew/Caskroom/miniconda/base/lib/python3.11/site-packages/airflow/example_dags/example_branch_labels.py
[2024-04-16T20:56:10.180+0700] {processor.py:840} INFO - DAG(s) 'example_branch_labels' retrieved from /opt/homebrew/Caskroom/miniconda/base/lib/python3.11/site-packages/airflow/example_dags/example_branch_labels.py
[2024-04-16T20:56:10.243+0700] {logging_mixin.py:188} INFO - [2024-04-16T20:56:10.243+0700] {dag.py:3096} INFO - Sync 1 DAGs
[2024-04-16T20:56:10.254+0700] {logging_mixin.py:188} INFO - [2024-04-16T20:56:10.254+0700] {dag.py:3954} INFO - Setting next_dagrun for example_branch_labels to 2024-04-15 00:00:00+00:00, run_after=2024-04-16 00:00:00+00:00
[2024-04-16T20:56:10.266+0700] {processor.py:183} INFO - Processing /opt/homebrew/Caskroom/miniconda/base/lib/python3.11/site-packages/airflow/example_dags/example_branch_labels.py took 0.094 seconds
[2024-04-16T20:58:43.603+0700] {processor.py:161} INFO - Started process (PID=55885) to work on /opt/homebrew/Caskroom/miniconda/base/lib/python3.11/site-packages/airflow/example_dags/example_branch_labels.py
[2024-04-16T20:58:43.604+0700] {processor.py:830} INFO - Processing file /opt/homebrew/Caskroom/miniconda/base/lib/python3.11/site-packages/airflow/example_dags/example_branch_labels.py for tasks to queue
[2024-04-16T20:58:43.605+0700] {logging_mixin.py:188} INFO - [2024-04-16T20:58:43.604+0700] {dagbag.py:540} INFO - Filling up the DagBag from /opt/homebrew/Caskroom/miniconda/base/lib/python3.11/site-packages/airflow/example_dags/example_branch_labels.py
[2024-04-16T20:58:43.611+0700] {processor.py:840} INFO - DAG(s) 'example_branch_labels' retrieved from /opt/homebrew/Caskroom/miniconda/base/lib/python3.11/site-packages/airflow/example_dags/example_branch_labels.py
[2024-04-16T20:58:43.675+0700] {logging_mixin.py:188} INFO - [2024-04-16T20:58:43.675+0700] {dag.py:3096} INFO - Sync 1 DAGs
[2024-04-16T20:58:43.686+0700] {logging_mixin.py:188} INFO - [2024-04-16T20:58:43.686+0700] {dag.py:3954} INFO - Setting next_dagrun for example_branch_labels to 2024-04-15 00:00:00+00:00, run_after=2024-04-16 00:00:00+00:00
[2024-04-16T20:58:43.696+0700] {processor.py:183} INFO - Processing /opt/homebrew/Caskroom/miniconda/base/lib/python3.11/site-packages/airflow/example_dags/example_branch_labels.py took 0.094 seconds
[2024-04-16T21:01:19.029+0700] {processor.py:161} INFO - Started process (PID=56588) to work on /opt/homebrew/Caskroom/miniconda/base/lib/python3.11/site-packages/airflow/example_dags/example_branch_labels.py
[2024-04-16T21:01:19.030+0700] {processor.py:830} INFO - Processing file /opt/homebrew/Caskroom/miniconda/base/lib/python3.11/site-packages/airflow/example_dags/example_branch_labels.py for tasks to queue
[2024-04-16T21:01:19.030+0700] {logging_mixin.py:188} INFO - [2024-04-16T21:01:19.030+0700] {dagbag.py:540} INFO - Filling up the DagBag from /opt/homebrew/Caskroom/miniconda/base/lib/python3.11/site-packages/airflow/example_dags/example_branch_labels.py
[2024-04-16T21:01:19.036+0700] {processor.py:840} INFO - DAG(s) 'example_branch_labels' retrieved from /opt/homebrew/Caskroom/miniconda/base/lib/python3.11/site-packages/airflow/example_dags/example_branch_labels.py
[2024-04-16T21:01:19.099+0700] {logging_mixin.py:188} INFO - [2024-04-16T21:01:19.099+0700] {dag.py:3096} INFO - Sync 1 DAGs
[2024-04-16T21:01:19.109+0700] {logging_mixin.py:188} INFO - [2024-04-16T21:01:19.109+0700] {dag.py:3954} INFO - Setting next_dagrun for example_branch_labels to 2024-04-15 00:00:00+00:00, run_after=2024-04-16 00:00:00+00:00
[2024-04-16T21:01:19.120+0700] {processor.py:183} INFO - Processing /opt/homebrew/Caskroom/miniconda/base/lib/python3.11/site-packages/airflow/example_dags/example_branch_labels.py took 0.093 seconds
[2024-04-16T21:03:50.790+0700] {processor.py:161} INFO - Started process (PID=57278) to work on /opt/homebrew/Caskroom/miniconda/base/lib/python3.11/site-packages/airflow/example_dags/example_branch_labels.py
[2024-04-16T21:03:50.791+0700] {processor.py:830} INFO - Processing file /opt/homebrew/Caskroom/miniconda/base/lib/python3.11/site-packages/airflow/example_dags/example_branch_labels.py for tasks to queue
[2024-04-16T21:03:50.792+0700] {logging_mixin.py:188} INFO - [2024-04-16T21:03:50.791+0700] {dagbag.py:540} INFO - Filling up the DagBag from /opt/homebrew/Caskroom/miniconda/base/lib/python3.11/site-packages/airflow/example_dags/example_branch_labels.py
[2024-04-16T21:03:50.798+0700] {processor.py:840} INFO - DAG(s) 'example_branch_labels' retrieved from /opt/homebrew/Caskroom/miniconda/base/lib/python3.11/site-packages/airflow/example_dags/example_branch_labels.py
[2024-04-16T21:03:50.866+0700] {logging_mixin.py:188} INFO - [2024-04-16T21:03:50.866+0700] {dag.py:3096} INFO - Sync 1 DAGs
[2024-04-16T21:03:50.877+0700] {logging_mixin.py:188} INFO - [2024-04-16T21:03:50.877+0700] {dag.py:3954} INFO - Setting next_dagrun for example_branch_labels to 2024-04-15 00:00:00+00:00, run_after=2024-04-16 00:00:00+00:00
[2024-04-16T21:03:50.889+0700] {processor.py:183} INFO - Processing /opt/homebrew/Caskroom/miniconda/base/lib/python3.11/site-packages/airflow/example_dags/example_branch_labels.py took 0.100 seconds
[2024-04-16T21:06:25.222+0700] {processor.py:161} INFO - Started process (PID=57973) to work on /opt/homebrew/Caskroom/miniconda/base/lib/python3.11/site-packages/airflow/example_dags/example_branch_labels.py
[2024-04-16T21:06:25.223+0700] {processor.py:830} INFO - Processing file /opt/homebrew/Caskroom/miniconda/base/lib/python3.11/site-packages/airflow/example_dags/example_branch_labels.py for tasks to queue
[2024-04-16T21:06:25.223+0700] {logging_mixin.py:188} INFO - [2024-04-16T21:06:25.223+0700] {dagbag.py:540} INFO - Filling up the DagBag from /opt/homebrew/Caskroom/miniconda/base/lib/python3.11/site-packages/airflow/example_dags/example_branch_labels.py
[2024-04-16T21:06:25.229+0700] {processor.py:840} INFO - DAG(s) 'example_branch_labels' retrieved from /opt/homebrew/Caskroom/miniconda/base/lib/python3.11/site-packages/airflow/example_dags/example_branch_labels.py
[2024-04-16T21:06:25.292+0700] {logging_mixin.py:188} INFO - [2024-04-16T21:06:25.291+0700] {dag.py:3096} INFO - Sync 1 DAGs
[2024-04-16T21:06:25.302+0700] {logging_mixin.py:188} INFO - [2024-04-16T21:06:25.302+0700] {dag.py:3954} INFO - Setting next_dagrun for example_branch_labels to 2024-04-15 00:00:00+00:00, run_after=2024-04-16 00:00:00+00:00
[2024-04-16T21:06:25.312+0700] {processor.py:183} INFO - Processing /opt/homebrew/Caskroom/miniconda/base/lib/python3.11/site-packages/airflow/example_dags/example_branch_labels.py took 0.092 seconds
[2024-04-16T21:08:58.356+0700] {processor.py:161} INFO - Started process (PID=58674) to work on /opt/homebrew/Caskroom/miniconda/base/lib/python3.11/site-packages/airflow/example_dags/example_branch_labels.py
[2024-04-16T21:08:58.356+0700] {processor.py:830} INFO - Processing file /opt/homebrew/Caskroom/miniconda/base/lib/python3.11/site-packages/airflow/example_dags/example_branch_labels.py for tasks to queue
[2024-04-16T21:08:58.357+0700] {logging_mixin.py:188} INFO - [2024-04-16T21:08:58.357+0700] {dagbag.py:540} INFO - Filling up the DagBag from /opt/homebrew/Caskroom/miniconda/base/lib/python3.11/site-packages/airflow/example_dags/example_branch_labels.py
[2024-04-16T21:08:58.364+0700] {processor.py:840} INFO - DAG(s) 'example_branch_labels' retrieved from /opt/homebrew/Caskroom/miniconda/base/lib/python3.11/site-packages/airflow/example_dags/example_branch_labels.py
[2024-04-16T21:08:58.437+0700] {logging_mixin.py:188} INFO - [2024-04-16T21:08:58.437+0700] {dag.py:3096} INFO - Sync 1 DAGs
[2024-04-16T21:08:58.451+0700] {logging_mixin.py:188} INFO - [2024-04-16T21:08:58.451+0700] {dag.py:3954} INFO - Setting next_dagrun for example_branch_labels to 2024-04-15 00:00:00+00:00, run_after=2024-04-16 00:00:00+00:00
[2024-04-16T21:08:58.462+0700] {processor.py:183} INFO - Processing /opt/homebrew/Caskroom/miniconda/base/lib/python3.11/site-packages/airflow/example_dags/example_branch_labels.py took 0.109 seconds
[2024-04-16T21:11:37.201+0700] {processor.py:161} INFO - Started process (PID=59392) to work on /opt/homebrew/Caskroom/miniconda/base/lib/python3.11/site-packages/airflow/example_dags/example_branch_labels.py
[2024-04-16T21:11:37.202+0700] {processor.py:830} INFO - Processing file /opt/homebrew/Caskroom/miniconda/base/lib/python3.11/site-packages/airflow/example_dags/example_branch_labels.py for tasks to queue
[2024-04-16T21:11:37.203+0700] {logging_mixin.py:188} INFO - [2024-04-16T21:11:37.203+0700] {dagbag.py:540} INFO - Filling up the DagBag from /opt/homebrew/Caskroom/miniconda/base/lib/python3.11/site-packages/airflow/example_dags/example_branch_labels.py
[2024-04-16T21:11:37.209+0700] {processor.py:840} INFO - DAG(s) 'example_branch_labels' retrieved from /opt/homebrew/Caskroom/miniconda/base/lib/python3.11/site-packages/airflow/example_dags/example_branch_labels.py
[2024-04-16T21:11:37.273+0700] {logging_mixin.py:188} INFO - [2024-04-16T21:11:37.273+0700] {dag.py:3096} INFO - Sync 1 DAGs
[2024-04-16T21:11:37.283+0700] {logging_mixin.py:188} INFO - [2024-04-16T21:11:37.283+0700] {dag.py:3954} INFO - Setting next_dagrun for example_branch_labels to 2024-04-15 00:00:00+00:00, run_after=2024-04-16 00:00:00+00:00
[2024-04-16T21:11:37.295+0700] {processor.py:183} INFO - Processing /opt/homebrew/Caskroom/miniconda/base/lib/python3.11/site-packages/airflow/example_dags/example_branch_labels.py took 0.096 seconds
[2024-04-16T21:14:13.206+0700] {processor.py:161} INFO - Started process (PID=60121) to work on /opt/homebrew/Caskroom/miniconda/base/lib/python3.11/site-packages/airflow/example_dags/example_branch_labels.py
[2024-04-16T21:14:13.208+0700] {processor.py:830} INFO - Processing file /opt/homebrew/Caskroom/miniconda/base/lib/python3.11/site-packages/airflow/example_dags/example_branch_labels.py for tasks to queue
[2024-04-16T21:14:13.208+0700] {logging_mixin.py:188} INFO - [2024-04-16T21:14:13.208+0700] {dagbag.py:540} INFO - Filling up the DagBag from /opt/homebrew/Caskroom/miniconda/base/lib/python3.11/site-packages/airflow/example_dags/example_branch_labels.py
[2024-04-16T21:14:13.214+0700] {processor.py:840} INFO - DAG(s) 'example_branch_labels' retrieved from /opt/homebrew/Caskroom/miniconda/base/lib/python3.11/site-packages/airflow/example_dags/example_branch_labels.py
[2024-04-16T21:14:13.277+0700] {logging_mixin.py:188} INFO - [2024-04-16T21:14:13.277+0700] {dag.py:3096} INFO - Sync 1 DAGs
[2024-04-16T21:14:13.288+0700] {logging_mixin.py:188} INFO - [2024-04-16T21:14:13.288+0700] {dag.py:3954} INFO - Setting next_dagrun for example_branch_labels to 2024-04-15 00:00:00+00:00, run_after=2024-04-16 00:00:00+00:00
[2024-04-16T21:14:13.299+0700] {processor.py:183} INFO - Processing /opt/homebrew/Caskroom/miniconda/base/lib/python3.11/site-packages/airflow/example_dags/example_branch_labels.py took 0.094 seconds
[2024-04-16T21:16:50.136+0700] {processor.py:161} INFO - Started process (PID=60831) to work on /opt/homebrew/Caskroom/miniconda/base/lib/python3.11/site-packages/airflow/example_dags/example_branch_labels.py
[2024-04-16T21:16:50.137+0700] {processor.py:830} INFO - Processing file /opt/homebrew/Caskroom/miniconda/base/lib/python3.11/site-packages/airflow/example_dags/example_branch_labels.py for tasks to queue
[2024-04-16T21:16:50.137+0700] {logging_mixin.py:188} INFO - [2024-04-16T21:16:50.137+0700] {dagbag.py:540} INFO - Filling up the DagBag from /opt/homebrew/Caskroom/miniconda/base/lib/python3.11/site-packages/airflow/example_dags/example_branch_labels.py
[2024-04-16T21:16:50.143+0700] {processor.py:840} INFO - DAG(s) 'example_branch_labels' retrieved from /opt/homebrew/Caskroom/miniconda/base/lib/python3.11/site-packages/airflow/example_dags/example_branch_labels.py
[2024-04-16T21:16:50.207+0700] {logging_mixin.py:188} INFO - [2024-04-16T21:16:50.207+0700] {dag.py:3096} INFO - Sync 1 DAGs
[2024-04-16T21:16:50.217+0700] {logging_mixin.py:188} INFO - [2024-04-16T21:16:50.217+0700] {dag.py:3954} INFO - Setting next_dagrun for example_branch_labels to 2024-04-15 00:00:00+00:00, run_after=2024-04-16 00:00:00+00:00
[2024-04-16T21:16:50.229+0700] {processor.py:183} INFO - Processing /opt/homebrew/Caskroom/miniconda/base/lib/python3.11/site-packages/airflow/example_dags/example_branch_labels.py took 0.094 seconds
[2024-04-16T21:19:22.130+0700] {processor.py:161} INFO - Started process (PID=61548) to work on /opt/homebrew/Caskroom/miniconda/base/lib/python3.11/site-packages/airflow/example_dags/example_branch_labels.py
[2024-04-16T21:19:22.131+0700] {processor.py:830} INFO - Processing file /opt/homebrew/Caskroom/miniconda/base/lib/python3.11/site-packages/airflow/example_dags/example_branch_labels.py for tasks to queue
[2024-04-16T21:19:22.131+0700] {logging_mixin.py:188} INFO - [2024-04-16T21:19:22.131+0700] {dagbag.py:540} INFO - Filling up the DagBag from /opt/homebrew/Caskroom/miniconda/base/lib/python3.11/site-packages/airflow/example_dags/example_branch_labels.py
[2024-04-16T21:19:22.137+0700] {processor.py:840} INFO - DAG(s) 'example_branch_labels' retrieved from /opt/homebrew/Caskroom/miniconda/base/lib/python3.11/site-packages/airflow/example_dags/example_branch_labels.py
[2024-04-16T21:19:22.202+0700] {logging_mixin.py:188} INFO - [2024-04-16T21:19:22.201+0700] {dag.py:3096} INFO - Sync 1 DAGs
[2024-04-16T21:19:22.213+0700] {logging_mixin.py:188} INFO - [2024-04-16T21:19:22.212+0700] {dag.py:3954} INFO - Setting next_dagrun for example_branch_labels to 2024-04-15 00:00:00+00:00, run_after=2024-04-16 00:00:00+00:00
[2024-04-16T21:19:22.224+0700] {processor.py:183} INFO - Processing /opt/homebrew/Caskroom/miniconda/base/lib/python3.11/site-packages/airflow/example_dags/example_branch_labels.py took 0.095 seconds
[2024-04-16T21:22:01.430+0700] {processor.py:161} INFO - Started process (PID=62290) to work on /opt/homebrew/Caskroom/miniconda/base/lib/python3.11/site-packages/airflow/example_dags/example_branch_labels.py
[2024-04-16T21:22:01.432+0700] {processor.py:830} INFO - Processing file /opt/homebrew/Caskroom/miniconda/base/lib/python3.11/site-packages/airflow/example_dags/example_branch_labels.py for tasks to queue
[2024-04-16T21:22:01.432+0700] {logging_mixin.py:188} INFO - [2024-04-16T21:22:01.432+0700] {dagbag.py:540} INFO - Filling up the DagBag from /opt/homebrew/Caskroom/miniconda/base/lib/python3.11/site-packages/airflow/example_dags/example_branch_labels.py
[2024-04-16T21:22:01.440+0700] {processor.py:840} INFO - DAG(s) 'example_branch_labels' retrieved from /opt/homebrew/Caskroom/miniconda/base/lib/python3.11/site-packages/airflow/example_dags/example_branch_labels.py
[2024-04-16T21:22:01.525+0700] {logging_mixin.py:188} INFO - [2024-04-16T21:22:01.525+0700] {dag.py:3096} INFO - Sync 1 DAGs
[2024-04-16T21:22:01.542+0700] {logging_mixin.py:188} INFO - [2024-04-16T21:22:01.542+0700] {dag.py:3954} INFO - Setting next_dagrun for example_branch_labels to 2024-04-15 00:00:00+00:00, run_after=2024-04-16 00:00:00+00:00
[2024-04-16T21:22:01.579+0700] {processor.py:183} INFO - Processing /opt/homebrew/Caskroom/miniconda/base/lib/python3.11/site-packages/airflow/example_dags/example_branch_labels.py took 0.150 seconds
[2024-04-16T21:25:07.098+0700] {processor.py:161} INFO - Started process (PID=63844) to work on /opt/homebrew/Caskroom/miniconda/base/lib/python3.11/site-packages/airflow/example_dags/example_branch_labels.py
[2024-04-16T21:25:07.099+0700] {processor.py:830} INFO - Processing file /opt/homebrew/Caskroom/miniconda/base/lib/python3.11/site-packages/airflow/example_dags/example_branch_labels.py for tasks to queue
[2024-04-16T21:25:07.099+0700] {logging_mixin.py:188} INFO - [2024-04-16T21:25:07.099+0700] {dagbag.py:540} INFO - Filling up the DagBag from /opt/homebrew/Caskroom/miniconda/base/lib/python3.11/site-packages/airflow/example_dags/example_branch_labels.py
[2024-04-16T21:25:07.105+0700] {processor.py:840} INFO - DAG(s) 'example_branch_labels' retrieved from /opt/homebrew/Caskroom/miniconda/base/lib/python3.11/site-packages/airflow/example_dags/example_branch_labels.py
[2024-04-16T21:25:07.169+0700] {logging_mixin.py:188} INFO - [2024-04-16T21:25:07.169+0700] {dag.py:3096} INFO - Sync 1 DAGs
[2024-04-16T21:25:07.180+0700] {logging_mixin.py:188} INFO - [2024-04-16T21:25:07.180+0700] {dag.py:3954} INFO - Setting next_dagrun for example_branch_labels to 2024-04-15 00:00:00+00:00, run_after=2024-04-16 00:00:00+00:00
[2024-04-16T21:25:07.190+0700] {processor.py:183} INFO - Processing /opt/homebrew/Caskroom/miniconda/base/lib/python3.11/site-packages/airflow/example_dags/example_branch_labels.py took 0.094 seconds
[2024-04-16T21:28:02.490+0700] {processor.py:161} INFO - Started process (PID=64704) to work on /opt/homebrew/Caskroom/miniconda/base/lib/python3.11/site-packages/airflow/example_dags/example_branch_labels.py
[2024-04-16T21:28:02.491+0700] {processor.py:830} INFO - Processing file /opt/homebrew/Caskroom/miniconda/base/lib/python3.11/site-packages/airflow/example_dags/example_branch_labels.py for tasks to queue
[2024-04-16T21:28:02.491+0700] {logging_mixin.py:188} INFO - [2024-04-16T21:28:02.491+0700] {dagbag.py:540} INFO - Filling up the DagBag from /opt/homebrew/Caskroom/miniconda/base/lib/python3.11/site-packages/airflow/example_dags/example_branch_labels.py
[2024-04-16T21:28:02.497+0700] {processor.py:840} INFO - DAG(s) 'example_branch_labels' retrieved from /opt/homebrew/Caskroom/miniconda/base/lib/python3.11/site-packages/airflow/example_dags/example_branch_labels.py
[2024-04-16T21:28:02.561+0700] {logging_mixin.py:188} INFO - [2024-04-16T21:28:02.561+0700] {dag.py:3096} INFO - Sync 1 DAGs
[2024-04-16T21:28:02.572+0700] {logging_mixin.py:188} INFO - [2024-04-16T21:28:02.572+0700] {dag.py:3954} INFO - Setting next_dagrun for example_branch_labels to 2024-04-15 00:00:00+00:00, run_after=2024-04-16 00:00:00+00:00
[2024-04-16T21:28:02.582+0700] {processor.py:183} INFO - Processing /opt/homebrew/Caskroom/miniconda/base/lib/python3.11/site-packages/airflow/example_dags/example_branch_labels.py took 0.095 seconds
[2024-04-16T21:30:52.651+0700] {processor.py:161} INFO - Started process (PID=65497) to work on /opt/homebrew/Caskroom/miniconda/base/lib/python3.11/site-packages/airflow/example_dags/example_branch_labels.py
[2024-04-16T21:30:52.652+0700] {processor.py:830} INFO - Processing file /opt/homebrew/Caskroom/miniconda/base/lib/python3.11/site-packages/airflow/example_dags/example_branch_labels.py for tasks to queue
[2024-04-16T21:30:52.652+0700] {logging_mixin.py:188} INFO - [2024-04-16T21:30:52.652+0700] {dagbag.py:540} INFO - Filling up the DagBag from /opt/homebrew/Caskroom/miniconda/base/lib/python3.11/site-packages/airflow/example_dags/example_branch_labels.py
[2024-04-16T21:30:52.657+0700] {processor.py:840} INFO - DAG(s) 'example_branch_labels' retrieved from /opt/homebrew/Caskroom/miniconda/base/lib/python3.11/site-packages/airflow/example_dags/example_branch_labels.py
[2024-04-16T21:30:52.720+0700] {logging_mixin.py:188} INFO - [2024-04-16T21:30:52.720+0700] {dag.py:3096} INFO - Sync 1 DAGs
[2024-04-16T21:30:52.731+0700] {logging_mixin.py:188} INFO - [2024-04-16T21:30:52.731+0700] {dag.py:3954} INFO - Setting next_dagrun for example_branch_labels to 2024-04-15 00:00:00+00:00, run_after=2024-04-16 00:00:00+00:00
[2024-04-16T21:30:52.743+0700] {processor.py:183} INFO - Processing /opt/homebrew/Caskroom/miniconda/base/lib/python3.11/site-packages/airflow/example_dags/example_branch_labels.py took 0.094 seconds
[2024-04-16T21:33:32.994+0700] {processor.py:161} INFO - Started process (PID=66241) to work on /opt/homebrew/Caskroom/miniconda/base/lib/python3.11/site-packages/airflow/example_dags/example_branch_labels.py
[2024-04-16T21:33:32.994+0700] {processor.py:830} INFO - Processing file /opt/homebrew/Caskroom/miniconda/base/lib/python3.11/site-packages/airflow/example_dags/example_branch_labels.py for tasks to queue
[2024-04-16T21:33:32.995+0700] {logging_mixin.py:188} INFO - [2024-04-16T21:33:32.995+0700] {dagbag.py:540} INFO - Filling up the DagBag from /opt/homebrew/Caskroom/miniconda/base/lib/python3.11/site-packages/airflow/example_dags/example_branch_labels.py
[2024-04-16T21:33:33.000+0700] {processor.py:840} INFO - DAG(s) 'example_branch_labels' retrieved from /opt/homebrew/Caskroom/miniconda/base/lib/python3.11/site-packages/airflow/example_dags/example_branch_labels.py
[2024-04-16T21:33:33.062+0700] {logging_mixin.py:188} INFO - [2024-04-16T21:33:33.062+0700] {dag.py:3096} INFO - Sync 1 DAGs
[2024-04-16T21:33:33.073+0700] {logging_mixin.py:188} INFO - [2024-04-16T21:33:33.073+0700] {dag.py:3954} INFO - Setting next_dagrun for example_branch_labels to 2024-04-15 00:00:00+00:00, run_after=2024-04-16 00:00:00+00:00
[2024-04-16T21:33:33.084+0700] {processor.py:183} INFO - Processing /opt/homebrew/Caskroom/miniconda/base/lib/python3.11/site-packages/airflow/example_dags/example_branch_labels.py took 0.092 seconds
[2024-04-16T21:36:14.823+0700] {processor.py:161} INFO - Started process (PID=67042) to work on /opt/homebrew/Caskroom/miniconda/base/lib/python3.11/site-packages/airflow/example_dags/example_branch_labels.py
[2024-04-16T21:36:14.823+0700] {processor.py:830} INFO - Processing file /opt/homebrew/Caskroom/miniconda/base/lib/python3.11/site-packages/airflow/example_dags/example_branch_labels.py for tasks to queue
[2024-04-16T21:36:14.824+0700] {logging_mixin.py:188} INFO - [2024-04-16T21:36:14.824+0700] {dagbag.py:540} INFO - Filling up the DagBag from /opt/homebrew/Caskroom/miniconda/base/lib/python3.11/site-packages/airflow/example_dags/example_branch_labels.py
[2024-04-16T21:36:14.831+0700] {processor.py:840} INFO - DAG(s) 'example_branch_labels' retrieved from /opt/homebrew/Caskroom/miniconda/base/lib/python3.11/site-packages/airflow/example_dags/example_branch_labels.py
[2024-04-16T21:36:14.908+0700] {logging_mixin.py:188} INFO - [2024-04-16T21:36:14.907+0700] {dag.py:3096} INFO - Sync 1 DAGs
[2024-04-16T21:36:14.923+0700] {logging_mixin.py:188} INFO - [2024-04-16T21:36:14.923+0700] {dag.py:3954} INFO - Setting next_dagrun for example_branch_labels to 2024-04-15 00:00:00+00:00, run_after=2024-04-16 00:00:00+00:00
[2024-04-16T21:36:14.942+0700] {processor.py:183} INFO - Processing /opt/homebrew/Caskroom/miniconda/base/lib/python3.11/site-packages/airflow/example_dags/example_branch_labels.py took 0.121 seconds
[2024-04-16T21:39:00.366+0700] {processor.py:161} INFO - Started process (PID=67962) to work on /opt/homebrew/Caskroom/miniconda/base/lib/python3.11/site-packages/airflow/example_dags/example_branch_labels.py
[2024-04-16T21:39:00.368+0700] {processor.py:830} INFO - Processing file /opt/homebrew/Caskroom/miniconda/base/lib/python3.11/site-packages/airflow/example_dags/example_branch_labels.py for tasks to queue
[2024-04-16T21:39:00.368+0700] {logging_mixin.py:188} INFO - [2024-04-16T21:39:00.368+0700] {dagbag.py:540} INFO - Filling up the DagBag from /opt/homebrew/Caskroom/miniconda/base/lib/python3.11/site-packages/airflow/example_dags/example_branch_labels.py
[2024-04-16T21:39:00.374+0700] {processor.py:840} INFO - DAG(s) 'example_branch_labels' retrieved from /opt/homebrew/Caskroom/miniconda/base/lib/python3.11/site-packages/airflow/example_dags/example_branch_labels.py
[2024-04-16T21:39:00.436+0700] {logging_mixin.py:188} INFO - [2024-04-16T21:39:00.435+0700] {dag.py:3096} INFO - Sync 1 DAGs
[2024-04-16T21:39:00.446+0700] {logging_mixin.py:188} INFO - [2024-04-16T21:39:00.446+0700] {dag.py:3954} INFO - Setting next_dagrun for example_branch_labels to 2024-04-15 00:00:00+00:00, run_after=2024-04-16 00:00:00+00:00
[2024-04-16T21:39:00.456+0700] {processor.py:183} INFO - Processing /opt/homebrew/Caskroom/miniconda/base/lib/python3.11/site-packages/airflow/example_dags/example_branch_labels.py took 0.092 seconds
[2024-04-16T21:42:18.819+0700] {processor.py:161} INFO - Started process (PID=68874) to work on /opt/homebrew/Caskroom/miniconda/base/lib/python3.11/site-packages/airflow/example_dags/example_branch_labels.py
[2024-04-16T21:42:18.823+0700] {processor.py:830} INFO - Processing file /opt/homebrew/Caskroom/miniconda/base/lib/python3.11/site-packages/airflow/example_dags/example_branch_labels.py for tasks to queue
[2024-04-16T21:42:18.824+0700] {logging_mixin.py:188} INFO - [2024-04-16T21:42:18.824+0700] {dagbag.py:540} INFO - Filling up the DagBag from /opt/homebrew/Caskroom/miniconda/base/lib/python3.11/site-packages/airflow/example_dags/example_branch_labels.py
[2024-04-16T21:42:18.841+0700] {processor.py:840} INFO - DAG(s) 'example_branch_labels' retrieved from /opt/homebrew/Caskroom/miniconda/base/lib/python3.11/site-packages/airflow/example_dags/example_branch_labels.py
[2024-04-16T21:42:18.972+0700] {logging_mixin.py:188} INFO - [2024-04-16T21:42:18.971+0700] {dag.py:3096} INFO - Sync 1 DAGs
[2024-04-16T21:42:18.990+0700] {logging_mixin.py:188} INFO - [2024-04-16T21:42:18.990+0700] {dag.py:3954} INFO - Setting next_dagrun for example_branch_labels to 2024-04-15 00:00:00+00:00, run_after=2024-04-16 00:00:00+00:00
[2024-04-16T21:42:19.010+0700] {processor.py:183} INFO - Processing /opt/homebrew/Caskroom/miniconda/base/lib/python3.11/site-packages/airflow/example_dags/example_branch_labels.py took 0.198 seconds
[2024-04-16T21:45:27.122+0700] {processor.py:161} INFO - Started process (PID=69734) to work on /opt/homebrew/Caskroom/miniconda/base/lib/python3.11/site-packages/airflow/example_dags/example_branch_labels.py
[2024-04-16T21:45:27.123+0700] {processor.py:830} INFO - Processing file /opt/homebrew/Caskroom/miniconda/base/lib/python3.11/site-packages/airflow/example_dags/example_branch_labels.py for tasks to queue
[2024-04-16T21:45:27.124+0700] {logging_mixin.py:188} INFO - [2024-04-16T21:45:27.124+0700] {dagbag.py:540} INFO - Filling up the DagBag from /opt/homebrew/Caskroom/miniconda/base/lib/python3.11/site-packages/airflow/example_dags/example_branch_labels.py
[2024-04-16T21:45:27.134+0700] {processor.py:840} INFO - DAG(s) 'example_branch_labels' retrieved from /opt/homebrew/Caskroom/miniconda/base/lib/python3.11/site-packages/airflow/example_dags/example_branch_labels.py
[2024-04-16T21:45:27.286+0700] {logging_mixin.py:188} INFO - [2024-04-16T21:45:27.286+0700] {dag.py:3096} INFO - Sync 1 DAGs
[2024-04-16T21:45:27.307+0700] {logging_mixin.py:188} INFO - [2024-04-16T21:45:27.306+0700] {dag.py:3954} INFO - Setting next_dagrun for example_branch_labels to 2024-04-15 00:00:00+00:00, run_after=2024-04-16 00:00:00+00:00
[2024-04-16T21:45:27.329+0700] {processor.py:183} INFO - Processing /opt/homebrew/Caskroom/miniconda/base/lib/python3.11/site-packages/airflow/example_dags/example_branch_labels.py took 0.210 seconds
[2024-04-16T21:49:16.579+0700] {processor.py:161} INFO - Started process (PID=70754) to work on /opt/homebrew/Caskroom/miniconda/base/lib/python3.11/site-packages/airflow/example_dags/example_branch_labels.py
[2024-04-16T21:49:16.582+0700] {processor.py:830} INFO - Processing file /opt/homebrew/Caskroom/miniconda/base/lib/python3.11/site-packages/airflow/example_dags/example_branch_labels.py for tasks to queue
[2024-04-16T21:49:16.583+0700] {logging_mixin.py:188} INFO - [2024-04-16T21:49:16.582+0700] {dagbag.py:540} INFO - Filling up the DagBag from /opt/homebrew/Caskroom/miniconda/base/lib/python3.11/site-packages/airflow/example_dags/example_branch_labels.py
[2024-04-16T21:49:16.599+0700] {processor.py:840} INFO - DAG(s) 'example_branch_labels' retrieved from /opt/homebrew/Caskroom/miniconda/base/lib/python3.11/site-packages/airflow/example_dags/example_branch_labels.py
[2024-04-16T21:49:16.884+0700] {logging_mixin.py:188} INFO - [2024-04-16T21:49:16.884+0700] {dag.py:3096} INFO - Sync 1 DAGs
[2024-04-16T21:49:16.922+0700] {logging_mixin.py:188} INFO - [2024-04-16T21:49:16.921+0700] {dag.py:3954} INFO - Setting next_dagrun for example_branch_labels to 2024-04-15 00:00:00+00:00, run_after=2024-04-16 00:00:00+00:00
[2024-04-16T21:49:16.955+0700] {processor.py:183} INFO - Processing /opt/homebrew/Caskroom/miniconda/base/lib/python3.11/site-packages/airflow/example_dags/example_branch_labels.py took 0.378 seconds
[2024-04-16T21:53:49.122+0700] {processor.py:161} INFO - Started process (PID=72353) to work on /opt/homebrew/Caskroom/miniconda/base/lib/python3.11/site-packages/airflow/example_dags/example_branch_labels.py
[2024-04-16T21:53:49.122+0700] {processor.py:830} INFO - Processing file /opt/homebrew/Caskroom/miniconda/base/lib/python3.11/site-packages/airflow/example_dags/example_branch_labels.py for tasks to queue
[2024-04-16T21:53:49.123+0700] {logging_mixin.py:188} INFO - [2024-04-16T21:53:49.123+0700] {dagbag.py:540} INFO - Filling up the DagBag from /opt/homebrew/Caskroom/miniconda/base/lib/python3.11/site-packages/airflow/example_dags/example_branch_labels.py
[2024-04-16T21:53:49.135+0700] {processor.py:840} INFO - DAG(s) 'example_branch_labels' retrieved from /opt/homebrew/Caskroom/miniconda/base/lib/python3.11/site-packages/airflow/example_dags/example_branch_labels.py
[2024-04-16T21:53:49.226+0700] {logging_mixin.py:188} INFO - [2024-04-16T21:53:49.226+0700] {dag.py:3096} INFO - Sync 1 DAGs
[2024-04-16T21:53:49.239+0700] {logging_mixin.py:188} INFO - [2024-04-16T21:53:49.239+0700] {dag.py:3954} INFO - Setting next_dagrun for example_branch_labels to 2024-04-15 00:00:00+00:00, run_after=2024-04-16 00:00:00+00:00
[2024-04-16T21:53:49.251+0700] {processor.py:183} INFO - Processing /opt/homebrew/Caskroom/miniconda/base/lib/python3.11/site-packages/airflow/example_dags/example_branch_labels.py took 0.132 seconds
[2024-04-16T21:57:06.773+0700] {processor.py:161} INFO - Started process (PID=73362) to work on /opt/homebrew/Caskroom/miniconda/base/lib/python3.11/site-packages/airflow/example_dags/example_branch_labels.py
[2024-04-16T21:57:06.773+0700] {processor.py:830} INFO - Processing file /opt/homebrew/Caskroom/miniconda/base/lib/python3.11/site-packages/airflow/example_dags/example_branch_labels.py for tasks to queue
[2024-04-16T21:57:06.774+0700] {logging_mixin.py:188} INFO - [2024-04-16T21:57:06.774+0700] {dagbag.py:540} INFO - Filling up the DagBag from /opt/homebrew/Caskroom/miniconda/base/lib/python3.11/site-packages/airflow/example_dags/example_branch_labels.py
[2024-04-16T21:57:06.779+0700] {processor.py:840} INFO - DAG(s) 'example_branch_labels' retrieved from /opt/homebrew/Caskroom/miniconda/base/lib/python3.11/site-packages/airflow/example_dags/example_branch_labels.py
[2024-04-16T21:57:06.848+0700] {logging_mixin.py:188} INFO - [2024-04-16T21:57:06.847+0700] {dag.py:3096} INFO - Sync 1 DAGs
[2024-04-16T21:57:06.859+0700] {logging_mixin.py:188} INFO - [2024-04-16T21:57:06.859+0700] {dag.py:3954} INFO - Setting next_dagrun for example_branch_labels to 2024-04-15 00:00:00+00:00, run_after=2024-04-16 00:00:00+00:00
[2024-04-16T21:57:06.870+0700] {processor.py:183} INFO - Processing /opt/homebrew/Caskroom/miniconda/base/lib/python3.11/site-packages/airflow/example_dags/example_branch_labels.py took 0.099 seconds
[2024-04-16T21:59:58.567+0700] {processor.py:161} INFO - Started process (PID=74631) to work on /opt/homebrew/Caskroom/miniconda/base/lib/python3.11/site-packages/airflow/example_dags/example_branch_labels.py
[2024-04-16T21:59:58.568+0700] {processor.py:830} INFO - Processing file /opt/homebrew/Caskroom/miniconda/base/lib/python3.11/site-packages/airflow/example_dags/example_branch_labels.py for tasks to queue
[2024-04-16T21:59:58.569+0700] {logging_mixin.py:188} INFO - [2024-04-16T21:59:58.569+0700] {dagbag.py:540} INFO - Filling up the DagBag from /opt/homebrew/Caskroom/miniconda/base/lib/python3.11/site-packages/airflow/example_dags/example_branch_labels.py
[2024-04-16T21:59:58.576+0700] {processor.py:840} INFO - DAG(s) 'example_branch_labels' retrieved from /opt/homebrew/Caskroom/miniconda/base/lib/python3.11/site-packages/airflow/example_dags/example_branch_labels.py
[2024-04-16T21:59:58.641+0700] {logging_mixin.py:188} INFO - [2024-04-16T21:59:58.641+0700] {dag.py:3096} INFO - Sync 1 DAGs
[2024-04-16T21:59:58.652+0700] {logging_mixin.py:188} INFO - [2024-04-16T21:59:58.652+0700] {dag.py:3954} INFO - Setting next_dagrun for example_branch_labels to 2024-04-15 00:00:00+00:00, run_after=2024-04-16 00:00:00+00:00
[2024-04-16T21:59:58.662+0700] {processor.py:183} INFO - Processing /opt/homebrew/Caskroom/miniconda/base/lib/python3.11/site-packages/airflow/example_dags/example_branch_labels.py took 0.098 seconds
[2024-04-16T22:02:48.632+0700] {processor.py:161} INFO - Started process (PID=75551) to work on /opt/homebrew/Caskroom/miniconda/base/lib/python3.11/site-packages/airflow/example_dags/example_branch_labels.py
[2024-04-16T22:02:48.634+0700] {processor.py:830} INFO - Processing file /opt/homebrew/Caskroom/miniconda/base/lib/python3.11/site-packages/airflow/example_dags/example_branch_labels.py for tasks to queue
[2024-04-16T22:02:48.635+0700] {logging_mixin.py:188} INFO - [2024-04-16T22:02:48.635+0700] {dagbag.py:540} INFO - Filling up the DagBag from /opt/homebrew/Caskroom/miniconda/base/lib/python3.11/site-packages/airflow/example_dags/example_branch_labels.py
[2024-04-16T22:02:48.641+0700] {processor.py:840} INFO - DAG(s) 'example_branch_labels' retrieved from /opt/homebrew/Caskroom/miniconda/base/lib/python3.11/site-packages/airflow/example_dags/example_branch_labels.py
[2024-04-16T22:02:48.704+0700] {logging_mixin.py:188} INFO - [2024-04-16T22:02:48.704+0700] {dag.py:3096} INFO - Sync 1 DAGs
[2024-04-16T22:02:48.715+0700] {logging_mixin.py:188} INFO - [2024-04-16T22:02:48.715+0700] {dag.py:3954} INFO - Setting next_dagrun for example_branch_labels to 2024-04-15 00:00:00+00:00, run_after=2024-04-16 00:00:00+00:00
[2024-04-16T22:02:48.726+0700] {processor.py:183} INFO - Processing /opt/homebrew/Caskroom/miniconda/base/lib/python3.11/site-packages/airflow/example_dags/example_branch_labels.py took 0.096 seconds
[2024-04-16T22:05:46.988+0700] {processor.py:161} INFO - Started process (PID=76582) to work on /opt/homebrew/Caskroom/miniconda/base/lib/python3.11/site-packages/airflow/example_dags/example_branch_labels.py
[2024-04-16T22:05:46.989+0700] {processor.py:830} INFO - Processing file /opt/homebrew/Caskroom/miniconda/base/lib/python3.11/site-packages/airflow/example_dags/example_branch_labels.py for tasks to queue
[2024-04-16T22:05:46.990+0700] {logging_mixin.py:188} INFO - [2024-04-16T22:05:46.990+0700] {dagbag.py:540} INFO - Filling up the DagBag from /opt/homebrew/Caskroom/miniconda/base/lib/python3.11/site-packages/airflow/example_dags/example_branch_labels.py
[2024-04-16T22:05:46.996+0700] {processor.py:840} INFO - DAG(s) 'example_branch_labels' retrieved from /opt/homebrew/Caskroom/miniconda/base/lib/python3.11/site-packages/airflow/example_dags/example_branch_labels.py
[2024-04-16T22:05:47.063+0700] {logging_mixin.py:188} INFO - [2024-04-16T22:05:47.062+0700] {dag.py:3096} INFO - Sync 1 DAGs
[2024-04-16T22:05:47.075+0700] {logging_mixin.py:188} INFO - [2024-04-16T22:05:47.075+0700] {dag.py:3954} INFO - Setting next_dagrun for example_branch_labels to 2024-04-15 00:00:00+00:00, run_after=2024-04-16 00:00:00+00:00
[2024-04-16T22:05:47.093+0700] {processor.py:183} INFO - Processing /opt/homebrew/Caskroom/miniconda/base/lib/python3.11/site-packages/airflow/example_dags/example_branch_labels.py took 0.106 seconds
[2024-04-16T22:09:16.540+0700] {processor.py:161} INFO - Started process (PID=77724) to work on /opt/homebrew/Caskroom/miniconda/base/lib/python3.11/site-packages/airflow/example_dags/example_branch_labels.py
[2024-04-16T22:09:16.541+0700] {processor.py:830} INFO - Processing file /opt/homebrew/Caskroom/miniconda/base/lib/python3.11/site-packages/airflow/example_dags/example_branch_labels.py for tasks to queue
[2024-04-16T22:09:16.541+0700] {logging_mixin.py:188} INFO - [2024-04-16T22:09:16.541+0700] {dagbag.py:540} INFO - Filling up the DagBag from /opt/homebrew/Caskroom/miniconda/base/lib/python3.11/site-packages/airflow/example_dags/example_branch_labels.py
[2024-04-16T22:09:16.550+0700] {processor.py:840} INFO - DAG(s) 'example_branch_labels' retrieved from /opt/homebrew/Caskroom/miniconda/base/lib/python3.11/site-packages/airflow/example_dags/example_branch_labels.py
[2024-04-16T22:09:16.632+0700] {logging_mixin.py:188} INFO - [2024-04-16T22:09:16.632+0700] {dag.py:3096} INFO - Sync 1 DAGs
[2024-04-16T22:09:16.644+0700] {logging_mixin.py:188} INFO - [2024-04-16T22:09:16.644+0700] {dag.py:3954} INFO - Setting next_dagrun for example_branch_labels to 2024-04-15 00:00:00+00:00, run_after=2024-04-16 00:00:00+00:00
[2024-04-16T22:09:16.656+0700] {processor.py:183} INFO - Processing /opt/homebrew/Caskroom/miniconda/base/lib/python3.11/site-packages/airflow/example_dags/example_branch_labels.py took 0.119 seconds
[2024-04-16T22:12:31.006+0700] {processor.py:161} INFO - Started process (PID=78840) to work on /opt/homebrew/Caskroom/miniconda/base/lib/python3.11/site-packages/airflow/example_dags/example_branch_labels.py
[2024-04-16T22:12:31.007+0700] {processor.py:830} INFO - Processing file /opt/homebrew/Caskroom/miniconda/base/lib/python3.11/site-packages/airflow/example_dags/example_branch_labels.py for tasks to queue
[2024-04-16T22:12:31.008+0700] {logging_mixin.py:188} INFO - [2024-04-16T22:12:31.008+0700] {dagbag.py:540} INFO - Filling up the DagBag from /opt/homebrew/Caskroom/miniconda/base/lib/python3.11/site-packages/airflow/example_dags/example_branch_labels.py
[2024-04-16T22:12:31.014+0700] {processor.py:840} INFO - DAG(s) 'example_branch_labels' retrieved from /opt/homebrew/Caskroom/miniconda/base/lib/python3.11/site-packages/airflow/example_dags/example_branch_labels.py
[2024-04-16T22:12:31.077+0700] {logging_mixin.py:188} INFO - [2024-04-16T22:12:31.076+0700] {dag.py:3096} INFO - Sync 1 DAGs
[2024-04-16T22:12:31.087+0700] {logging_mixin.py:188} INFO - [2024-04-16T22:12:31.087+0700] {dag.py:3954} INFO - Setting next_dagrun for example_branch_labels to 2024-04-15 00:00:00+00:00, run_after=2024-04-16 00:00:00+00:00
[2024-04-16T22:12:31.098+0700] {processor.py:183} INFO - Processing /opt/homebrew/Caskroom/miniconda/base/lib/python3.11/site-packages/airflow/example_dags/example_branch_labels.py took 0.093 seconds
[2024-04-16T22:16:38.108+0700] {processor.py:161} INFO - Started process (PID=80120) to work on /opt/homebrew/Caskroom/miniconda/base/lib/python3.11/site-packages/airflow/example_dags/example_branch_labels.py
[2024-04-16T22:16:38.115+0700] {processor.py:830} INFO - Processing file /opt/homebrew/Caskroom/miniconda/base/lib/python3.11/site-packages/airflow/example_dags/example_branch_labels.py for tasks to queue
[2024-04-16T22:16:38.117+0700] {logging_mixin.py:188} INFO - [2024-04-16T22:16:38.116+0700] {dagbag.py:540} INFO - Filling up the DagBag from /opt/homebrew/Caskroom/miniconda/base/lib/python3.11/site-packages/airflow/example_dags/example_branch_labels.py
[2024-04-16T22:16:38.179+0700] {processor.py:840} INFO - DAG(s) 'example_branch_labels' retrieved from /opt/homebrew/Caskroom/miniconda/base/lib/python3.11/site-packages/airflow/example_dags/example_branch_labels.py
[2024-04-16T22:16:38.676+0700] {logging_mixin.py:188} INFO - [2024-04-16T22:16:38.676+0700] {dag.py:3096} INFO - Sync 1 DAGs
[2024-04-16T22:16:38.755+0700] {logging_mixin.py:188} INFO - [2024-04-16T22:16:38.754+0700] {dag.py:3954} INFO - Setting next_dagrun for example_branch_labels to 2024-04-15 00:00:00+00:00, run_after=2024-04-16 00:00:00+00:00
[2024-04-16T22:16:38.822+0700] {processor.py:183} INFO - Processing /opt/homebrew/Caskroom/miniconda/base/lib/python3.11/site-packages/airflow/example_dags/example_branch_labels.py took 0.759 seconds
[2024-04-16T22:25:12.956+0700] {processor.py:161} INFO - Started process (PID=82520) to work on /opt/homebrew/Caskroom/miniconda/base/lib/python3.11/site-packages/airflow/example_dags/example_branch_labels.py
[2024-04-16T22:25:12.957+0700] {processor.py:830} INFO - Processing file /opt/homebrew/Caskroom/miniconda/base/lib/python3.11/site-packages/airflow/example_dags/example_branch_labels.py for tasks to queue
[2024-04-16T22:25:12.957+0700] {logging_mixin.py:188} INFO - [2024-04-16T22:25:12.957+0700] {dagbag.py:540} INFO - Filling up the DagBag from /opt/homebrew/Caskroom/miniconda/base/lib/python3.11/site-packages/airflow/example_dags/example_branch_labels.py
[2024-04-16T22:25:12.965+0700] {processor.py:840} INFO - DAG(s) 'example_branch_labels' retrieved from /opt/homebrew/Caskroom/miniconda/base/lib/python3.11/site-packages/airflow/example_dags/example_branch_labels.py
[2024-04-16T22:25:13.036+0700] {logging_mixin.py:188} INFO - [2024-04-16T22:25:13.035+0700] {dag.py:3096} INFO - Sync 1 DAGs
[2024-04-16T22:25:13.049+0700] {logging_mixin.py:188} INFO - [2024-04-16T22:25:13.049+0700] {dag.py:3954} INFO - Setting next_dagrun for example_branch_labels to 2024-04-15 00:00:00+00:00, run_after=2024-04-16 00:00:00+00:00
[2024-04-16T22:25:13.061+0700] {processor.py:183} INFO - Processing /opt/homebrew/Caskroom/miniconda/base/lib/python3.11/site-packages/airflow/example_dags/example_branch_labels.py took 0.108 seconds
