[2024-04-16T20:53:02.242+0700] {processor.py:161} INFO - Started process (PID=54303) to work on /opt/homebrew/Caskroom/miniconda/base/lib/python3.11/site-packages/airflow/example_dags/example_params_trigger_ui.py
[2024-04-16T20:53:02.243+0700] {processor.py:830} INFO - Processing file /opt/homebrew/Caskroom/miniconda/base/lib/python3.11/site-packages/airflow/example_dags/example_params_trigger_ui.py for tasks to queue
[2024-04-16T20:53:02.243+0700] {logging_mixin.py:188} INFO - [2024-04-16T20:53:02.243+0700] {dagbag.py:540} INFO - Filling up the DagBag from /opt/homebrew/Caskroom/miniconda/base/lib/python3.11/site-packages/airflow/example_dags/example_params_trigger_ui.py
[2024-04-16T20:53:02.271+0700] {processor.py:840} INFO - DAG(s) 'example_params_trigger_ui' retrieved from /opt/homebrew/Caskroom/miniconda/base/lib/python3.11/site-packages/airflow/example_dags/example_params_trigger_ui.py
[2024-04-16T20:53:02.430+0700] {logging_mixin.py:188} INFO - [2024-04-16T20:53:02.429+0700] {dag.py:3096} INFO - Sync 1 DAGs
[2024-04-16T20:53:02.435+0700] {logging_mixin.py:188} INFO - [2024-04-16T20:53:02.435+0700] {dag.py:3954} INFO - Setting next_dagrun for example_params_trigger_ui to None, run_after=None
[2024-04-16T20:53:02.446+0700] {processor.py:183} INFO - Processing /opt/homebrew/Caskroom/miniconda/base/lib/python3.11/site-packages/airflow/example_dags/example_params_trigger_ui.py took 0.205 seconds
[2024-04-16T20:54:52.152+0700] {processor.py:161} INFO - Started process (PID=54845) to work on /opt/homebrew/Caskroom/miniconda/base/lib/python3.11/site-packages/airflow/example_dags/example_params_trigger_ui.py
[2024-04-16T20:54:52.153+0700] {processor.py:830} INFO - Processing file /opt/homebrew/Caskroom/miniconda/base/lib/python3.11/site-packages/airflow/example_dags/example_params_trigger_ui.py for tasks to queue
[2024-04-16T20:54:52.153+0700] {logging_mixin.py:188} INFO - [2024-04-16T20:54:52.153+0700] {dagbag.py:540} INFO - Filling up the DagBag from /opt/homebrew/Caskroom/miniconda/base/lib/python3.11/site-packages/airflow/example_dags/example_params_trigger_ui.py
[2024-04-16T20:54:52.178+0700] {processor.py:840} INFO - DAG(s) 'example_params_trigger_ui' retrieved from /opt/homebrew/Caskroom/miniconda/base/lib/python3.11/site-packages/airflow/example_dags/example_params_trigger_ui.py
[2024-04-16T20:54:52.251+0700] {logging_mixin.py:188} INFO - [2024-04-16T20:54:52.251+0700] {dag.py:3096} INFO - Sync 1 DAGs
[2024-04-16T20:54:52.258+0700] {logging_mixin.py:188} INFO - [2024-04-16T20:54:52.258+0700] {dag.py:3954} INFO - Setting next_dagrun for example_params_trigger_ui to None, run_after=None
[2024-04-16T20:54:52.280+0700] {processor.py:183} INFO - Processing /opt/homebrew/Caskroom/miniconda/base/lib/python3.11/site-packages/airflow/example_dags/example_params_trigger_ui.py took 0.130 seconds
[2024-04-16T20:57:23.655+0700] {processor.py:161} INFO - Started process (PID=55523) to work on /opt/homebrew/Caskroom/miniconda/base/lib/python3.11/site-packages/airflow/example_dags/example_params_trigger_ui.py
[2024-04-16T20:57:23.656+0700] {processor.py:830} INFO - Processing file /opt/homebrew/Caskroom/miniconda/base/lib/python3.11/site-packages/airflow/example_dags/example_params_trigger_ui.py for tasks to queue
[2024-04-16T20:57:23.657+0700] {logging_mixin.py:188} INFO - [2024-04-16T20:57:23.657+0700] {dagbag.py:540} INFO - Filling up the DagBag from /opt/homebrew/Caskroom/miniconda/base/lib/python3.11/site-packages/airflow/example_dags/example_params_trigger_ui.py
[2024-04-16T20:57:23.683+0700] {processor.py:840} INFO - DAG(s) 'example_params_trigger_ui' retrieved from /opt/homebrew/Caskroom/miniconda/base/lib/python3.11/site-packages/airflow/example_dags/example_params_trigger_ui.py
[2024-04-16T20:57:23.758+0700] {logging_mixin.py:188} INFO - [2024-04-16T20:57:23.757+0700] {dag.py:3096} INFO - Sync 1 DAGs
[2024-04-16T20:57:23.763+0700] {logging_mixin.py:188} INFO - [2024-04-16T20:57:23.763+0700] {dag.py:3954} INFO - Setting next_dagrun for example_params_trigger_ui to None, run_after=None
[2024-04-16T20:57:23.775+0700] {processor.py:183} INFO - Processing /opt/homebrew/Caskroom/miniconda/base/lib/python3.11/site-packages/airflow/example_dags/example_params_trigger_ui.py took 0.122 seconds
[2024-04-16T20:59:56.995+0700] {processor.py:161} INFO - Started process (PID=56218) to work on /opt/homebrew/Caskroom/miniconda/base/lib/python3.11/site-packages/airflow/example_dags/example_params_trigger_ui.py
[2024-04-16T20:59:56.996+0700] {processor.py:830} INFO - Processing file /opt/homebrew/Caskroom/miniconda/base/lib/python3.11/site-packages/airflow/example_dags/example_params_trigger_ui.py for tasks to queue
[2024-04-16T20:59:56.996+0700] {logging_mixin.py:188} INFO - [2024-04-16T20:59:56.996+0700] {dagbag.py:540} INFO - Filling up the DagBag from /opt/homebrew/Caskroom/miniconda/base/lib/python3.11/site-packages/airflow/example_dags/example_params_trigger_ui.py
[2024-04-16T20:59:57.022+0700] {processor.py:840} INFO - DAG(s) 'example_params_trigger_ui' retrieved from /opt/homebrew/Caskroom/miniconda/base/lib/python3.11/site-packages/airflow/example_dags/example_params_trigger_ui.py
[2024-04-16T20:59:57.098+0700] {logging_mixin.py:188} INFO - [2024-04-16T20:59:57.098+0700] {dag.py:3096} INFO - Sync 1 DAGs
[2024-04-16T20:59:57.103+0700] {logging_mixin.py:188} INFO - [2024-04-16T20:59:57.103+0700] {dag.py:3954} INFO - Setting next_dagrun for example_params_trigger_ui to None, run_after=None
[2024-04-16T20:59:57.114+0700] {processor.py:183} INFO - Processing /opt/homebrew/Caskroom/miniconda/base/lib/python3.11/site-packages/airflow/example_dags/example_params_trigger_ui.py took 0.121 seconds
[2024-04-16T21:02:30.602+0700] {processor.py:161} INFO - Started process (PID=56913) to work on /opt/homebrew/Caskroom/miniconda/base/lib/python3.11/site-packages/airflow/example_dags/example_params_trigger_ui.py
[2024-04-16T21:02:30.603+0700] {processor.py:830} INFO - Processing file /opt/homebrew/Caskroom/miniconda/base/lib/python3.11/site-packages/airflow/example_dags/example_params_trigger_ui.py for tasks to queue
[2024-04-16T21:02:30.604+0700] {logging_mixin.py:188} INFO - [2024-04-16T21:02:30.604+0700] {dagbag.py:540} INFO - Filling up the DagBag from /opt/homebrew/Caskroom/miniconda/base/lib/python3.11/site-packages/airflow/example_dags/example_params_trigger_ui.py
[2024-04-16T21:02:30.629+0700] {processor.py:840} INFO - DAG(s) 'example_params_trigger_ui' retrieved from /opt/homebrew/Caskroom/miniconda/base/lib/python3.11/site-packages/airflow/example_dags/example_params_trigger_ui.py
[2024-04-16T21:02:30.701+0700] {logging_mixin.py:188} INFO - [2024-04-16T21:02:30.701+0700] {dag.py:3096} INFO - Sync 1 DAGs
[2024-04-16T21:02:30.707+0700] {logging_mixin.py:188} INFO - [2024-04-16T21:02:30.707+0700] {dag.py:3954} INFO - Setting next_dagrun for example_params_trigger_ui to None, run_after=None
[2024-04-16T21:02:30.717+0700] {processor.py:183} INFO - Processing /opt/homebrew/Caskroom/miniconda/base/lib/python3.11/site-packages/airflow/example_dags/example_params_trigger_ui.py took 0.117 seconds
[2024-04-16T21:05:03.508+0700] {processor.py:161} INFO - Started process (PID=57602) to work on /opt/homebrew/Caskroom/miniconda/base/lib/python3.11/site-packages/airflow/example_dags/example_params_trigger_ui.py
[2024-04-16T21:05:03.509+0700] {processor.py:830} INFO - Processing file /opt/homebrew/Caskroom/miniconda/base/lib/python3.11/site-packages/airflow/example_dags/example_params_trigger_ui.py for tasks to queue
[2024-04-16T21:05:03.509+0700] {logging_mixin.py:188} INFO - [2024-04-16T21:05:03.509+0700] {dagbag.py:540} INFO - Filling up the DagBag from /opt/homebrew/Caskroom/miniconda/base/lib/python3.11/site-packages/airflow/example_dags/example_params_trigger_ui.py
[2024-04-16T21:05:03.534+0700] {processor.py:840} INFO - DAG(s) 'example_params_trigger_ui' retrieved from /opt/homebrew/Caskroom/miniconda/base/lib/python3.11/site-packages/airflow/example_dags/example_params_trigger_ui.py
[2024-04-16T21:05:03.607+0700] {logging_mixin.py:188} INFO - [2024-04-16T21:05:03.607+0700] {dag.py:3096} INFO - Sync 1 DAGs
[2024-04-16T21:05:03.613+0700] {logging_mixin.py:188} INFO - [2024-04-16T21:05:03.613+0700] {dag.py:3954} INFO - Setting next_dagrun for example_params_trigger_ui to None, run_after=None
[2024-04-16T21:05:03.624+0700] {processor.py:183} INFO - Processing /opt/homebrew/Caskroom/miniconda/base/lib/python3.11/site-packages/airflow/example_dags/example_params_trigger_ui.py took 0.118 seconds
[2024-04-16T21:07:37.434+0700] {processor.py:161} INFO - Started process (PID=58305) to work on /opt/homebrew/Caskroom/miniconda/base/lib/python3.11/site-packages/airflow/example_dags/example_params_trigger_ui.py
[2024-04-16T21:07:37.435+0700] {processor.py:830} INFO - Processing file /opt/homebrew/Caskroom/miniconda/base/lib/python3.11/site-packages/airflow/example_dags/example_params_trigger_ui.py for tasks to queue
[2024-04-16T21:07:37.436+0700] {logging_mixin.py:188} INFO - [2024-04-16T21:07:37.436+0700] {dagbag.py:540} INFO - Filling up the DagBag from /opt/homebrew/Caskroom/miniconda/base/lib/python3.11/site-packages/airflow/example_dags/example_params_trigger_ui.py
[2024-04-16T21:07:37.464+0700] {processor.py:840} INFO - DAG(s) 'example_params_trigger_ui' retrieved from /opt/homebrew/Caskroom/miniconda/base/lib/python3.11/site-packages/airflow/example_dags/example_params_trigger_ui.py
[2024-04-16T21:07:37.542+0700] {logging_mixin.py:188} INFO - [2024-04-16T21:07:37.541+0700] {dag.py:3096} INFO - Sync 1 DAGs
[2024-04-16T21:07:37.548+0700] {logging_mixin.py:188} INFO - [2024-04-16T21:07:37.548+0700] {dag.py:3954} INFO - Setting next_dagrun for example_params_trigger_ui to None, run_after=None
[2024-04-16T21:07:37.561+0700] {processor.py:183} INFO - Processing /opt/homebrew/Caskroom/miniconda/base/lib/python3.11/site-packages/airflow/example_dags/example_params_trigger_ui.py took 0.128 seconds
[2024-04-16T21:10:14.405+0700] {processor.py:161} INFO - Started process (PID=59020) to work on /opt/homebrew/Caskroom/miniconda/base/lib/python3.11/site-packages/airflow/example_dags/example_params_trigger_ui.py
[2024-04-16T21:10:14.406+0700] {processor.py:830} INFO - Processing file /opt/homebrew/Caskroom/miniconda/base/lib/python3.11/site-packages/airflow/example_dags/example_params_trigger_ui.py for tasks to queue
[2024-04-16T21:10:14.406+0700] {logging_mixin.py:188} INFO - [2024-04-16T21:10:14.406+0700] {dagbag.py:540} INFO - Filling up the DagBag from /opt/homebrew/Caskroom/miniconda/base/lib/python3.11/site-packages/airflow/example_dags/example_params_trigger_ui.py
[2024-04-16T21:10:14.432+0700] {processor.py:840} INFO - DAG(s) 'example_params_trigger_ui' retrieved from /opt/homebrew/Caskroom/miniconda/base/lib/python3.11/site-packages/airflow/example_dags/example_params_trigger_ui.py
[2024-04-16T21:10:14.505+0700] {logging_mixin.py:188} INFO - [2024-04-16T21:10:14.505+0700] {dag.py:3096} INFO - Sync 1 DAGs
[2024-04-16T21:10:14.510+0700] {logging_mixin.py:188} INFO - [2024-04-16T21:10:14.510+0700] {dag.py:3954} INFO - Setting next_dagrun for example_params_trigger_ui to None, run_after=None
[2024-04-16T21:10:14.521+0700] {processor.py:183} INFO - Processing /opt/homebrew/Caskroom/miniconda/base/lib/python3.11/site-packages/airflow/example_dags/example_params_trigger_ui.py took 0.118 seconds
[2024-04-16T21:12:51.470+0700] {processor.py:161} INFO - Started process (PID=59743) to work on /opt/homebrew/Caskroom/miniconda/base/lib/python3.11/site-packages/airflow/example_dags/example_params_trigger_ui.py
[2024-04-16T21:12:51.471+0700] {processor.py:830} INFO - Processing file /opt/homebrew/Caskroom/miniconda/base/lib/python3.11/site-packages/airflow/example_dags/example_params_trigger_ui.py for tasks to queue
[2024-04-16T21:12:51.472+0700] {logging_mixin.py:188} INFO - [2024-04-16T21:12:51.472+0700] {dagbag.py:540} INFO - Filling up the DagBag from /opt/homebrew/Caskroom/miniconda/base/lib/python3.11/site-packages/airflow/example_dags/example_params_trigger_ui.py
[2024-04-16T21:12:51.502+0700] {processor.py:840} INFO - DAG(s) 'example_params_trigger_ui' retrieved from /opt/homebrew/Caskroom/miniconda/base/lib/python3.11/site-packages/airflow/example_dags/example_params_trigger_ui.py
[2024-04-16T21:12:51.583+0700] {logging_mixin.py:188} INFO - [2024-04-16T21:12:51.583+0700] {dag.py:3096} INFO - Sync 1 DAGs
[2024-04-16T21:12:51.588+0700] {logging_mixin.py:188} INFO - [2024-04-16T21:12:51.588+0700] {dag.py:3954} INFO - Setting next_dagrun for example_params_trigger_ui to None, run_after=None
[2024-04-16T21:12:51.602+0700] {processor.py:183} INFO - Processing /opt/homebrew/Caskroom/miniconda/base/lib/python3.11/site-packages/airflow/example_dags/example_params_trigger_ui.py took 0.134 seconds
[2024-04-16T21:15:28.978+0700] {processor.py:161} INFO - Started process (PID=60468) to work on /opt/homebrew/Caskroom/miniconda/base/lib/python3.11/site-packages/airflow/example_dags/example_params_trigger_ui.py
[2024-04-16T21:15:28.979+0700] {processor.py:830} INFO - Processing file /opt/homebrew/Caskroom/miniconda/base/lib/python3.11/site-packages/airflow/example_dags/example_params_trigger_ui.py for tasks to queue
[2024-04-16T21:15:28.979+0700] {logging_mixin.py:188} INFO - [2024-04-16T21:15:28.979+0700] {dagbag.py:540} INFO - Filling up the DagBag from /opt/homebrew/Caskroom/miniconda/base/lib/python3.11/site-packages/airflow/example_dags/example_params_trigger_ui.py
[2024-04-16T21:15:29.005+0700] {processor.py:840} INFO - DAG(s) 'example_params_trigger_ui' retrieved from /opt/homebrew/Caskroom/miniconda/base/lib/python3.11/site-packages/airflow/example_dags/example_params_trigger_ui.py
[2024-04-16T21:15:29.080+0700] {logging_mixin.py:188} INFO - [2024-04-16T21:15:29.079+0700] {dag.py:3096} INFO - Sync 1 DAGs
[2024-04-16T21:15:29.085+0700] {logging_mixin.py:188} INFO - [2024-04-16T21:15:29.085+0700] {dag.py:3954} INFO - Setting next_dagrun for example_params_trigger_ui to None, run_after=None
[2024-04-16T21:15:29.097+0700] {processor.py:183} INFO - Processing /opt/homebrew/Caskroom/miniconda/base/lib/python3.11/site-packages/airflow/example_dags/example_params_trigger_ui.py took 0.120 seconds
[2024-04-16T21:18:02.340+0700] {processor.py:161} INFO - Started process (PID=61175) to work on /opt/homebrew/Caskroom/miniconda/base/lib/python3.11/site-packages/airflow/example_dags/example_params_trigger_ui.py
[2024-04-16T21:18:02.342+0700] {processor.py:830} INFO - Processing file /opt/homebrew/Caskroom/miniconda/base/lib/python3.11/site-packages/airflow/example_dags/example_params_trigger_ui.py for tasks to queue
[2024-04-16T21:18:02.342+0700] {logging_mixin.py:188} INFO - [2024-04-16T21:18:02.342+0700] {dagbag.py:540} INFO - Filling up the DagBag from /opt/homebrew/Caskroom/miniconda/base/lib/python3.11/site-packages/airflow/example_dags/example_params_trigger_ui.py
[2024-04-16T21:18:02.367+0700] {processor.py:840} INFO - DAG(s) 'example_params_trigger_ui' retrieved from /opt/homebrew/Caskroom/miniconda/base/lib/python3.11/site-packages/airflow/example_dags/example_params_trigger_ui.py
[2024-04-16T21:18:02.441+0700] {logging_mixin.py:188} INFO - [2024-04-16T21:18:02.441+0700] {dag.py:3096} INFO - Sync 1 DAGs
[2024-04-16T21:18:02.447+0700] {logging_mixin.py:188} INFO - [2024-04-16T21:18:02.447+0700] {dag.py:3954} INFO - Setting next_dagrun for example_params_trigger_ui to None, run_after=None
[2024-04-16T21:18:02.457+0700] {processor.py:183} INFO - Processing /opt/homebrew/Caskroom/miniconda/base/lib/python3.11/site-packages/airflow/example_dags/example_params_trigger_ui.py took 0.119 seconds
[2024-04-16T21:20:34.144+0700] {processor.py:161} INFO - Started process (PID=61876) to work on /opt/homebrew/Caskroom/miniconda/base/lib/python3.11/site-packages/airflow/example_dags/example_params_trigger_ui.py
[2024-04-16T21:20:34.145+0700] {processor.py:830} INFO - Processing file /opt/homebrew/Caskroom/miniconda/base/lib/python3.11/site-packages/airflow/example_dags/example_params_trigger_ui.py for tasks to queue
[2024-04-16T21:20:34.146+0700] {logging_mixin.py:188} INFO - [2024-04-16T21:20:34.146+0700] {dagbag.py:540} INFO - Filling up the DagBag from /opt/homebrew/Caskroom/miniconda/base/lib/python3.11/site-packages/airflow/example_dags/example_params_trigger_ui.py
[2024-04-16T21:20:34.171+0700] {processor.py:840} INFO - DAG(s) 'example_params_trigger_ui' retrieved from /opt/homebrew/Caskroom/miniconda/base/lib/python3.11/site-packages/airflow/example_dags/example_params_trigger_ui.py
[2024-04-16T21:20:34.244+0700] {logging_mixin.py:188} INFO - [2024-04-16T21:20:34.244+0700] {dag.py:3096} INFO - Sync 1 DAGs
[2024-04-16T21:20:34.250+0700] {logging_mixin.py:188} INFO - [2024-04-16T21:20:34.249+0700] {dag.py:3954} INFO - Setting next_dagrun for example_params_trigger_ui to None, run_after=None
[2024-04-16T21:20:34.261+0700] {processor.py:183} INFO - Processing /opt/homebrew/Caskroom/miniconda/base/lib/python3.11/site-packages/airflow/example_dags/example_params_trigger_ui.py took 0.118 seconds
[2024-04-16T21:23:28.101+0700] {processor.py:161} INFO - Started process (PID=63324) to work on /opt/homebrew/Caskroom/miniconda/base/lib/python3.11/site-packages/airflow/example_dags/example_params_trigger_ui.py
[2024-04-16T21:23:28.102+0700] {processor.py:830} INFO - Processing file /opt/homebrew/Caskroom/miniconda/base/lib/python3.11/site-packages/airflow/example_dags/example_params_trigger_ui.py for tasks to queue
[2024-04-16T21:23:28.102+0700] {logging_mixin.py:188} INFO - [2024-04-16T21:23:28.102+0700] {dagbag.py:540} INFO - Filling up the DagBag from /opt/homebrew/Caskroom/miniconda/base/lib/python3.11/site-packages/airflow/example_dags/example_params_trigger_ui.py
[2024-04-16T21:23:28.128+0700] {processor.py:840} INFO - DAG(s) 'example_params_trigger_ui' retrieved from /opt/homebrew/Caskroom/miniconda/base/lib/python3.11/site-packages/airflow/example_dags/example_params_trigger_ui.py
[2024-04-16T21:23:28.204+0700] {logging_mixin.py:188} INFO - [2024-04-16T21:23:28.203+0700] {dag.py:3096} INFO - Sync 1 DAGs
[2024-04-16T21:23:28.209+0700] {logging_mixin.py:188} INFO - [2024-04-16T21:23:28.209+0700] {dag.py:3954} INFO - Setting next_dagrun for example_params_trigger_ui to None, run_after=None
[2024-04-16T21:23:28.225+0700] {processor.py:183} INFO - Processing /opt/homebrew/Caskroom/miniconda/base/lib/python3.11/site-packages/airflow/example_dags/example_params_trigger_ui.py took 0.125 seconds
[2024-04-16T21:26:22.741+0700] {processor.py:161} INFO - Started process (PID=64213) to work on /opt/homebrew/Caskroom/miniconda/base/lib/python3.11/site-packages/airflow/example_dags/example_params_trigger_ui.py
[2024-04-16T21:26:22.742+0700] {processor.py:830} INFO - Processing file /opt/homebrew/Caskroom/miniconda/base/lib/python3.11/site-packages/airflow/example_dags/example_params_trigger_ui.py for tasks to queue
[2024-04-16T21:26:22.743+0700] {logging_mixin.py:188} INFO - [2024-04-16T21:26:22.743+0700] {dagbag.py:540} INFO - Filling up the DagBag from /opt/homebrew/Caskroom/miniconda/base/lib/python3.11/site-packages/airflow/example_dags/example_params_trigger_ui.py
[2024-04-16T21:26:22.776+0700] {processor.py:840} INFO - DAG(s) 'example_params_trigger_ui' retrieved from /opt/homebrew/Caskroom/miniconda/base/lib/python3.11/site-packages/airflow/example_dags/example_params_trigger_ui.py
[2024-04-16T21:26:22.898+0700] {logging_mixin.py:188} INFO - [2024-04-16T21:26:22.898+0700] {dag.py:3096} INFO - Sync 1 DAGs
[2024-04-16T21:26:22.907+0700] {logging_mixin.py:188} INFO - [2024-04-16T21:26:22.907+0700] {dag.py:3954} INFO - Setting next_dagrun for example_params_trigger_ui to None, run_after=None
[2024-04-16T21:26:22.927+0700] {processor.py:183} INFO - Processing /opt/homebrew/Caskroom/miniconda/base/lib/python3.11/site-packages/airflow/example_dags/example_params_trigger_ui.py took 0.188 seconds
[2024-04-16T21:29:16.336+0700] {processor.py:161} INFO - Started process (PID=65046) to work on /opt/homebrew/Caskroom/miniconda/base/lib/python3.11/site-packages/airflow/example_dags/example_params_trigger_ui.py
[2024-04-16T21:29:16.337+0700] {processor.py:830} INFO - Processing file /opt/homebrew/Caskroom/miniconda/base/lib/python3.11/site-packages/airflow/example_dags/example_params_trigger_ui.py for tasks to queue
[2024-04-16T21:29:16.337+0700] {logging_mixin.py:188} INFO - [2024-04-16T21:29:16.337+0700] {dagbag.py:540} INFO - Filling up the DagBag from /opt/homebrew/Caskroom/miniconda/base/lib/python3.11/site-packages/airflow/example_dags/example_params_trigger_ui.py
[2024-04-16T21:29:16.363+0700] {processor.py:840} INFO - DAG(s) 'example_params_trigger_ui' retrieved from /opt/homebrew/Caskroom/miniconda/base/lib/python3.11/site-packages/airflow/example_dags/example_params_trigger_ui.py
[2024-04-16T21:29:16.436+0700] {logging_mixin.py:188} INFO - [2024-04-16T21:29:16.436+0700] {dag.py:3096} INFO - Sync 1 DAGs
[2024-04-16T21:29:16.446+0700] {logging_mixin.py:188} INFO - [2024-04-16T21:29:16.446+0700] {dag.py:3954} INFO - Setting next_dagrun for example_params_trigger_ui to None, run_after=None
[2024-04-16T21:29:16.458+0700] {processor.py:183} INFO - Processing /opt/homebrew/Caskroom/miniconda/base/lib/python3.11/site-packages/airflow/example_dags/example_params_trigger_ui.py took 0.123 seconds
[2024-04-16T21:32:03.244+0700] {processor.py:161} INFO - Started process (PID=65818) to work on /opt/homebrew/Caskroom/miniconda/base/lib/python3.11/site-packages/airflow/example_dags/example_params_trigger_ui.py
[2024-04-16T21:32:03.245+0700] {processor.py:830} INFO - Processing file /opt/homebrew/Caskroom/miniconda/base/lib/python3.11/site-packages/airflow/example_dags/example_params_trigger_ui.py for tasks to queue
[2024-04-16T21:32:03.246+0700] {logging_mixin.py:188} INFO - [2024-04-16T21:32:03.246+0700] {dagbag.py:540} INFO - Filling up the DagBag from /opt/homebrew/Caskroom/miniconda/base/lib/python3.11/site-packages/airflow/example_dags/example_params_trigger_ui.py
[2024-04-16T21:32:03.272+0700] {processor.py:840} INFO - DAG(s) 'example_params_trigger_ui' retrieved from /opt/homebrew/Caskroom/miniconda/base/lib/python3.11/site-packages/airflow/example_dags/example_params_trigger_ui.py
[2024-04-16T21:32:03.345+0700] {logging_mixin.py:188} INFO - [2024-04-16T21:32:03.345+0700] {dag.py:3096} INFO - Sync 1 DAGs
[2024-04-16T21:32:03.350+0700] {logging_mixin.py:188} INFO - [2024-04-16T21:32:03.350+0700] {dag.py:3954} INFO - Setting next_dagrun for example_params_trigger_ui to None, run_after=None
[2024-04-16T21:32:03.363+0700] {processor.py:183} INFO - Processing /opt/homebrew/Caskroom/miniconda/base/lib/python3.11/site-packages/airflow/example_dags/example_params_trigger_ui.py took 0.120 seconds
[2024-04-16T21:34:47.552+0700] {processor.py:161} INFO - Started process (PID=66587) to work on /opt/homebrew/Caskroom/miniconda/base/lib/python3.11/site-packages/airflow/example_dags/example_params_trigger_ui.py
[2024-04-16T21:34:47.553+0700] {processor.py:830} INFO - Processing file /opt/homebrew/Caskroom/miniconda/base/lib/python3.11/site-packages/airflow/example_dags/example_params_trigger_ui.py for tasks to queue
[2024-04-16T21:34:47.554+0700] {logging_mixin.py:188} INFO - [2024-04-16T21:34:47.553+0700] {dagbag.py:540} INFO - Filling up the DagBag from /opt/homebrew/Caskroom/miniconda/base/lib/python3.11/site-packages/airflow/example_dags/example_params_trigger_ui.py
[2024-04-16T21:34:47.580+0700] {processor.py:840} INFO - DAG(s) 'example_params_trigger_ui' retrieved from /opt/homebrew/Caskroom/miniconda/base/lib/python3.11/site-packages/airflow/example_dags/example_params_trigger_ui.py
[2024-04-16T21:34:47.656+0700] {logging_mixin.py:188} INFO - [2024-04-16T21:34:47.656+0700] {dag.py:3096} INFO - Sync 1 DAGs
[2024-04-16T21:34:47.661+0700] {logging_mixin.py:188} INFO - [2024-04-16T21:34:47.661+0700] {dag.py:3954} INFO - Setting next_dagrun for example_params_trigger_ui to None, run_after=None
[2024-04-16T21:34:47.672+0700] {processor.py:183} INFO - Processing /opt/homebrew/Caskroom/miniconda/base/lib/python3.11/site-packages/airflow/example_dags/example_params_trigger_ui.py took 0.121 seconds
[2024-04-16T21:37:26.978+0700] {processor.py:161} INFO - Started process (PID=67398) to work on /opt/homebrew/Caskroom/miniconda/base/lib/python3.11/site-packages/airflow/example_dags/example_params_trigger_ui.py
[2024-04-16T21:37:26.979+0700] {processor.py:830} INFO - Processing file /opt/homebrew/Caskroom/miniconda/base/lib/python3.11/site-packages/airflow/example_dags/example_params_trigger_ui.py for tasks to queue
[2024-04-16T21:37:26.979+0700] {logging_mixin.py:188} INFO - [2024-04-16T21:37:26.979+0700] {dagbag.py:540} INFO - Filling up the DagBag from /opt/homebrew/Caskroom/miniconda/base/lib/python3.11/site-packages/airflow/example_dags/example_params_trigger_ui.py
[2024-04-16T21:37:27.012+0700] {processor.py:840} INFO - DAG(s) 'example_params_trigger_ui' retrieved from /opt/homebrew/Caskroom/miniconda/base/lib/python3.11/site-packages/airflow/example_dags/example_params_trigger_ui.py
[2024-04-16T21:37:27.087+0700] {logging_mixin.py:188} INFO - [2024-04-16T21:37:27.086+0700] {dag.py:3096} INFO - Sync 1 DAGs
[2024-04-16T21:37:27.092+0700] {logging_mixin.py:188} INFO - [2024-04-16T21:37:27.092+0700] {dag.py:3954} INFO - Setting next_dagrun for example_params_trigger_ui to None, run_after=None
[2024-04-16T21:37:27.104+0700] {processor.py:183} INFO - Processing /opt/homebrew/Caskroom/miniconda/base/lib/python3.11/site-packages/airflow/example_dags/example_params_trigger_ui.py took 0.128 seconds
[2024-04-16T21:40:21.355+0700] {processor.py:161} INFO - Started process (PID=68328) to work on /opt/homebrew/Caskroom/miniconda/base/lib/python3.11/site-packages/airflow/example_dags/example_params_trigger_ui.py
[2024-04-16T21:40:21.355+0700] {processor.py:830} INFO - Processing file /opt/homebrew/Caskroom/miniconda/base/lib/python3.11/site-packages/airflow/example_dags/example_params_trigger_ui.py for tasks to queue
[2024-04-16T21:40:21.356+0700] {logging_mixin.py:188} INFO - [2024-04-16T21:40:21.356+0700] {dagbag.py:540} INFO - Filling up the DagBag from /opt/homebrew/Caskroom/miniconda/base/lib/python3.11/site-packages/airflow/example_dags/example_params_trigger_ui.py
[2024-04-16T21:40:21.382+0700] {processor.py:840} INFO - DAG(s) 'example_params_trigger_ui' retrieved from /opt/homebrew/Caskroom/miniconda/base/lib/python3.11/site-packages/airflow/example_dags/example_params_trigger_ui.py
[2024-04-16T21:40:21.455+0700] {logging_mixin.py:188} INFO - [2024-04-16T21:40:21.455+0700] {dag.py:3096} INFO - Sync 1 DAGs
[2024-04-16T21:40:21.460+0700] {logging_mixin.py:188} INFO - [2024-04-16T21:40:21.460+0700] {dag.py:3954} INFO - Setting next_dagrun for example_params_trigger_ui to None, run_after=None
[2024-04-16T21:40:21.471+0700] {processor.py:183} INFO - Processing /opt/homebrew/Caskroom/miniconda/base/lib/python3.11/site-packages/airflow/example_dags/example_params_trigger_ui.py took 0.119 seconds
[2024-04-16T21:43:49.708+0700] {processor.py:161} INFO - Started process (PID=69298) to work on /opt/homebrew/Caskroom/miniconda/base/lib/python3.11/site-packages/airflow/example_dags/example_params_trigger_ui.py
[2024-04-16T21:43:49.709+0700] {processor.py:830} INFO - Processing file /opt/homebrew/Caskroom/miniconda/base/lib/python3.11/site-packages/airflow/example_dags/example_params_trigger_ui.py for tasks to queue
[2024-04-16T21:43:49.709+0700] {logging_mixin.py:188} INFO - [2024-04-16T21:43:49.709+0700] {dagbag.py:540} INFO - Filling up the DagBag from /opt/homebrew/Caskroom/miniconda/base/lib/python3.11/site-packages/airflow/example_dags/example_params_trigger_ui.py
[2024-04-16T21:43:49.736+0700] {processor.py:840} INFO - DAG(s) 'example_params_trigger_ui' retrieved from /opt/homebrew/Caskroom/miniconda/base/lib/python3.11/site-packages/airflow/example_dags/example_params_trigger_ui.py
[2024-04-16T21:43:49.809+0700] {logging_mixin.py:188} INFO - [2024-04-16T21:43:49.809+0700] {dag.py:3096} INFO - Sync 1 DAGs
[2024-04-16T21:43:49.814+0700] {logging_mixin.py:188} INFO - [2024-04-16T21:43:49.814+0700] {dag.py:3954} INFO - Setting next_dagrun for example_params_trigger_ui to None, run_after=None
[2024-04-16T21:43:49.828+0700] {processor.py:183} INFO - Processing /opt/homebrew/Caskroom/miniconda/base/lib/python3.11/site-packages/airflow/example_dags/example_params_trigger_ui.py took 0.122 seconds
[2024-04-16T21:46:55.122+0700] {processor.py:161} INFO - Started process (PID=70117) to work on /opt/homebrew/Caskroom/miniconda/base/lib/python3.11/site-packages/airflow/example_dags/example_params_trigger_ui.py
[2024-04-16T21:46:55.123+0700] {processor.py:830} INFO - Processing file /opt/homebrew/Caskroom/miniconda/base/lib/python3.11/site-packages/airflow/example_dags/example_params_trigger_ui.py for tasks to queue
[2024-04-16T21:46:55.124+0700] {logging_mixin.py:188} INFO - [2024-04-16T21:46:55.124+0700] {dagbag.py:540} INFO - Filling up the DagBag from /opt/homebrew/Caskroom/miniconda/base/lib/python3.11/site-packages/airflow/example_dags/example_params_trigger_ui.py
[2024-04-16T21:46:55.178+0700] {processor.py:840} INFO - DAG(s) 'example_params_trigger_ui' retrieved from /opt/homebrew/Caskroom/miniconda/base/lib/python3.11/site-packages/airflow/example_dags/example_params_trigger_ui.py
[2024-04-16T21:46:55.318+0700] {logging_mixin.py:188} INFO - [2024-04-16T21:46:55.318+0700] {dag.py:3096} INFO - Sync 1 DAGs
[2024-04-16T21:46:55.327+0700] {logging_mixin.py:188} INFO - [2024-04-16T21:46:55.327+0700] {dag.py:3954} INFO - Setting next_dagrun for example_params_trigger_ui to None, run_after=None
[2024-04-16T21:46:55.345+0700] {processor.py:183} INFO - Processing /opt/homebrew/Caskroom/miniconda/base/lib/python3.11/site-packages/airflow/example_dags/example_params_trigger_ui.py took 0.227 seconds
[2024-04-16T21:48:57.992+0700] {processor.py:161} INFO - Started process (PID=70670) to work on /opt/homebrew/Caskroom/miniconda/base/lib/python3.11/site-packages/airflow/example_dags/example_params_trigger_ui.py
[2024-04-16T21:48:57.993+0700] {processor.py:830} INFO - Processing file /opt/homebrew/Caskroom/miniconda/base/lib/python3.11/site-packages/airflow/example_dags/example_params_trigger_ui.py for tasks to queue
[2024-04-16T21:48:57.993+0700] {logging_mixin.py:188} INFO - [2024-04-16T21:48:57.993+0700] {dagbag.py:540} INFO - Filling up the DagBag from /opt/homebrew/Caskroom/miniconda/base/lib/python3.11/site-packages/airflow/example_dags/example_params_trigger_ui.py
[2024-04-16T21:48:58.029+0700] {processor.py:840} INFO - DAG(s) 'example_params_trigger_ui' retrieved from /opt/homebrew/Caskroom/miniconda/base/lib/python3.11/site-packages/airflow/example_dags/example_params_trigger_ui.py
[2024-04-16T21:48:58.105+0700] {logging_mixin.py:188} INFO - [2024-04-16T21:48:58.105+0700] {dag.py:3096} INFO - Sync 1 DAGs
[2024-04-16T21:48:58.110+0700] {logging_mixin.py:188} INFO - [2024-04-16T21:48:58.110+0700] {dag.py:3954} INFO - Setting next_dagrun for example_params_trigger_ui to None, run_after=None
[2024-04-16T21:48:58.123+0700] {processor.py:183} INFO - Processing /opt/homebrew/Caskroom/miniconda/base/lib/python3.11/site-packages/airflow/example_dags/example_params_trigger_ui.py took 0.134 seconds
[2024-04-16T21:53:32.319+0700] {processor.py:161} INFO - Started process (PID=72271) to work on /opt/homebrew/Caskroom/miniconda/base/lib/python3.11/site-packages/airflow/example_dags/example_params_trigger_ui.py
[2024-04-16T21:53:32.321+0700] {processor.py:830} INFO - Processing file /opt/homebrew/Caskroom/miniconda/base/lib/python3.11/site-packages/airflow/example_dags/example_params_trigger_ui.py for tasks to queue
[2024-04-16T21:53:32.323+0700] {logging_mixin.py:188} INFO - [2024-04-16T21:53:32.323+0700] {dagbag.py:540} INFO - Filling up the DagBag from /opt/homebrew/Caskroom/miniconda/base/lib/python3.11/site-packages/airflow/example_dags/example_params_trigger_ui.py
[2024-04-16T21:53:32.413+0700] {processor.py:840} INFO - DAG(s) 'example_params_trigger_ui' retrieved from /opt/homebrew/Caskroom/miniconda/base/lib/python3.11/site-packages/airflow/example_dags/example_params_trigger_ui.py
[2024-04-16T21:53:32.639+0700] {logging_mixin.py:188} INFO - [2024-04-16T21:53:32.638+0700] {dag.py:3096} INFO - Sync 1 DAGs
[2024-04-16T21:53:32.665+0700] {logging_mixin.py:188} INFO - [2024-04-16T21:53:32.665+0700] {dag.py:3954} INFO - Setting next_dagrun for example_params_trigger_ui to None, run_after=None
[2024-04-16T21:53:32.699+0700] {processor.py:183} INFO - Processing /opt/homebrew/Caskroom/miniconda/base/lib/python3.11/site-packages/airflow/example_dags/example_params_trigger_ui.py took 0.386 seconds
[2024-04-16T21:56:55.502+0700] {processor.py:161} INFO - Started process (PID=73288) to work on /opt/homebrew/Caskroom/miniconda/base/lib/python3.11/site-packages/airflow/example_dags/example_params_trigger_ui.py
[2024-04-16T21:56:55.503+0700] {processor.py:830} INFO - Processing file /opt/homebrew/Caskroom/miniconda/base/lib/python3.11/site-packages/airflow/example_dags/example_params_trigger_ui.py for tasks to queue
[2024-04-16T21:56:55.503+0700] {logging_mixin.py:188} INFO - [2024-04-16T21:56:55.503+0700] {dagbag.py:540} INFO - Filling up the DagBag from /opt/homebrew/Caskroom/miniconda/base/lib/python3.11/site-packages/airflow/example_dags/example_params_trigger_ui.py
[2024-04-16T21:56:55.535+0700] {processor.py:840} INFO - DAG(s) 'example_params_trigger_ui' retrieved from /opt/homebrew/Caskroom/miniconda/base/lib/python3.11/site-packages/airflow/example_dags/example_params_trigger_ui.py
[2024-04-16T21:56:55.621+0700] {logging_mixin.py:188} INFO - [2024-04-16T21:56:55.621+0700] {dag.py:3096} INFO - Sync 1 DAGs
[2024-04-16T21:56:55.627+0700] {logging_mixin.py:188} INFO - [2024-04-16T21:56:55.627+0700] {dag.py:3954} INFO - Setting next_dagrun for example_params_trigger_ui to None, run_after=None
[2024-04-16T21:56:55.643+0700] {processor.py:183} INFO - Processing /opt/homebrew/Caskroom/miniconda/base/lib/python3.11/site-packages/airflow/example_dags/example_params_trigger_ui.py took 0.144 seconds
[2024-04-16T21:59:47.862+0700] {processor.py:161} INFO - Started process (PID=74575) to work on /opt/homebrew/Caskroom/miniconda/base/lib/python3.11/site-packages/airflow/example_dags/example_params_trigger_ui.py
[2024-04-16T21:59:47.862+0700] {processor.py:830} INFO - Processing file /opt/homebrew/Caskroom/miniconda/base/lib/python3.11/site-packages/airflow/example_dags/example_params_trigger_ui.py for tasks to queue
[2024-04-16T21:59:47.863+0700] {logging_mixin.py:188} INFO - [2024-04-16T21:59:47.863+0700] {dagbag.py:540} INFO - Filling up the DagBag from /opt/homebrew/Caskroom/miniconda/base/lib/python3.11/site-packages/airflow/example_dags/example_params_trigger_ui.py
[2024-04-16T21:59:47.892+0700] {processor.py:840} INFO - DAG(s) 'example_params_trigger_ui' retrieved from /opt/homebrew/Caskroom/miniconda/base/lib/python3.11/site-packages/airflow/example_dags/example_params_trigger_ui.py
[2024-04-16T21:59:47.967+0700] {logging_mixin.py:188} INFO - [2024-04-16T21:59:47.967+0700] {dag.py:3096} INFO - Sync 1 DAGs
[2024-04-16T21:59:47.972+0700] {logging_mixin.py:188} INFO - [2024-04-16T21:59:47.972+0700] {dag.py:3954} INFO - Setting next_dagrun for example_params_trigger_ui to None, run_after=None
[2024-04-16T21:59:47.984+0700] {processor.py:183} INFO - Processing /opt/homebrew/Caskroom/miniconda/base/lib/python3.11/site-packages/airflow/example_dags/example_params_trigger_ui.py took 0.124 seconds
[2024-04-16T22:02:37.639+0700] {processor.py:161} INFO - Started process (PID=75487) to work on /opt/homebrew/Caskroom/miniconda/base/lib/python3.11/site-packages/airflow/example_dags/example_params_trigger_ui.py
[2024-04-16T22:02:37.640+0700] {processor.py:830} INFO - Processing file /opt/homebrew/Caskroom/miniconda/base/lib/python3.11/site-packages/airflow/example_dags/example_params_trigger_ui.py for tasks to queue
[2024-04-16T22:02:37.641+0700] {logging_mixin.py:188} INFO - [2024-04-16T22:02:37.641+0700] {dagbag.py:540} INFO - Filling up the DagBag from /opt/homebrew/Caskroom/miniconda/base/lib/python3.11/site-packages/airflow/example_dags/example_params_trigger_ui.py
[2024-04-16T22:02:37.666+0700] {processor.py:840} INFO - DAG(s) 'example_params_trigger_ui' retrieved from /opt/homebrew/Caskroom/miniconda/base/lib/python3.11/site-packages/airflow/example_dags/example_params_trigger_ui.py
[2024-04-16T22:02:37.739+0700] {logging_mixin.py:188} INFO - [2024-04-16T22:02:37.739+0700] {dag.py:3096} INFO - Sync 1 DAGs
[2024-04-16T22:02:37.744+0700] {logging_mixin.py:188} INFO - [2024-04-16T22:02:37.744+0700] {dag.py:3954} INFO - Setting next_dagrun for example_params_trigger_ui to None, run_after=None
[2024-04-16T22:02:37.759+0700] {processor.py:183} INFO - Processing /opt/homebrew/Caskroom/miniconda/base/lib/python3.11/site-packages/airflow/example_dags/example_params_trigger_ui.py took 0.121 seconds
[2024-04-16T22:05:33.878+0700] {processor.py:161} INFO - Started process (PID=76375) to work on /opt/homebrew/Caskroom/miniconda/base/lib/python3.11/site-packages/airflow/example_dags/example_params_trigger_ui.py
[2024-04-16T22:05:33.879+0700] {processor.py:830} INFO - Processing file /opt/homebrew/Caskroom/miniconda/base/lib/python3.11/site-packages/airflow/example_dags/example_params_trigger_ui.py for tasks to queue
[2024-04-16T22:05:33.880+0700] {logging_mixin.py:188} INFO - [2024-04-16T22:05:33.880+0700] {dagbag.py:540} INFO - Filling up the DagBag from /opt/homebrew/Caskroom/miniconda/base/lib/python3.11/site-packages/airflow/example_dags/example_params_trigger_ui.py
[2024-04-16T22:05:33.916+0700] {processor.py:840} INFO - DAG(s) 'example_params_trigger_ui' retrieved from /opt/homebrew/Caskroom/miniconda/base/lib/python3.11/site-packages/airflow/example_dags/example_params_trigger_ui.py
[2024-04-16T22:05:33.996+0700] {logging_mixin.py:188} INFO - [2024-04-16T22:05:33.995+0700] {dag.py:3096} INFO - Sync 1 DAGs
[2024-04-16T22:05:34.001+0700] {logging_mixin.py:188} INFO - [2024-04-16T22:05:34.001+0700] {dag.py:3954} INFO - Setting next_dagrun for example_params_trigger_ui to None, run_after=None
[2024-04-16T22:05:34.013+0700] {processor.py:183} INFO - Processing /opt/homebrew/Caskroom/miniconda/base/lib/python3.11/site-packages/airflow/example_dags/example_params_trigger_ui.py took 0.137 seconds
[2024-04-16T22:09:04.785+0700] {processor.py:161} INFO - Started process (PID=77666) to work on /opt/homebrew/Caskroom/miniconda/base/lib/python3.11/site-packages/airflow/example_dags/example_params_trigger_ui.py
[2024-04-16T22:09:04.789+0700] {processor.py:830} INFO - Processing file /opt/homebrew/Caskroom/miniconda/base/lib/python3.11/site-packages/airflow/example_dags/example_params_trigger_ui.py for tasks to queue
[2024-04-16T22:09:04.791+0700] {logging_mixin.py:188} INFO - [2024-04-16T22:09:04.791+0700] {dagbag.py:540} INFO - Filling up the DagBag from /opt/homebrew/Caskroom/miniconda/base/lib/python3.11/site-packages/airflow/example_dags/example_params_trigger_ui.py
[2024-04-16T22:09:04.869+0700] {processor.py:840} INFO - DAG(s) 'example_params_trigger_ui' retrieved from /opt/homebrew/Caskroom/miniconda/base/lib/python3.11/site-packages/airflow/example_dags/example_params_trigger_ui.py
[2024-04-16T22:09:05.045+0700] {logging_mixin.py:188} INFO - [2024-04-16T22:09:05.045+0700] {dag.py:3096} INFO - Sync 1 DAGs
[2024-04-16T22:09:05.054+0700] {logging_mixin.py:188} INFO - [2024-04-16T22:09:05.053+0700] {dag.py:3954} INFO - Setting next_dagrun for example_params_trigger_ui to None, run_after=None
[2024-04-16T22:09:05.073+0700] {processor.py:183} INFO - Processing /opt/homebrew/Caskroom/miniconda/base/lib/python3.11/site-packages/airflow/example_dags/example_params_trigger_ui.py took 0.295 seconds
[2024-04-16T22:12:20.889+0700] {processor.py:161} INFO - Started process (PID=78795) to work on /opt/homebrew/Caskroom/miniconda/base/lib/python3.11/site-packages/airflow/example_dags/example_params_trigger_ui.py
[2024-04-16T22:12:20.890+0700] {processor.py:830} INFO - Processing file /opt/homebrew/Caskroom/miniconda/base/lib/python3.11/site-packages/airflow/example_dags/example_params_trigger_ui.py for tasks to queue
[2024-04-16T22:12:20.891+0700] {logging_mixin.py:188} INFO - [2024-04-16T22:12:20.891+0700] {dagbag.py:540} INFO - Filling up the DagBag from /opt/homebrew/Caskroom/miniconda/base/lib/python3.11/site-packages/airflow/example_dags/example_params_trigger_ui.py
[2024-04-16T22:12:20.918+0700] {processor.py:840} INFO - DAG(s) 'example_params_trigger_ui' retrieved from /opt/homebrew/Caskroom/miniconda/base/lib/python3.11/site-packages/airflow/example_dags/example_params_trigger_ui.py
[2024-04-16T22:12:20.996+0700] {logging_mixin.py:188} INFO - [2024-04-16T22:12:20.996+0700] {dag.py:3096} INFO - Sync 1 DAGs
[2024-04-16T22:12:21.002+0700] {logging_mixin.py:188} INFO - [2024-04-16T22:12:21.002+0700] {dag.py:3954} INFO - Setting next_dagrun for example_params_trigger_ui to None, run_after=None
[2024-04-16T22:12:21.019+0700] {processor.py:183} INFO - Processing /opt/homebrew/Caskroom/miniconda/base/lib/python3.11/site-packages/airflow/example_dags/example_params_trigger_ui.py took 0.132 seconds
[2024-04-16T22:15:51.186+0700] {processor.py:161} INFO - Started process (PID=79886) to work on /opt/homebrew/Caskroom/miniconda/base/lib/python3.11/site-packages/airflow/example_dags/example_params_trigger_ui.py
[2024-04-16T22:15:51.188+0700] {processor.py:830} INFO - Processing file /opt/homebrew/Caskroom/miniconda/base/lib/python3.11/site-packages/airflow/example_dags/example_params_trigger_ui.py for tasks to queue
[2024-04-16T22:15:51.188+0700] {logging_mixin.py:188} INFO - [2024-04-16T22:15:51.188+0700] {dagbag.py:540} INFO - Filling up the DagBag from /opt/homebrew/Caskroom/miniconda/base/lib/python3.11/site-packages/airflow/example_dags/example_params_trigger_ui.py
[2024-04-16T22:15:51.220+0700] {processor.py:840} INFO - DAG(s) 'example_params_trigger_ui' retrieved from /opt/homebrew/Caskroom/miniconda/base/lib/python3.11/site-packages/airflow/example_dags/example_params_trigger_ui.py
[2024-04-16T22:15:51.317+0700] {logging_mixin.py:188} INFO - [2024-04-16T22:15:51.317+0700] {dag.py:3096} INFO - Sync 1 DAGs
[2024-04-16T22:15:51.324+0700] {logging_mixin.py:188} INFO - [2024-04-16T22:15:51.324+0700] {dag.py:3954} INFO - Setting next_dagrun for example_params_trigger_ui to None, run_after=None
[2024-04-16T22:15:51.346+0700] {processor.py:183} INFO - Processing /opt/homebrew/Caskroom/miniconda/base/lib/python3.11/site-packages/airflow/example_dags/example_params_trigger_ui.py took 0.163 seconds
[2024-04-16T22:20:17.110+0700] {processor.py:161} INFO - Started process (PID=81084) to work on /opt/homebrew/Caskroom/miniconda/base/lib/python3.11/site-packages/airflow/example_dags/example_params_trigger_ui.py
[2024-04-16T22:20:17.113+0700] {processor.py:830} INFO - Processing file /opt/homebrew/Caskroom/miniconda/base/lib/python3.11/site-packages/airflow/example_dags/example_params_trigger_ui.py for tasks to queue
[2024-04-16T22:20:17.114+0700] {logging_mixin.py:188} INFO - [2024-04-16T22:20:17.114+0700] {dagbag.py:540} INFO - Filling up the DagBag from /opt/homebrew/Caskroom/miniconda/base/lib/python3.11/site-packages/airflow/example_dags/example_params_trigger_ui.py
[2024-04-16T22:20:17.235+0700] {processor.py:840} INFO - DAG(s) 'example_params_trigger_ui' retrieved from /opt/homebrew/Caskroom/miniconda/base/lib/python3.11/site-packages/airflow/example_dags/example_params_trigger_ui.py
[2024-04-16T22:20:17.490+0700] {logging_mixin.py:188} INFO - [2024-04-16T22:20:17.489+0700] {dag.py:3096} INFO - Sync 1 DAGs
[2024-04-16T22:20:17.511+0700] {logging_mixin.py:188} INFO - [2024-04-16T22:20:17.510+0700] {dag.py:3954} INFO - Setting next_dagrun for example_params_trigger_ui to None, run_after=None
[2024-04-16T22:20:17.564+0700] {processor.py:183} INFO - Processing /opt/homebrew/Caskroom/miniconda/base/lib/python3.11/site-packages/airflow/example_dags/example_params_trigger_ui.py took 0.457 seconds
[2024-04-16T22:24:36.917+0700] {processor.py:161} INFO - Started process (PID=82358) to work on /opt/homebrew/Caskroom/miniconda/base/lib/python3.11/site-packages/airflow/example_dags/example_params_trigger_ui.py
[2024-04-16T22:24:36.929+0700] {processor.py:830} INFO - Processing file /opt/homebrew/Caskroom/miniconda/base/lib/python3.11/site-packages/airflow/example_dags/example_params_trigger_ui.py for tasks to queue
[2024-04-16T22:24:36.936+0700] {logging_mixin.py:188} INFO - [2024-04-16T22:24:36.936+0700] {dagbag.py:540} INFO - Filling up the DagBag from /opt/homebrew/Caskroom/miniconda/base/lib/python3.11/site-packages/airflow/example_dags/example_params_trigger_ui.py
[2024-04-16T22:24:37.048+0700] {processor.py:840} INFO - DAG(s) 'example_params_trigger_ui' retrieved from /opt/homebrew/Caskroom/miniconda/base/lib/python3.11/site-packages/airflow/example_dags/example_params_trigger_ui.py
[2024-04-16T22:24:37.212+0700] {logging_mixin.py:188} INFO - [2024-04-16T22:24:37.211+0700] {dag.py:3096} INFO - Sync 1 DAGs
[2024-04-16T22:24:37.224+0700] {logging_mixin.py:188} INFO - [2024-04-16T22:24:37.223+0700] {dag.py:3954} INFO - Setting next_dagrun for example_params_trigger_ui to None, run_after=None
[2024-04-16T22:24:37.248+0700] {processor.py:183} INFO - Processing /opt/homebrew/Caskroom/miniconda/base/lib/python3.11/site-packages/airflow/example_dags/example_params_trigger_ui.py took 0.338 seconds
