[2024-04-16T20:52:10.569+0700] {processor.py:161} INFO - Started process (PID=54039) to work on /opt/homebrew/Caskroom/miniconda/base/lib/python3.11/site-packages/airflow/example_dags/tutorial_taskflow_api.py
[2024-04-16T20:52:10.570+0700] {processor.py:830} INFO - Processing file /opt/homebrew/Caskroom/miniconda/base/lib/python3.11/site-packages/airflow/example_dags/tutorial_taskflow_api.py for tasks to queue
[2024-04-16T20:52:10.571+0700] {logging_mixin.py:188} INFO - [2024-04-16T20:52:10.571+0700] {dagbag.py:540} INFO - Filling up the DagBag from /opt/homebrew/Caskroom/miniconda/base/lib/python3.11/site-packages/airflow/example_dags/tutorial_taskflow_api.py
[2024-04-16T20:52:10.601+0700] {processor.py:840} INFO - DAG(s) 'tutorial_taskflow_api' retrieved from /opt/homebrew/Caskroom/miniconda/base/lib/python3.11/site-packages/airflow/example_dags/tutorial_taskflow_api.py
[2024-04-16T20:52:10.616+0700] {logging_mixin.py:188} INFO - [2024-04-16T20:52:10.615+0700] {dag.py:3096} INFO - Sync 1 DAGs
[2024-04-16T20:52:10.664+0700] {logging_mixin.py:188} INFO - [2024-04-16T20:52:10.664+0700] {dag.py:3954} INFO - Setting next_dagrun for tutorial_taskflow_api to None, run_after=None
[2024-04-16T20:52:10.677+0700] {processor.py:183} INFO - Processing /opt/homebrew/Caskroom/miniconda/base/lib/python3.11/site-packages/airflow/example_dags/tutorial_taskflow_api.py took 0.111 seconds
[2024-04-16T20:54:05.156+0700] {processor.py:161} INFO - Started process (PID=54625) to work on /opt/homebrew/Caskroom/miniconda/base/lib/python3.11/site-packages/airflow/example_dags/tutorial_taskflow_api.py
[2024-04-16T20:54:05.157+0700] {processor.py:830} INFO - Processing file /opt/homebrew/Caskroom/miniconda/base/lib/python3.11/site-packages/airflow/example_dags/tutorial_taskflow_api.py for tasks to queue
[2024-04-16T20:54:05.158+0700] {logging_mixin.py:188} INFO - [2024-04-16T20:54:05.157+0700] {dagbag.py:540} INFO - Filling up the DagBag from /opt/homebrew/Caskroom/miniconda/base/lib/python3.11/site-packages/airflow/example_dags/tutorial_taskflow_api.py
[2024-04-16T20:54:05.180+0700] {processor.py:840} INFO - DAG(s) 'tutorial_taskflow_api' retrieved from /opt/homebrew/Caskroom/miniconda/base/lib/python3.11/site-packages/airflow/example_dags/tutorial_taskflow_api.py
[2024-04-16T20:54:05.288+0700] {logging_mixin.py:188} INFO - [2024-04-16T20:54:05.288+0700] {dag.py:3096} INFO - Sync 1 DAGs
[2024-04-16T20:54:05.326+0700] {logging_mixin.py:188} INFO - [2024-04-16T20:54:05.326+0700] {dag.py:3954} INFO - Setting next_dagrun for tutorial_taskflow_api to None, run_after=None
[2024-04-16T20:54:05.338+0700] {processor.py:183} INFO - Processing /opt/homebrew/Caskroom/miniconda/base/lib/python3.11/site-packages/airflow/example_dags/tutorial_taskflow_api.py took 0.183 seconds
[2024-04-16T20:55:20.979+0700] {processor.py:161} INFO - Started process (PID=54972) to work on /opt/homebrew/Caskroom/miniconda/base/lib/python3.11/site-packages/airflow/example_dags/tutorial_taskflow_api.py
[2024-04-16T20:55:20.980+0700] {processor.py:830} INFO - Processing file /opt/homebrew/Caskroom/miniconda/base/lib/python3.11/site-packages/airflow/example_dags/tutorial_taskflow_api.py for tasks to queue
[2024-04-16T20:55:20.981+0700] {logging_mixin.py:188} INFO - [2024-04-16T20:55:20.980+0700] {dagbag.py:540} INFO - Filling up the DagBag from /opt/homebrew/Caskroom/miniconda/base/lib/python3.11/site-packages/airflow/example_dags/tutorial_taskflow_api.py
[2024-04-16T20:55:21.003+0700] {processor.py:840} INFO - DAG(s) 'tutorial_taskflow_api' retrieved from /opt/homebrew/Caskroom/miniconda/base/lib/python3.11/site-packages/airflow/example_dags/tutorial_taskflow_api.py
[2024-04-16T20:55:21.065+0700] {logging_mixin.py:188} INFO - [2024-04-16T20:55:21.064+0700] {dag.py:3096} INFO - Sync 1 DAGs
[2024-04-16T20:55:21.070+0700] {logging_mixin.py:188} INFO - [2024-04-16T20:55:21.070+0700] {dag.py:3954} INFO - Setting next_dagrun for tutorial_taskflow_api to None, run_after=None
[2024-04-16T20:55:21.081+0700] {processor.py:183} INFO - Processing /opt/homebrew/Caskroom/miniconda/base/lib/python3.11/site-packages/airflow/example_dags/tutorial_taskflow_api.py took 0.103 seconds
[2024-04-16T20:56:35.643+0700] {processor.py:161} INFO - Started process (PID=55301) to work on /opt/homebrew/Caskroom/miniconda/base/lib/python3.11/site-packages/airflow/example_dags/tutorial_taskflow_api.py
[2024-04-16T20:56:35.643+0700] {processor.py:830} INFO - Processing file /opt/homebrew/Caskroom/miniconda/base/lib/python3.11/site-packages/airflow/example_dags/tutorial_taskflow_api.py for tasks to queue
[2024-04-16T20:56:35.644+0700] {logging_mixin.py:188} INFO - [2024-04-16T20:56:35.644+0700] {dagbag.py:540} INFO - Filling up the DagBag from /opt/homebrew/Caskroom/miniconda/base/lib/python3.11/site-packages/airflow/example_dags/tutorial_taskflow_api.py
[2024-04-16T20:56:35.673+0700] {processor.py:840} INFO - DAG(s) 'tutorial_taskflow_api' retrieved from /opt/homebrew/Caskroom/miniconda/base/lib/python3.11/site-packages/airflow/example_dags/tutorial_taskflow_api.py
[2024-04-16T20:56:35.740+0700] {logging_mixin.py:188} INFO - [2024-04-16T20:56:35.740+0700] {dag.py:3096} INFO - Sync 1 DAGs
[2024-04-16T20:56:35.747+0700] {logging_mixin.py:188} INFO - [2024-04-16T20:56:35.747+0700] {dag.py:3954} INFO - Setting next_dagrun for tutorial_taskflow_api to None, run_after=None
[2024-04-16T20:56:35.760+0700] {processor.py:183} INFO - Processing /opt/homebrew/Caskroom/miniconda/base/lib/python3.11/site-packages/airflow/example_dags/tutorial_taskflow_api.py took 0.119 seconds
[2024-04-16T20:57:54.051+0700] {processor.py:161} INFO - Started process (PID=55660) to work on /opt/homebrew/Caskroom/miniconda/base/lib/python3.11/site-packages/airflow/example_dags/tutorial_taskflow_api.py
[2024-04-16T20:57:54.052+0700] {processor.py:830} INFO - Processing file /opt/homebrew/Caskroom/miniconda/base/lib/python3.11/site-packages/airflow/example_dags/tutorial_taskflow_api.py for tasks to queue
[2024-04-16T20:57:54.052+0700] {logging_mixin.py:188} INFO - [2024-04-16T20:57:54.052+0700] {dagbag.py:540} INFO - Filling up the DagBag from /opt/homebrew/Caskroom/miniconda/base/lib/python3.11/site-packages/airflow/example_dags/tutorial_taskflow_api.py
[2024-04-16T20:57:54.076+0700] {processor.py:840} INFO - DAG(s) 'tutorial_taskflow_api' retrieved from /opt/homebrew/Caskroom/miniconda/base/lib/python3.11/site-packages/airflow/example_dags/tutorial_taskflow_api.py
[2024-04-16T20:57:54.137+0700] {logging_mixin.py:188} INFO - [2024-04-16T20:57:54.137+0700] {dag.py:3096} INFO - Sync 1 DAGs
[2024-04-16T20:57:54.142+0700] {logging_mixin.py:188} INFO - [2024-04-16T20:57:54.142+0700] {dag.py:3954} INFO - Setting next_dagrun for tutorial_taskflow_api to None, run_after=None
[2024-04-16T20:57:54.153+0700] {processor.py:183} INFO - Processing /opt/homebrew/Caskroom/miniconda/base/lib/python3.11/site-packages/airflow/example_dags/tutorial_taskflow_api.py took 0.104 seconds
[2024-04-16T20:59:10.457+0700] {processor.py:161} INFO - Started process (PID=56005) to work on /opt/homebrew/Caskroom/miniconda/base/lib/python3.11/site-packages/airflow/example_dags/tutorial_taskflow_api.py
[2024-04-16T20:59:10.458+0700] {processor.py:830} INFO - Processing file /opt/homebrew/Caskroom/miniconda/base/lib/python3.11/site-packages/airflow/example_dags/tutorial_taskflow_api.py for tasks to queue
[2024-04-16T20:59:10.459+0700] {logging_mixin.py:188} INFO - [2024-04-16T20:59:10.458+0700] {dagbag.py:540} INFO - Filling up the DagBag from /opt/homebrew/Caskroom/miniconda/base/lib/python3.11/site-packages/airflow/example_dags/tutorial_taskflow_api.py
[2024-04-16T20:59:10.481+0700] {processor.py:840} INFO - DAG(s) 'tutorial_taskflow_api' retrieved from /opt/homebrew/Caskroom/miniconda/base/lib/python3.11/site-packages/airflow/example_dags/tutorial_taskflow_api.py
[2024-04-16T20:59:10.542+0700] {logging_mixin.py:188} INFO - [2024-04-16T20:59:10.542+0700] {dag.py:3096} INFO - Sync 1 DAGs
[2024-04-16T20:59:10.547+0700] {logging_mixin.py:188} INFO - [2024-04-16T20:59:10.547+0700] {dag.py:3954} INFO - Setting next_dagrun for tutorial_taskflow_api to None, run_after=None
[2024-04-16T20:59:10.558+0700] {processor.py:183} INFO - Processing /opt/homebrew/Caskroom/miniconda/base/lib/python3.11/site-packages/airflow/example_dags/tutorial_taskflow_api.py took 0.103 seconds
[2024-04-16T21:00:26.820+0700] {processor.py:161} INFO - Started process (PID=56353) to work on /opt/homebrew/Caskroom/miniconda/base/lib/python3.11/site-packages/airflow/example_dags/tutorial_taskflow_api.py
[2024-04-16T21:00:26.821+0700] {processor.py:830} INFO - Processing file /opt/homebrew/Caskroom/miniconda/base/lib/python3.11/site-packages/airflow/example_dags/tutorial_taskflow_api.py for tasks to queue
[2024-04-16T21:00:26.821+0700] {logging_mixin.py:188} INFO - [2024-04-16T21:00:26.821+0700] {dagbag.py:540} INFO - Filling up the DagBag from /opt/homebrew/Caskroom/miniconda/base/lib/python3.11/site-packages/airflow/example_dags/tutorial_taskflow_api.py
[2024-04-16T21:00:26.844+0700] {processor.py:840} INFO - DAG(s) 'tutorial_taskflow_api' retrieved from /opt/homebrew/Caskroom/miniconda/base/lib/python3.11/site-packages/airflow/example_dags/tutorial_taskflow_api.py
[2024-04-16T21:00:26.906+0700] {logging_mixin.py:188} INFO - [2024-04-16T21:00:26.906+0700] {dag.py:3096} INFO - Sync 1 DAGs
[2024-04-16T21:00:26.911+0700] {logging_mixin.py:188} INFO - [2024-04-16T21:00:26.911+0700] {dag.py:3954} INFO - Setting next_dagrun for tutorial_taskflow_api to None, run_after=None
[2024-04-16T21:00:26.922+0700] {processor.py:183} INFO - Processing /opt/homebrew/Caskroom/miniconda/base/lib/python3.11/site-packages/airflow/example_dags/tutorial_taskflow_api.py took 0.104 seconds
[2024-04-16T21:01:44.324+0700] {processor.py:161} INFO - Started process (PID=56700) to work on /opt/homebrew/Caskroom/miniconda/base/lib/python3.11/site-packages/airflow/example_dags/tutorial_taskflow_api.py
[2024-04-16T21:01:44.325+0700] {processor.py:830} INFO - Processing file /opt/homebrew/Caskroom/miniconda/base/lib/python3.11/site-packages/airflow/example_dags/tutorial_taskflow_api.py for tasks to queue
[2024-04-16T21:01:44.325+0700] {logging_mixin.py:188} INFO - [2024-04-16T21:01:44.325+0700] {dagbag.py:540} INFO - Filling up the DagBag from /opt/homebrew/Caskroom/miniconda/base/lib/python3.11/site-packages/airflow/example_dags/tutorial_taskflow_api.py
[2024-04-16T21:01:44.348+0700] {processor.py:840} INFO - DAG(s) 'tutorial_taskflow_api' retrieved from /opt/homebrew/Caskroom/miniconda/base/lib/python3.11/site-packages/airflow/example_dags/tutorial_taskflow_api.py
[2024-04-16T21:01:44.427+0700] {logging_mixin.py:188} INFO - [2024-04-16T21:01:44.427+0700] {dag.py:3096} INFO - Sync 1 DAGs
[2024-04-16T21:01:44.433+0700] {logging_mixin.py:188} INFO - [2024-04-16T21:01:44.433+0700] {dag.py:3954} INFO - Setting next_dagrun for tutorial_taskflow_api to None, run_after=None
[2024-04-16T21:01:44.451+0700] {processor.py:183} INFO - Processing /opt/homebrew/Caskroom/miniconda/base/lib/python3.11/site-packages/airflow/example_dags/tutorial_taskflow_api.py took 0.128 seconds
[2024-04-16T21:03:01.115+0700] {processor.py:161} INFO - Started process (PID=57050) to work on /opt/homebrew/Caskroom/miniconda/base/lib/python3.11/site-packages/airflow/example_dags/tutorial_taskflow_api.py
[2024-04-16T21:03:01.116+0700] {processor.py:830} INFO - Processing file /opt/homebrew/Caskroom/miniconda/base/lib/python3.11/site-packages/airflow/example_dags/tutorial_taskflow_api.py for tasks to queue
[2024-04-16T21:03:01.116+0700] {logging_mixin.py:188} INFO - [2024-04-16T21:03:01.116+0700] {dagbag.py:540} INFO - Filling up the DagBag from /opt/homebrew/Caskroom/miniconda/base/lib/python3.11/site-packages/airflow/example_dags/tutorial_taskflow_api.py
[2024-04-16T21:03:01.141+0700] {processor.py:840} INFO - DAG(s) 'tutorial_taskflow_api' retrieved from /opt/homebrew/Caskroom/miniconda/base/lib/python3.11/site-packages/airflow/example_dags/tutorial_taskflow_api.py
[2024-04-16T21:03:01.202+0700] {logging_mixin.py:188} INFO - [2024-04-16T21:03:01.202+0700] {dag.py:3096} INFO - Sync 1 DAGs
[2024-04-16T21:03:01.208+0700] {logging_mixin.py:188} INFO - [2024-04-16T21:03:01.208+0700] {dag.py:3954} INFO - Setting next_dagrun for tutorial_taskflow_api to None, run_after=None
[2024-04-16T21:03:01.219+0700] {processor.py:183} INFO - Processing /opt/homebrew/Caskroom/miniconda/base/lib/python3.11/site-packages/airflow/example_dags/tutorial_taskflow_api.py took 0.106 seconds
[2024-04-16T21:04:17.470+0700] {processor.py:161} INFO - Started process (PID=57397) to work on /opt/homebrew/Caskroom/miniconda/base/lib/python3.11/site-packages/airflow/example_dags/tutorial_taskflow_api.py
[2024-04-16T21:04:17.470+0700] {processor.py:830} INFO - Processing file /opt/homebrew/Caskroom/miniconda/base/lib/python3.11/site-packages/airflow/example_dags/tutorial_taskflow_api.py for tasks to queue
[2024-04-16T21:04:17.471+0700] {logging_mixin.py:188} INFO - [2024-04-16T21:04:17.471+0700] {dagbag.py:540} INFO - Filling up the DagBag from /opt/homebrew/Caskroom/miniconda/base/lib/python3.11/site-packages/airflow/example_dags/tutorial_taskflow_api.py
[2024-04-16T21:04:17.497+0700] {processor.py:840} INFO - DAG(s) 'tutorial_taskflow_api' retrieved from /opt/homebrew/Caskroom/miniconda/base/lib/python3.11/site-packages/airflow/example_dags/tutorial_taskflow_api.py
[2024-04-16T21:04:17.559+0700] {logging_mixin.py:188} INFO - [2024-04-16T21:04:17.559+0700] {dag.py:3096} INFO - Sync 1 DAGs
[2024-04-16T21:04:17.565+0700] {logging_mixin.py:188} INFO - [2024-04-16T21:04:17.564+0700] {dag.py:3954} INFO - Setting next_dagrun for tutorial_taskflow_api to None, run_after=None
[2024-04-16T21:04:17.576+0700] {processor.py:183} INFO - Processing /opt/homebrew/Caskroom/miniconda/base/lib/python3.11/site-packages/airflow/example_dags/tutorial_taskflow_api.py took 0.108 seconds
[2024-04-16T21:05:33.890+0700] {processor.py:161} INFO - Started process (PID=57737) to work on /opt/homebrew/Caskroom/miniconda/base/lib/python3.11/site-packages/airflow/example_dags/tutorial_taskflow_api.py
[2024-04-16T21:05:33.891+0700] {processor.py:830} INFO - Processing file /opt/homebrew/Caskroom/miniconda/base/lib/python3.11/site-packages/airflow/example_dags/tutorial_taskflow_api.py for tasks to queue
[2024-04-16T21:05:33.891+0700] {logging_mixin.py:188} INFO - [2024-04-16T21:05:33.891+0700] {dagbag.py:540} INFO - Filling up the DagBag from /opt/homebrew/Caskroom/miniconda/base/lib/python3.11/site-packages/airflow/example_dags/tutorial_taskflow_api.py
[2024-04-16T21:05:33.915+0700] {processor.py:840} INFO - DAG(s) 'tutorial_taskflow_api' retrieved from /opt/homebrew/Caskroom/miniconda/base/lib/python3.11/site-packages/airflow/example_dags/tutorial_taskflow_api.py
[2024-04-16T21:05:33.976+0700] {logging_mixin.py:188} INFO - [2024-04-16T21:05:33.976+0700] {dag.py:3096} INFO - Sync 1 DAGs
[2024-04-16T21:05:33.981+0700] {logging_mixin.py:188} INFO - [2024-04-16T21:05:33.981+0700] {dag.py:3954} INFO - Setting next_dagrun for tutorial_taskflow_api to None, run_after=None
[2024-04-16T21:05:33.992+0700] {processor.py:183} INFO - Processing /opt/homebrew/Caskroom/miniconda/base/lib/python3.11/site-packages/airflow/example_dags/tutorial_taskflow_api.py took 0.105 seconds
[2024-04-16T21:06:50.947+0700] {processor.py:161} INFO - Started process (PID=58084) to work on /opt/homebrew/Caskroom/miniconda/base/lib/python3.11/site-packages/airflow/example_dags/tutorial_taskflow_api.py
[2024-04-16T21:06:50.948+0700] {processor.py:830} INFO - Processing file /opt/homebrew/Caskroom/miniconda/base/lib/python3.11/site-packages/airflow/example_dags/tutorial_taskflow_api.py for tasks to queue
[2024-04-16T21:06:50.948+0700] {logging_mixin.py:188} INFO - [2024-04-16T21:06:50.948+0700] {dagbag.py:540} INFO - Filling up the DagBag from /opt/homebrew/Caskroom/miniconda/base/lib/python3.11/site-packages/airflow/example_dags/tutorial_taskflow_api.py
[2024-04-16T21:06:50.971+0700] {processor.py:840} INFO - DAG(s) 'tutorial_taskflow_api' retrieved from /opt/homebrew/Caskroom/miniconda/base/lib/python3.11/site-packages/airflow/example_dags/tutorial_taskflow_api.py
[2024-04-16T21:06:51.039+0700] {logging_mixin.py:188} INFO - [2024-04-16T21:06:51.039+0700] {dag.py:3096} INFO - Sync 1 DAGs
[2024-04-16T21:06:51.044+0700] {logging_mixin.py:188} INFO - [2024-04-16T21:06:51.044+0700] {dag.py:3954} INFO - Setting next_dagrun for tutorial_taskflow_api to None, run_after=None
[2024-04-16T21:06:51.056+0700] {processor.py:183} INFO - Processing /opt/homebrew/Caskroom/miniconda/base/lib/python3.11/site-packages/airflow/example_dags/tutorial_taskflow_api.py took 0.111 seconds
[2024-04-16T21:08:06.966+0700] {processor.py:161} INFO - Started process (PID=58444) to work on /opt/homebrew/Caskroom/miniconda/base/lib/python3.11/site-packages/airflow/example_dags/tutorial_taskflow_api.py
[2024-04-16T21:08:06.967+0700] {processor.py:830} INFO - Processing file /opt/homebrew/Caskroom/miniconda/base/lib/python3.11/site-packages/airflow/example_dags/tutorial_taskflow_api.py for tasks to queue
[2024-04-16T21:08:06.967+0700] {logging_mixin.py:188} INFO - [2024-04-16T21:08:06.967+0700] {dagbag.py:540} INFO - Filling up the DagBag from /opt/homebrew/Caskroom/miniconda/base/lib/python3.11/site-packages/airflow/example_dags/tutorial_taskflow_api.py
[2024-04-16T21:08:06.990+0700] {processor.py:840} INFO - DAG(s) 'tutorial_taskflow_api' retrieved from /opt/homebrew/Caskroom/miniconda/base/lib/python3.11/site-packages/airflow/example_dags/tutorial_taskflow_api.py
[2024-04-16T21:08:07.052+0700] {logging_mixin.py:188} INFO - [2024-04-16T21:08:07.051+0700] {dag.py:3096} INFO - Sync 1 DAGs
[2024-04-16T21:08:07.057+0700] {logging_mixin.py:188} INFO - [2024-04-16T21:08:07.057+0700] {dag.py:3954} INFO - Setting next_dagrun for tutorial_taskflow_api to None, run_after=None
[2024-04-16T21:08:07.068+0700] {processor.py:183} INFO - Processing /opt/homebrew/Caskroom/miniconda/base/lib/python3.11/site-packages/airflow/example_dags/tutorial_taskflow_api.py took 0.103 seconds
[2024-04-16T21:09:25.986+0700] {processor.py:161} INFO - Started process (PID=58799) to work on /opt/homebrew/Caskroom/miniconda/base/lib/python3.11/site-packages/airflow/example_dags/tutorial_taskflow_api.py
[2024-04-16T21:09:25.986+0700] {processor.py:830} INFO - Processing file /opt/homebrew/Caskroom/miniconda/base/lib/python3.11/site-packages/airflow/example_dags/tutorial_taskflow_api.py for tasks to queue
[2024-04-16T21:09:25.987+0700] {logging_mixin.py:188} INFO - [2024-04-16T21:09:25.987+0700] {dagbag.py:540} INFO - Filling up the DagBag from /opt/homebrew/Caskroom/miniconda/base/lib/python3.11/site-packages/airflow/example_dags/tutorial_taskflow_api.py
[2024-04-16T21:09:26.009+0700] {processor.py:840} INFO - DAG(s) 'tutorial_taskflow_api' retrieved from /opt/homebrew/Caskroom/miniconda/base/lib/python3.11/site-packages/airflow/example_dags/tutorial_taskflow_api.py
[2024-04-16T21:09:26.071+0700] {logging_mixin.py:188} INFO - [2024-04-16T21:09:26.071+0700] {dag.py:3096} INFO - Sync 1 DAGs
[2024-04-16T21:09:26.076+0700] {logging_mixin.py:188} INFO - [2024-04-16T21:09:26.076+0700] {dag.py:3954} INFO - Setting next_dagrun for tutorial_taskflow_api to None, run_after=None
[2024-04-16T21:09:26.088+0700] {processor.py:183} INFO - Processing /opt/homebrew/Caskroom/miniconda/base/lib/python3.11/site-packages/airflow/example_dags/tutorial_taskflow_api.py took 0.104 seconds
[2024-04-16T21:10:44.519+0700] {processor.py:161} INFO - Started process (PID=59157) to work on /opt/homebrew/Caskroom/miniconda/base/lib/python3.11/site-packages/airflow/example_dags/tutorial_taskflow_api.py
[2024-04-16T21:10:44.519+0700] {processor.py:830} INFO - Processing file /opt/homebrew/Caskroom/miniconda/base/lib/python3.11/site-packages/airflow/example_dags/tutorial_taskflow_api.py for tasks to queue
[2024-04-16T21:10:44.520+0700] {logging_mixin.py:188} INFO - [2024-04-16T21:10:44.520+0700] {dagbag.py:540} INFO - Filling up the DagBag from /opt/homebrew/Caskroom/miniconda/base/lib/python3.11/site-packages/airflow/example_dags/tutorial_taskflow_api.py
[2024-04-16T21:10:44.543+0700] {processor.py:840} INFO - DAG(s) 'tutorial_taskflow_api' retrieved from /opt/homebrew/Caskroom/miniconda/base/lib/python3.11/site-packages/airflow/example_dags/tutorial_taskflow_api.py
[2024-04-16T21:10:44.604+0700] {logging_mixin.py:188} INFO - [2024-04-16T21:10:44.604+0700] {dag.py:3096} INFO - Sync 1 DAGs
[2024-04-16T21:10:44.610+0700] {logging_mixin.py:188} INFO - [2024-04-16T21:10:44.609+0700] {dag.py:3954} INFO - Setting next_dagrun for tutorial_taskflow_api to None, run_after=None
[2024-04-16T21:10:44.620+0700] {processor.py:183} INFO - Processing /opt/homebrew/Caskroom/miniconda/base/lib/python3.11/site-packages/airflow/example_dags/tutorial_taskflow_api.py took 0.103 seconds
[2024-04-16T21:12:02.020+0700] {processor.py:161} INFO - Started process (PID=59505) to work on /opt/homebrew/Caskroom/miniconda/base/lib/python3.11/site-packages/airflow/example_dags/tutorial_taskflow_api.py
[2024-04-16T21:12:02.021+0700] {processor.py:830} INFO - Processing file /opt/homebrew/Caskroom/miniconda/base/lib/python3.11/site-packages/airflow/example_dags/tutorial_taskflow_api.py for tasks to queue
[2024-04-16T21:12:02.022+0700] {logging_mixin.py:188} INFO - [2024-04-16T21:12:02.022+0700] {dagbag.py:540} INFO - Filling up the DagBag from /opt/homebrew/Caskroom/miniconda/base/lib/python3.11/site-packages/airflow/example_dags/tutorial_taskflow_api.py
[2024-04-16T21:12:02.044+0700] {processor.py:840} INFO - DAG(s) 'tutorial_taskflow_api' retrieved from /opt/homebrew/Caskroom/miniconda/base/lib/python3.11/site-packages/airflow/example_dags/tutorial_taskflow_api.py
[2024-04-16T21:12:02.107+0700] {logging_mixin.py:188} INFO - [2024-04-16T21:12:02.106+0700] {dag.py:3096} INFO - Sync 1 DAGs
[2024-04-16T21:12:02.112+0700] {logging_mixin.py:188} INFO - [2024-04-16T21:12:02.112+0700] {dag.py:3954} INFO - Setting next_dagrun for tutorial_taskflow_api to None, run_after=None
[2024-04-16T21:12:02.124+0700] {processor.py:183} INFO - Processing /opt/homebrew/Caskroom/miniconda/base/lib/python3.11/site-packages/airflow/example_dags/tutorial_taskflow_api.py took 0.105 seconds
[2024-04-16T21:13:21.756+0700] {processor.py:161} INFO - Started process (PID=59892) to work on /opt/homebrew/Caskroom/miniconda/base/lib/python3.11/site-packages/airflow/example_dags/tutorial_taskflow_api.py
[2024-04-16T21:13:21.757+0700] {processor.py:830} INFO - Processing file /opt/homebrew/Caskroom/miniconda/base/lib/python3.11/site-packages/airflow/example_dags/tutorial_taskflow_api.py for tasks to queue
[2024-04-16T21:13:21.757+0700] {logging_mixin.py:188} INFO - [2024-04-16T21:13:21.757+0700] {dagbag.py:540} INFO - Filling up the DagBag from /opt/homebrew/Caskroom/miniconda/base/lib/python3.11/site-packages/airflow/example_dags/tutorial_taskflow_api.py
[2024-04-16T21:13:21.780+0700] {processor.py:840} INFO - DAG(s) 'tutorial_taskflow_api' retrieved from /opt/homebrew/Caskroom/miniconda/base/lib/python3.11/site-packages/airflow/example_dags/tutorial_taskflow_api.py
[2024-04-16T21:13:21.841+0700] {logging_mixin.py:188} INFO - [2024-04-16T21:13:21.840+0700] {dag.py:3096} INFO - Sync 1 DAGs
[2024-04-16T21:13:21.846+0700] {logging_mixin.py:188} INFO - [2024-04-16T21:13:21.846+0700] {dag.py:3954} INFO - Setting next_dagrun for tutorial_taskflow_api to None, run_after=None
[2024-04-16T21:13:21.858+0700] {processor.py:183} INFO - Processing /opt/homebrew/Caskroom/miniconda/base/lib/python3.11/site-packages/airflow/example_dags/tutorial_taskflow_api.py took 0.103 seconds
[2024-04-16T21:14:41.049+0700] {processor.py:161} INFO - Started process (PID=60256) to work on /opt/homebrew/Caskroom/miniconda/base/lib/python3.11/site-packages/airflow/example_dags/tutorial_taskflow_api.py
[2024-04-16T21:14:41.050+0700] {processor.py:830} INFO - Processing file /opt/homebrew/Caskroom/miniconda/base/lib/python3.11/site-packages/airflow/example_dags/tutorial_taskflow_api.py for tasks to queue
[2024-04-16T21:14:41.050+0700] {logging_mixin.py:188} INFO - [2024-04-16T21:14:41.050+0700] {dagbag.py:540} INFO - Filling up the DagBag from /opt/homebrew/Caskroom/miniconda/base/lib/python3.11/site-packages/airflow/example_dags/tutorial_taskflow_api.py
[2024-04-16T21:14:41.075+0700] {processor.py:840} INFO - DAG(s) 'tutorial_taskflow_api' retrieved from /opt/homebrew/Caskroom/miniconda/base/lib/python3.11/site-packages/airflow/example_dags/tutorial_taskflow_api.py
[2024-04-16T21:14:41.141+0700] {logging_mixin.py:188} INFO - [2024-04-16T21:14:41.140+0700] {dag.py:3096} INFO - Sync 1 DAGs
[2024-04-16T21:14:41.146+0700] {logging_mixin.py:188} INFO - [2024-04-16T21:14:41.146+0700] {dag.py:3954} INFO - Setting next_dagrun for tutorial_taskflow_api to None, run_after=None
[2024-04-16T21:14:41.157+0700] {processor.py:183} INFO - Processing /opt/homebrew/Caskroom/miniconda/base/lib/python3.11/site-packages/airflow/example_dags/tutorial_taskflow_api.py took 0.111 seconds
[2024-04-16T21:15:59.719+0700] {processor.py:161} INFO - Started process (PID=60614) to work on /opt/homebrew/Caskroom/miniconda/base/lib/python3.11/site-packages/airflow/example_dags/tutorial_taskflow_api.py
[2024-04-16T21:15:59.720+0700] {processor.py:830} INFO - Processing file /opt/homebrew/Caskroom/miniconda/base/lib/python3.11/site-packages/airflow/example_dags/tutorial_taskflow_api.py for tasks to queue
[2024-04-16T21:15:59.720+0700] {logging_mixin.py:188} INFO - [2024-04-16T21:15:59.720+0700] {dagbag.py:540} INFO - Filling up the DagBag from /opt/homebrew/Caskroom/miniconda/base/lib/python3.11/site-packages/airflow/example_dags/tutorial_taskflow_api.py
[2024-04-16T21:15:59.743+0700] {processor.py:840} INFO - DAG(s) 'tutorial_taskflow_api' retrieved from /opt/homebrew/Caskroom/miniconda/base/lib/python3.11/site-packages/airflow/example_dags/tutorial_taskflow_api.py
[2024-04-16T21:15:59.804+0700] {logging_mixin.py:188} INFO - [2024-04-16T21:15:59.804+0700] {dag.py:3096} INFO - Sync 1 DAGs
[2024-04-16T21:15:59.810+0700] {logging_mixin.py:188} INFO - [2024-04-16T21:15:59.810+0700] {dag.py:3954} INFO - Setting next_dagrun for tutorial_taskflow_api to None, run_after=None
[2024-04-16T21:15:59.822+0700] {processor.py:183} INFO - Processing /opt/homebrew/Caskroom/miniconda/base/lib/python3.11/site-packages/airflow/example_dags/tutorial_taskflow_api.py took 0.105 seconds
[2024-04-16T21:17:15.274+0700] {processor.py:161} INFO - Started process (PID=60954) to work on /opt/homebrew/Caskroom/miniconda/base/lib/python3.11/site-packages/airflow/example_dags/tutorial_taskflow_api.py
[2024-04-16T21:17:15.275+0700] {processor.py:830} INFO - Processing file /opt/homebrew/Caskroom/miniconda/base/lib/python3.11/site-packages/airflow/example_dags/tutorial_taskflow_api.py for tasks to queue
[2024-04-16T21:17:15.276+0700] {logging_mixin.py:188} INFO - [2024-04-16T21:17:15.276+0700] {dagbag.py:540} INFO - Filling up the DagBag from /opt/homebrew/Caskroom/miniconda/base/lib/python3.11/site-packages/airflow/example_dags/tutorial_taskflow_api.py
[2024-04-16T21:17:15.299+0700] {processor.py:840} INFO - DAG(s) 'tutorial_taskflow_api' retrieved from /opt/homebrew/Caskroom/miniconda/base/lib/python3.11/site-packages/airflow/example_dags/tutorial_taskflow_api.py
[2024-04-16T21:17:15.359+0700] {logging_mixin.py:188} INFO - [2024-04-16T21:17:15.359+0700] {dag.py:3096} INFO - Sync 1 DAGs
[2024-04-16T21:17:15.364+0700] {logging_mixin.py:188} INFO - [2024-04-16T21:17:15.364+0700] {dag.py:3954} INFO - Setting next_dagrun for tutorial_taskflow_api to None, run_after=None
[2024-04-16T21:17:15.375+0700] {processor.py:183} INFO - Processing /opt/homebrew/Caskroom/miniconda/base/lib/python3.11/site-packages/airflow/example_dags/tutorial_taskflow_api.py took 0.103 seconds
[2024-04-16T21:18:31.714+0700] {processor.py:161} INFO - Started process (PID=61310) to work on /opt/homebrew/Caskroom/miniconda/base/lib/python3.11/site-packages/airflow/example_dags/tutorial_taskflow_api.py
[2024-04-16T21:18:31.715+0700] {processor.py:830} INFO - Processing file /opt/homebrew/Caskroom/miniconda/base/lib/python3.11/site-packages/airflow/example_dags/tutorial_taskflow_api.py for tasks to queue
[2024-04-16T21:18:31.715+0700] {logging_mixin.py:188} INFO - [2024-04-16T21:18:31.715+0700] {dagbag.py:540} INFO - Filling up the DagBag from /opt/homebrew/Caskroom/miniconda/base/lib/python3.11/site-packages/airflow/example_dags/tutorial_taskflow_api.py
[2024-04-16T21:18:31.737+0700] {processor.py:840} INFO - DAG(s) 'tutorial_taskflow_api' retrieved from /opt/homebrew/Caskroom/miniconda/base/lib/python3.11/site-packages/airflow/example_dags/tutorial_taskflow_api.py
[2024-04-16T21:18:31.799+0700] {logging_mixin.py:188} INFO - [2024-04-16T21:18:31.798+0700] {dag.py:3096} INFO - Sync 1 DAGs
[2024-04-16T21:18:31.804+0700] {logging_mixin.py:188} INFO - [2024-04-16T21:18:31.804+0700] {dag.py:3954} INFO - Setting next_dagrun for tutorial_taskflow_api to None, run_after=None
[2024-04-16T21:18:31.816+0700] {processor.py:183} INFO - Processing /opt/homebrew/Caskroom/miniconda/base/lib/python3.11/site-packages/airflow/example_dags/tutorial_taskflow_api.py took 0.103 seconds
[2024-04-16T21:19:48.200+0700] {processor.py:161} INFO - Started process (PID=61665) to work on /opt/homebrew/Caskroom/miniconda/base/lib/python3.11/site-packages/airflow/example_dags/tutorial_taskflow_api.py
[2024-04-16T21:19:48.201+0700] {processor.py:830} INFO - Processing file /opt/homebrew/Caskroom/miniconda/base/lib/python3.11/site-packages/airflow/example_dags/tutorial_taskflow_api.py for tasks to queue
[2024-04-16T21:19:48.201+0700] {logging_mixin.py:188} INFO - [2024-04-16T21:19:48.201+0700] {dagbag.py:540} INFO - Filling up the DagBag from /opt/homebrew/Caskroom/miniconda/base/lib/python3.11/site-packages/airflow/example_dags/tutorial_taskflow_api.py
[2024-04-16T21:19:48.224+0700] {processor.py:840} INFO - DAG(s) 'tutorial_taskflow_api' retrieved from /opt/homebrew/Caskroom/miniconda/base/lib/python3.11/site-packages/airflow/example_dags/tutorial_taskflow_api.py
[2024-04-16T21:19:48.286+0700] {logging_mixin.py:188} INFO - [2024-04-16T21:19:48.286+0700] {dag.py:3096} INFO - Sync 1 DAGs
[2024-04-16T21:19:48.291+0700] {logging_mixin.py:188} INFO - [2024-04-16T21:19:48.291+0700] {dag.py:3954} INFO - Setting next_dagrun for tutorial_taskflow_api to None, run_after=None
[2024-04-16T21:19:48.302+0700] {processor.py:183} INFO - Processing /opt/homebrew/Caskroom/miniconda/base/lib/python3.11/site-packages/airflow/example_dags/tutorial_taskflow_api.py took 0.104 seconds
[2024-04-16T21:21:05.182+0700] {processor.py:161} INFO - Started process (PID=62016) to work on /opt/homebrew/Caskroom/miniconda/base/lib/python3.11/site-packages/airflow/example_dags/tutorial_taskflow_api.py
[2024-04-16T21:21:05.183+0700] {processor.py:830} INFO - Processing file /opt/homebrew/Caskroom/miniconda/base/lib/python3.11/site-packages/airflow/example_dags/tutorial_taskflow_api.py for tasks to queue
[2024-04-16T21:21:05.184+0700] {logging_mixin.py:188} INFO - [2024-04-16T21:21:05.184+0700] {dagbag.py:540} INFO - Filling up the DagBag from /opt/homebrew/Caskroom/miniconda/base/lib/python3.11/site-packages/airflow/example_dags/tutorial_taskflow_api.py
[2024-04-16T21:21:05.211+0700] {processor.py:840} INFO - DAG(s) 'tutorial_taskflow_api' retrieved from /opt/homebrew/Caskroom/miniconda/base/lib/python3.11/site-packages/airflow/example_dags/tutorial_taskflow_api.py
[2024-04-16T21:21:05.280+0700] {logging_mixin.py:188} INFO - [2024-04-16T21:21:05.280+0700] {dag.py:3096} INFO - Sync 1 DAGs
[2024-04-16T21:21:05.285+0700] {logging_mixin.py:188} INFO - [2024-04-16T21:21:05.285+0700] {dag.py:3954} INFO - Setting next_dagrun for tutorial_taskflow_api to None, run_after=None
[2024-04-16T21:21:05.296+0700] {processor.py:183} INFO - Processing /opt/homebrew/Caskroom/miniconda/base/lib/python3.11/site-packages/airflow/example_dags/tutorial_taskflow_api.py took 0.116 seconds
[2024-04-16T21:22:31.045+0700] {processor.py:161} INFO - Started process (PID=62703) to work on /opt/homebrew/Caskroom/miniconda/base/lib/python3.11/site-packages/airflow/example_dags/tutorial_taskflow_api.py
[2024-04-16T21:22:31.046+0700] {processor.py:830} INFO - Processing file /opt/homebrew/Caskroom/miniconda/base/lib/python3.11/site-packages/airflow/example_dags/tutorial_taskflow_api.py for tasks to queue
[2024-04-16T21:22:31.047+0700] {logging_mixin.py:188} INFO - [2024-04-16T21:22:31.047+0700] {dagbag.py:540} INFO - Filling up the DagBag from /opt/homebrew/Caskroom/miniconda/base/lib/python3.11/site-packages/airflow/example_dags/tutorial_taskflow_api.py
[2024-04-16T21:22:31.080+0700] {processor.py:840} INFO - DAG(s) 'tutorial_taskflow_api' retrieved from /opt/homebrew/Caskroom/miniconda/base/lib/python3.11/site-packages/airflow/example_dags/tutorial_taskflow_api.py
[2024-04-16T21:22:31.156+0700] {logging_mixin.py:188} INFO - [2024-04-16T21:22:31.155+0700] {dag.py:3096} INFO - Sync 1 DAGs
[2024-04-16T21:22:31.161+0700] {logging_mixin.py:188} INFO - [2024-04-16T21:22:31.161+0700] {dag.py:3954} INFO - Setting next_dagrun for tutorial_taskflow_api to None, run_after=None
[2024-04-16T21:22:31.175+0700] {processor.py:183} INFO - Processing /opt/homebrew/Caskroom/miniconda/base/lib/python3.11/site-packages/airflow/example_dags/tutorial_taskflow_api.py took 0.132 seconds
[2024-04-16T21:24:07.119+0700] {processor.py:161} INFO - Started process (PID=63529) to work on /opt/homebrew/Caskroom/miniconda/base/lib/python3.11/site-packages/airflow/example_dags/tutorial_taskflow_api.py
[2024-04-16T21:24:07.119+0700] {processor.py:830} INFO - Processing file /opt/homebrew/Caskroom/miniconda/base/lib/python3.11/site-packages/airflow/example_dags/tutorial_taskflow_api.py for tasks to queue
[2024-04-16T21:24:07.120+0700] {logging_mixin.py:188} INFO - [2024-04-16T21:24:07.120+0700] {dagbag.py:540} INFO - Filling up the DagBag from /opt/homebrew/Caskroom/miniconda/base/lib/python3.11/site-packages/airflow/example_dags/tutorial_taskflow_api.py
[2024-04-16T21:24:07.160+0700] {processor.py:840} INFO - DAG(s) 'tutorial_taskflow_api' retrieved from /opt/homebrew/Caskroom/miniconda/base/lib/python3.11/site-packages/airflow/example_dags/tutorial_taskflow_api.py
[2024-04-16T21:24:07.273+0700] {logging_mixin.py:188} INFO - [2024-04-16T21:24:07.272+0700] {dag.py:3096} INFO - Sync 1 DAGs
[2024-04-16T21:24:07.282+0700] {logging_mixin.py:188} INFO - [2024-04-16T21:24:07.281+0700] {dag.py:3954} INFO - Setting next_dagrun for tutorial_taskflow_api to None, run_after=None
[2024-04-16T21:24:07.301+0700] {processor.py:183} INFO - Processing /opt/homebrew/Caskroom/miniconda/base/lib/python3.11/site-packages/airflow/example_dags/tutorial_taskflow_api.py took 0.184 seconds
[2024-04-16T21:25:35.580+0700] {processor.py:161} INFO - Started process (PID=63982) to work on /opt/homebrew/Caskroom/miniconda/base/lib/python3.11/site-packages/airflow/example_dags/tutorial_taskflow_api.py
[2024-04-16T21:25:35.581+0700] {processor.py:830} INFO - Processing file /opt/homebrew/Caskroom/miniconda/base/lib/python3.11/site-packages/airflow/example_dags/tutorial_taskflow_api.py for tasks to queue
[2024-04-16T21:25:35.581+0700] {logging_mixin.py:188} INFO - [2024-04-16T21:25:35.581+0700] {dagbag.py:540} INFO - Filling up the DagBag from /opt/homebrew/Caskroom/miniconda/base/lib/python3.11/site-packages/airflow/example_dags/tutorial_taskflow_api.py
[2024-04-16T21:25:35.604+0700] {processor.py:840} INFO - DAG(s) 'tutorial_taskflow_api' retrieved from /opt/homebrew/Caskroom/miniconda/base/lib/python3.11/site-packages/airflow/example_dags/tutorial_taskflow_api.py
[2024-04-16T21:25:35.666+0700] {logging_mixin.py:188} INFO - [2024-04-16T21:25:35.665+0700] {dag.py:3096} INFO - Sync 1 DAGs
[2024-04-16T21:25:35.671+0700] {logging_mixin.py:188} INFO - [2024-04-16T21:25:35.671+0700] {dag.py:3954} INFO - Setting next_dagrun for tutorial_taskflow_api to None, run_after=None
[2024-04-16T21:25:35.682+0700] {processor.py:183} INFO - Processing /opt/homebrew/Caskroom/miniconda/base/lib/python3.11/site-packages/airflow/example_dags/tutorial_taskflow_api.py took 0.103 seconds
[2024-04-16T21:27:05.166+0700] {processor.py:161} INFO - Started process (PID=64397) to work on /opt/homebrew/Caskroom/miniconda/base/lib/python3.11/site-packages/airflow/example_dags/tutorial_taskflow_api.py
[2024-04-16T21:27:05.168+0700] {processor.py:830} INFO - Processing file /opt/homebrew/Caskroom/miniconda/base/lib/python3.11/site-packages/airflow/example_dags/tutorial_taskflow_api.py for tasks to queue
[2024-04-16T21:27:05.168+0700] {logging_mixin.py:188} INFO - [2024-04-16T21:27:05.168+0700] {dagbag.py:540} INFO - Filling up the DagBag from /opt/homebrew/Caskroom/miniconda/base/lib/python3.11/site-packages/airflow/example_dags/tutorial_taskflow_api.py
[2024-04-16T21:27:05.242+0700] {processor.py:840} INFO - DAG(s) 'tutorial_taskflow_api' retrieved from /opt/homebrew/Caskroom/miniconda/base/lib/python3.11/site-packages/airflow/example_dags/tutorial_taskflow_api.py
[2024-04-16T21:27:05.389+0700] {logging_mixin.py:188} INFO - [2024-04-16T21:27:05.389+0700] {dag.py:3096} INFO - Sync 1 DAGs
[2024-04-16T21:27:05.397+0700] {logging_mixin.py:188} INFO - [2024-04-16T21:27:05.397+0700] {dag.py:3954} INFO - Setting next_dagrun for tutorial_taskflow_api to None, run_after=None
[2024-04-16T21:27:05.420+0700] {processor.py:183} INFO - Processing /opt/homebrew/Caskroom/miniconda/base/lib/python3.11/site-packages/airflow/example_dags/tutorial_taskflow_api.py took 0.256 seconds
[2024-04-16T21:28:30.692+0700] {processor.py:161} INFO - Started process (PID=64837) to work on /opt/homebrew/Caskroom/miniconda/base/lib/python3.11/site-packages/airflow/example_dags/tutorial_taskflow_api.py
[2024-04-16T21:28:30.693+0700] {processor.py:830} INFO - Processing file /opt/homebrew/Caskroom/miniconda/base/lib/python3.11/site-packages/airflow/example_dags/tutorial_taskflow_api.py for tasks to queue
[2024-04-16T21:28:30.693+0700] {logging_mixin.py:188} INFO - [2024-04-16T21:28:30.693+0700] {dagbag.py:540} INFO - Filling up the DagBag from /opt/homebrew/Caskroom/miniconda/base/lib/python3.11/site-packages/airflow/example_dags/tutorial_taskflow_api.py
[2024-04-16T21:28:30.717+0700] {processor.py:840} INFO - DAG(s) 'tutorial_taskflow_api' retrieved from /opt/homebrew/Caskroom/miniconda/base/lib/python3.11/site-packages/airflow/example_dags/tutorial_taskflow_api.py
[2024-04-16T21:28:30.779+0700] {logging_mixin.py:188} INFO - [2024-04-16T21:28:30.779+0700] {dag.py:3096} INFO - Sync 1 DAGs
[2024-04-16T21:28:30.784+0700] {logging_mixin.py:188} INFO - [2024-04-16T21:28:30.784+0700] {dag.py:3954} INFO - Setting next_dagrun for tutorial_taskflow_api to None, run_after=None
[2024-04-16T21:28:30.795+0700] {processor.py:183} INFO - Processing /opt/homebrew/Caskroom/miniconda/base/lib/python3.11/site-packages/airflow/example_dags/tutorial_taskflow_api.py took 0.105 seconds
[2024-04-16T21:29:52.496+0700] {processor.py:161} INFO - Started process (PID=65210) to work on /opt/homebrew/Caskroom/miniconda/base/lib/python3.11/site-packages/airflow/example_dags/tutorial_taskflow_api.py
[2024-04-16T21:29:52.497+0700] {processor.py:830} INFO - Processing file /opt/homebrew/Caskroom/miniconda/base/lib/python3.11/site-packages/airflow/example_dags/tutorial_taskflow_api.py for tasks to queue
[2024-04-16T21:29:52.498+0700] {logging_mixin.py:188} INFO - [2024-04-16T21:29:52.498+0700] {dagbag.py:540} INFO - Filling up the DagBag from /opt/homebrew/Caskroom/miniconda/base/lib/python3.11/site-packages/airflow/example_dags/tutorial_taskflow_api.py
[2024-04-16T21:29:52.531+0700] {processor.py:840} INFO - DAG(s) 'tutorial_taskflow_api' retrieved from /opt/homebrew/Caskroom/miniconda/base/lib/python3.11/site-packages/airflow/example_dags/tutorial_taskflow_api.py
[2024-04-16T21:29:52.620+0700] {logging_mixin.py:188} INFO - [2024-04-16T21:29:52.620+0700] {dag.py:3096} INFO - Sync 1 DAGs
[2024-04-16T21:29:52.631+0700] {logging_mixin.py:188} INFO - [2024-04-16T21:29:52.631+0700] {dag.py:3954} INFO - Setting next_dagrun for tutorial_taskflow_api to None, run_after=None
[2024-04-16T21:29:52.650+0700] {processor.py:183} INFO - Processing /opt/homebrew/Caskroom/miniconda/base/lib/python3.11/site-packages/airflow/example_dags/tutorial_taskflow_api.py took 0.155 seconds
[2024-04-16T21:31:19.126+0700] {processor.py:161} INFO - Started process (PID=65616) to work on /opt/homebrew/Caskroom/miniconda/base/lib/python3.11/site-packages/airflow/example_dags/tutorial_taskflow_api.py
[2024-04-16T21:31:19.131+0700] {processor.py:830} INFO - Processing file /opt/homebrew/Caskroom/miniconda/base/lib/python3.11/site-packages/airflow/example_dags/tutorial_taskflow_api.py for tasks to queue
[2024-04-16T21:31:19.132+0700] {logging_mixin.py:188} INFO - [2024-04-16T21:31:19.132+0700] {dagbag.py:540} INFO - Filling up the DagBag from /opt/homebrew/Caskroom/miniconda/base/lib/python3.11/site-packages/airflow/example_dags/tutorial_taskflow_api.py
[2024-04-16T21:31:19.155+0700] {processor.py:840} INFO - DAG(s) 'tutorial_taskflow_api' retrieved from /opt/homebrew/Caskroom/miniconda/base/lib/python3.11/site-packages/airflow/example_dags/tutorial_taskflow_api.py
[2024-04-16T21:31:19.215+0700] {logging_mixin.py:188} INFO - [2024-04-16T21:31:19.215+0700] {dag.py:3096} INFO - Sync 1 DAGs
[2024-04-16T21:31:19.220+0700] {logging_mixin.py:188} INFO - [2024-04-16T21:31:19.220+0700] {dag.py:3954} INFO - Setting next_dagrun for tutorial_taskflow_api to None, run_after=None
[2024-04-16T21:31:19.231+0700] {processor.py:183} INFO - Processing /opt/homebrew/Caskroom/miniconda/base/lib/python3.11/site-packages/airflow/example_dags/tutorial_taskflow_api.py took 0.106 seconds
[2024-04-16T21:32:36.406+0700] {processor.py:161} INFO - Started process (PID=65971) to work on /opt/homebrew/Caskroom/miniconda/base/lib/python3.11/site-packages/airflow/example_dags/tutorial_taskflow_api.py
[2024-04-16T21:32:36.407+0700] {processor.py:830} INFO - Processing file /opt/homebrew/Caskroom/miniconda/base/lib/python3.11/site-packages/airflow/example_dags/tutorial_taskflow_api.py for tasks to queue
[2024-04-16T21:32:36.408+0700] {logging_mixin.py:188} INFO - [2024-04-16T21:32:36.407+0700] {dagbag.py:540} INFO - Filling up the DagBag from /opt/homebrew/Caskroom/miniconda/base/lib/python3.11/site-packages/airflow/example_dags/tutorial_taskflow_api.py
[2024-04-16T21:32:36.431+0700] {processor.py:840} INFO - DAG(s) 'tutorial_taskflow_api' retrieved from /opt/homebrew/Caskroom/miniconda/base/lib/python3.11/site-packages/airflow/example_dags/tutorial_taskflow_api.py
[2024-04-16T21:32:36.498+0700] {logging_mixin.py:188} INFO - [2024-04-16T21:32:36.497+0700] {dag.py:3096} INFO - Sync 1 DAGs
[2024-04-16T21:32:36.504+0700] {logging_mixin.py:188} INFO - [2024-04-16T21:32:36.504+0700] {dag.py:3954} INFO - Setting next_dagrun for tutorial_taskflow_api to None, run_after=None
[2024-04-16T21:32:36.517+0700] {processor.py:183} INFO - Processing /opt/homebrew/Caskroom/miniconda/base/lib/python3.11/site-packages/airflow/example_dags/tutorial_taskflow_api.py took 0.112 seconds
[2024-04-16T21:34:02.192+0700] {processor.py:161} INFO - Started process (PID=66373) to work on /opt/homebrew/Caskroom/miniconda/base/lib/python3.11/site-packages/airflow/example_dags/tutorial_taskflow_api.py
[2024-04-16T21:34:02.193+0700] {processor.py:830} INFO - Processing file /opt/homebrew/Caskroom/miniconda/base/lib/python3.11/site-packages/airflow/example_dags/tutorial_taskflow_api.py for tasks to queue
[2024-04-16T21:34:02.193+0700] {logging_mixin.py:188} INFO - [2024-04-16T21:34:02.193+0700] {dagbag.py:540} INFO - Filling up the DagBag from /opt/homebrew/Caskroom/miniconda/base/lib/python3.11/site-packages/airflow/example_dags/tutorial_taskflow_api.py
[2024-04-16T21:34:02.217+0700] {processor.py:840} INFO - DAG(s) 'tutorial_taskflow_api' retrieved from /opt/homebrew/Caskroom/miniconda/base/lib/python3.11/site-packages/airflow/example_dags/tutorial_taskflow_api.py
[2024-04-16T21:34:02.288+0700] {logging_mixin.py:188} INFO - [2024-04-16T21:34:02.287+0700] {dag.py:3096} INFO - Sync 1 DAGs
[2024-04-16T21:34:02.293+0700] {logging_mixin.py:188} INFO - [2024-04-16T21:34:02.293+0700] {dag.py:3954} INFO - Setting next_dagrun for tutorial_taskflow_api to None, run_after=None
[2024-04-16T21:34:02.304+0700] {processor.py:183} INFO - Processing /opt/homebrew/Caskroom/miniconda/base/lib/python3.11/site-packages/airflow/example_dags/tutorial_taskflow_api.py took 0.114 seconds
[2024-04-16T21:35:22.457+0700] {processor.py:161} INFO - Started process (PID=66757) to work on /opt/homebrew/Caskroom/miniconda/base/lib/python3.11/site-packages/airflow/example_dags/tutorial_taskflow_api.py
[2024-04-16T21:35:22.458+0700] {processor.py:830} INFO - Processing file /opt/homebrew/Caskroom/miniconda/base/lib/python3.11/site-packages/airflow/example_dags/tutorial_taskflow_api.py for tasks to queue
[2024-04-16T21:35:22.459+0700] {logging_mixin.py:188} INFO - [2024-04-16T21:35:22.459+0700] {dagbag.py:540} INFO - Filling up the DagBag from /opt/homebrew/Caskroom/miniconda/base/lib/python3.11/site-packages/airflow/example_dags/tutorial_taskflow_api.py
[2024-04-16T21:35:22.493+0700] {processor.py:840} INFO - DAG(s) 'tutorial_taskflow_api' retrieved from /opt/homebrew/Caskroom/miniconda/base/lib/python3.11/site-packages/airflow/example_dags/tutorial_taskflow_api.py
[2024-04-16T21:35:22.561+0700] {logging_mixin.py:188} INFO - [2024-04-16T21:35:22.560+0700] {dag.py:3096} INFO - Sync 1 DAGs
[2024-04-16T21:35:22.566+0700] {logging_mixin.py:188} INFO - [2024-04-16T21:35:22.566+0700] {dag.py:3954} INFO - Setting next_dagrun for tutorial_taskflow_api to None, run_after=None
[2024-04-16T21:35:22.579+0700] {processor.py:183} INFO - Processing /opt/homebrew/Caskroom/miniconda/base/lib/python3.11/site-packages/airflow/example_dags/tutorial_taskflow_api.py took 0.124 seconds
[2024-04-16T21:36:42.154+0700] {processor.py:161} INFO - Started process (PID=67163) to work on /opt/homebrew/Caskroom/miniconda/base/lib/python3.11/site-packages/airflow/example_dags/tutorial_taskflow_api.py
[2024-04-16T21:36:42.155+0700] {processor.py:830} INFO - Processing file /opt/homebrew/Caskroom/miniconda/base/lib/python3.11/site-packages/airflow/example_dags/tutorial_taskflow_api.py for tasks to queue
[2024-04-16T21:36:42.156+0700] {logging_mixin.py:188} INFO - [2024-04-16T21:36:42.156+0700] {dagbag.py:540} INFO - Filling up the DagBag from /opt/homebrew/Caskroom/miniconda/base/lib/python3.11/site-packages/airflow/example_dags/tutorial_taskflow_api.py
[2024-04-16T21:36:42.179+0700] {processor.py:840} INFO - DAG(s) 'tutorial_taskflow_api' retrieved from /opt/homebrew/Caskroom/miniconda/base/lib/python3.11/site-packages/airflow/example_dags/tutorial_taskflow_api.py
[2024-04-16T21:36:42.244+0700] {logging_mixin.py:188} INFO - [2024-04-16T21:36:42.243+0700] {dag.py:3096} INFO - Sync 1 DAGs
[2024-04-16T21:36:42.249+0700] {logging_mixin.py:188} INFO - [2024-04-16T21:36:42.249+0700] {dag.py:3954} INFO - Setting next_dagrun for tutorial_taskflow_api to None, run_after=None
[2024-04-16T21:36:42.260+0700] {processor.py:183} INFO - Processing /opt/homebrew/Caskroom/miniconda/base/lib/python3.11/site-packages/airflow/example_dags/tutorial_taskflow_api.py took 0.107 seconds
[2024-04-16T21:38:00.053+0700] {processor.py:161} INFO - Started process (PID=67588) to work on /opt/homebrew/Caskroom/miniconda/base/lib/python3.11/site-packages/airflow/example_dags/tutorial_taskflow_api.py
[2024-04-16T21:38:00.055+0700] {processor.py:830} INFO - Processing file /opt/homebrew/Caskroom/miniconda/base/lib/python3.11/site-packages/airflow/example_dags/tutorial_taskflow_api.py for tasks to queue
[2024-04-16T21:38:00.055+0700] {logging_mixin.py:188} INFO - [2024-04-16T21:38:00.055+0700] {dagbag.py:540} INFO - Filling up the DagBag from /opt/homebrew/Caskroom/miniconda/base/lib/python3.11/site-packages/airflow/example_dags/tutorial_taskflow_api.py
[2024-04-16T21:38:00.093+0700] {processor.py:840} INFO - DAG(s) 'tutorial_taskflow_api' retrieved from /opt/homebrew/Caskroom/miniconda/base/lib/python3.11/site-packages/airflow/example_dags/tutorial_taskflow_api.py
[2024-04-16T21:38:00.243+0700] {logging_mixin.py:188} INFO - [2024-04-16T21:38:00.242+0700] {dag.py:3096} INFO - Sync 1 DAGs
[2024-04-16T21:38:00.252+0700] {logging_mixin.py:188} INFO - [2024-04-16T21:38:00.251+0700] {dag.py:3954} INFO - Setting next_dagrun for tutorial_taskflow_api to None, run_after=None
[2024-04-16T21:38:00.267+0700] {processor.py:183} INFO - Processing /opt/homebrew/Caskroom/miniconda/base/lib/python3.11/site-packages/airflow/example_dags/tutorial_taskflow_api.py took 0.215 seconds
[2024-04-16T21:39:32.594+0700] {processor.py:161} INFO - Started process (PID=68107) to work on /opt/homebrew/Caskroom/miniconda/base/lib/python3.11/site-packages/airflow/example_dags/tutorial_taskflow_api.py
[2024-04-16T21:39:32.595+0700] {processor.py:830} INFO - Processing file /opt/homebrew/Caskroom/miniconda/base/lib/python3.11/site-packages/airflow/example_dags/tutorial_taskflow_api.py for tasks to queue
[2024-04-16T21:39:32.596+0700] {logging_mixin.py:188} INFO - [2024-04-16T21:39:32.596+0700] {dagbag.py:540} INFO - Filling up the DagBag from /opt/homebrew/Caskroom/miniconda/base/lib/python3.11/site-packages/airflow/example_dags/tutorial_taskflow_api.py
[2024-04-16T21:39:32.622+0700] {processor.py:840} INFO - DAG(s) 'tutorial_taskflow_api' retrieved from /opt/homebrew/Caskroom/miniconda/base/lib/python3.11/site-packages/airflow/example_dags/tutorial_taskflow_api.py
[2024-04-16T21:39:32.690+0700] {logging_mixin.py:188} INFO - [2024-04-16T21:39:32.690+0700] {dag.py:3096} INFO - Sync 1 DAGs
[2024-04-16T21:39:32.697+0700] {logging_mixin.py:188} INFO - [2024-04-16T21:39:32.697+0700] {dag.py:3954} INFO - Setting next_dagrun for tutorial_taskflow_api to None, run_after=None
[2024-04-16T21:39:32.713+0700] {processor.py:183} INFO - Processing /opt/homebrew/Caskroom/miniconda/base/lib/python3.11/site-packages/airflow/example_dags/tutorial_taskflow_api.py took 0.120 seconds
[2024-04-16T21:41:07.678+0700] {processor.py:161} INFO - Started process (PID=68553) to work on /opt/homebrew/Caskroom/miniconda/base/lib/python3.11/site-packages/airflow/example_dags/tutorial_taskflow_api.py
[2024-04-16T21:41:07.680+0700] {processor.py:830} INFO - Processing file /opt/homebrew/Caskroom/miniconda/base/lib/python3.11/site-packages/airflow/example_dags/tutorial_taskflow_api.py for tasks to queue
[2024-04-16T21:41:07.682+0700] {logging_mixin.py:188} INFO - [2024-04-16T21:41:07.682+0700] {dagbag.py:540} INFO - Filling up the DagBag from /opt/homebrew/Caskroom/miniconda/base/lib/python3.11/site-packages/airflow/example_dags/tutorial_taskflow_api.py
[2024-04-16T21:41:07.720+0700] {processor.py:840} INFO - DAG(s) 'tutorial_taskflow_api' retrieved from /opt/homebrew/Caskroom/miniconda/base/lib/python3.11/site-packages/airflow/example_dags/tutorial_taskflow_api.py
[2024-04-16T21:41:07.792+0700] {logging_mixin.py:188} INFO - [2024-04-16T21:41:07.792+0700] {dag.py:3096} INFO - Sync 1 DAGs
[2024-04-16T21:41:07.799+0700] {logging_mixin.py:188} INFO - [2024-04-16T21:41:07.799+0700] {dag.py:3954} INFO - Setting next_dagrun for tutorial_taskflow_api to None, run_after=None
[2024-04-16T21:41:07.824+0700] {processor.py:183} INFO - Processing /opt/homebrew/Caskroom/miniconda/base/lib/python3.11/site-packages/airflow/example_dags/tutorial_taskflow_api.py took 0.148 seconds
[2024-04-16T21:42:54.435+0700] {processor.py:161} INFO - Started process (PID=69051) to work on /opt/homebrew/Caskroom/miniconda/base/lib/python3.11/site-packages/airflow/example_dags/tutorial_taskflow_api.py
[2024-04-16T21:42:54.436+0700] {processor.py:830} INFO - Processing file /opt/homebrew/Caskroom/miniconda/base/lib/python3.11/site-packages/airflow/example_dags/tutorial_taskflow_api.py for tasks to queue
[2024-04-16T21:42:54.436+0700] {logging_mixin.py:188} INFO - [2024-04-16T21:42:54.436+0700] {dagbag.py:540} INFO - Filling up the DagBag from /opt/homebrew/Caskroom/miniconda/base/lib/python3.11/site-packages/airflow/example_dags/tutorial_taskflow_api.py
[2024-04-16T21:42:54.488+0700] {processor.py:840} INFO - DAG(s) 'tutorial_taskflow_api' retrieved from /opt/homebrew/Caskroom/miniconda/base/lib/python3.11/site-packages/airflow/example_dags/tutorial_taskflow_api.py
[2024-04-16T21:42:54.568+0700] {logging_mixin.py:188} INFO - [2024-04-16T21:42:54.568+0700] {dag.py:3096} INFO - Sync 1 DAGs
[2024-04-16T21:42:54.574+0700] {logging_mixin.py:188} INFO - [2024-04-16T21:42:54.574+0700] {dag.py:3954} INFO - Setting next_dagrun for tutorial_taskflow_api to None, run_after=None
[2024-04-16T21:42:54.587+0700] {processor.py:183} INFO - Processing /opt/homebrew/Caskroom/miniconda/base/lib/python3.11/site-packages/airflow/example_dags/tutorial_taskflow_api.py took 0.155 seconds
[2024-04-16T21:44:33.368+0700] {processor.py:161} INFO - Started process (PID=69488) to work on /opt/homebrew/Caskroom/miniconda/base/lib/python3.11/site-packages/airflow/example_dags/tutorial_taskflow_api.py
[2024-04-16T21:44:33.369+0700] {processor.py:830} INFO - Processing file /opt/homebrew/Caskroom/miniconda/base/lib/python3.11/site-packages/airflow/example_dags/tutorial_taskflow_api.py for tasks to queue
[2024-04-16T21:44:33.369+0700] {logging_mixin.py:188} INFO - [2024-04-16T21:44:33.369+0700] {dagbag.py:540} INFO - Filling up the DagBag from /opt/homebrew/Caskroom/miniconda/base/lib/python3.11/site-packages/airflow/example_dags/tutorial_taskflow_api.py
[2024-04-16T21:44:33.395+0700] {processor.py:840} INFO - DAG(s) 'tutorial_taskflow_api' retrieved from /opt/homebrew/Caskroom/miniconda/base/lib/python3.11/site-packages/airflow/example_dags/tutorial_taskflow_api.py
[2024-04-16T21:44:33.459+0700] {logging_mixin.py:188} INFO - [2024-04-16T21:44:33.458+0700] {dag.py:3096} INFO - Sync 1 DAGs
[2024-04-16T21:44:33.464+0700] {logging_mixin.py:188} INFO - [2024-04-16T21:44:33.464+0700] {dag.py:3954} INFO - Setting next_dagrun for tutorial_taskflow_api to None, run_after=None
[2024-04-16T21:44:33.475+0700] {processor.py:183} INFO - Processing /opt/homebrew/Caskroom/miniconda/base/lib/python3.11/site-packages/airflow/example_dags/tutorial_taskflow_api.py took 0.109 seconds
[2024-04-16T21:45:58.123+0700] {processor.py:161} INFO - Started process (PID=69871) to work on /opt/homebrew/Caskroom/miniconda/base/lib/python3.11/site-packages/airflow/example_dags/tutorial_taskflow_api.py
[2024-04-16T21:45:58.123+0700] {processor.py:830} INFO - Processing file /opt/homebrew/Caskroom/miniconda/base/lib/python3.11/site-packages/airflow/example_dags/tutorial_taskflow_api.py for tasks to queue
[2024-04-16T21:45:58.124+0700] {logging_mixin.py:188} INFO - [2024-04-16T21:45:58.124+0700] {dagbag.py:540} INFO - Filling up the DagBag from /opt/homebrew/Caskroom/miniconda/base/lib/python3.11/site-packages/airflow/example_dags/tutorial_taskflow_api.py
[2024-04-16T21:45:58.147+0700] {processor.py:840} INFO - DAG(s) 'tutorial_taskflow_api' retrieved from /opt/homebrew/Caskroom/miniconda/base/lib/python3.11/site-packages/airflow/example_dags/tutorial_taskflow_api.py
[2024-04-16T21:45:58.209+0700] {logging_mixin.py:188} INFO - [2024-04-16T21:45:58.209+0700] {dag.py:3096} INFO - Sync 1 DAGs
[2024-04-16T21:45:58.214+0700] {logging_mixin.py:188} INFO - [2024-04-16T21:45:58.214+0700] {dag.py:3954} INFO - Setting next_dagrun for tutorial_taskflow_api to None, run_after=None
[2024-04-16T21:45:58.227+0700] {processor.py:183} INFO - Processing /opt/homebrew/Caskroom/miniconda/base/lib/python3.11/site-packages/airflow/example_dags/tutorial_taskflow_api.py took 0.106 seconds
[2024-04-16T21:47:50.826+0700] {processor.py:161} INFO - Started process (PID=70377) to work on /opt/homebrew/Caskroom/miniconda/base/lib/python3.11/site-packages/airflow/example_dags/tutorial_taskflow_api.py
[2024-04-16T21:47:50.827+0700] {processor.py:830} INFO - Processing file /opt/homebrew/Caskroom/miniconda/base/lib/python3.11/site-packages/airflow/example_dags/tutorial_taskflow_api.py for tasks to queue
[2024-04-16T21:47:50.827+0700] {logging_mixin.py:188} INFO - [2024-04-16T21:47:50.827+0700] {dagbag.py:540} INFO - Filling up the DagBag from /opt/homebrew/Caskroom/miniconda/base/lib/python3.11/site-packages/airflow/example_dags/tutorial_taskflow_api.py
[2024-04-16T21:47:50.851+0700] {processor.py:840} INFO - DAG(s) 'tutorial_taskflow_api' retrieved from /opt/homebrew/Caskroom/miniconda/base/lib/python3.11/site-packages/airflow/example_dags/tutorial_taskflow_api.py
[2024-04-16T21:47:50.922+0700] {logging_mixin.py:188} INFO - [2024-04-16T21:47:50.922+0700] {dag.py:3096} INFO - Sync 1 DAGs
[2024-04-16T21:47:50.929+0700] {logging_mixin.py:188} INFO - [2024-04-16T21:47:50.929+0700] {dag.py:3954} INFO - Setting next_dagrun for tutorial_taskflow_api to None, run_after=None
[2024-04-16T21:47:50.940+0700] {processor.py:183} INFO - Processing /opt/homebrew/Caskroom/miniconda/base/lib/python3.11/site-packages/airflow/example_dags/tutorial_taskflow_api.py took 0.118 seconds
[2024-04-16T21:49:57.298+0700] {processor.py:161} INFO - Started process (PID=70979) to work on /opt/homebrew/Caskroom/miniconda/base/lib/python3.11/site-packages/airflow/example_dags/tutorial_taskflow_api.py
[2024-04-16T21:49:57.300+0700] {processor.py:830} INFO - Processing file /opt/homebrew/Caskroom/miniconda/base/lib/python3.11/site-packages/airflow/example_dags/tutorial_taskflow_api.py for tasks to queue
[2024-04-16T21:49:57.303+0700] {logging_mixin.py:188} INFO - [2024-04-16T21:49:57.302+0700] {dagbag.py:540} INFO - Filling up the DagBag from /opt/homebrew/Caskroom/miniconda/base/lib/python3.11/site-packages/airflow/example_dags/tutorial_taskflow_api.py
[2024-04-16T21:49:57.462+0700] {processor.py:840} INFO - DAG(s) 'tutorial_taskflow_api' retrieved from /opt/homebrew/Caskroom/miniconda/base/lib/python3.11/site-packages/airflow/example_dags/tutorial_taskflow_api.py
[2024-04-16T21:49:57.661+0700] {logging_mixin.py:188} INFO - [2024-04-16T21:49:57.660+0700] {dag.py:3096} INFO - Sync 1 DAGs
[2024-04-16T21:49:57.672+0700] {logging_mixin.py:188} INFO - [2024-04-16T21:49:57.672+0700] {dag.py:3954} INFO - Setting next_dagrun for tutorial_taskflow_api to None, run_after=None
[2024-04-16T21:49:57.692+0700] {processor.py:183} INFO - Processing /opt/homebrew/Caskroom/miniconda/base/lib/python3.11/site-packages/airflow/example_dags/tutorial_taskflow_api.py took 0.404 seconds
[2024-04-16T21:51:58.469+0700] {processor.py:161} INFO - Started process (PID=71679) to work on /opt/homebrew/Caskroom/miniconda/base/lib/python3.11/site-packages/airflow/example_dags/tutorial_taskflow_api.py
[2024-04-16T21:51:58.473+0700] {processor.py:830} INFO - Processing file /opt/homebrew/Caskroom/miniconda/base/lib/python3.11/site-packages/airflow/example_dags/tutorial_taskflow_api.py for tasks to queue
[2024-04-16T21:51:58.474+0700] {logging_mixin.py:188} INFO - [2024-04-16T21:51:58.474+0700] {dagbag.py:540} INFO - Filling up the DagBag from /opt/homebrew/Caskroom/miniconda/base/lib/python3.11/site-packages/airflow/example_dags/tutorial_taskflow_api.py
[2024-04-16T21:51:58.556+0700] {processor.py:840} INFO - DAG(s) 'tutorial_taskflow_api' retrieved from /opt/homebrew/Caskroom/miniconda/base/lib/python3.11/site-packages/airflow/example_dags/tutorial_taskflow_api.py
[2024-04-16T21:51:58.726+0700] {logging_mixin.py:188} INFO - [2024-04-16T21:51:58.726+0700] {dag.py:3096} INFO - Sync 1 DAGs
[2024-04-16T21:51:58.738+0700] {logging_mixin.py:188} INFO - [2024-04-16T21:51:58.738+0700] {dag.py:3954} INFO - Setting next_dagrun for tutorial_taskflow_api to None, run_after=None
[2024-04-16T21:51:58.773+0700] {processor.py:183} INFO - Processing /opt/homebrew/Caskroom/miniconda/base/lib/python3.11/site-packages/airflow/example_dags/tutorial_taskflow_api.py took 0.311 seconds
[2024-04-16T21:54:22.477+0700] {processor.py:161} INFO - Started process (PID=72581) to work on /opt/homebrew/Caskroom/miniconda/base/lib/python3.11/site-packages/airflow/example_dags/tutorial_taskflow_api.py
[2024-04-16T21:54:22.478+0700] {processor.py:830} INFO - Processing file /opt/homebrew/Caskroom/miniconda/base/lib/python3.11/site-packages/airflow/example_dags/tutorial_taskflow_api.py for tasks to queue
[2024-04-16T21:54:22.479+0700] {logging_mixin.py:188} INFO - [2024-04-16T21:54:22.479+0700] {dagbag.py:540} INFO - Filling up the DagBag from /opt/homebrew/Caskroom/miniconda/base/lib/python3.11/site-packages/airflow/example_dags/tutorial_taskflow_api.py
[2024-04-16T21:54:22.502+0700] {processor.py:840} INFO - DAG(s) 'tutorial_taskflow_api' retrieved from /opt/homebrew/Caskroom/miniconda/base/lib/python3.11/site-packages/airflow/example_dags/tutorial_taskflow_api.py
[2024-04-16T21:54:22.571+0700] {logging_mixin.py:188} INFO - [2024-04-16T21:54:22.571+0700] {dag.py:3096} INFO - Sync 1 DAGs
[2024-04-16T21:54:22.577+0700] {logging_mixin.py:188} INFO - [2024-04-16T21:54:22.577+0700] {dag.py:3954} INFO - Setting next_dagrun for tutorial_taskflow_api to None, run_after=None
[2024-04-16T21:54:22.588+0700] {processor.py:183} INFO - Processing /opt/homebrew/Caskroom/miniconda/base/lib/python3.11/site-packages/airflow/example_dags/tutorial_taskflow_api.py took 0.113 seconds
[2024-04-16T21:56:02.541+0700] {processor.py:161} INFO - Started process (PID=73058) to work on /opt/homebrew/Caskroom/miniconda/base/lib/python3.11/site-packages/airflow/example_dags/tutorial_taskflow_api.py
[2024-04-16T21:56:02.543+0700] {processor.py:830} INFO - Processing file /opt/homebrew/Caskroom/miniconda/base/lib/python3.11/site-packages/airflow/example_dags/tutorial_taskflow_api.py for tasks to queue
[2024-04-16T21:56:02.543+0700] {logging_mixin.py:188} INFO - [2024-04-16T21:56:02.543+0700] {dagbag.py:540} INFO - Filling up the DagBag from /opt/homebrew/Caskroom/miniconda/base/lib/python3.11/site-packages/airflow/example_dags/tutorial_taskflow_api.py
[2024-04-16T21:56:02.575+0700] {processor.py:840} INFO - DAG(s) 'tutorial_taskflow_api' retrieved from /opt/homebrew/Caskroom/miniconda/base/lib/python3.11/site-packages/airflow/example_dags/tutorial_taskflow_api.py
[2024-04-16T21:56:02.681+0700] {logging_mixin.py:188} INFO - [2024-04-16T21:56:02.681+0700] {dag.py:3096} INFO - Sync 1 DAGs
[2024-04-16T21:56:02.690+0700] {logging_mixin.py:188} INFO - [2024-04-16T21:56:02.689+0700] {dag.py:3954} INFO - Setting next_dagrun for tutorial_taskflow_api to None, run_after=None
[2024-04-16T21:56:02.706+0700] {processor.py:183} INFO - Processing /opt/homebrew/Caskroom/miniconda/base/lib/python3.11/site-packages/airflow/example_dags/tutorial_taskflow_api.py took 0.168 seconds
[2024-04-16T21:57:35.207+0700] {processor.py:161} INFO - Started process (PID=73544) to work on /opt/homebrew/Caskroom/miniconda/base/lib/python3.11/site-packages/airflow/example_dags/tutorial_taskflow_api.py
[2024-04-16T21:57:35.208+0700] {processor.py:830} INFO - Processing file /opt/homebrew/Caskroom/miniconda/base/lib/python3.11/site-packages/airflow/example_dags/tutorial_taskflow_api.py for tasks to queue
[2024-04-16T21:57:35.209+0700] {logging_mixin.py:188} INFO - [2024-04-16T21:57:35.209+0700] {dagbag.py:540} INFO - Filling up the DagBag from /opt/homebrew/Caskroom/miniconda/base/lib/python3.11/site-packages/airflow/example_dags/tutorial_taskflow_api.py
[2024-04-16T21:57:35.240+0700] {processor.py:840} INFO - DAG(s) 'tutorial_taskflow_api' retrieved from /opt/homebrew/Caskroom/miniconda/base/lib/python3.11/site-packages/airflow/example_dags/tutorial_taskflow_api.py
[2024-04-16T21:57:35.332+0700] {logging_mixin.py:188} INFO - [2024-04-16T21:57:35.331+0700] {dag.py:3096} INFO - Sync 1 DAGs
[2024-04-16T21:57:35.341+0700] {logging_mixin.py:188} INFO - [2024-04-16T21:57:35.341+0700] {dag.py:3954} INFO - Setting next_dagrun for tutorial_taskflow_api to None, run_after=None
[2024-04-16T21:57:35.360+0700] {processor.py:183} INFO - Processing /opt/homebrew/Caskroom/miniconda/base/lib/python3.11/site-packages/airflow/example_dags/tutorial_taskflow_api.py took 0.158 seconds
[2024-04-16T21:58:59.091+0700] {processor.py:161} INFO - Started process (PID=74281) to work on /opt/homebrew/Caskroom/miniconda/base/lib/python3.11/site-packages/airflow/example_dags/tutorial_taskflow_api.py
[2024-04-16T21:58:59.092+0700] {processor.py:830} INFO - Processing file /opt/homebrew/Caskroom/miniconda/base/lib/python3.11/site-packages/airflow/example_dags/tutorial_taskflow_api.py for tasks to queue
[2024-04-16T21:58:59.092+0700] {logging_mixin.py:188} INFO - [2024-04-16T21:58:59.092+0700] {dagbag.py:540} INFO - Filling up the DagBag from /opt/homebrew/Caskroom/miniconda/base/lib/python3.11/site-packages/airflow/example_dags/tutorial_taskflow_api.py
[2024-04-16T21:58:59.118+0700] {processor.py:840} INFO - DAG(s) 'tutorial_taskflow_api' retrieved from /opt/homebrew/Caskroom/miniconda/base/lib/python3.11/site-packages/airflow/example_dags/tutorial_taskflow_api.py
[2024-04-16T21:58:59.184+0700] {logging_mixin.py:188} INFO - [2024-04-16T21:58:59.183+0700] {dag.py:3096} INFO - Sync 1 DAGs
[2024-04-16T21:58:59.189+0700] {logging_mixin.py:188} INFO - [2024-04-16T21:58:59.189+0700] {dag.py:3954} INFO - Setting next_dagrun for tutorial_taskflow_api to None, run_after=None
[2024-04-16T21:58:59.200+0700] {processor.py:183} INFO - Processing /opt/homebrew/Caskroom/miniconda/base/lib/python3.11/site-packages/airflow/example_dags/tutorial_taskflow_api.py took 0.111 seconds
[2024-04-16T22:00:31.282+0700] {processor.py:161} INFO - Started process (PID=74781) to work on /opt/homebrew/Caskroom/miniconda/base/lib/python3.11/site-packages/airflow/example_dags/tutorial_taskflow_api.py
[2024-04-16T22:00:31.284+0700] {processor.py:830} INFO - Processing file /opt/homebrew/Caskroom/miniconda/base/lib/python3.11/site-packages/airflow/example_dags/tutorial_taskflow_api.py for tasks to queue
[2024-04-16T22:00:31.284+0700] {logging_mixin.py:188} INFO - [2024-04-16T22:00:31.284+0700] {dagbag.py:540} INFO - Filling up the DagBag from /opt/homebrew/Caskroom/miniconda/base/lib/python3.11/site-packages/airflow/example_dags/tutorial_taskflow_api.py
[2024-04-16T22:00:31.308+0700] {processor.py:840} INFO - DAG(s) 'tutorial_taskflow_api' retrieved from /opt/homebrew/Caskroom/miniconda/base/lib/python3.11/site-packages/airflow/example_dags/tutorial_taskflow_api.py
[2024-04-16T22:00:31.372+0700] {logging_mixin.py:188} INFO - [2024-04-16T22:00:31.371+0700] {dag.py:3096} INFO - Sync 1 DAGs
[2024-04-16T22:00:31.377+0700] {logging_mixin.py:188} INFO - [2024-04-16T22:00:31.377+0700] {dag.py:3954} INFO - Setting next_dagrun for tutorial_taskflow_api to None, run_after=None
[2024-04-16T22:00:31.390+0700] {processor.py:183} INFO - Processing /opt/homebrew/Caskroom/miniconda/base/lib/python3.11/site-packages/airflow/example_dags/tutorial_taskflow_api.py took 0.109 seconds
[2024-04-16T22:01:54.192+0700] {processor.py:161} INFO - Started process (PID=75212) to work on /opt/homebrew/Caskroom/miniconda/base/lib/python3.11/site-packages/airflow/example_dags/tutorial_taskflow_api.py
[2024-04-16T22:01:54.193+0700] {processor.py:830} INFO - Processing file /opt/homebrew/Caskroom/miniconda/base/lib/python3.11/site-packages/airflow/example_dags/tutorial_taskflow_api.py for tasks to queue
[2024-04-16T22:01:54.194+0700] {logging_mixin.py:188} INFO - [2024-04-16T22:01:54.194+0700] {dagbag.py:540} INFO - Filling up the DagBag from /opt/homebrew/Caskroom/miniconda/base/lib/python3.11/site-packages/airflow/example_dags/tutorial_taskflow_api.py
[2024-04-16T22:01:54.220+0700] {processor.py:840} INFO - DAG(s) 'tutorial_taskflow_api' retrieved from /opt/homebrew/Caskroom/miniconda/base/lib/python3.11/site-packages/airflow/example_dags/tutorial_taskflow_api.py
[2024-04-16T22:01:54.285+0700] {logging_mixin.py:188} INFO - [2024-04-16T22:01:54.284+0700] {dag.py:3096} INFO - Sync 1 DAGs
[2024-04-16T22:01:54.291+0700] {logging_mixin.py:188} INFO - [2024-04-16T22:01:54.290+0700] {dag.py:3954} INFO - Setting next_dagrun for tutorial_taskflow_api to None, run_after=None
[2024-04-16T22:01:54.303+0700] {processor.py:183} INFO - Processing /opt/homebrew/Caskroom/miniconda/base/lib/python3.11/site-packages/airflow/example_dags/tutorial_taskflow_api.py took 0.115 seconds
[2024-04-16T22:03:20.158+0700] {processor.py:161} INFO - Started process (PID=75725) to work on /opt/homebrew/Caskroom/miniconda/base/lib/python3.11/site-packages/airflow/example_dags/tutorial_taskflow_api.py
[2024-04-16T22:03:20.159+0700] {processor.py:830} INFO - Processing file /opt/homebrew/Caskroom/miniconda/base/lib/python3.11/site-packages/airflow/example_dags/tutorial_taskflow_api.py for tasks to queue
[2024-04-16T22:03:20.159+0700] {logging_mixin.py:188} INFO - [2024-04-16T22:03:20.159+0700] {dagbag.py:540} INFO - Filling up the DagBag from /opt/homebrew/Caskroom/miniconda/base/lib/python3.11/site-packages/airflow/example_dags/tutorial_taskflow_api.py
[2024-04-16T22:03:20.185+0700] {processor.py:840} INFO - DAG(s) 'tutorial_taskflow_api' retrieved from /opt/homebrew/Caskroom/miniconda/base/lib/python3.11/site-packages/airflow/example_dags/tutorial_taskflow_api.py
[2024-04-16T22:03:20.261+0700] {logging_mixin.py:188} INFO - [2024-04-16T22:03:20.261+0700] {dag.py:3096} INFO - Sync 1 DAGs
[2024-04-16T22:03:20.270+0700] {logging_mixin.py:188} INFO - [2024-04-16T22:03:20.270+0700] {dag.py:3954} INFO - Setting next_dagrun for tutorial_taskflow_api to None, run_after=None
[2024-04-16T22:03:20.287+0700] {processor.py:183} INFO - Processing /opt/homebrew/Caskroom/miniconda/base/lib/python3.11/site-packages/airflow/example_dags/tutorial_taskflow_api.py took 0.131 seconds
[2024-04-16T22:04:44.999+0700] {processor.py:161} INFO - Started process (PID=76145) to work on /opt/homebrew/Caskroom/miniconda/base/lib/python3.11/site-packages/airflow/example_dags/tutorial_taskflow_api.py
[2024-04-16T22:04:45.000+0700] {processor.py:830} INFO - Processing file /opt/homebrew/Caskroom/miniconda/base/lib/python3.11/site-packages/airflow/example_dags/tutorial_taskflow_api.py for tasks to queue
[2024-04-16T22:04:45.000+0700] {logging_mixin.py:188} INFO - [2024-04-16T22:04:45.000+0700] {dagbag.py:540} INFO - Filling up the DagBag from /opt/homebrew/Caskroom/miniconda/base/lib/python3.11/site-packages/airflow/example_dags/tutorial_taskflow_api.py
[2024-04-16T22:04:45.024+0700] {processor.py:840} INFO - DAG(s) 'tutorial_taskflow_api' retrieved from /opt/homebrew/Caskroom/miniconda/base/lib/python3.11/site-packages/airflow/example_dags/tutorial_taskflow_api.py
[2024-04-16T22:04:45.086+0700] {logging_mixin.py:188} INFO - [2024-04-16T22:04:45.086+0700] {dag.py:3096} INFO - Sync 1 DAGs
[2024-04-16T22:04:45.091+0700] {logging_mixin.py:188} INFO - [2024-04-16T22:04:45.091+0700] {dag.py:3954} INFO - Setting next_dagrun for tutorial_taskflow_api to None, run_after=None
[2024-04-16T22:04:45.102+0700] {processor.py:183} INFO - Processing /opt/homebrew/Caskroom/miniconda/base/lib/python3.11/site-packages/airflow/example_dags/tutorial_taskflow_api.py took 0.105 seconds
[2024-04-16T22:06:18.780+0700] {processor.py:161} INFO - Started process (PID=76754) to work on /opt/homebrew/Caskroom/miniconda/base/lib/python3.11/site-packages/airflow/example_dags/tutorial_taskflow_api.py
[2024-04-16T22:06:18.782+0700] {processor.py:830} INFO - Processing file /opt/homebrew/Caskroom/miniconda/base/lib/python3.11/site-packages/airflow/example_dags/tutorial_taskflow_api.py for tasks to queue
[2024-04-16T22:06:18.783+0700] {logging_mixin.py:188} INFO - [2024-04-16T22:06:18.783+0700] {dagbag.py:540} INFO - Filling up the DagBag from /opt/homebrew/Caskroom/miniconda/base/lib/python3.11/site-packages/airflow/example_dags/tutorial_taskflow_api.py
[2024-04-16T22:06:18.843+0700] {processor.py:840} INFO - DAG(s) 'tutorial_taskflow_api' retrieved from /opt/homebrew/Caskroom/miniconda/base/lib/python3.11/site-packages/airflow/example_dags/tutorial_taskflow_api.py
[2024-04-16T22:06:18.972+0700] {logging_mixin.py:188} INFO - [2024-04-16T22:06:18.971+0700] {dag.py:3096} INFO - Sync 1 DAGs
[2024-04-16T22:06:18.980+0700] {logging_mixin.py:188} INFO - [2024-04-16T22:06:18.980+0700] {dag.py:3954} INFO - Setting next_dagrun for tutorial_taskflow_api to None, run_after=None
[2024-04-16T22:06:19.000+0700] {processor.py:183} INFO - Processing /opt/homebrew/Caskroom/miniconda/base/lib/python3.11/site-packages/airflow/example_dags/tutorial_taskflow_api.py took 0.223 seconds
[2024-04-16T22:08:11.023+0700] {processor.py:161} INFO - Started process (PID=77408) to work on /opt/homebrew/Caskroom/miniconda/base/lib/python3.11/site-packages/airflow/example_dags/tutorial_taskflow_api.py
[2024-04-16T22:08:11.024+0700] {processor.py:830} INFO - Processing file /opt/homebrew/Caskroom/miniconda/base/lib/python3.11/site-packages/airflow/example_dags/tutorial_taskflow_api.py for tasks to queue
[2024-04-16T22:08:11.024+0700] {logging_mixin.py:188} INFO - [2024-04-16T22:08:11.024+0700] {dagbag.py:540} INFO - Filling up the DagBag from /opt/homebrew/Caskroom/miniconda/base/lib/python3.11/site-packages/airflow/example_dags/tutorial_taskflow_api.py
[2024-04-16T22:08:11.048+0700] {processor.py:840} INFO - DAG(s) 'tutorial_taskflow_api' retrieved from /opt/homebrew/Caskroom/miniconda/base/lib/python3.11/site-packages/airflow/example_dags/tutorial_taskflow_api.py
[2024-04-16T22:08:11.112+0700] {logging_mixin.py:188} INFO - [2024-04-16T22:08:11.112+0700] {dag.py:3096} INFO - Sync 1 DAGs
[2024-04-16T22:08:11.120+0700] {logging_mixin.py:188} INFO - [2024-04-16T22:08:11.120+0700] {dag.py:3954} INFO - Setting next_dagrun for tutorial_taskflow_api to None, run_after=None
[2024-04-16T22:08:11.135+0700] {processor.py:183} INFO - Processing /opt/homebrew/Caskroom/miniconda/base/lib/python3.11/site-packages/airflow/example_dags/tutorial_taskflow_api.py took 0.114 seconds
[2024-04-16T22:09:46.630+0700] {processor.py:161} INFO - Started process (PID=77965) to work on /opt/homebrew/Caskroom/miniconda/base/lib/python3.11/site-packages/airflow/example_dags/tutorial_taskflow_api.py
[2024-04-16T22:09:46.630+0700] {processor.py:830} INFO - Processing file /opt/homebrew/Caskroom/miniconda/base/lib/python3.11/site-packages/airflow/example_dags/tutorial_taskflow_api.py for tasks to queue
[2024-04-16T22:09:46.631+0700] {logging_mixin.py:188} INFO - [2024-04-16T22:09:46.631+0700] {dagbag.py:540} INFO - Filling up the DagBag from /opt/homebrew/Caskroom/miniconda/base/lib/python3.11/site-packages/airflow/example_dags/tutorial_taskflow_api.py
[2024-04-16T22:09:46.655+0700] {processor.py:840} INFO - DAG(s) 'tutorial_taskflow_api' retrieved from /opt/homebrew/Caskroom/miniconda/base/lib/python3.11/site-packages/airflow/example_dags/tutorial_taskflow_api.py
[2024-04-16T22:09:46.720+0700] {logging_mixin.py:188} INFO - [2024-04-16T22:09:46.719+0700] {dag.py:3096} INFO - Sync 1 DAGs
[2024-04-16T22:09:46.725+0700] {logging_mixin.py:188} INFO - [2024-04-16T22:09:46.725+0700] {dag.py:3954} INFO - Setting next_dagrun for tutorial_taskflow_api to None, run_after=None
[2024-04-16T22:09:46.737+0700] {processor.py:183} INFO - Processing /opt/homebrew/Caskroom/miniconda/base/lib/python3.11/site-packages/airflow/example_dags/tutorial_taskflow_api.py took 0.110 seconds
[2024-04-16T22:11:25.148+0700] {processor.py:161} INFO - Started process (PID=78495) to work on /opt/homebrew/Caskroom/miniconda/base/lib/python3.11/site-packages/airflow/example_dags/tutorial_taskflow_api.py
[2024-04-16T22:11:25.153+0700] {processor.py:830} INFO - Processing file /opt/homebrew/Caskroom/miniconda/base/lib/python3.11/site-packages/airflow/example_dags/tutorial_taskflow_api.py for tasks to queue
[2024-04-16T22:11:25.157+0700] {logging_mixin.py:188} INFO - [2024-04-16T22:11:25.157+0700] {dagbag.py:540} INFO - Filling up the DagBag from /opt/homebrew/Caskroom/miniconda/base/lib/python3.11/site-packages/airflow/example_dags/tutorial_taskflow_api.py
[2024-04-16T22:11:25.521+0700] {processor.py:840} INFO - DAG(s) 'tutorial_taskflow_api' retrieved from /opt/homebrew/Caskroom/miniconda/base/lib/python3.11/site-packages/airflow/example_dags/tutorial_taskflow_api.py
[2024-04-16T22:11:26.227+0700] {logging_mixin.py:188} INFO - [2024-04-16T22:11:26.222+0700] {dag.py:3096} INFO - Sync 1 DAGs
[2024-04-16T22:11:26.265+0700] {logging_mixin.py:188} INFO - [2024-04-16T22:11:26.264+0700] {dag.py:3954} INFO - Setting next_dagrun for tutorial_taskflow_api to None, run_after=None
[2024-04-16T22:11:26.307+0700] {processor.py:183} INFO - Processing /opt/homebrew/Caskroom/miniconda/base/lib/python3.11/site-packages/airflow/example_dags/tutorial_taskflow_api.py took 1.207 seconds
[2024-04-16T22:13:03.435+0700] {processor.py:161} INFO - Started process (PID=79057) to work on /opt/homebrew/Caskroom/miniconda/base/lib/python3.11/site-packages/airflow/example_dags/tutorial_taskflow_api.py
[2024-04-16T22:13:03.436+0700] {processor.py:830} INFO - Processing file /opt/homebrew/Caskroom/miniconda/base/lib/python3.11/site-packages/airflow/example_dags/tutorial_taskflow_api.py for tasks to queue
[2024-04-16T22:13:03.437+0700] {logging_mixin.py:188} INFO - [2024-04-16T22:13:03.437+0700] {dagbag.py:540} INFO - Filling up the DagBag from /opt/homebrew/Caskroom/miniconda/base/lib/python3.11/site-packages/airflow/example_dags/tutorial_taskflow_api.py
[2024-04-16T22:13:03.464+0700] {processor.py:840} INFO - DAG(s) 'tutorial_taskflow_api' retrieved from /opt/homebrew/Caskroom/miniconda/base/lib/python3.11/site-packages/airflow/example_dags/tutorial_taskflow_api.py
[2024-04-16T22:13:03.534+0700] {logging_mixin.py:188} INFO - [2024-04-16T22:13:03.533+0700] {dag.py:3096} INFO - Sync 1 DAGs
[2024-04-16T22:13:03.539+0700] {logging_mixin.py:188} INFO - [2024-04-16T22:13:03.539+0700] {dag.py:3954} INFO - Setting next_dagrun for tutorial_taskflow_api to None, run_after=None
[2024-04-16T22:13:03.552+0700] {processor.py:183} INFO - Processing /opt/homebrew/Caskroom/miniconda/base/lib/python3.11/site-packages/airflow/example_dags/tutorial_taskflow_api.py took 0.119 seconds
[2024-04-16T22:14:32.389+0700] {processor.py:161} INFO - Started process (PID=79498) to work on /opt/homebrew/Caskroom/miniconda/base/lib/python3.11/site-packages/airflow/example_dags/tutorial_taskflow_api.py
[2024-04-16T22:14:32.407+0700] {processor.py:830} INFO - Processing file /opt/homebrew/Caskroom/miniconda/base/lib/python3.11/site-packages/airflow/example_dags/tutorial_taskflow_api.py for tasks to queue
[2024-04-16T22:14:32.407+0700] {logging_mixin.py:188} INFO - [2024-04-16T22:14:32.407+0700] {dagbag.py:540} INFO - Filling up the DagBag from /opt/homebrew/Caskroom/miniconda/base/lib/python3.11/site-packages/airflow/example_dags/tutorial_taskflow_api.py
[2024-04-16T22:14:32.436+0700] {processor.py:840} INFO - DAG(s) 'tutorial_taskflow_api' retrieved from /opt/homebrew/Caskroom/miniconda/base/lib/python3.11/site-packages/airflow/example_dags/tutorial_taskflow_api.py
[2024-04-16T22:14:32.504+0700] {logging_mixin.py:188} INFO - [2024-04-16T22:14:32.503+0700] {dag.py:3096} INFO - Sync 1 DAGs
[2024-04-16T22:14:32.511+0700] {logging_mixin.py:188} INFO - [2024-04-16T22:14:32.511+0700] {dag.py:3954} INFO - Setting next_dagrun for tutorial_taskflow_api to None, run_after=None
[2024-04-16T22:14:32.524+0700] {processor.py:183} INFO - Processing /opt/homebrew/Caskroom/miniconda/base/lib/python3.11/site-packages/airflow/example_dags/tutorial_taskflow_api.py took 0.143 seconds
[2024-04-16T22:17:50.685+0700] {processor.py:161} INFO - Started process (PID=80445) to work on /opt/homebrew/Caskroom/miniconda/base/lib/python3.11/site-packages/airflow/example_dags/tutorial_taskflow_api.py
[2024-04-16T22:17:50.687+0700] {processor.py:830} INFO - Processing file /opt/homebrew/Caskroom/miniconda/base/lib/python3.11/site-packages/airflow/example_dags/tutorial_taskflow_api.py for tasks to queue
[2024-04-16T22:17:50.688+0700] {logging_mixin.py:188} INFO - [2024-04-16T22:17:50.687+0700] {dagbag.py:540} INFO - Filling up the DagBag from /opt/homebrew/Caskroom/miniconda/base/lib/python3.11/site-packages/airflow/example_dags/tutorial_taskflow_api.py
[2024-04-16T22:17:50.762+0700] {processor.py:840} INFO - DAG(s) 'tutorial_taskflow_api' retrieved from /opt/homebrew/Caskroom/miniconda/base/lib/python3.11/site-packages/airflow/example_dags/tutorial_taskflow_api.py
[2024-04-16T22:17:50.946+0700] {logging_mixin.py:188} INFO - [2024-04-16T22:17:50.945+0700] {dag.py:3096} INFO - Sync 1 DAGs
[2024-04-16T22:17:50.959+0700] {logging_mixin.py:188} INFO - [2024-04-16T22:17:50.959+0700] {dag.py:3954} INFO - Setting next_dagrun for tutorial_taskflow_api to None, run_after=None
[2024-04-16T22:17:50.984+0700] {processor.py:183} INFO - Processing /opt/homebrew/Caskroom/miniconda/base/lib/python3.11/site-packages/airflow/example_dags/tutorial_taskflow_api.py took 0.302 seconds
[2024-04-16T22:21:58.911+0700] {processor.py:161} INFO - Started process (PID=81590) to work on /opt/homebrew/Caskroom/miniconda/base/lib/python3.11/site-packages/airflow/example_dags/tutorial_taskflow_api.py
[2024-04-16T22:21:58.911+0700] {processor.py:830} INFO - Processing file /opt/homebrew/Caskroom/miniconda/base/lib/python3.11/site-packages/airflow/example_dags/tutorial_taskflow_api.py for tasks to queue
[2024-04-16T22:21:58.912+0700] {logging_mixin.py:188} INFO - [2024-04-16T22:21:58.912+0700] {dagbag.py:540} INFO - Filling up the DagBag from /opt/homebrew/Caskroom/miniconda/base/lib/python3.11/site-packages/airflow/example_dags/tutorial_taskflow_api.py
[2024-04-16T22:21:58.937+0700] {processor.py:840} INFO - DAG(s) 'tutorial_taskflow_api' retrieved from /opt/homebrew/Caskroom/miniconda/base/lib/python3.11/site-packages/airflow/example_dags/tutorial_taskflow_api.py
[2024-04-16T22:21:59.006+0700] {logging_mixin.py:188} INFO - [2024-04-16T22:21:59.005+0700] {dag.py:3096} INFO - Sync 1 DAGs
[2024-04-16T22:21:59.012+0700] {logging_mixin.py:188} INFO - [2024-04-16T22:21:59.012+0700] {dag.py:3954} INFO - Setting next_dagrun for tutorial_taskflow_api to None, run_after=None
[2024-04-16T22:21:59.024+0700] {processor.py:183} INFO - Processing /opt/homebrew/Caskroom/miniconda/base/lib/python3.11/site-packages/airflow/example_dags/tutorial_taskflow_api.py took 0.115 seconds
[2024-04-16T22:26:17.448+0700] {processor.py:161} INFO - Started process (PID=82841) to work on /opt/homebrew/Caskroom/miniconda/base/lib/python3.11/site-packages/airflow/example_dags/tutorial_taskflow_api.py
[2024-04-16T22:26:17.449+0700] {processor.py:830} INFO - Processing file /opt/homebrew/Caskroom/miniconda/base/lib/python3.11/site-packages/airflow/example_dags/tutorial_taskflow_api.py for tasks to queue
[2024-04-16T22:26:17.450+0700] {logging_mixin.py:188} INFO - [2024-04-16T22:26:17.449+0700] {dagbag.py:540} INFO - Filling up the DagBag from /opt/homebrew/Caskroom/miniconda/base/lib/python3.11/site-packages/airflow/example_dags/tutorial_taskflow_api.py
[2024-04-16T22:26:17.488+0700] {processor.py:840} INFO - DAG(s) 'tutorial_taskflow_api' retrieved from /opt/homebrew/Caskroom/miniconda/base/lib/python3.11/site-packages/airflow/example_dags/tutorial_taskflow_api.py
[2024-04-16T22:26:17.585+0700] {logging_mixin.py:188} INFO - [2024-04-16T22:26:17.585+0700] {dag.py:3096} INFO - Sync 1 DAGs
[2024-04-16T22:26:17.594+0700] {logging_mixin.py:188} INFO - [2024-04-16T22:26:17.594+0700] {dag.py:3954} INFO - Setting next_dagrun for tutorial_taskflow_api to None, run_after=None
[2024-04-16T22:26:17.613+0700] {processor.py:183} INFO - Processing /opt/homebrew/Caskroom/miniconda/base/lib/python3.11/site-packages/airflow/example_dags/tutorial_taskflow_api.py took 0.168 seconds
