[2024-04-16T20:52:12.222+0700] {processor.py:161} INFO - Started process (PID=54050) to work on /opt/homebrew/Caskroom/miniconda/base/lib/python3.11/site-packages/airflow/example_dags/tutorial_objectstorage.py
[2024-04-16T20:52:12.223+0700] {processor.py:830} INFO - Processing file /opt/homebrew/Caskroom/miniconda/base/lib/python3.11/site-packages/airflow/example_dags/tutorial_objectstorage.py for tasks to queue
[2024-04-16T20:52:12.223+0700] {logging_mixin.py:188} INFO - [2024-04-16T20:52:12.223+0700] {dagbag.py:540} INFO - Filling up the DagBag from /opt/homebrew/Caskroom/miniconda/base/lib/python3.11/site-packages/airflow/example_dags/tutorial_objectstorage.py
[2024-04-16T20:52:12.274+0700] {processor.py:840} INFO - DAG(s) 'tutorial_objectstorage' retrieved from /opt/homebrew/Caskroom/miniconda/base/lib/python3.11/site-packages/airflow/example_dags/tutorial_objectstorage.py
[2024-04-16T20:52:12.287+0700] {logging_mixin.py:188} INFO - [2024-04-16T20:52:12.287+0700] {dag.py:3096} INFO - Sync 1 DAGs
[2024-04-16T20:52:12.335+0700] {logging_mixin.py:188} INFO - [2024-04-16T20:52:12.335+0700] {dag.py:3954} INFO - Setting next_dagrun for tutorial_objectstorage to None, run_after=None
[2024-04-16T20:52:12.349+0700] {processor.py:183} INFO - Processing /opt/homebrew/Caskroom/miniconda/base/lib/python3.11/site-packages/airflow/example_dags/tutorial_objectstorage.py took 0.128 seconds
[2024-04-16T20:54:06.870+0700] {processor.py:161} INFO - Started process (PID=54634) to work on /opt/homebrew/Caskroom/miniconda/base/lib/python3.11/site-packages/airflow/example_dags/tutorial_objectstorage.py
[2024-04-16T20:54:06.872+0700] {processor.py:830} INFO - Processing file /opt/homebrew/Caskroom/miniconda/base/lib/python3.11/site-packages/airflow/example_dags/tutorial_objectstorage.py for tasks to queue
[2024-04-16T20:54:06.872+0700] {logging_mixin.py:188} INFO - [2024-04-16T20:54:06.872+0700] {dagbag.py:540} INFO - Filling up the DagBag from /opt/homebrew/Caskroom/miniconda/base/lib/python3.11/site-packages/airflow/example_dags/tutorial_objectstorage.py
[2024-04-16T20:54:06.929+0700] {processor.py:840} INFO - DAG(s) 'tutorial_objectstorage' retrieved from /opt/homebrew/Caskroom/miniconda/base/lib/python3.11/site-packages/airflow/example_dags/tutorial_objectstorage.py
[2024-04-16T20:54:07.070+0700] {logging_mixin.py:188} INFO - [2024-04-16T20:54:07.069+0700] {dag.py:3096} INFO - Sync 1 DAGs
[2024-04-16T20:54:07.074+0700] {logging_mixin.py:188} INFO - [2024-04-16T20:54:07.074+0700] {dag.py:3954} INFO - Setting next_dagrun for tutorial_objectstorage to None, run_after=None
[2024-04-16T20:54:07.085+0700] {processor.py:183} INFO - Processing /opt/homebrew/Caskroom/miniconda/base/lib/python3.11/site-packages/airflow/example_dags/tutorial_objectstorage.py took 0.217 seconds
[2024-04-16T20:55:23.065+0700] {processor.py:161} INFO - Started process (PID=54981) to work on /opt/homebrew/Caskroom/miniconda/base/lib/python3.11/site-packages/airflow/example_dags/tutorial_objectstorage.py
[2024-04-16T20:55:23.067+0700] {processor.py:830} INFO - Processing file /opt/homebrew/Caskroom/miniconda/base/lib/python3.11/site-packages/airflow/example_dags/tutorial_objectstorage.py for tasks to queue
[2024-04-16T20:55:23.067+0700] {logging_mixin.py:188} INFO - [2024-04-16T20:55:23.067+0700] {dagbag.py:540} INFO - Filling up the DagBag from /opt/homebrew/Caskroom/miniconda/base/lib/python3.11/site-packages/airflow/example_dags/tutorial_objectstorage.py
[2024-04-16T20:55:23.123+0700] {processor.py:840} INFO - DAG(s) 'tutorial_objectstorage' retrieved from /opt/homebrew/Caskroom/miniconda/base/lib/python3.11/site-packages/airflow/example_dags/tutorial_objectstorage.py
[2024-04-16T20:55:23.183+0700] {logging_mixin.py:188} INFO - [2024-04-16T20:55:23.183+0700] {dag.py:3096} INFO - Sync 1 DAGs
[2024-04-16T20:55:23.189+0700] {logging_mixin.py:188} INFO - [2024-04-16T20:55:23.189+0700] {dag.py:3954} INFO - Setting next_dagrun for tutorial_objectstorage to None, run_after=None
[2024-04-16T20:55:23.200+0700] {processor.py:183} INFO - Processing /opt/homebrew/Caskroom/miniconda/base/lib/python3.11/site-packages/airflow/example_dags/tutorial_objectstorage.py took 0.136 seconds
[2024-04-16T20:56:37.880+0700] {processor.py:161} INFO - Started process (PID=55318) to work on /opt/homebrew/Caskroom/miniconda/base/lib/python3.11/site-packages/airflow/example_dags/tutorial_objectstorage.py
[2024-04-16T20:56:37.881+0700] {processor.py:830} INFO - Processing file /opt/homebrew/Caskroom/miniconda/base/lib/python3.11/site-packages/airflow/example_dags/tutorial_objectstorage.py for tasks to queue
[2024-04-16T20:56:37.881+0700] {logging_mixin.py:188} INFO - [2024-04-16T20:56:37.881+0700] {dagbag.py:540} INFO - Filling up the DagBag from /opt/homebrew/Caskroom/miniconda/base/lib/python3.11/site-packages/airflow/example_dags/tutorial_objectstorage.py
[2024-04-16T20:56:37.938+0700] {processor.py:840} INFO - DAG(s) 'tutorial_objectstorage' retrieved from /opt/homebrew/Caskroom/miniconda/base/lib/python3.11/site-packages/airflow/example_dags/tutorial_objectstorage.py
[2024-04-16T20:56:38.003+0700] {logging_mixin.py:188} INFO - [2024-04-16T20:56:38.002+0700] {dag.py:3096} INFO - Sync 1 DAGs
[2024-04-16T20:56:38.009+0700] {logging_mixin.py:188} INFO - [2024-04-16T20:56:38.009+0700] {dag.py:3954} INFO - Setting next_dagrun for tutorial_objectstorage to None, run_after=None
[2024-04-16T20:56:38.022+0700] {processor.py:183} INFO - Processing /opt/homebrew/Caskroom/miniconda/base/lib/python3.11/site-packages/airflow/example_dags/tutorial_objectstorage.py took 0.143 seconds
[2024-04-16T20:57:55.449+0700] {processor.py:161} INFO - Started process (PID=55669) to work on /opt/homebrew/Caskroom/miniconda/base/lib/python3.11/site-packages/airflow/example_dags/tutorial_objectstorage.py
[2024-04-16T20:57:55.450+0700] {processor.py:830} INFO - Processing file /opt/homebrew/Caskroom/miniconda/base/lib/python3.11/site-packages/airflow/example_dags/tutorial_objectstorage.py for tasks to queue
[2024-04-16T20:57:55.451+0700] {logging_mixin.py:188} INFO - [2024-04-16T20:57:55.451+0700] {dagbag.py:540} INFO - Filling up the DagBag from /opt/homebrew/Caskroom/miniconda/base/lib/python3.11/site-packages/airflow/example_dags/tutorial_objectstorage.py
[2024-04-16T20:57:55.509+0700] {processor.py:840} INFO - DAG(s) 'tutorial_objectstorage' retrieved from /opt/homebrew/Caskroom/miniconda/base/lib/python3.11/site-packages/airflow/example_dags/tutorial_objectstorage.py
[2024-04-16T20:57:55.570+0700] {logging_mixin.py:188} INFO - [2024-04-16T20:57:55.570+0700] {dag.py:3096} INFO - Sync 1 DAGs
[2024-04-16T20:57:55.576+0700] {logging_mixin.py:188} INFO - [2024-04-16T20:57:55.576+0700] {dag.py:3954} INFO - Setting next_dagrun for tutorial_objectstorage to None, run_after=None
[2024-04-16T20:57:55.587+0700] {processor.py:183} INFO - Processing /opt/homebrew/Caskroom/miniconda/base/lib/python3.11/site-packages/airflow/example_dags/tutorial_objectstorage.py took 0.140 seconds
[2024-04-16T20:59:12.182+0700] {processor.py:161} INFO - Started process (PID=56014) to work on /opt/homebrew/Caskroom/miniconda/base/lib/python3.11/site-packages/airflow/example_dags/tutorial_objectstorage.py
[2024-04-16T20:59:12.183+0700] {processor.py:830} INFO - Processing file /opt/homebrew/Caskroom/miniconda/base/lib/python3.11/site-packages/airflow/example_dags/tutorial_objectstorage.py for tasks to queue
[2024-04-16T20:59:12.184+0700] {logging_mixin.py:188} INFO - [2024-04-16T20:59:12.184+0700] {dagbag.py:540} INFO - Filling up the DagBag from /opt/homebrew/Caskroom/miniconda/base/lib/python3.11/site-packages/airflow/example_dags/tutorial_objectstorage.py
[2024-04-16T20:59:12.241+0700] {processor.py:840} INFO - DAG(s) 'tutorial_objectstorage' retrieved from /opt/homebrew/Caskroom/miniconda/base/lib/python3.11/site-packages/airflow/example_dags/tutorial_objectstorage.py
[2024-04-16T20:59:12.304+0700] {logging_mixin.py:188} INFO - [2024-04-16T20:59:12.303+0700] {dag.py:3096} INFO - Sync 1 DAGs
[2024-04-16T20:59:12.310+0700] {logging_mixin.py:188} INFO - [2024-04-16T20:59:12.310+0700] {dag.py:3954} INFO - Setting next_dagrun for tutorial_objectstorage to None, run_after=None
[2024-04-16T20:59:12.321+0700] {processor.py:183} INFO - Processing /opt/homebrew/Caskroom/miniconda/base/lib/python3.11/site-packages/airflow/example_dags/tutorial_objectstorage.py took 0.141 seconds
[2024-04-16T21:00:28.916+0700] {processor.py:161} INFO - Started process (PID=56362) to work on /opt/homebrew/Caskroom/miniconda/base/lib/python3.11/site-packages/airflow/example_dags/tutorial_objectstorage.py
[2024-04-16T21:00:28.917+0700] {processor.py:830} INFO - Processing file /opt/homebrew/Caskroom/miniconda/base/lib/python3.11/site-packages/airflow/example_dags/tutorial_objectstorage.py for tasks to queue
[2024-04-16T21:00:28.918+0700] {logging_mixin.py:188} INFO - [2024-04-16T21:00:28.917+0700] {dagbag.py:540} INFO - Filling up the DagBag from /opt/homebrew/Caskroom/miniconda/base/lib/python3.11/site-packages/airflow/example_dags/tutorial_objectstorage.py
[2024-04-16T21:00:28.974+0700] {processor.py:840} INFO - DAG(s) 'tutorial_objectstorage' retrieved from /opt/homebrew/Caskroom/miniconda/base/lib/python3.11/site-packages/airflow/example_dags/tutorial_objectstorage.py
[2024-04-16T21:00:29.035+0700] {logging_mixin.py:188} INFO - [2024-04-16T21:00:29.035+0700] {dag.py:3096} INFO - Sync 1 DAGs
[2024-04-16T21:00:29.041+0700] {logging_mixin.py:188} INFO - [2024-04-16T21:00:29.041+0700] {dag.py:3954} INFO - Setting next_dagrun for tutorial_objectstorage to None, run_after=None
[2024-04-16T21:00:29.053+0700] {processor.py:183} INFO - Processing /opt/homebrew/Caskroom/miniconda/base/lib/python3.11/site-packages/airflow/example_dags/tutorial_objectstorage.py took 0.138 seconds
[2024-04-16T21:01:46.563+0700] {processor.py:161} INFO - Started process (PID=56709) to work on /opt/homebrew/Caskroom/miniconda/base/lib/python3.11/site-packages/airflow/example_dags/tutorial_objectstorage.py
[2024-04-16T21:01:46.564+0700] {processor.py:830} INFO - Processing file /opt/homebrew/Caskroom/miniconda/base/lib/python3.11/site-packages/airflow/example_dags/tutorial_objectstorage.py for tasks to queue
[2024-04-16T21:01:46.564+0700] {logging_mixin.py:188} INFO - [2024-04-16T21:01:46.564+0700] {dagbag.py:540} INFO - Filling up the DagBag from /opt/homebrew/Caskroom/miniconda/base/lib/python3.11/site-packages/airflow/example_dags/tutorial_objectstorage.py
[2024-04-16T21:01:46.621+0700] {processor.py:840} INFO - DAG(s) 'tutorial_objectstorage' retrieved from /opt/homebrew/Caskroom/miniconda/base/lib/python3.11/site-packages/airflow/example_dags/tutorial_objectstorage.py
[2024-04-16T21:01:46.682+0700] {logging_mixin.py:188} INFO - [2024-04-16T21:01:46.682+0700] {dag.py:3096} INFO - Sync 1 DAGs
[2024-04-16T21:01:46.688+0700] {logging_mixin.py:188} INFO - [2024-04-16T21:01:46.688+0700] {dag.py:3954} INFO - Setting next_dagrun for tutorial_objectstorage to None, run_after=None
[2024-04-16T21:01:46.699+0700] {processor.py:183} INFO - Processing /opt/homebrew/Caskroom/miniconda/base/lib/python3.11/site-packages/airflow/example_dags/tutorial_objectstorage.py took 0.138 seconds
[2024-04-16T21:03:02.565+0700] {processor.py:161} INFO - Started process (PID=57059) to work on /opt/homebrew/Caskroom/miniconda/base/lib/python3.11/site-packages/airflow/example_dags/tutorial_objectstorage.py
[2024-04-16T21:03:02.565+0700] {processor.py:830} INFO - Processing file /opt/homebrew/Caskroom/miniconda/base/lib/python3.11/site-packages/airflow/example_dags/tutorial_objectstorage.py for tasks to queue
[2024-04-16T21:03:02.566+0700] {logging_mixin.py:188} INFO - [2024-04-16T21:03:02.566+0700] {dagbag.py:540} INFO - Filling up the DagBag from /opt/homebrew/Caskroom/miniconda/base/lib/python3.11/site-packages/airflow/example_dags/tutorial_objectstorage.py
[2024-04-16T21:03:02.623+0700] {processor.py:840} INFO - DAG(s) 'tutorial_objectstorage' retrieved from /opt/homebrew/Caskroom/miniconda/base/lib/python3.11/site-packages/airflow/example_dags/tutorial_objectstorage.py
[2024-04-16T21:03:02.683+0700] {logging_mixin.py:188} INFO - [2024-04-16T21:03:02.683+0700] {dag.py:3096} INFO - Sync 1 DAGs
[2024-04-16T21:03:02.689+0700] {logging_mixin.py:188} INFO - [2024-04-16T21:03:02.689+0700] {dag.py:3954} INFO - Setting next_dagrun for tutorial_objectstorage to None, run_after=None
[2024-04-16T21:03:02.701+0700] {processor.py:183} INFO - Processing /opt/homebrew/Caskroom/miniconda/base/lib/python3.11/site-packages/airflow/example_dags/tutorial_objectstorage.py took 0.138 seconds
[2024-04-16T21:04:19.598+0700] {processor.py:161} INFO - Started process (PID=57406) to work on /opt/homebrew/Caskroom/miniconda/base/lib/python3.11/site-packages/airflow/example_dags/tutorial_objectstorage.py
[2024-04-16T21:04:19.599+0700] {processor.py:830} INFO - Processing file /opt/homebrew/Caskroom/miniconda/base/lib/python3.11/site-packages/airflow/example_dags/tutorial_objectstorage.py for tasks to queue
[2024-04-16T21:04:19.599+0700] {logging_mixin.py:188} INFO - [2024-04-16T21:04:19.599+0700] {dagbag.py:540} INFO - Filling up the DagBag from /opt/homebrew/Caskroom/miniconda/base/lib/python3.11/site-packages/airflow/example_dags/tutorial_objectstorage.py
[2024-04-16T21:04:19.658+0700] {processor.py:840} INFO - DAG(s) 'tutorial_objectstorage' retrieved from /opt/homebrew/Caskroom/miniconda/base/lib/python3.11/site-packages/airflow/example_dags/tutorial_objectstorage.py
[2024-04-16T21:04:19.719+0700] {logging_mixin.py:188} INFO - [2024-04-16T21:04:19.719+0700] {dag.py:3096} INFO - Sync 1 DAGs
[2024-04-16T21:04:19.725+0700] {logging_mixin.py:188} INFO - [2024-04-16T21:04:19.725+0700] {dag.py:3954} INFO - Setting next_dagrun for tutorial_objectstorage to None, run_after=None
[2024-04-16T21:04:19.736+0700] {processor.py:183} INFO - Processing /opt/homebrew/Caskroom/miniconda/base/lib/python3.11/site-packages/airflow/example_dags/tutorial_objectstorage.py took 0.140 seconds
[2024-04-16T21:05:36.010+0700] {processor.py:161} INFO - Started process (PID=57746) to work on /opt/homebrew/Caskroom/miniconda/base/lib/python3.11/site-packages/airflow/example_dags/tutorial_objectstorage.py
[2024-04-16T21:05:36.011+0700] {processor.py:830} INFO - Processing file /opt/homebrew/Caskroom/miniconda/base/lib/python3.11/site-packages/airflow/example_dags/tutorial_objectstorage.py for tasks to queue
[2024-04-16T21:05:36.012+0700] {logging_mixin.py:188} INFO - [2024-04-16T21:05:36.012+0700] {dagbag.py:540} INFO - Filling up the DagBag from /opt/homebrew/Caskroom/miniconda/base/lib/python3.11/site-packages/airflow/example_dags/tutorial_objectstorage.py
[2024-04-16T21:05:36.069+0700] {processor.py:840} INFO - DAG(s) 'tutorial_objectstorage' retrieved from /opt/homebrew/Caskroom/miniconda/base/lib/python3.11/site-packages/airflow/example_dags/tutorial_objectstorage.py
[2024-04-16T21:05:36.130+0700] {logging_mixin.py:188} INFO - [2024-04-16T21:05:36.130+0700] {dag.py:3096} INFO - Sync 1 DAGs
[2024-04-16T21:05:36.137+0700] {logging_mixin.py:188} INFO - [2024-04-16T21:05:36.136+0700] {dag.py:3954} INFO - Setting next_dagrun for tutorial_objectstorage to None, run_after=None
[2024-04-16T21:05:36.148+0700] {processor.py:183} INFO - Processing /opt/homebrew/Caskroom/miniconda/base/lib/python3.11/site-packages/airflow/example_dags/tutorial_objectstorage.py took 0.140 seconds
[2024-04-16T21:06:52.869+0700] {processor.py:161} INFO - Started process (PID=58096) to work on /opt/homebrew/Caskroom/miniconda/base/lib/python3.11/site-packages/airflow/example_dags/tutorial_objectstorage.py
[2024-04-16T21:06:52.870+0700] {processor.py:830} INFO - Processing file /opt/homebrew/Caskroom/miniconda/base/lib/python3.11/site-packages/airflow/example_dags/tutorial_objectstorage.py for tasks to queue
[2024-04-16T21:06:52.871+0700] {logging_mixin.py:188} INFO - [2024-04-16T21:06:52.871+0700] {dagbag.py:540} INFO - Filling up the DagBag from /opt/homebrew/Caskroom/miniconda/base/lib/python3.11/site-packages/airflow/example_dags/tutorial_objectstorage.py
[2024-04-16T21:06:52.937+0700] {processor.py:840} INFO - DAG(s) 'tutorial_objectstorage' retrieved from /opt/homebrew/Caskroom/miniconda/base/lib/python3.11/site-packages/airflow/example_dags/tutorial_objectstorage.py
[2024-04-16T21:06:53.007+0700] {logging_mixin.py:188} INFO - [2024-04-16T21:06:53.007+0700] {dag.py:3096} INFO - Sync 1 DAGs
[2024-04-16T21:06:53.014+0700] {logging_mixin.py:188} INFO - [2024-04-16T21:06:53.014+0700] {dag.py:3954} INFO - Setting next_dagrun for tutorial_objectstorage to None, run_after=None
[2024-04-16T21:06:53.030+0700] {processor.py:183} INFO - Processing /opt/homebrew/Caskroom/miniconda/base/lib/python3.11/site-packages/airflow/example_dags/tutorial_objectstorage.py took 0.163 seconds
[2024-04-16T21:08:09.061+0700] {processor.py:161} INFO - Started process (PID=58453) to work on /opt/homebrew/Caskroom/miniconda/base/lib/python3.11/site-packages/airflow/example_dags/tutorial_objectstorage.py
[2024-04-16T21:08:09.063+0700] {processor.py:830} INFO - Processing file /opt/homebrew/Caskroom/miniconda/base/lib/python3.11/site-packages/airflow/example_dags/tutorial_objectstorage.py for tasks to queue
[2024-04-16T21:08:09.063+0700] {logging_mixin.py:188} INFO - [2024-04-16T21:08:09.063+0700] {dagbag.py:540} INFO - Filling up the DagBag from /opt/homebrew/Caskroom/miniconda/base/lib/python3.11/site-packages/airflow/example_dags/tutorial_objectstorage.py
[2024-04-16T21:08:09.121+0700] {processor.py:840} INFO - DAG(s) 'tutorial_objectstorage' retrieved from /opt/homebrew/Caskroom/miniconda/base/lib/python3.11/site-packages/airflow/example_dags/tutorial_objectstorage.py
[2024-04-16T21:08:09.181+0700] {logging_mixin.py:188} INFO - [2024-04-16T21:08:09.181+0700] {dag.py:3096} INFO - Sync 1 DAGs
[2024-04-16T21:08:09.187+0700] {logging_mixin.py:188} INFO - [2024-04-16T21:08:09.187+0700] {dag.py:3954} INFO - Setting next_dagrun for tutorial_objectstorage to None, run_after=None
[2024-04-16T21:08:09.199+0700] {processor.py:183} INFO - Processing /opt/homebrew/Caskroom/miniconda/base/lib/python3.11/site-packages/airflow/example_dags/tutorial_objectstorage.py took 0.139 seconds
[2024-04-16T21:09:27.718+0700] {processor.py:161} INFO - Started process (PID=58808) to work on /opt/homebrew/Caskroom/miniconda/base/lib/python3.11/site-packages/airflow/example_dags/tutorial_objectstorage.py
[2024-04-16T21:09:27.719+0700] {processor.py:830} INFO - Processing file /opt/homebrew/Caskroom/miniconda/base/lib/python3.11/site-packages/airflow/example_dags/tutorial_objectstorage.py for tasks to queue
[2024-04-16T21:09:27.719+0700] {logging_mixin.py:188} INFO - [2024-04-16T21:09:27.719+0700] {dagbag.py:540} INFO - Filling up the DagBag from /opt/homebrew/Caskroom/miniconda/base/lib/python3.11/site-packages/airflow/example_dags/tutorial_objectstorage.py
[2024-04-16T21:09:27.778+0700] {processor.py:840} INFO - DAG(s) 'tutorial_objectstorage' retrieved from /opt/homebrew/Caskroom/miniconda/base/lib/python3.11/site-packages/airflow/example_dags/tutorial_objectstorage.py
[2024-04-16T21:09:27.839+0700] {logging_mixin.py:188} INFO - [2024-04-16T21:09:27.839+0700] {dag.py:3096} INFO - Sync 1 DAGs
[2024-04-16T21:09:27.845+0700] {logging_mixin.py:188} INFO - [2024-04-16T21:09:27.845+0700] {dag.py:3954} INFO - Setting next_dagrun for tutorial_objectstorage to None, run_after=None
[2024-04-16T21:09:27.856+0700] {processor.py:183} INFO - Processing /opt/homebrew/Caskroom/miniconda/base/lib/python3.11/site-packages/airflow/example_dags/tutorial_objectstorage.py took 0.139 seconds
[2024-04-16T21:10:46.627+0700] {processor.py:161} INFO - Started process (PID=59166) to work on /opt/homebrew/Caskroom/miniconda/base/lib/python3.11/site-packages/airflow/example_dags/tutorial_objectstorage.py
[2024-04-16T21:10:46.628+0700] {processor.py:830} INFO - Processing file /opt/homebrew/Caskroom/miniconda/base/lib/python3.11/site-packages/airflow/example_dags/tutorial_objectstorage.py for tasks to queue
[2024-04-16T21:10:46.629+0700] {logging_mixin.py:188} INFO - [2024-04-16T21:10:46.628+0700] {dagbag.py:540} INFO - Filling up the DagBag from /opt/homebrew/Caskroom/miniconda/base/lib/python3.11/site-packages/airflow/example_dags/tutorial_objectstorage.py
[2024-04-16T21:10:46.685+0700] {processor.py:840} INFO - DAG(s) 'tutorial_objectstorage' retrieved from /opt/homebrew/Caskroom/miniconda/base/lib/python3.11/site-packages/airflow/example_dags/tutorial_objectstorage.py
[2024-04-16T21:10:46.746+0700] {logging_mixin.py:188} INFO - [2024-04-16T21:10:46.746+0700] {dag.py:3096} INFO - Sync 1 DAGs
[2024-04-16T21:10:46.752+0700] {logging_mixin.py:188} INFO - [2024-04-16T21:10:46.752+0700] {dag.py:3954} INFO - Setting next_dagrun for tutorial_objectstorage to None, run_after=None
[2024-04-16T21:10:46.764+0700] {processor.py:183} INFO - Processing /opt/homebrew/Caskroom/miniconda/base/lib/python3.11/site-packages/airflow/example_dags/tutorial_objectstorage.py took 0.141 seconds
[2024-04-16T21:12:04.132+0700] {processor.py:161} INFO - Started process (PID=59514) to work on /opt/homebrew/Caskroom/miniconda/base/lib/python3.11/site-packages/airflow/example_dags/tutorial_objectstorage.py
[2024-04-16T21:12:04.134+0700] {processor.py:830} INFO - Processing file /opt/homebrew/Caskroom/miniconda/base/lib/python3.11/site-packages/airflow/example_dags/tutorial_objectstorage.py for tasks to queue
[2024-04-16T21:12:04.134+0700] {logging_mixin.py:188} INFO - [2024-04-16T21:12:04.134+0700] {dagbag.py:540} INFO - Filling up the DagBag from /opt/homebrew/Caskroom/miniconda/base/lib/python3.11/site-packages/airflow/example_dags/tutorial_objectstorage.py
[2024-04-16T21:12:04.191+0700] {processor.py:840} INFO - DAG(s) 'tutorial_objectstorage' retrieved from /opt/homebrew/Caskroom/miniconda/base/lib/python3.11/site-packages/airflow/example_dags/tutorial_objectstorage.py
[2024-04-16T21:12:04.252+0700] {logging_mixin.py:188} INFO - [2024-04-16T21:12:04.251+0700] {dag.py:3096} INFO - Sync 1 DAGs
[2024-04-16T21:12:04.258+0700] {logging_mixin.py:188} INFO - [2024-04-16T21:12:04.257+0700] {dag.py:3954} INFO - Setting next_dagrun for tutorial_objectstorage to None, run_after=None
[2024-04-16T21:12:04.269+0700] {processor.py:183} INFO - Processing /opt/homebrew/Caskroom/miniconda/base/lib/python3.11/site-packages/airflow/example_dags/tutorial_objectstorage.py took 0.138 seconds
[2024-04-16T21:13:23.507+0700] {processor.py:161} INFO - Started process (PID=59893) to work on /opt/homebrew/Caskroom/miniconda/base/lib/python3.11/site-packages/airflow/example_dags/tutorial_objectstorage.py
[2024-04-16T21:13:23.508+0700] {processor.py:830} INFO - Processing file /opt/homebrew/Caskroom/miniconda/base/lib/python3.11/site-packages/airflow/example_dags/tutorial_objectstorage.py for tasks to queue
[2024-04-16T21:13:23.508+0700] {logging_mixin.py:188} INFO - [2024-04-16T21:13:23.508+0700] {dagbag.py:540} INFO - Filling up the DagBag from /opt/homebrew/Caskroom/miniconda/base/lib/python3.11/site-packages/airflow/example_dags/tutorial_objectstorage.py
[2024-04-16T21:13:23.565+0700] {processor.py:840} INFO - DAG(s) 'tutorial_objectstorage' retrieved from /opt/homebrew/Caskroom/miniconda/base/lib/python3.11/site-packages/airflow/example_dags/tutorial_objectstorage.py
[2024-04-16T21:13:23.629+0700] {logging_mixin.py:188} INFO - [2024-04-16T21:13:23.629+0700] {dag.py:3096} INFO - Sync 1 DAGs
[2024-04-16T21:13:23.635+0700] {logging_mixin.py:188} INFO - [2024-04-16T21:13:23.635+0700] {dag.py:3954} INFO - Setting next_dagrun for tutorial_objectstorage to None, run_after=None
[2024-04-16T21:13:23.646+0700] {processor.py:183} INFO - Processing /opt/homebrew/Caskroom/miniconda/base/lib/python3.11/site-packages/airflow/example_dags/tutorial_objectstorage.py took 0.141 seconds
[2024-04-16T21:14:42.643+0700] {processor.py:161} INFO - Started process (PID=60257) to work on /opt/homebrew/Caskroom/miniconda/base/lib/python3.11/site-packages/airflow/example_dags/tutorial_objectstorage.py
[2024-04-16T21:14:42.644+0700] {processor.py:830} INFO - Processing file /opt/homebrew/Caskroom/miniconda/base/lib/python3.11/site-packages/airflow/example_dags/tutorial_objectstorage.py for tasks to queue
[2024-04-16T21:14:42.644+0700] {logging_mixin.py:188} INFO - [2024-04-16T21:14:42.644+0700] {dagbag.py:540} INFO - Filling up the DagBag from /opt/homebrew/Caskroom/miniconda/base/lib/python3.11/site-packages/airflow/example_dags/tutorial_objectstorage.py
[2024-04-16T21:14:42.702+0700] {processor.py:840} INFO - DAG(s) 'tutorial_objectstorage' retrieved from /opt/homebrew/Caskroom/miniconda/base/lib/python3.11/site-packages/airflow/example_dags/tutorial_objectstorage.py
[2024-04-16T21:14:42.764+0700] {logging_mixin.py:188} INFO - [2024-04-16T21:14:42.764+0700] {dag.py:3096} INFO - Sync 1 DAGs
[2024-04-16T21:14:42.770+0700] {logging_mixin.py:188} INFO - [2024-04-16T21:14:42.770+0700] {dag.py:3954} INFO - Setting next_dagrun for tutorial_objectstorage to None, run_after=None
[2024-04-16T21:14:42.782+0700] {processor.py:183} INFO - Processing /opt/homebrew/Caskroom/miniconda/base/lib/python3.11/site-packages/airflow/example_dags/tutorial_objectstorage.py took 0.141 seconds
[2024-04-16T21:16:01.311+0700] {processor.py:161} INFO - Started process (PID=60615) to work on /opt/homebrew/Caskroom/miniconda/base/lib/python3.11/site-packages/airflow/example_dags/tutorial_objectstorage.py
[2024-04-16T21:16:01.313+0700] {processor.py:830} INFO - Processing file /opt/homebrew/Caskroom/miniconda/base/lib/python3.11/site-packages/airflow/example_dags/tutorial_objectstorage.py for tasks to queue
[2024-04-16T21:16:01.313+0700] {logging_mixin.py:188} INFO - [2024-04-16T21:16:01.313+0700] {dagbag.py:540} INFO - Filling up the DagBag from /opt/homebrew/Caskroom/miniconda/base/lib/python3.11/site-packages/airflow/example_dags/tutorial_objectstorage.py
[2024-04-16T21:16:01.370+0700] {processor.py:840} INFO - DAG(s) 'tutorial_objectstorage' retrieved from /opt/homebrew/Caskroom/miniconda/base/lib/python3.11/site-packages/airflow/example_dags/tutorial_objectstorage.py
[2024-04-16T21:16:01.436+0700] {logging_mixin.py:188} INFO - [2024-04-16T21:16:01.436+0700] {dag.py:3096} INFO - Sync 1 DAGs
[2024-04-16T21:16:01.442+0700] {logging_mixin.py:188} INFO - [2024-04-16T21:16:01.442+0700] {dag.py:3954} INFO - Setting next_dagrun for tutorial_objectstorage to None, run_after=None
[2024-04-16T21:16:01.453+0700] {processor.py:183} INFO - Processing /opt/homebrew/Caskroom/miniconda/base/lib/python3.11/site-packages/airflow/example_dags/tutorial_objectstorage.py took 0.144 seconds
[2024-04-16T21:17:16.970+0700] {processor.py:161} INFO - Started process (PID=60963) to work on /opt/homebrew/Caskroom/miniconda/base/lib/python3.11/site-packages/airflow/example_dags/tutorial_objectstorage.py
[2024-04-16T21:17:16.971+0700] {processor.py:830} INFO - Processing file /opt/homebrew/Caskroom/miniconda/base/lib/python3.11/site-packages/airflow/example_dags/tutorial_objectstorage.py for tasks to queue
[2024-04-16T21:17:16.971+0700] {logging_mixin.py:188} INFO - [2024-04-16T21:17:16.971+0700] {dagbag.py:540} INFO - Filling up the DagBag from /opt/homebrew/Caskroom/miniconda/base/lib/python3.11/site-packages/airflow/example_dags/tutorial_objectstorage.py
[2024-04-16T21:17:17.029+0700] {processor.py:840} INFO - DAG(s) 'tutorial_objectstorage' retrieved from /opt/homebrew/Caskroom/miniconda/base/lib/python3.11/site-packages/airflow/example_dags/tutorial_objectstorage.py
[2024-04-16T21:17:17.092+0700] {logging_mixin.py:188} INFO - [2024-04-16T21:17:17.091+0700] {dag.py:3096} INFO - Sync 1 DAGs
[2024-04-16T21:17:17.098+0700] {logging_mixin.py:188} INFO - [2024-04-16T21:17:17.098+0700] {dag.py:3954} INFO - Setting next_dagrun for tutorial_objectstorage to None, run_after=None
[2024-04-16T21:17:17.109+0700] {processor.py:183} INFO - Processing /opt/homebrew/Caskroom/miniconda/base/lib/python3.11/site-packages/airflow/example_dags/tutorial_objectstorage.py took 0.141 seconds
[2024-04-16T21:18:33.813+0700] {processor.py:161} INFO - Started process (PID=61319) to work on /opt/homebrew/Caskroom/miniconda/base/lib/python3.11/site-packages/airflow/example_dags/tutorial_objectstorage.py
[2024-04-16T21:18:33.815+0700] {processor.py:830} INFO - Processing file /opt/homebrew/Caskroom/miniconda/base/lib/python3.11/site-packages/airflow/example_dags/tutorial_objectstorage.py for tasks to queue
[2024-04-16T21:18:33.815+0700] {logging_mixin.py:188} INFO - [2024-04-16T21:18:33.815+0700] {dagbag.py:540} INFO - Filling up the DagBag from /opt/homebrew/Caskroom/miniconda/base/lib/python3.11/site-packages/airflow/example_dags/tutorial_objectstorage.py
[2024-04-16T21:18:33.872+0700] {processor.py:840} INFO - DAG(s) 'tutorial_objectstorage' retrieved from /opt/homebrew/Caskroom/miniconda/base/lib/python3.11/site-packages/airflow/example_dags/tutorial_objectstorage.py
[2024-04-16T21:18:33.933+0700] {logging_mixin.py:188} INFO - [2024-04-16T21:18:33.933+0700] {dag.py:3096} INFO - Sync 1 DAGs
[2024-04-16T21:18:33.939+0700] {logging_mixin.py:188} INFO - [2024-04-16T21:18:33.939+0700] {dag.py:3954} INFO - Setting next_dagrun for tutorial_objectstorage to None, run_after=None
[2024-04-16T21:18:33.950+0700] {processor.py:183} INFO - Processing /opt/homebrew/Caskroom/miniconda/base/lib/python3.11/site-packages/airflow/example_dags/tutorial_objectstorage.py took 0.138 seconds
[2024-04-16T21:19:50.209+0700] {processor.py:161} INFO - Started process (PID=61674) to work on /opt/homebrew/Caskroom/miniconda/base/lib/python3.11/site-packages/airflow/example_dags/tutorial_objectstorage.py
[2024-04-16T21:19:50.209+0700] {processor.py:830} INFO - Processing file /opt/homebrew/Caskroom/miniconda/base/lib/python3.11/site-packages/airflow/example_dags/tutorial_objectstorage.py for tasks to queue
[2024-04-16T21:19:50.210+0700] {logging_mixin.py:188} INFO - [2024-04-16T21:19:50.210+0700] {dagbag.py:540} INFO - Filling up the DagBag from /opt/homebrew/Caskroom/miniconda/base/lib/python3.11/site-packages/airflow/example_dags/tutorial_objectstorage.py
[2024-04-16T21:19:50.267+0700] {processor.py:840} INFO - DAG(s) 'tutorial_objectstorage' retrieved from /opt/homebrew/Caskroom/miniconda/base/lib/python3.11/site-packages/airflow/example_dags/tutorial_objectstorage.py
[2024-04-16T21:19:50.327+0700] {logging_mixin.py:188} INFO - [2024-04-16T21:19:50.327+0700] {dag.py:3096} INFO - Sync 1 DAGs
[2024-04-16T21:19:50.333+0700] {logging_mixin.py:188} INFO - [2024-04-16T21:19:50.333+0700] {dag.py:3954} INFO - Setting next_dagrun for tutorial_objectstorage to None, run_after=None
[2024-04-16T21:19:50.345+0700] {processor.py:183} INFO - Processing /opt/homebrew/Caskroom/miniconda/base/lib/python3.11/site-packages/airflow/example_dags/tutorial_objectstorage.py took 0.138 seconds
[2024-04-16T21:21:07.319+0700] {processor.py:161} INFO - Started process (PID=62025) to work on /opt/homebrew/Caskroom/miniconda/base/lib/python3.11/site-packages/airflow/example_dags/tutorial_objectstorage.py
[2024-04-16T21:21:07.320+0700] {processor.py:830} INFO - Processing file /opt/homebrew/Caskroom/miniconda/base/lib/python3.11/site-packages/airflow/example_dags/tutorial_objectstorage.py for tasks to queue
[2024-04-16T21:21:07.321+0700] {logging_mixin.py:188} INFO - [2024-04-16T21:21:07.321+0700] {dagbag.py:540} INFO - Filling up the DagBag from /opt/homebrew/Caskroom/miniconda/base/lib/python3.11/site-packages/airflow/example_dags/tutorial_objectstorage.py
[2024-04-16T21:21:07.379+0700] {processor.py:840} INFO - DAG(s) 'tutorial_objectstorage' retrieved from /opt/homebrew/Caskroom/miniconda/base/lib/python3.11/site-packages/airflow/example_dags/tutorial_objectstorage.py
[2024-04-16T21:21:07.442+0700] {logging_mixin.py:188} INFO - [2024-04-16T21:21:07.442+0700] {dag.py:3096} INFO - Sync 1 DAGs
[2024-04-16T21:21:07.448+0700] {logging_mixin.py:188} INFO - [2024-04-16T21:21:07.448+0700] {dag.py:3954} INFO - Setting next_dagrun for tutorial_objectstorage to None, run_after=None
[2024-04-16T21:21:07.459+0700] {processor.py:183} INFO - Processing /opt/homebrew/Caskroom/miniconda/base/lib/python3.11/site-packages/airflow/example_dags/tutorial_objectstorage.py took 0.142 seconds
[2024-04-16T21:22:32.395+0700] {processor.py:161} INFO - Started process (PID=62707) to work on /opt/homebrew/Caskroom/miniconda/base/lib/python3.11/site-packages/airflow/example_dags/tutorial_objectstorage.py
[2024-04-16T21:22:32.397+0700] {processor.py:830} INFO - Processing file /opt/homebrew/Caskroom/miniconda/base/lib/python3.11/site-packages/airflow/example_dags/tutorial_objectstorage.py for tasks to queue
[2024-04-16T21:22:32.397+0700] {logging_mixin.py:188} INFO - [2024-04-16T21:22:32.397+0700] {dagbag.py:540} INFO - Filling up the DagBag from /opt/homebrew/Caskroom/miniconda/base/lib/python3.11/site-packages/airflow/example_dags/tutorial_objectstorage.py
[2024-04-16T21:22:32.467+0700] {processor.py:840} INFO - DAG(s) 'tutorial_objectstorage' retrieved from /opt/homebrew/Caskroom/miniconda/base/lib/python3.11/site-packages/airflow/example_dags/tutorial_objectstorage.py
[2024-04-16T21:22:32.542+0700] {logging_mixin.py:188} INFO - [2024-04-16T21:22:32.542+0700] {dag.py:3096} INFO - Sync 1 DAGs
[2024-04-16T21:22:32.549+0700] {logging_mixin.py:188} INFO - [2024-04-16T21:22:32.549+0700] {dag.py:3954} INFO - Setting next_dagrun for tutorial_objectstorage to None, run_after=None
[2024-04-16T21:22:32.562+0700] {processor.py:183} INFO - Processing /opt/homebrew/Caskroom/miniconda/base/lib/python3.11/site-packages/airflow/example_dags/tutorial_objectstorage.py took 0.170 seconds
[2024-04-16T21:24:09.619+0700] {processor.py:161} INFO - Started process (PID=63540) to work on /opt/homebrew/Caskroom/miniconda/base/lib/python3.11/site-packages/airflow/example_dags/tutorial_objectstorage.py
[2024-04-16T21:24:09.620+0700] {processor.py:830} INFO - Processing file /opt/homebrew/Caskroom/miniconda/base/lib/python3.11/site-packages/airflow/example_dags/tutorial_objectstorage.py for tasks to queue
[2024-04-16T21:24:09.620+0700] {logging_mixin.py:188} INFO - [2024-04-16T21:24:09.620+0700] {dagbag.py:540} INFO - Filling up the DagBag from /opt/homebrew/Caskroom/miniconda/base/lib/python3.11/site-packages/airflow/example_dags/tutorial_objectstorage.py
[2024-04-16T21:24:09.759+0700] {processor.py:840} INFO - DAG(s) 'tutorial_objectstorage' retrieved from /opt/homebrew/Caskroom/miniconda/base/lib/python3.11/site-packages/airflow/example_dags/tutorial_objectstorage.py
[2024-04-16T21:24:09.867+0700] {logging_mixin.py:188} INFO - [2024-04-16T21:24:09.867+0700] {dag.py:3096} INFO - Sync 1 DAGs
[2024-04-16T21:24:09.874+0700] {logging_mixin.py:188} INFO - [2024-04-16T21:24:09.874+0700] {dag.py:3954} INFO - Setting next_dagrun for tutorial_objectstorage to None, run_after=None
[2024-04-16T21:24:09.889+0700] {processor.py:183} INFO - Processing /opt/homebrew/Caskroom/miniconda/base/lib/python3.11/site-packages/airflow/example_dags/tutorial_objectstorage.py took 0.272 seconds
[2024-04-16T21:25:37.717+0700] {processor.py:161} INFO - Started process (PID=63991) to work on /opt/homebrew/Caskroom/miniconda/base/lib/python3.11/site-packages/airflow/example_dags/tutorial_objectstorage.py
[2024-04-16T21:25:37.718+0700] {processor.py:830} INFO - Processing file /opt/homebrew/Caskroom/miniconda/base/lib/python3.11/site-packages/airflow/example_dags/tutorial_objectstorage.py for tasks to queue
[2024-04-16T21:25:37.718+0700] {logging_mixin.py:188} INFO - [2024-04-16T21:25:37.718+0700] {dagbag.py:540} INFO - Filling up the DagBag from /opt/homebrew/Caskroom/miniconda/base/lib/python3.11/site-packages/airflow/example_dags/tutorial_objectstorage.py
[2024-04-16T21:25:37.776+0700] {processor.py:840} INFO - DAG(s) 'tutorial_objectstorage' retrieved from /opt/homebrew/Caskroom/miniconda/base/lib/python3.11/site-packages/airflow/example_dags/tutorial_objectstorage.py
[2024-04-16T21:25:37.838+0700] {logging_mixin.py:188} INFO - [2024-04-16T21:25:37.838+0700] {dag.py:3096} INFO - Sync 1 DAGs
[2024-04-16T21:25:37.844+0700] {logging_mixin.py:188} INFO - [2024-04-16T21:25:37.844+0700] {dag.py:3954} INFO - Setting next_dagrun for tutorial_objectstorage to None, run_after=None
[2024-04-16T21:25:37.854+0700] {processor.py:183} INFO - Processing /opt/homebrew/Caskroom/miniconda/base/lib/python3.11/site-packages/airflow/example_dags/tutorial_objectstorage.py took 0.139 seconds
[2024-04-16T21:27:08.019+0700] {processor.py:161} INFO - Started process (PID=64416) to work on /opt/homebrew/Caskroom/miniconda/base/lib/python3.11/site-packages/airflow/example_dags/tutorial_objectstorage.py
[2024-04-16T21:27:08.022+0700] {processor.py:830} INFO - Processing file /opt/homebrew/Caskroom/miniconda/base/lib/python3.11/site-packages/airflow/example_dags/tutorial_objectstorage.py for tasks to queue
[2024-04-16T21:27:08.022+0700] {logging_mixin.py:188} INFO - [2024-04-16T21:27:08.022+0700] {dagbag.py:540} INFO - Filling up the DagBag from /opt/homebrew/Caskroom/miniconda/base/lib/python3.11/site-packages/airflow/example_dags/tutorial_objectstorage.py
[2024-04-16T21:27:08.245+0700] {processor.py:840} INFO - DAG(s) 'tutorial_objectstorage' retrieved from /opt/homebrew/Caskroom/miniconda/base/lib/python3.11/site-packages/airflow/example_dags/tutorial_objectstorage.py
[2024-04-16T21:27:08.380+0700] {logging_mixin.py:188} INFO - [2024-04-16T21:27:08.380+0700] {dag.py:3096} INFO - Sync 1 DAGs
[2024-04-16T21:27:08.390+0700] {logging_mixin.py:188} INFO - [2024-04-16T21:27:08.390+0700] {dag.py:3954} INFO - Setting next_dagrun for tutorial_objectstorage to None, run_after=None
[2024-04-16T21:27:08.415+0700] {processor.py:183} INFO - Processing /opt/homebrew/Caskroom/miniconda/base/lib/python3.11/site-packages/airflow/example_dags/tutorial_objectstorage.py took 0.398 seconds
[2024-04-16T21:28:32.351+0700] {processor.py:161} INFO - Started process (PID=64839) to work on /opt/homebrew/Caskroom/miniconda/base/lib/python3.11/site-packages/airflow/example_dags/tutorial_objectstorage.py
[2024-04-16T21:28:32.352+0700] {processor.py:830} INFO - Processing file /opt/homebrew/Caskroom/miniconda/base/lib/python3.11/site-packages/airflow/example_dags/tutorial_objectstorage.py for tasks to queue
[2024-04-16T21:28:32.352+0700] {logging_mixin.py:188} INFO - [2024-04-16T21:28:32.352+0700] {dagbag.py:540} INFO - Filling up the DagBag from /opt/homebrew/Caskroom/miniconda/base/lib/python3.11/site-packages/airflow/example_dags/tutorial_objectstorage.py
[2024-04-16T21:28:32.412+0700] {processor.py:840} INFO - DAG(s) 'tutorial_objectstorage' retrieved from /opt/homebrew/Caskroom/miniconda/base/lib/python3.11/site-packages/airflow/example_dags/tutorial_objectstorage.py
[2024-04-16T21:28:32.472+0700] {logging_mixin.py:188} INFO - [2024-04-16T21:28:32.472+0700] {dag.py:3096} INFO - Sync 1 DAGs
[2024-04-16T21:28:32.479+0700] {logging_mixin.py:188} INFO - [2024-04-16T21:28:32.479+0700] {dag.py:3954} INFO - Setting next_dagrun for tutorial_objectstorage to None, run_after=None
[2024-04-16T21:28:32.490+0700] {processor.py:183} INFO - Processing /opt/homebrew/Caskroom/miniconda/base/lib/python3.11/site-packages/airflow/example_dags/tutorial_objectstorage.py took 0.141 seconds
[2024-04-16T21:29:54.857+0700] {processor.py:161} INFO - Started process (PID=65221) to work on /opt/homebrew/Caskroom/miniconda/base/lib/python3.11/site-packages/airflow/example_dags/tutorial_objectstorage.py
[2024-04-16T21:29:54.858+0700] {processor.py:830} INFO - Processing file /opt/homebrew/Caskroom/miniconda/base/lib/python3.11/site-packages/airflow/example_dags/tutorial_objectstorage.py for tasks to queue
[2024-04-16T21:29:54.859+0700] {logging_mixin.py:188} INFO - [2024-04-16T21:29:54.859+0700] {dagbag.py:540} INFO - Filling up the DagBag from /opt/homebrew/Caskroom/miniconda/base/lib/python3.11/site-packages/airflow/example_dags/tutorial_objectstorage.py
[2024-04-16T21:29:54.947+0700] {processor.py:840} INFO - DAG(s) 'tutorial_objectstorage' retrieved from /opt/homebrew/Caskroom/miniconda/base/lib/python3.11/site-packages/airflow/example_dags/tutorial_objectstorage.py
[2024-04-16T21:29:55.062+0700] {logging_mixin.py:188} INFO - [2024-04-16T21:29:55.061+0700] {dag.py:3096} INFO - Sync 1 DAGs
[2024-04-16T21:29:55.070+0700] {logging_mixin.py:188} INFO - [2024-04-16T21:29:55.069+0700] {dag.py:3954} INFO - Setting next_dagrun for tutorial_objectstorage to None, run_after=None
[2024-04-16T21:29:55.112+0700] {processor.py:183} INFO - Processing /opt/homebrew/Caskroom/miniconda/base/lib/python3.11/site-packages/airflow/example_dags/tutorial_objectstorage.py took 0.269 seconds
[2024-04-16T21:31:21.214+0700] {processor.py:161} INFO - Started process (PID=65633) to work on /opt/homebrew/Caskroom/miniconda/base/lib/python3.11/site-packages/airflow/example_dags/tutorial_objectstorage.py
[2024-04-16T21:31:21.215+0700] {processor.py:830} INFO - Processing file /opt/homebrew/Caskroom/miniconda/base/lib/python3.11/site-packages/airflow/example_dags/tutorial_objectstorage.py for tasks to queue
[2024-04-16T21:31:21.215+0700] {logging_mixin.py:188} INFO - [2024-04-16T21:31:21.215+0700] {dagbag.py:540} INFO - Filling up the DagBag from /opt/homebrew/Caskroom/miniconda/base/lib/python3.11/site-packages/airflow/example_dags/tutorial_objectstorage.py
[2024-04-16T21:31:21.272+0700] {processor.py:840} INFO - DAG(s) 'tutorial_objectstorage' retrieved from /opt/homebrew/Caskroom/miniconda/base/lib/python3.11/site-packages/airflow/example_dags/tutorial_objectstorage.py
[2024-04-16T21:31:21.332+0700] {logging_mixin.py:188} INFO - [2024-04-16T21:31:21.332+0700] {dag.py:3096} INFO - Sync 1 DAGs
[2024-04-16T21:31:21.340+0700] {logging_mixin.py:188} INFO - [2024-04-16T21:31:21.340+0700] {dag.py:3954} INFO - Setting next_dagrun for tutorial_objectstorage to None, run_after=None
[2024-04-16T21:31:21.351+0700] {processor.py:183} INFO - Processing /opt/homebrew/Caskroom/miniconda/base/lib/python3.11/site-packages/airflow/example_dags/tutorial_objectstorage.py took 0.139 seconds
[2024-04-16T21:32:38.621+0700] {processor.py:161} INFO - Started process (PID=65980) to work on /opt/homebrew/Caskroom/miniconda/base/lib/python3.11/site-packages/airflow/example_dags/tutorial_objectstorage.py
[2024-04-16T21:32:38.622+0700] {processor.py:830} INFO - Processing file /opt/homebrew/Caskroom/miniconda/base/lib/python3.11/site-packages/airflow/example_dags/tutorial_objectstorage.py for tasks to queue
[2024-04-16T21:32:38.623+0700] {logging_mixin.py:188} INFO - [2024-04-16T21:32:38.623+0700] {dagbag.py:540} INFO - Filling up the DagBag from /opt/homebrew/Caskroom/miniconda/base/lib/python3.11/site-packages/airflow/example_dags/tutorial_objectstorage.py
[2024-04-16T21:32:38.680+0700] {processor.py:840} INFO - DAG(s) 'tutorial_objectstorage' retrieved from /opt/homebrew/Caskroom/miniconda/base/lib/python3.11/site-packages/airflow/example_dags/tutorial_objectstorage.py
[2024-04-16T21:32:38.741+0700] {logging_mixin.py:188} INFO - [2024-04-16T21:32:38.740+0700] {dag.py:3096} INFO - Sync 1 DAGs
[2024-04-16T21:32:38.747+0700] {logging_mixin.py:188} INFO - [2024-04-16T21:32:38.747+0700] {dag.py:3954} INFO - Setting next_dagrun for tutorial_objectstorage to None, run_after=None
[2024-04-16T21:32:38.759+0700] {processor.py:183} INFO - Processing /opt/homebrew/Caskroom/miniconda/base/lib/python3.11/site-packages/airflow/example_dags/tutorial_objectstorage.py took 0.140 seconds
[2024-04-16T21:34:03.706+0700] {processor.py:161} INFO - Started process (PID=66382) to work on /opt/homebrew/Caskroom/miniconda/base/lib/python3.11/site-packages/airflow/example_dags/tutorial_objectstorage.py
[2024-04-16T21:34:03.707+0700] {processor.py:830} INFO - Processing file /opt/homebrew/Caskroom/miniconda/base/lib/python3.11/site-packages/airflow/example_dags/tutorial_objectstorage.py for tasks to queue
[2024-04-16T21:34:03.708+0700] {logging_mixin.py:188} INFO - [2024-04-16T21:34:03.708+0700] {dagbag.py:540} INFO - Filling up the DagBag from /opt/homebrew/Caskroom/miniconda/base/lib/python3.11/site-packages/airflow/example_dags/tutorial_objectstorage.py
[2024-04-16T21:34:03.768+0700] {processor.py:840} INFO - DAG(s) 'tutorial_objectstorage' retrieved from /opt/homebrew/Caskroom/miniconda/base/lib/python3.11/site-packages/airflow/example_dags/tutorial_objectstorage.py
[2024-04-16T21:34:03.832+0700] {logging_mixin.py:188} INFO - [2024-04-16T21:34:03.832+0700] {dag.py:3096} INFO - Sync 1 DAGs
[2024-04-16T21:34:03.840+0700] {logging_mixin.py:188} INFO - [2024-04-16T21:34:03.840+0700] {dag.py:3954} INFO - Setting next_dagrun for tutorial_objectstorage to None, run_after=None
[2024-04-16T21:34:03.852+0700] {processor.py:183} INFO - Processing /opt/homebrew/Caskroom/miniconda/base/lib/python3.11/site-packages/airflow/example_dags/tutorial_objectstorage.py took 0.148 seconds
[2024-04-16T21:35:23.920+0700] {processor.py:161} INFO - Started process (PID=66766) to work on /opt/homebrew/Caskroom/miniconda/base/lib/python3.11/site-packages/airflow/example_dags/tutorial_objectstorage.py
[2024-04-16T21:35:23.921+0700] {processor.py:830} INFO - Processing file /opt/homebrew/Caskroom/miniconda/base/lib/python3.11/site-packages/airflow/example_dags/tutorial_objectstorage.py for tasks to queue
[2024-04-16T21:35:23.922+0700] {logging_mixin.py:188} INFO - [2024-04-16T21:35:23.921+0700] {dagbag.py:540} INFO - Filling up the DagBag from /opt/homebrew/Caskroom/miniconda/base/lib/python3.11/site-packages/airflow/example_dags/tutorial_objectstorage.py
[2024-04-16T21:35:23.988+0700] {processor.py:840} INFO - DAG(s) 'tutorial_objectstorage' retrieved from /opt/homebrew/Caskroom/miniconda/base/lib/python3.11/site-packages/airflow/example_dags/tutorial_objectstorage.py
[2024-04-16T21:35:24.054+0700] {logging_mixin.py:188} INFO - [2024-04-16T21:35:24.053+0700] {dag.py:3096} INFO - Sync 1 DAGs
[2024-04-16T21:35:24.061+0700] {logging_mixin.py:188} INFO - [2024-04-16T21:35:24.061+0700] {dag.py:3954} INFO - Setting next_dagrun for tutorial_objectstorage to None, run_after=None
[2024-04-16T21:35:24.074+0700] {processor.py:183} INFO - Processing /opt/homebrew/Caskroom/miniconda/base/lib/python3.11/site-packages/airflow/example_dags/tutorial_objectstorage.py took 0.155 seconds
[2024-04-16T21:36:43.889+0700] {processor.py:161} INFO - Started process (PID=67172) to work on /opt/homebrew/Caskroom/miniconda/base/lib/python3.11/site-packages/airflow/example_dags/tutorial_objectstorage.py
[2024-04-16T21:36:43.890+0700] {processor.py:830} INFO - Processing file /opt/homebrew/Caskroom/miniconda/base/lib/python3.11/site-packages/airflow/example_dags/tutorial_objectstorage.py for tasks to queue
[2024-04-16T21:36:43.890+0700] {logging_mixin.py:188} INFO - [2024-04-16T21:36:43.890+0700] {dagbag.py:540} INFO - Filling up the DagBag from /opt/homebrew/Caskroom/miniconda/base/lib/python3.11/site-packages/airflow/example_dags/tutorial_objectstorage.py
[2024-04-16T21:36:43.946+0700] {processor.py:840} INFO - DAG(s) 'tutorial_objectstorage' retrieved from /opt/homebrew/Caskroom/miniconda/base/lib/python3.11/site-packages/airflow/example_dags/tutorial_objectstorage.py
[2024-04-16T21:36:44.008+0700] {logging_mixin.py:188} INFO - [2024-04-16T21:36:44.007+0700] {dag.py:3096} INFO - Sync 1 DAGs
[2024-04-16T21:36:44.014+0700] {logging_mixin.py:188} INFO - [2024-04-16T21:36:44.013+0700] {dag.py:3954} INFO - Setting next_dagrun for tutorial_objectstorage to None, run_after=None
[2024-04-16T21:36:44.025+0700] {processor.py:183} INFO - Processing /opt/homebrew/Caskroom/miniconda/base/lib/python3.11/site-packages/airflow/example_dags/tutorial_objectstorage.py took 0.137 seconds
[2024-04-16T21:38:03.225+0700] {processor.py:161} INFO - Started process (PID=67657) to work on /opt/homebrew/Caskroom/miniconda/base/lib/python3.11/site-packages/airflow/example_dags/tutorial_objectstorage.py
[2024-04-16T21:38:03.231+0700] {processor.py:830} INFO - Processing file /opt/homebrew/Caskroom/miniconda/base/lib/python3.11/site-packages/airflow/example_dags/tutorial_objectstorage.py for tasks to queue
[2024-04-16T21:38:03.231+0700] {logging_mixin.py:188} INFO - [2024-04-16T21:38:03.231+0700] {dagbag.py:540} INFO - Filling up the DagBag from /opt/homebrew/Caskroom/miniconda/base/lib/python3.11/site-packages/airflow/example_dags/tutorial_objectstorage.py
[2024-04-16T21:38:03.459+0700] {processor.py:840} INFO - DAG(s) 'tutorial_objectstorage' retrieved from /opt/homebrew/Caskroom/miniconda/base/lib/python3.11/site-packages/airflow/example_dags/tutorial_objectstorage.py
[2024-04-16T21:38:03.709+0700] {logging_mixin.py:188} INFO - [2024-04-16T21:38:03.709+0700] {dag.py:3096} INFO - Sync 1 DAGs
[2024-04-16T21:38:03.728+0700] {logging_mixin.py:188} INFO - [2024-04-16T21:38:03.728+0700] {dag.py:3954} INFO - Setting next_dagrun for tutorial_objectstorage to None, run_after=None
[2024-04-16T21:38:03.753+0700] {processor.py:183} INFO - Processing /opt/homebrew/Caskroom/miniconda/base/lib/python3.11/site-packages/airflow/example_dags/tutorial_objectstorage.py took 0.533 seconds
[2024-04-16T21:39:34.825+0700] {processor.py:161} INFO - Started process (PID=68116) to work on /opt/homebrew/Caskroom/miniconda/base/lib/python3.11/site-packages/airflow/example_dags/tutorial_objectstorage.py
[2024-04-16T21:39:34.825+0700] {processor.py:830} INFO - Processing file /opt/homebrew/Caskroom/miniconda/base/lib/python3.11/site-packages/airflow/example_dags/tutorial_objectstorage.py for tasks to queue
[2024-04-16T21:39:34.826+0700] {logging_mixin.py:188} INFO - [2024-04-16T21:39:34.826+0700] {dagbag.py:540} INFO - Filling up the DagBag from /opt/homebrew/Caskroom/miniconda/base/lib/python3.11/site-packages/airflow/example_dags/tutorial_objectstorage.py
[2024-04-16T21:39:34.888+0700] {processor.py:840} INFO - DAG(s) 'tutorial_objectstorage' retrieved from /opt/homebrew/Caskroom/miniconda/base/lib/python3.11/site-packages/airflow/example_dags/tutorial_objectstorage.py
[2024-04-16T21:39:34.949+0700] {logging_mixin.py:188} INFO - [2024-04-16T21:39:34.949+0700] {dag.py:3096} INFO - Sync 1 DAGs
[2024-04-16T21:39:34.955+0700] {logging_mixin.py:188} INFO - [2024-04-16T21:39:34.955+0700] {dag.py:3954} INFO - Setting next_dagrun for tutorial_objectstorage to None, run_after=None
[2024-04-16T21:39:34.966+0700] {processor.py:183} INFO - Processing /opt/homebrew/Caskroom/miniconda/base/lib/python3.11/site-packages/airflow/example_dags/tutorial_objectstorage.py took 0.145 seconds
[2024-04-16T21:41:10.659+0700] {processor.py:161} INFO - Started process (PID=68562) to work on /opt/homebrew/Caskroom/miniconda/base/lib/python3.11/site-packages/airflow/example_dags/tutorial_objectstorage.py
[2024-04-16T21:41:10.662+0700] {processor.py:830} INFO - Processing file /opt/homebrew/Caskroom/miniconda/base/lib/python3.11/site-packages/airflow/example_dags/tutorial_objectstorage.py for tasks to queue
[2024-04-16T21:41:10.664+0700] {logging_mixin.py:188} INFO - [2024-04-16T21:41:10.663+0700] {dagbag.py:540} INFO - Filling up the DagBag from /opt/homebrew/Caskroom/miniconda/base/lib/python3.11/site-packages/airflow/example_dags/tutorial_objectstorage.py
[2024-04-16T21:41:10.890+0700] {processor.py:840} INFO - DAG(s) 'tutorial_objectstorage' retrieved from /opt/homebrew/Caskroom/miniconda/base/lib/python3.11/site-packages/airflow/example_dags/tutorial_objectstorage.py
[2024-04-16T21:41:10.999+0700] {logging_mixin.py:188} INFO - [2024-04-16T21:41:10.999+0700] {dag.py:3096} INFO - Sync 1 DAGs
[2024-04-16T21:41:11.009+0700] {logging_mixin.py:188} INFO - [2024-04-16T21:41:11.008+0700] {dag.py:3954} INFO - Setting next_dagrun for tutorial_objectstorage to None, run_after=None
[2024-04-16T21:41:11.024+0700] {processor.py:183} INFO - Processing /opt/homebrew/Caskroom/miniconda/base/lib/python3.11/site-packages/airflow/example_dags/tutorial_objectstorage.py took 0.373 seconds
[2024-04-16T21:42:56.892+0700] {processor.py:161} INFO - Started process (PID=69060) to work on /opt/homebrew/Caskroom/miniconda/base/lib/python3.11/site-packages/airflow/example_dags/tutorial_objectstorage.py
[2024-04-16T21:42:56.894+0700] {processor.py:830} INFO - Processing file /opt/homebrew/Caskroom/miniconda/base/lib/python3.11/site-packages/airflow/example_dags/tutorial_objectstorage.py for tasks to queue
[2024-04-16T21:42:56.894+0700] {logging_mixin.py:188} INFO - [2024-04-16T21:42:56.894+0700] {dagbag.py:540} INFO - Filling up the DagBag from /opt/homebrew/Caskroom/miniconda/base/lib/python3.11/site-packages/airflow/example_dags/tutorial_objectstorage.py
[2024-04-16T21:42:57.160+0700] {processor.py:840} INFO - DAG(s) 'tutorial_objectstorage' retrieved from /opt/homebrew/Caskroom/miniconda/base/lib/python3.11/site-packages/airflow/example_dags/tutorial_objectstorage.py
[2024-04-16T21:42:57.387+0700] {logging_mixin.py:188} INFO - [2024-04-16T21:42:57.386+0700] {dag.py:3096} INFO - Sync 1 DAGs
[2024-04-16T21:42:57.413+0700] {logging_mixin.py:188} INFO - [2024-04-16T21:42:57.412+0700] {dag.py:3954} INFO - Setting next_dagrun for tutorial_objectstorage to None, run_after=None
[2024-04-16T21:42:57.454+0700] {processor.py:183} INFO - Processing /opt/homebrew/Caskroom/miniconda/base/lib/python3.11/site-packages/airflow/example_dags/tutorial_objectstorage.py took 0.564 seconds
[2024-04-16T21:44:35.577+0700] {processor.py:161} INFO - Started process (PID=69497) to work on /opt/homebrew/Caskroom/miniconda/base/lib/python3.11/site-packages/airflow/example_dags/tutorial_objectstorage.py
[2024-04-16T21:44:35.578+0700] {processor.py:830} INFO - Processing file /opt/homebrew/Caskroom/miniconda/base/lib/python3.11/site-packages/airflow/example_dags/tutorial_objectstorage.py for tasks to queue
[2024-04-16T21:44:35.578+0700] {logging_mixin.py:188} INFO - [2024-04-16T21:44:35.578+0700] {dagbag.py:540} INFO - Filling up the DagBag from /opt/homebrew/Caskroom/miniconda/base/lib/python3.11/site-packages/airflow/example_dags/tutorial_objectstorage.py
[2024-04-16T21:44:35.635+0700] {processor.py:840} INFO - DAG(s) 'tutorial_objectstorage' retrieved from /opt/homebrew/Caskroom/miniconda/base/lib/python3.11/site-packages/airflow/example_dags/tutorial_objectstorage.py
[2024-04-16T21:44:35.697+0700] {logging_mixin.py:188} INFO - [2024-04-16T21:44:35.697+0700] {dag.py:3096} INFO - Sync 1 DAGs
[2024-04-16T21:44:35.703+0700] {logging_mixin.py:188} INFO - [2024-04-16T21:44:35.703+0700] {dag.py:3954} INFO - Setting next_dagrun for tutorial_objectstorage to None, run_after=None
[2024-04-16T21:44:35.716+0700] {processor.py:183} INFO - Processing /opt/homebrew/Caskroom/miniconda/base/lib/python3.11/site-packages/airflow/example_dags/tutorial_objectstorage.py took 0.141 seconds
[2024-04-16T21:46:00.326+0700] {processor.py:161} INFO - Started process (PID=69880) to work on /opt/homebrew/Caskroom/miniconda/base/lib/python3.11/site-packages/airflow/example_dags/tutorial_objectstorage.py
[2024-04-16T21:46:00.327+0700] {processor.py:830} INFO - Processing file /opt/homebrew/Caskroom/miniconda/base/lib/python3.11/site-packages/airflow/example_dags/tutorial_objectstorage.py for tasks to queue
[2024-04-16T21:46:00.328+0700] {logging_mixin.py:188} INFO - [2024-04-16T21:46:00.328+0700] {dagbag.py:540} INFO - Filling up the DagBag from /opt/homebrew/Caskroom/miniconda/base/lib/python3.11/site-packages/airflow/example_dags/tutorial_objectstorage.py
[2024-04-16T21:46:00.387+0700] {processor.py:840} INFO - DAG(s) 'tutorial_objectstorage' retrieved from /opt/homebrew/Caskroom/miniconda/base/lib/python3.11/site-packages/airflow/example_dags/tutorial_objectstorage.py
[2024-04-16T21:46:00.449+0700] {logging_mixin.py:188} INFO - [2024-04-16T21:46:00.448+0700] {dag.py:3096} INFO - Sync 1 DAGs
[2024-04-16T21:46:00.455+0700] {logging_mixin.py:188} INFO - [2024-04-16T21:46:00.454+0700] {dag.py:3954} INFO - Setting next_dagrun for tutorial_objectstorage to None, run_after=None
[2024-04-16T21:46:00.467+0700] {processor.py:183} INFO - Processing /opt/homebrew/Caskroom/miniconda/base/lib/python3.11/site-packages/airflow/example_dags/tutorial_objectstorage.py took 0.143 seconds
[2024-04-16T21:47:52.276+0700] {processor.py:161} INFO - Started process (PID=70386) to work on /opt/homebrew/Caskroom/miniconda/base/lib/python3.11/site-packages/airflow/example_dags/tutorial_objectstorage.py
[2024-04-16T21:47:52.278+0700] {processor.py:830} INFO - Processing file /opt/homebrew/Caskroom/miniconda/base/lib/python3.11/site-packages/airflow/example_dags/tutorial_objectstorage.py for tasks to queue
[2024-04-16T21:47:52.279+0700] {logging_mixin.py:188} INFO - [2024-04-16T21:47:52.279+0700] {dagbag.py:540} INFO - Filling up the DagBag from /opt/homebrew/Caskroom/miniconda/base/lib/python3.11/site-packages/airflow/example_dags/tutorial_objectstorage.py
[2024-04-16T21:47:52.351+0700] {processor.py:840} INFO - DAG(s) 'tutorial_objectstorage' retrieved from /opt/homebrew/Caskroom/miniconda/base/lib/python3.11/site-packages/airflow/example_dags/tutorial_objectstorage.py
[2024-04-16T21:47:52.420+0700] {logging_mixin.py:188} INFO - [2024-04-16T21:47:52.419+0700] {dag.py:3096} INFO - Sync 1 DAGs
[2024-04-16T21:47:52.428+0700] {logging_mixin.py:188} INFO - [2024-04-16T21:47:52.428+0700] {dag.py:3954} INFO - Setting next_dagrun for tutorial_objectstorage to None, run_after=None
[2024-04-16T21:47:52.440+0700] {processor.py:183} INFO - Processing /opt/homebrew/Caskroom/miniconda/base/lib/python3.11/site-packages/airflow/example_dags/tutorial_objectstorage.py took 0.167 seconds
[2024-04-16T21:50:00.039+0700] {processor.py:161} INFO - Started process (PID=71007) to work on /opt/homebrew/Caskroom/miniconda/base/lib/python3.11/site-packages/airflow/example_dags/tutorial_objectstorage.py
[2024-04-16T21:50:00.039+0700] {processor.py:830} INFO - Processing file /opt/homebrew/Caskroom/miniconda/base/lib/python3.11/site-packages/airflow/example_dags/tutorial_objectstorage.py for tasks to queue
[2024-04-16T21:50:00.040+0700] {logging_mixin.py:188} INFO - [2024-04-16T21:50:00.040+0700] {dagbag.py:540} INFO - Filling up the DagBag from /opt/homebrew/Caskroom/miniconda/base/lib/python3.11/site-packages/airflow/example_dags/tutorial_objectstorage.py
[2024-04-16T21:50:00.103+0700] {processor.py:840} INFO - DAG(s) 'tutorial_objectstorage' retrieved from /opt/homebrew/Caskroom/miniconda/base/lib/python3.11/site-packages/airflow/example_dags/tutorial_objectstorage.py
[2024-04-16T21:50:00.168+0700] {logging_mixin.py:188} INFO - [2024-04-16T21:50:00.168+0700] {dag.py:3096} INFO - Sync 1 DAGs
[2024-04-16T21:50:00.175+0700] {logging_mixin.py:188} INFO - [2024-04-16T21:50:00.175+0700] {dag.py:3954} INFO - Setting next_dagrun for tutorial_objectstorage to None, run_after=None
[2024-04-16T21:50:00.188+0700] {processor.py:183} INFO - Processing /opt/homebrew/Caskroom/miniconda/base/lib/python3.11/site-packages/airflow/example_dags/tutorial_objectstorage.py took 0.152 seconds
[2024-04-16T21:52:03.303+0700] {processor.py:161} INFO - Started process (PID=71713) to work on /opt/homebrew/Caskroom/miniconda/base/lib/python3.11/site-packages/airflow/example_dags/tutorial_objectstorage.py
[2024-04-16T21:52:03.308+0700] {processor.py:830} INFO - Processing file /opt/homebrew/Caskroom/miniconda/base/lib/python3.11/site-packages/airflow/example_dags/tutorial_objectstorage.py for tasks to queue
[2024-04-16T21:52:03.310+0700] {logging_mixin.py:188} INFO - [2024-04-16T21:52:03.309+0700] {dagbag.py:540} INFO - Filling up the DagBag from /opt/homebrew/Caskroom/miniconda/base/lib/python3.11/site-packages/airflow/example_dags/tutorial_objectstorage.py
[2024-04-16T21:52:03.550+0700] {processor.py:840} INFO - DAG(s) 'tutorial_objectstorage' retrieved from /opt/homebrew/Caskroom/miniconda/base/lib/python3.11/site-packages/airflow/example_dags/tutorial_objectstorage.py
[2024-04-16T21:52:03.681+0700] {logging_mixin.py:188} INFO - [2024-04-16T21:52:03.681+0700] {dag.py:3096} INFO - Sync 1 DAGs
[2024-04-16T21:52:03.693+0700] {logging_mixin.py:188} INFO - [2024-04-16T21:52:03.693+0700] {dag.py:3954} INFO - Setting next_dagrun for tutorial_objectstorage to None, run_after=None
[2024-04-16T21:52:03.714+0700] {processor.py:183} INFO - Processing /opt/homebrew/Caskroom/miniconda/base/lib/python3.11/site-packages/airflow/example_dags/tutorial_objectstorage.py took 0.419 seconds
[2024-04-16T21:54:24.896+0700] {processor.py:161} INFO - Started process (PID=72590) to work on /opt/homebrew/Caskroom/miniconda/base/lib/python3.11/site-packages/airflow/example_dags/tutorial_objectstorage.py
[2024-04-16T21:54:24.897+0700] {processor.py:830} INFO - Processing file /opt/homebrew/Caskroom/miniconda/base/lib/python3.11/site-packages/airflow/example_dags/tutorial_objectstorage.py for tasks to queue
[2024-04-16T21:54:24.898+0700] {logging_mixin.py:188} INFO - [2024-04-16T21:54:24.897+0700] {dagbag.py:540} INFO - Filling up the DagBag from /opt/homebrew/Caskroom/miniconda/base/lib/python3.11/site-packages/airflow/example_dags/tutorial_objectstorage.py
[2024-04-16T21:54:25.035+0700] {processor.py:840} INFO - DAG(s) 'tutorial_objectstorage' retrieved from /opt/homebrew/Caskroom/miniconda/base/lib/python3.11/site-packages/airflow/example_dags/tutorial_objectstorage.py
[2024-04-16T21:54:25.199+0700] {logging_mixin.py:188} INFO - [2024-04-16T21:54:25.199+0700] {dag.py:3096} INFO - Sync 1 DAGs
[2024-04-16T21:54:25.214+0700] {logging_mixin.py:188} INFO - [2024-04-16T21:54:25.214+0700] {dag.py:3954} INFO - Setting next_dagrun for tutorial_objectstorage to None, run_after=None
[2024-04-16T21:54:25.239+0700] {processor.py:183} INFO - Processing /opt/homebrew/Caskroom/miniconda/base/lib/python3.11/site-packages/airflow/example_dags/tutorial_objectstorage.py took 0.345 seconds
[2024-04-16T21:56:05.768+0700] {processor.py:161} INFO - Started process (PID=73067) to work on /opt/homebrew/Caskroom/miniconda/base/lib/python3.11/site-packages/airflow/example_dags/tutorial_objectstorage.py
[2024-04-16T21:56:05.769+0700] {processor.py:830} INFO - Processing file /opt/homebrew/Caskroom/miniconda/base/lib/python3.11/site-packages/airflow/example_dags/tutorial_objectstorage.py for tasks to queue
[2024-04-16T21:56:05.770+0700] {logging_mixin.py:188} INFO - [2024-04-16T21:56:05.770+0700] {dagbag.py:540} INFO - Filling up the DagBag from /opt/homebrew/Caskroom/miniconda/base/lib/python3.11/site-packages/airflow/example_dags/tutorial_objectstorage.py
[2024-04-16T21:56:05.851+0700] {processor.py:840} INFO - DAG(s) 'tutorial_objectstorage' retrieved from /opt/homebrew/Caskroom/miniconda/base/lib/python3.11/site-packages/airflow/example_dags/tutorial_objectstorage.py
[2024-04-16T21:56:06.278+0700] {logging_mixin.py:188} INFO - [2024-04-16T21:56:06.275+0700] {dag.py:3096} INFO - Sync 1 DAGs
[2024-04-16T21:56:06.321+0700] {logging_mixin.py:188} INFO - [2024-04-16T21:56:06.320+0700] {dag.py:3954} INFO - Setting next_dagrun for tutorial_objectstorage to None, run_after=None
[2024-04-16T21:56:06.384+0700] {processor.py:183} INFO - Processing /opt/homebrew/Caskroom/miniconda/base/lib/python3.11/site-packages/airflow/example_dags/tutorial_objectstorage.py took 0.618 seconds
[2024-04-16T21:57:36.856+0700] {processor.py:161} INFO - Started process (PID=73554) to work on /opt/homebrew/Caskroom/miniconda/base/lib/python3.11/site-packages/airflow/example_dags/tutorial_objectstorage.py
[2024-04-16T21:57:36.857+0700] {processor.py:830} INFO - Processing file /opt/homebrew/Caskroom/miniconda/base/lib/python3.11/site-packages/airflow/example_dags/tutorial_objectstorage.py for tasks to queue
[2024-04-16T21:57:36.857+0700] {logging_mixin.py:188} INFO - [2024-04-16T21:57:36.857+0700] {dagbag.py:540} INFO - Filling up the DagBag from /opt/homebrew/Caskroom/miniconda/base/lib/python3.11/site-packages/airflow/example_dags/tutorial_objectstorage.py
[2024-04-16T21:57:36.918+0700] {processor.py:840} INFO - DAG(s) 'tutorial_objectstorage' retrieved from /opt/homebrew/Caskroom/miniconda/base/lib/python3.11/site-packages/airflow/example_dags/tutorial_objectstorage.py
[2024-04-16T21:57:36.998+0700] {logging_mixin.py:188} INFO - [2024-04-16T21:57:36.998+0700] {dag.py:3096} INFO - Sync 1 DAGs
[2024-04-16T21:57:37.007+0700] {logging_mixin.py:188} INFO - [2024-04-16T21:57:37.006+0700] {dag.py:3954} INFO - Setting next_dagrun for tutorial_objectstorage to None, run_after=None
[2024-04-16T21:57:37.020+0700] {processor.py:183} INFO - Processing /opt/homebrew/Caskroom/miniconda/base/lib/python3.11/site-packages/airflow/example_dags/tutorial_objectstorage.py took 0.169 seconds
[2024-04-16T21:59:01.034+0700] {processor.py:161} INFO - Started process (PID=74292) to work on /opt/homebrew/Caskroom/miniconda/base/lib/python3.11/site-packages/airflow/example_dags/tutorial_objectstorage.py
[2024-04-16T21:59:01.035+0700] {processor.py:830} INFO - Processing file /opt/homebrew/Caskroom/miniconda/base/lib/python3.11/site-packages/airflow/example_dags/tutorial_objectstorage.py for tasks to queue
[2024-04-16T21:59:01.036+0700] {logging_mixin.py:188} INFO - [2024-04-16T21:59:01.035+0700] {dagbag.py:540} INFO - Filling up the DagBag from /opt/homebrew/Caskroom/miniconda/base/lib/python3.11/site-packages/airflow/example_dags/tutorial_objectstorage.py
[2024-04-16T21:59:01.093+0700] {processor.py:840} INFO - DAG(s) 'tutorial_objectstorage' retrieved from /opt/homebrew/Caskroom/miniconda/base/lib/python3.11/site-packages/airflow/example_dags/tutorial_objectstorage.py
[2024-04-16T21:59:01.158+0700] {logging_mixin.py:188} INFO - [2024-04-16T21:59:01.158+0700] {dag.py:3096} INFO - Sync 1 DAGs
[2024-04-16T21:59:01.164+0700] {logging_mixin.py:188} INFO - [2024-04-16T21:59:01.164+0700] {dag.py:3954} INFO - Setting next_dagrun for tutorial_objectstorage to None, run_after=None
[2024-04-16T21:59:01.176+0700] {processor.py:183} INFO - Processing /opt/homebrew/Caskroom/miniconda/base/lib/python3.11/site-packages/airflow/example_dags/tutorial_objectstorage.py took 0.144 seconds
[2024-04-16T22:00:33.507+0700] {processor.py:161} INFO - Started process (PID=74792) to work on /opt/homebrew/Caskroom/miniconda/base/lib/python3.11/site-packages/airflow/example_dags/tutorial_objectstorage.py
[2024-04-16T22:00:33.508+0700] {processor.py:830} INFO - Processing file /opt/homebrew/Caskroom/miniconda/base/lib/python3.11/site-packages/airflow/example_dags/tutorial_objectstorage.py for tasks to queue
[2024-04-16T22:00:33.509+0700] {logging_mixin.py:188} INFO - [2024-04-16T22:00:33.509+0700] {dagbag.py:540} INFO - Filling up the DagBag from /opt/homebrew/Caskroom/miniconda/base/lib/python3.11/site-packages/airflow/example_dags/tutorial_objectstorage.py
[2024-04-16T22:00:33.568+0700] {processor.py:840} INFO - DAG(s) 'tutorial_objectstorage' retrieved from /opt/homebrew/Caskroom/miniconda/base/lib/python3.11/site-packages/airflow/example_dags/tutorial_objectstorage.py
[2024-04-16T22:00:33.631+0700] {logging_mixin.py:188} INFO - [2024-04-16T22:00:33.631+0700] {dag.py:3096} INFO - Sync 1 DAGs
[2024-04-16T22:00:33.637+0700] {logging_mixin.py:188} INFO - [2024-04-16T22:00:33.637+0700] {dag.py:3954} INFO - Setting next_dagrun for tutorial_objectstorage to None, run_after=None
[2024-04-16T22:00:33.649+0700] {processor.py:183} INFO - Processing /opt/homebrew/Caskroom/miniconda/base/lib/python3.11/site-packages/airflow/example_dags/tutorial_objectstorage.py took 0.143 seconds
[2024-04-16T22:01:55.945+0700] {processor.py:161} INFO - Started process (PID=75227) to work on /opt/homebrew/Caskroom/miniconda/base/lib/python3.11/site-packages/airflow/example_dags/tutorial_objectstorage.py
[2024-04-16T22:01:55.946+0700] {processor.py:830} INFO - Processing file /opt/homebrew/Caskroom/miniconda/base/lib/python3.11/site-packages/airflow/example_dags/tutorial_objectstorage.py for tasks to queue
[2024-04-16T22:01:55.946+0700] {logging_mixin.py:188} INFO - [2024-04-16T22:01:55.946+0700] {dagbag.py:540} INFO - Filling up the DagBag from /opt/homebrew/Caskroom/miniconda/base/lib/python3.11/site-packages/airflow/example_dags/tutorial_objectstorage.py
[2024-04-16T22:01:56.004+0700] {processor.py:840} INFO - DAG(s) 'tutorial_objectstorage' retrieved from /opt/homebrew/Caskroom/miniconda/base/lib/python3.11/site-packages/airflow/example_dags/tutorial_objectstorage.py
[2024-04-16T22:01:56.068+0700] {logging_mixin.py:188} INFO - [2024-04-16T22:01:56.067+0700] {dag.py:3096} INFO - Sync 1 DAGs
[2024-04-16T22:01:56.074+0700] {logging_mixin.py:188} INFO - [2024-04-16T22:01:56.074+0700] {dag.py:3954} INFO - Setting next_dagrun for tutorial_objectstorage to None, run_after=None
[2024-04-16T22:01:56.086+0700] {processor.py:183} INFO - Processing /opt/homebrew/Caskroom/miniconda/base/lib/python3.11/site-packages/airflow/example_dags/tutorial_objectstorage.py took 0.143 seconds
[2024-04-16T22:03:22.389+0700] {processor.py:161} INFO - Started process (PID=75743) to work on /opt/homebrew/Caskroom/miniconda/base/lib/python3.11/site-packages/airflow/example_dags/tutorial_objectstorage.py
[2024-04-16T22:03:22.390+0700] {processor.py:830} INFO - Processing file /opt/homebrew/Caskroom/miniconda/base/lib/python3.11/site-packages/airflow/example_dags/tutorial_objectstorage.py for tasks to queue
[2024-04-16T22:03:22.391+0700] {logging_mixin.py:188} INFO - [2024-04-16T22:03:22.391+0700] {dagbag.py:540} INFO - Filling up the DagBag from /opt/homebrew/Caskroom/miniconda/base/lib/python3.11/site-packages/airflow/example_dags/tutorial_objectstorage.py
[2024-04-16T22:03:22.448+0700] {processor.py:840} INFO - DAG(s) 'tutorial_objectstorage' retrieved from /opt/homebrew/Caskroom/miniconda/base/lib/python3.11/site-packages/airflow/example_dags/tutorial_objectstorage.py
[2024-04-16T22:03:22.509+0700] {logging_mixin.py:188} INFO - [2024-04-16T22:03:22.509+0700] {dag.py:3096} INFO - Sync 1 DAGs
[2024-04-16T22:03:22.516+0700] {logging_mixin.py:188} INFO - [2024-04-16T22:03:22.515+0700] {dag.py:3954} INFO - Setting next_dagrun for tutorial_objectstorage to None, run_after=None
[2024-04-16T22:03:22.528+0700] {processor.py:183} INFO - Processing /opt/homebrew/Caskroom/miniconda/base/lib/python3.11/site-packages/airflow/example_dags/tutorial_objectstorage.py took 0.140 seconds
[2024-04-16T22:04:47.151+0700] {processor.py:161} INFO - Started process (PID=76162) to work on /opt/homebrew/Caskroom/miniconda/base/lib/python3.11/site-packages/airflow/example_dags/tutorial_objectstorage.py
[2024-04-16T22:04:47.152+0700] {processor.py:830} INFO - Processing file /opt/homebrew/Caskroom/miniconda/base/lib/python3.11/site-packages/airflow/example_dags/tutorial_objectstorage.py for tasks to queue
[2024-04-16T22:04:47.152+0700] {logging_mixin.py:188} INFO - [2024-04-16T22:04:47.152+0700] {dagbag.py:540} INFO - Filling up the DagBag from /opt/homebrew/Caskroom/miniconda/base/lib/python3.11/site-packages/airflow/example_dags/tutorial_objectstorage.py
[2024-04-16T22:04:47.209+0700] {processor.py:840} INFO - DAG(s) 'tutorial_objectstorage' retrieved from /opt/homebrew/Caskroom/miniconda/base/lib/python3.11/site-packages/airflow/example_dags/tutorial_objectstorage.py
[2024-04-16T22:04:47.271+0700] {logging_mixin.py:188} INFO - [2024-04-16T22:04:47.271+0700] {dag.py:3096} INFO - Sync 1 DAGs
[2024-04-16T22:04:47.277+0700] {logging_mixin.py:188} INFO - [2024-04-16T22:04:47.277+0700] {dag.py:3954} INFO - Setting next_dagrun for tutorial_objectstorage to None, run_after=None
[2024-04-16T22:04:47.288+0700] {processor.py:183} INFO - Processing /opt/homebrew/Caskroom/miniconda/base/lib/python3.11/site-packages/airflow/example_dags/tutorial_objectstorage.py took 0.139 seconds
[2024-04-16T22:06:21.800+0700] {processor.py:161} INFO - Started process (PID=76771) to work on /opt/homebrew/Caskroom/miniconda/base/lib/python3.11/site-packages/airflow/example_dags/tutorial_objectstorage.py
[2024-04-16T22:06:21.806+0700] {processor.py:830} INFO - Processing file /opt/homebrew/Caskroom/miniconda/base/lib/python3.11/site-packages/airflow/example_dags/tutorial_objectstorage.py for tasks to queue
[2024-04-16T22:06:21.808+0700] {logging_mixin.py:188} INFO - [2024-04-16T22:06:21.808+0700] {dagbag.py:540} INFO - Filling up the DagBag from /opt/homebrew/Caskroom/miniconda/base/lib/python3.11/site-packages/airflow/example_dags/tutorial_objectstorage.py
[2024-04-16T22:06:22.058+0700] {processor.py:840} INFO - DAG(s) 'tutorial_objectstorage' retrieved from /opt/homebrew/Caskroom/miniconda/base/lib/python3.11/site-packages/airflow/example_dags/tutorial_objectstorage.py
[2024-04-16T22:06:22.266+0700] {logging_mixin.py:188} INFO - [2024-04-16T22:06:22.266+0700] {dag.py:3096} INFO - Sync 1 DAGs
[2024-04-16T22:06:22.280+0700] {logging_mixin.py:188} INFO - [2024-04-16T22:06:22.279+0700] {dag.py:3954} INFO - Setting next_dagrun for tutorial_objectstorage to None, run_after=None
[2024-04-16T22:06:22.301+0700] {processor.py:183} INFO - Processing /opt/homebrew/Caskroom/miniconda/base/lib/python3.11/site-packages/airflow/example_dags/tutorial_objectstorage.py took 0.508 seconds
[2024-04-16T22:08:13.391+0700] {processor.py:161} INFO - Started process (PID=77417) to work on /opt/homebrew/Caskroom/miniconda/base/lib/python3.11/site-packages/airflow/example_dags/tutorial_objectstorage.py
[2024-04-16T22:08:13.392+0700] {processor.py:830} INFO - Processing file /opt/homebrew/Caskroom/miniconda/base/lib/python3.11/site-packages/airflow/example_dags/tutorial_objectstorage.py for tasks to queue
[2024-04-16T22:08:13.393+0700] {logging_mixin.py:188} INFO - [2024-04-16T22:08:13.392+0700] {dagbag.py:540} INFO - Filling up the DagBag from /opt/homebrew/Caskroom/miniconda/base/lib/python3.11/site-packages/airflow/example_dags/tutorial_objectstorage.py
[2024-04-16T22:08:13.459+0700] {processor.py:840} INFO - DAG(s) 'tutorial_objectstorage' retrieved from /opt/homebrew/Caskroom/miniconda/base/lib/python3.11/site-packages/airflow/example_dags/tutorial_objectstorage.py
[2024-04-16T22:08:13.524+0700] {logging_mixin.py:188} INFO - [2024-04-16T22:08:13.524+0700] {dag.py:3096} INFO - Sync 1 DAGs
[2024-04-16T22:08:13.530+0700] {logging_mixin.py:188} INFO - [2024-04-16T22:08:13.530+0700] {dag.py:3954} INFO - Setting next_dagrun for tutorial_objectstorage to None, run_after=None
[2024-04-16T22:08:13.541+0700] {processor.py:183} INFO - Processing /opt/homebrew/Caskroom/miniconda/base/lib/python3.11/site-packages/airflow/example_dags/tutorial_objectstorage.py took 0.152 seconds
[2024-04-16T22:09:48.989+0700] {processor.py:161} INFO - Started process (PID=77974) to work on /opt/homebrew/Caskroom/miniconda/base/lib/python3.11/site-packages/airflow/example_dags/tutorial_objectstorage.py
[2024-04-16T22:09:48.991+0700] {processor.py:830} INFO - Processing file /opt/homebrew/Caskroom/miniconda/base/lib/python3.11/site-packages/airflow/example_dags/tutorial_objectstorage.py for tasks to queue
[2024-04-16T22:09:48.992+0700] {logging_mixin.py:188} INFO - [2024-04-16T22:09:48.991+0700] {dagbag.py:540} INFO - Filling up the DagBag from /opt/homebrew/Caskroom/miniconda/base/lib/python3.11/site-packages/airflow/example_dags/tutorial_objectstorage.py
[2024-04-16T22:09:49.097+0700] {processor.py:840} INFO - DAG(s) 'tutorial_objectstorage' retrieved from /opt/homebrew/Caskroom/miniconda/base/lib/python3.11/site-packages/airflow/example_dags/tutorial_objectstorage.py
[2024-04-16T22:09:49.212+0700] {logging_mixin.py:188} INFO - [2024-04-16T22:09:49.212+0700] {dag.py:3096} INFO - Sync 1 DAGs
[2024-04-16T22:09:49.222+0700] {logging_mixin.py:188} INFO - [2024-04-16T22:09:49.222+0700] {dag.py:3954} INFO - Setting next_dagrun for tutorial_objectstorage to None, run_after=None
[2024-04-16T22:09:49.239+0700] {processor.py:183} INFO - Processing /opt/homebrew/Caskroom/miniconda/base/lib/python3.11/site-packages/airflow/example_dags/tutorial_objectstorage.py took 0.253 seconds
[2024-04-16T22:11:29.335+0700] {processor.py:161} INFO - Started process (PID=78518) to work on /opt/homebrew/Caskroom/miniconda/base/lib/python3.11/site-packages/airflow/example_dags/tutorial_objectstorage.py
[2024-04-16T22:11:29.336+0700] {processor.py:830} INFO - Processing file /opt/homebrew/Caskroom/miniconda/base/lib/python3.11/site-packages/airflow/example_dags/tutorial_objectstorage.py for tasks to queue
[2024-04-16T22:11:29.336+0700] {logging_mixin.py:188} INFO - [2024-04-16T22:11:29.336+0700] {dagbag.py:540} INFO - Filling up the DagBag from /opt/homebrew/Caskroom/miniconda/base/lib/python3.11/site-packages/airflow/example_dags/tutorial_objectstorage.py
[2024-04-16T22:11:29.403+0700] {processor.py:840} INFO - DAG(s) 'tutorial_objectstorage' retrieved from /opt/homebrew/Caskroom/miniconda/base/lib/python3.11/site-packages/airflow/example_dags/tutorial_objectstorage.py
[2024-04-16T22:11:29.469+0700] {logging_mixin.py:188} INFO - [2024-04-16T22:11:29.469+0700] {dag.py:3096} INFO - Sync 1 DAGs
[2024-04-16T22:11:29.475+0700] {logging_mixin.py:188} INFO - [2024-04-16T22:11:29.475+0700] {dag.py:3954} INFO - Setting next_dagrun for tutorial_objectstorage to None, run_after=None
[2024-04-16T22:11:29.492+0700] {processor.py:183} INFO - Processing /opt/homebrew/Caskroom/miniconda/base/lib/python3.11/site-packages/airflow/example_dags/tutorial_objectstorage.py took 0.159 seconds
[2024-04-16T22:13:04.904+0700] {processor.py:161} INFO - Started process (PID=79077) to work on /opt/homebrew/Caskroom/miniconda/base/lib/python3.11/site-packages/airflow/example_dags/tutorial_objectstorage.py
[2024-04-16T22:13:04.905+0700] {processor.py:830} INFO - Processing file /opt/homebrew/Caskroom/miniconda/base/lib/python3.11/site-packages/airflow/example_dags/tutorial_objectstorage.py for tasks to queue
[2024-04-16T22:13:04.905+0700] {logging_mixin.py:188} INFO - [2024-04-16T22:13:04.905+0700] {dagbag.py:540} INFO - Filling up the DagBag from /opt/homebrew/Caskroom/miniconda/base/lib/python3.11/site-packages/airflow/example_dags/tutorial_objectstorage.py
[2024-04-16T22:13:04.964+0700] {processor.py:840} INFO - DAG(s) 'tutorial_objectstorage' retrieved from /opt/homebrew/Caskroom/miniconda/base/lib/python3.11/site-packages/airflow/example_dags/tutorial_objectstorage.py
[2024-04-16T22:13:05.028+0700] {logging_mixin.py:188} INFO - [2024-04-16T22:13:05.028+0700] {dag.py:3096} INFO - Sync 1 DAGs
[2024-04-16T22:13:05.034+0700] {logging_mixin.py:188} INFO - [2024-04-16T22:13:05.034+0700] {dag.py:3954} INFO - Setting next_dagrun for tutorial_objectstorage to None, run_after=None
[2024-04-16T22:13:05.046+0700] {processor.py:183} INFO - Processing /opt/homebrew/Caskroom/miniconda/base/lib/python3.11/site-packages/airflow/example_dags/tutorial_objectstorage.py took 0.144 seconds
[2024-04-16T22:14:35.641+0700] {processor.py:161} INFO - Started process (PID=79507) to work on /opt/homebrew/Caskroom/miniconda/base/lib/python3.11/site-packages/airflow/example_dags/tutorial_objectstorage.py
[2024-04-16T22:14:35.643+0700] {processor.py:830} INFO - Processing file /opt/homebrew/Caskroom/miniconda/base/lib/python3.11/site-packages/airflow/example_dags/tutorial_objectstorage.py for tasks to queue
[2024-04-16T22:14:35.644+0700] {logging_mixin.py:188} INFO - [2024-04-16T22:14:35.644+0700] {dagbag.py:540} INFO - Filling up the DagBag from /opt/homebrew/Caskroom/miniconda/base/lib/python3.11/site-packages/airflow/example_dags/tutorial_objectstorage.py
[2024-04-16T22:14:35.805+0700] {processor.py:840} INFO - DAG(s) 'tutorial_objectstorage' retrieved from /opt/homebrew/Caskroom/miniconda/base/lib/python3.11/site-packages/airflow/example_dags/tutorial_objectstorage.py
[2024-04-16T22:14:35.969+0700] {logging_mixin.py:188} INFO - [2024-04-16T22:14:35.968+0700] {dag.py:3096} INFO - Sync 1 DAGs
[2024-04-16T22:14:35.981+0700] {logging_mixin.py:188} INFO - [2024-04-16T22:14:35.981+0700] {dag.py:3954} INFO - Setting next_dagrun for tutorial_objectstorage to None, run_after=None
[2024-04-16T22:14:36.004+0700] {processor.py:183} INFO - Processing /opt/homebrew/Caskroom/miniconda/base/lib/python3.11/site-packages/airflow/example_dags/tutorial_objectstorage.py took 0.367 seconds
[2024-04-16T22:17:54.416+0700] {processor.py:161} INFO - Started process (PID=80464) to work on /opt/homebrew/Caskroom/miniconda/base/lib/python3.11/site-packages/airflow/example_dags/tutorial_objectstorage.py
[2024-04-16T22:17:54.424+0700] {processor.py:830} INFO - Processing file /opt/homebrew/Caskroom/miniconda/base/lib/python3.11/site-packages/airflow/example_dags/tutorial_objectstorage.py for tasks to queue
[2024-04-16T22:17:54.425+0700] {logging_mixin.py:188} INFO - [2024-04-16T22:17:54.425+0700] {dagbag.py:540} INFO - Filling up the DagBag from /opt/homebrew/Caskroom/miniconda/base/lib/python3.11/site-packages/airflow/example_dags/tutorial_objectstorage.py
[2024-04-16T22:17:54.550+0700] {processor.py:840} INFO - DAG(s) 'tutorial_objectstorage' retrieved from /opt/homebrew/Caskroom/miniconda/base/lib/python3.11/site-packages/airflow/example_dags/tutorial_objectstorage.py
[2024-04-16T22:17:54.744+0700] {logging_mixin.py:188} INFO - [2024-04-16T22:17:54.743+0700] {dag.py:3096} INFO - Sync 1 DAGs
[2024-04-16T22:17:54.763+0700] {logging_mixin.py:188} INFO - [2024-04-16T22:17:54.763+0700] {dag.py:3954} INFO - Setting next_dagrun for tutorial_objectstorage to None, run_after=None
[2024-04-16T22:17:54.791+0700] {processor.py:183} INFO - Processing /opt/homebrew/Caskroom/miniconda/base/lib/python3.11/site-packages/airflow/example_dags/tutorial_objectstorage.py took 0.386 seconds
[2024-04-16T22:22:01.287+0700] {processor.py:161} INFO - Started process (PID=81599) to work on /opt/homebrew/Caskroom/miniconda/base/lib/python3.11/site-packages/airflow/example_dags/tutorial_objectstorage.py
[2024-04-16T22:22:01.289+0700] {processor.py:830} INFO - Processing file /opt/homebrew/Caskroom/miniconda/base/lib/python3.11/site-packages/airflow/example_dags/tutorial_objectstorage.py for tasks to queue
[2024-04-16T22:22:01.289+0700] {logging_mixin.py:188} INFO - [2024-04-16T22:22:01.289+0700] {dagbag.py:540} INFO - Filling up the DagBag from /opt/homebrew/Caskroom/miniconda/base/lib/python3.11/site-packages/airflow/example_dags/tutorial_objectstorage.py
[2024-04-16T22:22:01.352+0700] {processor.py:840} INFO - DAG(s) 'tutorial_objectstorage' retrieved from /opt/homebrew/Caskroom/miniconda/base/lib/python3.11/site-packages/airflow/example_dags/tutorial_objectstorage.py
[2024-04-16T22:22:01.416+0700] {logging_mixin.py:188} INFO - [2024-04-16T22:22:01.416+0700] {dag.py:3096} INFO - Sync 1 DAGs
[2024-04-16T22:22:01.436+0700] {logging_mixin.py:188} INFO - [2024-04-16T22:22:01.436+0700] {dag.py:3954} INFO - Setting next_dagrun for tutorial_objectstorage to None, run_after=None
[2024-04-16T22:22:01.451+0700] {processor.py:183} INFO - Processing /opt/homebrew/Caskroom/miniconda/base/lib/python3.11/site-packages/airflow/example_dags/tutorial_objectstorage.py took 0.166 seconds
[2024-04-16T22:26:22.569+0700] {processor.py:161} INFO - Started process (PID=82851) to work on /opt/homebrew/Caskroom/miniconda/base/lib/python3.11/site-packages/airflow/example_dags/tutorial_objectstorage.py
[2024-04-16T22:26:22.571+0700] {processor.py:830} INFO - Processing file /opt/homebrew/Caskroom/miniconda/base/lib/python3.11/site-packages/airflow/example_dags/tutorial_objectstorage.py for tasks to queue
[2024-04-16T22:26:22.573+0700] {logging_mixin.py:188} INFO - [2024-04-16T22:26:22.572+0700] {dagbag.py:540} INFO - Filling up the DagBag from /opt/homebrew/Caskroom/miniconda/base/lib/python3.11/site-packages/airflow/example_dags/tutorial_objectstorage.py
[2024-04-16T22:26:22.673+0700] {processor.py:840} INFO - DAG(s) 'tutorial_objectstorage' retrieved from /opt/homebrew/Caskroom/miniconda/base/lib/python3.11/site-packages/airflow/example_dags/tutorial_objectstorage.py
[2024-04-16T22:26:22.800+0700] {logging_mixin.py:188} INFO - [2024-04-16T22:26:22.799+0700] {dag.py:3096} INFO - Sync 1 DAGs
[2024-04-16T22:26:22.824+0700] {logging_mixin.py:188} INFO - [2024-04-16T22:26:22.823+0700] {dag.py:3954} INFO - Setting next_dagrun for tutorial_objectstorage to None, run_after=None
[2024-04-16T22:26:22.862+0700] {processor.py:183} INFO - Processing /opt/homebrew/Caskroom/miniconda/base/lib/python3.11/site-packages/airflow/example_dags/tutorial_objectstorage.py took 0.296 seconds
