[2024-04-16T20:52:16.476+0700] {processor.py:161} INFO - Started process (PID=54068) to work on /opt/homebrew/Caskroom/miniconda/base/lib/python3.11/site-packages/airflow/example_dags/tutorial.py
[2024-04-16T20:52:16.476+0700] {processor.py:830} INFO - Processing file /opt/homebrew/Caskroom/miniconda/base/lib/python3.11/site-packages/airflow/example_dags/tutorial.py for tasks to queue
[2024-04-16T20:52:16.476+0700] {logging_mixin.py:188} INFO - [2024-04-16T20:52:16.476+0700] {dagbag.py:540} INFO - Filling up the DagBag from /opt/homebrew/Caskroom/miniconda/base/lib/python3.11/site-packages/airflow/example_dags/tutorial.py
[2024-04-16T20:52:16.481+0700] {processor.py:840} INFO - DAG(s) 'tutorial' retrieved from /opt/homebrew/Caskroom/miniconda/base/lib/python3.11/site-packages/airflow/example_dags/tutorial.py
[2024-04-16T20:52:16.496+0700] {logging_mixin.py:188} INFO - [2024-04-16T20:52:16.496+0700] {dag.py:3096} INFO - Sync 1 DAGs
[2024-04-16T20:52:16.547+0700] {logging_mixin.py:188} INFO - [2024-04-16T20:52:16.547+0700] {dag.py:3954} INFO - Setting next_dagrun for tutorial to 2024-04-15 00:00:00+00:00, run_after=2024-04-16 00:00:00+00:00
[2024-04-16T20:52:16.558+0700] {processor.py:183} INFO - Processing /opt/homebrew/Caskroom/miniconda/base/lib/python3.11/site-packages/airflow/example_dags/tutorial.py took 0.084 seconds
[2024-04-16T20:54:11.336+0700] {processor.py:161} INFO - Started process (PID=54652) to work on /opt/homebrew/Caskroom/miniconda/base/lib/python3.11/site-packages/airflow/example_dags/tutorial.py
[2024-04-16T20:54:11.337+0700] {processor.py:830} INFO - Processing file /opt/homebrew/Caskroom/miniconda/base/lib/python3.11/site-packages/airflow/example_dags/tutorial.py for tasks to queue
[2024-04-16T20:54:11.337+0700] {logging_mixin.py:188} INFO - [2024-04-16T20:54:11.337+0700] {dagbag.py:540} INFO - Filling up the DagBag from /opt/homebrew/Caskroom/miniconda/base/lib/python3.11/site-packages/airflow/example_dags/tutorial.py
[2024-04-16T20:54:11.342+0700] {processor.py:840} INFO - DAG(s) 'tutorial' retrieved from /opt/homebrew/Caskroom/miniconda/base/lib/python3.11/site-packages/airflow/example_dags/tutorial.py
[2024-04-16T20:54:11.455+0700] {logging_mixin.py:188} INFO - [2024-04-16T20:54:11.455+0700] {dag.py:3096} INFO - Sync 1 DAGs
[2024-04-16T20:54:11.464+0700] {logging_mixin.py:188} INFO - [2024-04-16T20:54:11.464+0700] {dag.py:3954} INFO - Setting next_dagrun for tutorial to 2024-04-15 00:00:00+00:00, run_after=2024-04-16 00:00:00+00:00
[2024-04-16T20:54:11.476+0700] {processor.py:183} INFO - Processing /opt/homebrew/Caskroom/miniconda/base/lib/python3.11/site-packages/airflow/example_dags/tutorial.py took 0.141 seconds
[2024-04-16T20:55:27.081+0700] {processor.py:161} INFO - Started process (PID=54999) to work on /opt/homebrew/Caskroom/miniconda/base/lib/python3.11/site-packages/airflow/example_dags/tutorial.py
[2024-04-16T20:55:27.082+0700] {processor.py:830} INFO - Processing file /opt/homebrew/Caskroom/miniconda/base/lib/python3.11/site-packages/airflow/example_dags/tutorial.py for tasks to queue
[2024-04-16T20:55:27.082+0700] {logging_mixin.py:188} INFO - [2024-04-16T20:55:27.082+0700] {dagbag.py:540} INFO - Filling up the DagBag from /opt/homebrew/Caskroom/miniconda/base/lib/python3.11/site-packages/airflow/example_dags/tutorial.py
[2024-04-16T20:55:27.087+0700] {processor.py:840} INFO - DAG(s) 'tutorial' retrieved from /opt/homebrew/Caskroom/miniconda/base/lib/python3.11/site-packages/airflow/example_dags/tutorial.py
[2024-04-16T20:55:27.150+0700] {logging_mixin.py:188} INFO - [2024-04-16T20:55:27.150+0700] {dag.py:3096} INFO - Sync 1 DAGs
[2024-04-16T20:55:27.161+0700] {logging_mixin.py:188} INFO - [2024-04-16T20:55:27.161+0700] {dag.py:3954} INFO - Setting next_dagrun for tutorial to 2024-04-15 00:00:00+00:00, run_after=2024-04-16 00:00:00+00:00
[2024-04-16T20:55:27.172+0700] {processor.py:183} INFO - Processing /opt/homebrew/Caskroom/miniconda/base/lib/python3.11/site-packages/airflow/example_dags/tutorial.py took 0.092 seconds
[2024-04-16T20:56:41.849+0700] {processor.py:161} INFO - Started process (PID=55337) to work on /opt/homebrew/Caskroom/miniconda/base/lib/python3.11/site-packages/airflow/example_dags/tutorial.py
[2024-04-16T20:56:41.850+0700] {processor.py:830} INFO - Processing file /opt/homebrew/Caskroom/miniconda/base/lib/python3.11/site-packages/airflow/example_dags/tutorial.py for tasks to queue
[2024-04-16T20:56:41.851+0700] {logging_mixin.py:188} INFO - [2024-04-16T20:56:41.851+0700] {dagbag.py:540} INFO - Filling up the DagBag from /opt/homebrew/Caskroom/miniconda/base/lib/python3.11/site-packages/airflow/example_dags/tutorial.py
[2024-04-16T20:56:41.863+0700] {processor.py:840} INFO - DAG(s) 'tutorial' retrieved from /opt/homebrew/Caskroom/miniconda/base/lib/python3.11/site-packages/airflow/example_dags/tutorial.py
[2024-04-16T20:56:41.969+0700] {logging_mixin.py:188} INFO - [2024-04-16T20:56:41.969+0700] {dag.py:3096} INFO - Sync 1 DAGs
[2024-04-16T20:56:41.981+0700] {logging_mixin.py:188} INFO - [2024-04-16T20:56:41.981+0700] {dag.py:3954} INFO - Setting next_dagrun for tutorial to 2024-04-15 00:00:00+00:00, run_after=2024-04-16 00:00:00+00:00
[2024-04-16T20:56:41.993+0700] {processor.py:183} INFO - Processing /opt/homebrew/Caskroom/miniconda/base/lib/python3.11/site-packages/airflow/example_dags/tutorial.py took 0.146 seconds
[2024-04-16T20:57:59.712+0700] {processor.py:161} INFO - Started process (PID=55687) to work on /opt/homebrew/Caskroom/miniconda/base/lib/python3.11/site-packages/airflow/example_dags/tutorial.py
[2024-04-16T20:57:59.713+0700] {processor.py:830} INFO - Processing file /opt/homebrew/Caskroom/miniconda/base/lib/python3.11/site-packages/airflow/example_dags/tutorial.py for tasks to queue
[2024-04-16T20:57:59.714+0700] {logging_mixin.py:188} INFO - [2024-04-16T20:57:59.714+0700] {dagbag.py:540} INFO - Filling up the DagBag from /opt/homebrew/Caskroom/miniconda/base/lib/python3.11/site-packages/airflow/example_dags/tutorial.py
[2024-04-16T20:57:59.718+0700] {processor.py:840} INFO - DAG(s) 'tutorial' retrieved from /opt/homebrew/Caskroom/miniconda/base/lib/python3.11/site-packages/airflow/example_dags/tutorial.py
[2024-04-16T20:57:59.781+0700] {logging_mixin.py:188} INFO - [2024-04-16T20:57:59.781+0700] {dag.py:3096} INFO - Sync 1 DAGs
[2024-04-16T20:57:59.792+0700] {logging_mixin.py:188} INFO - [2024-04-16T20:57:59.792+0700] {dag.py:3954} INFO - Setting next_dagrun for tutorial to 2024-04-15 00:00:00+00:00, run_after=2024-04-16 00:00:00+00:00
[2024-04-16T20:57:59.802+0700] {processor.py:183} INFO - Processing /opt/homebrew/Caskroom/miniconda/base/lib/python3.11/site-packages/airflow/example_dags/tutorial.py took 0.092 seconds
[2024-04-16T20:59:16.129+0700] {processor.py:161} INFO - Started process (PID=56032) to work on /opt/homebrew/Caskroom/miniconda/base/lib/python3.11/site-packages/airflow/example_dags/tutorial.py
[2024-04-16T20:59:16.130+0700] {processor.py:830} INFO - Processing file /opt/homebrew/Caskroom/miniconda/base/lib/python3.11/site-packages/airflow/example_dags/tutorial.py for tasks to queue
[2024-04-16T20:59:16.130+0700] {logging_mixin.py:188} INFO - [2024-04-16T20:59:16.130+0700] {dagbag.py:540} INFO - Filling up the DagBag from /opt/homebrew/Caskroom/miniconda/base/lib/python3.11/site-packages/airflow/example_dags/tutorial.py
[2024-04-16T20:59:16.135+0700] {processor.py:840} INFO - DAG(s) 'tutorial' retrieved from /opt/homebrew/Caskroom/miniconda/base/lib/python3.11/site-packages/airflow/example_dags/tutorial.py
[2024-04-16T20:59:16.199+0700] {logging_mixin.py:188} INFO - [2024-04-16T20:59:16.199+0700] {dag.py:3096} INFO - Sync 1 DAGs
[2024-04-16T20:59:16.210+0700] {logging_mixin.py:188} INFO - [2024-04-16T20:59:16.210+0700] {dag.py:3954} INFO - Setting next_dagrun for tutorial to 2024-04-15 00:00:00+00:00, run_after=2024-04-16 00:00:00+00:00
[2024-04-16T20:59:16.221+0700] {processor.py:183} INFO - Processing /opt/homebrew/Caskroom/miniconda/base/lib/python3.11/site-packages/airflow/example_dags/tutorial.py took 0.094 seconds
[2024-04-16T21:00:32.896+0700] {processor.py:161} INFO - Started process (PID=56380) to work on /opt/homebrew/Caskroom/miniconda/base/lib/python3.11/site-packages/airflow/example_dags/tutorial.py
[2024-04-16T21:00:32.897+0700] {processor.py:830} INFO - Processing file /opt/homebrew/Caskroom/miniconda/base/lib/python3.11/site-packages/airflow/example_dags/tutorial.py for tasks to queue
[2024-04-16T21:00:32.897+0700] {logging_mixin.py:188} INFO - [2024-04-16T21:00:32.897+0700] {dagbag.py:540} INFO - Filling up the DagBag from /opt/homebrew/Caskroom/miniconda/base/lib/python3.11/site-packages/airflow/example_dags/tutorial.py
[2024-04-16T21:00:32.902+0700] {processor.py:840} INFO - DAG(s) 'tutorial' retrieved from /opt/homebrew/Caskroom/miniconda/base/lib/python3.11/site-packages/airflow/example_dags/tutorial.py
[2024-04-16T21:00:32.965+0700] {logging_mixin.py:188} INFO - [2024-04-16T21:00:32.965+0700] {dag.py:3096} INFO - Sync 1 DAGs
[2024-04-16T21:00:32.976+0700] {logging_mixin.py:188} INFO - [2024-04-16T21:00:32.976+0700] {dag.py:3954} INFO - Setting next_dagrun for tutorial to 2024-04-15 00:00:00+00:00, run_after=2024-04-16 00:00:00+00:00
[2024-04-16T21:00:32.987+0700] {processor.py:183} INFO - Processing /opt/homebrew/Caskroom/miniconda/base/lib/python3.11/site-packages/airflow/example_dags/tutorial.py took 0.093 seconds
[2024-04-16T21:01:50.226+0700] {processor.py:161} INFO - Started process (PID=56728) to work on /opt/homebrew/Caskroom/miniconda/base/lib/python3.11/site-packages/airflow/example_dags/tutorial.py
[2024-04-16T21:01:50.228+0700] {processor.py:830} INFO - Processing file /opt/homebrew/Caskroom/miniconda/base/lib/python3.11/site-packages/airflow/example_dags/tutorial.py for tasks to queue
[2024-04-16T21:01:50.228+0700] {logging_mixin.py:188} INFO - [2024-04-16T21:01:50.228+0700] {dagbag.py:540} INFO - Filling up the DagBag from /opt/homebrew/Caskroom/miniconda/base/lib/python3.11/site-packages/airflow/example_dags/tutorial.py
[2024-04-16T21:01:50.232+0700] {processor.py:840} INFO - DAG(s) 'tutorial' retrieved from /opt/homebrew/Caskroom/miniconda/base/lib/python3.11/site-packages/airflow/example_dags/tutorial.py
[2024-04-16T21:01:50.295+0700] {logging_mixin.py:188} INFO - [2024-04-16T21:01:50.295+0700] {dag.py:3096} INFO - Sync 1 DAGs
[2024-04-16T21:01:50.306+0700] {logging_mixin.py:188} INFO - [2024-04-16T21:01:50.306+0700] {dag.py:3954} INFO - Setting next_dagrun for tutorial to 2024-04-15 00:00:00+00:00, run_after=2024-04-16 00:00:00+00:00
[2024-04-16T21:01:50.316+0700] {processor.py:183} INFO - Processing /opt/homebrew/Caskroom/miniconda/base/lib/python3.11/site-packages/airflow/example_dags/tutorial.py took 0.091 seconds
[2024-04-16T21:03:06.814+0700] {processor.py:161} INFO - Started process (PID=57077) to work on /opt/homebrew/Caskroom/miniconda/base/lib/python3.11/site-packages/airflow/example_dags/tutorial.py
[2024-04-16T21:03:06.815+0700] {processor.py:830} INFO - Processing file /opt/homebrew/Caskroom/miniconda/base/lib/python3.11/site-packages/airflow/example_dags/tutorial.py for tasks to queue
[2024-04-16T21:03:06.815+0700] {logging_mixin.py:188} INFO - [2024-04-16T21:03:06.815+0700] {dagbag.py:540} INFO - Filling up the DagBag from /opt/homebrew/Caskroom/miniconda/base/lib/python3.11/site-packages/airflow/example_dags/tutorial.py
[2024-04-16T21:03:06.821+0700] {processor.py:840} INFO - DAG(s) 'tutorial' retrieved from /opt/homebrew/Caskroom/miniconda/base/lib/python3.11/site-packages/airflow/example_dags/tutorial.py
[2024-04-16T21:03:06.885+0700] {logging_mixin.py:188} INFO - [2024-04-16T21:03:06.885+0700] {dag.py:3096} INFO - Sync 1 DAGs
[2024-04-16T21:03:06.896+0700] {logging_mixin.py:188} INFO - [2024-04-16T21:03:06.895+0700] {dag.py:3954} INFO - Setting next_dagrun for tutorial to 2024-04-15 00:00:00+00:00, run_after=2024-04-16 00:00:00+00:00
[2024-04-16T21:03:06.907+0700] {processor.py:183} INFO - Processing /opt/homebrew/Caskroom/miniconda/base/lib/python3.11/site-packages/airflow/example_dags/tutorial.py took 0.094 seconds
[2024-04-16T21:04:23.254+0700] {processor.py:161} INFO - Started process (PID=57424) to work on /opt/homebrew/Caskroom/miniconda/base/lib/python3.11/site-packages/airflow/example_dags/tutorial.py
[2024-04-16T21:04:23.255+0700] {processor.py:830} INFO - Processing file /opt/homebrew/Caskroom/miniconda/base/lib/python3.11/site-packages/airflow/example_dags/tutorial.py for tasks to queue
[2024-04-16T21:04:23.255+0700] {logging_mixin.py:188} INFO - [2024-04-16T21:04:23.255+0700] {dagbag.py:540} INFO - Filling up the DagBag from /opt/homebrew/Caskroom/miniconda/base/lib/python3.11/site-packages/airflow/example_dags/tutorial.py
[2024-04-16T21:04:23.260+0700] {processor.py:840} INFO - DAG(s) 'tutorial' retrieved from /opt/homebrew/Caskroom/miniconda/base/lib/python3.11/site-packages/airflow/example_dags/tutorial.py
[2024-04-16T21:04:23.324+0700] {logging_mixin.py:188} INFO - [2024-04-16T21:04:23.324+0700] {dag.py:3096} INFO - Sync 1 DAGs
[2024-04-16T21:04:23.335+0700] {logging_mixin.py:188} INFO - [2024-04-16T21:04:23.335+0700] {dag.py:3954} INFO - Setting next_dagrun for tutorial to 2024-04-15 00:00:00+00:00, run_after=2024-04-16 00:00:00+00:00
[2024-04-16T21:04:23.346+0700] {processor.py:183} INFO - Processing /opt/homebrew/Caskroom/miniconda/base/lib/python3.11/site-packages/airflow/example_dags/tutorial.py took 0.094 seconds
[2024-04-16T21:05:40.006+0700] {processor.py:161} INFO - Started process (PID=57764) to work on /opt/homebrew/Caskroom/miniconda/base/lib/python3.11/site-packages/airflow/example_dags/tutorial.py
[2024-04-16T21:05:40.007+0700] {processor.py:830} INFO - Processing file /opt/homebrew/Caskroom/miniconda/base/lib/python3.11/site-packages/airflow/example_dags/tutorial.py for tasks to queue
[2024-04-16T21:05:40.007+0700] {logging_mixin.py:188} INFO - [2024-04-16T21:05:40.007+0700] {dagbag.py:540} INFO - Filling up the DagBag from /opt/homebrew/Caskroom/miniconda/base/lib/python3.11/site-packages/airflow/example_dags/tutorial.py
[2024-04-16T21:05:40.012+0700] {processor.py:840} INFO - DAG(s) 'tutorial' retrieved from /opt/homebrew/Caskroom/miniconda/base/lib/python3.11/site-packages/airflow/example_dags/tutorial.py
[2024-04-16T21:05:40.075+0700] {logging_mixin.py:188} INFO - [2024-04-16T21:05:40.075+0700] {dag.py:3096} INFO - Sync 1 DAGs
[2024-04-16T21:05:40.086+0700] {logging_mixin.py:188} INFO - [2024-04-16T21:05:40.085+0700] {dag.py:3954} INFO - Setting next_dagrun for tutorial to 2024-04-15 00:00:00+00:00, run_after=2024-04-16 00:00:00+00:00
[2024-04-16T21:05:40.097+0700] {processor.py:183} INFO - Processing /opt/homebrew/Caskroom/miniconda/base/lib/python3.11/site-packages/airflow/example_dags/tutorial.py took 0.093 seconds
[2024-04-16T21:06:56.420+0700] {processor.py:161} INFO - Started process (PID=58116) to work on /opt/homebrew/Caskroom/miniconda/base/lib/python3.11/site-packages/airflow/example_dags/tutorial.py
[2024-04-16T21:06:56.421+0700] {processor.py:830} INFO - Processing file /opt/homebrew/Caskroom/miniconda/base/lib/python3.11/site-packages/airflow/example_dags/tutorial.py for tasks to queue
[2024-04-16T21:06:56.421+0700] {logging_mixin.py:188} INFO - [2024-04-16T21:06:56.421+0700] {dagbag.py:540} INFO - Filling up the DagBag from /opt/homebrew/Caskroom/miniconda/base/lib/python3.11/site-packages/airflow/example_dags/tutorial.py
[2024-04-16T21:06:56.426+0700] {processor.py:840} INFO - DAG(s) 'tutorial' retrieved from /opt/homebrew/Caskroom/miniconda/base/lib/python3.11/site-packages/airflow/example_dags/tutorial.py
[2024-04-16T21:06:56.490+0700] {logging_mixin.py:188} INFO - [2024-04-16T21:06:56.489+0700] {dag.py:3096} INFO - Sync 1 DAGs
[2024-04-16T21:06:56.500+0700] {logging_mixin.py:188} INFO - [2024-04-16T21:06:56.500+0700] {dag.py:3954} INFO - Setting next_dagrun for tutorial to 2024-04-15 00:00:00+00:00, run_after=2024-04-16 00:00:00+00:00
[2024-04-16T21:06:56.511+0700] {processor.py:183} INFO - Processing /opt/homebrew/Caskroom/miniconda/base/lib/python3.11/site-packages/airflow/example_dags/tutorial.py took 0.093 seconds
[2024-04-16T21:08:13.218+0700] {processor.py:161} INFO - Started process (PID=58471) to work on /opt/homebrew/Caskroom/miniconda/base/lib/python3.11/site-packages/airflow/example_dags/tutorial.py
[2024-04-16T21:08:13.219+0700] {processor.py:830} INFO - Processing file /opt/homebrew/Caskroom/miniconda/base/lib/python3.11/site-packages/airflow/example_dags/tutorial.py for tasks to queue
[2024-04-16T21:08:13.219+0700] {logging_mixin.py:188} INFO - [2024-04-16T21:08:13.219+0700] {dagbag.py:540} INFO - Filling up the DagBag from /opt/homebrew/Caskroom/miniconda/base/lib/python3.11/site-packages/airflow/example_dags/tutorial.py
[2024-04-16T21:08:13.224+0700] {processor.py:840} INFO - DAG(s) 'tutorial' retrieved from /opt/homebrew/Caskroom/miniconda/base/lib/python3.11/site-packages/airflow/example_dags/tutorial.py
[2024-04-16T21:08:13.287+0700] {logging_mixin.py:188} INFO - [2024-04-16T21:08:13.287+0700] {dag.py:3096} INFO - Sync 1 DAGs
[2024-04-16T21:08:13.298+0700] {logging_mixin.py:188} INFO - [2024-04-16T21:08:13.298+0700] {dag.py:3954} INFO - Setting next_dagrun for tutorial to 2024-04-15 00:00:00+00:00, run_after=2024-04-16 00:00:00+00:00
[2024-04-16T21:08:13.308+0700] {processor.py:183} INFO - Processing /opt/homebrew/Caskroom/miniconda/base/lib/python3.11/site-packages/airflow/example_dags/tutorial.py took 0.092 seconds
[2024-04-16T21:09:31.951+0700] {processor.py:161} INFO - Started process (PID=58826) to work on /opt/homebrew/Caskroom/miniconda/base/lib/python3.11/site-packages/airflow/example_dags/tutorial.py
[2024-04-16T21:09:31.953+0700] {processor.py:830} INFO - Processing file /opt/homebrew/Caskroom/miniconda/base/lib/python3.11/site-packages/airflow/example_dags/tutorial.py for tasks to queue
[2024-04-16T21:09:31.953+0700] {logging_mixin.py:188} INFO - [2024-04-16T21:09:31.953+0700] {dagbag.py:540} INFO - Filling up the DagBag from /opt/homebrew/Caskroom/miniconda/base/lib/python3.11/site-packages/airflow/example_dags/tutorial.py
[2024-04-16T21:09:31.957+0700] {processor.py:840} INFO - DAG(s) 'tutorial' retrieved from /opt/homebrew/Caskroom/miniconda/base/lib/python3.11/site-packages/airflow/example_dags/tutorial.py
[2024-04-16T21:09:32.020+0700] {logging_mixin.py:188} INFO - [2024-04-16T21:09:32.020+0700] {dag.py:3096} INFO - Sync 1 DAGs
[2024-04-16T21:09:32.031+0700] {logging_mixin.py:188} INFO - [2024-04-16T21:09:32.031+0700] {dag.py:3954} INFO - Setting next_dagrun for tutorial to 2024-04-15 00:00:00+00:00, run_after=2024-04-16 00:00:00+00:00
[2024-04-16T21:09:32.042+0700] {processor.py:183} INFO - Processing /opt/homebrew/Caskroom/miniconda/base/lib/python3.11/site-packages/airflow/example_dags/tutorial.py took 0.092 seconds
[2024-04-16T21:10:50.141+0700] {processor.py:161} INFO - Started process (PID=59184) to work on /opt/homebrew/Caskroom/miniconda/base/lib/python3.11/site-packages/airflow/example_dags/tutorial.py
[2024-04-16T21:10:50.142+0700] {processor.py:830} INFO - Processing file /opt/homebrew/Caskroom/miniconda/base/lib/python3.11/site-packages/airflow/example_dags/tutorial.py for tasks to queue
[2024-04-16T21:10:50.142+0700] {logging_mixin.py:188} INFO - [2024-04-16T21:10:50.142+0700] {dagbag.py:540} INFO - Filling up the DagBag from /opt/homebrew/Caskroom/miniconda/base/lib/python3.11/site-packages/airflow/example_dags/tutorial.py
[2024-04-16T21:10:50.147+0700] {processor.py:840} INFO - DAG(s) 'tutorial' retrieved from /opt/homebrew/Caskroom/miniconda/base/lib/python3.11/site-packages/airflow/example_dags/tutorial.py
[2024-04-16T21:10:50.210+0700] {logging_mixin.py:188} INFO - [2024-04-16T21:10:50.210+0700] {dag.py:3096} INFO - Sync 1 DAGs
[2024-04-16T21:10:50.220+0700] {logging_mixin.py:188} INFO - [2024-04-16T21:10:50.220+0700] {dag.py:3954} INFO - Setting next_dagrun for tutorial to 2024-04-15 00:00:00+00:00, run_after=2024-04-16 00:00:00+00:00
[2024-04-16T21:10:50.232+0700] {processor.py:183} INFO - Processing /opt/homebrew/Caskroom/miniconda/base/lib/python3.11/site-packages/airflow/example_dags/tutorial.py took 0.093 seconds
[2024-04-16T21:12:07.827+0700] {processor.py:161} INFO - Started process (PID=59533) to work on /opt/homebrew/Caskroom/miniconda/base/lib/python3.11/site-packages/airflow/example_dags/tutorial.py
[2024-04-16T21:12:07.828+0700] {processor.py:830} INFO - Processing file /opt/homebrew/Caskroom/miniconda/base/lib/python3.11/site-packages/airflow/example_dags/tutorial.py for tasks to queue
[2024-04-16T21:12:07.828+0700] {logging_mixin.py:188} INFO - [2024-04-16T21:12:07.828+0700] {dagbag.py:540} INFO - Filling up the DagBag from /opt/homebrew/Caskroom/miniconda/base/lib/python3.11/site-packages/airflow/example_dags/tutorial.py
[2024-04-16T21:12:07.833+0700] {processor.py:840} INFO - DAG(s) 'tutorial' retrieved from /opt/homebrew/Caskroom/miniconda/base/lib/python3.11/site-packages/airflow/example_dags/tutorial.py
[2024-04-16T21:12:07.914+0700] {logging_mixin.py:188} INFO - [2024-04-16T21:12:07.914+0700] {dag.py:3096} INFO - Sync 1 DAGs
[2024-04-16T21:12:07.925+0700] {logging_mixin.py:188} INFO - [2024-04-16T21:12:07.925+0700] {dag.py:3954} INFO - Setting next_dagrun for tutorial to 2024-04-15 00:00:00+00:00, run_after=2024-04-16 00:00:00+00:00
[2024-04-16T21:12:07.937+0700] {processor.py:183} INFO - Processing /opt/homebrew/Caskroom/miniconda/base/lib/python3.11/site-packages/airflow/example_dags/tutorial.py took 0.113 seconds
[2024-04-16T21:13:26.614+0700] {processor.py:161} INFO - Started process (PID=59911) to work on /opt/homebrew/Caskroom/miniconda/base/lib/python3.11/site-packages/airflow/example_dags/tutorial.py
[2024-04-16T21:13:26.615+0700] {processor.py:830} INFO - Processing file /opt/homebrew/Caskroom/miniconda/base/lib/python3.11/site-packages/airflow/example_dags/tutorial.py for tasks to queue
[2024-04-16T21:13:26.616+0700] {logging_mixin.py:188} INFO - [2024-04-16T21:13:26.616+0700] {dagbag.py:540} INFO - Filling up the DagBag from /opt/homebrew/Caskroom/miniconda/base/lib/python3.11/site-packages/airflow/example_dags/tutorial.py
[2024-04-16T21:13:26.622+0700] {processor.py:840} INFO - DAG(s) 'tutorial' retrieved from /opt/homebrew/Caskroom/miniconda/base/lib/python3.11/site-packages/airflow/example_dags/tutorial.py
[2024-04-16T21:13:26.687+0700] {logging_mixin.py:188} INFO - [2024-04-16T21:13:26.687+0700] {dag.py:3096} INFO - Sync 1 DAGs
[2024-04-16T21:13:26.698+0700] {logging_mixin.py:188} INFO - [2024-04-16T21:13:26.698+0700] {dag.py:3954} INFO - Setting next_dagrun for tutorial to 2024-04-15 00:00:00+00:00, run_after=2024-04-16 00:00:00+00:00
[2024-04-16T21:13:26.709+0700] {processor.py:183} INFO - Processing /opt/homebrew/Caskroom/miniconda/base/lib/python3.11/site-packages/airflow/example_dags/tutorial.py took 0.097 seconds
[2024-04-16T21:14:46.469+0700] {processor.py:161} INFO - Started process (PID=60275) to work on /opt/homebrew/Caskroom/miniconda/base/lib/python3.11/site-packages/airflow/example_dags/tutorial.py
[2024-04-16T21:14:46.471+0700] {processor.py:830} INFO - Processing file /opt/homebrew/Caskroom/miniconda/base/lib/python3.11/site-packages/airflow/example_dags/tutorial.py for tasks to queue
[2024-04-16T21:14:46.471+0700] {logging_mixin.py:188} INFO - [2024-04-16T21:14:46.471+0700] {dagbag.py:540} INFO - Filling up the DagBag from /opt/homebrew/Caskroom/miniconda/base/lib/python3.11/site-packages/airflow/example_dags/tutorial.py
[2024-04-16T21:14:46.475+0700] {processor.py:840} INFO - DAG(s) 'tutorial' retrieved from /opt/homebrew/Caskroom/miniconda/base/lib/python3.11/site-packages/airflow/example_dags/tutorial.py
[2024-04-16T21:14:46.538+0700] {logging_mixin.py:188} INFO - [2024-04-16T21:14:46.537+0700] {dag.py:3096} INFO - Sync 1 DAGs
[2024-04-16T21:14:46.548+0700] {logging_mixin.py:188} INFO - [2024-04-16T21:14:46.548+0700] {dag.py:3954} INFO - Setting next_dagrun for tutorial to 2024-04-15 00:00:00+00:00, run_after=2024-04-16 00:00:00+00:00
[2024-04-16T21:14:46.559+0700] {processor.py:183} INFO - Processing /opt/homebrew/Caskroom/miniconda/base/lib/python3.11/site-packages/airflow/example_dags/tutorial.py took 0.091 seconds
[2024-04-16T21:16:05.479+0700] {processor.py:161} INFO - Started process (PID=60633) to work on /opt/homebrew/Caskroom/miniconda/base/lib/python3.11/site-packages/airflow/example_dags/tutorial.py
[2024-04-16T21:16:05.480+0700] {processor.py:830} INFO - Processing file /opt/homebrew/Caskroom/miniconda/base/lib/python3.11/site-packages/airflow/example_dags/tutorial.py for tasks to queue
[2024-04-16T21:16:05.480+0700] {logging_mixin.py:188} INFO - [2024-04-16T21:16:05.480+0700] {dagbag.py:540} INFO - Filling up the DagBag from /opt/homebrew/Caskroom/miniconda/base/lib/python3.11/site-packages/airflow/example_dags/tutorial.py
[2024-04-16T21:16:05.485+0700] {processor.py:840} INFO - DAG(s) 'tutorial' retrieved from /opt/homebrew/Caskroom/miniconda/base/lib/python3.11/site-packages/airflow/example_dags/tutorial.py
[2024-04-16T21:16:05.548+0700] {logging_mixin.py:188} INFO - [2024-04-16T21:16:05.548+0700] {dag.py:3096} INFO - Sync 1 DAGs
[2024-04-16T21:16:05.559+0700] {logging_mixin.py:188} INFO - [2024-04-16T21:16:05.559+0700] {dag.py:3954} INFO - Setting next_dagrun for tutorial to 2024-04-15 00:00:00+00:00, run_after=2024-04-16 00:00:00+00:00
[2024-04-16T21:16:05.570+0700] {processor.py:183} INFO - Processing /opt/homebrew/Caskroom/miniconda/base/lib/python3.11/site-packages/airflow/example_dags/tutorial.py took 0.093 seconds
[2024-04-16T21:17:21.433+0700] {processor.py:161} INFO - Started process (PID=60982) to work on /opt/homebrew/Caskroom/miniconda/base/lib/python3.11/site-packages/airflow/example_dags/tutorial.py
[2024-04-16T21:17:21.435+0700] {processor.py:830} INFO - Processing file /opt/homebrew/Caskroom/miniconda/base/lib/python3.11/site-packages/airflow/example_dags/tutorial.py for tasks to queue
[2024-04-16T21:17:21.435+0700] {logging_mixin.py:188} INFO - [2024-04-16T21:17:21.435+0700] {dagbag.py:540} INFO - Filling up the DagBag from /opt/homebrew/Caskroom/miniconda/base/lib/python3.11/site-packages/airflow/example_dags/tutorial.py
[2024-04-16T21:17:21.440+0700] {processor.py:840} INFO - DAG(s) 'tutorial' retrieved from /opt/homebrew/Caskroom/miniconda/base/lib/python3.11/site-packages/airflow/example_dags/tutorial.py
[2024-04-16T21:17:21.504+0700] {logging_mixin.py:188} INFO - [2024-04-16T21:17:21.504+0700] {dag.py:3096} INFO - Sync 1 DAGs
[2024-04-16T21:17:21.515+0700] {logging_mixin.py:188} INFO - [2024-04-16T21:17:21.515+0700] {dag.py:3954} INFO - Setting next_dagrun for tutorial to 2024-04-15 00:00:00+00:00, run_after=2024-04-16 00:00:00+00:00
[2024-04-16T21:17:21.526+0700] {processor.py:183} INFO - Processing /opt/homebrew/Caskroom/miniconda/base/lib/python3.11/site-packages/airflow/example_dags/tutorial.py took 0.094 seconds
[2024-04-16T21:18:37.833+0700] {processor.py:161} INFO - Started process (PID=61337) to work on /opt/homebrew/Caskroom/miniconda/base/lib/python3.11/site-packages/airflow/example_dags/tutorial.py
[2024-04-16T21:18:37.834+0700] {processor.py:830} INFO - Processing file /opt/homebrew/Caskroom/miniconda/base/lib/python3.11/site-packages/airflow/example_dags/tutorial.py for tasks to queue
[2024-04-16T21:18:37.835+0700] {logging_mixin.py:188} INFO - [2024-04-16T21:18:37.835+0700] {dagbag.py:540} INFO - Filling up the DagBag from /opt/homebrew/Caskroom/miniconda/base/lib/python3.11/site-packages/airflow/example_dags/tutorial.py
[2024-04-16T21:18:37.839+0700] {processor.py:840} INFO - DAG(s) 'tutorial' retrieved from /opt/homebrew/Caskroom/miniconda/base/lib/python3.11/site-packages/airflow/example_dags/tutorial.py
[2024-04-16T21:18:37.902+0700] {logging_mixin.py:188} INFO - [2024-04-16T21:18:37.902+0700] {dag.py:3096} INFO - Sync 1 DAGs
[2024-04-16T21:18:37.912+0700] {logging_mixin.py:188} INFO - [2024-04-16T21:18:37.912+0700] {dag.py:3954} INFO - Setting next_dagrun for tutorial to 2024-04-15 00:00:00+00:00, run_after=2024-04-16 00:00:00+00:00
[2024-04-16T21:18:37.923+0700] {processor.py:183} INFO - Processing /opt/homebrew/Caskroom/miniconda/base/lib/python3.11/site-packages/airflow/example_dags/tutorial.py took 0.092 seconds
[2024-04-16T21:19:54.462+0700] {processor.py:161} INFO - Started process (PID=61696) to work on /opt/homebrew/Caskroom/miniconda/base/lib/python3.11/site-packages/airflow/example_dags/tutorial.py
[2024-04-16T21:19:54.463+0700] {processor.py:830} INFO - Processing file /opt/homebrew/Caskroom/miniconda/base/lib/python3.11/site-packages/airflow/example_dags/tutorial.py for tasks to queue
[2024-04-16T21:19:54.464+0700] {logging_mixin.py:188} INFO - [2024-04-16T21:19:54.464+0700] {dagbag.py:540} INFO - Filling up the DagBag from /opt/homebrew/Caskroom/miniconda/base/lib/python3.11/site-packages/airflow/example_dags/tutorial.py
[2024-04-16T21:19:54.470+0700] {processor.py:840} INFO - DAG(s) 'tutorial' retrieved from /opt/homebrew/Caskroom/miniconda/base/lib/python3.11/site-packages/airflow/example_dags/tutorial.py
[2024-04-16T21:19:54.536+0700] {logging_mixin.py:188} INFO - [2024-04-16T21:19:54.536+0700] {dag.py:3096} INFO - Sync 1 DAGs
[2024-04-16T21:19:54.547+0700] {logging_mixin.py:188} INFO - [2024-04-16T21:19:54.547+0700] {dag.py:3954} INFO - Setting next_dagrun for tutorial to 2024-04-15 00:00:00+00:00, run_after=2024-04-16 00:00:00+00:00
[2024-04-16T21:19:54.558+0700] {processor.py:183} INFO - Processing /opt/homebrew/Caskroom/miniconda/base/lib/python3.11/site-packages/airflow/example_dags/tutorial.py took 0.098 seconds
[2024-04-16T21:21:11.327+0700] {processor.py:161} INFO - Started process (PID=62043) to work on /opt/homebrew/Caskroom/miniconda/base/lib/python3.11/site-packages/airflow/example_dags/tutorial.py
[2024-04-16T21:21:11.328+0700] {processor.py:830} INFO - Processing file /opt/homebrew/Caskroom/miniconda/base/lib/python3.11/site-packages/airflow/example_dags/tutorial.py for tasks to queue
[2024-04-16T21:21:11.329+0700] {logging_mixin.py:188} INFO - [2024-04-16T21:21:11.329+0700] {dagbag.py:540} INFO - Filling up the DagBag from /opt/homebrew/Caskroom/miniconda/base/lib/python3.11/site-packages/airflow/example_dags/tutorial.py
[2024-04-16T21:21:11.333+0700] {processor.py:840} INFO - DAG(s) 'tutorial' retrieved from /opt/homebrew/Caskroom/miniconda/base/lib/python3.11/site-packages/airflow/example_dags/tutorial.py
[2024-04-16T21:21:11.400+0700] {logging_mixin.py:188} INFO - [2024-04-16T21:21:11.400+0700] {dag.py:3096} INFO - Sync 1 DAGs
[2024-04-16T21:21:11.413+0700] {logging_mixin.py:188} INFO - [2024-04-16T21:21:11.412+0700] {dag.py:3954} INFO - Setting next_dagrun for tutorial to 2024-04-15 00:00:00+00:00, run_after=2024-04-16 00:00:00+00:00
[2024-04-16T21:21:11.425+0700] {processor.py:183} INFO - Processing /opt/homebrew/Caskroom/miniconda/base/lib/python3.11/site-packages/airflow/example_dags/tutorial.py took 0.099 seconds
[2024-04-16T21:22:38.875+0700] {processor.py:161} INFO - Started process (PID=62743) to work on /opt/homebrew/Caskroom/miniconda/base/lib/python3.11/site-packages/airflow/example_dags/tutorial.py
[2024-04-16T21:22:38.877+0700] {processor.py:830} INFO - Processing file /opt/homebrew/Caskroom/miniconda/base/lib/python3.11/site-packages/airflow/example_dags/tutorial.py for tasks to queue
[2024-04-16T21:22:38.877+0700] {logging_mixin.py:188} INFO - [2024-04-16T21:22:38.877+0700] {dagbag.py:540} INFO - Filling up the DagBag from /opt/homebrew/Caskroom/miniconda/base/lib/python3.11/site-packages/airflow/example_dags/tutorial.py
[2024-04-16T21:22:38.886+0700] {processor.py:840} INFO - DAG(s) 'tutorial' retrieved from /opt/homebrew/Caskroom/miniconda/base/lib/python3.11/site-packages/airflow/example_dags/tutorial.py
[2024-04-16T21:22:38.987+0700] {logging_mixin.py:188} INFO - [2024-04-16T21:22:38.987+0700] {dag.py:3096} INFO - Sync 1 DAGs
[2024-04-16T21:22:39.004+0700] {logging_mixin.py:188} INFO - [2024-04-16T21:22:39.004+0700] {dag.py:3954} INFO - Setting next_dagrun for tutorial to 2024-04-15 00:00:00+00:00, run_after=2024-04-16 00:00:00+00:00
[2024-04-16T21:22:39.021+0700] {processor.py:183} INFO - Processing /opt/homebrew/Caskroom/miniconda/base/lib/python3.11/site-packages/airflow/example_dags/tutorial.py took 0.148 seconds
[2024-04-16T21:24:14.685+0700] {processor.py:161} INFO - Started process (PID=63566) to work on /opt/homebrew/Caskroom/miniconda/base/lib/python3.11/site-packages/airflow/example_dags/tutorial.py
[2024-04-16T21:24:14.687+0700] {processor.py:830} INFO - Processing file /opt/homebrew/Caskroom/miniconda/base/lib/python3.11/site-packages/airflow/example_dags/tutorial.py for tasks to queue
[2024-04-16T21:24:14.688+0700] {logging_mixin.py:188} INFO - [2024-04-16T21:24:14.687+0700] {dagbag.py:540} INFO - Filling up the DagBag from /opt/homebrew/Caskroom/miniconda/base/lib/python3.11/site-packages/airflow/example_dags/tutorial.py
[2024-04-16T21:24:14.701+0700] {processor.py:840} INFO - DAG(s) 'tutorial' retrieved from /opt/homebrew/Caskroom/miniconda/base/lib/python3.11/site-packages/airflow/example_dags/tutorial.py
[2024-04-16T21:24:14.855+0700] {logging_mixin.py:188} INFO - [2024-04-16T21:24:14.854+0700] {dag.py:3096} INFO - Sync 1 DAGs
[2024-04-16T21:24:14.877+0700] {logging_mixin.py:188} INFO - [2024-04-16T21:24:14.877+0700] {dag.py:3954} INFO - Setting next_dagrun for tutorial to 2024-04-15 00:00:00+00:00, run_after=2024-04-16 00:00:00+00:00
[2024-04-16T21:24:14.900+0700] {processor.py:183} INFO - Processing /opt/homebrew/Caskroom/miniconda/base/lib/python3.11/site-packages/airflow/example_dags/tutorial.py took 0.219 seconds
[2024-04-16T21:25:42.187+0700] {processor.py:161} INFO - Started process (PID=64022) to work on /opt/homebrew/Caskroom/miniconda/base/lib/python3.11/site-packages/airflow/example_dags/tutorial.py
[2024-04-16T21:25:42.188+0700] {processor.py:830} INFO - Processing file /opt/homebrew/Caskroom/miniconda/base/lib/python3.11/site-packages/airflow/example_dags/tutorial.py for tasks to queue
[2024-04-16T21:25:42.189+0700] {logging_mixin.py:188} INFO - [2024-04-16T21:25:42.189+0700] {dagbag.py:540} INFO - Filling up the DagBag from /opt/homebrew/Caskroom/miniconda/base/lib/python3.11/site-packages/airflow/example_dags/tutorial.py
[2024-04-16T21:25:42.193+0700] {processor.py:840} INFO - DAG(s) 'tutorial' retrieved from /opt/homebrew/Caskroom/miniconda/base/lib/python3.11/site-packages/airflow/example_dags/tutorial.py
[2024-04-16T21:25:42.257+0700] {logging_mixin.py:188} INFO - [2024-04-16T21:25:42.257+0700] {dag.py:3096} INFO - Sync 1 DAGs
[2024-04-16T21:25:42.269+0700] {logging_mixin.py:188} INFO - [2024-04-16T21:25:42.269+0700] {dag.py:3954} INFO - Setting next_dagrun for tutorial to 2024-04-15 00:00:00+00:00, run_after=2024-04-16 00:00:00+00:00
[2024-04-16T21:25:42.284+0700] {processor.py:183} INFO - Processing /opt/homebrew/Caskroom/miniconda/base/lib/python3.11/site-packages/airflow/example_dags/tutorial.py took 0.099 seconds
[2024-04-16T21:27:13.796+0700] {processor.py:161} INFO - Started process (PID=64441) to work on /opt/homebrew/Caskroom/miniconda/base/lib/python3.11/site-packages/airflow/example_dags/tutorial.py
[2024-04-16T21:27:13.799+0700] {processor.py:830} INFO - Processing file /opt/homebrew/Caskroom/miniconda/base/lib/python3.11/site-packages/airflow/example_dags/tutorial.py for tasks to queue
[2024-04-16T21:27:13.799+0700] {logging_mixin.py:188} INFO - [2024-04-16T21:27:13.799+0700] {dagbag.py:540} INFO - Filling up the DagBag from /opt/homebrew/Caskroom/miniconda/base/lib/python3.11/site-packages/airflow/example_dags/tutorial.py
[2024-04-16T21:27:13.811+0700] {processor.py:840} INFO - DAG(s) 'tutorial' retrieved from /opt/homebrew/Caskroom/miniconda/base/lib/python3.11/site-packages/airflow/example_dags/tutorial.py
[2024-04-16T21:27:13.881+0700] {logging_mixin.py:188} INFO - [2024-04-16T21:27:13.880+0700] {dag.py:3096} INFO - Sync 1 DAGs
[2024-04-16T21:27:13.895+0700] {logging_mixin.py:188} INFO - [2024-04-16T21:27:13.895+0700] {dag.py:3954} INFO - Setting next_dagrun for tutorial to 2024-04-15 00:00:00+00:00, run_after=2024-04-16 00:00:00+00:00
[2024-04-16T21:27:13.917+0700] {processor.py:183} INFO - Processing /opt/homebrew/Caskroom/miniconda/base/lib/python3.11/site-packages/airflow/example_dags/tutorial.py took 0.123 seconds
[2024-04-16T21:28:37.013+0700] {processor.py:161} INFO - Started process (PID=64867) to work on /opt/homebrew/Caskroom/miniconda/base/lib/python3.11/site-packages/airflow/example_dags/tutorial.py
[2024-04-16T21:28:37.014+0700] {processor.py:830} INFO - Processing file /opt/homebrew/Caskroom/miniconda/base/lib/python3.11/site-packages/airflow/example_dags/tutorial.py for tasks to queue
[2024-04-16T21:28:37.015+0700] {logging_mixin.py:188} INFO - [2024-04-16T21:28:37.014+0700] {dagbag.py:540} INFO - Filling up the DagBag from /opt/homebrew/Caskroom/miniconda/base/lib/python3.11/site-packages/airflow/example_dags/tutorial.py
[2024-04-16T21:28:37.021+0700] {processor.py:840} INFO - DAG(s) 'tutorial' retrieved from /opt/homebrew/Caskroom/miniconda/base/lib/python3.11/site-packages/airflow/example_dags/tutorial.py
[2024-04-16T21:28:37.102+0700] {logging_mixin.py:188} INFO - [2024-04-16T21:28:37.102+0700] {dag.py:3096} INFO - Sync 1 DAGs
[2024-04-16T21:28:37.115+0700] {logging_mixin.py:188} INFO - [2024-04-16T21:28:37.115+0700] {dag.py:3954} INFO - Setting next_dagrun for tutorial to 2024-04-15 00:00:00+00:00, run_after=2024-04-16 00:00:00+00:00
[2024-04-16T21:28:37.130+0700] {processor.py:183} INFO - Processing /opt/homebrew/Caskroom/miniconda/base/lib/python3.11/site-packages/airflow/example_dags/tutorial.py took 0.119 seconds
[2024-04-16T21:30:00.264+0700] {processor.py:161} INFO - Started process (PID=65247) to work on /opt/homebrew/Caskroom/miniconda/base/lib/python3.11/site-packages/airflow/example_dags/tutorial.py
[2024-04-16T21:30:00.265+0700] {processor.py:830} INFO - Processing file /opt/homebrew/Caskroom/miniconda/base/lib/python3.11/site-packages/airflow/example_dags/tutorial.py for tasks to queue
[2024-04-16T21:30:00.266+0700] {logging_mixin.py:188} INFO - [2024-04-16T21:30:00.266+0700] {dagbag.py:540} INFO - Filling up the DagBag from /opt/homebrew/Caskroom/miniconda/base/lib/python3.11/site-packages/airflow/example_dags/tutorial.py
[2024-04-16T21:30:00.271+0700] {processor.py:840} INFO - DAG(s) 'tutorial' retrieved from /opt/homebrew/Caskroom/miniconda/base/lib/python3.11/site-packages/airflow/example_dags/tutorial.py
[2024-04-16T21:30:00.334+0700] {logging_mixin.py:188} INFO - [2024-04-16T21:30:00.334+0700] {dag.py:3096} INFO - Sync 1 DAGs
[2024-04-16T21:30:00.345+0700] {logging_mixin.py:188} INFO - [2024-04-16T21:30:00.345+0700] {dag.py:3954} INFO - Setting next_dagrun for tutorial to 2024-04-15 00:00:00+00:00, run_after=2024-04-16 00:00:00+00:00
[2024-04-16T21:30:00.359+0700] {processor.py:183} INFO - Processing /opt/homebrew/Caskroom/miniconda/base/lib/python3.11/site-packages/airflow/example_dags/tutorial.py took 0.097 seconds
[2024-04-16T21:31:25.475+0700] {processor.py:161} INFO - Started process (PID=65651) to work on /opt/homebrew/Caskroom/miniconda/base/lib/python3.11/site-packages/airflow/example_dags/tutorial.py
[2024-04-16T21:31:25.476+0700] {processor.py:830} INFO - Processing file /opt/homebrew/Caskroom/miniconda/base/lib/python3.11/site-packages/airflow/example_dags/tutorial.py for tasks to queue
[2024-04-16T21:31:25.476+0700] {logging_mixin.py:188} INFO - [2024-04-16T21:31:25.476+0700] {dagbag.py:540} INFO - Filling up the DagBag from /opt/homebrew/Caskroom/miniconda/base/lib/python3.11/site-packages/airflow/example_dags/tutorial.py
[2024-04-16T21:31:25.481+0700] {processor.py:840} INFO - DAG(s) 'tutorial' retrieved from /opt/homebrew/Caskroom/miniconda/base/lib/python3.11/site-packages/airflow/example_dags/tutorial.py
[2024-04-16T21:31:25.542+0700] {logging_mixin.py:188} INFO - [2024-04-16T21:31:25.542+0700] {dag.py:3096} INFO - Sync 1 DAGs
[2024-04-16T21:31:25.552+0700] {logging_mixin.py:188} INFO - [2024-04-16T21:31:25.552+0700] {dag.py:3954} INFO - Setting next_dagrun for tutorial to 2024-04-15 00:00:00+00:00, run_after=2024-04-16 00:00:00+00:00
[2024-04-16T21:31:25.563+0700] {processor.py:183} INFO - Processing /opt/homebrew/Caskroom/miniconda/base/lib/python3.11/site-packages/airflow/example_dags/tutorial.py took 0.089 seconds
[2024-04-16T21:32:42.459+0700] {processor.py:161} INFO - Started process (PID=65998) to work on /opt/homebrew/Caskroom/miniconda/base/lib/python3.11/site-packages/airflow/example_dags/tutorial.py
[2024-04-16T21:32:42.461+0700] {processor.py:830} INFO - Processing file /opt/homebrew/Caskroom/miniconda/base/lib/python3.11/site-packages/airflow/example_dags/tutorial.py for tasks to queue
[2024-04-16T21:32:42.461+0700] {logging_mixin.py:188} INFO - [2024-04-16T21:32:42.461+0700] {dagbag.py:540} INFO - Filling up the DagBag from /opt/homebrew/Caskroom/miniconda/base/lib/python3.11/site-packages/airflow/example_dags/tutorial.py
[2024-04-16T21:32:42.466+0700] {processor.py:840} INFO - DAG(s) 'tutorial' retrieved from /opt/homebrew/Caskroom/miniconda/base/lib/python3.11/site-packages/airflow/example_dags/tutorial.py
[2024-04-16T21:32:42.533+0700] {logging_mixin.py:188} INFO - [2024-04-16T21:32:42.533+0700] {dag.py:3096} INFO - Sync 1 DAGs
[2024-04-16T21:32:42.543+0700] {logging_mixin.py:188} INFO - [2024-04-16T21:32:42.543+0700] {dag.py:3954} INFO - Setting next_dagrun for tutorial to 2024-04-15 00:00:00+00:00, run_after=2024-04-16 00:00:00+00:00
[2024-04-16T21:32:42.554+0700] {processor.py:183} INFO - Processing /opt/homebrew/Caskroom/miniconda/base/lib/python3.11/site-packages/airflow/example_dags/tutorial.py took 0.096 seconds
[2024-04-16T21:34:08.416+0700] {processor.py:161} INFO - Started process (PID=66408) to work on /opt/homebrew/Caskroom/miniconda/base/lib/python3.11/site-packages/airflow/example_dags/tutorial.py
[2024-04-16T21:34:08.417+0700] {processor.py:830} INFO - Processing file /opt/homebrew/Caskroom/miniconda/base/lib/python3.11/site-packages/airflow/example_dags/tutorial.py for tasks to queue
[2024-04-16T21:34:08.417+0700] {logging_mixin.py:188} INFO - [2024-04-16T21:34:08.417+0700] {dagbag.py:540} INFO - Filling up the DagBag from /opt/homebrew/Caskroom/miniconda/base/lib/python3.11/site-packages/airflow/example_dags/tutorial.py
[2024-04-16T21:34:08.422+0700] {processor.py:840} INFO - DAG(s) 'tutorial' retrieved from /opt/homebrew/Caskroom/miniconda/base/lib/python3.11/site-packages/airflow/example_dags/tutorial.py
[2024-04-16T21:34:08.487+0700] {logging_mixin.py:188} INFO - [2024-04-16T21:34:08.487+0700] {dag.py:3096} INFO - Sync 1 DAGs
[2024-04-16T21:34:08.497+0700] {logging_mixin.py:188} INFO - [2024-04-16T21:34:08.497+0700] {dag.py:3954} INFO - Setting next_dagrun for tutorial to 2024-04-15 00:00:00+00:00, run_after=2024-04-16 00:00:00+00:00
[2024-04-16T21:34:08.509+0700] {processor.py:183} INFO - Processing /opt/homebrew/Caskroom/miniconda/base/lib/python3.11/site-packages/airflow/example_dags/tutorial.py took 0.100 seconds
[2024-04-16T21:35:28.371+0700] {processor.py:161} INFO - Started process (PID=66787) to work on /opt/homebrew/Caskroom/miniconda/base/lib/python3.11/site-packages/airflow/example_dags/tutorial.py
[2024-04-16T21:35:28.371+0700] {processor.py:830} INFO - Processing file /opt/homebrew/Caskroom/miniconda/base/lib/python3.11/site-packages/airflow/example_dags/tutorial.py for tasks to queue
[2024-04-16T21:35:28.372+0700] {logging_mixin.py:188} INFO - [2024-04-16T21:35:28.372+0700] {dagbag.py:540} INFO - Filling up the DagBag from /opt/homebrew/Caskroom/miniconda/base/lib/python3.11/site-packages/airflow/example_dags/tutorial.py
[2024-04-16T21:35:28.377+0700] {processor.py:840} INFO - DAG(s) 'tutorial' retrieved from /opt/homebrew/Caskroom/miniconda/base/lib/python3.11/site-packages/airflow/example_dags/tutorial.py
[2024-04-16T21:35:28.443+0700] {logging_mixin.py:188} INFO - [2024-04-16T21:35:28.443+0700] {dag.py:3096} INFO - Sync 1 DAGs
[2024-04-16T21:35:28.455+0700] {logging_mixin.py:188} INFO - [2024-04-16T21:35:28.455+0700] {dag.py:3954} INFO - Setting next_dagrun for tutorial to 2024-04-15 00:00:00+00:00, run_after=2024-04-16 00:00:00+00:00
[2024-04-16T21:35:28.468+0700] {processor.py:183} INFO - Processing /opt/homebrew/Caskroom/miniconda/base/lib/python3.11/site-packages/airflow/example_dags/tutorial.py took 0.099 seconds
[2024-04-16T21:36:48.166+0700] {processor.py:161} INFO - Started process (PID=67190) to work on /opt/homebrew/Caskroom/miniconda/base/lib/python3.11/site-packages/airflow/example_dags/tutorial.py
[2024-04-16T21:36:48.168+0700] {processor.py:830} INFO - Processing file /opt/homebrew/Caskroom/miniconda/base/lib/python3.11/site-packages/airflow/example_dags/tutorial.py for tasks to queue
[2024-04-16T21:36:48.168+0700] {logging_mixin.py:188} INFO - [2024-04-16T21:36:48.168+0700] {dagbag.py:540} INFO - Filling up the DagBag from /opt/homebrew/Caskroom/miniconda/base/lib/python3.11/site-packages/airflow/example_dags/tutorial.py
[2024-04-16T21:36:48.173+0700] {processor.py:840} INFO - DAG(s) 'tutorial' retrieved from /opt/homebrew/Caskroom/miniconda/base/lib/python3.11/site-packages/airflow/example_dags/tutorial.py
[2024-04-16T21:36:48.234+0700] {logging_mixin.py:188} INFO - [2024-04-16T21:36:48.234+0700] {dag.py:3096} INFO - Sync 1 DAGs
[2024-04-16T21:36:48.245+0700] {logging_mixin.py:188} INFO - [2024-04-16T21:36:48.245+0700] {dag.py:3954} INFO - Setting next_dagrun for tutorial to 2024-04-15 00:00:00+00:00, run_after=2024-04-16 00:00:00+00:00
[2024-04-16T21:36:48.255+0700] {processor.py:183} INFO - Processing /opt/homebrew/Caskroom/miniconda/base/lib/python3.11/site-packages/airflow/example_dags/tutorial.py took 0.090 seconds
[2024-04-16T21:38:08.231+0700] {processor.py:161} INFO - Started process (PID=67703) to work on /opt/homebrew/Caskroom/miniconda/base/lib/python3.11/site-packages/airflow/example_dags/tutorial.py
[2024-04-16T21:38:08.232+0700] {processor.py:830} INFO - Processing file /opt/homebrew/Caskroom/miniconda/base/lib/python3.11/site-packages/airflow/example_dags/tutorial.py for tasks to queue
[2024-04-16T21:38:08.232+0700] {logging_mixin.py:188} INFO - [2024-04-16T21:38:08.232+0700] {dagbag.py:540} INFO - Filling up the DagBag from /opt/homebrew/Caskroom/miniconda/base/lib/python3.11/site-packages/airflow/example_dags/tutorial.py
[2024-04-16T21:38:08.238+0700] {processor.py:840} INFO - DAG(s) 'tutorial' retrieved from /opt/homebrew/Caskroom/miniconda/base/lib/python3.11/site-packages/airflow/example_dags/tutorial.py
[2024-04-16T21:38:08.304+0700] {logging_mixin.py:188} INFO - [2024-04-16T21:38:08.304+0700] {dag.py:3096} INFO - Sync 1 DAGs
[2024-04-16T21:38:08.316+0700] {logging_mixin.py:188} INFO - [2024-04-16T21:38:08.316+0700] {dag.py:3954} INFO - Setting next_dagrun for tutorial to 2024-04-15 00:00:00+00:00, run_after=2024-04-16 00:00:00+00:00
[2024-04-16T21:38:08.327+0700] {processor.py:183} INFO - Processing /opt/homebrew/Caskroom/miniconda/base/lib/python3.11/site-packages/airflow/example_dags/tutorial.py took 0.097 seconds
[2024-04-16T21:39:38.813+0700] {processor.py:161} INFO - Started process (PID=68134) to work on /opt/homebrew/Caskroom/miniconda/base/lib/python3.11/site-packages/airflow/example_dags/tutorial.py
[2024-04-16T21:39:38.814+0700] {processor.py:830} INFO - Processing file /opt/homebrew/Caskroom/miniconda/base/lib/python3.11/site-packages/airflow/example_dags/tutorial.py for tasks to queue
[2024-04-16T21:39:38.815+0700] {logging_mixin.py:188} INFO - [2024-04-16T21:39:38.814+0700] {dagbag.py:540} INFO - Filling up the DagBag from /opt/homebrew/Caskroom/miniconda/base/lib/python3.11/site-packages/airflow/example_dags/tutorial.py
[2024-04-16T21:39:38.819+0700] {processor.py:840} INFO - DAG(s) 'tutorial' retrieved from /opt/homebrew/Caskroom/miniconda/base/lib/python3.11/site-packages/airflow/example_dags/tutorial.py
[2024-04-16T21:39:38.881+0700] {logging_mixin.py:188} INFO - [2024-04-16T21:39:38.881+0700] {dag.py:3096} INFO - Sync 1 DAGs
[2024-04-16T21:39:38.891+0700] {logging_mixin.py:188} INFO - [2024-04-16T21:39:38.891+0700] {dag.py:3954} INFO - Setting next_dagrun for tutorial to 2024-04-15 00:00:00+00:00, run_after=2024-04-16 00:00:00+00:00
[2024-04-16T21:39:38.902+0700] {processor.py:183} INFO - Processing /opt/homebrew/Caskroom/miniconda/base/lib/python3.11/site-packages/airflow/example_dags/tutorial.py took 0.090 seconds
[2024-04-16T21:41:16.462+0700] {processor.py:161} INFO - Started process (PID=68590) to work on /opt/homebrew/Caskroom/miniconda/base/lib/python3.11/site-packages/airflow/example_dags/tutorial.py
[2024-04-16T21:41:16.463+0700] {processor.py:830} INFO - Processing file /opt/homebrew/Caskroom/miniconda/base/lib/python3.11/site-packages/airflow/example_dags/tutorial.py for tasks to queue
[2024-04-16T21:41:16.463+0700] {logging_mixin.py:188} INFO - [2024-04-16T21:41:16.463+0700] {dagbag.py:540} INFO - Filling up the DagBag from /opt/homebrew/Caskroom/miniconda/base/lib/python3.11/site-packages/airflow/example_dags/tutorial.py
[2024-04-16T21:41:16.468+0700] {processor.py:840} INFO - DAG(s) 'tutorial' retrieved from /opt/homebrew/Caskroom/miniconda/base/lib/python3.11/site-packages/airflow/example_dags/tutorial.py
[2024-04-16T21:41:16.532+0700] {logging_mixin.py:188} INFO - [2024-04-16T21:41:16.532+0700] {dag.py:3096} INFO - Sync 1 DAGs
[2024-04-16T21:41:16.543+0700] {logging_mixin.py:188} INFO - [2024-04-16T21:41:16.543+0700] {dag.py:3954} INFO - Setting next_dagrun for tutorial to 2024-04-15 00:00:00+00:00, run_after=2024-04-16 00:00:00+00:00
[2024-04-16T21:41:16.554+0700] {processor.py:183} INFO - Processing /opt/homebrew/Caskroom/miniconda/base/lib/python3.11/site-packages/airflow/example_dags/tutorial.py took 0.094 seconds
[2024-04-16T21:43:04.097+0700] {processor.py:161} INFO - Started process (PID=69080) to work on /opt/homebrew/Caskroom/miniconda/base/lib/python3.11/site-packages/airflow/example_dags/tutorial.py
[2024-04-16T21:43:04.098+0700] {processor.py:830} INFO - Processing file /opt/homebrew/Caskroom/miniconda/base/lib/python3.11/site-packages/airflow/example_dags/tutorial.py for tasks to queue
[2024-04-16T21:43:04.098+0700] {logging_mixin.py:188} INFO - [2024-04-16T21:43:04.098+0700] {dagbag.py:540} INFO - Filling up the DagBag from /opt/homebrew/Caskroom/miniconda/base/lib/python3.11/site-packages/airflow/example_dags/tutorial.py
[2024-04-16T21:43:04.103+0700] {processor.py:840} INFO - DAG(s) 'tutorial' retrieved from /opt/homebrew/Caskroom/miniconda/base/lib/python3.11/site-packages/airflow/example_dags/tutorial.py
[2024-04-16T21:43:04.172+0700] {logging_mixin.py:188} INFO - [2024-04-16T21:43:04.172+0700] {dag.py:3096} INFO - Sync 1 DAGs
[2024-04-16T21:43:04.185+0700] {logging_mixin.py:188} INFO - [2024-04-16T21:43:04.184+0700] {dag.py:3954} INFO - Setting next_dagrun for tutorial to 2024-04-15 00:00:00+00:00, run_after=2024-04-16 00:00:00+00:00
[2024-04-16T21:43:04.197+0700] {processor.py:183} INFO - Processing /opt/homebrew/Caskroom/miniconda/base/lib/python3.11/site-packages/airflow/example_dags/tutorial.py took 0.103 seconds
[2024-04-16T21:44:39.222+0700] {processor.py:161} INFO - Started process (PID=69515) to work on /opt/homebrew/Caskroom/miniconda/base/lib/python3.11/site-packages/airflow/example_dags/tutorial.py
[2024-04-16T21:44:39.224+0700] {processor.py:830} INFO - Processing file /opt/homebrew/Caskroom/miniconda/base/lib/python3.11/site-packages/airflow/example_dags/tutorial.py for tasks to queue
[2024-04-16T21:44:39.224+0700] {logging_mixin.py:188} INFO - [2024-04-16T21:44:39.224+0700] {dagbag.py:540} INFO - Filling up the DagBag from /opt/homebrew/Caskroom/miniconda/base/lib/python3.11/site-packages/airflow/example_dags/tutorial.py
[2024-04-16T21:44:39.229+0700] {processor.py:840} INFO - DAG(s) 'tutorial' retrieved from /opt/homebrew/Caskroom/miniconda/base/lib/python3.11/site-packages/airflow/example_dags/tutorial.py
[2024-04-16T21:44:39.302+0700] {logging_mixin.py:188} INFO - [2024-04-16T21:44:39.301+0700] {dag.py:3096} INFO - Sync 1 DAGs
[2024-04-16T21:44:39.314+0700] {logging_mixin.py:188} INFO - [2024-04-16T21:44:39.314+0700] {dag.py:3954} INFO - Setting next_dagrun for tutorial to 2024-04-15 00:00:00+00:00, run_after=2024-04-16 00:00:00+00:00
[2024-04-16T21:44:39.326+0700] {processor.py:183} INFO - Processing /opt/homebrew/Caskroom/miniconda/base/lib/python3.11/site-packages/airflow/example_dags/tutorial.py took 0.106 seconds
[2024-04-16T21:46:04.341+0700] {processor.py:161} INFO - Started process (PID=69899) to work on /opt/homebrew/Caskroom/miniconda/base/lib/python3.11/site-packages/airflow/example_dags/tutorial.py
[2024-04-16T21:46:04.341+0700] {processor.py:830} INFO - Processing file /opt/homebrew/Caskroom/miniconda/base/lib/python3.11/site-packages/airflow/example_dags/tutorial.py for tasks to queue
[2024-04-16T21:46:04.342+0700] {logging_mixin.py:188} INFO - [2024-04-16T21:46:04.342+0700] {dagbag.py:540} INFO - Filling up the DagBag from /opt/homebrew/Caskroom/miniconda/base/lib/python3.11/site-packages/airflow/example_dags/tutorial.py
[2024-04-16T21:46:04.347+0700] {processor.py:840} INFO - DAG(s) 'tutorial' retrieved from /opt/homebrew/Caskroom/miniconda/base/lib/python3.11/site-packages/airflow/example_dags/tutorial.py
[2024-04-16T21:46:04.418+0700] {logging_mixin.py:188} INFO - [2024-04-16T21:46:04.418+0700] {dag.py:3096} INFO - Sync 1 DAGs
[2024-04-16T21:46:04.430+0700] {logging_mixin.py:188} INFO - [2024-04-16T21:46:04.430+0700] {dag.py:3954} INFO - Setting next_dagrun for tutorial to 2024-04-15 00:00:00+00:00, run_after=2024-04-16 00:00:00+00:00
[2024-04-16T21:46:04.443+0700] {processor.py:183} INFO - Processing /opt/homebrew/Caskroom/miniconda/base/lib/python3.11/site-packages/airflow/example_dags/tutorial.py took 0.105 seconds
[2024-04-16T21:47:57.093+0700] {processor.py:161} INFO - Started process (PID=70408) to work on /opt/homebrew/Caskroom/miniconda/base/lib/python3.11/site-packages/airflow/example_dags/tutorial.py
[2024-04-16T21:47:57.095+0700] {processor.py:830} INFO - Processing file /opt/homebrew/Caskroom/miniconda/base/lib/python3.11/site-packages/airflow/example_dags/tutorial.py for tasks to queue
[2024-04-16T21:47:57.096+0700] {logging_mixin.py:188} INFO - [2024-04-16T21:47:57.096+0700] {dagbag.py:540} INFO - Filling up the DagBag from /opt/homebrew/Caskroom/miniconda/base/lib/python3.11/site-packages/airflow/example_dags/tutorial.py
[2024-04-16T21:47:57.117+0700] {processor.py:840} INFO - DAG(s) 'tutorial' retrieved from /opt/homebrew/Caskroom/miniconda/base/lib/python3.11/site-packages/airflow/example_dags/tutorial.py
[2024-04-16T21:47:58.090+0700] {logging_mixin.py:188} INFO - [2024-04-16T21:47:58.082+0700] {dag.py:3096} INFO - Sync 1 DAGs
[2024-04-16T21:47:58.138+0700] {logging_mixin.py:188} INFO - [2024-04-16T21:47:58.138+0700] {dag.py:3954} INFO - Setting next_dagrun for tutorial to 2024-04-15 00:00:00+00:00, run_after=2024-04-16 00:00:00+00:00
[2024-04-16T21:47:58.200+0700] {processor.py:183} INFO - Processing /opt/homebrew/Caskroom/miniconda/base/lib/python3.11/site-packages/airflow/example_dags/tutorial.py took 1.114 seconds
[2024-04-16T21:50:04.655+0700] {processor.py:161} INFO - Started process (PID=71027) to work on /opt/homebrew/Caskroom/miniconda/base/lib/python3.11/site-packages/airflow/example_dags/tutorial.py
[2024-04-16T21:50:04.656+0700] {processor.py:830} INFO - Processing file /opt/homebrew/Caskroom/miniconda/base/lib/python3.11/site-packages/airflow/example_dags/tutorial.py for tasks to queue
[2024-04-16T21:50:04.656+0700] {logging_mixin.py:188} INFO - [2024-04-16T21:50:04.656+0700] {dagbag.py:540} INFO - Filling up the DagBag from /opt/homebrew/Caskroom/miniconda/base/lib/python3.11/site-packages/airflow/example_dags/tutorial.py
[2024-04-16T21:50:04.665+0700] {processor.py:840} INFO - DAG(s) 'tutorial' retrieved from /opt/homebrew/Caskroom/miniconda/base/lib/python3.11/site-packages/airflow/example_dags/tutorial.py
[2024-04-16T21:50:04.734+0700] {logging_mixin.py:188} INFO - [2024-04-16T21:50:04.734+0700] {dag.py:3096} INFO - Sync 1 DAGs
[2024-04-16T21:50:04.744+0700] {logging_mixin.py:188} INFO - [2024-04-16T21:50:04.744+0700] {dag.py:3954} INFO - Setting next_dagrun for tutorial to 2024-04-15 00:00:00+00:00, run_after=2024-04-16 00:00:00+00:00
[2024-04-16T21:50:04.755+0700] {processor.py:183} INFO - Processing /opt/homebrew/Caskroom/miniconda/base/lib/python3.11/site-packages/airflow/example_dags/tutorial.py took 0.102 seconds
[2024-04-16T21:52:11.690+0700] {processor.py:161} INFO - Started process (PID=71771) to work on /opt/homebrew/Caskroom/miniconda/base/lib/python3.11/site-packages/airflow/example_dags/tutorial.py
[2024-04-16T21:52:11.694+0700] {processor.py:830} INFO - Processing file /opt/homebrew/Caskroom/miniconda/base/lib/python3.11/site-packages/airflow/example_dags/tutorial.py for tasks to queue
[2024-04-16T21:52:11.696+0700] {logging_mixin.py:188} INFO - [2024-04-16T21:52:11.695+0700] {dagbag.py:540} INFO - Filling up the DagBag from /opt/homebrew/Caskroom/miniconda/base/lib/python3.11/site-packages/airflow/example_dags/tutorial.py
[2024-04-16T21:52:11.718+0700] {processor.py:840} INFO - DAG(s) 'tutorial' retrieved from /opt/homebrew/Caskroom/miniconda/base/lib/python3.11/site-packages/airflow/example_dags/tutorial.py
[2024-04-16T21:52:11.908+0700] {logging_mixin.py:188} INFO - [2024-04-16T21:52:11.907+0700] {dag.py:3096} INFO - Sync 1 DAGs
[2024-04-16T21:52:11.942+0700] {logging_mixin.py:188} INFO - [2024-04-16T21:52:11.942+0700] {dag.py:3954} INFO - Setting next_dagrun for tutorial to 2024-04-15 00:00:00+00:00, run_after=2024-04-16 00:00:00+00:00
[2024-04-16T21:52:11.976+0700] {processor.py:183} INFO - Processing /opt/homebrew/Caskroom/miniconda/base/lib/python3.11/site-packages/airflow/example_dags/tutorial.py took 0.317 seconds
[2024-04-16T21:54:29.985+0700] {processor.py:161} INFO - Started process (PID=72620) to work on /opt/homebrew/Caskroom/miniconda/base/lib/python3.11/site-packages/airflow/example_dags/tutorial.py
[2024-04-16T21:54:29.986+0700] {processor.py:830} INFO - Processing file /opt/homebrew/Caskroom/miniconda/base/lib/python3.11/site-packages/airflow/example_dags/tutorial.py for tasks to queue
[2024-04-16T21:54:29.987+0700] {logging_mixin.py:188} INFO - [2024-04-16T21:54:29.986+0700] {dagbag.py:540} INFO - Filling up the DagBag from /opt/homebrew/Caskroom/miniconda/base/lib/python3.11/site-packages/airflow/example_dags/tutorial.py
[2024-04-16T21:54:29.992+0700] {processor.py:840} INFO - DAG(s) 'tutorial' retrieved from /opt/homebrew/Caskroom/miniconda/base/lib/python3.11/site-packages/airflow/example_dags/tutorial.py
[2024-04-16T21:54:30.061+0700] {logging_mixin.py:188} INFO - [2024-04-16T21:54:30.061+0700] {dag.py:3096} INFO - Sync 1 DAGs
[2024-04-16T21:54:30.072+0700] {logging_mixin.py:188} INFO - [2024-04-16T21:54:30.072+0700] {dag.py:3954} INFO - Setting next_dagrun for tutorial to 2024-04-15 00:00:00+00:00, run_after=2024-04-16 00:00:00+00:00
[2024-04-16T21:54:30.084+0700] {processor.py:183} INFO - Processing /opt/homebrew/Caskroom/miniconda/base/lib/python3.11/site-packages/airflow/example_dags/tutorial.py took 0.101 seconds
[2024-04-16T21:56:11.172+0700] {processor.py:161} INFO - Started process (PID=73094) to work on /opt/homebrew/Caskroom/miniconda/base/lib/python3.11/site-packages/airflow/example_dags/tutorial.py
[2024-04-16T21:56:11.173+0700] {processor.py:830} INFO - Processing file /opt/homebrew/Caskroom/miniconda/base/lib/python3.11/site-packages/airflow/example_dags/tutorial.py for tasks to queue
[2024-04-16T21:56:11.173+0700] {logging_mixin.py:188} INFO - [2024-04-16T21:56:11.173+0700] {dagbag.py:540} INFO - Filling up the DagBag from /opt/homebrew/Caskroom/miniconda/base/lib/python3.11/site-packages/airflow/example_dags/tutorial.py
[2024-04-16T21:56:11.178+0700] {processor.py:840} INFO - DAG(s) 'tutorial' retrieved from /opt/homebrew/Caskroom/miniconda/base/lib/python3.11/site-packages/airflow/example_dags/tutorial.py
[2024-04-16T21:56:11.241+0700] {logging_mixin.py:188} INFO - [2024-04-16T21:56:11.241+0700] {dag.py:3096} INFO - Sync 1 DAGs
[2024-04-16T21:56:11.252+0700] {logging_mixin.py:188} INFO - [2024-04-16T21:56:11.252+0700] {dag.py:3954} INFO - Setting next_dagrun for tutorial to 2024-04-15 00:00:00+00:00, run_after=2024-04-16 00:00:00+00:00
[2024-04-16T21:56:11.262+0700] {processor.py:183} INFO - Processing /opt/homebrew/Caskroom/miniconda/base/lib/python3.11/site-packages/airflow/example_dags/tutorial.py took 0.092 seconds
[2024-04-16T21:57:41.240+0700] {processor.py:161} INFO - Started process (PID=73575) to work on /opt/homebrew/Caskroom/miniconda/base/lib/python3.11/site-packages/airflow/example_dags/tutorial.py
[2024-04-16T21:57:41.241+0700] {processor.py:830} INFO - Processing file /opt/homebrew/Caskroom/miniconda/base/lib/python3.11/site-packages/airflow/example_dags/tutorial.py for tasks to queue
[2024-04-16T21:57:41.241+0700] {logging_mixin.py:188} INFO - [2024-04-16T21:57:41.241+0700] {dagbag.py:540} INFO - Filling up the DagBag from /opt/homebrew/Caskroom/miniconda/base/lib/python3.11/site-packages/airflow/example_dags/tutorial.py
[2024-04-16T21:57:41.246+0700] {processor.py:840} INFO - DAG(s) 'tutorial' retrieved from /opt/homebrew/Caskroom/miniconda/base/lib/python3.11/site-packages/airflow/example_dags/tutorial.py
[2024-04-16T21:57:41.310+0700] {logging_mixin.py:188} INFO - [2024-04-16T21:57:41.310+0700] {dag.py:3096} INFO - Sync 1 DAGs
[2024-04-16T21:57:41.322+0700] {logging_mixin.py:188} INFO - [2024-04-16T21:57:41.322+0700] {dag.py:3954} INFO - Setting next_dagrun for tutorial to 2024-04-15 00:00:00+00:00, run_after=2024-04-16 00:00:00+00:00
[2024-04-16T21:57:41.333+0700] {processor.py:183} INFO - Processing /opt/homebrew/Caskroom/miniconda/base/lib/python3.11/site-packages/airflow/example_dags/tutorial.py took 0.095 seconds
[2024-04-16T21:59:07.584+0700] {processor.py:161} INFO - Started process (PID=74329) to work on /opt/homebrew/Caskroom/miniconda/base/lib/python3.11/site-packages/airflow/example_dags/tutorial.py
[2024-04-16T21:59:07.585+0700] {processor.py:830} INFO - Processing file /opt/homebrew/Caskroom/miniconda/base/lib/python3.11/site-packages/airflow/example_dags/tutorial.py for tasks to queue
[2024-04-16T21:59:07.585+0700] {logging_mixin.py:188} INFO - [2024-04-16T21:59:07.585+0700] {dagbag.py:540} INFO - Filling up the DagBag from /opt/homebrew/Caskroom/miniconda/base/lib/python3.11/site-packages/airflow/example_dags/tutorial.py
[2024-04-16T21:59:07.590+0700] {processor.py:840} INFO - DAG(s) 'tutorial' retrieved from /opt/homebrew/Caskroom/miniconda/base/lib/python3.11/site-packages/airflow/example_dags/tutorial.py
[2024-04-16T21:59:07.671+0700] {logging_mixin.py:188} INFO - [2024-04-16T21:59:07.671+0700] {dag.py:3096} INFO - Sync 1 DAGs
[2024-04-16T21:59:07.684+0700] {logging_mixin.py:188} INFO - [2024-04-16T21:59:07.684+0700] {dag.py:3954} INFO - Setting next_dagrun for tutorial to 2024-04-15 00:00:00+00:00, run_after=2024-04-16 00:00:00+00:00
[2024-04-16T21:59:07.696+0700] {processor.py:183} INFO - Processing /opt/homebrew/Caskroom/miniconda/base/lib/python3.11/site-packages/airflow/example_dags/tutorial.py took 0.114 seconds
[2024-04-16T22:00:36.829+0700] {processor.py:161} INFO - Started process (PID=74805) to work on /opt/homebrew/Caskroom/miniconda/base/lib/python3.11/site-packages/airflow/example_dags/tutorial.py
[2024-04-16T22:00:36.830+0700] {processor.py:830} INFO - Processing file /opt/homebrew/Caskroom/miniconda/base/lib/python3.11/site-packages/airflow/example_dags/tutorial.py for tasks to queue
[2024-04-16T22:00:36.831+0700] {logging_mixin.py:188} INFO - [2024-04-16T22:00:36.831+0700] {dagbag.py:540} INFO - Filling up the DagBag from /opt/homebrew/Caskroom/miniconda/base/lib/python3.11/site-packages/airflow/example_dags/tutorial.py
[2024-04-16T22:00:36.836+0700] {processor.py:840} INFO - DAG(s) 'tutorial' retrieved from /opt/homebrew/Caskroom/miniconda/base/lib/python3.11/site-packages/airflow/example_dags/tutorial.py
[2024-04-16T22:00:36.902+0700] {logging_mixin.py:188} INFO - [2024-04-16T22:00:36.902+0700] {dag.py:3096} INFO - Sync 1 DAGs
[2024-04-16T22:00:36.913+0700] {logging_mixin.py:188} INFO - [2024-04-16T22:00:36.913+0700] {dag.py:3954} INFO - Setting next_dagrun for tutorial to 2024-04-15 00:00:00+00:00, run_after=2024-04-16 00:00:00+00:00
[2024-04-16T22:00:36.923+0700] {processor.py:183} INFO - Processing /opt/homebrew/Caskroom/miniconda/base/lib/python3.11/site-packages/airflow/example_dags/tutorial.py took 0.096 seconds
[2024-04-16T22:02:00.050+0700] {processor.py:161} INFO - Started process (PID=75253) to work on /opt/homebrew/Caskroom/miniconda/base/lib/python3.11/site-packages/airflow/example_dags/tutorial.py
[2024-04-16T22:02:00.051+0700] {processor.py:830} INFO - Processing file /opt/homebrew/Caskroom/miniconda/base/lib/python3.11/site-packages/airflow/example_dags/tutorial.py for tasks to queue
[2024-04-16T22:02:00.052+0700] {logging_mixin.py:188} INFO - [2024-04-16T22:02:00.052+0700] {dagbag.py:540} INFO - Filling up the DagBag from /opt/homebrew/Caskroom/miniconda/base/lib/python3.11/site-packages/airflow/example_dags/tutorial.py
[2024-04-16T22:02:00.060+0700] {processor.py:840} INFO - DAG(s) 'tutorial' retrieved from /opt/homebrew/Caskroom/miniconda/base/lib/python3.11/site-packages/airflow/example_dags/tutorial.py
[2024-04-16T22:02:00.127+0700] {logging_mixin.py:188} INFO - [2024-04-16T22:02:00.127+0700] {dag.py:3096} INFO - Sync 1 DAGs
[2024-04-16T22:02:00.139+0700] {logging_mixin.py:188} INFO - [2024-04-16T22:02:00.138+0700] {dag.py:3954} INFO - Setting next_dagrun for tutorial to 2024-04-15 00:00:00+00:00, run_after=2024-04-16 00:00:00+00:00
[2024-04-16T22:02:00.150+0700] {processor.py:183} INFO - Processing /opt/homebrew/Caskroom/miniconda/base/lib/python3.11/site-packages/airflow/example_dags/tutorial.py took 0.102 seconds
[2024-04-16T22:03:26.427+0700] {processor.py:161} INFO - Started process (PID=75761) to work on /opt/homebrew/Caskroom/miniconda/base/lib/python3.11/site-packages/airflow/example_dags/tutorial.py
[2024-04-16T22:03:26.427+0700] {processor.py:830} INFO - Processing file /opt/homebrew/Caskroom/miniconda/base/lib/python3.11/site-packages/airflow/example_dags/tutorial.py for tasks to queue
[2024-04-16T22:03:26.428+0700] {logging_mixin.py:188} INFO - [2024-04-16T22:03:26.428+0700] {dagbag.py:540} INFO - Filling up the DagBag from /opt/homebrew/Caskroom/miniconda/base/lib/python3.11/site-packages/airflow/example_dags/tutorial.py
[2024-04-16T22:03:26.432+0700] {processor.py:840} INFO - DAG(s) 'tutorial' retrieved from /opt/homebrew/Caskroom/miniconda/base/lib/python3.11/site-packages/airflow/example_dags/tutorial.py
[2024-04-16T22:03:26.507+0700] {logging_mixin.py:188} INFO - [2024-04-16T22:03:26.507+0700] {dag.py:3096} INFO - Sync 1 DAGs
[2024-04-16T22:03:26.522+0700] {logging_mixin.py:188} INFO - [2024-04-16T22:03:26.522+0700] {dag.py:3954} INFO - Setting next_dagrun for tutorial to 2024-04-15 00:00:00+00:00, run_after=2024-04-16 00:00:00+00:00
[2024-04-16T22:03:26.535+0700] {processor.py:183} INFO - Processing /opt/homebrew/Caskroom/miniconda/base/lib/python3.11/site-packages/airflow/example_dags/tutorial.py took 0.110 seconds
[2024-04-16T22:04:51.143+0700] {processor.py:161} INFO - Started process (PID=76181) to work on /opt/homebrew/Caskroom/miniconda/base/lib/python3.11/site-packages/airflow/example_dags/tutorial.py
[2024-04-16T22:04:51.144+0700] {processor.py:830} INFO - Processing file /opt/homebrew/Caskroom/miniconda/base/lib/python3.11/site-packages/airflow/example_dags/tutorial.py for tasks to queue
[2024-04-16T22:04:51.145+0700] {logging_mixin.py:188} INFO - [2024-04-16T22:04:51.144+0700] {dagbag.py:540} INFO - Filling up the DagBag from /opt/homebrew/Caskroom/miniconda/base/lib/python3.11/site-packages/airflow/example_dags/tutorial.py
[2024-04-16T22:04:51.151+0700] {processor.py:840} INFO - DAG(s) 'tutorial' retrieved from /opt/homebrew/Caskroom/miniconda/base/lib/python3.11/site-packages/airflow/example_dags/tutorial.py
[2024-04-16T22:04:51.306+0700] {logging_mixin.py:188} INFO - [2024-04-16T22:04:51.306+0700] {dag.py:3096} INFO - Sync 1 DAGs
[2024-04-16T22:04:51.328+0700] {logging_mixin.py:188} INFO - [2024-04-16T22:04:51.328+0700] {dag.py:3954} INFO - Setting next_dagrun for tutorial to 2024-04-15 00:00:00+00:00, run_after=2024-04-16 00:00:00+00:00
[2024-04-16T22:04:51.362+0700] {processor.py:183} INFO - Processing /opt/homebrew/Caskroom/miniconda/base/lib/python3.11/site-packages/airflow/example_dags/tutorial.py took 0.221 seconds
[2024-04-16T22:06:26.867+0700] {processor.py:161} INFO - Started process (PID=76797) to work on /opt/homebrew/Caskroom/miniconda/base/lib/python3.11/site-packages/airflow/example_dags/tutorial.py
[2024-04-16T22:06:26.868+0700] {processor.py:830} INFO - Processing file /opt/homebrew/Caskroom/miniconda/base/lib/python3.11/site-packages/airflow/example_dags/tutorial.py for tasks to queue
[2024-04-16T22:06:26.869+0700] {logging_mixin.py:188} INFO - [2024-04-16T22:06:26.869+0700] {dagbag.py:540} INFO - Filling up the DagBag from /opt/homebrew/Caskroom/miniconda/base/lib/python3.11/site-packages/airflow/example_dags/tutorial.py
[2024-04-16T22:06:26.875+0700] {processor.py:840} INFO - DAG(s) 'tutorial' retrieved from /opt/homebrew/Caskroom/miniconda/base/lib/python3.11/site-packages/airflow/example_dags/tutorial.py
[2024-04-16T22:06:26.979+0700] {logging_mixin.py:188} INFO - [2024-04-16T22:06:26.979+0700] {dag.py:3096} INFO - Sync 1 DAGs
[2024-04-16T22:06:27.006+0700] {logging_mixin.py:188} INFO - [2024-04-16T22:06:27.006+0700] {dag.py:3954} INFO - Setting next_dagrun for tutorial to 2024-04-15 00:00:00+00:00, run_after=2024-04-16 00:00:00+00:00
[2024-04-16T22:06:27.018+0700] {processor.py:183} INFO - Processing /opt/homebrew/Caskroom/miniconda/base/lib/python3.11/site-packages/airflow/example_dags/tutorial.py took 0.153 seconds
[2024-04-16T22:08:17.047+0700] {processor.py:161} INFO - Started process (PID=77435) to work on /opt/homebrew/Caskroom/miniconda/base/lib/python3.11/site-packages/airflow/example_dags/tutorial.py
[2024-04-16T22:08:17.047+0700] {processor.py:830} INFO - Processing file /opt/homebrew/Caskroom/miniconda/base/lib/python3.11/site-packages/airflow/example_dags/tutorial.py for tasks to queue
[2024-04-16T22:08:17.048+0700] {logging_mixin.py:188} INFO - [2024-04-16T22:08:17.048+0700] {dagbag.py:540} INFO - Filling up the DagBag from /opt/homebrew/Caskroom/miniconda/base/lib/python3.11/site-packages/airflow/example_dags/tutorial.py
[2024-04-16T22:08:17.053+0700] {processor.py:840} INFO - DAG(s) 'tutorial' retrieved from /opt/homebrew/Caskroom/miniconda/base/lib/python3.11/site-packages/airflow/example_dags/tutorial.py
[2024-04-16T22:08:17.124+0700] {logging_mixin.py:188} INFO - [2024-04-16T22:08:17.124+0700] {dag.py:3096} INFO - Sync 1 DAGs
[2024-04-16T22:08:17.136+0700] {logging_mixin.py:188} INFO - [2024-04-16T22:08:17.136+0700] {dag.py:3954} INFO - Setting next_dagrun for tutorial to 2024-04-15 00:00:00+00:00, run_after=2024-04-16 00:00:00+00:00
[2024-04-16T22:08:17.147+0700] {processor.py:183} INFO - Processing /opt/homebrew/Caskroom/miniconda/base/lib/python3.11/site-packages/airflow/example_dags/tutorial.py took 0.103 seconds
[2024-04-16T22:09:53.619+0700] {processor.py:161} INFO - Started process (PID=78012) to work on /opt/homebrew/Caskroom/miniconda/base/lib/python3.11/site-packages/airflow/example_dags/tutorial.py
[2024-04-16T22:09:53.620+0700] {processor.py:830} INFO - Processing file /opt/homebrew/Caskroom/miniconda/base/lib/python3.11/site-packages/airflow/example_dags/tutorial.py for tasks to queue
[2024-04-16T22:09:53.620+0700] {logging_mixin.py:188} INFO - [2024-04-16T22:09:53.620+0700] {dagbag.py:540} INFO - Filling up the DagBag from /opt/homebrew/Caskroom/miniconda/base/lib/python3.11/site-packages/airflow/example_dags/tutorial.py
[2024-04-16T22:09:53.626+0700] {processor.py:840} INFO - DAG(s) 'tutorial' retrieved from /opt/homebrew/Caskroom/miniconda/base/lib/python3.11/site-packages/airflow/example_dags/tutorial.py
[2024-04-16T22:09:53.705+0700] {logging_mixin.py:188} INFO - [2024-04-16T22:09:53.705+0700] {dag.py:3096} INFO - Sync 1 DAGs
[2024-04-16T22:09:53.719+0700] {logging_mixin.py:188} INFO - [2024-04-16T22:09:53.718+0700] {dag.py:3954} INFO - Setting next_dagrun for tutorial to 2024-04-15 00:00:00+00:00, run_after=2024-04-16 00:00:00+00:00
[2024-04-16T22:09:53.733+0700] {processor.py:183} INFO - Processing /opt/homebrew/Caskroom/miniconda/base/lib/python3.11/site-packages/airflow/example_dags/tutorial.py took 0.116 seconds
[2024-04-16T22:11:34.761+0700] {processor.py:161} INFO - Started process (PID=78546) to work on /opt/homebrew/Caskroom/miniconda/base/lib/python3.11/site-packages/airflow/example_dags/tutorial.py
[2024-04-16T22:11:34.763+0700] {processor.py:830} INFO - Processing file /opt/homebrew/Caskroom/miniconda/base/lib/python3.11/site-packages/airflow/example_dags/tutorial.py for tasks to queue
[2024-04-16T22:11:34.763+0700] {logging_mixin.py:188} INFO - [2024-04-16T22:11:34.763+0700] {dagbag.py:540} INFO - Filling up the DagBag from /opt/homebrew/Caskroom/miniconda/base/lib/python3.11/site-packages/airflow/example_dags/tutorial.py
[2024-04-16T22:11:34.775+0700] {processor.py:840} INFO - DAG(s) 'tutorial' retrieved from /opt/homebrew/Caskroom/miniconda/base/lib/python3.11/site-packages/airflow/example_dags/tutorial.py
[2024-04-16T22:11:35.009+0700] {logging_mixin.py:188} INFO - [2024-04-16T22:11:35.009+0700] {dag.py:3096} INFO - Sync 1 DAGs
[2024-04-16T22:11:35.040+0700] {logging_mixin.py:188} INFO - [2024-04-16T22:11:35.040+0700] {dag.py:3954} INFO - Setting next_dagrun for tutorial to 2024-04-15 00:00:00+00:00, run_after=2024-04-16 00:00:00+00:00
[2024-04-16T22:11:35.073+0700] {processor.py:183} INFO - Processing /opt/homebrew/Caskroom/miniconda/base/lib/python3.11/site-packages/airflow/example_dags/tutorial.py took 0.315 seconds
[2024-04-16T22:13:09.301+0700] {processor.py:161} INFO - Started process (PID=79095) to work on /opt/homebrew/Caskroom/miniconda/base/lib/python3.11/site-packages/airflow/example_dags/tutorial.py
[2024-04-16T22:13:09.303+0700] {processor.py:830} INFO - Processing file /opt/homebrew/Caskroom/miniconda/base/lib/python3.11/site-packages/airflow/example_dags/tutorial.py for tasks to queue
[2024-04-16T22:13:09.304+0700] {logging_mixin.py:188} INFO - [2024-04-16T22:13:09.304+0700] {dagbag.py:540} INFO - Filling up the DagBag from /opt/homebrew/Caskroom/miniconda/base/lib/python3.11/site-packages/airflow/example_dags/tutorial.py
[2024-04-16T22:13:09.312+0700] {processor.py:840} INFO - DAG(s) 'tutorial' retrieved from /opt/homebrew/Caskroom/miniconda/base/lib/python3.11/site-packages/airflow/example_dags/tutorial.py
[2024-04-16T22:13:09.378+0700] {logging_mixin.py:188} INFO - [2024-04-16T22:13:09.378+0700] {dag.py:3096} INFO - Sync 1 DAGs
[2024-04-16T22:13:09.391+0700] {logging_mixin.py:188} INFO - [2024-04-16T22:13:09.391+0700] {dag.py:3954} INFO - Setting next_dagrun for tutorial to 2024-04-15 00:00:00+00:00, run_after=2024-04-16 00:00:00+00:00
[2024-04-16T22:13:09.408+0700] {processor.py:183} INFO - Processing /opt/homebrew/Caskroom/miniconda/base/lib/python3.11/site-packages/airflow/example_dags/tutorial.py took 0.111 seconds
[2024-04-16T22:14:41.961+0700] {processor.py:161} INFO - Started process (PID=79535) to work on /opt/homebrew/Caskroom/miniconda/base/lib/python3.11/site-packages/airflow/example_dags/tutorial.py
[2024-04-16T22:14:41.963+0700] {processor.py:830} INFO - Processing file /opt/homebrew/Caskroom/miniconda/base/lib/python3.11/site-packages/airflow/example_dags/tutorial.py for tasks to queue
[2024-04-16T22:14:41.965+0700] {logging_mixin.py:188} INFO - [2024-04-16T22:14:41.964+0700] {dagbag.py:540} INFO - Filling up the DagBag from /opt/homebrew/Caskroom/miniconda/base/lib/python3.11/site-packages/airflow/example_dags/tutorial.py
[2024-04-16T22:14:41.981+0700] {processor.py:840} INFO - DAG(s) 'tutorial' retrieved from /opt/homebrew/Caskroom/miniconda/base/lib/python3.11/site-packages/airflow/example_dags/tutorial.py
[2024-04-16T22:14:42.243+0700] {logging_mixin.py:188} INFO - [2024-04-16T22:14:42.243+0700] {dag.py:3096} INFO - Sync 1 DAGs
[2024-04-16T22:14:42.265+0700] {logging_mixin.py:188} INFO - [2024-04-16T22:14:42.265+0700] {dag.py:3954} INFO - Setting next_dagrun for tutorial to 2024-04-15 00:00:00+00:00, run_after=2024-04-16 00:00:00+00:00
[2024-04-16T22:14:42.286+0700] {processor.py:183} INFO - Processing /opt/homebrew/Caskroom/miniconda/base/lib/python3.11/site-packages/airflow/example_dags/tutorial.py took 0.329 seconds
[2024-04-16T22:18:08.666+0700] {processor.py:161} INFO - Started process (PID=80508) to work on /opt/homebrew/Caskroom/miniconda/base/lib/python3.11/site-packages/airflow/example_dags/tutorial.py
[2024-04-16T22:18:08.671+0700] {processor.py:830} INFO - Processing file /opt/homebrew/Caskroom/miniconda/base/lib/python3.11/site-packages/airflow/example_dags/tutorial.py for tasks to queue
[2024-04-16T22:18:08.680+0700] {logging_mixin.py:188} INFO - [2024-04-16T22:18:08.679+0700] {dagbag.py:540} INFO - Filling up the DagBag from /opt/homebrew/Caskroom/miniconda/base/lib/python3.11/site-packages/airflow/example_dags/tutorial.py
[2024-04-16T22:18:08.707+0700] {processor.py:840} INFO - DAG(s) 'tutorial' retrieved from /opt/homebrew/Caskroom/miniconda/base/lib/python3.11/site-packages/airflow/example_dags/tutorial.py
[2024-04-16T22:18:09.044+0700] {logging_mixin.py:188} INFO - [2024-04-16T22:18:09.043+0700] {dag.py:3096} INFO - Sync 1 DAGs
[2024-04-16T22:18:09.082+0700] {logging_mixin.py:188} INFO - [2024-04-16T22:18:09.081+0700] {dag.py:3954} INFO - Setting next_dagrun for tutorial to 2024-04-15 00:00:00+00:00, run_after=2024-04-16 00:00:00+00:00
[2024-04-16T22:18:09.119+0700] {processor.py:183} INFO - Processing /opt/homebrew/Caskroom/miniconda/base/lib/python3.11/site-packages/airflow/example_dags/tutorial.py took 0.457 seconds
[2024-04-16T22:22:05.814+0700] {processor.py:161} INFO - Started process (PID=81619) to work on /opt/homebrew/Caskroom/miniconda/base/lib/python3.11/site-packages/airflow/example_dags/tutorial.py
[2024-04-16T22:22:05.817+0700] {processor.py:830} INFO - Processing file /opt/homebrew/Caskroom/miniconda/base/lib/python3.11/site-packages/airflow/example_dags/tutorial.py for tasks to queue
[2024-04-16T22:22:05.818+0700] {logging_mixin.py:188} INFO - [2024-04-16T22:22:05.818+0700] {dagbag.py:540} INFO - Filling up the DagBag from /opt/homebrew/Caskroom/miniconda/base/lib/python3.11/site-packages/airflow/example_dags/tutorial.py
[2024-04-16T22:22:05.829+0700] {processor.py:840} INFO - DAG(s) 'tutorial' retrieved from /opt/homebrew/Caskroom/miniconda/base/lib/python3.11/site-packages/airflow/example_dags/tutorial.py
[2024-04-16T22:22:05.904+0700] {logging_mixin.py:188} INFO - [2024-04-16T22:22:05.904+0700] {dag.py:3096} INFO - Sync 1 DAGs
[2024-04-16T22:22:05.917+0700] {logging_mixin.py:188} INFO - [2024-04-16T22:22:05.916+0700] {dag.py:3954} INFO - Setting next_dagrun for tutorial to 2024-04-15 00:00:00+00:00, run_after=2024-04-16 00:00:00+00:00
[2024-04-16T22:22:05.930+0700] {processor.py:183} INFO - Processing /opt/homebrew/Caskroom/miniconda/base/lib/python3.11/site-packages/airflow/example_dags/tutorial.py took 0.120 seconds
[2024-04-16T22:26:27.892+0700] {processor.py:161} INFO - Started process (PID=82904) to work on /opt/homebrew/Caskroom/miniconda/base/lib/python3.11/site-packages/airflow/example_dags/tutorial.py
[2024-04-16T22:26:27.893+0700] {processor.py:830} INFO - Processing file /opt/homebrew/Caskroom/miniconda/base/lib/python3.11/site-packages/airflow/example_dags/tutorial.py for tasks to queue
[2024-04-16T22:26:27.894+0700] {logging_mixin.py:188} INFO - [2024-04-16T22:26:27.893+0700] {dagbag.py:540} INFO - Filling up the DagBag from /opt/homebrew/Caskroom/miniconda/base/lib/python3.11/site-packages/airflow/example_dags/tutorial.py
[2024-04-16T22:26:27.931+0700] {processor.py:840} INFO - DAG(s) 'tutorial' retrieved from /opt/homebrew/Caskroom/miniconda/base/lib/python3.11/site-packages/airflow/example_dags/tutorial.py
[2024-04-16T22:26:28.130+0700] {logging_mixin.py:188} INFO - [2024-04-16T22:26:28.129+0700] {dag.py:3096} INFO - Sync 1 DAGs
[2024-04-16T22:26:28.157+0700] {logging_mixin.py:188} INFO - [2024-04-16T22:26:28.157+0700] {dag.py:3954} INFO - Setting next_dagrun for tutorial to 2024-04-15 00:00:00+00:00, run_after=2024-04-16 00:00:00+00:00
[2024-04-16T22:26:28.187+0700] {processor.py:183} INFO - Processing /opt/homebrew/Caskroom/miniconda/base/lib/python3.11/site-packages/airflow/example_dags/tutorial.py took 0.299 seconds
