[2024-04-16T20:52:14.353+0700] {processor.py:161} INFO - Started process (PID=54059) to work on /opt/homebrew/Caskroom/miniconda/base/lib/python3.11/site-packages/airflow/example_dags/tutorial_dag.py
[2024-04-16T20:52:14.354+0700] {processor.py:830} INFO - Processing file /opt/homebrew/Caskroom/miniconda/base/lib/python3.11/site-packages/airflow/example_dags/tutorial_dag.py for tasks to queue
[2024-04-16T20:52:14.354+0700] {logging_mixin.py:188} INFO - [2024-04-16T20:52:14.354+0700] {dagbag.py:540} INFO - Filling up the DagBag from /opt/homebrew/Caskroom/miniconda/base/lib/python3.11/site-packages/airflow/example_dags/tutorial_dag.py
[2024-04-16T20:52:14.371+0700] {processor.py:840} INFO - DAG(s) 'tutorial_dag' retrieved from /opt/homebrew/Caskroom/miniconda/base/lib/python3.11/site-packages/airflow/example_dags/tutorial_dag.py
[2024-04-16T20:52:14.385+0700] {logging_mixin.py:188} INFO - [2024-04-16T20:52:14.385+0700] {dag.py:3096} INFO - Sync 1 DAGs
[2024-04-16T20:52:14.434+0700] {logging_mixin.py:188} INFO - [2024-04-16T20:52:14.434+0700] {dag.py:3954} INFO - Setting next_dagrun for tutorial_dag to None, run_after=None
[2024-04-16T20:52:14.445+0700] {processor.py:183} INFO - Processing /opt/homebrew/Caskroom/miniconda/base/lib/python3.11/site-packages/airflow/example_dags/tutorial_dag.py took 0.094 seconds
[2024-04-16T20:54:09.123+0700] {processor.py:161} INFO - Started process (PID=54643) to work on /opt/homebrew/Caskroom/miniconda/base/lib/python3.11/site-packages/airflow/example_dags/tutorial_dag.py
[2024-04-16T20:54:09.123+0700] {processor.py:830} INFO - Processing file /opt/homebrew/Caskroom/miniconda/base/lib/python3.11/site-packages/airflow/example_dags/tutorial_dag.py for tasks to queue
[2024-04-16T20:54:09.124+0700] {logging_mixin.py:188} INFO - [2024-04-16T20:54:09.124+0700] {dagbag.py:540} INFO - Filling up the DagBag from /opt/homebrew/Caskroom/miniconda/base/lib/python3.11/site-packages/airflow/example_dags/tutorial_dag.py
[2024-04-16T20:54:09.142+0700] {processor.py:840} INFO - DAG(s) 'tutorial_dag' retrieved from /opt/homebrew/Caskroom/miniconda/base/lib/python3.11/site-packages/airflow/example_dags/tutorial_dag.py
[2024-04-16T20:54:09.252+0700] {logging_mixin.py:188} INFO - [2024-04-16T20:54:09.252+0700] {dag.py:3096} INFO - Sync 1 DAGs
[2024-04-16T20:54:09.258+0700] {logging_mixin.py:188} INFO - [2024-04-16T20:54:09.258+0700] {dag.py:3954} INFO - Setting next_dagrun for tutorial_dag to None, run_after=None
[2024-04-16T20:54:09.302+0700] {processor.py:183} INFO - Processing /opt/homebrew/Caskroom/miniconda/base/lib/python3.11/site-packages/airflow/example_dags/tutorial_dag.py took 0.181 seconds
[2024-04-16T20:55:24.956+0700] {processor.py:161} INFO - Started process (PID=54990) to work on /opt/homebrew/Caskroom/miniconda/base/lib/python3.11/site-packages/airflow/example_dags/tutorial_dag.py
[2024-04-16T20:55:24.957+0700] {processor.py:830} INFO - Processing file /opt/homebrew/Caskroom/miniconda/base/lib/python3.11/site-packages/airflow/example_dags/tutorial_dag.py for tasks to queue
[2024-04-16T20:55:24.958+0700] {logging_mixin.py:188} INFO - [2024-04-16T20:55:24.957+0700] {dagbag.py:540} INFO - Filling up the DagBag from /opt/homebrew/Caskroom/miniconda/base/lib/python3.11/site-packages/airflow/example_dags/tutorial_dag.py
[2024-04-16T20:55:24.973+0700] {processor.py:840} INFO - DAG(s) 'tutorial_dag' retrieved from /opt/homebrew/Caskroom/miniconda/base/lib/python3.11/site-packages/airflow/example_dags/tutorial_dag.py
[2024-04-16T20:55:25.034+0700] {logging_mixin.py:188} INFO - [2024-04-16T20:55:25.033+0700] {dag.py:3096} INFO - Sync 1 DAGs
[2024-04-16T20:55:25.039+0700] {logging_mixin.py:188} INFO - [2024-04-16T20:55:25.039+0700] {dag.py:3954} INFO - Setting next_dagrun for tutorial_dag to None, run_after=None
[2024-04-16T20:55:25.050+0700] {processor.py:183} INFO - Processing /opt/homebrew/Caskroom/miniconda/base/lib/python3.11/site-packages/airflow/example_dags/tutorial_dag.py took 0.096 seconds
[2024-04-16T20:56:40.268+0700] {processor.py:161} INFO - Started process (PID=55328) to work on /opt/homebrew/Caskroom/miniconda/base/lib/python3.11/site-packages/airflow/example_dags/tutorial_dag.py
[2024-04-16T20:56:40.269+0700] {processor.py:830} INFO - Processing file /opt/homebrew/Caskroom/miniconda/base/lib/python3.11/site-packages/airflow/example_dags/tutorial_dag.py for tasks to queue
[2024-04-16T20:56:40.269+0700] {logging_mixin.py:188} INFO - [2024-04-16T20:56:40.269+0700] {dagbag.py:540} INFO - Filling up the DagBag from /opt/homebrew/Caskroom/miniconda/base/lib/python3.11/site-packages/airflow/example_dags/tutorial_dag.py
[2024-04-16T20:56:40.291+0700] {processor.py:840} INFO - DAG(s) 'tutorial_dag' retrieved from /opt/homebrew/Caskroom/miniconda/base/lib/python3.11/site-packages/airflow/example_dags/tutorial_dag.py
[2024-04-16T20:56:40.365+0700] {logging_mixin.py:188} INFO - [2024-04-16T20:56:40.365+0700] {dag.py:3096} INFO - Sync 1 DAGs
[2024-04-16T20:56:40.371+0700] {logging_mixin.py:188} INFO - [2024-04-16T20:56:40.371+0700] {dag.py:3954} INFO - Setting next_dagrun for tutorial_dag to None, run_after=None
[2024-04-16T20:56:40.384+0700] {processor.py:183} INFO - Processing /opt/homebrew/Caskroom/miniconda/base/lib/python3.11/site-packages/airflow/example_dags/tutorial_dag.py took 0.120 seconds
[2024-04-16T20:57:57.625+0700] {processor.py:161} INFO - Started process (PID=55678) to work on /opt/homebrew/Caskroom/miniconda/base/lib/python3.11/site-packages/airflow/example_dags/tutorial_dag.py
[2024-04-16T20:57:57.627+0700] {processor.py:830} INFO - Processing file /opt/homebrew/Caskroom/miniconda/base/lib/python3.11/site-packages/airflow/example_dags/tutorial_dag.py for tasks to queue
[2024-04-16T20:57:57.627+0700] {logging_mixin.py:188} INFO - [2024-04-16T20:57:57.627+0700] {dagbag.py:540} INFO - Filling up the DagBag from /opt/homebrew/Caskroom/miniconda/base/lib/python3.11/site-packages/airflow/example_dags/tutorial_dag.py
[2024-04-16T20:57:57.642+0700] {processor.py:840} INFO - DAG(s) 'tutorial_dag' retrieved from /opt/homebrew/Caskroom/miniconda/base/lib/python3.11/site-packages/airflow/example_dags/tutorial_dag.py
[2024-04-16T20:57:57.702+0700] {logging_mixin.py:188} INFO - [2024-04-16T20:57:57.702+0700] {dag.py:3096} INFO - Sync 1 DAGs
[2024-04-16T20:57:57.708+0700] {logging_mixin.py:188} INFO - [2024-04-16T20:57:57.707+0700] {dag.py:3954} INFO - Setting next_dagrun for tutorial_dag to None, run_after=None
[2024-04-16T20:57:57.718+0700] {processor.py:183} INFO - Processing /opt/homebrew/Caskroom/miniconda/base/lib/python3.11/site-packages/airflow/example_dags/tutorial_dag.py took 0.095 seconds
[2024-04-16T20:59:14.347+0700] {processor.py:161} INFO - Started process (PID=56023) to work on /opt/homebrew/Caskroom/miniconda/base/lib/python3.11/site-packages/airflow/example_dags/tutorial_dag.py
[2024-04-16T20:59:14.348+0700] {processor.py:830} INFO - Processing file /opt/homebrew/Caskroom/miniconda/base/lib/python3.11/site-packages/airflow/example_dags/tutorial_dag.py for tasks to queue
[2024-04-16T20:59:14.348+0700] {logging_mixin.py:188} INFO - [2024-04-16T20:59:14.348+0700] {dagbag.py:540} INFO - Filling up the DagBag from /opt/homebrew/Caskroom/miniconda/base/lib/python3.11/site-packages/airflow/example_dags/tutorial_dag.py
[2024-04-16T20:59:14.365+0700] {processor.py:840} INFO - DAG(s) 'tutorial_dag' retrieved from /opt/homebrew/Caskroom/miniconda/base/lib/python3.11/site-packages/airflow/example_dags/tutorial_dag.py
[2024-04-16T20:59:14.427+0700] {logging_mixin.py:188} INFO - [2024-04-16T20:59:14.426+0700] {dag.py:3096} INFO - Sync 1 DAGs
[2024-04-16T20:59:14.432+0700] {logging_mixin.py:188} INFO - [2024-04-16T20:59:14.432+0700] {dag.py:3954} INFO - Setting next_dagrun for tutorial_dag to None, run_after=None
[2024-04-16T20:59:14.443+0700] {processor.py:183} INFO - Processing /opt/homebrew/Caskroom/miniconda/base/lib/python3.11/site-packages/airflow/example_dags/tutorial_dag.py took 0.098 seconds
[2024-04-16T21:00:30.806+0700] {processor.py:161} INFO - Started process (PID=56371) to work on /opt/homebrew/Caskroom/miniconda/base/lib/python3.11/site-packages/airflow/example_dags/tutorial_dag.py
[2024-04-16T21:00:30.808+0700] {processor.py:830} INFO - Processing file /opt/homebrew/Caskroom/miniconda/base/lib/python3.11/site-packages/airflow/example_dags/tutorial_dag.py for tasks to queue
[2024-04-16T21:00:30.808+0700] {logging_mixin.py:188} INFO - [2024-04-16T21:00:30.808+0700] {dagbag.py:540} INFO - Filling up the DagBag from /opt/homebrew/Caskroom/miniconda/base/lib/python3.11/site-packages/airflow/example_dags/tutorial_dag.py
[2024-04-16T21:00:30.824+0700] {processor.py:840} INFO - DAG(s) 'tutorial_dag' retrieved from /opt/homebrew/Caskroom/miniconda/base/lib/python3.11/site-packages/airflow/example_dags/tutorial_dag.py
[2024-04-16T21:00:30.884+0700] {logging_mixin.py:188} INFO - [2024-04-16T21:00:30.884+0700] {dag.py:3096} INFO - Sync 1 DAGs
[2024-04-16T21:00:30.890+0700] {logging_mixin.py:188} INFO - [2024-04-16T21:00:30.890+0700] {dag.py:3954} INFO - Setting next_dagrun for tutorial_dag to None, run_after=None
[2024-04-16T21:00:30.900+0700] {processor.py:183} INFO - Processing /opt/homebrew/Caskroom/miniconda/base/lib/python3.11/site-packages/airflow/example_dags/tutorial_dag.py took 0.096 seconds
[2024-04-16T21:01:48.139+0700] {processor.py:161} INFO - Started process (PID=56719) to work on /opt/homebrew/Caskroom/miniconda/base/lib/python3.11/site-packages/airflow/example_dags/tutorial_dag.py
[2024-04-16T21:01:48.140+0700] {processor.py:830} INFO - Processing file /opt/homebrew/Caskroom/miniconda/base/lib/python3.11/site-packages/airflow/example_dags/tutorial_dag.py for tasks to queue
[2024-04-16T21:01:48.140+0700] {logging_mixin.py:188} INFO - [2024-04-16T21:01:48.140+0700] {dagbag.py:540} INFO - Filling up the DagBag from /opt/homebrew/Caskroom/miniconda/base/lib/python3.11/site-packages/airflow/example_dags/tutorial_dag.py
[2024-04-16T21:01:48.157+0700] {processor.py:840} INFO - DAG(s) 'tutorial_dag' retrieved from /opt/homebrew/Caskroom/miniconda/base/lib/python3.11/site-packages/airflow/example_dags/tutorial_dag.py
[2024-04-16T21:01:48.219+0700] {logging_mixin.py:188} INFO - [2024-04-16T21:01:48.218+0700] {dag.py:3096} INFO - Sync 1 DAGs
[2024-04-16T21:01:48.224+0700] {logging_mixin.py:188} INFO - [2024-04-16T21:01:48.224+0700] {dag.py:3954} INFO - Setting next_dagrun for tutorial_dag to None, run_after=None
[2024-04-16T21:01:48.236+0700] {processor.py:183} INFO - Processing /opt/homebrew/Caskroom/miniconda/base/lib/python3.11/site-packages/airflow/example_dags/tutorial_dag.py took 0.098 seconds
[2024-04-16T21:03:04.708+0700] {processor.py:161} INFO - Started process (PID=57068) to work on /opt/homebrew/Caskroom/miniconda/base/lib/python3.11/site-packages/airflow/example_dags/tutorial_dag.py
[2024-04-16T21:03:04.710+0700] {processor.py:830} INFO - Processing file /opt/homebrew/Caskroom/miniconda/base/lib/python3.11/site-packages/airflow/example_dags/tutorial_dag.py for tasks to queue
[2024-04-16T21:03:04.710+0700] {logging_mixin.py:188} INFO - [2024-04-16T21:03:04.710+0700] {dagbag.py:540} INFO - Filling up the DagBag from /opt/homebrew/Caskroom/miniconda/base/lib/python3.11/site-packages/airflow/example_dags/tutorial_dag.py
[2024-04-16T21:03:04.726+0700] {processor.py:840} INFO - DAG(s) 'tutorial_dag' retrieved from /opt/homebrew/Caskroom/miniconda/base/lib/python3.11/site-packages/airflow/example_dags/tutorial_dag.py
[2024-04-16T21:03:04.788+0700] {logging_mixin.py:188} INFO - [2024-04-16T21:03:04.787+0700] {dag.py:3096} INFO - Sync 1 DAGs
[2024-04-16T21:03:04.793+0700] {logging_mixin.py:188} INFO - [2024-04-16T21:03:04.793+0700] {dag.py:3954} INFO - Setting next_dagrun for tutorial_dag to None, run_after=None
[2024-04-16T21:03:04.804+0700] {processor.py:183} INFO - Processing /opt/homebrew/Caskroom/miniconda/base/lib/python3.11/site-packages/airflow/example_dags/tutorial_dag.py took 0.097 seconds
[2024-04-16T21:04:21.139+0700] {processor.py:161} INFO - Started process (PID=57415) to work on /opt/homebrew/Caskroom/miniconda/base/lib/python3.11/site-packages/airflow/example_dags/tutorial_dag.py
[2024-04-16T21:04:21.140+0700] {processor.py:830} INFO - Processing file /opt/homebrew/Caskroom/miniconda/base/lib/python3.11/site-packages/airflow/example_dags/tutorial_dag.py for tasks to queue
[2024-04-16T21:04:21.140+0700] {logging_mixin.py:188} INFO - [2024-04-16T21:04:21.140+0700] {dagbag.py:540} INFO - Filling up the DagBag from /opt/homebrew/Caskroom/miniconda/base/lib/python3.11/site-packages/airflow/example_dags/tutorial_dag.py
[2024-04-16T21:04:21.156+0700] {processor.py:840} INFO - DAG(s) 'tutorial_dag' retrieved from /opt/homebrew/Caskroom/miniconda/base/lib/python3.11/site-packages/airflow/example_dags/tutorial_dag.py
[2024-04-16T21:04:21.217+0700] {logging_mixin.py:188} INFO - [2024-04-16T21:04:21.216+0700] {dag.py:3096} INFO - Sync 1 DAGs
[2024-04-16T21:04:21.222+0700] {logging_mixin.py:188} INFO - [2024-04-16T21:04:21.222+0700] {dag.py:3954} INFO - Setting next_dagrun for tutorial_dag to None, run_after=None
[2024-04-16T21:04:21.233+0700] {processor.py:183} INFO - Processing /opt/homebrew/Caskroom/miniconda/base/lib/python3.11/site-packages/airflow/example_dags/tutorial_dag.py took 0.096 seconds
[2024-04-16T21:05:38.145+0700] {processor.py:161} INFO - Started process (PID=57763) to work on /opt/homebrew/Caskroom/miniconda/base/lib/python3.11/site-packages/airflow/example_dags/tutorial_dag.py
[2024-04-16T21:05:38.146+0700] {processor.py:830} INFO - Processing file /opt/homebrew/Caskroom/miniconda/base/lib/python3.11/site-packages/airflow/example_dags/tutorial_dag.py for tasks to queue
[2024-04-16T21:05:38.146+0700] {logging_mixin.py:188} INFO - [2024-04-16T21:05:38.146+0700] {dagbag.py:540} INFO - Filling up the DagBag from /opt/homebrew/Caskroom/miniconda/base/lib/python3.11/site-packages/airflow/example_dags/tutorial_dag.py
[2024-04-16T21:05:38.162+0700] {processor.py:840} INFO - DAG(s) 'tutorial_dag' retrieved from /opt/homebrew/Caskroom/miniconda/base/lib/python3.11/site-packages/airflow/example_dags/tutorial_dag.py
[2024-04-16T21:05:38.225+0700] {logging_mixin.py:188} INFO - [2024-04-16T21:05:38.225+0700] {dag.py:3096} INFO - Sync 1 DAGs
[2024-04-16T21:05:38.230+0700] {logging_mixin.py:188} INFO - [2024-04-16T21:05:38.230+0700] {dag.py:3954} INFO - Setting next_dagrun for tutorial_dag to None, run_after=None
[2024-04-16T21:05:38.242+0700] {processor.py:183} INFO - Processing /opt/homebrew/Caskroom/miniconda/base/lib/python3.11/site-packages/airflow/example_dags/tutorial_dag.py took 0.099 seconds
[2024-04-16T21:06:54.273+0700] {processor.py:161} INFO - Started process (PID=58105) to work on /opt/homebrew/Caskroom/miniconda/base/lib/python3.11/site-packages/airflow/example_dags/tutorial_dag.py
[2024-04-16T21:06:54.274+0700] {processor.py:830} INFO - Processing file /opt/homebrew/Caskroom/miniconda/base/lib/python3.11/site-packages/airflow/example_dags/tutorial_dag.py for tasks to queue
[2024-04-16T21:06:54.274+0700] {logging_mixin.py:188} INFO - [2024-04-16T21:06:54.274+0700] {dagbag.py:540} INFO - Filling up the DagBag from /opt/homebrew/Caskroom/miniconda/base/lib/python3.11/site-packages/airflow/example_dags/tutorial_dag.py
[2024-04-16T21:06:54.291+0700] {processor.py:840} INFO - DAG(s) 'tutorial_dag' retrieved from /opt/homebrew/Caskroom/miniconda/base/lib/python3.11/site-packages/airflow/example_dags/tutorial_dag.py
[2024-04-16T21:06:54.352+0700] {logging_mixin.py:188} INFO - [2024-04-16T21:06:54.351+0700] {dag.py:3096} INFO - Sync 1 DAGs
[2024-04-16T21:06:54.357+0700] {logging_mixin.py:188} INFO - [2024-04-16T21:06:54.357+0700] {dag.py:3954} INFO - Setting next_dagrun for tutorial_dag to None, run_after=None
[2024-04-16T21:06:54.368+0700] {processor.py:183} INFO - Processing /opt/homebrew/Caskroom/miniconda/base/lib/python3.11/site-packages/airflow/example_dags/tutorial_dag.py took 0.097 seconds
[2024-04-16T21:08:11.035+0700] {processor.py:161} INFO - Started process (PID=58462) to work on /opt/homebrew/Caskroom/miniconda/base/lib/python3.11/site-packages/airflow/example_dags/tutorial_dag.py
[2024-04-16T21:08:11.036+0700] {processor.py:830} INFO - Processing file /opt/homebrew/Caskroom/miniconda/base/lib/python3.11/site-packages/airflow/example_dags/tutorial_dag.py for tasks to queue
[2024-04-16T21:08:11.037+0700] {logging_mixin.py:188} INFO - [2024-04-16T21:08:11.037+0700] {dagbag.py:540} INFO - Filling up the DagBag from /opt/homebrew/Caskroom/miniconda/base/lib/python3.11/site-packages/airflow/example_dags/tutorial_dag.py
[2024-04-16T21:08:11.055+0700] {processor.py:840} INFO - DAG(s) 'tutorial_dag' retrieved from /opt/homebrew/Caskroom/miniconda/base/lib/python3.11/site-packages/airflow/example_dags/tutorial_dag.py
[2024-04-16T21:08:11.122+0700] {logging_mixin.py:188} INFO - [2024-04-16T21:08:11.122+0700] {dag.py:3096} INFO - Sync 1 DAGs
[2024-04-16T21:08:11.129+0700] {logging_mixin.py:188} INFO - [2024-04-16T21:08:11.128+0700] {dag.py:3954} INFO - Setting next_dagrun for tutorial_dag to None, run_after=None
[2024-04-16T21:08:11.142+0700] {processor.py:183} INFO - Processing /opt/homebrew/Caskroom/miniconda/base/lib/python3.11/site-packages/airflow/example_dags/tutorial_dag.py took 0.108 seconds
[2024-04-16T21:09:29.863+0700] {processor.py:161} INFO - Started process (PID=58817) to work on /opt/homebrew/Caskroom/miniconda/base/lib/python3.11/site-packages/airflow/example_dags/tutorial_dag.py
[2024-04-16T21:09:29.864+0700] {processor.py:830} INFO - Processing file /opt/homebrew/Caskroom/miniconda/base/lib/python3.11/site-packages/airflow/example_dags/tutorial_dag.py for tasks to queue
[2024-04-16T21:09:29.865+0700] {logging_mixin.py:188} INFO - [2024-04-16T21:09:29.865+0700] {dagbag.py:540} INFO - Filling up the DagBag from /opt/homebrew/Caskroom/miniconda/base/lib/python3.11/site-packages/airflow/example_dags/tutorial_dag.py
[2024-04-16T21:09:29.881+0700] {processor.py:840} INFO - DAG(s) 'tutorial_dag' retrieved from /opt/homebrew/Caskroom/miniconda/base/lib/python3.11/site-packages/airflow/example_dags/tutorial_dag.py
[2024-04-16T21:09:29.942+0700] {logging_mixin.py:188} INFO - [2024-04-16T21:09:29.942+0700] {dag.py:3096} INFO - Sync 1 DAGs
[2024-04-16T21:09:29.947+0700] {logging_mixin.py:188} INFO - [2024-04-16T21:09:29.947+0700] {dag.py:3954} INFO - Setting next_dagrun for tutorial_dag to None, run_after=None
[2024-04-16T21:09:29.958+0700] {processor.py:183} INFO - Processing /opt/homebrew/Caskroom/miniconda/base/lib/python3.11/site-packages/airflow/example_dags/tutorial_dag.py took 0.097 seconds
[2024-04-16T21:10:48.045+0700] {processor.py:161} INFO - Started process (PID=59175) to work on /opt/homebrew/Caskroom/miniconda/base/lib/python3.11/site-packages/airflow/example_dags/tutorial_dag.py
[2024-04-16T21:10:48.047+0700] {processor.py:830} INFO - Processing file /opt/homebrew/Caskroom/miniconda/base/lib/python3.11/site-packages/airflow/example_dags/tutorial_dag.py for tasks to queue
[2024-04-16T21:10:48.047+0700] {logging_mixin.py:188} INFO - [2024-04-16T21:10:48.047+0700] {dagbag.py:540} INFO - Filling up the DagBag from /opt/homebrew/Caskroom/miniconda/base/lib/python3.11/site-packages/airflow/example_dags/tutorial_dag.py
[2024-04-16T21:10:48.063+0700] {processor.py:840} INFO - DAG(s) 'tutorial_dag' retrieved from /opt/homebrew/Caskroom/miniconda/base/lib/python3.11/site-packages/airflow/example_dags/tutorial_dag.py
[2024-04-16T21:10:48.124+0700] {logging_mixin.py:188} INFO - [2024-04-16T21:10:48.124+0700] {dag.py:3096} INFO - Sync 1 DAGs
[2024-04-16T21:10:48.129+0700] {logging_mixin.py:188} INFO - [2024-04-16T21:10:48.129+0700] {dag.py:3954} INFO - Setting next_dagrun for tutorial_dag to None, run_after=None
[2024-04-16T21:10:48.140+0700] {processor.py:183} INFO - Processing /opt/homebrew/Caskroom/miniconda/base/lib/python3.11/site-packages/airflow/example_dags/tutorial_dag.py took 0.096 seconds
[2024-04-16T21:12:05.585+0700] {processor.py:161} INFO - Started process (PID=59524) to work on /opt/homebrew/Caskroom/miniconda/base/lib/python3.11/site-packages/airflow/example_dags/tutorial_dag.py
[2024-04-16T21:12:05.586+0700] {processor.py:830} INFO - Processing file /opt/homebrew/Caskroom/miniconda/base/lib/python3.11/site-packages/airflow/example_dags/tutorial_dag.py for tasks to queue
[2024-04-16T21:12:05.587+0700] {logging_mixin.py:188} INFO - [2024-04-16T21:12:05.587+0700] {dagbag.py:540} INFO - Filling up the DagBag from /opt/homebrew/Caskroom/miniconda/base/lib/python3.11/site-packages/airflow/example_dags/tutorial_dag.py
[2024-04-16T21:12:05.603+0700] {processor.py:840} INFO - DAG(s) 'tutorial_dag' retrieved from /opt/homebrew/Caskroom/miniconda/base/lib/python3.11/site-packages/airflow/example_dags/tutorial_dag.py
[2024-04-16T21:12:05.663+0700] {logging_mixin.py:188} INFO - [2024-04-16T21:12:05.663+0700] {dag.py:3096} INFO - Sync 1 DAGs
[2024-04-16T21:12:05.669+0700] {logging_mixin.py:188} INFO - [2024-04-16T21:12:05.668+0700] {dag.py:3954} INFO - Setting next_dagrun for tutorial_dag to None, run_after=None
[2024-04-16T21:12:05.680+0700] {processor.py:183} INFO - Processing /opt/homebrew/Caskroom/miniconda/base/lib/python3.11/site-packages/airflow/example_dags/tutorial_dag.py took 0.097 seconds
[2024-04-16T21:13:25.046+0700] {processor.py:161} INFO - Started process (PID=59902) to work on /opt/homebrew/Caskroom/miniconda/base/lib/python3.11/site-packages/airflow/example_dags/tutorial_dag.py
[2024-04-16T21:13:25.047+0700] {processor.py:830} INFO - Processing file /opt/homebrew/Caskroom/miniconda/base/lib/python3.11/site-packages/airflow/example_dags/tutorial_dag.py for tasks to queue
[2024-04-16T21:13:25.048+0700] {logging_mixin.py:188} INFO - [2024-04-16T21:13:25.048+0700] {dagbag.py:540} INFO - Filling up the DagBag from /opt/homebrew/Caskroom/miniconda/base/lib/python3.11/site-packages/airflow/example_dags/tutorial_dag.py
[2024-04-16T21:13:25.066+0700] {processor.py:840} INFO - DAG(s) 'tutorial_dag' retrieved from /opt/homebrew/Caskroom/miniconda/base/lib/python3.11/site-packages/airflow/example_dags/tutorial_dag.py
[2024-04-16T21:13:25.126+0700] {logging_mixin.py:188} INFO - [2024-04-16T21:13:25.126+0700] {dag.py:3096} INFO - Sync 1 DAGs
[2024-04-16T21:13:25.132+0700] {logging_mixin.py:188} INFO - [2024-04-16T21:13:25.132+0700] {dag.py:3954} INFO - Setting next_dagrun for tutorial_dag to None, run_after=None
[2024-04-16T21:13:25.143+0700] {processor.py:183} INFO - Processing /opt/homebrew/Caskroom/miniconda/base/lib/python3.11/site-packages/airflow/example_dags/tutorial_dag.py took 0.099 seconds
[2024-04-16T21:14:44.348+0700] {processor.py:161} INFO - Started process (PID=60266) to work on /opt/homebrew/Caskroom/miniconda/base/lib/python3.11/site-packages/airflow/example_dags/tutorial_dag.py
[2024-04-16T21:14:44.349+0700] {processor.py:830} INFO - Processing file /opt/homebrew/Caskroom/miniconda/base/lib/python3.11/site-packages/airflow/example_dags/tutorial_dag.py for tasks to queue
[2024-04-16T21:14:44.350+0700] {logging_mixin.py:188} INFO - [2024-04-16T21:14:44.349+0700] {dagbag.py:540} INFO - Filling up the DagBag from /opt/homebrew/Caskroom/miniconda/base/lib/python3.11/site-packages/airflow/example_dags/tutorial_dag.py
[2024-04-16T21:14:44.366+0700] {processor.py:840} INFO - DAG(s) 'tutorial_dag' retrieved from /opt/homebrew/Caskroom/miniconda/base/lib/python3.11/site-packages/airflow/example_dags/tutorial_dag.py
[2024-04-16T21:14:44.426+0700] {logging_mixin.py:188} INFO - [2024-04-16T21:14:44.426+0700] {dag.py:3096} INFO - Sync 1 DAGs
[2024-04-16T21:14:44.433+0700] {logging_mixin.py:188} INFO - [2024-04-16T21:14:44.433+0700] {dag.py:3954} INFO - Setting next_dagrun for tutorial_dag to None, run_after=None
[2024-04-16T21:14:44.444+0700] {processor.py:183} INFO - Processing /opt/homebrew/Caskroom/miniconda/base/lib/python3.11/site-packages/airflow/example_dags/tutorial_dag.py took 0.098 seconds
[2024-04-16T21:16:03.383+0700] {processor.py:161} INFO - Started process (PID=60624) to work on /opt/homebrew/Caskroom/miniconda/base/lib/python3.11/site-packages/airflow/example_dags/tutorial_dag.py
[2024-04-16T21:16:03.384+0700] {processor.py:830} INFO - Processing file /opt/homebrew/Caskroom/miniconda/base/lib/python3.11/site-packages/airflow/example_dags/tutorial_dag.py for tasks to queue
[2024-04-16T21:16:03.385+0700] {logging_mixin.py:188} INFO - [2024-04-16T21:16:03.385+0700] {dagbag.py:540} INFO - Filling up the DagBag from /opt/homebrew/Caskroom/miniconda/base/lib/python3.11/site-packages/airflow/example_dags/tutorial_dag.py
[2024-04-16T21:16:03.400+0700] {processor.py:840} INFO - DAG(s) 'tutorial_dag' retrieved from /opt/homebrew/Caskroom/miniconda/base/lib/python3.11/site-packages/airflow/example_dags/tutorial_dag.py
[2024-04-16T21:16:03.462+0700] {logging_mixin.py:188} INFO - [2024-04-16T21:16:03.461+0700] {dag.py:3096} INFO - Sync 1 DAGs
[2024-04-16T21:16:03.467+0700] {logging_mixin.py:188} INFO - [2024-04-16T21:16:03.467+0700] {dag.py:3954} INFO - Setting next_dagrun for tutorial_dag to None, run_after=None
[2024-04-16T21:16:03.479+0700] {processor.py:183} INFO - Processing /opt/homebrew/Caskroom/miniconda/base/lib/python3.11/site-packages/airflow/example_dags/tutorial_dag.py took 0.097 seconds
[2024-04-16T21:17:19.237+0700] {processor.py:161} INFO - Started process (PID=60973) to work on /opt/homebrew/Caskroom/miniconda/base/lib/python3.11/site-packages/airflow/example_dags/tutorial_dag.py
[2024-04-16T21:17:19.238+0700] {processor.py:830} INFO - Processing file /opt/homebrew/Caskroom/miniconda/base/lib/python3.11/site-packages/airflow/example_dags/tutorial_dag.py for tasks to queue
[2024-04-16T21:17:19.239+0700] {logging_mixin.py:188} INFO - [2024-04-16T21:17:19.238+0700] {dagbag.py:540} INFO - Filling up the DagBag from /opt/homebrew/Caskroom/miniconda/base/lib/python3.11/site-packages/airflow/example_dags/tutorial_dag.py
[2024-04-16T21:17:19.257+0700] {processor.py:840} INFO - DAG(s) 'tutorial_dag' retrieved from /opt/homebrew/Caskroom/miniconda/base/lib/python3.11/site-packages/airflow/example_dags/tutorial_dag.py
[2024-04-16T21:17:19.325+0700] {logging_mixin.py:188} INFO - [2024-04-16T21:17:19.325+0700] {dag.py:3096} INFO - Sync 1 DAGs
[2024-04-16T21:17:19.331+0700] {logging_mixin.py:188} INFO - [2024-04-16T21:17:19.330+0700] {dag.py:3954} INFO - Setting next_dagrun for tutorial_dag to None, run_after=None
[2024-04-16T21:17:19.344+0700] {processor.py:183} INFO - Processing /opt/homebrew/Caskroom/miniconda/base/lib/python3.11/site-packages/airflow/example_dags/tutorial_dag.py took 0.109 seconds
[2024-04-16T21:18:35.954+0700] {processor.py:161} INFO - Started process (PID=61328) to work on /opt/homebrew/Caskroom/miniconda/base/lib/python3.11/site-packages/airflow/example_dags/tutorial_dag.py
[2024-04-16T21:18:35.955+0700] {processor.py:830} INFO - Processing file /opt/homebrew/Caskroom/miniconda/base/lib/python3.11/site-packages/airflow/example_dags/tutorial_dag.py for tasks to queue
[2024-04-16T21:18:35.956+0700] {logging_mixin.py:188} INFO - [2024-04-16T21:18:35.956+0700] {dagbag.py:540} INFO - Filling up the DagBag from /opt/homebrew/Caskroom/miniconda/base/lib/python3.11/site-packages/airflow/example_dags/tutorial_dag.py
[2024-04-16T21:18:35.972+0700] {processor.py:840} INFO - DAG(s) 'tutorial_dag' retrieved from /opt/homebrew/Caskroom/miniconda/base/lib/python3.11/site-packages/airflow/example_dags/tutorial_dag.py
[2024-04-16T21:18:36.034+0700] {logging_mixin.py:188} INFO - [2024-04-16T21:18:36.034+0700] {dag.py:3096} INFO - Sync 1 DAGs
[2024-04-16T21:18:36.039+0700] {logging_mixin.py:188} INFO - [2024-04-16T21:18:36.039+0700] {dag.py:3954} INFO - Setting next_dagrun for tutorial_dag to None, run_after=None
[2024-04-16T21:18:36.051+0700] {processor.py:183} INFO - Processing /opt/homebrew/Caskroom/miniconda/base/lib/python3.11/site-packages/airflow/example_dags/tutorial_dag.py took 0.098 seconds
[2024-04-16T21:19:52.361+0700] {processor.py:161} INFO - Started process (PID=61683) to work on /opt/homebrew/Caskroom/miniconda/base/lib/python3.11/site-packages/airflow/example_dags/tutorial_dag.py
[2024-04-16T21:19:52.362+0700] {processor.py:830} INFO - Processing file /opt/homebrew/Caskroom/miniconda/base/lib/python3.11/site-packages/airflow/example_dags/tutorial_dag.py for tasks to queue
[2024-04-16T21:19:52.362+0700] {logging_mixin.py:188} INFO - [2024-04-16T21:19:52.362+0700] {dagbag.py:540} INFO - Filling up the DagBag from /opt/homebrew/Caskroom/miniconda/base/lib/python3.11/site-packages/airflow/example_dags/tutorial_dag.py
[2024-04-16T21:19:52.378+0700] {processor.py:840} INFO - DAG(s) 'tutorial_dag' retrieved from /opt/homebrew/Caskroom/miniconda/base/lib/python3.11/site-packages/airflow/example_dags/tutorial_dag.py
[2024-04-16T21:19:52.440+0700] {logging_mixin.py:188} INFO - [2024-04-16T21:19:52.440+0700] {dag.py:3096} INFO - Sync 1 DAGs
[2024-04-16T21:19:52.445+0700] {logging_mixin.py:188} INFO - [2024-04-16T21:19:52.445+0700] {dag.py:3954} INFO - Setting next_dagrun for tutorial_dag to None, run_after=None
[2024-04-16T21:19:52.457+0700] {processor.py:183} INFO - Processing /opt/homebrew/Caskroom/miniconda/base/lib/python3.11/site-packages/airflow/example_dags/tutorial_dag.py took 0.098 seconds
[2024-04-16T21:21:09.203+0700] {processor.py:161} INFO - Started process (PID=62034) to work on /opt/homebrew/Caskroom/miniconda/base/lib/python3.11/site-packages/airflow/example_dags/tutorial_dag.py
[2024-04-16T21:21:09.205+0700] {processor.py:830} INFO - Processing file /opt/homebrew/Caskroom/miniconda/base/lib/python3.11/site-packages/airflow/example_dags/tutorial_dag.py for tasks to queue
[2024-04-16T21:21:09.205+0700] {logging_mixin.py:188} INFO - [2024-04-16T21:21:09.205+0700] {dagbag.py:540} INFO - Filling up the DagBag from /opt/homebrew/Caskroom/miniconda/base/lib/python3.11/site-packages/airflow/example_dags/tutorial_dag.py
[2024-04-16T21:21:09.221+0700] {processor.py:840} INFO - DAG(s) 'tutorial_dag' retrieved from /opt/homebrew/Caskroom/miniconda/base/lib/python3.11/site-packages/airflow/example_dags/tutorial_dag.py
[2024-04-16T21:21:09.284+0700] {logging_mixin.py:188} INFO - [2024-04-16T21:21:09.284+0700] {dag.py:3096} INFO - Sync 1 DAGs
[2024-04-16T21:21:09.289+0700] {logging_mixin.py:188} INFO - [2024-04-16T21:21:09.289+0700] {dag.py:3954} INFO - Setting next_dagrun for tutorial_dag to None, run_after=None
[2024-04-16T21:21:09.301+0700] {processor.py:183} INFO - Processing /opt/homebrew/Caskroom/miniconda/base/lib/python3.11/site-packages/airflow/example_dags/tutorial_dag.py took 0.100 seconds
[2024-04-16T21:22:35.656+0700] {processor.py:161} INFO - Started process (PID=62723) to work on /opt/homebrew/Caskroom/miniconda/base/lib/python3.11/site-packages/airflow/example_dags/tutorial_dag.py
[2024-04-16T21:22:35.658+0700] {processor.py:830} INFO - Processing file /opt/homebrew/Caskroom/miniconda/base/lib/python3.11/site-packages/airflow/example_dags/tutorial_dag.py for tasks to queue
[2024-04-16T21:22:35.658+0700] {logging_mixin.py:188} INFO - [2024-04-16T21:22:35.658+0700] {dagbag.py:540} INFO - Filling up the DagBag from /opt/homebrew/Caskroom/miniconda/base/lib/python3.11/site-packages/airflow/example_dags/tutorial_dag.py
[2024-04-16T21:22:35.695+0700] {processor.py:840} INFO - DAG(s) 'tutorial_dag' retrieved from /opt/homebrew/Caskroom/miniconda/base/lib/python3.11/site-packages/airflow/example_dags/tutorial_dag.py
[2024-04-16T21:22:35.796+0700] {logging_mixin.py:188} INFO - [2024-04-16T21:22:35.796+0700] {dag.py:3096} INFO - Sync 1 DAGs
[2024-04-16T21:22:35.803+0700] {logging_mixin.py:188} INFO - [2024-04-16T21:22:35.803+0700] {dag.py:3954} INFO - Setting next_dagrun for tutorial_dag to None, run_after=None
[2024-04-16T21:22:35.817+0700] {processor.py:183} INFO - Processing /opt/homebrew/Caskroom/miniconda/base/lib/python3.11/site-packages/airflow/example_dags/tutorial_dag.py took 0.164 seconds
[2024-04-16T21:24:11.281+0700] {processor.py:161} INFO - Started process (PID=63553) to work on /opt/homebrew/Caskroom/miniconda/base/lib/python3.11/site-packages/airflow/example_dags/tutorial_dag.py
[2024-04-16T21:24:11.283+0700] {processor.py:830} INFO - Processing file /opt/homebrew/Caskroom/miniconda/base/lib/python3.11/site-packages/airflow/example_dags/tutorial_dag.py for tasks to queue
[2024-04-16T21:24:11.284+0700] {logging_mixin.py:188} INFO - [2024-04-16T21:24:11.284+0700] {dagbag.py:540} INFO - Filling up the DagBag from /opt/homebrew/Caskroom/miniconda/base/lib/python3.11/site-packages/airflow/example_dags/tutorial_dag.py
[2024-04-16T21:24:11.313+0700] {processor.py:840} INFO - DAG(s) 'tutorial_dag' retrieved from /opt/homebrew/Caskroom/miniconda/base/lib/python3.11/site-packages/airflow/example_dags/tutorial_dag.py
[2024-04-16T21:24:11.538+0700] {logging_mixin.py:188} INFO - [2024-04-16T21:24:11.537+0700] {dag.py:3096} INFO - Sync 1 DAGs
[2024-04-16T21:24:11.551+0700] {logging_mixin.py:188} INFO - [2024-04-16T21:24:11.550+0700] {dag.py:3954} INFO - Setting next_dagrun for tutorial_dag to None, run_after=None
[2024-04-16T21:24:11.576+0700] {processor.py:183} INFO - Processing /opt/homebrew/Caskroom/miniconda/base/lib/python3.11/site-packages/airflow/example_dags/tutorial_dag.py took 0.297 seconds
[2024-04-16T21:25:39.961+0700] {processor.py:161} INFO - Started process (PID=64003) to work on /opt/homebrew/Caskroom/miniconda/base/lib/python3.11/site-packages/airflow/example_dags/tutorial_dag.py
[2024-04-16T21:25:39.962+0700] {processor.py:830} INFO - Processing file /opt/homebrew/Caskroom/miniconda/base/lib/python3.11/site-packages/airflow/example_dags/tutorial_dag.py for tasks to queue
[2024-04-16T21:25:39.962+0700] {logging_mixin.py:188} INFO - [2024-04-16T21:25:39.962+0700] {dagbag.py:540} INFO - Filling up the DagBag from /opt/homebrew/Caskroom/miniconda/base/lib/python3.11/site-packages/airflow/example_dags/tutorial_dag.py
[2024-04-16T21:25:39.979+0700] {processor.py:840} INFO - DAG(s) 'tutorial_dag' retrieved from /opt/homebrew/Caskroom/miniconda/base/lib/python3.11/site-packages/airflow/example_dags/tutorial_dag.py
[2024-04-16T21:25:40.042+0700] {logging_mixin.py:188} INFO - [2024-04-16T21:25:40.042+0700] {dag.py:3096} INFO - Sync 1 DAGs
[2024-04-16T21:25:40.048+0700] {logging_mixin.py:188} INFO - [2024-04-16T21:25:40.048+0700] {dag.py:3954} INFO - Setting next_dagrun for tutorial_dag to None, run_after=None
[2024-04-16T21:25:40.061+0700] {processor.py:183} INFO - Processing /opt/homebrew/Caskroom/miniconda/base/lib/python3.11/site-packages/airflow/example_dags/tutorial_dag.py took 0.103 seconds
[2024-04-16T21:27:11.063+0700] {processor.py:161} INFO - Started process (PID=64432) to work on /opt/homebrew/Caskroom/miniconda/base/lib/python3.11/site-packages/airflow/example_dags/tutorial_dag.py
[2024-04-16T21:27:11.067+0700] {processor.py:830} INFO - Processing file /opt/homebrew/Caskroom/miniconda/base/lib/python3.11/site-packages/airflow/example_dags/tutorial_dag.py for tasks to queue
[2024-04-16T21:27:11.067+0700] {logging_mixin.py:188} INFO - [2024-04-16T21:27:11.067+0700] {dagbag.py:540} INFO - Filling up the DagBag from /opt/homebrew/Caskroom/miniconda/base/lib/python3.11/site-packages/airflow/example_dags/tutorial_dag.py
[2024-04-16T21:27:11.086+0700] {processor.py:840} INFO - DAG(s) 'tutorial_dag' retrieved from /opt/homebrew/Caskroom/miniconda/base/lib/python3.11/site-packages/airflow/example_dags/tutorial_dag.py
[2024-04-16T21:27:11.147+0700] {logging_mixin.py:188} INFO - [2024-04-16T21:27:11.147+0700] {dag.py:3096} INFO - Sync 1 DAGs
[2024-04-16T21:27:11.153+0700] {logging_mixin.py:188} INFO - [2024-04-16T21:27:11.153+0700] {dag.py:3954} INFO - Setting next_dagrun for tutorial_dag to None, run_after=None
[2024-04-16T21:27:11.167+0700] {processor.py:183} INFO - Processing /opt/homebrew/Caskroom/miniconda/base/lib/python3.11/site-packages/airflow/example_dags/tutorial_dag.py took 0.106 seconds
[2024-04-16T21:28:34.556+0700] {processor.py:161} INFO - Started process (PID=64848) to work on /opt/homebrew/Caskroom/miniconda/base/lib/python3.11/site-packages/airflow/example_dags/tutorial_dag.py
[2024-04-16T21:28:34.556+0700] {processor.py:830} INFO - Processing file /opt/homebrew/Caskroom/miniconda/base/lib/python3.11/site-packages/airflow/example_dags/tutorial_dag.py for tasks to queue
[2024-04-16T21:28:34.557+0700] {logging_mixin.py:188} INFO - [2024-04-16T21:28:34.557+0700] {dagbag.py:540} INFO - Filling up the DagBag from /opt/homebrew/Caskroom/miniconda/base/lib/python3.11/site-packages/airflow/example_dags/tutorial_dag.py
[2024-04-16T21:28:34.574+0700] {processor.py:840} INFO - DAG(s) 'tutorial_dag' retrieved from /opt/homebrew/Caskroom/miniconda/base/lib/python3.11/site-packages/airflow/example_dags/tutorial_dag.py
[2024-04-16T21:28:34.636+0700] {logging_mixin.py:188} INFO - [2024-04-16T21:28:34.635+0700] {dag.py:3096} INFO - Sync 1 DAGs
[2024-04-16T21:28:34.642+0700] {logging_mixin.py:188} INFO - [2024-04-16T21:28:34.642+0700] {dag.py:3954} INFO - Setting next_dagrun for tutorial_dag to None, run_after=None
[2024-04-16T21:28:34.654+0700] {processor.py:183} INFO - Processing /opt/homebrew/Caskroom/miniconda/base/lib/python3.11/site-packages/airflow/example_dags/tutorial_dag.py took 0.100 seconds
[2024-04-16T21:29:57.823+0700] {processor.py:161} INFO - Started process (PID=65230) to work on /opt/homebrew/Caskroom/miniconda/base/lib/python3.11/site-packages/airflow/example_dags/tutorial_dag.py
[2024-04-16T21:29:57.830+0700] {processor.py:830} INFO - Processing file /opt/homebrew/Caskroom/miniconda/base/lib/python3.11/site-packages/airflow/example_dags/tutorial_dag.py for tasks to queue
[2024-04-16T21:29:57.834+0700] {logging_mixin.py:188} INFO - [2024-04-16T21:29:57.832+0700] {dagbag.py:540} INFO - Filling up the DagBag from /opt/homebrew/Caskroom/miniconda/base/lib/python3.11/site-packages/airflow/example_dags/tutorial_dag.py
[2024-04-16T21:29:57.879+0700] {processor.py:840} INFO - DAG(s) 'tutorial_dag' retrieved from /opt/homebrew/Caskroom/miniconda/base/lib/python3.11/site-packages/airflow/example_dags/tutorial_dag.py
[2024-04-16T21:29:57.981+0700] {logging_mixin.py:188} INFO - [2024-04-16T21:29:57.980+0700] {dag.py:3096} INFO - Sync 1 DAGs
[2024-04-16T21:29:57.993+0700] {logging_mixin.py:188} INFO - [2024-04-16T21:29:57.993+0700] {dag.py:3954} INFO - Setting next_dagrun for tutorial_dag to None, run_after=None
[2024-04-16T21:29:58.012+0700] {processor.py:183} INFO - Processing /opt/homebrew/Caskroom/miniconda/base/lib/python3.11/site-packages/airflow/example_dags/tutorial_dag.py took 0.193 seconds
[2024-04-16T21:31:23.378+0700] {processor.py:161} INFO - Started process (PID=65642) to work on /opt/homebrew/Caskroom/miniconda/base/lib/python3.11/site-packages/airflow/example_dags/tutorial_dag.py
[2024-04-16T21:31:23.379+0700] {processor.py:830} INFO - Processing file /opt/homebrew/Caskroom/miniconda/base/lib/python3.11/site-packages/airflow/example_dags/tutorial_dag.py for tasks to queue
[2024-04-16T21:31:23.379+0700] {logging_mixin.py:188} INFO - [2024-04-16T21:31:23.379+0700] {dagbag.py:540} INFO - Filling up the DagBag from /opt/homebrew/Caskroom/miniconda/base/lib/python3.11/site-packages/airflow/example_dags/tutorial_dag.py
[2024-04-16T21:31:23.397+0700] {processor.py:840} INFO - DAG(s) 'tutorial_dag' retrieved from /opt/homebrew/Caskroom/miniconda/base/lib/python3.11/site-packages/airflow/example_dags/tutorial_dag.py
[2024-04-16T21:31:23.465+0700] {logging_mixin.py:188} INFO - [2024-04-16T21:31:23.465+0700] {dag.py:3096} INFO - Sync 1 DAGs
[2024-04-16T21:31:23.470+0700] {logging_mixin.py:188} INFO - [2024-04-16T21:31:23.470+0700] {dag.py:3954} INFO - Setting next_dagrun for tutorial_dag to None, run_after=None
[2024-04-16T21:31:23.482+0700] {processor.py:183} INFO - Processing /opt/homebrew/Caskroom/miniconda/base/lib/python3.11/site-packages/airflow/example_dags/tutorial_dag.py took 0.105 seconds
[2024-04-16T21:32:40.378+0700] {processor.py:161} INFO - Started process (PID=65981) to work on /opt/homebrew/Caskroom/miniconda/base/lib/python3.11/site-packages/airflow/example_dags/tutorial_dag.py
[2024-04-16T21:32:40.382+0700] {processor.py:830} INFO - Processing file /opt/homebrew/Caskroom/miniconda/base/lib/python3.11/site-packages/airflow/example_dags/tutorial_dag.py for tasks to queue
[2024-04-16T21:32:40.382+0700] {logging_mixin.py:188} INFO - [2024-04-16T21:32:40.382+0700] {dagbag.py:540} INFO - Filling up the DagBag from /opt/homebrew/Caskroom/miniconda/base/lib/python3.11/site-packages/airflow/example_dags/tutorial_dag.py
[2024-04-16T21:32:40.400+0700] {processor.py:840} INFO - DAG(s) 'tutorial_dag' retrieved from /opt/homebrew/Caskroom/miniconda/base/lib/python3.11/site-packages/airflow/example_dags/tutorial_dag.py
[2024-04-16T21:32:40.461+0700] {logging_mixin.py:188} INFO - [2024-04-16T21:32:40.461+0700] {dag.py:3096} INFO - Sync 1 DAGs
[2024-04-16T21:32:40.466+0700] {logging_mixin.py:188} INFO - [2024-04-16T21:32:40.466+0700] {dag.py:3954} INFO - Setting next_dagrun for tutorial_dag to None, run_after=None
[2024-04-16T21:32:40.483+0700] {processor.py:183} INFO - Processing /opt/homebrew/Caskroom/miniconda/base/lib/python3.11/site-packages/airflow/example_dags/tutorial_dag.py took 0.107 seconds
[2024-04-16T21:34:06.089+0700] {processor.py:161} INFO - Started process (PID=66391) to work on /opt/homebrew/Caskroom/miniconda/base/lib/python3.11/site-packages/airflow/example_dags/tutorial_dag.py
[2024-04-16T21:34:06.090+0700] {processor.py:830} INFO - Processing file /opt/homebrew/Caskroom/miniconda/base/lib/python3.11/site-packages/airflow/example_dags/tutorial_dag.py for tasks to queue
[2024-04-16T21:34:06.091+0700] {logging_mixin.py:188} INFO - [2024-04-16T21:34:06.091+0700] {dagbag.py:540} INFO - Filling up the DagBag from /opt/homebrew/Caskroom/miniconda/base/lib/python3.11/site-packages/airflow/example_dags/tutorial_dag.py
[2024-04-16T21:34:06.111+0700] {processor.py:840} INFO - DAG(s) 'tutorial_dag' retrieved from /opt/homebrew/Caskroom/miniconda/base/lib/python3.11/site-packages/airflow/example_dags/tutorial_dag.py
[2024-04-16T21:34:06.175+0700] {logging_mixin.py:188} INFO - [2024-04-16T21:34:06.175+0700] {dag.py:3096} INFO - Sync 1 DAGs
[2024-04-16T21:34:06.181+0700] {logging_mixin.py:188} INFO - [2024-04-16T21:34:06.180+0700] {dag.py:3954} INFO - Setting next_dagrun for tutorial_dag to None, run_after=None
[2024-04-16T21:34:06.194+0700] {processor.py:183} INFO - Processing /opt/homebrew/Caskroom/miniconda/base/lib/python3.11/site-packages/airflow/example_dags/tutorial_dag.py took 0.107 seconds
[2024-04-16T21:35:26.184+0700] {processor.py:161} INFO - Started process (PID=66775) to work on /opt/homebrew/Caskroom/miniconda/base/lib/python3.11/site-packages/airflow/example_dags/tutorial_dag.py
[2024-04-16T21:35:26.187+0700] {processor.py:830} INFO - Processing file /opt/homebrew/Caskroom/miniconda/base/lib/python3.11/site-packages/airflow/example_dags/tutorial_dag.py for tasks to queue
[2024-04-16T21:35:26.188+0700] {logging_mixin.py:188} INFO - [2024-04-16T21:35:26.187+0700] {dagbag.py:540} INFO - Filling up the DagBag from /opt/homebrew/Caskroom/miniconda/base/lib/python3.11/site-packages/airflow/example_dags/tutorial_dag.py
[2024-04-16T21:35:26.203+0700] {processor.py:840} INFO - DAG(s) 'tutorial_dag' retrieved from /opt/homebrew/Caskroom/miniconda/base/lib/python3.11/site-packages/airflow/example_dags/tutorial_dag.py
[2024-04-16T21:35:26.263+0700] {logging_mixin.py:188} INFO - [2024-04-16T21:35:26.263+0700] {dag.py:3096} INFO - Sync 1 DAGs
[2024-04-16T21:35:26.268+0700] {logging_mixin.py:188} INFO - [2024-04-16T21:35:26.268+0700] {dag.py:3954} INFO - Setting next_dagrun for tutorial_dag to None, run_after=None
[2024-04-16T21:35:26.279+0700] {processor.py:183} INFO - Processing /opt/homebrew/Caskroom/miniconda/base/lib/python3.11/site-packages/airflow/example_dags/tutorial_dag.py took 0.096 seconds
[2024-04-16T21:36:46.028+0700] {processor.py:161} INFO - Started process (PID=67181) to work on /opt/homebrew/Caskroom/miniconda/base/lib/python3.11/site-packages/airflow/example_dags/tutorial_dag.py
[2024-04-16T21:36:46.029+0700] {processor.py:830} INFO - Processing file /opt/homebrew/Caskroom/miniconda/base/lib/python3.11/site-packages/airflow/example_dags/tutorial_dag.py for tasks to queue
[2024-04-16T21:36:46.030+0700] {logging_mixin.py:188} INFO - [2024-04-16T21:36:46.030+0700] {dagbag.py:540} INFO - Filling up the DagBag from /opt/homebrew/Caskroom/miniconda/base/lib/python3.11/site-packages/airflow/example_dags/tutorial_dag.py
[2024-04-16T21:36:46.046+0700] {processor.py:840} INFO - DAG(s) 'tutorial_dag' retrieved from /opt/homebrew/Caskroom/miniconda/base/lib/python3.11/site-packages/airflow/example_dags/tutorial_dag.py
[2024-04-16T21:36:46.116+0700] {logging_mixin.py:188} INFO - [2024-04-16T21:36:46.116+0700] {dag.py:3096} INFO - Sync 1 DAGs
[2024-04-16T21:36:46.122+0700] {logging_mixin.py:188} INFO - [2024-04-16T21:36:46.121+0700] {dag.py:3954} INFO - Setting next_dagrun for tutorial_dag to None, run_after=None
[2024-04-16T21:36:46.135+0700] {processor.py:183} INFO - Processing /opt/homebrew/Caskroom/miniconda/base/lib/python3.11/site-packages/airflow/example_dags/tutorial_dag.py took 0.108 seconds
[2024-04-16T21:38:06.094+0700] {processor.py:161} INFO - Started process (PID=67684) to work on /opt/homebrew/Caskroom/miniconda/base/lib/python3.11/site-packages/airflow/example_dags/tutorial_dag.py
[2024-04-16T21:38:06.095+0700] {processor.py:830} INFO - Processing file /opt/homebrew/Caskroom/miniconda/base/lib/python3.11/site-packages/airflow/example_dags/tutorial_dag.py for tasks to queue
[2024-04-16T21:38:06.096+0700] {logging_mixin.py:188} INFO - [2024-04-16T21:38:06.095+0700] {dagbag.py:540} INFO - Filling up the DagBag from /opt/homebrew/Caskroom/miniconda/base/lib/python3.11/site-packages/airflow/example_dags/tutorial_dag.py
[2024-04-16T21:38:06.116+0700] {processor.py:840} INFO - DAG(s) 'tutorial_dag' retrieved from /opt/homebrew/Caskroom/miniconda/base/lib/python3.11/site-packages/airflow/example_dags/tutorial_dag.py
[2024-04-16T21:38:06.189+0700] {logging_mixin.py:188} INFO - [2024-04-16T21:38:06.188+0700] {dag.py:3096} INFO - Sync 1 DAGs
[2024-04-16T21:38:06.195+0700] {logging_mixin.py:188} INFO - [2024-04-16T21:38:06.195+0700] {dag.py:3954} INFO - Setting next_dagrun for tutorial_dag to None, run_after=None
[2024-04-16T21:38:06.209+0700] {processor.py:183} INFO - Processing /opt/homebrew/Caskroom/miniconda/base/lib/python3.11/site-packages/airflow/example_dags/tutorial_dag.py took 0.117 seconds
[2024-04-16T21:39:37.252+0700] {processor.py:161} INFO - Started process (PID=68125) to work on /opt/homebrew/Caskroom/miniconda/base/lib/python3.11/site-packages/airflow/example_dags/tutorial_dag.py
[2024-04-16T21:39:37.253+0700] {processor.py:830} INFO - Processing file /opt/homebrew/Caskroom/miniconda/base/lib/python3.11/site-packages/airflow/example_dags/tutorial_dag.py for tasks to queue
[2024-04-16T21:39:37.253+0700] {logging_mixin.py:188} INFO - [2024-04-16T21:39:37.253+0700] {dagbag.py:540} INFO - Filling up the DagBag from /opt/homebrew/Caskroom/miniconda/base/lib/python3.11/site-packages/airflow/example_dags/tutorial_dag.py
[2024-04-16T21:39:37.274+0700] {processor.py:840} INFO - DAG(s) 'tutorial_dag' retrieved from /opt/homebrew/Caskroom/miniconda/base/lib/python3.11/site-packages/airflow/example_dags/tutorial_dag.py
[2024-04-16T21:39:37.338+0700] {logging_mixin.py:188} INFO - [2024-04-16T21:39:37.338+0700] {dag.py:3096} INFO - Sync 1 DAGs
[2024-04-16T21:39:37.344+0700] {logging_mixin.py:188} INFO - [2024-04-16T21:39:37.344+0700] {dag.py:3954} INFO - Setting next_dagrun for tutorial_dag to None, run_after=None
[2024-04-16T21:39:37.357+0700] {processor.py:183} INFO - Processing /opt/homebrew/Caskroom/miniconda/base/lib/python3.11/site-packages/airflow/example_dags/tutorial_dag.py took 0.107 seconds
[2024-04-16T21:41:14.221+0700] {processor.py:161} INFO - Started process (PID=68580) to work on /opt/homebrew/Caskroom/miniconda/base/lib/python3.11/site-packages/airflow/example_dags/tutorial_dag.py
[2024-04-16T21:41:14.222+0700] {processor.py:830} INFO - Processing file /opt/homebrew/Caskroom/miniconda/base/lib/python3.11/site-packages/airflow/example_dags/tutorial_dag.py for tasks to queue
[2024-04-16T21:41:14.223+0700] {logging_mixin.py:188} INFO - [2024-04-16T21:41:14.223+0700] {dagbag.py:540} INFO - Filling up the DagBag from /opt/homebrew/Caskroom/miniconda/base/lib/python3.11/site-packages/airflow/example_dags/tutorial_dag.py
[2024-04-16T21:41:14.240+0700] {processor.py:840} INFO - DAG(s) 'tutorial_dag' retrieved from /opt/homebrew/Caskroom/miniconda/base/lib/python3.11/site-packages/airflow/example_dags/tutorial_dag.py
[2024-04-16T21:41:14.302+0700] {logging_mixin.py:188} INFO - [2024-04-16T21:41:14.302+0700] {dag.py:3096} INFO - Sync 1 DAGs
[2024-04-16T21:41:14.309+0700] {logging_mixin.py:188} INFO - [2024-04-16T21:41:14.309+0700] {dag.py:3954} INFO - Setting next_dagrun for tutorial_dag to None, run_after=None
[2024-04-16T21:41:14.322+0700] {processor.py:183} INFO - Processing /opt/homebrew/Caskroom/miniconda/base/lib/python3.11/site-packages/airflow/example_dags/tutorial_dag.py took 0.103 seconds
[2024-04-16T21:42:59.796+0700] {processor.py:161} INFO - Started process (PID=69071) to work on /opt/homebrew/Caskroom/miniconda/base/lib/python3.11/site-packages/airflow/example_dags/tutorial_dag.py
[2024-04-16T21:42:59.797+0700] {processor.py:830} INFO - Processing file /opt/homebrew/Caskroom/miniconda/base/lib/python3.11/site-packages/airflow/example_dags/tutorial_dag.py for tasks to queue
[2024-04-16T21:42:59.798+0700] {logging_mixin.py:188} INFO - [2024-04-16T21:42:59.797+0700] {dagbag.py:540} INFO - Filling up the DagBag from /opt/homebrew/Caskroom/miniconda/base/lib/python3.11/site-packages/airflow/example_dags/tutorial_dag.py
[2024-04-16T21:42:59.819+0700] {processor.py:840} INFO - DAG(s) 'tutorial_dag' retrieved from /opt/homebrew/Caskroom/miniconda/base/lib/python3.11/site-packages/airflow/example_dags/tutorial_dag.py
[2024-04-16T21:42:59.899+0700] {logging_mixin.py:188} INFO - [2024-04-16T21:42:59.899+0700] {dag.py:3096} INFO - Sync 1 DAGs
[2024-04-16T21:42:59.906+0700] {logging_mixin.py:188} INFO - [2024-04-16T21:42:59.906+0700] {dag.py:3954} INFO - Setting next_dagrun for tutorial_dag to None, run_after=None
[2024-04-16T21:42:59.921+0700] {processor.py:183} INFO - Processing /opt/homebrew/Caskroom/miniconda/base/lib/python3.11/site-packages/airflow/example_dags/tutorial_dag.py took 0.126 seconds
[2024-04-16T21:44:37.342+0700] {processor.py:161} INFO - Started process (PID=69506) to work on /opt/homebrew/Caskroom/miniconda/base/lib/python3.11/site-packages/airflow/example_dags/tutorial_dag.py
[2024-04-16T21:44:37.343+0700] {processor.py:830} INFO - Processing file /opt/homebrew/Caskroom/miniconda/base/lib/python3.11/site-packages/airflow/example_dags/tutorial_dag.py for tasks to queue
[2024-04-16T21:44:37.344+0700] {logging_mixin.py:188} INFO - [2024-04-16T21:44:37.343+0700] {dagbag.py:540} INFO - Filling up the DagBag from /opt/homebrew/Caskroom/miniconda/base/lib/python3.11/site-packages/airflow/example_dags/tutorial_dag.py
[2024-04-16T21:44:37.363+0700] {processor.py:840} INFO - DAG(s) 'tutorial_dag' retrieved from /opt/homebrew/Caskroom/miniconda/base/lib/python3.11/site-packages/airflow/example_dags/tutorial_dag.py
[2024-04-16T21:44:37.428+0700] {logging_mixin.py:188} INFO - [2024-04-16T21:44:37.428+0700] {dag.py:3096} INFO - Sync 1 DAGs
[2024-04-16T21:44:37.433+0700] {logging_mixin.py:188} INFO - [2024-04-16T21:44:37.433+0700] {dag.py:3954} INFO - Setting next_dagrun for tutorial_dag to None, run_after=None
[2024-04-16T21:44:37.445+0700] {processor.py:183} INFO - Processing /opt/homebrew/Caskroom/miniconda/base/lib/python3.11/site-packages/airflow/example_dags/tutorial_dag.py took 0.105 seconds
[2024-04-16T21:46:02.129+0700] {processor.py:161} INFO - Started process (PID=69889) to work on /opt/homebrew/Caskroom/miniconda/base/lib/python3.11/site-packages/airflow/example_dags/tutorial_dag.py
[2024-04-16T21:46:02.130+0700] {processor.py:830} INFO - Processing file /opt/homebrew/Caskroom/miniconda/base/lib/python3.11/site-packages/airflow/example_dags/tutorial_dag.py for tasks to queue
[2024-04-16T21:46:02.130+0700] {logging_mixin.py:188} INFO - [2024-04-16T21:46:02.130+0700] {dagbag.py:540} INFO - Filling up the DagBag from /opt/homebrew/Caskroom/miniconda/base/lib/python3.11/site-packages/airflow/example_dags/tutorial_dag.py
[2024-04-16T21:46:02.147+0700] {processor.py:840} INFO - DAG(s) 'tutorial_dag' retrieved from /opt/homebrew/Caskroom/miniconda/base/lib/python3.11/site-packages/airflow/example_dags/tutorial_dag.py
[2024-04-16T21:46:02.210+0700] {logging_mixin.py:188} INFO - [2024-04-16T21:46:02.210+0700] {dag.py:3096} INFO - Sync 1 DAGs
[2024-04-16T21:46:02.215+0700] {logging_mixin.py:188} INFO - [2024-04-16T21:46:02.215+0700] {dag.py:3954} INFO - Setting next_dagrun for tutorial_dag to None, run_after=None
[2024-04-16T21:46:02.226+0700] {processor.py:183} INFO - Processing /opt/homebrew/Caskroom/miniconda/base/lib/python3.11/site-packages/airflow/example_dags/tutorial_dag.py took 0.100 seconds
[2024-04-16T21:47:54.630+0700] {processor.py:161} INFO - Started process (PID=70395) to work on /opt/homebrew/Caskroom/miniconda/base/lib/python3.11/site-packages/airflow/example_dags/tutorial_dag.py
[2024-04-16T21:47:54.632+0700] {processor.py:830} INFO - Processing file /opt/homebrew/Caskroom/miniconda/base/lib/python3.11/site-packages/airflow/example_dags/tutorial_dag.py for tasks to queue
[2024-04-16T21:47:54.632+0700] {logging_mixin.py:188} INFO - [2024-04-16T21:47:54.632+0700] {dagbag.py:540} INFO - Filling up the DagBag from /opt/homebrew/Caskroom/miniconda/base/lib/python3.11/site-packages/airflow/example_dags/tutorial_dag.py
[2024-04-16T21:47:54.664+0700] {processor.py:840} INFO - DAG(s) 'tutorial_dag' retrieved from /opt/homebrew/Caskroom/miniconda/base/lib/python3.11/site-packages/airflow/example_dags/tutorial_dag.py
[2024-04-16T21:47:54.730+0700] {logging_mixin.py:188} INFO - [2024-04-16T21:47:54.730+0700] {dag.py:3096} INFO - Sync 1 DAGs
[2024-04-16T21:47:54.735+0700] {logging_mixin.py:188} INFO - [2024-04-16T21:47:54.735+0700] {dag.py:3954} INFO - Setting next_dagrun for tutorial_dag to None, run_after=None
[2024-04-16T21:47:54.747+0700] {processor.py:183} INFO - Processing /opt/homebrew/Caskroom/miniconda/base/lib/python3.11/site-packages/airflow/example_dags/tutorial_dag.py took 0.118 seconds
[2024-04-16T21:50:02.651+0700] {processor.py:161} INFO - Started process (PID=71018) to work on /opt/homebrew/Caskroom/miniconda/base/lib/python3.11/site-packages/airflow/example_dags/tutorial_dag.py
[2024-04-16T21:50:02.654+0700] {processor.py:830} INFO - Processing file /opt/homebrew/Caskroom/miniconda/base/lib/python3.11/site-packages/airflow/example_dags/tutorial_dag.py for tasks to queue
[2024-04-16T21:50:02.655+0700] {logging_mixin.py:188} INFO - [2024-04-16T21:50:02.655+0700] {dagbag.py:540} INFO - Filling up the DagBag from /opt/homebrew/Caskroom/miniconda/base/lib/python3.11/site-packages/airflow/example_dags/tutorial_dag.py
[2024-04-16T21:50:02.757+0700] {processor.py:840} INFO - DAG(s) 'tutorial_dag' retrieved from /opt/homebrew/Caskroom/miniconda/base/lib/python3.11/site-packages/airflow/example_dags/tutorial_dag.py
[2024-04-16T21:50:02.890+0700] {logging_mixin.py:188} INFO - [2024-04-16T21:50:02.890+0700] {dag.py:3096} INFO - Sync 1 DAGs
[2024-04-16T21:50:02.898+0700] {logging_mixin.py:188} INFO - [2024-04-16T21:50:02.897+0700] {dag.py:3954} INFO - Setting next_dagrun for tutorial_dag to None, run_after=None
[2024-04-16T21:50:02.915+0700] {processor.py:183} INFO - Processing /opt/homebrew/Caskroom/miniconda/base/lib/python3.11/site-packages/airflow/example_dags/tutorial_dag.py took 0.302 seconds
[2024-04-16T21:52:07.388+0700] {processor.py:161} INFO - Started process (PID=71748) to work on /opt/homebrew/Caskroom/miniconda/base/lib/python3.11/site-packages/airflow/example_dags/tutorial_dag.py
[2024-04-16T21:52:07.391+0700] {processor.py:830} INFO - Processing file /opt/homebrew/Caskroom/miniconda/base/lib/python3.11/site-packages/airflow/example_dags/tutorial_dag.py for tasks to queue
[2024-04-16T21:52:07.392+0700] {logging_mixin.py:188} INFO - [2024-04-16T21:52:07.392+0700] {dagbag.py:540} INFO - Filling up the DagBag from /opt/homebrew/Caskroom/miniconda/base/lib/python3.11/site-packages/airflow/example_dags/tutorial_dag.py
[2024-04-16T21:52:07.445+0700] {processor.py:840} INFO - DAG(s) 'tutorial_dag' retrieved from /opt/homebrew/Caskroom/miniconda/base/lib/python3.11/site-packages/airflow/example_dags/tutorial_dag.py
[2024-04-16T21:52:07.606+0700] {logging_mixin.py:188} INFO - [2024-04-16T21:52:07.605+0700] {dag.py:3096} INFO - Sync 1 DAGs
[2024-04-16T21:52:07.631+0700] {logging_mixin.py:188} INFO - [2024-04-16T21:52:07.631+0700] {dag.py:3954} INFO - Setting next_dagrun for tutorial_dag to None, run_after=None
[2024-04-16T21:52:07.689+0700] {processor.py:183} INFO - Processing /opt/homebrew/Caskroom/miniconda/base/lib/python3.11/site-packages/airflow/example_dags/tutorial_dag.py took 0.308 seconds
[2024-04-16T21:54:27.628+0700] {processor.py:161} INFO - Started process (PID=72602) to work on /opt/homebrew/Caskroom/miniconda/base/lib/python3.11/site-packages/airflow/example_dags/tutorial_dag.py
[2024-04-16T21:54:27.630+0700] {processor.py:830} INFO - Processing file /opt/homebrew/Caskroom/miniconda/base/lib/python3.11/site-packages/airflow/example_dags/tutorial_dag.py for tasks to queue
[2024-04-16T21:54:27.632+0700] {logging_mixin.py:188} INFO - [2024-04-16T21:54:27.631+0700] {dagbag.py:540} INFO - Filling up the DagBag from /opt/homebrew/Caskroom/miniconda/base/lib/python3.11/site-packages/airflow/example_dags/tutorial_dag.py
[2024-04-16T21:54:27.686+0700] {processor.py:840} INFO - DAG(s) 'tutorial_dag' retrieved from /opt/homebrew/Caskroom/miniconda/base/lib/python3.11/site-packages/airflow/example_dags/tutorial_dag.py
[2024-04-16T21:54:27.837+0700] {logging_mixin.py:188} INFO - [2024-04-16T21:54:27.837+0700] {dag.py:3096} INFO - Sync 1 DAGs
[2024-04-16T21:54:27.847+0700] {logging_mixin.py:188} INFO - [2024-04-16T21:54:27.846+0700] {dag.py:3954} INFO - Setting next_dagrun for tutorial_dag to None, run_after=None
[2024-04-16T21:54:27.870+0700] {processor.py:183} INFO - Processing /opt/homebrew/Caskroom/miniconda/base/lib/python3.11/site-packages/airflow/example_dags/tutorial_dag.py took 0.249 seconds
[2024-04-16T21:56:08.985+0700] {processor.py:161} INFO - Started process (PID=73085) to work on /opt/homebrew/Caskroom/miniconda/base/lib/python3.11/site-packages/airflow/example_dags/tutorial_dag.py
[2024-04-16T21:56:08.986+0700] {processor.py:830} INFO - Processing file /opt/homebrew/Caskroom/miniconda/base/lib/python3.11/site-packages/airflow/example_dags/tutorial_dag.py for tasks to queue
[2024-04-16T21:56:08.987+0700] {logging_mixin.py:188} INFO - [2024-04-16T21:56:08.987+0700] {dagbag.py:540} INFO - Filling up the DagBag from /opt/homebrew/Caskroom/miniconda/base/lib/python3.11/site-packages/airflow/example_dags/tutorial_dag.py
[2024-04-16T21:56:09.004+0700] {processor.py:840} INFO - DAG(s) 'tutorial_dag' retrieved from /opt/homebrew/Caskroom/miniconda/base/lib/python3.11/site-packages/airflow/example_dags/tutorial_dag.py
[2024-04-16T21:56:09.068+0700] {logging_mixin.py:188} INFO - [2024-04-16T21:56:09.068+0700] {dag.py:3096} INFO - Sync 1 DAGs
[2024-04-16T21:56:09.074+0700] {logging_mixin.py:188} INFO - [2024-04-16T21:56:09.074+0700] {dag.py:3954} INFO - Setting next_dagrun for tutorial_dag to None, run_after=None
[2024-04-16T21:56:09.090+0700] {processor.py:183} INFO - Processing /opt/homebrew/Caskroom/miniconda/base/lib/python3.11/site-packages/airflow/example_dags/tutorial_dag.py took 0.108 seconds
[2024-04-16T21:57:39.115+0700] {processor.py:161} INFO - Started process (PID=73566) to work on /opt/homebrew/Caskroom/miniconda/base/lib/python3.11/site-packages/airflow/example_dags/tutorial_dag.py
[2024-04-16T21:57:39.116+0700] {processor.py:830} INFO - Processing file /opt/homebrew/Caskroom/miniconda/base/lib/python3.11/site-packages/airflow/example_dags/tutorial_dag.py for tasks to queue
[2024-04-16T21:57:39.117+0700] {logging_mixin.py:188} INFO - [2024-04-16T21:57:39.117+0700] {dagbag.py:540} INFO - Filling up the DagBag from /opt/homebrew/Caskroom/miniconda/base/lib/python3.11/site-packages/airflow/example_dags/tutorial_dag.py
[2024-04-16T21:57:39.133+0700] {processor.py:840} INFO - DAG(s) 'tutorial_dag' retrieved from /opt/homebrew/Caskroom/miniconda/base/lib/python3.11/site-packages/airflow/example_dags/tutorial_dag.py
[2024-04-16T21:57:39.195+0700] {logging_mixin.py:188} INFO - [2024-04-16T21:57:39.195+0700] {dag.py:3096} INFO - Sync 1 DAGs
[2024-04-16T21:57:39.201+0700] {logging_mixin.py:188} INFO - [2024-04-16T21:57:39.200+0700] {dag.py:3954} INFO - Setting next_dagrun for tutorial_dag to None, run_after=None
[2024-04-16T21:57:39.212+0700] {processor.py:183} INFO - Processing /opt/homebrew/Caskroom/miniconda/base/lib/python3.11/site-packages/airflow/example_dags/tutorial_dag.py took 0.099 seconds
[2024-04-16T21:59:04.213+0700] {processor.py:161} INFO - Started process (PID=74303) to work on /opt/homebrew/Caskroom/miniconda/base/lib/python3.11/site-packages/airflow/example_dags/tutorial_dag.py
[2024-04-16T21:59:04.215+0700] {processor.py:830} INFO - Processing file /opt/homebrew/Caskroom/miniconda/base/lib/python3.11/site-packages/airflow/example_dags/tutorial_dag.py for tasks to queue
[2024-04-16T21:59:04.216+0700] {logging_mixin.py:188} INFO - [2024-04-16T21:59:04.216+0700] {dagbag.py:540} INFO - Filling up the DagBag from /opt/homebrew/Caskroom/miniconda/base/lib/python3.11/site-packages/airflow/example_dags/tutorial_dag.py
[2024-04-16T21:59:04.260+0700] {processor.py:840} INFO - DAG(s) 'tutorial_dag' retrieved from /opt/homebrew/Caskroom/miniconda/base/lib/python3.11/site-packages/airflow/example_dags/tutorial_dag.py
[2024-04-16T21:59:04.417+0700] {logging_mixin.py:188} INFO - [2024-04-16T21:59:04.416+0700] {dag.py:3096} INFO - Sync 1 DAGs
[2024-04-16T21:59:04.431+0700] {logging_mixin.py:188} INFO - [2024-04-16T21:59:04.430+0700] {dag.py:3954} INFO - Setting next_dagrun for tutorial_dag to None, run_after=None
[2024-04-16T21:59:04.457+0700] {processor.py:183} INFO - Processing /opt/homebrew/Caskroom/miniconda/base/lib/python3.11/site-packages/airflow/example_dags/tutorial_dag.py took 0.248 seconds
[2024-04-16T22:00:35.295+0700] {processor.py:161} INFO - Started process (PID=74804) to work on /opt/homebrew/Caskroom/miniconda/base/lib/python3.11/site-packages/airflow/example_dags/tutorial_dag.py
[2024-04-16T22:00:35.296+0700] {processor.py:830} INFO - Processing file /opt/homebrew/Caskroom/miniconda/base/lib/python3.11/site-packages/airflow/example_dags/tutorial_dag.py for tasks to queue
[2024-04-16T22:00:35.297+0700] {logging_mixin.py:188} INFO - [2024-04-16T22:00:35.297+0700] {dagbag.py:540} INFO - Filling up the DagBag from /opt/homebrew/Caskroom/miniconda/base/lib/python3.11/site-packages/airflow/example_dags/tutorial_dag.py
[2024-04-16T22:00:35.314+0700] {processor.py:840} INFO - DAG(s) 'tutorial_dag' retrieved from /opt/homebrew/Caskroom/miniconda/base/lib/python3.11/site-packages/airflow/example_dags/tutorial_dag.py
[2024-04-16T22:00:35.381+0700] {logging_mixin.py:188} INFO - [2024-04-16T22:00:35.381+0700] {dag.py:3096} INFO - Sync 1 DAGs
[2024-04-16T22:00:35.387+0700] {logging_mixin.py:188} INFO - [2024-04-16T22:00:35.387+0700] {dag.py:3954} INFO - Setting next_dagrun for tutorial_dag to None, run_after=None
[2024-04-16T22:00:35.399+0700] {processor.py:183} INFO - Processing /opt/homebrew/Caskroom/miniconda/base/lib/python3.11/site-packages/airflow/example_dags/tutorial_dag.py took 0.106 seconds
[2024-04-16T22:01:58.265+0700] {processor.py:161} INFO - Started process (PID=75241) to work on /opt/homebrew/Caskroom/miniconda/base/lib/python3.11/site-packages/airflow/example_dags/tutorial_dag.py
[2024-04-16T22:01:58.267+0700] {processor.py:830} INFO - Processing file /opt/homebrew/Caskroom/miniconda/base/lib/python3.11/site-packages/airflow/example_dags/tutorial_dag.py for tasks to queue
[2024-04-16T22:01:58.267+0700] {logging_mixin.py:188} INFO - [2024-04-16T22:01:58.267+0700] {dagbag.py:540} INFO - Filling up the DagBag from /opt/homebrew/Caskroom/miniconda/base/lib/python3.11/site-packages/airflow/example_dags/tutorial_dag.py
[2024-04-16T22:01:58.285+0700] {processor.py:840} INFO - DAG(s) 'tutorial_dag' retrieved from /opt/homebrew/Caskroom/miniconda/base/lib/python3.11/site-packages/airflow/example_dags/tutorial_dag.py
[2024-04-16T22:01:58.352+0700] {logging_mixin.py:188} INFO - [2024-04-16T22:01:58.351+0700] {dag.py:3096} INFO - Sync 1 DAGs
[2024-04-16T22:01:58.359+0700] {logging_mixin.py:188} INFO - [2024-04-16T22:01:58.359+0700] {dag.py:3954} INFO - Setting next_dagrun for tutorial_dag to None, run_after=None
[2024-04-16T22:01:58.377+0700] {processor.py:183} INFO - Processing /opt/homebrew/Caskroom/miniconda/base/lib/python3.11/site-packages/airflow/example_dags/tutorial_dag.py took 0.114 seconds
[2024-04-16T22:03:24.745+0700] {processor.py:161} INFO - Started process (PID=75752) to work on /opt/homebrew/Caskroom/miniconda/base/lib/python3.11/site-packages/airflow/example_dags/tutorial_dag.py
[2024-04-16T22:03:24.746+0700] {processor.py:830} INFO - Processing file /opt/homebrew/Caskroom/miniconda/base/lib/python3.11/site-packages/airflow/example_dags/tutorial_dag.py for tasks to queue
[2024-04-16T22:03:24.746+0700] {logging_mixin.py:188} INFO - [2024-04-16T22:03:24.746+0700] {dagbag.py:540} INFO - Filling up the DagBag from /opt/homebrew/Caskroom/miniconda/base/lib/python3.11/site-packages/airflow/example_dags/tutorial_dag.py
[2024-04-16T22:03:24.764+0700] {processor.py:840} INFO - DAG(s) 'tutorial_dag' retrieved from /opt/homebrew/Caskroom/miniconda/base/lib/python3.11/site-packages/airflow/example_dags/tutorial_dag.py
[2024-04-16T22:03:24.833+0700] {logging_mixin.py:188} INFO - [2024-04-16T22:03:24.833+0700] {dag.py:3096} INFO - Sync 1 DAGs
[2024-04-16T22:03:24.840+0700] {logging_mixin.py:188} INFO - [2024-04-16T22:03:24.840+0700] {dag.py:3954} INFO - Setting next_dagrun for tutorial_dag to None, run_after=None
[2024-04-16T22:03:24.859+0700] {processor.py:183} INFO - Processing /opt/homebrew/Caskroom/miniconda/base/lib/python3.11/site-packages/airflow/example_dags/tutorial_dag.py took 0.116 seconds
[2024-04-16T22:04:49.362+0700] {processor.py:161} INFO - Started process (PID=76172) to work on /opt/homebrew/Caskroom/miniconda/base/lib/python3.11/site-packages/airflow/example_dags/tutorial_dag.py
[2024-04-16T22:04:49.363+0700] {processor.py:830} INFO - Processing file /opt/homebrew/Caskroom/miniconda/base/lib/python3.11/site-packages/airflow/example_dags/tutorial_dag.py for tasks to queue
[2024-04-16T22:04:49.364+0700] {logging_mixin.py:188} INFO - [2024-04-16T22:04:49.364+0700] {dagbag.py:540} INFO - Filling up the DagBag from /opt/homebrew/Caskroom/miniconda/base/lib/python3.11/site-packages/airflow/example_dags/tutorial_dag.py
[2024-04-16T22:04:49.383+0700] {processor.py:840} INFO - DAG(s) 'tutorial_dag' retrieved from /opt/homebrew/Caskroom/miniconda/base/lib/python3.11/site-packages/airflow/example_dags/tutorial_dag.py
[2024-04-16T22:04:49.449+0700] {logging_mixin.py:188} INFO - [2024-04-16T22:04:49.448+0700] {dag.py:3096} INFO - Sync 1 DAGs
[2024-04-16T22:04:49.454+0700] {logging_mixin.py:188} INFO - [2024-04-16T22:04:49.454+0700] {dag.py:3954} INFO - Setting next_dagrun for tutorial_dag to None, run_after=None
[2024-04-16T22:04:49.466+0700] {processor.py:183} INFO - Processing /opt/homebrew/Caskroom/miniconda/base/lib/python3.11/site-packages/airflow/example_dags/tutorial_dag.py took 0.106 seconds
[2024-04-16T22:06:24.528+0700] {processor.py:161} INFO - Started process (PID=76780) to work on /opt/homebrew/Caskroom/miniconda/base/lib/python3.11/site-packages/airflow/example_dags/tutorial_dag.py
[2024-04-16T22:06:24.530+0700] {processor.py:830} INFO - Processing file /opt/homebrew/Caskroom/miniconda/base/lib/python3.11/site-packages/airflow/example_dags/tutorial_dag.py for tasks to queue
[2024-04-16T22:06:24.532+0700] {logging_mixin.py:188} INFO - [2024-04-16T22:06:24.531+0700] {dagbag.py:540} INFO - Filling up the DagBag from /opt/homebrew/Caskroom/miniconda/base/lib/python3.11/site-packages/airflow/example_dags/tutorial_dag.py
[2024-04-16T22:06:24.572+0700] {processor.py:840} INFO - DAG(s) 'tutorial_dag' retrieved from /opt/homebrew/Caskroom/miniconda/base/lib/python3.11/site-packages/airflow/example_dags/tutorial_dag.py
[2024-04-16T22:06:24.641+0700] {logging_mixin.py:188} INFO - [2024-04-16T22:06:24.641+0700] {dag.py:3096} INFO - Sync 1 DAGs
[2024-04-16T22:06:24.646+0700] {logging_mixin.py:188} INFO - [2024-04-16T22:06:24.646+0700] {dag.py:3954} INFO - Setting next_dagrun for tutorial_dag to None, run_after=None
[2024-04-16T22:06:24.658+0700] {processor.py:183} INFO - Processing /opt/homebrew/Caskroom/miniconda/base/lib/python3.11/site-packages/airflow/example_dags/tutorial_dag.py took 0.135 seconds
[2024-04-16T22:08:14.785+0700] {processor.py:161} INFO - Started process (PID=77426) to work on /opt/homebrew/Caskroom/miniconda/base/lib/python3.11/site-packages/airflow/example_dags/tutorial_dag.py
[2024-04-16T22:08:14.785+0700] {processor.py:830} INFO - Processing file /opt/homebrew/Caskroom/miniconda/base/lib/python3.11/site-packages/airflow/example_dags/tutorial_dag.py for tasks to queue
[2024-04-16T22:08:14.786+0700] {logging_mixin.py:188} INFO - [2024-04-16T22:08:14.786+0700] {dagbag.py:540} INFO - Filling up the DagBag from /opt/homebrew/Caskroom/miniconda/base/lib/python3.11/site-packages/airflow/example_dags/tutorial_dag.py
[2024-04-16T22:08:14.802+0700] {processor.py:840} INFO - DAG(s) 'tutorial_dag' retrieved from /opt/homebrew/Caskroom/miniconda/base/lib/python3.11/site-packages/airflow/example_dags/tutorial_dag.py
[2024-04-16T22:08:14.863+0700] {logging_mixin.py:188} INFO - [2024-04-16T22:08:14.863+0700] {dag.py:3096} INFO - Sync 1 DAGs
[2024-04-16T22:08:14.868+0700] {logging_mixin.py:188} INFO - [2024-04-16T22:08:14.868+0700] {dag.py:3954} INFO - Setting next_dagrun for tutorial_dag to None, run_after=None
[2024-04-16T22:08:14.880+0700] {processor.py:183} INFO - Processing /opt/homebrew/Caskroom/miniconda/base/lib/python3.11/site-packages/airflow/example_dags/tutorial_dag.py took 0.098 seconds
[2024-04-16T22:09:51.989+0700] {processor.py:161} INFO - Started process (PID=78004) to work on /opt/homebrew/Caskroom/miniconda/base/lib/python3.11/site-packages/airflow/example_dags/tutorial_dag.py
[2024-04-16T22:09:51.991+0700] {processor.py:830} INFO - Processing file /opt/homebrew/Caskroom/miniconda/base/lib/python3.11/site-packages/airflow/example_dags/tutorial_dag.py for tasks to queue
[2024-04-16T22:09:51.991+0700] {logging_mixin.py:188} INFO - [2024-04-16T22:09:51.991+0700] {dagbag.py:540} INFO - Filling up the DagBag from /opt/homebrew/Caskroom/miniconda/base/lib/python3.11/site-packages/airflow/example_dags/tutorial_dag.py
[2024-04-16T22:09:52.011+0700] {processor.py:840} INFO - DAG(s) 'tutorial_dag' retrieved from /opt/homebrew/Caskroom/miniconda/base/lib/python3.11/site-packages/airflow/example_dags/tutorial_dag.py
[2024-04-16T22:09:52.075+0700] {logging_mixin.py:188} INFO - [2024-04-16T22:09:52.075+0700] {dag.py:3096} INFO - Sync 1 DAGs
[2024-04-16T22:09:52.080+0700] {logging_mixin.py:188} INFO - [2024-04-16T22:09:52.080+0700] {dag.py:3954} INFO - Setting next_dagrun for tutorial_dag to None, run_after=None
[2024-04-16T22:09:52.093+0700] {processor.py:183} INFO - Processing /opt/homebrew/Caskroom/miniconda/base/lib/python3.11/site-packages/airflow/example_dags/tutorial_dag.py took 0.105 seconds
[2024-04-16T22:11:31.738+0700] {processor.py:161} INFO - Started process (PID=78527) to work on /opt/homebrew/Caskroom/miniconda/base/lib/python3.11/site-packages/airflow/example_dags/tutorial_dag.py
[2024-04-16T22:11:31.739+0700] {processor.py:830} INFO - Processing file /opt/homebrew/Caskroom/miniconda/base/lib/python3.11/site-packages/airflow/example_dags/tutorial_dag.py for tasks to queue
[2024-04-16T22:11:31.739+0700] {logging_mixin.py:188} INFO - [2024-04-16T22:11:31.739+0700] {dagbag.py:540} INFO - Filling up the DagBag from /opt/homebrew/Caskroom/miniconda/base/lib/python3.11/site-packages/airflow/example_dags/tutorial_dag.py
[2024-04-16T22:11:31.772+0700] {processor.py:840} INFO - DAG(s) 'tutorial_dag' retrieved from /opt/homebrew/Caskroom/miniconda/base/lib/python3.11/site-packages/airflow/example_dags/tutorial_dag.py
[2024-04-16T22:11:31.842+0700] {logging_mixin.py:188} INFO - [2024-04-16T22:11:31.841+0700] {dag.py:3096} INFO - Sync 1 DAGs
[2024-04-16T22:11:31.847+0700] {logging_mixin.py:188} INFO - [2024-04-16T22:11:31.847+0700] {dag.py:3954} INFO - Setting next_dagrun for tutorial_dag to None, run_after=None
[2024-04-16T22:11:31.867+0700] {processor.py:183} INFO - Processing /opt/homebrew/Caskroom/miniconda/base/lib/python3.11/site-packages/airflow/example_dags/tutorial_dag.py took 0.132 seconds
[2024-04-16T22:13:07.077+0700] {processor.py:161} INFO - Started process (PID=79086) to work on /opt/homebrew/Caskroom/miniconda/base/lib/python3.11/site-packages/airflow/example_dags/tutorial_dag.py
[2024-04-16T22:13:07.078+0700] {processor.py:830} INFO - Processing file /opt/homebrew/Caskroom/miniconda/base/lib/python3.11/site-packages/airflow/example_dags/tutorial_dag.py for tasks to queue
[2024-04-16T22:13:07.078+0700] {logging_mixin.py:188} INFO - [2024-04-16T22:13:07.078+0700] {dagbag.py:540} INFO - Filling up the DagBag from /opt/homebrew/Caskroom/miniconda/base/lib/python3.11/site-packages/airflow/example_dags/tutorial_dag.py
[2024-04-16T22:13:07.096+0700] {processor.py:840} INFO - DAG(s) 'tutorial_dag' retrieved from /opt/homebrew/Caskroom/miniconda/base/lib/python3.11/site-packages/airflow/example_dags/tutorial_dag.py
[2024-04-16T22:13:07.158+0700] {logging_mixin.py:188} INFO - [2024-04-16T22:13:07.158+0700] {dag.py:3096} INFO - Sync 1 DAGs
[2024-04-16T22:13:07.163+0700] {logging_mixin.py:188} INFO - [2024-04-16T22:13:07.163+0700] {dag.py:3954} INFO - Setting next_dagrun for tutorial_dag to None, run_after=None
[2024-04-16T22:13:07.176+0700] {processor.py:183} INFO - Processing /opt/homebrew/Caskroom/miniconda/base/lib/python3.11/site-packages/airflow/example_dags/tutorial_dag.py took 0.101 seconds
[2024-04-16T22:14:38.271+0700] {processor.py:161} INFO - Started process (PID=79526) to work on /opt/homebrew/Caskroom/miniconda/base/lib/python3.11/site-packages/airflow/example_dags/tutorial_dag.py
[2024-04-16T22:14:38.272+0700] {processor.py:830} INFO - Processing file /opt/homebrew/Caskroom/miniconda/base/lib/python3.11/site-packages/airflow/example_dags/tutorial_dag.py for tasks to queue
[2024-04-16T22:14:38.272+0700] {logging_mixin.py:188} INFO - [2024-04-16T22:14:38.272+0700] {dagbag.py:540} INFO - Filling up the DagBag from /opt/homebrew/Caskroom/miniconda/base/lib/python3.11/site-packages/airflow/example_dags/tutorial_dag.py
[2024-04-16T22:14:38.293+0700] {processor.py:840} INFO - DAG(s) 'tutorial_dag' retrieved from /opt/homebrew/Caskroom/miniconda/base/lib/python3.11/site-packages/airflow/example_dags/tutorial_dag.py
[2024-04-16T22:14:38.359+0700] {logging_mixin.py:188} INFO - [2024-04-16T22:14:38.359+0700] {dag.py:3096} INFO - Sync 1 DAGs
[2024-04-16T22:14:38.365+0700] {logging_mixin.py:188} INFO - [2024-04-16T22:14:38.364+0700] {dag.py:3954} INFO - Setting next_dagrun for tutorial_dag to None, run_after=None
[2024-04-16T22:14:38.378+0700] {processor.py:183} INFO - Processing /opt/homebrew/Caskroom/miniconda/base/lib/python3.11/site-packages/airflow/example_dags/tutorial_dag.py took 0.109 seconds
[2024-04-16T22:18:01.253+0700] {processor.py:161} INFO - Started process (PID=80481) to work on /opt/homebrew/Caskroom/miniconda/base/lib/python3.11/site-packages/airflow/example_dags/tutorial_dag.py
[2024-04-16T22:18:01.260+0700] {processor.py:830} INFO - Processing file /opt/homebrew/Caskroom/miniconda/base/lib/python3.11/site-packages/airflow/example_dags/tutorial_dag.py for tasks to queue
[2024-04-16T22:18:01.261+0700] {logging_mixin.py:188} INFO - [2024-04-16T22:18:01.260+0700] {dagbag.py:540} INFO - Filling up the DagBag from /opt/homebrew/Caskroom/miniconda/base/lib/python3.11/site-packages/airflow/example_dags/tutorial_dag.py
[2024-04-16T22:18:01.335+0700] {processor.py:840} INFO - DAG(s) 'tutorial_dag' retrieved from /opt/homebrew/Caskroom/miniconda/base/lib/python3.11/site-packages/airflow/example_dags/tutorial_dag.py
[2024-04-16T22:18:01.577+0700] {logging_mixin.py:188} INFO - [2024-04-16T22:18:01.576+0700] {dag.py:3096} INFO - Sync 1 DAGs
[2024-04-16T22:18:01.627+0700] {logging_mixin.py:188} INFO - [2024-04-16T22:18:01.627+0700] {dag.py:3954} INFO - Setting next_dagrun for tutorial_dag to None, run_after=None
[2024-04-16T22:18:01.698+0700] {processor.py:183} INFO - Processing /opt/homebrew/Caskroom/miniconda/base/lib/python3.11/site-packages/airflow/example_dags/tutorial_dag.py took 0.449 seconds
[2024-04-16T22:22:02.906+0700] {processor.py:161} INFO - Started process (PID=81610) to work on /opt/homebrew/Caskroom/miniconda/base/lib/python3.11/site-packages/airflow/example_dags/tutorial_dag.py
[2024-04-16T22:22:02.906+0700] {processor.py:830} INFO - Processing file /opt/homebrew/Caskroom/miniconda/base/lib/python3.11/site-packages/airflow/example_dags/tutorial_dag.py for tasks to queue
[2024-04-16T22:22:02.907+0700] {logging_mixin.py:188} INFO - [2024-04-16T22:22:02.907+0700] {dagbag.py:540} INFO - Filling up the DagBag from /opt/homebrew/Caskroom/miniconda/base/lib/python3.11/site-packages/airflow/example_dags/tutorial_dag.py
[2024-04-16T22:22:02.933+0700] {processor.py:840} INFO - DAG(s) 'tutorial_dag' retrieved from /opt/homebrew/Caskroom/miniconda/base/lib/python3.11/site-packages/airflow/example_dags/tutorial_dag.py
[2024-04-16T22:22:03.010+0700] {logging_mixin.py:188} INFO - [2024-04-16T22:22:03.010+0700] {dag.py:3096} INFO - Sync 1 DAGs
[2024-04-16T22:22:03.018+0700] {logging_mixin.py:188} INFO - [2024-04-16T22:22:03.017+0700] {dag.py:3954} INFO - Setting next_dagrun for tutorial_dag to None, run_after=None
[2024-04-16T22:22:03.034+0700] {processor.py:183} INFO - Processing /opt/homebrew/Caskroom/miniconda/base/lib/python3.11/site-packages/airflow/example_dags/tutorial_dag.py took 0.131 seconds
[2024-04-16T22:26:25.442+0700] {processor.py:161} INFO - Started process (PID=82892) to work on /opt/homebrew/Caskroom/miniconda/base/lib/python3.11/site-packages/airflow/example_dags/tutorial_dag.py
[2024-04-16T22:26:25.443+0700] {processor.py:830} INFO - Processing file /opt/homebrew/Caskroom/miniconda/base/lib/python3.11/site-packages/airflow/example_dags/tutorial_dag.py for tasks to queue
[2024-04-16T22:26:25.443+0700] {logging_mixin.py:188} INFO - [2024-04-16T22:26:25.443+0700] {dagbag.py:540} INFO - Filling up the DagBag from /opt/homebrew/Caskroom/miniconda/base/lib/python3.11/site-packages/airflow/example_dags/tutorial_dag.py
[2024-04-16T22:26:25.462+0700] {processor.py:840} INFO - DAG(s) 'tutorial_dag' retrieved from /opt/homebrew/Caskroom/miniconda/base/lib/python3.11/site-packages/airflow/example_dags/tutorial_dag.py
[2024-04-16T22:26:25.529+0700] {logging_mixin.py:188} INFO - [2024-04-16T22:26:25.529+0700] {dag.py:3096} INFO - Sync 1 DAGs
[2024-04-16T22:26:25.534+0700] {logging_mixin.py:188} INFO - [2024-04-16T22:26:25.534+0700] {dag.py:3954} INFO - Setting next_dagrun for tutorial_dag to None, run_after=None
[2024-04-16T22:26:25.546+0700] {processor.py:183} INFO - Processing /opt/homebrew/Caskroom/miniconda/base/lib/python3.11/site-packages/airflow/example_dags/tutorial_dag.py took 0.108 seconds
