[2024-05-07 15:58:32,615] {taskinstance.py:1159} INFO - Dependencies all met for <TaskInstance: update_visualization.run_spark scheduled__2024-05-06T13:15:00+00:00 [queued]>
[2024-05-07 15:58:32,680] {taskinstance.py:1159} INFO - Dependencies all met for <TaskInstance: update_visualization.run_spark scheduled__2024-05-06T13:15:00+00:00 [queued]>
[2024-05-07 15:58:32,685] {taskinstance.py:1356} INFO - 
--------------------------------------------------------------------------------
[2024-05-07 15:58:32,689] {taskinstance.py:1357} INFO - Starting attempt 1 of 1
[2024-05-07 15:58:32,691] {taskinstance.py:1358} INFO - 
--------------------------------------------------------------------------------
[2024-05-07 15:58:32,816] {taskinstance.py:1377} INFO - Executing <Task(BashOperator): run_spark> on 2024-05-06 13:15:00+00:00
[2024-05-07 15:58:32,878] {standard_task_runner.py:52} INFO - Started process 3325 to run task
[2024-05-07 15:58:32,887] {standard_task_runner.py:79} INFO - Running: ['***', 'tasks', 'run', 'update_visualization', 'run_spark', 'scheduled__2024-05-06T13:15:00+00:00', '--job-id', '61', '--raw', '--subdir', 'DAGS_FOLDER/UpdateVisualization.py', '--cfg-path', '/tmp/tmp3mnass7q', '--error-file', '/tmp/tmpdakikntv']
[2024-05-07 15:58:32,901] {standard_task_runner.py:80} INFO - Job 61: Subtask run_spark
[2024-05-07 15:58:33,265] {logging_mixin.py:115} WARNING - /home/***/.local/lib/python3.7/site-packages/***/configuration.py:470 DeprecationWarning: The sql_alchemy_conn option in [core] has been moved to the sql_alchemy_conn option in [database] - the old setting has been used, but please update your config.
[2024-05-07 15:58:33,698] {task_command.py:369} INFO - Running <TaskInstance: update_visualization.run_spark scheduled__2024-05-06T13:15:00+00:00 [running]> on host b29e3e3252f3
[2024-05-07 15:58:34,830] {taskinstance.py:1571} INFO - Exporting the following env vars:
AIRFLOW_CTX_DAG_OWNER=***
AIRFLOW_CTX_DAG_ID=update_visualization
AIRFLOW_CTX_TASK_ID=run_spark
AIRFLOW_CTX_EXECUTION_DATE=2024-05-06T13:15:00+00:00
AIRFLOW_CTX_TRY_NUMBER=1
AIRFLOW_CTX_DAG_RUN_ID=scheduled__2024-05-06T13:15:00+00:00
[2024-05-07 15:58:34,914] {subprocess.py:62} INFO - Tmp dir root location: 
 /tmp
[2024-05-07 15:58:34,926] {subprocess.py:74} INFO - Running command: ['bash', '-c', 'python ../../spark.py']
[2024-05-07 15:58:35,226] {subprocess.py:85} INFO - Output:
[2024-05-07 15:58:35,779] {subprocess.py:92} INFO - python: can't open file '../../spark.py': [Errno 2] No such file or directory
[2024-05-07 15:58:35,798] {subprocess.py:96} INFO - Command exited with return code 2
[2024-05-07 15:58:36,133] {taskinstance.py:1889} ERROR - Task failed with exception
Traceback (most recent call last):
  File "/home/airflow/.local/lib/python3.7/site-packages/airflow/operators/bash.py", line 195, in execute
    f'Bash command failed. The command returned a non-zero exit code {result.exit_code}.'
airflow.exceptions.AirflowException: Bash command failed. The command returned a non-zero exit code 2.
[2024-05-07 15:58:36,239] {taskinstance.py:1400} INFO - Marking task as FAILED. dag_id=update_visualization, task_id=run_spark, execution_date=20240506T131500, start_date=20240507T155832, end_date=20240507T155836
[2024-05-07 15:58:36,447] {standard_task_runner.py:97} ERROR - Failed to execute job 61 for task run_spark (Bash command failed. The command returned a non-zero exit code 2.; 3325)
[2024-05-07 15:58:36,678] {local_task_job.py:156} INFO - Task exited with return code 1
[2024-05-07 15:58:37,323] {local_task_job.py:273} INFO - 0 downstream tasks scheduled from follow-on schedule check
