[2024-05-05T20:31:23.353+0700] {processor.py:161} INFO - Started process (PID=78477) to work on /Library/Frameworks/Python.framework/Versions/3.10/lib/python3.10/site-packages/airflow/example_dags/example_dag_decorator.py
[2024-05-05T20:31:23.353+0700] {processor.py:830} INFO - Processing file /Library/Frameworks/Python.framework/Versions/3.10/lib/python3.10/site-packages/airflow/example_dags/example_dag_decorator.py for tasks to queue
[2024-05-05T20:31:23.354+0700] {logging_mixin.py:188} INFO - [2024-05-05T20:31:23.353+0700] {dagbag.py:540} INFO - Filling up the DagBag from /Library/Frameworks/Python.framework/Versions/3.10/lib/python3.10/site-packages/airflow/example_dags/example_dag_decorator.py
[2024-05-05T20:31:23.496+0700] {processor.py:840} INFO - DAG(s) 'example_dag_decorator' retrieved from /Library/Frameworks/Python.framework/Versions/3.10/lib/python3.10/site-packages/airflow/example_dags/example_dag_decorator.py
[2024-05-05T20:31:23.607+0700] {logging_mixin.py:188} INFO - [2024-05-05T20:31:23.607+0700] {dag.py:3096} INFO - Sync 1 DAGs
[2024-05-05T20:31:23.613+0700] {logging_mixin.py:188} INFO - [2024-05-05T20:31:23.613+0700] {dag.py:3954} INFO - Setting next_dagrun for example_dag_decorator to None, run_after=None
[2024-05-05T20:31:23.625+0700] {processor.py:183} INFO - Processing /Library/Frameworks/Python.framework/Versions/3.10/lib/python3.10/site-packages/airflow/example_dags/example_dag_decorator.py took 0.274 seconds
[2024-05-05T20:34:45.719+0700] {processor.py:161} INFO - Started process (PID=80602) to work on /Library/Frameworks/Python.framework/Versions/3.10/lib/python3.10/site-packages/airflow/example_dags/example_dag_decorator.py
[2024-05-05T20:34:45.720+0700] {processor.py:830} INFO - Processing file /Library/Frameworks/Python.framework/Versions/3.10/lib/python3.10/site-packages/airflow/example_dags/example_dag_decorator.py for tasks to queue
[2024-05-05T20:34:45.721+0700] {logging_mixin.py:188} INFO - [2024-05-05T20:34:45.720+0700] {dagbag.py:540} INFO - Filling up the DagBag from /Library/Frameworks/Python.framework/Versions/3.10/lib/python3.10/site-packages/airflow/example_dags/example_dag_decorator.py
[2024-05-05T20:34:45.888+0700] {processor.py:840} INFO - DAG(s) 'example_dag_decorator' retrieved from /Library/Frameworks/Python.framework/Versions/3.10/lib/python3.10/site-packages/airflow/example_dags/example_dag_decorator.py
[2024-05-05T20:34:46.002+0700] {logging_mixin.py:188} INFO - [2024-05-05T20:34:46.001+0700] {dag.py:3096} INFO - Sync 1 DAGs
[2024-05-05T20:34:46.008+0700] {logging_mixin.py:188} INFO - [2024-05-05T20:34:46.007+0700] {dag.py:3954} INFO - Setting next_dagrun for example_dag_decorator to None, run_after=None
[2024-05-05T20:34:46.021+0700] {processor.py:183} INFO - Processing /Library/Frameworks/Python.framework/Versions/3.10/lib/python3.10/site-packages/airflow/example_dags/example_dag_decorator.py took 0.303 seconds
[2024-05-05T20:35:48.572+0700] {processor.py:161} INFO - Started process (PID=81289) to work on /Library/Frameworks/Python.framework/Versions/3.10/lib/python3.10/site-packages/airflow/example_dags/example_dag_decorator.py
[2024-05-05T20:35:48.573+0700] {processor.py:830} INFO - Processing file /Library/Frameworks/Python.framework/Versions/3.10/lib/python3.10/site-packages/airflow/example_dags/example_dag_decorator.py for tasks to queue
[2024-05-05T20:35:48.573+0700] {logging_mixin.py:188} INFO - [2024-05-05T20:35:48.573+0700] {dagbag.py:540} INFO - Filling up the DagBag from /Library/Frameworks/Python.framework/Versions/3.10/lib/python3.10/site-packages/airflow/example_dags/example_dag_decorator.py
[2024-05-05T20:35:48.725+0700] {processor.py:840} INFO - DAG(s) 'example_dag_decorator' retrieved from /Library/Frameworks/Python.framework/Versions/3.10/lib/python3.10/site-packages/airflow/example_dags/example_dag_decorator.py
[2024-05-05T20:35:48.842+0700] {logging_mixin.py:188} INFO - [2024-05-05T20:35:48.841+0700] {dag.py:3096} INFO - Sync 1 DAGs
[2024-05-05T20:35:48.848+0700] {logging_mixin.py:188} INFO - [2024-05-05T20:35:48.848+0700] {dag.py:3954} INFO - Setting next_dagrun for example_dag_decorator to None, run_after=None
[2024-05-05T20:35:48.860+0700] {processor.py:183} INFO - Processing /Library/Frameworks/Python.framework/Versions/3.10/lib/python3.10/site-packages/airflow/example_dags/example_dag_decorator.py took 0.290 seconds
[2024-05-05T20:37:30.325+0700] {processor.py:161} INFO - Started process (PID=82316) to work on /Library/Frameworks/Python.framework/Versions/3.10/lib/python3.10/site-packages/airflow/example_dags/example_dag_decorator.py
[2024-05-05T20:37:30.328+0700] {processor.py:830} INFO - Processing file /Library/Frameworks/Python.framework/Versions/3.10/lib/python3.10/site-packages/airflow/example_dags/example_dag_decorator.py for tasks to queue
[2024-05-05T20:37:30.329+0700] {logging_mixin.py:188} INFO - [2024-05-05T20:37:30.328+0700] {dagbag.py:540} INFO - Filling up the DagBag from /Library/Frameworks/Python.framework/Versions/3.10/lib/python3.10/site-packages/airflow/example_dags/example_dag_decorator.py
[2024-05-05T20:37:30.473+0700] {processor.py:840} INFO - DAG(s) 'example_dag_decorator' retrieved from /Library/Frameworks/Python.framework/Versions/3.10/lib/python3.10/site-packages/airflow/example_dags/example_dag_decorator.py
[2024-05-05T20:37:30.599+0700] {logging_mixin.py:188} INFO - [2024-05-05T20:37:30.599+0700] {dag.py:3096} INFO - Sync 1 DAGs
[2024-05-05T20:37:30.606+0700] {logging_mixin.py:188} INFO - [2024-05-05T20:37:30.606+0700] {dag.py:3954} INFO - Setting next_dagrun for example_dag_decorator to None, run_after=None
[2024-05-05T20:37:30.619+0700] {processor.py:183} INFO - Processing /Library/Frameworks/Python.framework/Versions/3.10/lib/python3.10/site-packages/airflow/example_dags/example_dag_decorator.py took 0.296 seconds
[2024-05-05T20:38:24.576+0700] {processor.py:161} INFO - Started process (PID=82819) to work on /Library/Frameworks/Python.framework/Versions/3.10/lib/python3.10/site-packages/airflow/example_dags/example_dag_decorator.py
[2024-05-05T20:38:24.578+0700] {processor.py:830} INFO - Processing file /Library/Frameworks/Python.framework/Versions/3.10/lib/python3.10/site-packages/airflow/example_dags/example_dag_decorator.py for tasks to queue
[2024-05-05T20:38:24.578+0700] {logging_mixin.py:188} INFO - [2024-05-05T20:38:24.578+0700] {dagbag.py:540} INFO - Filling up the DagBag from /Library/Frameworks/Python.framework/Versions/3.10/lib/python3.10/site-packages/airflow/example_dags/example_dag_decorator.py
[2024-05-05T20:38:24.734+0700] {processor.py:840} INFO - DAG(s) 'example_dag_decorator' retrieved from /Library/Frameworks/Python.framework/Versions/3.10/lib/python3.10/site-packages/airflow/example_dags/example_dag_decorator.py
[2024-05-05T20:38:24.861+0700] {logging_mixin.py:188} INFO - [2024-05-05T20:38:24.860+0700] {dag.py:3096} INFO - Sync 1 DAGs
[2024-05-05T20:38:24.867+0700] {logging_mixin.py:188} INFO - [2024-05-05T20:38:24.867+0700] {dag.py:3954} INFO - Setting next_dagrun for example_dag_decorator to None, run_after=None
[2024-05-05T20:38:24.878+0700] {processor.py:183} INFO - Processing /Library/Frameworks/Python.framework/Versions/3.10/lib/python3.10/site-packages/airflow/example_dags/example_dag_decorator.py took 0.303 seconds
[2024-05-05T20:40:04.965+0700] {processor.py:161} INFO - Started process (PID=83759) to work on /Library/Frameworks/Python.framework/Versions/3.10/lib/python3.10/site-packages/airflow/example_dags/example_dag_decorator.py
[2024-05-05T20:40:04.966+0700] {processor.py:830} INFO - Processing file /Library/Frameworks/Python.framework/Versions/3.10/lib/python3.10/site-packages/airflow/example_dags/example_dag_decorator.py for tasks to queue
[2024-05-05T20:40:04.967+0700] {logging_mixin.py:188} INFO - [2024-05-05T20:40:04.967+0700] {dagbag.py:540} INFO - Filling up the DagBag from /Library/Frameworks/Python.framework/Versions/3.10/lib/python3.10/site-packages/airflow/example_dags/example_dag_decorator.py
[2024-05-05T20:40:05.231+0700] {processor.py:840} INFO - DAG(s) 'example_dag_decorator' retrieved from /Library/Frameworks/Python.framework/Versions/3.10/lib/python3.10/site-packages/airflow/example_dags/example_dag_decorator.py
[2024-05-05T20:40:05.630+0700] {logging_mixin.py:188} INFO - [2024-05-05T20:40:05.629+0700] {dag.py:3096} INFO - Sync 1 DAGs
[2024-05-05T20:40:05.645+0700] {logging_mixin.py:188} INFO - [2024-05-05T20:40:05.644+0700] {dag.py:3954} INFO - Setting next_dagrun for example_dag_decorator to None, run_after=None
[2024-05-05T20:40:05.673+0700] {processor.py:183} INFO - Processing /Library/Frameworks/Python.framework/Versions/3.10/lib/python3.10/site-packages/airflow/example_dags/example_dag_decorator.py took 0.713 seconds
[2024-05-05T20:41:14.562+0700] {processor.py:161} INFO - Started process (PID=84415) to work on /Library/Frameworks/Python.framework/Versions/3.10/lib/python3.10/site-packages/airflow/example_dags/example_dag_decorator.py
[2024-05-05T20:41:14.563+0700] {processor.py:830} INFO - Processing file /Library/Frameworks/Python.framework/Versions/3.10/lib/python3.10/site-packages/airflow/example_dags/example_dag_decorator.py for tasks to queue
[2024-05-05T20:41:14.564+0700] {logging_mixin.py:188} INFO - [2024-05-05T20:41:14.563+0700] {dagbag.py:540} INFO - Filling up the DagBag from /Library/Frameworks/Python.framework/Versions/3.10/lib/python3.10/site-packages/airflow/example_dags/example_dag_decorator.py
[2024-05-05T20:41:14.717+0700] {processor.py:840} INFO - DAG(s) 'example_dag_decorator' retrieved from /Library/Frameworks/Python.framework/Versions/3.10/lib/python3.10/site-packages/airflow/example_dags/example_dag_decorator.py
[2024-05-05T20:41:14.848+0700] {logging_mixin.py:188} INFO - [2024-05-05T20:41:14.848+0700] {dag.py:3096} INFO - Sync 1 DAGs
[2024-05-05T20:41:14.854+0700] {logging_mixin.py:188} INFO - [2024-05-05T20:41:14.854+0700] {dag.py:3954} INFO - Setting next_dagrun for example_dag_decorator to None, run_after=None
[2024-05-05T20:41:14.866+0700] {processor.py:183} INFO - Processing /Library/Frameworks/Python.framework/Versions/3.10/lib/python3.10/site-packages/airflow/example_dags/example_dag_decorator.py took 0.307 seconds
[2024-05-05T20:43:01.769+0700] {processor.py:161} INFO - Started process (PID=85387) to work on /Library/Frameworks/Python.framework/Versions/3.10/lib/python3.10/site-packages/airflow/example_dags/example_dag_decorator.py
[2024-05-05T20:43:01.770+0700] {processor.py:830} INFO - Processing file /Library/Frameworks/Python.framework/Versions/3.10/lib/python3.10/site-packages/airflow/example_dags/example_dag_decorator.py for tasks to queue
[2024-05-05T20:43:01.771+0700] {logging_mixin.py:188} INFO - [2024-05-05T20:43:01.771+0700] {dagbag.py:540} INFO - Filling up the DagBag from /Library/Frameworks/Python.framework/Versions/3.10/lib/python3.10/site-packages/airflow/example_dags/example_dag_decorator.py
[2024-05-05T20:43:01.908+0700] {processor.py:840} INFO - DAG(s) 'example_dag_decorator' retrieved from /Library/Frameworks/Python.framework/Versions/3.10/lib/python3.10/site-packages/airflow/example_dags/example_dag_decorator.py
[2024-05-05T20:43:02.030+0700] {logging_mixin.py:188} INFO - [2024-05-05T20:43:02.030+0700] {dag.py:3096} INFO - Sync 1 DAGs
[2024-05-05T20:43:02.036+0700] {logging_mixin.py:188} INFO - [2024-05-05T20:43:02.036+0700] {dag.py:3954} INFO - Setting next_dagrun for example_dag_decorator to None, run_after=None
[2024-05-05T20:43:02.047+0700] {processor.py:183} INFO - Processing /Library/Frameworks/Python.framework/Versions/3.10/lib/python3.10/site-packages/airflow/example_dags/example_dag_decorator.py took 0.280 seconds
[2024-05-05T20:43:48.812+0700] {processor.py:161} INFO - Started process (PID=85810) to work on /Library/Frameworks/Python.framework/Versions/3.10/lib/python3.10/site-packages/airflow/example_dags/example_dag_decorator.py
[2024-05-05T20:43:48.813+0700] {processor.py:830} INFO - Processing file /Library/Frameworks/Python.framework/Versions/3.10/lib/python3.10/site-packages/airflow/example_dags/example_dag_decorator.py for tasks to queue
[2024-05-05T20:43:48.813+0700] {logging_mixin.py:188} INFO - [2024-05-05T20:43:48.813+0700] {dagbag.py:540} INFO - Filling up the DagBag from /Library/Frameworks/Python.framework/Versions/3.10/lib/python3.10/site-packages/airflow/example_dags/example_dag_decorator.py
[2024-05-05T20:43:48.967+0700] {processor.py:840} INFO - DAG(s) 'example_dag_decorator' retrieved from /Library/Frameworks/Python.framework/Versions/3.10/lib/python3.10/site-packages/airflow/example_dags/example_dag_decorator.py
[2024-05-05T20:43:49.097+0700] {logging_mixin.py:188} INFO - [2024-05-05T20:43:49.097+0700] {dag.py:3096} INFO - Sync 1 DAGs
[2024-05-05T20:43:49.104+0700] {logging_mixin.py:188} INFO - [2024-05-05T20:43:49.103+0700] {dag.py:3954} INFO - Setting next_dagrun for example_dag_decorator to None, run_after=None
[2024-05-05T20:43:49.115+0700] {processor.py:183} INFO - Processing /Library/Frameworks/Python.framework/Versions/3.10/lib/python3.10/site-packages/airflow/example_dags/example_dag_decorator.py took 0.306 seconds
[2024-05-05T20:45:41.102+0700] {processor.py:161} INFO - Started process (PID=86860) to work on /Library/Frameworks/Python.framework/Versions/3.10/lib/python3.10/site-packages/airflow/example_dags/example_dag_decorator.py
[2024-05-05T20:45:41.103+0700] {processor.py:830} INFO - Processing file /Library/Frameworks/Python.framework/Versions/3.10/lib/python3.10/site-packages/airflow/example_dags/example_dag_decorator.py for tasks to queue
[2024-05-05T20:45:41.104+0700] {logging_mixin.py:188} INFO - [2024-05-05T20:45:41.104+0700] {dagbag.py:540} INFO - Filling up the DagBag from /Library/Frameworks/Python.framework/Versions/3.10/lib/python3.10/site-packages/airflow/example_dags/example_dag_decorator.py
[2024-05-05T20:45:41.249+0700] {processor.py:840} INFO - DAG(s) 'example_dag_decorator' retrieved from /Library/Frameworks/Python.framework/Versions/3.10/lib/python3.10/site-packages/airflow/example_dags/example_dag_decorator.py
[2024-05-05T20:45:41.360+0700] {logging_mixin.py:188} INFO - [2024-05-05T20:45:41.359+0700] {dag.py:3096} INFO - Sync 1 DAGs
[2024-05-05T20:45:41.367+0700] {logging_mixin.py:188} INFO - [2024-05-05T20:45:41.367+0700] {dag.py:3954} INFO - Setting next_dagrun for example_dag_decorator to None, run_after=None
[2024-05-05T20:45:41.378+0700] {processor.py:183} INFO - Processing /Library/Frameworks/Python.framework/Versions/3.10/lib/python3.10/site-packages/airflow/example_dags/example_dag_decorator.py took 0.278 seconds
[2024-05-05T20:47:12.501+0700] {processor.py:161} INFO - Started process (PID=87364) to work on /Library/Frameworks/Python.framework/Versions/3.10/lib/python3.10/site-packages/airflow/example_dags/example_dag_decorator.py
[2024-05-05T20:47:12.502+0700] {processor.py:830} INFO - Processing file /Library/Frameworks/Python.framework/Versions/3.10/lib/python3.10/site-packages/airflow/example_dags/example_dag_decorator.py for tasks to queue
[2024-05-05T20:47:12.502+0700] {logging_mixin.py:188} INFO - [2024-05-05T20:47:12.502+0700] {dagbag.py:540} INFO - Filling up the DagBag from /Library/Frameworks/Python.framework/Versions/3.10/lib/python3.10/site-packages/airflow/example_dags/example_dag_decorator.py
[2024-05-05T20:47:12.662+0700] {processor.py:840} INFO - DAG(s) 'example_dag_decorator' retrieved from /Library/Frameworks/Python.framework/Versions/3.10/lib/python3.10/site-packages/airflow/example_dags/example_dag_decorator.py
[2024-05-05T20:47:12.785+0700] {logging_mixin.py:188} INFO - [2024-05-05T20:47:12.785+0700] {dag.py:3096} INFO - Sync 1 DAGs
[2024-05-05T20:47:12.791+0700] {logging_mixin.py:188} INFO - [2024-05-05T20:47:12.791+0700] {dag.py:3954} INFO - Setting next_dagrun for example_dag_decorator to None, run_after=None
[2024-05-05T20:47:12.802+0700] {processor.py:183} INFO - Processing /Library/Frameworks/Python.framework/Versions/3.10/lib/python3.10/site-packages/airflow/example_dags/example_dag_decorator.py took 0.305 seconds
[2024-05-05T20:48:15.771+0700] {processor.py:161} INFO - Started process (PID=87925) to work on /Library/Frameworks/Python.framework/Versions/3.10/lib/python3.10/site-packages/airflow/example_dags/example_dag_decorator.py
[2024-05-05T20:48:15.772+0700] {processor.py:830} INFO - Processing file /Library/Frameworks/Python.framework/Versions/3.10/lib/python3.10/site-packages/airflow/example_dags/example_dag_decorator.py for tasks to queue
[2024-05-05T20:48:15.773+0700] {logging_mixin.py:188} INFO - [2024-05-05T20:48:15.773+0700] {dagbag.py:540} INFO - Filling up the DagBag from /Library/Frameworks/Python.framework/Versions/3.10/lib/python3.10/site-packages/airflow/example_dags/example_dag_decorator.py
[2024-05-05T20:48:15.923+0700] {processor.py:840} INFO - DAG(s) 'example_dag_decorator' retrieved from /Library/Frameworks/Python.framework/Versions/3.10/lib/python3.10/site-packages/airflow/example_dags/example_dag_decorator.py
[2024-05-05T20:48:16.044+0700] {logging_mixin.py:188} INFO - [2024-05-05T20:48:16.044+0700] {dag.py:3096} INFO - Sync 1 DAGs
[2024-05-05T20:48:16.050+0700] {logging_mixin.py:188} INFO - [2024-05-05T20:48:16.050+0700] {dag.py:3954} INFO - Setting next_dagrun for example_dag_decorator to None, run_after=None
[2024-05-05T20:48:16.067+0700] {processor.py:183} INFO - Processing /Library/Frameworks/Python.framework/Versions/3.10/lib/python3.10/site-packages/airflow/example_dags/example_dag_decorator.py took 0.298 seconds
[2024-05-05T20:49:53.835+0700] {processor.py:161} INFO - Started process (PID=88820) to work on /Library/Frameworks/Python.framework/Versions/3.10/lib/python3.10/site-packages/airflow/example_dags/example_dag_decorator.py
[2024-05-05T20:49:53.836+0700] {processor.py:830} INFO - Processing file /Library/Frameworks/Python.framework/Versions/3.10/lib/python3.10/site-packages/airflow/example_dags/example_dag_decorator.py for tasks to queue
[2024-05-05T20:49:53.836+0700] {logging_mixin.py:188} INFO - [2024-05-05T20:49:53.836+0700] {dagbag.py:540} INFO - Filling up the DagBag from /Library/Frameworks/Python.framework/Versions/3.10/lib/python3.10/site-packages/airflow/example_dags/example_dag_decorator.py
[2024-05-05T20:49:53.981+0700] {processor.py:840} INFO - DAG(s) 'example_dag_decorator' retrieved from /Library/Frameworks/Python.framework/Versions/3.10/lib/python3.10/site-packages/airflow/example_dags/example_dag_decorator.py
[2024-05-05T20:49:54.109+0700] {logging_mixin.py:188} INFO - [2024-05-05T20:49:54.109+0700] {dag.py:3096} INFO - Sync 1 DAGs
[2024-05-05T20:49:54.116+0700] {logging_mixin.py:188} INFO - [2024-05-05T20:49:54.116+0700] {dag.py:3954} INFO - Setting next_dagrun for example_dag_decorator to None, run_after=None
[2024-05-05T20:49:54.129+0700] {processor.py:183} INFO - Processing /Library/Frameworks/Python.framework/Versions/3.10/lib/python3.10/site-packages/airflow/example_dags/example_dag_decorator.py took 0.296 seconds
[2024-05-05T20:50:51.120+0700] {processor.py:161} INFO - Started process (PID=89353) to work on /Library/Frameworks/Python.framework/Versions/3.10/lib/python3.10/site-packages/airflow/example_dags/example_dag_decorator.py
[2024-05-05T20:50:51.121+0700] {processor.py:830} INFO - Processing file /Library/Frameworks/Python.framework/Versions/3.10/lib/python3.10/site-packages/airflow/example_dags/example_dag_decorator.py for tasks to queue
[2024-05-05T20:50:51.121+0700] {logging_mixin.py:188} INFO - [2024-05-05T20:50:51.121+0700] {dagbag.py:540} INFO - Filling up the DagBag from /Library/Frameworks/Python.framework/Versions/3.10/lib/python3.10/site-packages/airflow/example_dags/example_dag_decorator.py
[2024-05-05T20:50:51.265+0700] {processor.py:840} INFO - DAG(s) 'example_dag_decorator' retrieved from /Library/Frameworks/Python.framework/Versions/3.10/lib/python3.10/site-packages/airflow/example_dags/example_dag_decorator.py
[2024-05-05T20:50:51.390+0700] {logging_mixin.py:188} INFO - [2024-05-05T20:50:51.390+0700] {dag.py:3096} INFO - Sync 1 DAGs
[2024-05-05T20:50:51.396+0700] {logging_mixin.py:188} INFO - [2024-05-05T20:50:51.396+0700] {dag.py:3954} INFO - Setting next_dagrun for example_dag_decorator to None, run_after=None
[2024-05-05T20:50:51.406+0700] {processor.py:183} INFO - Processing /Library/Frameworks/Python.framework/Versions/3.10/lib/python3.10/site-packages/airflow/example_dags/example_dag_decorator.py took 0.288 seconds
[2024-05-05T20:52:30.368+0700] {processor.py:161} INFO - Started process (PID=90626) to work on /Library/Frameworks/Python.framework/Versions/3.10/lib/python3.10/site-packages/airflow/example_dags/example_dag_decorator.py
[2024-05-05T20:52:30.370+0700] {processor.py:830} INFO - Processing file /Library/Frameworks/Python.framework/Versions/3.10/lib/python3.10/site-packages/airflow/example_dags/example_dag_decorator.py for tasks to queue
[2024-05-05T20:52:30.370+0700] {logging_mixin.py:188} INFO - [2024-05-05T20:52:30.370+0700] {dagbag.py:540} INFO - Filling up the DagBag from /Library/Frameworks/Python.framework/Versions/3.10/lib/python3.10/site-packages/airflow/example_dags/example_dag_decorator.py
[2024-05-05T20:52:30.513+0700] {processor.py:840} INFO - DAG(s) 'example_dag_decorator' retrieved from /Library/Frameworks/Python.framework/Versions/3.10/lib/python3.10/site-packages/airflow/example_dags/example_dag_decorator.py
[2024-05-05T20:52:30.625+0700] {logging_mixin.py:188} INFO - [2024-05-05T20:52:30.625+0700] {dag.py:3096} INFO - Sync 1 DAGs
[2024-05-05T20:52:30.631+0700] {logging_mixin.py:188} INFO - [2024-05-05T20:52:30.631+0700] {dag.py:3954} INFO - Setting next_dagrun for example_dag_decorator to None, run_after=None
[2024-05-05T20:52:30.642+0700] {processor.py:183} INFO - Processing /Library/Frameworks/Python.framework/Versions/3.10/lib/python3.10/site-packages/airflow/example_dags/example_dag_decorator.py took 0.275 seconds
[2024-05-05T20:53:30.750+0700] {processor.py:161} INFO - Started process (PID=91187) to work on /Library/Frameworks/Python.framework/Versions/3.10/lib/python3.10/site-packages/airflow/example_dags/example_dag_decorator.py
[2024-05-05T20:53:30.752+0700] {processor.py:830} INFO - Processing file /Library/Frameworks/Python.framework/Versions/3.10/lib/python3.10/site-packages/airflow/example_dags/example_dag_decorator.py for tasks to queue
[2024-05-05T20:53:30.752+0700] {logging_mixin.py:188} INFO - [2024-05-05T20:53:30.752+0700] {dagbag.py:540} INFO - Filling up the DagBag from /Library/Frameworks/Python.framework/Versions/3.10/lib/python3.10/site-packages/airflow/example_dags/example_dag_decorator.py
[2024-05-05T20:53:30.895+0700] {processor.py:840} INFO - DAG(s) 'example_dag_decorator' retrieved from /Library/Frameworks/Python.framework/Versions/3.10/lib/python3.10/site-packages/airflow/example_dags/example_dag_decorator.py
[2024-05-05T20:53:31.021+0700] {logging_mixin.py:188} INFO - [2024-05-05T20:53:31.021+0700] {dag.py:3096} INFO - Sync 1 DAGs
[2024-05-05T20:53:31.027+0700] {logging_mixin.py:188} INFO - [2024-05-05T20:53:31.027+0700] {dag.py:3954} INFO - Setting next_dagrun for example_dag_decorator to None, run_after=None
[2024-05-05T20:53:31.038+0700] {processor.py:183} INFO - Processing /Library/Frameworks/Python.framework/Versions/3.10/lib/python3.10/site-packages/airflow/example_dags/example_dag_decorator.py took 0.289 seconds
[2024-05-05T20:58:05.831+0700] {processor.py:161} INFO - Started process (PID=92326) to work on /Library/Frameworks/Python.framework/Versions/3.10/lib/python3.10/site-packages/airflow/example_dags/example_dag_decorator.py
[2024-05-05T20:58:05.832+0700] {processor.py:830} INFO - Processing file /Library/Frameworks/Python.framework/Versions/3.10/lib/python3.10/site-packages/airflow/example_dags/example_dag_decorator.py for tasks to queue
[2024-05-05T20:58:05.832+0700] {logging_mixin.py:188} INFO - [2024-05-05T20:58:05.832+0700] {dagbag.py:540} INFO - Filling up the DagBag from /Library/Frameworks/Python.framework/Versions/3.10/lib/python3.10/site-packages/airflow/example_dags/example_dag_decorator.py
[2024-05-05T20:58:05.983+0700] {processor.py:840} INFO - DAG(s) 'example_dag_decorator' retrieved from /Library/Frameworks/Python.framework/Versions/3.10/lib/python3.10/site-packages/airflow/example_dags/example_dag_decorator.py
[2024-05-05T20:58:06.100+0700] {logging_mixin.py:188} INFO - [2024-05-05T20:58:06.100+0700] {dag.py:3096} INFO - Sync 1 DAGs
[2024-05-05T20:58:06.107+0700] {logging_mixin.py:188} INFO - [2024-05-05T20:58:06.106+0700] {dag.py:3954} INFO - Setting next_dagrun for example_dag_decorator to None, run_after=None
[2024-05-05T20:58:06.119+0700] {processor.py:183} INFO - Processing /Library/Frameworks/Python.framework/Versions/3.10/lib/python3.10/site-packages/airflow/example_dags/example_dag_decorator.py took 0.290 seconds
[2024-05-05T20:58:57.113+0700] {processor.py:161} INFO - Started process (PID=92781) to work on /Library/Frameworks/Python.framework/Versions/3.10/lib/python3.10/site-packages/airflow/example_dags/example_dag_decorator.py
[2024-05-05T20:58:57.114+0700] {processor.py:830} INFO - Processing file /Library/Frameworks/Python.framework/Versions/3.10/lib/python3.10/site-packages/airflow/example_dags/example_dag_decorator.py for tasks to queue
[2024-05-05T20:58:57.115+0700] {logging_mixin.py:188} INFO - [2024-05-05T20:58:57.115+0700] {dagbag.py:540} INFO - Filling up the DagBag from /Library/Frameworks/Python.framework/Versions/3.10/lib/python3.10/site-packages/airflow/example_dags/example_dag_decorator.py
[2024-05-05T20:58:57.253+0700] {processor.py:840} INFO - DAG(s) 'example_dag_decorator' retrieved from /Library/Frameworks/Python.framework/Versions/3.10/lib/python3.10/site-packages/airflow/example_dags/example_dag_decorator.py
[2024-05-05T20:58:57.375+0700] {logging_mixin.py:188} INFO - [2024-05-05T20:58:57.375+0700] {dag.py:3096} INFO - Sync 1 DAGs
[2024-05-05T20:58:57.381+0700] {logging_mixin.py:188} INFO - [2024-05-05T20:58:57.381+0700] {dag.py:3954} INFO - Setting next_dagrun for example_dag_decorator to None, run_after=None
[2024-05-05T20:58:57.392+0700] {processor.py:183} INFO - Processing /Library/Frameworks/Python.framework/Versions/3.10/lib/python3.10/site-packages/airflow/example_dags/example_dag_decorator.py took 0.280 seconds
[2024-05-05T21:01:49.848+0700] {processor.py:161} INFO - Started process (PID=93901) to work on /Library/Frameworks/Python.framework/Versions/3.10/lib/python3.10/site-packages/airflow/example_dags/example_dag_decorator.py
[2024-05-05T21:01:49.849+0700] {processor.py:830} INFO - Processing file /Library/Frameworks/Python.framework/Versions/3.10/lib/python3.10/site-packages/airflow/example_dags/example_dag_decorator.py for tasks to queue
[2024-05-05T21:01:49.850+0700] {logging_mixin.py:188} INFO - [2024-05-05T21:01:49.850+0700] {dagbag.py:540} INFO - Filling up the DagBag from /Library/Frameworks/Python.framework/Versions/3.10/lib/python3.10/site-packages/airflow/example_dags/example_dag_decorator.py
[2024-05-05T21:01:49.999+0700] {processor.py:840} INFO - DAG(s) 'example_dag_decorator' retrieved from /Library/Frameworks/Python.framework/Versions/3.10/lib/python3.10/site-packages/airflow/example_dags/example_dag_decorator.py
[2024-05-05T21:01:50.124+0700] {logging_mixin.py:188} INFO - [2024-05-05T21:01:50.124+0700] {dag.py:3096} INFO - Sync 1 DAGs
[2024-05-05T21:01:50.130+0700] {logging_mixin.py:188} INFO - [2024-05-05T21:01:50.130+0700] {dag.py:3954} INFO - Setting next_dagrun for example_dag_decorator to None, run_after=None
[2024-05-05T21:01:50.145+0700] {processor.py:183} INFO - Processing /Library/Frameworks/Python.framework/Versions/3.10/lib/python3.10/site-packages/airflow/example_dags/example_dag_decorator.py took 0.299 seconds
[2024-05-05T21:02:28.461+0700] {processor.py:161} INFO - Started process (PID=94248) to work on /Library/Frameworks/Python.framework/Versions/3.10/lib/python3.10/site-packages/airflow/example_dags/example_dag_decorator.py
[2024-05-05T21:02:28.461+0700] {processor.py:830} INFO - Processing file /Library/Frameworks/Python.framework/Versions/3.10/lib/python3.10/site-packages/airflow/example_dags/example_dag_decorator.py for tasks to queue
[2024-05-05T21:02:28.462+0700] {logging_mixin.py:188} INFO - [2024-05-05T21:02:28.462+0700] {dagbag.py:540} INFO - Filling up the DagBag from /Library/Frameworks/Python.framework/Versions/3.10/lib/python3.10/site-packages/airflow/example_dags/example_dag_decorator.py
[2024-05-05T21:02:28.612+0700] {processor.py:840} INFO - DAG(s) 'example_dag_decorator' retrieved from /Library/Frameworks/Python.framework/Versions/3.10/lib/python3.10/site-packages/airflow/example_dags/example_dag_decorator.py
[2024-05-05T21:02:28.728+0700] {logging_mixin.py:188} INFO - [2024-05-05T21:02:28.728+0700] {dag.py:3096} INFO - Sync 1 DAGs
[2024-05-05T21:02:28.735+0700] {logging_mixin.py:188} INFO - [2024-05-05T21:02:28.735+0700] {dag.py:3954} INFO - Setting next_dagrun for example_dag_decorator to None, run_after=None
[2024-05-05T21:02:28.748+0700] {processor.py:183} INFO - Processing /Library/Frameworks/Python.framework/Versions/3.10/lib/python3.10/site-packages/airflow/example_dags/example_dag_decorator.py took 0.289 seconds
[2024-05-05T21:04:23.358+0700] {processor.py:161} INFO - Started process (PID=95288) to work on /Library/Frameworks/Python.framework/Versions/3.10/lib/python3.10/site-packages/airflow/example_dags/example_dag_decorator.py
[2024-05-05T21:04:23.359+0700] {processor.py:830} INFO - Processing file /Library/Frameworks/Python.framework/Versions/3.10/lib/python3.10/site-packages/airflow/example_dags/example_dag_decorator.py for tasks to queue
[2024-05-05T21:04:23.360+0700] {logging_mixin.py:188} INFO - [2024-05-05T21:04:23.359+0700] {dagbag.py:540} INFO - Filling up the DagBag from /Library/Frameworks/Python.framework/Versions/3.10/lib/python3.10/site-packages/airflow/example_dags/example_dag_decorator.py
[2024-05-05T21:04:23.515+0700] {processor.py:840} INFO - DAG(s) 'example_dag_decorator' retrieved from /Library/Frameworks/Python.framework/Versions/3.10/lib/python3.10/site-packages/airflow/example_dags/example_dag_decorator.py
[2024-05-05T21:04:23.655+0700] {logging_mixin.py:188} INFO - [2024-05-05T21:04:23.654+0700] {dag.py:3096} INFO - Sync 1 DAGs
[2024-05-05T21:04:23.661+0700] {logging_mixin.py:188} INFO - [2024-05-05T21:04:23.661+0700] {dag.py:3954} INFO - Setting next_dagrun for example_dag_decorator to None, run_after=None
[2024-05-05T21:04:23.674+0700] {processor.py:183} INFO - Processing /Library/Frameworks/Python.framework/Versions/3.10/lib/python3.10/site-packages/airflow/example_dags/example_dag_decorator.py took 0.318 seconds
[2024-05-05T21:05:01.849+0700] {processor.py:161} INFO - Started process (PID=95630) to work on /Library/Frameworks/Python.framework/Versions/3.10/lib/python3.10/site-packages/airflow/example_dags/example_dag_decorator.py
[2024-05-05T21:05:01.850+0700] {processor.py:830} INFO - Processing file /Library/Frameworks/Python.framework/Versions/3.10/lib/python3.10/site-packages/airflow/example_dags/example_dag_decorator.py for tasks to queue
[2024-05-05T21:05:01.850+0700] {logging_mixin.py:188} INFO - [2024-05-05T21:05:01.850+0700] {dagbag.py:540} INFO - Filling up the DagBag from /Library/Frameworks/Python.framework/Versions/3.10/lib/python3.10/site-packages/airflow/example_dags/example_dag_decorator.py
[2024-05-05T21:05:01.996+0700] {processor.py:840} INFO - DAG(s) 'example_dag_decorator' retrieved from /Library/Frameworks/Python.framework/Versions/3.10/lib/python3.10/site-packages/airflow/example_dags/example_dag_decorator.py
[2024-05-05T21:05:02.107+0700] {logging_mixin.py:188} INFO - [2024-05-05T21:05:02.107+0700] {dag.py:3096} INFO - Sync 1 DAGs
[2024-05-05T21:05:02.114+0700] {logging_mixin.py:188} INFO - [2024-05-05T21:05:02.113+0700] {dag.py:3954} INFO - Setting next_dagrun for example_dag_decorator to None, run_after=None
[2024-05-05T21:05:02.125+0700] {processor.py:183} INFO - Processing /Library/Frameworks/Python.framework/Versions/3.10/lib/python3.10/site-packages/airflow/example_dags/example_dag_decorator.py took 0.279 seconds
[2024-05-05T21:21:38.081+0700] {processor.py:161} INFO - Started process (PID=97142) to work on /Library/Frameworks/Python.framework/Versions/3.10/lib/python3.10/site-packages/airflow/example_dags/example_dag_decorator.py
[2024-05-05T21:21:38.082+0700] {processor.py:830} INFO - Processing file /Library/Frameworks/Python.framework/Versions/3.10/lib/python3.10/site-packages/airflow/example_dags/example_dag_decorator.py for tasks to queue
[2024-05-05T21:21:38.082+0700] {logging_mixin.py:188} INFO - [2024-05-05T21:21:38.082+0700] {dagbag.py:540} INFO - Filling up the DagBag from /Library/Frameworks/Python.framework/Versions/3.10/lib/python3.10/site-packages/airflow/example_dags/example_dag_decorator.py
[2024-05-05T21:21:38.242+0700] {processor.py:840} INFO - DAG(s) 'example_dag_decorator' retrieved from /Library/Frameworks/Python.framework/Versions/3.10/lib/python3.10/site-packages/airflow/example_dags/example_dag_decorator.py
[2024-05-05T21:21:38.377+0700] {logging_mixin.py:188} INFO - [2024-05-05T21:21:38.376+0700] {dag.py:3096} INFO - Sync 1 DAGs
[2024-05-05T21:21:38.383+0700] {logging_mixin.py:188} INFO - [2024-05-05T21:21:38.383+0700] {dag.py:3954} INFO - Setting next_dagrun for example_dag_decorator to None, run_after=None
[2024-05-05T21:21:38.394+0700] {processor.py:183} INFO - Processing /Library/Frameworks/Python.framework/Versions/3.10/lib/python3.10/site-packages/airflow/example_dags/example_dag_decorator.py took 0.317 seconds
[2024-05-05T21:21:57.599+0700] {processor.py:161} INFO - Started process (PID=97320) to work on /Library/Frameworks/Python.framework/Versions/3.10/lib/python3.10/site-packages/airflow/example_dags/example_dag_decorator.py
[2024-05-05T21:21:57.599+0700] {processor.py:830} INFO - Processing file /Library/Frameworks/Python.framework/Versions/3.10/lib/python3.10/site-packages/airflow/example_dags/example_dag_decorator.py for tasks to queue
[2024-05-05T21:21:57.600+0700] {logging_mixin.py:188} INFO - [2024-05-05T21:21:57.600+0700] {dagbag.py:540} INFO - Filling up the DagBag from /Library/Frameworks/Python.framework/Versions/3.10/lib/python3.10/site-packages/airflow/example_dags/example_dag_decorator.py
[2024-05-05T21:21:57.740+0700] {processor.py:840} INFO - DAG(s) 'example_dag_decorator' retrieved from /Library/Frameworks/Python.framework/Versions/3.10/lib/python3.10/site-packages/airflow/example_dags/example_dag_decorator.py
[2024-05-05T21:21:57.753+0700] {logging_mixin.py:188} INFO - [2024-05-05T21:21:57.753+0700] {dag.py:3096} INFO - Sync 1 DAGs
[2024-05-05T21:21:57.804+0700] {logging_mixin.py:188} INFO - [2024-05-05T21:21:57.803+0700] {dag.py:3954} INFO - Setting next_dagrun for example_dag_decorator to None, run_after=None
[2024-05-05T21:21:57.815+0700] {processor.py:183} INFO - Processing /Library/Frameworks/Python.framework/Versions/3.10/lib/python3.10/site-packages/airflow/example_dags/example_dag_decorator.py took 0.218 seconds
[2024-05-05T22:57:41.919+0700] {processor.py:161} INFO - Started process (PID=38787) to work on /Library/Frameworks/Python.framework/Versions/3.10/lib/python3.10/site-packages/airflow/example_dags/example_dag_decorator.py
[2024-05-05T22:57:41.919+0700] {processor.py:830} INFO - Processing file /Library/Frameworks/Python.framework/Versions/3.10/lib/python3.10/site-packages/airflow/example_dags/example_dag_decorator.py for tasks to queue
[2024-05-05T22:57:41.920+0700] {logging_mixin.py:188} INFO - [2024-05-05T22:57:41.920+0700] {dagbag.py:540} INFO - Filling up the DagBag from /Library/Frameworks/Python.framework/Versions/3.10/lib/python3.10/site-packages/airflow/example_dags/example_dag_decorator.py
[2024-05-05T22:57:42.062+0700] {processor.py:840} INFO - DAG(s) 'example_dag_decorator' retrieved from /Library/Frameworks/Python.framework/Versions/3.10/lib/python3.10/site-packages/airflow/example_dags/example_dag_decorator.py
[2024-05-05T22:57:42.175+0700] {logging_mixin.py:188} INFO - [2024-05-05T22:57:42.174+0700] {dag.py:3096} INFO - Sync 1 DAGs
[2024-05-05T22:57:42.181+0700] {logging_mixin.py:188} INFO - [2024-05-05T22:57:42.181+0700] {dag.py:3954} INFO - Setting next_dagrun for example_dag_decorator to None, run_after=None
[2024-05-05T22:57:42.193+0700] {processor.py:183} INFO - Processing /Library/Frameworks/Python.framework/Versions/3.10/lib/python3.10/site-packages/airflow/example_dags/example_dag_decorator.py took 0.276 seconds
[2024-05-05T23:00:29.270+0700] {processor.py:161} INFO - Started process (PID=39669) to work on /Library/Frameworks/Python.framework/Versions/3.10/lib/python3.10/site-packages/airflow/example_dags/example_dag_decorator.py
[2024-05-05T23:00:29.272+0700] {processor.py:830} INFO - Processing file /Library/Frameworks/Python.framework/Versions/3.10/lib/python3.10/site-packages/airflow/example_dags/example_dag_decorator.py for tasks to queue
[2024-05-05T23:00:29.272+0700] {logging_mixin.py:188} INFO - [2024-05-05T23:00:29.272+0700] {dagbag.py:540} INFO - Filling up the DagBag from /Library/Frameworks/Python.framework/Versions/3.10/lib/python3.10/site-packages/airflow/example_dags/example_dag_decorator.py
[2024-05-05T23:00:29.422+0700] {processor.py:840} INFO - DAG(s) 'example_dag_decorator' retrieved from /Library/Frameworks/Python.framework/Versions/3.10/lib/python3.10/site-packages/airflow/example_dags/example_dag_decorator.py
[2024-05-05T23:00:29.547+0700] {logging_mixin.py:188} INFO - [2024-05-05T23:00:29.546+0700] {dag.py:3096} INFO - Sync 1 DAGs
[2024-05-05T23:00:29.553+0700] {logging_mixin.py:188} INFO - [2024-05-05T23:00:29.552+0700] {dag.py:3954} INFO - Setting next_dagrun for example_dag_decorator to None, run_after=None
[2024-05-05T23:00:29.564+0700] {processor.py:183} INFO - Processing /Library/Frameworks/Python.framework/Versions/3.10/lib/python3.10/site-packages/airflow/example_dags/example_dag_decorator.py took 0.296 seconds
[2024-05-05T23:07:27.072+0700] {processor.py:161} INFO - Started process (PID=44595) to work on /Library/Frameworks/Python.framework/Versions/3.10/lib/python3.10/site-packages/airflow/example_dags/example_dag_decorator.py
[2024-05-05T23:07:27.073+0700] {processor.py:830} INFO - Processing file /Library/Frameworks/Python.framework/Versions/3.10/lib/python3.10/site-packages/airflow/example_dags/example_dag_decorator.py for tasks to queue
[2024-05-05T23:07:27.074+0700] {logging_mixin.py:188} INFO - [2024-05-05T23:07:27.074+0700] {dagbag.py:540} INFO - Filling up the DagBag from /Library/Frameworks/Python.framework/Versions/3.10/lib/python3.10/site-packages/airflow/example_dags/example_dag_decorator.py
[2024-05-05T23:07:27.225+0700] {processor.py:840} INFO - DAG(s) 'example_dag_decorator' retrieved from /Library/Frameworks/Python.framework/Versions/3.10/lib/python3.10/site-packages/airflow/example_dags/example_dag_decorator.py
[2024-05-05T23:07:27.350+0700] {logging_mixin.py:188} INFO - [2024-05-05T23:07:27.350+0700] {dag.py:3096} INFO - Sync 1 DAGs
[2024-05-05T23:07:27.356+0700] {logging_mixin.py:188} INFO - [2024-05-05T23:07:27.356+0700] {dag.py:3954} INFO - Setting next_dagrun for example_dag_decorator to None, run_after=None
[2024-05-05T23:07:27.367+0700] {processor.py:183} INFO - Processing /Library/Frameworks/Python.framework/Versions/3.10/lib/python3.10/site-packages/airflow/example_dags/example_dag_decorator.py took 0.300 seconds
[2024-05-05T23:10:40.197+0700] {processor.py:161} INFO - Started process (PID=45617) to work on /Library/Frameworks/Python.framework/Versions/3.10/lib/python3.10/site-packages/airflow/example_dags/example_dag_decorator.py
[2024-05-05T23:10:40.198+0700] {processor.py:830} INFO - Processing file /Library/Frameworks/Python.framework/Versions/3.10/lib/python3.10/site-packages/airflow/example_dags/example_dag_decorator.py for tasks to queue
[2024-05-05T23:10:40.198+0700] {logging_mixin.py:188} INFO - [2024-05-05T23:10:40.198+0700] {dagbag.py:540} INFO - Filling up the DagBag from /Library/Frameworks/Python.framework/Versions/3.10/lib/python3.10/site-packages/airflow/example_dags/example_dag_decorator.py
[2024-05-05T23:10:40.345+0700] {processor.py:840} INFO - DAG(s) 'example_dag_decorator' retrieved from /Library/Frameworks/Python.framework/Versions/3.10/lib/python3.10/site-packages/airflow/example_dags/example_dag_decorator.py
[2024-05-05T23:10:40.454+0700] {logging_mixin.py:188} INFO - [2024-05-05T23:10:40.454+0700] {dag.py:3096} INFO - Sync 1 DAGs
[2024-05-05T23:10:40.461+0700] {logging_mixin.py:188} INFO - [2024-05-05T23:10:40.461+0700] {dag.py:3954} INFO - Setting next_dagrun for example_dag_decorator to None, run_after=None
[2024-05-05T23:10:40.472+0700] {processor.py:183} INFO - Processing /Library/Frameworks/Python.framework/Versions/3.10/lib/python3.10/site-packages/airflow/example_dags/example_dag_decorator.py took 0.277 seconds
[2024-05-05T23:13:38.041+0700] {processor.py:161} INFO - Started process (PID=46496) to work on /Library/Frameworks/Python.framework/Versions/3.10/lib/python3.10/site-packages/airflow/example_dags/example_dag_decorator.py
[2024-05-05T23:13:38.043+0700] {processor.py:830} INFO - Processing file /Library/Frameworks/Python.framework/Versions/3.10/lib/python3.10/site-packages/airflow/example_dags/example_dag_decorator.py for tasks to queue
[2024-05-05T23:13:38.043+0700] {logging_mixin.py:188} INFO - [2024-05-05T23:13:38.043+0700] {dagbag.py:540} INFO - Filling up the DagBag from /Library/Frameworks/Python.framework/Versions/3.10/lib/python3.10/site-packages/airflow/example_dags/example_dag_decorator.py
[2024-05-05T23:13:38.195+0700] {processor.py:840} INFO - DAG(s) 'example_dag_decorator' retrieved from /Library/Frameworks/Python.framework/Versions/3.10/lib/python3.10/site-packages/airflow/example_dags/example_dag_decorator.py
[2024-05-05T23:13:38.316+0700] {logging_mixin.py:188} INFO - [2024-05-05T23:13:38.316+0700] {dag.py:3096} INFO - Sync 1 DAGs
[2024-05-05T23:13:38.322+0700] {logging_mixin.py:188} INFO - [2024-05-05T23:13:38.322+0700] {dag.py:3954} INFO - Setting next_dagrun for example_dag_decorator to None, run_after=None
[2024-05-05T23:13:38.334+0700] {processor.py:183} INFO - Processing /Library/Frameworks/Python.framework/Versions/3.10/lib/python3.10/site-packages/airflow/example_dags/example_dag_decorator.py took 0.295 seconds
[2024-05-05T23:16:40.199+0700] {processor.py:161} INFO - Started process (PID=47423) to work on /Library/Frameworks/Python.framework/Versions/3.10/lib/python3.10/site-packages/airflow/example_dags/example_dag_decorator.py
[2024-05-05T23:16:40.200+0700] {processor.py:830} INFO - Processing file /Library/Frameworks/Python.framework/Versions/3.10/lib/python3.10/site-packages/airflow/example_dags/example_dag_decorator.py for tasks to queue
[2024-05-05T23:16:40.201+0700] {logging_mixin.py:188} INFO - [2024-05-05T23:16:40.200+0700] {dagbag.py:540} INFO - Filling up the DagBag from /Library/Frameworks/Python.framework/Versions/3.10/lib/python3.10/site-packages/airflow/example_dags/example_dag_decorator.py
[2024-05-05T23:16:40.344+0700] {processor.py:840} INFO - DAG(s) 'example_dag_decorator' retrieved from /Library/Frameworks/Python.framework/Versions/3.10/lib/python3.10/site-packages/airflow/example_dags/example_dag_decorator.py
[2024-05-05T23:16:40.464+0700] {logging_mixin.py:188} INFO - [2024-05-05T23:16:40.463+0700] {dag.py:3096} INFO - Sync 1 DAGs
[2024-05-05T23:16:40.469+0700] {logging_mixin.py:188} INFO - [2024-05-05T23:16:40.469+0700] {dag.py:3954} INFO - Setting next_dagrun for example_dag_decorator to None, run_after=None
[2024-05-05T23:16:40.480+0700] {processor.py:183} INFO - Processing /Library/Frameworks/Python.framework/Versions/3.10/lib/python3.10/site-packages/airflow/example_dags/example_dag_decorator.py took 0.283 seconds
[2024-05-05T23:19:29.857+0700] {processor.py:161} INFO - Started process (PID=48264) to work on /Library/Frameworks/Python.framework/Versions/3.10/lib/python3.10/site-packages/airflow/example_dags/example_dag_decorator.py
[2024-05-05T23:19:29.859+0700] {processor.py:830} INFO - Processing file /Library/Frameworks/Python.framework/Versions/3.10/lib/python3.10/site-packages/airflow/example_dags/example_dag_decorator.py for tasks to queue
[2024-05-05T23:19:29.860+0700] {logging_mixin.py:188} INFO - [2024-05-05T23:19:29.860+0700] {dagbag.py:540} INFO - Filling up the DagBag from /Library/Frameworks/Python.framework/Versions/3.10/lib/python3.10/site-packages/airflow/example_dags/example_dag_decorator.py
[2024-05-05T23:19:30.061+0700] {processor.py:840} INFO - DAG(s) 'example_dag_decorator' retrieved from /Library/Frameworks/Python.framework/Versions/3.10/lib/python3.10/site-packages/airflow/example_dags/example_dag_decorator.py
[2024-05-05T23:19:30.191+0700] {logging_mixin.py:188} INFO - [2024-05-05T23:19:30.190+0700] {dag.py:3096} INFO - Sync 1 DAGs
[2024-05-05T23:19:30.197+0700] {logging_mixin.py:188} INFO - [2024-05-05T23:19:30.197+0700] {dag.py:3954} INFO - Setting next_dagrun for example_dag_decorator to None, run_after=None
[2024-05-05T23:19:30.208+0700] {processor.py:183} INFO - Processing /Library/Frameworks/Python.framework/Versions/3.10/lib/python3.10/site-packages/airflow/example_dags/example_dag_decorator.py took 0.358 seconds
[2024-05-05T23:22:19.591+0700] {processor.py:161} INFO - Started process (PID=49070) to work on /Library/Frameworks/Python.framework/Versions/3.10/lib/python3.10/site-packages/airflow/example_dags/example_dag_decorator.py
[2024-05-05T23:22:19.592+0700] {processor.py:830} INFO - Processing file /Library/Frameworks/Python.framework/Versions/3.10/lib/python3.10/site-packages/airflow/example_dags/example_dag_decorator.py for tasks to queue
[2024-05-05T23:22:19.593+0700] {logging_mixin.py:188} INFO - [2024-05-05T23:22:19.593+0700] {dagbag.py:540} INFO - Filling up the DagBag from /Library/Frameworks/Python.framework/Versions/3.10/lib/python3.10/site-packages/airflow/example_dags/example_dag_decorator.py
[2024-05-05T23:22:19.738+0700] {processor.py:840} INFO - DAG(s) 'example_dag_decorator' retrieved from /Library/Frameworks/Python.framework/Versions/3.10/lib/python3.10/site-packages/airflow/example_dags/example_dag_decorator.py
[2024-05-05T23:22:19.861+0700] {logging_mixin.py:188} INFO - [2024-05-05T23:22:19.861+0700] {dag.py:3096} INFO - Sync 1 DAGs
[2024-05-05T23:22:19.867+0700] {logging_mixin.py:188} INFO - [2024-05-05T23:22:19.867+0700] {dag.py:3954} INFO - Setting next_dagrun for example_dag_decorator to None, run_after=None
[2024-05-05T23:22:19.878+0700] {processor.py:183} INFO - Processing /Library/Frameworks/Python.framework/Versions/3.10/lib/python3.10/site-packages/airflow/example_dags/example_dag_decorator.py took 0.290 seconds
[2024-05-05T23:24:58.851+0700] {processor.py:161} INFO - Started process (PID=49803) to work on /Library/Frameworks/Python.framework/Versions/3.10/lib/python3.10/site-packages/airflow/example_dags/example_dag_decorator.py
[2024-05-05T23:24:58.852+0700] {processor.py:830} INFO - Processing file /Library/Frameworks/Python.framework/Versions/3.10/lib/python3.10/site-packages/airflow/example_dags/example_dag_decorator.py for tasks to queue
[2024-05-05T23:24:58.853+0700] {logging_mixin.py:188} INFO - [2024-05-05T23:24:58.853+0700] {dagbag.py:540} INFO - Filling up the DagBag from /Library/Frameworks/Python.framework/Versions/3.10/lib/python3.10/site-packages/airflow/example_dags/example_dag_decorator.py
[2024-05-05T23:24:59.015+0700] {processor.py:840} INFO - DAG(s) 'example_dag_decorator' retrieved from /Library/Frameworks/Python.framework/Versions/3.10/lib/python3.10/site-packages/airflow/example_dags/example_dag_decorator.py
[2024-05-05T23:24:59.151+0700] {logging_mixin.py:188} INFO - [2024-05-05T23:24:59.151+0700] {dag.py:3096} INFO - Sync 1 DAGs
[2024-05-05T23:24:59.157+0700] {logging_mixin.py:188} INFO - [2024-05-05T23:24:59.157+0700] {dag.py:3954} INFO - Setting next_dagrun for example_dag_decorator to None, run_after=None
[2024-05-05T23:24:59.171+0700] {processor.py:183} INFO - Processing /Library/Frameworks/Python.framework/Versions/3.10/lib/python3.10/site-packages/airflow/example_dags/example_dag_decorator.py took 0.321 seconds
[2024-05-05T23:27:32.716+0700] {processor.py:161} INFO - Started process (PID=50511) to work on /Library/Frameworks/Python.framework/Versions/3.10/lib/python3.10/site-packages/airflow/example_dags/example_dag_decorator.py
[2024-05-05T23:27:32.717+0700] {processor.py:830} INFO - Processing file /Library/Frameworks/Python.framework/Versions/3.10/lib/python3.10/site-packages/airflow/example_dags/example_dag_decorator.py for tasks to queue
[2024-05-05T23:27:32.718+0700] {logging_mixin.py:188} INFO - [2024-05-05T23:27:32.718+0700] {dagbag.py:540} INFO - Filling up the DagBag from /Library/Frameworks/Python.framework/Versions/3.10/lib/python3.10/site-packages/airflow/example_dags/example_dag_decorator.py
[2024-05-05T23:27:32.880+0700] {processor.py:840} INFO - DAG(s) 'example_dag_decorator' retrieved from /Library/Frameworks/Python.framework/Versions/3.10/lib/python3.10/site-packages/airflow/example_dags/example_dag_decorator.py
[2024-05-05T23:27:33.013+0700] {logging_mixin.py:188} INFO - [2024-05-05T23:27:33.013+0700] {dag.py:3096} INFO - Sync 1 DAGs
[2024-05-05T23:27:33.020+0700] {logging_mixin.py:188} INFO - [2024-05-05T23:27:33.019+0700] {dag.py:3954} INFO - Setting next_dagrun for example_dag_decorator to None, run_after=None
[2024-05-05T23:27:33.032+0700] {processor.py:183} INFO - Processing /Library/Frameworks/Python.framework/Versions/3.10/lib/python3.10/site-packages/airflow/example_dags/example_dag_decorator.py took 0.317 seconds
[2024-05-05T23:30:15.421+0700] {processor.py:161} INFO - Started process (PID=51274) to work on /Library/Frameworks/Python.framework/Versions/3.10/lib/python3.10/site-packages/airflow/example_dags/example_dag_decorator.py
[2024-05-05T23:30:15.421+0700] {processor.py:830} INFO - Processing file /Library/Frameworks/Python.framework/Versions/3.10/lib/python3.10/site-packages/airflow/example_dags/example_dag_decorator.py for tasks to queue
[2024-05-05T23:30:15.422+0700] {logging_mixin.py:188} INFO - [2024-05-05T23:30:15.422+0700] {dagbag.py:540} INFO - Filling up the DagBag from /Library/Frameworks/Python.framework/Versions/3.10/lib/python3.10/site-packages/airflow/example_dags/example_dag_decorator.py
[2024-05-05T23:30:15.568+0700] {processor.py:840} INFO - DAG(s) 'example_dag_decorator' retrieved from /Library/Frameworks/Python.framework/Versions/3.10/lib/python3.10/site-packages/airflow/example_dags/example_dag_decorator.py
[2024-05-05T23:30:15.695+0700] {logging_mixin.py:188} INFO - [2024-05-05T23:30:15.694+0700] {dag.py:3096} INFO - Sync 1 DAGs
[2024-05-05T23:30:15.700+0700] {logging_mixin.py:188} INFO - [2024-05-05T23:30:15.700+0700] {dag.py:3954} INFO - Setting next_dagrun for example_dag_decorator to None, run_after=None
[2024-05-05T23:30:15.711+0700] {processor.py:183} INFO - Processing /Library/Frameworks/Python.framework/Versions/3.10/lib/python3.10/site-packages/airflow/example_dags/example_dag_decorator.py took 0.292 seconds
[2024-05-05T23:32:51.375+0700] {processor.py:161} INFO - Started process (PID=51998) to work on /Library/Frameworks/Python.framework/Versions/3.10/lib/python3.10/site-packages/airflow/example_dags/example_dag_decorator.py
[2024-05-05T23:32:51.377+0700] {processor.py:830} INFO - Processing file /Library/Frameworks/Python.framework/Versions/3.10/lib/python3.10/site-packages/airflow/example_dags/example_dag_decorator.py for tasks to queue
[2024-05-05T23:32:51.377+0700] {logging_mixin.py:188} INFO - [2024-05-05T23:32:51.377+0700] {dagbag.py:540} INFO - Filling up the DagBag from /Library/Frameworks/Python.framework/Versions/3.10/lib/python3.10/site-packages/airflow/example_dags/example_dag_decorator.py
[2024-05-05T23:32:51.587+0700] {processor.py:840} INFO - DAG(s) 'example_dag_decorator' retrieved from /Library/Frameworks/Python.framework/Versions/3.10/lib/python3.10/site-packages/airflow/example_dags/example_dag_decorator.py
[2024-05-05T23:32:51.713+0700] {logging_mixin.py:188} INFO - [2024-05-05T23:32:51.713+0700] {dag.py:3096} INFO - Sync 1 DAGs
[2024-05-05T23:32:51.719+0700] {logging_mixin.py:188} INFO - [2024-05-05T23:32:51.718+0700] {dag.py:3954} INFO - Setting next_dagrun for example_dag_decorator to None, run_after=None
[2024-05-05T23:32:51.729+0700] {processor.py:183} INFO - Processing /Library/Frameworks/Python.framework/Versions/3.10/lib/python3.10/site-packages/airflow/example_dags/example_dag_decorator.py took 0.356 seconds
[2024-05-05T23:35:39.908+0700] {processor.py:161} INFO - Started process (PID=52848) to work on /Library/Frameworks/Python.framework/Versions/3.10/lib/python3.10/site-packages/airflow/example_dags/example_dag_decorator.py
[2024-05-05T23:35:39.909+0700] {processor.py:830} INFO - Processing file /Library/Frameworks/Python.framework/Versions/3.10/lib/python3.10/site-packages/airflow/example_dags/example_dag_decorator.py for tasks to queue
[2024-05-05T23:35:39.909+0700] {logging_mixin.py:188} INFO - [2024-05-05T23:35:39.909+0700] {dagbag.py:540} INFO - Filling up the DagBag from /Library/Frameworks/Python.framework/Versions/3.10/lib/python3.10/site-packages/airflow/example_dags/example_dag_decorator.py
[2024-05-05T23:35:40.088+0700] {processor.py:840} INFO - DAG(s) 'example_dag_decorator' retrieved from /Library/Frameworks/Python.framework/Versions/3.10/lib/python3.10/site-packages/airflow/example_dags/example_dag_decorator.py
[2024-05-05T23:35:40.218+0700] {logging_mixin.py:188} INFO - [2024-05-05T23:35:40.217+0700] {dag.py:3096} INFO - Sync 1 DAGs
[2024-05-05T23:35:40.224+0700] {logging_mixin.py:188} INFO - [2024-05-05T23:35:40.223+0700] {dag.py:3954} INFO - Setting next_dagrun for example_dag_decorator to None, run_after=None
[2024-05-05T23:35:40.235+0700] {processor.py:183} INFO - Processing /Library/Frameworks/Python.framework/Versions/3.10/lib/python3.10/site-packages/airflow/example_dags/example_dag_decorator.py took 0.329 seconds
[2024-05-05T23:38:14.259+0700] {processor.py:161} INFO - Started process (PID=53551) to work on /Library/Frameworks/Python.framework/Versions/3.10/lib/python3.10/site-packages/airflow/example_dags/example_dag_decorator.py
[2024-05-05T23:38:14.260+0700] {processor.py:830} INFO - Processing file /Library/Frameworks/Python.framework/Versions/3.10/lib/python3.10/site-packages/airflow/example_dags/example_dag_decorator.py for tasks to queue
[2024-05-05T23:38:14.261+0700] {logging_mixin.py:188} INFO - [2024-05-05T23:38:14.260+0700] {dagbag.py:540} INFO - Filling up the DagBag from /Library/Frameworks/Python.framework/Versions/3.10/lib/python3.10/site-packages/airflow/example_dags/example_dag_decorator.py
[2024-05-05T23:38:14.411+0700] {processor.py:840} INFO - DAG(s) 'example_dag_decorator' retrieved from /Library/Frameworks/Python.framework/Versions/3.10/lib/python3.10/site-packages/airflow/example_dags/example_dag_decorator.py
[2024-05-05T23:38:14.537+0700] {logging_mixin.py:188} INFO - [2024-05-05T23:38:14.537+0700] {dag.py:3096} INFO - Sync 1 DAGs
[2024-05-05T23:38:14.544+0700] {logging_mixin.py:188} INFO - [2024-05-05T23:38:14.544+0700] {dag.py:3954} INFO - Setting next_dagrun for example_dag_decorator to None, run_after=None
[2024-05-05T23:38:14.556+0700] {processor.py:183} INFO - Processing /Library/Frameworks/Python.framework/Versions/3.10/lib/python3.10/site-packages/airflow/example_dags/example_dag_decorator.py took 0.299 seconds
[2024-05-05T23:40:58.801+0700] {processor.py:161} INFO - Started process (PID=54306) to work on /Library/Frameworks/Python.framework/Versions/3.10/lib/python3.10/site-packages/airflow/example_dags/example_dag_decorator.py
[2024-05-05T23:40:58.802+0700] {processor.py:830} INFO - Processing file /Library/Frameworks/Python.framework/Versions/3.10/lib/python3.10/site-packages/airflow/example_dags/example_dag_decorator.py for tasks to queue
[2024-05-05T23:40:58.802+0700] {logging_mixin.py:188} INFO - [2024-05-05T23:40:58.802+0700] {dagbag.py:540} INFO - Filling up the DagBag from /Library/Frameworks/Python.framework/Versions/3.10/lib/python3.10/site-packages/airflow/example_dags/example_dag_decorator.py
[2024-05-05T23:40:58.947+0700] {processor.py:840} INFO - DAG(s) 'example_dag_decorator' retrieved from /Library/Frameworks/Python.framework/Versions/3.10/lib/python3.10/site-packages/airflow/example_dags/example_dag_decorator.py
[2024-05-05T23:40:59.073+0700] {logging_mixin.py:188} INFO - [2024-05-05T23:40:59.072+0700] {dag.py:3096} INFO - Sync 1 DAGs
[2024-05-05T23:40:59.079+0700] {logging_mixin.py:188} INFO - [2024-05-05T23:40:59.078+0700] {dag.py:3954} INFO - Setting next_dagrun for example_dag_decorator to None, run_after=None
[2024-05-05T23:40:59.090+0700] {processor.py:183} INFO - Processing /Library/Frameworks/Python.framework/Versions/3.10/lib/python3.10/site-packages/airflow/example_dags/example_dag_decorator.py took 0.291 seconds
[2024-05-05T23:43:43.244+0700] {processor.py:161} INFO - Started process (PID=55073) to work on /Library/Frameworks/Python.framework/Versions/3.10/lib/python3.10/site-packages/airflow/example_dags/example_dag_decorator.py
[2024-05-05T23:43:43.245+0700] {processor.py:830} INFO - Processing file /Library/Frameworks/Python.framework/Versions/3.10/lib/python3.10/site-packages/airflow/example_dags/example_dag_decorator.py for tasks to queue
[2024-05-05T23:43:43.245+0700] {logging_mixin.py:188} INFO - [2024-05-05T23:43:43.245+0700] {dagbag.py:540} INFO - Filling up the DagBag from /Library/Frameworks/Python.framework/Versions/3.10/lib/python3.10/site-packages/airflow/example_dags/example_dag_decorator.py
[2024-05-05T23:43:43.391+0700] {processor.py:840} INFO - DAG(s) 'example_dag_decorator' retrieved from /Library/Frameworks/Python.framework/Versions/3.10/lib/python3.10/site-packages/airflow/example_dags/example_dag_decorator.py
[2024-05-05T23:43:43.522+0700] {logging_mixin.py:188} INFO - [2024-05-05T23:43:43.522+0700] {dag.py:3096} INFO - Sync 1 DAGs
[2024-05-05T23:43:43.528+0700] {logging_mixin.py:188} INFO - [2024-05-05T23:43:43.528+0700] {dag.py:3954} INFO - Setting next_dagrun for example_dag_decorator to None, run_after=None
[2024-05-05T23:43:43.539+0700] {processor.py:183} INFO - Processing /Library/Frameworks/Python.framework/Versions/3.10/lib/python3.10/site-packages/airflow/example_dags/example_dag_decorator.py took 0.297 seconds
[2024-05-05T23:46:25.372+0700] {processor.py:161} INFO - Started process (PID=55889) to work on /Library/Frameworks/Python.framework/Versions/3.10/lib/python3.10/site-packages/airflow/example_dags/example_dag_decorator.py
[2024-05-05T23:46:25.373+0700] {processor.py:830} INFO - Processing file /Library/Frameworks/Python.framework/Versions/3.10/lib/python3.10/site-packages/airflow/example_dags/example_dag_decorator.py for tasks to queue
[2024-05-05T23:46:25.373+0700] {logging_mixin.py:188} INFO - [2024-05-05T23:46:25.373+0700] {dagbag.py:540} INFO - Filling up the DagBag from /Library/Frameworks/Python.framework/Versions/3.10/lib/python3.10/site-packages/airflow/example_dags/example_dag_decorator.py
[2024-05-05T23:46:25.591+0700] {processor.py:840} INFO - DAG(s) 'example_dag_decorator' retrieved from /Library/Frameworks/Python.framework/Versions/3.10/lib/python3.10/site-packages/airflow/example_dags/example_dag_decorator.py
[2024-05-05T23:46:25.720+0700] {logging_mixin.py:188} INFO - [2024-05-05T23:46:25.719+0700] {dag.py:3096} INFO - Sync 1 DAGs
[2024-05-05T23:46:25.726+0700] {logging_mixin.py:188} INFO - [2024-05-05T23:46:25.726+0700] {dag.py:3954} INFO - Setting next_dagrun for example_dag_decorator to None, run_after=None
[2024-05-05T23:46:25.737+0700] {processor.py:183} INFO - Processing /Library/Frameworks/Python.framework/Versions/3.10/lib/python3.10/site-packages/airflow/example_dags/example_dag_decorator.py took 0.367 seconds
[2024-05-05T23:49:00.951+0700] {processor.py:161} INFO - Started process (PID=56689) to work on /Library/Frameworks/Python.framework/Versions/3.10/lib/python3.10/site-packages/airflow/example_dags/example_dag_decorator.py
[2024-05-05T23:49:00.952+0700] {processor.py:830} INFO - Processing file /Library/Frameworks/Python.framework/Versions/3.10/lib/python3.10/site-packages/airflow/example_dags/example_dag_decorator.py for tasks to queue
[2024-05-05T23:49:00.953+0700] {logging_mixin.py:188} INFO - [2024-05-05T23:49:00.952+0700] {dagbag.py:540} INFO - Filling up the DagBag from /Library/Frameworks/Python.framework/Versions/3.10/lib/python3.10/site-packages/airflow/example_dags/example_dag_decorator.py
[2024-05-05T23:49:01.097+0700] {processor.py:840} INFO - DAG(s) 'example_dag_decorator' retrieved from /Library/Frameworks/Python.framework/Versions/3.10/lib/python3.10/site-packages/airflow/example_dags/example_dag_decorator.py
[2024-05-05T23:49:01.218+0700] {logging_mixin.py:188} INFO - [2024-05-05T23:49:01.218+0700] {dag.py:3096} INFO - Sync 1 DAGs
[2024-05-05T23:49:01.224+0700] {logging_mixin.py:188} INFO - [2024-05-05T23:49:01.224+0700] {dag.py:3954} INFO - Setting next_dagrun for example_dag_decorator to None, run_after=None
[2024-05-05T23:49:01.235+0700] {processor.py:183} INFO - Processing /Library/Frameworks/Python.framework/Versions/3.10/lib/python3.10/site-packages/airflow/example_dags/example_dag_decorator.py took 0.285 seconds
[2024-05-05T23:51:32.807+0700] {processor.py:161} INFO - Started process (PID=57375) to work on /Library/Frameworks/Python.framework/Versions/3.10/lib/python3.10/site-packages/airflow/example_dags/example_dag_decorator.py
[2024-05-05T23:51:32.809+0700] {processor.py:830} INFO - Processing file /Library/Frameworks/Python.framework/Versions/3.10/lib/python3.10/site-packages/airflow/example_dags/example_dag_decorator.py for tasks to queue
[2024-05-05T23:51:32.809+0700] {logging_mixin.py:188} INFO - [2024-05-05T23:51:32.809+0700] {dagbag.py:540} INFO - Filling up the DagBag from /Library/Frameworks/Python.framework/Versions/3.10/lib/python3.10/site-packages/airflow/example_dags/example_dag_decorator.py
[2024-05-05T23:51:32.958+0700] {processor.py:840} INFO - DAG(s) 'example_dag_decorator' retrieved from /Library/Frameworks/Python.framework/Versions/3.10/lib/python3.10/site-packages/airflow/example_dags/example_dag_decorator.py
[2024-05-05T23:51:33.083+0700] {logging_mixin.py:188} INFO - [2024-05-05T23:51:33.083+0700] {dag.py:3096} INFO - Sync 1 DAGs
[2024-05-05T23:51:33.089+0700] {logging_mixin.py:188} INFO - [2024-05-05T23:51:33.089+0700] {dag.py:3954} INFO - Setting next_dagrun for example_dag_decorator to None, run_after=None
[2024-05-05T23:51:33.099+0700] {processor.py:183} INFO - Processing /Library/Frameworks/Python.framework/Versions/3.10/lib/python3.10/site-packages/airflow/example_dags/example_dag_decorator.py took 0.294 seconds
[2024-05-05T23:54:12.117+0700] {processor.py:161} INFO - Started process (PID=58167) to work on /Library/Frameworks/Python.framework/Versions/3.10/lib/python3.10/site-packages/airflow/example_dags/example_dag_decorator.py
[2024-05-05T23:54:12.118+0700] {processor.py:830} INFO - Processing file /Library/Frameworks/Python.framework/Versions/3.10/lib/python3.10/site-packages/airflow/example_dags/example_dag_decorator.py for tasks to queue
[2024-05-05T23:54:12.119+0700] {logging_mixin.py:188} INFO - [2024-05-05T23:54:12.119+0700] {dagbag.py:540} INFO - Filling up the DagBag from /Library/Frameworks/Python.framework/Versions/3.10/lib/python3.10/site-packages/airflow/example_dags/example_dag_decorator.py
[2024-05-05T23:54:12.265+0700] {processor.py:840} INFO - DAG(s) 'example_dag_decorator' retrieved from /Library/Frameworks/Python.framework/Versions/3.10/lib/python3.10/site-packages/airflow/example_dags/example_dag_decorator.py
[2024-05-05T23:54:12.390+0700] {logging_mixin.py:188} INFO - [2024-05-05T23:54:12.390+0700] {dag.py:3096} INFO - Sync 1 DAGs
[2024-05-05T23:54:12.396+0700] {logging_mixin.py:188} INFO - [2024-05-05T23:54:12.396+0700] {dag.py:3954} INFO - Setting next_dagrun for example_dag_decorator to None, run_after=None
[2024-05-05T23:54:12.407+0700] {processor.py:183} INFO - Processing /Library/Frameworks/Python.framework/Versions/3.10/lib/python3.10/site-packages/airflow/example_dags/example_dag_decorator.py took 0.291 seconds
[2024-05-05T23:56:44.551+0700] {processor.py:161} INFO - Started process (PID=58861) to work on /Library/Frameworks/Python.framework/Versions/3.10/lib/python3.10/site-packages/airflow/example_dags/example_dag_decorator.py
[2024-05-05T23:56:44.552+0700] {processor.py:830} INFO - Processing file /Library/Frameworks/Python.framework/Versions/3.10/lib/python3.10/site-packages/airflow/example_dags/example_dag_decorator.py for tasks to queue
[2024-05-05T23:56:44.552+0700] {logging_mixin.py:188} INFO - [2024-05-05T23:56:44.552+0700] {dagbag.py:540} INFO - Filling up the DagBag from /Library/Frameworks/Python.framework/Versions/3.10/lib/python3.10/site-packages/airflow/example_dags/example_dag_decorator.py
[2024-05-05T23:56:44.697+0700] {processor.py:840} INFO - DAG(s) 'example_dag_decorator' retrieved from /Library/Frameworks/Python.framework/Versions/3.10/lib/python3.10/site-packages/airflow/example_dags/example_dag_decorator.py
[2024-05-05T23:56:44.823+0700] {logging_mixin.py:188} INFO - [2024-05-05T23:56:44.822+0700] {dag.py:3096} INFO - Sync 1 DAGs
[2024-05-05T23:56:44.828+0700] {logging_mixin.py:188} INFO - [2024-05-05T23:56:44.828+0700] {dag.py:3954} INFO - Setting next_dagrun for example_dag_decorator to None, run_after=None
[2024-05-05T23:56:44.839+0700] {processor.py:183} INFO - Processing /Library/Frameworks/Python.framework/Versions/3.10/lib/python3.10/site-packages/airflow/example_dags/example_dag_decorator.py took 0.290 seconds
[2024-05-05T23:59:32.832+0700] {processor.py:161} INFO - Started process (PID=60042) to work on /Library/Frameworks/Python.framework/Versions/3.10/lib/python3.10/site-packages/airflow/example_dags/example_dag_decorator.py
[2024-05-05T23:59:32.833+0700] {processor.py:830} INFO - Processing file /Library/Frameworks/Python.framework/Versions/3.10/lib/python3.10/site-packages/airflow/example_dags/example_dag_decorator.py for tasks to queue
[2024-05-05T23:59:32.833+0700] {logging_mixin.py:188} INFO - [2024-05-05T23:59:32.833+0700] {dagbag.py:540} INFO - Filling up the DagBag from /Library/Frameworks/Python.framework/Versions/3.10/lib/python3.10/site-packages/airflow/example_dags/example_dag_decorator.py
[2024-05-05T23:59:32.990+0700] {processor.py:840} INFO - DAG(s) 'example_dag_decorator' retrieved from /Library/Frameworks/Python.framework/Versions/3.10/lib/python3.10/site-packages/airflow/example_dags/example_dag_decorator.py
[2024-05-05T23:59:33.123+0700] {logging_mixin.py:188} INFO - [2024-05-05T23:59:33.123+0700] {dag.py:3096} INFO - Sync 1 DAGs
[2024-05-05T23:59:33.130+0700] {logging_mixin.py:188} INFO - [2024-05-05T23:59:33.130+0700] {dag.py:3954} INFO - Setting next_dagrun for example_dag_decorator to None, run_after=None
[2024-05-05T23:59:33.141+0700] {processor.py:183} INFO - Processing /Library/Frameworks/Python.framework/Versions/3.10/lib/python3.10/site-packages/airflow/example_dags/example_dag_decorator.py took 0.312 seconds
[2024-05-06T00:02:14.685+0700] {processor.py:161} INFO - Started process (PID=60872) to work on /Library/Frameworks/Python.framework/Versions/3.10/lib/python3.10/site-packages/airflow/example_dags/example_dag_decorator.py
[2024-05-06T00:02:14.686+0700] {processor.py:830} INFO - Processing file /Library/Frameworks/Python.framework/Versions/3.10/lib/python3.10/site-packages/airflow/example_dags/example_dag_decorator.py for tasks to queue
[2024-05-06T00:02:14.686+0700] {logging_mixin.py:188} INFO - [2024-05-06T00:02:14.686+0700] {dagbag.py:540} INFO - Filling up the DagBag from /Library/Frameworks/Python.framework/Versions/3.10/lib/python3.10/site-packages/airflow/example_dags/example_dag_decorator.py
[2024-05-06T00:02:14.830+0700] {processor.py:840} INFO - DAG(s) 'example_dag_decorator' retrieved from /Library/Frameworks/Python.framework/Versions/3.10/lib/python3.10/site-packages/airflow/example_dags/example_dag_decorator.py
[2024-05-06T00:02:14.955+0700] {logging_mixin.py:188} INFO - [2024-05-06T00:02:14.955+0700] {dag.py:3096} INFO - Sync 1 DAGs
[2024-05-06T00:02:14.961+0700] {logging_mixin.py:188} INFO - [2024-05-06T00:02:14.961+0700] {dag.py:3954} INFO - Setting next_dagrun for example_dag_decorator to None, run_after=None
[2024-05-06T00:02:14.973+0700] {processor.py:183} INFO - Processing /Library/Frameworks/Python.framework/Versions/3.10/lib/python3.10/site-packages/airflow/example_dags/example_dag_decorator.py took 0.290 seconds
[2024-05-06T00:04:52.782+0700] {processor.py:161} INFO - Started process (PID=61612) to work on /Library/Frameworks/Python.framework/Versions/3.10/lib/python3.10/site-packages/airflow/example_dags/example_dag_decorator.py
[2024-05-06T00:04:52.783+0700] {processor.py:830} INFO - Processing file /Library/Frameworks/Python.framework/Versions/3.10/lib/python3.10/site-packages/airflow/example_dags/example_dag_decorator.py for tasks to queue
[2024-05-06T00:04:52.783+0700] {logging_mixin.py:188} INFO - [2024-05-06T00:04:52.783+0700] {dagbag.py:540} INFO - Filling up the DagBag from /Library/Frameworks/Python.framework/Versions/3.10/lib/python3.10/site-packages/airflow/example_dags/example_dag_decorator.py
[2024-05-06T00:04:52.936+0700] {processor.py:840} INFO - DAG(s) 'example_dag_decorator' retrieved from /Library/Frameworks/Python.framework/Versions/3.10/lib/python3.10/site-packages/airflow/example_dags/example_dag_decorator.py
[2024-05-06T00:04:53.066+0700] {logging_mixin.py:188} INFO - [2024-05-06T00:04:53.065+0700] {dag.py:3096} INFO - Sync 1 DAGs
[2024-05-06T00:04:53.071+0700] {logging_mixin.py:188} INFO - [2024-05-06T00:04:53.071+0700] {dag.py:3954} INFO - Setting next_dagrun for example_dag_decorator to None, run_after=None
[2024-05-06T00:04:53.083+0700] {processor.py:183} INFO - Processing /Library/Frameworks/Python.framework/Versions/3.10/lib/python3.10/site-packages/airflow/example_dags/example_dag_decorator.py took 0.303 seconds
[2024-05-06T00:07:26.028+0700] {processor.py:161} INFO - Started process (PID=64501) to work on /Library/Frameworks/Python.framework/Versions/3.10/lib/python3.10/site-packages/airflow/example_dags/example_dag_decorator.py
[2024-05-06T00:07:26.029+0700] {processor.py:830} INFO - Processing file /Library/Frameworks/Python.framework/Versions/3.10/lib/python3.10/site-packages/airflow/example_dags/example_dag_decorator.py for tasks to queue
[2024-05-06T00:07:26.029+0700] {logging_mixin.py:188} INFO - [2024-05-06T00:07:26.029+0700] {dagbag.py:540} INFO - Filling up the DagBag from /Library/Frameworks/Python.framework/Versions/3.10/lib/python3.10/site-packages/airflow/example_dags/example_dag_decorator.py
[2024-05-06T00:07:26.184+0700] {processor.py:840} INFO - DAG(s) 'example_dag_decorator' retrieved from /Library/Frameworks/Python.framework/Versions/3.10/lib/python3.10/site-packages/airflow/example_dags/example_dag_decorator.py
[2024-05-06T00:07:26.315+0700] {logging_mixin.py:188} INFO - [2024-05-06T00:07:26.314+0700] {dag.py:3096} INFO - Sync 1 DAGs
[2024-05-06T00:07:26.321+0700] {logging_mixin.py:188} INFO - [2024-05-06T00:07:26.321+0700] {dag.py:3954} INFO - Setting next_dagrun for example_dag_decorator to None, run_after=None
[2024-05-06T00:07:26.333+0700] {processor.py:183} INFO - Processing /Library/Frameworks/Python.framework/Versions/3.10/lib/python3.10/site-packages/airflow/example_dags/example_dag_decorator.py took 0.307 seconds
[2024-05-06T00:10:02.320+0700] {processor.py:161} INFO - Started process (PID=65222) to work on /Library/Frameworks/Python.framework/Versions/3.10/lib/python3.10/site-packages/airflow/example_dags/example_dag_decorator.py
[2024-05-06T00:10:02.322+0700] {processor.py:830} INFO - Processing file /Library/Frameworks/Python.framework/Versions/3.10/lib/python3.10/site-packages/airflow/example_dags/example_dag_decorator.py for tasks to queue
[2024-05-06T00:10:02.322+0700] {logging_mixin.py:188} INFO - [2024-05-06T00:10:02.322+0700] {dagbag.py:540} INFO - Filling up the DagBag from /Library/Frameworks/Python.framework/Versions/3.10/lib/python3.10/site-packages/airflow/example_dags/example_dag_decorator.py
[2024-05-06T00:10:02.468+0700] {processor.py:840} INFO - DAG(s) 'example_dag_decorator' retrieved from /Library/Frameworks/Python.framework/Versions/3.10/lib/python3.10/site-packages/airflow/example_dags/example_dag_decorator.py
[2024-05-06T00:10:02.593+0700] {logging_mixin.py:188} INFO - [2024-05-06T00:10:02.593+0700] {dag.py:3096} INFO - Sync 1 DAGs
[2024-05-06T00:10:02.599+0700] {logging_mixin.py:188} INFO - [2024-05-06T00:10:02.599+0700] {dag.py:3954} INFO - Setting next_dagrun for example_dag_decorator to None, run_after=None
[2024-05-06T00:10:02.610+0700] {processor.py:183} INFO - Processing /Library/Frameworks/Python.framework/Versions/3.10/lib/python3.10/site-packages/airflow/example_dags/example_dag_decorator.py took 0.291 seconds
[2024-05-06T00:12:38.462+0700] {processor.py:161} INFO - Started process (PID=65936) to work on /Library/Frameworks/Python.framework/Versions/3.10/lib/python3.10/site-packages/airflow/example_dags/example_dag_decorator.py
[2024-05-06T00:12:38.464+0700] {processor.py:830} INFO - Processing file /Library/Frameworks/Python.framework/Versions/3.10/lib/python3.10/site-packages/airflow/example_dags/example_dag_decorator.py for tasks to queue
[2024-05-06T00:12:38.464+0700] {logging_mixin.py:188} INFO - [2024-05-06T00:12:38.464+0700] {dagbag.py:540} INFO - Filling up the DagBag from /Library/Frameworks/Python.framework/Versions/3.10/lib/python3.10/site-packages/airflow/example_dags/example_dag_decorator.py
[2024-05-06T00:12:38.610+0700] {processor.py:840} INFO - DAG(s) 'example_dag_decorator' retrieved from /Library/Frameworks/Python.framework/Versions/3.10/lib/python3.10/site-packages/airflow/example_dags/example_dag_decorator.py
[2024-05-06T00:12:38.733+0700] {logging_mixin.py:188} INFO - [2024-05-06T00:12:38.732+0700] {dag.py:3096} INFO - Sync 1 DAGs
[2024-05-06T00:12:38.738+0700] {logging_mixin.py:188} INFO - [2024-05-06T00:12:38.738+0700] {dag.py:3954} INFO - Setting next_dagrun for example_dag_decorator to None, run_after=None
[2024-05-06T00:12:38.750+0700] {processor.py:183} INFO - Processing /Library/Frameworks/Python.framework/Versions/3.10/lib/python3.10/site-packages/airflow/example_dags/example_dag_decorator.py took 0.289 seconds
[2024-05-06T00:15:14.861+0700] {processor.py:161} INFO - Started process (PID=66642) to work on /Library/Frameworks/Python.framework/Versions/3.10/lib/python3.10/site-packages/airflow/example_dags/example_dag_decorator.py
[2024-05-06T00:15:14.862+0700] {processor.py:830} INFO - Processing file /Library/Frameworks/Python.framework/Versions/3.10/lib/python3.10/site-packages/airflow/example_dags/example_dag_decorator.py for tasks to queue
[2024-05-06T00:15:14.862+0700] {logging_mixin.py:188} INFO - [2024-05-06T00:15:14.862+0700] {dagbag.py:540} INFO - Filling up the DagBag from /Library/Frameworks/Python.framework/Versions/3.10/lib/python3.10/site-packages/airflow/example_dags/example_dag_decorator.py
[2024-05-06T00:15:15.017+0700] {processor.py:840} INFO - DAG(s) 'example_dag_decorator' retrieved from /Library/Frameworks/Python.framework/Versions/3.10/lib/python3.10/site-packages/airflow/example_dags/example_dag_decorator.py
[2024-05-06T00:15:15.145+0700] {logging_mixin.py:188} INFO - [2024-05-06T00:15:15.145+0700] {dag.py:3096} INFO - Sync 1 DAGs
[2024-05-06T00:15:15.151+0700] {logging_mixin.py:188} INFO - [2024-05-06T00:15:15.151+0700] {dag.py:3954} INFO - Setting next_dagrun for example_dag_decorator to None, run_after=None
[2024-05-06T00:15:15.164+0700] {processor.py:183} INFO - Processing /Library/Frameworks/Python.framework/Versions/3.10/lib/python3.10/site-packages/airflow/example_dags/example_dag_decorator.py took 0.305 seconds
[2024-05-06T00:17:57.938+0700] {processor.py:161} INFO - Started process (PID=67388) to work on /Library/Frameworks/Python.framework/Versions/3.10/lib/python3.10/site-packages/airflow/example_dags/example_dag_decorator.py
[2024-05-06T00:17:57.939+0700] {processor.py:830} INFO - Processing file /Library/Frameworks/Python.framework/Versions/3.10/lib/python3.10/site-packages/airflow/example_dags/example_dag_decorator.py for tasks to queue
[2024-05-06T00:17:57.940+0700] {logging_mixin.py:188} INFO - [2024-05-06T00:17:57.940+0700] {dagbag.py:540} INFO - Filling up the DagBag from /Library/Frameworks/Python.framework/Versions/3.10/lib/python3.10/site-packages/airflow/example_dags/example_dag_decorator.py
[2024-05-06T00:17:58.081+0700] {processor.py:840} INFO - DAG(s) 'example_dag_decorator' retrieved from /Library/Frameworks/Python.framework/Versions/3.10/lib/python3.10/site-packages/airflow/example_dags/example_dag_decorator.py
[2024-05-06T00:17:58.189+0700] {logging_mixin.py:188} INFO - [2024-05-06T00:17:58.189+0700] {dag.py:3096} INFO - Sync 1 DAGs
[2024-05-06T00:17:58.195+0700] {logging_mixin.py:188} INFO - [2024-05-06T00:17:58.195+0700] {dag.py:3954} INFO - Setting next_dagrun for example_dag_decorator to None, run_after=None
[2024-05-06T00:17:58.206+0700] {processor.py:183} INFO - Processing /Library/Frameworks/Python.framework/Versions/3.10/lib/python3.10/site-packages/airflow/example_dags/example_dag_decorator.py took 0.271 seconds
[2024-05-06T00:20:34.833+0700] {processor.py:161} INFO - Started process (PID=68106) to work on /Library/Frameworks/Python.framework/Versions/3.10/lib/python3.10/site-packages/airflow/example_dags/example_dag_decorator.py
[2024-05-06T00:20:34.834+0700] {processor.py:830} INFO - Processing file /Library/Frameworks/Python.framework/Versions/3.10/lib/python3.10/site-packages/airflow/example_dags/example_dag_decorator.py for tasks to queue
[2024-05-06T00:20:34.835+0700] {logging_mixin.py:188} INFO - [2024-05-06T00:20:34.835+0700] {dagbag.py:540} INFO - Filling up the DagBag from /Library/Frameworks/Python.framework/Versions/3.10/lib/python3.10/site-packages/airflow/example_dags/example_dag_decorator.py
[2024-05-06T00:20:34.986+0700] {processor.py:840} INFO - DAG(s) 'example_dag_decorator' retrieved from /Library/Frameworks/Python.framework/Versions/3.10/lib/python3.10/site-packages/airflow/example_dags/example_dag_decorator.py
[2024-05-06T00:20:35.115+0700] {logging_mixin.py:188} INFO - [2024-05-06T00:20:35.115+0700] {dag.py:3096} INFO - Sync 1 DAGs
[2024-05-06T00:20:35.121+0700] {logging_mixin.py:188} INFO - [2024-05-06T00:20:35.121+0700] {dag.py:3954} INFO - Setting next_dagrun for example_dag_decorator to None, run_after=None
[2024-05-06T00:20:35.136+0700] {processor.py:183} INFO - Processing /Library/Frameworks/Python.framework/Versions/3.10/lib/python3.10/site-packages/airflow/example_dags/example_dag_decorator.py took 0.305 seconds
[2024-05-06T00:23:15.785+0700] {processor.py:161} INFO - Started process (PID=68850) to work on /Library/Frameworks/Python.framework/Versions/3.10/lib/python3.10/site-packages/airflow/example_dags/example_dag_decorator.py
[2024-05-06T00:23:15.786+0700] {processor.py:830} INFO - Processing file /Library/Frameworks/Python.framework/Versions/3.10/lib/python3.10/site-packages/airflow/example_dags/example_dag_decorator.py for tasks to queue
[2024-05-06T00:23:15.786+0700] {logging_mixin.py:188} INFO - [2024-05-06T00:23:15.786+0700] {dagbag.py:540} INFO - Filling up the DagBag from /Library/Frameworks/Python.framework/Versions/3.10/lib/python3.10/site-packages/airflow/example_dags/example_dag_decorator.py
[2024-05-06T00:23:15.939+0700] {processor.py:840} INFO - DAG(s) 'example_dag_decorator' retrieved from /Library/Frameworks/Python.framework/Versions/3.10/lib/python3.10/site-packages/airflow/example_dags/example_dag_decorator.py
[2024-05-06T00:23:16.068+0700] {logging_mixin.py:188} INFO - [2024-05-06T00:23:16.068+0700] {dag.py:3096} INFO - Sync 1 DAGs
[2024-05-06T00:23:16.075+0700] {logging_mixin.py:188} INFO - [2024-05-06T00:23:16.075+0700] {dag.py:3954} INFO - Setting next_dagrun for example_dag_decorator to None, run_after=None
[2024-05-06T00:23:16.089+0700] {processor.py:183} INFO - Processing /Library/Frameworks/Python.framework/Versions/3.10/lib/python3.10/site-packages/airflow/example_dags/example_dag_decorator.py took 0.306 seconds
[2024-05-06T00:25:52.479+0700] {processor.py:161} INFO - Started process (PID=69552) to work on /Library/Frameworks/Python.framework/Versions/3.10/lib/python3.10/site-packages/airflow/example_dags/example_dag_decorator.py
[2024-05-06T00:25:52.480+0700] {processor.py:830} INFO - Processing file /Library/Frameworks/Python.framework/Versions/3.10/lib/python3.10/site-packages/airflow/example_dags/example_dag_decorator.py for tasks to queue
[2024-05-06T00:25:52.480+0700] {logging_mixin.py:188} INFO - [2024-05-06T00:25:52.480+0700] {dagbag.py:540} INFO - Filling up the DagBag from /Library/Frameworks/Python.framework/Versions/3.10/lib/python3.10/site-packages/airflow/example_dags/example_dag_decorator.py
[2024-05-06T00:25:52.626+0700] {processor.py:840} INFO - DAG(s) 'example_dag_decorator' retrieved from /Library/Frameworks/Python.framework/Versions/3.10/lib/python3.10/site-packages/airflow/example_dags/example_dag_decorator.py
[2024-05-06T00:25:52.749+0700] {logging_mixin.py:188} INFO - [2024-05-06T00:25:52.749+0700] {dag.py:3096} INFO - Sync 1 DAGs
[2024-05-06T00:25:52.755+0700] {logging_mixin.py:188} INFO - [2024-05-06T00:25:52.755+0700] {dag.py:3954} INFO - Setting next_dagrun for example_dag_decorator to None, run_after=None
[2024-05-06T00:25:52.767+0700] {processor.py:183} INFO - Processing /Library/Frameworks/Python.framework/Versions/3.10/lib/python3.10/site-packages/airflow/example_dags/example_dag_decorator.py took 0.289 seconds
[2024-05-06T00:28:26.874+0700] {processor.py:161} INFO - Started process (PID=70249) to work on /Library/Frameworks/Python.framework/Versions/3.10/lib/python3.10/site-packages/airflow/example_dags/example_dag_decorator.py
[2024-05-06T00:28:26.876+0700] {processor.py:830} INFO - Processing file /Library/Frameworks/Python.framework/Versions/3.10/lib/python3.10/site-packages/airflow/example_dags/example_dag_decorator.py for tasks to queue
[2024-05-06T00:28:26.876+0700] {logging_mixin.py:188} INFO - [2024-05-06T00:28:26.876+0700] {dagbag.py:540} INFO - Filling up the DagBag from /Library/Frameworks/Python.framework/Versions/3.10/lib/python3.10/site-packages/airflow/example_dags/example_dag_decorator.py
[2024-05-06T00:28:27.025+0700] {processor.py:840} INFO - DAG(s) 'example_dag_decorator' retrieved from /Library/Frameworks/Python.framework/Versions/3.10/lib/python3.10/site-packages/airflow/example_dags/example_dag_decorator.py
[2024-05-06T00:28:27.153+0700] {logging_mixin.py:188} INFO - [2024-05-06T00:28:27.153+0700] {dag.py:3096} INFO - Sync 1 DAGs
[2024-05-06T00:28:27.160+0700] {logging_mixin.py:188} INFO - [2024-05-06T00:28:27.160+0700] {dag.py:3954} INFO - Setting next_dagrun for example_dag_decorator to None, run_after=None
[2024-05-06T00:28:27.172+0700] {processor.py:183} INFO - Processing /Library/Frameworks/Python.framework/Versions/3.10/lib/python3.10/site-packages/airflow/example_dags/example_dag_decorator.py took 0.300 seconds
[2024-05-06T04:32:28.698+0700] {processor.py:161} INFO - Started process (PID=71867) to work on /Library/Frameworks/Python.framework/Versions/3.10/lib/python3.10/site-packages/airflow/example_dags/example_dag_decorator.py
[2024-05-06T04:32:28.700+0700] {processor.py:830} INFO - Processing file /Library/Frameworks/Python.framework/Versions/3.10/lib/python3.10/site-packages/airflow/example_dags/example_dag_decorator.py for tasks to queue
[2024-05-06T04:32:28.700+0700] {logging_mixin.py:188} INFO - [2024-05-06T04:32:28.700+0700] {dagbag.py:540} INFO - Filling up the DagBag from /Library/Frameworks/Python.framework/Versions/3.10/lib/python3.10/site-packages/airflow/example_dags/example_dag_decorator.py
[2024-05-06T04:32:28.908+0700] {processor.py:840} INFO - DAG(s) 'example_dag_decorator' retrieved from /Library/Frameworks/Python.framework/Versions/3.10/lib/python3.10/site-packages/airflow/example_dags/example_dag_decorator.py
[2024-05-06T04:32:29.047+0700] {logging_mixin.py:188} INFO - [2024-05-06T04:32:29.047+0700] {dag.py:3096} INFO - Sync 1 DAGs
[2024-05-06T04:32:29.053+0700] {logging_mixin.py:188} INFO - [2024-05-06T04:32:29.053+0700] {dag.py:3954} INFO - Setting next_dagrun for example_dag_decorator to None, run_after=None
[2024-05-06T04:32:29.065+0700] {processor.py:183} INFO - Processing /Library/Frameworks/Python.framework/Versions/3.10/lib/python3.10/site-packages/airflow/example_dags/example_dag_decorator.py took 0.370 seconds
