[2024-05-05T20:31:06.457+0700] {processor.py:161} INFO - Started process (PID=78296) to work on /Library/Frameworks/Python.framework/Versions/3.10/lib/python3.10/site-packages/airflow/example_dags/example_latest_only_with_trigger.py
[2024-05-05T20:31:06.460+0700] {processor.py:830} INFO - Processing file /Library/Frameworks/Python.framework/Versions/3.10/lib/python3.10/site-packages/airflow/example_dags/example_latest_only_with_trigger.py for tasks to queue
[2024-05-05T20:31:06.460+0700] {logging_mixin.py:188} INFO - [2024-05-05T20:31:06.460+0700] {dagbag.py:540} INFO - Filling up the DagBag from /Library/Frameworks/Python.framework/Versions/3.10/lib/python3.10/site-packages/airflow/example_dags/example_latest_only_with_trigger.py
[2024-05-05T20:31:06.467+0700] {processor.py:840} INFO - DAG(s) 'latest_only_with_trigger' retrieved from /Library/Frameworks/Python.framework/Versions/3.10/lib/python3.10/site-packages/airflow/example_dags/example_latest_only_with_trigger.py
[2024-05-05T20:31:06.626+0700] {logging_mixin.py:188} INFO - [2024-05-05T20:31:06.626+0700] {dag.py:3096} INFO - Sync 1 DAGs
[2024-05-05T20:31:06.636+0700] {logging_mixin.py:188} INFO - [2024-05-05T20:31:06.636+0700] {dag.py:3954} INFO - Setting next_dagrun for latest_only_with_trigger to 2024-05-05 08:00:00+00:00, run_after=2024-05-05 12:00:00+00:00
[2024-05-05T20:31:06.647+0700] {processor.py:183} INFO - Processing /Library/Frameworks/Python.framework/Versions/3.10/lib/python3.10/site-packages/airflow/example_dags/example_latest_only_with_trigger.py took 0.192 seconds
[2024-05-05T20:33:15.814+0700] {processor.py:161} INFO - Started process (PID=79720) to work on /Library/Frameworks/Python.framework/Versions/3.10/lib/python3.10/site-packages/airflow/example_dags/example_latest_only_with_trigger.py
[2024-05-05T20:33:15.815+0700] {processor.py:830} INFO - Processing file /Library/Frameworks/Python.framework/Versions/3.10/lib/python3.10/site-packages/airflow/example_dags/example_latest_only_with_trigger.py for tasks to queue
[2024-05-05T20:33:15.816+0700] {logging_mixin.py:188} INFO - [2024-05-05T20:33:15.815+0700] {dagbag.py:540} INFO - Filling up the DagBag from /Library/Frameworks/Python.framework/Versions/3.10/lib/python3.10/site-packages/airflow/example_dags/example_latest_only_with_trigger.py
[2024-05-05T20:33:15.828+0700] {processor.py:840} INFO - DAG(s) 'latest_only_with_trigger' retrieved from /Library/Frameworks/Python.framework/Versions/3.10/lib/python3.10/site-packages/airflow/example_dags/example_latest_only_with_trigger.py
[2024-05-05T20:33:15.941+0700] {logging_mixin.py:188} INFO - [2024-05-05T20:33:15.941+0700] {dag.py:3096} INFO - Sync 1 DAGs
[2024-05-05T20:33:15.952+0700] {logging_mixin.py:188} INFO - [2024-05-05T20:33:15.952+0700] {dag.py:3954} INFO - Setting next_dagrun for latest_only_with_trigger to 2024-05-05 08:00:00+00:00, run_after=2024-05-05 12:00:00+00:00
[2024-05-05T20:33:15.965+0700] {processor.py:183} INFO - Processing /Library/Frameworks/Python.framework/Versions/3.10/lib/python3.10/site-packages/airflow/example_dags/example_latest_only_with_trigger.py took 0.152 seconds
[2024-05-05T20:35:31.355+0700] {processor.py:161} INFO - Started process (PID=81109) to work on /Library/Frameworks/Python.framework/Versions/3.10/lib/python3.10/site-packages/airflow/example_dags/example_latest_only_with_trigger.py
[2024-05-05T20:35:31.356+0700] {processor.py:830} INFO - Processing file /Library/Frameworks/Python.framework/Versions/3.10/lib/python3.10/site-packages/airflow/example_dags/example_latest_only_with_trigger.py for tasks to queue
[2024-05-05T20:35:31.357+0700] {logging_mixin.py:188} INFO - [2024-05-05T20:35:31.357+0700] {dagbag.py:540} INFO - Filling up the DagBag from /Library/Frameworks/Python.framework/Versions/3.10/lib/python3.10/site-packages/airflow/example_dags/example_latest_only_with_trigger.py
[2024-05-05T20:35:31.371+0700] {processor.py:840} INFO - DAG(s) 'latest_only_with_trigger' retrieved from /Library/Frameworks/Python.framework/Versions/3.10/lib/python3.10/site-packages/airflow/example_dags/example_latest_only_with_trigger.py
[2024-05-05T20:35:31.526+0700] {logging_mixin.py:188} INFO - [2024-05-05T20:35:31.525+0700] {dag.py:3096} INFO - Sync 1 DAGs
[2024-05-05T20:35:31.535+0700] {logging_mixin.py:188} INFO - [2024-05-05T20:35:31.535+0700] {dag.py:3954} INFO - Setting next_dagrun for latest_only_with_trigger to 2024-05-05 08:00:00+00:00, run_after=2024-05-05 12:00:00+00:00
[2024-05-05T20:35:31.546+0700] {processor.py:183} INFO - Processing /Library/Frameworks/Python.framework/Versions/3.10/lib/python3.10/site-packages/airflow/example_dags/example_latest_only_with_trigger.py took 0.193 seconds
[2024-05-05T20:36:20.928+0700] {processor.py:161} INFO - Started process (PID=81627) to work on /Library/Frameworks/Python.framework/Versions/3.10/lib/python3.10/site-packages/airflow/example_dags/example_latest_only_with_trigger.py
[2024-05-05T20:36:20.930+0700] {processor.py:830} INFO - Processing file /Library/Frameworks/Python.framework/Versions/3.10/lib/python3.10/site-packages/airflow/example_dags/example_latest_only_with_trigger.py for tasks to queue
[2024-05-05T20:36:20.930+0700] {logging_mixin.py:188} INFO - [2024-05-05T20:36:20.930+0700] {dagbag.py:540} INFO - Filling up the DagBag from /Library/Frameworks/Python.framework/Versions/3.10/lib/python3.10/site-packages/airflow/example_dags/example_latest_only_with_trigger.py
[2024-05-05T20:36:20.938+0700] {processor.py:840} INFO - DAG(s) 'latest_only_with_trigger' retrieved from /Library/Frameworks/Python.framework/Versions/3.10/lib/python3.10/site-packages/airflow/example_dags/example_latest_only_with_trigger.py
[2024-05-05T20:36:21.038+0700] {logging_mixin.py:188} INFO - [2024-05-05T20:36:21.038+0700] {dag.py:3096} INFO - Sync 1 DAGs
[2024-05-05T20:36:21.047+0700] {logging_mixin.py:188} INFO - [2024-05-05T20:36:21.047+0700] {dag.py:3954} INFO - Setting next_dagrun for latest_only_with_trigger to 2024-05-05 08:00:00+00:00, run_after=2024-05-05 12:00:00+00:00
[2024-05-05T20:36:21.057+0700] {processor.py:183} INFO - Processing /Library/Frameworks/Python.framework/Versions/3.10/lib/python3.10/site-packages/airflow/example_dags/example_latest_only_with_trigger.py took 0.131 seconds
[2024-05-05T20:37:21.922+0700] {processor.py:161} INFO - Started process (PID=82245) to work on /Library/Frameworks/Python.framework/Versions/3.10/lib/python3.10/site-packages/airflow/example_dags/example_latest_only_with_trigger.py
[2024-05-05T20:37:21.923+0700] {processor.py:830} INFO - Processing file /Library/Frameworks/Python.framework/Versions/3.10/lib/python3.10/site-packages/airflow/example_dags/example_latest_only_with_trigger.py for tasks to queue
[2024-05-05T20:37:21.924+0700] {logging_mixin.py:188} INFO - [2024-05-05T20:37:21.923+0700] {dagbag.py:540} INFO - Filling up the DagBag from /Library/Frameworks/Python.framework/Versions/3.10/lib/python3.10/site-packages/airflow/example_dags/example_latest_only_with_trigger.py
[2024-05-05T20:37:21.932+0700] {processor.py:840} INFO - DAG(s) 'latest_only_with_trigger' retrieved from /Library/Frameworks/Python.framework/Versions/3.10/lib/python3.10/site-packages/airflow/example_dags/example_latest_only_with_trigger.py
[2024-05-05T20:37:22.050+0700] {logging_mixin.py:188} INFO - [2024-05-05T20:37:22.050+0700] {dag.py:3096} INFO - Sync 1 DAGs
[2024-05-05T20:37:22.062+0700] {logging_mixin.py:188} INFO - [2024-05-05T20:37:22.062+0700] {dag.py:3954} INFO - Setting next_dagrun for latest_only_with_trigger to 2024-05-05 08:00:00+00:00, run_after=2024-05-05 12:00:00+00:00
[2024-05-05T20:37:22.076+0700] {processor.py:183} INFO - Processing /Library/Frameworks/Python.framework/Versions/3.10/lib/python3.10/site-packages/airflow/example_dags/example_latest_only_with_trigger.py took 0.156 seconds
[2024-05-05T20:38:57.723+0700] {processor.py:161} INFO - Started process (PID=83119) to work on /Library/Frameworks/Python.framework/Versions/3.10/lib/python3.10/site-packages/airflow/example_dags/example_latest_only_with_trigger.py
[2024-05-05T20:38:57.724+0700] {processor.py:830} INFO - Processing file /Library/Frameworks/Python.framework/Versions/3.10/lib/python3.10/site-packages/airflow/example_dags/example_latest_only_with_trigger.py for tasks to queue
[2024-05-05T20:38:57.724+0700] {logging_mixin.py:188} INFO - [2024-05-05T20:38:57.724+0700] {dagbag.py:540} INFO - Filling up the DagBag from /Library/Frameworks/Python.framework/Versions/3.10/lib/python3.10/site-packages/airflow/example_dags/example_latest_only_with_trigger.py
[2024-05-05T20:38:57.731+0700] {processor.py:840} INFO - DAG(s) 'latest_only_with_trigger' retrieved from /Library/Frameworks/Python.framework/Versions/3.10/lib/python3.10/site-packages/airflow/example_dags/example_latest_only_with_trigger.py
[2024-05-05T20:38:57.826+0700] {logging_mixin.py:188} INFO - [2024-05-05T20:38:57.826+0700] {dag.py:3096} INFO - Sync 1 DAGs
[2024-05-05T20:38:57.836+0700] {logging_mixin.py:188} INFO - [2024-05-05T20:38:57.836+0700] {dag.py:3954} INFO - Setting next_dagrun for latest_only_with_trigger to 2024-05-05 08:00:00+00:00, run_after=2024-05-05 12:00:00+00:00
[2024-05-05T20:38:57.847+0700] {processor.py:183} INFO - Processing /Library/Frameworks/Python.framework/Versions/3.10/lib/python3.10/site-packages/airflow/example_dags/example_latest_only_with_trigger.py took 0.125 seconds
[2024-05-05T20:39:54.179+0700] {processor.py:161} INFO - Started process (PID=83644) to work on /Library/Frameworks/Python.framework/Versions/3.10/lib/python3.10/site-packages/airflow/example_dags/example_latest_only_with_trigger.py
[2024-05-05T20:39:54.180+0700] {processor.py:830} INFO - Processing file /Library/Frameworks/Python.framework/Versions/3.10/lib/python3.10/site-packages/airflow/example_dags/example_latest_only_with_trigger.py for tasks to queue
[2024-05-05T20:39:54.180+0700] {logging_mixin.py:188} INFO - [2024-05-05T20:39:54.180+0700] {dagbag.py:540} INFO - Filling up the DagBag from /Library/Frameworks/Python.framework/Versions/3.10/lib/python3.10/site-packages/airflow/example_dags/example_latest_only_with_trigger.py
[2024-05-05T20:39:54.186+0700] {processor.py:840} INFO - DAG(s) 'latest_only_with_trigger' retrieved from /Library/Frameworks/Python.framework/Versions/3.10/lib/python3.10/site-packages/airflow/example_dags/example_latest_only_with_trigger.py
[2024-05-05T20:39:54.286+0700] {logging_mixin.py:188} INFO - [2024-05-05T20:39:54.285+0700] {dag.py:3096} INFO - Sync 1 DAGs
[2024-05-05T20:39:54.295+0700] {logging_mixin.py:188} INFO - [2024-05-05T20:39:54.295+0700] {dag.py:3954} INFO - Setting next_dagrun for latest_only_with_trigger to 2024-05-05 08:00:00+00:00, run_after=2024-05-05 12:00:00+00:00
[2024-05-05T20:39:54.307+0700] {processor.py:183} INFO - Processing /Library/Frameworks/Python.framework/Versions/3.10/lib/python3.10/site-packages/airflow/example_dags/example_latest_only_with_trigger.py took 0.130 seconds
[2024-05-05T20:41:48.984+0700] {processor.py:161} INFO - Started process (PID=84723) to work on /Library/Frameworks/Python.framework/Versions/3.10/lib/python3.10/site-packages/airflow/example_dags/example_latest_only_with_trigger.py
[2024-05-05T20:41:48.985+0700] {processor.py:830} INFO - Processing file /Library/Frameworks/Python.framework/Versions/3.10/lib/python3.10/site-packages/airflow/example_dags/example_latest_only_with_trigger.py for tasks to queue
[2024-05-05T20:41:48.986+0700] {logging_mixin.py:188} INFO - [2024-05-05T20:41:48.986+0700] {dagbag.py:540} INFO - Filling up the DagBag from /Library/Frameworks/Python.framework/Versions/3.10/lib/python3.10/site-packages/airflow/example_dags/example_latest_only_with_trigger.py
[2024-05-05T20:41:48.995+0700] {processor.py:840} INFO - DAG(s) 'latest_only_with_trigger' retrieved from /Library/Frameworks/Python.framework/Versions/3.10/lib/python3.10/site-packages/airflow/example_dags/example_latest_only_with_trigger.py
[2024-05-05T20:41:49.097+0700] {logging_mixin.py:188} INFO - [2024-05-05T20:41:49.096+0700] {dag.py:3096} INFO - Sync 1 DAGs
[2024-05-05T20:41:49.106+0700] {logging_mixin.py:188} INFO - [2024-05-05T20:41:49.106+0700] {dag.py:3954} INFO - Setting next_dagrun for latest_only_with_trigger to 2024-05-05 08:00:00+00:00, run_after=2024-05-05 12:00:00+00:00
[2024-05-05T20:41:49.121+0700] {processor.py:183} INFO - Processing /Library/Frameworks/Python.framework/Versions/3.10/lib/python3.10/site-packages/airflow/example_dags/example_latest_only_with_trigger.py took 0.140 seconds
[2024-05-05T20:42:44.803+0700] {processor.py:161} INFO - Started process (PID=85221) to work on /Library/Frameworks/Python.framework/Versions/3.10/lib/python3.10/site-packages/airflow/example_dags/example_latest_only_with_trigger.py
[2024-05-05T20:42:44.804+0700] {processor.py:830} INFO - Processing file /Library/Frameworks/Python.framework/Versions/3.10/lib/python3.10/site-packages/airflow/example_dags/example_latest_only_with_trigger.py for tasks to queue
[2024-05-05T20:42:44.805+0700] {logging_mixin.py:188} INFO - [2024-05-05T20:42:44.804+0700] {dagbag.py:540} INFO - Filling up the DagBag from /Library/Frameworks/Python.framework/Versions/3.10/lib/python3.10/site-packages/airflow/example_dags/example_latest_only_with_trigger.py
[2024-05-05T20:42:44.810+0700] {processor.py:840} INFO - DAG(s) 'latest_only_with_trigger' retrieved from /Library/Frameworks/Python.framework/Versions/3.10/lib/python3.10/site-packages/airflow/example_dags/example_latest_only_with_trigger.py
[2024-05-05T20:42:44.907+0700] {logging_mixin.py:188} INFO - [2024-05-05T20:42:44.907+0700] {dag.py:3096} INFO - Sync 1 DAGs
[2024-05-05T20:42:44.916+0700] {logging_mixin.py:188} INFO - [2024-05-05T20:42:44.916+0700] {dag.py:3954} INFO - Setting next_dagrun for latest_only_with_trigger to 2024-05-05 08:00:00+00:00, run_after=2024-05-05 12:00:00+00:00
[2024-05-05T20:42:44.927+0700] {processor.py:183} INFO - Processing /Library/Frameworks/Python.framework/Versions/3.10/lib/python3.10/site-packages/airflow/example_dags/example_latest_only_with_trigger.py took 0.126 seconds
[2024-05-05T20:44:23.482+0700] {processor.py:161} INFO - Started process (PID=86122) to work on /Library/Frameworks/Python.framework/Versions/3.10/lib/python3.10/site-packages/airflow/example_dags/example_latest_only_with_trigger.py
[2024-05-05T20:44:23.483+0700] {processor.py:830} INFO - Processing file /Library/Frameworks/Python.framework/Versions/3.10/lib/python3.10/site-packages/airflow/example_dags/example_latest_only_with_trigger.py for tasks to queue
[2024-05-05T20:44:23.483+0700] {logging_mixin.py:188} INFO - [2024-05-05T20:44:23.483+0700] {dagbag.py:540} INFO - Filling up the DagBag from /Library/Frameworks/Python.framework/Versions/3.10/lib/python3.10/site-packages/airflow/example_dags/example_latest_only_with_trigger.py
[2024-05-05T20:44:23.489+0700] {processor.py:840} INFO - DAG(s) 'latest_only_with_trigger' retrieved from /Library/Frameworks/Python.framework/Versions/3.10/lib/python3.10/site-packages/airflow/example_dags/example_latest_only_with_trigger.py
[2024-05-05T20:44:23.586+0700] {logging_mixin.py:188} INFO - [2024-05-05T20:44:23.586+0700] {dag.py:3096} INFO - Sync 1 DAGs
[2024-05-05T20:44:23.596+0700] {logging_mixin.py:188} INFO - [2024-05-05T20:44:23.596+0700] {dag.py:3954} INFO - Setting next_dagrun for latest_only_with_trigger to 2024-05-05 08:00:00+00:00, run_after=2024-05-05 12:00:00+00:00
[2024-05-05T20:44:23.607+0700] {processor.py:183} INFO - Processing /Library/Frameworks/Python.framework/Versions/3.10/lib/python3.10/site-packages/airflow/example_dags/example_latest_only_with_trigger.py took 0.128 seconds
[2024-05-05T20:45:21.000+0700] {processor.py:161} INFO - Started process (PID=86667) to work on /Library/Frameworks/Python.framework/Versions/3.10/lib/python3.10/site-packages/airflow/example_dags/example_latest_only_with_trigger.py
[2024-05-05T20:45:21.001+0700] {processor.py:830} INFO - Processing file /Library/Frameworks/Python.framework/Versions/3.10/lib/python3.10/site-packages/airflow/example_dags/example_latest_only_with_trigger.py for tasks to queue
[2024-05-05T20:45:21.001+0700] {logging_mixin.py:188} INFO - [2024-05-05T20:45:21.001+0700] {dagbag.py:540} INFO - Filling up the DagBag from /Library/Frameworks/Python.framework/Versions/3.10/lib/python3.10/site-packages/airflow/example_dags/example_latest_only_with_trigger.py
[2024-05-05T20:45:21.007+0700] {processor.py:840} INFO - DAG(s) 'latest_only_with_trigger' retrieved from /Library/Frameworks/Python.framework/Versions/3.10/lib/python3.10/site-packages/airflow/example_dags/example_latest_only_with_trigger.py
[2024-05-05T20:45:21.103+0700] {logging_mixin.py:188} INFO - [2024-05-05T20:45:21.103+0700] {dag.py:3096} INFO - Sync 1 DAGs
[2024-05-05T20:45:21.113+0700] {logging_mixin.py:188} INFO - [2024-05-05T20:45:21.113+0700] {dag.py:3954} INFO - Setting next_dagrun for latest_only_with_trigger to 2024-05-05 08:00:00+00:00, run_after=2024-05-05 12:00:00+00:00
[2024-05-05T20:45:21.128+0700] {processor.py:183} INFO - Processing /Library/Frameworks/Python.framework/Versions/3.10/lib/python3.10/site-packages/airflow/example_dags/example_latest_only_with_trigger.py took 0.130 seconds
[2024-05-05T20:48:00.161+0700] {processor.py:161} INFO - Started process (PID=87781) to work on /Library/Frameworks/Python.framework/Versions/3.10/lib/python3.10/site-packages/airflow/example_dags/example_latest_only_with_trigger.py
[2024-05-05T20:48:00.162+0700] {processor.py:830} INFO - Processing file /Library/Frameworks/Python.framework/Versions/3.10/lib/python3.10/site-packages/airflow/example_dags/example_latest_only_with_trigger.py for tasks to queue
[2024-05-05T20:48:00.162+0700] {logging_mixin.py:188} INFO - [2024-05-05T20:48:00.162+0700] {dagbag.py:540} INFO - Filling up the DagBag from /Library/Frameworks/Python.framework/Versions/3.10/lib/python3.10/site-packages/airflow/example_dags/example_latest_only_with_trigger.py
[2024-05-05T20:48:00.169+0700] {processor.py:840} INFO - DAG(s) 'latest_only_with_trigger' retrieved from /Library/Frameworks/Python.framework/Versions/3.10/lib/python3.10/site-packages/airflow/example_dags/example_latest_only_with_trigger.py
[2024-05-05T20:48:00.264+0700] {logging_mixin.py:188} INFO - [2024-05-05T20:48:00.263+0700] {dag.py:3096} INFO - Sync 1 DAGs
[2024-05-05T20:48:00.273+0700] {logging_mixin.py:188} INFO - [2024-05-05T20:48:00.272+0700] {dag.py:3954} INFO - Setting next_dagrun for latest_only_with_trigger to 2024-05-05 08:00:00+00:00, run_after=2024-05-05 12:00:00+00:00
[2024-05-05T20:48:00.283+0700] {processor.py:183} INFO - Processing /Library/Frameworks/Python.framework/Versions/3.10/lib/python3.10/site-packages/airflow/example_dags/example_latest_only_with_trigger.py took 0.124 seconds
[2024-05-05T20:48:48.751+0700] {processor.py:161} INFO - Started process (PID=88220) to work on /Library/Frameworks/Python.framework/Versions/3.10/lib/python3.10/site-packages/airflow/example_dags/example_latest_only_with_trigger.py
[2024-05-05T20:48:48.752+0700] {processor.py:830} INFO - Processing file /Library/Frameworks/Python.framework/Versions/3.10/lib/python3.10/site-packages/airflow/example_dags/example_latest_only_with_trigger.py for tasks to queue
[2024-05-05T20:48:48.752+0700] {logging_mixin.py:188} INFO - [2024-05-05T20:48:48.752+0700] {dagbag.py:540} INFO - Filling up the DagBag from /Library/Frameworks/Python.framework/Versions/3.10/lib/python3.10/site-packages/airflow/example_dags/example_latest_only_with_trigger.py
[2024-05-05T20:48:48.758+0700] {processor.py:840} INFO - DAG(s) 'latest_only_with_trigger' retrieved from /Library/Frameworks/Python.framework/Versions/3.10/lib/python3.10/site-packages/airflow/example_dags/example_latest_only_with_trigger.py
[2024-05-05T20:48:48.854+0700] {logging_mixin.py:188} INFO - [2024-05-05T20:48:48.853+0700] {dag.py:3096} INFO - Sync 1 DAGs
[2024-05-05T20:48:48.864+0700] {logging_mixin.py:188} INFO - [2024-05-05T20:48:48.864+0700] {dag.py:3954} INFO - Setting next_dagrun for latest_only_with_trigger to 2024-05-05 08:00:00+00:00, run_after=2024-05-05 12:00:00+00:00
[2024-05-05T20:48:48.874+0700] {processor.py:183} INFO - Processing /Library/Frameworks/Python.framework/Versions/3.10/lib/python3.10/site-packages/airflow/example_dags/example_latest_only_with_trigger.py took 0.125 seconds
[2024-05-05T20:50:31.364+0700] {processor.py:161} INFO - Started process (PID=89158) to work on /Library/Frameworks/Python.framework/Versions/3.10/lib/python3.10/site-packages/airflow/example_dags/example_latest_only_with_trigger.py
[2024-05-05T20:50:31.366+0700] {processor.py:830} INFO - Processing file /Library/Frameworks/Python.framework/Versions/3.10/lib/python3.10/site-packages/airflow/example_dags/example_latest_only_with_trigger.py for tasks to queue
[2024-05-05T20:50:31.366+0700] {logging_mixin.py:188} INFO - [2024-05-05T20:50:31.366+0700] {dagbag.py:540} INFO - Filling up the DagBag from /Library/Frameworks/Python.framework/Versions/3.10/lib/python3.10/site-packages/airflow/example_dags/example_latest_only_with_trigger.py
[2024-05-05T20:50:31.373+0700] {processor.py:840} INFO - DAG(s) 'latest_only_with_trigger' retrieved from /Library/Frameworks/Python.framework/Versions/3.10/lib/python3.10/site-packages/airflow/example_dags/example_latest_only_with_trigger.py
[2024-05-05T20:50:31.471+0700] {logging_mixin.py:188} INFO - [2024-05-05T20:50:31.470+0700] {dag.py:3096} INFO - Sync 1 DAGs
[2024-05-05T20:50:31.479+0700] {logging_mixin.py:188} INFO - [2024-05-05T20:50:31.479+0700] {dag.py:3954} INFO - Setting next_dagrun for latest_only_with_trigger to 2024-05-05 08:00:00+00:00, run_after=2024-05-05 12:00:00+00:00
[2024-05-05T20:50:31.490+0700] {processor.py:183} INFO - Processing /Library/Frameworks/Python.framework/Versions/3.10/lib/python3.10/site-packages/airflow/example_dags/example_latest_only_with_trigger.py took 0.128 seconds
[2024-05-05T20:51:26.299+0700] {processor.py:161} INFO - Started process (PID=90028) to work on /Library/Frameworks/Python.framework/Versions/3.10/lib/python3.10/site-packages/airflow/example_dags/example_latest_only_with_trigger.py
[2024-05-05T20:51:26.300+0700] {processor.py:830} INFO - Processing file /Library/Frameworks/Python.framework/Versions/3.10/lib/python3.10/site-packages/airflow/example_dags/example_latest_only_with_trigger.py for tasks to queue
[2024-05-05T20:51:26.300+0700] {logging_mixin.py:188} INFO - [2024-05-05T20:51:26.300+0700] {dagbag.py:540} INFO - Filling up the DagBag from /Library/Frameworks/Python.framework/Versions/3.10/lib/python3.10/site-packages/airflow/example_dags/example_latest_only_with_trigger.py
[2024-05-05T20:51:26.306+0700] {processor.py:840} INFO - DAG(s) 'latest_only_with_trigger' retrieved from /Library/Frameworks/Python.framework/Versions/3.10/lib/python3.10/site-packages/airflow/example_dags/example_latest_only_with_trigger.py
[2024-05-05T20:51:26.406+0700] {logging_mixin.py:188} INFO - [2024-05-05T20:51:26.406+0700] {dag.py:3096} INFO - Sync 1 DAGs
[2024-05-05T20:51:26.416+0700] {logging_mixin.py:188} INFO - [2024-05-05T20:51:26.416+0700] {dag.py:3954} INFO - Setting next_dagrun for latest_only_with_trigger to 2024-05-05 08:00:00+00:00, run_after=2024-05-05 12:00:00+00:00
[2024-05-05T20:51:26.427+0700] {processor.py:183} INFO - Processing /Library/Frameworks/Python.framework/Versions/3.10/lib/python3.10/site-packages/airflow/example_dags/example_latest_only_with_trigger.py took 0.129 seconds
[2024-05-05T20:52:17.704+0700] {processor.py:161} INFO - Started process (PID=90511) to work on /Library/Frameworks/Python.framework/Versions/3.10/lib/python3.10/site-packages/airflow/example_dags/example_latest_only_with_trigger.py
[2024-05-05T20:52:17.705+0700] {processor.py:830} INFO - Processing file /Library/Frameworks/Python.framework/Versions/3.10/lib/python3.10/site-packages/airflow/example_dags/example_latest_only_with_trigger.py for tasks to queue
[2024-05-05T20:52:17.705+0700] {logging_mixin.py:188} INFO - [2024-05-05T20:52:17.705+0700] {dagbag.py:540} INFO - Filling up the DagBag from /Library/Frameworks/Python.framework/Versions/3.10/lib/python3.10/site-packages/airflow/example_dags/example_latest_only_with_trigger.py
[2024-05-05T20:52:17.711+0700] {processor.py:840} INFO - DAG(s) 'latest_only_with_trigger' retrieved from /Library/Frameworks/Python.framework/Versions/3.10/lib/python3.10/site-packages/airflow/example_dags/example_latest_only_with_trigger.py
[2024-05-05T20:52:17.806+0700] {logging_mixin.py:188} INFO - [2024-05-05T20:52:17.806+0700] {dag.py:3096} INFO - Sync 1 DAGs
[2024-05-05T20:52:17.816+0700] {logging_mixin.py:188} INFO - [2024-05-05T20:52:17.815+0700] {dag.py:3954} INFO - Setting next_dagrun for latest_only_with_trigger to 2024-05-05 08:00:00+00:00, run_after=2024-05-05 12:00:00+00:00
[2024-05-05T20:52:17.827+0700] {processor.py:183} INFO - Processing /Library/Frameworks/Python.framework/Versions/3.10/lib/python3.10/site-packages/airflow/example_dags/example_latest_only_with_trigger.py took 0.125 seconds
[2024-05-05T20:56:41.872+0700] {processor.py:161} INFO - Started process (PID=91543) to work on /Library/Frameworks/Python.framework/Versions/3.10/lib/python3.10/site-packages/airflow/example_dags/example_latest_only_with_trigger.py
[2024-05-05T20:56:41.873+0700] {processor.py:830} INFO - Processing file /Library/Frameworks/Python.framework/Versions/3.10/lib/python3.10/site-packages/airflow/example_dags/example_latest_only_with_trigger.py for tasks to queue
[2024-05-05T20:56:41.874+0700] {logging_mixin.py:188} INFO - [2024-05-05T20:56:41.873+0700] {dagbag.py:540} INFO - Filling up the DagBag from /Library/Frameworks/Python.framework/Versions/3.10/lib/python3.10/site-packages/airflow/example_dags/example_latest_only_with_trigger.py
[2024-05-05T20:56:41.883+0700] {processor.py:840} INFO - DAG(s) 'latest_only_with_trigger' retrieved from /Library/Frameworks/Python.framework/Versions/3.10/lib/python3.10/site-packages/airflow/example_dags/example_latest_only_with_trigger.py
[2024-05-05T20:56:42.004+0700] {logging_mixin.py:188} INFO - [2024-05-05T20:56:42.004+0700] {dag.py:3096} INFO - Sync 1 DAGs
[2024-05-05T20:56:42.015+0700] {logging_mixin.py:188} INFO - [2024-05-05T20:56:42.015+0700] {dag.py:3954} INFO - Setting next_dagrun for latest_only_with_trigger to 2024-05-05 08:00:00+00:00, run_after=2024-05-05 12:00:00+00:00
[2024-05-05T20:56:42.040+0700] {processor.py:183} INFO - Processing /Library/Frameworks/Python.framework/Versions/3.10/lib/python3.10/site-packages/airflow/example_dags/example_latest_only_with_trigger.py took 0.170 seconds
[2024-05-05T20:57:40.612+0700] {processor.py:161} INFO - Started process (PID=92099) to work on /Library/Frameworks/Python.framework/Versions/3.10/lib/python3.10/site-packages/airflow/example_dags/example_latest_only_with_trigger.py
[2024-05-05T20:57:40.613+0700] {processor.py:830} INFO - Processing file /Library/Frameworks/Python.framework/Versions/3.10/lib/python3.10/site-packages/airflow/example_dags/example_latest_only_with_trigger.py for tasks to queue
[2024-05-05T20:57:40.614+0700] {logging_mixin.py:188} INFO - [2024-05-05T20:57:40.614+0700] {dagbag.py:540} INFO - Filling up the DagBag from /Library/Frameworks/Python.framework/Versions/3.10/lib/python3.10/site-packages/airflow/example_dags/example_latest_only_with_trigger.py
[2024-05-05T20:57:40.619+0700] {processor.py:840} INFO - DAG(s) 'latest_only_with_trigger' retrieved from /Library/Frameworks/Python.framework/Versions/3.10/lib/python3.10/site-packages/airflow/example_dags/example_latest_only_with_trigger.py
[2024-05-05T20:57:40.721+0700] {logging_mixin.py:188} INFO - [2024-05-05T20:57:40.721+0700] {dag.py:3096} INFO - Sync 1 DAGs
[2024-05-05T20:57:40.730+0700] {logging_mixin.py:188} INFO - [2024-05-05T20:57:40.730+0700] {dag.py:3954} INFO - Setting next_dagrun for latest_only_with_trigger to 2024-05-05 08:00:00+00:00, run_after=2024-05-05 12:00:00+00:00
[2024-05-05T20:57:40.743+0700] {processor.py:183} INFO - Processing /Library/Frameworks/Python.framework/Versions/3.10/lib/python3.10/site-packages/airflow/example_dags/example_latest_only_with_trigger.py took 0.133 seconds
[2024-05-05T21:00:31.067+0700] {processor.py:161} INFO - Started process (PID=93184) to work on /Library/Frameworks/Python.framework/Versions/3.10/lib/python3.10/site-packages/airflow/example_dags/example_latest_only_with_trigger.py
[2024-05-05T21:00:31.069+0700] {processor.py:830} INFO - Processing file /Library/Frameworks/Python.framework/Versions/3.10/lib/python3.10/site-packages/airflow/example_dags/example_latest_only_with_trigger.py for tasks to queue
[2024-05-05T21:00:31.070+0700] {logging_mixin.py:188} INFO - [2024-05-05T21:00:31.069+0700] {dagbag.py:540} INFO - Filling up the DagBag from /Library/Frameworks/Python.framework/Versions/3.10/lib/python3.10/site-packages/airflow/example_dags/example_latest_only_with_trigger.py
[2024-05-05T21:00:31.078+0700] {processor.py:840} INFO - DAG(s) 'latest_only_with_trigger' retrieved from /Library/Frameworks/Python.framework/Versions/3.10/lib/python3.10/site-packages/airflow/example_dags/example_latest_only_with_trigger.py
[2024-05-05T21:00:31.312+0700] {logging_mixin.py:188} INFO - [2024-05-05T21:00:31.312+0700] {dag.py:3096} INFO - Sync 1 DAGs
[2024-05-05T21:00:31.338+0700] {logging_mixin.py:188} INFO - [2024-05-05T21:00:31.338+0700] {dag.py:3954} INFO - Setting next_dagrun for latest_only_with_trigger to 2024-05-05 08:00:00+00:00, run_after=2024-05-05 12:00:00+00:00
[2024-05-05T21:00:31.366+0700] {processor.py:183} INFO - Processing /Library/Frameworks/Python.framework/Versions/3.10/lib/python3.10/site-packages/airflow/example_dags/example_latest_only_with_trigger.py took 0.301 seconds
[2024-05-05T21:01:15.443+0700] {processor.py:161} INFO - Started process (PID=93587) to work on /Library/Frameworks/Python.framework/Versions/3.10/lib/python3.10/site-packages/airflow/example_dags/example_latest_only_with_trigger.py
[2024-05-05T21:01:15.444+0700] {processor.py:830} INFO - Processing file /Library/Frameworks/Python.framework/Versions/3.10/lib/python3.10/site-packages/airflow/example_dags/example_latest_only_with_trigger.py for tasks to queue
[2024-05-05T21:01:15.444+0700] {logging_mixin.py:188} INFO - [2024-05-05T21:01:15.444+0700] {dagbag.py:540} INFO - Filling up the DagBag from /Library/Frameworks/Python.framework/Versions/3.10/lib/python3.10/site-packages/airflow/example_dags/example_latest_only_with_trigger.py
[2024-05-05T21:01:15.451+0700] {processor.py:840} INFO - DAG(s) 'latest_only_with_trigger' retrieved from /Library/Frameworks/Python.framework/Versions/3.10/lib/python3.10/site-packages/airflow/example_dags/example_latest_only_with_trigger.py
[2024-05-05T21:01:15.552+0700] {logging_mixin.py:188} INFO - [2024-05-05T21:01:15.551+0700] {dag.py:3096} INFO - Sync 1 DAGs
[2024-05-05T21:01:15.562+0700] {logging_mixin.py:188} INFO - [2024-05-05T21:01:15.562+0700] {dag.py:3954} INFO - Setting next_dagrun for latest_only_with_trigger to 2024-05-05 08:00:00+00:00, run_after=2024-05-05 12:00:00+00:00
[2024-05-05T21:01:15.573+0700] {processor.py:183} INFO - Processing /Library/Frameworks/Python.framework/Versions/3.10/lib/python3.10/site-packages/airflow/example_dags/example_latest_only_with_trigger.py took 0.132 seconds
[2024-05-05T21:03:18.357+0700] {processor.py:161} INFO - Started process (PID=94699) to work on /Library/Frameworks/Python.framework/Versions/3.10/lib/python3.10/site-packages/airflow/example_dags/example_latest_only_with_trigger.py
[2024-05-05T21:03:18.358+0700] {processor.py:830} INFO - Processing file /Library/Frameworks/Python.framework/Versions/3.10/lib/python3.10/site-packages/airflow/example_dags/example_latest_only_with_trigger.py for tasks to queue
[2024-05-05T21:03:18.359+0700] {logging_mixin.py:188} INFO - [2024-05-05T21:03:18.358+0700] {dagbag.py:540} INFO - Filling up the DagBag from /Library/Frameworks/Python.framework/Versions/3.10/lib/python3.10/site-packages/airflow/example_dags/example_latest_only_with_trigger.py
[2024-05-05T21:03:18.365+0700] {processor.py:840} INFO - DAG(s) 'latest_only_with_trigger' retrieved from /Library/Frameworks/Python.framework/Versions/3.10/lib/python3.10/site-packages/airflow/example_dags/example_latest_only_with_trigger.py
[2024-05-05T21:03:18.463+0700] {logging_mixin.py:188} INFO - [2024-05-05T21:03:18.462+0700] {dag.py:3096} INFO - Sync 1 DAGs
[2024-05-05T21:03:18.472+0700] {logging_mixin.py:188} INFO - [2024-05-05T21:03:18.471+0700] {dag.py:3954} INFO - Setting next_dagrun for latest_only_with_trigger to 2024-05-05 08:00:00+00:00, run_after=2024-05-05 12:00:00+00:00
[2024-05-05T21:03:18.482+0700] {processor.py:183} INFO - Processing /Library/Frameworks/Python.framework/Versions/3.10/lib/python3.10/site-packages/airflow/example_dags/example_latest_only_with_trigger.py took 0.127 seconds
[2024-05-05T21:03:49.197+0700] {processor.py:161} INFO - Started process (PID=94978) to work on /Library/Frameworks/Python.framework/Versions/3.10/lib/python3.10/site-packages/airflow/example_dags/example_latest_only_with_trigger.py
[2024-05-05T21:03:49.198+0700] {processor.py:830} INFO - Processing file /Library/Frameworks/Python.framework/Versions/3.10/lib/python3.10/site-packages/airflow/example_dags/example_latest_only_with_trigger.py for tasks to queue
[2024-05-05T21:03:49.199+0700] {logging_mixin.py:188} INFO - [2024-05-05T21:03:49.199+0700] {dagbag.py:540} INFO - Filling up the DagBag from /Library/Frameworks/Python.framework/Versions/3.10/lib/python3.10/site-packages/airflow/example_dags/example_latest_only_with_trigger.py
[2024-05-05T21:03:49.205+0700] {processor.py:840} INFO - DAG(s) 'latest_only_with_trigger' retrieved from /Library/Frameworks/Python.framework/Versions/3.10/lib/python3.10/site-packages/airflow/example_dags/example_latest_only_with_trigger.py
[2024-05-05T21:03:49.299+0700] {logging_mixin.py:188} INFO - [2024-05-05T21:03:49.299+0700] {dag.py:3096} INFO - Sync 1 DAGs
[2024-05-05T21:03:49.309+0700] {logging_mixin.py:188} INFO - [2024-05-05T21:03:49.309+0700] {dag.py:3954} INFO - Setting next_dagrun for latest_only_with_trigger to 2024-05-05 08:00:00+00:00, run_after=2024-05-05 12:00:00+00:00
[2024-05-05T21:03:49.320+0700] {processor.py:183} INFO - Processing /Library/Frameworks/Python.framework/Versions/3.10/lib/python3.10/site-packages/airflow/example_dags/example_latest_only_with_trigger.py took 0.124 seconds
[2024-05-05T21:19:07.713+0700] {processor.py:161} INFO - Started process (PID=96156) to work on /Library/Frameworks/Python.framework/Versions/3.10/lib/python3.10/site-packages/airflow/example_dags/example_latest_only_with_trigger.py
[2024-05-05T21:19:07.715+0700] {processor.py:830} INFO - Processing file /Library/Frameworks/Python.framework/Versions/3.10/lib/python3.10/site-packages/airflow/example_dags/example_latest_only_with_trigger.py for tasks to queue
[2024-05-05T21:19:07.716+0700] {logging_mixin.py:188} INFO - [2024-05-05T21:19:07.716+0700] {dagbag.py:540} INFO - Filling up the DagBag from /Library/Frameworks/Python.framework/Versions/3.10/lib/python3.10/site-packages/airflow/example_dags/example_latest_only_with_trigger.py
[2024-05-05T21:19:07.738+0700] {processor.py:840} INFO - DAG(s) 'latest_only_with_trigger' retrieved from /Library/Frameworks/Python.framework/Versions/3.10/lib/python3.10/site-packages/airflow/example_dags/example_latest_only_with_trigger.py
[2024-05-05T21:19:08.041+0700] {logging_mixin.py:188} INFO - [2024-05-05T21:19:08.040+0700] {dag.py:3096} INFO - Sync 1 DAGs
[2024-05-05T21:19:08.062+0700] {logging_mixin.py:188} INFO - [2024-05-05T21:19:08.062+0700] {dag.py:3954} INFO - Setting next_dagrun for latest_only_with_trigger to 2024-05-05 08:00:00+00:00, run_after=2024-05-05 12:00:00+00:00
[2024-05-05T21:19:08.089+0700] {processor.py:183} INFO - Processing /Library/Frameworks/Python.framework/Versions/3.10/lib/python3.10/site-packages/airflow/example_dags/example_latest_only_with_trigger.py took 0.397 seconds
[2024-05-05T21:20:40.350+0700] {processor.py:161} INFO - Started process (PID=96585) to work on /Library/Frameworks/Python.framework/Versions/3.10/lib/python3.10/site-packages/airflow/example_dags/example_latest_only_with_trigger.py
[2024-05-05T21:20:40.351+0700] {processor.py:830} INFO - Processing file /Library/Frameworks/Python.framework/Versions/3.10/lib/python3.10/site-packages/airflow/example_dags/example_latest_only_with_trigger.py for tasks to queue
[2024-05-05T21:20:40.352+0700] {logging_mixin.py:188} INFO - [2024-05-05T21:20:40.352+0700] {dagbag.py:540} INFO - Filling up the DagBag from /Library/Frameworks/Python.framework/Versions/3.10/lib/python3.10/site-packages/airflow/example_dags/example_latest_only_with_trigger.py
[2024-05-05T21:20:40.359+0700] {processor.py:840} INFO - DAG(s) 'latest_only_with_trigger' retrieved from /Library/Frameworks/Python.framework/Versions/3.10/lib/python3.10/site-packages/airflow/example_dags/example_latest_only_with_trigger.py
[2024-05-05T21:20:40.473+0700] {logging_mixin.py:188} INFO - [2024-05-05T21:20:40.472+0700] {dag.py:3096} INFO - Sync 1 DAGs
[2024-05-05T21:20:40.484+0700] {logging_mixin.py:188} INFO - [2024-05-05T21:20:40.483+0700] {dag.py:3954} INFO - Setting next_dagrun for latest_only_with_trigger to 2024-05-05 08:00:00+00:00, run_after=2024-05-05 12:00:00+00:00
[2024-05-05T21:20:40.496+0700] {processor.py:183} INFO - Processing /Library/Frameworks/Python.framework/Versions/3.10/lib/python3.10/site-packages/airflow/example_dags/example_latest_only_with_trigger.py took 0.148 seconds
[2024-05-05T21:21:25.902+0700] {processor.py:161} INFO - Started process (PID=97030) to work on /Library/Frameworks/Python.framework/Versions/3.10/lib/python3.10/site-packages/airflow/example_dags/example_latest_only_with_trigger.py
[2024-05-05T21:21:25.903+0700] {processor.py:830} INFO - Processing file /Library/Frameworks/Python.framework/Versions/3.10/lib/python3.10/site-packages/airflow/example_dags/example_latest_only_with_trigger.py for tasks to queue
[2024-05-05T21:21:25.903+0700] {logging_mixin.py:188} INFO - [2024-05-05T21:21:25.903+0700] {dagbag.py:540} INFO - Filling up the DagBag from /Library/Frameworks/Python.framework/Versions/3.10/lib/python3.10/site-packages/airflow/example_dags/example_latest_only_with_trigger.py
[2024-05-05T21:21:25.909+0700] {processor.py:840} INFO - DAG(s) 'latest_only_with_trigger' retrieved from /Library/Frameworks/Python.framework/Versions/3.10/lib/python3.10/site-packages/airflow/example_dags/example_latest_only_with_trigger.py
[2024-05-05T21:21:26.007+0700] {logging_mixin.py:188} INFO - [2024-05-05T21:21:26.006+0700] {dag.py:3096} INFO - Sync 1 DAGs
[2024-05-05T21:21:26.016+0700] {logging_mixin.py:188} INFO - [2024-05-05T21:21:26.016+0700] {dag.py:3954} INFO - Setting next_dagrun for latest_only_with_trigger to 2024-05-05 08:00:00+00:00, run_after=2024-05-05 12:00:00+00:00
[2024-05-05T21:21:26.028+0700] {processor.py:183} INFO - Processing /Library/Frameworks/Python.framework/Versions/3.10/lib/python3.10/site-packages/airflow/example_dags/example_latest_only_with_trigger.py took 0.128 seconds
[2024-05-05T22:57:24.727+0700] {processor.py:161} INFO - Started process (PID=38714) to work on /Library/Frameworks/Python.framework/Versions/3.10/lib/python3.10/site-packages/airflow/example_dags/example_latest_only_with_trigger.py
[2024-05-05T22:57:24.728+0700] {processor.py:830} INFO - Processing file /Library/Frameworks/Python.framework/Versions/3.10/lib/python3.10/site-packages/airflow/example_dags/example_latest_only_with_trigger.py for tasks to queue
[2024-05-05T22:57:24.729+0700] {logging_mixin.py:188} INFO - [2024-05-05T22:57:24.729+0700] {dagbag.py:540} INFO - Filling up the DagBag from /Library/Frameworks/Python.framework/Versions/3.10/lib/python3.10/site-packages/airflow/example_dags/example_latest_only_with_trigger.py
[2024-05-05T22:57:24.735+0700] {processor.py:840} INFO - DAG(s) 'latest_only_with_trigger' retrieved from /Library/Frameworks/Python.framework/Versions/3.10/lib/python3.10/site-packages/airflow/example_dags/example_latest_only_with_trigger.py
[2024-05-05T22:57:24.879+0700] {logging_mixin.py:188} INFO - [2024-05-05T22:57:24.879+0700] {dag.py:3096} INFO - Sync 1 DAGs
[2024-05-05T22:57:24.889+0700] {logging_mixin.py:188} INFO - [2024-05-05T22:57:24.889+0700] {dag.py:3954} INFO - Setting next_dagrun for latest_only_with_trigger to 2024-05-05 08:00:00+00:00, run_after=2024-05-05 12:00:00+00:00
[2024-05-05T22:57:24.900+0700] {processor.py:183} INFO - Processing /Library/Frameworks/Python.framework/Versions/3.10/lib/python3.10/site-packages/airflow/example_dags/example_latest_only_with_trigger.py took 0.176 seconds
[2024-05-05T22:59:20.673+0700] {processor.py:161} INFO - Started process (PID=39348) to work on /Library/Frameworks/Python.framework/Versions/3.10/lib/python3.10/site-packages/airflow/example_dags/example_latest_only_with_trigger.py
[2024-05-05T22:59:20.675+0700] {processor.py:830} INFO - Processing file /Library/Frameworks/Python.framework/Versions/3.10/lib/python3.10/site-packages/airflow/example_dags/example_latest_only_with_trigger.py for tasks to queue
[2024-05-05T22:59:20.675+0700] {logging_mixin.py:188} INFO - [2024-05-05T22:59:20.675+0700] {dagbag.py:540} INFO - Filling up the DagBag from /Library/Frameworks/Python.framework/Versions/3.10/lib/python3.10/site-packages/airflow/example_dags/example_latest_only_with_trigger.py
[2024-05-05T22:59:20.684+0700] {processor.py:840} INFO - DAG(s) 'latest_only_with_trigger' retrieved from /Library/Frameworks/Python.framework/Versions/3.10/lib/python3.10/site-packages/airflow/example_dags/example_latest_only_with_trigger.py
[2024-05-05T22:59:20.785+0700] {logging_mixin.py:188} INFO - [2024-05-05T22:59:20.785+0700] {dag.py:3096} INFO - Sync 1 DAGs
[2024-05-05T22:59:20.794+0700] {logging_mixin.py:188} INFO - [2024-05-05T22:59:20.794+0700] {dag.py:3954} INFO - Setting next_dagrun for latest_only_with_trigger to 2024-05-05 08:00:00+00:00, run_after=2024-05-05 12:00:00+00:00
[2024-05-05T22:59:20.807+0700] {processor.py:183} INFO - Processing /Library/Frameworks/Python.framework/Versions/3.10/lib/python3.10/site-packages/airflow/example_dags/example_latest_only_with_trigger.py took 0.139 seconds
[2024-05-05T23:07:08.760+0700] {processor.py:161} INFO - Started process (PID=44511) to work on /Library/Frameworks/Python.framework/Versions/3.10/lib/python3.10/site-packages/airflow/example_dags/example_latest_only_with_trigger.py
[2024-05-05T23:07:08.761+0700] {processor.py:830} INFO - Processing file /Library/Frameworks/Python.framework/Versions/3.10/lib/python3.10/site-packages/airflow/example_dags/example_latest_only_with_trigger.py for tasks to queue
[2024-05-05T23:07:08.761+0700] {logging_mixin.py:188} INFO - [2024-05-05T23:07:08.761+0700] {dagbag.py:540} INFO - Filling up the DagBag from /Library/Frameworks/Python.framework/Versions/3.10/lib/python3.10/site-packages/airflow/example_dags/example_latest_only_with_trigger.py
[2024-05-05T23:07:08.769+0700] {processor.py:840} INFO - DAG(s) 'latest_only_with_trigger' retrieved from /Library/Frameworks/Python.framework/Versions/3.10/lib/python3.10/site-packages/airflow/example_dags/example_latest_only_with_trigger.py
[2024-05-05T23:07:08.923+0700] {logging_mixin.py:188} INFO - [2024-05-05T23:07:08.923+0700] {dag.py:3096} INFO - Sync 1 DAGs
[2024-05-05T23:07:08.935+0700] {logging_mixin.py:188} INFO - [2024-05-05T23:07:08.934+0700] {dag.py:3954} INFO - Setting next_dagrun for latest_only_with_trigger to 2024-05-05 12:00:00+00:00, run_after=2024-05-05 16:00:00+00:00
[2024-05-05T23:07:08.949+0700] {processor.py:183} INFO - Processing /Library/Frameworks/Python.framework/Versions/3.10/lib/python3.10/site-packages/airflow/example_dags/example_latest_only_with_trigger.py took 0.191 seconds
[2024-05-05T23:10:19.956+0700] {processor.py:161} INFO - Started process (PID=45518) to work on /Library/Frameworks/Python.framework/Versions/3.10/lib/python3.10/site-packages/airflow/example_dags/example_latest_only_with_trigger.py
[2024-05-05T23:10:19.958+0700] {processor.py:830} INFO - Processing file /Library/Frameworks/Python.framework/Versions/3.10/lib/python3.10/site-packages/airflow/example_dags/example_latest_only_with_trigger.py for tasks to queue
[2024-05-05T23:10:19.958+0700] {logging_mixin.py:188} INFO - [2024-05-05T23:10:19.958+0700] {dagbag.py:540} INFO - Filling up the DagBag from /Library/Frameworks/Python.framework/Versions/3.10/lib/python3.10/site-packages/airflow/example_dags/example_latest_only_with_trigger.py
[2024-05-05T23:10:19.964+0700] {processor.py:840} INFO - DAG(s) 'latest_only_with_trigger' retrieved from /Library/Frameworks/Python.framework/Versions/3.10/lib/python3.10/site-packages/airflow/example_dags/example_latest_only_with_trigger.py
[2024-05-05T23:10:20.116+0700] {logging_mixin.py:188} INFO - [2024-05-05T23:10:20.115+0700] {dag.py:3096} INFO - Sync 1 DAGs
[2024-05-05T23:10:20.125+0700] {logging_mixin.py:188} INFO - [2024-05-05T23:10:20.125+0700] {dag.py:3954} INFO - Setting next_dagrun for latest_only_with_trigger to 2024-05-05 12:00:00+00:00, run_after=2024-05-05 16:00:00+00:00
[2024-05-05T23:10:20.136+0700] {processor.py:183} INFO - Processing /Library/Frameworks/Python.framework/Versions/3.10/lib/python3.10/site-packages/airflow/example_dags/example_latest_only_with_trigger.py took 0.182 seconds
[2024-05-05T23:12:20.840+0700] {processor.py:161} INFO - Started process (PID=46123) to work on /Library/Frameworks/Python.framework/Versions/3.10/lib/python3.10/site-packages/airflow/example_dags/example_latest_only_with_trigger.py
[2024-05-05T23:12:20.841+0700] {processor.py:830} INFO - Processing file /Library/Frameworks/Python.framework/Versions/3.10/lib/python3.10/site-packages/airflow/example_dags/example_latest_only_with_trigger.py for tasks to queue
[2024-05-05T23:12:20.842+0700] {logging_mixin.py:188} INFO - [2024-05-05T23:12:20.841+0700] {dagbag.py:540} INFO - Filling up the DagBag from /Library/Frameworks/Python.framework/Versions/3.10/lib/python3.10/site-packages/airflow/example_dags/example_latest_only_with_trigger.py
[2024-05-05T23:12:20.848+0700] {processor.py:840} INFO - DAG(s) 'latest_only_with_trigger' retrieved from /Library/Frameworks/Python.framework/Versions/3.10/lib/python3.10/site-packages/airflow/example_dags/example_latest_only_with_trigger.py
[2024-05-05T23:12:20.954+0700] {logging_mixin.py:188} INFO - [2024-05-05T23:12:20.954+0700] {dag.py:3096} INFO - Sync 1 DAGs
[2024-05-05T23:12:20.964+0700] {logging_mixin.py:188} INFO - [2024-05-05T23:12:20.964+0700] {dag.py:3954} INFO - Setting next_dagrun for latest_only_with_trigger to 2024-05-05 12:00:00+00:00, run_after=2024-05-05 16:00:00+00:00
[2024-05-05T23:12:20.977+0700] {processor.py:183} INFO - Processing /Library/Frameworks/Python.framework/Versions/3.10/lib/python3.10/site-packages/airflow/example_dags/example_latest_only_with_trigger.py took 0.138 seconds
[2024-05-05T23:15:12.971+0700] {processor.py:161} INFO - Started process (PID=46928) to work on /Library/Frameworks/Python.framework/Versions/3.10/lib/python3.10/site-packages/airflow/example_dags/example_latest_only_with_trigger.py
[2024-05-05T23:15:12.972+0700] {processor.py:830} INFO - Processing file /Library/Frameworks/Python.framework/Versions/3.10/lib/python3.10/site-packages/airflow/example_dags/example_latest_only_with_trigger.py for tasks to queue
[2024-05-05T23:15:12.973+0700] {logging_mixin.py:188} INFO - [2024-05-05T23:15:12.972+0700] {dagbag.py:540} INFO - Filling up the DagBag from /Library/Frameworks/Python.framework/Versions/3.10/lib/python3.10/site-packages/airflow/example_dags/example_latest_only_with_trigger.py
[2024-05-05T23:15:12.980+0700] {processor.py:840} INFO - DAG(s) 'latest_only_with_trigger' retrieved from /Library/Frameworks/Python.framework/Versions/3.10/lib/python3.10/site-packages/airflow/example_dags/example_latest_only_with_trigger.py
[2024-05-05T23:15:13.091+0700] {logging_mixin.py:188} INFO - [2024-05-05T23:15:13.091+0700] {dag.py:3096} INFO - Sync 1 DAGs
[2024-05-05T23:15:13.100+0700] {logging_mixin.py:188} INFO - [2024-05-05T23:15:13.100+0700] {dag.py:3954} INFO - Setting next_dagrun for latest_only_with_trigger to 2024-05-05 12:00:00+00:00, run_after=2024-05-05 16:00:00+00:00
[2024-05-05T23:15:13.112+0700] {processor.py:183} INFO - Processing /Library/Frameworks/Python.framework/Versions/3.10/lib/python3.10/site-packages/airflow/example_dags/example_latest_only_with_trigger.py took 0.143 seconds
[2024-05-05T23:18:16.168+0700] {processor.py:161} INFO - Started process (PID=47893) to work on /Library/Frameworks/Python.framework/Versions/3.10/lib/python3.10/site-packages/airflow/example_dags/example_latest_only_with_trigger.py
[2024-05-05T23:18:16.170+0700] {processor.py:830} INFO - Processing file /Library/Frameworks/Python.framework/Versions/3.10/lib/python3.10/site-packages/airflow/example_dags/example_latest_only_with_trigger.py for tasks to queue
[2024-05-05T23:18:16.170+0700] {logging_mixin.py:188} INFO - [2024-05-05T23:18:16.170+0700] {dagbag.py:540} INFO - Filling up the DagBag from /Library/Frameworks/Python.framework/Versions/3.10/lib/python3.10/site-packages/airflow/example_dags/example_latest_only_with_trigger.py
[2024-05-05T23:18:16.176+0700] {processor.py:840} INFO - DAG(s) 'latest_only_with_trigger' retrieved from /Library/Frameworks/Python.framework/Versions/3.10/lib/python3.10/site-packages/airflow/example_dags/example_latest_only_with_trigger.py
[2024-05-05T23:18:16.272+0700] {logging_mixin.py:188} INFO - [2024-05-05T23:18:16.272+0700] {dag.py:3096} INFO - Sync 1 DAGs
[2024-05-05T23:18:16.281+0700] {logging_mixin.py:188} INFO - [2024-05-05T23:18:16.281+0700] {dag.py:3954} INFO - Setting next_dagrun for latest_only_with_trigger to 2024-05-05 12:00:00+00:00, run_after=2024-05-05 16:00:00+00:00
[2024-05-05T23:18:16.293+0700] {processor.py:183} INFO - Processing /Library/Frameworks/Python.framework/Versions/3.10/lib/python3.10/site-packages/airflow/example_dags/example_latest_only_with_trigger.py took 0.126 seconds
[2024-05-05T23:21:06.159+0700] {processor.py:161} INFO - Started process (PID=48714) to work on /Library/Frameworks/Python.framework/Versions/3.10/lib/python3.10/site-packages/airflow/example_dags/example_latest_only_with_trigger.py
[2024-05-05T23:21:06.159+0700] {processor.py:830} INFO - Processing file /Library/Frameworks/Python.framework/Versions/3.10/lib/python3.10/site-packages/airflow/example_dags/example_latest_only_with_trigger.py for tasks to queue
[2024-05-05T23:21:06.160+0700] {logging_mixin.py:188} INFO - [2024-05-05T23:21:06.160+0700] {dagbag.py:540} INFO - Filling up the DagBag from /Library/Frameworks/Python.framework/Versions/3.10/lib/python3.10/site-packages/airflow/example_dags/example_latest_only_with_trigger.py
[2024-05-05T23:21:06.166+0700] {processor.py:840} INFO - DAG(s) 'latest_only_with_trigger' retrieved from /Library/Frameworks/Python.framework/Versions/3.10/lib/python3.10/site-packages/airflow/example_dags/example_latest_only_with_trigger.py
[2024-05-05T23:21:06.278+0700] {logging_mixin.py:188} INFO - [2024-05-05T23:21:06.278+0700] {dag.py:3096} INFO - Sync 1 DAGs
[2024-05-05T23:21:06.324+0700] {logging_mixin.py:188} INFO - [2024-05-05T23:21:06.323+0700] {dag.py:3954} INFO - Setting next_dagrun for latest_only_with_trigger to 2024-05-05 12:00:00+00:00, run_after=2024-05-05 16:00:00+00:00
[2024-05-05T23:21:06.335+0700] {processor.py:183} INFO - Processing /Library/Frameworks/Python.framework/Versions/3.10/lib/python3.10/site-packages/airflow/example_dags/example_latest_only_with_trigger.py took 0.178 seconds
[2024-05-05T23:23:53.200+0700] {processor.py:161} INFO - Started process (PID=49499) to work on /Library/Frameworks/Python.framework/Versions/3.10/lib/python3.10/site-packages/airflow/example_dags/example_latest_only_with_trigger.py
[2024-05-05T23:23:53.201+0700] {processor.py:830} INFO - Processing file /Library/Frameworks/Python.framework/Versions/3.10/lib/python3.10/site-packages/airflow/example_dags/example_latest_only_with_trigger.py for tasks to queue
[2024-05-05T23:23:53.202+0700] {logging_mixin.py:188} INFO - [2024-05-05T23:23:53.201+0700] {dagbag.py:540} INFO - Filling up the DagBag from /Library/Frameworks/Python.framework/Versions/3.10/lib/python3.10/site-packages/airflow/example_dags/example_latest_only_with_trigger.py
[2024-05-05T23:23:53.208+0700] {processor.py:840} INFO - DAG(s) 'latest_only_with_trigger' retrieved from /Library/Frameworks/Python.framework/Versions/3.10/lib/python3.10/site-packages/airflow/example_dags/example_latest_only_with_trigger.py
[2024-05-05T23:23:53.302+0700] {logging_mixin.py:188} INFO - [2024-05-05T23:23:53.302+0700] {dag.py:3096} INFO - Sync 1 DAGs
[2024-05-05T23:23:53.312+0700] {logging_mixin.py:188} INFO - [2024-05-05T23:23:53.312+0700] {dag.py:3954} INFO - Setting next_dagrun for latest_only_with_trigger to 2024-05-05 12:00:00+00:00, run_after=2024-05-05 16:00:00+00:00
[2024-05-05T23:23:53.322+0700] {processor.py:183} INFO - Processing /Library/Frameworks/Python.framework/Versions/3.10/lib/python3.10/site-packages/airflow/example_dags/example_latest_only_with_trigger.py took 0.124 seconds
[2024-05-05T23:26:27.887+0700] {processor.py:161} INFO - Started process (PID=50209) to work on /Library/Frameworks/Python.framework/Versions/3.10/lib/python3.10/site-packages/airflow/example_dags/example_latest_only_with_trigger.py
[2024-05-05T23:26:27.889+0700] {processor.py:830} INFO - Processing file /Library/Frameworks/Python.framework/Versions/3.10/lib/python3.10/site-packages/airflow/example_dags/example_latest_only_with_trigger.py for tasks to queue
[2024-05-05T23:26:27.889+0700] {logging_mixin.py:188} INFO - [2024-05-05T23:26:27.889+0700] {dagbag.py:540} INFO - Filling up the DagBag from /Library/Frameworks/Python.framework/Versions/3.10/lib/python3.10/site-packages/airflow/example_dags/example_latest_only_with_trigger.py
[2024-05-05T23:26:27.895+0700] {processor.py:840} INFO - DAG(s) 'latest_only_with_trigger' retrieved from /Library/Frameworks/Python.framework/Versions/3.10/lib/python3.10/site-packages/airflow/example_dags/example_latest_only_with_trigger.py
[2024-05-05T23:26:27.989+0700] {logging_mixin.py:188} INFO - [2024-05-05T23:26:27.989+0700] {dag.py:3096} INFO - Sync 1 DAGs
[2024-05-05T23:26:27.999+0700] {logging_mixin.py:188} INFO - [2024-05-05T23:26:27.999+0700] {dag.py:3954} INFO - Setting next_dagrun for latest_only_with_trigger to 2024-05-05 12:00:00+00:00, run_after=2024-05-05 16:00:00+00:00
[2024-05-05T23:26:28.009+0700] {processor.py:183} INFO - Processing /Library/Frameworks/Python.framework/Versions/3.10/lib/python3.10/site-packages/airflow/example_dags/example_latest_only_with_trigger.py took 0.123 seconds
[2024-05-05T23:29:07.963+0700] {processor.py:161} INFO - Started process (PID=50965) to work on /Library/Frameworks/Python.framework/Versions/3.10/lib/python3.10/site-packages/airflow/example_dags/example_latest_only_with_trigger.py
[2024-05-05T23:29:07.964+0700] {processor.py:830} INFO - Processing file /Library/Frameworks/Python.framework/Versions/3.10/lib/python3.10/site-packages/airflow/example_dags/example_latest_only_with_trigger.py for tasks to queue
[2024-05-05T23:29:07.964+0700] {logging_mixin.py:188} INFO - [2024-05-05T23:29:07.964+0700] {dagbag.py:540} INFO - Filling up the DagBag from /Library/Frameworks/Python.framework/Versions/3.10/lib/python3.10/site-packages/airflow/example_dags/example_latest_only_with_trigger.py
[2024-05-05T23:29:07.970+0700] {processor.py:840} INFO - DAG(s) 'latest_only_with_trigger' retrieved from /Library/Frameworks/Python.framework/Versions/3.10/lib/python3.10/site-packages/airflow/example_dags/example_latest_only_with_trigger.py
[2024-05-05T23:29:08.067+0700] {logging_mixin.py:188} INFO - [2024-05-05T23:29:08.067+0700] {dag.py:3096} INFO - Sync 1 DAGs
[2024-05-05T23:29:08.076+0700] {logging_mixin.py:188} INFO - [2024-05-05T23:29:08.076+0700] {dag.py:3954} INFO - Setting next_dagrun for latest_only_with_trigger to 2024-05-05 12:00:00+00:00, run_after=2024-05-05 16:00:00+00:00
[2024-05-05T23:29:08.087+0700] {processor.py:183} INFO - Processing /Library/Frameworks/Python.framework/Versions/3.10/lib/python3.10/site-packages/airflow/example_dags/example_latest_only_with_trigger.py took 0.126 seconds
[2024-05-05T23:31:44.331+0700] {processor.py:161} INFO - Started process (PID=51676) to work on /Library/Frameworks/Python.framework/Versions/3.10/lib/python3.10/site-packages/airflow/example_dags/example_latest_only_with_trigger.py
[2024-05-05T23:31:44.333+0700] {processor.py:830} INFO - Processing file /Library/Frameworks/Python.framework/Versions/3.10/lib/python3.10/site-packages/airflow/example_dags/example_latest_only_with_trigger.py for tasks to queue
[2024-05-05T23:31:44.333+0700] {logging_mixin.py:188} INFO - [2024-05-05T23:31:44.333+0700] {dagbag.py:540} INFO - Filling up the DagBag from /Library/Frameworks/Python.framework/Versions/3.10/lib/python3.10/site-packages/airflow/example_dags/example_latest_only_with_trigger.py
[2024-05-05T23:31:44.339+0700] {processor.py:840} INFO - DAG(s) 'latest_only_with_trigger' retrieved from /Library/Frameworks/Python.framework/Versions/3.10/lib/python3.10/site-packages/airflow/example_dags/example_latest_only_with_trigger.py
[2024-05-05T23:31:44.432+0700] {logging_mixin.py:188} INFO - [2024-05-05T23:31:44.432+0700] {dag.py:3096} INFO - Sync 1 DAGs
[2024-05-05T23:31:44.442+0700] {logging_mixin.py:188} INFO - [2024-05-05T23:31:44.442+0700] {dag.py:3954} INFO - Setting next_dagrun for latest_only_with_trigger to 2024-05-05 12:00:00+00:00, run_after=2024-05-05 16:00:00+00:00
[2024-05-05T23:31:44.452+0700] {processor.py:183} INFO - Processing /Library/Frameworks/Python.framework/Versions/3.10/lib/python3.10/site-packages/airflow/example_dags/example_latest_only_with_trigger.py took 0.123 seconds
[2024-05-05T23:34:29.915+0700] {processor.py:161} INFO - Started process (PID=52522) to work on /Library/Frameworks/Python.framework/Versions/3.10/lib/python3.10/site-packages/airflow/example_dags/example_latest_only_with_trigger.py
[2024-05-05T23:34:29.916+0700] {processor.py:830} INFO - Processing file /Library/Frameworks/Python.framework/Versions/3.10/lib/python3.10/site-packages/airflow/example_dags/example_latest_only_with_trigger.py for tasks to queue
[2024-05-05T23:34:29.916+0700] {logging_mixin.py:188} INFO - [2024-05-05T23:34:29.916+0700] {dagbag.py:540} INFO - Filling up the DagBag from /Library/Frameworks/Python.framework/Versions/3.10/lib/python3.10/site-packages/airflow/example_dags/example_latest_only_with_trigger.py
[2024-05-05T23:34:29.922+0700] {processor.py:840} INFO - DAG(s) 'latest_only_with_trigger' retrieved from /Library/Frameworks/Python.framework/Versions/3.10/lib/python3.10/site-packages/airflow/example_dags/example_latest_only_with_trigger.py
[2024-05-05T23:34:30.017+0700] {logging_mixin.py:188} INFO - [2024-05-05T23:34:30.017+0700] {dag.py:3096} INFO - Sync 1 DAGs
[2024-05-05T23:34:30.026+0700] {logging_mixin.py:188} INFO - [2024-05-05T23:34:30.026+0700] {dag.py:3954} INFO - Setting next_dagrun for latest_only_with_trigger to 2024-05-05 12:00:00+00:00, run_after=2024-05-05 16:00:00+00:00
[2024-05-05T23:34:30.037+0700] {processor.py:183} INFO - Processing /Library/Frameworks/Python.framework/Versions/3.10/lib/python3.10/site-packages/airflow/example_dags/example_latest_only_with_trigger.py took 0.124 seconds
[2024-05-05T23:37:08.918+0700] {processor.py:161} INFO - Started process (PID=53254) to work on /Library/Frameworks/Python.framework/Versions/3.10/lib/python3.10/site-packages/airflow/example_dags/example_latest_only_with_trigger.py
[2024-05-05T23:37:08.918+0700] {processor.py:830} INFO - Processing file /Library/Frameworks/Python.framework/Versions/3.10/lib/python3.10/site-packages/airflow/example_dags/example_latest_only_with_trigger.py for tasks to queue
[2024-05-05T23:37:08.919+0700] {logging_mixin.py:188} INFO - [2024-05-05T23:37:08.919+0700] {dagbag.py:540} INFO - Filling up the DagBag from /Library/Frameworks/Python.framework/Versions/3.10/lib/python3.10/site-packages/airflow/example_dags/example_latest_only_with_trigger.py
[2024-05-05T23:37:08.926+0700] {processor.py:840} INFO - DAG(s) 'latest_only_with_trigger' retrieved from /Library/Frameworks/Python.framework/Versions/3.10/lib/python3.10/site-packages/airflow/example_dags/example_latest_only_with_trigger.py
[2024-05-05T23:37:09.026+0700] {logging_mixin.py:188} INFO - [2024-05-05T23:37:09.026+0700] {dag.py:3096} INFO - Sync 1 DAGs
[2024-05-05T23:37:09.037+0700] {logging_mixin.py:188} INFO - [2024-05-05T23:37:09.037+0700] {dag.py:3954} INFO - Setting next_dagrun for latest_only_with_trigger to 2024-05-05 12:00:00+00:00, run_after=2024-05-05 16:00:00+00:00
[2024-05-05T23:37:09.048+0700] {processor.py:183} INFO - Processing /Library/Frameworks/Python.framework/Versions/3.10/lib/python3.10/site-packages/airflow/example_dags/example_latest_only_with_trigger.py took 0.134 seconds
[2024-05-05T23:39:46.852+0700] {processor.py:161} INFO - Started process (PID=53983) to work on /Library/Frameworks/Python.framework/Versions/3.10/lib/python3.10/site-packages/airflow/example_dags/example_latest_only_with_trigger.py
[2024-05-05T23:39:46.853+0700] {processor.py:830} INFO - Processing file /Library/Frameworks/Python.framework/Versions/3.10/lib/python3.10/site-packages/airflow/example_dags/example_latest_only_with_trigger.py for tasks to queue
[2024-05-05T23:39:46.853+0700] {logging_mixin.py:188} INFO - [2024-05-05T23:39:46.853+0700] {dagbag.py:540} INFO - Filling up the DagBag from /Library/Frameworks/Python.framework/Versions/3.10/lib/python3.10/site-packages/airflow/example_dags/example_latest_only_with_trigger.py
[2024-05-05T23:39:46.860+0700] {processor.py:840} INFO - DAG(s) 'latest_only_with_trigger' retrieved from /Library/Frameworks/Python.framework/Versions/3.10/lib/python3.10/site-packages/airflow/example_dags/example_latest_only_with_trigger.py
[2024-05-05T23:39:46.957+0700] {logging_mixin.py:188} INFO - [2024-05-05T23:39:46.957+0700] {dag.py:3096} INFO - Sync 1 DAGs
[2024-05-05T23:39:46.967+0700] {logging_mixin.py:188} INFO - [2024-05-05T23:39:46.966+0700] {dag.py:3954} INFO - Setting next_dagrun for latest_only_with_trigger to 2024-05-05 12:00:00+00:00, run_after=2024-05-05 16:00:00+00:00
[2024-05-05T23:39:46.977+0700] {processor.py:183} INFO - Processing /Library/Frameworks/Python.framework/Versions/3.10/lib/python3.10/site-packages/airflow/example_dags/example_latest_only_with_trigger.py took 0.127 seconds
[2024-05-05T23:42:33.610+0700] {processor.py:161} INFO - Started process (PID=54747) to work on /Library/Frameworks/Python.framework/Versions/3.10/lib/python3.10/site-packages/airflow/example_dags/example_latest_only_with_trigger.py
[2024-05-05T23:42:33.611+0700] {processor.py:830} INFO - Processing file /Library/Frameworks/Python.framework/Versions/3.10/lib/python3.10/site-packages/airflow/example_dags/example_latest_only_with_trigger.py for tasks to queue
[2024-05-05T23:42:33.612+0700] {logging_mixin.py:188} INFO - [2024-05-05T23:42:33.611+0700] {dagbag.py:540} INFO - Filling up the DagBag from /Library/Frameworks/Python.framework/Versions/3.10/lib/python3.10/site-packages/airflow/example_dags/example_latest_only_with_trigger.py
[2024-05-05T23:42:33.620+0700] {processor.py:840} INFO - DAG(s) 'latest_only_with_trigger' retrieved from /Library/Frameworks/Python.framework/Versions/3.10/lib/python3.10/site-packages/airflow/example_dags/example_latest_only_with_trigger.py
[2024-05-05T23:42:33.725+0700] {logging_mixin.py:188} INFO - [2024-05-05T23:42:33.725+0700] {dag.py:3096} INFO - Sync 1 DAGs
[2024-05-05T23:42:33.735+0700] {logging_mixin.py:188} INFO - [2024-05-05T23:42:33.735+0700] {dag.py:3954} INFO - Setting next_dagrun for latest_only_with_trigger to 2024-05-05 12:00:00+00:00, run_after=2024-05-05 16:00:00+00:00
[2024-05-05T23:42:33.746+0700] {processor.py:183} INFO - Processing /Library/Frameworks/Python.framework/Versions/3.10/lib/python3.10/site-packages/airflow/example_dags/example_latest_only_with_trigger.py took 0.139 seconds
[2024-05-05T23:45:17.340+0700] {processor.py:161} INFO - Started process (PID=55563) to work on /Library/Frameworks/Python.framework/Versions/3.10/lib/python3.10/site-packages/airflow/example_dags/example_latest_only_with_trigger.py
[2024-05-05T23:45:17.341+0700] {processor.py:830} INFO - Processing file /Library/Frameworks/Python.framework/Versions/3.10/lib/python3.10/site-packages/airflow/example_dags/example_latest_only_with_trigger.py for tasks to queue
[2024-05-05T23:45:17.341+0700] {logging_mixin.py:188} INFO - [2024-05-05T23:45:17.341+0700] {dagbag.py:540} INFO - Filling up the DagBag from /Library/Frameworks/Python.framework/Versions/3.10/lib/python3.10/site-packages/airflow/example_dags/example_latest_only_with_trigger.py
[2024-05-05T23:45:17.347+0700] {processor.py:840} INFO - DAG(s) 'latest_only_with_trigger' retrieved from /Library/Frameworks/Python.framework/Versions/3.10/lib/python3.10/site-packages/airflow/example_dags/example_latest_only_with_trigger.py
[2024-05-05T23:45:17.443+0700] {logging_mixin.py:188} INFO - [2024-05-05T23:45:17.443+0700] {dag.py:3096} INFO - Sync 1 DAGs
[2024-05-05T23:45:17.453+0700] {logging_mixin.py:188} INFO - [2024-05-05T23:45:17.453+0700] {dag.py:3954} INFO - Setting next_dagrun for latest_only_with_trigger to 2024-05-05 12:00:00+00:00, run_after=2024-05-05 16:00:00+00:00
[2024-05-05T23:45:17.463+0700] {processor.py:183} INFO - Processing /Library/Frameworks/Python.framework/Versions/3.10/lib/python3.10/site-packages/airflow/example_dags/example_latest_only_with_trigger.py took 0.126 seconds
[2024-05-05T23:47:56.510+0700] {processor.py:161} INFO - Started process (PID=56375) to work on /Library/Frameworks/Python.framework/Versions/3.10/lib/python3.10/site-packages/airflow/example_dags/example_latest_only_with_trigger.py
[2024-05-05T23:47:56.510+0700] {processor.py:830} INFO - Processing file /Library/Frameworks/Python.framework/Versions/3.10/lib/python3.10/site-packages/airflow/example_dags/example_latest_only_with_trigger.py for tasks to queue
[2024-05-05T23:47:56.511+0700] {logging_mixin.py:188} INFO - [2024-05-05T23:47:56.511+0700] {dagbag.py:540} INFO - Filling up the DagBag from /Library/Frameworks/Python.framework/Versions/3.10/lib/python3.10/site-packages/airflow/example_dags/example_latest_only_with_trigger.py
[2024-05-05T23:47:56.517+0700] {processor.py:840} INFO - DAG(s) 'latest_only_with_trigger' retrieved from /Library/Frameworks/Python.framework/Versions/3.10/lib/python3.10/site-packages/airflow/example_dags/example_latest_only_with_trigger.py
[2024-05-05T23:47:56.611+0700] {logging_mixin.py:188} INFO - [2024-05-05T23:47:56.611+0700] {dag.py:3096} INFO - Sync 1 DAGs
[2024-05-05T23:47:56.620+0700] {logging_mixin.py:188} INFO - [2024-05-05T23:47:56.620+0700] {dag.py:3954} INFO - Setting next_dagrun for latest_only_with_trigger to 2024-05-05 12:00:00+00:00, run_after=2024-05-05 16:00:00+00:00
[2024-05-05T23:47:56.630+0700] {processor.py:183} INFO - Processing /Library/Frameworks/Python.framework/Versions/3.10/lib/python3.10/site-packages/airflow/example_dags/example_latest_only_with_trigger.py took 0.122 seconds
[2024-05-05T23:50:30.732+0700] {processor.py:161} INFO - Started process (PID=57100) to work on /Library/Frameworks/Python.framework/Versions/3.10/lib/python3.10/site-packages/airflow/example_dags/example_latest_only_with_trigger.py
[2024-05-05T23:50:30.733+0700] {processor.py:830} INFO - Processing file /Library/Frameworks/Python.framework/Versions/3.10/lib/python3.10/site-packages/airflow/example_dags/example_latest_only_with_trigger.py for tasks to queue
[2024-05-05T23:50:30.734+0700] {logging_mixin.py:188} INFO - [2024-05-05T23:50:30.734+0700] {dagbag.py:540} INFO - Filling up the DagBag from /Library/Frameworks/Python.framework/Versions/3.10/lib/python3.10/site-packages/airflow/example_dags/example_latest_only_with_trigger.py
[2024-05-05T23:50:30.739+0700] {processor.py:840} INFO - DAG(s) 'latest_only_with_trigger' retrieved from /Library/Frameworks/Python.framework/Versions/3.10/lib/python3.10/site-packages/airflow/example_dags/example_latest_only_with_trigger.py
[2024-05-05T23:50:30.833+0700] {logging_mixin.py:188} INFO - [2024-05-05T23:50:30.833+0700] {dag.py:3096} INFO - Sync 1 DAGs
[2024-05-05T23:50:30.843+0700] {logging_mixin.py:188} INFO - [2024-05-05T23:50:30.843+0700] {dag.py:3954} INFO - Setting next_dagrun for latest_only_with_trigger to 2024-05-05 12:00:00+00:00, run_after=2024-05-05 16:00:00+00:00
[2024-05-05T23:50:30.853+0700] {processor.py:183} INFO - Processing /Library/Frameworks/Python.framework/Versions/3.10/lib/python3.10/site-packages/airflow/example_dags/example_latest_only_with_trigger.py took 0.122 seconds
[2024-05-05T23:53:07.053+0700] {processor.py:161} INFO - Started process (PID=57848) to work on /Library/Frameworks/Python.framework/Versions/3.10/lib/python3.10/site-packages/airflow/example_dags/example_latest_only_with_trigger.py
[2024-05-05T23:53:07.054+0700] {processor.py:830} INFO - Processing file /Library/Frameworks/Python.framework/Versions/3.10/lib/python3.10/site-packages/airflow/example_dags/example_latest_only_with_trigger.py for tasks to queue
[2024-05-05T23:53:07.054+0700] {logging_mixin.py:188} INFO - [2024-05-05T23:53:07.054+0700] {dagbag.py:540} INFO - Filling up the DagBag from /Library/Frameworks/Python.framework/Versions/3.10/lib/python3.10/site-packages/airflow/example_dags/example_latest_only_with_trigger.py
[2024-05-05T23:53:07.060+0700] {processor.py:840} INFO - DAG(s) 'latest_only_with_trigger' retrieved from /Library/Frameworks/Python.framework/Versions/3.10/lib/python3.10/site-packages/airflow/example_dags/example_latest_only_with_trigger.py
[2024-05-05T23:53:07.155+0700] {logging_mixin.py:188} INFO - [2024-05-05T23:53:07.155+0700] {dag.py:3096} INFO - Sync 1 DAGs
[2024-05-05T23:53:07.164+0700] {logging_mixin.py:188} INFO - [2024-05-05T23:53:07.164+0700] {dag.py:3954} INFO - Setting next_dagrun for latest_only_with_trigger to 2024-05-05 12:00:00+00:00, run_after=2024-05-05 16:00:00+00:00
[2024-05-05T23:53:07.175+0700] {processor.py:183} INFO - Processing /Library/Frameworks/Python.framework/Versions/3.10/lib/python3.10/site-packages/airflow/example_dags/example_latest_only_with_trigger.py took 0.124 seconds
[2024-05-05T23:55:42.116+0700] {processor.py:161} INFO - Started process (PID=58570) to work on /Library/Frameworks/Python.framework/Versions/3.10/lib/python3.10/site-packages/airflow/example_dags/example_latest_only_with_trigger.py
[2024-05-05T23:55:42.117+0700] {processor.py:830} INFO - Processing file /Library/Frameworks/Python.framework/Versions/3.10/lib/python3.10/site-packages/airflow/example_dags/example_latest_only_with_trigger.py for tasks to queue
[2024-05-05T23:55:42.117+0700] {logging_mixin.py:188} INFO - [2024-05-05T23:55:42.117+0700] {dagbag.py:540} INFO - Filling up the DagBag from /Library/Frameworks/Python.framework/Versions/3.10/lib/python3.10/site-packages/airflow/example_dags/example_latest_only_with_trigger.py
[2024-05-05T23:55:42.124+0700] {processor.py:840} INFO - DAG(s) 'latest_only_with_trigger' retrieved from /Library/Frameworks/Python.framework/Versions/3.10/lib/python3.10/site-packages/airflow/example_dags/example_latest_only_with_trigger.py
[2024-05-05T23:55:42.218+0700] {logging_mixin.py:188} INFO - [2024-05-05T23:55:42.218+0700] {dag.py:3096} INFO - Sync 1 DAGs
[2024-05-05T23:55:42.228+0700] {logging_mixin.py:188} INFO - [2024-05-05T23:55:42.228+0700] {dag.py:3954} INFO - Setting next_dagrun for latest_only_with_trigger to 2024-05-05 12:00:00+00:00, run_after=2024-05-05 16:00:00+00:00
[2024-05-05T23:55:42.239+0700] {processor.py:183} INFO - Processing /Library/Frameworks/Python.framework/Versions/3.10/lib/python3.10/site-packages/airflow/example_dags/example_latest_only_with_trigger.py took 0.125 seconds
[2024-05-05T23:58:18.833+0700] {processor.py:161} INFO - Started process (PID=59572) to work on /Library/Frameworks/Python.framework/Versions/3.10/lib/python3.10/site-packages/airflow/example_dags/example_latest_only_with_trigger.py
[2024-05-05T23:58:18.835+0700] {processor.py:830} INFO - Processing file /Library/Frameworks/Python.framework/Versions/3.10/lib/python3.10/site-packages/airflow/example_dags/example_latest_only_with_trigger.py for tasks to queue
[2024-05-05T23:58:18.835+0700] {logging_mixin.py:188} INFO - [2024-05-05T23:58:18.835+0700] {dagbag.py:540} INFO - Filling up the DagBag from /Library/Frameworks/Python.framework/Versions/3.10/lib/python3.10/site-packages/airflow/example_dags/example_latest_only_with_trigger.py
[2024-05-05T23:58:18.841+0700] {processor.py:840} INFO - DAG(s) 'latest_only_with_trigger' retrieved from /Library/Frameworks/Python.framework/Versions/3.10/lib/python3.10/site-packages/airflow/example_dags/example_latest_only_with_trigger.py
[2024-05-05T23:58:18.941+0700] {logging_mixin.py:188} INFO - [2024-05-05T23:58:18.941+0700] {dag.py:3096} INFO - Sync 1 DAGs
[2024-05-05T23:58:18.952+0700] {logging_mixin.py:188} INFO - [2024-05-05T23:58:18.951+0700] {dag.py:3954} INFO - Setting next_dagrun for latest_only_with_trigger to 2024-05-05 12:00:00+00:00, run_after=2024-05-05 16:00:00+00:00
[2024-05-05T23:58:18.963+0700] {processor.py:183} INFO - Processing /Library/Frameworks/Python.framework/Versions/3.10/lib/python3.10/site-packages/airflow/example_dags/example_latest_only_with_trigger.py took 0.132 seconds
[2024-05-06T00:01:06.772+0700] {processor.py:161} INFO - Started process (PID=60545) to work on /Library/Frameworks/Python.framework/Versions/3.10/lib/python3.10/site-packages/airflow/example_dags/example_latest_only_with_trigger.py
[2024-05-06T00:01:06.774+0700] {processor.py:830} INFO - Processing file /Library/Frameworks/Python.framework/Versions/3.10/lib/python3.10/site-packages/airflow/example_dags/example_latest_only_with_trigger.py for tasks to queue
[2024-05-06T00:01:06.775+0700] {logging_mixin.py:188} INFO - [2024-05-06T00:01:06.774+0700] {dagbag.py:540} INFO - Filling up the DagBag from /Library/Frameworks/Python.framework/Versions/3.10/lib/python3.10/site-packages/airflow/example_dags/example_latest_only_with_trigger.py
[2024-05-06T00:01:06.781+0700] {processor.py:840} INFO - DAG(s) 'latest_only_with_trigger' retrieved from /Library/Frameworks/Python.framework/Versions/3.10/lib/python3.10/site-packages/airflow/example_dags/example_latest_only_with_trigger.py
[2024-05-06T00:01:06.883+0700] {logging_mixin.py:188} INFO - [2024-05-06T00:01:06.882+0700] {dag.py:3096} INFO - Sync 1 DAGs
[2024-05-06T00:01:06.892+0700] {logging_mixin.py:188} INFO - [2024-05-06T00:01:06.892+0700] {dag.py:3954} INFO - Setting next_dagrun for latest_only_with_trigger to 2024-05-05 12:00:00+00:00, run_after=2024-05-05 16:00:00+00:00
[2024-05-06T00:01:06.904+0700] {processor.py:183} INFO - Processing /Library/Frameworks/Python.framework/Versions/3.10/lib/python3.10/site-packages/airflow/example_dags/example_latest_only_with_trigger.py took 0.135 seconds
[2024-05-06T00:03:47.147+0700] {processor.py:161} INFO - Started process (PID=61293) to work on /Library/Frameworks/Python.framework/Versions/3.10/lib/python3.10/site-packages/airflow/example_dags/example_latest_only_with_trigger.py
[2024-05-06T00:03:47.148+0700] {processor.py:830} INFO - Processing file /Library/Frameworks/Python.framework/Versions/3.10/lib/python3.10/site-packages/airflow/example_dags/example_latest_only_with_trigger.py for tasks to queue
[2024-05-06T00:03:47.148+0700] {logging_mixin.py:188} INFO - [2024-05-06T00:03:47.148+0700] {dagbag.py:540} INFO - Filling up the DagBag from /Library/Frameworks/Python.framework/Versions/3.10/lib/python3.10/site-packages/airflow/example_dags/example_latest_only_with_trigger.py
[2024-05-06T00:03:47.154+0700] {processor.py:840} INFO - DAG(s) 'latest_only_with_trigger' retrieved from /Library/Frameworks/Python.framework/Versions/3.10/lib/python3.10/site-packages/airflow/example_dags/example_latest_only_with_trigger.py
[2024-05-06T00:03:47.250+0700] {logging_mixin.py:188} INFO - [2024-05-06T00:03:47.250+0700] {dag.py:3096} INFO - Sync 1 DAGs
[2024-05-06T00:03:47.260+0700] {logging_mixin.py:188} INFO - [2024-05-06T00:03:47.260+0700] {dag.py:3954} INFO - Setting next_dagrun for latest_only_with_trigger to 2024-05-05 12:00:00+00:00, run_after=2024-05-05 16:00:00+00:00
[2024-05-06T00:03:47.270+0700] {processor.py:183} INFO - Processing /Library/Frameworks/Python.framework/Versions/3.10/lib/python3.10/site-packages/airflow/example_dags/example_latest_only_with_trigger.py took 0.125 seconds
[2024-05-06T00:06:21.098+0700] {processor.py:161} INFO - Started process (PID=64208) to work on /Library/Frameworks/Python.framework/Versions/3.10/lib/python3.10/site-packages/airflow/example_dags/example_latest_only_with_trigger.py
[2024-05-06T00:06:21.099+0700] {processor.py:830} INFO - Processing file /Library/Frameworks/Python.framework/Versions/3.10/lib/python3.10/site-packages/airflow/example_dags/example_latest_only_with_trigger.py for tasks to queue
[2024-05-06T00:06:21.099+0700] {logging_mixin.py:188} INFO - [2024-05-06T00:06:21.099+0700] {dagbag.py:540} INFO - Filling up the DagBag from /Library/Frameworks/Python.framework/Versions/3.10/lib/python3.10/site-packages/airflow/example_dags/example_latest_only_with_trigger.py
[2024-05-06T00:06:21.106+0700] {processor.py:840} INFO - DAG(s) 'latest_only_with_trigger' retrieved from /Library/Frameworks/Python.framework/Versions/3.10/lib/python3.10/site-packages/airflow/example_dags/example_latest_only_with_trigger.py
[2024-05-06T00:06:21.203+0700] {logging_mixin.py:188} INFO - [2024-05-06T00:06:21.203+0700] {dag.py:3096} INFO - Sync 1 DAGs
[2024-05-06T00:06:21.213+0700] {logging_mixin.py:188} INFO - [2024-05-06T00:06:21.213+0700] {dag.py:3954} INFO - Setting next_dagrun for latest_only_with_trigger to 2024-05-05 12:00:00+00:00, run_after=2024-05-05 16:00:00+00:00
[2024-05-06T00:06:21.224+0700] {processor.py:183} INFO - Processing /Library/Frameworks/Python.framework/Versions/3.10/lib/python3.10/site-packages/airflow/example_dags/example_latest_only_with_trigger.py took 0.127 seconds
[2024-05-06T00:08:56.394+0700] {processor.py:161} INFO - Started process (PID=64912) to work on /Library/Frameworks/Python.framework/Versions/3.10/lib/python3.10/site-packages/airflow/example_dags/example_latest_only_with_trigger.py
[2024-05-06T00:08:56.395+0700] {processor.py:830} INFO - Processing file /Library/Frameworks/Python.framework/Versions/3.10/lib/python3.10/site-packages/airflow/example_dags/example_latest_only_with_trigger.py for tasks to queue
[2024-05-06T00:08:56.395+0700] {logging_mixin.py:188} INFO - [2024-05-06T00:08:56.395+0700] {dagbag.py:540} INFO - Filling up the DagBag from /Library/Frameworks/Python.framework/Versions/3.10/lib/python3.10/site-packages/airflow/example_dags/example_latest_only_with_trigger.py
[2024-05-06T00:08:56.402+0700] {processor.py:840} INFO - DAG(s) 'latest_only_with_trigger' retrieved from /Library/Frameworks/Python.framework/Versions/3.10/lib/python3.10/site-packages/airflow/example_dags/example_latest_only_with_trigger.py
[2024-05-06T00:08:56.496+0700] {logging_mixin.py:188} INFO - [2024-05-06T00:08:56.496+0700] {dag.py:3096} INFO - Sync 1 DAGs
[2024-05-06T00:08:56.506+0700] {logging_mixin.py:188} INFO - [2024-05-06T00:08:56.506+0700] {dag.py:3954} INFO - Setting next_dagrun for latest_only_with_trigger to 2024-05-05 12:00:00+00:00, run_after=2024-05-05 16:00:00+00:00
[2024-05-06T00:08:56.516+0700] {processor.py:183} INFO - Processing /Library/Frameworks/Python.framework/Versions/3.10/lib/python3.10/site-packages/airflow/example_dags/example_latest_only_with_trigger.py took 0.124 seconds
[2024-05-06T00:11:32.242+0700] {processor.py:161} INFO - Started process (PID=65623) to work on /Library/Frameworks/Python.framework/Versions/3.10/lib/python3.10/site-packages/airflow/example_dags/example_latest_only_with_trigger.py
[2024-05-06T00:11:32.244+0700] {processor.py:830} INFO - Processing file /Library/Frameworks/Python.framework/Versions/3.10/lib/python3.10/site-packages/airflow/example_dags/example_latest_only_with_trigger.py for tasks to queue
[2024-05-06T00:11:32.244+0700] {logging_mixin.py:188} INFO - [2024-05-06T00:11:32.244+0700] {dagbag.py:540} INFO - Filling up the DagBag from /Library/Frameworks/Python.framework/Versions/3.10/lib/python3.10/site-packages/airflow/example_dags/example_latest_only_with_trigger.py
[2024-05-06T00:11:32.251+0700] {processor.py:840} INFO - DAG(s) 'latest_only_with_trigger' retrieved from /Library/Frameworks/Python.framework/Versions/3.10/lib/python3.10/site-packages/airflow/example_dags/example_latest_only_with_trigger.py
[2024-05-06T00:11:32.352+0700] {logging_mixin.py:188} INFO - [2024-05-06T00:11:32.352+0700] {dag.py:3096} INFO - Sync 1 DAGs
[2024-05-06T00:11:32.362+0700] {logging_mixin.py:188} INFO - [2024-05-06T00:11:32.362+0700] {dag.py:3954} INFO - Setting next_dagrun for latest_only_with_trigger to 2024-05-05 12:00:00+00:00, run_after=2024-05-05 16:00:00+00:00
[2024-05-06T00:11:32.373+0700] {processor.py:183} INFO - Processing /Library/Frameworks/Python.framework/Versions/3.10/lib/python3.10/site-packages/airflow/example_dags/example_latest_only_with_trigger.py took 0.133 seconds
[2024-05-06T00:14:10.228+0700] {processor.py:161} INFO - Started process (PID=66347) to work on /Library/Frameworks/Python.framework/Versions/3.10/lib/python3.10/site-packages/airflow/example_dags/example_latest_only_with_trigger.py
[2024-05-06T00:14:10.229+0700] {processor.py:830} INFO - Processing file /Library/Frameworks/Python.framework/Versions/3.10/lib/python3.10/site-packages/airflow/example_dags/example_latest_only_with_trigger.py for tasks to queue
[2024-05-06T00:14:10.230+0700] {logging_mixin.py:188} INFO - [2024-05-06T00:14:10.230+0700] {dagbag.py:540} INFO - Filling up the DagBag from /Library/Frameworks/Python.framework/Versions/3.10/lib/python3.10/site-packages/airflow/example_dags/example_latest_only_with_trigger.py
[2024-05-06T00:14:10.237+0700] {processor.py:840} INFO - DAG(s) 'latest_only_with_trigger' retrieved from /Library/Frameworks/Python.framework/Versions/3.10/lib/python3.10/site-packages/airflow/example_dags/example_latest_only_with_trigger.py
[2024-05-06T00:14:10.344+0700] {logging_mixin.py:188} INFO - [2024-05-06T00:14:10.344+0700] {dag.py:3096} INFO - Sync 1 DAGs
[2024-05-06T00:14:10.354+0700] {logging_mixin.py:188} INFO - [2024-05-06T00:14:10.354+0700] {dag.py:3954} INFO - Setting next_dagrun for latest_only_with_trigger to 2024-05-05 12:00:00+00:00, run_after=2024-05-05 16:00:00+00:00
[2024-05-06T00:14:10.367+0700] {processor.py:183} INFO - Processing /Library/Frameworks/Python.framework/Versions/3.10/lib/python3.10/site-packages/airflow/example_dags/example_latest_only_with_trigger.py took 0.141 seconds
[2024-05-06T00:16:49.286+0700] {processor.py:161} INFO - Started process (PID=67067) to work on /Library/Frameworks/Python.framework/Versions/3.10/lib/python3.10/site-packages/airflow/example_dags/example_latest_only_with_trigger.py
[2024-05-06T00:16:49.287+0700] {processor.py:830} INFO - Processing file /Library/Frameworks/Python.framework/Versions/3.10/lib/python3.10/site-packages/airflow/example_dags/example_latest_only_with_trigger.py for tasks to queue
[2024-05-06T00:16:49.287+0700] {logging_mixin.py:188} INFO - [2024-05-06T00:16:49.287+0700] {dagbag.py:540} INFO - Filling up the DagBag from /Library/Frameworks/Python.framework/Versions/3.10/lib/python3.10/site-packages/airflow/example_dags/example_latest_only_with_trigger.py
[2024-05-06T00:16:49.294+0700] {processor.py:840} INFO - DAG(s) 'latest_only_with_trigger' retrieved from /Library/Frameworks/Python.framework/Versions/3.10/lib/python3.10/site-packages/airflow/example_dags/example_latest_only_with_trigger.py
[2024-05-06T00:16:49.401+0700] {logging_mixin.py:188} INFO - [2024-05-06T00:16:49.400+0700] {dag.py:3096} INFO - Sync 1 DAGs
[2024-05-06T00:16:49.411+0700] {logging_mixin.py:188} INFO - [2024-05-06T00:16:49.411+0700] {dag.py:3954} INFO - Setting next_dagrun for latest_only_with_trigger to 2024-05-05 12:00:00+00:00, run_after=2024-05-05 16:00:00+00:00
[2024-05-06T00:16:49.424+0700] {processor.py:183} INFO - Processing /Library/Frameworks/Python.framework/Versions/3.10/lib/python3.10/site-packages/airflow/example_dags/example_latest_only_with_trigger.py took 0.141 seconds
[2024-05-06T00:19:28.316+0700] {processor.py:161} INFO - Started process (PID=67800) to work on /Library/Frameworks/Python.framework/Versions/3.10/lib/python3.10/site-packages/airflow/example_dags/example_latest_only_with_trigger.py
[2024-05-06T00:19:28.317+0700] {processor.py:830} INFO - Processing file /Library/Frameworks/Python.framework/Versions/3.10/lib/python3.10/site-packages/airflow/example_dags/example_latest_only_with_trigger.py for tasks to queue
[2024-05-06T00:19:28.317+0700] {logging_mixin.py:188} INFO - [2024-05-06T00:19:28.317+0700] {dagbag.py:540} INFO - Filling up the DagBag from /Library/Frameworks/Python.framework/Versions/3.10/lib/python3.10/site-packages/airflow/example_dags/example_latest_only_with_trigger.py
[2024-05-06T00:19:28.324+0700] {processor.py:840} INFO - DAG(s) 'latest_only_with_trigger' retrieved from /Library/Frameworks/Python.framework/Versions/3.10/lib/python3.10/site-packages/airflow/example_dags/example_latest_only_with_trigger.py
[2024-05-06T00:19:28.430+0700] {logging_mixin.py:188} INFO - [2024-05-06T00:19:28.430+0700] {dag.py:3096} INFO - Sync 1 DAGs
[2024-05-06T00:19:28.441+0700] {logging_mixin.py:188} INFO - [2024-05-06T00:19:28.440+0700] {dag.py:3954} INFO - Setting next_dagrun for latest_only_with_trigger to 2024-05-05 12:00:00+00:00, run_after=2024-05-05 16:00:00+00:00
[2024-05-06T00:19:28.452+0700] {processor.py:183} INFO - Processing /Library/Frameworks/Python.framework/Versions/3.10/lib/python3.10/site-packages/airflow/example_dags/example_latest_only_with_trigger.py took 0.139 seconds
[2024-05-06T00:22:09.132+0700] {processor.py:161} INFO - Started process (PID=68546) to work on /Library/Frameworks/Python.framework/Versions/3.10/lib/python3.10/site-packages/airflow/example_dags/example_latest_only_with_trigger.py
[2024-05-06T00:22:09.133+0700] {processor.py:830} INFO - Processing file /Library/Frameworks/Python.framework/Versions/3.10/lib/python3.10/site-packages/airflow/example_dags/example_latest_only_with_trigger.py for tasks to queue
[2024-05-06T00:22:09.134+0700] {logging_mixin.py:188} INFO - [2024-05-06T00:22:09.134+0700] {dagbag.py:540} INFO - Filling up the DagBag from /Library/Frameworks/Python.framework/Versions/3.10/lib/python3.10/site-packages/airflow/example_dags/example_latest_only_with_trigger.py
[2024-05-06T00:22:09.140+0700] {processor.py:840} INFO - DAG(s) 'latest_only_with_trigger' retrieved from /Library/Frameworks/Python.framework/Versions/3.10/lib/python3.10/site-packages/airflow/example_dags/example_latest_only_with_trigger.py
[2024-05-06T00:22:09.234+0700] {logging_mixin.py:188} INFO - [2024-05-06T00:22:09.234+0700] {dag.py:3096} INFO - Sync 1 DAGs
[2024-05-06T00:22:09.244+0700] {logging_mixin.py:188} INFO - [2024-05-06T00:22:09.244+0700] {dag.py:3954} INFO - Setting next_dagrun for latest_only_with_trigger to 2024-05-05 12:00:00+00:00, run_after=2024-05-05 16:00:00+00:00
[2024-05-06T00:22:09.254+0700] {processor.py:183} INFO - Processing /Library/Frameworks/Python.framework/Versions/3.10/lib/python3.10/site-packages/airflow/example_dags/example_latest_only_with_trigger.py took 0.123 seconds
[2024-05-06T00:24:46.716+0700] {processor.py:161} INFO - Started process (PID=69259) to work on /Library/Frameworks/Python.framework/Versions/3.10/lib/python3.10/site-packages/airflow/example_dags/example_latest_only_with_trigger.py
[2024-05-06T00:24:46.717+0700] {processor.py:830} INFO - Processing file /Library/Frameworks/Python.framework/Versions/3.10/lib/python3.10/site-packages/airflow/example_dags/example_latest_only_with_trigger.py for tasks to queue
[2024-05-06T00:24:46.718+0700] {logging_mixin.py:188} INFO - [2024-05-06T00:24:46.717+0700] {dagbag.py:540} INFO - Filling up the DagBag from /Library/Frameworks/Python.framework/Versions/3.10/lib/python3.10/site-packages/airflow/example_dags/example_latest_only_with_trigger.py
[2024-05-06T00:24:46.725+0700] {processor.py:840} INFO - DAG(s) 'latest_only_with_trigger' retrieved from /Library/Frameworks/Python.framework/Versions/3.10/lib/python3.10/site-packages/airflow/example_dags/example_latest_only_with_trigger.py
[2024-05-06T00:24:46.818+0700] {logging_mixin.py:188} INFO - [2024-05-06T00:24:46.818+0700] {dag.py:3096} INFO - Sync 1 DAGs
[2024-05-06T00:24:46.827+0700] {logging_mixin.py:188} INFO - [2024-05-06T00:24:46.827+0700] {dag.py:3954} INFO - Setting next_dagrun for latest_only_with_trigger to 2024-05-05 12:00:00+00:00, run_after=2024-05-05 16:00:00+00:00
[2024-05-06T00:24:46.838+0700] {processor.py:183} INFO - Processing /Library/Frameworks/Python.framework/Versions/3.10/lib/python3.10/site-packages/airflow/example_dags/example_latest_only_with_trigger.py took 0.124 seconds
[2024-05-06T00:27:22.296+0700] {processor.py:161} INFO - Started process (PID=69963) to work on /Library/Frameworks/Python.framework/Versions/3.10/lib/python3.10/site-packages/airflow/example_dags/example_latest_only_with_trigger.py
[2024-05-06T00:27:22.297+0700] {processor.py:830} INFO - Processing file /Library/Frameworks/Python.framework/Versions/3.10/lib/python3.10/site-packages/airflow/example_dags/example_latest_only_with_trigger.py for tasks to queue
[2024-05-06T00:27:22.297+0700] {logging_mixin.py:188} INFO - [2024-05-06T00:27:22.297+0700] {dagbag.py:540} INFO - Filling up the DagBag from /Library/Frameworks/Python.framework/Versions/3.10/lib/python3.10/site-packages/airflow/example_dags/example_latest_only_with_trigger.py
[2024-05-06T00:27:22.304+0700] {processor.py:840} INFO - DAG(s) 'latest_only_with_trigger' retrieved from /Library/Frameworks/Python.framework/Versions/3.10/lib/python3.10/site-packages/airflow/example_dags/example_latest_only_with_trigger.py
[2024-05-06T00:27:22.398+0700] {logging_mixin.py:188} INFO - [2024-05-06T00:27:22.398+0700] {dag.py:3096} INFO - Sync 1 DAGs
[2024-05-06T00:27:22.408+0700] {logging_mixin.py:188} INFO - [2024-05-06T00:27:22.408+0700] {dag.py:3954} INFO - Setting next_dagrun for latest_only_with_trigger to 2024-05-05 12:00:00+00:00, run_after=2024-05-05 16:00:00+00:00
[2024-05-06T00:27:22.419+0700] {processor.py:183} INFO - Processing /Library/Frameworks/Python.framework/Versions/3.10/lib/python3.10/site-packages/airflow/example_dags/example_latest_only_with_trigger.py took 0.125 seconds
[2024-05-06T00:29:58.037+0700] {processor.py:161} INFO - Started process (PID=70699) to work on /Library/Frameworks/Python.framework/Versions/3.10/lib/python3.10/site-packages/airflow/example_dags/example_latest_only_with_trigger.py
[2024-05-06T00:29:58.038+0700] {processor.py:830} INFO - Processing file /Library/Frameworks/Python.framework/Versions/3.10/lib/python3.10/site-packages/airflow/example_dags/example_latest_only_with_trigger.py for tasks to queue
[2024-05-06T00:29:58.039+0700] {logging_mixin.py:188} INFO - [2024-05-06T00:29:58.039+0700] {dagbag.py:540} INFO - Filling up the DagBag from /Library/Frameworks/Python.framework/Versions/3.10/lib/python3.10/site-packages/airflow/example_dags/example_latest_only_with_trigger.py
[2024-05-06T00:29:58.045+0700] {processor.py:840} INFO - DAG(s) 'latest_only_with_trigger' retrieved from /Library/Frameworks/Python.framework/Versions/3.10/lib/python3.10/site-packages/airflow/example_dags/example_latest_only_with_trigger.py
[2024-05-06T00:29:58.139+0700] {logging_mixin.py:188} INFO - [2024-05-06T00:29:58.139+0700] {dag.py:3096} INFO - Sync 1 DAGs
[2024-05-06T00:29:58.152+0700] {logging_mixin.py:188} INFO - [2024-05-06T00:29:58.152+0700] {dag.py:3954} INFO - Setting next_dagrun for latest_only_with_trigger to 2024-05-05 12:00:00+00:00, run_after=2024-05-05 16:00:00+00:00
[2024-05-06T00:29:58.163+0700] {processor.py:183} INFO - Processing /Library/Frameworks/Python.framework/Versions/3.10/lib/python3.10/site-packages/airflow/example_dags/example_latest_only_with_trigger.py took 0.127 seconds
