[2024-05-05T20:31:08.753+0700] {processor.py:161} INFO - Started process (PID=78315) to work on /Library/Frameworks/Python.framework/Versions/3.10/lib/python3.10/site-packages/airflow/example_dags/example_latest_only.py
[2024-05-05T20:31:08.754+0700] {processor.py:830} INFO - Processing file /Library/Frameworks/Python.framework/Versions/3.10/lib/python3.10/site-packages/airflow/example_dags/example_latest_only.py for tasks to queue
[2024-05-05T20:31:08.754+0700] {logging_mixin.py:188} INFO - [2024-05-05T20:31:08.754+0700] {dagbag.py:540} INFO - Filling up the DagBag from /Library/Frameworks/Python.framework/Versions/3.10/lib/python3.10/site-packages/airflow/example_dags/example_latest_only.py
[2024-05-05T20:31:08.760+0700] {processor.py:840} INFO - DAG(s) 'latest_only' retrieved from /Library/Frameworks/Python.framework/Versions/3.10/lib/python3.10/site-packages/airflow/example_dags/example_latest_only.py
[2024-05-05T20:31:08.904+0700] {logging_mixin.py:188} INFO - [2024-05-05T20:31:08.904+0700] {dag.py:3096} INFO - Sync 1 DAGs
[2024-05-05T20:31:08.914+0700] {logging_mixin.py:188} INFO - [2024-05-05T20:31:08.914+0700] {dag.py:3954} INFO - Setting next_dagrun for latest_only to 2024-05-05 08:00:00+00:00, run_after=2024-05-05 12:00:00+00:00
[2024-05-05T20:31:08.925+0700] {processor.py:183} INFO - Processing /Library/Frameworks/Python.framework/Versions/3.10/lib/python3.10/site-packages/airflow/example_dags/example_latest_only.py took 0.174 seconds
[2024-05-05T20:33:18.050+0700] {processor.py:161} INFO - Started process (PID=79760) to work on /Library/Frameworks/Python.framework/Versions/3.10/lib/python3.10/site-packages/airflow/example_dags/example_latest_only.py
[2024-05-05T20:33:18.051+0700] {processor.py:830} INFO - Processing file /Library/Frameworks/Python.framework/Versions/3.10/lib/python3.10/site-packages/airflow/example_dags/example_latest_only.py for tasks to queue
[2024-05-05T20:33:18.051+0700] {logging_mixin.py:188} INFO - [2024-05-05T20:33:18.051+0700] {dagbag.py:540} INFO - Filling up the DagBag from /Library/Frameworks/Python.framework/Versions/3.10/lib/python3.10/site-packages/airflow/example_dags/example_latest_only.py
[2024-05-05T20:33:18.058+0700] {processor.py:840} INFO - DAG(s) 'latest_only' retrieved from /Library/Frameworks/Python.framework/Versions/3.10/lib/python3.10/site-packages/airflow/example_dags/example_latest_only.py
[2024-05-05T20:33:18.158+0700] {logging_mixin.py:188} INFO - [2024-05-05T20:33:18.157+0700] {dag.py:3096} INFO - Sync 1 DAGs
[2024-05-05T20:33:18.167+0700] {logging_mixin.py:188} INFO - [2024-05-05T20:33:18.167+0700] {dag.py:3954} INFO - Setting next_dagrun for latest_only to 2024-05-05 08:00:00+00:00, run_after=2024-05-05 12:00:00+00:00
[2024-05-05T20:33:18.179+0700] {processor.py:183} INFO - Processing /Library/Frameworks/Python.framework/Versions/3.10/lib/python3.10/site-packages/airflow/example_dags/example_latest_only.py took 0.131 seconds
[2024-05-05T20:35:33.839+0700] {processor.py:161} INFO - Started process (PID=81131) to work on /Library/Frameworks/Python.framework/Versions/3.10/lib/python3.10/site-packages/airflow/example_dags/example_latest_only.py
[2024-05-05T20:35:33.840+0700] {processor.py:830} INFO - Processing file /Library/Frameworks/Python.framework/Versions/3.10/lib/python3.10/site-packages/airflow/example_dags/example_latest_only.py for tasks to queue
[2024-05-05T20:35:33.840+0700] {logging_mixin.py:188} INFO - [2024-05-05T20:35:33.840+0700] {dagbag.py:540} INFO - Filling up the DagBag from /Library/Frameworks/Python.framework/Versions/3.10/lib/python3.10/site-packages/airflow/example_dags/example_latest_only.py
[2024-05-05T20:35:33.846+0700] {processor.py:840} INFO - DAG(s) 'latest_only' retrieved from /Library/Frameworks/Python.framework/Versions/3.10/lib/python3.10/site-packages/airflow/example_dags/example_latest_only.py
[2024-05-05T20:35:34.004+0700] {logging_mixin.py:188} INFO - [2024-05-05T20:35:34.004+0700] {dag.py:3096} INFO - Sync 1 DAGs
[2024-05-05T20:35:34.014+0700] {logging_mixin.py:188} INFO - [2024-05-05T20:35:34.014+0700] {dag.py:3954} INFO - Setting next_dagrun for latest_only to 2024-05-05 08:00:00+00:00, run_after=2024-05-05 12:00:00+00:00
[2024-05-05T20:35:34.027+0700] {processor.py:183} INFO - Processing /Library/Frameworks/Python.framework/Versions/3.10/lib/python3.10/site-packages/airflow/example_dags/example_latest_only.py took 0.189 seconds
[2024-05-05T20:36:22.970+0700] {processor.py:161} INFO - Started process (PID=81647) to work on /Library/Frameworks/Python.framework/Versions/3.10/lib/python3.10/site-packages/airflow/example_dags/example_latest_only.py
[2024-05-05T20:36:22.971+0700] {processor.py:830} INFO - Processing file /Library/Frameworks/Python.framework/Versions/3.10/lib/python3.10/site-packages/airflow/example_dags/example_latest_only.py for tasks to queue
[2024-05-05T20:36:22.971+0700] {logging_mixin.py:188} INFO - [2024-05-05T20:36:22.971+0700] {dagbag.py:540} INFO - Filling up the DagBag from /Library/Frameworks/Python.framework/Versions/3.10/lib/python3.10/site-packages/airflow/example_dags/example_latest_only.py
[2024-05-05T20:36:22.977+0700] {processor.py:840} INFO - DAG(s) 'latest_only' retrieved from /Library/Frameworks/Python.framework/Versions/3.10/lib/python3.10/site-packages/airflow/example_dags/example_latest_only.py
[2024-05-05T20:36:23.073+0700] {logging_mixin.py:188} INFO - [2024-05-05T20:36:23.073+0700] {dag.py:3096} INFO - Sync 1 DAGs
[2024-05-05T20:36:23.083+0700] {logging_mixin.py:188} INFO - [2024-05-05T20:36:23.083+0700] {dag.py:3954} INFO - Setting next_dagrun for latest_only to 2024-05-05 08:00:00+00:00, run_after=2024-05-05 12:00:00+00:00
[2024-05-05T20:36:23.095+0700] {processor.py:183} INFO - Processing /Library/Frameworks/Python.framework/Versions/3.10/lib/python3.10/site-packages/airflow/example_dags/example_latest_only.py took 0.126 seconds
[2024-05-05T20:37:24.219+0700] {processor.py:161} INFO - Started process (PID=82263) to work on /Library/Frameworks/Python.framework/Versions/3.10/lib/python3.10/site-packages/airflow/example_dags/example_latest_only.py
[2024-05-05T20:37:24.220+0700] {processor.py:830} INFO - Processing file /Library/Frameworks/Python.framework/Versions/3.10/lib/python3.10/site-packages/airflow/example_dags/example_latest_only.py for tasks to queue
[2024-05-05T20:37:24.220+0700] {logging_mixin.py:188} INFO - [2024-05-05T20:37:24.220+0700] {dagbag.py:540} INFO - Filling up the DagBag from /Library/Frameworks/Python.framework/Versions/3.10/lib/python3.10/site-packages/airflow/example_dags/example_latest_only.py
[2024-05-05T20:37:24.227+0700] {processor.py:840} INFO - DAG(s) 'latest_only' retrieved from /Library/Frameworks/Python.framework/Versions/3.10/lib/python3.10/site-packages/airflow/example_dags/example_latest_only.py
[2024-05-05T20:37:24.375+0700] {logging_mixin.py:188} INFO - [2024-05-05T20:37:24.374+0700] {dag.py:3096} INFO - Sync 1 DAGs
[2024-05-05T20:37:24.387+0700] {logging_mixin.py:188} INFO - [2024-05-05T20:37:24.387+0700] {dag.py:3954} INFO - Setting next_dagrun for latest_only to 2024-05-05 08:00:00+00:00, run_after=2024-05-05 12:00:00+00:00
[2024-05-05T20:37:24.401+0700] {processor.py:183} INFO - Processing /Library/Frameworks/Python.framework/Versions/3.10/lib/python3.10/site-packages/airflow/example_dags/example_latest_only.py took 0.184 seconds
[2024-05-05T20:38:59.892+0700] {processor.py:161} INFO - Started process (PID=83137) to work on /Library/Frameworks/Python.framework/Versions/3.10/lib/python3.10/site-packages/airflow/example_dags/example_latest_only.py
[2024-05-05T20:38:59.893+0700] {processor.py:830} INFO - Processing file /Library/Frameworks/Python.framework/Versions/3.10/lib/python3.10/site-packages/airflow/example_dags/example_latest_only.py for tasks to queue
[2024-05-05T20:38:59.894+0700] {logging_mixin.py:188} INFO - [2024-05-05T20:38:59.894+0700] {dagbag.py:540} INFO - Filling up the DagBag from /Library/Frameworks/Python.framework/Versions/3.10/lib/python3.10/site-packages/airflow/example_dags/example_latest_only.py
[2024-05-05T20:38:59.899+0700] {processor.py:840} INFO - DAG(s) 'latest_only' retrieved from /Library/Frameworks/Python.framework/Versions/3.10/lib/python3.10/site-packages/airflow/example_dags/example_latest_only.py
[2024-05-05T20:38:59.994+0700] {logging_mixin.py:188} INFO - [2024-05-05T20:38:59.993+0700] {dag.py:3096} INFO - Sync 1 DAGs
[2024-05-05T20:39:00.003+0700] {logging_mixin.py:188} INFO - [2024-05-05T20:39:00.002+0700] {dag.py:3954} INFO - Setting next_dagrun for latest_only to 2024-05-05 08:00:00+00:00, run_after=2024-05-05 12:00:00+00:00
[2024-05-05T20:39:00.013+0700] {processor.py:183} INFO - Processing /Library/Frameworks/Python.framework/Versions/3.10/lib/python3.10/site-packages/airflow/example_dags/example_latest_only.py took 0.123 seconds
[2024-05-05T20:39:56.414+0700] {processor.py:161} INFO - Started process (PID=83665) to work on /Library/Frameworks/Python.framework/Versions/3.10/lib/python3.10/site-packages/airflow/example_dags/example_latest_only.py
[2024-05-05T20:39:56.414+0700] {processor.py:830} INFO - Processing file /Library/Frameworks/Python.framework/Versions/3.10/lib/python3.10/site-packages/airflow/example_dags/example_latest_only.py for tasks to queue
[2024-05-05T20:39:56.415+0700] {logging_mixin.py:188} INFO - [2024-05-05T20:39:56.415+0700] {dagbag.py:540} INFO - Filling up the DagBag from /Library/Frameworks/Python.framework/Versions/3.10/lib/python3.10/site-packages/airflow/example_dags/example_latest_only.py
[2024-05-05T20:39:56.420+0700] {processor.py:840} INFO - DAG(s) 'latest_only' retrieved from /Library/Frameworks/Python.framework/Versions/3.10/lib/python3.10/site-packages/airflow/example_dags/example_latest_only.py
[2024-05-05T20:39:56.519+0700] {logging_mixin.py:188} INFO - [2024-05-05T20:39:56.519+0700] {dag.py:3096} INFO - Sync 1 DAGs
[2024-05-05T20:39:56.528+0700] {logging_mixin.py:188} INFO - [2024-05-05T20:39:56.528+0700] {dag.py:3954} INFO - Setting next_dagrun for latest_only to 2024-05-05 08:00:00+00:00, run_after=2024-05-05 12:00:00+00:00
[2024-05-05T20:39:56.540+0700] {processor.py:183} INFO - Processing /Library/Frameworks/Python.framework/Versions/3.10/lib/python3.10/site-packages/airflow/example_dags/example_latest_only.py took 0.128 seconds
[2024-05-05T20:41:51.089+0700] {processor.py:161} INFO - Started process (PID=84741) to work on /Library/Frameworks/Python.framework/Versions/3.10/lib/python3.10/site-packages/airflow/example_dags/example_latest_only.py
[2024-05-05T20:41:51.090+0700] {processor.py:830} INFO - Processing file /Library/Frameworks/Python.framework/Versions/3.10/lib/python3.10/site-packages/airflow/example_dags/example_latest_only.py for tasks to queue
[2024-05-05T20:41:51.091+0700] {logging_mixin.py:188} INFO - [2024-05-05T20:41:51.091+0700] {dagbag.py:540} INFO - Filling up the DagBag from /Library/Frameworks/Python.framework/Versions/3.10/lib/python3.10/site-packages/airflow/example_dags/example_latest_only.py
[2024-05-05T20:41:51.097+0700] {processor.py:840} INFO - DAG(s) 'latest_only' retrieved from /Library/Frameworks/Python.framework/Versions/3.10/lib/python3.10/site-packages/airflow/example_dags/example_latest_only.py
[2024-05-05T20:41:51.194+0700] {logging_mixin.py:188} INFO - [2024-05-05T20:41:51.194+0700] {dag.py:3096} INFO - Sync 1 DAGs
[2024-05-05T20:41:51.203+0700] {logging_mixin.py:188} INFO - [2024-05-05T20:41:51.203+0700] {dag.py:3954} INFO - Setting next_dagrun for latest_only to 2024-05-05 08:00:00+00:00, run_after=2024-05-05 12:00:00+00:00
[2024-05-05T20:41:51.214+0700] {processor.py:183} INFO - Processing /Library/Frameworks/Python.framework/Versions/3.10/lib/python3.10/site-packages/airflow/example_dags/example_latest_only.py took 0.133 seconds
[2024-05-05T20:42:46.813+0700] {processor.py:161} INFO - Started process (PID=85240) to work on /Library/Frameworks/Python.framework/Versions/3.10/lib/python3.10/site-packages/airflow/example_dags/example_latest_only.py
[2024-05-05T20:42:46.814+0700] {processor.py:830} INFO - Processing file /Library/Frameworks/Python.framework/Versions/3.10/lib/python3.10/site-packages/airflow/example_dags/example_latest_only.py for tasks to queue
[2024-05-05T20:42:46.815+0700] {logging_mixin.py:188} INFO - [2024-05-05T20:42:46.814+0700] {dagbag.py:540} INFO - Filling up the DagBag from /Library/Frameworks/Python.framework/Versions/3.10/lib/python3.10/site-packages/airflow/example_dags/example_latest_only.py
[2024-05-05T20:42:46.820+0700] {processor.py:840} INFO - DAG(s) 'latest_only' retrieved from /Library/Frameworks/Python.framework/Versions/3.10/lib/python3.10/site-packages/airflow/example_dags/example_latest_only.py
[2024-05-05T20:42:46.916+0700] {logging_mixin.py:188} INFO - [2024-05-05T20:42:46.916+0700] {dag.py:3096} INFO - Sync 1 DAGs
[2024-05-05T20:42:46.926+0700] {logging_mixin.py:188} INFO - [2024-05-05T20:42:46.925+0700] {dag.py:3954} INFO - Setting next_dagrun for latest_only to 2024-05-05 08:00:00+00:00, run_after=2024-05-05 12:00:00+00:00
[2024-05-05T20:42:46.936+0700] {processor.py:183} INFO - Processing /Library/Frameworks/Python.framework/Versions/3.10/lib/python3.10/site-packages/airflow/example_dags/example_latest_only.py took 0.125 seconds
[2024-05-05T20:44:25.818+0700] {processor.py:161} INFO - Started process (PID=86140) to work on /Library/Frameworks/Python.framework/Versions/3.10/lib/python3.10/site-packages/airflow/example_dags/example_latest_only.py
[2024-05-05T20:44:25.819+0700] {processor.py:830} INFO - Processing file /Library/Frameworks/Python.framework/Versions/3.10/lib/python3.10/site-packages/airflow/example_dags/example_latest_only.py for tasks to queue
[2024-05-05T20:44:25.820+0700] {logging_mixin.py:188} INFO - [2024-05-05T20:44:25.819+0700] {dagbag.py:540} INFO - Filling up the DagBag from /Library/Frameworks/Python.framework/Versions/3.10/lib/python3.10/site-packages/airflow/example_dags/example_latest_only.py
[2024-05-05T20:44:25.826+0700] {processor.py:840} INFO - DAG(s) 'latest_only' retrieved from /Library/Frameworks/Python.framework/Versions/3.10/lib/python3.10/site-packages/airflow/example_dags/example_latest_only.py
[2024-05-05T20:44:25.929+0700] {logging_mixin.py:188} INFO - [2024-05-05T20:44:25.929+0700] {dag.py:3096} INFO - Sync 1 DAGs
[2024-05-05T20:44:25.938+0700] {logging_mixin.py:188} INFO - [2024-05-05T20:44:25.938+0700] {dag.py:3954} INFO - Setting next_dagrun for latest_only to 2024-05-05 08:00:00+00:00, run_after=2024-05-05 12:00:00+00:00
[2024-05-05T20:44:25.950+0700] {processor.py:183} INFO - Processing /Library/Frameworks/Python.framework/Versions/3.10/lib/python3.10/site-packages/airflow/example_dags/example_latest_only.py took 0.135 seconds
[2024-05-05T20:45:23.210+0700] {processor.py:161} INFO - Started process (PID=86686) to work on /Library/Frameworks/Python.framework/Versions/3.10/lib/python3.10/site-packages/airflow/example_dags/example_latest_only.py
[2024-05-05T20:45:23.210+0700] {processor.py:830} INFO - Processing file /Library/Frameworks/Python.framework/Versions/3.10/lib/python3.10/site-packages/airflow/example_dags/example_latest_only.py for tasks to queue
[2024-05-05T20:45:23.211+0700] {logging_mixin.py:188} INFO - [2024-05-05T20:45:23.211+0700] {dagbag.py:540} INFO - Filling up the DagBag from /Library/Frameworks/Python.framework/Versions/3.10/lib/python3.10/site-packages/airflow/example_dags/example_latest_only.py
[2024-05-05T20:45:23.216+0700] {processor.py:840} INFO - DAG(s) 'latest_only' retrieved from /Library/Frameworks/Python.framework/Versions/3.10/lib/python3.10/site-packages/airflow/example_dags/example_latest_only.py
[2024-05-05T20:45:23.315+0700] {logging_mixin.py:188} INFO - [2024-05-05T20:45:23.315+0700] {dag.py:3096} INFO - Sync 1 DAGs
[2024-05-05T20:45:23.324+0700] {logging_mixin.py:188} INFO - [2024-05-05T20:45:23.324+0700] {dag.py:3954} INFO - Setting next_dagrun for latest_only to 2024-05-05 08:00:00+00:00, run_after=2024-05-05 12:00:00+00:00
[2024-05-05T20:45:23.335+0700] {processor.py:183} INFO - Processing /Library/Frameworks/Python.framework/Versions/3.10/lib/python3.10/site-packages/airflow/example_dags/example_latest_only.py took 0.127 seconds
[2024-05-05T20:48:01.646+0700] {processor.py:161} INFO - Started process (PID=87799) to work on /Library/Frameworks/Python.framework/Versions/3.10/lib/python3.10/site-packages/airflow/example_dags/example_latest_only.py
[2024-05-05T20:48:01.647+0700] {processor.py:830} INFO - Processing file /Library/Frameworks/Python.framework/Versions/3.10/lib/python3.10/site-packages/airflow/example_dags/example_latest_only.py for tasks to queue
[2024-05-05T20:48:01.647+0700] {logging_mixin.py:188} INFO - [2024-05-05T20:48:01.647+0700] {dagbag.py:540} INFO - Filling up the DagBag from /Library/Frameworks/Python.framework/Versions/3.10/lib/python3.10/site-packages/airflow/example_dags/example_latest_only.py
[2024-05-05T20:48:01.653+0700] {processor.py:840} INFO - DAG(s) 'latest_only' retrieved from /Library/Frameworks/Python.framework/Versions/3.10/lib/python3.10/site-packages/airflow/example_dags/example_latest_only.py
[2024-05-05T20:48:01.748+0700] {logging_mixin.py:188} INFO - [2024-05-05T20:48:01.748+0700] {dag.py:3096} INFO - Sync 1 DAGs
[2024-05-05T20:48:01.757+0700] {logging_mixin.py:188} INFO - [2024-05-05T20:48:01.757+0700] {dag.py:3954} INFO - Setting next_dagrun for latest_only to 2024-05-05 08:00:00+00:00, run_after=2024-05-05 12:00:00+00:00
[2024-05-05T20:48:01.768+0700] {processor.py:183} INFO - Processing /Library/Frameworks/Python.framework/Versions/3.10/lib/python3.10/site-packages/airflow/example_dags/example_latest_only.py took 0.123 seconds
[2024-05-05T20:48:50.238+0700] {processor.py:161} INFO - Started process (PID=88238) to work on /Library/Frameworks/Python.framework/Versions/3.10/lib/python3.10/site-packages/airflow/example_dags/example_latest_only.py
[2024-05-05T20:48:50.238+0700] {processor.py:830} INFO - Processing file /Library/Frameworks/Python.framework/Versions/3.10/lib/python3.10/site-packages/airflow/example_dags/example_latest_only.py for tasks to queue
[2024-05-05T20:48:50.239+0700] {logging_mixin.py:188} INFO - [2024-05-05T20:48:50.239+0700] {dagbag.py:540} INFO - Filling up the DagBag from /Library/Frameworks/Python.framework/Versions/3.10/lib/python3.10/site-packages/airflow/example_dags/example_latest_only.py
[2024-05-05T20:48:50.245+0700] {processor.py:840} INFO - DAG(s) 'latest_only' retrieved from /Library/Frameworks/Python.framework/Versions/3.10/lib/python3.10/site-packages/airflow/example_dags/example_latest_only.py
[2024-05-05T20:48:50.343+0700] {logging_mixin.py:188} INFO - [2024-05-05T20:48:50.343+0700] {dag.py:3096} INFO - Sync 1 DAGs
[2024-05-05T20:48:50.352+0700] {logging_mixin.py:188} INFO - [2024-05-05T20:48:50.352+0700] {dag.py:3954} INFO - Setting next_dagrun for latest_only to 2024-05-05 08:00:00+00:00, run_after=2024-05-05 12:00:00+00:00
[2024-05-05T20:48:50.363+0700] {processor.py:183} INFO - Processing /Library/Frameworks/Python.framework/Versions/3.10/lib/python3.10/site-packages/airflow/example_dags/example_latest_only.py took 0.128 seconds
[2024-05-05T20:50:33.714+0700] {processor.py:161} INFO - Started process (PID=89176) to work on /Library/Frameworks/Python.framework/Versions/3.10/lib/python3.10/site-packages/airflow/example_dags/example_latest_only.py
[2024-05-05T20:50:33.715+0700] {processor.py:830} INFO - Processing file /Library/Frameworks/Python.framework/Versions/3.10/lib/python3.10/site-packages/airflow/example_dags/example_latest_only.py for tasks to queue
[2024-05-05T20:50:33.716+0700] {logging_mixin.py:188} INFO - [2024-05-05T20:50:33.716+0700] {dagbag.py:540} INFO - Filling up the DagBag from /Library/Frameworks/Python.framework/Versions/3.10/lib/python3.10/site-packages/airflow/example_dags/example_latest_only.py
[2024-05-05T20:50:33.722+0700] {processor.py:840} INFO - DAG(s) 'latest_only' retrieved from /Library/Frameworks/Python.framework/Versions/3.10/lib/python3.10/site-packages/airflow/example_dags/example_latest_only.py
[2024-05-05T20:50:33.818+0700] {logging_mixin.py:188} INFO - [2024-05-05T20:50:33.818+0700] {dag.py:3096} INFO - Sync 1 DAGs
[2024-05-05T20:50:33.827+0700] {logging_mixin.py:188} INFO - [2024-05-05T20:50:33.827+0700] {dag.py:3954} INFO - Setting next_dagrun for latest_only to 2024-05-05 08:00:00+00:00, run_after=2024-05-05 12:00:00+00:00
[2024-05-05T20:50:33.838+0700] {processor.py:183} INFO - Processing /Library/Frameworks/Python.framework/Versions/3.10/lib/python3.10/site-packages/airflow/example_dags/example_latest_only.py took 0.126 seconds
[2024-05-05T20:51:27.476+0700] {processor.py:161} INFO - Started process (PID=90047) to work on /Library/Frameworks/Python.framework/Versions/3.10/lib/python3.10/site-packages/airflow/example_dags/example_latest_only.py
[2024-05-05T20:51:27.478+0700] {processor.py:830} INFO - Processing file /Library/Frameworks/Python.framework/Versions/3.10/lib/python3.10/site-packages/airflow/example_dags/example_latest_only.py for tasks to queue
[2024-05-05T20:51:27.478+0700] {logging_mixin.py:188} INFO - [2024-05-05T20:51:27.478+0700] {dagbag.py:540} INFO - Filling up the DagBag from /Library/Frameworks/Python.framework/Versions/3.10/lib/python3.10/site-packages/airflow/example_dags/example_latest_only.py
[2024-05-05T20:51:27.483+0700] {processor.py:840} INFO - DAG(s) 'latest_only' retrieved from /Library/Frameworks/Python.framework/Versions/3.10/lib/python3.10/site-packages/airflow/example_dags/example_latest_only.py
[2024-05-05T20:51:27.578+0700] {logging_mixin.py:188} INFO - [2024-05-05T20:51:27.578+0700] {dag.py:3096} INFO - Sync 1 DAGs
[2024-05-05T20:51:27.587+0700] {logging_mixin.py:188} INFO - [2024-05-05T20:51:27.587+0700] {dag.py:3954} INFO - Setting next_dagrun for latest_only to 2024-05-05 08:00:00+00:00, run_after=2024-05-05 12:00:00+00:00
[2024-05-05T20:51:27.598+0700] {processor.py:183} INFO - Processing /Library/Frameworks/Python.framework/Versions/3.10/lib/python3.10/site-packages/airflow/example_dags/example_latest_only.py took 0.123 seconds
[2024-05-05T20:52:19.596+0700] {processor.py:161} INFO - Started process (PID=90531) to work on /Library/Frameworks/Python.framework/Versions/3.10/lib/python3.10/site-packages/airflow/example_dags/example_latest_only.py
[2024-05-05T20:52:19.597+0700] {processor.py:830} INFO - Processing file /Library/Frameworks/Python.framework/Versions/3.10/lib/python3.10/site-packages/airflow/example_dags/example_latest_only.py for tasks to queue
[2024-05-05T20:52:19.597+0700] {logging_mixin.py:188} INFO - [2024-05-05T20:52:19.597+0700] {dagbag.py:540} INFO - Filling up the DagBag from /Library/Frameworks/Python.framework/Versions/3.10/lib/python3.10/site-packages/airflow/example_dags/example_latest_only.py
[2024-05-05T20:52:19.602+0700] {processor.py:840} INFO - DAG(s) 'latest_only' retrieved from /Library/Frameworks/Python.framework/Versions/3.10/lib/python3.10/site-packages/airflow/example_dags/example_latest_only.py
[2024-05-05T20:52:19.706+0700] {logging_mixin.py:188} INFO - [2024-05-05T20:52:19.705+0700] {dag.py:3096} INFO - Sync 1 DAGs
[2024-05-05T20:52:19.716+0700] {logging_mixin.py:188} INFO - [2024-05-05T20:52:19.716+0700] {dag.py:3954} INFO - Setting next_dagrun for latest_only to 2024-05-05 08:00:00+00:00, run_after=2024-05-05 12:00:00+00:00
[2024-05-05T20:52:19.727+0700] {processor.py:183} INFO - Processing /Library/Frameworks/Python.framework/Versions/3.10/lib/python3.10/site-packages/airflow/example_dags/example_latest_only.py took 0.133 seconds
[2024-05-05T20:56:44.319+0700] {processor.py:161} INFO - Started process (PID=91564) to work on /Library/Frameworks/Python.framework/Versions/3.10/lib/python3.10/site-packages/airflow/example_dags/example_latest_only.py
[2024-05-05T20:56:44.320+0700] {processor.py:830} INFO - Processing file /Library/Frameworks/Python.framework/Versions/3.10/lib/python3.10/site-packages/airflow/example_dags/example_latest_only.py for tasks to queue
[2024-05-05T20:56:44.320+0700] {logging_mixin.py:188} INFO - [2024-05-05T20:56:44.320+0700] {dagbag.py:540} INFO - Filling up the DagBag from /Library/Frameworks/Python.framework/Versions/3.10/lib/python3.10/site-packages/airflow/example_dags/example_latest_only.py
[2024-05-05T20:56:44.330+0700] {processor.py:840} INFO - DAG(s) 'latest_only' retrieved from /Library/Frameworks/Python.framework/Versions/3.10/lib/python3.10/site-packages/airflow/example_dags/example_latest_only.py
[2024-05-05T20:56:44.486+0700] {logging_mixin.py:188} INFO - [2024-05-05T20:56:44.485+0700] {dag.py:3096} INFO - Sync 1 DAGs
[2024-05-05T20:56:44.498+0700] {logging_mixin.py:188} INFO - [2024-05-05T20:56:44.498+0700] {dag.py:3954} INFO - Setting next_dagrun for latest_only to 2024-05-05 08:00:00+00:00, run_after=2024-05-05 12:00:00+00:00
[2024-05-05T20:56:44.513+0700] {processor.py:183} INFO - Processing /Library/Frameworks/Python.framework/Versions/3.10/lib/python3.10/site-packages/airflow/example_dags/example_latest_only.py took 0.197 seconds
[2024-05-05T20:57:42.774+0700] {processor.py:161} INFO - Started process (PID=92117) to work on /Library/Frameworks/Python.framework/Versions/3.10/lib/python3.10/site-packages/airflow/example_dags/example_latest_only.py
[2024-05-05T20:57:42.775+0700] {processor.py:830} INFO - Processing file /Library/Frameworks/Python.framework/Versions/3.10/lib/python3.10/site-packages/airflow/example_dags/example_latest_only.py for tasks to queue
[2024-05-05T20:57:42.776+0700] {logging_mixin.py:188} INFO - [2024-05-05T20:57:42.776+0700] {dagbag.py:540} INFO - Filling up the DagBag from /Library/Frameworks/Python.framework/Versions/3.10/lib/python3.10/site-packages/airflow/example_dags/example_latest_only.py
[2024-05-05T20:57:42.782+0700] {processor.py:840} INFO - DAG(s) 'latest_only' retrieved from /Library/Frameworks/Python.framework/Versions/3.10/lib/python3.10/site-packages/airflow/example_dags/example_latest_only.py
[2024-05-05T20:57:42.880+0700] {logging_mixin.py:188} INFO - [2024-05-05T20:57:42.879+0700] {dag.py:3096} INFO - Sync 1 DAGs
[2024-05-05T20:57:42.889+0700] {logging_mixin.py:188} INFO - [2024-05-05T20:57:42.889+0700] {dag.py:3954} INFO - Setting next_dagrun for latest_only to 2024-05-05 08:00:00+00:00, run_after=2024-05-05 12:00:00+00:00
[2024-05-05T20:57:42.900+0700] {processor.py:183} INFO - Processing /Library/Frameworks/Python.framework/Versions/3.10/lib/python3.10/site-packages/airflow/example_dags/example_latest_only.py took 0.128 seconds
[2024-05-05T21:00:33.879+0700] {processor.py:161} INFO - Started process (PID=93205) to work on /Library/Frameworks/Python.framework/Versions/3.10/lib/python3.10/site-packages/airflow/example_dags/example_latest_only.py
[2024-05-05T21:00:33.880+0700] {processor.py:830} INFO - Processing file /Library/Frameworks/Python.framework/Versions/3.10/lib/python3.10/site-packages/airflow/example_dags/example_latest_only.py for tasks to queue
[2024-05-05T21:00:33.880+0700] {logging_mixin.py:188} INFO - [2024-05-05T21:00:33.880+0700] {dagbag.py:540} INFO - Filling up the DagBag from /Library/Frameworks/Python.framework/Versions/3.10/lib/python3.10/site-packages/airflow/example_dags/example_latest_only.py
[2024-05-05T21:00:33.886+0700] {processor.py:840} INFO - DAG(s) 'latest_only' retrieved from /Library/Frameworks/Python.framework/Versions/3.10/lib/python3.10/site-packages/airflow/example_dags/example_latest_only.py
[2024-05-05T21:00:33.985+0700] {logging_mixin.py:188} INFO - [2024-05-05T21:00:33.985+0700] {dag.py:3096} INFO - Sync 1 DAGs
[2024-05-05T21:00:33.994+0700] {logging_mixin.py:188} INFO - [2024-05-05T21:00:33.994+0700] {dag.py:3954} INFO - Setting next_dagrun for latest_only to 2024-05-05 08:00:00+00:00, run_after=2024-05-05 12:00:00+00:00
[2024-05-05T21:00:34.005+0700] {processor.py:183} INFO - Processing /Library/Frameworks/Python.framework/Versions/3.10/lib/python3.10/site-packages/airflow/example_dags/example_latest_only.py took 0.129 seconds
[2024-05-05T21:01:17.691+0700] {processor.py:161} INFO - Started process (PID=93606) to work on /Library/Frameworks/Python.framework/Versions/3.10/lib/python3.10/site-packages/airflow/example_dags/example_latest_only.py
[2024-05-05T21:01:17.693+0700] {processor.py:830} INFO - Processing file /Library/Frameworks/Python.framework/Versions/3.10/lib/python3.10/site-packages/airflow/example_dags/example_latest_only.py for tasks to queue
[2024-05-05T21:01:17.693+0700] {logging_mixin.py:188} INFO - [2024-05-05T21:01:17.693+0700] {dagbag.py:540} INFO - Filling up the DagBag from /Library/Frameworks/Python.framework/Versions/3.10/lib/python3.10/site-packages/airflow/example_dags/example_latest_only.py
[2024-05-05T21:01:17.699+0700] {processor.py:840} INFO - DAG(s) 'latest_only' retrieved from /Library/Frameworks/Python.framework/Versions/3.10/lib/python3.10/site-packages/airflow/example_dags/example_latest_only.py
[2024-05-05T21:01:17.799+0700] {logging_mixin.py:188} INFO - [2024-05-05T21:01:17.799+0700] {dag.py:3096} INFO - Sync 1 DAGs
[2024-05-05T21:01:17.809+0700] {logging_mixin.py:188} INFO - [2024-05-05T21:01:17.809+0700] {dag.py:3954} INFO - Setting next_dagrun for latest_only to 2024-05-05 08:00:00+00:00, run_after=2024-05-05 12:00:00+00:00
[2024-05-05T21:01:17.827+0700] {processor.py:183} INFO - Processing /Library/Frameworks/Python.framework/Versions/3.10/lib/python3.10/site-packages/airflow/example_dags/example_latest_only.py took 0.139 seconds
[2024-05-05T21:03:19.901+0700] {processor.py:161} INFO - Started process (PID=94719) to work on /Library/Frameworks/Python.framework/Versions/3.10/lib/python3.10/site-packages/airflow/example_dags/example_latest_only.py
[2024-05-05T21:03:19.902+0700] {processor.py:830} INFO - Processing file /Library/Frameworks/Python.framework/Versions/3.10/lib/python3.10/site-packages/airflow/example_dags/example_latest_only.py for tasks to queue
[2024-05-05T21:03:19.902+0700] {logging_mixin.py:188} INFO - [2024-05-05T21:03:19.902+0700] {dagbag.py:540} INFO - Filling up the DagBag from /Library/Frameworks/Python.framework/Versions/3.10/lib/python3.10/site-packages/airflow/example_dags/example_latest_only.py
[2024-05-05T21:03:19.907+0700] {processor.py:840} INFO - DAG(s) 'latest_only' retrieved from /Library/Frameworks/Python.framework/Versions/3.10/lib/python3.10/site-packages/airflow/example_dags/example_latest_only.py
[2024-05-05T21:03:20.001+0700] {logging_mixin.py:188} INFO - [2024-05-05T21:03:20.001+0700] {dag.py:3096} INFO - Sync 1 DAGs
[2024-05-05T21:03:20.010+0700] {logging_mixin.py:188} INFO - [2024-05-05T21:03:20.010+0700] {dag.py:3954} INFO - Setting next_dagrun for latest_only to 2024-05-05 08:00:00+00:00, run_after=2024-05-05 12:00:00+00:00
[2024-05-05T21:03:20.020+0700] {processor.py:183} INFO - Processing /Library/Frameworks/Python.framework/Versions/3.10/lib/python3.10/site-packages/airflow/example_dags/example_latest_only.py took 0.121 seconds
[2024-05-05T21:03:51.327+0700] {processor.py:161} INFO - Started process (PID=94996) to work on /Library/Frameworks/Python.framework/Versions/3.10/lib/python3.10/site-packages/airflow/example_dags/example_latest_only.py
[2024-05-05T21:03:51.329+0700] {processor.py:830} INFO - Processing file /Library/Frameworks/Python.framework/Versions/3.10/lib/python3.10/site-packages/airflow/example_dags/example_latest_only.py for tasks to queue
[2024-05-05T21:03:51.333+0700] {logging_mixin.py:188} INFO - [2024-05-05T21:03:51.333+0700] {dagbag.py:540} INFO - Filling up the DagBag from /Library/Frameworks/Python.framework/Versions/3.10/lib/python3.10/site-packages/airflow/example_dags/example_latest_only.py
[2024-05-05T21:03:51.338+0700] {processor.py:840} INFO - DAG(s) 'latest_only' retrieved from /Library/Frameworks/Python.framework/Versions/3.10/lib/python3.10/site-packages/airflow/example_dags/example_latest_only.py
[2024-05-05T21:03:51.433+0700] {logging_mixin.py:188} INFO - [2024-05-05T21:03:51.433+0700] {dag.py:3096} INFO - Sync 1 DAGs
[2024-05-05T21:03:51.442+0700] {logging_mixin.py:188} INFO - [2024-05-05T21:03:51.442+0700] {dag.py:3954} INFO - Setting next_dagrun for latest_only to 2024-05-05 08:00:00+00:00, run_after=2024-05-05 12:00:00+00:00
[2024-05-05T21:03:51.453+0700] {processor.py:183} INFO - Processing /Library/Frameworks/Python.framework/Versions/3.10/lib/python3.10/site-packages/airflow/example_dags/example_latest_only.py took 0.127 seconds
[2024-05-05T21:19:10.368+0700] {processor.py:161} INFO - Started process (PID=96198) to work on /Library/Frameworks/Python.framework/Versions/3.10/lib/python3.10/site-packages/airflow/example_dags/example_latest_only.py
[2024-05-05T21:19:10.369+0700] {processor.py:830} INFO - Processing file /Library/Frameworks/Python.framework/Versions/3.10/lib/python3.10/site-packages/airflow/example_dags/example_latest_only.py for tasks to queue
[2024-05-05T21:19:10.369+0700] {logging_mixin.py:188} INFO - [2024-05-05T21:19:10.369+0700] {dagbag.py:540} INFO - Filling up the DagBag from /Library/Frameworks/Python.framework/Versions/3.10/lib/python3.10/site-packages/airflow/example_dags/example_latest_only.py
[2024-05-05T21:19:10.376+0700] {processor.py:840} INFO - DAG(s) 'latest_only' retrieved from /Library/Frameworks/Python.framework/Versions/3.10/lib/python3.10/site-packages/airflow/example_dags/example_latest_only.py
[2024-05-05T21:19:10.491+0700] {logging_mixin.py:188} INFO - [2024-05-05T21:19:10.491+0700] {dag.py:3096} INFO - Sync 1 DAGs
[2024-05-05T21:19:10.502+0700] {logging_mixin.py:188} INFO - [2024-05-05T21:19:10.502+0700] {dag.py:3954} INFO - Setting next_dagrun for latest_only to 2024-05-05 08:00:00+00:00, run_after=2024-05-05 12:00:00+00:00
[2024-05-05T21:19:10.515+0700] {processor.py:183} INFO - Processing /Library/Frameworks/Python.framework/Versions/3.10/lib/python3.10/site-packages/airflow/example_dags/example_latest_only.py took 0.148 seconds
[2024-05-05T21:20:42.553+0700] {processor.py:161} INFO - Started process (PID=96603) to work on /Library/Frameworks/Python.framework/Versions/3.10/lib/python3.10/site-packages/airflow/example_dags/example_latest_only.py
[2024-05-05T21:20:42.554+0700] {processor.py:830} INFO - Processing file /Library/Frameworks/Python.framework/Versions/3.10/lib/python3.10/site-packages/airflow/example_dags/example_latest_only.py for tasks to queue
[2024-05-05T21:20:42.554+0700] {logging_mixin.py:188} INFO - [2024-05-05T21:20:42.554+0700] {dagbag.py:540} INFO - Filling up the DagBag from /Library/Frameworks/Python.framework/Versions/3.10/lib/python3.10/site-packages/airflow/example_dags/example_latest_only.py
[2024-05-05T21:20:42.560+0700] {processor.py:840} INFO - DAG(s) 'latest_only' retrieved from /Library/Frameworks/Python.framework/Versions/3.10/lib/python3.10/site-packages/airflow/example_dags/example_latest_only.py
[2024-05-05T21:20:42.656+0700] {logging_mixin.py:188} INFO - [2024-05-05T21:20:42.655+0700] {dag.py:3096} INFO - Sync 1 DAGs
[2024-05-05T21:20:42.665+0700] {logging_mixin.py:188} INFO - [2024-05-05T21:20:42.665+0700] {dag.py:3954} INFO - Setting next_dagrun for latest_only to 2024-05-05 08:00:00+00:00, run_after=2024-05-05 12:00:00+00:00
[2024-05-05T21:20:42.675+0700] {processor.py:183} INFO - Processing /Library/Frameworks/Python.framework/Versions/3.10/lib/python3.10/site-packages/airflow/example_dags/example_latest_only.py took 0.124 seconds
[2024-05-05T21:21:27.394+0700] {processor.py:161} INFO - Started process (PID=97040) to work on /Library/Frameworks/Python.framework/Versions/3.10/lib/python3.10/site-packages/airflow/example_dags/example_latest_only.py
[2024-05-05T21:21:27.395+0700] {processor.py:830} INFO - Processing file /Library/Frameworks/Python.framework/Versions/3.10/lib/python3.10/site-packages/airflow/example_dags/example_latest_only.py for tasks to queue
[2024-05-05T21:21:27.395+0700] {logging_mixin.py:188} INFO - [2024-05-05T21:21:27.395+0700] {dagbag.py:540} INFO - Filling up the DagBag from /Library/Frameworks/Python.framework/Versions/3.10/lib/python3.10/site-packages/airflow/example_dags/example_latest_only.py
[2024-05-05T21:21:27.401+0700] {processor.py:840} INFO - DAG(s) 'latest_only' retrieved from /Library/Frameworks/Python.framework/Versions/3.10/lib/python3.10/site-packages/airflow/example_dags/example_latest_only.py
[2024-05-05T21:21:27.498+0700] {logging_mixin.py:188} INFO - [2024-05-05T21:21:27.497+0700] {dag.py:3096} INFO - Sync 1 DAGs
[2024-05-05T21:21:27.507+0700] {logging_mixin.py:188} INFO - [2024-05-05T21:21:27.507+0700] {dag.py:3954} INFO - Setting next_dagrun for latest_only to 2024-05-05 08:00:00+00:00, run_after=2024-05-05 12:00:00+00:00
[2024-05-05T21:21:27.519+0700] {processor.py:183} INFO - Processing /Library/Frameworks/Python.framework/Versions/3.10/lib/python3.10/site-packages/airflow/example_dags/example_latest_only.py took 0.127 seconds
[2024-05-05T22:57:27.022+0700] {processor.py:161} INFO - Started process (PID=38723) to work on /Library/Frameworks/Python.framework/Versions/3.10/lib/python3.10/site-packages/airflow/example_dags/example_latest_only.py
[2024-05-05T22:57:27.023+0700] {processor.py:830} INFO - Processing file /Library/Frameworks/Python.framework/Versions/3.10/lib/python3.10/site-packages/airflow/example_dags/example_latest_only.py for tasks to queue
[2024-05-05T22:57:27.023+0700] {logging_mixin.py:188} INFO - [2024-05-05T22:57:27.023+0700] {dagbag.py:540} INFO - Filling up the DagBag from /Library/Frameworks/Python.framework/Versions/3.10/lib/python3.10/site-packages/airflow/example_dags/example_latest_only.py
[2024-05-05T22:57:27.029+0700] {processor.py:840} INFO - DAG(s) 'latest_only' retrieved from /Library/Frameworks/Python.framework/Versions/3.10/lib/python3.10/site-packages/airflow/example_dags/example_latest_only.py
[2024-05-05T22:57:27.176+0700] {logging_mixin.py:188} INFO - [2024-05-05T22:57:27.176+0700] {dag.py:3096} INFO - Sync 1 DAGs
[2024-05-05T22:57:27.187+0700] {logging_mixin.py:188} INFO - [2024-05-05T22:57:27.187+0700] {dag.py:3954} INFO - Setting next_dagrun for latest_only to 2024-05-05 08:00:00+00:00, run_after=2024-05-05 12:00:00+00:00
[2024-05-05T22:57:27.198+0700] {processor.py:183} INFO - Processing /Library/Frameworks/Python.framework/Versions/3.10/lib/python3.10/site-packages/airflow/example_dags/example_latest_only.py took 0.180 seconds
[2024-05-05T22:59:22.263+0700] {processor.py:161} INFO - Started process (PID=39357) to work on /Library/Frameworks/Python.framework/Versions/3.10/lib/python3.10/site-packages/airflow/example_dags/example_latest_only.py
[2024-05-05T22:59:22.266+0700] {processor.py:830} INFO - Processing file /Library/Frameworks/Python.framework/Versions/3.10/lib/python3.10/site-packages/airflow/example_dags/example_latest_only.py for tasks to queue
[2024-05-05T22:59:22.266+0700] {logging_mixin.py:188} INFO - [2024-05-05T22:59:22.266+0700] {dagbag.py:540} INFO - Filling up the DagBag from /Library/Frameworks/Python.framework/Versions/3.10/lib/python3.10/site-packages/airflow/example_dags/example_latest_only.py
[2024-05-05T22:59:22.276+0700] {processor.py:840} INFO - DAG(s) 'latest_only' retrieved from /Library/Frameworks/Python.framework/Versions/3.10/lib/python3.10/site-packages/airflow/example_dags/example_latest_only.py
[2024-05-05T22:59:22.429+0700] {logging_mixin.py:188} INFO - [2024-05-05T22:59:22.428+0700] {dag.py:3096} INFO - Sync 1 DAGs
[2024-05-05T22:59:22.440+0700] {logging_mixin.py:188} INFO - [2024-05-05T22:59:22.440+0700] {dag.py:3954} INFO - Setting next_dagrun for latest_only to 2024-05-05 08:00:00+00:00, run_after=2024-05-05 12:00:00+00:00
[2024-05-05T22:59:22.459+0700] {processor.py:183} INFO - Processing /Library/Frameworks/Python.framework/Versions/3.10/lib/python3.10/site-packages/airflow/example_dags/example_latest_only.py took 0.199 seconds
[2024-05-05T23:07:11.069+0700] {processor.py:161} INFO - Started process (PID=44520) to work on /Library/Frameworks/Python.framework/Versions/3.10/lib/python3.10/site-packages/airflow/example_dags/example_latest_only.py
[2024-05-05T23:07:11.070+0700] {processor.py:830} INFO - Processing file /Library/Frameworks/Python.framework/Versions/3.10/lib/python3.10/site-packages/airflow/example_dags/example_latest_only.py for tasks to queue
[2024-05-05T23:07:11.071+0700] {logging_mixin.py:188} INFO - [2024-05-05T23:07:11.071+0700] {dagbag.py:540} INFO - Filling up the DagBag from /Library/Frameworks/Python.framework/Versions/3.10/lib/python3.10/site-packages/airflow/example_dags/example_latest_only.py
[2024-05-05T23:07:11.079+0700] {processor.py:840} INFO - DAG(s) 'latest_only' retrieved from /Library/Frameworks/Python.framework/Versions/3.10/lib/python3.10/site-packages/airflow/example_dags/example_latest_only.py
[2024-05-05T23:07:11.228+0700] {logging_mixin.py:188} INFO - [2024-05-05T23:07:11.227+0700] {dag.py:3096} INFO - Sync 1 DAGs
[2024-05-05T23:07:11.237+0700] {logging_mixin.py:188} INFO - [2024-05-05T23:07:11.237+0700] {dag.py:3954} INFO - Setting next_dagrun for latest_only to 2024-05-05 12:00:00+00:00, run_after=2024-05-05 16:00:00+00:00
[2024-05-05T23:07:11.249+0700] {processor.py:183} INFO - Processing /Library/Frameworks/Python.framework/Versions/3.10/lib/python3.10/site-packages/airflow/example_dags/example_latest_only.py took 0.192 seconds
[2024-05-05T23:10:23.262+0700] {processor.py:161} INFO - Started process (PID=45527) to work on /Library/Frameworks/Python.framework/Versions/3.10/lib/python3.10/site-packages/airflow/example_dags/example_latest_only.py
[2024-05-05T23:10:23.262+0700] {processor.py:830} INFO - Processing file /Library/Frameworks/Python.framework/Versions/3.10/lib/python3.10/site-packages/airflow/example_dags/example_latest_only.py for tasks to queue
[2024-05-05T23:10:23.263+0700] {logging_mixin.py:188} INFO - [2024-05-05T23:10:23.263+0700] {dagbag.py:540} INFO - Filling up the DagBag from /Library/Frameworks/Python.framework/Versions/3.10/lib/python3.10/site-packages/airflow/example_dags/example_latest_only.py
[2024-05-05T23:10:23.270+0700] {processor.py:840} INFO - DAG(s) 'latest_only' retrieved from /Library/Frameworks/Python.framework/Versions/3.10/lib/python3.10/site-packages/airflow/example_dags/example_latest_only.py
[2024-05-05T23:10:23.480+0700] {logging_mixin.py:188} INFO - [2024-05-05T23:10:23.480+0700] {dag.py:3096} INFO - Sync 1 DAGs
[2024-05-05T23:10:23.490+0700] {logging_mixin.py:188} INFO - [2024-05-05T23:10:23.489+0700] {dag.py:3954} INFO - Setting next_dagrun for latest_only to 2024-05-05 12:00:00+00:00, run_after=2024-05-05 16:00:00+00:00
[2024-05-05T23:10:23.501+0700] {processor.py:183} INFO - Processing /Library/Frameworks/Python.framework/Versions/3.10/lib/python3.10/site-packages/airflow/example_dags/example_latest_only.py took 0.241 seconds
[2024-05-05T23:12:22.206+0700] {processor.py:161} INFO - Started process (PID=46125) to work on /Library/Frameworks/Python.framework/Versions/3.10/lib/python3.10/site-packages/airflow/example_dags/example_latest_only.py
[2024-05-05T23:12:22.207+0700] {processor.py:830} INFO - Processing file /Library/Frameworks/Python.framework/Versions/3.10/lib/python3.10/site-packages/airflow/example_dags/example_latest_only.py for tasks to queue
[2024-05-05T23:12:22.208+0700] {logging_mixin.py:188} INFO - [2024-05-05T23:12:22.207+0700] {dagbag.py:540} INFO - Filling up the DagBag from /Library/Frameworks/Python.framework/Versions/3.10/lib/python3.10/site-packages/airflow/example_dags/example_latest_only.py
[2024-05-05T23:12:22.214+0700] {processor.py:840} INFO - DAG(s) 'latest_only' retrieved from /Library/Frameworks/Python.framework/Versions/3.10/lib/python3.10/site-packages/airflow/example_dags/example_latest_only.py
[2024-05-05T23:12:22.325+0700] {logging_mixin.py:188} INFO - [2024-05-05T23:12:22.325+0700] {dag.py:3096} INFO - Sync 1 DAGs
[2024-05-05T23:12:22.336+0700] {logging_mixin.py:188} INFO - [2024-05-05T23:12:22.336+0700] {dag.py:3954} INFO - Setting next_dagrun for latest_only to 2024-05-05 12:00:00+00:00, run_after=2024-05-05 16:00:00+00:00
[2024-05-05T23:12:22.348+0700] {processor.py:183} INFO - Processing /Library/Frameworks/Python.framework/Versions/3.10/lib/python3.10/site-packages/airflow/example_dags/example_latest_only.py took 0.148 seconds
[2024-05-05T23:15:16.060+0700] {processor.py:161} INFO - Started process (PID=46970) to work on /Library/Frameworks/Python.framework/Versions/3.10/lib/python3.10/site-packages/airflow/example_dags/example_latest_only.py
[2024-05-05T23:15:16.061+0700] {processor.py:830} INFO - Processing file /Library/Frameworks/Python.framework/Versions/3.10/lib/python3.10/site-packages/airflow/example_dags/example_latest_only.py for tasks to queue
[2024-05-05T23:15:16.062+0700] {logging_mixin.py:188} INFO - [2024-05-05T23:15:16.062+0700] {dagbag.py:540} INFO - Filling up the DagBag from /Library/Frameworks/Python.framework/Versions/3.10/lib/python3.10/site-packages/airflow/example_dags/example_latest_only.py
[2024-05-05T23:15:16.070+0700] {processor.py:840} INFO - DAG(s) 'latest_only' retrieved from /Library/Frameworks/Python.framework/Versions/3.10/lib/python3.10/site-packages/airflow/example_dags/example_latest_only.py
[2024-05-05T23:15:16.270+0700] {logging_mixin.py:188} INFO - [2024-05-05T23:15:16.270+0700] {dag.py:3096} INFO - Sync 1 DAGs
[2024-05-05T23:15:16.464+0700] {logging_mixin.py:188} INFO - [2024-05-05T23:15:16.463+0700] {dag.py:3954} INFO - Setting next_dagrun for latest_only to 2024-05-05 12:00:00+00:00, run_after=2024-05-05 16:00:00+00:00
[2024-05-05T23:15:16.550+0700] {processor.py:183} INFO - Processing /Library/Frameworks/Python.framework/Versions/3.10/lib/python3.10/site-packages/airflow/example_dags/example_latest_only.py took 0.492 seconds
[2024-05-05T23:18:17.566+0700] {processor.py:161} INFO - Started process (PID=47895) to work on /Library/Frameworks/Python.framework/Versions/3.10/lib/python3.10/site-packages/airflow/example_dags/example_latest_only.py
[2024-05-05T23:18:17.567+0700] {processor.py:830} INFO - Processing file /Library/Frameworks/Python.framework/Versions/3.10/lib/python3.10/site-packages/airflow/example_dags/example_latest_only.py for tasks to queue
[2024-05-05T23:18:17.567+0700] {logging_mixin.py:188} INFO - [2024-05-05T23:18:17.567+0700] {dagbag.py:540} INFO - Filling up the DagBag from /Library/Frameworks/Python.framework/Versions/3.10/lib/python3.10/site-packages/airflow/example_dags/example_latest_only.py
[2024-05-05T23:18:17.572+0700] {processor.py:840} INFO - DAG(s) 'latest_only' retrieved from /Library/Frameworks/Python.framework/Versions/3.10/lib/python3.10/site-packages/airflow/example_dags/example_latest_only.py
[2024-05-05T23:18:17.667+0700] {logging_mixin.py:188} INFO - [2024-05-05T23:18:17.667+0700] {dag.py:3096} INFO - Sync 1 DAGs
[2024-05-05T23:18:17.676+0700] {logging_mixin.py:188} INFO - [2024-05-05T23:18:17.676+0700] {dag.py:3954} INFO - Setting next_dagrun for latest_only to 2024-05-05 12:00:00+00:00, run_after=2024-05-05 16:00:00+00:00
[2024-05-05T23:18:17.687+0700] {processor.py:183} INFO - Processing /Library/Frameworks/Python.framework/Versions/3.10/lib/python3.10/site-packages/airflow/example_dags/example_latest_only.py took 0.123 seconds
[2024-05-05T23:21:08.378+0700] {processor.py:161} INFO - Started process (PID=48723) to work on /Library/Frameworks/Python.framework/Versions/3.10/lib/python3.10/site-packages/airflow/example_dags/example_latest_only.py
[2024-05-05T23:21:08.379+0700] {processor.py:830} INFO - Processing file /Library/Frameworks/Python.framework/Versions/3.10/lib/python3.10/site-packages/airflow/example_dags/example_latest_only.py for tasks to queue
[2024-05-05T23:21:08.379+0700] {logging_mixin.py:188} INFO - [2024-05-05T23:21:08.379+0700] {dagbag.py:540} INFO - Filling up the DagBag from /Library/Frameworks/Python.framework/Versions/3.10/lib/python3.10/site-packages/airflow/example_dags/example_latest_only.py
[2024-05-05T23:21:08.385+0700] {processor.py:840} INFO - DAG(s) 'latest_only' retrieved from /Library/Frameworks/Python.framework/Versions/3.10/lib/python3.10/site-packages/airflow/example_dags/example_latest_only.py
[2024-05-05T23:21:08.479+0700] {logging_mixin.py:188} INFO - [2024-05-05T23:21:08.478+0700] {dag.py:3096} INFO - Sync 1 DAGs
[2024-05-05T23:21:08.488+0700] {logging_mixin.py:188} INFO - [2024-05-05T23:21:08.487+0700] {dag.py:3954} INFO - Setting next_dagrun for latest_only to 2024-05-05 12:00:00+00:00, run_after=2024-05-05 16:00:00+00:00
[2024-05-05T23:21:08.498+0700] {processor.py:183} INFO - Processing /Library/Frameworks/Python.framework/Versions/3.10/lib/python3.10/site-packages/airflow/example_dags/example_latest_only.py took 0.122 seconds
[2024-05-05T23:23:55.355+0700] {processor.py:161} INFO - Started process (PID=49508) to work on /Library/Frameworks/Python.framework/Versions/3.10/lib/python3.10/site-packages/airflow/example_dags/example_latest_only.py
[2024-05-05T23:23:55.356+0700] {processor.py:830} INFO - Processing file /Library/Frameworks/Python.framework/Versions/3.10/lib/python3.10/site-packages/airflow/example_dags/example_latest_only.py for tasks to queue
[2024-05-05T23:23:55.356+0700] {logging_mixin.py:188} INFO - [2024-05-05T23:23:55.356+0700] {dagbag.py:540} INFO - Filling up the DagBag from /Library/Frameworks/Python.framework/Versions/3.10/lib/python3.10/site-packages/airflow/example_dags/example_latest_only.py
[2024-05-05T23:23:55.361+0700] {processor.py:840} INFO - DAG(s) 'latest_only' retrieved from /Library/Frameworks/Python.framework/Versions/3.10/lib/python3.10/site-packages/airflow/example_dags/example_latest_only.py
[2024-05-05T23:23:55.456+0700] {logging_mixin.py:188} INFO - [2024-05-05T23:23:55.455+0700] {dag.py:3096} INFO - Sync 1 DAGs
[2024-05-05T23:23:55.465+0700] {logging_mixin.py:188} INFO - [2024-05-05T23:23:55.464+0700] {dag.py:3954} INFO - Setting next_dagrun for latest_only to 2024-05-05 12:00:00+00:00, run_after=2024-05-05 16:00:00+00:00
[2024-05-05T23:23:55.475+0700] {processor.py:183} INFO - Processing /Library/Frameworks/Python.framework/Versions/3.10/lib/python3.10/site-packages/airflow/example_dags/example_latest_only.py took 0.122 seconds
[2024-05-05T23:26:30.090+0700] {processor.py:161} INFO - Started process (PID=50220) to work on /Library/Frameworks/Python.framework/Versions/3.10/lib/python3.10/site-packages/airflow/example_dags/example_latest_only.py
[2024-05-05T23:26:30.091+0700] {processor.py:830} INFO - Processing file /Library/Frameworks/Python.framework/Versions/3.10/lib/python3.10/site-packages/airflow/example_dags/example_latest_only.py for tasks to queue
[2024-05-05T23:26:30.091+0700] {logging_mixin.py:188} INFO - [2024-05-05T23:26:30.091+0700] {dagbag.py:540} INFO - Filling up the DagBag from /Library/Frameworks/Python.framework/Versions/3.10/lib/python3.10/site-packages/airflow/example_dags/example_latest_only.py
[2024-05-05T23:26:30.097+0700] {processor.py:840} INFO - DAG(s) 'latest_only' retrieved from /Library/Frameworks/Python.framework/Versions/3.10/lib/python3.10/site-packages/airflow/example_dags/example_latest_only.py
[2024-05-05T23:26:30.196+0700] {logging_mixin.py:188} INFO - [2024-05-05T23:26:30.196+0700] {dag.py:3096} INFO - Sync 1 DAGs
[2024-05-05T23:26:30.205+0700] {logging_mixin.py:188} INFO - [2024-05-05T23:26:30.205+0700] {dag.py:3954} INFO - Setting next_dagrun for latest_only to 2024-05-05 12:00:00+00:00, run_after=2024-05-05 16:00:00+00:00
[2024-05-05T23:26:30.217+0700] {processor.py:183} INFO - Processing /Library/Frameworks/Python.framework/Versions/3.10/lib/python3.10/site-packages/airflow/example_dags/example_latest_only.py took 0.129 seconds
[2024-05-05T23:29:10.113+0700] {processor.py:161} INFO - Started process (PID=50976) to work on /Library/Frameworks/Python.framework/Versions/3.10/lib/python3.10/site-packages/airflow/example_dags/example_latest_only.py
[2024-05-05T23:29:10.114+0700] {processor.py:830} INFO - Processing file /Library/Frameworks/Python.framework/Versions/3.10/lib/python3.10/site-packages/airflow/example_dags/example_latest_only.py for tasks to queue
[2024-05-05T23:29:10.115+0700] {logging_mixin.py:188} INFO - [2024-05-05T23:29:10.115+0700] {dagbag.py:540} INFO - Filling up the DagBag from /Library/Frameworks/Python.framework/Versions/3.10/lib/python3.10/site-packages/airflow/example_dags/example_latest_only.py
[2024-05-05T23:29:10.120+0700] {processor.py:840} INFO - DAG(s) 'latest_only' retrieved from /Library/Frameworks/Python.framework/Versions/3.10/lib/python3.10/site-packages/airflow/example_dags/example_latest_only.py
[2024-05-05T23:29:10.214+0700] {logging_mixin.py:188} INFO - [2024-05-05T23:29:10.213+0700] {dag.py:3096} INFO - Sync 1 DAGs
[2024-05-05T23:29:10.224+0700] {logging_mixin.py:188} INFO - [2024-05-05T23:29:10.224+0700] {dag.py:3954} INFO - Setting next_dagrun for latest_only to 2024-05-05 12:00:00+00:00, run_after=2024-05-05 16:00:00+00:00
[2024-05-05T23:29:10.234+0700] {processor.py:183} INFO - Processing /Library/Frameworks/Python.framework/Versions/3.10/lib/python3.10/site-packages/airflow/example_dags/example_latest_only.py took 0.123 seconds
[2024-05-05T23:31:46.481+0700] {processor.py:161} INFO - Started process (PID=51685) to work on /Library/Frameworks/Python.framework/Versions/3.10/lib/python3.10/site-packages/airflow/example_dags/example_latest_only.py
[2024-05-05T23:31:46.482+0700] {processor.py:830} INFO - Processing file /Library/Frameworks/Python.framework/Versions/3.10/lib/python3.10/site-packages/airflow/example_dags/example_latest_only.py for tasks to queue
[2024-05-05T23:31:46.483+0700] {logging_mixin.py:188} INFO - [2024-05-05T23:31:46.483+0700] {dagbag.py:540} INFO - Filling up the DagBag from /Library/Frameworks/Python.framework/Versions/3.10/lib/python3.10/site-packages/airflow/example_dags/example_latest_only.py
[2024-05-05T23:31:46.488+0700] {processor.py:840} INFO - DAG(s) 'latest_only' retrieved from /Library/Frameworks/Python.framework/Versions/3.10/lib/python3.10/site-packages/airflow/example_dags/example_latest_only.py
[2024-05-05T23:31:46.583+0700] {logging_mixin.py:188} INFO - [2024-05-05T23:31:46.583+0700] {dag.py:3096} INFO - Sync 1 DAGs
[2024-05-05T23:31:46.592+0700] {logging_mixin.py:188} INFO - [2024-05-05T23:31:46.592+0700] {dag.py:3954} INFO - Setting next_dagrun for latest_only to 2024-05-05 12:00:00+00:00, run_after=2024-05-05 16:00:00+00:00
[2024-05-05T23:31:46.602+0700] {processor.py:183} INFO - Processing /Library/Frameworks/Python.framework/Versions/3.10/lib/python3.10/site-packages/airflow/example_dags/example_latest_only.py took 0.123 seconds
[2024-05-05T23:34:31.316+0700] {processor.py:161} INFO - Started process (PID=52531) to work on /Library/Frameworks/Python.framework/Versions/3.10/lib/python3.10/site-packages/airflow/example_dags/example_latest_only.py
[2024-05-05T23:34:31.318+0700] {processor.py:830} INFO - Processing file /Library/Frameworks/Python.framework/Versions/3.10/lib/python3.10/site-packages/airflow/example_dags/example_latest_only.py for tasks to queue
[2024-05-05T23:34:31.318+0700] {logging_mixin.py:188} INFO - [2024-05-05T23:34:31.318+0700] {dagbag.py:540} INFO - Filling up the DagBag from /Library/Frameworks/Python.framework/Versions/3.10/lib/python3.10/site-packages/airflow/example_dags/example_latest_only.py
[2024-05-05T23:34:31.323+0700] {processor.py:840} INFO - DAG(s) 'latest_only' retrieved from /Library/Frameworks/Python.framework/Versions/3.10/lib/python3.10/site-packages/airflow/example_dags/example_latest_only.py
[2024-05-05T23:34:31.418+0700] {logging_mixin.py:188} INFO - [2024-05-05T23:34:31.417+0700] {dag.py:3096} INFO - Sync 1 DAGs
[2024-05-05T23:34:31.427+0700] {logging_mixin.py:188} INFO - [2024-05-05T23:34:31.426+0700] {dag.py:3954} INFO - Setting next_dagrun for latest_only to 2024-05-05 12:00:00+00:00, run_after=2024-05-05 16:00:00+00:00
[2024-05-05T23:34:31.438+0700] {processor.py:183} INFO - Processing /Library/Frameworks/Python.framework/Versions/3.10/lib/python3.10/site-packages/airflow/example_dags/example_latest_only.py took 0.124 seconds
[2024-05-05T23:37:10.182+0700] {processor.py:161} INFO - Started process (PID=53255) to work on /Library/Frameworks/Python.framework/Versions/3.10/lib/python3.10/site-packages/airflow/example_dags/example_latest_only.py
[2024-05-05T23:37:10.183+0700] {processor.py:830} INFO - Processing file /Library/Frameworks/Python.framework/Versions/3.10/lib/python3.10/site-packages/airflow/example_dags/example_latest_only.py for tasks to queue
[2024-05-05T23:37:10.183+0700] {logging_mixin.py:188} INFO - [2024-05-05T23:37:10.183+0700] {dagbag.py:540} INFO - Filling up the DagBag from /Library/Frameworks/Python.framework/Versions/3.10/lib/python3.10/site-packages/airflow/example_dags/example_latest_only.py
[2024-05-05T23:37:10.189+0700] {processor.py:840} INFO - DAG(s) 'latest_only' retrieved from /Library/Frameworks/Python.framework/Versions/3.10/lib/python3.10/site-packages/airflow/example_dags/example_latest_only.py
[2024-05-05T23:37:10.290+0700] {logging_mixin.py:188} INFO - [2024-05-05T23:37:10.289+0700] {dag.py:3096} INFO - Sync 1 DAGs
[2024-05-05T23:37:10.299+0700] {logging_mixin.py:188} INFO - [2024-05-05T23:37:10.299+0700] {dag.py:3954} INFO - Setting next_dagrun for latest_only to 2024-05-05 12:00:00+00:00, run_after=2024-05-05 16:00:00+00:00
[2024-05-05T23:37:10.310+0700] {processor.py:183} INFO - Processing /Library/Frameworks/Python.framework/Versions/3.10/lib/python3.10/site-packages/airflow/example_dags/example_latest_only.py took 0.130 seconds
[2024-05-05T23:39:49.111+0700] {processor.py:161} INFO - Started process (PID=53992) to work on /Library/Frameworks/Python.framework/Versions/3.10/lib/python3.10/site-packages/airflow/example_dags/example_latest_only.py
[2024-05-05T23:39:49.111+0700] {processor.py:830} INFO - Processing file /Library/Frameworks/Python.framework/Versions/3.10/lib/python3.10/site-packages/airflow/example_dags/example_latest_only.py for tasks to queue
[2024-05-05T23:39:49.112+0700] {logging_mixin.py:188} INFO - [2024-05-05T23:39:49.112+0700] {dagbag.py:540} INFO - Filling up the DagBag from /Library/Frameworks/Python.framework/Versions/3.10/lib/python3.10/site-packages/airflow/example_dags/example_latest_only.py
[2024-05-05T23:39:49.118+0700] {processor.py:840} INFO - DAG(s) 'latest_only' retrieved from /Library/Frameworks/Python.framework/Versions/3.10/lib/python3.10/site-packages/airflow/example_dags/example_latest_only.py
[2024-05-05T23:39:49.215+0700] {logging_mixin.py:188} INFO - [2024-05-05T23:39:49.215+0700] {dag.py:3096} INFO - Sync 1 DAGs
[2024-05-05T23:39:49.226+0700] {logging_mixin.py:188} INFO - [2024-05-05T23:39:49.226+0700] {dag.py:3954} INFO - Setting next_dagrun for latest_only to 2024-05-05 12:00:00+00:00, run_after=2024-05-05 16:00:00+00:00
[2024-05-05T23:39:49.237+0700] {processor.py:183} INFO - Processing /Library/Frameworks/Python.framework/Versions/3.10/lib/python3.10/site-packages/airflow/example_dags/example_latest_only.py took 0.129 seconds
[2024-05-05T23:42:35.836+0700] {processor.py:161} INFO - Started process (PID=54756) to work on /Library/Frameworks/Python.framework/Versions/3.10/lib/python3.10/site-packages/airflow/example_dags/example_latest_only.py
[2024-05-05T23:42:35.837+0700] {processor.py:830} INFO - Processing file /Library/Frameworks/Python.framework/Versions/3.10/lib/python3.10/site-packages/airflow/example_dags/example_latest_only.py for tasks to queue
[2024-05-05T23:42:35.838+0700] {logging_mixin.py:188} INFO - [2024-05-05T23:42:35.838+0700] {dagbag.py:540} INFO - Filling up the DagBag from /Library/Frameworks/Python.framework/Versions/3.10/lib/python3.10/site-packages/airflow/example_dags/example_latest_only.py
[2024-05-05T23:42:35.843+0700] {processor.py:840} INFO - DAG(s) 'latest_only' retrieved from /Library/Frameworks/Python.framework/Versions/3.10/lib/python3.10/site-packages/airflow/example_dags/example_latest_only.py
[2024-05-05T23:42:35.946+0700] {logging_mixin.py:188} INFO - [2024-05-05T23:42:35.946+0700] {dag.py:3096} INFO - Sync 1 DAGs
[2024-05-05T23:42:35.955+0700] {logging_mixin.py:188} INFO - [2024-05-05T23:42:35.955+0700] {dag.py:3954} INFO - Setting next_dagrun for latest_only to 2024-05-05 12:00:00+00:00, run_after=2024-05-05 16:00:00+00:00
[2024-05-05T23:42:35.968+0700] {processor.py:183} INFO - Processing /Library/Frameworks/Python.framework/Versions/3.10/lib/python3.10/site-packages/airflow/example_dags/example_latest_only.py took 0.134 seconds
[2024-05-05T23:45:18.732+0700] {processor.py:161} INFO - Started process (PID=55572) to work on /Library/Frameworks/Python.framework/Versions/3.10/lib/python3.10/site-packages/airflow/example_dags/example_latest_only.py
[2024-05-05T23:45:18.732+0700] {processor.py:830} INFO - Processing file /Library/Frameworks/Python.framework/Versions/3.10/lib/python3.10/site-packages/airflow/example_dags/example_latest_only.py for tasks to queue
[2024-05-05T23:45:18.733+0700] {logging_mixin.py:188} INFO - [2024-05-05T23:45:18.733+0700] {dagbag.py:540} INFO - Filling up the DagBag from /Library/Frameworks/Python.framework/Versions/3.10/lib/python3.10/site-packages/airflow/example_dags/example_latest_only.py
[2024-05-05T23:45:18.738+0700] {processor.py:840} INFO - DAG(s) 'latest_only' retrieved from /Library/Frameworks/Python.framework/Versions/3.10/lib/python3.10/site-packages/airflow/example_dags/example_latest_only.py
[2024-05-05T23:45:18.833+0700] {logging_mixin.py:188} INFO - [2024-05-05T23:45:18.833+0700] {dag.py:3096} INFO - Sync 1 DAGs
[2024-05-05T23:45:18.842+0700] {logging_mixin.py:188} INFO - [2024-05-05T23:45:18.842+0700] {dag.py:3954} INFO - Setting next_dagrun for latest_only to 2024-05-05 12:00:00+00:00, run_after=2024-05-05 16:00:00+00:00
[2024-05-05T23:45:18.853+0700] {processor.py:183} INFO - Processing /Library/Frameworks/Python.framework/Versions/3.10/lib/python3.10/site-packages/airflow/example_dags/example_latest_only.py took 0.123 seconds
[2024-05-05T23:47:58.660+0700] {processor.py:161} INFO - Started process (PID=56402) to work on /Library/Frameworks/Python.framework/Versions/3.10/lib/python3.10/site-packages/airflow/example_dags/example_latest_only.py
[2024-05-05T23:47:58.661+0700] {processor.py:830} INFO - Processing file /Library/Frameworks/Python.framework/Versions/3.10/lib/python3.10/site-packages/airflow/example_dags/example_latest_only.py for tasks to queue
[2024-05-05T23:47:58.662+0700] {logging_mixin.py:188} INFO - [2024-05-05T23:47:58.661+0700] {dagbag.py:540} INFO - Filling up the DagBag from /Library/Frameworks/Python.framework/Versions/3.10/lib/python3.10/site-packages/airflow/example_dags/example_latest_only.py
[2024-05-05T23:47:58.668+0700] {processor.py:840} INFO - DAG(s) 'latest_only' retrieved from /Library/Frameworks/Python.framework/Versions/3.10/lib/python3.10/site-packages/airflow/example_dags/example_latest_only.py
[2024-05-05T23:47:58.764+0700] {logging_mixin.py:188} INFO - [2024-05-05T23:47:58.764+0700] {dag.py:3096} INFO - Sync 1 DAGs
[2024-05-05T23:47:58.773+0700] {logging_mixin.py:188} INFO - [2024-05-05T23:47:58.773+0700] {dag.py:3954} INFO - Setting next_dagrun for latest_only to 2024-05-05 12:00:00+00:00, run_after=2024-05-05 16:00:00+00:00
[2024-05-05T23:47:58.784+0700] {processor.py:183} INFO - Processing /Library/Frameworks/Python.framework/Versions/3.10/lib/python3.10/site-packages/airflow/example_dags/example_latest_only.py took 0.126 seconds
[2024-05-05T23:50:32.872+0700] {processor.py:161} INFO - Started process (PID=57109) to work on /Library/Frameworks/Python.framework/Versions/3.10/lib/python3.10/site-packages/airflow/example_dags/example_latest_only.py
[2024-05-05T23:50:32.873+0700] {processor.py:830} INFO - Processing file /Library/Frameworks/Python.framework/Versions/3.10/lib/python3.10/site-packages/airflow/example_dags/example_latest_only.py for tasks to queue
[2024-05-05T23:50:32.873+0700] {logging_mixin.py:188} INFO - [2024-05-05T23:50:32.873+0700] {dagbag.py:540} INFO - Filling up the DagBag from /Library/Frameworks/Python.framework/Versions/3.10/lib/python3.10/site-packages/airflow/example_dags/example_latest_only.py
[2024-05-05T23:50:32.879+0700] {processor.py:840} INFO - DAG(s) 'latest_only' retrieved from /Library/Frameworks/Python.framework/Versions/3.10/lib/python3.10/site-packages/airflow/example_dags/example_latest_only.py
[2024-05-05T23:50:32.974+0700] {logging_mixin.py:188} INFO - [2024-05-05T23:50:32.974+0700] {dag.py:3096} INFO - Sync 1 DAGs
[2024-05-05T23:50:32.984+0700] {logging_mixin.py:188} INFO - [2024-05-05T23:50:32.984+0700] {dag.py:3954} INFO - Setting next_dagrun for latest_only to 2024-05-05 12:00:00+00:00, run_after=2024-05-05 16:00:00+00:00
[2024-05-05T23:50:32.995+0700] {processor.py:183} INFO - Processing /Library/Frameworks/Python.framework/Versions/3.10/lib/python3.10/site-packages/airflow/example_dags/example_latest_only.py took 0.125 seconds
[2024-05-05T23:53:09.228+0700] {processor.py:161} INFO - Started process (PID=57859) to work on /Library/Frameworks/Python.framework/Versions/3.10/lib/python3.10/site-packages/airflow/example_dags/example_latest_only.py
[2024-05-05T23:53:09.229+0700] {processor.py:830} INFO - Processing file /Library/Frameworks/Python.framework/Versions/3.10/lib/python3.10/site-packages/airflow/example_dags/example_latest_only.py for tasks to queue
[2024-05-05T23:53:09.229+0700] {logging_mixin.py:188} INFO - [2024-05-05T23:53:09.229+0700] {dagbag.py:540} INFO - Filling up the DagBag from /Library/Frameworks/Python.framework/Versions/3.10/lib/python3.10/site-packages/airflow/example_dags/example_latest_only.py
[2024-05-05T23:53:09.235+0700] {processor.py:840} INFO - DAG(s) 'latest_only' retrieved from /Library/Frameworks/Python.framework/Versions/3.10/lib/python3.10/site-packages/airflow/example_dags/example_latest_only.py
[2024-05-05T23:53:09.328+0700] {logging_mixin.py:188} INFO - [2024-05-05T23:53:09.328+0700] {dag.py:3096} INFO - Sync 1 DAGs
[2024-05-05T23:53:09.337+0700] {logging_mixin.py:188} INFO - [2024-05-05T23:53:09.337+0700] {dag.py:3954} INFO - Setting next_dagrun for latest_only to 2024-05-05 12:00:00+00:00, run_after=2024-05-05 16:00:00+00:00
[2024-05-05T23:53:09.349+0700] {processor.py:183} INFO - Processing /Library/Frameworks/Python.framework/Versions/3.10/lib/python3.10/site-packages/airflow/example_dags/example_latest_only.py took 0.122 seconds
[2024-05-05T23:55:44.249+0700] {processor.py:161} INFO - Started process (PID=58579) to work on /Library/Frameworks/Python.framework/Versions/3.10/lib/python3.10/site-packages/airflow/example_dags/example_latest_only.py
[2024-05-05T23:55:44.250+0700] {processor.py:830} INFO - Processing file /Library/Frameworks/Python.framework/Versions/3.10/lib/python3.10/site-packages/airflow/example_dags/example_latest_only.py for tasks to queue
[2024-05-05T23:55:44.251+0700] {logging_mixin.py:188} INFO - [2024-05-05T23:55:44.251+0700] {dagbag.py:540} INFO - Filling up the DagBag from /Library/Frameworks/Python.framework/Versions/3.10/lib/python3.10/site-packages/airflow/example_dags/example_latest_only.py
[2024-05-05T23:55:44.257+0700] {processor.py:840} INFO - DAG(s) 'latest_only' retrieved from /Library/Frameworks/Python.framework/Versions/3.10/lib/python3.10/site-packages/airflow/example_dags/example_latest_only.py
[2024-05-05T23:55:44.352+0700] {logging_mixin.py:188} INFO - [2024-05-05T23:55:44.352+0700] {dag.py:3096} INFO - Sync 1 DAGs
[2024-05-05T23:55:44.361+0700] {logging_mixin.py:188} INFO - [2024-05-05T23:55:44.361+0700] {dag.py:3954} INFO - Setting next_dagrun for latest_only to 2024-05-05 12:00:00+00:00, run_after=2024-05-05 16:00:00+00:00
[2024-05-05T23:55:44.373+0700] {processor.py:183} INFO - Processing /Library/Frameworks/Python.framework/Versions/3.10/lib/python3.10/site-packages/airflow/example_dags/example_latest_only.py took 0.125 seconds
[2024-05-05T23:58:20.475+0700] {processor.py:161} INFO - Started process (PID=59581) to work on /Library/Frameworks/Python.framework/Versions/3.10/lib/python3.10/site-packages/airflow/example_dags/example_latest_only.py
[2024-05-05T23:58:20.476+0700] {processor.py:830} INFO - Processing file /Library/Frameworks/Python.framework/Versions/3.10/lib/python3.10/site-packages/airflow/example_dags/example_latest_only.py for tasks to queue
[2024-05-05T23:58:20.477+0700] {logging_mixin.py:188} INFO - [2024-05-05T23:58:20.477+0700] {dagbag.py:540} INFO - Filling up the DagBag from /Library/Frameworks/Python.framework/Versions/3.10/lib/python3.10/site-packages/airflow/example_dags/example_latest_only.py
[2024-05-05T23:58:20.482+0700] {processor.py:840} INFO - DAG(s) 'latest_only' retrieved from /Library/Frameworks/Python.framework/Versions/3.10/lib/python3.10/site-packages/airflow/example_dags/example_latest_only.py
[2024-05-05T23:58:20.588+0700] {logging_mixin.py:188} INFO - [2024-05-05T23:58:20.588+0700] {dag.py:3096} INFO - Sync 1 DAGs
[2024-05-05T23:58:20.598+0700] {logging_mixin.py:188} INFO - [2024-05-05T23:58:20.597+0700] {dag.py:3954} INFO - Setting next_dagrun for latest_only to 2024-05-05 12:00:00+00:00, run_after=2024-05-05 16:00:00+00:00
[2024-05-05T23:58:20.611+0700] {processor.py:183} INFO - Processing /Library/Frameworks/Python.framework/Versions/3.10/lib/python3.10/site-packages/airflow/example_dags/example_latest_only.py took 0.138 seconds
[2024-05-06T00:01:09.005+0700] {processor.py:161} INFO - Started process (PID=60566) to work on /Library/Frameworks/Python.framework/Versions/3.10/lib/python3.10/site-packages/airflow/example_dags/example_latest_only.py
[2024-05-06T00:01:09.006+0700] {processor.py:830} INFO - Processing file /Library/Frameworks/Python.framework/Versions/3.10/lib/python3.10/site-packages/airflow/example_dags/example_latest_only.py for tasks to queue
[2024-05-06T00:01:09.006+0700] {logging_mixin.py:188} INFO - [2024-05-06T00:01:09.006+0700] {dagbag.py:540} INFO - Filling up the DagBag from /Library/Frameworks/Python.framework/Versions/3.10/lib/python3.10/site-packages/airflow/example_dags/example_latest_only.py
[2024-05-06T00:01:09.012+0700] {processor.py:840} INFO - DAG(s) 'latest_only' retrieved from /Library/Frameworks/Python.framework/Versions/3.10/lib/python3.10/site-packages/airflow/example_dags/example_latest_only.py
[2024-05-06T00:01:09.109+0700] {logging_mixin.py:188} INFO - [2024-05-06T00:01:09.108+0700] {dag.py:3096} INFO - Sync 1 DAGs
[2024-05-06T00:01:09.118+0700] {logging_mixin.py:188} INFO - [2024-05-06T00:01:09.118+0700] {dag.py:3954} INFO - Setting next_dagrun for latest_only to 2024-05-05 12:00:00+00:00, run_after=2024-05-05 16:00:00+00:00
[2024-05-06T00:01:09.130+0700] {processor.py:183} INFO - Processing /Library/Frameworks/Python.framework/Versions/3.10/lib/python3.10/site-packages/airflow/example_dags/example_latest_only.py took 0.126 seconds
[2024-05-06T00:03:49.386+0700] {processor.py:161} INFO - Started process (PID=61302) to work on /Library/Frameworks/Python.framework/Versions/3.10/lib/python3.10/site-packages/airflow/example_dags/example_latest_only.py
[2024-05-06T00:03:49.387+0700] {processor.py:830} INFO - Processing file /Library/Frameworks/Python.framework/Versions/3.10/lib/python3.10/site-packages/airflow/example_dags/example_latest_only.py for tasks to queue
[2024-05-06T00:03:49.387+0700] {logging_mixin.py:188} INFO - [2024-05-06T00:03:49.387+0700] {dagbag.py:540} INFO - Filling up the DagBag from /Library/Frameworks/Python.framework/Versions/3.10/lib/python3.10/site-packages/airflow/example_dags/example_latest_only.py
[2024-05-06T00:03:49.395+0700] {processor.py:840} INFO - DAG(s) 'latest_only' retrieved from /Library/Frameworks/Python.framework/Versions/3.10/lib/python3.10/site-packages/airflow/example_dags/example_latest_only.py
[2024-05-06T00:03:49.499+0700] {logging_mixin.py:188} INFO - [2024-05-06T00:03:49.498+0700] {dag.py:3096} INFO - Sync 1 DAGs
[2024-05-06T00:03:49.509+0700] {logging_mixin.py:188} INFO - [2024-05-06T00:03:49.508+0700] {dag.py:3954} INFO - Setting next_dagrun for latest_only to 2024-05-05 12:00:00+00:00, run_after=2024-05-05 16:00:00+00:00
[2024-05-06T00:03:49.520+0700] {processor.py:183} INFO - Processing /Library/Frameworks/Python.framework/Versions/3.10/lib/python3.10/site-packages/airflow/example_dags/example_latest_only.py took 0.137 seconds
[2024-05-06T00:06:23.176+0700] {processor.py:161} INFO - Started process (PID=64217) to work on /Library/Frameworks/Python.framework/Versions/3.10/lib/python3.10/site-packages/airflow/example_dags/example_latest_only.py
[2024-05-06T00:06:23.177+0700] {processor.py:830} INFO - Processing file /Library/Frameworks/Python.framework/Versions/3.10/lib/python3.10/site-packages/airflow/example_dags/example_latest_only.py for tasks to queue
[2024-05-06T00:06:23.177+0700] {logging_mixin.py:188} INFO - [2024-05-06T00:06:23.177+0700] {dagbag.py:540} INFO - Filling up the DagBag from /Library/Frameworks/Python.framework/Versions/3.10/lib/python3.10/site-packages/airflow/example_dags/example_latest_only.py
[2024-05-06T00:06:23.183+0700] {processor.py:840} INFO - DAG(s) 'latest_only' retrieved from /Library/Frameworks/Python.framework/Versions/3.10/lib/python3.10/site-packages/airflow/example_dags/example_latest_only.py
[2024-05-06T00:06:23.276+0700] {logging_mixin.py:188} INFO - [2024-05-06T00:06:23.276+0700] {dag.py:3096} INFO - Sync 1 DAGs
[2024-05-06T00:06:23.286+0700] {logging_mixin.py:188} INFO - [2024-05-06T00:06:23.285+0700] {dag.py:3954} INFO - Setting next_dagrun for latest_only to 2024-05-05 12:00:00+00:00, run_after=2024-05-05 16:00:00+00:00
[2024-05-06T00:06:23.296+0700] {processor.py:183} INFO - Processing /Library/Frameworks/Python.framework/Versions/3.10/lib/python3.10/site-packages/airflow/example_dags/example_latest_only.py took 0.122 seconds
[2024-05-06T00:08:58.587+0700] {processor.py:161} INFO - Started process (PID=64921) to work on /Library/Frameworks/Python.framework/Versions/3.10/lib/python3.10/site-packages/airflow/example_dags/example_latest_only.py
[2024-05-06T00:08:58.588+0700] {processor.py:830} INFO - Processing file /Library/Frameworks/Python.framework/Versions/3.10/lib/python3.10/site-packages/airflow/example_dags/example_latest_only.py for tasks to queue
[2024-05-06T00:08:58.589+0700] {logging_mixin.py:188} INFO - [2024-05-06T00:08:58.588+0700] {dagbag.py:540} INFO - Filling up the DagBag from /Library/Frameworks/Python.framework/Versions/3.10/lib/python3.10/site-packages/airflow/example_dags/example_latest_only.py
[2024-05-06T00:08:58.594+0700] {processor.py:840} INFO - DAG(s) 'latest_only' retrieved from /Library/Frameworks/Python.framework/Versions/3.10/lib/python3.10/site-packages/airflow/example_dags/example_latest_only.py
[2024-05-06T00:08:58.692+0700] {logging_mixin.py:188} INFO - [2024-05-06T00:08:58.691+0700] {dag.py:3096} INFO - Sync 1 DAGs
[2024-05-06T00:08:58.701+0700] {logging_mixin.py:188} INFO - [2024-05-06T00:08:58.701+0700] {dag.py:3954} INFO - Setting next_dagrun for latest_only to 2024-05-05 12:00:00+00:00, run_after=2024-05-05 16:00:00+00:00
[2024-05-06T00:08:58.713+0700] {processor.py:183} INFO - Processing /Library/Frameworks/Python.framework/Versions/3.10/lib/python3.10/site-packages/airflow/example_dags/example_latest_only.py took 0.128 seconds
[2024-05-06T00:11:33.769+0700] {processor.py:161} INFO - Started process (PID=65632) to work on /Library/Frameworks/Python.framework/Versions/3.10/lib/python3.10/site-packages/airflow/example_dags/example_latest_only.py
[2024-05-06T00:11:33.770+0700] {processor.py:830} INFO - Processing file /Library/Frameworks/Python.framework/Versions/3.10/lib/python3.10/site-packages/airflow/example_dags/example_latest_only.py for tasks to queue
[2024-05-06T00:11:33.770+0700] {logging_mixin.py:188} INFO - [2024-05-06T00:11:33.770+0700] {dagbag.py:540} INFO - Filling up the DagBag from /Library/Frameworks/Python.framework/Versions/3.10/lib/python3.10/site-packages/airflow/example_dags/example_latest_only.py
[2024-05-06T00:11:33.776+0700] {processor.py:840} INFO - DAG(s) 'latest_only' retrieved from /Library/Frameworks/Python.framework/Versions/3.10/lib/python3.10/site-packages/airflow/example_dags/example_latest_only.py
[2024-05-06T00:11:33.882+0700] {logging_mixin.py:188} INFO - [2024-05-06T00:11:33.882+0700] {dag.py:3096} INFO - Sync 1 DAGs
[2024-05-06T00:11:33.892+0700] {logging_mixin.py:188} INFO - [2024-05-06T00:11:33.891+0700] {dag.py:3954} INFO - Setting next_dagrun for latest_only to 2024-05-05 12:00:00+00:00, run_after=2024-05-05 16:00:00+00:00
[2024-05-06T00:11:33.903+0700] {processor.py:183} INFO - Processing /Library/Frameworks/Python.framework/Versions/3.10/lib/python3.10/site-packages/airflow/example_dags/example_latest_only.py took 0.136 seconds
[2024-05-06T00:14:12.476+0700] {processor.py:161} INFO - Started process (PID=66356) to work on /Library/Frameworks/Python.framework/Versions/3.10/lib/python3.10/site-packages/airflow/example_dags/example_latest_only.py
[2024-05-06T00:14:12.477+0700] {processor.py:830} INFO - Processing file /Library/Frameworks/Python.framework/Versions/3.10/lib/python3.10/site-packages/airflow/example_dags/example_latest_only.py for tasks to queue
[2024-05-06T00:14:12.477+0700] {logging_mixin.py:188} INFO - [2024-05-06T00:14:12.477+0700] {dagbag.py:540} INFO - Filling up the DagBag from /Library/Frameworks/Python.framework/Versions/3.10/lib/python3.10/site-packages/airflow/example_dags/example_latest_only.py
[2024-05-06T00:14:12.482+0700] {processor.py:840} INFO - DAG(s) 'latest_only' retrieved from /Library/Frameworks/Python.framework/Versions/3.10/lib/python3.10/site-packages/airflow/example_dags/example_latest_only.py
[2024-05-06T00:14:12.577+0700] {logging_mixin.py:188} INFO - [2024-05-06T00:14:12.577+0700] {dag.py:3096} INFO - Sync 1 DAGs
[2024-05-06T00:14:12.586+0700] {logging_mixin.py:188} INFO - [2024-05-06T00:14:12.586+0700] {dag.py:3954} INFO - Setting next_dagrun for latest_only to 2024-05-05 12:00:00+00:00, run_after=2024-05-05 16:00:00+00:00
[2024-05-06T00:14:12.597+0700] {processor.py:183} INFO - Processing /Library/Frameworks/Python.framework/Versions/3.10/lib/python3.10/site-packages/airflow/example_dags/example_latest_only.py took 0.123 seconds
[2024-05-06T00:16:51.523+0700] {processor.py:161} INFO - Started process (PID=67079) to work on /Library/Frameworks/Python.framework/Versions/3.10/lib/python3.10/site-packages/airflow/example_dags/example_latest_only.py
[2024-05-06T00:16:51.524+0700] {processor.py:830} INFO - Processing file /Library/Frameworks/Python.framework/Versions/3.10/lib/python3.10/site-packages/airflow/example_dags/example_latest_only.py for tasks to queue
[2024-05-06T00:16:51.524+0700] {logging_mixin.py:188} INFO - [2024-05-06T00:16:51.524+0700] {dagbag.py:540} INFO - Filling up the DagBag from /Library/Frameworks/Python.framework/Versions/3.10/lib/python3.10/site-packages/airflow/example_dags/example_latest_only.py
[2024-05-06T00:16:51.530+0700] {processor.py:840} INFO - DAG(s) 'latest_only' retrieved from /Library/Frameworks/Python.framework/Versions/3.10/lib/python3.10/site-packages/airflow/example_dags/example_latest_only.py
[2024-05-06T00:16:51.630+0700] {logging_mixin.py:188} INFO - [2024-05-06T00:16:51.629+0700] {dag.py:3096} INFO - Sync 1 DAGs
[2024-05-06T00:16:51.640+0700] {logging_mixin.py:188} INFO - [2024-05-06T00:16:51.639+0700] {dag.py:3954} INFO - Setting next_dagrun for latest_only to 2024-05-05 12:00:00+00:00, run_after=2024-05-05 16:00:00+00:00
[2024-05-06T00:16:51.651+0700] {processor.py:183} INFO - Processing /Library/Frameworks/Python.framework/Versions/3.10/lib/python3.10/site-packages/airflow/example_dags/example_latest_only.py took 0.131 seconds
[2024-05-06T00:19:30.523+0700] {processor.py:161} INFO - Started process (PID=67809) to work on /Library/Frameworks/Python.framework/Versions/3.10/lib/python3.10/site-packages/airflow/example_dags/example_latest_only.py
[2024-05-06T00:19:30.524+0700] {processor.py:830} INFO - Processing file /Library/Frameworks/Python.framework/Versions/3.10/lib/python3.10/site-packages/airflow/example_dags/example_latest_only.py for tasks to queue
[2024-05-06T00:19:30.525+0700] {logging_mixin.py:188} INFO - [2024-05-06T00:19:30.525+0700] {dagbag.py:540} INFO - Filling up the DagBag from /Library/Frameworks/Python.framework/Versions/3.10/lib/python3.10/site-packages/airflow/example_dags/example_latest_only.py
[2024-05-06T00:19:30.531+0700] {processor.py:840} INFO - DAG(s) 'latest_only' retrieved from /Library/Frameworks/Python.framework/Versions/3.10/lib/python3.10/site-packages/airflow/example_dags/example_latest_only.py
[2024-05-06T00:19:30.630+0700] {logging_mixin.py:188} INFO - [2024-05-06T00:19:30.629+0700] {dag.py:3096} INFO - Sync 1 DAGs
[2024-05-06T00:19:30.639+0700] {logging_mixin.py:188} INFO - [2024-05-06T00:19:30.639+0700] {dag.py:3954} INFO - Setting next_dagrun for latest_only to 2024-05-05 12:00:00+00:00, run_after=2024-05-05 16:00:00+00:00
[2024-05-06T00:19:30.651+0700] {processor.py:183} INFO - Processing /Library/Frameworks/Python.framework/Versions/3.10/lib/python3.10/site-packages/airflow/example_dags/example_latest_only.py took 0.130 seconds
[2024-05-06T00:22:11.320+0700] {processor.py:161} INFO - Started process (PID=68555) to work on /Library/Frameworks/Python.framework/Versions/3.10/lib/python3.10/site-packages/airflow/example_dags/example_latest_only.py
[2024-05-06T00:22:11.322+0700] {processor.py:830} INFO - Processing file /Library/Frameworks/Python.framework/Versions/3.10/lib/python3.10/site-packages/airflow/example_dags/example_latest_only.py for tasks to queue
[2024-05-06T00:22:11.322+0700] {logging_mixin.py:188} INFO - [2024-05-06T00:22:11.322+0700] {dagbag.py:540} INFO - Filling up the DagBag from /Library/Frameworks/Python.framework/Versions/3.10/lib/python3.10/site-packages/airflow/example_dags/example_latest_only.py
[2024-05-06T00:22:11.328+0700] {processor.py:840} INFO - DAG(s) 'latest_only' retrieved from /Library/Frameworks/Python.framework/Versions/3.10/lib/python3.10/site-packages/airflow/example_dags/example_latest_only.py
[2024-05-06T00:22:11.428+0700] {logging_mixin.py:188} INFO - [2024-05-06T00:22:11.428+0700] {dag.py:3096} INFO - Sync 1 DAGs
[2024-05-06T00:22:11.437+0700] {logging_mixin.py:188} INFO - [2024-05-06T00:22:11.437+0700] {dag.py:3954} INFO - Setting next_dagrun for latest_only to 2024-05-05 12:00:00+00:00, run_after=2024-05-05 16:00:00+00:00
[2024-05-06T00:22:11.449+0700] {processor.py:183} INFO - Processing /Library/Frameworks/Python.framework/Versions/3.10/lib/python3.10/site-packages/airflow/example_dags/example_latest_only.py took 0.132 seconds
[2024-05-06T00:24:48.255+0700] {processor.py:161} INFO - Started process (PID=69260) to work on /Library/Frameworks/Python.framework/Versions/3.10/lib/python3.10/site-packages/airflow/example_dags/example_latest_only.py
[2024-05-06T00:24:48.256+0700] {processor.py:830} INFO - Processing file /Library/Frameworks/Python.framework/Versions/3.10/lib/python3.10/site-packages/airflow/example_dags/example_latest_only.py for tasks to queue
[2024-05-06T00:24:48.257+0700] {logging_mixin.py:188} INFO - [2024-05-06T00:24:48.256+0700] {dagbag.py:540} INFO - Filling up the DagBag from /Library/Frameworks/Python.framework/Versions/3.10/lib/python3.10/site-packages/airflow/example_dags/example_latest_only.py
[2024-05-06T00:24:48.262+0700] {processor.py:840} INFO - DAG(s) 'latest_only' retrieved from /Library/Frameworks/Python.framework/Versions/3.10/lib/python3.10/site-packages/airflow/example_dags/example_latest_only.py
[2024-05-06T00:24:48.354+0700] {logging_mixin.py:188} INFO - [2024-05-06T00:24:48.354+0700] {dag.py:3096} INFO - Sync 1 DAGs
[2024-05-06T00:24:48.363+0700] {logging_mixin.py:188} INFO - [2024-05-06T00:24:48.363+0700] {dag.py:3954} INFO - Setting next_dagrun for latest_only to 2024-05-05 12:00:00+00:00, run_after=2024-05-05 16:00:00+00:00
[2024-05-06T00:24:48.374+0700] {processor.py:183} INFO - Processing /Library/Frameworks/Python.framework/Versions/3.10/lib/python3.10/site-packages/airflow/example_dags/example_latest_only.py took 0.121 seconds
[2024-05-06T00:27:23.782+0700] {processor.py:161} INFO - Started process (PID=69964) to work on /Library/Frameworks/Python.framework/Versions/3.10/lib/python3.10/site-packages/airflow/example_dags/example_latest_only.py
[2024-05-06T00:27:23.783+0700] {processor.py:830} INFO - Processing file /Library/Frameworks/Python.framework/Versions/3.10/lib/python3.10/site-packages/airflow/example_dags/example_latest_only.py for tasks to queue
[2024-05-06T00:27:23.784+0700] {logging_mixin.py:188} INFO - [2024-05-06T00:27:23.784+0700] {dagbag.py:540} INFO - Filling up the DagBag from /Library/Frameworks/Python.framework/Versions/3.10/lib/python3.10/site-packages/airflow/example_dags/example_latest_only.py
[2024-05-06T00:27:23.789+0700] {processor.py:840} INFO - DAG(s) 'latest_only' retrieved from /Library/Frameworks/Python.framework/Versions/3.10/lib/python3.10/site-packages/airflow/example_dags/example_latest_only.py
[2024-05-06T00:27:23.883+0700] {logging_mixin.py:188} INFO - [2024-05-06T00:27:23.883+0700] {dag.py:3096} INFO - Sync 1 DAGs
[2024-05-06T00:27:23.892+0700] {logging_mixin.py:188} INFO - [2024-05-06T00:27:23.892+0700] {dag.py:3954} INFO - Setting next_dagrun for latest_only to 2024-05-05 12:00:00+00:00, run_after=2024-05-05 16:00:00+00:00
[2024-05-06T00:27:23.903+0700] {processor.py:183} INFO - Processing /Library/Frameworks/Python.framework/Versions/3.10/lib/python3.10/site-packages/airflow/example_dags/example_latest_only.py took 0.122 seconds
[2024-05-06T00:30:00.186+0700] {processor.py:161} INFO - Started process (PID=70708) to work on /Library/Frameworks/Python.framework/Versions/3.10/lib/python3.10/site-packages/airflow/example_dags/example_latest_only.py
[2024-05-06T00:30:00.187+0700] {processor.py:830} INFO - Processing file /Library/Frameworks/Python.framework/Versions/3.10/lib/python3.10/site-packages/airflow/example_dags/example_latest_only.py for tasks to queue
[2024-05-06T00:30:00.187+0700] {logging_mixin.py:188} INFO - [2024-05-06T00:30:00.187+0700] {dagbag.py:540} INFO - Filling up the DagBag from /Library/Frameworks/Python.framework/Versions/3.10/lib/python3.10/site-packages/airflow/example_dags/example_latest_only.py
[2024-05-06T00:30:00.192+0700] {processor.py:840} INFO - DAG(s) 'latest_only' retrieved from /Library/Frameworks/Python.framework/Versions/3.10/lib/python3.10/site-packages/airflow/example_dags/example_latest_only.py
[2024-05-06T00:30:00.286+0700] {logging_mixin.py:188} INFO - [2024-05-06T00:30:00.286+0700] {dag.py:3096} INFO - Sync 1 DAGs
[2024-05-06T00:30:00.295+0700] {logging_mixin.py:188} INFO - [2024-05-06T00:30:00.295+0700] {dag.py:3954} INFO - Setting next_dagrun for latest_only to 2024-05-05 12:00:00+00:00, run_after=2024-05-05 16:00:00+00:00
[2024-05-06T00:30:00.306+0700] {processor.py:183} INFO - Processing /Library/Frameworks/Python.framework/Versions/3.10/lib/python3.10/site-packages/airflow/example_dags/example_latest_only.py took 0.122 seconds
