[2024-05-05T20:31:17.063+0700] {processor.py:161} INFO - Started process (PID=78411) to work on /Library/Frameworks/Python.framework/Versions/3.10/lib/python3.10/site-packages/airflow/example_dags/example_dynamic_task_mapping.py
[2024-05-05T20:31:17.064+0700] {processor.py:830} INFO - Processing file /Library/Frameworks/Python.framework/Versions/3.10/lib/python3.10/site-packages/airflow/example_dags/example_dynamic_task_mapping.py for tasks to queue
[2024-05-05T20:31:17.064+0700] {logging_mixin.py:188} INFO - [2024-05-05T20:31:17.064+0700] {dagbag.py:540} INFO - Filling up the DagBag from /Library/Frameworks/Python.framework/Versions/3.10/lib/python3.10/site-packages/airflow/example_dags/example_dynamic_task_mapping.py
[2024-05-05T20:31:17.091+0700] {processor.py:840} INFO - DAG(s) 'example_dynamic_task_mapping' retrieved from /Library/Frameworks/Python.framework/Versions/3.10/lib/python3.10/site-packages/airflow/example_dags/example_dynamic_task_mapping.py
[2024-05-05T20:31:17.241+0700] {logging_mixin.py:188} INFO - [2024-05-05T20:31:17.240+0700] {dag.py:3096} INFO - Sync 1 DAGs
[2024-05-05T20:31:17.250+0700] {logging_mixin.py:188} INFO - [2024-05-05T20:31:17.250+0700] {dag.py:3954} INFO - Setting next_dagrun for example_dynamic_task_mapping to 2022-03-04 00:00:00+00:00, run_after=2022-03-05 00:00:00+00:00
[2024-05-05T20:31:17.261+0700] {processor.py:183} INFO - Processing /Library/Frameworks/Python.framework/Versions/3.10/lib/python3.10/site-packages/airflow/example_dags/example_dynamic_task_mapping.py took 0.200 seconds
[2024-05-05T20:34:38.070+0700] {processor.py:161} INFO - Started process (PID=80519) to work on /Library/Frameworks/Python.framework/Versions/3.10/lib/python3.10/site-packages/airflow/example_dags/example_dynamic_task_mapping.py
[2024-05-05T20:34:38.072+0700] {processor.py:830} INFO - Processing file /Library/Frameworks/Python.framework/Versions/3.10/lib/python3.10/site-packages/airflow/example_dags/example_dynamic_task_mapping.py for tasks to queue
[2024-05-05T20:34:38.072+0700] {logging_mixin.py:188} INFO - [2024-05-05T20:34:38.072+0700] {dagbag.py:540} INFO - Filling up the DagBag from /Library/Frameworks/Python.framework/Versions/3.10/lib/python3.10/site-packages/airflow/example_dags/example_dynamic_task_mapping.py
[2024-05-05T20:34:38.106+0700] {processor.py:840} INFO - DAG(s) 'example_dynamic_task_mapping' retrieved from /Library/Frameworks/Python.framework/Versions/3.10/lib/python3.10/site-packages/airflow/example_dags/example_dynamic_task_mapping.py
[2024-05-05T20:34:38.292+0700] {logging_mixin.py:188} INFO - [2024-05-05T20:34:38.291+0700] {dag.py:3096} INFO - Sync 1 DAGs
[2024-05-05T20:34:38.303+0700] {logging_mixin.py:188} INFO - [2024-05-05T20:34:38.303+0700] {dag.py:3954} INFO - Setting next_dagrun for example_dynamic_task_mapping to 2022-03-04 00:00:00+00:00, run_after=2022-03-05 00:00:00+00:00
[2024-05-05T20:34:38.318+0700] {processor.py:183} INFO - Processing /Library/Frameworks/Python.framework/Versions/3.10/lib/python3.10/site-packages/airflow/example_dags/example_dynamic_task_mapping.py took 0.250 seconds
[2024-05-05T20:35:42.375+0700] {processor.py:161} INFO - Started process (PID=81222) to work on /Library/Frameworks/Python.framework/Versions/3.10/lib/python3.10/site-packages/airflow/example_dags/example_dynamic_task_mapping.py
[2024-05-05T20:35:42.376+0700] {processor.py:830} INFO - Processing file /Library/Frameworks/Python.framework/Versions/3.10/lib/python3.10/site-packages/airflow/example_dags/example_dynamic_task_mapping.py for tasks to queue
[2024-05-05T20:35:42.377+0700] {logging_mixin.py:188} INFO - [2024-05-05T20:35:42.376+0700] {dagbag.py:540} INFO - Filling up the DagBag from /Library/Frameworks/Python.framework/Versions/3.10/lib/python3.10/site-packages/airflow/example_dags/example_dynamic_task_mapping.py
[2024-05-05T20:35:42.398+0700] {processor.py:840} INFO - DAG(s) 'example_dynamic_task_mapping' retrieved from /Library/Frameworks/Python.framework/Versions/3.10/lib/python3.10/site-packages/airflow/example_dags/example_dynamic_task_mapping.py
[2024-05-05T20:35:42.501+0700] {logging_mixin.py:188} INFO - [2024-05-05T20:35:42.500+0700] {dag.py:3096} INFO - Sync 1 DAGs
[2024-05-05T20:35:42.511+0700] {logging_mixin.py:188} INFO - [2024-05-05T20:35:42.511+0700] {dag.py:3954} INFO - Setting next_dagrun for example_dynamic_task_mapping to 2022-03-04 00:00:00+00:00, run_after=2022-03-05 00:00:00+00:00
[2024-05-05T20:35:42.523+0700] {processor.py:183} INFO - Processing /Library/Frameworks/Python.framework/Versions/3.10/lib/python3.10/site-packages/airflow/example_dags/example_dynamic_task_mapping.py took 0.150 seconds
[2024-05-05T20:37:24.217+0700] {processor.py:161} INFO - Started process (PID=82262) to work on /Library/Frameworks/Python.framework/Versions/3.10/lib/python3.10/site-packages/airflow/example_dags/example_dynamic_task_mapping.py
[2024-05-05T20:37:24.218+0700] {processor.py:830} INFO - Processing file /Library/Frameworks/Python.framework/Versions/3.10/lib/python3.10/site-packages/airflow/example_dags/example_dynamic_task_mapping.py for tasks to queue
[2024-05-05T20:37:24.219+0700] {logging_mixin.py:188} INFO - [2024-05-05T20:37:24.219+0700] {dagbag.py:540} INFO - Filling up the DagBag from /Library/Frameworks/Python.framework/Versions/3.10/lib/python3.10/site-packages/airflow/example_dags/example_dynamic_task_mapping.py
[2024-05-05T20:37:24.258+0700] {processor.py:840} INFO - DAG(s) 'example_dynamic_task_mapping' retrieved from /Library/Frameworks/Python.framework/Versions/3.10/lib/python3.10/site-packages/airflow/example_dags/example_dynamic_task_mapping.py
[2024-05-05T20:37:24.384+0700] {logging_mixin.py:188} INFO - [2024-05-05T20:37:24.384+0700] {dag.py:3096} INFO - Sync 1 DAGs
[2024-05-05T20:37:24.396+0700] {logging_mixin.py:188} INFO - [2024-05-05T20:37:24.396+0700] {dag.py:3954} INFO - Setting next_dagrun for example_dynamic_task_mapping to 2022-03-04 00:00:00+00:00, run_after=2022-03-05 00:00:00+00:00
[2024-05-05T20:37:24.410+0700] {processor.py:183} INFO - Processing /Library/Frameworks/Python.framework/Versions/3.10/lib/python3.10/site-packages/airflow/example_dags/example_dynamic_task_mapping.py took 0.195 seconds
[2024-05-05T20:38:18.257+0700] {processor.py:161} INFO - Started process (PID=82765) to work on /Library/Frameworks/Python.framework/Versions/3.10/lib/python3.10/site-packages/airflow/example_dags/example_dynamic_task_mapping.py
[2024-05-05T20:38:18.258+0700] {processor.py:830} INFO - Processing file /Library/Frameworks/Python.framework/Versions/3.10/lib/python3.10/site-packages/airflow/example_dags/example_dynamic_task_mapping.py for tasks to queue
[2024-05-05T20:38:18.258+0700] {logging_mixin.py:188} INFO - [2024-05-05T20:38:18.258+0700] {dagbag.py:540} INFO - Filling up the DagBag from /Library/Frameworks/Python.framework/Versions/3.10/lib/python3.10/site-packages/airflow/example_dags/example_dynamic_task_mapping.py
[2024-05-05T20:38:18.280+0700] {processor.py:840} INFO - DAG(s) 'example_dynamic_task_mapping' retrieved from /Library/Frameworks/Python.framework/Versions/3.10/lib/python3.10/site-packages/airflow/example_dags/example_dynamic_task_mapping.py
[2024-05-05T20:38:18.374+0700] {logging_mixin.py:188} INFO - [2024-05-05T20:38:18.374+0700] {dag.py:3096} INFO - Sync 1 DAGs
[2024-05-05T20:38:18.384+0700] {logging_mixin.py:188} INFO - [2024-05-05T20:38:18.383+0700] {dag.py:3954} INFO - Setting next_dagrun for example_dynamic_task_mapping to 2022-03-04 00:00:00+00:00, run_after=2022-03-05 00:00:00+00:00
[2024-05-05T20:38:18.395+0700] {processor.py:183} INFO - Processing /Library/Frameworks/Python.framework/Versions/3.10/lib/python3.10/site-packages/airflow/example_dags/example_dynamic_task_mapping.py took 0.139 seconds
[2024-05-05T20:39:58.698+0700] {processor.py:161} INFO - Started process (PID=83693) to work on /Library/Frameworks/Python.framework/Versions/3.10/lib/python3.10/site-packages/airflow/example_dags/example_dynamic_task_mapping.py
[2024-05-05T20:39:58.701+0700] {processor.py:830} INFO - Processing file /Library/Frameworks/Python.framework/Versions/3.10/lib/python3.10/site-packages/airflow/example_dags/example_dynamic_task_mapping.py for tasks to queue
[2024-05-05T20:39:58.701+0700] {logging_mixin.py:188} INFO - [2024-05-05T20:39:58.701+0700] {dagbag.py:540} INFO - Filling up the DagBag from /Library/Frameworks/Python.framework/Versions/3.10/lib/python3.10/site-packages/airflow/example_dags/example_dynamic_task_mapping.py
[2024-05-05T20:39:58.725+0700] {processor.py:840} INFO - DAG(s) 'example_dynamic_task_mapping' retrieved from /Library/Frameworks/Python.framework/Versions/3.10/lib/python3.10/site-packages/airflow/example_dags/example_dynamic_task_mapping.py
[2024-05-05T20:39:58.823+0700] {logging_mixin.py:188} INFO - [2024-05-05T20:39:58.823+0700] {dag.py:3096} INFO - Sync 1 DAGs
[2024-05-05T20:39:58.833+0700] {logging_mixin.py:188} INFO - [2024-05-05T20:39:58.833+0700] {dag.py:3954} INFO - Setting next_dagrun for example_dynamic_task_mapping to 2022-03-04 00:00:00+00:00, run_after=2022-03-05 00:00:00+00:00
[2024-05-05T20:39:58.843+0700] {processor.py:183} INFO - Processing /Library/Frameworks/Python.framework/Versions/3.10/lib/python3.10/site-packages/airflow/example_dags/example_dynamic_task_mapping.py took 0.151 seconds
[2024-05-05T20:41:08.144+0700] {processor.py:161} INFO - Started process (PID=84358) to work on /Library/Frameworks/Python.framework/Versions/3.10/lib/python3.10/site-packages/airflow/example_dags/example_dynamic_task_mapping.py
[2024-05-05T20:41:08.146+0700] {processor.py:830} INFO - Processing file /Library/Frameworks/Python.framework/Versions/3.10/lib/python3.10/site-packages/airflow/example_dags/example_dynamic_task_mapping.py for tasks to queue
[2024-05-05T20:41:08.146+0700] {logging_mixin.py:188} INFO - [2024-05-05T20:41:08.146+0700] {dagbag.py:540} INFO - Filling up the DagBag from /Library/Frameworks/Python.framework/Versions/3.10/lib/python3.10/site-packages/airflow/example_dags/example_dynamic_task_mapping.py
[2024-05-05T20:41:08.175+0700] {processor.py:840} INFO - DAG(s) 'example_dynamic_task_mapping' retrieved from /Library/Frameworks/Python.framework/Versions/3.10/lib/python3.10/site-packages/airflow/example_dags/example_dynamic_task_mapping.py
[2024-05-05T20:41:08.270+0700] {logging_mixin.py:188} INFO - [2024-05-05T20:41:08.270+0700] {dag.py:3096} INFO - Sync 1 DAGs
[2024-05-05T20:41:08.281+0700] {logging_mixin.py:188} INFO - [2024-05-05T20:41:08.281+0700] {dag.py:3954} INFO - Setting next_dagrun for example_dynamic_task_mapping to 2022-03-04 00:00:00+00:00, run_after=2022-03-05 00:00:00+00:00
[2024-05-05T20:41:08.292+0700] {processor.py:183} INFO - Processing /Library/Frameworks/Python.framework/Versions/3.10/lib/python3.10/site-packages/airflow/example_dags/example_dynamic_task_mapping.py took 0.150 seconds
[2024-05-05T20:41:59.438+0700] {processor.py:161} INFO - Started process (PID=84814) to work on /Library/Frameworks/Python.framework/Versions/3.10/lib/python3.10/site-packages/airflow/example_dags/example_dynamic_task_mapping.py
[2024-05-05T20:41:59.439+0700] {processor.py:830} INFO - Processing file /Library/Frameworks/Python.framework/Versions/3.10/lib/python3.10/site-packages/airflow/example_dags/example_dynamic_task_mapping.py for tasks to queue
[2024-05-05T20:41:59.439+0700] {logging_mixin.py:188} INFO - [2024-05-05T20:41:59.439+0700] {dagbag.py:540} INFO - Filling up the DagBag from /Library/Frameworks/Python.framework/Versions/3.10/lib/python3.10/site-packages/airflow/example_dags/example_dynamic_task_mapping.py
[2024-05-05T20:41:59.461+0700] {processor.py:840} INFO - DAG(s) 'example_dynamic_task_mapping' retrieved from /Library/Frameworks/Python.framework/Versions/3.10/lib/python3.10/site-packages/airflow/example_dags/example_dynamic_task_mapping.py
[2024-05-05T20:41:59.554+0700] {logging_mixin.py:188} INFO - [2024-05-05T20:41:59.554+0700] {dag.py:3096} INFO - Sync 1 DAGs
[2024-05-05T20:41:59.563+0700] {logging_mixin.py:188} INFO - [2024-05-05T20:41:59.563+0700] {dag.py:3954} INFO - Setting next_dagrun for example_dynamic_task_mapping to 2022-03-04 00:00:00+00:00, run_after=2022-03-05 00:00:00+00:00
[2024-05-05T20:41:59.574+0700] {processor.py:183} INFO - Processing /Library/Frameworks/Python.framework/Versions/3.10/lib/python3.10/site-packages/airflow/example_dags/example_dynamic_task_mapping.py took 0.138 seconds
[2024-05-05T20:43:43.813+0700] {processor.py:161} INFO - Started process (PID=85772) to work on /Library/Frameworks/Python.framework/Versions/3.10/lib/python3.10/site-packages/airflow/example_dags/example_dynamic_task_mapping.py
[2024-05-05T20:43:43.814+0700] {processor.py:830} INFO - Processing file /Library/Frameworks/Python.framework/Versions/3.10/lib/python3.10/site-packages/airflow/example_dags/example_dynamic_task_mapping.py for tasks to queue
[2024-05-05T20:43:43.814+0700] {logging_mixin.py:188} INFO - [2024-05-05T20:43:43.814+0700] {dagbag.py:540} INFO - Filling up the DagBag from /Library/Frameworks/Python.framework/Versions/3.10/lib/python3.10/site-packages/airflow/example_dags/example_dynamic_task_mapping.py
[2024-05-05T20:43:43.836+0700] {processor.py:840} INFO - DAG(s) 'example_dynamic_task_mapping' retrieved from /Library/Frameworks/Python.framework/Versions/3.10/lib/python3.10/site-packages/airflow/example_dags/example_dynamic_task_mapping.py
[2024-05-05T20:43:43.931+0700] {logging_mixin.py:188} INFO - [2024-05-05T20:43:43.931+0700] {dag.py:3096} INFO - Sync 1 DAGs
[2024-05-05T20:43:43.941+0700] {logging_mixin.py:188} INFO - [2024-05-05T20:43:43.941+0700] {dag.py:3954} INFO - Setting next_dagrun for example_dynamic_task_mapping to 2022-03-04 00:00:00+00:00, run_after=2022-03-05 00:00:00+00:00
[2024-05-05T20:43:43.952+0700] {processor.py:183} INFO - Processing /Library/Frameworks/Python.framework/Versions/3.10/lib/python3.10/site-packages/airflow/example_dags/example_dynamic_task_mapping.py took 0.141 seconds
[2024-05-05T20:44:34.474+0700] {processor.py:161} INFO - Started process (PID=86215) to work on /Library/Frameworks/Python.framework/Versions/3.10/lib/python3.10/site-packages/airflow/example_dags/example_dynamic_task_mapping.py
[2024-05-05T20:44:34.475+0700] {processor.py:830} INFO - Processing file /Library/Frameworks/Python.framework/Versions/3.10/lib/python3.10/site-packages/airflow/example_dags/example_dynamic_task_mapping.py for tasks to queue
[2024-05-05T20:44:34.475+0700] {logging_mixin.py:188} INFO - [2024-05-05T20:44:34.475+0700] {dagbag.py:540} INFO - Filling up the DagBag from /Library/Frameworks/Python.framework/Versions/3.10/lib/python3.10/site-packages/airflow/example_dags/example_dynamic_task_mapping.py
[2024-05-05T20:44:34.499+0700] {processor.py:840} INFO - DAG(s) 'example_dynamic_task_mapping' retrieved from /Library/Frameworks/Python.framework/Versions/3.10/lib/python3.10/site-packages/airflow/example_dags/example_dynamic_task_mapping.py
[2024-05-05T20:44:34.597+0700] {logging_mixin.py:188} INFO - [2024-05-05T20:44:34.596+0700] {dag.py:3096} INFO - Sync 1 DAGs
[2024-05-05T20:44:34.606+0700] {logging_mixin.py:188} INFO - [2024-05-05T20:44:34.606+0700] {dag.py:3954} INFO - Setting next_dagrun for example_dynamic_task_mapping to 2022-03-04 00:00:00+00:00, run_after=2022-03-05 00:00:00+00:00
[2024-05-05T20:44:34.621+0700] {processor.py:183} INFO - Processing /Library/Frameworks/Python.framework/Versions/3.10/lib/python3.10/site-packages/airflow/example_dags/example_dynamic_task_mapping.py took 0.149 seconds
[2024-05-05T20:47:06.084+0700] {processor.py:161} INFO - Started process (PID=87310) to work on /Library/Frameworks/Python.framework/Versions/3.10/lib/python3.10/site-packages/airflow/example_dags/example_dynamic_task_mapping.py
[2024-05-05T20:47:06.086+0700] {processor.py:830} INFO - Processing file /Library/Frameworks/Python.framework/Versions/3.10/lib/python3.10/site-packages/airflow/example_dags/example_dynamic_task_mapping.py for tasks to queue
[2024-05-05T20:47:06.086+0700] {logging_mixin.py:188} INFO - [2024-05-05T20:47:06.086+0700] {dagbag.py:540} INFO - Filling up the DagBag from /Library/Frameworks/Python.framework/Versions/3.10/lib/python3.10/site-packages/airflow/example_dags/example_dynamic_task_mapping.py
[2024-05-05T20:47:06.112+0700] {processor.py:840} INFO - DAG(s) 'example_dynamic_task_mapping' retrieved from /Library/Frameworks/Python.framework/Versions/3.10/lib/python3.10/site-packages/airflow/example_dags/example_dynamic_task_mapping.py
[2024-05-05T20:47:06.220+0700] {logging_mixin.py:188} INFO - [2024-05-05T20:47:06.220+0700] {dag.py:3096} INFO - Sync 1 DAGs
[2024-05-05T20:47:06.231+0700] {logging_mixin.py:188} INFO - [2024-05-05T20:47:06.231+0700] {dag.py:3954} INFO - Setting next_dagrun for example_dynamic_task_mapping to 2022-03-04 00:00:00+00:00, run_after=2022-03-05 00:00:00+00:00
[2024-05-05T20:47:06.242+0700] {processor.py:183} INFO - Processing /Library/Frameworks/Python.framework/Versions/3.10/lib/python3.10/site-packages/airflow/example_dags/example_dynamic_task_mapping.py took 0.160 seconds
[2024-05-05T20:48:09.143+0700] {processor.py:161} INFO - Started process (PID=87871) to work on /Library/Frameworks/Python.framework/Versions/3.10/lib/python3.10/site-packages/airflow/example_dags/example_dynamic_task_mapping.py
[2024-05-05T20:48:09.144+0700] {processor.py:830} INFO - Processing file /Library/Frameworks/Python.framework/Versions/3.10/lib/python3.10/site-packages/airflow/example_dags/example_dynamic_task_mapping.py for tasks to queue
[2024-05-05T20:48:09.145+0700] {logging_mixin.py:188} INFO - [2024-05-05T20:48:09.144+0700] {dagbag.py:540} INFO - Filling up the DagBag from /Library/Frameworks/Python.framework/Versions/3.10/lib/python3.10/site-packages/airflow/example_dags/example_dynamic_task_mapping.py
[2024-05-05T20:48:09.168+0700] {processor.py:840} INFO - DAG(s) 'example_dynamic_task_mapping' retrieved from /Library/Frameworks/Python.framework/Versions/3.10/lib/python3.10/site-packages/airflow/example_dags/example_dynamic_task_mapping.py
[2024-05-05T20:48:09.268+0700] {logging_mixin.py:188} INFO - [2024-05-05T20:48:09.267+0700] {dag.py:3096} INFO - Sync 1 DAGs
[2024-05-05T20:48:09.279+0700] {logging_mixin.py:188} INFO - [2024-05-05T20:48:09.279+0700] {dag.py:3954} INFO - Setting next_dagrun for example_dynamic_task_mapping to 2022-03-04 00:00:00+00:00, run_after=2022-03-05 00:00:00+00:00
[2024-05-05T20:48:09.290+0700] {processor.py:183} INFO - Processing /Library/Frameworks/Python.framework/Versions/3.10/lib/python3.10/site-packages/airflow/example_dags/example_dynamic_task_mapping.py took 0.149 seconds
[2024-05-05T20:49:47.473+0700] {processor.py:161} INFO - Started process (PID=88764) to work on /Library/Frameworks/Python.framework/Versions/3.10/lib/python3.10/site-packages/airflow/example_dags/example_dynamic_task_mapping.py
[2024-05-05T20:49:47.474+0700] {processor.py:830} INFO - Processing file /Library/Frameworks/Python.framework/Versions/3.10/lib/python3.10/site-packages/airflow/example_dags/example_dynamic_task_mapping.py for tasks to queue
[2024-05-05T20:49:47.474+0700] {logging_mixin.py:188} INFO - [2024-05-05T20:49:47.474+0700] {dagbag.py:540} INFO - Filling up the DagBag from /Library/Frameworks/Python.framework/Versions/3.10/lib/python3.10/site-packages/airflow/example_dags/example_dynamic_task_mapping.py
[2024-05-05T20:49:47.496+0700] {processor.py:840} INFO - DAG(s) 'example_dynamic_task_mapping' retrieved from /Library/Frameworks/Python.framework/Versions/3.10/lib/python3.10/site-packages/airflow/example_dags/example_dynamic_task_mapping.py
[2024-05-05T20:49:47.593+0700] {logging_mixin.py:188} INFO - [2024-05-05T20:49:47.593+0700] {dag.py:3096} INFO - Sync 1 DAGs
[2024-05-05T20:49:47.603+0700] {logging_mixin.py:188} INFO - [2024-05-05T20:49:47.603+0700] {dag.py:3954} INFO - Setting next_dagrun for example_dynamic_task_mapping to 2022-03-04 00:00:00+00:00, run_after=2022-03-05 00:00:00+00:00
[2024-05-05T20:49:47.616+0700] {processor.py:183} INFO - Processing /Library/Frameworks/Python.framework/Versions/3.10/lib/python3.10/site-packages/airflow/example_dags/example_dynamic_task_mapping.py took 0.147 seconds
[2024-05-05T20:50:44.704+0700] {processor.py:161} INFO - Started process (PID=89297) to work on /Library/Frameworks/Python.framework/Versions/3.10/lib/python3.10/site-packages/airflow/example_dags/example_dynamic_task_mapping.py
[2024-05-05T20:50:44.705+0700] {processor.py:830} INFO - Processing file /Library/Frameworks/Python.framework/Versions/3.10/lib/python3.10/site-packages/airflow/example_dags/example_dynamic_task_mapping.py for tasks to queue
[2024-05-05T20:50:44.705+0700] {logging_mixin.py:188} INFO - [2024-05-05T20:50:44.705+0700] {dagbag.py:540} INFO - Filling up the DagBag from /Library/Frameworks/Python.framework/Versions/3.10/lib/python3.10/site-packages/airflow/example_dags/example_dynamic_task_mapping.py
[2024-05-05T20:50:44.728+0700] {processor.py:840} INFO - DAG(s) 'example_dynamic_task_mapping' retrieved from /Library/Frameworks/Python.framework/Versions/3.10/lib/python3.10/site-packages/airflow/example_dags/example_dynamic_task_mapping.py
[2024-05-05T20:50:44.823+0700] {logging_mixin.py:188} INFO - [2024-05-05T20:50:44.823+0700] {dag.py:3096} INFO - Sync 1 DAGs
[2024-05-05T20:50:44.833+0700] {logging_mixin.py:188} INFO - [2024-05-05T20:50:44.833+0700] {dag.py:3954} INFO - Setting next_dagrun for example_dynamic_task_mapping to 2022-03-04 00:00:00+00:00, run_after=2022-03-05 00:00:00+00:00
[2024-05-05T20:50:44.844+0700] {processor.py:183} INFO - Processing /Library/Frameworks/Python.framework/Versions/3.10/lib/python3.10/site-packages/airflow/example_dags/example_dynamic_task_mapping.py took 0.142 seconds
[2024-05-05T20:52:24.641+0700] {processor.py:161} INFO - Started process (PID=90570) to work on /Library/Frameworks/Python.framework/Versions/3.10/lib/python3.10/site-packages/airflow/example_dags/example_dynamic_task_mapping.py
[2024-05-05T20:52:24.642+0700] {processor.py:830} INFO - Processing file /Library/Frameworks/Python.framework/Versions/3.10/lib/python3.10/site-packages/airflow/example_dags/example_dynamic_task_mapping.py for tasks to queue
[2024-05-05T20:52:24.642+0700] {logging_mixin.py:188} INFO - [2024-05-05T20:52:24.642+0700] {dagbag.py:540} INFO - Filling up the DagBag from /Library/Frameworks/Python.framework/Versions/3.10/lib/python3.10/site-packages/airflow/example_dags/example_dynamic_task_mapping.py
[2024-05-05T20:52:24.670+0700] {processor.py:840} INFO - DAG(s) 'example_dynamic_task_mapping' retrieved from /Library/Frameworks/Python.framework/Versions/3.10/lib/python3.10/site-packages/airflow/example_dags/example_dynamic_task_mapping.py
[2024-05-05T20:52:24.805+0700] {logging_mixin.py:188} INFO - [2024-05-05T20:52:24.805+0700] {dag.py:3096} INFO - Sync 1 DAGs
[2024-05-05T20:52:24.820+0700] {logging_mixin.py:188} INFO - [2024-05-05T20:52:24.820+0700] {dag.py:3954} INFO - Setting next_dagrun for example_dynamic_task_mapping to 2022-03-04 00:00:00+00:00, run_after=2022-03-05 00:00:00+00:00
[2024-05-05T20:52:24.837+0700] {processor.py:183} INFO - Processing /Library/Frameworks/Python.framework/Versions/3.10/lib/python3.10/site-packages/airflow/example_dags/example_dynamic_task_mapping.py took 0.198 seconds
[2024-05-05T20:53:24.589+0700] {processor.py:161} INFO - Started process (PID=91132) to work on /Library/Frameworks/Python.framework/Versions/3.10/lib/python3.10/site-packages/airflow/example_dags/example_dynamic_task_mapping.py
[2024-05-05T20:53:24.590+0700] {processor.py:830} INFO - Processing file /Library/Frameworks/Python.framework/Versions/3.10/lib/python3.10/site-packages/airflow/example_dags/example_dynamic_task_mapping.py for tasks to queue
[2024-05-05T20:53:24.591+0700] {logging_mixin.py:188} INFO - [2024-05-05T20:53:24.591+0700] {dagbag.py:540} INFO - Filling up the DagBag from /Library/Frameworks/Python.framework/Versions/3.10/lib/python3.10/site-packages/airflow/example_dags/example_dynamic_task_mapping.py
[2024-05-05T20:53:24.613+0700] {processor.py:840} INFO - DAG(s) 'example_dynamic_task_mapping' retrieved from /Library/Frameworks/Python.framework/Versions/3.10/lib/python3.10/site-packages/airflow/example_dags/example_dynamic_task_mapping.py
[2024-05-05T20:53:24.709+0700] {logging_mixin.py:188} INFO - [2024-05-05T20:53:24.709+0700] {dag.py:3096} INFO - Sync 1 DAGs
[2024-05-05T20:53:24.718+0700] {logging_mixin.py:188} INFO - [2024-05-05T20:53:24.718+0700] {dag.py:3954} INFO - Setting next_dagrun for example_dynamic_task_mapping to 2022-03-04 00:00:00+00:00, run_after=2022-03-05 00:00:00+00:00
[2024-05-05T20:53:24.729+0700] {processor.py:183} INFO - Processing /Library/Frameworks/Python.framework/Versions/3.10/lib/python3.10/site-packages/airflow/example_dags/example_dynamic_task_mapping.py took 0.142 seconds
[2024-05-05T20:57:59.728+0700] {processor.py:161} INFO - Started process (PID=92272) to work on /Library/Frameworks/Python.framework/Versions/3.10/lib/python3.10/site-packages/airflow/example_dags/example_dynamic_task_mapping.py
[2024-05-05T20:57:59.729+0700] {processor.py:830} INFO - Processing file /Library/Frameworks/Python.framework/Versions/3.10/lib/python3.10/site-packages/airflow/example_dags/example_dynamic_task_mapping.py for tasks to queue
[2024-05-05T20:57:59.729+0700] {logging_mixin.py:188} INFO - [2024-05-05T20:57:59.729+0700] {dagbag.py:540} INFO - Filling up the DagBag from /Library/Frameworks/Python.framework/Versions/3.10/lib/python3.10/site-packages/airflow/example_dags/example_dynamic_task_mapping.py
[2024-05-05T20:57:59.752+0700] {processor.py:840} INFO - DAG(s) 'example_dynamic_task_mapping' retrieved from /Library/Frameworks/Python.framework/Versions/3.10/lib/python3.10/site-packages/airflow/example_dags/example_dynamic_task_mapping.py
[2024-05-05T20:57:59.853+0700] {logging_mixin.py:188} INFO - [2024-05-05T20:57:59.853+0700] {dag.py:3096} INFO - Sync 1 DAGs
[2024-05-05T20:57:59.865+0700] {logging_mixin.py:188} INFO - [2024-05-05T20:57:59.865+0700] {dag.py:3954} INFO - Setting next_dagrun for example_dynamic_task_mapping to 2022-03-04 00:00:00+00:00, run_after=2022-03-05 00:00:00+00:00
[2024-05-05T20:57:59.876+0700] {processor.py:183} INFO - Processing /Library/Frameworks/Python.framework/Versions/3.10/lib/python3.10/site-packages/airflow/example_dags/example_dynamic_task_mapping.py took 0.150 seconds
[2024-05-05T20:58:50.567+0700] {processor.py:161} INFO - Started process (PID=92726) to work on /Library/Frameworks/Python.framework/Versions/3.10/lib/python3.10/site-packages/airflow/example_dags/example_dynamic_task_mapping.py
[2024-05-05T20:58:50.569+0700] {processor.py:830} INFO - Processing file /Library/Frameworks/Python.framework/Versions/3.10/lib/python3.10/site-packages/airflow/example_dags/example_dynamic_task_mapping.py for tasks to queue
[2024-05-05T20:58:50.569+0700] {logging_mixin.py:188} INFO - [2024-05-05T20:58:50.569+0700] {dagbag.py:540} INFO - Filling up the DagBag from /Library/Frameworks/Python.framework/Versions/3.10/lib/python3.10/site-packages/airflow/example_dags/example_dynamic_task_mapping.py
[2024-05-05T20:58:50.591+0700] {processor.py:840} INFO - DAG(s) 'example_dynamic_task_mapping' retrieved from /Library/Frameworks/Python.framework/Versions/3.10/lib/python3.10/site-packages/airflow/example_dags/example_dynamic_task_mapping.py
[2024-05-05T20:58:50.683+0700] {logging_mixin.py:188} INFO - [2024-05-05T20:58:50.683+0700] {dag.py:3096} INFO - Sync 1 DAGs
[2024-05-05T20:58:50.693+0700] {logging_mixin.py:188} INFO - [2024-05-05T20:58:50.692+0700] {dag.py:3954} INFO - Setting next_dagrun for example_dynamic_task_mapping to 2022-03-04 00:00:00+00:00, run_after=2022-03-05 00:00:00+00:00
[2024-05-05T20:58:50.703+0700] {processor.py:183} INFO - Processing /Library/Frameworks/Python.framework/Versions/3.10/lib/python3.10/site-packages/airflow/example_dags/example_dynamic_task_mapping.py took 0.138 seconds
[2024-05-05T21:01:43.615+0700] {processor.py:161} INFO - Started process (PID=93847) to work on /Library/Frameworks/Python.framework/Versions/3.10/lib/python3.10/site-packages/airflow/example_dags/example_dynamic_task_mapping.py
[2024-05-05T21:01:43.616+0700] {processor.py:830} INFO - Processing file /Library/Frameworks/Python.framework/Versions/3.10/lib/python3.10/site-packages/airflow/example_dags/example_dynamic_task_mapping.py for tasks to queue
[2024-05-05T21:01:43.617+0700] {logging_mixin.py:188} INFO - [2024-05-05T21:01:43.617+0700] {dagbag.py:540} INFO - Filling up the DagBag from /Library/Frameworks/Python.framework/Versions/3.10/lib/python3.10/site-packages/airflow/example_dags/example_dynamic_task_mapping.py
[2024-05-05T21:01:43.638+0700] {processor.py:840} INFO - DAG(s) 'example_dynamic_task_mapping' retrieved from /Library/Frameworks/Python.framework/Versions/3.10/lib/python3.10/site-packages/airflow/example_dags/example_dynamic_task_mapping.py
[2024-05-05T21:01:43.734+0700] {logging_mixin.py:188} INFO - [2024-05-05T21:01:43.734+0700] {dag.py:3096} INFO - Sync 1 DAGs
[2024-05-05T21:01:43.744+0700] {logging_mixin.py:188} INFO - [2024-05-05T21:01:43.744+0700] {dag.py:3954} INFO - Setting next_dagrun for example_dynamic_task_mapping to 2022-03-04 00:00:00+00:00, run_after=2022-03-05 00:00:00+00:00
[2024-05-05T21:01:43.756+0700] {processor.py:183} INFO - Processing /Library/Frameworks/Python.framework/Versions/3.10/lib/python3.10/site-packages/airflow/example_dags/example_dynamic_task_mapping.py took 0.143 seconds
[2024-05-05T21:02:22.328+0700] {processor.py:161} INFO - Started process (PID=94194) to work on /Library/Frameworks/Python.framework/Versions/3.10/lib/python3.10/site-packages/airflow/example_dags/example_dynamic_task_mapping.py
[2024-05-05T21:02:22.329+0700] {processor.py:830} INFO - Processing file /Library/Frameworks/Python.framework/Versions/3.10/lib/python3.10/site-packages/airflow/example_dags/example_dynamic_task_mapping.py for tasks to queue
[2024-05-05T21:02:22.330+0700] {logging_mixin.py:188} INFO - [2024-05-05T21:02:22.330+0700] {dagbag.py:540} INFO - Filling up the DagBag from /Library/Frameworks/Python.framework/Versions/3.10/lib/python3.10/site-packages/airflow/example_dags/example_dynamic_task_mapping.py
[2024-05-05T21:02:22.352+0700] {processor.py:840} INFO - DAG(s) 'example_dynamic_task_mapping' retrieved from /Library/Frameworks/Python.framework/Versions/3.10/lib/python3.10/site-packages/airflow/example_dags/example_dynamic_task_mapping.py
[2024-05-05T21:02:22.445+0700] {logging_mixin.py:188} INFO - [2024-05-05T21:02:22.445+0700] {dag.py:3096} INFO - Sync 1 DAGs
[2024-05-05T21:02:22.455+0700] {logging_mixin.py:188} INFO - [2024-05-05T21:02:22.455+0700] {dag.py:3954} INFO - Setting next_dagrun for example_dynamic_task_mapping to 2022-03-04 00:00:00+00:00, run_after=2022-03-05 00:00:00+00:00
[2024-05-05T21:02:22.465+0700] {processor.py:183} INFO - Processing /Library/Frameworks/Python.framework/Versions/3.10/lib/python3.10/site-packages/airflow/example_dags/example_dynamic_task_mapping.py took 0.139 seconds
[2024-05-05T21:04:17.051+0700] {processor.py:161} INFO - Started process (PID=95230) to work on /Library/Frameworks/Python.framework/Versions/3.10/lib/python3.10/site-packages/airflow/example_dags/example_dynamic_task_mapping.py
[2024-05-05T21:04:17.052+0700] {processor.py:830} INFO - Processing file /Library/Frameworks/Python.framework/Versions/3.10/lib/python3.10/site-packages/airflow/example_dags/example_dynamic_task_mapping.py for tasks to queue
[2024-05-05T21:04:17.053+0700] {logging_mixin.py:188} INFO - [2024-05-05T21:04:17.052+0700] {dagbag.py:540} INFO - Filling up the DagBag from /Library/Frameworks/Python.framework/Versions/3.10/lib/python3.10/site-packages/airflow/example_dags/example_dynamic_task_mapping.py
[2024-05-05T21:04:17.076+0700] {processor.py:840} INFO - DAG(s) 'example_dynamic_task_mapping' retrieved from /Library/Frameworks/Python.framework/Versions/3.10/lib/python3.10/site-packages/airflow/example_dags/example_dynamic_task_mapping.py
[2024-05-05T21:04:17.173+0700] {logging_mixin.py:188} INFO - [2024-05-05T21:04:17.173+0700] {dag.py:3096} INFO - Sync 1 DAGs
[2024-05-05T21:04:17.183+0700] {logging_mixin.py:188} INFO - [2024-05-05T21:04:17.183+0700] {dag.py:3954} INFO - Setting next_dagrun for example_dynamic_task_mapping to 2022-03-04 00:00:00+00:00, run_after=2022-03-05 00:00:00+00:00
[2024-05-05T21:04:17.195+0700] {processor.py:183} INFO - Processing /Library/Frameworks/Python.framework/Versions/3.10/lib/python3.10/site-packages/airflow/example_dags/example_dynamic_task_mapping.py took 0.146 seconds
[2024-05-05T21:04:56.169+0700] {processor.py:161} INFO - Started process (PID=95576) to work on /Library/Frameworks/Python.framework/Versions/3.10/lib/python3.10/site-packages/airflow/example_dags/example_dynamic_task_mapping.py
[2024-05-05T21:04:56.171+0700] {processor.py:830} INFO - Processing file /Library/Frameworks/Python.framework/Versions/3.10/lib/python3.10/site-packages/airflow/example_dags/example_dynamic_task_mapping.py for tasks to queue
[2024-05-05T21:04:56.171+0700] {logging_mixin.py:188} INFO - [2024-05-05T21:04:56.171+0700] {dagbag.py:540} INFO - Filling up the DagBag from /Library/Frameworks/Python.framework/Versions/3.10/lib/python3.10/site-packages/airflow/example_dags/example_dynamic_task_mapping.py
[2024-05-05T21:04:56.193+0700] {processor.py:840} INFO - DAG(s) 'example_dynamic_task_mapping' retrieved from /Library/Frameworks/Python.framework/Versions/3.10/lib/python3.10/site-packages/airflow/example_dags/example_dynamic_task_mapping.py
[2024-05-05T21:04:56.288+0700] {logging_mixin.py:188} INFO - [2024-05-05T21:04:56.288+0700] {dag.py:3096} INFO - Sync 1 DAGs
[2024-05-05T21:04:56.298+0700] {logging_mixin.py:188} INFO - [2024-05-05T21:04:56.297+0700] {dag.py:3954} INFO - Setting next_dagrun for example_dynamic_task_mapping to 2022-03-04 00:00:00+00:00, run_after=2022-03-05 00:00:00+00:00
[2024-05-05T21:04:56.308+0700] {processor.py:183} INFO - Processing /Library/Frameworks/Python.framework/Versions/3.10/lib/python3.10/site-packages/airflow/example_dags/example_dynamic_task_mapping.py took 0.140 seconds
[2024-05-05T21:21:31.914+0700] {processor.py:161} INFO - Started process (PID=97085) to work on /Library/Frameworks/Python.framework/Versions/3.10/lib/python3.10/site-packages/airflow/example_dags/example_dynamic_task_mapping.py
[2024-05-05T21:21:31.914+0700] {processor.py:830} INFO - Processing file /Library/Frameworks/Python.framework/Versions/3.10/lib/python3.10/site-packages/airflow/example_dags/example_dynamic_task_mapping.py for tasks to queue
[2024-05-05T21:21:31.915+0700] {logging_mixin.py:188} INFO - [2024-05-05T21:21:31.915+0700] {dagbag.py:540} INFO - Filling up the DagBag from /Library/Frameworks/Python.framework/Versions/3.10/lib/python3.10/site-packages/airflow/example_dags/example_dynamic_task_mapping.py
[2024-05-05T21:21:31.937+0700] {processor.py:840} INFO - DAG(s) 'example_dynamic_task_mapping' retrieved from /Library/Frameworks/Python.framework/Versions/3.10/lib/python3.10/site-packages/airflow/example_dags/example_dynamic_task_mapping.py
[2024-05-05T21:21:32.029+0700] {logging_mixin.py:188} INFO - [2024-05-05T21:21:32.029+0700] {dag.py:3096} INFO - Sync 1 DAGs
[2024-05-05T21:21:32.040+0700] {logging_mixin.py:188} INFO - [2024-05-05T21:21:32.040+0700] {dag.py:3954} INFO - Setting next_dagrun for example_dynamic_task_mapping to 2022-03-04 00:00:00+00:00, run_after=2022-03-05 00:00:00+00:00
[2024-05-05T21:21:32.051+0700] {processor.py:183} INFO - Processing /Library/Frameworks/Python.framework/Versions/3.10/lib/python3.10/site-packages/airflow/example_dags/example_dynamic_task_mapping.py took 0.139 seconds
[2024-05-05T21:21:51.541+0700] {processor.py:161} INFO - Started process (PID=97262) to work on /Library/Frameworks/Python.framework/Versions/3.10/lib/python3.10/site-packages/airflow/example_dags/example_dynamic_task_mapping.py
[2024-05-05T21:21:51.542+0700] {processor.py:830} INFO - Processing file /Library/Frameworks/Python.framework/Versions/3.10/lib/python3.10/site-packages/airflow/example_dags/example_dynamic_task_mapping.py for tasks to queue
[2024-05-05T21:21:51.543+0700] {logging_mixin.py:188} INFO - [2024-05-05T21:21:51.542+0700] {dagbag.py:540} INFO - Filling up the DagBag from /Library/Frameworks/Python.framework/Versions/3.10/lib/python3.10/site-packages/airflow/example_dags/example_dynamic_task_mapping.py
[2024-05-05T21:21:51.566+0700] {processor.py:840} INFO - DAG(s) 'example_dynamic_task_mapping' retrieved from /Library/Frameworks/Python.framework/Versions/3.10/lib/python3.10/site-packages/airflow/example_dags/example_dynamic_task_mapping.py
[2024-05-05T21:21:51.664+0700] {logging_mixin.py:188} INFO - [2024-05-05T21:21:51.663+0700] {dag.py:3096} INFO - Sync 1 DAGs
[2024-05-05T21:21:51.674+0700] {logging_mixin.py:188} INFO - [2024-05-05T21:21:51.673+0700] {dag.py:3954} INFO - Setting next_dagrun for example_dynamic_task_mapping to 2022-03-04 00:00:00+00:00, run_after=2022-03-05 00:00:00+00:00
[2024-05-05T21:21:51.685+0700] {processor.py:183} INFO - Processing /Library/Frameworks/Python.framework/Versions/3.10/lib/python3.10/site-packages/airflow/example_dags/example_dynamic_task_mapping.py took 0.145 seconds
[2024-05-05T22:57:35.645+0700] {processor.py:161} INFO - Started process (PID=38759) to work on /Library/Frameworks/Python.framework/Versions/3.10/lib/python3.10/site-packages/airflow/example_dags/example_dynamic_task_mapping.py
[2024-05-05T22:57:35.646+0700] {processor.py:830} INFO - Processing file /Library/Frameworks/Python.framework/Versions/3.10/lib/python3.10/site-packages/airflow/example_dags/example_dynamic_task_mapping.py for tasks to queue
[2024-05-05T22:57:35.646+0700] {logging_mixin.py:188} INFO - [2024-05-05T22:57:35.646+0700] {dagbag.py:540} INFO - Filling up the DagBag from /Library/Frameworks/Python.framework/Versions/3.10/lib/python3.10/site-packages/airflow/example_dags/example_dynamic_task_mapping.py
[2024-05-05T22:57:35.668+0700] {processor.py:840} INFO - DAG(s) 'example_dynamic_task_mapping' retrieved from /Library/Frameworks/Python.framework/Versions/3.10/lib/python3.10/site-packages/airflow/example_dags/example_dynamic_task_mapping.py
[2024-05-05T22:57:35.811+0700] {logging_mixin.py:188} INFO - [2024-05-05T22:57:35.810+0700] {dag.py:3096} INFO - Sync 1 DAGs
[2024-05-05T22:57:35.819+0700] {logging_mixin.py:188} INFO - [2024-05-05T22:57:35.819+0700] {dag.py:3954} INFO - Setting next_dagrun for example_dynamic_task_mapping to 2022-03-04 00:00:00+00:00, run_after=2022-03-05 00:00:00+00:00
[2024-05-05T22:57:35.832+0700] {processor.py:183} INFO - Processing /Library/Frameworks/Python.framework/Versions/3.10/lib/python3.10/site-packages/airflow/example_dags/example_dynamic_task_mapping.py took 0.189 seconds
[2024-05-05T23:00:23.322+0700] {processor.py:161} INFO - Started process (PID=39641) to work on /Library/Frameworks/Python.framework/Versions/3.10/lib/python3.10/site-packages/airflow/example_dags/example_dynamic_task_mapping.py
[2024-05-05T23:00:23.323+0700] {processor.py:830} INFO - Processing file /Library/Frameworks/Python.framework/Versions/3.10/lib/python3.10/site-packages/airflow/example_dags/example_dynamic_task_mapping.py for tasks to queue
[2024-05-05T23:00:23.324+0700] {logging_mixin.py:188} INFO - [2024-05-05T23:00:23.323+0700] {dagbag.py:540} INFO - Filling up the DagBag from /Library/Frameworks/Python.framework/Versions/3.10/lib/python3.10/site-packages/airflow/example_dags/example_dynamic_task_mapping.py
[2024-05-05T23:00:23.348+0700] {processor.py:840} INFO - DAG(s) 'example_dynamic_task_mapping' retrieved from /Library/Frameworks/Python.framework/Versions/3.10/lib/python3.10/site-packages/airflow/example_dags/example_dynamic_task_mapping.py
[2024-05-05T23:00:23.441+0700] {logging_mixin.py:188} INFO - [2024-05-05T23:00:23.441+0700] {dag.py:3096} INFO - Sync 1 DAGs
[2024-05-05T23:00:23.450+0700] {logging_mixin.py:188} INFO - [2024-05-05T23:00:23.450+0700] {dag.py:3954} INFO - Setting next_dagrun for example_dynamic_task_mapping to 2022-03-04 00:00:00+00:00, run_after=2022-03-05 00:00:00+00:00
[2024-05-05T23:00:23.461+0700] {processor.py:183} INFO - Processing /Library/Frameworks/Python.framework/Versions/3.10/lib/python3.10/site-packages/airflow/example_dags/example_dynamic_task_mapping.py took 0.140 seconds
[2024-05-05T23:07:20.765+0700] {processor.py:161} INFO - Started process (PID=44565) to work on /Library/Frameworks/Python.framework/Versions/3.10/lib/python3.10/site-packages/airflow/example_dags/example_dynamic_task_mapping.py
[2024-05-05T23:07:20.766+0700] {processor.py:830} INFO - Processing file /Library/Frameworks/Python.framework/Versions/3.10/lib/python3.10/site-packages/airflow/example_dags/example_dynamic_task_mapping.py for tasks to queue
[2024-05-05T23:07:20.767+0700] {logging_mixin.py:188} INFO - [2024-05-05T23:07:20.766+0700] {dagbag.py:540} INFO - Filling up the DagBag from /Library/Frameworks/Python.framework/Versions/3.10/lib/python3.10/site-packages/airflow/example_dags/example_dynamic_task_mapping.py
[2024-05-05T23:07:20.788+0700] {processor.py:840} INFO - DAG(s) 'example_dynamic_task_mapping' retrieved from /Library/Frameworks/Python.framework/Versions/3.10/lib/python3.10/site-packages/airflow/example_dags/example_dynamic_task_mapping.py
[2024-05-05T23:07:20.934+0700] {logging_mixin.py:188} INFO - [2024-05-05T23:07:20.934+0700] {dag.py:3096} INFO - Sync 1 DAGs
[2024-05-05T23:07:20.943+0700] {logging_mixin.py:188} INFO - [2024-05-05T23:07:20.943+0700] {dag.py:3954} INFO - Setting next_dagrun for example_dynamic_task_mapping to 2022-03-04 00:00:00+00:00, run_after=2022-03-05 00:00:00+00:00
[2024-05-05T23:07:20.955+0700] {processor.py:183} INFO - Processing /Library/Frameworks/Python.framework/Versions/3.10/lib/python3.10/site-packages/airflow/example_dags/example_dynamic_task_mapping.py took 0.192 seconds
[2024-05-05T23:10:34.191+0700] {processor.py:161} INFO - Started process (PID=45586) to work on /Library/Frameworks/Python.framework/Versions/3.10/lib/python3.10/site-packages/airflow/example_dags/example_dynamic_task_mapping.py
[2024-05-05T23:10:34.192+0700] {processor.py:830} INFO - Processing file /Library/Frameworks/Python.framework/Versions/3.10/lib/python3.10/site-packages/airflow/example_dags/example_dynamic_task_mapping.py for tasks to queue
[2024-05-05T23:10:34.192+0700] {logging_mixin.py:188} INFO - [2024-05-05T23:10:34.192+0700] {dagbag.py:540} INFO - Filling up the DagBag from /Library/Frameworks/Python.framework/Versions/3.10/lib/python3.10/site-packages/airflow/example_dags/example_dynamic_task_mapping.py
[2024-05-05T23:10:34.223+0700] {processor.py:840} INFO - DAG(s) 'example_dynamic_task_mapping' retrieved from /Library/Frameworks/Python.framework/Versions/3.10/lib/python3.10/site-packages/airflow/example_dags/example_dynamic_task_mapping.py
[2024-05-05T23:10:34.372+0700] {logging_mixin.py:188} INFO - [2024-05-05T23:10:34.372+0700] {dag.py:3096} INFO - Sync 1 DAGs
[2024-05-05T23:10:34.382+0700] {logging_mixin.py:188} INFO - [2024-05-05T23:10:34.382+0700] {dag.py:3954} INFO - Setting next_dagrun for example_dynamic_task_mapping to 2022-03-04 00:00:00+00:00, run_after=2022-03-05 00:00:00+00:00
[2024-05-05T23:10:34.395+0700] {processor.py:183} INFO - Processing /Library/Frameworks/Python.framework/Versions/3.10/lib/python3.10/site-packages/airflow/example_dags/example_dynamic_task_mapping.py took 0.206 seconds
[2024-05-05T23:13:30.471+0700] {processor.py:161} INFO - Started process (PID=46457) to work on /Library/Frameworks/Python.framework/Versions/3.10/lib/python3.10/site-packages/airflow/example_dags/example_dynamic_task_mapping.py
[2024-05-05T23:13:30.472+0700] {processor.py:830} INFO - Processing file /Library/Frameworks/Python.framework/Versions/3.10/lib/python3.10/site-packages/airflow/example_dags/example_dynamic_task_mapping.py for tasks to queue
[2024-05-05T23:13:30.472+0700] {logging_mixin.py:188} INFO - [2024-05-05T23:13:30.472+0700] {dagbag.py:540} INFO - Filling up the DagBag from /Library/Frameworks/Python.framework/Versions/3.10/lib/python3.10/site-packages/airflow/example_dags/example_dynamic_task_mapping.py
[2024-05-05T23:13:30.501+0700] {processor.py:840} INFO - DAG(s) 'example_dynamic_task_mapping' retrieved from /Library/Frameworks/Python.framework/Versions/3.10/lib/python3.10/site-packages/airflow/example_dags/example_dynamic_task_mapping.py
[2024-05-05T23:13:30.603+0700] {logging_mixin.py:188} INFO - [2024-05-05T23:13:30.602+0700] {dag.py:3096} INFO - Sync 1 DAGs
[2024-05-05T23:13:30.615+0700] {logging_mixin.py:188} INFO - [2024-05-05T23:13:30.615+0700] {dag.py:3954} INFO - Setting next_dagrun for example_dynamic_task_mapping to 2022-03-04 00:00:00+00:00, run_after=2022-03-05 00:00:00+00:00
[2024-05-05T23:13:30.628+0700] {processor.py:183} INFO - Processing /Library/Frameworks/Python.framework/Versions/3.10/lib/python3.10/site-packages/airflow/example_dags/example_dynamic_task_mapping.py took 0.160 seconds
[2024-05-05T23:16:33.995+0700] {processor.py:161} INFO - Started process (PID=47392) to work on /Library/Frameworks/Python.framework/Versions/3.10/lib/python3.10/site-packages/airflow/example_dags/example_dynamic_task_mapping.py
[2024-05-05T23:16:33.996+0700] {processor.py:830} INFO - Processing file /Library/Frameworks/Python.framework/Versions/3.10/lib/python3.10/site-packages/airflow/example_dags/example_dynamic_task_mapping.py for tasks to queue
[2024-05-05T23:16:33.997+0700] {logging_mixin.py:188} INFO - [2024-05-05T23:16:33.997+0700] {dagbag.py:540} INFO - Filling up the DagBag from /Library/Frameworks/Python.framework/Versions/3.10/lib/python3.10/site-packages/airflow/example_dags/example_dynamic_task_mapping.py
[2024-05-05T23:16:34.018+0700] {processor.py:840} INFO - DAG(s) 'example_dynamic_task_mapping' retrieved from /Library/Frameworks/Python.framework/Versions/3.10/lib/python3.10/site-packages/airflow/example_dags/example_dynamic_task_mapping.py
[2024-05-05T23:16:34.113+0700] {logging_mixin.py:188} INFO - [2024-05-05T23:16:34.112+0700] {dag.py:3096} INFO - Sync 1 DAGs
[2024-05-05T23:16:34.124+0700] {logging_mixin.py:188} INFO - [2024-05-05T23:16:34.124+0700] {dag.py:3954} INFO - Setting next_dagrun for example_dynamic_task_mapping to 2022-03-04 00:00:00+00:00, run_after=2022-03-05 00:00:00+00:00
[2024-05-05T23:16:34.135+0700] {processor.py:183} INFO - Processing /Library/Frameworks/Python.framework/Versions/3.10/lib/python3.10/site-packages/airflow/example_dags/example_dynamic_task_mapping.py took 0.142 seconds
[2024-05-05T23:19:22.256+0700] {processor.py:161} INFO - Started process (PID=48221) to work on /Library/Frameworks/Python.framework/Versions/3.10/lib/python3.10/site-packages/airflow/example_dags/example_dynamic_task_mapping.py
[2024-05-05T23:19:22.257+0700] {processor.py:830} INFO - Processing file /Library/Frameworks/Python.framework/Versions/3.10/lib/python3.10/site-packages/airflow/example_dags/example_dynamic_task_mapping.py for tasks to queue
[2024-05-05T23:19:22.258+0700] {logging_mixin.py:188} INFO - [2024-05-05T23:19:22.257+0700] {dagbag.py:540} INFO - Filling up the DagBag from /Library/Frameworks/Python.framework/Versions/3.10/lib/python3.10/site-packages/airflow/example_dags/example_dynamic_task_mapping.py
[2024-05-05T23:19:22.282+0700] {processor.py:840} INFO - DAG(s) 'example_dynamic_task_mapping' retrieved from /Library/Frameworks/Python.framework/Versions/3.10/lib/python3.10/site-packages/airflow/example_dags/example_dynamic_task_mapping.py
[2024-05-05T23:19:22.385+0700] {logging_mixin.py:188} INFO - [2024-05-05T23:19:22.385+0700] {dag.py:3096} INFO - Sync 1 DAGs
[2024-05-05T23:19:22.400+0700] {logging_mixin.py:188} INFO - [2024-05-05T23:19:22.400+0700] {dag.py:3954} INFO - Setting next_dagrun for example_dynamic_task_mapping to 2022-03-04 00:00:00+00:00, run_after=2022-03-05 00:00:00+00:00
[2024-05-05T23:19:22.414+0700] {processor.py:183} INFO - Processing /Library/Frameworks/Python.framework/Versions/3.10/lib/python3.10/site-packages/airflow/example_dags/example_dynamic_task_mapping.py took 0.160 seconds
[2024-05-05T23:22:13.351+0700] {processor.py:161} INFO - Started process (PID=49042) to work on /Library/Frameworks/Python.framework/Versions/3.10/lib/python3.10/site-packages/airflow/example_dags/example_dynamic_task_mapping.py
[2024-05-05T23:22:13.352+0700] {processor.py:830} INFO - Processing file /Library/Frameworks/Python.framework/Versions/3.10/lib/python3.10/site-packages/airflow/example_dags/example_dynamic_task_mapping.py for tasks to queue
[2024-05-05T23:22:13.353+0700] {logging_mixin.py:188} INFO - [2024-05-05T23:22:13.353+0700] {dagbag.py:540} INFO - Filling up the DagBag from /Library/Frameworks/Python.framework/Versions/3.10/lib/python3.10/site-packages/airflow/example_dags/example_dynamic_task_mapping.py
[2024-05-05T23:22:13.375+0700] {processor.py:840} INFO - DAG(s) 'example_dynamic_task_mapping' retrieved from /Library/Frameworks/Python.framework/Versions/3.10/lib/python3.10/site-packages/airflow/example_dags/example_dynamic_task_mapping.py
[2024-05-05T23:22:13.469+0700] {logging_mixin.py:188} INFO - [2024-05-05T23:22:13.469+0700] {dag.py:3096} INFO - Sync 1 DAGs
[2024-05-05T23:22:13.479+0700] {logging_mixin.py:188} INFO - [2024-05-05T23:22:13.478+0700] {dag.py:3954} INFO - Setting next_dagrun for example_dynamic_task_mapping to 2022-03-04 00:00:00+00:00, run_after=2022-03-05 00:00:00+00:00
[2024-05-05T23:22:13.489+0700] {processor.py:183} INFO - Processing /Library/Frameworks/Python.framework/Versions/3.10/lib/python3.10/site-packages/airflow/example_dags/example_dynamic_task_mapping.py took 0.141 seconds
[2024-05-05T23:24:53.067+0700] {processor.py:161} INFO - Started process (PID=49776) to work on /Library/Frameworks/Python.framework/Versions/3.10/lib/python3.10/site-packages/airflow/example_dags/example_dynamic_task_mapping.py
[2024-05-05T23:24:53.067+0700] {processor.py:830} INFO - Processing file /Library/Frameworks/Python.framework/Versions/3.10/lib/python3.10/site-packages/airflow/example_dags/example_dynamic_task_mapping.py for tasks to queue
[2024-05-05T23:24:53.068+0700] {logging_mixin.py:188} INFO - [2024-05-05T23:24:53.068+0700] {dagbag.py:540} INFO - Filling up the DagBag from /Library/Frameworks/Python.framework/Versions/3.10/lib/python3.10/site-packages/airflow/example_dags/example_dynamic_task_mapping.py
[2024-05-05T23:24:53.092+0700] {processor.py:840} INFO - DAG(s) 'example_dynamic_task_mapping' retrieved from /Library/Frameworks/Python.framework/Versions/3.10/lib/python3.10/site-packages/airflow/example_dags/example_dynamic_task_mapping.py
[2024-05-05T23:24:53.196+0700] {logging_mixin.py:188} INFO - [2024-05-05T23:24:53.196+0700] {dag.py:3096} INFO - Sync 1 DAGs
[2024-05-05T23:24:53.210+0700] {logging_mixin.py:188} INFO - [2024-05-05T23:24:53.210+0700] {dag.py:3954} INFO - Setting next_dagrun for example_dynamic_task_mapping to 2022-03-04 00:00:00+00:00, run_after=2022-03-05 00:00:00+00:00
[2024-05-05T23:24:53.222+0700] {processor.py:183} INFO - Processing /Library/Frameworks/Python.framework/Versions/3.10/lib/python3.10/site-packages/airflow/example_dags/example_dynamic_task_mapping.py took 0.157 seconds
[2024-05-05T23:27:26.366+0700] {processor.py:161} INFO - Started process (PID=50477) to work on /Library/Frameworks/Python.framework/Versions/3.10/lib/python3.10/site-packages/airflow/example_dags/example_dynamic_task_mapping.py
[2024-05-05T23:27:26.367+0700] {processor.py:830} INFO - Processing file /Library/Frameworks/Python.framework/Versions/3.10/lib/python3.10/site-packages/airflow/example_dags/example_dynamic_task_mapping.py for tasks to queue
[2024-05-05T23:27:26.367+0700] {logging_mixin.py:188} INFO - [2024-05-05T23:27:26.367+0700] {dagbag.py:540} INFO - Filling up the DagBag from /Library/Frameworks/Python.framework/Versions/3.10/lib/python3.10/site-packages/airflow/example_dags/example_dynamic_task_mapping.py
[2024-05-05T23:27:26.389+0700] {processor.py:840} INFO - DAG(s) 'example_dynamic_task_mapping' retrieved from /Library/Frameworks/Python.framework/Versions/3.10/lib/python3.10/site-packages/airflow/example_dags/example_dynamic_task_mapping.py
[2024-05-05T23:27:26.481+0700] {logging_mixin.py:188} INFO - [2024-05-05T23:27:26.481+0700] {dag.py:3096} INFO - Sync 1 DAGs
[2024-05-05T23:27:26.491+0700] {logging_mixin.py:188} INFO - [2024-05-05T23:27:26.491+0700] {dag.py:3954} INFO - Setting next_dagrun for example_dynamic_task_mapping to 2022-03-04 00:00:00+00:00, run_after=2022-03-05 00:00:00+00:00
[2024-05-05T23:27:26.501+0700] {processor.py:183} INFO - Processing /Library/Frameworks/Python.framework/Versions/3.10/lib/python3.10/site-packages/airflow/example_dags/example_dynamic_task_mapping.py took 0.137 seconds
[2024-05-05T23:30:09.377+0700] {processor.py:161} INFO - Started process (PID=51247) to work on /Library/Frameworks/Python.framework/Versions/3.10/lib/python3.10/site-packages/airflow/example_dags/example_dynamic_task_mapping.py
[2024-05-05T23:30:09.377+0700] {processor.py:830} INFO - Processing file /Library/Frameworks/Python.framework/Versions/3.10/lib/python3.10/site-packages/airflow/example_dags/example_dynamic_task_mapping.py for tasks to queue
[2024-05-05T23:30:09.378+0700] {logging_mixin.py:188} INFO - [2024-05-05T23:30:09.378+0700] {dagbag.py:540} INFO - Filling up the DagBag from /Library/Frameworks/Python.framework/Versions/3.10/lib/python3.10/site-packages/airflow/example_dags/example_dynamic_task_mapping.py
[2024-05-05T23:30:09.401+0700] {processor.py:840} INFO - DAG(s) 'example_dynamic_task_mapping' retrieved from /Library/Frameworks/Python.framework/Versions/3.10/lib/python3.10/site-packages/airflow/example_dags/example_dynamic_task_mapping.py
[2024-05-05T23:30:09.502+0700] {logging_mixin.py:188} INFO - [2024-05-05T23:30:09.502+0700] {dag.py:3096} INFO - Sync 1 DAGs
[2024-05-05T23:30:09.511+0700] {logging_mixin.py:188} INFO - [2024-05-05T23:30:09.511+0700] {dag.py:3954} INFO - Setting next_dagrun for example_dynamic_task_mapping to 2022-03-04 00:00:00+00:00, run_after=2022-03-05 00:00:00+00:00
[2024-05-05T23:30:09.522+0700] {processor.py:183} INFO - Processing /Library/Frameworks/Python.framework/Versions/3.10/lib/python3.10/site-packages/airflow/example_dags/example_dynamic_task_mapping.py took 0.147 seconds
[2024-05-05T23:32:45.589+0700] {processor.py:161} INFO - Started process (PID=51979) to work on /Library/Frameworks/Python.framework/Versions/3.10/lib/python3.10/site-packages/airflow/example_dags/example_dynamic_task_mapping.py
[2024-05-05T23:32:45.589+0700] {processor.py:830} INFO - Processing file /Library/Frameworks/Python.framework/Versions/3.10/lib/python3.10/site-packages/airflow/example_dags/example_dynamic_task_mapping.py for tasks to queue
[2024-05-05T23:32:45.590+0700] {logging_mixin.py:188} INFO - [2024-05-05T23:32:45.590+0700] {dagbag.py:540} INFO - Filling up the DagBag from /Library/Frameworks/Python.framework/Versions/3.10/lib/python3.10/site-packages/airflow/example_dags/example_dynamic_task_mapping.py
[2024-05-05T23:32:45.612+0700] {processor.py:840} INFO - DAG(s) 'example_dynamic_task_mapping' retrieved from /Library/Frameworks/Python.framework/Versions/3.10/lib/python3.10/site-packages/airflow/example_dags/example_dynamic_task_mapping.py
[2024-05-05T23:32:45.706+0700] {logging_mixin.py:188} INFO - [2024-05-05T23:32:45.705+0700] {dag.py:3096} INFO - Sync 1 DAGs
[2024-05-05T23:32:45.716+0700] {logging_mixin.py:188} INFO - [2024-05-05T23:32:45.715+0700] {dag.py:3954} INFO - Setting next_dagrun for example_dynamic_task_mapping to 2022-03-04 00:00:00+00:00, run_after=2022-03-05 00:00:00+00:00
[2024-05-05T23:32:45.727+0700] {processor.py:183} INFO - Processing /Library/Frameworks/Python.framework/Versions/3.10/lib/python3.10/site-packages/airflow/example_dags/example_dynamic_task_mapping.py took 0.141 seconds
[2024-05-05T23:35:35.150+0700] {processor.py:161} INFO - Started process (PID=52821) to work on /Library/Frameworks/Python.framework/Versions/3.10/lib/python3.10/site-packages/airflow/example_dags/example_dynamic_task_mapping.py
[2024-05-05T23:35:35.151+0700] {processor.py:830} INFO - Processing file /Library/Frameworks/Python.framework/Versions/3.10/lib/python3.10/site-packages/airflow/example_dags/example_dynamic_task_mapping.py for tasks to queue
[2024-05-05T23:35:35.151+0700] {logging_mixin.py:188} INFO - [2024-05-05T23:35:35.151+0700] {dagbag.py:540} INFO - Filling up the DagBag from /Library/Frameworks/Python.framework/Versions/3.10/lib/python3.10/site-packages/airflow/example_dags/example_dynamic_task_mapping.py
[2024-05-05T23:35:35.173+0700] {processor.py:840} INFO - DAG(s) 'example_dynamic_task_mapping' retrieved from /Library/Frameworks/Python.framework/Versions/3.10/lib/python3.10/site-packages/airflow/example_dags/example_dynamic_task_mapping.py
[2024-05-05T23:35:35.269+0700] {logging_mixin.py:188} INFO - [2024-05-05T23:35:35.268+0700] {dag.py:3096} INFO - Sync 1 DAGs
[2024-05-05T23:35:35.278+0700] {logging_mixin.py:188} INFO - [2024-05-05T23:35:35.278+0700] {dag.py:3954} INFO - Setting next_dagrun for example_dynamic_task_mapping to 2022-03-04 00:00:00+00:00, run_after=2022-03-05 00:00:00+00:00
[2024-05-05T23:35:35.289+0700] {processor.py:183} INFO - Processing /Library/Frameworks/Python.framework/Versions/3.10/lib/python3.10/site-packages/airflow/example_dags/example_dynamic_task_mapping.py took 0.141 seconds
[2024-05-05T23:38:08.140+0700] {processor.py:161} INFO - Started process (PID=53524) to work on /Library/Frameworks/Python.framework/Versions/3.10/lib/python3.10/site-packages/airflow/example_dags/example_dynamic_task_mapping.py
[2024-05-05T23:38:08.141+0700] {processor.py:830} INFO - Processing file /Library/Frameworks/Python.framework/Versions/3.10/lib/python3.10/site-packages/airflow/example_dags/example_dynamic_task_mapping.py for tasks to queue
[2024-05-05T23:38:08.142+0700] {logging_mixin.py:188} INFO - [2024-05-05T23:38:08.142+0700] {dagbag.py:540} INFO - Filling up the DagBag from /Library/Frameworks/Python.framework/Versions/3.10/lib/python3.10/site-packages/airflow/example_dags/example_dynamic_task_mapping.py
[2024-05-05T23:38:08.170+0700] {processor.py:840} INFO - DAG(s) 'example_dynamic_task_mapping' retrieved from /Library/Frameworks/Python.framework/Versions/3.10/lib/python3.10/site-packages/airflow/example_dags/example_dynamic_task_mapping.py
[2024-05-05T23:38:08.267+0700] {logging_mixin.py:188} INFO - [2024-05-05T23:38:08.267+0700] {dag.py:3096} INFO - Sync 1 DAGs
[2024-05-05T23:38:08.277+0700] {logging_mixin.py:188} INFO - [2024-05-05T23:38:08.277+0700] {dag.py:3954} INFO - Setting next_dagrun for example_dynamic_task_mapping to 2022-03-04 00:00:00+00:00, run_after=2022-03-05 00:00:00+00:00
[2024-05-05T23:38:08.288+0700] {processor.py:183} INFO - Processing /Library/Frameworks/Python.framework/Versions/3.10/lib/python3.10/site-packages/airflow/example_dags/example_dynamic_task_mapping.py took 0.151 seconds
[2024-05-05T23:40:52.600+0700] {processor.py:161} INFO - Started process (PID=54274) to work on /Library/Frameworks/Python.framework/Versions/3.10/lib/python3.10/site-packages/airflow/example_dags/example_dynamic_task_mapping.py
[2024-05-05T23:40:52.602+0700] {processor.py:830} INFO - Processing file /Library/Frameworks/Python.framework/Versions/3.10/lib/python3.10/site-packages/airflow/example_dags/example_dynamic_task_mapping.py for tasks to queue
[2024-05-05T23:40:52.603+0700] {logging_mixin.py:188} INFO - [2024-05-05T23:40:52.603+0700] {dagbag.py:540} INFO - Filling up the DagBag from /Library/Frameworks/Python.framework/Versions/3.10/lib/python3.10/site-packages/airflow/example_dags/example_dynamic_task_mapping.py
[2024-05-05T23:40:52.638+0700] {processor.py:840} INFO - DAG(s) 'example_dynamic_task_mapping' retrieved from /Library/Frameworks/Python.framework/Versions/3.10/lib/python3.10/site-packages/airflow/example_dags/example_dynamic_task_mapping.py
[2024-05-05T23:40:52.761+0700] {logging_mixin.py:188} INFO - [2024-05-05T23:40:52.761+0700] {dag.py:3096} INFO - Sync 1 DAGs
[2024-05-05T23:40:52.773+0700] {logging_mixin.py:188} INFO - [2024-05-05T23:40:52.772+0700] {dag.py:3954} INFO - Setting next_dagrun for example_dynamic_task_mapping to 2022-03-04 00:00:00+00:00, run_after=2022-03-05 00:00:00+00:00
[2024-05-05T23:40:52.785+0700] {processor.py:183} INFO - Processing /Library/Frameworks/Python.framework/Versions/3.10/lib/python3.10/site-packages/airflow/example_dags/example_dynamic_task_mapping.py took 0.188 seconds
[2024-05-05T23:43:36.273+0700] {processor.py:161} INFO - Started process (PID=55044) to work on /Library/Frameworks/Python.framework/Versions/3.10/lib/python3.10/site-packages/airflow/example_dags/example_dynamic_task_mapping.py
[2024-05-05T23:43:36.275+0700] {processor.py:830} INFO - Processing file /Library/Frameworks/Python.framework/Versions/3.10/lib/python3.10/site-packages/airflow/example_dags/example_dynamic_task_mapping.py for tasks to queue
[2024-05-05T23:43:36.275+0700] {logging_mixin.py:188} INFO - [2024-05-05T23:43:36.275+0700] {dagbag.py:540} INFO - Filling up the DagBag from /Library/Frameworks/Python.framework/Versions/3.10/lib/python3.10/site-packages/airflow/example_dags/example_dynamic_task_mapping.py
[2024-05-05T23:43:36.301+0700] {processor.py:840} INFO - DAG(s) 'example_dynamic_task_mapping' retrieved from /Library/Frameworks/Python.framework/Versions/3.10/lib/python3.10/site-packages/airflow/example_dags/example_dynamic_task_mapping.py
[2024-05-05T23:43:36.402+0700] {logging_mixin.py:188} INFO - [2024-05-05T23:43:36.401+0700] {dag.py:3096} INFO - Sync 1 DAGs
[2024-05-05T23:43:36.414+0700] {logging_mixin.py:188} INFO - [2024-05-05T23:43:36.413+0700] {dag.py:3954} INFO - Setting next_dagrun for example_dynamic_task_mapping to 2022-03-04 00:00:00+00:00, run_after=2022-03-05 00:00:00+00:00
[2024-05-05T23:43:36.425+0700] {processor.py:183} INFO - Processing /Library/Frameworks/Python.framework/Versions/3.10/lib/python3.10/site-packages/airflow/example_dags/example_dynamic_task_mapping.py took 0.154 seconds
[2024-05-05T23:46:18.871+0700] {processor.py:161} INFO - Started process (PID=55859) to work on /Library/Frameworks/Python.framework/Versions/3.10/lib/python3.10/site-packages/airflow/example_dags/example_dynamic_task_mapping.py
[2024-05-05T23:46:18.871+0700] {processor.py:830} INFO - Processing file /Library/Frameworks/Python.framework/Versions/3.10/lib/python3.10/site-packages/airflow/example_dags/example_dynamic_task_mapping.py for tasks to queue
[2024-05-05T23:46:18.872+0700] {logging_mixin.py:188} INFO - [2024-05-05T23:46:18.872+0700] {dagbag.py:540} INFO - Filling up the DagBag from /Library/Frameworks/Python.framework/Versions/3.10/lib/python3.10/site-packages/airflow/example_dags/example_dynamic_task_mapping.py
[2024-05-05T23:46:18.899+0700] {processor.py:840} INFO - DAG(s) 'example_dynamic_task_mapping' retrieved from /Library/Frameworks/Python.framework/Versions/3.10/lib/python3.10/site-packages/airflow/example_dags/example_dynamic_task_mapping.py
[2024-05-05T23:46:19.019+0700] {logging_mixin.py:188} INFO - [2024-05-05T23:46:19.019+0700] {dag.py:3096} INFO - Sync 1 DAGs
[2024-05-05T23:46:19.031+0700] {logging_mixin.py:188} INFO - [2024-05-05T23:46:19.031+0700] {dag.py:3954} INFO - Setting next_dagrun for example_dynamic_task_mapping to 2022-03-04 00:00:00+00:00, run_after=2022-03-05 00:00:00+00:00
[2024-05-05T23:46:19.044+0700] {processor.py:183} INFO - Processing /Library/Frameworks/Python.framework/Versions/3.10/lib/python3.10/site-packages/airflow/example_dags/example_dynamic_task_mapping.py took 0.175 seconds
[2024-05-05T23:48:55.952+0700] {processor.py:161} INFO - Started process (PID=56670) to work on /Library/Frameworks/Python.framework/Versions/3.10/lib/python3.10/site-packages/airflow/example_dags/example_dynamic_task_mapping.py
[2024-05-05T23:48:55.954+0700] {processor.py:830} INFO - Processing file /Library/Frameworks/Python.framework/Versions/3.10/lib/python3.10/site-packages/airflow/example_dags/example_dynamic_task_mapping.py for tasks to queue
[2024-05-05T23:48:55.954+0700] {logging_mixin.py:188} INFO - [2024-05-05T23:48:55.954+0700] {dagbag.py:540} INFO - Filling up the DagBag from /Library/Frameworks/Python.framework/Versions/3.10/lib/python3.10/site-packages/airflow/example_dags/example_dynamic_task_mapping.py
[2024-05-05T23:48:55.975+0700] {processor.py:840} INFO - DAG(s) 'example_dynamic_task_mapping' retrieved from /Library/Frameworks/Python.framework/Versions/3.10/lib/python3.10/site-packages/airflow/example_dags/example_dynamic_task_mapping.py
[2024-05-05T23:48:56.067+0700] {logging_mixin.py:188} INFO - [2024-05-05T23:48:56.067+0700] {dag.py:3096} INFO - Sync 1 DAGs
[2024-05-05T23:48:56.078+0700] {logging_mixin.py:188} INFO - [2024-05-05T23:48:56.078+0700] {dag.py:3954} INFO - Setting next_dagrun for example_dynamic_task_mapping to 2022-03-04 00:00:00+00:00, run_after=2022-03-05 00:00:00+00:00
[2024-05-05T23:48:56.090+0700] {processor.py:183} INFO - Processing /Library/Frameworks/Python.framework/Versions/3.10/lib/python3.10/site-packages/airflow/example_dags/example_dynamic_task_mapping.py took 0.139 seconds
[2024-05-05T23:51:27.011+0700] {processor.py:161} INFO - Started process (PID=57355) to work on /Library/Frameworks/Python.framework/Versions/3.10/lib/python3.10/site-packages/airflow/example_dags/example_dynamic_task_mapping.py
[2024-05-05T23:51:27.013+0700] {processor.py:830} INFO - Processing file /Library/Frameworks/Python.framework/Versions/3.10/lib/python3.10/site-packages/airflow/example_dags/example_dynamic_task_mapping.py for tasks to queue
[2024-05-05T23:51:27.013+0700] {logging_mixin.py:188} INFO - [2024-05-05T23:51:27.013+0700] {dagbag.py:540} INFO - Filling up the DagBag from /Library/Frameworks/Python.framework/Versions/3.10/lib/python3.10/site-packages/airflow/example_dags/example_dynamic_task_mapping.py
[2024-05-05T23:51:27.035+0700] {processor.py:840} INFO - DAG(s) 'example_dynamic_task_mapping' retrieved from /Library/Frameworks/Python.framework/Versions/3.10/lib/python3.10/site-packages/airflow/example_dags/example_dynamic_task_mapping.py
[2024-05-05T23:51:27.128+0700] {logging_mixin.py:188} INFO - [2024-05-05T23:51:27.127+0700] {dag.py:3096} INFO - Sync 1 DAGs
[2024-05-05T23:51:27.137+0700] {logging_mixin.py:188} INFO - [2024-05-05T23:51:27.137+0700] {dag.py:3954} INFO - Setting next_dagrun for example_dynamic_task_mapping to 2022-03-04 00:00:00+00:00, run_after=2022-03-05 00:00:00+00:00
[2024-05-05T23:51:27.147+0700] {processor.py:183} INFO - Processing /Library/Frameworks/Python.framework/Versions/3.10/lib/python3.10/site-packages/airflow/example_dags/example_dynamic_task_mapping.py took 0.138 seconds
[2024-05-05T23:54:05.805+0700] {processor.py:161} INFO - Started process (PID=58136) to work on /Library/Frameworks/Python.framework/Versions/3.10/lib/python3.10/site-packages/airflow/example_dags/example_dynamic_task_mapping.py
[2024-05-05T23:54:05.806+0700] {processor.py:830} INFO - Processing file /Library/Frameworks/Python.framework/Versions/3.10/lib/python3.10/site-packages/airflow/example_dags/example_dynamic_task_mapping.py for tasks to queue
[2024-05-05T23:54:05.807+0700] {logging_mixin.py:188} INFO - [2024-05-05T23:54:05.807+0700] {dagbag.py:540} INFO - Filling up the DagBag from /Library/Frameworks/Python.framework/Versions/3.10/lib/python3.10/site-packages/airflow/example_dags/example_dynamic_task_mapping.py
[2024-05-05T23:54:05.830+0700] {processor.py:840} INFO - DAG(s) 'example_dynamic_task_mapping' retrieved from /Library/Frameworks/Python.framework/Versions/3.10/lib/python3.10/site-packages/airflow/example_dags/example_dynamic_task_mapping.py
[2024-05-05T23:54:05.925+0700] {logging_mixin.py:188} INFO - [2024-05-05T23:54:05.924+0700] {dag.py:3096} INFO - Sync 1 DAGs
[2024-05-05T23:54:05.934+0700] {logging_mixin.py:188} INFO - [2024-05-05T23:54:05.934+0700] {dag.py:3954} INFO - Setting next_dagrun for example_dynamic_task_mapping to 2022-03-04 00:00:00+00:00, run_after=2022-03-05 00:00:00+00:00
[2024-05-05T23:54:05.945+0700] {processor.py:183} INFO - Processing /Library/Frameworks/Python.framework/Versions/3.10/lib/python3.10/site-packages/airflow/example_dags/example_dynamic_task_mapping.py took 0.142 seconds
[2024-05-05T23:56:39.911+0700] {processor.py:161} INFO - Started process (PID=58842) to work on /Library/Frameworks/Python.framework/Versions/3.10/lib/python3.10/site-packages/airflow/example_dags/example_dynamic_task_mapping.py
[2024-05-05T23:56:39.913+0700] {processor.py:830} INFO - Processing file /Library/Frameworks/Python.framework/Versions/3.10/lib/python3.10/site-packages/airflow/example_dags/example_dynamic_task_mapping.py for tasks to queue
[2024-05-05T23:56:39.913+0700] {logging_mixin.py:188} INFO - [2024-05-05T23:56:39.913+0700] {dagbag.py:540} INFO - Filling up the DagBag from /Library/Frameworks/Python.framework/Versions/3.10/lib/python3.10/site-packages/airflow/example_dags/example_dynamic_task_mapping.py
[2024-05-05T23:56:39.935+0700] {processor.py:840} INFO - DAG(s) 'example_dynamic_task_mapping' retrieved from /Library/Frameworks/Python.framework/Versions/3.10/lib/python3.10/site-packages/airflow/example_dags/example_dynamic_task_mapping.py
[2024-05-05T23:56:40.027+0700] {logging_mixin.py:188} INFO - [2024-05-05T23:56:40.027+0700] {dag.py:3096} INFO - Sync 1 DAGs
[2024-05-05T23:56:40.036+0700] {logging_mixin.py:188} INFO - [2024-05-05T23:56:40.036+0700] {dag.py:3954} INFO - Setting next_dagrun for example_dynamic_task_mapping to 2022-03-04 00:00:00+00:00, run_after=2022-03-05 00:00:00+00:00
[2024-05-05T23:56:40.047+0700] {processor.py:183} INFO - Processing /Library/Frameworks/Python.framework/Versions/3.10/lib/python3.10/site-packages/airflow/example_dags/example_dynamic_task_mapping.py took 0.138 seconds
[2024-05-05T23:59:25.164+0700] {processor.py:161} INFO - Started process (PID=59993) to work on /Library/Frameworks/Python.framework/Versions/3.10/lib/python3.10/site-packages/airflow/example_dags/example_dynamic_task_mapping.py
[2024-05-05T23:59:25.165+0700] {processor.py:830} INFO - Processing file /Library/Frameworks/Python.framework/Versions/3.10/lib/python3.10/site-packages/airflow/example_dags/example_dynamic_task_mapping.py for tasks to queue
[2024-05-05T23:59:25.166+0700] {logging_mixin.py:188} INFO - [2024-05-05T23:59:25.166+0700] {dagbag.py:540} INFO - Filling up the DagBag from /Library/Frameworks/Python.framework/Versions/3.10/lib/python3.10/site-packages/airflow/example_dags/example_dynamic_task_mapping.py
[2024-05-05T23:59:25.208+0700] {processor.py:840} INFO - DAG(s) 'example_dynamic_task_mapping' retrieved from /Library/Frameworks/Python.framework/Versions/3.10/lib/python3.10/site-packages/airflow/example_dags/example_dynamic_task_mapping.py
[2024-05-05T23:59:25.347+0700] {logging_mixin.py:188} INFO - [2024-05-05T23:59:25.347+0700] {dag.py:3096} INFO - Sync 1 DAGs
[2024-05-05T23:59:25.359+0700] {logging_mixin.py:188} INFO - [2024-05-05T23:59:25.359+0700] {dag.py:3954} INFO - Setting next_dagrun for example_dynamic_task_mapping to 2022-03-04 00:00:00+00:00, run_after=2022-03-05 00:00:00+00:00
[2024-05-05T23:59:25.372+0700] {processor.py:183} INFO - Processing /Library/Frameworks/Python.framework/Versions/3.10/lib/python3.10/site-packages/airflow/example_dags/example_dynamic_task_mapping.py took 0.212 seconds
[2024-05-06T00:02:08.461+0700] {processor.py:161} INFO - Started process (PID=60845) to work on /Library/Frameworks/Python.framework/Versions/3.10/lib/python3.10/site-packages/airflow/example_dags/example_dynamic_task_mapping.py
[2024-05-06T00:02:08.462+0700] {processor.py:830} INFO - Processing file /Library/Frameworks/Python.framework/Versions/3.10/lib/python3.10/site-packages/airflow/example_dags/example_dynamic_task_mapping.py for tasks to queue
[2024-05-06T00:02:08.462+0700] {logging_mixin.py:188} INFO - [2024-05-06T00:02:08.462+0700] {dagbag.py:540} INFO - Filling up the DagBag from /Library/Frameworks/Python.framework/Versions/3.10/lib/python3.10/site-packages/airflow/example_dags/example_dynamic_task_mapping.py
[2024-05-06T00:02:08.485+0700] {processor.py:840} INFO - DAG(s) 'example_dynamic_task_mapping' retrieved from /Library/Frameworks/Python.framework/Versions/3.10/lib/python3.10/site-packages/airflow/example_dags/example_dynamic_task_mapping.py
[2024-05-06T00:02:08.584+0700] {logging_mixin.py:188} INFO - [2024-05-06T00:02:08.584+0700] {dag.py:3096} INFO - Sync 1 DAGs
[2024-05-06T00:02:08.594+0700] {logging_mixin.py:188} INFO - [2024-05-06T00:02:08.594+0700] {dag.py:3954} INFO - Setting next_dagrun for example_dynamic_task_mapping to 2022-03-04 00:00:00+00:00, run_after=2022-03-05 00:00:00+00:00
[2024-05-06T00:02:08.605+0700] {processor.py:183} INFO - Processing /Library/Frameworks/Python.framework/Versions/3.10/lib/python3.10/site-packages/airflow/example_dags/example_dynamic_task_mapping.py took 0.147 seconds
[2024-05-06T00:04:46.564+0700] {processor.py:161} INFO - Started process (PID=61585) to work on /Library/Frameworks/Python.framework/Versions/3.10/lib/python3.10/site-packages/airflow/example_dags/example_dynamic_task_mapping.py
[2024-05-06T00:04:46.565+0700] {processor.py:830} INFO - Processing file /Library/Frameworks/Python.framework/Versions/3.10/lib/python3.10/site-packages/airflow/example_dags/example_dynamic_task_mapping.py for tasks to queue
[2024-05-06T00:04:46.565+0700] {logging_mixin.py:188} INFO - [2024-05-06T00:04:46.565+0700] {dagbag.py:540} INFO - Filling up the DagBag from /Library/Frameworks/Python.framework/Versions/3.10/lib/python3.10/site-packages/airflow/example_dags/example_dynamic_task_mapping.py
[2024-05-06T00:04:46.587+0700] {processor.py:840} INFO - DAG(s) 'example_dynamic_task_mapping' retrieved from /Library/Frameworks/Python.framework/Versions/3.10/lib/python3.10/site-packages/airflow/example_dags/example_dynamic_task_mapping.py
[2024-05-06T00:04:46.685+0700] {logging_mixin.py:188} INFO - [2024-05-06T00:04:46.684+0700] {dag.py:3096} INFO - Sync 1 DAGs
[2024-05-06T00:04:46.695+0700] {logging_mixin.py:188} INFO - [2024-05-06T00:04:46.694+0700] {dag.py:3954} INFO - Setting next_dagrun for example_dynamic_task_mapping to 2022-03-04 00:00:00+00:00, run_after=2022-03-05 00:00:00+00:00
[2024-05-06T00:04:46.706+0700] {processor.py:183} INFO - Processing /Library/Frameworks/Python.framework/Versions/3.10/lib/python3.10/site-packages/airflow/example_dags/example_dynamic_task_mapping.py took 0.144 seconds
[2024-05-06T00:07:19.902+0700] {processor.py:161} INFO - Started process (PID=64466) to work on /Library/Frameworks/Python.framework/Versions/3.10/lib/python3.10/site-packages/airflow/example_dags/example_dynamic_task_mapping.py
[2024-05-06T00:07:19.903+0700] {processor.py:830} INFO - Processing file /Library/Frameworks/Python.framework/Versions/3.10/lib/python3.10/site-packages/airflow/example_dags/example_dynamic_task_mapping.py for tasks to queue
[2024-05-06T00:07:19.904+0700] {logging_mixin.py:188} INFO - [2024-05-06T00:07:19.904+0700] {dagbag.py:540} INFO - Filling up the DagBag from /Library/Frameworks/Python.framework/Versions/3.10/lib/python3.10/site-packages/airflow/example_dags/example_dynamic_task_mapping.py
[2024-05-06T00:07:19.927+0700] {processor.py:840} INFO - DAG(s) 'example_dynamic_task_mapping' retrieved from /Library/Frameworks/Python.framework/Versions/3.10/lib/python3.10/site-packages/airflow/example_dags/example_dynamic_task_mapping.py
[2024-05-06T00:07:20.028+0700] {logging_mixin.py:188} INFO - [2024-05-06T00:07:20.028+0700] {dag.py:3096} INFO - Sync 1 DAGs
[2024-05-06T00:07:20.039+0700] {logging_mixin.py:188} INFO - [2024-05-06T00:07:20.038+0700] {dag.py:3954} INFO - Setting next_dagrun for example_dynamic_task_mapping to 2022-03-04 00:00:00+00:00, run_after=2022-03-05 00:00:00+00:00
[2024-05-06T00:07:20.050+0700] {processor.py:183} INFO - Processing /Library/Frameworks/Python.framework/Versions/3.10/lib/python3.10/site-packages/airflow/example_dags/example_dynamic_task_mapping.py took 0.151 seconds
[2024-05-06T00:09:56.065+0700] {processor.py:161} INFO - Started process (PID=65195) to work on /Library/Frameworks/Python.framework/Versions/3.10/lib/python3.10/site-packages/airflow/example_dags/example_dynamic_task_mapping.py
[2024-05-06T00:09:56.066+0700] {processor.py:830} INFO - Processing file /Library/Frameworks/Python.framework/Versions/3.10/lib/python3.10/site-packages/airflow/example_dags/example_dynamic_task_mapping.py for tasks to queue
[2024-05-06T00:09:56.067+0700] {logging_mixin.py:188} INFO - [2024-05-06T00:09:56.067+0700] {dagbag.py:540} INFO - Filling up the DagBag from /Library/Frameworks/Python.framework/Versions/3.10/lib/python3.10/site-packages/airflow/example_dags/example_dynamic_task_mapping.py
[2024-05-06T00:09:56.090+0700] {processor.py:840} INFO - DAG(s) 'example_dynamic_task_mapping' retrieved from /Library/Frameworks/Python.framework/Versions/3.10/lib/python3.10/site-packages/airflow/example_dags/example_dynamic_task_mapping.py
[2024-05-06T00:09:56.191+0700] {logging_mixin.py:188} INFO - [2024-05-06T00:09:56.191+0700] {dag.py:3096} INFO - Sync 1 DAGs
[2024-05-06T00:09:56.203+0700] {logging_mixin.py:188} INFO - [2024-05-06T00:09:56.203+0700] {dag.py:3954} INFO - Setting next_dagrun for example_dynamic_task_mapping to 2022-03-04 00:00:00+00:00, run_after=2022-03-05 00:00:00+00:00
[2024-05-06T00:09:56.218+0700] {processor.py:183} INFO - Processing /Library/Frameworks/Python.framework/Versions/3.10/lib/python3.10/site-packages/airflow/example_dags/example_dynamic_task_mapping.py took 0.158 seconds
[2024-05-06T00:12:32.297+0700] {processor.py:161} INFO - Started process (PID=65909) to work on /Library/Frameworks/Python.framework/Versions/3.10/lib/python3.10/site-packages/airflow/example_dags/example_dynamic_task_mapping.py
[2024-05-06T00:12:32.298+0700] {processor.py:830} INFO - Processing file /Library/Frameworks/Python.framework/Versions/3.10/lib/python3.10/site-packages/airflow/example_dags/example_dynamic_task_mapping.py for tasks to queue
[2024-05-06T00:12:32.299+0700] {logging_mixin.py:188} INFO - [2024-05-06T00:12:32.298+0700] {dagbag.py:540} INFO - Filling up the DagBag from /Library/Frameworks/Python.framework/Versions/3.10/lib/python3.10/site-packages/airflow/example_dags/example_dynamic_task_mapping.py
[2024-05-06T00:12:32.320+0700] {processor.py:840} INFO - DAG(s) 'example_dynamic_task_mapping' retrieved from /Library/Frameworks/Python.framework/Versions/3.10/lib/python3.10/site-packages/airflow/example_dags/example_dynamic_task_mapping.py
[2024-05-06T00:12:32.420+0700] {logging_mixin.py:188} INFO - [2024-05-06T00:12:32.420+0700] {dag.py:3096} INFO - Sync 1 DAGs
[2024-05-06T00:12:32.431+0700] {logging_mixin.py:188} INFO - [2024-05-06T00:12:32.431+0700] {dag.py:3954} INFO - Setting next_dagrun for example_dynamic_task_mapping to 2022-03-04 00:00:00+00:00, run_after=2022-03-05 00:00:00+00:00
[2024-05-06T00:12:32.443+0700] {processor.py:183} INFO - Processing /Library/Frameworks/Python.framework/Versions/3.10/lib/python3.10/site-packages/airflow/example_dags/example_dynamic_task_mapping.py took 0.147 seconds
[2024-05-06T00:15:08.614+0700] {processor.py:161} INFO - Started process (PID=66615) to work on /Library/Frameworks/Python.framework/Versions/3.10/lib/python3.10/site-packages/airflow/example_dags/example_dynamic_task_mapping.py
[2024-05-06T00:15:08.616+0700] {processor.py:830} INFO - Processing file /Library/Frameworks/Python.framework/Versions/3.10/lib/python3.10/site-packages/airflow/example_dags/example_dynamic_task_mapping.py for tasks to queue
[2024-05-06T00:15:08.616+0700] {logging_mixin.py:188} INFO - [2024-05-06T00:15:08.616+0700] {dagbag.py:540} INFO - Filling up the DagBag from /Library/Frameworks/Python.framework/Versions/3.10/lib/python3.10/site-packages/airflow/example_dags/example_dynamic_task_mapping.py
[2024-05-06T00:15:08.639+0700] {processor.py:840} INFO - DAG(s) 'example_dynamic_task_mapping' retrieved from /Library/Frameworks/Python.framework/Versions/3.10/lib/python3.10/site-packages/airflow/example_dags/example_dynamic_task_mapping.py
[2024-05-06T00:15:08.739+0700] {logging_mixin.py:188} INFO - [2024-05-06T00:15:08.738+0700] {dag.py:3096} INFO - Sync 1 DAGs
[2024-05-06T00:15:08.749+0700] {logging_mixin.py:188} INFO - [2024-05-06T00:15:08.749+0700] {dag.py:3954} INFO - Setting next_dagrun for example_dynamic_task_mapping to 2022-03-04 00:00:00+00:00, run_after=2022-03-05 00:00:00+00:00
[2024-05-06T00:15:08.761+0700] {processor.py:183} INFO - Processing /Library/Frameworks/Python.framework/Versions/3.10/lib/python3.10/site-packages/airflow/example_dags/example_dynamic_task_mapping.py took 0.149 seconds
[2024-05-06T00:17:52.046+0700] {processor.py:161} INFO - Started process (PID=67361) to work on /Library/Frameworks/Python.framework/Versions/3.10/lib/python3.10/site-packages/airflow/example_dags/example_dynamic_task_mapping.py
[2024-05-06T00:17:52.047+0700] {processor.py:830} INFO - Processing file /Library/Frameworks/Python.framework/Versions/3.10/lib/python3.10/site-packages/airflow/example_dags/example_dynamic_task_mapping.py for tasks to queue
[2024-05-06T00:17:52.047+0700] {logging_mixin.py:188} INFO - [2024-05-06T00:17:52.047+0700] {dagbag.py:540} INFO - Filling up the DagBag from /Library/Frameworks/Python.framework/Versions/3.10/lib/python3.10/site-packages/airflow/example_dags/example_dynamic_task_mapping.py
[2024-05-06T00:17:52.071+0700] {processor.py:840} INFO - DAG(s) 'example_dynamic_task_mapping' retrieved from /Library/Frameworks/Python.framework/Versions/3.10/lib/python3.10/site-packages/airflow/example_dags/example_dynamic_task_mapping.py
[2024-05-06T00:17:52.173+0700] {logging_mixin.py:188} INFO - [2024-05-06T00:17:52.173+0700] {dag.py:3096} INFO - Sync 1 DAGs
[2024-05-06T00:17:52.184+0700] {logging_mixin.py:188} INFO - [2024-05-06T00:17:52.184+0700] {dag.py:3954} INFO - Setting next_dagrun for example_dynamic_task_mapping to 2022-03-04 00:00:00+00:00, run_after=2022-03-05 00:00:00+00:00
[2024-05-06T00:17:52.196+0700] {processor.py:183} INFO - Processing /Library/Frameworks/Python.framework/Versions/3.10/lib/python3.10/site-packages/airflow/example_dags/example_dynamic_task_mapping.py took 0.152 seconds
[2024-05-06T00:20:28.546+0700] {processor.py:161} INFO - Started process (PID=68077) to work on /Library/Frameworks/Python.framework/Versions/3.10/lib/python3.10/site-packages/airflow/example_dags/example_dynamic_task_mapping.py
[2024-05-06T00:20:28.547+0700] {processor.py:830} INFO - Processing file /Library/Frameworks/Python.framework/Versions/3.10/lib/python3.10/site-packages/airflow/example_dags/example_dynamic_task_mapping.py for tasks to queue
[2024-05-06T00:20:28.548+0700] {logging_mixin.py:188} INFO - [2024-05-06T00:20:28.548+0700] {dagbag.py:540} INFO - Filling up the DagBag from /Library/Frameworks/Python.framework/Versions/3.10/lib/python3.10/site-packages/airflow/example_dags/example_dynamic_task_mapping.py
[2024-05-06T00:20:28.574+0700] {processor.py:840} INFO - DAG(s) 'example_dynamic_task_mapping' retrieved from /Library/Frameworks/Python.framework/Versions/3.10/lib/python3.10/site-packages/airflow/example_dags/example_dynamic_task_mapping.py
[2024-05-06T00:20:28.683+0700] {logging_mixin.py:188} INFO - [2024-05-06T00:20:28.683+0700] {dag.py:3096} INFO - Sync 1 DAGs
[2024-05-06T00:20:28.694+0700] {logging_mixin.py:188} INFO - [2024-05-06T00:20:28.694+0700] {dag.py:3954} INFO - Setting next_dagrun for example_dynamic_task_mapping to 2022-03-04 00:00:00+00:00, run_after=2022-03-05 00:00:00+00:00
[2024-05-06T00:20:28.706+0700] {processor.py:183} INFO - Processing /Library/Frameworks/Python.framework/Versions/3.10/lib/python3.10/site-packages/airflow/example_dags/example_dynamic_task_mapping.py took 0.161 seconds
[2024-05-06T00:23:09.533+0700] {processor.py:161} INFO - Started process (PID=68823) to work on /Library/Frameworks/Python.framework/Versions/3.10/lib/python3.10/site-packages/airflow/example_dags/example_dynamic_task_mapping.py
[2024-05-06T00:23:09.534+0700] {processor.py:830} INFO - Processing file /Library/Frameworks/Python.framework/Versions/3.10/lib/python3.10/site-packages/airflow/example_dags/example_dynamic_task_mapping.py for tasks to queue
[2024-05-06T00:23:09.534+0700] {logging_mixin.py:188} INFO - [2024-05-06T00:23:09.534+0700] {dagbag.py:540} INFO - Filling up the DagBag from /Library/Frameworks/Python.framework/Versions/3.10/lib/python3.10/site-packages/airflow/example_dags/example_dynamic_task_mapping.py
[2024-05-06T00:23:09.557+0700] {processor.py:840} INFO - DAG(s) 'example_dynamic_task_mapping' retrieved from /Library/Frameworks/Python.framework/Versions/3.10/lib/python3.10/site-packages/airflow/example_dags/example_dynamic_task_mapping.py
[2024-05-06T00:23:09.654+0700] {logging_mixin.py:188} INFO - [2024-05-06T00:23:09.653+0700] {dag.py:3096} INFO - Sync 1 DAGs
[2024-05-06T00:23:09.666+0700] {logging_mixin.py:188} INFO - [2024-05-06T00:23:09.666+0700] {dag.py:3954} INFO - Setting next_dagrun for example_dynamic_task_mapping to 2022-03-04 00:00:00+00:00, run_after=2022-03-05 00:00:00+00:00
[2024-05-06T00:23:09.677+0700] {processor.py:183} INFO - Processing /Library/Frameworks/Python.framework/Versions/3.10/lib/python3.10/site-packages/airflow/example_dags/example_dynamic_task_mapping.py took 0.147 seconds
[2024-05-06T00:25:45.999+0700] {processor.py:161} INFO - Started process (PID=69524) to work on /Library/Frameworks/Python.framework/Versions/3.10/lib/python3.10/site-packages/airflow/example_dags/example_dynamic_task_mapping.py
[2024-05-06T00:25:46.000+0700] {processor.py:830} INFO - Processing file /Library/Frameworks/Python.framework/Versions/3.10/lib/python3.10/site-packages/airflow/example_dags/example_dynamic_task_mapping.py for tasks to queue
[2024-05-06T00:25:46.001+0700] {logging_mixin.py:188} INFO - [2024-05-06T00:25:46.001+0700] {dagbag.py:540} INFO - Filling up the DagBag from /Library/Frameworks/Python.framework/Versions/3.10/lib/python3.10/site-packages/airflow/example_dags/example_dynamic_task_mapping.py
[2024-05-06T00:25:46.025+0700] {processor.py:840} INFO - DAG(s) 'example_dynamic_task_mapping' retrieved from /Library/Frameworks/Python.framework/Versions/3.10/lib/python3.10/site-packages/airflow/example_dags/example_dynamic_task_mapping.py
[2024-05-06T00:25:46.127+0700] {logging_mixin.py:188} INFO - [2024-05-06T00:25:46.127+0700] {dag.py:3096} INFO - Sync 1 DAGs
[2024-05-06T00:25:46.138+0700] {logging_mixin.py:188} INFO - [2024-05-06T00:25:46.138+0700] {dag.py:3954} INFO - Setting next_dagrun for example_dynamic_task_mapping to 2022-03-04 00:00:00+00:00, run_after=2022-03-05 00:00:00+00:00
[2024-05-06T00:25:46.148+0700] {processor.py:183} INFO - Processing /Library/Frameworks/Python.framework/Versions/3.10/lib/python3.10/site-packages/airflow/example_dags/example_dynamic_task_mapping.py took 0.152 seconds
[2024-05-06T00:28:20.099+0700] {processor.py:161} INFO - Started process (PID=70222) to work on /Library/Frameworks/Python.framework/Versions/3.10/lib/python3.10/site-packages/airflow/example_dags/example_dynamic_task_mapping.py
[2024-05-06T00:28:20.100+0700] {processor.py:830} INFO - Processing file /Library/Frameworks/Python.framework/Versions/3.10/lib/python3.10/site-packages/airflow/example_dags/example_dynamic_task_mapping.py for tasks to queue
[2024-05-06T00:28:20.100+0700] {logging_mixin.py:188} INFO - [2024-05-06T00:28:20.100+0700] {dagbag.py:540} INFO - Filling up the DagBag from /Library/Frameworks/Python.framework/Versions/3.10/lib/python3.10/site-packages/airflow/example_dags/example_dynamic_task_mapping.py
[2024-05-06T00:28:20.122+0700] {processor.py:840} INFO - DAG(s) 'example_dynamic_task_mapping' retrieved from /Library/Frameworks/Python.framework/Versions/3.10/lib/python3.10/site-packages/airflow/example_dags/example_dynamic_task_mapping.py
[2024-05-06T00:28:20.217+0700] {logging_mixin.py:188} INFO - [2024-05-06T00:28:20.216+0700] {dag.py:3096} INFO - Sync 1 DAGs
[2024-05-06T00:28:20.226+0700] {logging_mixin.py:188} INFO - [2024-05-06T00:28:20.226+0700] {dag.py:3954} INFO - Setting next_dagrun for example_dynamic_task_mapping to 2022-03-04 00:00:00+00:00, run_after=2022-03-05 00:00:00+00:00
[2024-05-06T00:28:20.236+0700] {processor.py:183} INFO - Processing /Library/Frameworks/Python.framework/Versions/3.10/lib/python3.10/site-packages/airflow/example_dags/example_dynamic_task_mapping.py took 0.139 seconds
[2024-05-06T03:31:33.085+0700] {processor.py:161} INFO - Started process (PID=71832) to work on /Library/Frameworks/Python.framework/Versions/3.10/lib/python3.10/site-packages/airflow/example_dags/example_dynamic_task_mapping.py
[2024-05-06T03:31:33.086+0700] {processor.py:830} INFO - Processing file /Library/Frameworks/Python.framework/Versions/3.10/lib/python3.10/site-packages/airflow/example_dags/example_dynamic_task_mapping.py for tasks to queue
[2024-05-06T03:31:33.086+0700] {logging_mixin.py:188} INFO - [2024-05-06T03:31:33.086+0700] {dagbag.py:540} INFO - Filling up the DagBag from /Library/Frameworks/Python.framework/Versions/3.10/lib/python3.10/site-packages/airflow/example_dags/example_dynamic_task_mapping.py
[2024-05-06T03:31:33.108+0700] {processor.py:840} INFO - DAG(s) 'example_dynamic_task_mapping' retrieved from /Library/Frameworks/Python.framework/Versions/3.10/lib/python3.10/site-packages/airflow/example_dags/example_dynamic_task_mapping.py
[2024-05-06T03:31:33.202+0700] {logging_mixin.py:188} INFO - [2024-05-06T03:31:33.202+0700] {dag.py:3096} INFO - Sync 1 DAGs
[2024-05-06T03:31:33.212+0700] {logging_mixin.py:188} INFO - [2024-05-06T03:31:33.212+0700] {dag.py:3954} INFO - Setting next_dagrun for example_dynamic_task_mapping to 2022-03-04 00:00:00+00:00, run_after=2022-03-05 00:00:00+00:00
[2024-05-06T03:31:33.222+0700] {processor.py:183} INFO - Processing /Library/Frameworks/Python.framework/Versions/3.10/lib/python3.10/site-packages/airflow/example_dags/example_dynamic_task_mapping.py took 0.139 seconds
