[2024-05-05T20:31:31.624+0700] {processor.py:161} INFO - Started process (PID=78556) to work on /Library/Frameworks/Python.framework/Versions/3.10/lib/python3.10/site-packages/airflow/example_dags/example_branch_operator.py
[2024-05-05T20:31:31.624+0700] {processor.py:830} INFO - Processing file /Library/Frameworks/Python.framework/Versions/3.10/lib/python3.10/site-packages/airflow/example_dags/example_branch_operator.py for tasks to queue
[2024-05-05T20:31:31.624+0700] {logging_mixin.py:188} INFO - [2024-05-05T20:31:31.624+0700] {dagbag.py:540} INFO - Filling up the DagBag from /Library/Frameworks/Python.framework/Versions/3.10/lib/python3.10/site-packages/airflow/example_dags/example_branch_operator.py
[2024-05-05T20:31:31.646+0700] {processor.py:840} INFO - DAG(s) 'example_branch_operator' retrieved from /Library/Frameworks/Python.framework/Versions/3.10/lib/python3.10/site-packages/airflow/example_dags/example_branch_operator.py
[2024-05-05T20:31:31.798+0700] {logging_mixin.py:188} INFO - [2024-05-05T20:31:31.798+0700] {dag.py:3096} INFO - Sync 1 DAGs
[2024-05-05T20:31:31.807+0700] {logging_mixin.py:188} INFO - [2024-05-05T20:31:31.807+0700] {dag.py:3954} INFO - Setting next_dagrun for example_branch_operator to 2024-05-04 00:00:00+00:00, run_after=2024-05-05 00:00:00+00:00
[2024-05-05T20:31:31.820+0700] {processor.py:183} INFO - Processing /Library/Frameworks/Python.framework/Versions/3.10/lib/python3.10/site-packages/airflow/example_dags/example_branch_operator.py took 0.198 seconds
[2024-05-05T20:34:54.785+0700] {processor.py:161} INFO - Started process (PID=80722) to work on /Library/Frameworks/Python.framework/Versions/3.10/lib/python3.10/site-packages/airflow/example_dags/example_branch_operator.py
[2024-05-05T20:34:54.786+0700] {processor.py:830} INFO - Processing file /Library/Frameworks/Python.framework/Versions/3.10/lib/python3.10/site-packages/airflow/example_dags/example_branch_operator.py for tasks to queue
[2024-05-05T20:34:54.786+0700] {logging_mixin.py:188} INFO - [2024-05-05T20:34:54.786+0700] {dagbag.py:540} INFO - Filling up the DagBag from /Library/Frameworks/Python.framework/Versions/3.10/lib/python3.10/site-packages/airflow/example_dags/example_branch_operator.py
[2024-05-05T20:34:54.809+0700] {processor.py:840} INFO - DAG(s) 'example_branch_operator' retrieved from /Library/Frameworks/Python.framework/Versions/3.10/lib/python3.10/site-packages/airflow/example_dags/example_branch_operator.py
[2024-05-05T20:34:54.964+0700] {logging_mixin.py:188} INFO - [2024-05-05T20:34:54.964+0700] {dag.py:3096} INFO - Sync 1 DAGs
[2024-05-05T20:34:54.974+0700] {logging_mixin.py:188} INFO - [2024-05-05T20:34:54.974+0700] {dag.py:3954} INFO - Setting next_dagrun for example_branch_operator to 2024-05-04 00:00:00+00:00, run_after=2024-05-05 00:00:00+00:00
[2024-05-05T20:34:54.987+0700] {processor.py:183} INFO - Processing /Library/Frameworks/Python.framework/Versions/3.10/lib/python3.10/site-packages/airflow/example_dags/example_branch_operator.py took 0.203 seconds
[2024-05-05T20:35:57.170+0700] {processor.py:161} INFO - Started process (PID=81364) to work on /Library/Frameworks/Python.framework/Versions/3.10/lib/python3.10/site-packages/airflow/example_dags/example_branch_operator.py
[2024-05-05T20:35:57.171+0700] {processor.py:830} INFO - Processing file /Library/Frameworks/Python.framework/Versions/3.10/lib/python3.10/site-packages/airflow/example_dags/example_branch_operator.py for tasks to queue
[2024-05-05T20:35:57.171+0700] {logging_mixin.py:188} INFO - [2024-05-05T20:35:57.171+0700] {dagbag.py:540} INFO - Filling up the DagBag from /Library/Frameworks/Python.framework/Versions/3.10/lib/python3.10/site-packages/airflow/example_dags/example_branch_operator.py
[2024-05-05T20:35:57.194+0700] {processor.py:840} INFO - DAG(s) 'example_branch_operator' retrieved from /Library/Frameworks/Python.framework/Versions/3.10/lib/python3.10/site-packages/airflow/example_dags/example_branch_operator.py
[2024-05-05T20:35:57.352+0700] {logging_mixin.py:188} INFO - [2024-05-05T20:35:57.352+0700] {dag.py:3096} INFO - Sync 1 DAGs
[2024-05-05T20:35:57.362+0700] {logging_mixin.py:188} INFO - [2024-05-05T20:35:57.362+0700] {dag.py:3954} INFO - Setting next_dagrun for example_branch_operator to 2024-05-04 00:00:00+00:00, run_after=2024-05-05 00:00:00+00:00
[2024-05-05T20:35:57.374+0700] {processor.py:183} INFO - Processing /Library/Frameworks/Python.framework/Versions/3.10/lib/python3.10/site-packages/airflow/example_dags/example_branch_operator.py took 0.206 seconds
[2024-05-05T20:37:37.254+0700] {processor.py:161} INFO - Started process (PID=82390) to work on /Library/Frameworks/Python.framework/Versions/3.10/lib/python3.10/site-packages/airflow/example_dags/example_branch_operator.py
[2024-05-05T20:37:37.255+0700] {processor.py:830} INFO - Processing file /Library/Frameworks/Python.framework/Versions/3.10/lib/python3.10/site-packages/airflow/example_dags/example_branch_operator.py for tasks to queue
[2024-05-05T20:37:37.256+0700] {logging_mixin.py:188} INFO - [2024-05-05T20:37:37.256+0700] {dagbag.py:540} INFO - Filling up the DagBag from /Library/Frameworks/Python.framework/Versions/3.10/lib/python3.10/site-packages/airflow/example_dags/example_branch_operator.py
[2024-05-05T20:37:37.280+0700] {processor.py:840} INFO - DAG(s) 'example_branch_operator' retrieved from /Library/Frameworks/Python.framework/Versions/3.10/lib/python3.10/site-packages/airflow/example_dags/example_branch_operator.py
[2024-05-05T20:37:37.436+0700] {logging_mixin.py:188} INFO - [2024-05-05T20:37:37.436+0700] {dag.py:3096} INFO - Sync 1 DAGs
[2024-05-05T20:37:37.445+0700] {logging_mixin.py:188} INFO - [2024-05-05T20:37:37.445+0700] {dag.py:3954} INFO - Setting next_dagrun for example_branch_operator to 2024-05-04 00:00:00+00:00, run_after=2024-05-05 00:00:00+00:00
[2024-05-05T20:37:37.457+0700] {processor.py:183} INFO - Processing /Library/Frameworks/Python.framework/Versions/3.10/lib/python3.10/site-packages/airflow/example_dags/example_branch_operator.py took 0.206 seconds
[2024-05-05T20:38:32.602+0700] {processor.py:161} INFO - Started process (PID=82891) to work on /Library/Frameworks/Python.framework/Versions/3.10/lib/python3.10/site-packages/airflow/example_dags/example_branch_operator.py
[2024-05-05T20:38:32.604+0700] {processor.py:830} INFO - Processing file /Library/Frameworks/Python.framework/Versions/3.10/lib/python3.10/site-packages/airflow/example_dags/example_branch_operator.py for tasks to queue
[2024-05-05T20:38:32.604+0700] {logging_mixin.py:188} INFO - [2024-05-05T20:38:32.604+0700] {dagbag.py:540} INFO - Filling up the DagBag from /Library/Frameworks/Python.framework/Versions/3.10/lib/python3.10/site-packages/airflow/example_dags/example_branch_operator.py
[2024-05-05T20:38:32.627+0700] {processor.py:840} INFO - DAG(s) 'example_branch_operator' retrieved from /Library/Frameworks/Python.framework/Versions/3.10/lib/python3.10/site-packages/airflow/example_dags/example_branch_operator.py
[2024-05-05T20:38:32.776+0700] {logging_mixin.py:188} INFO - [2024-05-05T20:38:32.775+0700] {dag.py:3096} INFO - Sync 1 DAGs
[2024-05-05T20:38:32.785+0700] {logging_mixin.py:188} INFO - [2024-05-05T20:38:32.785+0700] {dag.py:3954} INFO - Setting next_dagrun for example_branch_operator to 2024-05-04 00:00:00+00:00, run_after=2024-05-05 00:00:00+00:00
[2024-05-05T20:38:32.798+0700] {processor.py:183} INFO - Processing /Library/Frameworks/Python.framework/Versions/3.10/lib/python3.10/site-packages/airflow/example_dags/example_branch_operator.py took 0.197 seconds
[2024-05-05T20:40:14.800+0700] {processor.py:161} INFO - Started process (PID=83869) to work on /Library/Frameworks/Python.framework/Versions/3.10/lib/python3.10/site-packages/airflow/example_dags/example_branch_operator.py
[2024-05-05T20:40:14.801+0700] {processor.py:830} INFO - Processing file /Library/Frameworks/Python.framework/Versions/3.10/lib/python3.10/site-packages/airflow/example_dags/example_branch_operator.py for tasks to queue
[2024-05-05T20:40:14.801+0700] {logging_mixin.py:188} INFO - [2024-05-05T20:40:14.801+0700] {dagbag.py:540} INFO - Filling up the DagBag from /Library/Frameworks/Python.framework/Versions/3.10/lib/python3.10/site-packages/airflow/example_dags/example_branch_operator.py
[2024-05-05T20:40:14.822+0700] {processor.py:840} INFO - DAG(s) 'example_branch_operator' retrieved from /Library/Frameworks/Python.framework/Versions/3.10/lib/python3.10/site-packages/airflow/example_dags/example_branch_operator.py
[2024-05-05T20:40:14.980+0700] {logging_mixin.py:188} INFO - [2024-05-05T20:40:14.980+0700] {dag.py:3096} INFO - Sync 1 DAGs
[2024-05-05T20:40:14.991+0700] {logging_mixin.py:188} INFO - [2024-05-05T20:40:14.991+0700] {dag.py:3954} INFO - Setting next_dagrun for example_branch_operator to 2024-05-04 00:00:00+00:00, run_after=2024-05-05 00:00:00+00:00
[2024-05-05T20:40:15.005+0700] {processor.py:183} INFO - Processing /Library/Frameworks/Python.framework/Versions/3.10/lib/python3.10/site-packages/airflow/example_dags/example_branch_operator.py took 0.207 seconds
[2024-05-05T20:41:22.117+0700] {processor.py:161} INFO - Started process (PID=84470) to work on /Library/Frameworks/Python.framework/Versions/3.10/lib/python3.10/site-packages/airflow/example_dags/example_branch_operator.py
[2024-05-05T20:41:22.118+0700] {processor.py:830} INFO - Processing file /Library/Frameworks/Python.framework/Versions/3.10/lib/python3.10/site-packages/airflow/example_dags/example_branch_operator.py for tasks to queue
[2024-05-05T20:41:22.118+0700] {logging_mixin.py:188} INFO - [2024-05-05T20:41:22.118+0700] {dagbag.py:540} INFO - Filling up the DagBag from /Library/Frameworks/Python.framework/Versions/3.10/lib/python3.10/site-packages/airflow/example_dags/example_branch_operator.py
[2024-05-05T20:41:22.139+0700] {processor.py:840} INFO - DAG(s) 'example_branch_operator' retrieved from /Library/Frameworks/Python.framework/Versions/3.10/lib/python3.10/site-packages/airflow/example_dags/example_branch_operator.py
[2024-05-05T20:41:22.289+0700] {logging_mixin.py:188} INFO - [2024-05-05T20:41:22.289+0700] {dag.py:3096} INFO - Sync 1 DAGs
[2024-05-05T20:41:22.299+0700] {logging_mixin.py:188} INFO - [2024-05-05T20:41:22.299+0700] {dag.py:3954} INFO - Setting next_dagrun for example_branch_operator to 2024-05-04 00:00:00+00:00, run_after=2024-05-05 00:00:00+00:00
[2024-05-05T20:41:22.314+0700] {processor.py:183} INFO - Processing /Library/Frameworks/Python.framework/Versions/3.10/lib/python3.10/site-packages/airflow/example_dags/example_branch_operator.py took 0.198 seconds
[2024-05-05T20:43:10.539+0700] {processor.py:161} INFO - Started process (PID=85465) to work on /Library/Frameworks/Python.framework/Versions/3.10/lib/python3.10/site-packages/airflow/example_dags/example_branch_operator.py
[2024-05-05T20:43:10.540+0700] {processor.py:830} INFO - Processing file /Library/Frameworks/Python.framework/Versions/3.10/lib/python3.10/site-packages/airflow/example_dags/example_branch_operator.py for tasks to queue
[2024-05-05T20:43:10.541+0700] {logging_mixin.py:188} INFO - [2024-05-05T20:43:10.541+0700] {dagbag.py:540} INFO - Filling up the DagBag from /Library/Frameworks/Python.framework/Versions/3.10/lib/python3.10/site-packages/airflow/example_dags/example_branch_operator.py
[2024-05-05T20:43:10.569+0700] {processor.py:840} INFO - DAG(s) 'example_branch_operator' retrieved from /Library/Frameworks/Python.framework/Versions/3.10/lib/python3.10/site-packages/airflow/example_dags/example_branch_operator.py
[2024-05-05T20:43:10.730+0700] {logging_mixin.py:188} INFO - [2024-05-05T20:43:10.729+0700] {dag.py:3096} INFO - Sync 1 DAGs
[2024-05-05T20:43:10.739+0700] {logging_mixin.py:188} INFO - [2024-05-05T20:43:10.739+0700] {dag.py:3954} INFO - Setting next_dagrun for example_branch_operator to 2024-05-04 00:00:00+00:00, run_after=2024-05-05 00:00:00+00:00
[2024-05-05T20:43:10.752+0700] {processor.py:183} INFO - Processing /Library/Frameworks/Python.framework/Versions/3.10/lib/python3.10/site-packages/airflow/example_dags/example_branch_operator.py took 0.216 seconds
[2024-05-05T20:43:58.071+0700] {processor.py:161} INFO - Started process (PID=85882) to work on /Library/Frameworks/Python.framework/Versions/3.10/lib/python3.10/site-packages/airflow/example_dags/example_branch_operator.py
[2024-05-05T20:43:58.072+0700] {processor.py:830} INFO - Processing file /Library/Frameworks/Python.framework/Versions/3.10/lib/python3.10/site-packages/airflow/example_dags/example_branch_operator.py for tasks to queue
[2024-05-05T20:43:58.073+0700] {logging_mixin.py:188} INFO - [2024-05-05T20:43:58.073+0700] {dagbag.py:540} INFO - Filling up the DagBag from /Library/Frameworks/Python.framework/Versions/3.10/lib/python3.10/site-packages/airflow/example_dags/example_branch_operator.py
[2024-05-05T20:43:58.096+0700] {processor.py:840} INFO - DAG(s) 'example_branch_operator' retrieved from /Library/Frameworks/Python.framework/Versions/3.10/lib/python3.10/site-packages/airflow/example_dags/example_branch_operator.py
[2024-05-05T20:43:58.260+0700] {logging_mixin.py:188} INFO - [2024-05-05T20:43:58.260+0700] {dag.py:3096} INFO - Sync 1 DAGs
[2024-05-05T20:43:58.270+0700] {logging_mixin.py:188} INFO - [2024-05-05T20:43:58.270+0700] {dag.py:3954} INFO - Setting next_dagrun for example_branch_operator to 2024-05-04 00:00:00+00:00, run_after=2024-05-05 00:00:00+00:00
[2024-05-05T20:43:58.282+0700] {processor.py:183} INFO - Processing /Library/Frameworks/Python.framework/Versions/3.10/lib/python3.10/site-packages/airflow/example_dags/example_branch_operator.py took 0.216 seconds
[2024-05-05T20:45:49.858+0700] {processor.py:161} INFO - Started process (PID=86934) to work on /Library/Frameworks/Python.framework/Versions/3.10/lib/python3.10/site-packages/airflow/example_dags/example_branch_operator.py
[2024-05-05T20:45:49.859+0700] {processor.py:830} INFO - Processing file /Library/Frameworks/Python.framework/Versions/3.10/lib/python3.10/site-packages/airflow/example_dags/example_branch_operator.py for tasks to queue
[2024-05-05T20:45:49.859+0700] {logging_mixin.py:188} INFO - [2024-05-05T20:45:49.859+0700] {dagbag.py:540} INFO - Filling up the DagBag from /Library/Frameworks/Python.framework/Versions/3.10/lib/python3.10/site-packages/airflow/example_dags/example_branch_operator.py
[2024-05-05T20:45:49.882+0700] {processor.py:840} INFO - DAG(s) 'example_branch_operator' retrieved from /Library/Frameworks/Python.framework/Versions/3.10/lib/python3.10/site-packages/airflow/example_dags/example_branch_operator.py
[2024-05-05T20:45:50.031+0700] {logging_mixin.py:188} INFO - [2024-05-05T20:45:50.031+0700] {dag.py:3096} INFO - Sync 1 DAGs
[2024-05-05T20:45:50.041+0700] {logging_mixin.py:188} INFO - [2024-05-05T20:45:50.041+0700] {dag.py:3954} INFO - Setting next_dagrun for example_branch_operator to 2024-05-04 00:00:00+00:00, run_after=2024-05-05 00:00:00+00:00
[2024-05-05T20:45:50.053+0700] {processor.py:183} INFO - Processing /Library/Frameworks/Python.framework/Versions/3.10/lib/python3.10/site-packages/airflow/example_dags/example_branch_operator.py took 0.197 seconds
[2024-05-05T20:47:21.289+0700] {processor.py:161} INFO - Started process (PID=87436) to work on /Library/Frameworks/Python.framework/Versions/3.10/lib/python3.10/site-packages/airflow/example_dags/example_branch_operator.py
[2024-05-05T20:47:21.290+0700] {processor.py:830} INFO - Processing file /Library/Frameworks/Python.framework/Versions/3.10/lib/python3.10/site-packages/airflow/example_dags/example_branch_operator.py for tasks to queue
[2024-05-05T20:47:21.291+0700] {logging_mixin.py:188} INFO - [2024-05-05T20:47:21.291+0700] {dagbag.py:540} INFO - Filling up the DagBag from /Library/Frameworks/Python.framework/Versions/3.10/lib/python3.10/site-packages/airflow/example_dags/example_branch_operator.py
[2024-05-05T20:47:21.317+0700] {processor.py:840} INFO - DAG(s) 'example_branch_operator' retrieved from /Library/Frameworks/Python.framework/Versions/3.10/lib/python3.10/site-packages/airflow/example_dags/example_branch_operator.py
[2024-05-05T20:47:21.475+0700] {logging_mixin.py:188} INFO - [2024-05-05T20:47:21.475+0700] {dag.py:3096} INFO - Sync 1 DAGs
[2024-05-05T20:47:21.489+0700] {logging_mixin.py:188} INFO - [2024-05-05T20:47:21.489+0700] {dag.py:3954} INFO - Setting next_dagrun for example_branch_operator to 2024-05-04 00:00:00+00:00, run_after=2024-05-05 00:00:00+00:00
[2024-05-05T20:47:21.502+0700] {processor.py:183} INFO - Processing /Library/Frameworks/Python.framework/Versions/3.10/lib/python3.10/site-packages/airflow/example_dags/example_branch_operator.py took 0.216 seconds
[2024-05-05T20:48:23.886+0700] {processor.py:161} INFO - Started process (PID=87997) to work on /Library/Frameworks/Python.framework/Versions/3.10/lib/python3.10/site-packages/airflow/example_dags/example_branch_operator.py
[2024-05-05T20:48:23.887+0700] {processor.py:830} INFO - Processing file /Library/Frameworks/Python.framework/Versions/3.10/lib/python3.10/site-packages/airflow/example_dags/example_branch_operator.py for tasks to queue
[2024-05-05T20:48:23.887+0700] {logging_mixin.py:188} INFO - [2024-05-05T20:48:23.887+0700] {dagbag.py:540} INFO - Filling up the DagBag from /Library/Frameworks/Python.framework/Versions/3.10/lib/python3.10/site-packages/airflow/example_dags/example_branch_operator.py
[2024-05-05T20:48:23.910+0700] {processor.py:840} INFO - DAG(s) 'example_branch_operator' retrieved from /Library/Frameworks/Python.framework/Versions/3.10/lib/python3.10/site-packages/airflow/example_dags/example_branch_operator.py
[2024-05-05T20:48:24.082+0700] {logging_mixin.py:188} INFO - [2024-05-05T20:48:24.082+0700] {dag.py:3096} INFO - Sync 1 DAGs
[2024-05-05T20:48:24.093+0700] {logging_mixin.py:188} INFO - [2024-05-05T20:48:24.092+0700] {dag.py:3954} INFO - Setting next_dagrun for example_branch_operator to 2024-05-04 00:00:00+00:00, run_after=2024-05-05 00:00:00+00:00
[2024-05-05T20:48:24.106+0700] {processor.py:183} INFO - Processing /Library/Frameworks/Python.framework/Versions/3.10/lib/python3.10/site-packages/airflow/example_dags/example_branch_operator.py took 0.223 seconds
[2024-05-05T20:50:01.431+0700] {processor.py:161} INFO - Started process (PID=88876) to work on /Library/Frameworks/Python.framework/Versions/3.10/lib/python3.10/site-packages/airflow/example_dags/example_branch_operator.py
[2024-05-05T20:50:01.432+0700] {processor.py:830} INFO - Processing file /Library/Frameworks/Python.framework/Versions/3.10/lib/python3.10/site-packages/airflow/example_dags/example_branch_operator.py for tasks to queue
[2024-05-05T20:50:01.433+0700] {logging_mixin.py:188} INFO - [2024-05-05T20:50:01.433+0700] {dagbag.py:540} INFO - Filling up the DagBag from /Library/Frameworks/Python.framework/Versions/3.10/lib/python3.10/site-packages/airflow/example_dags/example_branch_operator.py
[2024-05-05T20:50:01.454+0700] {processor.py:840} INFO - DAG(s) 'example_branch_operator' retrieved from /Library/Frameworks/Python.framework/Versions/3.10/lib/python3.10/site-packages/airflow/example_dags/example_branch_operator.py
[2024-05-05T20:50:01.602+0700] {logging_mixin.py:188} INFO - [2024-05-05T20:50:01.602+0700] {dag.py:3096} INFO - Sync 1 DAGs
[2024-05-05T20:50:01.612+0700] {logging_mixin.py:188} INFO - [2024-05-05T20:50:01.611+0700] {dag.py:3954} INFO - Setting next_dagrun for example_branch_operator to 2024-05-04 00:00:00+00:00, run_after=2024-05-05 00:00:00+00:00
[2024-05-05T20:50:01.624+0700] {processor.py:183} INFO - Processing /Library/Frameworks/Python.framework/Versions/3.10/lib/python3.10/site-packages/airflow/example_dags/example_branch_operator.py took 0.194 seconds
[2024-05-05T20:50:59.305+0700] {processor.py:161} INFO - Started process (PID=89428) to work on /Library/Frameworks/Python.framework/Versions/3.10/lib/python3.10/site-packages/airflow/example_dags/example_branch_operator.py
[2024-05-05T20:50:59.306+0700] {processor.py:830} INFO - Processing file /Library/Frameworks/Python.framework/Versions/3.10/lib/python3.10/site-packages/airflow/example_dags/example_branch_operator.py for tasks to queue
[2024-05-05T20:50:59.306+0700] {logging_mixin.py:188} INFO - [2024-05-05T20:50:59.306+0700] {dagbag.py:540} INFO - Filling up the DagBag from /Library/Frameworks/Python.framework/Versions/3.10/lib/python3.10/site-packages/airflow/example_dags/example_branch_operator.py
[2024-05-05T20:50:59.327+0700] {processor.py:840} INFO - DAG(s) 'example_branch_operator' retrieved from /Library/Frameworks/Python.framework/Versions/3.10/lib/python3.10/site-packages/airflow/example_dags/example_branch_operator.py
[2024-05-05T20:50:59.474+0700] {logging_mixin.py:188} INFO - [2024-05-05T20:50:59.474+0700] {dag.py:3096} INFO - Sync 1 DAGs
[2024-05-05T20:50:59.484+0700] {logging_mixin.py:188} INFO - [2024-05-05T20:50:59.484+0700] {dag.py:3954} INFO - Setting next_dagrun for example_branch_operator to 2024-05-04 00:00:00+00:00, run_after=2024-05-05 00:00:00+00:00
[2024-05-05T20:50:59.498+0700] {processor.py:183} INFO - Processing /Library/Frameworks/Python.framework/Versions/3.10/lib/python3.10/site-packages/airflow/example_dags/example_branch_operator.py took 0.194 seconds
[2024-05-05T20:52:39.209+0700] {processor.py:161} INFO - Started process (PID=90703) to work on /Library/Frameworks/Python.framework/Versions/3.10/lib/python3.10/site-packages/airflow/example_dags/example_branch_operator.py
[2024-05-05T20:52:39.210+0700] {processor.py:830} INFO - Processing file /Library/Frameworks/Python.framework/Versions/3.10/lib/python3.10/site-packages/airflow/example_dags/example_branch_operator.py for tasks to queue
[2024-05-05T20:52:39.210+0700] {logging_mixin.py:188} INFO - [2024-05-05T20:52:39.210+0700] {dagbag.py:540} INFO - Filling up the DagBag from /Library/Frameworks/Python.framework/Versions/3.10/lib/python3.10/site-packages/airflow/example_dags/example_branch_operator.py
[2024-05-05T20:52:39.234+0700] {processor.py:840} INFO - DAG(s) 'example_branch_operator' retrieved from /Library/Frameworks/Python.framework/Versions/3.10/lib/python3.10/site-packages/airflow/example_dags/example_branch_operator.py
[2024-05-05T20:52:39.383+0700] {logging_mixin.py:188} INFO - [2024-05-05T20:52:39.383+0700] {dag.py:3096} INFO - Sync 1 DAGs
[2024-05-05T20:52:39.393+0700] {logging_mixin.py:188} INFO - [2024-05-05T20:52:39.392+0700] {dag.py:3954} INFO - Setting next_dagrun for example_branch_operator to 2024-05-04 00:00:00+00:00, run_after=2024-05-05 00:00:00+00:00
[2024-05-05T20:52:39.406+0700] {processor.py:183} INFO - Processing /Library/Frameworks/Python.framework/Versions/3.10/lib/python3.10/site-packages/airflow/example_dags/example_branch_operator.py took 0.199 seconds
[2024-05-05T20:53:38.796+0700] {processor.py:161} INFO - Started process (PID=91264) to work on /Library/Frameworks/Python.framework/Versions/3.10/lib/python3.10/site-packages/airflow/example_dags/example_branch_operator.py
[2024-05-05T20:53:38.797+0700] {processor.py:830} INFO - Processing file /Library/Frameworks/Python.framework/Versions/3.10/lib/python3.10/site-packages/airflow/example_dags/example_branch_operator.py for tasks to queue
[2024-05-05T20:53:38.798+0700] {logging_mixin.py:188} INFO - [2024-05-05T20:53:38.798+0700] {dagbag.py:540} INFO - Filling up the DagBag from /Library/Frameworks/Python.framework/Versions/3.10/lib/python3.10/site-packages/airflow/example_dags/example_branch_operator.py
[2024-05-05T20:53:38.821+0700] {processor.py:840} INFO - DAG(s) 'example_branch_operator' retrieved from /Library/Frameworks/Python.framework/Versions/3.10/lib/python3.10/site-packages/airflow/example_dags/example_branch_operator.py
[2024-05-05T20:53:38.969+0700] {logging_mixin.py:188} INFO - [2024-05-05T20:53:38.969+0700] {dag.py:3096} INFO - Sync 1 DAGs
[2024-05-05T20:53:38.979+0700] {logging_mixin.py:188} INFO - [2024-05-05T20:53:38.979+0700] {dag.py:3954} INFO - Setting next_dagrun for example_branch_operator to 2024-05-04 00:00:00+00:00, run_after=2024-05-05 00:00:00+00:00
[2024-05-05T20:53:38.992+0700] {processor.py:183} INFO - Processing /Library/Frameworks/Python.framework/Versions/3.10/lib/python3.10/site-packages/airflow/example_dags/example_branch_operator.py took 0.197 seconds
[2024-05-05T20:58:13.780+0700] {processor.py:161} INFO - Started process (PID=92397) to work on /Library/Frameworks/Python.framework/Versions/3.10/lib/python3.10/site-packages/airflow/example_dags/example_branch_operator.py
[2024-05-05T20:58:13.782+0700] {processor.py:830} INFO - Processing file /Library/Frameworks/Python.framework/Versions/3.10/lib/python3.10/site-packages/airflow/example_dags/example_branch_operator.py for tasks to queue
[2024-05-05T20:58:13.782+0700] {logging_mixin.py:188} INFO - [2024-05-05T20:58:13.782+0700] {dagbag.py:540} INFO - Filling up the DagBag from /Library/Frameworks/Python.framework/Versions/3.10/lib/python3.10/site-packages/airflow/example_dags/example_branch_operator.py
[2024-05-05T20:58:13.803+0700] {processor.py:840} INFO - DAG(s) 'example_branch_operator' retrieved from /Library/Frameworks/Python.framework/Versions/3.10/lib/python3.10/site-packages/airflow/example_dags/example_branch_operator.py
[2024-05-05T20:58:13.950+0700] {logging_mixin.py:188} INFO - [2024-05-05T20:58:13.950+0700] {dag.py:3096} INFO - Sync 1 DAGs
[2024-05-05T20:58:13.960+0700] {logging_mixin.py:188} INFO - [2024-05-05T20:58:13.960+0700] {dag.py:3954} INFO - Setting next_dagrun for example_branch_operator to 2024-05-04 00:00:00+00:00, run_after=2024-05-05 00:00:00+00:00
[2024-05-05T20:58:13.972+0700] {processor.py:183} INFO - Processing /Library/Frameworks/Python.framework/Versions/3.10/lib/python3.10/site-packages/airflow/example_dags/example_branch_operator.py took 0.193 seconds
[2024-05-05T20:59:04.539+0700] {processor.py:161} INFO - Started process (PID=92853) to work on /Library/Frameworks/Python.framework/Versions/3.10/lib/python3.10/site-packages/airflow/example_dags/example_branch_operator.py
[2024-05-05T20:59:04.539+0700] {processor.py:830} INFO - Processing file /Library/Frameworks/Python.framework/Versions/3.10/lib/python3.10/site-packages/airflow/example_dags/example_branch_operator.py for tasks to queue
[2024-05-05T20:59:04.540+0700] {logging_mixin.py:188} INFO - [2024-05-05T20:59:04.540+0700] {dagbag.py:540} INFO - Filling up the DagBag from /Library/Frameworks/Python.framework/Versions/3.10/lib/python3.10/site-packages/airflow/example_dags/example_branch_operator.py
[2024-05-05T20:59:04.562+0700] {processor.py:840} INFO - DAG(s) 'example_branch_operator' retrieved from /Library/Frameworks/Python.framework/Versions/3.10/lib/python3.10/site-packages/airflow/example_dags/example_branch_operator.py
[2024-05-05T20:59:04.717+0700] {logging_mixin.py:188} INFO - [2024-05-05T20:59:04.717+0700] {dag.py:3096} INFO - Sync 1 DAGs
[2024-05-05T20:59:04.726+0700] {logging_mixin.py:188} INFO - [2024-05-05T20:59:04.726+0700] {dag.py:3954} INFO - Setting next_dagrun for example_branch_operator to 2024-05-04 00:00:00+00:00, run_after=2024-05-05 00:00:00+00:00
[2024-05-05T20:59:04.738+0700] {processor.py:183} INFO - Processing /Library/Frameworks/Python.framework/Versions/3.10/lib/python3.10/site-packages/airflow/example_dags/example_branch_operator.py took 0.202 seconds
[2024-05-05T21:01:58.406+0700] {processor.py:161} INFO - Started process (PID=93974) to work on /Library/Frameworks/Python.framework/Versions/3.10/lib/python3.10/site-packages/airflow/example_dags/example_branch_operator.py
[2024-05-05T21:01:58.407+0700] {processor.py:830} INFO - Processing file /Library/Frameworks/Python.framework/Versions/3.10/lib/python3.10/site-packages/airflow/example_dags/example_branch_operator.py for tasks to queue
[2024-05-05T21:01:58.408+0700] {logging_mixin.py:188} INFO - [2024-05-05T21:01:58.408+0700] {dagbag.py:540} INFO - Filling up the DagBag from /Library/Frameworks/Python.framework/Versions/3.10/lib/python3.10/site-packages/airflow/example_dags/example_branch_operator.py
[2024-05-05T21:01:58.429+0700] {processor.py:840} INFO - DAG(s) 'example_branch_operator' retrieved from /Library/Frameworks/Python.framework/Versions/3.10/lib/python3.10/site-packages/airflow/example_dags/example_branch_operator.py
[2024-05-05T21:01:58.576+0700] {logging_mixin.py:188} INFO - [2024-05-05T21:01:58.576+0700] {dag.py:3096} INFO - Sync 1 DAGs
[2024-05-05T21:01:58.585+0700] {logging_mixin.py:188} INFO - [2024-05-05T21:01:58.585+0700] {dag.py:3954} INFO - Setting next_dagrun for example_branch_operator to 2024-05-04 00:00:00+00:00, run_after=2024-05-05 00:00:00+00:00
[2024-05-05T21:01:58.598+0700] {processor.py:183} INFO - Processing /Library/Frameworks/Python.framework/Versions/3.10/lib/python3.10/site-packages/airflow/example_dags/example_branch_operator.py took 0.194 seconds
[2024-05-05T21:02:36.317+0700] {processor.py:161} INFO - Started process (PID=94320) to work on /Library/Frameworks/Python.framework/Versions/3.10/lib/python3.10/site-packages/airflow/example_dags/example_branch_operator.py
[2024-05-05T21:02:36.318+0700] {processor.py:830} INFO - Processing file /Library/Frameworks/Python.framework/Versions/3.10/lib/python3.10/site-packages/airflow/example_dags/example_branch_operator.py for tasks to queue
[2024-05-05T21:02:36.318+0700] {logging_mixin.py:188} INFO - [2024-05-05T21:02:36.318+0700] {dagbag.py:540} INFO - Filling up the DagBag from /Library/Frameworks/Python.framework/Versions/3.10/lib/python3.10/site-packages/airflow/example_dags/example_branch_operator.py
[2024-05-05T21:02:36.340+0700] {processor.py:840} INFO - DAG(s) 'example_branch_operator' retrieved from /Library/Frameworks/Python.framework/Versions/3.10/lib/python3.10/site-packages/airflow/example_dags/example_branch_operator.py
[2024-05-05T21:02:36.487+0700] {logging_mixin.py:188} INFO - [2024-05-05T21:02:36.487+0700] {dag.py:3096} INFO - Sync 1 DAGs
[2024-05-05T21:02:36.496+0700] {logging_mixin.py:188} INFO - [2024-05-05T21:02:36.496+0700] {dag.py:3954} INFO - Setting next_dagrun for example_branch_operator to 2024-05-04 00:00:00+00:00, run_after=2024-05-05 00:00:00+00:00
[2024-05-05T21:02:36.508+0700] {processor.py:183} INFO - Processing /Library/Frameworks/Python.framework/Versions/3.10/lib/python3.10/site-packages/airflow/example_dags/example_branch_operator.py took 0.193 seconds
[2024-05-05T21:04:30.889+0700] {processor.py:161} INFO - Started process (PID=95359) to work on /Library/Frameworks/Python.framework/Versions/3.10/lib/python3.10/site-packages/airflow/example_dags/example_branch_operator.py
[2024-05-05T21:04:30.890+0700] {processor.py:830} INFO - Processing file /Library/Frameworks/Python.framework/Versions/3.10/lib/python3.10/site-packages/airflow/example_dags/example_branch_operator.py for tasks to queue
[2024-05-05T21:04:30.891+0700] {logging_mixin.py:188} INFO - [2024-05-05T21:04:30.890+0700] {dagbag.py:540} INFO - Filling up the DagBag from /Library/Frameworks/Python.framework/Versions/3.10/lib/python3.10/site-packages/airflow/example_dags/example_branch_operator.py
[2024-05-05T21:04:30.911+0700] {processor.py:840} INFO - DAG(s) 'example_branch_operator' retrieved from /Library/Frameworks/Python.framework/Versions/3.10/lib/python3.10/site-packages/airflow/example_dags/example_branch_operator.py
[2024-05-05T21:04:31.064+0700] {logging_mixin.py:188} INFO - [2024-05-05T21:04:31.064+0700] {dag.py:3096} INFO - Sync 1 DAGs
[2024-05-05T21:04:31.075+0700] {logging_mixin.py:188} INFO - [2024-05-05T21:04:31.075+0700] {dag.py:3954} INFO - Setting next_dagrun for example_branch_operator to 2024-05-04 00:00:00+00:00, run_after=2024-05-05 00:00:00+00:00
[2024-05-05T21:04:31.088+0700] {processor.py:183} INFO - Processing /Library/Frameworks/Python.framework/Versions/3.10/lib/python3.10/site-packages/airflow/example_dags/example_branch_operator.py took 0.201 seconds
[2024-05-05T21:05:10.886+0700] {processor.py:161} INFO - Started process (PID=95719) to work on /Library/Frameworks/Python.framework/Versions/3.10/lib/python3.10/site-packages/airflow/example_dags/example_branch_operator.py
[2024-05-05T21:05:10.887+0700] {processor.py:830} INFO - Processing file /Library/Frameworks/Python.framework/Versions/3.10/lib/python3.10/site-packages/airflow/example_dags/example_branch_operator.py for tasks to queue
[2024-05-05T21:05:10.888+0700] {logging_mixin.py:188} INFO - [2024-05-05T21:05:10.887+0700] {dagbag.py:540} INFO - Filling up the DagBag from /Library/Frameworks/Python.framework/Versions/3.10/lib/python3.10/site-packages/airflow/example_dags/example_branch_operator.py
[2024-05-05T21:05:10.908+0700] {processor.py:840} INFO - DAG(s) 'example_branch_operator' retrieved from /Library/Frameworks/Python.framework/Versions/3.10/lib/python3.10/site-packages/airflow/example_dags/example_branch_operator.py
[2024-05-05T21:05:11.059+0700] {logging_mixin.py:188} INFO - [2024-05-05T21:05:11.058+0700] {dag.py:3096} INFO - Sync 1 DAGs
[2024-05-05T21:05:11.069+0700] {logging_mixin.py:188} INFO - [2024-05-05T21:05:11.069+0700] {dag.py:3954} INFO - Setting next_dagrun for example_branch_operator to 2024-05-04 00:00:00+00:00, run_after=2024-05-05 00:00:00+00:00
[2024-05-05T21:05:11.083+0700] {processor.py:183} INFO - Processing /Library/Frameworks/Python.framework/Versions/3.10/lib/python3.10/site-packages/airflow/example_dags/example_branch_operator.py took 0.199 seconds
[2024-05-05T21:21:46.093+0700] {processor.py:161} INFO - Started process (PID=97216) to work on /Library/Frameworks/Python.framework/Versions/3.10/lib/python3.10/site-packages/airflow/example_dags/example_branch_operator.py
[2024-05-05T21:21:46.095+0700] {processor.py:830} INFO - Processing file /Library/Frameworks/Python.framework/Versions/3.10/lib/python3.10/site-packages/airflow/example_dags/example_branch_operator.py for tasks to queue
[2024-05-05T21:21:46.095+0700] {logging_mixin.py:188} INFO - [2024-05-05T21:21:46.095+0700] {dagbag.py:540} INFO - Filling up the DagBag from /Library/Frameworks/Python.framework/Versions/3.10/lib/python3.10/site-packages/airflow/example_dags/example_branch_operator.py
[2024-05-05T21:21:46.117+0700] {processor.py:840} INFO - DAG(s) 'example_branch_operator' retrieved from /Library/Frameworks/Python.framework/Versions/3.10/lib/python3.10/site-packages/airflow/example_dags/example_branch_operator.py
[2024-05-05T21:21:46.275+0700] {logging_mixin.py:188} INFO - [2024-05-05T21:21:46.275+0700] {dag.py:3096} INFO - Sync 1 DAGs
[2024-05-05T21:21:46.285+0700] {logging_mixin.py:188} INFO - [2024-05-05T21:21:46.285+0700] {dag.py:3954} INFO - Setting next_dagrun for example_branch_operator to 2024-05-04 00:00:00+00:00, run_after=2024-05-05 00:00:00+00:00
[2024-05-05T21:21:46.298+0700] {processor.py:183} INFO - Processing /Library/Frameworks/Python.framework/Versions/3.10/lib/python3.10/site-packages/airflow/example_dags/example_branch_operator.py took 0.206 seconds
[2024-05-05T21:22:05.722+0700] {processor.py:161} INFO - Started process (PID=97392) to work on /Library/Frameworks/Python.framework/Versions/3.10/lib/python3.10/site-packages/airflow/example_dags/example_branch_operator.py
[2024-05-05T21:22:05.722+0700] {processor.py:830} INFO - Processing file /Library/Frameworks/Python.framework/Versions/3.10/lib/python3.10/site-packages/airflow/example_dags/example_branch_operator.py for tasks to queue
[2024-05-05T21:22:05.723+0700] {logging_mixin.py:188} INFO - [2024-05-05T21:22:05.723+0700] {dagbag.py:540} INFO - Filling up the DagBag from /Library/Frameworks/Python.framework/Versions/3.10/lib/python3.10/site-packages/airflow/example_dags/example_branch_operator.py
[2024-05-05T21:22:05.743+0700] {processor.py:840} INFO - DAG(s) 'example_branch_operator' retrieved from /Library/Frameworks/Python.framework/Versions/3.10/lib/python3.10/site-packages/airflow/example_dags/example_branch_operator.py
[2024-05-05T21:22:05.757+0700] {logging_mixin.py:188} INFO - [2024-05-05T21:22:05.756+0700] {dag.py:3096} INFO - Sync 1 DAGs
[2024-05-05T21:22:05.841+0700] {logging_mixin.py:188} INFO - [2024-05-05T21:22:05.841+0700] {dag.py:3954} INFO - Setting next_dagrun for example_branch_operator to 2024-05-04 00:00:00+00:00, run_after=2024-05-05 00:00:00+00:00
[2024-05-05T21:22:05.852+0700] {processor.py:183} INFO - Processing /Library/Frameworks/Python.framework/Versions/3.10/lib/python3.10/site-packages/airflow/example_dags/example_branch_operator.py took 0.132 seconds
[2024-05-05T22:57:50.329+0700] {processor.py:161} INFO - Started process (PID=38832) to work on /Library/Frameworks/Python.framework/Versions/3.10/lib/python3.10/site-packages/airflow/example_dags/example_branch_operator.py
[2024-05-05T22:57:50.329+0700] {processor.py:830} INFO - Processing file /Library/Frameworks/Python.framework/Versions/3.10/lib/python3.10/site-packages/airflow/example_dags/example_branch_operator.py for tasks to queue
[2024-05-05T22:57:50.330+0700] {logging_mixin.py:188} INFO - [2024-05-05T22:57:50.330+0700] {dagbag.py:540} INFO - Filling up the DagBag from /Library/Frameworks/Python.framework/Versions/3.10/lib/python3.10/site-packages/airflow/example_dags/example_branch_operator.py
[2024-05-05T22:57:50.351+0700] {processor.py:840} INFO - DAG(s) 'example_branch_operator' retrieved from /Library/Frameworks/Python.framework/Versions/3.10/lib/python3.10/site-packages/airflow/example_dags/example_branch_operator.py
[2024-05-05T22:57:50.503+0700] {logging_mixin.py:188} INFO - [2024-05-05T22:57:50.503+0700] {dag.py:3096} INFO - Sync 1 DAGs
[2024-05-05T22:57:50.514+0700] {logging_mixin.py:188} INFO - [2024-05-05T22:57:50.514+0700] {dag.py:3954} INFO - Setting next_dagrun for example_branch_operator to 2024-05-04 00:00:00+00:00, run_after=2024-05-05 00:00:00+00:00
[2024-05-05T22:57:50.527+0700] {processor.py:183} INFO - Processing /Library/Frameworks/Python.framework/Versions/3.10/lib/python3.10/site-packages/airflow/example_dags/example_branch_operator.py took 0.200 seconds
[2024-05-05T23:00:38.041+0700] {processor.py:161} INFO - Started process (PID=39705) to work on /Library/Frameworks/Python.framework/Versions/3.10/lib/python3.10/site-packages/airflow/example_dags/example_branch_operator.py
[2024-05-05T23:00:38.042+0700] {processor.py:830} INFO - Processing file /Library/Frameworks/Python.framework/Versions/3.10/lib/python3.10/site-packages/airflow/example_dags/example_branch_operator.py for tasks to queue
[2024-05-05T23:00:38.042+0700] {logging_mixin.py:188} INFO - [2024-05-05T23:00:38.042+0700] {dagbag.py:540} INFO - Filling up the DagBag from /Library/Frameworks/Python.framework/Versions/3.10/lib/python3.10/site-packages/airflow/example_dags/example_branch_operator.py
[2024-05-05T23:00:38.067+0700] {processor.py:840} INFO - DAG(s) 'example_branch_operator' retrieved from /Library/Frameworks/Python.framework/Versions/3.10/lib/python3.10/site-packages/airflow/example_dags/example_branch_operator.py
[2024-05-05T23:00:38.215+0700] {logging_mixin.py:188} INFO - [2024-05-05T23:00:38.215+0700] {dag.py:3096} INFO - Sync 1 DAGs
[2024-05-05T23:00:38.225+0700] {logging_mixin.py:188} INFO - [2024-05-05T23:00:38.225+0700] {dag.py:3954} INFO - Setting next_dagrun for example_branch_operator to 2024-05-04 00:00:00+00:00, run_after=2024-05-05 00:00:00+00:00
[2024-05-05T23:00:38.237+0700] {processor.py:183} INFO - Processing /Library/Frameworks/Python.framework/Versions/3.10/lib/python3.10/site-packages/airflow/example_dags/example_branch_operator.py took 0.198 seconds
[2024-05-05T23:07:35.856+0700] {processor.py:161} INFO - Started process (PID=44634) to work on /Library/Frameworks/Python.framework/Versions/3.10/lib/python3.10/site-packages/airflow/example_dags/example_branch_operator.py
[2024-05-05T23:07:35.857+0700] {processor.py:830} INFO - Processing file /Library/Frameworks/Python.framework/Versions/3.10/lib/python3.10/site-packages/airflow/example_dags/example_branch_operator.py for tasks to queue
[2024-05-05T23:07:35.858+0700] {logging_mixin.py:188} INFO - [2024-05-05T23:07:35.857+0700] {dagbag.py:540} INFO - Filling up the DagBag from /Library/Frameworks/Python.framework/Versions/3.10/lib/python3.10/site-packages/airflow/example_dags/example_branch_operator.py
[2024-05-05T23:07:35.878+0700] {processor.py:840} INFO - DAG(s) 'example_branch_operator' retrieved from /Library/Frameworks/Python.framework/Versions/3.10/lib/python3.10/site-packages/airflow/example_dags/example_branch_operator.py
[2024-05-05T23:07:36.029+0700] {logging_mixin.py:188} INFO - [2024-05-05T23:07:36.029+0700] {dag.py:3096} INFO - Sync 1 DAGs
[2024-05-05T23:07:36.038+0700] {logging_mixin.py:188} INFO - [2024-05-05T23:07:36.038+0700] {dag.py:3954} INFO - Setting next_dagrun for example_branch_operator to 2024-05-04 00:00:00+00:00, run_after=2024-05-05 00:00:00+00:00
[2024-05-05T23:07:36.051+0700] {processor.py:183} INFO - Processing /Library/Frameworks/Python.framework/Versions/3.10/lib/python3.10/site-packages/airflow/example_dags/example_branch_operator.py took 0.197 seconds
[2024-05-05T23:10:48.804+0700] {processor.py:161} INFO - Started process (PID=45658) to work on /Library/Frameworks/Python.framework/Versions/3.10/lib/python3.10/site-packages/airflow/example_dags/example_branch_operator.py
[2024-05-05T23:10:48.805+0700] {processor.py:830} INFO - Processing file /Library/Frameworks/Python.framework/Versions/3.10/lib/python3.10/site-packages/airflow/example_dags/example_branch_operator.py for tasks to queue
[2024-05-05T23:10:48.806+0700] {logging_mixin.py:188} INFO - [2024-05-05T23:10:48.805+0700] {dagbag.py:540} INFO - Filling up the DagBag from /Library/Frameworks/Python.framework/Versions/3.10/lib/python3.10/site-packages/airflow/example_dags/example_branch_operator.py
[2024-05-05T23:10:48.828+0700] {processor.py:840} INFO - DAG(s) 'example_branch_operator' retrieved from /Library/Frameworks/Python.framework/Versions/3.10/lib/python3.10/site-packages/airflow/example_dags/example_branch_operator.py
[2024-05-05T23:10:48.977+0700] {logging_mixin.py:188} INFO - [2024-05-05T23:10:48.977+0700] {dag.py:3096} INFO - Sync 1 DAGs
[2024-05-05T23:10:48.987+0700] {logging_mixin.py:188} INFO - [2024-05-05T23:10:48.987+0700] {dag.py:3954} INFO - Setting next_dagrun for example_branch_operator to 2024-05-04 00:00:00+00:00, run_after=2024-05-05 00:00:00+00:00
[2024-05-05T23:10:49.000+0700] {processor.py:183} INFO - Processing /Library/Frameworks/Python.framework/Versions/3.10/lib/python3.10/site-packages/airflow/example_dags/example_branch_operator.py took 0.197 seconds
[2024-05-05T23:13:46.924+0700] {processor.py:161} INFO - Started process (PID=46534) to work on /Library/Frameworks/Python.framework/Versions/3.10/lib/python3.10/site-packages/airflow/example_dags/example_branch_operator.py
[2024-05-05T23:13:46.925+0700] {processor.py:830} INFO - Processing file /Library/Frameworks/Python.framework/Versions/3.10/lib/python3.10/site-packages/airflow/example_dags/example_branch_operator.py for tasks to queue
[2024-05-05T23:13:46.925+0700] {logging_mixin.py:188} INFO - [2024-05-05T23:13:46.925+0700] {dagbag.py:540} INFO - Filling up the DagBag from /Library/Frameworks/Python.framework/Versions/3.10/lib/python3.10/site-packages/airflow/example_dags/example_branch_operator.py
[2024-05-05T23:13:46.946+0700] {processor.py:840} INFO - DAG(s) 'example_branch_operator' retrieved from /Library/Frameworks/Python.framework/Versions/3.10/lib/python3.10/site-packages/airflow/example_dags/example_branch_operator.py
[2024-05-05T23:13:47.107+0700] {logging_mixin.py:188} INFO - [2024-05-05T23:13:47.107+0700] {dag.py:3096} INFO - Sync 1 DAGs
[2024-05-05T23:13:47.117+0700] {logging_mixin.py:188} INFO - [2024-05-05T23:13:47.117+0700] {dag.py:3954} INFO - Setting next_dagrun for example_branch_operator to 2024-05-04 00:00:00+00:00, run_after=2024-05-05 00:00:00+00:00
[2024-05-05T23:13:47.130+0700] {processor.py:183} INFO - Processing /Library/Frameworks/Python.framework/Versions/3.10/lib/python3.10/site-packages/airflow/example_dags/example_branch_operator.py took 0.209 seconds
[2024-05-05T23:16:50.310+0700] {processor.py:161} INFO - Started process (PID=47468) to work on /Library/Frameworks/Python.framework/Versions/3.10/lib/python3.10/site-packages/airflow/example_dags/example_branch_operator.py
[2024-05-05T23:16:50.311+0700] {processor.py:830} INFO - Processing file /Library/Frameworks/Python.framework/Versions/3.10/lib/python3.10/site-packages/airflow/example_dags/example_branch_operator.py for tasks to queue
[2024-05-05T23:16:50.311+0700] {logging_mixin.py:188} INFO - [2024-05-05T23:16:50.311+0700] {dagbag.py:540} INFO - Filling up the DagBag from /Library/Frameworks/Python.framework/Versions/3.10/lib/python3.10/site-packages/airflow/example_dags/example_branch_operator.py
[2024-05-05T23:16:50.332+0700] {processor.py:840} INFO - DAG(s) 'example_branch_operator' retrieved from /Library/Frameworks/Python.framework/Versions/3.10/lib/python3.10/site-packages/airflow/example_dags/example_branch_operator.py
[2024-05-05T23:16:50.484+0700] {logging_mixin.py:188} INFO - [2024-05-05T23:16:50.484+0700] {dag.py:3096} INFO - Sync 1 DAGs
[2024-05-05T23:16:50.494+0700] {logging_mixin.py:188} INFO - [2024-05-05T23:16:50.493+0700] {dag.py:3954} INFO - Setting next_dagrun for example_branch_operator to 2024-05-04 00:00:00+00:00, run_after=2024-05-05 00:00:00+00:00
[2024-05-05T23:16:50.506+0700] {processor.py:183} INFO - Processing /Library/Frameworks/Python.framework/Versions/3.10/lib/python3.10/site-packages/airflow/example_dags/example_branch_operator.py took 0.200 seconds
[2024-05-05T23:19:38.336+0700] {processor.py:161} INFO - Started process (PID=48305) to work on /Library/Frameworks/Python.framework/Versions/3.10/lib/python3.10/site-packages/airflow/example_dags/example_branch_operator.py
[2024-05-05T23:19:38.337+0700] {processor.py:830} INFO - Processing file /Library/Frameworks/Python.framework/Versions/3.10/lib/python3.10/site-packages/airflow/example_dags/example_branch_operator.py for tasks to queue
[2024-05-05T23:19:38.337+0700] {logging_mixin.py:188} INFO - [2024-05-05T23:19:38.337+0700] {dagbag.py:540} INFO - Filling up the DagBag from /Library/Frameworks/Python.framework/Versions/3.10/lib/python3.10/site-packages/airflow/example_dags/example_branch_operator.py
[2024-05-05T23:19:38.362+0700] {processor.py:840} INFO - DAG(s) 'example_branch_operator' retrieved from /Library/Frameworks/Python.framework/Versions/3.10/lib/python3.10/site-packages/airflow/example_dags/example_branch_operator.py
[2024-05-05T23:19:38.516+0700] {logging_mixin.py:188} INFO - [2024-05-05T23:19:38.516+0700] {dag.py:3096} INFO - Sync 1 DAGs
[2024-05-05T23:19:38.526+0700] {logging_mixin.py:188} INFO - [2024-05-05T23:19:38.525+0700] {dag.py:3954} INFO - Setting next_dagrun for example_branch_operator to 2024-05-04 00:00:00+00:00, run_after=2024-05-05 00:00:00+00:00
[2024-05-05T23:19:38.538+0700] {processor.py:183} INFO - Processing /Library/Frameworks/Python.framework/Versions/3.10/lib/python3.10/site-packages/airflow/example_dags/example_branch_operator.py took 0.205 seconds
[2024-05-05T23:22:28.426+0700] {processor.py:161} INFO - Started process (PID=49116) to work on /Library/Frameworks/Python.framework/Versions/3.10/lib/python3.10/site-packages/airflow/example_dags/example_branch_operator.py
[2024-05-05T23:22:28.426+0700] {processor.py:830} INFO - Processing file /Library/Frameworks/Python.framework/Versions/3.10/lib/python3.10/site-packages/airflow/example_dags/example_branch_operator.py for tasks to queue
[2024-05-05T23:22:28.427+0700] {logging_mixin.py:188} INFO - [2024-05-05T23:22:28.427+0700] {dagbag.py:540} INFO - Filling up the DagBag from /Library/Frameworks/Python.framework/Versions/3.10/lib/python3.10/site-packages/airflow/example_dags/example_branch_operator.py
[2024-05-05T23:22:28.451+0700] {processor.py:840} INFO - DAG(s) 'example_branch_operator' retrieved from /Library/Frameworks/Python.framework/Versions/3.10/lib/python3.10/site-packages/airflow/example_dags/example_branch_operator.py
[2024-05-05T23:22:28.605+0700] {logging_mixin.py:188} INFO - [2024-05-05T23:22:28.605+0700] {dag.py:3096} INFO - Sync 1 DAGs
[2024-05-05T23:22:28.712+0700] {logging_mixin.py:188} INFO - [2024-05-05T23:22:28.712+0700] {dag.py:3954} INFO - Setting next_dagrun for example_branch_operator to 2024-05-04 00:00:00+00:00, run_after=2024-05-05 00:00:00+00:00
[2024-05-05T23:22:28.738+0700] {processor.py:183} INFO - Processing /Library/Frameworks/Python.framework/Versions/3.10/lib/python3.10/site-packages/airflow/example_dags/example_branch_operator.py took 0.314 seconds
[2024-05-05T23:25:07.409+0700] {processor.py:161} INFO - Started process (PID=49841) to work on /Library/Frameworks/Python.framework/Versions/3.10/lib/python3.10/site-packages/airflow/example_dags/example_branch_operator.py
[2024-05-05T23:25:07.411+0700] {processor.py:830} INFO - Processing file /Library/Frameworks/Python.framework/Versions/3.10/lib/python3.10/site-packages/airflow/example_dags/example_branch_operator.py for tasks to queue
[2024-05-05T23:25:07.411+0700] {logging_mixin.py:188} INFO - [2024-05-05T23:25:07.411+0700] {dagbag.py:540} INFO - Filling up the DagBag from /Library/Frameworks/Python.framework/Versions/3.10/lib/python3.10/site-packages/airflow/example_dags/example_branch_operator.py
[2024-05-05T23:25:07.432+0700] {processor.py:840} INFO - DAG(s) 'example_branch_operator' retrieved from /Library/Frameworks/Python.framework/Versions/3.10/lib/python3.10/site-packages/airflow/example_dags/example_branch_operator.py
[2024-05-05T23:25:07.590+0700] {logging_mixin.py:188} INFO - [2024-05-05T23:25:07.590+0700] {dag.py:3096} INFO - Sync 1 DAGs
[2024-05-05T23:25:07.600+0700] {logging_mixin.py:188} INFO - [2024-05-05T23:25:07.600+0700] {dag.py:3954} INFO - Setting next_dagrun for example_branch_operator to 2024-05-04 00:00:00+00:00, run_after=2024-05-05 00:00:00+00:00
[2024-05-05T23:25:07.612+0700] {processor.py:183} INFO - Processing /Library/Frameworks/Python.framework/Versions/3.10/lib/python3.10/site-packages/airflow/example_dags/example_branch_operator.py took 0.205 seconds
[2024-05-05T23:27:40.971+0700] {processor.py:161} INFO - Started process (PID=50550) to work on /Library/Frameworks/Python.framework/Versions/3.10/lib/python3.10/site-packages/airflow/example_dags/example_branch_operator.py
[2024-05-05T23:27:40.973+0700] {processor.py:830} INFO - Processing file /Library/Frameworks/Python.framework/Versions/3.10/lib/python3.10/site-packages/airflow/example_dags/example_branch_operator.py for tasks to queue
[2024-05-05T23:27:40.973+0700] {logging_mixin.py:188} INFO - [2024-05-05T23:27:40.973+0700] {dagbag.py:540} INFO - Filling up the DagBag from /Library/Frameworks/Python.framework/Versions/3.10/lib/python3.10/site-packages/airflow/example_dags/example_branch_operator.py
[2024-05-05T23:27:40.998+0700] {processor.py:840} INFO - DAG(s) 'example_branch_operator' retrieved from /Library/Frameworks/Python.framework/Versions/3.10/lib/python3.10/site-packages/airflow/example_dags/example_branch_operator.py
[2024-05-05T23:27:41.161+0700] {logging_mixin.py:188} INFO - [2024-05-05T23:27:41.161+0700] {dag.py:3096} INFO - Sync 1 DAGs
[2024-05-05T23:27:41.170+0700] {logging_mixin.py:188} INFO - [2024-05-05T23:27:41.170+0700] {dag.py:3954} INFO - Setting next_dagrun for example_branch_operator to 2024-05-04 00:00:00+00:00, run_after=2024-05-05 00:00:00+00:00
[2024-05-05T23:27:41.182+0700] {processor.py:183} INFO - Processing /Library/Frameworks/Python.framework/Versions/3.10/lib/python3.10/site-packages/airflow/example_dags/example_branch_operator.py took 0.213 seconds
[2024-05-05T23:30:23.964+0700] {processor.py:161} INFO - Started process (PID=51310) to work on /Library/Frameworks/Python.framework/Versions/3.10/lib/python3.10/site-packages/airflow/example_dags/example_branch_operator.py
[2024-05-05T23:30:23.964+0700] {processor.py:830} INFO - Processing file /Library/Frameworks/Python.framework/Versions/3.10/lib/python3.10/site-packages/airflow/example_dags/example_branch_operator.py for tasks to queue
[2024-05-05T23:30:23.965+0700] {logging_mixin.py:188} INFO - [2024-05-05T23:30:23.965+0700] {dagbag.py:540} INFO - Filling up the DagBag from /Library/Frameworks/Python.framework/Versions/3.10/lib/python3.10/site-packages/airflow/example_dags/example_branch_operator.py
[2024-05-05T23:30:23.986+0700] {processor.py:840} INFO - DAG(s) 'example_branch_operator' retrieved from /Library/Frameworks/Python.framework/Versions/3.10/lib/python3.10/site-packages/airflow/example_dags/example_branch_operator.py
[2024-05-05T23:30:24.141+0700] {logging_mixin.py:188} INFO - [2024-05-05T23:30:24.140+0700] {dag.py:3096} INFO - Sync 1 DAGs
[2024-05-05T23:30:24.150+0700] {logging_mixin.py:188} INFO - [2024-05-05T23:30:24.150+0700] {dag.py:3954} INFO - Setting next_dagrun for example_branch_operator to 2024-05-04 00:00:00+00:00, run_after=2024-05-05 00:00:00+00:00
[2024-05-05T23:30:24.163+0700] {processor.py:183} INFO - Processing /Library/Frameworks/Python.framework/Versions/3.10/lib/python3.10/site-packages/airflow/example_dags/example_branch_operator.py took 0.202 seconds
[2024-05-05T23:33:00.718+0700] {processor.py:161} INFO - Started process (PID=52043) to work on /Library/Frameworks/Python.framework/Versions/3.10/lib/python3.10/site-packages/airflow/example_dags/example_branch_operator.py
[2024-05-05T23:33:00.718+0700] {processor.py:830} INFO - Processing file /Library/Frameworks/Python.framework/Versions/3.10/lib/python3.10/site-packages/airflow/example_dags/example_branch_operator.py for tasks to queue
[2024-05-05T23:33:00.719+0700] {logging_mixin.py:188} INFO - [2024-05-05T23:33:00.719+0700] {dagbag.py:540} INFO - Filling up the DagBag from /Library/Frameworks/Python.framework/Versions/3.10/lib/python3.10/site-packages/airflow/example_dags/example_branch_operator.py
[2024-05-05T23:33:00.740+0700] {processor.py:840} INFO - DAG(s) 'example_branch_operator' retrieved from /Library/Frameworks/Python.framework/Versions/3.10/lib/python3.10/site-packages/airflow/example_dags/example_branch_operator.py
[2024-05-05T23:33:00.975+0700] {logging_mixin.py:188} INFO - [2024-05-05T23:33:00.975+0700] {dag.py:3096} INFO - Sync 1 DAGs
[2024-05-05T23:33:00.987+0700] {logging_mixin.py:188} INFO - [2024-05-05T23:33:00.987+0700] {dag.py:3954} INFO - Setting next_dagrun for example_branch_operator to 2024-05-04 00:00:00+00:00, run_after=2024-05-05 00:00:00+00:00
[2024-05-05T23:33:01.002+0700] {processor.py:183} INFO - Processing /Library/Frameworks/Python.framework/Versions/3.10/lib/python3.10/site-packages/airflow/example_dags/example_branch_operator.py took 0.286 seconds
[2024-05-05T23:35:49.389+0700] {processor.py:161} INFO - Started process (PID=52884) to work on /Library/Frameworks/Python.framework/Versions/3.10/lib/python3.10/site-packages/airflow/example_dags/example_branch_operator.py
[2024-05-05T23:35:49.390+0700] {processor.py:830} INFO - Processing file /Library/Frameworks/Python.framework/Versions/3.10/lib/python3.10/site-packages/airflow/example_dags/example_branch_operator.py for tasks to queue
[2024-05-05T23:35:49.390+0700] {logging_mixin.py:188} INFO - [2024-05-05T23:35:49.390+0700] {dagbag.py:540} INFO - Filling up the DagBag from /Library/Frameworks/Python.framework/Versions/3.10/lib/python3.10/site-packages/airflow/example_dags/example_branch_operator.py
[2024-05-05T23:35:49.410+0700] {processor.py:840} INFO - DAG(s) 'example_branch_operator' retrieved from /Library/Frameworks/Python.framework/Versions/3.10/lib/python3.10/site-packages/airflow/example_dags/example_branch_operator.py
[2024-05-05T23:35:49.556+0700] {logging_mixin.py:188} INFO - [2024-05-05T23:35:49.556+0700] {dag.py:3096} INFO - Sync 1 DAGs
[2024-05-05T23:35:49.566+0700] {logging_mixin.py:188} INFO - [2024-05-05T23:35:49.566+0700] {dag.py:3954} INFO - Setting next_dagrun for example_branch_operator to 2024-05-04 00:00:00+00:00, run_after=2024-05-05 00:00:00+00:00
[2024-05-05T23:35:49.578+0700] {processor.py:183} INFO - Processing /Library/Frameworks/Python.framework/Versions/3.10/lib/python3.10/site-packages/airflow/example_dags/example_branch_operator.py took 0.191 seconds
[2024-05-05T23:38:21.735+0700] {processor.py:161} INFO - Started process (PID=53587) to work on /Library/Frameworks/Python.framework/Versions/3.10/lib/python3.10/site-packages/airflow/example_dags/example_branch_operator.py
[2024-05-05T23:38:21.736+0700] {processor.py:830} INFO - Processing file /Library/Frameworks/Python.framework/Versions/3.10/lib/python3.10/site-packages/airflow/example_dags/example_branch_operator.py for tasks to queue
[2024-05-05T23:38:21.736+0700] {logging_mixin.py:188} INFO - [2024-05-05T23:38:21.736+0700] {dagbag.py:540} INFO - Filling up the DagBag from /Library/Frameworks/Python.framework/Versions/3.10/lib/python3.10/site-packages/airflow/example_dags/example_branch_operator.py
[2024-05-05T23:38:21.758+0700] {processor.py:840} INFO - DAG(s) 'example_branch_operator' retrieved from /Library/Frameworks/Python.framework/Versions/3.10/lib/python3.10/site-packages/airflow/example_dags/example_branch_operator.py
[2024-05-05T23:38:21.913+0700] {logging_mixin.py:188} INFO - [2024-05-05T23:38:21.913+0700] {dag.py:3096} INFO - Sync 1 DAGs
[2024-05-05T23:38:21.922+0700] {logging_mixin.py:188} INFO - [2024-05-05T23:38:21.922+0700] {dag.py:3954} INFO - Setting next_dagrun for example_branch_operator to 2024-05-04 00:00:00+00:00, run_after=2024-05-05 00:00:00+00:00
[2024-05-05T23:38:21.934+0700] {processor.py:183} INFO - Processing /Library/Frameworks/Python.framework/Versions/3.10/lib/python3.10/site-packages/airflow/example_dags/example_branch_operator.py took 0.202 seconds
[2024-05-05T23:41:07.502+0700] {processor.py:161} INFO - Started process (PID=54346) to work on /Library/Frameworks/Python.framework/Versions/3.10/lib/python3.10/site-packages/airflow/example_dags/example_branch_operator.py
[2024-05-05T23:41:07.503+0700] {processor.py:830} INFO - Processing file /Library/Frameworks/Python.framework/Versions/3.10/lib/python3.10/site-packages/airflow/example_dags/example_branch_operator.py for tasks to queue
[2024-05-05T23:41:07.504+0700] {logging_mixin.py:188} INFO - [2024-05-05T23:41:07.503+0700] {dagbag.py:540} INFO - Filling up the DagBag from /Library/Frameworks/Python.framework/Versions/3.10/lib/python3.10/site-packages/airflow/example_dags/example_branch_operator.py
[2024-05-05T23:41:07.526+0700] {processor.py:840} INFO - DAG(s) 'example_branch_operator' retrieved from /Library/Frameworks/Python.framework/Versions/3.10/lib/python3.10/site-packages/airflow/example_dags/example_branch_operator.py
[2024-05-05T23:41:07.676+0700] {logging_mixin.py:188} INFO - [2024-05-05T23:41:07.676+0700] {dag.py:3096} INFO - Sync 1 DAGs
[2024-05-05T23:41:07.686+0700] {logging_mixin.py:188} INFO - [2024-05-05T23:41:07.686+0700] {dag.py:3954} INFO - Setting next_dagrun for example_branch_operator to 2024-05-04 00:00:00+00:00, run_after=2024-05-05 00:00:00+00:00
[2024-05-05T23:41:07.701+0700] {processor.py:183} INFO - Processing /Library/Frameworks/Python.framework/Versions/3.10/lib/python3.10/site-packages/airflow/example_dags/example_branch_operator.py took 0.201 seconds
[2024-05-05T23:43:51.166+0700] {processor.py:161} INFO - Started process (PID=55110) to work on /Library/Frameworks/Python.framework/Versions/3.10/lib/python3.10/site-packages/airflow/example_dags/example_branch_operator.py
[2024-05-05T23:43:51.167+0700] {processor.py:830} INFO - Processing file /Library/Frameworks/Python.framework/Versions/3.10/lib/python3.10/site-packages/airflow/example_dags/example_branch_operator.py for tasks to queue
[2024-05-05T23:43:51.168+0700] {logging_mixin.py:188} INFO - [2024-05-05T23:43:51.167+0700] {dagbag.py:540} INFO - Filling up the DagBag from /Library/Frameworks/Python.framework/Versions/3.10/lib/python3.10/site-packages/airflow/example_dags/example_branch_operator.py
[2024-05-05T23:43:51.189+0700] {processor.py:840} INFO - DAG(s) 'example_branch_operator' retrieved from /Library/Frameworks/Python.framework/Versions/3.10/lib/python3.10/site-packages/airflow/example_dags/example_branch_operator.py
[2024-05-05T23:43:51.339+0700] {logging_mixin.py:188} INFO - [2024-05-05T23:43:51.339+0700] {dag.py:3096} INFO - Sync 1 DAGs
[2024-05-05T23:43:51.348+0700] {logging_mixin.py:188} INFO - [2024-05-05T23:43:51.348+0700] {dag.py:3954} INFO - Setting next_dagrun for example_branch_operator to 2024-05-04 00:00:00+00:00, run_after=2024-05-05 00:00:00+00:00
[2024-05-05T23:43:51.361+0700] {processor.py:183} INFO - Processing /Library/Frameworks/Python.framework/Versions/3.10/lib/python3.10/site-packages/airflow/example_dags/example_branch_operator.py took 0.196 seconds
[2024-05-05T23:46:32.832+0700] {processor.py:161} INFO - Started process (PID=55926) to work on /Library/Frameworks/Python.framework/Versions/3.10/lib/python3.10/site-packages/airflow/example_dags/example_branch_operator.py
[2024-05-05T23:46:32.834+0700] {processor.py:830} INFO - Processing file /Library/Frameworks/Python.framework/Versions/3.10/lib/python3.10/site-packages/airflow/example_dags/example_branch_operator.py for tasks to queue
[2024-05-05T23:46:32.834+0700] {logging_mixin.py:188} INFO - [2024-05-05T23:46:32.834+0700] {dagbag.py:540} INFO - Filling up the DagBag from /Library/Frameworks/Python.framework/Versions/3.10/lib/python3.10/site-packages/airflow/example_dags/example_branch_operator.py
[2024-05-05T23:46:32.858+0700] {processor.py:840} INFO - DAG(s) 'example_branch_operator' retrieved from /Library/Frameworks/Python.framework/Versions/3.10/lib/python3.10/site-packages/airflow/example_dags/example_branch_operator.py
[2024-05-05T23:46:33.011+0700] {logging_mixin.py:188} INFO - [2024-05-05T23:46:33.011+0700] {dag.py:3096} INFO - Sync 1 DAGs
[2024-05-05T23:46:33.021+0700] {logging_mixin.py:188} INFO - [2024-05-05T23:46:33.020+0700] {dag.py:3954} INFO - Setting next_dagrun for example_branch_operator to 2024-05-04 00:00:00+00:00, run_after=2024-05-05 00:00:00+00:00
[2024-05-05T23:46:33.033+0700] {processor.py:183} INFO - Processing /Library/Frameworks/Python.framework/Versions/3.10/lib/python3.10/site-packages/airflow/example_dags/example_branch_operator.py took 0.202 seconds
[2024-05-05T23:49:09.457+0700] {processor.py:161} INFO - Started process (PID=56727) to work on /Library/Frameworks/Python.framework/Versions/3.10/lib/python3.10/site-packages/airflow/example_dags/example_branch_operator.py
[2024-05-05T23:49:09.458+0700] {processor.py:830} INFO - Processing file /Library/Frameworks/Python.framework/Versions/3.10/lib/python3.10/site-packages/airflow/example_dags/example_branch_operator.py for tasks to queue
[2024-05-05T23:49:09.458+0700] {logging_mixin.py:188} INFO - [2024-05-05T23:49:09.458+0700] {dagbag.py:540} INFO - Filling up the DagBag from /Library/Frameworks/Python.framework/Versions/3.10/lib/python3.10/site-packages/airflow/example_dags/example_branch_operator.py
[2024-05-05T23:49:09.481+0700] {processor.py:840} INFO - DAG(s) 'example_branch_operator' retrieved from /Library/Frameworks/Python.framework/Versions/3.10/lib/python3.10/site-packages/airflow/example_dags/example_branch_operator.py
[2024-05-05T23:49:09.630+0700] {logging_mixin.py:188} INFO - [2024-05-05T23:49:09.630+0700] {dag.py:3096} INFO - Sync 1 DAGs
[2024-05-05T23:49:09.639+0700] {logging_mixin.py:188} INFO - [2024-05-05T23:49:09.639+0700] {dag.py:3954} INFO - Setting next_dagrun for example_branch_operator to 2024-05-04 00:00:00+00:00, run_after=2024-05-05 00:00:00+00:00
[2024-05-05T23:49:09.652+0700] {processor.py:183} INFO - Processing /Library/Frameworks/Python.framework/Versions/3.10/lib/python3.10/site-packages/airflow/example_dags/example_branch_operator.py took 0.197 seconds
[2024-05-05T23:51:41.242+0700] {processor.py:161} INFO - Started process (PID=57428) to work on /Library/Frameworks/Python.framework/Versions/3.10/lib/python3.10/site-packages/airflow/example_dags/example_branch_operator.py
[2024-05-05T23:51:41.243+0700] {processor.py:830} INFO - Processing file /Library/Frameworks/Python.framework/Versions/3.10/lib/python3.10/site-packages/airflow/example_dags/example_branch_operator.py for tasks to queue
[2024-05-05T23:51:41.243+0700] {logging_mixin.py:188} INFO - [2024-05-05T23:51:41.243+0700] {dagbag.py:540} INFO - Filling up the DagBag from /Library/Frameworks/Python.framework/Versions/3.10/lib/python3.10/site-packages/airflow/example_dags/example_branch_operator.py
[2024-05-05T23:51:41.264+0700] {processor.py:840} INFO - DAG(s) 'example_branch_operator' retrieved from /Library/Frameworks/Python.framework/Versions/3.10/lib/python3.10/site-packages/airflow/example_dags/example_branch_operator.py
[2024-05-05T23:51:41.412+0700] {logging_mixin.py:188} INFO - [2024-05-05T23:51:41.412+0700] {dag.py:3096} INFO - Sync 1 DAGs
[2024-05-05T23:51:41.422+0700] {logging_mixin.py:188} INFO - [2024-05-05T23:51:41.422+0700] {dag.py:3954} INFO - Setting next_dagrun for example_branch_operator to 2024-05-04 00:00:00+00:00, run_after=2024-05-05 00:00:00+00:00
[2024-05-05T23:51:41.435+0700] {processor.py:183} INFO - Processing /Library/Frameworks/Python.framework/Versions/3.10/lib/python3.10/site-packages/airflow/example_dags/example_branch_operator.py took 0.194 seconds
[2024-05-05T23:54:19.897+0700] {processor.py:161} INFO - Started process (PID=58203) to work on /Library/Frameworks/Python.framework/Versions/3.10/lib/python3.10/site-packages/airflow/example_dags/example_branch_operator.py
[2024-05-05T23:54:19.898+0700] {processor.py:830} INFO - Processing file /Library/Frameworks/Python.framework/Versions/3.10/lib/python3.10/site-packages/airflow/example_dags/example_branch_operator.py for tasks to queue
[2024-05-05T23:54:19.899+0700] {logging_mixin.py:188} INFO - [2024-05-05T23:54:19.899+0700] {dagbag.py:540} INFO - Filling up the DagBag from /Library/Frameworks/Python.framework/Versions/3.10/lib/python3.10/site-packages/airflow/example_dags/example_branch_operator.py
[2024-05-05T23:54:19.920+0700] {processor.py:840} INFO - DAG(s) 'example_branch_operator' retrieved from /Library/Frameworks/Python.framework/Versions/3.10/lib/python3.10/site-packages/airflow/example_dags/example_branch_operator.py
[2024-05-05T23:54:20.066+0700] {logging_mixin.py:188} INFO - [2024-05-05T23:54:20.066+0700] {dag.py:3096} INFO - Sync 1 DAGs
[2024-05-05T23:54:20.075+0700] {logging_mixin.py:188} INFO - [2024-05-05T23:54:20.075+0700] {dag.py:3954} INFO - Setting next_dagrun for example_branch_operator to 2024-05-04 00:00:00+00:00, run_after=2024-05-05 00:00:00+00:00
[2024-05-05T23:54:20.087+0700] {processor.py:183} INFO - Processing /Library/Frameworks/Python.framework/Versions/3.10/lib/python3.10/site-packages/airflow/example_dags/example_branch_operator.py took 0.192 seconds
[2024-05-05T23:56:52.249+0700] {processor.py:161} INFO - Started process (PID=58897) to work on /Library/Frameworks/Python.framework/Versions/3.10/lib/python3.10/site-packages/airflow/example_dags/example_branch_operator.py
[2024-05-05T23:56:52.251+0700] {processor.py:830} INFO - Processing file /Library/Frameworks/Python.framework/Versions/3.10/lib/python3.10/site-packages/airflow/example_dags/example_branch_operator.py for tasks to queue
[2024-05-05T23:56:52.251+0700] {logging_mixin.py:188} INFO - [2024-05-05T23:56:52.251+0700] {dagbag.py:540} INFO - Filling up the DagBag from /Library/Frameworks/Python.framework/Versions/3.10/lib/python3.10/site-packages/airflow/example_dags/example_branch_operator.py
[2024-05-05T23:56:52.272+0700] {processor.py:840} INFO - DAG(s) 'example_branch_operator' retrieved from /Library/Frameworks/Python.framework/Versions/3.10/lib/python3.10/site-packages/airflow/example_dags/example_branch_operator.py
[2024-05-05T23:56:52.419+0700] {logging_mixin.py:188} INFO - [2024-05-05T23:56:52.419+0700] {dag.py:3096} INFO - Sync 1 DAGs
[2024-05-05T23:56:52.428+0700] {logging_mixin.py:188} INFO - [2024-05-05T23:56:52.428+0700] {dag.py:3954} INFO - Setting next_dagrun for example_branch_operator to 2024-05-04 00:00:00+00:00, run_after=2024-05-05 00:00:00+00:00
[2024-05-05T23:56:52.440+0700] {processor.py:183} INFO - Processing /Library/Frameworks/Python.framework/Versions/3.10/lib/python3.10/site-packages/airflow/example_dags/example_branch_operator.py took 0.192 seconds
[2024-05-05T23:59:41.601+0700] {processor.py:161} INFO - Started process (PID=60082) to work on /Library/Frameworks/Python.framework/Versions/3.10/lib/python3.10/site-packages/airflow/example_dags/example_branch_operator.py
[2024-05-05T23:59:41.603+0700] {processor.py:830} INFO - Processing file /Library/Frameworks/Python.framework/Versions/3.10/lib/python3.10/site-packages/airflow/example_dags/example_branch_operator.py for tasks to queue
[2024-05-05T23:59:41.603+0700] {logging_mixin.py:188} INFO - [2024-05-05T23:59:41.603+0700] {dagbag.py:540} INFO - Filling up the DagBag from /Library/Frameworks/Python.framework/Versions/3.10/lib/python3.10/site-packages/airflow/example_dags/example_branch_operator.py
[2024-05-05T23:59:41.625+0700] {processor.py:840} INFO - DAG(s) 'example_branch_operator' retrieved from /Library/Frameworks/Python.framework/Versions/3.10/lib/python3.10/site-packages/airflow/example_dags/example_branch_operator.py
[2024-05-05T23:59:41.779+0700] {logging_mixin.py:188} INFO - [2024-05-05T23:59:41.779+0700] {dag.py:3096} INFO - Sync 1 DAGs
[2024-05-05T23:59:41.790+0700] {logging_mixin.py:188} INFO - [2024-05-05T23:59:41.790+0700] {dag.py:3954} INFO - Setting next_dagrun for example_branch_operator to 2024-05-04 00:00:00+00:00, run_after=2024-05-05 00:00:00+00:00
[2024-05-05T23:59:41.803+0700] {processor.py:183} INFO - Processing /Library/Frameworks/Python.framework/Versions/3.10/lib/python3.10/site-packages/airflow/example_dags/example_branch_operator.py took 0.204 seconds
[2024-05-06T00:02:23.147+0700] {processor.py:161} INFO - Started process (PID=60908) to work on /Library/Frameworks/Python.framework/Versions/3.10/lib/python3.10/site-packages/airflow/example_dags/example_branch_operator.py
[2024-05-06T00:02:23.148+0700] {processor.py:830} INFO - Processing file /Library/Frameworks/Python.framework/Versions/3.10/lib/python3.10/site-packages/airflow/example_dags/example_branch_operator.py for tasks to queue
[2024-05-06T00:02:23.148+0700] {logging_mixin.py:188} INFO - [2024-05-06T00:02:23.148+0700] {dagbag.py:540} INFO - Filling up the DagBag from /Library/Frameworks/Python.framework/Versions/3.10/lib/python3.10/site-packages/airflow/example_dags/example_branch_operator.py
[2024-05-06T00:02:23.171+0700] {processor.py:840} INFO - DAG(s) 'example_branch_operator' retrieved from /Library/Frameworks/Python.framework/Versions/3.10/lib/python3.10/site-packages/airflow/example_dags/example_branch_operator.py
[2024-05-06T00:02:23.330+0700] {logging_mixin.py:188} INFO - [2024-05-06T00:02:23.330+0700] {dag.py:3096} INFO - Sync 1 DAGs
[2024-05-06T00:02:23.340+0700] {logging_mixin.py:188} INFO - [2024-05-06T00:02:23.340+0700] {dag.py:3954} INFO - Setting next_dagrun for example_branch_operator to 2024-05-04 00:00:00+00:00, run_after=2024-05-05 00:00:00+00:00
[2024-05-06T00:02:23.353+0700] {processor.py:183} INFO - Processing /Library/Frameworks/Python.framework/Versions/3.10/lib/python3.10/site-packages/airflow/example_dags/example_branch_operator.py took 0.208 seconds
[2024-05-06T00:05:00.443+0700] {processor.py:161} INFO - Started process (PID=61648) to work on /Library/Frameworks/Python.framework/Versions/3.10/lib/python3.10/site-packages/airflow/example_dags/example_branch_operator.py
[2024-05-06T00:05:00.445+0700] {processor.py:830} INFO - Processing file /Library/Frameworks/Python.framework/Versions/3.10/lib/python3.10/site-packages/airflow/example_dags/example_branch_operator.py for tasks to queue
[2024-05-06T00:05:00.445+0700] {logging_mixin.py:188} INFO - [2024-05-06T00:05:00.445+0700] {dagbag.py:540} INFO - Filling up the DagBag from /Library/Frameworks/Python.framework/Versions/3.10/lib/python3.10/site-packages/airflow/example_dags/example_branch_operator.py
[2024-05-06T00:05:00.467+0700] {processor.py:840} INFO - DAG(s) 'example_branch_operator' retrieved from /Library/Frameworks/Python.framework/Versions/3.10/lib/python3.10/site-packages/airflow/example_dags/example_branch_operator.py
[2024-05-06T00:05:00.618+0700] {logging_mixin.py:188} INFO - [2024-05-06T00:05:00.618+0700] {dag.py:3096} INFO - Sync 1 DAGs
[2024-05-06T00:05:00.627+0700] {logging_mixin.py:188} INFO - [2024-05-06T00:05:00.627+0700] {dag.py:3954} INFO - Setting next_dagrun for example_branch_operator to 2024-05-04 00:00:00+00:00, run_after=2024-05-05 00:00:00+00:00
[2024-05-06T00:05:00.639+0700] {processor.py:183} INFO - Processing /Library/Frameworks/Python.framework/Versions/3.10/lib/python3.10/site-packages/airflow/example_dags/example_branch_operator.py took 0.197 seconds
[2024-05-06T00:07:34.795+0700] {processor.py:161} INFO - Started process (PID=64537) to work on /Library/Frameworks/Python.framework/Versions/3.10/lib/python3.10/site-packages/airflow/example_dags/example_branch_operator.py
[2024-05-06T00:07:34.796+0700] {processor.py:830} INFO - Processing file /Library/Frameworks/Python.framework/Versions/3.10/lib/python3.10/site-packages/airflow/example_dags/example_branch_operator.py for tasks to queue
[2024-05-06T00:07:34.797+0700] {logging_mixin.py:188} INFO - [2024-05-06T00:07:34.796+0700] {dagbag.py:540} INFO - Filling up the DagBag from /Library/Frameworks/Python.framework/Versions/3.10/lib/python3.10/site-packages/airflow/example_dags/example_branch_operator.py
[2024-05-06T00:07:34.830+0700] {processor.py:840} INFO - DAG(s) 'example_branch_operator' retrieved from /Library/Frameworks/Python.framework/Versions/3.10/lib/python3.10/site-packages/airflow/example_dags/example_branch_operator.py
[2024-05-06T00:07:35.011+0700] {logging_mixin.py:188} INFO - [2024-05-06T00:07:35.010+0700] {dag.py:3096} INFO - Sync 1 DAGs
[2024-05-06T00:07:35.020+0700] {logging_mixin.py:188} INFO - [2024-05-06T00:07:35.020+0700] {dag.py:3954} INFO - Setting next_dagrun for example_branch_operator to 2024-05-04 00:00:00+00:00, run_after=2024-05-05 00:00:00+00:00
[2024-05-06T00:07:35.034+0700] {processor.py:183} INFO - Processing /Library/Frameworks/Python.framework/Versions/3.10/lib/python3.10/site-packages/airflow/example_dags/example_branch_operator.py took 0.242 seconds
[2024-05-06T00:10:10.584+0700] {processor.py:161} INFO - Started process (PID=65260) to work on /Library/Frameworks/Python.framework/Versions/3.10/lib/python3.10/site-packages/airflow/example_dags/example_branch_operator.py
[2024-05-06T00:10:10.585+0700] {processor.py:830} INFO - Processing file /Library/Frameworks/Python.framework/Versions/3.10/lib/python3.10/site-packages/airflow/example_dags/example_branch_operator.py for tasks to queue
[2024-05-06T00:10:10.586+0700] {logging_mixin.py:188} INFO - [2024-05-06T00:10:10.586+0700] {dagbag.py:540} INFO - Filling up the DagBag from /Library/Frameworks/Python.framework/Versions/3.10/lib/python3.10/site-packages/airflow/example_dags/example_branch_operator.py
[2024-05-06T00:10:10.609+0700] {processor.py:840} INFO - DAG(s) 'example_branch_operator' retrieved from /Library/Frameworks/Python.framework/Versions/3.10/lib/python3.10/site-packages/airflow/example_dags/example_branch_operator.py
[2024-05-06T00:10:10.768+0700] {logging_mixin.py:188} INFO - [2024-05-06T00:10:10.768+0700] {dag.py:3096} INFO - Sync 1 DAGs
[2024-05-06T00:10:10.778+0700] {logging_mixin.py:188} INFO - [2024-05-06T00:10:10.778+0700] {dag.py:3954} INFO - Setting next_dagrun for example_branch_operator to 2024-05-04 00:00:00+00:00, run_after=2024-05-05 00:00:00+00:00
[2024-05-06T00:10:10.791+0700] {processor.py:183} INFO - Processing /Library/Frameworks/Python.framework/Versions/3.10/lib/python3.10/site-packages/airflow/example_dags/example_branch_operator.py took 0.210 seconds
[2024-05-06T00:12:46.805+0700] {processor.py:161} INFO - Started process (PID=65972) to work on /Library/Frameworks/Python.framework/Versions/3.10/lib/python3.10/site-packages/airflow/example_dags/example_branch_operator.py
[2024-05-06T00:12:46.807+0700] {processor.py:830} INFO - Processing file /Library/Frameworks/Python.framework/Versions/3.10/lib/python3.10/site-packages/airflow/example_dags/example_branch_operator.py for tasks to queue
[2024-05-06T00:12:46.807+0700] {logging_mixin.py:188} INFO - [2024-05-06T00:12:46.807+0700] {dagbag.py:540} INFO - Filling up the DagBag from /Library/Frameworks/Python.framework/Versions/3.10/lib/python3.10/site-packages/airflow/example_dags/example_branch_operator.py
[2024-05-06T00:12:46.830+0700] {processor.py:840} INFO - DAG(s) 'example_branch_operator' retrieved from /Library/Frameworks/Python.framework/Versions/3.10/lib/python3.10/site-packages/airflow/example_dags/example_branch_operator.py
[2024-05-06T00:12:46.983+0700] {logging_mixin.py:188} INFO - [2024-05-06T00:12:46.983+0700] {dag.py:3096} INFO - Sync 1 DAGs
[2024-05-06T00:12:46.993+0700] {logging_mixin.py:188} INFO - [2024-05-06T00:12:46.993+0700] {dag.py:3954} INFO - Setting next_dagrun for example_branch_operator to 2024-05-04 00:00:00+00:00, run_after=2024-05-05 00:00:00+00:00
[2024-05-06T00:12:47.007+0700] {processor.py:183} INFO - Processing /Library/Frameworks/Python.framework/Versions/3.10/lib/python3.10/site-packages/airflow/example_dags/example_branch_operator.py took 0.203 seconds
[2024-05-06T00:15:23.928+0700] {processor.py:161} INFO - Started process (PID=66687) to work on /Library/Frameworks/Python.framework/Versions/3.10/lib/python3.10/site-packages/airflow/example_dags/example_branch_operator.py
[2024-05-06T00:15:23.930+0700] {processor.py:830} INFO - Processing file /Library/Frameworks/Python.framework/Versions/3.10/lib/python3.10/site-packages/airflow/example_dags/example_branch_operator.py for tasks to queue
[2024-05-06T00:15:23.930+0700] {logging_mixin.py:188} INFO - [2024-05-06T00:15:23.930+0700] {dagbag.py:540} INFO - Filling up the DagBag from /Library/Frameworks/Python.framework/Versions/3.10/lib/python3.10/site-packages/airflow/example_dags/example_branch_operator.py
[2024-05-06T00:15:23.952+0700] {processor.py:840} INFO - DAG(s) 'example_branch_operator' retrieved from /Library/Frameworks/Python.framework/Versions/3.10/lib/python3.10/site-packages/airflow/example_dags/example_branch_operator.py
[2024-05-06T00:15:24.108+0700] {logging_mixin.py:188} INFO - [2024-05-06T00:15:24.107+0700] {dag.py:3096} INFO - Sync 1 DAGs
[2024-05-06T00:15:24.117+0700] {logging_mixin.py:188} INFO - [2024-05-06T00:15:24.117+0700] {dag.py:3954} INFO - Setting next_dagrun for example_branch_operator to 2024-05-04 00:00:00+00:00, run_after=2024-05-05 00:00:00+00:00
[2024-05-06T00:15:24.132+0700] {processor.py:183} INFO - Processing /Library/Frameworks/Python.framework/Versions/3.10/lib/python3.10/site-packages/airflow/example_dags/example_branch_operator.py took 0.206 seconds
[2024-05-06T00:18:05.608+0700] {processor.py:161} INFO - Started process (PID=67416) to work on /Library/Frameworks/Python.framework/Versions/3.10/lib/python3.10/site-packages/airflow/example_dags/example_branch_operator.py
[2024-05-06T00:18:05.610+0700] {processor.py:830} INFO - Processing file /Library/Frameworks/Python.framework/Versions/3.10/lib/python3.10/site-packages/airflow/example_dags/example_branch_operator.py for tasks to queue
[2024-05-06T00:18:05.610+0700] {logging_mixin.py:188} INFO - [2024-05-06T00:18:05.610+0700] {dagbag.py:540} INFO - Filling up the DagBag from /Library/Frameworks/Python.framework/Versions/3.10/lib/python3.10/site-packages/airflow/example_dags/example_branch_operator.py
[2024-05-06T00:18:05.729+0700] {processor.py:840} INFO - DAG(s) 'example_branch_operator' retrieved from /Library/Frameworks/Python.framework/Versions/3.10/lib/python3.10/site-packages/airflow/example_dags/example_branch_operator.py
[2024-05-06T00:18:05.942+0700] {logging_mixin.py:188} INFO - [2024-05-06T00:18:05.942+0700] {dag.py:3096} INFO - Sync 1 DAGs
[2024-05-06T00:18:05.954+0700] {logging_mixin.py:188} INFO - [2024-05-06T00:18:05.954+0700] {dag.py:3954} INFO - Setting next_dagrun for example_branch_operator to 2024-05-04 00:00:00+00:00, run_after=2024-05-05 00:00:00+00:00
[2024-05-06T00:18:05.970+0700] {processor.py:183} INFO - Processing /Library/Frameworks/Python.framework/Versions/3.10/lib/python3.10/site-packages/airflow/example_dags/example_branch_operator.py took 0.364 seconds
[2024-05-06T00:20:44.011+0700] {processor.py:161} INFO - Started process (PID=68150) to work on /Library/Frameworks/Python.framework/Versions/3.10/lib/python3.10/site-packages/airflow/example_dags/example_branch_operator.py
[2024-05-06T00:20:44.012+0700] {processor.py:830} INFO - Processing file /Library/Frameworks/Python.framework/Versions/3.10/lib/python3.10/site-packages/airflow/example_dags/example_branch_operator.py for tasks to queue
[2024-05-06T00:20:44.013+0700] {logging_mixin.py:188} INFO - [2024-05-06T00:20:44.012+0700] {dagbag.py:540} INFO - Filling up the DagBag from /Library/Frameworks/Python.framework/Versions/3.10/lib/python3.10/site-packages/airflow/example_dags/example_branch_operator.py
[2024-05-06T00:20:44.038+0700] {processor.py:840} INFO - DAG(s) 'example_branch_operator' retrieved from /Library/Frameworks/Python.framework/Versions/3.10/lib/python3.10/site-packages/airflow/example_dags/example_branch_operator.py
[2024-05-06T00:20:44.193+0700] {logging_mixin.py:188} INFO - [2024-05-06T00:20:44.193+0700] {dag.py:3096} INFO - Sync 1 DAGs
[2024-05-06T00:20:44.202+0700] {logging_mixin.py:188} INFO - [2024-05-06T00:20:44.202+0700] {dag.py:3954} INFO - Setting next_dagrun for example_branch_operator to 2024-05-04 00:00:00+00:00, run_after=2024-05-05 00:00:00+00:00
[2024-05-06T00:20:44.216+0700] {processor.py:183} INFO - Processing /Library/Frameworks/Python.framework/Versions/3.10/lib/python3.10/site-packages/airflow/example_dags/example_branch_operator.py took 0.208 seconds
[2024-05-06T00:23:24.580+0700] {processor.py:161} INFO - Started process (PID=68886) to work on /Library/Frameworks/Python.framework/Versions/3.10/lib/python3.10/site-packages/airflow/example_dags/example_branch_operator.py
[2024-05-06T00:23:24.581+0700] {processor.py:830} INFO - Processing file /Library/Frameworks/Python.framework/Versions/3.10/lib/python3.10/site-packages/airflow/example_dags/example_branch_operator.py for tasks to queue
[2024-05-06T00:23:24.582+0700] {logging_mixin.py:188} INFO - [2024-05-06T00:23:24.582+0700] {dagbag.py:540} INFO - Filling up the DagBag from /Library/Frameworks/Python.framework/Versions/3.10/lib/python3.10/site-packages/airflow/example_dags/example_branch_operator.py
[2024-05-06T00:23:24.618+0700] {processor.py:840} INFO - DAG(s) 'example_branch_operator' retrieved from /Library/Frameworks/Python.framework/Versions/3.10/lib/python3.10/site-packages/airflow/example_dags/example_branch_operator.py
[2024-05-06T00:23:24.802+0700] {logging_mixin.py:188} INFO - [2024-05-06T00:23:24.802+0700] {dag.py:3096} INFO - Sync 1 DAGs
[2024-05-06T00:23:24.813+0700] {logging_mixin.py:188} INFO - [2024-05-06T00:23:24.813+0700] {dag.py:3954} INFO - Setting next_dagrun for example_branch_operator to 2024-05-04 00:00:00+00:00, run_after=2024-05-05 00:00:00+00:00
[2024-05-06T00:23:24.826+0700] {processor.py:183} INFO - Processing /Library/Frameworks/Python.framework/Versions/3.10/lib/python3.10/site-packages/airflow/example_dags/example_branch_operator.py took 0.250 seconds
[2024-05-06T00:26:00.890+0700] {processor.py:161} INFO - Started process (PID=69588) to work on /Library/Frameworks/Python.framework/Versions/3.10/lib/python3.10/site-packages/airflow/example_dags/example_branch_operator.py
[2024-05-06T00:26:00.891+0700] {processor.py:830} INFO - Processing file /Library/Frameworks/Python.framework/Versions/3.10/lib/python3.10/site-packages/airflow/example_dags/example_branch_operator.py for tasks to queue
[2024-05-06T00:26:00.891+0700] {logging_mixin.py:188} INFO - [2024-05-06T00:26:00.891+0700] {dagbag.py:540} INFO - Filling up the DagBag from /Library/Frameworks/Python.framework/Versions/3.10/lib/python3.10/site-packages/airflow/example_dags/example_branch_operator.py
[2024-05-06T00:26:00.912+0700] {processor.py:840} INFO - DAG(s) 'example_branch_operator' retrieved from /Library/Frameworks/Python.framework/Versions/3.10/lib/python3.10/site-packages/airflow/example_dags/example_branch_operator.py
[2024-05-06T00:26:01.057+0700] {logging_mixin.py:188} INFO - [2024-05-06T00:26:01.057+0700] {dag.py:3096} INFO - Sync 1 DAGs
[2024-05-06T00:26:01.066+0700] {logging_mixin.py:188} INFO - [2024-05-06T00:26:01.066+0700] {dag.py:3954} INFO - Setting next_dagrun for example_branch_operator to 2024-05-04 00:00:00+00:00, run_after=2024-05-05 00:00:00+00:00
[2024-05-06T00:26:01.078+0700] {processor.py:183} INFO - Processing /Library/Frameworks/Python.framework/Versions/3.10/lib/python3.10/site-packages/airflow/example_dags/example_branch_operator.py took 0.190 seconds
[2024-05-06T00:28:35.006+0700] {processor.py:161} INFO - Started process (PID=70285) to work on /Library/Frameworks/Python.framework/Versions/3.10/lib/python3.10/site-packages/airflow/example_dags/example_branch_operator.py
[2024-05-06T00:28:35.006+0700] {processor.py:830} INFO - Processing file /Library/Frameworks/Python.framework/Versions/3.10/lib/python3.10/site-packages/airflow/example_dags/example_branch_operator.py for tasks to queue
[2024-05-06T00:28:35.007+0700] {logging_mixin.py:188} INFO - [2024-05-06T00:28:35.007+0700] {dagbag.py:540} INFO - Filling up the DagBag from /Library/Frameworks/Python.framework/Versions/3.10/lib/python3.10/site-packages/airflow/example_dags/example_branch_operator.py
[2024-05-06T00:28:35.028+0700] {processor.py:840} INFO - DAG(s) 'example_branch_operator' retrieved from /Library/Frameworks/Python.framework/Versions/3.10/lib/python3.10/site-packages/airflow/example_dags/example_branch_operator.py
[2024-05-06T00:28:35.177+0700] {logging_mixin.py:188} INFO - [2024-05-06T00:28:35.177+0700] {dag.py:3096} INFO - Sync 1 DAGs
[2024-05-06T00:28:35.187+0700] {logging_mixin.py:188} INFO - [2024-05-06T00:28:35.187+0700] {dag.py:3954} INFO - Setting next_dagrun for example_branch_operator to 2024-05-04 00:00:00+00:00, run_after=2024-05-05 00:00:00+00:00
[2024-05-06T00:28:35.199+0700] {processor.py:183} INFO - Processing /Library/Frameworks/Python.framework/Versions/3.10/lib/python3.10/site-packages/airflow/example_dags/example_branch_operator.py took 0.195 seconds
[2024-05-06T04:32:37.421+0700] {processor.py:161} INFO - Started process (PID=71974) to work on /Library/Frameworks/Python.framework/Versions/3.10/lib/python3.10/site-packages/airflow/example_dags/example_branch_operator.py
[2024-05-06T04:32:37.421+0700] {processor.py:830} INFO - Processing file /Library/Frameworks/Python.framework/Versions/3.10/lib/python3.10/site-packages/airflow/example_dags/example_branch_operator.py for tasks to queue
[2024-05-06T04:32:37.422+0700] {logging_mixin.py:188} INFO - [2024-05-06T04:32:37.422+0700] {dagbag.py:540} INFO - Filling up the DagBag from /Library/Frameworks/Python.framework/Versions/3.10/lib/python3.10/site-packages/airflow/example_dags/example_branch_operator.py
[2024-05-06T04:32:37.444+0700] {processor.py:840} INFO - DAG(s) 'example_branch_operator' retrieved from /Library/Frameworks/Python.framework/Versions/3.10/lib/python3.10/site-packages/airflow/example_dags/example_branch_operator.py
[2024-05-06T04:32:37.592+0700] {logging_mixin.py:188} INFO - [2024-05-06T04:32:37.591+0700] {dag.py:3096} INFO - Sync 1 DAGs
[2024-05-06T04:32:37.601+0700] {logging_mixin.py:188} INFO - [2024-05-06T04:32:37.601+0700] {dag.py:3954} INFO - Setting next_dagrun for example_branch_operator to 2024-05-04 00:00:00+00:00, run_after=2024-05-05 00:00:00+00:00
[2024-05-06T04:32:37.613+0700] {processor.py:183} INFO - Processing /Library/Frameworks/Python.framework/Versions/3.10/lib/python3.10/site-packages/airflow/example_dags/example_branch_operator.py took 0.194 seconds
