[2024-04-16T20:51:55.720+0700] {processor.py:161} INFO - Started process (PID=53935) to work on /opt/homebrew/Caskroom/miniconda/base/lib/python3.11/site-packages/airflow/example_dags/subdags/subdag.py
[2024-04-16T20:51:55.720+0700] {processor.py:830} INFO - Processing file /opt/homebrew/Caskroom/miniconda/base/lib/python3.11/site-packages/airflow/example_dags/subdags/subdag.py for tasks to queue
[2024-04-16T20:51:55.721+0700] {logging_mixin.py:188} INFO - [2024-04-16T20:51:55.720+0700] {dagbag.py:540} INFO - Filling up the DagBag from /opt/homebrew/Caskroom/miniconda/base/lib/python3.11/site-packages/airflow/example_dags/subdags/subdag.py
[2024-04-16T20:51:55.722+0700] {processor.py:842} WARNING - No viable dags retrieved from /opt/homebrew/Caskroom/miniconda/base/lib/python3.11/site-packages/airflow/example_dags/subdags/subdag.py
[2024-04-16T20:51:55.769+0700] {processor.py:183} INFO - Processing /opt/homebrew/Caskroom/miniconda/base/lib/python3.11/site-packages/airflow/example_dags/subdags/subdag.py took 0.051 seconds
[2024-04-16T20:53:52.217+0700] {processor.py:161} INFO - Started process (PID=54569) to work on /opt/homebrew/Caskroom/miniconda/base/lib/python3.11/site-packages/airflow/example_dags/subdags/subdag.py
[2024-04-16T20:53:52.218+0700] {processor.py:830} INFO - Processing file /opt/homebrew/Caskroom/miniconda/base/lib/python3.11/site-packages/airflow/example_dags/subdags/subdag.py for tasks to queue
[2024-04-16T20:53:52.218+0700] {logging_mixin.py:188} INFO - [2024-04-16T20:53:52.218+0700] {dagbag.py:540} INFO - Filling up the DagBag from /opt/homebrew/Caskroom/miniconda/base/lib/python3.11/site-packages/airflow/example_dags/subdags/subdag.py
[2024-04-16T20:53:52.220+0700] {processor.py:842} WARNING - No viable dags retrieved from /opt/homebrew/Caskroom/miniconda/base/lib/python3.11/site-packages/airflow/example_dags/subdags/subdag.py
[2024-04-16T20:53:52.266+0700] {processor.py:183} INFO - Processing /opt/homebrew/Caskroom/miniconda/base/lib/python3.11/site-packages/airflow/example_dags/subdags/subdag.py took 0.051 seconds
[2024-04-16T20:55:10.419+0700] {processor.py:161} INFO - Started process (PID=54926) to work on /opt/homebrew/Caskroom/miniconda/base/lib/python3.11/site-packages/airflow/example_dags/subdags/subdag.py
[2024-04-16T20:55:10.420+0700] {processor.py:830} INFO - Processing file /opt/homebrew/Caskroom/miniconda/base/lib/python3.11/site-packages/airflow/example_dags/subdags/subdag.py for tasks to queue
[2024-04-16T20:55:10.421+0700] {logging_mixin.py:188} INFO - [2024-04-16T20:55:10.421+0700] {dagbag.py:540} INFO - Filling up the DagBag from /opt/homebrew/Caskroom/miniconda/base/lib/python3.11/site-packages/airflow/example_dags/subdags/subdag.py
[2024-04-16T20:55:10.422+0700] {processor.py:842} WARNING - No viable dags retrieved from /opt/homebrew/Caskroom/miniconda/base/lib/python3.11/site-packages/airflow/example_dags/subdags/subdag.py
[2024-04-16T20:55:10.469+0700] {processor.py:183} INFO - Processing /opt/homebrew/Caskroom/miniconda/base/lib/python3.11/site-packages/airflow/example_dags/subdags/subdag.py took 0.051 seconds
[2024-04-16T20:56:23.323+0700] {processor.py:161} INFO - Started process (PID=55254) to work on /opt/homebrew/Caskroom/miniconda/base/lib/python3.11/site-packages/airflow/example_dags/subdags/subdag.py
[2024-04-16T20:56:23.324+0700] {processor.py:830} INFO - Processing file /opt/homebrew/Caskroom/miniconda/base/lib/python3.11/site-packages/airflow/example_dags/subdags/subdag.py for tasks to queue
[2024-04-16T20:56:23.324+0700] {logging_mixin.py:188} INFO - [2024-04-16T20:56:23.324+0700] {dagbag.py:540} INFO - Filling up the DagBag from /opt/homebrew/Caskroom/miniconda/base/lib/python3.11/site-packages/airflow/example_dags/subdags/subdag.py
[2024-04-16T20:56:23.326+0700] {processor.py:842} WARNING - No viable dags retrieved from /opt/homebrew/Caskroom/miniconda/base/lib/python3.11/site-packages/airflow/example_dags/subdags/subdag.py
[2024-04-16T20:56:23.374+0700] {processor.py:183} INFO - Processing /opt/homebrew/Caskroom/miniconda/base/lib/python3.11/site-packages/airflow/example_dags/subdags/subdag.py took 0.052 seconds
[2024-04-16T20:57:41.939+0700] {processor.py:161} INFO - Started process (PID=55604) to work on /opt/homebrew/Caskroom/miniconda/base/lib/python3.11/site-packages/airflow/example_dags/subdags/subdag.py
[2024-04-16T20:57:41.940+0700] {processor.py:830} INFO - Processing file /opt/homebrew/Caskroom/miniconda/base/lib/python3.11/site-packages/airflow/example_dags/subdags/subdag.py for tasks to queue
[2024-04-16T20:57:41.940+0700] {logging_mixin.py:188} INFO - [2024-04-16T20:57:41.940+0700] {dagbag.py:540} INFO - Filling up the DagBag from /opt/homebrew/Caskroom/miniconda/base/lib/python3.11/site-packages/airflow/example_dags/subdags/subdag.py
[2024-04-16T20:57:41.942+0700] {processor.py:842} WARNING - No viable dags retrieved from /opt/homebrew/Caskroom/miniconda/base/lib/python3.11/site-packages/airflow/example_dags/subdags/subdag.py
[2024-04-16T20:57:41.989+0700] {processor.py:183} INFO - Processing /opt/homebrew/Caskroom/miniconda/base/lib/python3.11/site-packages/airflow/example_dags/subdags/subdag.py took 0.051 seconds
[2024-04-16T20:58:58.037+0700] {processor.py:161} INFO - Started process (PID=55951) to work on /opt/homebrew/Caskroom/miniconda/base/lib/python3.11/site-packages/airflow/example_dags/subdags/subdag.py
[2024-04-16T20:58:58.038+0700] {processor.py:830} INFO - Processing file /opt/homebrew/Caskroom/miniconda/base/lib/python3.11/site-packages/airflow/example_dags/subdags/subdag.py for tasks to queue
[2024-04-16T20:58:58.038+0700] {logging_mixin.py:188} INFO - [2024-04-16T20:58:58.038+0700] {dagbag.py:540} INFO - Filling up the DagBag from /opt/homebrew/Caskroom/miniconda/base/lib/python3.11/site-packages/airflow/example_dags/subdags/subdag.py
[2024-04-16T20:58:58.040+0700] {processor.py:842} WARNING - No viable dags retrieved from /opt/homebrew/Caskroom/miniconda/base/lib/python3.11/site-packages/airflow/example_dags/subdags/subdag.py
[2024-04-16T20:58:58.088+0700] {processor.py:183} INFO - Processing /opt/homebrew/Caskroom/miniconda/base/lib/python3.11/site-packages/airflow/example_dags/subdags/subdag.py took 0.053 seconds
[2024-04-16T21:00:15.420+0700] {processor.py:161} INFO - Started process (PID=56299) to work on /opt/homebrew/Caskroom/miniconda/base/lib/python3.11/site-packages/airflow/example_dags/subdags/subdag.py
[2024-04-16T21:00:15.421+0700] {processor.py:830} INFO - Processing file /opt/homebrew/Caskroom/miniconda/base/lib/python3.11/site-packages/airflow/example_dags/subdags/subdag.py for tasks to queue
[2024-04-16T21:00:15.422+0700] {logging_mixin.py:188} INFO - [2024-04-16T21:00:15.422+0700] {dagbag.py:540} INFO - Filling up the DagBag from /opt/homebrew/Caskroom/miniconda/base/lib/python3.11/site-packages/airflow/example_dags/subdags/subdag.py
[2024-04-16T21:00:15.423+0700] {processor.py:842} WARNING - No viable dags retrieved from /opt/homebrew/Caskroom/miniconda/base/lib/python3.11/site-packages/airflow/example_dags/subdags/subdag.py
[2024-04-16T21:00:15.470+0700] {processor.py:183} INFO - Processing /opt/homebrew/Caskroom/miniconda/base/lib/python3.11/site-packages/airflow/example_dags/subdags/subdag.py took 0.052 seconds
[2024-04-16T21:01:32.149+0700] {processor.py:161} INFO - Started process (PID=56643) to work on /opt/homebrew/Caskroom/miniconda/base/lib/python3.11/site-packages/airflow/example_dags/subdags/subdag.py
[2024-04-16T21:01:32.149+0700] {processor.py:830} INFO - Processing file /opt/homebrew/Caskroom/miniconda/base/lib/python3.11/site-packages/airflow/example_dags/subdags/subdag.py for tasks to queue
[2024-04-16T21:01:32.150+0700] {logging_mixin.py:188} INFO - [2024-04-16T21:01:32.150+0700] {dagbag.py:540} INFO - Filling up the DagBag from /opt/homebrew/Caskroom/miniconda/base/lib/python3.11/site-packages/airflow/example_dags/subdags/subdag.py
[2024-04-16T21:01:32.152+0700] {processor.py:842} WARNING - No viable dags retrieved from /opt/homebrew/Caskroom/miniconda/base/lib/python3.11/site-packages/airflow/example_dags/subdags/subdag.py
[2024-04-16T21:01:32.209+0700] {processor.py:183} INFO - Processing /opt/homebrew/Caskroom/miniconda/base/lib/python3.11/site-packages/airflow/example_dags/subdags/subdag.py took 0.062 seconds
[2024-04-16T21:02:49.155+0700] {processor.py:161} INFO - Started process (PID=56994) to work on /opt/homebrew/Caskroom/miniconda/base/lib/python3.11/site-packages/airflow/example_dags/subdags/subdag.py
[2024-04-16T21:02:49.156+0700] {processor.py:830} INFO - Processing file /opt/homebrew/Caskroom/miniconda/base/lib/python3.11/site-packages/airflow/example_dags/subdags/subdag.py for tasks to queue
[2024-04-16T21:02:49.157+0700] {logging_mixin.py:188} INFO - [2024-04-16T21:02:49.157+0700] {dagbag.py:540} INFO - Filling up the DagBag from /opt/homebrew/Caskroom/miniconda/base/lib/python3.11/site-packages/airflow/example_dags/subdags/subdag.py
[2024-04-16T21:02:49.159+0700] {processor.py:842} WARNING - No viable dags retrieved from /opt/homebrew/Caskroom/miniconda/base/lib/python3.11/site-packages/airflow/example_dags/subdags/subdag.py
[2024-04-16T21:02:49.205+0700] {processor.py:183} INFO - Processing /opt/homebrew/Caskroom/miniconda/base/lib/python3.11/site-packages/airflow/example_dags/subdags/subdag.py took 0.052 seconds
[2024-04-16T21:04:05.115+0700] {processor.py:161} INFO - Started process (PID=57343) to work on /opt/homebrew/Caskroom/miniconda/base/lib/python3.11/site-packages/airflow/example_dags/subdags/subdag.py
[2024-04-16T21:04:05.117+0700] {processor.py:830} INFO - Processing file /opt/homebrew/Caskroom/miniconda/base/lib/python3.11/site-packages/airflow/example_dags/subdags/subdag.py for tasks to queue
[2024-04-16T21:04:05.117+0700] {logging_mixin.py:188} INFO - [2024-04-16T21:04:05.117+0700] {dagbag.py:540} INFO - Filling up the DagBag from /opt/homebrew/Caskroom/miniconda/base/lib/python3.11/site-packages/airflow/example_dags/subdags/subdag.py
[2024-04-16T21:04:05.118+0700] {processor.py:842} WARNING - No viable dags retrieved from /opt/homebrew/Caskroom/miniconda/base/lib/python3.11/site-packages/airflow/example_dags/subdags/subdag.py
[2024-04-16T21:04:05.165+0700] {processor.py:183} INFO - Processing /opt/homebrew/Caskroom/miniconda/base/lib/python3.11/site-packages/airflow/example_dags/subdags/subdag.py took 0.052 seconds
[2024-04-16T21:05:21.680+0700] {processor.py:161} INFO - Started process (PID=57683) to work on /opt/homebrew/Caskroom/miniconda/base/lib/python3.11/site-packages/airflow/example_dags/subdags/subdag.py
[2024-04-16T21:05:21.681+0700] {processor.py:830} INFO - Processing file /opt/homebrew/Caskroom/miniconda/base/lib/python3.11/site-packages/airflow/example_dags/subdags/subdag.py for tasks to queue
[2024-04-16T21:05:21.682+0700] {logging_mixin.py:188} INFO - [2024-04-16T21:05:21.682+0700] {dagbag.py:540} INFO - Filling up the DagBag from /opt/homebrew/Caskroom/miniconda/base/lib/python3.11/site-packages/airflow/example_dags/subdags/subdag.py
[2024-04-16T21:05:21.683+0700] {processor.py:842} WARNING - No viable dags retrieved from /opt/homebrew/Caskroom/miniconda/base/lib/python3.11/site-packages/airflow/example_dags/subdags/subdag.py
[2024-04-16T21:05:21.735+0700] {processor.py:183} INFO - Processing /opt/homebrew/Caskroom/miniconda/base/lib/python3.11/site-packages/airflow/example_dags/subdags/subdag.py took 0.057 seconds
[2024-04-16T21:06:38.771+0700] {processor.py:161} INFO - Started process (PID=58028) to work on /opt/homebrew/Caskroom/miniconda/base/lib/python3.11/site-packages/airflow/example_dags/subdags/subdag.py
[2024-04-16T21:06:38.772+0700] {processor.py:830} INFO - Processing file /opt/homebrew/Caskroom/miniconda/base/lib/python3.11/site-packages/airflow/example_dags/subdags/subdag.py for tasks to queue
[2024-04-16T21:06:38.772+0700] {logging_mixin.py:188} INFO - [2024-04-16T21:06:38.772+0700] {dagbag.py:540} INFO - Filling up the DagBag from /opt/homebrew/Caskroom/miniconda/base/lib/python3.11/site-packages/airflow/example_dags/subdags/subdag.py
[2024-04-16T21:06:38.774+0700] {processor.py:842} WARNING - No viable dags retrieved from /opt/homebrew/Caskroom/miniconda/base/lib/python3.11/site-packages/airflow/example_dags/subdags/subdag.py
[2024-04-16T21:06:38.820+0700] {processor.py:183} INFO - Processing /opt/homebrew/Caskroom/miniconda/base/lib/python3.11/site-packages/airflow/example_dags/subdags/subdag.py took 0.051 seconds
[2024-04-16T21:07:54.896+0700] {processor.py:161} INFO - Started process (PID=58389) to work on /opt/homebrew/Caskroom/miniconda/base/lib/python3.11/site-packages/airflow/example_dags/subdags/subdag.py
[2024-04-16T21:07:54.897+0700] {processor.py:830} INFO - Processing file /opt/homebrew/Caskroom/miniconda/base/lib/python3.11/site-packages/airflow/example_dags/subdags/subdag.py for tasks to queue
[2024-04-16T21:07:54.898+0700] {logging_mixin.py:188} INFO - [2024-04-16T21:07:54.897+0700] {dagbag.py:540} INFO - Filling up the DagBag from /opt/homebrew/Caskroom/miniconda/base/lib/python3.11/site-packages/airflow/example_dags/subdags/subdag.py
[2024-04-16T21:07:54.899+0700] {processor.py:842} WARNING - No viable dags retrieved from /opt/homebrew/Caskroom/miniconda/base/lib/python3.11/site-packages/airflow/example_dags/subdags/subdag.py
[2024-04-16T21:07:54.947+0700] {processor.py:183} INFO - Processing /opt/homebrew/Caskroom/miniconda/base/lib/python3.11/site-packages/airflow/example_dags/subdags/subdag.py took 0.053 seconds
[2024-04-16T21:09:13.067+0700] {processor.py:161} INFO - Started process (PID=58745) to work on /opt/homebrew/Caskroom/miniconda/base/lib/python3.11/site-packages/airflow/example_dags/subdags/subdag.py
[2024-04-16T21:09:13.067+0700] {processor.py:830} INFO - Processing file /opt/homebrew/Caskroom/miniconda/base/lib/python3.11/site-packages/airflow/example_dags/subdags/subdag.py for tasks to queue
[2024-04-16T21:09:13.068+0700] {logging_mixin.py:188} INFO - [2024-04-16T21:09:13.068+0700] {dagbag.py:540} INFO - Filling up the DagBag from /opt/homebrew/Caskroom/miniconda/base/lib/python3.11/site-packages/airflow/example_dags/subdags/subdag.py
[2024-04-16T21:09:13.069+0700] {processor.py:842} WARNING - No viable dags retrieved from /opt/homebrew/Caskroom/miniconda/base/lib/python3.11/site-packages/airflow/example_dags/subdags/subdag.py
[2024-04-16T21:09:13.117+0700] {processor.py:183} INFO - Processing /opt/homebrew/Caskroom/miniconda/base/lib/python3.11/site-packages/airflow/example_dags/subdags/subdag.py took 0.052 seconds
[2024-04-16T21:10:32.557+0700] {processor.py:161} INFO - Started process (PID=59103) to work on /opt/homebrew/Caskroom/miniconda/base/lib/python3.11/site-packages/airflow/example_dags/subdags/subdag.py
[2024-04-16T21:10:32.559+0700] {processor.py:830} INFO - Processing file /opt/homebrew/Caskroom/miniconda/base/lib/python3.11/site-packages/airflow/example_dags/subdags/subdag.py for tasks to queue
[2024-04-16T21:10:32.559+0700] {logging_mixin.py:188} INFO - [2024-04-16T21:10:32.559+0700] {dagbag.py:540} INFO - Filling up the DagBag from /opt/homebrew/Caskroom/miniconda/base/lib/python3.11/site-packages/airflow/example_dags/subdags/subdag.py
[2024-04-16T21:10:32.561+0700] {processor.py:842} WARNING - No viable dags retrieved from /opt/homebrew/Caskroom/miniconda/base/lib/python3.11/site-packages/airflow/example_dags/subdags/subdag.py
[2024-04-16T21:10:32.608+0700] {processor.py:183} INFO - Processing /opt/homebrew/Caskroom/miniconda/base/lib/python3.11/site-packages/airflow/example_dags/subdags/subdag.py took 0.053 seconds
[2024-04-16T21:11:51.000+0700] {processor.py:161} INFO - Started process (PID=59455) to work on /opt/homebrew/Caskroom/miniconda/base/lib/python3.11/site-packages/airflow/example_dags/subdags/subdag.py
[2024-04-16T21:11:51.001+0700] {processor.py:830} INFO - Processing file /opt/homebrew/Caskroom/miniconda/base/lib/python3.11/site-packages/airflow/example_dags/subdags/subdag.py for tasks to queue
[2024-04-16T21:11:51.002+0700] {logging_mixin.py:188} INFO - [2024-04-16T21:11:51.001+0700] {dagbag.py:540} INFO - Filling up the DagBag from /opt/homebrew/Caskroom/miniconda/base/lib/python3.11/site-packages/airflow/example_dags/subdags/subdag.py
[2024-04-16T21:11:51.003+0700] {processor.py:842} WARNING - No viable dags retrieved from /opt/homebrew/Caskroom/miniconda/base/lib/python3.11/site-packages/airflow/example_dags/subdags/subdag.py
[2024-04-16T21:11:51.051+0700] {processor.py:183} INFO - Processing /opt/homebrew/Caskroom/miniconda/base/lib/python3.11/site-packages/airflow/example_dags/subdags/subdag.py took 0.053 seconds
[2024-04-16T21:13:08.989+0700] {processor.py:161} INFO - Started process (PID=59820) to work on /opt/homebrew/Caskroom/miniconda/base/lib/python3.11/site-packages/airflow/example_dags/subdags/subdag.py
[2024-04-16T21:13:08.990+0700] {processor.py:830} INFO - Processing file /opt/homebrew/Caskroom/miniconda/base/lib/python3.11/site-packages/airflow/example_dags/subdags/subdag.py for tasks to queue
[2024-04-16T21:13:08.990+0700] {logging_mixin.py:188} INFO - [2024-04-16T21:13:08.990+0700] {dagbag.py:540} INFO - Filling up the DagBag from /opt/homebrew/Caskroom/miniconda/base/lib/python3.11/site-packages/airflow/example_dags/subdags/subdag.py
[2024-04-16T21:13:08.992+0700] {processor.py:842} WARNING - No viable dags retrieved from /opt/homebrew/Caskroom/miniconda/base/lib/python3.11/site-packages/airflow/example_dags/subdags/subdag.py
[2024-04-16T21:13:09.039+0700] {processor.py:183} INFO - Processing /opt/homebrew/Caskroom/miniconda/base/lib/python3.11/site-packages/airflow/example_dags/subdags/subdag.py took 0.052 seconds
[2024-04-16T21:14:28.277+0700] {processor.py:161} INFO - Started process (PID=60192) to work on /opt/homebrew/Caskroom/miniconda/base/lib/python3.11/site-packages/airflow/example_dags/subdags/subdag.py
[2024-04-16T21:14:28.278+0700] {processor.py:830} INFO - Processing file /opt/homebrew/Caskroom/miniconda/base/lib/python3.11/site-packages/airflow/example_dags/subdags/subdag.py for tasks to queue
[2024-04-16T21:14:28.279+0700] {logging_mixin.py:188} INFO - [2024-04-16T21:14:28.279+0700] {dagbag.py:540} INFO - Filling up the DagBag from /opt/homebrew/Caskroom/miniconda/base/lib/python3.11/site-packages/airflow/example_dags/subdags/subdag.py
[2024-04-16T21:14:28.280+0700] {processor.py:842} WARNING - No viable dags retrieved from /opt/homebrew/Caskroom/miniconda/base/lib/python3.11/site-packages/airflow/example_dags/subdags/subdag.py
[2024-04-16T21:14:28.327+0700] {processor.py:183} INFO - Processing /opt/homebrew/Caskroom/miniconda/base/lib/python3.11/site-packages/airflow/example_dags/subdags/subdag.py took 0.051 seconds
[2024-04-16T21:15:47.242+0700] {processor.py:161} INFO - Started process (PID=60550) to work on /opt/homebrew/Caskroom/miniconda/base/lib/python3.11/site-packages/airflow/example_dags/subdags/subdag.py
[2024-04-16T21:15:47.243+0700] {processor.py:830} INFO - Processing file /opt/homebrew/Caskroom/miniconda/base/lib/python3.11/site-packages/airflow/example_dags/subdags/subdag.py for tasks to queue
[2024-04-16T21:15:47.243+0700] {logging_mixin.py:188} INFO - [2024-04-16T21:15:47.243+0700] {dagbag.py:540} INFO - Filling up the DagBag from /opt/homebrew/Caskroom/miniconda/base/lib/python3.11/site-packages/airflow/example_dags/subdags/subdag.py
[2024-04-16T21:15:47.245+0700] {processor.py:842} WARNING - No viable dags retrieved from /opt/homebrew/Caskroom/miniconda/base/lib/python3.11/site-packages/airflow/example_dags/subdags/subdag.py
[2024-04-16T21:15:47.294+0700] {processor.py:183} INFO - Processing /opt/homebrew/Caskroom/miniconda/base/lib/python3.11/site-packages/airflow/example_dags/subdags/subdag.py took 0.054 seconds
[2024-04-16T21:17:03.380+0700] {processor.py:161} INFO - Started process (PID=60898) to work on /opt/homebrew/Caskroom/miniconda/base/lib/python3.11/site-packages/airflow/example_dags/subdags/subdag.py
[2024-04-16T21:17:03.381+0700] {processor.py:830} INFO - Processing file /opt/homebrew/Caskroom/miniconda/base/lib/python3.11/site-packages/airflow/example_dags/subdags/subdag.py for tasks to queue
[2024-04-16T21:17:03.381+0700] {logging_mixin.py:188} INFO - [2024-04-16T21:17:03.381+0700] {dagbag.py:540} INFO - Filling up the DagBag from /opt/homebrew/Caskroom/miniconda/base/lib/python3.11/site-packages/airflow/example_dags/subdags/subdag.py
[2024-04-16T21:17:03.383+0700] {processor.py:842} WARNING - No viable dags retrieved from /opt/homebrew/Caskroom/miniconda/base/lib/python3.11/site-packages/airflow/example_dags/subdags/subdag.py
[2024-04-16T21:17:03.430+0700] {processor.py:183} INFO - Processing /opt/homebrew/Caskroom/miniconda/base/lib/python3.11/site-packages/airflow/example_dags/subdags/subdag.py took 0.052 seconds
[2024-04-16T21:18:19.601+0700] {processor.py:161} INFO - Started process (PID=61256) to work on /opt/homebrew/Caskroom/miniconda/base/lib/python3.11/site-packages/airflow/example_dags/subdags/subdag.py
[2024-04-16T21:18:19.602+0700] {processor.py:830} INFO - Processing file /opt/homebrew/Caskroom/miniconda/base/lib/python3.11/site-packages/airflow/example_dags/subdags/subdag.py for tasks to queue
[2024-04-16T21:18:19.603+0700] {logging_mixin.py:188} INFO - [2024-04-16T21:18:19.602+0700] {dagbag.py:540} INFO - Filling up the DagBag from /opt/homebrew/Caskroom/miniconda/base/lib/python3.11/site-packages/airflow/example_dags/subdags/subdag.py
[2024-04-16T21:18:19.604+0700] {processor.py:842} WARNING - No viable dags retrieved from /opt/homebrew/Caskroom/miniconda/base/lib/python3.11/site-packages/airflow/example_dags/subdags/subdag.py
[2024-04-16T21:18:19.651+0700] {processor.py:183} INFO - Processing /opt/homebrew/Caskroom/miniconda/base/lib/python3.11/site-packages/airflow/example_dags/subdags/subdag.py took 0.051 seconds
[2024-04-16T21:19:35.546+0700] {processor.py:161} INFO - Started process (PID=61611) to work on /opt/homebrew/Caskroom/miniconda/base/lib/python3.11/site-packages/airflow/example_dags/subdags/subdag.py
[2024-04-16T21:19:35.547+0700] {processor.py:830} INFO - Processing file /opt/homebrew/Caskroom/miniconda/base/lib/python3.11/site-packages/airflow/example_dags/subdags/subdag.py for tasks to queue
[2024-04-16T21:19:35.547+0700] {logging_mixin.py:188} INFO - [2024-04-16T21:19:35.547+0700] {dagbag.py:540} INFO - Filling up the DagBag from /opt/homebrew/Caskroom/miniconda/base/lib/python3.11/site-packages/airflow/example_dags/subdags/subdag.py
[2024-04-16T21:19:35.549+0700] {processor.py:842} WARNING - No viable dags retrieved from /opt/homebrew/Caskroom/miniconda/base/lib/python3.11/site-packages/airflow/example_dags/subdags/subdag.py
[2024-04-16T21:19:35.599+0700] {processor.py:183} INFO - Processing /opt/homebrew/Caskroom/miniconda/base/lib/python3.11/site-packages/airflow/example_dags/subdags/subdag.py took 0.055 seconds
[2024-04-16T21:20:53.049+0700] {processor.py:161} INFO - Started process (PID=61961) to work on /opt/homebrew/Caskroom/miniconda/base/lib/python3.11/site-packages/airflow/example_dags/subdags/subdag.py
[2024-04-16T21:20:53.050+0700] {processor.py:830} INFO - Processing file /opt/homebrew/Caskroom/miniconda/base/lib/python3.11/site-packages/airflow/example_dags/subdags/subdag.py for tasks to queue
[2024-04-16T21:20:53.050+0700] {logging_mixin.py:188} INFO - [2024-04-16T21:20:53.050+0700] {dagbag.py:540} INFO - Filling up the DagBag from /opt/homebrew/Caskroom/miniconda/base/lib/python3.11/site-packages/airflow/example_dags/subdags/subdag.py
[2024-04-16T21:20:53.052+0700] {processor.py:842} WARNING - No viable dags retrieved from /opt/homebrew/Caskroom/miniconda/base/lib/python3.11/site-packages/airflow/example_dags/subdags/subdag.py
[2024-04-16T21:20:53.098+0700] {processor.py:183} INFO - Processing /opt/homebrew/Caskroom/miniconda/base/lib/python3.11/site-packages/airflow/example_dags/subdags/subdag.py took 0.051 seconds
[2024-04-16T21:22:16.974+0700] {processor.py:161} INFO - Started process (PID=62633) to work on /opt/homebrew/Caskroom/miniconda/base/lib/python3.11/site-packages/airflow/example_dags/subdags/subdag.py
[2024-04-16T21:22:16.975+0700] {processor.py:830} INFO - Processing file /opt/homebrew/Caskroom/miniconda/base/lib/python3.11/site-packages/airflow/example_dags/subdags/subdag.py for tasks to queue
[2024-04-16T21:22:16.975+0700] {logging_mixin.py:188} INFO - [2024-04-16T21:22:16.975+0700] {dagbag.py:540} INFO - Filling up the DagBag from /opt/homebrew/Caskroom/miniconda/base/lib/python3.11/site-packages/airflow/example_dags/subdags/subdag.py
[2024-04-16T21:22:16.977+0700] {processor.py:842} WARNING - No viable dags retrieved from /opt/homebrew/Caskroom/miniconda/base/lib/python3.11/site-packages/airflow/example_dags/subdags/subdag.py
[2024-04-16T21:22:17.027+0700] {processor.py:183} INFO - Processing /opt/homebrew/Caskroom/miniconda/base/lib/python3.11/site-packages/airflow/example_dags/subdags/subdag.py took 0.055 seconds
[2024-04-16T21:23:52.239+0700] {processor.py:161} INFO - Started process (PID=63450) to work on /opt/homebrew/Caskroom/miniconda/base/lib/python3.11/site-packages/airflow/example_dags/subdags/subdag.py
[2024-04-16T21:23:52.240+0700] {processor.py:830} INFO - Processing file /opt/homebrew/Caskroom/miniconda/base/lib/python3.11/site-packages/airflow/example_dags/subdags/subdag.py for tasks to queue
[2024-04-16T21:23:52.240+0700] {logging_mixin.py:188} INFO - [2024-04-16T21:23:52.240+0700] {dagbag.py:540} INFO - Filling up the DagBag from /opt/homebrew/Caskroom/miniconda/base/lib/python3.11/site-packages/airflow/example_dags/subdags/subdag.py
[2024-04-16T21:23:52.242+0700] {processor.py:842} WARNING - No viable dags retrieved from /opt/homebrew/Caskroom/miniconda/base/lib/python3.11/site-packages/airflow/example_dags/subdags/subdag.py
[2024-04-16T21:23:52.292+0700] {processor.py:183} INFO - Processing /opt/homebrew/Caskroom/miniconda/base/lib/python3.11/site-packages/airflow/example_dags/subdags/subdag.py took 0.055 seconds
[2024-04-16T21:25:21.816+0700] {processor.py:161} INFO - Started process (PID=63921) to work on /opt/homebrew/Caskroom/miniconda/base/lib/python3.11/site-packages/airflow/example_dags/subdags/subdag.py
[2024-04-16T21:25:21.817+0700] {processor.py:830} INFO - Processing file /opt/homebrew/Caskroom/miniconda/base/lib/python3.11/site-packages/airflow/example_dags/subdags/subdag.py for tasks to queue
[2024-04-16T21:25:21.818+0700] {logging_mixin.py:188} INFO - [2024-04-16T21:25:21.817+0700] {dagbag.py:540} INFO - Filling up the DagBag from /opt/homebrew/Caskroom/miniconda/base/lib/python3.11/site-packages/airflow/example_dags/subdags/subdag.py
[2024-04-16T21:25:21.819+0700] {processor.py:842} WARNING - No viable dags retrieved from /opt/homebrew/Caskroom/miniconda/base/lib/python3.11/site-packages/airflow/example_dags/subdags/subdag.py
[2024-04-16T21:25:21.865+0700] {processor.py:183} INFO - Processing /opt/homebrew/Caskroom/miniconda/base/lib/python3.11/site-packages/airflow/example_dags/subdags/subdag.py took 0.053 seconds
[2024-04-16T21:26:47.627+0700] {processor.py:161} INFO - Started process (PID=64321) to work on /opt/homebrew/Caskroom/miniconda/base/lib/python3.11/site-packages/airflow/example_dags/subdags/subdag.py
[2024-04-16T21:26:47.629+0700] {processor.py:830} INFO - Processing file /opt/homebrew/Caskroom/miniconda/base/lib/python3.11/site-packages/airflow/example_dags/subdags/subdag.py for tasks to queue
[2024-04-16T21:26:47.629+0700] {logging_mixin.py:188} INFO - [2024-04-16T21:26:47.629+0700] {dagbag.py:540} INFO - Filling up the DagBag from /opt/homebrew/Caskroom/miniconda/base/lib/python3.11/site-packages/airflow/example_dags/subdags/subdag.py
[2024-04-16T21:26:47.631+0700] {processor.py:842} WARNING - No viable dags retrieved from /opt/homebrew/Caskroom/miniconda/base/lib/python3.11/site-packages/airflow/example_dags/subdags/subdag.py
[2024-04-16T21:26:47.681+0700] {processor.py:183} INFO - Processing /opt/homebrew/Caskroom/miniconda/base/lib/python3.11/site-packages/airflow/example_dags/subdags/subdag.py took 0.056 seconds
[2024-04-16T21:28:17.358+0700] {processor.py:161} INFO - Started process (PID=64772) to work on /opt/homebrew/Caskroom/miniconda/base/lib/python3.11/site-packages/airflow/example_dags/subdags/subdag.py
[2024-04-16T21:28:17.359+0700] {processor.py:830} INFO - Processing file /opt/homebrew/Caskroom/miniconda/base/lib/python3.11/site-packages/airflow/example_dags/subdags/subdag.py for tasks to queue
[2024-04-16T21:28:17.360+0700] {logging_mixin.py:188} INFO - [2024-04-16T21:28:17.360+0700] {dagbag.py:540} INFO - Filling up the DagBag from /opt/homebrew/Caskroom/miniconda/base/lib/python3.11/site-packages/airflow/example_dags/subdags/subdag.py
[2024-04-16T21:28:17.361+0700] {processor.py:842} WARNING - No viable dags retrieved from /opt/homebrew/Caskroom/miniconda/base/lib/python3.11/site-packages/airflow/example_dags/subdags/subdag.py
[2024-04-16T21:28:17.410+0700] {processor.py:183} INFO - Processing /opt/homebrew/Caskroom/miniconda/base/lib/python3.11/site-packages/airflow/example_dags/subdags/subdag.py took 0.055 seconds
[2024-04-16T21:29:38.267+0700] {processor.py:161} INFO - Started process (PID=65145) to work on /opt/homebrew/Caskroom/miniconda/base/lib/python3.11/site-packages/airflow/example_dags/subdags/subdag.py
[2024-04-16T21:29:38.269+0700] {processor.py:830} INFO - Processing file /opt/homebrew/Caskroom/miniconda/base/lib/python3.11/site-packages/airflow/example_dags/subdags/subdag.py for tasks to queue
[2024-04-16T21:29:38.269+0700] {logging_mixin.py:188} INFO - [2024-04-16T21:29:38.269+0700] {dagbag.py:540} INFO - Filling up the DagBag from /opt/homebrew/Caskroom/miniconda/base/lib/python3.11/site-packages/airflow/example_dags/subdags/subdag.py
[2024-04-16T21:29:38.271+0700] {processor.py:842} WARNING - No viable dags retrieved from /opt/homebrew/Caskroom/miniconda/base/lib/python3.11/site-packages/airflow/example_dags/subdags/subdag.py
[2024-04-16T21:29:38.319+0700] {processor.py:183} INFO - Processing /opt/homebrew/Caskroom/miniconda/base/lib/python3.11/site-packages/airflow/example_dags/subdags/subdag.py took 0.053 seconds
[2024-04-16T21:31:06.665+0700] {processor.py:161} INFO - Started process (PID=65562) to work on /opt/homebrew/Caskroom/miniconda/base/lib/python3.11/site-packages/airflow/example_dags/subdags/subdag.py
[2024-04-16T21:31:06.666+0700] {processor.py:830} INFO - Processing file /opt/homebrew/Caskroom/miniconda/base/lib/python3.11/site-packages/airflow/example_dags/subdags/subdag.py for tasks to queue
[2024-04-16T21:31:06.666+0700] {logging_mixin.py:188} INFO - [2024-04-16T21:31:06.666+0700] {dagbag.py:540} INFO - Filling up the DagBag from /opt/homebrew/Caskroom/miniconda/base/lib/python3.11/site-packages/airflow/example_dags/subdags/subdag.py
[2024-04-16T21:31:06.668+0700] {processor.py:842} WARNING - No viable dags retrieved from /opt/homebrew/Caskroom/miniconda/base/lib/python3.11/site-packages/airflow/example_dags/subdags/subdag.py
[2024-04-16T21:31:06.713+0700] {processor.py:183} INFO - Processing /opt/homebrew/Caskroom/miniconda/base/lib/python3.11/site-packages/airflow/example_dags/subdags/subdag.py took 0.050 seconds
[2024-04-16T21:32:24.629+0700] {processor.py:161} INFO - Started process (PID=65917) to work on /opt/homebrew/Caskroom/miniconda/base/lib/python3.11/site-packages/airflow/example_dags/subdags/subdag.py
[2024-04-16T21:32:24.630+0700] {processor.py:830} INFO - Processing file /opt/homebrew/Caskroom/miniconda/base/lib/python3.11/site-packages/airflow/example_dags/subdags/subdag.py for tasks to queue
[2024-04-16T21:32:24.630+0700] {logging_mixin.py:188} INFO - [2024-04-16T21:32:24.630+0700] {dagbag.py:540} INFO - Filling up the DagBag from /opt/homebrew/Caskroom/miniconda/base/lib/python3.11/site-packages/airflow/example_dags/subdags/subdag.py
[2024-04-16T21:32:24.632+0700] {processor.py:842} WARNING - No viable dags retrieved from /opt/homebrew/Caskroom/miniconda/base/lib/python3.11/site-packages/airflow/example_dags/subdags/subdag.py
[2024-04-16T21:32:24.681+0700] {processor.py:183} INFO - Processing /opt/homebrew/Caskroom/miniconda/base/lib/python3.11/site-packages/airflow/example_dags/subdags/subdag.py took 0.054 seconds
[2024-04-16T21:33:48.548+0700] {processor.py:161} INFO - Started process (PID=66307) to work on /opt/homebrew/Caskroom/miniconda/base/lib/python3.11/site-packages/airflow/example_dags/subdags/subdag.py
[2024-04-16T21:33:48.550+0700] {processor.py:830} INFO - Processing file /opt/homebrew/Caskroom/miniconda/base/lib/python3.11/site-packages/airflow/example_dags/subdags/subdag.py for tasks to queue
[2024-04-16T21:33:48.551+0700] {logging_mixin.py:188} INFO - [2024-04-16T21:33:48.550+0700] {dagbag.py:540} INFO - Filling up the DagBag from /opt/homebrew/Caskroom/miniconda/base/lib/python3.11/site-packages/airflow/example_dags/subdags/subdag.py
[2024-04-16T21:33:48.554+0700] {processor.py:842} WARNING - No viable dags retrieved from /opt/homebrew/Caskroom/miniconda/base/lib/python3.11/site-packages/airflow/example_dags/subdags/subdag.py
[2024-04-16T21:33:48.608+0700] {processor.py:183} INFO - Processing /opt/homebrew/Caskroom/miniconda/base/lib/python3.11/site-packages/airflow/example_dags/subdags/subdag.py took 0.063 seconds
[2024-04-16T21:35:09.792+0700] {processor.py:161} INFO - Started process (PID=66697) to work on /opt/homebrew/Caskroom/miniconda/base/lib/python3.11/site-packages/airflow/example_dags/subdags/subdag.py
[2024-04-16T21:35:09.793+0700] {processor.py:830} INFO - Processing file /opt/homebrew/Caskroom/miniconda/base/lib/python3.11/site-packages/airflow/example_dags/subdags/subdag.py for tasks to queue
[2024-04-16T21:35:09.793+0700] {logging_mixin.py:188} INFO - [2024-04-16T21:35:09.793+0700] {dagbag.py:540} INFO - Filling up the DagBag from /opt/homebrew/Caskroom/miniconda/base/lib/python3.11/site-packages/airflow/example_dags/subdags/subdag.py
[2024-04-16T21:35:09.795+0700] {processor.py:842} WARNING - No viable dags retrieved from /opt/homebrew/Caskroom/miniconda/base/lib/python3.11/site-packages/airflow/example_dags/subdags/subdag.py
[2024-04-16T21:35:09.842+0700] {processor.py:183} INFO - Processing /opt/homebrew/Caskroom/miniconda/base/lib/python3.11/site-packages/airflow/example_dags/subdags/subdag.py took 0.052 seconds
[2024-04-16T21:36:29.115+0700] {processor.py:161} INFO - Started process (PID=67109) to work on /opt/homebrew/Caskroom/miniconda/base/lib/python3.11/site-packages/airflow/example_dags/subdags/subdag.py
[2024-04-16T21:36:29.116+0700] {processor.py:830} INFO - Processing file /opt/homebrew/Caskroom/miniconda/base/lib/python3.11/site-packages/airflow/example_dags/subdags/subdag.py for tasks to queue
[2024-04-16T21:36:29.116+0700] {logging_mixin.py:188} INFO - [2024-04-16T21:36:29.116+0700] {dagbag.py:540} INFO - Filling up the DagBag from /opt/homebrew/Caskroom/miniconda/base/lib/python3.11/site-packages/airflow/example_dags/subdags/subdag.py
[2024-04-16T21:36:29.118+0700] {processor.py:842} WARNING - No viable dags retrieved from /opt/homebrew/Caskroom/miniconda/base/lib/python3.11/site-packages/airflow/example_dags/subdags/subdag.py
[2024-04-16T21:36:29.165+0700] {processor.py:183} INFO - Processing /opt/homebrew/Caskroom/miniconda/base/lib/python3.11/site-packages/airflow/example_dags/subdags/subdag.py took 0.052 seconds
[2024-04-16T21:37:47.341+0700] {processor.py:161} INFO - Started process (PID=67507) to work on /opt/homebrew/Caskroom/miniconda/base/lib/python3.11/site-packages/airflow/example_dags/subdags/subdag.py
[2024-04-16T21:37:47.342+0700] {processor.py:830} INFO - Processing file /opt/homebrew/Caskroom/miniconda/base/lib/python3.11/site-packages/airflow/example_dags/subdags/subdag.py for tasks to queue
[2024-04-16T21:37:47.342+0700] {logging_mixin.py:188} INFO - [2024-04-16T21:37:47.342+0700] {dagbag.py:540} INFO - Filling up the DagBag from /opt/homebrew/Caskroom/miniconda/base/lib/python3.11/site-packages/airflow/example_dags/subdags/subdag.py
[2024-04-16T21:37:47.344+0700] {processor.py:842} WARNING - No viable dags retrieved from /opt/homebrew/Caskroom/miniconda/base/lib/python3.11/site-packages/airflow/example_dags/subdags/subdag.py
[2024-04-16T21:37:47.401+0700] {processor.py:183} INFO - Processing /opt/homebrew/Caskroom/miniconda/base/lib/python3.11/site-packages/airflow/example_dags/subdags/subdag.py took 0.062 seconds
[2024-04-16T21:39:18.961+0700] {processor.py:161} INFO - Started process (PID=68041) to work on /opt/homebrew/Caskroom/miniconda/base/lib/python3.11/site-packages/airflow/example_dags/subdags/subdag.py
[2024-04-16T21:39:18.961+0700] {processor.py:830} INFO - Processing file /opt/homebrew/Caskroom/miniconda/base/lib/python3.11/site-packages/airflow/example_dags/subdags/subdag.py for tasks to queue
[2024-04-16T21:39:18.962+0700] {logging_mixin.py:188} INFO - [2024-04-16T21:39:18.962+0700] {dagbag.py:540} INFO - Filling up the DagBag from /opt/homebrew/Caskroom/miniconda/base/lib/python3.11/site-packages/airflow/example_dags/subdags/subdag.py
[2024-04-16T21:39:18.964+0700] {processor.py:842} WARNING - No viable dags retrieved from /opt/homebrew/Caskroom/miniconda/base/lib/python3.11/site-packages/airflow/example_dags/subdags/subdag.py
[2024-04-16T21:39:19.015+0700] {processor.py:183} INFO - Processing /opt/homebrew/Caskroom/miniconda/base/lib/python3.11/site-packages/airflow/example_dags/subdags/subdag.py took 0.056 seconds
[2024-04-16T21:40:48.428+0700] {processor.py:161} INFO - Started process (PID=68457) to work on /opt/homebrew/Caskroom/miniconda/base/lib/python3.11/site-packages/airflow/example_dags/subdags/subdag.py
[2024-04-16T21:40:48.429+0700] {processor.py:830} INFO - Processing file /opt/homebrew/Caskroom/miniconda/base/lib/python3.11/site-packages/airflow/example_dags/subdags/subdag.py for tasks to queue
[2024-04-16T21:40:48.430+0700] {logging_mixin.py:188} INFO - [2024-04-16T21:40:48.429+0700] {dagbag.py:540} INFO - Filling up the DagBag from /opt/homebrew/Caskroom/miniconda/base/lib/python3.11/site-packages/airflow/example_dags/subdags/subdag.py
[2024-04-16T21:40:48.431+0700] {processor.py:842} WARNING - No viable dags retrieved from /opt/homebrew/Caskroom/miniconda/base/lib/python3.11/site-packages/airflow/example_dags/subdags/subdag.py
[2024-04-16T21:40:48.480+0700] {processor.py:183} INFO - Processing /opt/homebrew/Caskroom/miniconda/base/lib/python3.11/site-packages/airflow/example_dags/subdags/subdag.py took 0.054 seconds
[2024-04-16T21:42:38.365+0700] {processor.py:161} INFO - Started process (PID=68975) to work on /opt/homebrew/Caskroom/miniconda/base/lib/python3.11/site-packages/airflow/example_dags/subdags/subdag.py
[2024-04-16T21:42:38.366+0700] {processor.py:830} INFO - Processing file /opt/homebrew/Caskroom/miniconda/base/lib/python3.11/site-packages/airflow/example_dags/subdags/subdag.py for tasks to queue
[2024-04-16T21:42:38.366+0700] {logging_mixin.py:188} INFO - [2024-04-16T21:42:38.366+0700] {dagbag.py:540} INFO - Filling up the DagBag from /opt/homebrew/Caskroom/miniconda/base/lib/python3.11/site-packages/airflow/example_dags/subdags/subdag.py
[2024-04-16T21:42:38.367+0700] {processor.py:842} WARNING - No viable dags retrieved from /opt/homebrew/Caskroom/miniconda/base/lib/python3.11/site-packages/airflow/example_dags/subdags/subdag.py
[2024-04-16T21:42:38.417+0700] {processor.py:183} INFO - Processing /opt/homebrew/Caskroom/miniconda/base/lib/python3.11/site-packages/airflow/example_dags/subdags/subdag.py took 0.054 seconds
[2024-04-16T21:44:19.869+0700] {processor.py:161} INFO - Started process (PID=69434) to work on /opt/homebrew/Caskroom/miniconda/base/lib/python3.11/site-packages/airflow/example_dags/subdags/subdag.py
[2024-04-16T21:44:19.870+0700] {processor.py:830} INFO - Processing file /opt/homebrew/Caskroom/miniconda/base/lib/python3.11/site-packages/airflow/example_dags/subdags/subdag.py for tasks to queue
[2024-04-16T21:44:19.871+0700] {logging_mixin.py:188} INFO - [2024-04-16T21:44:19.871+0700] {dagbag.py:540} INFO - Filling up the DagBag from /opt/homebrew/Caskroom/miniconda/base/lib/python3.11/site-packages/airflow/example_dags/subdags/subdag.py
[2024-04-16T21:44:19.872+0700] {processor.py:842} WARNING - No viable dags retrieved from /opt/homebrew/Caskroom/miniconda/base/lib/python3.11/site-packages/airflow/example_dags/subdags/subdag.py
[2024-04-16T21:44:19.927+0700] {processor.py:183} INFO - Processing /opt/homebrew/Caskroom/miniconda/base/lib/python3.11/site-packages/airflow/example_dags/subdags/subdag.py took 0.060 seconds
[2024-04-16T21:45:41.719+0700] {processor.py:161} INFO - Started process (PID=69797) to work on /opt/homebrew/Caskroom/miniconda/base/lib/python3.11/site-packages/airflow/example_dags/subdags/subdag.py
[2024-04-16T21:45:41.726+0700] {processor.py:830} INFO - Processing file /opt/homebrew/Caskroom/miniconda/base/lib/python3.11/site-packages/airflow/example_dags/subdags/subdag.py for tasks to queue
[2024-04-16T21:45:41.730+0700] {logging_mixin.py:188} INFO - [2024-04-16T21:45:41.730+0700] {dagbag.py:540} INFO - Filling up the DagBag from /opt/homebrew/Caskroom/miniconda/base/lib/python3.11/site-packages/airflow/example_dags/subdags/subdag.py
[2024-04-16T21:45:41.743+0700] {processor.py:842} WARNING - No viable dags retrieved from /opt/homebrew/Caskroom/miniconda/base/lib/python3.11/site-packages/airflow/example_dags/subdags/subdag.py
[2024-04-16T21:45:41.843+0700] {processor.py:183} INFO - Processing /opt/homebrew/Caskroom/miniconda/base/lib/python3.11/site-packages/airflow/example_dags/subdags/subdag.py took 0.158 seconds
[2024-04-16T21:47:34.767+0700] {processor.py:161} INFO - Started process (PID=70305) to work on /opt/homebrew/Caskroom/miniconda/base/lib/python3.11/site-packages/airflow/example_dags/subdags/subdag.py
[2024-04-16T21:47:34.768+0700] {processor.py:830} INFO - Processing file /opt/homebrew/Caskroom/miniconda/base/lib/python3.11/site-packages/airflow/example_dags/subdags/subdag.py for tasks to queue
[2024-04-16T21:47:34.768+0700] {logging_mixin.py:188} INFO - [2024-04-16T21:47:34.768+0700] {dagbag.py:540} INFO - Filling up the DagBag from /opt/homebrew/Caskroom/miniconda/base/lib/python3.11/site-packages/airflow/example_dags/subdags/subdag.py
[2024-04-16T21:47:34.770+0700] {processor.py:842} WARNING - No viable dags retrieved from /opt/homebrew/Caskroom/miniconda/base/lib/python3.11/site-packages/airflow/example_dags/subdags/subdag.py
[2024-04-16T21:47:34.824+0700] {processor.py:183} INFO - Processing /opt/homebrew/Caskroom/miniconda/base/lib/python3.11/site-packages/airflow/example_dags/subdags/subdag.py took 0.061 seconds
[2024-04-16T21:49:36.693+0700] {processor.py:161} INFO - Started process (PID=70859) to work on /opt/homebrew/Caskroom/miniconda/base/lib/python3.11/site-packages/airflow/example_dags/subdags/subdag.py
[2024-04-16T21:49:36.695+0700] {processor.py:830} INFO - Processing file /opt/homebrew/Caskroom/miniconda/base/lib/python3.11/site-packages/airflow/example_dags/subdags/subdag.py for tasks to queue
[2024-04-16T21:49:36.696+0700] {logging_mixin.py:188} INFO - [2024-04-16T21:49:36.695+0700] {dagbag.py:540} INFO - Filling up the DagBag from /opt/homebrew/Caskroom/miniconda/base/lib/python3.11/site-packages/airflow/example_dags/subdags/subdag.py
[2024-04-16T21:49:36.697+0700] {processor.py:842} WARNING - No viable dags retrieved from /opt/homebrew/Caskroom/miniconda/base/lib/python3.11/site-packages/airflow/example_dags/subdags/subdag.py
[2024-04-16T21:49:36.746+0700] {processor.py:183} INFO - Processing /opt/homebrew/Caskroom/miniconda/base/lib/python3.11/site-packages/airflow/example_dags/subdags/subdag.py took 0.058 seconds
[2024-04-16T21:51:30.526+0700] {processor.py:161} INFO - Started process (PID=71542) to work on /opt/homebrew/Caskroom/miniconda/base/lib/python3.11/site-packages/airflow/example_dags/subdags/subdag.py
[2024-04-16T21:51:30.527+0700] {processor.py:830} INFO - Processing file /opt/homebrew/Caskroom/miniconda/base/lib/python3.11/site-packages/airflow/example_dags/subdags/subdag.py for tasks to queue
[2024-04-16T21:51:30.528+0700] {logging_mixin.py:188} INFO - [2024-04-16T21:51:30.527+0700] {dagbag.py:540} INFO - Filling up the DagBag from /opt/homebrew/Caskroom/miniconda/base/lib/python3.11/site-packages/airflow/example_dags/subdags/subdag.py
[2024-04-16T21:51:30.530+0700] {processor.py:842} WARNING - No viable dags retrieved from /opt/homebrew/Caskroom/miniconda/base/lib/python3.11/site-packages/airflow/example_dags/subdags/subdag.py
[2024-04-16T21:51:30.580+0700] {processor.py:183} INFO - Processing /opt/homebrew/Caskroom/miniconda/base/lib/python3.11/site-packages/airflow/example_dags/subdags/subdag.py took 0.056 seconds
[2024-04-16T21:54:08.735+0700] {processor.py:161} INFO - Started process (PID=72514) to work on /opt/homebrew/Caskroom/miniconda/base/lib/python3.11/site-packages/airflow/example_dags/subdags/subdag.py
[2024-04-16T21:54:08.736+0700] {processor.py:830} INFO - Processing file /opt/homebrew/Caskroom/miniconda/base/lib/python3.11/site-packages/airflow/example_dags/subdags/subdag.py for tasks to queue
[2024-04-16T21:54:08.737+0700] {logging_mixin.py:188} INFO - [2024-04-16T21:54:08.736+0700] {dagbag.py:540} INFO - Filling up the DagBag from /opt/homebrew/Caskroom/miniconda/base/lib/python3.11/site-packages/airflow/example_dags/subdags/subdag.py
[2024-04-16T21:54:08.738+0700] {processor.py:842} WARNING - No viable dags retrieved from /opt/homebrew/Caskroom/miniconda/base/lib/python3.11/site-packages/airflow/example_dags/subdags/subdag.py
[2024-04-16T21:54:08.789+0700] {processor.py:183} INFO - Processing /opt/homebrew/Caskroom/miniconda/base/lib/python3.11/site-packages/airflow/example_dags/subdags/subdag.py took 0.056 seconds
[2024-04-16T21:55:49.147+0700] {processor.py:161} INFO - Started process (PID=72993) to work on /opt/homebrew/Caskroom/miniconda/base/lib/python3.11/site-packages/airflow/example_dags/subdags/subdag.py
[2024-04-16T21:55:49.148+0700] {processor.py:830} INFO - Processing file /opt/homebrew/Caskroom/miniconda/base/lib/python3.11/site-packages/airflow/example_dags/subdags/subdag.py for tasks to queue
[2024-04-16T21:55:49.149+0700] {logging_mixin.py:188} INFO - [2024-04-16T21:55:49.148+0700] {dagbag.py:540} INFO - Filling up the DagBag from /opt/homebrew/Caskroom/miniconda/base/lib/python3.11/site-packages/airflow/example_dags/subdags/subdag.py
[2024-04-16T21:55:49.150+0700] {processor.py:842} WARNING - No viable dags retrieved from /opt/homebrew/Caskroom/miniconda/base/lib/python3.11/site-packages/airflow/example_dags/subdags/subdag.py
[2024-04-16T21:55:49.200+0700] {processor.py:183} INFO - Processing /opt/homebrew/Caskroom/miniconda/base/lib/python3.11/site-packages/airflow/example_dags/subdags/subdag.py took 0.055 seconds
[2024-04-16T21:57:21.608+0700] {processor.py:161} INFO - Started process (PID=73438) to work on /opt/homebrew/Caskroom/miniconda/base/lib/python3.11/site-packages/airflow/example_dags/subdags/subdag.py
[2024-04-16T21:57:21.610+0700] {processor.py:830} INFO - Processing file /opt/homebrew/Caskroom/miniconda/base/lib/python3.11/site-packages/airflow/example_dags/subdags/subdag.py for tasks to queue
[2024-04-16T21:57:21.610+0700] {logging_mixin.py:188} INFO - [2024-04-16T21:57:21.610+0700] {dagbag.py:540} INFO - Filling up the DagBag from /opt/homebrew/Caskroom/miniconda/base/lib/python3.11/site-packages/airflow/example_dags/subdags/subdag.py
[2024-04-16T21:57:21.613+0700] {processor.py:842} WARNING - No viable dags retrieved from /opt/homebrew/Caskroom/miniconda/base/lib/python3.11/site-packages/airflow/example_dags/subdags/subdag.py
[2024-04-16T21:57:21.670+0700] {processor.py:183} INFO - Processing /opt/homebrew/Caskroom/miniconda/base/lib/python3.11/site-packages/airflow/example_dags/subdags/subdag.py took 0.064 seconds
[2024-04-16T21:58:44.945+0700] {processor.py:161} INFO - Started process (PID=74131) to work on /opt/homebrew/Caskroom/miniconda/base/lib/python3.11/site-packages/airflow/example_dags/subdags/subdag.py
[2024-04-16T21:58:44.946+0700] {processor.py:830} INFO - Processing file /opt/homebrew/Caskroom/miniconda/base/lib/python3.11/site-packages/airflow/example_dags/subdags/subdag.py for tasks to queue
[2024-04-16T21:58:44.947+0700] {logging_mixin.py:188} INFO - [2024-04-16T21:58:44.946+0700] {dagbag.py:540} INFO - Filling up the DagBag from /opt/homebrew/Caskroom/miniconda/base/lib/python3.11/site-packages/airflow/example_dags/subdags/subdag.py
[2024-04-16T21:58:44.948+0700] {processor.py:842} WARNING - No viable dags retrieved from /opt/homebrew/Caskroom/miniconda/base/lib/python3.11/site-packages/airflow/example_dags/subdags/subdag.py
[2024-04-16T21:58:44.996+0700] {processor.py:183} INFO - Processing /opt/homebrew/Caskroom/miniconda/base/lib/python3.11/site-packages/airflow/example_dags/subdags/subdag.py took 0.053 seconds
[2024-04-16T22:00:17.360+0700] {processor.py:161} INFO - Started process (PID=74710) to work on /opt/homebrew/Caskroom/miniconda/base/lib/python3.11/site-packages/airflow/example_dags/subdags/subdag.py
[2024-04-16T22:00:17.361+0700] {processor.py:830} INFO - Processing file /opt/homebrew/Caskroom/miniconda/base/lib/python3.11/site-packages/airflow/example_dags/subdags/subdag.py for tasks to queue
[2024-04-16T22:00:17.361+0700] {logging_mixin.py:188} INFO - [2024-04-16T22:00:17.361+0700] {dagbag.py:540} INFO - Filling up the DagBag from /opt/homebrew/Caskroom/miniconda/base/lib/python3.11/site-packages/airflow/example_dags/subdags/subdag.py
[2024-04-16T22:00:17.363+0700] {processor.py:842} WARNING - No viable dags retrieved from /opt/homebrew/Caskroom/miniconda/base/lib/python3.11/site-packages/airflow/example_dags/subdags/subdag.py
[2024-04-16T22:00:17.425+0700] {processor.py:183} INFO - Processing /opt/homebrew/Caskroom/miniconda/base/lib/python3.11/site-packages/airflow/example_dags/subdags/subdag.py took 0.067 seconds
[2024-04-16T22:01:39.542+0700] {processor.py:161} INFO - Started process (PID=75140) to work on /opt/homebrew/Caskroom/miniconda/base/lib/python3.11/site-packages/airflow/example_dags/subdags/subdag.py
[2024-04-16T22:01:39.543+0700] {processor.py:830} INFO - Processing file /opt/homebrew/Caskroom/miniconda/base/lib/python3.11/site-packages/airflow/example_dags/subdags/subdag.py for tasks to queue
[2024-04-16T22:01:39.543+0700] {logging_mixin.py:188} INFO - [2024-04-16T22:01:39.543+0700] {dagbag.py:540} INFO - Filling up the DagBag from /opt/homebrew/Caskroom/miniconda/base/lib/python3.11/site-packages/airflow/example_dags/subdags/subdag.py
[2024-04-16T22:01:39.545+0700] {processor.py:842} WARNING - No viable dags retrieved from /opt/homebrew/Caskroom/miniconda/base/lib/python3.11/site-packages/airflow/example_dags/subdags/subdag.py
[2024-04-16T22:01:39.594+0700] {processor.py:183} INFO - Processing /opt/homebrew/Caskroom/miniconda/base/lib/python3.11/site-packages/airflow/example_dags/subdags/subdag.py took 0.055 seconds
[2024-04-16T22:03:07.776+0700] {processor.py:161} INFO - Started process (PID=75662) to work on /opt/homebrew/Caskroom/miniconda/base/lib/python3.11/site-packages/airflow/example_dags/subdags/subdag.py
[2024-04-16T22:03:07.777+0700] {processor.py:830} INFO - Processing file /opt/homebrew/Caskroom/miniconda/base/lib/python3.11/site-packages/airflow/example_dags/subdags/subdag.py for tasks to queue
[2024-04-16T22:03:07.777+0700] {logging_mixin.py:188} INFO - [2024-04-16T22:03:07.777+0700] {dagbag.py:540} INFO - Filling up the DagBag from /opt/homebrew/Caskroom/miniconda/base/lib/python3.11/site-packages/airflow/example_dags/subdags/subdag.py
[2024-04-16T22:03:07.778+0700] {processor.py:842} WARNING - No viable dags retrieved from /opt/homebrew/Caskroom/miniconda/base/lib/python3.11/site-packages/airflow/example_dags/subdags/subdag.py
[2024-04-16T22:03:07.828+0700] {processor.py:183} INFO - Processing /opt/homebrew/Caskroom/miniconda/base/lib/python3.11/site-packages/airflow/example_dags/subdags/subdag.py took 0.054 seconds
[2024-04-16T22:04:32.836+0700] {processor.py:161} INFO - Started process (PID=76091) to work on /opt/homebrew/Caskroom/miniconda/base/lib/python3.11/site-packages/airflow/example_dags/subdags/subdag.py
[2024-04-16T22:04:32.838+0700] {processor.py:830} INFO - Processing file /opt/homebrew/Caskroom/miniconda/base/lib/python3.11/site-packages/airflow/example_dags/subdags/subdag.py for tasks to queue
[2024-04-16T22:04:32.838+0700] {logging_mixin.py:188} INFO - [2024-04-16T22:04:32.838+0700] {dagbag.py:540} INFO - Filling up the DagBag from /opt/homebrew/Caskroom/miniconda/base/lib/python3.11/site-packages/airflow/example_dags/subdags/subdag.py
[2024-04-16T22:04:32.841+0700] {processor.py:842} WARNING - No viable dags retrieved from /opt/homebrew/Caskroom/miniconda/base/lib/python3.11/site-packages/airflow/example_dags/subdags/subdag.py
[2024-04-16T22:04:32.891+0700] {processor.py:183} INFO - Processing /opt/homebrew/Caskroom/miniconda/base/lib/python3.11/site-packages/airflow/example_dags/subdags/subdag.py took 0.057 seconds
[2024-04-16T22:06:03.599+0700] {processor.py:161} INFO - Started process (PID=76691) to work on /opt/homebrew/Caskroom/miniconda/base/lib/python3.11/site-packages/airflow/example_dags/subdags/subdag.py
[2024-04-16T22:06:03.600+0700] {processor.py:830} INFO - Processing file /opt/homebrew/Caskroom/miniconda/base/lib/python3.11/site-packages/airflow/example_dags/subdags/subdag.py for tasks to queue
[2024-04-16T22:06:03.601+0700] {logging_mixin.py:188} INFO - [2024-04-16T22:06:03.601+0700] {dagbag.py:540} INFO - Filling up the DagBag from /opt/homebrew/Caskroom/miniconda/base/lib/python3.11/site-packages/airflow/example_dags/subdags/subdag.py
[2024-04-16T22:06:03.604+0700] {processor.py:842} WARNING - No viable dags retrieved from /opt/homebrew/Caskroom/miniconda/base/lib/python3.11/site-packages/airflow/example_dags/subdags/subdag.py
[2024-04-16T22:06:03.681+0700] {processor.py:183} INFO - Processing /opt/homebrew/Caskroom/miniconda/base/lib/python3.11/site-packages/airflow/example_dags/subdags/subdag.py took 0.085 seconds
[2024-04-16T22:07:54.867+0700] {processor.py:161} INFO - Started process (PID=77326) to work on /opt/homebrew/Caskroom/miniconda/base/lib/python3.11/site-packages/airflow/example_dags/subdags/subdag.py
[2024-04-16T22:07:54.868+0700] {processor.py:830} INFO - Processing file /opt/homebrew/Caskroom/miniconda/base/lib/python3.11/site-packages/airflow/example_dags/subdags/subdag.py for tasks to queue
[2024-04-16T22:07:54.869+0700] {logging_mixin.py:188} INFO - [2024-04-16T22:07:54.869+0700] {dagbag.py:540} INFO - Filling up the DagBag from /opt/homebrew/Caskroom/miniconda/base/lib/python3.11/site-packages/airflow/example_dags/subdags/subdag.py
[2024-04-16T22:07:54.870+0700] {processor.py:842} WARNING - No viable dags retrieved from /opt/homebrew/Caskroom/miniconda/base/lib/python3.11/site-packages/airflow/example_dags/subdags/subdag.py
[2024-04-16T22:07:54.923+0700] {processor.py:183} INFO - Processing /opt/homebrew/Caskroom/miniconda/base/lib/python3.11/site-packages/airflow/example_dags/subdags/subdag.py took 0.058 seconds
[2024-04-16T22:09:33.330+0700] {processor.py:161} INFO - Started process (PID=77873) to work on /opt/homebrew/Caskroom/miniconda/base/lib/python3.11/site-packages/airflow/example_dags/subdags/subdag.py
[2024-04-16T22:09:33.335+0700] {processor.py:830} INFO - Processing file /opt/homebrew/Caskroom/miniconda/base/lib/python3.11/site-packages/airflow/example_dags/subdags/subdag.py for tasks to queue
[2024-04-16T22:09:33.336+0700] {logging_mixin.py:188} INFO - [2024-04-16T22:09:33.335+0700] {dagbag.py:540} INFO - Filling up the DagBag from /opt/homebrew/Caskroom/miniconda/base/lib/python3.11/site-packages/airflow/example_dags/subdags/subdag.py
[2024-04-16T22:09:33.340+0700] {processor.py:842} WARNING - No viable dags retrieved from /opt/homebrew/Caskroom/miniconda/base/lib/python3.11/site-packages/airflow/example_dags/subdags/subdag.py
[2024-04-16T22:09:33.492+0700] {processor.py:183} INFO - Processing /opt/homebrew/Caskroom/miniconda/base/lib/python3.11/site-packages/airflow/example_dags/subdags/subdag.py took 0.182 seconds
[2024-04-16T22:11:08.508+0700] {processor.py:161} INFO - Started process (PID=78402) to work on /opt/homebrew/Caskroom/miniconda/base/lib/python3.11/site-packages/airflow/example_dags/subdags/subdag.py
[2024-04-16T22:11:08.510+0700] {processor.py:830} INFO - Processing file /opt/homebrew/Caskroom/miniconda/base/lib/python3.11/site-packages/airflow/example_dags/subdags/subdag.py for tasks to queue
[2024-04-16T22:11:08.511+0700] {logging_mixin.py:188} INFO - [2024-04-16T22:11:08.511+0700] {dagbag.py:540} INFO - Filling up the DagBag from /opt/homebrew/Caskroom/miniconda/base/lib/python3.11/site-packages/airflow/example_dags/subdags/subdag.py
[2024-04-16T22:11:08.514+0700] {processor.py:842} WARNING - No viable dags retrieved from /opt/homebrew/Caskroom/miniconda/base/lib/python3.11/site-packages/airflow/example_dags/subdags/subdag.py
[2024-04-16T22:11:08.564+0700] {processor.py:183} INFO - Processing /opt/homebrew/Caskroom/miniconda/base/lib/python3.11/site-packages/airflow/example_dags/subdags/subdag.py took 0.061 seconds
[2024-04-16T22:12:47.358+0700] {processor.py:161} INFO - Started process (PID=78913) to work on /opt/homebrew/Caskroom/miniconda/base/lib/python3.11/site-packages/airflow/example_dags/subdags/subdag.py
[2024-04-16T22:12:47.361+0700] {processor.py:830} INFO - Processing file /opt/homebrew/Caskroom/miniconda/base/lib/python3.11/site-packages/airflow/example_dags/subdags/subdag.py for tasks to queue
[2024-04-16T22:12:47.362+0700] {logging_mixin.py:188} INFO - [2024-04-16T22:12:47.362+0700] {dagbag.py:540} INFO - Filling up the DagBag from /opt/homebrew/Caskroom/miniconda/base/lib/python3.11/site-packages/airflow/example_dags/subdags/subdag.py
[2024-04-16T22:12:47.366+0700] {processor.py:842} WARNING - No viable dags retrieved from /opt/homebrew/Caskroom/miniconda/base/lib/python3.11/site-packages/airflow/example_dags/subdags/subdag.py
[2024-04-16T22:12:47.465+0700] {processor.py:183} INFO - Processing /opt/homebrew/Caskroom/miniconda/base/lib/python3.11/site-packages/airflow/example_dags/subdags/subdag.py took 0.122 seconds
[2024-04-16T22:14:16.842+0700] {processor.py:161} INFO - Started process (PID=79418) to work on /opt/homebrew/Caskroom/miniconda/base/lib/python3.11/site-packages/airflow/example_dags/subdags/subdag.py
[2024-04-16T22:14:16.843+0700] {processor.py:830} INFO - Processing file /opt/homebrew/Caskroom/miniconda/base/lib/python3.11/site-packages/airflow/example_dags/subdags/subdag.py for tasks to queue
[2024-04-16T22:14:16.843+0700] {logging_mixin.py:188} INFO - [2024-04-16T22:14:16.843+0700] {dagbag.py:540} INFO - Filling up the DagBag from /opt/homebrew/Caskroom/miniconda/base/lib/python3.11/site-packages/airflow/example_dags/subdags/subdag.py
[2024-04-16T22:14:16.846+0700] {processor.py:842} WARNING - No viable dags retrieved from /opt/homebrew/Caskroom/miniconda/base/lib/python3.11/site-packages/airflow/example_dags/subdags/subdag.py
[2024-04-16T22:14:16.910+0700] {processor.py:183} INFO - Processing /opt/homebrew/Caskroom/miniconda/base/lib/python3.11/site-packages/airflow/example_dags/subdags/subdag.py took 0.071 seconds
[2024-04-16T22:17:17.571+0700] {processor.py:161} INFO - Started process (PID=80308) to work on /opt/homebrew/Caskroom/miniconda/base/lib/python3.11/site-packages/airflow/example_dags/subdags/subdag.py
[2024-04-16T22:17:17.572+0700] {processor.py:830} INFO - Processing file /opt/homebrew/Caskroom/miniconda/base/lib/python3.11/site-packages/airflow/example_dags/subdags/subdag.py for tasks to queue
[2024-04-16T22:17:17.573+0700] {logging_mixin.py:188} INFO - [2024-04-16T22:17:17.573+0700] {dagbag.py:540} INFO - Filling up the DagBag from /opt/homebrew/Caskroom/miniconda/base/lib/python3.11/site-packages/airflow/example_dags/subdags/subdag.py
[2024-04-16T22:17:17.577+0700] {processor.py:842} WARNING - No viable dags retrieved from /opt/homebrew/Caskroom/miniconda/base/lib/python3.11/site-packages/airflow/example_dags/subdags/subdag.py
[2024-04-16T22:17:17.725+0700] {processor.py:183} INFO - Processing /opt/homebrew/Caskroom/miniconda/base/lib/python3.11/site-packages/airflow/example_dags/subdags/subdag.py took 0.158 seconds
[2024-04-16T22:21:42.044+0700] {processor.py:161} INFO - Started process (PID=81512) to work on /opt/homebrew/Caskroom/miniconda/base/lib/python3.11/site-packages/airflow/example_dags/subdags/subdag.py
[2024-04-16T22:21:42.046+0700] {processor.py:830} INFO - Processing file /opt/homebrew/Caskroom/miniconda/base/lib/python3.11/site-packages/airflow/example_dags/subdags/subdag.py for tasks to queue
[2024-04-16T22:21:42.047+0700] {logging_mixin.py:188} INFO - [2024-04-16T22:21:42.046+0700] {dagbag.py:540} INFO - Filling up the DagBag from /opt/homebrew/Caskroom/miniconda/base/lib/python3.11/site-packages/airflow/example_dags/subdags/subdag.py
[2024-04-16T22:21:42.050+0700] {processor.py:842} WARNING - No viable dags retrieved from /opt/homebrew/Caskroom/miniconda/base/lib/python3.11/site-packages/airflow/example_dags/subdags/subdag.py
[2024-04-16T22:21:42.113+0700] {processor.py:183} INFO - Processing /opt/homebrew/Caskroom/miniconda/base/lib/python3.11/site-packages/airflow/example_dags/subdags/subdag.py took 0.071 seconds
[2024-04-16T22:25:57.920+0700] {processor.py:161} INFO - Started process (PID=82716) to work on /opt/homebrew/Caskroom/miniconda/base/lib/python3.11/site-packages/airflow/example_dags/subdags/subdag.py
[2024-04-16T22:25:57.922+0700] {processor.py:830} INFO - Processing file /opt/homebrew/Caskroom/miniconda/base/lib/python3.11/site-packages/airflow/example_dags/subdags/subdag.py for tasks to queue
[2024-04-16T22:25:57.925+0700] {logging_mixin.py:188} INFO - [2024-04-16T22:25:57.924+0700] {dagbag.py:540} INFO - Filling up the DagBag from /opt/homebrew/Caskroom/miniconda/base/lib/python3.11/site-packages/airflow/example_dags/subdags/subdag.py
[2024-04-16T22:25:57.932+0700] {processor.py:842} WARNING - No viable dags retrieved from /opt/homebrew/Caskroom/miniconda/base/lib/python3.11/site-packages/airflow/example_dags/subdags/subdag.py
[2024-04-16T22:25:57.992+0700] {processor.py:183} INFO - Processing /opt/homebrew/Caskroom/miniconda/base/lib/python3.11/site-packages/airflow/example_dags/subdags/subdag.py took 0.079 seconds
