[2024-04-16T20:51:59.908+0700] {processor.py:161} INFO - Started process (PID=53966) to work on /opt/homebrew/Caskroom/miniconda/base/lib/python3.11/site-packages/airflow/example_dags/plugins/listener_plugin.py
[2024-04-16T20:51:59.909+0700] {processor.py:830} INFO - Processing file /opt/homebrew/Caskroom/miniconda/base/lib/python3.11/site-packages/airflow/example_dags/plugins/listener_plugin.py for tasks to queue
[2024-04-16T20:51:59.909+0700] {logging_mixin.py:188} INFO - [2024-04-16T20:51:59.909+0700] {dagbag.py:540} INFO - Filling up the DagBag from /opt/homebrew/Caskroom/miniconda/base/lib/python3.11/site-packages/airflow/example_dags/plugins/listener_plugin.py
[2024-04-16T20:51:59.911+0700] {processor.py:842} WARNING - No viable dags retrieved from /opt/homebrew/Caskroom/miniconda/base/lib/python3.11/site-packages/airflow/example_dags/plugins/listener_plugin.py
[2024-04-16T20:52:00.032+0700] {processor.py:183} INFO - Processing /opt/homebrew/Caskroom/miniconda/base/lib/python3.11/site-packages/airflow/example_dags/plugins/listener_plugin.py took 0.126 seconds
[2024-04-16T20:53:56.829+0700] {processor.py:161} INFO - Started process (PID=54589) to work on /opt/homebrew/Caskroom/miniconda/base/lib/python3.11/site-packages/airflow/example_dags/plugins/listener_plugin.py
[2024-04-16T20:53:56.830+0700] {processor.py:830} INFO - Processing file /opt/homebrew/Caskroom/miniconda/base/lib/python3.11/site-packages/airflow/example_dags/plugins/listener_plugin.py for tasks to queue
[2024-04-16T20:53:56.830+0700] {logging_mixin.py:188} INFO - [2024-04-16T20:53:56.830+0700] {dagbag.py:540} INFO - Filling up the DagBag from /opt/homebrew/Caskroom/miniconda/base/lib/python3.11/site-packages/airflow/example_dags/plugins/listener_plugin.py
[2024-04-16T20:53:56.832+0700] {processor.py:842} WARNING - No viable dags retrieved from /opt/homebrew/Caskroom/miniconda/base/lib/python3.11/site-packages/airflow/example_dags/plugins/listener_plugin.py
[2024-04-16T20:53:56.878+0700] {processor.py:183} INFO - Processing /opt/homebrew/Caskroom/miniconda/base/lib/python3.11/site-packages/airflow/example_dags/plugins/listener_plugin.py took 0.051 seconds
[2024-04-16T20:55:14.714+0700] {processor.py:161} INFO - Started process (PID=54944) to work on /opt/homebrew/Caskroom/miniconda/base/lib/python3.11/site-packages/airflow/example_dags/plugins/listener_plugin.py
[2024-04-16T20:55:14.716+0700] {processor.py:830} INFO - Processing file /opt/homebrew/Caskroom/miniconda/base/lib/python3.11/site-packages/airflow/example_dags/plugins/listener_plugin.py for tasks to queue
[2024-04-16T20:55:14.716+0700] {logging_mixin.py:188} INFO - [2024-04-16T20:55:14.716+0700] {dagbag.py:540} INFO - Filling up the DagBag from /opt/homebrew/Caskroom/miniconda/base/lib/python3.11/site-packages/airflow/example_dags/plugins/listener_plugin.py
[2024-04-16T20:55:14.718+0700] {processor.py:842} WARNING - No viable dags retrieved from /opt/homebrew/Caskroom/miniconda/base/lib/python3.11/site-packages/airflow/example_dags/plugins/listener_plugin.py
[2024-04-16T20:55:14.766+0700] {processor.py:183} INFO - Processing /opt/homebrew/Caskroom/miniconda/base/lib/python3.11/site-packages/airflow/example_dags/plugins/listener_plugin.py took 0.053 seconds
[2024-04-16T20:56:27.901+0700] {processor.py:161} INFO - Started process (PID=55272) to work on /opt/homebrew/Caskroom/miniconda/base/lib/python3.11/site-packages/airflow/example_dags/plugins/listener_plugin.py
[2024-04-16T20:56:27.902+0700] {processor.py:830} INFO - Processing file /opt/homebrew/Caskroom/miniconda/base/lib/python3.11/site-packages/airflow/example_dags/plugins/listener_plugin.py for tasks to queue
[2024-04-16T20:56:27.903+0700] {logging_mixin.py:188} INFO - [2024-04-16T20:56:27.903+0700] {dagbag.py:540} INFO - Filling up the DagBag from /opt/homebrew/Caskroom/miniconda/base/lib/python3.11/site-packages/airflow/example_dags/plugins/listener_plugin.py
[2024-04-16T20:56:27.905+0700] {processor.py:842} WARNING - No viable dags retrieved from /opt/homebrew/Caskroom/miniconda/base/lib/python3.11/site-packages/airflow/example_dags/plugins/listener_plugin.py
[2024-04-16T20:56:27.952+0700] {processor.py:183} INFO - Processing /opt/homebrew/Caskroom/miniconda/base/lib/python3.11/site-packages/airflow/example_dags/plugins/listener_plugin.py took 0.053 seconds
[2024-04-16T20:57:46.481+0700] {processor.py:161} INFO - Started process (PID=55630) to work on /opt/homebrew/Caskroom/miniconda/base/lib/python3.11/site-packages/airflow/example_dags/plugins/listener_plugin.py
[2024-04-16T20:57:46.482+0700] {processor.py:830} INFO - Processing file /opt/homebrew/Caskroom/miniconda/base/lib/python3.11/site-packages/airflow/example_dags/plugins/listener_plugin.py for tasks to queue
[2024-04-16T20:57:46.482+0700] {logging_mixin.py:188} INFO - [2024-04-16T20:57:46.482+0700] {dagbag.py:540} INFO - Filling up the DagBag from /opt/homebrew/Caskroom/miniconda/base/lib/python3.11/site-packages/airflow/example_dags/plugins/listener_plugin.py
[2024-04-16T20:57:46.484+0700] {processor.py:842} WARNING - No viable dags retrieved from /opt/homebrew/Caskroom/miniconda/base/lib/python3.11/site-packages/airflow/example_dags/plugins/listener_plugin.py
[2024-04-16T20:57:46.533+0700] {processor.py:183} INFO - Processing /opt/homebrew/Caskroom/miniconda/base/lib/python3.11/site-packages/airflow/example_dags/plugins/listener_plugin.py took 0.053 seconds
[2024-04-16T20:59:02.150+0700] {processor.py:161} INFO - Started process (PID=55969) to work on /opt/homebrew/Caskroom/miniconda/base/lib/python3.11/site-packages/airflow/example_dags/plugins/listener_plugin.py
[2024-04-16T20:59:02.151+0700] {processor.py:830} INFO - Processing file /opt/homebrew/Caskroom/miniconda/base/lib/python3.11/site-packages/airflow/example_dags/plugins/listener_plugin.py for tasks to queue
[2024-04-16T20:59:02.151+0700] {logging_mixin.py:188} INFO - [2024-04-16T20:59:02.151+0700] {dagbag.py:540} INFO - Filling up the DagBag from /opt/homebrew/Caskroom/miniconda/base/lib/python3.11/site-packages/airflow/example_dags/plugins/listener_plugin.py
[2024-04-16T20:59:02.152+0700] {processor.py:842} WARNING - No viable dags retrieved from /opt/homebrew/Caskroom/miniconda/base/lib/python3.11/site-packages/airflow/example_dags/plugins/listener_plugin.py
[2024-04-16T20:59:02.199+0700] {processor.py:183} INFO - Processing /opt/homebrew/Caskroom/miniconda/base/lib/python3.11/site-packages/airflow/example_dags/plugins/listener_plugin.py took 0.051 seconds
[2024-04-16T21:00:19.420+0700] {processor.py:161} INFO - Started process (PID=56317) to work on /opt/homebrew/Caskroom/miniconda/base/lib/python3.11/site-packages/airflow/example_dags/plugins/listener_plugin.py
[2024-04-16T21:00:19.421+0700] {processor.py:830} INFO - Processing file /opt/homebrew/Caskroom/miniconda/base/lib/python3.11/site-packages/airflow/example_dags/plugins/listener_plugin.py for tasks to queue
[2024-04-16T21:00:19.421+0700] {logging_mixin.py:188} INFO - [2024-04-16T21:00:19.421+0700] {dagbag.py:540} INFO - Filling up the DagBag from /opt/homebrew/Caskroom/miniconda/base/lib/python3.11/site-packages/airflow/example_dags/plugins/listener_plugin.py
[2024-04-16T21:00:19.423+0700] {processor.py:842} WARNING - No viable dags retrieved from /opt/homebrew/Caskroom/miniconda/base/lib/python3.11/site-packages/airflow/example_dags/plugins/listener_plugin.py
[2024-04-16T21:00:19.470+0700] {processor.py:183} INFO - Processing /opt/homebrew/Caskroom/miniconda/base/lib/python3.11/site-packages/airflow/example_dags/plugins/listener_plugin.py took 0.052 seconds
[2024-04-16T21:01:37.100+0700] {processor.py:161} INFO - Started process (PID=56670) to work on /opt/homebrew/Caskroom/miniconda/base/lib/python3.11/site-packages/airflow/example_dags/plugins/listener_plugin.py
[2024-04-16T21:01:37.102+0700] {processor.py:830} INFO - Processing file /opt/homebrew/Caskroom/miniconda/base/lib/python3.11/site-packages/airflow/example_dags/plugins/listener_plugin.py for tasks to queue
[2024-04-16T21:01:37.102+0700] {logging_mixin.py:188} INFO - [2024-04-16T21:01:37.102+0700] {dagbag.py:540} INFO - Filling up the DagBag from /opt/homebrew/Caskroom/miniconda/base/lib/python3.11/site-packages/airflow/example_dags/plugins/listener_plugin.py
[2024-04-16T21:01:37.104+0700] {processor.py:842} WARNING - No viable dags retrieved from /opt/homebrew/Caskroom/miniconda/base/lib/python3.11/site-packages/airflow/example_dags/plugins/listener_plugin.py
[2024-04-16T21:01:37.152+0700] {processor.py:183} INFO - Processing /opt/homebrew/Caskroom/miniconda/base/lib/python3.11/site-packages/airflow/example_dags/plugins/listener_plugin.py took 0.054 seconds
[2024-04-16T21:02:53.584+0700] {processor.py:161} INFO - Started process (PID=57014) to work on /opt/homebrew/Caskroom/miniconda/base/lib/python3.11/site-packages/airflow/example_dags/plugins/listener_plugin.py
[2024-04-16T21:02:53.584+0700] {processor.py:830} INFO - Processing file /opt/homebrew/Caskroom/miniconda/base/lib/python3.11/site-packages/airflow/example_dags/plugins/listener_plugin.py for tasks to queue
[2024-04-16T21:02:53.585+0700] {logging_mixin.py:188} INFO - [2024-04-16T21:02:53.585+0700] {dagbag.py:540} INFO - Filling up the DagBag from /opt/homebrew/Caskroom/miniconda/base/lib/python3.11/site-packages/airflow/example_dags/plugins/listener_plugin.py
[2024-04-16T21:02:53.587+0700] {processor.py:842} WARNING - No viable dags retrieved from /opt/homebrew/Caskroom/miniconda/base/lib/python3.11/site-packages/airflow/example_dags/plugins/listener_plugin.py
[2024-04-16T21:02:53.634+0700] {processor.py:183} INFO - Processing /opt/homebrew/Caskroom/miniconda/base/lib/python3.11/site-packages/airflow/example_dags/plugins/listener_plugin.py took 0.052 seconds
[2024-04-16T21:04:09.128+0700] {processor.py:161} INFO - Started process (PID=57361) to work on /opt/homebrew/Caskroom/miniconda/base/lib/python3.11/site-packages/airflow/example_dags/plugins/listener_plugin.py
[2024-04-16T21:04:09.129+0700] {processor.py:830} INFO - Processing file /opt/homebrew/Caskroom/miniconda/base/lib/python3.11/site-packages/airflow/example_dags/plugins/listener_plugin.py for tasks to queue
[2024-04-16T21:04:09.130+0700] {logging_mixin.py:188} INFO - [2024-04-16T21:04:09.130+0700] {dagbag.py:540} INFO - Filling up the DagBag from /opt/homebrew/Caskroom/miniconda/base/lib/python3.11/site-packages/airflow/example_dags/plugins/listener_plugin.py
[2024-04-16T21:04:09.131+0700] {processor.py:842} WARNING - No viable dags retrieved from /opt/homebrew/Caskroom/miniconda/base/lib/python3.11/site-packages/airflow/example_dags/plugins/listener_plugin.py
[2024-04-16T21:04:09.177+0700] {processor.py:183} INFO - Processing /opt/homebrew/Caskroom/miniconda/base/lib/python3.11/site-packages/airflow/example_dags/plugins/listener_plugin.py took 0.051 seconds
[2024-04-16T21:05:26.526+0700] {processor.py:161} INFO - Started process (PID=57709) to work on /opt/homebrew/Caskroom/miniconda/base/lib/python3.11/site-packages/airflow/example_dags/plugins/listener_plugin.py
[2024-04-16T21:05:26.527+0700] {processor.py:830} INFO - Processing file /opt/homebrew/Caskroom/miniconda/base/lib/python3.11/site-packages/airflow/example_dags/plugins/listener_plugin.py for tasks to queue
[2024-04-16T21:05:26.527+0700] {logging_mixin.py:188} INFO - [2024-04-16T21:05:26.527+0700] {dagbag.py:540} INFO - Filling up the DagBag from /opt/homebrew/Caskroom/miniconda/base/lib/python3.11/site-packages/airflow/example_dags/plugins/listener_plugin.py
[2024-04-16T21:05:26.529+0700] {processor.py:842} WARNING - No viable dags retrieved from /opt/homebrew/Caskroom/miniconda/base/lib/python3.11/site-packages/airflow/example_dags/plugins/listener_plugin.py
[2024-04-16T21:05:26.576+0700] {processor.py:183} INFO - Processing /opt/homebrew/Caskroom/miniconda/base/lib/python3.11/site-packages/airflow/example_dags/plugins/listener_plugin.py took 0.052 seconds
[2024-04-16T21:06:43.162+0700] {processor.py:161} INFO - Started process (PID=58054) to work on /opt/homebrew/Caskroom/miniconda/base/lib/python3.11/site-packages/airflow/example_dags/plugins/listener_plugin.py
[2024-04-16T21:06:43.163+0700] {processor.py:830} INFO - Processing file /opt/homebrew/Caskroom/miniconda/base/lib/python3.11/site-packages/airflow/example_dags/plugins/listener_plugin.py for tasks to queue
[2024-04-16T21:06:43.163+0700] {logging_mixin.py:188} INFO - [2024-04-16T21:06:43.163+0700] {dagbag.py:540} INFO - Filling up the DagBag from /opt/homebrew/Caskroom/miniconda/base/lib/python3.11/site-packages/airflow/example_dags/plugins/listener_plugin.py
[2024-04-16T21:06:43.166+0700] {processor.py:842} WARNING - No viable dags retrieved from /opt/homebrew/Caskroom/miniconda/base/lib/python3.11/site-packages/airflow/example_dags/plugins/listener_plugin.py
[2024-04-16T21:06:43.213+0700] {processor.py:183} INFO - Processing /opt/homebrew/Caskroom/miniconda/base/lib/python3.11/site-packages/airflow/example_dags/plugins/listener_plugin.py took 0.052 seconds
[2024-04-16T21:07:58.967+0700] {processor.py:161} INFO - Started process (PID=58408) to work on /opt/homebrew/Caskroom/miniconda/base/lib/python3.11/site-packages/airflow/example_dags/plugins/listener_plugin.py
[2024-04-16T21:07:58.968+0700] {processor.py:830} INFO - Processing file /opt/homebrew/Caskroom/miniconda/base/lib/python3.11/site-packages/airflow/example_dags/plugins/listener_plugin.py for tasks to queue
[2024-04-16T21:07:58.968+0700] {logging_mixin.py:188} INFO - [2024-04-16T21:07:58.968+0700] {dagbag.py:540} INFO - Filling up the DagBag from /opt/homebrew/Caskroom/miniconda/base/lib/python3.11/site-packages/airflow/example_dags/plugins/listener_plugin.py
[2024-04-16T21:07:58.970+0700] {processor.py:842} WARNING - No viable dags retrieved from /opt/homebrew/Caskroom/miniconda/base/lib/python3.11/site-packages/airflow/example_dags/plugins/listener_plugin.py
[2024-04-16T21:07:59.017+0700] {processor.py:183} INFO - Processing /opt/homebrew/Caskroom/miniconda/base/lib/python3.11/site-packages/airflow/example_dags/plugins/listener_plugin.py took 0.052 seconds
[2024-04-16T21:09:17.648+0700] {processor.py:161} INFO - Started process (PID=58763) to work on /opt/homebrew/Caskroom/miniconda/base/lib/python3.11/site-packages/airflow/example_dags/plugins/listener_plugin.py
[2024-04-16T21:09:17.649+0700] {processor.py:830} INFO - Processing file /opt/homebrew/Caskroom/miniconda/base/lib/python3.11/site-packages/airflow/example_dags/plugins/listener_plugin.py for tasks to queue
[2024-04-16T21:09:17.650+0700] {logging_mixin.py:188} INFO - [2024-04-16T21:09:17.650+0700] {dagbag.py:540} INFO - Filling up the DagBag from /opt/homebrew/Caskroom/miniconda/base/lib/python3.11/site-packages/airflow/example_dags/plugins/listener_plugin.py
[2024-04-16T21:09:17.651+0700] {processor.py:842} WARNING - No viable dags retrieved from /opt/homebrew/Caskroom/miniconda/base/lib/python3.11/site-packages/airflow/example_dags/plugins/listener_plugin.py
[2024-04-16T21:09:17.698+0700] {processor.py:183} INFO - Processing /opt/homebrew/Caskroom/miniconda/base/lib/python3.11/site-packages/airflow/example_dags/plugins/listener_plugin.py took 0.051 seconds
[2024-04-16T21:10:36.986+0700] {processor.py:161} INFO - Started process (PID=59121) to work on /opt/homebrew/Caskroom/miniconda/base/lib/python3.11/site-packages/airflow/example_dags/plugins/listener_plugin.py
[2024-04-16T21:10:36.988+0700] {processor.py:830} INFO - Processing file /opt/homebrew/Caskroom/miniconda/base/lib/python3.11/site-packages/airflow/example_dags/plugins/listener_plugin.py for tasks to queue
[2024-04-16T21:10:36.988+0700] {logging_mixin.py:188} INFO - [2024-04-16T21:10:36.988+0700] {dagbag.py:540} INFO - Filling up the DagBag from /opt/homebrew/Caskroom/miniconda/base/lib/python3.11/site-packages/airflow/example_dags/plugins/listener_plugin.py
[2024-04-16T21:10:36.990+0700] {processor.py:842} WARNING - No viable dags retrieved from /opt/homebrew/Caskroom/miniconda/base/lib/python3.11/site-packages/airflow/example_dags/plugins/listener_plugin.py
[2024-04-16T21:10:37.037+0700] {processor.py:183} INFO - Processing /opt/homebrew/Caskroom/miniconda/base/lib/python3.11/site-packages/airflow/example_dags/plugins/listener_plugin.py took 0.053 seconds
[2024-04-16T21:11:54.700+0700] {processor.py:161} INFO - Started process (PID=59475) to work on /opt/homebrew/Caskroom/miniconda/base/lib/python3.11/site-packages/airflow/example_dags/plugins/listener_plugin.py
[2024-04-16T21:11:54.701+0700] {processor.py:830} INFO - Processing file /opt/homebrew/Caskroom/miniconda/base/lib/python3.11/site-packages/airflow/example_dags/plugins/listener_plugin.py for tasks to queue
[2024-04-16T21:11:54.702+0700] {logging_mixin.py:188} INFO - [2024-04-16T21:11:54.702+0700] {dagbag.py:540} INFO - Filling up the DagBag from /opt/homebrew/Caskroom/miniconda/base/lib/python3.11/site-packages/airflow/example_dags/plugins/listener_plugin.py
[2024-04-16T21:11:54.704+0700] {processor.py:842} WARNING - No viable dags retrieved from /opt/homebrew/Caskroom/miniconda/base/lib/python3.11/site-packages/airflow/example_dags/plugins/listener_plugin.py
[2024-04-16T21:11:54.751+0700] {processor.py:183} INFO - Processing /opt/homebrew/Caskroom/miniconda/base/lib/python3.11/site-packages/airflow/example_dags/plugins/listener_plugin.py took 0.052 seconds
[2024-04-16T21:13:13.460+0700] {processor.py:161} INFO - Started process (PID=59846) to work on /opt/homebrew/Caskroom/miniconda/base/lib/python3.11/site-packages/airflow/example_dags/plugins/listener_plugin.py
[2024-04-16T21:13:13.461+0700] {processor.py:830} INFO - Processing file /opt/homebrew/Caskroom/miniconda/base/lib/python3.11/site-packages/airflow/example_dags/plugins/listener_plugin.py for tasks to queue
[2024-04-16T21:13:13.462+0700] {logging_mixin.py:188} INFO - [2024-04-16T21:13:13.462+0700] {dagbag.py:540} INFO - Filling up the DagBag from /opt/homebrew/Caskroom/miniconda/base/lib/python3.11/site-packages/airflow/example_dags/plugins/listener_plugin.py
[2024-04-16T21:13:13.463+0700] {processor.py:842} WARNING - No viable dags retrieved from /opt/homebrew/Caskroom/miniconda/base/lib/python3.11/site-packages/airflow/example_dags/plugins/listener_plugin.py
[2024-04-16T21:13:13.510+0700] {processor.py:183} INFO - Processing /opt/homebrew/Caskroom/miniconda/base/lib/python3.11/site-packages/airflow/example_dags/plugins/listener_plugin.py took 0.051 seconds
[2024-04-16T21:14:32.692+0700] {processor.py:161} INFO - Started process (PID=60212) to work on /opt/homebrew/Caskroom/miniconda/base/lib/python3.11/site-packages/airflow/example_dags/plugins/listener_plugin.py
[2024-04-16T21:14:32.693+0700] {processor.py:830} INFO - Processing file /opt/homebrew/Caskroom/miniconda/base/lib/python3.11/site-packages/airflow/example_dags/plugins/listener_plugin.py for tasks to queue
[2024-04-16T21:14:32.693+0700] {logging_mixin.py:188} INFO - [2024-04-16T21:14:32.693+0700] {dagbag.py:540} INFO - Filling up the DagBag from /opt/homebrew/Caskroom/miniconda/base/lib/python3.11/site-packages/airflow/example_dags/plugins/listener_plugin.py
[2024-04-16T21:14:32.695+0700] {processor.py:842} WARNING - No viable dags retrieved from /opt/homebrew/Caskroom/miniconda/base/lib/python3.11/site-packages/airflow/example_dags/plugins/listener_plugin.py
[2024-04-16T21:14:32.747+0700] {processor.py:183} INFO - Processing /opt/homebrew/Caskroom/miniconda/base/lib/python3.11/site-packages/airflow/example_dags/plugins/listener_plugin.py took 0.058 seconds
[2024-04-16T21:15:51.288+0700] {processor.py:161} INFO - Started process (PID=60568) to work on /opt/homebrew/Caskroom/miniconda/base/lib/python3.11/site-packages/airflow/example_dags/plugins/listener_plugin.py
[2024-04-16T21:15:51.289+0700] {processor.py:830} INFO - Processing file /opt/homebrew/Caskroom/miniconda/base/lib/python3.11/site-packages/airflow/example_dags/plugins/listener_plugin.py for tasks to queue
[2024-04-16T21:15:51.290+0700] {logging_mixin.py:188} INFO - [2024-04-16T21:15:51.290+0700] {dagbag.py:540} INFO - Filling up the DagBag from /opt/homebrew/Caskroom/miniconda/base/lib/python3.11/site-packages/airflow/example_dags/plugins/listener_plugin.py
[2024-04-16T21:15:51.292+0700] {processor.py:842} WARNING - No viable dags retrieved from /opt/homebrew/Caskroom/miniconda/base/lib/python3.11/site-packages/airflow/example_dags/plugins/listener_plugin.py
[2024-04-16T21:15:51.339+0700] {processor.py:183} INFO - Processing /opt/homebrew/Caskroom/miniconda/base/lib/python3.11/site-packages/airflow/example_dags/plugins/listener_plugin.py took 0.053 seconds
[2024-04-16T21:17:07.389+0700] {processor.py:161} INFO - Started process (PID=60916) to work on /opt/homebrew/Caskroom/miniconda/base/lib/python3.11/site-packages/airflow/example_dags/plugins/listener_plugin.py
[2024-04-16T21:17:07.391+0700] {processor.py:830} INFO - Processing file /opt/homebrew/Caskroom/miniconda/base/lib/python3.11/site-packages/airflow/example_dags/plugins/listener_plugin.py for tasks to queue
[2024-04-16T21:17:07.391+0700] {logging_mixin.py:188} INFO - [2024-04-16T21:17:07.391+0700] {dagbag.py:540} INFO - Filling up the DagBag from /opt/homebrew/Caskroom/miniconda/base/lib/python3.11/site-packages/airflow/example_dags/plugins/listener_plugin.py
[2024-04-16T21:17:07.393+0700] {processor.py:842} WARNING - No viable dags retrieved from /opt/homebrew/Caskroom/miniconda/base/lib/python3.11/site-packages/airflow/example_dags/plugins/listener_plugin.py
[2024-04-16T21:17:07.441+0700] {processor.py:183} INFO - Processing /opt/homebrew/Caskroom/miniconda/base/lib/python3.11/site-packages/airflow/example_dags/plugins/listener_plugin.py took 0.053 seconds
[2024-04-16T21:18:24.136+0700] {processor.py:161} INFO - Started process (PID=61274) to work on /opt/homebrew/Caskroom/miniconda/base/lib/python3.11/site-packages/airflow/example_dags/plugins/listener_plugin.py
[2024-04-16T21:18:24.137+0700] {processor.py:830} INFO - Processing file /opt/homebrew/Caskroom/miniconda/base/lib/python3.11/site-packages/airflow/example_dags/plugins/listener_plugin.py for tasks to queue
[2024-04-16T21:18:24.138+0700] {logging_mixin.py:188} INFO - [2024-04-16T21:18:24.138+0700] {dagbag.py:540} INFO - Filling up the DagBag from /opt/homebrew/Caskroom/miniconda/base/lib/python3.11/site-packages/airflow/example_dags/plugins/listener_plugin.py
[2024-04-16T21:18:24.139+0700] {processor.py:842} WARNING - No viable dags retrieved from /opt/homebrew/Caskroom/miniconda/base/lib/python3.11/site-packages/airflow/example_dags/plugins/listener_plugin.py
[2024-04-16T21:18:24.186+0700] {processor.py:183} INFO - Processing /opt/homebrew/Caskroom/miniconda/base/lib/python3.11/site-packages/airflow/example_dags/plugins/listener_plugin.py took 0.051 seconds
[2024-04-16T21:19:40.205+0700] {processor.py:161} INFO - Started process (PID=61629) to work on /opt/homebrew/Caskroom/miniconda/base/lib/python3.11/site-packages/airflow/example_dags/plugins/listener_plugin.py
[2024-04-16T21:19:40.206+0700] {processor.py:830} INFO - Processing file /opt/homebrew/Caskroom/miniconda/base/lib/python3.11/site-packages/airflow/example_dags/plugins/listener_plugin.py for tasks to queue
[2024-04-16T21:19:40.207+0700] {logging_mixin.py:188} INFO - [2024-04-16T21:19:40.206+0700] {dagbag.py:540} INFO - Filling up the DagBag from /opt/homebrew/Caskroom/miniconda/base/lib/python3.11/site-packages/airflow/example_dags/plugins/listener_plugin.py
[2024-04-16T21:19:40.209+0700] {processor.py:842} WARNING - No viable dags retrieved from /opt/homebrew/Caskroom/miniconda/base/lib/python3.11/site-packages/airflow/example_dags/plugins/listener_plugin.py
[2024-04-16T21:19:40.255+0700] {processor.py:183} INFO - Processing /opt/homebrew/Caskroom/miniconda/base/lib/python3.11/site-packages/airflow/example_dags/plugins/listener_plugin.py took 0.051 seconds
[2024-04-16T21:20:57.048+0700] {processor.py:161} INFO - Started process (PID=61979) to work on /opt/homebrew/Caskroom/miniconda/base/lib/python3.11/site-packages/airflow/example_dags/plugins/listener_plugin.py
[2024-04-16T21:20:57.049+0700] {processor.py:830} INFO - Processing file /opt/homebrew/Caskroom/miniconda/base/lib/python3.11/site-packages/airflow/example_dags/plugins/listener_plugin.py for tasks to queue
[2024-04-16T21:20:57.050+0700] {logging_mixin.py:188} INFO - [2024-04-16T21:20:57.050+0700] {dagbag.py:540} INFO - Filling up the DagBag from /opt/homebrew/Caskroom/miniconda/base/lib/python3.11/site-packages/airflow/example_dags/plugins/listener_plugin.py
[2024-04-16T21:20:57.052+0700] {processor.py:842} WARNING - No viable dags retrieved from /opt/homebrew/Caskroom/miniconda/base/lib/python3.11/site-packages/airflow/example_dags/plugins/listener_plugin.py
[2024-04-16T21:20:57.099+0700] {processor.py:183} INFO - Processing /opt/homebrew/Caskroom/miniconda/base/lib/python3.11/site-packages/airflow/example_dags/plugins/listener_plugin.py took 0.053 seconds
[2024-04-16T21:22:22.713+0700] {processor.py:161} INFO - Started process (PID=62657) to work on /opt/homebrew/Caskroom/miniconda/base/lib/python3.11/site-packages/airflow/example_dags/plugins/listener_plugin.py
[2024-04-16T21:22:22.715+0700] {processor.py:830} INFO - Processing file /opt/homebrew/Caskroom/miniconda/base/lib/python3.11/site-packages/airflow/example_dags/plugins/listener_plugin.py for tasks to queue
[2024-04-16T21:22:22.716+0700] {logging_mixin.py:188} INFO - [2024-04-16T21:22:22.716+0700] {dagbag.py:540} INFO - Filling up the DagBag from /opt/homebrew/Caskroom/miniconda/base/lib/python3.11/site-packages/airflow/example_dags/plugins/listener_plugin.py
[2024-04-16T21:22:22.720+0700] {processor.py:842} WARNING - No viable dags retrieved from /opt/homebrew/Caskroom/miniconda/base/lib/python3.11/site-packages/airflow/example_dags/plugins/listener_plugin.py
[2024-04-16T21:22:22.884+0700] {processor.py:183} INFO - Processing /opt/homebrew/Caskroom/miniconda/base/lib/python3.11/site-packages/airflow/example_dags/plugins/listener_plugin.py took 0.175 seconds
[2024-04-16T21:23:58.479+0700] {processor.py:161} INFO - Started process (PID=63480) to work on /opt/homebrew/Caskroom/miniconda/base/lib/python3.11/site-packages/airflow/example_dags/plugins/listener_plugin.py
[2024-04-16T21:23:58.480+0700] {processor.py:830} INFO - Processing file /opt/homebrew/Caskroom/miniconda/base/lib/python3.11/site-packages/airflow/example_dags/plugins/listener_plugin.py for tasks to queue
[2024-04-16T21:23:58.480+0700] {logging_mixin.py:188} INFO - [2024-04-16T21:23:58.480+0700] {dagbag.py:540} INFO - Filling up the DagBag from /opt/homebrew/Caskroom/miniconda/base/lib/python3.11/site-packages/airflow/example_dags/plugins/listener_plugin.py
[2024-04-16T21:23:58.482+0700] {processor.py:842} WARNING - No viable dags retrieved from /opt/homebrew/Caskroom/miniconda/base/lib/python3.11/site-packages/airflow/example_dags/plugins/listener_plugin.py
[2024-04-16T21:23:58.533+0700] {processor.py:183} INFO - Processing /opt/homebrew/Caskroom/miniconda/base/lib/python3.11/site-packages/airflow/example_dags/plugins/listener_plugin.py took 0.056 seconds
[2024-04-16T21:25:27.099+0700] {processor.py:161} INFO - Started process (PID=63941) to work on /opt/homebrew/Caskroom/miniconda/base/lib/python3.11/site-packages/airflow/example_dags/plugins/listener_plugin.py
[2024-04-16T21:25:27.100+0700] {processor.py:830} INFO - Processing file /opt/homebrew/Caskroom/miniconda/base/lib/python3.11/site-packages/airflow/example_dags/plugins/listener_plugin.py for tasks to queue
[2024-04-16T21:25:27.101+0700] {logging_mixin.py:188} INFO - [2024-04-16T21:25:27.101+0700] {dagbag.py:540} INFO - Filling up the DagBag from /opt/homebrew/Caskroom/miniconda/base/lib/python3.11/site-packages/airflow/example_dags/plugins/listener_plugin.py
[2024-04-16T21:25:27.102+0700] {processor.py:842} WARNING - No viable dags retrieved from /opt/homebrew/Caskroom/miniconda/base/lib/python3.11/site-packages/airflow/example_dags/plugins/listener_plugin.py
[2024-04-16T21:25:27.150+0700] {processor.py:183} INFO - Processing /opt/homebrew/Caskroom/miniconda/base/lib/python3.11/site-packages/airflow/example_dags/plugins/listener_plugin.py took 0.053 seconds
[2024-04-16T21:26:52.096+0700] {processor.py:161} INFO - Started process (PID=64340) to work on /opt/homebrew/Caskroom/miniconda/base/lib/python3.11/site-packages/airflow/example_dags/plugins/listener_plugin.py
[2024-04-16T21:26:52.097+0700] {processor.py:830} INFO - Processing file /opt/homebrew/Caskroom/miniconda/base/lib/python3.11/site-packages/airflow/example_dags/plugins/listener_plugin.py for tasks to queue
[2024-04-16T21:26:52.098+0700] {logging_mixin.py:188} INFO - [2024-04-16T21:26:52.097+0700] {dagbag.py:540} INFO - Filling up the DagBag from /opt/homebrew/Caskroom/miniconda/base/lib/python3.11/site-packages/airflow/example_dags/plugins/listener_plugin.py
[2024-04-16T21:26:52.100+0700] {processor.py:842} WARNING - No viable dags retrieved from /opt/homebrew/Caskroom/miniconda/base/lib/python3.11/site-packages/airflow/example_dags/plugins/listener_plugin.py
[2024-04-16T21:26:52.152+0700] {processor.py:183} INFO - Processing /opt/homebrew/Caskroom/miniconda/base/lib/python3.11/site-packages/airflow/example_dags/plugins/listener_plugin.py took 0.059 seconds
[2024-04-16T21:28:22.100+0700] {processor.py:161} INFO - Started process (PID=64793) to work on /opt/homebrew/Caskroom/miniconda/base/lib/python3.11/site-packages/airflow/example_dags/plugins/listener_plugin.py
[2024-04-16T21:28:22.100+0700] {processor.py:830} INFO - Processing file /opt/homebrew/Caskroom/miniconda/base/lib/python3.11/site-packages/airflow/example_dags/plugins/listener_plugin.py for tasks to queue
[2024-04-16T21:28:22.101+0700] {logging_mixin.py:188} INFO - [2024-04-16T21:28:22.101+0700] {dagbag.py:540} INFO - Filling up the DagBag from /opt/homebrew/Caskroom/miniconda/base/lib/python3.11/site-packages/airflow/example_dags/plugins/listener_plugin.py
[2024-04-16T21:28:22.103+0700] {processor.py:842} WARNING - No viable dags retrieved from /opt/homebrew/Caskroom/miniconda/base/lib/python3.11/site-packages/airflow/example_dags/plugins/listener_plugin.py
[2024-04-16T21:28:22.151+0700] {processor.py:183} INFO - Processing /opt/homebrew/Caskroom/miniconda/base/lib/python3.11/site-packages/airflow/example_dags/plugins/listener_plugin.py took 0.054 seconds
[2024-04-16T21:29:43.405+0700] {processor.py:161} INFO - Started process (PID=65165) to work on /opt/homebrew/Caskroom/miniconda/base/lib/python3.11/site-packages/airflow/example_dags/plugins/listener_plugin.py
[2024-04-16T21:29:43.406+0700] {processor.py:830} INFO - Processing file /opt/homebrew/Caskroom/miniconda/base/lib/python3.11/site-packages/airflow/example_dags/plugins/listener_plugin.py for tasks to queue
[2024-04-16T21:29:43.407+0700] {logging_mixin.py:188} INFO - [2024-04-16T21:29:43.407+0700] {dagbag.py:540} INFO - Filling up the DagBag from /opt/homebrew/Caskroom/miniconda/base/lib/python3.11/site-packages/airflow/example_dags/plugins/listener_plugin.py
[2024-04-16T21:29:43.409+0700] {processor.py:842} WARNING - No viable dags retrieved from /opt/homebrew/Caskroom/miniconda/base/lib/python3.11/site-packages/airflow/example_dags/plugins/listener_plugin.py
[2024-04-16T21:29:43.461+0700] {processor.py:183} INFO - Processing /opt/homebrew/Caskroom/miniconda/base/lib/python3.11/site-packages/airflow/example_dags/plugins/listener_plugin.py took 0.058 seconds
[2024-04-16T21:31:11.170+0700] {processor.py:161} INFO - Started process (PID=65588) to work on /opt/homebrew/Caskroom/miniconda/base/lib/python3.11/site-packages/airflow/example_dags/plugins/listener_plugin.py
[2024-04-16T21:31:11.171+0700] {processor.py:830} INFO - Processing file /opt/homebrew/Caskroom/miniconda/base/lib/python3.11/site-packages/airflow/example_dags/plugins/listener_plugin.py for tasks to queue
[2024-04-16T21:31:11.171+0700] {logging_mixin.py:188} INFO - [2024-04-16T21:31:11.171+0700] {dagbag.py:540} INFO - Filling up the DagBag from /opt/homebrew/Caskroom/miniconda/base/lib/python3.11/site-packages/airflow/example_dags/plugins/listener_plugin.py
[2024-04-16T21:31:11.173+0700] {processor.py:842} WARNING - No viable dags retrieved from /opt/homebrew/Caskroom/miniconda/base/lib/python3.11/site-packages/airflow/example_dags/plugins/listener_plugin.py
[2024-04-16T21:31:11.221+0700] {processor.py:183} INFO - Processing /opt/homebrew/Caskroom/miniconda/base/lib/python3.11/site-packages/airflow/example_dags/plugins/listener_plugin.py took 0.053 seconds
[2024-04-16T21:32:28.556+0700] {processor.py:161} INFO - Started process (PID=65935) to work on /opt/homebrew/Caskroom/miniconda/base/lib/python3.11/site-packages/airflow/example_dags/plugins/listener_plugin.py
[2024-04-16T21:32:28.557+0700] {processor.py:830} INFO - Processing file /opt/homebrew/Caskroom/miniconda/base/lib/python3.11/site-packages/airflow/example_dags/plugins/listener_plugin.py for tasks to queue
[2024-04-16T21:32:28.557+0700] {logging_mixin.py:188} INFO - [2024-04-16T21:32:28.557+0700] {dagbag.py:540} INFO - Filling up the DagBag from /opt/homebrew/Caskroom/miniconda/base/lib/python3.11/site-packages/airflow/example_dags/plugins/listener_plugin.py
[2024-04-16T21:32:28.559+0700] {processor.py:842} WARNING - No viable dags retrieved from /opt/homebrew/Caskroom/miniconda/base/lib/python3.11/site-packages/airflow/example_dags/plugins/listener_plugin.py
[2024-04-16T21:32:28.605+0700] {processor.py:183} INFO - Processing /opt/homebrew/Caskroom/miniconda/base/lib/python3.11/site-packages/airflow/example_dags/plugins/listener_plugin.py took 0.051 seconds
[2024-04-16T21:33:53.408+0700] {processor.py:161} INFO - Started process (PID=66334) to work on /opt/homebrew/Caskroom/miniconda/base/lib/python3.11/site-packages/airflow/example_dags/plugins/listener_plugin.py
[2024-04-16T21:33:53.409+0700] {processor.py:830} INFO - Processing file /opt/homebrew/Caskroom/miniconda/base/lib/python3.11/site-packages/airflow/example_dags/plugins/listener_plugin.py for tasks to queue
[2024-04-16T21:33:53.409+0700] {logging_mixin.py:188} INFO - [2024-04-16T21:33:53.409+0700] {dagbag.py:540} INFO - Filling up the DagBag from /opt/homebrew/Caskroom/miniconda/base/lib/python3.11/site-packages/airflow/example_dags/plugins/listener_plugin.py
[2024-04-16T21:33:53.411+0700] {processor.py:842} WARNING - No viable dags retrieved from /opt/homebrew/Caskroom/miniconda/base/lib/python3.11/site-packages/airflow/example_dags/plugins/listener_plugin.py
[2024-04-16T21:33:53.485+0700] {processor.py:183} INFO - Processing /opt/homebrew/Caskroom/miniconda/base/lib/python3.11/site-packages/airflow/example_dags/plugins/listener_plugin.py took 0.079 seconds
[2024-04-16T21:35:14.436+0700] {processor.py:161} INFO - Started process (PID=66719) to work on /opt/homebrew/Caskroom/miniconda/base/lib/python3.11/site-packages/airflow/example_dags/plugins/listener_plugin.py
[2024-04-16T21:35:14.437+0700] {processor.py:830} INFO - Processing file /opt/homebrew/Caskroom/miniconda/base/lib/python3.11/site-packages/airflow/example_dags/plugins/listener_plugin.py for tasks to queue
[2024-04-16T21:35:14.437+0700] {logging_mixin.py:188} INFO - [2024-04-16T21:35:14.437+0700] {dagbag.py:540} INFO - Filling up the DagBag from /opt/homebrew/Caskroom/miniconda/base/lib/python3.11/site-packages/airflow/example_dags/plugins/listener_plugin.py
[2024-04-16T21:35:14.440+0700] {processor.py:842} WARNING - No viable dags retrieved from /opt/homebrew/Caskroom/miniconda/base/lib/python3.11/site-packages/airflow/example_dags/plugins/listener_plugin.py
[2024-04-16T21:35:14.488+0700] {processor.py:183} INFO - Processing /opt/homebrew/Caskroom/miniconda/base/lib/python3.11/site-packages/airflow/example_dags/plugins/listener_plugin.py took 0.054 seconds
[2024-04-16T21:36:33.780+0700] {processor.py:161} INFO - Started process (PID=67127) to work on /opt/homebrew/Caskroom/miniconda/base/lib/python3.11/site-packages/airflow/example_dags/plugins/listener_plugin.py
[2024-04-16T21:36:33.781+0700] {processor.py:830} INFO - Processing file /opt/homebrew/Caskroom/miniconda/base/lib/python3.11/site-packages/airflow/example_dags/plugins/listener_plugin.py for tasks to queue
[2024-04-16T21:36:33.781+0700] {logging_mixin.py:188} INFO - [2024-04-16T21:36:33.781+0700] {dagbag.py:540} INFO - Filling up the DagBag from /opt/homebrew/Caskroom/miniconda/base/lib/python3.11/site-packages/airflow/example_dags/plugins/listener_plugin.py
[2024-04-16T21:36:33.784+0700] {processor.py:842} WARNING - No viable dags retrieved from /opt/homebrew/Caskroom/miniconda/base/lib/python3.11/site-packages/airflow/example_dags/plugins/listener_plugin.py
[2024-04-16T21:36:33.835+0700] {processor.py:183} INFO - Processing /opt/homebrew/Caskroom/miniconda/base/lib/python3.11/site-packages/airflow/example_dags/plugins/listener_plugin.py took 0.057 seconds
[2024-04-16T21:37:51.297+0700] {processor.py:161} INFO - Started process (PID=67525) to work on /opt/homebrew/Caskroom/miniconda/base/lib/python3.11/site-packages/airflow/example_dags/plugins/listener_plugin.py
[2024-04-16T21:37:51.298+0700] {processor.py:830} INFO - Processing file /opt/homebrew/Caskroom/miniconda/base/lib/python3.11/site-packages/airflow/example_dags/plugins/listener_plugin.py for tasks to queue
[2024-04-16T21:37:51.299+0700] {logging_mixin.py:188} INFO - [2024-04-16T21:37:51.298+0700] {dagbag.py:540} INFO - Filling up the DagBag from /opt/homebrew/Caskroom/miniconda/base/lib/python3.11/site-packages/airflow/example_dags/plugins/listener_plugin.py
[2024-04-16T21:37:51.300+0700] {processor.py:842} WARNING - No viable dags retrieved from /opt/homebrew/Caskroom/miniconda/base/lib/python3.11/site-packages/airflow/example_dags/plugins/listener_plugin.py
[2024-04-16T21:37:51.347+0700] {processor.py:183} INFO - Processing /opt/homebrew/Caskroom/miniconda/base/lib/python3.11/site-packages/airflow/example_dags/plugins/listener_plugin.py took 0.052 seconds
[2024-04-16T21:39:23.767+0700] {processor.py:161} INFO - Started process (PID=68067) to work on /opt/homebrew/Caskroom/miniconda/base/lib/python3.11/site-packages/airflow/example_dags/plugins/listener_plugin.py
[2024-04-16T21:39:23.769+0700] {processor.py:830} INFO - Processing file /opt/homebrew/Caskroom/miniconda/base/lib/python3.11/site-packages/airflow/example_dags/plugins/listener_plugin.py for tasks to queue
[2024-04-16T21:39:23.769+0700] {logging_mixin.py:188} INFO - [2024-04-16T21:39:23.769+0700] {dagbag.py:540} INFO - Filling up the DagBag from /opt/homebrew/Caskroom/miniconda/base/lib/python3.11/site-packages/airflow/example_dags/plugins/listener_plugin.py
[2024-04-16T21:39:23.771+0700] {processor.py:842} WARNING - No viable dags retrieved from /opt/homebrew/Caskroom/miniconda/base/lib/python3.11/site-packages/airflow/example_dags/plugins/listener_plugin.py
[2024-04-16T21:39:23.822+0700] {processor.py:183} INFO - Processing /opt/homebrew/Caskroom/miniconda/base/lib/python3.11/site-packages/airflow/example_dags/plugins/listener_plugin.py took 0.057 seconds
[2024-04-16T21:40:54.055+0700] {processor.py:161} INFO - Started process (PID=68486) to work on /opt/homebrew/Caskroom/miniconda/base/lib/python3.11/site-packages/airflow/example_dags/plugins/listener_plugin.py
[2024-04-16T21:40:54.089+0700] {processor.py:830} INFO - Processing file /opt/homebrew/Caskroom/miniconda/base/lib/python3.11/site-packages/airflow/example_dags/plugins/listener_plugin.py for tasks to queue
[2024-04-16T21:40:54.089+0700] {logging_mixin.py:188} INFO - [2024-04-16T21:40:54.089+0700] {dagbag.py:540} INFO - Filling up the DagBag from /opt/homebrew/Caskroom/miniconda/base/lib/python3.11/site-packages/airflow/example_dags/plugins/listener_plugin.py
[2024-04-16T21:40:54.093+0700] {processor.py:842} WARNING - No viable dags retrieved from /opt/homebrew/Caskroom/miniconda/base/lib/python3.11/site-packages/airflow/example_dags/plugins/listener_plugin.py
[2024-04-16T21:40:54.140+0700] {processor.py:183} INFO - Processing /opt/homebrew/Caskroom/miniconda/base/lib/python3.11/site-packages/airflow/example_dags/plugins/listener_plugin.py took 0.088 seconds
[2024-04-16T21:42:43.642+0700] {processor.py:161} INFO - Started process (PID=68996) to work on /opt/homebrew/Caskroom/miniconda/base/lib/python3.11/site-packages/airflow/example_dags/plugins/listener_plugin.py
[2024-04-16T21:42:43.643+0700] {processor.py:830} INFO - Processing file /opt/homebrew/Caskroom/miniconda/base/lib/python3.11/site-packages/airflow/example_dags/plugins/listener_plugin.py for tasks to queue
[2024-04-16T21:42:43.643+0700] {logging_mixin.py:188} INFO - [2024-04-16T21:42:43.643+0700] {dagbag.py:540} INFO - Filling up the DagBag from /opt/homebrew/Caskroom/miniconda/base/lib/python3.11/site-packages/airflow/example_dags/plugins/listener_plugin.py
[2024-04-16T21:42:43.645+0700] {processor.py:842} WARNING - No viable dags retrieved from /opt/homebrew/Caskroom/miniconda/base/lib/python3.11/site-packages/airflow/example_dags/plugins/listener_plugin.py
[2024-04-16T21:42:43.703+0700] {processor.py:183} INFO - Processing /opt/homebrew/Caskroom/miniconda/base/lib/python3.11/site-packages/airflow/example_dags/plugins/listener_plugin.py took 0.065 seconds
[2024-04-16T21:44:25.254+0700] {processor.py:161} INFO - Started process (PID=69452) to work on /opt/homebrew/Caskroom/miniconda/base/lib/python3.11/site-packages/airflow/example_dags/plugins/listener_plugin.py
[2024-04-16T21:44:25.255+0700] {processor.py:830} INFO - Processing file /opt/homebrew/Caskroom/miniconda/base/lib/python3.11/site-packages/airflow/example_dags/plugins/listener_plugin.py for tasks to queue
[2024-04-16T21:44:25.256+0700] {logging_mixin.py:188} INFO - [2024-04-16T21:44:25.256+0700] {dagbag.py:540} INFO - Filling up the DagBag from /opt/homebrew/Caskroom/miniconda/base/lib/python3.11/site-packages/airflow/example_dags/plugins/listener_plugin.py
[2024-04-16T21:44:25.258+0700] {processor.py:842} WARNING - No viable dags retrieved from /opt/homebrew/Caskroom/miniconda/base/lib/python3.11/site-packages/airflow/example_dags/plugins/listener_plugin.py
[2024-04-16T21:44:25.307+0700] {processor.py:183} INFO - Processing /opt/homebrew/Caskroom/miniconda/base/lib/python3.11/site-packages/airflow/example_dags/plugins/listener_plugin.py took 0.055 seconds
[2024-04-16T21:45:49.572+0700] {processor.py:161} INFO - Started process (PID=69825) to work on /opt/homebrew/Caskroom/miniconda/base/lib/python3.11/site-packages/airflow/example_dags/plugins/listener_plugin.py
[2024-04-16T21:45:49.576+0700] {processor.py:830} INFO - Processing file /opt/homebrew/Caskroom/miniconda/base/lib/python3.11/site-packages/airflow/example_dags/plugins/listener_plugin.py for tasks to queue
[2024-04-16T21:45:49.579+0700] {logging_mixin.py:188} INFO - [2024-04-16T21:45:49.578+0700] {dagbag.py:540} INFO - Filling up the DagBag from /opt/homebrew/Caskroom/miniconda/base/lib/python3.11/site-packages/airflow/example_dags/plugins/listener_plugin.py
[2024-04-16T21:45:49.584+0700] {processor.py:842} WARNING - No viable dags retrieved from /opt/homebrew/Caskroom/miniconda/base/lib/python3.11/site-packages/airflow/example_dags/plugins/listener_plugin.py
[2024-04-16T21:45:49.676+0700] {processor.py:183} INFO - Processing /opt/homebrew/Caskroom/miniconda/base/lib/python3.11/site-packages/airflow/example_dags/plugins/listener_plugin.py took 0.107 seconds
[2024-04-16T21:47:40.130+0700] {processor.py:161} INFO - Started process (PID=70331) to work on /opt/homebrew/Caskroom/miniconda/base/lib/python3.11/site-packages/airflow/example_dags/plugins/listener_plugin.py
[2024-04-16T21:47:40.131+0700] {processor.py:830} INFO - Processing file /opt/homebrew/Caskroom/miniconda/base/lib/python3.11/site-packages/airflow/example_dags/plugins/listener_plugin.py for tasks to queue
[2024-04-16T21:47:40.132+0700] {logging_mixin.py:188} INFO - [2024-04-16T21:47:40.132+0700] {dagbag.py:540} INFO - Filling up the DagBag from /opt/homebrew/Caskroom/miniconda/base/lib/python3.11/site-packages/airflow/example_dags/plugins/listener_plugin.py
[2024-04-16T21:47:40.134+0700] {processor.py:842} WARNING - No viable dags retrieved from /opt/homebrew/Caskroom/miniconda/base/lib/python3.11/site-packages/airflow/example_dags/plugins/listener_plugin.py
[2024-04-16T21:47:40.182+0700] {processor.py:183} INFO - Processing /opt/homebrew/Caskroom/miniconda/base/lib/python3.11/site-packages/airflow/example_dags/plugins/listener_plugin.py took 0.055 seconds
[2024-04-16T21:49:45.300+0700] {processor.py:161} INFO - Started process (PID=70899) to work on /opt/homebrew/Caskroom/miniconda/base/lib/python3.11/site-packages/airflow/example_dags/plugins/listener_plugin.py
[2024-04-16T21:49:45.302+0700] {processor.py:830} INFO - Processing file /opt/homebrew/Caskroom/miniconda/base/lib/python3.11/site-packages/airflow/example_dags/plugins/listener_plugin.py for tasks to queue
[2024-04-16T21:49:45.303+0700] {logging_mixin.py:188} INFO - [2024-04-16T21:49:45.303+0700] {dagbag.py:540} INFO - Filling up the DagBag from /opt/homebrew/Caskroom/miniconda/base/lib/python3.11/site-packages/airflow/example_dags/plugins/listener_plugin.py
[2024-04-16T21:49:45.308+0700] {processor.py:842} WARNING - No viable dags retrieved from /opt/homebrew/Caskroom/miniconda/base/lib/python3.11/site-packages/airflow/example_dags/plugins/listener_plugin.py
[2024-04-16T21:49:45.426+0700] {processor.py:183} INFO - Processing /opt/homebrew/Caskroom/miniconda/base/lib/python3.11/site-packages/airflow/example_dags/plugins/listener_plugin.py took 0.130 seconds
[2024-04-16T21:51:37.267+0700] {processor.py:161} INFO - Started process (PID=71592) to work on /opt/homebrew/Caskroom/miniconda/base/lib/python3.11/site-packages/airflow/example_dags/plugins/listener_plugin.py
[2024-04-16T21:51:37.269+0700] {processor.py:830} INFO - Processing file /opt/homebrew/Caskroom/miniconda/base/lib/python3.11/site-packages/airflow/example_dags/plugins/listener_plugin.py for tasks to queue
[2024-04-16T21:51:37.370+0700] {logging_mixin.py:188} INFO - [2024-04-16T21:51:37.370+0700] {dagbag.py:540} INFO - Filling up the DagBag from /opt/homebrew/Caskroom/miniconda/base/lib/python3.11/site-packages/airflow/example_dags/plugins/listener_plugin.py
[2024-04-16T21:51:37.385+0700] {processor.py:842} WARNING - No viable dags retrieved from /opt/homebrew/Caskroom/miniconda/base/lib/python3.11/site-packages/airflow/example_dags/plugins/listener_plugin.py
[2024-04-16T21:51:37.515+0700] {processor.py:183} INFO - Processing /opt/homebrew/Caskroom/miniconda/base/lib/python3.11/site-packages/airflow/example_dags/plugins/listener_plugin.py took 0.254 seconds
[2024-04-16T21:54:14.067+0700] {processor.py:161} INFO - Started process (PID=72541) to work on /opt/homebrew/Caskroom/miniconda/base/lib/python3.11/site-packages/airflow/example_dags/plugins/listener_plugin.py
[2024-04-16T21:54:14.069+0700] {processor.py:830} INFO - Processing file /opt/homebrew/Caskroom/miniconda/base/lib/python3.11/site-packages/airflow/example_dags/plugins/listener_plugin.py for tasks to queue
[2024-04-16T21:54:14.069+0700] {logging_mixin.py:188} INFO - [2024-04-16T21:54:14.069+0700] {dagbag.py:540} INFO - Filling up the DagBag from /opt/homebrew/Caskroom/miniconda/base/lib/python3.11/site-packages/airflow/example_dags/plugins/listener_plugin.py
[2024-04-16T21:54:14.071+0700] {processor.py:842} WARNING - No viable dags retrieved from /opt/homebrew/Caskroom/miniconda/base/lib/python3.11/site-packages/airflow/example_dags/plugins/listener_plugin.py
[2024-04-16T21:54:14.122+0700] {processor.py:183} INFO - Processing /opt/homebrew/Caskroom/miniconda/base/lib/python3.11/site-packages/airflow/example_dags/plugins/listener_plugin.py took 0.058 seconds
[2024-04-16T21:55:53.917+0700] {processor.py:161} INFO - Started process (PID=73014) to work on /opt/homebrew/Caskroom/miniconda/base/lib/python3.11/site-packages/airflow/example_dags/plugins/listener_plugin.py
[2024-04-16T21:55:53.919+0700] {processor.py:830} INFO - Processing file /opt/homebrew/Caskroom/miniconda/base/lib/python3.11/site-packages/airflow/example_dags/plugins/listener_plugin.py for tasks to queue
[2024-04-16T21:55:53.920+0700] {logging_mixin.py:188} INFO - [2024-04-16T21:55:53.920+0700] {dagbag.py:540} INFO - Filling up the DagBag from /opt/homebrew/Caskroom/miniconda/base/lib/python3.11/site-packages/airflow/example_dags/plugins/listener_plugin.py
[2024-04-16T21:55:53.925+0700] {processor.py:842} WARNING - No viable dags retrieved from /opt/homebrew/Caskroom/miniconda/base/lib/python3.11/site-packages/airflow/example_dags/plugins/listener_plugin.py
[2024-04-16T21:55:54.048+0700] {processor.py:183} INFO - Processing /opt/homebrew/Caskroom/miniconda/base/lib/python3.11/site-packages/airflow/example_dags/plugins/listener_plugin.py took 0.134 seconds
[2024-04-16T21:57:26.417+0700] {processor.py:161} INFO - Started process (PID=73474) to work on /opt/homebrew/Caskroom/miniconda/base/lib/python3.11/site-packages/airflow/example_dags/plugins/listener_plugin.py
[2024-04-16T21:57:26.418+0700] {processor.py:830} INFO - Processing file /opt/homebrew/Caskroom/miniconda/base/lib/python3.11/site-packages/airflow/example_dags/plugins/listener_plugin.py for tasks to queue
[2024-04-16T21:57:26.419+0700] {logging_mixin.py:188} INFO - [2024-04-16T21:57:26.419+0700] {dagbag.py:540} INFO - Filling up the DagBag from /opt/homebrew/Caskroom/miniconda/base/lib/python3.11/site-packages/airflow/example_dags/plugins/listener_plugin.py
[2024-04-16T21:57:26.421+0700] {processor.py:842} WARNING - No viable dags retrieved from /opt/homebrew/Caskroom/miniconda/base/lib/python3.11/site-packages/airflow/example_dags/plugins/listener_plugin.py
[2024-04-16T21:57:26.469+0700] {processor.py:183} INFO - Processing /opt/homebrew/Caskroom/miniconda/base/lib/python3.11/site-packages/airflow/example_dags/plugins/listener_plugin.py took 0.053 seconds
[2024-04-16T21:58:50.224+0700] {processor.py:161} INFO - Started process (PID=74219) to work on /opt/homebrew/Caskroom/miniconda/base/lib/python3.11/site-packages/airflow/example_dags/plugins/listener_plugin.py
[2024-04-16T21:58:50.225+0700] {processor.py:830} INFO - Processing file /opt/homebrew/Caskroom/miniconda/base/lib/python3.11/site-packages/airflow/example_dags/plugins/listener_plugin.py for tasks to queue
[2024-04-16T21:58:50.225+0700] {logging_mixin.py:188} INFO - [2024-04-16T21:58:50.225+0700] {dagbag.py:540} INFO - Filling up the DagBag from /opt/homebrew/Caskroom/miniconda/base/lib/python3.11/site-packages/airflow/example_dags/plugins/listener_plugin.py
[2024-04-16T21:58:50.227+0700] {processor.py:842} WARNING - No viable dags retrieved from /opt/homebrew/Caskroom/miniconda/base/lib/python3.11/site-packages/airflow/example_dags/plugins/listener_plugin.py
[2024-04-16T21:58:50.274+0700] {processor.py:183} INFO - Processing /opt/homebrew/Caskroom/miniconda/base/lib/python3.11/site-packages/airflow/example_dags/plugins/listener_plugin.py took 0.053 seconds
[2024-04-16T22:00:22.943+0700] {processor.py:161} INFO - Started process (PID=74736) to work on /opt/homebrew/Caskroom/miniconda/base/lib/python3.11/site-packages/airflow/example_dags/plugins/listener_plugin.py
[2024-04-16T22:00:22.944+0700] {processor.py:830} INFO - Processing file /opt/homebrew/Caskroom/miniconda/base/lib/python3.11/site-packages/airflow/example_dags/plugins/listener_plugin.py for tasks to queue
[2024-04-16T22:00:22.945+0700] {logging_mixin.py:188} INFO - [2024-04-16T22:00:22.945+0700] {dagbag.py:540} INFO - Filling up the DagBag from /opt/homebrew/Caskroom/miniconda/base/lib/python3.11/site-packages/airflow/example_dags/plugins/listener_plugin.py
[2024-04-16T22:00:22.947+0700] {processor.py:842} WARNING - No viable dags retrieved from /opt/homebrew/Caskroom/miniconda/base/lib/python3.11/site-packages/airflow/example_dags/plugins/listener_plugin.py
[2024-04-16T22:00:22.997+0700] {processor.py:183} INFO - Processing /opt/homebrew/Caskroom/miniconda/base/lib/python3.11/site-packages/airflow/example_dags/plugins/listener_plugin.py took 0.056 seconds
[2024-04-16T22:01:43.336+0700] {processor.py:161} INFO - Started process (PID=75158) to work on /opt/homebrew/Caskroom/miniconda/base/lib/python3.11/site-packages/airflow/example_dags/plugins/listener_plugin.py
[2024-04-16T22:01:43.336+0700] {processor.py:830} INFO - Processing file /opt/homebrew/Caskroom/miniconda/base/lib/python3.11/site-packages/airflow/example_dags/plugins/listener_plugin.py for tasks to queue
[2024-04-16T22:01:43.337+0700] {logging_mixin.py:188} INFO - [2024-04-16T22:01:43.337+0700] {dagbag.py:540} INFO - Filling up the DagBag from /opt/homebrew/Caskroom/miniconda/base/lib/python3.11/site-packages/airflow/example_dags/plugins/listener_plugin.py
[2024-04-16T22:01:43.339+0700] {processor.py:842} WARNING - No viable dags retrieved from /opt/homebrew/Caskroom/miniconda/base/lib/python3.11/site-packages/airflow/example_dags/plugins/listener_plugin.py
[2024-04-16T22:01:43.385+0700] {processor.py:183} INFO - Processing /opt/homebrew/Caskroom/miniconda/base/lib/python3.11/site-packages/airflow/example_dags/plugins/listener_plugin.py took 0.052 seconds
[2024-04-16T22:03:12.653+0700] {processor.py:161} INFO - Started process (PID=75680) to work on /opt/homebrew/Caskroom/miniconda/base/lib/python3.11/site-packages/airflow/example_dags/plugins/listener_plugin.py
[2024-04-16T22:03:12.654+0700] {processor.py:830} INFO - Processing file /opt/homebrew/Caskroom/miniconda/base/lib/python3.11/site-packages/airflow/example_dags/plugins/listener_plugin.py for tasks to queue
[2024-04-16T22:03:12.655+0700] {logging_mixin.py:188} INFO - [2024-04-16T22:03:12.655+0700] {dagbag.py:540} INFO - Filling up the DagBag from /opt/homebrew/Caskroom/miniconda/base/lib/python3.11/site-packages/airflow/example_dags/plugins/listener_plugin.py
[2024-04-16T22:03:12.656+0700] {processor.py:842} WARNING - No viable dags retrieved from /opt/homebrew/Caskroom/miniconda/base/lib/python3.11/site-packages/airflow/example_dags/plugins/listener_plugin.py
[2024-04-16T22:03:12.709+0700] {processor.py:183} INFO - Processing /opt/homebrew/Caskroom/miniconda/base/lib/python3.11/site-packages/airflow/example_dags/plugins/listener_plugin.py took 0.058 seconds
[2024-04-16T22:04:37.059+0700] {processor.py:161} INFO - Started process (PID=76117) to work on /opt/homebrew/Caskroom/miniconda/base/lib/python3.11/site-packages/airflow/example_dags/plugins/listener_plugin.py
[2024-04-16T22:04:37.060+0700] {processor.py:830} INFO - Processing file /opt/homebrew/Caskroom/miniconda/base/lib/python3.11/site-packages/airflow/example_dags/plugins/listener_plugin.py for tasks to queue
[2024-04-16T22:04:37.061+0700] {logging_mixin.py:188} INFO - [2024-04-16T22:04:37.061+0700] {dagbag.py:540} INFO - Filling up the DagBag from /opt/homebrew/Caskroom/miniconda/base/lib/python3.11/site-packages/airflow/example_dags/plugins/listener_plugin.py
[2024-04-16T22:04:37.063+0700] {processor.py:842} WARNING - No viable dags retrieved from /opt/homebrew/Caskroom/miniconda/base/lib/python3.11/site-packages/airflow/example_dags/plugins/listener_plugin.py
[2024-04-16T22:04:37.111+0700] {processor.py:183} INFO - Processing /opt/homebrew/Caskroom/miniconda/base/lib/python3.11/site-packages/airflow/example_dags/plugins/listener_plugin.py took 0.054 seconds
[2024-04-16T22:06:09.481+0700] {processor.py:161} INFO - Started process (PID=76718) to work on /opt/homebrew/Caskroom/miniconda/base/lib/python3.11/site-packages/airflow/example_dags/plugins/listener_plugin.py
[2024-04-16T22:06:09.482+0700] {processor.py:830} INFO - Processing file /opt/homebrew/Caskroom/miniconda/base/lib/python3.11/site-packages/airflow/example_dags/plugins/listener_plugin.py for tasks to queue
[2024-04-16T22:06:09.482+0700] {logging_mixin.py:188} INFO - [2024-04-16T22:06:09.482+0700] {dagbag.py:540} INFO - Filling up the DagBag from /opt/homebrew/Caskroom/miniconda/base/lib/python3.11/site-packages/airflow/example_dags/plugins/listener_plugin.py
[2024-04-16T22:06:09.485+0700] {processor.py:842} WARNING - No viable dags retrieved from /opt/homebrew/Caskroom/miniconda/base/lib/python3.11/site-packages/airflow/example_dags/plugins/listener_plugin.py
[2024-04-16T22:06:09.536+0700] {processor.py:183} INFO - Processing /opt/homebrew/Caskroom/miniconda/base/lib/python3.11/site-packages/airflow/example_dags/plugins/listener_plugin.py took 0.059 seconds
[2024-04-16T22:08:00.432+0700] {processor.py:161} INFO - Started process (PID=77346) to work on /opt/homebrew/Caskroom/miniconda/base/lib/python3.11/site-packages/airflow/example_dags/plugins/listener_plugin.py
[2024-04-16T22:08:00.433+0700] {processor.py:830} INFO - Processing file /opt/homebrew/Caskroom/miniconda/base/lib/python3.11/site-packages/airflow/example_dags/plugins/listener_plugin.py for tasks to queue
[2024-04-16T22:08:00.433+0700] {logging_mixin.py:188} INFO - [2024-04-16T22:08:00.433+0700] {dagbag.py:540} INFO - Filling up the DagBag from /opt/homebrew/Caskroom/miniconda/base/lib/python3.11/site-packages/airflow/example_dags/plugins/listener_plugin.py
[2024-04-16T22:08:00.435+0700] {processor.py:842} WARNING - No viable dags retrieved from /opt/homebrew/Caskroom/miniconda/base/lib/python3.11/site-packages/airflow/example_dags/plugins/listener_plugin.py
[2024-04-16T22:08:00.489+0700] {processor.py:183} INFO - Processing /opt/homebrew/Caskroom/miniconda/base/lib/python3.11/site-packages/airflow/example_dags/plugins/listener_plugin.py took 0.059 seconds
[2024-04-16T22:09:38.433+0700] {processor.py:161} INFO - Started process (PID=77908) to work on /opt/homebrew/Caskroom/miniconda/base/lib/python3.11/site-packages/airflow/example_dags/plugins/listener_plugin.py
[2024-04-16T22:09:38.434+0700] {processor.py:830} INFO - Processing file /opt/homebrew/Caskroom/miniconda/base/lib/python3.11/site-packages/airflow/example_dags/plugins/listener_plugin.py for tasks to queue
[2024-04-16T22:09:38.434+0700] {logging_mixin.py:188} INFO - [2024-04-16T22:09:38.434+0700] {dagbag.py:540} INFO - Filling up the DagBag from /opt/homebrew/Caskroom/miniconda/base/lib/python3.11/site-packages/airflow/example_dags/plugins/listener_plugin.py
[2024-04-16T22:09:38.436+0700] {processor.py:842} WARNING - No viable dags retrieved from /opt/homebrew/Caskroom/miniconda/base/lib/python3.11/site-packages/airflow/example_dags/plugins/listener_plugin.py
[2024-04-16T22:09:38.484+0700] {processor.py:183} INFO - Processing /opt/homebrew/Caskroom/miniconda/base/lib/python3.11/site-packages/airflow/example_dags/plugins/listener_plugin.py took 0.052 seconds
[2024-04-16T22:11:13.423+0700] {processor.py:161} INFO - Started process (PID=78434) to work on /opt/homebrew/Caskroom/miniconda/base/lib/python3.11/site-packages/airflow/example_dags/plugins/listener_plugin.py
[2024-04-16T22:11:13.424+0700] {processor.py:830} INFO - Processing file /opt/homebrew/Caskroom/miniconda/base/lib/python3.11/site-packages/airflow/example_dags/plugins/listener_plugin.py for tasks to queue
[2024-04-16T22:11:13.425+0700] {logging_mixin.py:188} INFO - [2024-04-16T22:11:13.425+0700] {dagbag.py:540} INFO - Filling up the DagBag from /opt/homebrew/Caskroom/miniconda/base/lib/python3.11/site-packages/airflow/example_dags/plugins/listener_plugin.py
[2024-04-16T22:11:13.431+0700] {processor.py:842} WARNING - No viable dags retrieved from /opt/homebrew/Caskroom/miniconda/base/lib/python3.11/site-packages/airflow/example_dags/plugins/listener_plugin.py
[2024-04-16T22:11:13.534+0700] {processor.py:183} INFO - Processing /opt/homebrew/Caskroom/miniconda/base/lib/python3.11/site-packages/airflow/example_dags/plugins/listener_plugin.py took 0.116 seconds
[2024-04-16T22:12:52.897+0700] {processor.py:161} INFO - Started process (PID=78959) to work on /opt/homebrew/Caskroom/miniconda/base/lib/python3.11/site-packages/airflow/example_dags/plugins/listener_plugin.py
[2024-04-16T22:12:52.898+0700] {processor.py:830} INFO - Processing file /opt/homebrew/Caskroom/miniconda/base/lib/python3.11/site-packages/airflow/example_dags/plugins/listener_plugin.py for tasks to queue
[2024-04-16T22:12:52.899+0700] {logging_mixin.py:188} INFO - [2024-04-16T22:12:52.899+0700] {dagbag.py:540} INFO - Filling up the DagBag from /opt/homebrew/Caskroom/miniconda/base/lib/python3.11/site-packages/airflow/example_dags/plugins/listener_plugin.py
[2024-04-16T22:12:52.901+0700] {processor.py:842} WARNING - No viable dags retrieved from /opt/homebrew/Caskroom/miniconda/base/lib/python3.11/site-packages/airflow/example_dags/plugins/listener_plugin.py
[2024-04-16T22:12:52.954+0700] {processor.py:183} INFO - Processing /opt/homebrew/Caskroom/miniconda/base/lib/python3.11/site-packages/airflow/example_dags/plugins/listener_plugin.py took 0.059 seconds
[2024-04-16T22:14:23.019+0700] {processor.py:161} INFO - Started process (PID=79452) to work on /opt/homebrew/Caskroom/miniconda/base/lib/python3.11/site-packages/airflow/example_dags/plugins/listener_plugin.py
[2024-04-16T22:14:23.020+0700] {processor.py:830} INFO - Processing file /opt/homebrew/Caskroom/miniconda/base/lib/python3.11/site-packages/airflow/example_dags/plugins/listener_plugin.py for tasks to queue
[2024-04-16T22:14:23.020+0700] {logging_mixin.py:188} INFO - [2024-04-16T22:14:23.020+0700] {dagbag.py:540} INFO - Filling up the DagBag from /opt/homebrew/Caskroom/miniconda/base/lib/python3.11/site-packages/airflow/example_dags/plugins/listener_plugin.py
[2024-04-16T22:14:23.023+0700] {processor.py:842} WARNING - No viable dags retrieved from /opt/homebrew/Caskroom/miniconda/base/lib/python3.11/site-packages/airflow/example_dags/plugins/listener_plugin.py
[2024-04-16T22:14:23.189+0700] {processor.py:183} INFO - Processing /opt/homebrew/Caskroom/miniconda/base/lib/python3.11/site-packages/airflow/example_dags/plugins/listener_plugin.py took 0.173 seconds
[2024-04-16T22:17:28.082+0700] {processor.py:161} INFO - Started process (PID=80350) to work on /opt/homebrew/Caskroom/miniconda/base/lib/python3.11/site-packages/airflow/example_dags/plugins/listener_plugin.py
[2024-04-16T22:17:28.085+0700] {processor.py:830} INFO - Processing file /opt/homebrew/Caskroom/miniconda/base/lib/python3.11/site-packages/airflow/example_dags/plugins/listener_plugin.py for tasks to queue
[2024-04-16T22:17:28.086+0700] {logging_mixin.py:188} INFO - [2024-04-16T22:17:28.086+0700] {dagbag.py:540} INFO - Filling up the DagBag from /opt/homebrew/Caskroom/miniconda/base/lib/python3.11/site-packages/airflow/example_dags/plugins/listener_plugin.py
[2024-04-16T22:17:28.092+0700] {processor.py:842} WARNING - No viable dags retrieved from /opt/homebrew/Caskroom/miniconda/base/lib/python3.11/site-packages/airflow/example_dags/plugins/listener_plugin.py
[2024-04-16T22:17:28.261+0700] {processor.py:183} INFO - Processing /opt/homebrew/Caskroom/miniconda/base/lib/python3.11/site-packages/airflow/example_dags/plugins/listener_plugin.py took 0.185 seconds
[2024-04-16T22:21:49.020+0700] {processor.py:161} INFO - Started process (PID=81538) to work on /opt/homebrew/Caskroom/miniconda/base/lib/python3.11/site-packages/airflow/example_dags/plugins/listener_plugin.py
[2024-04-16T22:21:49.031+0700] {processor.py:830} INFO - Processing file /opt/homebrew/Caskroom/miniconda/base/lib/python3.11/site-packages/airflow/example_dags/plugins/listener_plugin.py for tasks to queue
[2024-04-16T22:21:49.039+0700] {logging_mixin.py:188} INFO - [2024-04-16T22:21:49.037+0700] {dagbag.py:540} INFO - Filling up the DagBag from /opt/homebrew/Caskroom/miniconda/base/lib/python3.11/site-packages/airflow/example_dags/plugins/listener_plugin.py
[2024-04-16T22:21:49.052+0700] {processor.py:842} WARNING - No viable dags retrieved from /opt/homebrew/Caskroom/miniconda/base/lib/python3.11/site-packages/airflow/example_dags/plugins/listener_plugin.py
[2024-04-16T22:21:49.886+0700] {processor.py:183} INFO - Processing /opt/homebrew/Caskroom/miniconda/base/lib/python3.11/site-packages/airflow/example_dags/plugins/listener_plugin.py took 0.886 seconds
[2024-04-16T22:26:07.502+0700] {processor.py:161} INFO - Started process (PID=82764) to work on /opt/homebrew/Caskroom/miniconda/base/lib/python3.11/site-packages/airflow/example_dags/plugins/listener_plugin.py
[2024-04-16T22:26:07.504+0700] {processor.py:830} INFO - Processing file /opt/homebrew/Caskroom/miniconda/base/lib/python3.11/site-packages/airflow/example_dags/plugins/listener_plugin.py for tasks to queue
[2024-04-16T22:26:07.505+0700] {logging_mixin.py:188} INFO - [2024-04-16T22:26:07.504+0700] {dagbag.py:540} INFO - Filling up the DagBag from /opt/homebrew/Caskroom/miniconda/base/lib/python3.11/site-packages/airflow/example_dags/plugins/listener_plugin.py
[2024-04-16T22:26:07.506+0700] {processor.py:842} WARNING - No viable dags retrieved from /opt/homebrew/Caskroom/miniconda/base/lib/python3.11/site-packages/airflow/example_dags/plugins/listener_plugin.py
[2024-04-16T22:26:07.562+0700] {processor.py:183} INFO - Processing /opt/homebrew/Caskroom/miniconda/base/lib/python3.11/site-packages/airflow/example_dags/plugins/listener_plugin.py took 0.062 seconds
