[2024-04-16T20:51:57.984+0700] {processor.py:161} INFO - Started process (PID=53951) to work on /opt/homebrew/Caskroom/miniconda/base/lib/python3.11/site-packages/airflow/example_dags/plugins/workday.py
[2024-04-16T20:51:57.984+0700] {processor.py:830} INFO - Processing file /opt/homebrew/Caskroom/miniconda/base/lib/python3.11/site-packages/airflow/example_dags/plugins/workday.py for tasks to queue
[2024-04-16T20:51:57.985+0700] {logging_mixin.py:188} INFO - [2024-04-16T20:51:57.985+0700] {dagbag.py:540} INFO - Filling up the DagBag from /opt/homebrew/Caskroom/miniconda/base/lib/python3.11/site-packages/airflow/example_dags/plugins/workday.py
[2024-04-16T20:51:58.336+0700] {processor.py:842} WARNING - No viable dags retrieved from /opt/homebrew/Caskroom/miniconda/base/lib/python3.11/site-packages/airflow/example_dags/plugins/workday.py
[2024-04-16T20:51:58.384+0700] {processor.py:183} INFO - Processing /opt/homebrew/Caskroom/miniconda/base/lib/python3.11/site-packages/airflow/example_dags/plugins/workday.py took 0.402 seconds
[2024-04-16T20:53:54.329+0700] {processor.py:161} INFO - Started process (PID=54578) to work on /opt/homebrew/Caskroom/miniconda/base/lib/python3.11/site-packages/airflow/example_dags/plugins/workday.py
[2024-04-16T20:53:54.329+0700] {processor.py:830} INFO - Processing file /opt/homebrew/Caskroom/miniconda/base/lib/python3.11/site-packages/airflow/example_dags/plugins/workday.py for tasks to queue
[2024-04-16T20:53:54.330+0700] {logging_mixin.py:188} INFO - [2024-04-16T20:53:54.330+0700] {dagbag.py:540} INFO - Filling up the DagBag from /opt/homebrew/Caskroom/miniconda/base/lib/python3.11/site-packages/airflow/example_dags/plugins/workday.py
[2024-04-16T20:53:54.738+0700] {processor.py:842} WARNING - No viable dags retrieved from /opt/homebrew/Caskroom/miniconda/base/lib/python3.11/site-packages/airflow/example_dags/plugins/workday.py
[2024-04-16T20:53:54.788+0700] {processor.py:183} INFO - Processing /opt/homebrew/Caskroom/miniconda/base/lib/python3.11/site-packages/airflow/example_dags/plugins/workday.py took 0.461 seconds
[2024-04-16T20:55:12.250+0700] {processor.py:161} INFO - Started process (PID=54927) to work on /opt/homebrew/Caskroom/miniconda/base/lib/python3.11/site-packages/airflow/example_dags/plugins/workday.py
[2024-04-16T20:55:12.250+0700] {processor.py:830} INFO - Processing file /opt/homebrew/Caskroom/miniconda/base/lib/python3.11/site-packages/airflow/example_dags/plugins/workday.py for tasks to queue
[2024-04-16T20:55:12.251+0700] {logging_mixin.py:188} INFO - [2024-04-16T20:55:12.251+0700] {dagbag.py:540} INFO - Filling up the DagBag from /opt/homebrew/Caskroom/miniconda/base/lib/python3.11/site-packages/airflow/example_dags/plugins/workday.py
[2024-04-16T20:55:12.626+0700] {processor.py:842} WARNING - No viable dags retrieved from /opt/homebrew/Caskroom/miniconda/base/lib/python3.11/site-packages/airflow/example_dags/plugins/workday.py
[2024-04-16T20:55:12.672+0700] {processor.py:183} INFO - Processing /opt/homebrew/Caskroom/miniconda/base/lib/python3.11/site-packages/airflow/example_dags/plugins/workday.py took 0.425 seconds
[2024-04-16T20:56:25.380+0700] {processor.py:161} INFO - Started process (PID=55263) to work on /opt/homebrew/Caskroom/miniconda/base/lib/python3.11/site-packages/airflow/example_dags/plugins/workday.py
[2024-04-16T20:56:25.381+0700] {processor.py:830} INFO - Processing file /opt/homebrew/Caskroom/miniconda/base/lib/python3.11/site-packages/airflow/example_dags/plugins/workday.py for tasks to queue
[2024-04-16T20:56:25.381+0700] {logging_mixin.py:188} INFO - [2024-04-16T20:56:25.381+0700] {dagbag.py:540} INFO - Filling up the DagBag from /opt/homebrew/Caskroom/miniconda/base/lib/python3.11/site-packages/airflow/example_dags/plugins/workday.py
[2024-04-16T20:56:25.780+0700] {processor.py:842} WARNING - No viable dags retrieved from /opt/homebrew/Caskroom/miniconda/base/lib/python3.11/site-packages/airflow/example_dags/plugins/workday.py
[2024-04-16T20:56:25.831+0700] {processor.py:183} INFO - Processing /opt/homebrew/Caskroom/miniconda/base/lib/python3.11/site-packages/airflow/example_dags/plugins/workday.py took 0.453 seconds
[2024-04-16T20:57:43.996+0700] {processor.py:161} INFO - Started process (PID=55613) to work on /opt/homebrew/Caskroom/miniconda/base/lib/python3.11/site-packages/airflow/example_dags/plugins/workday.py
[2024-04-16T20:57:43.997+0700] {processor.py:830} INFO - Processing file /opt/homebrew/Caskroom/miniconda/base/lib/python3.11/site-packages/airflow/example_dags/plugins/workday.py for tasks to queue
[2024-04-16T20:57:43.997+0700] {logging_mixin.py:188} INFO - [2024-04-16T20:57:43.997+0700] {dagbag.py:540} INFO - Filling up the DagBag from /opt/homebrew/Caskroom/miniconda/base/lib/python3.11/site-packages/airflow/example_dags/plugins/workday.py
[2024-04-16T20:57:44.359+0700] {processor.py:842} WARNING - No viable dags retrieved from /opt/homebrew/Caskroom/miniconda/base/lib/python3.11/site-packages/airflow/example_dags/plugins/workday.py
[2024-04-16T20:57:44.407+0700] {processor.py:183} INFO - Processing /opt/homebrew/Caskroom/miniconda/base/lib/python3.11/site-packages/airflow/example_dags/plugins/workday.py took 0.413 seconds
[2024-04-16T20:58:59.691+0700] {processor.py:161} INFO - Started process (PID=55960) to work on /opt/homebrew/Caskroom/miniconda/base/lib/python3.11/site-packages/airflow/example_dags/plugins/workday.py
[2024-04-16T20:58:59.692+0700] {processor.py:830} INFO - Processing file /opt/homebrew/Caskroom/miniconda/base/lib/python3.11/site-packages/airflow/example_dags/plugins/workday.py for tasks to queue
[2024-04-16T20:58:59.692+0700] {logging_mixin.py:188} INFO - [2024-04-16T20:58:59.692+0700] {dagbag.py:540} INFO - Filling up the DagBag from /opt/homebrew/Caskroom/miniconda/base/lib/python3.11/site-packages/airflow/example_dags/plugins/workday.py
[2024-04-16T20:59:00.053+0700] {processor.py:842} WARNING - No viable dags retrieved from /opt/homebrew/Caskroom/miniconda/base/lib/python3.11/site-packages/airflow/example_dags/plugins/workday.py
[2024-04-16T20:59:00.100+0700] {processor.py:183} INFO - Processing /opt/homebrew/Caskroom/miniconda/base/lib/python3.11/site-packages/airflow/example_dags/plugins/workday.py took 0.411 seconds
[2024-04-16T21:00:17.463+0700] {processor.py:161} INFO - Started process (PID=56308) to work on /opt/homebrew/Caskroom/miniconda/base/lib/python3.11/site-packages/airflow/example_dags/plugins/workday.py
[2024-04-16T21:00:17.464+0700] {processor.py:830} INFO - Processing file /opt/homebrew/Caskroom/miniconda/base/lib/python3.11/site-packages/airflow/example_dags/plugins/workday.py for tasks to queue
[2024-04-16T21:00:17.464+0700] {logging_mixin.py:188} INFO - [2024-04-16T21:00:17.464+0700] {dagbag.py:540} INFO - Filling up the DagBag from /opt/homebrew/Caskroom/miniconda/base/lib/python3.11/site-packages/airflow/example_dags/plugins/workday.py
[2024-04-16T21:00:17.821+0700] {processor.py:842} WARNING - No viable dags retrieved from /opt/homebrew/Caskroom/miniconda/base/lib/python3.11/site-packages/airflow/example_dags/plugins/workday.py
[2024-04-16T21:00:17.869+0700] {processor.py:183} INFO - Processing /opt/homebrew/Caskroom/miniconda/base/lib/python3.11/site-packages/airflow/example_dags/plugins/workday.py took 0.408 seconds
[2024-04-16T21:01:34.243+0700] {processor.py:161} INFO - Started process (PID=56652) to work on /opt/homebrew/Caskroom/miniconda/base/lib/python3.11/site-packages/airflow/example_dags/plugins/workday.py
[2024-04-16T21:01:34.245+0700] {processor.py:830} INFO - Processing file /opt/homebrew/Caskroom/miniconda/base/lib/python3.11/site-packages/airflow/example_dags/plugins/workday.py for tasks to queue
[2024-04-16T21:01:34.245+0700] {logging_mixin.py:188} INFO - [2024-04-16T21:01:34.245+0700] {dagbag.py:540} INFO - Filling up the DagBag from /opt/homebrew/Caskroom/miniconda/base/lib/python3.11/site-packages/airflow/example_dags/plugins/workday.py
[2024-04-16T21:01:34.713+0700] {processor.py:842} WARNING - No viable dags retrieved from /opt/homebrew/Caskroom/miniconda/base/lib/python3.11/site-packages/airflow/example_dags/plugins/workday.py
[2024-04-16T21:01:34.762+0700] {processor.py:183} INFO - Processing /opt/homebrew/Caskroom/miniconda/base/lib/python3.11/site-packages/airflow/example_dags/plugins/workday.py took 0.521 seconds
[2024-04-16T21:02:51.079+0700] {processor.py:161} INFO - Started process (PID=57003) to work on /opt/homebrew/Caskroom/miniconda/base/lib/python3.11/site-packages/airflow/example_dags/plugins/workday.py
[2024-04-16T21:02:51.080+0700] {processor.py:830} INFO - Processing file /opt/homebrew/Caskroom/miniconda/base/lib/python3.11/site-packages/airflow/example_dags/plugins/workday.py for tasks to queue
[2024-04-16T21:02:51.081+0700] {logging_mixin.py:188} INFO - [2024-04-16T21:02:51.081+0700] {dagbag.py:540} INFO - Filling up the DagBag from /opt/homebrew/Caskroom/miniconda/base/lib/python3.11/site-packages/airflow/example_dags/plugins/workday.py
[2024-04-16T21:02:51.469+0700] {processor.py:842} WARNING - No viable dags retrieved from /opt/homebrew/Caskroom/miniconda/base/lib/python3.11/site-packages/airflow/example_dags/plugins/workday.py
[2024-04-16T21:02:51.522+0700] {processor.py:183} INFO - Processing /opt/homebrew/Caskroom/miniconda/base/lib/python3.11/site-packages/airflow/example_dags/plugins/workday.py took 0.445 seconds
[2024-04-16T21:04:07.166+0700] {processor.py:161} INFO - Started process (PID=57352) to work on /opt/homebrew/Caskroom/miniconda/base/lib/python3.11/site-packages/airflow/example_dags/plugins/workday.py
[2024-04-16T21:04:07.167+0700] {processor.py:830} INFO - Processing file /opt/homebrew/Caskroom/miniconda/base/lib/python3.11/site-packages/airflow/example_dags/plugins/workday.py for tasks to queue
[2024-04-16T21:04:07.168+0700] {logging_mixin.py:188} INFO - [2024-04-16T21:04:07.167+0700] {dagbag.py:540} INFO - Filling up the DagBag from /opt/homebrew/Caskroom/miniconda/base/lib/python3.11/site-packages/airflow/example_dags/plugins/workday.py
[2024-04-16T21:04:07.546+0700] {processor.py:842} WARNING - No viable dags retrieved from /opt/homebrew/Caskroom/miniconda/base/lib/python3.11/site-packages/airflow/example_dags/plugins/workday.py
[2024-04-16T21:04:07.593+0700] {processor.py:183} INFO - Processing /opt/homebrew/Caskroom/miniconda/base/lib/python3.11/site-packages/airflow/example_dags/plugins/workday.py took 0.428 seconds
[2024-04-16T21:05:23.881+0700] {processor.py:161} INFO - Started process (PID=57692) to work on /opt/homebrew/Caskroom/miniconda/base/lib/python3.11/site-packages/airflow/example_dags/plugins/workday.py
[2024-04-16T21:05:23.882+0700] {processor.py:830} INFO - Processing file /opt/homebrew/Caskroom/miniconda/base/lib/python3.11/site-packages/airflow/example_dags/plugins/workday.py for tasks to queue
[2024-04-16T21:05:23.882+0700] {logging_mixin.py:188} INFO - [2024-04-16T21:05:23.882+0700] {dagbag.py:540} INFO - Filling up the DagBag from /opt/homebrew/Caskroom/miniconda/base/lib/python3.11/site-packages/airflow/example_dags/plugins/workday.py
[2024-04-16T21:05:24.434+0700] {processor.py:842} WARNING - No viable dags retrieved from /opt/homebrew/Caskroom/miniconda/base/lib/python3.11/site-packages/airflow/example_dags/plugins/workday.py
[2024-04-16T21:05:24.481+0700] {processor.py:183} INFO - Processing /opt/homebrew/Caskroom/miniconda/base/lib/python3.11/site-packages/airflow/example_dags/plugins/workday.py took 0.602 seconds
[2024-04-16T21:06:40.660+0700] {processor.py:161} INFO - Started process (PID=58037) to work on /opt/homebrew/Caskroom/miniconda/base/lib/python3.11/site-packages/airflow/example_dags/plugins/workday.py
[2024-04-16T21:06:40.662+0700] {processor.py:830} INFO - Processing file /opt/homebrew/Caskroom/miniconda/base/lib/python3.11/site-packages/airflow/example_dags/plugins/workday.py for tasks to queue
[2024-04-16T21:06:40.662+0700] {logging_mixin.py:188} INFO - [2024-04-16T21:06:40.662+0700] {dagbag.py:540} INFO - Filling up the DagBag from /opt/homebrew/Caskroom/miniconda/base/lib/python3.11/site-packages/airflow/example_dags/plugins/workday.py
[2024-04-16T21:06:41.033+0700] {processor.py:842} WARNING - No viable dags retrieved from /opt/homebrew/Caskroom/miniconda/base/lib/python3.11/site-packages/airflow/example_dags/plugins/workday.py
[2024-04-16T21:06:41.080+0700] {processor.py:183} INFO - Processing /opt/homebrew/Caskroom/miniconda/base/lib/python3.11/site-packages/airflow/example_dags/plugins/workday.py took 0.421 seconds
[2024-04-16T21:07:57.074+0700] {processor.py:161} INFO - Started process (PID=58399) to work on /opt/homebrew/Caskroom/miniconda/base/lib/python3.11/site-packages/airflow/example_dags/plugins/workday.py
[2024-04-16T21:07:57.075+0700] {processor.py:830} INFO - Processing file /opt/homebrew/Caskroom/miniconda/base/lib/python3.11/site-packages/airflow/example_dags/plugins/workday.py for tasks to queue
[2024-04-16T21:07:57.075+0700] {logging_mixin.py:188} INFO - [2024-04-16T21:07:57.075+0700] {dagbag.py:540} INFO - Filling up the DagBag from /opt/homebrew/Caskroom/miniconda/base/lib/python3.11/site-packages/airflow/example_dags/plugins/workday.py
[2024-04-16T21:07:57.594+0700] {processor.py:842} WARNING - No viable dags retrieved from /opt/homebrew/Caskroom/miniconda/base/lib/python3.11/site-packages/airflow/example_dags/plugins/workday.py
[2024-04-16T21:07:57.649+0700] {processor.py:183} INFO - Processing /opt/homebrew/Caskroom/miniconda/base/lib/python3.11/site-packages/airflow/example_dags/plugins/workday.py took 0.578 seconds
[2024-04-16T21:09:15.192+0700] {processor.py:161} INFO - Started process (PID=58754) to work on /opt/homebrew/Caskroom/miniconda/base/lib/python3.11/site-packages/airflow/example_dags/plugins/workday.py
[2024-04-16T21:09:15.193+0700] {processor.py:830} INFO - Processing file /opt/homebrew/Caskroom/miniconda/base/lib/python3.11/site-packages/airflow/example_dags/plugins/workday.py for tasks to queue
[2024-04-16T21:09:15.194+0700] {logging_mixin.py:188} INFO - [2024-04-16T21:09:15.193+0700] {dagbag.py:540} INFO - Filling up the DagBag from /opt/homebrew/Caskroom/miniconda/base/lib/python3.11/site-packages/airflow/example_dags/plugins/workday.py
[2024-04-16T21:09:15.548+0700] {processor.py:842} WARNING - No viable dags retrieved from /opt/homebrew/Caskroom/miniconda/base/lib/python3.11/site-packages/airflow/example_dags/plugins/workday.py
[2024-04-16T21:09:15.593+0700] {processor.py:183} INFO - Processing /opt/homebrew/Caskroom/miniconda/base/lib/python3.11/site-packages/airflow/example_dags/plugins/workday.py took 0.404 seconds
[2024-04-16T21:10:34.516+0700] {processor.py:161} INFO - Started process (PID=59112) to work on /opt/homebrew/Caskroom/miniconda/base/lib/python3.11/site-packages/airflow/example_dags/plugins/workday.py
[2024-04-16T21:10:34.516+0700] {processor.py:830} INFO - Processing file /opt/homebrew/Caskroom/miniconda/base/lib/python3.11/site-packages/airflow/example_dags/plugins/workday.py for tasks to queue
[2024-04-16T21:10:34.517+0700] {logging_mixin.py:188} INFO - [2024-04-16T21:10:34.517+0700] {dagbag.py:540} INFO - Filling up the DagBag from /opt/homebrew/Caskroom/miniconda/base/lib/python3.11/site-packages/airflow/example_dags/plugins/workday.py
[2024-04-16T21:10:34.896+0700] {processor.py:842} WARNING - No viable dags retrieved from /opt/homebrew/Caskroom/miniconda/base/lib/python3.11/site-packages/airflow/example_dags/plugins/workday.py
[2024-04-16T21:10:34.947+0700] {processor.py:183} INFO - Processing /opt/homebrew/Caskroom/miniconda/base/lib/python3.11/site-packages/airflow/example_dags/plugins/workday.py took 0.433 seconds
[2024-04-16T21:11:52.166+0700] {processor.py:161} INFO - Started process (PID=59458) to work on /opt/homebrew/Caskroom/miniconda/base/lib/python3.11/site-packages/airflow/example_dags/plugins/workday.py
[2024-04-16T21:11:52.167+0700] {processor.py:830} INFO - Processing file /opt/homebrew/Caskroom/miniconda/base/lib/python3.11/site-packages/airflow/example_dags/plugins/workday.py for tasks to queue
[2024-04-16T21:11:52.167+0700] {logging_mixin.py:188} INFO - [2024-04-16T21:11:52.167+0700] {dagbag.py:540} INFO - Filling up the DagBag from /opt/homebrew/Caskroom/miniconda/base/lib/python3.11/site-packages/airflow/example_dags/plugins/workday.py
[2024-04-16T21:11:52.572+0700] {processor.py:842} WARNING - No viable dags retrieved from /opt/homebrew/Caskroom/miniconda/base/lib/python3.11/site-packages/airflow/example_dags/plugins/workday.py
[2024-04-16T21:11:52.623+0700] {processor.py:183} INFO - Processing /opt/homebrew/Caskroom/miniconda/base/lib/python3.11/site-packages/airflow/example_dags/plugins/workday.py took 0.458 seconds
[2024-04-16T21:13:10.983+0700] {processor.py:161} INFO - Started process (PID=59829) to work on /opt/homebrew/Caskroom/miniconda/base/lib/python3.11/site-packages/airflow/example_dags/plugins/workday.py
[2024-04-16T21:13:10.984+0700] {processor.py:830} INFO - Processing file /opt/homebrew/Caskroom/miniconda/base/lib/python3.11/site-packages/airflow/example_dags/plugins/workday.py for tasks to queue
[2024-04-16T21:13:10.985+0700] {logging_mixin.py:188} INFO - [2024-04-16T21:13:10.985+0700] {dagbag.py:540} INFO - Filling up the DagBag from /opt/homebrew/Caskroom/miniconda/base/lib/python3.11/site-packages/airflow/example_dags/plugins/workday.py
[2024-04-16T21:13:11.364+0700] {processor.py:842} WARNING - No viable dags retrieved from /opt/homebrew/Caskroom/miniconda/base/lib/python3.11/site-packages/airflow/example_dags/plugins/workday.py
[2024-04-16T21:13:11.410+0700] {processor.py:183} INFO - Processing /opt/homebrew/Caskroom/miniconda/base/lib/python3.11/site-packages/airflow/example_dags/plugins/workday.py took 0.429 seconds
[2024-04-16T21:14:29.750+0700] {processor.py:161} INFO - Started process (PID=60201) to work on /opt/homebrew/Caskroom/miniconda/base/lib/python3.11/site-packages/airflow/example_dags/plugins/workday.py
[2024-04-16T21:14:29.751+0700] {processor.py:830} INFO - Processing file /opt/homebrew/Caskroom/miniconda/base/lib/python3.11/site-packages/airflow/example_dags/plugins/workday.py for tasks to queue
[2024-04-16T21:14:29.751+0700] {logging_mixin.py:188} INFO - [2024-04-16T21:14:29.751+0700] {dagbag.py:540} INFO - Filling up the DagBag from /opt/homebrew/Caskroom/miniconda/base/lib/python3.11/site-packages/airflow/example_dags/plugins/workday.py
[2024-04-16T21:14:30.424+0700] {processor.py:842} WARNING - No viable dags retrieved from /opt/homebrew/Caskroom/miniconda/base/lib/python3.11/site-packages/airflow/example_dags/plugins/workday.py
[2024-04-16T21:14:30.478+0700] {processor.py:183} INFO - Processing /opt/homebrew/Caskroom/miniconda/base/lib/python3.11/site-packages/airflow/example_dags/plugins/workday.py took 0.729 seconds
[2024-04-16T21:15:48.667+0700] {processor.py:161} INFO - Started process (PID=60559) to work on /opt/homebrew/Caskroom/miniconda/base/lib/python3.11/site-packages/airflow/example_dags/plugins/workday.py
[2024-04-16T21:15:48.669+0700] {processor.py:830} INFO - Processing file /opt/homebrew/Caskroom/miniconda/base/lib/python3.11/site-packages/airflow/example_dags/plugins/workday.py for tasks to queue
[2024-04-16T21:15:48.669+0700] {logging_mixin.py:188} INFO - [2024-04-16T21:15:48.669+0700] {dagbag.py:540} INFO - Filling up the DagBag from /opt/homebrew/Caskroom/miniconda/base/lib/python3.11/site-packages/airflow/example_dags/plugins/workday.py
[2024-04-16T21:15:49.158+0700] {processor.py:842} WARNING - No viable dags retrieved from /opt/homebrew/Caskroom/miniconda/base/lib/python3.11/site-packages/airflow/example_dags/plugins/workday.py
[2024-04-16T21:15:49.205+0700] {processor.py:183} INFO - Processing /opt/homebrew/Caskroom/miniconda/base/lib/python3.11/site-packages/airflow/example_dags/plugins/workday.py took 0.539 seconds
[2024-04-16T21:17:05.421+0700] {processor.py:161} INFO - Started process (PID=60907) to work on /opt/homebrew/Caskroom/miniconda/base/lib/python3.11/site-packages/airflow/example_dags/plugins/workday.py
[2024-04-16T21:17:05.422+0700] {processor.py:830} INFO - Processing file /opt/homebrew/Caskroom/miniconda/base/lib/python3.11/site-packages/airflow/example_dags/plugins/workday.py for tasks to queue
[2024-04-16T21:17:05.422+0700] {logging_mixin.py:188} INFO - [2024-04-16T21:17:05.422+0700] {dagbag.py:540} INFO - Filling up the DagBag from /opt/homebrew/Caskroom/miniconda/base/lib/python3.11/site-packages/airflow/example_dags/plugins/workday.py
[2024-04-16T21:17:05.795+0700] {processor.py:842} WARNING - No viable dags retrieved from /opt/homebrew/Caskroom/miniconda/base/lib/python3.11/site-packages/airflow/example_dags/plugins/workday.py
[2024-04-16T21:17:05.842+0700] {processor.py:183} INFO - Processing /opt/homebrew/Caskroom/miniconda/base/lib/python3.11/site-packages/airflow/example_dags/plugins/workday.py took 0.422 seconds
[2024-04-16T21:18:21.658+0700] {processor.py:161} INFO - Started process (PID=61265) to work on /opt/homebrew/Caskroom/miniconda/base/lib/python3.11/site-packages/airflow/example_dags/plugins/workday.py
[2024-04-16T21:18:21.659+0700] {processor.py:830} INFO - Processing file /opt/homebrew/Caskroom/miniconda/base/lib/python3.11/site-packages/airflow/example_dags/plugins/workday.py for tasks to queue
[2024-04-16T21:18:21.659+0700] {logging_mixin.py:188} INFO - [2024-04-16T21:18:21.659+0700] {dagbag.py:540} INFO - Filling up the DagBag from /opt/homebrew/Caskroom/miniconda/base/lib/python3.11/site-packages/airflow/example_dags/plugins/workday.py
[2024-04-16T21:18:22.035+0700] {processor.py:842} WARNING - No viable dags retrieved from /opt/homebrew/Caskroom/miniconda/base/lib/python3.11/site-packages/airflow/example_dags/plugins/workday.py
[2024-04-16T21:18:22.084+0700] {processor.py:183} INFO - Processing /opt/homebrew/Caskroom/miniconda/base/lib/python3.11/site-packages/airflow/example_dags/plugins/workday.py took 0.428 seconds
[2024-04-16T21:19:37.645+0700] {processor.py:161} INFO - Started process (PID=61620) to work on /opt/homebrew/Caskroom/miniconda/base/lib/python3.11/site-packages/airflow/example_dags/plugins/workday.py
[2024-04-16T21:19:37.647+0700] {processor.py:830} INFO - Processing file /opt/homebrew/Caskroom/miniconda/base/lib/python3.11/site-packages/airflow/example_dags/plugins/workday.py for tasks to queue
[2024-04-16T21:19:37.647+0700] {logging_mixin.py:188} INFO - [2024-04-16T21:19:37.647+0700] {dagbag.py:540} INFO - Filling up the DagBag from /opt/homebrew/Caskroom/miniconda/base/lib/python3.11/site-packages/airflow/example_dags/plugins/workday.py
[2024-04-16T21:19:38.085+0700] {processor.py:842} WARNING - No viable dags retrieved from /opt/homebrew/Caskroom/miniconda/base/lib/python3.11/site-packages/airflow/example_dags/plugins/workday.py
[2024-04-16T21:19:38.135+0700] {processor.py:183} INFO - Processing /opt/homebrew/Caskroom/miniconda/base/lib/python3.11/site-packages/airflow/example_dags/plugins/workday.py took 0.491 seconds
[2024-04-16T21:20:55.098+0700] {processor.py:161} INFO - Started process (PID=61970) to work on /opt/homebrew/Caskroom/miniconda/base/lib/python3.11/site-packages/airflow/example_dags/plugins/workday.py
[2024-04-16T21:20:55.099+0700] {processor.py:830} INFO - Processing file /opt/homebrew/Caskroom/miniconda/base/lib/python3.11/site-packages/airflow/example_dags/plugins/workday.py for tasks to queue
[2024-04-16T21:20:55.099+0700] {logging_mixin.py:188} INFO - [2024-04-16T21:20:55.099+0700] {dagbag.py:540} INFO - Filling up the DagBag from /opt/homebrew/Caskroom/miniconda/base/lib/python3.11/site-packages/airflow/example_dags/plugins/workday.py
[2024-04-16T21:20:55.486+0700] {processor.py:842} WARNING - No viable dags retrieved from /opt/homebrew/Caskroom/miniconda/base/lib/python3.11/site-packages/airflow/example_dags/plugins/workday.py
[2024-04-16T21:20:55.535+0700] {processor.py:183} INFO - Processing /opt/homebrew/Caskroom/miniconda/base/lib/python3.11/site-packages/airflow/example_dags/plugins/workday.py took 0.439 seconds
[2024-04-16T21:22:19.302+0700] {processor.py:161} INFO - Started process (PID=62642) to work on /opt/homebrew/Caskroom/miniconda/base/lib/python3.11/site-packages/airflow/example_dags/plugins/workday.py
[2024-04-16T21:22:19.303+0700] {processor.py:830} INFO - Processing file /opt/homebrew/Caskroom/miniconda/base/lib/python3.11/site-packages/airflow/example_dags/plugins/workday.py for tasks to queue
[2024-04-16T21:22:19.304+0700] {logging_mixin.py:188} INFO - [2024-04-16T21:22:19.303+0700] {dagbag.py:540} INFO - Filling up the DagBag from /opt/homebrew/Caskroom/miniconda/base/lib/python3.11/site-packages/airflow/example_dags/plugins/workday.py
[2024-04-16T21:22:19.989+0700] {processor.py:842} WARNING - No viable dags retrieved from /opt/homebrew/Caskroom/miniconda/base/lib/python3.11/site-packages/airflow/example_dags/plugins/workday.py
[2024-04-16T21:22:20.060+0700] {processor.py:183} INFO - Processing /opt/homebrew/Caskroom/miniconda/base/lib/python3.11/site-packages/airflow/example_dags/plugins/workday.py took 0.760 seconds
[2024-04-16T21:23:55.799+0700] {processor.py:161} INFO - Started process (PID=63469) to work on /opt/homebrew/Caskroom/miniconda/base/lib/python3.11/site-packages/airflow/example_dags/plugins/workday.py
[2024-04-16T21:23:55.801+0700] {processor.py:830} INFO - Processing file /opt/homebrew/Caskroom/miniconda/base/lib/python3.11/site-packages/airflow/example_dags/plugins/workday.py for tasks to queue
[2024-04-16T21:23:55.801+0700] {logging_mixin.py:188} INFO - [2024-04-16T21:23:55.801+0700] {dagbag.py:540} INFO - Filling up the DagBag from /opt/homebrew/Caskroom/miniconda/base/lib/python3.11/site-packages/airflow/example_dags/plugins/workday.py
[2024-04-16T21:23:56.727+0700] {processor.py:842} WARNING - No viable dags retrieved from /opt/homebrew/Caskroom/miniconda/base/lib/python3.11/site-packages/airflow/example_dags/plugins/workday.py
[2024-04-16T21:23:56.792+0700] {processor.py:183} INFO - Processing /opt/homebrew/Caskroom/miniconda/base/lib/python3.11/site-packages/airflow/example_dags/plugins/workday.py took 0.996 seconds
[2024-04-16T21:25:23.582+0700] {processor.py:161} INFO - Started process (PID=63922) to work on /opt/homebrew/Caskroom/miniconda/base/lib/python3.11/site-packages/airflow/example_dags/plugins/workday.py
[2024-04-16T21:25:23.583+0700] {processor.py:830} INFO - Processing file /opt/homebrew/Caskroom/miniconda/base/lib/python3.11/site-packages/airflow/example_dags/plugins/workday.py for tasks to queue
[2024-04-16T21:25:23.583+0700] {logging_mixin.py:188} INFO - [2024-04-16T21:25:23.583+0700] {dagbag.py:540} INFO - Filling up the DagBag from /opt/homebrew/Caskroom/miniconda/base/lib/python3.11/site-packages/airflow/example_dags/plugins/workday.py
[2024-04-16T21:25:24.424+0700] {processor.py:842} WARNING - No viable dags retrieved from /opt/homebrew/Caskroom/miniconda/base/lib/python3.11/site-packages/airflow/example_dags/plugins/workday.py
[2024-04-16T21:25:24.477+0700] {processor.py:183} INFO - Processing /opt/homebrew/Caskroom/miniconda/base/lib/python3.11/site-packages/airflow/example_dags/plugins/workday.py took 0.897 seconds
[2024-04-16T21:26:49.037+0700] {processor.py:161} INFO - Started process (PID=64330) to work on /opt/homebrew/Caskroom/miniconda/base/lib/python3.11/site-packages/airflow/example_dags/plugins/workday.py
[2024-04-16T21:26:49.038+0700] {processor.py:830} INFO - Processing file /opt/homebrew/Caskroom/miniconda/base/lib/python3.11/site-packages/airflow/example_dags/plugins/workday.py for tasks to queue
[2024-04-16T21:26:49.039+0700] {logging_mixin.py:188} INFO - [2024-04-16T21:26:49.038+0700] {dagbag.py:540} INFO - Filling up the DagBag from /opt/homebrew/Caskroom/miniconda/base/lib/python3.11/site-packages/airflow/example_dags/plugins/workday.py
[2024-04-16T21:26:49.790+0700] {processor.py:842} WARNING - No viable dags retrieved from /opt/homebrew/Caskroom/miniconda/base/lib/python3.11/site-packages/airflow/example_dags/plugins/workday.py
[2024-04-16T21:26:49.845+0700] {processor.py:183} INFO - Processing /opt/homebrew/Caskroom/miniconda/base/lib/python3.11/site-packages/airflow/example_dags/plugins/workday.py took 0.811 seconds
[2024-04-16T21:28:19.186+0700] {processor.py:161} INFO - Started process (PID=64784) to work on /opt/homebrew/Caskroom/miniconda/base/lib/python3.11/site-packages/airflow/example_dags/plugins/workday.py
[2024-04-16T21:28:19.187+0700] {processor.py:830} INFO - Processing file /opt/homebrew/Caskroom/miniconda/base/lib/python3.11/site-packages/airflow/example_dags/plugins/workday.py for tasks to queue
[2024-04-16T21:28:19.190+0700] {logging_mixin.py:188} INFO - [2024-04-16T21:28:19.188+0700] {dagbag.py:540} INFO - Filling up the DagBag from /opt/homebrew/Caskroom/miniconda/base/lib/python3.11/site-packages/airflow/example_dags/plugins/workday.py
[2024-04-16T21:28:19.809+0700] {processor.py:842} WARNING - No viable dags retrieved from /opt/homebrew/Caskroom/miniconda/base/lib/python3.11/site-packages/airflow/example_dags/plugins/workday.py
[2024-04-16T21:28:19.860+0700] {processor.py:183} INFO - Processing /opt/homebrew/Caskroom/miniconda/base/lib/python3.11/site-packages/airflow/example_dags/plugins/workday.py took 0.676 seconds
[2024-04-16T21:29:40.066+0700] {processor.py:161} INFO - Started process (PID=65154) to work on /opt/homebrew/Caskroom/miniconda/base/lib/python3.11/site-packages/airflow/example_dags/plugins/workday.py
[2024-04-16T21:29:40.067+0700] {processor.py:830} INFO - Processing file /opt/homebrew/Caskroom/miniconda/base/lib/python3.11/site-packages/airflow/example_dags/plugins/workday.py for tasks to queue
[2024-04-16T21:29:40.067+0700] {logging_mixin.py:188} INFO - [2024-04-16T21:29:40.067+0700] {dagbag.py:540} INFO - Filling up the DagBag from /opt/homebrew/Caskroom/miniconda/base/lib/python3.11/site-packages/airflow/example_dags/plugins/workday.py
[2024-04-16T21:29:40.988+0700] {processor.py:842} WARNING - No viable dags retrieved from /opt/homebrew/Caskroom/miniconda/base/lib/python3.11/site-packages/airflow/example_dags/plugins/workday.py
[2024-04-16T21:29:41.107+0700] {processor.py:183} INFO - Processing /opt/homebrew/Caskroom/miniconda/base/lib/python3.11/site-packages/airflow/example_dags/plugins/workday.py took 1.043 seconds
[2024-04-16T21:31:08.505+0700] {processor.py:161} INFO - Started process (PID=65571) to work on /opt/homebrew/Caskroom/miniconda/base/lib/python3.11/site-packages/airflow/example_dags/plugins/workday.py
[2024-04-16T21:31:08.506+0700] {processor.py:830} INFO - Processing file /opt/homebrew/Caskroom/miniconda/base/lib/python3.11/site-packages/airflow/example_dags/plugins/workday.py for tasks to queue
[2024-04-16T21:31:08.507+0700] {logging_mixin.py:188} INFO - [2024-04-16T21:31:08.506+0700] {dagbag.py:540} INFO - Filling up the DagBag from /opt/homebrew/Caskroom/miniconda/base/lib/python3.11/site-packages/airflow/example_dags/plugins/workday.py
[2024-04-16T21:31:09.076+0700] {processor.py:842} WARNING - No viable dags retrieved from /opt/homebrew/Caskroom/miniconda/base/lib/python3.11/site-packages/airflow/example_dags/plugins/workday.py
[2024-04-16T21:31:09.122+0700] {processor.py:183} INFO - Processing /opt/homebrew/Caskroom/miniconda/base/lib/python3.11/site-packages/airflow/example_dags/plugins/workday.py took 0.618 seconds
[2024-04-16T21:32:26.727+0700] {processor.py:161} INFO - Started process (PID=65926) to work on /opt/homebrew/Caskroom/miniconda/base/lib/python3.11/site-packages/airflow/example_dags/plugins/workday.py
[2024-04-16T21:32:26.729+0700] {processor.py:830} INFO - Processing file /opt/homebrew/Caskroom/miniconda/base/lib/python3.11/site-packages/airflow/example_dags/plugins/workday.py for tasks to queue
[2024-04-16T21:32:26.729+0700] {logging_mixin.py:188} INFO - [2024-04-16T21:32:26.729+0700] {dagbag.py:540} INFO - Filling up the DagBag from /opt/homebrew/Caskroom/miniconda/base/lib/python3.11/site-packages/airflow/example_dags/plugins/workday.py
[2024-04-16T21:32:27.268+0700] {processor.py:842} WARNING - No viable dags retrieved from /opt/homebrew/Caskroom/miniconda/base/lib/python3.11/site-packages/airflow/example_dags/plugins/workday.py
[2024-04-16T21:32:27.313+0700] {processor.py:183} INFO - Processing /opt/homebrew/Caskroom/miniconda/base/lib/python3.11/site-packages/airflow/example_dags/plugins/workday.py took 0.587 seconds
[2024-04-16T21:33:49.990+0700] {processor.py:161} INFO - Started process (PID=66316) to work on /opt/homebrew/Caskroom/miniconda/base/lib/python3.11/site-packages/airflow/example_dags/plugins/workday.py
[2024-04-16T21:33:49.991+0700] {processor.py:830} INFO - Processing file /opt/homebrew/Caskroom/miniconda/base/lib/python3.11/site-packages/airflow/example_dags/plugins/workday.py for tasks to queue
[2024-04-16T21:33:49.991+0700] {logging_mixin.py:188} INFO - [2024-04-16T21:33:49.991+0700] {dagbag.py:540} INFO - Filling up the DagBag from /opt/homebrew/Caskroom/miniconda/base/lib/python3.11/site-packages/airflow/example_dags/plugins/workday.py
[2024-04-16T21:33:51.119+0700] {processor.py:842} WARNING - No viable dags retrieved from /opt/homebrew/Caskroom/miniconda/base/lib/python3.11/site-packages/airflow/example_dags/plugins/workday.py
[2024-04-16T21:33:51.168+0700] {processor.py:183} INFO - Processing /opt/homebrew/Caskroom/miniconda/base/lib/python3.11/site-packages/airflow/example_dags/plugins/workday.py took 1.181 seconds
[2024-04-16T21:35:11.666+0700] {processor.py:161} INFO - Started process (PID=66709) to work on /opt/homebrew/Caskroom/miniconda/base/lib/python3.11/site-packages/airflow/example_dags/plugins/workday.py
[2024-04-16T21:35:11.667+0700] {processor.py:830} INFO - Processing file /opt/homebrew/Caskroom/miniconda/base/lib/python3.11/site-packages/airflow/example_dags/plugins/workday.py for tasks to queue
[2024-04-16T21:35:11.667+0700] {logging_mixin.py:188} INFO - [2024-04-16T21:35:11.667+0700] {dagbag.py:540} INFO - Filling up the DagBag from /opt/homebrew/Caskroom/miniconda/base/lib/python3.11/site-packages/airflow/example_dags/plugins/workday.py
[2024-04-16T21:35:12.269+0700] {processor.py:842} WARNING - No viable dags retrieved from /opt/homebrew/Caskroom/miniconda/base/lib/python3.11/site-packages/airflow/example_dags/plugins/workday.py
[2024-04-16T21:35:12.316+0700] {processor.py:183} INFO - Processing /opt/homebrew/Caskroom/miniconda/base/lib/python3.11/site-packages/airflow/example_dags/plugins/workday.py took 0.651 seconds
[2024-04-16T21:36:31.024+0700] {processor.py:161} INFO - Started process (PID=67118) to work on /opt/homebrew/Caskroom/miniconda/base/lib/python3.11/site-packages/airflow/example_dags/plugins/workday.py
[2024-04-16T21:36:31.025+0700] {processor.py:830} INFO - Processing file /opt/homebrew/Caskroom/miniconda/base/lib/python3.11/site-packages/airflow/example_dags/plugins/workday.py for tasks to queue
[2024-04-16T21:36:31.025+0700] {logging_mixin.py:188} INFO - [2024-04-16T21:36:31.025+0700] {dagbag.py:540} INFO - Filling up the DagBag from /opt/homebrew/Caskroom/miniconda/base/lib/python3.11/site-packages/airflow/example_dags/plugins/workday.py
[2024-04-16T21:36:31.651+0700] {processor.py:842} WARNING - No viable dags retrieved from /opt/homebrew/Caskroom/miniconda/base/lib/python3.11/site-packages/airflow/example_dags/plugins/workday.py
[2024-04-16T21:36:31.699+0700] {processor.py:183} INFO - Processing /opt/homebrew/Caskroom/miniconda/base/lib/python3.11/site-packages/airflow/example_dags/plugins/workday.py took 0.677 seconds
[2024-04-16T21:37:49.549+0700] {processor.py:161} INFO - Started process (PID=67524) to work on /opt/homebrew/Caskroom/miniconda/base/lib/python3.11/site-packages/airflow/example_dags/plugins/workday.py
[2024-04-16T21:37:49.550+0700] {processor.py:830} INFO - Processing file /opt/homebrew/Caskroom/miniconda/base/lib/python3.11/site-packages/airflow/example_dags/plugins/workday.py for tasks to queue
[2024-04-16T21:37:49.551+0700] {logging_mixin.py:188} INFO - [2024-04-16T21:37:49.550+0700] {dagbag.py:540} INFO - Filling up the DagBag from /opt/homebrew/Caskroom/miniconda/base/lib/python3.11/site-packages/airflow/example_dags/plugins/workday.py
[2024-04-16T21:37:50.120+0700] {processor.py:842} WARNING - No viable dags retrieved from /opt/homebrew/Caskroom/miniconda/base/lib/python3.11/site-packages/airflow/example_dags/plugins/workday.py
[2024-04-16T21:37:50.166+0700] {processor.py:183} INFO - Processing /opt/homebrew/Caskroom/miniconda/base/lib/python3.11/site-packages/airflow/example_dags/plugins/workday.py took 0.619 seconds
[2024-04-16T21:39:20.807+0700] {processor.py:161} INFO - Started process (PID=68050) to work on /opt/homebrew/Caskroom/miniconda/base/lib/python3.11/site-packages/airflow/example_dags/plugins/workday.py
[2024-04-16T21:39:20.808+0700] {processor.py:830} INFO - Processing file /opt/homebrew/Caskroom/miniconda/base/lib/python3.11/site-packages/airflow/example_dags/plugins/workday.py for tasks to queue
[2024-04-16T21:39:20.809+0700] {logging_mixin.py:188} INFO - [2024-04-16T21:39:20.809+0700] {dagbag.py:540} INFO - Filling up the DagBag from /opt/homebrew/Caskroom/miniconda/base/lib/python3.11/site-packages/airflow/example_dags/plugins/workday.py
[2024-04-16T21:39:21.440+0700] {processor.py:842} WARNING - No viable dags retrieved from /opt/homebrew/Caskroom/miniconda/base/lib/python3.11/site-packages/airflow/example_dags/plugins/workday.py
[2024-04-16T21:39:21.492+0700] {processor.py:183} INFO - Processing /opt/homebrew/Caskroom/miniconda/base/lib/python3.11/site-packages/airflow/example_dags/plugins/workday.py took 0.686 seconds
[2024-04-16T21:40:50.856+0700] {processor.py:161} INFO - Started process (PID=68477) to work on /opt/homebrew/Caskroom/miniconda/base/lib/python3.11/site-packages/airflow/example_dags/plugins/workday.py
[2024-04-16T21:40:50.948+0700] {processor.py:830} INFO - Processing file /opt/homebrew/Caskroom/miniconda/base/lib/python3.11/site-packages/airflow/example_dags/plugins/workday.py for tasks to queue
[2024-04-16T21:40:50.948+0700] {logging_mixin.py:188} INFO - [2024-04-16T21:40:50.948+0700] {dagbag.py:540} INFO - Filling up the DagBag from /opt/homebrew/Caskroom/miniconda/base/lib/python3.11/site-packages/airflow/example_dags/plugins/workday.py
[2024-04-16T21:40:51.562+0700] {processor.py:842} WARNING - No viable dags retrieved from /opt/homebrew/Caskroom/miniconda/base/lib/python3.11/site-packages/airflow/example_dags/plugins/workday.py
[2024-04-16T21:40:51.611+0700] {processor.py:183} INFO - Processing /opt/homebrew/Caskroom/miniconda/base/lib/python3.11/site-packages/airflow/example_dags/plugins/workday.py took 0.757 seconds
[2024-04-16T21:42:40.544+0700] {processor.py:161} INFO - Started process (PID=68987) to work on /opt/homebrew/Caskroom/miniconda/base/lib/python3.11/site-packages/airflow/example_dags/plugins/workday.py
[2024-04-16T21:42:40.545+0700] {processor.py:830} INFO - Processing file /opt/homebrew/Caskroom/miniconda/base/lib/python3.11/site-packages/airflow/example_dags/plugins/workday.py for tasks to queue
[2024-04-16T21:42:40.545+0700] {logging_mixin.py:188} INFO - [2024-04-16T21:42:40.545+0700] {dagbag.py:540} INFO - Filling up the DagBag from /opt/homebrew/Caskroom/miniconda/base/lib/python3.11/site-packages/airflow/example_dags/plugins/workday.py
[2024-04-16T21:42:41.142+0700] {processor.py:842} WARNING - No viable dags retrieved from /opt/homebrew/Caskroom/miniconda/base/lib/python3.11/site-packages/airflow/example_dags/plugins/workday.py
[2024-04-16T21:42:41.196+0700] {processor.py:183} INFO - Processing /opt/homebrew/Caskroom/miniconda/base/lib/python3.11/site-packages/airflow/example_dags/plugins/workday.py took 0.654 seconds
[2024-04-16T21:44:22.067+0700] {processor.py:161} INFO - Started process (PID=69443) to work on /opt/homebrew/Caskroom/miniconda/base/lib/python3.11/site-packages/airflow/example_dags/plugins/workday.py
[2024-04-16T21:44:22.068+0700] {processor.py:830} INFO - Processing file /opt/homebrew/Caskroom/miniconda/base/lib/python3.11/site-packages/airflow/example_dags/plugins/workday.py for tasks to queue
[2024-04-16T21:44:22.068+0700] {logging_mixin.py:188} INFO - [2024-04-16T21:44:22.068+0700] {dagbag.py:540} INFO - Filling up the DagBag from /opt/homebrew/Caskroom/miniconda/base/lib/python3.11/site-packages/airflow/example_dags/plugins/workday.py
[2024-04-16T21:44:22.978+0700] {processor.py:842} WARNING - No viable dags retrieved from /opt/homebrew/Caskroom/miniconda/base/lib/python3.11/site-packages/airflow/example_dags/plugins/workday.py
[2024-04-16T21:44:23.033+0700] {processor.py:183} INFO - Processing /opt/homebrew/Caskroom/miniconda/base/lib/python3.11/site-packages/airflow/example_dags/plugins/workday.py took 0.968 seconds
[2024-04-16T21:45:44.641+0700] {processor.py:161} INFO - Started process (PID=69806) to work on /opt/homebrew/Caskroom/miniconda/base/lib/python3.11/site-packages/airflow/example_dags/plugins/workday.py
[2024-04-16T21:45:44.648+0700] {processor.py:830} INFO - Processing file /opt/homebrew/Caskroom/miniconda/base/lib/python3.11/site-packages/airflow/example_dags/plugins/workday.py for tasks to queue
[2024-04-16T21:45:44.650+0700] {logging_mixin.py:188} INFO - [2024-04-16T21:45:44.650+0700] {dagbag.py:540} INFO - Filling up the DagBag from /opt/homebrew/Caskroom/miniconda/base/lib/python3.11/site-packages/airflow/example_dags/plugins/workday.py
[2024-04-16T21:45:45.866+0700] {processor.py:842} WARNING - No viable dags retrieved from /opt/homebrew/Caskroom/miniconda/base/lib/python3.11/site-packages/airflow/example_dags/plugins/workday.py
[2024-04-16T21:45:45.952+0700] {processor.py:183} INFO - Processing /opt/homebrew/Caskroom/miniconda/base/lib/python3.11/site-packages/airflow/example_dags/plugins/workday.py took 1.342 seconds
[2024-04-16T21:47:36.850+0700] {processor.py:161} INFO - Started process (PID=70314) to work on /opt/homebrew/Caskroom/miniconda/base/lib/python3.11/site-packages/airflow/example_dags/plugins/workday.py
[2024-04-16T21:47:36.851+0700] {processor.py:830} INFO - Processing file /opt/homebrew/Caskroom/miniconda/base/lib/python3.11/site-packages/airflow/example_dags/plugins/workday.py for tasks to queue
[2024-04-16T21:47:36.851+0700] {logging_mixin.py:188} INFO - [2024-04-16T21:47:36.851+0700] {dagbag.py:540} INFO - Filling up the DagBag from /opt/homebrew/Caskroom/miniconda/base/lib/python3.11/site-packages/airflow/example_dags/plugins/workday.py
[2024-04-16T21:47:37.645+0700] {processor.py:842} WARNING - No viable dags retrieved from /opt/homebrew/Caskroom/miniconda/base/lib/python3.11/site-packages/airflow/example_dags/plugins/workday.py
[2024-04-16T21:47:37.722+0700] {processor.py:183} INFO - Processing /opt/homebrew/Caskroom/miniconda/base/lib/python3.11/site-packages/airflow/example_dags/plugins/workday.py took 0.874 seconds
[2024-04-16T21:49:39.828+0700] {processor.py:161} INFO - Started process (PID=70879) to work on /opt/homebrew/Caskroom/miniconda/base/lib/python3.11/site-packages/airflow/example_dags/plugins/workday.py
[2024-04-16T21:49:39.831+0700] {processor.py:830} INFO - Processing file /opt/homebrew/Caskroom/miniconda/base/lib/python3.11/site-packages/airflow/example_dags/plugins/workday.py for tasks to queue
[2024-04-16T21:49:39.831+0700] {logging_mixin.py:188} INFO - [2024-04-16T21:49:39.831+0700] {dagbag.py:540} INFO - Filling up the DagBag from /opt/homebrew/Caskroom/miniconda/base/lib/python3.11/site-packages/airflow/example_dags/plugins/workday.py
[2024-04-16T21:49:41.815+0700] {processor.py:842} WARNING - No viable dags retrieved from /opt/homebrew/Caskroom/miniconda/base/lib/python3.11/site-packages/airflow/example_dags/plugins/workday.py
[2024-04-16T21:49:41.920+0700] {processor.py:183} INFO - Processing /opt/homebrew/Caskroom/miniconda/base/lib/python3.11/site-packages/airflow/example_dags/plugins/workday.py took 2.095 seconds
[2024-04-16T21:51:33.290+0700] {processor.py:161} INFO - Started process (PID=71556) to work on /opt/homebrew/Caskroom/miniconda/base/lib/python3.11/site-packages/airflow/example_dags/plugins/workday.py
[2024-04-16T21:51:33.306+0700] {processor.py:830} INFO - Processing file /opt/homebrew/Caskroom/miniconda/base/lib/python3.11/site-packages/airflow/example_dags/plugins/workday.py for tasks to queue
[2024-04-16T21:51:33.308+0700] {logging_mixin.py:188} INFO - [2024-04-16T21:51:33.307+0700] {dagbag.py:540} INFO - Filling up the DagBag from /opt/homebrew/Caskroom/miniconda/base/lib/python3.11/site-packages/airflow/example_dags/plugins/workday.py
[2024-04-16T21:51:34.431+0700] {processor.py:842} WARNING - No viable dags retrieved from /opt/homebrew/Caskroom/miniconda/base/lib/python3.11/site-packages/airflow/example_dags/plugins/workday.py
[2024-04-16T21:51:34.591+0700] {processor.py:183} INFO - Processing /opt/homebrew/Caskroom/miniconda/base/lib/python3.11/site-packages/airflow/example_dags/plugins/workday.py took 1.305 seconds
[2024-04-16T21:54:10.815+0700] {processor.py:161} INFO - Started process (PID=72523) to work on /opt/homebrew/Caskroom/miniconda/base/lib/python3.11/site-packages/airflow/example_dags/plugins/workday.py
[2024-04-16T21:54:10.817+0700] {processor.py:830} INFO - Processing file /opt/homebrew/Caskroom/miniconda/base/lib/python3.11/site-packages/airflow/example_dags/plugins/workday.py for tasks to queue
[2024-04-16T21:54:10.818+0700] {logging_mixin.py:188} INFO - [2024-04-16T21:54:10.818+0700] {dagbag.py:540} INFO - Filling up the DagBag from /opt/homebrew/Caskroom/miniconda/base/lib/python3.11/site-packages/airflow/example_dags/plugins/workday.py
[2024-04-16T21:54:11.814+0700] {processor.py:842} WARNING - No viable dags retrieved from /opt/homebrew/Caskroom/miniconda/base/lib/python3.11/site-packages/airflow/example_dags/plugins/workday.py
[2024-04-16T21:54:11.876+0700] {processor.py:183} INFO - Processing /opt/homebrew/Caskroom/miniconda/base/lib/python3.11/site-packages/airflow/example_dags/plugins/workday.py took 1.072 seconds
[2024-04-16T21:55:51.275+0700] {processor.py:161} INFO - Started process (PID=73002) to work on /opt/homebrew/Caskroom/miniconda/base/lib/python3.11/site-packages/airflow/example_dags/plugins/workday.py
[2024-04-16T21:55:51.276+0700] {processor.py:830} INFO - Processing file /opt/homebrew/Caskroom/miniconda/base/lib/python3.11/site-packages/airflow/example_dags/plugins/workday.py for tasks to queue
[2024-04-16T21:55:51.277+0700] {logging_mixin.py:188} INFO - [2024-04-16T21:55:51.277+0700] {dagbag.py:540} INFO - Filling up the DagBag from /opt/homebrew/Caskroom/miniconda/base/lib/python3.11/site-packages/airflow/example_dags/plugins/workday.py
[2024-04-16T21:55:51.918+0700] {processor.py:842} WARNING - No viable dags retrieved from /opt/homebrew/Caskroom/miniconda/base/lib/python3.11/site-packages/airflow/example_dags/plugins/workday.py
[2024-04-16T21:55:51.967+0700] {processor.py:183} INFO - Processing /opt/homebrew/Caskroom/miniconda/base/lib/python3.11/site-packages/airflow/example_dags/plugins/workday.py took 0.694 seconds
[2024-04-16T21:57:23.307+0700] {processor.py:161} INFO - Started process (PID=73452) to work on /opt/homebrew/Caskroom/miniconda/base/lib/python3.11/site-packages/airflow/example_dags/plugins/workday.py
[2024-04-16T21:57:23.308+0700] {processor.py:830} INFO - Processing file /opt/homebrew/Caskroom/miniconda/base/lib/python3.11/site-packages/airflow/example_dags/plugins/workday.py for tasks to queue
[2024-04-16T21:57:23.308+0700] {logging_mixin.py:188} INFO - [2024-04-16T21:57:23.308+0700] {dagbag.py:540} INFO - Filling up the DagBag from /opt/homebrew/Caskroom/miniconda/base/lib/python3.11/site-packages/airflow/example_dags/plugins/workday.py
[2024-04-16T21:57:24.187+0700] {processor.py:842} WARNING - No viable dags retrieved from /opt/homebrew/Caskroom/miniconda/base/lib/python3.11/site-packages/airflow/example_dags/plugins/workday.py
[2024-04-16T21:57:24.284+0700] {processor.py:183} INFO - Processing /opt/homebrew/Caskroom/miniconda/base/lib/python3.11/site-packages/airflow/example_dags/plugins/workday.py took 0.979 seconds
[2024-04-16T21:58:47.425+0700] {processor.py:161} INFO - Started process (PID=74148) to work on /opt/homebrew/Caskroom/miniconda/base/lib/python3.11/site-packages/airflow/example_dags/plugins/workday.py
[2024-04-16T21:58:47.427+0700] {processor.py:830} INFO - Processing file /opt/homebrew/Caskroom/miniconda/base/lib/python3.11/site-packages/airflow/example_dags/plugins/workday.py for tasks to queue
[2024-04-16T21:58:47.427+0700] {logging_mixin.py:188} INFO - [2024-04-16T21:58:47.427+0700] {dagbag.py:540} INFO - Filling up the DagBag from /opt/homebrew/Caskroom/miniconda/base/lib/python3.11/site-packages/airflow/example_dags/plugins/workday.py
[2024-04-16T21:58:48.004+0700] {processor.py:842} WARNING - No viable dags retrieved from /opt/homebrew/Caskroom/miniconda/base/lib/python3.11/site-packages/airflow/example_dags/plugins/workday.py
[2024-04-16T21:58:48.075+0700] {processor.py:183} INFO - Processing /opt/homebrew/Caskroom/miniconda/base/lib/python3.11/site-packages/airflow/example_dags/plugins/workday.py took 0.652 seconds
[2024-04-16T22:00:19.837+0700] {processor.py:161} INFO - Started process (PID=74727) to work on /opt/homebrew/Caskroom/miniconda/base/lib/python3.11/site-packages/airflow/example_dags/plugins/workday.py
[2024-04-16T22:00:19.838+0700] {processor.py:830} INFO - Processing file /opt/homebrew/Caskroom/miniconda/base/lib/python3.11/site-packages/airflow/example_dags/plugins/workday.py for tasks to queue
[2024-04-16T22:00:19.839+0700] {logging_mixin.py:188} INFO - [2024-04-16T22:00:19.839+0700] {dagbag.py:540} INFO - Filling up the DagBag from /opt/homebrew/Caskroom/miniconda/base/lib/python3.11/site-packages/airflow/example_dags/plugins/workday.py
[2024-04-16T22:00:20.647+0700] {processor.py:842} WARNING - No viable dags retrieved from /opt/homebrew/Caskroom/miniconda/base/lib/python3.11/site-packages/airflow/example_dags/plugins/workday.py
[2024-04-16T22:00:20.718+0700] {processor.py:183} INFO - Processing /opt/homebrew/Caskroom/miniconda/base/lib/python3.11/site-packages/airflow/example_dags/plugins/workday.py took 0.883 seconds
[2024-04-16T22:01:41.710+0700] {processor.py:161} INFO - Started process (PID=75149) to work on /opt/homebrew/Caskroom/miniconda/base/lib/python3.11/site-packages/airflow/example_dags/plugins/workday.py
[2024-04-16T22:01:41.711+0700] {processor.py:830} INFO - Processing file /opt/homebrew/Caskroom/miniconda/base/lib/python3.11/site-packages/airflow/example_dags/plugins/workday.py for tasks to queue
[2024-04-16T22:01:41.711+0700] {logging_mixin.py:188} INFO - [2024-04-16T22:01:41.711+0700] {dagbag.py:540} INFO - Filling up the DagBag from /opt/homebrew/Caskroom/miniconda/base/lib/python3.11/site-packages/airflow/example_dags/plugins/workday.py
[2024-04-16T22:01:42.149+0700] {processor.py:842} WARNING - No viable dags retrieved from /opt/homebrew/Caskroom/miniconda/base/lib/python3.11/site-packages/airflow/example_dags/plugins/workday.py
[2024-04-16T22:01:42.198+0700] {processor.py:183} INFO - Processing /opt/homebrew/Caskroom/miniconda/base/lib/python3.11/site-packages/airflow/example_dags/plugins/workday.py took 0.491 seconds
[2024-04-16T22:03:09.996+0700] {processor.py:161} INFO - Started process (PID=75671) to work on /opt/homebrew/Caskroom/miniconda/base/lib/python3.11/site-packages/airflow/example_dags/plugins/workday.py
[2024-04-16T22:03:09.998+0700] {processor.py:830} INFO - Processing file /opt/homebrew/Caskroom/miniconda/base/lib/python3.11/site-packages/airflow/example_dags/plugins/workday.py for tasks to queue
[2024-04-16T22:03:09.998+0700] {logging_mixin.py:188} INFO - [2024-04-16T22:03:09.998+0700] {dagbag.py:540} INFO - Filling up the DagBag from /opt/homebrew/Caskroom/miniconda/base/lib/python3.11/site-packages/airflow/example_dags/plugins/workday.py
[2024-04-16T22:03:10.458+0700] {processor.py:842} WARNING - No viable dags retrieved from /opt/homebrew/Caskroom/miniconda/base/lib/python3.11/site-packages/airflow/example_dags/plugins/workday.py
[2024-04-16T22:03:10.511+0700] {processor.py:183} INFO - Processing /opt/homebrew/Caskroom/miniconda/base/lib/python3.11/site-packages/airflow/example_dags/plugins/workday.py took 0.516 seconds
[2024-04-16T22:04:34.917+0700] {processor.py:161} INFO - Started process (PID=76108) to work on /opt/homebrew/Caskroom/miniconda/base/lib/python3.11/site-packages/airflow/example_dags/plugins/workday.py
[2024-04-16T22:04:34.918+0700] {processor.py:830} INFO - Processing file /opt/homebrew/Caskroom/miniconda/base/lib/python3.11/site-packages/airflow/example_dags/plugins/workday.py for tasks to queue
[2024-04-16T22:04:34.918+0700] {logging_mixin.py:188} INFO - [2024-04-16T22:04:34.918+0700] {dagbag.py:540} INFO - Filling up the DagBag from /opt/homebrew/Caskroom/miniconda/base/lib/python3.11/site-packages/airflow/example_dags/plugins/workday.py
[2024-04-16T22:04:35.291+0700] {processor.py:842} WARNING - No viable dags retrieved from /opt/homebrew/Caskroom/miniconda/base/lib/python3.11/site-packages/airflow/example_dags/plugins/workday.py
[2024-04-16T22:04:35.338+0700] {processor.py:183} INFO - Processing /opt/homebrew/Caskroom/miniconda/base/lib/python3.11/site-packages/airflow/example_dags/plugins/workday.py took 0.423 seconds
[2024-04-16T22:06:06.431+0700] {processor.py:161} INFO - Started process (PID=76701) to work on /opt/homebrew/Caskroom/miniconda/base/lib/python3.11/site-packages/airflow/example_dags/plugins/workday.py
[2024-04-16T22:06:06.435+0700] {processor.py:830} INFO - Processing file /opt/homebrew/Caskroom/miniconda/base/lib/python3.11/site-packages/airflow/example_dags/plugins/workday.py for tasks to queue
[2024-04-16T22:06:06.436+0700] {logging_mixin.py:188} INFO - [2024-04-16T22:06:06.436+0700] {dagbag.py:540} INFO - Filling up the DagBag from /opt/homebrew/Caskroom/miniconda/base/lib/python3.11/site-packages/airflow/example_dags/plugins/workday.py
[2024-04-16T22:06:07.256+0700] {processor.py:842} WARNING - No viable dags retrieved from /opt/homebrew/Caskroom/miniconda/base/lib/python3.11/site-packages/airflow/example_dags/plugins/workday.py
[2024-04-16T22:06:07.327+0700] {processor.py:183} INFO - Processing /opt/homebrew/Caskroom/miniconda/base/lib/python3.11/site-packages/airflow/example_dags/plugins/workday.py took 0.907 seconds
[2024-04-16T22:07:57.123+0700] {processor.py:161} INFO - Started process (PID=77335) to work on /opt/homebrew/Caskroom/miniconda/base/lib/python3.11/site-packages/airflow/example_dags/plugins/workday.py
[2024-04-16T22:07:57.125+0700] {processor.py:830} INFO - Processing file /opt/homebrew/Caskroom/miniconda/base/lib/python3.11/site-packages/airflow/example_dags/plugins/workday.py for tasks to queue
[2024-04-16T22:07:57.125+0700] {logging_mixin.py:188} INFO - [2024-04-16T22:07:57.125+0700] {dagbag.py:540} INFO - Filling up the DagBag from /opt/homebrew/Caskroom/miniconda/base/lib/python3.11/site-packages/airflow/example_dags/plugins/workday.py
[2024-04-16T22:07:58.111+0700] {processor.py:842} WARNING - No viable dags retrieved from /opt/homebrew/Caskroom/miniconda/base/lib/python3.11/site-packages/airflow/example_dags/plugins/workday.py
[2024-04-16T22:07:58.186+0700] {processor.py:183} INFO - Processing /opt/homebrew/Caskroom/miniconda/base/lib/python3.11/site-packages/airflow/example_dags/plugins/workday.py took 1.065 seconds
[2024-04-16T22:09:35.769+0700] {processor.py:161} INFO - Started process (PID=77885) to work on /opt/homebrew/Caskroom/miniconda/base/lib/python3.11/site-packages/airflow/example_dags/plugins/workday.py
[2024-04-16T22:09:35.770+0700] {processor.py:830} INFO - Processing file /opt/homebrew/Caskroom/miniconda/base/lib/python3.11/site-packages/airflow/example_dags/plugins/workday.py for tasks to queue
[2024-04-16T22:09:35.771+0700] {logging_mixin.py:188} INFO - [2024-04-16T22:09:35.771+0700] {dagbag.py:540} INFO - Filling up the DagBag from /opt/homebrew/Caskroom/miniconda/base/lib/python3.11/site-packages/airflow/example_dags/plugins/workday.py
[2024-04-16T22:09:36.236+0700] {processor.py:842} WARNING - No viable dags retrieved from /opt/homebrew/Caskroom/miniconda/base/lib/python3.11/site-packages/airflow/example_dags/plugins/workday.py
[2024-04-16T22:09:36.286+0700] {processor.py:183} INFO - Processing /opt/homebrew/Caskroom/miniconda/base/lib/python3.11/site-packages/airflow/example_dags/plugins/workday.py took 0.520 seconds
[2024-04-16T22:11:10.487+0700] {processor.py:161} INFO - Started process (PID=78415) to work on /opt/homebrew/Caskroom/miniconda/base/lib/python3.11/site-packages/airflow/example_dags/plugins/workday.py
[2024-04-16T22:11:10.488+0700] {processor.py:830} INFO - Processing file /opt/homebrew/Caskroom/miniconda/base/lib/python3.11/site-packages/airflow/example_dags/plugins/workday.py for tasks to queue
[2024-04-16T22:11:10.488+0700] {logging_mixin.py:188} INFO - [2024-04-16T22:11:10.488+0700] {dagbag.py:540} INFO - Filling up the DagBag from /opt/homebrew/Caskroom/miniconda/base/lib/python3.11/site-packages/airflow/example_dags/plugins/workday.py
[2024-04-16T22:11:11.118+0700] {processor.py:842} WARNING - No viable dags retrieved from /opt/homebrew/Caskroom/miniconda/base/lib/python3.11/site-packages/airflow/example_dags/plugins/workday.py
[2024-04-16T22:11:11.173+0700] {processor.py:183} INFO - Processing /opt/homebrew/Caskroom/miniconda/base/lib/python3.11/site-packages/airflow/example_dags/plugins/workday.py took 0.689 seconds
[2024-04-16T22:12:49.679+0700] {processor.py:161} INFO - Started process (PID=78941) to work on /opt/homebrew/Caskroom/miniconda/base/lib/python3.11/site-packages/airflow/example_dags/plugins/workday.py
[2024-04-16T22:12:49.680+0700] {processor.py:830} INFO - Processing file /opt/homebrew/Caskroom/miniconda/base/lib/python3.11/site-packages/airflow/example_dags/plugins/workday.py for tasks to queue
[2024-04-16T22:12:49.680+0700] {logging_mixin.py:188} INFO - [2024-04-16T22:12:49.680+0700] {dagbag.py:540} INFO - Filling up the DagBag from /opt/homebrew/Caskroom/miniconda/base/lib/python3.11/site-packages/airflow/example_dags/plugins/workday.py
[2024-04-16T22:12:50.069+0700] {processor.py:842} WARNING - No viable dags retrieved from /opt/homebrew/Caskroom/miniconda/base/lib/python3.11/site-packages/airflow/example_dags/plugins/workday.py
[2024-04-16T22:12:50.121+0700] {processor.py:183} INFO - Processing /opt/homebrew/Caskroom/miniconda/base/lib/python3.11/site-packages/airflow/example_dags/plugins/workday.py took 0.444 seconds
[2024-04-16T22:14:19.863+0700] {processor.py:161} INFO - Started process (PID=79441) to work on /opt/homebrew/Caskroom/miniconda/base/lib/python3.11/site-packages/airflow/example_dags/plugins/workday.py
[2024-04-16T22:14:19.865+0700] {processor.py:830} INFO - Processing file /opt/homebrew/Caskroom/miniconda/base/lib/python3.11/site-packages/airflow/example_dags/plugins/workday.py for tasks to queue
[2024-04-16T22:14:19.865+0700] {logging_mixin.py:188} INFO - [2024-04-16T22:14:19.865+0700] {dagbag.py:540} INFO - Filling up the DagBag from /opt/homebrew/Caskroom/miniconda/base/lib/python3.11/site-packages/airflow/example_dags/plugins/workday.py
[2024-04-16T22:14:20.568+0700] {processor.py:842} WARNING - No viable dags retrieved from /opt/homebrew/Caskroom/miniconda/base/lib/python3.11/site-packages/airflow/example_dags/plugins/workday.py
[2024-04-16T22:14:20.622+0700] {processor.py:183} INFO - Processing /opt/homebrew/Caskroom/miniconda/base/lib/python3.11/site-packages/airflow/example_dags/plugins/workday.py took 0.763 seconds
[2024-04-16T22:17:22.191+0700] {processor.py:161} INFO - Started process (PID=80325) to work on /opt/homebrew/Caskroom/miniconda/base/lib/python3.11/site-packages/airflow/example_dags/plugins/workday.py
[2024-04-16T22:17:22.193+0700] {processor.py:830} INFO - Processing file /opt/homebrew/Caskroom/miniconda/base/lib/python3.11/site-packages/airflow/example_dags/plugins/workday.py for tasks to queue
[2024-04-16T22:17:22.195+0700] {logging_mixin.py:188} INFO - [2024-04-16T22:17:22.194+0700] {dagbag.py:540} INFO - Filling up the DagBag from /opt/homebrew/Caskroom/miniconda/base/lib/python3.11/site-packages/airflow/example_dags/plugins/workday.py
[2024-04-16T22:17:23.433+0700] {processor.py:842} WARNING - No viable dags retrieved from /opt/homebrew/Caskroom/miniconda/base/lib/python3.11/site-packages/airflow/example_dags/plugins/workday.py
[2024-04-16T22:17:23.603+0700] {processor.py:183} INFO - Processing /opt/homebrew/Caskroom/miniconda/base/lib/python3.11/site-packages/airflow/example_dags/plugins/workday.py took 1.417 seconds
[2024-04-16T22:21:44.281+0700] {processor.py:161} INFO - Started process (PID=81521) to work on /opt/homebrew/Caskroom/miniconda/base/lib/python3.11/site-packages/airflow/example_dags/plugins/workday.py
[2024-04-16T22:21:44.283+0700] {processor.py:830} INFO - Processing file /opt/homebrew/Caskroom/miniconda/base/lib/python3.11/site-packages/airflow/example_dags/plugins/workday.py for tasks to queue
[2024-04-16T22:21:44.283+0700] {logging_mixin.py:188} INFO - [2024-04-16T22:21:44.283+0700] {dagbag.py:540} INFO - Filling up the DagBag from /opt/homebrew/Caskroom/miniconda/base/lib/python3.11/site-packages/airflow/example_dags/plugins/workday.py
[2024-04-16T22:21:45.224+0700] {processor.py:842} WARNING - No viable dags retrieved from /opt/homebrew/Caskroom/miniconda/base/lib/python3.11/site-packages/airflow/example_dags/plugins/workday.py
[2024-04-16T22:21:45.274+0700] {processor.py:183} INFO - Processing /opt/homebrew/Caskroom/miniconda/base/lib/python3.11/site-packages/airflow/example_dags/plugins/workday.py took 0.998 seconds
[2024-04-16T22:26:01.358+0700] {processor.py:161} INFO - Started process (PID=82738) to work on /opt/homebrew/Caskroom/miniconda/base/lib/python3.11/site-packages/airflow/example_dags/plugins/workday.py
[2024-04-16T22:26:01.366+0700] {processor.py:830} INFO - Processing file /opt/homebrew/Caskroom/miniconda/base/lib/python3.11/site-packages/airflow/example_dags/plugins/workday.py for tasks to queue
[2024-04-16T22:26:01.382+0700] {logging_mixin.py:188} INFO - [2024-04-16T22:26:01.381+0700] {dagbag.py:540} INFO - Filling up the DagBag from /opt/homebrew/Caskroom/miniconda/base/lib/python3.11/site-packages/airflow/example_dags/plugins/workday.py
[2024-04-16T22:26:03.328+0700] {processor.py:842} WARNING - No viable dags retrieved from /opt/homebrew/Caskroom/miniconda/base/lib/python3.11/site-packages/airflow/example_dags/plugins/workday.py
[2024-04-16T22:26:03.472+0700] {processor.py:183} INFO - Processing /opt/homebrew/Caskroom/miniconda/base/lib/python3.11/site-packages/airflow/example_dags/plugins/workday.py took 2.131 seconds
