[2024-05-09T14:31:13.356+0700] {processor.py:161} INFO - Started process (PID=69582) to work on /Library/Frameworks/Python.framework/Versions/3.10/lib/python3.10/site-packages/airflow/example_dags/example_task_group.py
[2024-05-09T14:31:13.357+0700] {processor.py:830} INFO - Processing file /Library/Frameworks/Python.framework/Versions/3.10/lib/python3.10/site-packages/airflow/example_dags/example_task_group.py for tasks to queue
[2024-05-09T14:31:13.357+0700] {logging_mixin.py:188} INFO - [2024-05-09T14:31:13.357+0700] {dagbag.py:540} INFO - Filling up the DagBag from /Library/Frameworks/Python.framework/Versions/3.10/lib/python3.10/site-packages/airflow/example_dags/example_task_group.py
[2024-05-09T14:31:13.363+0700] {processor.py:840} INFO - DAG(s) 'example_task_group' retrieved from /Library/Frameworks/Python.framework/Versions/3.10/lib/python3.10/site-packages/airflow/example_dags/example_task_group.py
[2024-05-09T14:31:13.513+0700] {logging_mixin.py:188} INFO - [2024-05-09T14:31:13.513+0700] {dag.py:3096} INFO - Sync 1 DAGs
[2024-05-09T14:31:13.522+0700] {logging_mixin.py:188} INFO - [2024-05-09T14:31:13.522+0700] {dag.py:3954} INFO - Setting next_dagrun for example_task_group to 2024-05-08 00:00:00+00:00, run_after=2024-05-09 00:00:00+00:00
[2024-05-09T14:31:13.533+0700] {processor.py:183} INFO - Processing /Library/Frameworks/Python.framework/Versions/3.10/lib/python3.10/site-packages/airflow/example_dags/example_task_group.py took 0.179 seconds
[2024-05-09T14:33:16.004+0700] {processor.py:161} INFO - Started process (PID=70319) to work on /Library/Frameworks/Python.framework/Versions/3.10/lib/python3.10/site-packages/airflow/example_dags/example_task_group.py
[2024-05-09T14:33:16.005+0700] {processor.py:830} INFO - Processing file /Library/Frameworks/Python.framework/Versions/3.10/lib/python3.10/site-packages/airflow/example_dags/example_task_group.py for tasks to queue
[2024-05-09T14:33:16.005+0700] {logging_mixin.py:188} INFO - [2024-05-09T14:33:16.005+0700] {dagbag.py:540} INFO - Filling up the DagBag from /Library/Frameworks/Python.framework/Versions/3.10/lib/python3.10/site-packages/airflow/example_dags/example_task_group.py
[2024-05-09T14:33:16.010+0700] {processor.py:840} INFO - DAG(s) 'example_task_group' retrieved from /Library/Frameworks/Python.framework/Versions/3.10/lib/python3.10/site-packages/airflow/example_dags/example_task_group.py
[2024-05-09T14:33:16.023+0700] {logging_mixin.py:188} INFO - [2024-05-09T14:33:16.023+0700] {dag.py:3096} INFO - Sync 1 DAGs
[2024-05-09T14:33:16.110+0700] {logging_mixin.py:188} INFO - [2024-05-09T14:33:16.110+0700] {dag.py:3954} INFO - Setting next_dagrun for example_task_group to 2024-05-08 00:00:00+00:00, run_after=2024-05-09 00:00:00+00:00
[2024-05-09T14:33:16.120+0700] {processor.py:183} INFO - Processing /Library/Frameworks/Python.framework/Versions/3.10/lib/python3.10/site-packages/airflow/example_dags/example_task_group.py took 0.118 seconds
[2024-05-09T14:35:09.182+0700] {processor.py:161} INFO - Started process (PID=70950) to work on /Library/Frameworks/Python.framework/Versions/3.10/lib/python3.10/site-packages/airflow/example_dags/example_task_group.py
[2024-05-09T14:35:09.183+0700] {processor.py:830} INFO - Processing file /Library/Frameworks/Python.framework/Versions/3.10/lib/python3.10/site-packages/airflow/example_dags/example_task_group.py for tasks to queue
[2024-05-09T14:35:09.184+0700] {logging_mixin.py:188} INFO - [2024-05-09T14:35:09.184+0700] {dagbag.py:540} INFO - Filling up the DagBag from /Library/Frameworks/Python.framework/Versions/3.10/lib/python3.10/site-packages/airflow/example_dags/example_task_group.py
[2024-05-09T14:35:09.192+0700] {processor.py:840} INFO - DAG(s) 'example_task_group' retrieved from /Library/Frameworks/Python.framework/Versions/3.10/lib/python3.10/site-packages/airflow/example_dags/example_task_group.py
[2024-05-09T14:35:09.442+0700] {logging_mixin.py:188} INFO - [2024-05-09T14:35:09.441+0700] {dag.py:3096} INFO - Sync 1 DAGs
[2024-05-09T14:35:09.454+0700] {logging_mixin.py:188} INFO - [2024-05-09T14:35:09.454+0700] {dag.py:3954} INFO - Setting next_dagrun for example_task_group to 2024-05-08 00:00:00+00:00, run_after=2024-05-09 00:00:00+00:00
[2024-05-09T14:35:09.468+0700] {processor.py:183} INFO - Processing /Library/Frameworks/Python.framework/Versions/3.10/lib/python3.10/site-packages/airflow/example_dags/example_task_group.py took 0.288 seconds
[2024-05-09T14:36:44.100+0700] {processor.py:161} INFO - Started process (PID=71542) to work on /Library/Frameworks/Python.framework/Versions/3.10/lib/python3.10/site-packages/airflow/example_dags/example_task_group.py
[2024-05-09T14:36:44.101+0700] {processor.py:830} INFO - Processing file /Library/Frameworks/Python.framework/Versions/3.10/lib/python3.10/site-packages/airflow/example_dags/example_task_group.py for tasks to queue
[2024-05-09T14:36:44.101+0700] {logging_mixin.py:188} INFO - [2024-05-09T14:36:44.101+0700] {dagbag.py:540} INFO - Filling up the DagBag from /Library/Frameworks/Python.framework/Versions/3.10/lib/python3.10/site-packages/airflow/example_dags/example_task_group.py
[2024-05-09T14:36:44.106+0700] {processor.py:840} INFO - DAG(s) 'example_task_group' retrieved from /Library/Frameworks/Python.framework/Versions/3.10/lib/python3.10/site-packages/airflow/example_dags/example_task_group.py
[2024-05-09T14:36:44.203+0700] {logging_mixin.py:188} INFO - [2024-05-09T14:36:44.203+0700] {dag.py:3096} INFO - Sync 1 DAGs
[2024-05-09T14:36:44.213+0700] {logging_mixin.py:188} INFO - [2024-05-09T14:36:44.212+0700] {dag.py:3954} INFO - Setting next_dagrun for example_task_group to 2024-05-08 00:00:00+00:00, run_after=2024-05-09 00:00:00+00:00
[2024-05-09T14:36:44.225+0700] {processor.py:183} INFO - Processing /Library/Frameworks/Python.framework/Versions/3.10/lib/python3.10/site-packages/airflow/example_dags/example_task_group.py took 0.127 seconds
[2024-05-09T14:38:18.081+0700] {processor.py:161} INFO - Started process (PID=72250) to work on /Library/Frameworks/Python.framework/Versions/3.10/lib/python3.10/site-packages/airflow/example_dags/example_task_group.py
[2024-05-09T14:38:18.082+0700] {processor.py:830} INFO - Processing file /Library/Frameworks/Python.framework/Versions/3.10/lib/python3.10/site-packages/airflow/example_dags/example_task_group.py for tasks to queue
[2024-05-09T14:38:18.082+0700] {logging_mixin.py:188} INFO - [2024-05-09T14:38:18.082+0700] {dagbag.py:540} INFO - Filling up the DagBag from /Library/Frameworks/Python.framework/Versions/3.10/lib/python3.10/site-packages/airflow/example_dags/example_task_group.py
[2024-05-09T14:38:18.088+0700] {processor.py:840} INFO - DAG(s) 'example_task_group' retrieved from /Library/Frameworks/Python.framework/Versions/3.10/lib/python3.10/site-packages/airflow/example_dags/example_task_group.py
[2024-05-09T14:38:18.187+0700] {logging_mixin.py:188} INFO - [2024-05-09T14:38:18.187+0700] {dag.py:3096} INFO - Sync 1 DAGs
[2024-05-09T14:38:18.196+0700] {logging_mixin.py:188} INFO - [2024-05-09T14:38:18.196+0700] {dag.py:3954} INFO - Setting next_dagrun for example_task_group to 2024-05-08 00:00:00+00:00, run_after=2024-05-09 00:00:00+00:00
[2024-05-09T14:38:18.208+0700] {processor.py:183} INFO - Processing /Library/Frameworks/Python.framework/Versions/3.10/lib/python3.10/site-packages/airflow/example_dags/example_task_group.py took 0.130 seconds
[2024-05-09T14:40:06.707+0700] {processor.py:161} INFO - Started process (PID=73273) to work on /Library/Frameworks/Python.framework/Versions/3.10/lib/python3.10/site-packages/airflow/example_dags/example_task_group.py
[2024-05-09T14:40:06.708+0700] {processor.py:830} INFO - Processing file /Library/Frameworks/Python.framework/Versions/3.10/lib/python3.10/site-packages/airflow/example_dags/example_task_group.py for tasks to queue
[2024-05-09T14:40:06.708+0700] {logging_mixin.py:188} INFO - [2024-05-09T14:40:06.708+0700] {dagbag.py:540} INFO - Filling up the DagBag from /Library/Frameworks/Python.framework/Versions/3.10/lib/python3.10/site-packages/airflow/example_dags/example_task_group.py
[2024-05-09T14:40:06.714+0700] {processor.py:840} INFO - DAG(s) 'example_task_group' retrieved from /Library/Frameworks/Python.framework/Versions/3.10/lib/python3.10/site-packages/airflow/example_dags/example_task_group.py
[2024-05-09T14:40:06.812+0700] {logging_mixin.py:188} INFO - [2024-05-09T14:40:06.812+0700] {dag.py:3096} INFO - Sync 1 DAGs
[2024-05-09T14:40:06.821+0700] {logging_mixin.py:188} INFO - [2024-05-09T14:40:06.821+0700] {dag.py:3954} INFO - Setting next_dagrun for example_task_group to 2024-05-08 00:00:00+00:00, run_after=2024-05-09 00:00:00+00:00
[2024-05-09T14:40:06.832+0700] {processor.py:183} INFO - Processing /Library/Frameworks/Python.framework/Versions/3.10/lib/python3.10/site-packages/airflow/example_dags/example_task_group.py took 0.128 seconds
[2024-05-09T14:42:18.206+0700] {processor.py:161} INFO - Started process (PID=76631) to work on /Library/Frameworks/Python.framework/Versions/3.10/lib/python3.10/site-packages/airflow/example_dags/example_task_group.py
[2024-05-09T14:42:18.207+0700] {processor.py:830} INFO - Processing file /Library/Frameworks/Python.framework/Versions/3.10/lib/python3.10/site-packages/airflow/example_dags/example_task_group.py for tasks to queue
[2024-05-09T14:42:18.207+0700] {logging_mixin.py:188} INFO - [2024-05-09T14:42:18.207+0700] {dagbag.py:540} INFO - Filling up the DagBag from /Library/Frameworks/Python.framework/Versions/3.10/lib/python3.10/site-packages/airflow/example_dags/example_task_group.py
[2024-05-09T14:42:18.223+0700] {processor.py:840} INFO - DAG(s) 'example_task_group' retrieved from /Library/Frameworks/Python.framework/Versions/3.10/lib/python3.10/site-packages/airflow/example_dags/example_task_group.py
[2024-05-09T14:42:18.371+0700] {logging_mixin.py:188} INFO - [2024-05-09T14:42:18.371+0700] {dag.py:3096} INFO - Sync 1 DAGs
[2024-05-09T14:42:18.385+0700] {logging_mixin.py:188} INFO - [2024-05-09T14:42:18.385+0700] {dag.py:3954} INFO - Setting next_dagrun for example_task_group to 2024-05-08 00:00:00+00:00, run_after=2024-05-09 00:00:00+00:00
[2024-05-09T14:42:18.405+0700] {processor.py:183} INFO - Processing /Library/Frameworks/Python.framework/Versions/3.10/lib/python3.10/site-packages/airflow/example_dags/example_task_group.py took 0.202 seconds
[2024-05-09T14:44:05.009+0700] {processor.py:161} INFO - Started process (PID=77396) to work on /Library/Frameworks/Python.framework/Versions/3.10/lib/python3.10/site-packages/airflow/example_dags/example_task_group.py
[2024-05-09T14:44:05.010+0700] {processor.py:830} INFO - Processing file /Library/Frameworks/Python.framework/Versions/3.10/lib/python3.10/site-packages/airflow/example_dags/example_task_group.py for tasks to queue
[2024-05-09T14:44:05.011+0700] {logging_mixin.py:188} INFO - [2024-05-09T14:44:05.011+0700] {dagbag.py:540} INFO - Filling up the DagBag from /Library/Frameworks/Python.framework/Versions/3.10/lib/python3.10/site-packages/airflow/example_dags/example_task_group.py
[2024-05-09T14:44:05.023+0700] {processor.py:840} INFO - DAG(s) 'example_task_group' retrieved from /Library/Frameworks/Python.framework/Versions/3.10/lib/python3.10/site-packages/airflow/example_dags/example_task_group.py
[2024-05-09T14:44:05.237+0700] {logging_mixin.py:188} INFO - [2024-05-09T14:44:05.237+0700] {dag.py:3096} INFO - Sync 1 DAGs
[2024-05-09T14:44:05.247+0700] {logging_mixin.py:188} INFO - [2024-05-09T14:44:05.247+0700] {dag.py:3954} INFO - Setting next_dagrun for example_task_group to 2024-05-08 00:00:00+00:00, run_after=2024-05-09 00:00:00+00:00
[2024-05-09T14:44:05.260+0700] {processor.py:183} INFO - Processing /Library/Frameworks/Python.framework/Versions/3.10/lib/python3.10/site-packages/airflow/example_dags/example_task_group.py took 0.253 seconds
[2024-05-09T14:46:04.382+0700] {processor.py:161} INFO - Started process (PID=78158) to work on /Library/Frameworks/Python.framework/Versions/3.10/lib/python3.10/site-packages/airflow/example_dags/example_task_group.py
[2024-05-09T14:46:04.383+0700] {processor.py:830} INFO - Processing file /Library/Frameworks/Python.framework/Versions/3.10/lib/python3.10/site-packages/airflow/example_dags/example_task_group.py for tasks to queue
[2024-05-09T14:46:04.384+0700] {logging_mixin.py:188} INFO - [2024-05-09T14:46:04.383+0700] {dagbag.py:540} INFO - Filling up the DagBag from /Library/Frameworks/Python.framework/Versions/3.10/lib/python3.10/site-packages/airflow/example_dags/example_task_group.py
[2024-05-09T14:46:04.391+0700] {processor.py:840} INFO - DAG(s) 'example_task_group' retrieved from /Library/Frameworks/Python.framework/Versions/3.10/lib/python3.10/site-packages/airflow/example_dags/example_task_group.py
[2024-05-09T14:46:04.502+0700] {logging_mixin.py:188} INFO - [2024-05-09T14:46:04.502+0700] {dag.py:3096} INFO - Sync 1 DAGs
[2024-05-09T14:46:04.511+0700] {logging_mixin.py:188} INFO - [2024-05-09T14:46:04.511+0700] {dag.py:3954} INFO - Setting next_dagrun for example_task_group to 2024-05-08 00:00:00+00:00, run_after=2024-05-09 00:00:00+00:00
[2024-05-09T14:46:04.523+0700] {processor.py:183} INFO - Processing /Library/Frameworks/Python.framework/Versions/3.10/lib/python3.10/site-packages/airflow/example_dags/example_task_group.py took 0.144 seconds
[2024-05-09T14:48:01.817+0700] {processor.py:161} INFO - Started process (PID=78856) to work on /Library/Frameworks/Python.framework/Versions/3.10/lib/python3.10/site-packages/airflow/example_dags/example_task_group.py
[2024-05-09T14:48:01.817+0700] {processor.py:830} INFO - Processing file /Library/Frameworks/Python.framework/Versions/3.10/lib/python3.10/site-packages/airflow/example_dags/example_task_group.py for tasks to queue
[2024-05-09T14:48:01.818+0700] {logging_mixin.py:188} INFO - [2024-05-09T14:48:01.818+0700] {dagbag.py:540} INFO - Filling up the DagBag from /Library/Frameworks/Python.framework/Versions/3.10/lib/python3.10/site-packages/airflow/example_dags/example_task_group.py
[2024-05-09T14:48:01.823+0700] {processor.py:840} INFO - DAG(s) 'example_task_group' retrieved from /Library/Frameworks/Python.framework/Versions/3.10/lib/python3.10/site-packages/airflow/example_dags/example_task_group.py
[2024-05-09T14:48:01.970+0700] {logging_mixin.py:188} INFO - [2024-05-09T14:48:01.970+0700] {dag.py:3096} INFO - Sync 1 DAGs
[2024-05-09T14:48:01.979+0700] {logging_mixin.py:188} INFO - [2024-05-09T14:48:01.979+0700] {dag.py:3954} INFO - Setting next_dagrun for example_task_group to 2024-05-08 00:00:00+00:00, run_after=2024-05-09 00:00:00+00:00
[2024-05-09T14:48:01.990+0700] {processor.py:183} INFO - Processing /Library/Frameworks/Python.framework/Versions/3.10/lib/python3.10/site-packages/airflow/example_dags/example_task_group.py took 0.175 seconds
[2024-05-09T14:49:41.271+0700] {processor.py:161} INFO - Started process (PID=79347) to work on /Library/Frameworks/Python.framework/Versions/3.10/lib/python3.10/site-packages/airflow/example_dags/example_task_group.py
[2024-05-09T14:49:41.273+0700] {processor.py:830} INFO - Processing file /Library/Frameworks/Python.framework/Versions/3.10/lib/python3.10/site-packages/airflow/example_dags/example_task_group.py for tasks to queue
[2024-05-09T14:49:41.275+0700] {logging_mixin.py:188} INFO - [2024-05-09T14:49:41.274+0700] {dagbag.py:540} INFO - Filling up the DagBag from /Library/Frameworks/Python.framework/Versions/3.10/lib/python3.10/site-packages/airflow/example_dags/example_task_group.py
[2024-05-09T14:49:41.301+0700] {processor.py:840} INFO - DAG(s) 'example_task_group' retrieved from /Library/Frameworks/Python.framework/Versions/3.10/lib/python3.10/site-packages/airflow/example_dags/example_task_group.py
[2024-05-09T14:49:41.556+0700] {logging_mixin.py:188} INFO - [2024-05-09T14:49:41.556+0700] {dag.py:3096} INFO - Sync 1 DAGs
[2024-05-09T14:49:41.568+0700] {logging_mixin.py:188} INFO - [2024-05-09T14:49:41.568+0700] {dag.py:3954} INFO - Setting next_dagrun for example_task_group to 2024-05-08 00:00:00+00:00, run_after=2024-05-09 00:00:00+00:00
[2024-05-09T14:49:41.582+0700] {processor.py:183} INFO - Processing /Library/Frameworks/Python.framework/Versions/3.10/lib/python3.10/site-packages/airflow/example_dags/example_task_group.py took 0.321 seconds
[2024-05-09T14:51:37.529+0700] {processor.py:161} INFO - Started process (PID=80053) to work on /Library/Frameworks/Python.framework/Versions/3.10/lib/python3.10/site-packages/airflow/example_dags/example_task_group.py
[2024-05-09T14:51:37.533+0700] {processor.py:830} INFO - Processing file /Library/Frameworks/Python.framework/Versions/3.10/lib/python3.10/site-packages/airflow/example_dags/example_task_group.py for tasks to queue
[2024-05-09T14:51:37.533+0700] {logging_mixin.py:188} INFO - [2024-05-09T14:51:37.533+0700] {dagbag.py:540} INFO - Filling up the DagBag from /Library/Frameworks/Python.framework/Versions/3.10/lib/python3.10/site-packages/airflow/example_dags/example_task_group.py
[2024-05-09T14:51:37.540+0700] {processor.py:840} INFO - DAG(s) 'example_task_group' retrieved from /Library/Frameworks/Python.framework/Versions/3.10/lib/python3.10/site-packages/airflow/example_dags/example_task_group.py
[2024-05-09T14:51:37.710+0700] {logging_mixin.py:188} INFO - [2024-05-09T14:51:37.710+0700] {dag.py:3096} INFO - Sync 1 DAGs
[2024-05-09T14:51:37.720+0700] {logging_mixin.py:188} INFO - [2024-05-09T14:51:37.720+0700] {dag.py:3954} INFO - Setting next_dagrun for example_task_group to 2024-05-08 00:00:00+00:00, run_after=2024-05-09 00:00:00+00:00
[2024-05-09T14:51:37.732+0700] {processor.py:183} INFO - Processing /Library/Frameworks/Python.framework/Versions/3.10/lib/python3.10/site-packages/airflow/example_dags/example_task_group.py took 0.206 seconds
[2024-05-09T14:53:26.582+0700] {processor.py:161} INFO - Started process (PID=80765) to work on /Library/Frameworks/Python.framework/Versions/3.10/lib/python3.10/site-packages/airflow/example_dags/example_task_group.py
[2024-05-09T14:53:26.583+0700] {processor.py:830} INFO - Processing file /Library/Frameworks/Python.framework/Versions/3.10/lib/python3.10/site-packages/airflow/example_dags/example_task_group.py for tasks to queue
[2024-05-09T14:53:26.583+0700] {logging_mixin.py:188} INFO - [2024-05-09T14:53:26.583+0700] {dagbag.py:540} INFO - Filling up the DagBag from /Library/Frameworks/Python.framework/Versions/3.10/lib/python3.10/site-packages/airflow/example_dags/example_task_group.py
[2024-05-09T14:53:26.588+0700] {processor.py:840} INFO - DAG(s) 'example_task_group' retrieved from /Library/Frameworks/Python.framework/Versions/3.10/lib/python3.10/site-packages/airflow/example_dags/example_task_group.py
[2024-05-09T14:53:26.746+0700] {logging_mixin.py:188} INFO - [2024-05-09T14:53:26.745+0700] {dag.py:3096} INFO - Sync 1 DAGs
[2024-05-09T14:53:26.756+0700] {logging_mixin.py:188} INFO - [2024-05-09T14:53:26.756+0700] {dag.py:3954} INFO - Setting next_dagrun for example_task_group to 2024-05-08 00:00:00+00:00, run_after=2024-05-09 00:00:00+00:00
[2024-05-09T14:53:26.769+0700] {processor.py:183} INFO - Processing /Library/Frameworks/Python.framework/Versions/3.10/lib/python3.10/site-packages/airflow/example_dags/example_task_group.py took 0.189 seconds
[2024-05-09T14:55:02.995+0700] {processor.py:161} INFO - Started process (PID=81372) to work on /Library/Frameworks/Python.framework/Versions/3.10/lib/python3.10/site-packages/airflow/example_dags/example_task_group.py
[2024-05-09T14:55:02.997+0700] {processor.py:830} INFO - Processing file /Library/Frameworks/Python.framework/Versions/3.10/lib/python3.10/site-packages/airflow/example_dags/example_task_group.py for tasks to queue
[2024-05-09T14:55:02.997+0700] {logging_mixin.py:188} INFO - [2024-05-09T14:55:02.997+0700] {dagbag.py:540} INFO - Filling up the DagBag from /Library/Frameworks/Python.framework/Versions/3.10/lib/python3.10/site-packages/airflow/example_dags/example_task_group.py
[2024-05-09T14:55:03.002+0700] {processor.py:840} INFO - DAG(s) 'example_task_group' retrieved from /Library/Frameworks/Python.framework/Versions/3.10/lib/python3.10/site-packages/airflow/example_dags/example_task_group.py
[2024-05-09T14:55:03.102+0700] {logging_mixin.py:188} INFO - [2024-05-09T14:55:03.102+0700] {dag.py:3096} INFO - Sync 1 DAGs
[2024-05-09T14:55:03.111+0700] {logging_mixin.py:188} INFO - [2024-05-09T14:55:03.111+0700] {dag.py:3954} INFO - Setting next_dagrun for example_task_group to 2024-05-08 00:00:00+00:00, run_after=2024-05-09 00:00:00+00:00
[2024-05-09T14:55:03.123+0700] {processor.py:183} INFO - Processing /Library/Frameworks/Python.framework/Versions/3.10/lib/python3.10/site-packages/airflow/example_dags/example_task_group.py took 0.129 seconds
[2024-05-09T14:56:31.437+0700] {processor.py:161} INFO - Started process (PID=81988) to work on /Library/Frameworks/Python.framework/Versions/3.10/lib/python3.10/site-packages/airflow/example_dags/example_task_group.py
[2024-05-09T14:56:31.438+0700] {processor.py:830} INFO - Processing file /Library/Frameworks/Python.framework/Versions/3.10/lib/python3.10/site-packages/airflow/example_dags/example_task_group.py for tasks to queue
[2024-05-09T14:56:31.439+0700] {logging_mixin.py:188} INFO - [2024-05-09T14:56:31.439+0700] {dagbag.py:540} INFO - Filling up the DagBag from /Library/Frameworks/Python.framework/Versions/3.10/lib/python3.10/site-packages/airflow/example_dags/example_task_group.py
[2024-05-09T14:56:31.450+0700] {processor.py:840} INFO - DAG(s) 'example_task_group' retrieved from /Library/Frameworks/Python.framework/Versions/3.10/lib/python3.10/site-packages/airflow/example_dags/example_task_group.py
[2024-05-09T14:56:31.473+0700] {logging_mixin.py:188} INFO - [2024-05-09T14:56:31.472+0700] {dag.py:3096} INFO - Sync 1 DAGs
[2024-05-09T14:56:31.647+0700] {logging_mixin.py:188} INFO - [2024-05-09T14:56:31.647+0700] {dag.py:3954} INFO - Setting next_dagrun for example_task_group to 2024-05-08 00:00:00+00:00, run_after=2024-05-09 00:00:00+00:00
[2024-05-09T14:56:31.670+0700] {processor.py:183} INFO - Processing /Library/Frameworks/Python.framework/Versions/3.10/lib/python3.10/site-packages/airflow/example_dags/example_task_group.py took 0.237 seconds
[2024-05-09T14:58:00.513+0700] {processor.py:161} INFO - Started process (PID=82603) to work on /Library/Frameworks/Python.framework/Versions/3.10/lib/python3.10/site-packages/airflow/example_dags/example_task_group.py
[2024-05-09T14:58:00.514+0700] {processor.py:830} INFO - Processing file /Library/Frameworks/Python.framework/Versions/3.10/lib/python3.10/site-packages/airflow/example_dags/example_task_group.py for tasks to queue
[2024-05-09T14:58:00.514+0700] {logging_mixin.py:188} INFO - [2024-05-09T14:58:00.514+0700] {dagbag.py:540} INFO - Filling up the DagBag from /Library/Frameworks/Python.framework/Versions/3.10/lib/python3.10/site-packages/airflow/example_dags/example_task_group.py
[2024-05-09T14:58:00.520+0700] {processor.py:840} INFO - DAG(s) 'example_task_group' retrieved from /Library/Frameworks/Python.framework/Versions/3.10/lib/python3.10/site-packages/airflow/example_dags/example_task_group.py
[2024-05-09T14:58:00.667+0700] {logging_mixin.py:188} INFO - [2024-05-09T14:58:00.666+0700] {dag.py:3096} INFO - Sync 1 DAGs
[2024-05-09T14:58:00.675+0700] {logging_mixin.py:188} INFO - [2024-05-09T14:58:00.675+0700] {dag.py:3954} INFO - Setting next_dagrun for example_task_group to 2024-05-08 00:00:00+00:00, run_after=2024-05-09 00:00:00+00:00
[2024-05-09T14:58:00.686+0700] {processor.py:183} INFO - Processing /Library/Frameworks/Python.framework/Versions/3.10/lib/python3.10/site-packages/airflow/example_dags/example_task_group.py took 0.175 seconds
[2024-05-09T14:59:35.607+0700] {processor.py:161} INFO - Started process (PID=83128) to work on /Library/Frameworks/Python.framework/Versions/3.10/lib/python3.10/site-packages/airflow/example_dags/example_task_group.py
[2024-05-09T14:59:35.608+0700] {processor.py:830} INFO - Processing file /Library/Frameworks/Python.framework/Versions/3.10/lib/python3.10/site-packages/airflow/example_dags/example_task_group.py for tasks to queue
[2024-05-09T14:59:35.609+0700] {logging_mixin.py:188} INFO - [2024-05-09T14:59:35.609+0700] {dagbag.py:540} INFO - Filling up the DagBag from /Library/Frameworks/Python.framework/Versions/3.10/lib/python3.10/site-packages/airflow/example_dags/example_task_group.py
[2024-05-09T14:59:35.632+0700] {processor.py:840} INFO - DAG(s) 'example_task_group' retrieved from /Library/Frameworks/Python.framework/Versions/3.10/lib/python3.10/site-packages/airflow/example_dags/example_task_group.py
[2024-05-09T14:59:35.881+0700] {logging_mixin.py:188} INFO - [2024-05-09T14:59:35.881+0700] {dag.py:3096} INFO - Sync 1 DAGs
[2024-05-09T14:59:35.895+0700] {logging_mixin.py:188} INFO - [2024-05-09T14:59:35.895+0700] {dag.py:3954} INFO - Setting next_dagrun for example_task_group to 2024-05-08 00:00:00+00:00, run_after=2024-05-09 00:00:00+00:00
[2024-05-09T14:59:35.910+0700] {processor.py:183} INFO - Processing /Library/Frameworks/Python.framework/Versions/3.10/lib/python3.10/site-packages/airflow/example_dags/example_task_group.py took 0.307 seconds
[2024-05-09T15:01:05.894+0700] {processor.py:161} INFO - Started process (PID=83564) to work on /Library/Frameworks/Python.framework/Versions/3.10/lib/python3.10/site-packages/airflow/example_dags/example_task_group.py
[2024-05-09T15:01:05.895+0700] {processor.py:830} INFO - Processing file /Library/Frameworks/Python.framework/Versions/3.10/lib/python3.10/site-packages/airflow/example_dags/example_task_group.py for tasks to queue
[2024-05-09T15:01:05.895+0700] {logging_mixin.py:188} INFO - [2024-05-09T15:01:05.895+0700] {dagbag.py:540} INFO - Filling up the DagBag from /Library/Frameworks/Python.framework/Versions/3.10/lib/python3.10/site-packages/airflow/example_dags/example_task_group.py
[2024-05-09T15:01:05.901+0700] {processor.py:840} INFO - DAG(s) 'example_task_group' retrieved from /Library/Frameworks/Python.framework/Versions/3.10/lib/python3.10/site-packages/airflow/example_dags/example_task_group.py
[2024-05-09T15:01:06.003+0700] {logging_mixin.py:188} INFO - [2024-05-09T15:01:06.003+0700] {dag.py:3096} INFO - Sync 1 DAGs
[2024-05-09T15:01:06.013+0700] {logging_mixin.py:188} INFO - [2024-05-09T15:01:06.012+0700] {dag.py:3954} INFO - Setting next_dagrun for example_task_group to 2024-05-08 00:00:00+00:00, run_after=2024-05-09 00:00:00+00:00
[2024-05-09T15:01:06.025+0700] {processor.py:183} INFO - Processing /Library/Frameworks/Python.framework/Versions/3.10/lib/python3.10/site-packages/airflow/example_dags/example_task_group.py took 0.132 seconds
[2024-05-09T15:02:35.002+0700] {processor.py:161} INFO - Started process (PID=84126) to work on /Library/Frameworks/Python.framework/Versions/3.10/lib/python3.10/site-packages/airflow/example_dags/example_task_group.py
[2024-05-09T15:02:35.003+0700] {processor.py:830} INFO - Processing file /Library/Frameworks/Python.framework/Versions/3.10/lib/python3.10/site-packages/airflow/example_dags/example_task_group.py for tasks to queue
[2024-05-09T15:02:35.007+0700] {logging_mixin.py:188} INFO - [2024-05-09T15:02:35.007+0700] {dagbag.py:540} INFO - Filling up the DagBag from /Library/Frameworks/Python.framework/Versions/3.10/lib/python3.10/site-packages/airflow/example_dags/example_task_group.py
[2024-05-09T15:02:35.013+0700] {processor.py:840} INFO - DAG(s) 'example_task_group' retrieved from /Library/Frameworks/Python.framework/Versions/3.10/lib/python3.10/site-packages/airflow/example_dags/example_task_group.py
[2024-05-09T15:02:35.122+0700] {logging_mixin.py:188} INFO - [2024-05-09T15:02:35.121+0700] {dag.py:3096} INFO - Sync 1 DAGs
[2024-05-09T15:02:35.132+0700] {logging_mixin.py:188} INFO - [2024-05-09T15:02:35.131+0700] {dag.py:3954} INFO - Setting next_dagrun for example_task_group to 2024-05-08 00:00:00+00:00, run_after=2024-05-09 00:00:00+00:00
[2024-05-09T15:02:35.144+0700] {processor.py:183} INFO - Processing /Library/Frameworks/Python.framework/Versions/3.10/lib/python3.10/site-packages/airflow/example_dags/example_task_group.py took 0.147 seconds
[2024-05-09T15:04:15.651+0700] {processor.py:161} INFO - Started process (PID=84783) to work on /Library/Frameworks/Python.framework/Versions/3.10/lib/python3.10/site-packages/airflow/example_dags/example_task_group.py
[2024-05-09T15:04:15.652+0700] {processor.py:830} INFO - Processing file /Library/Frameworks/Python.framework/Versions/3.10/lib/python3.10/site-packages/airflow/example_dags/example_task_group.py for tasks to queue
[2024-05-09T15:04:15.653+0700] {logging_mixin.py:188} INFO - [2024-05-09T15:04:15.653+0700] {dagbag.py:540} INFO - Filling up the DagBag from /Library/Frameworks/Python.framework/Versions/3.10/lib/python3.10/site-packages/airflow/example_dags/example_task_group.py
[2024-05-09T15:04:15.667+0700] {processor.py:840} INFO - DAG(s) 'example_task_group' retrieved from /Library/Frameworks/Python.framework/Versions/3.10/lib/python3.10/site-packages/airflow/example_dags/example_task_group.py
[2024-05-09T15:04:15.836+0700] {logging_mixin.py:188} INFO - [2024-05-09T15:04:15.836+0700] {dag.py:3096} INFO - Sync 1 DAGs
[2024-05-09T15:04:15.849+0700] {logging_mixin.py:188} INFO - [2024-05-09T15:04:15.849+0700] {dag.py:3954} INFO - Setting next_dagrun for example_task_group to 2024-05-08 00:00:00+00:00, run_after=2024-05-09 00:00:00+00:00
[2024-05-09T15:04:15.865+0700] {processor.py:183} INFO - Processing /Library/Frameworks/Python.framework/Versions/3.10/lib/python3.10/site-packages/airflow/example_dags/example_task_group.py took 0.219 seconds
[2024-05-09T15:06:20.025+0700] {processor.py:161} INFO - Started process (PID=85583) to work on /Library/Frameworks/Python.framework/Versions/3.10/lib/python3.10/site-packages/airflow/example_dags/example_task_group.py
[2024-05-09T15:06:20.045+0700] {processor.py:830} INFO - Processing file /Library/Frameworks/Python.framework/Versions/3.10/lib/python3.10/site-packages/airflow/example_dags/example_task_group.py for tasks to queue
[2024-05-09T15:06:20.046+0700] {logging_mixin.py:188} INFO - [2024-05-09T15:06:20.046+0700] {dagbag.py:540} INFO - Filling up the DagBag from /Library/Frameworks/Python.framework/Versions/3.10/lib/python3.10/site-packages/airflow/example_dags/example_task_group.py
[2024-05-09T15:06:20.069+0700] {processor.py:840} INFO - DAG(s) 'example_task_group' retrieved from /Library/Frameworks/Python.framework/Versions/3.10/lib/python3.10/site-packages/airflow/example_dags/example_task_group.py
[2024-05-09T15:06:20.545+0700] {logging_mixin.py:188} INFO - [2024-05-09T15:06:20.545+0700] {dag.py:3096} INFO - Sync 1 DAGs
[2024-05-09T15:06:20.563+0700] {logging_mixin.py:188} INFO - [2024-05-09T15:06:20.563+0700] {dag.py:3954} INFO - Setting next_dagrun for example_task_group to 2024-05-08 00:00:00+00:00, run_after=2024-05-09 00:00:00+00:00
[2024-05-09T15:06:20.599+0700] {processor.py:183} INFO - Processing /Library/Frameworks/Python.framework/Versions/3.10/lib/python3.10/site-packages/airflow/example_dags/example_task_group.py took 0.602 seconds
[2024-05-09T15:10:07.789+0700] {processor.py:161} INFO - Started process (PID=86662) to work on /Library/Frameworks/Python.framework/Versions/3.10/lib/python3.10/site-packages/airflow/example_dags/example_task_group.py
[2024-05-09T15:10:07.790+0700] {processor.py:830} INFO - Processing file /Library/Frameworks/Python.framework/Versions/3.10/lib/python3.10/site-packages/airflow/example_dags/example_task_group.py for tasks to queue
[2024-05-09T15:10:07.791+0700] {logging_mixin.py:188} INFO - [2024-05-09T15:10:07.790+0700] {dagbag.py:540} INFO - Filling up the DagBag from /Library/Frameworks/Python.framework/Versions/3.10/lib/python3.10/site-packages/airflow/example_dags/example_task_group.py
[2024-05-09T15:10:07.808+0700] {processor.py:840} INFO - DAG(s) 'example_task_group' retrieved from /Library/Frameworks/Python.framework/Versions/3.10/lib/python3.10/site-packages/airflow/example_dags/example_task_group.py
[2024-05-09T15:10:08.340+0700] {logging_mixin.py:188} INFO - [2024-05-09T15:10:08.339+0700] {dag.py:3096} INFO - Sync 1 DAGs
[2024-05-09T15:10:08.355+0700] {logging_mixin.py:188} INFO - [2024-05-09T15:10:08.355+0700] {dag.py:3954} INFO - Setting next_dagrun for example_task_group to 2024-05-08 00:00:00+00:00, run_after=2024-05-09 00:00:00+00:00
[2024-05-09T15:10:08.387+0700] {processor.py:183} INFO - Processing /Library/Frameworks/Python.framework/Versions/3.10/lib/python3.10/site-packages/airflow/example_dags/example_task_group.py took 0.601 seconds
[2024-05-09T15:12:35.610+0700] {processor.py:161} INFO - Started process (PID=87832) to work on /Library/Frameworks/Python.framework/Versions/3.10/lib/python3.10/site-packages/airflow/example_dags/example_task_group.py
[2024-05-09T15:12:35.613+0700] {processor.py:830} INFO - Processing file /Library/Frameworks/Python.framework/Versions/3.10/lib/python3.10/site-packages/airflow/example_dags/example_task_group.py for tasks to queue
[2024-05-09T15:12:35.614+0700] {logging_mixin.py:188} INFO - [2024-05-09T15:12:35.614+0700] {dagbag.py:540} INFO - Filling up the DagBag from /Library/Frameworks/Python.framework/Versions/3.10/lib/python3.10/site-packages/airflow/example_dags/example_task_group.py
[2024-05-09T15:12:35.641+0700] {processor.py:840} INFO - DAG(s) 'example_task_group' retrieved from /Library/Frameworks/Python.framework/Versions/3.10/lib/python3.10/site-packages/airflow/example_dags/example_task_group.py
[2024-05-09T15:12:35.893+0700] {logging_mixin.py:188} INFO - [2024-05-09T15:12:35.893+0700] {dag.py:3096} INFO - Sync 1 DAGs
[2024-05-09T15:12:35.905+0700] {logging_mixin.py:188} INFO - [2024-05-09T15:12:35.905+0700] {dag.py:3954} INFO - Setting next_dagrun for example_task_group to 2024-05-08 00:00:00+00:00, run_after=2024-05-09 00:00:00+00:00
[2024-05-09T15:12:35.922+0700] {processor.py:183} INFO - Processing /Library/Frameworks/Python.framework/Versions/3.10/lib/python3.10/site-packages/airflow/example_dags/example_task_group.py took 0.317 seconds
[2024-05-09T15:14:22.092+0700] {processor.py:161} INFO - Started process (PID=88526) to work on /Library/Frameworks/Python.framework/Versions/3.10/lib/python3.10/site-packages/airflow/example_dags/example_task_group.py
[2024-05-09T15:14:22.093+0700] {processor.py:830} INFO - Processing file /Library/Frameworks/Python.framework/Versions/3.10/lib/python3.10/site-packages/airflow/example_dags/example_task_group.py for tasks to queue
[2024-05-09T15:14:22.094+0700] {logging_mixin.py:188} INFO - [2024-05-09T15:14:22.094+0700] {dagbag.py:540} INFO - Filling up the DagBag from /Library/Frameworks/Python.framework/Versions/3.10/lib/python3.10/site-packages/airflow/example_dags/example_task_group.py
[2024-05-09T15:14:22.100+0700] {processor.py:840} INFO - DAG(s) 'example_task_group' retrieved from /Library/Frameworks/Python.framework/Versions/3.10/lib/python3.10/site-packages/airflow/example_dags/example_task_group.py
[2024-05-09T15:14:22.223+0700] {logging_mixin.py:188} INFO - [2024-05-09T15:14:22.223+0700] {dag.py:3096} INFO - Sync 1 DAGs
[2024-05-09T15:14:22.233+0700] {logging_mixin.py:188} INFO - [2024-05-09T15:14:22.233+0700] {dag.py:3954} INFO - Setting next_dagrun for example_task_group to 2024-05-08 00:00:00+00:00, run_after=2024-05-09 00:00:00+00:00
[2024-05-09T15:14:22.247+0700] {processor.py:183} INFO - Processing /Library/Frameworks/Python.framework/Versions/3.10/lib/python3.10/site-packages/airflow/example_dags/example_task_group.py took 0.156 seconds
[2024-05-09T15:16:00.973+0700] {processor.py:161} INFO - Started process (PID=89442) to work on /Library/Frameworks/Python.framework/Versions/3.10/lib/python3.10/site-packages/airflow/example_dags/example_task_group.py
[2024-05-09T15:16:00.974+0700] {processor.py:830} INFO - Processing file /Library/Frameworks/Python.framework/Versions/3.10/lib/python3.10/site-packages/airflow/example_dags/example_task_group.py for tasks to queue
[2024-05-09T15:16:00.975+0700] {logging_mixin.py:188} INFO - [2024-05-09T15:16:00.974+0700] {dagbag.py:540} INFO - Filling up the DagBag from /Library/Frameworks/Python.framework/Versions/3.10/lib/python3.10/site-packages/airflow/example_dags/example_task_group.py
[2024-05-09T15:16:00.981+0700] {processor.py:840} INFO - DAG(s) 'example_task_group' retrieved from /Library/Frameworks/Python.framework/Versions/3.10/lib/python3.10/site-packages/airflow/example_dags/example_task_group.py
[2024-05-09T15:16:01.082+0700] {logging_mixin.py:188} INFO - [2024-05-09T15:16:01.081+0700] {dag.py:3096} INFO - Sync 1 DAGs
[2024-05-09T15:16:01.091+0700] {logging_mixin.py:188} INFO - [2024-05-09T15:16:01.091+0700] {dag.py:3954} INFO - Setting next_dagrun for example_task_group to 2024-05-08 00:00:00+00:00, run_after=2024-05-09 00:00:00+00:00
[2024-05-09T15:16:01.103+0700] {processor.py:183} INFO - Processing /Library/Frameworks/Python.framework/Versions/3.10/lib/python3.10/site-packages/airflow/example_dags/example_task_group.py took 0.133 seconds
[2024-05-09T15:17:34.691+0700] {processor.py:161} INFO - Started process (PID=90266) to work on /Library/Frameworks/Python.framework/Versions/3.10/lib/python3.10/site-packages/airflow/example_dags/example_task_group.py
[2024-05-09T15:17:34.692+0700] {processor.py:830} INFO - Processing file /Library/Frameworks/Python.framework/Versions/3.10/lib/python3.10/site-packages/airflow/example_dags/example_task_group.py for tasks to queue
[2024-05-09T15:17:34.693+0700] {logging_mixin.py:188} INFO - [2024-05-09T15:17:34.692+0700] {dagbag.py:540} INFO - Filling up the DagBag from /Library/Frameworks/Python.framework/Versions/3.10/lib/python3.10/site-packages/airflow/example_dags/example_task_group.py
[2024-05-09T15:17:34.698+0700] {processor.py:840} INFO - DAG(s) 'example_task_group' retrieved from /Library/Frameworks/Python.framework/Versions/3.10/lib/python3.10/site-packages/airflow/example_dags/example_task_group.py
[2024-05-09T15:17:34.805+0700] {logging_mixin.py:188} INFO - [2024-05-09T15:17:34.805+0700] {dag.py:3096} INFO - Sync 1 DAGs
[2024-05-09T15:17:34.814+0700] {logging_mixin.py:188} INFO - [2024-05-09T15:17:34.814+0700] {dag.py:3954} INFO - Setting next_dagrun for example_task_group to 2024-05-08 00:00:00+00:00, run_after=2024-05-09 00:00:00+00:00
[2024-05-09T15:17:34.826+0700] {processor.py:183} INFO - Processing /Library/Frameworks/Python.framework/Versions/3.10/lib/python3.10/site-packages/airflow/example_dags/example_task_group.py took 0.137 seconds
[2024-05-09T15:19:02.930+0700] {processor.py:161} INFO - Started process (PID=90811) to work on /Library/Frameworks/Python.framework/Versions/3.10/lib/python3.10/site-packages/airflow/example_dags/example_task_group.py
[2024-05-09T15:19:02.930+0700] {processor.py:830} INFO - Processing file /Library/Frameworks/Python.framework/Versions/3.10/lib/python3.10/site-packages/airflow/example_dags/example_task_group.py for tasks to queue
[2024-05-09T15:19:02.931+0700] {logging_mixin.py:188} INFO - [2024-05-09T15:19:02.931+0700] {dagbag.py:540} INFO - Filling up the DagBag from /Library/Frameworks/Python.framework/Versions/3.10/lib/python3.10/site-packages/airflow/example_dags/example_task_group.py
[2024-05-09T15:19:02.936+0700] {processor.py:840} INFO - DAG(s) 'example_task_group' retrieved from /Library/Frameworks/Python.framework/Versions/3.10/lib/python3.10/site-packages/airflow/example_dags/example_task_group.py
[2024-05-09T15:19:03.035+0700] {logging_mixin.py:188} INFO - [2024-05-09T15:19:03.035+0700] {dag.py:3096} INFO - Sync 1 DAGs
[2024-05-09T15:19:03.045+0700] {logging_mixin.py:188} INFO - [2024-05-09T15:19:03.044+0700] {dag.py:3954} INFO - Setting next_dagrun for example_task_group to 2024-05-08 00:00:00+00:00, run_after=2024-05-09 00:00:00+00:00
[2024-05-09T15:19:03.057+0700] {processor.py:183} INFO - Processing /Library/Frameworks/Python.framework/Versions/3.10/lib/python3.10/site-packages/airflow/example_dags/example_task_group.py took 0.129 seconds
[2024-05-09T15:20:49.380+0700] {processor.py:161} INFO - Started process (PID=91665) to work on /Library/Frameworks/Python.framework/Versions/3.10/lib/python3.10/site-packages/airflow/example_dags/example_task_group.py
[2024-05-09T15:20:49.381+0700] {processor.py:830} INFO - Processing file /Library/Frameworks/Python.framework/Versions/3.10/lib/python3.10/site-packages/airflow/example_dags/example_task_group.py for tasks to queue
[2024-05-09T15:20:49.382+0700] {logging_mixin.py:188} INFO - [2024-05-09T15:20:49.382+0700] {dagbag.py:540} INFO - Filling up the DagBag from /Library/Frameworks/Python.framework/Versions/3.10/lib/python3.10/site-packages/airflow/example_dags/example_task_group.py
[2024-05-09T15:20:49.389+0700] {processor.py:840} INFO - DAG(s) 'example_task_group' retrieved from /Library/Frameworks/Python.framework/Versions/3.10/lib/python3.10/site-packages/airflow/example_dags/example_task_group.py
[2024-05-09T15:20:49.408+0700] {logging_mixin.py:188} INFO - [2024-05-09T15:20:49.407+0700] {dag.py:3096} INFO - Sync 1 DAGs
[2024-05-09T15:20:49.547+0700] {logging_mixin.py:188} INFO - [2024-05-09T15:20:49.547+0700] {dag.py:3954} INFO - Setting next_dagrun for example_task_group to 2024-05-08 00:00:00+00:00, run_after=2024-05-09 00:00:00+00:00
[2024-05-09T15:20:49.563+0700] {processor.py:183} INFO - Processing /Library/Frameworks/Python.framework/Versions/3.10/lib/python3.10/site-packages/airflow/example_dags/example_task_group.py took 0.186 seconds
[2024-05-09T15:22:26.236+0700] {processor.py:161} INFO - Started process (PID=92790) to work on /Library/Frameworks/Python.framework/Versions/3.10/lib/python3.10/site-packages/airflow/example_dags/example_task_group.py
[2024-05-09T15:22:26.236+0700] {processor.py:830} INFO - Processing file /Library/Frameworks/Python.framework/Versions/3.10/lib/python3.10/site-packages/airflow/example_dags/example_task_group.py for tasks to queue
[2024-05-09T15:22:26.237+0700] {logging_mixin.py:188} INFO - [2024-05-09T15:22:26.237+0700] {dagbag.py:540} INFO - Filling up the DagBag from /Library/Frameworks/Python.framework/Versions/3.10/lib/python3.10/site-packages/airflow/example_dags/example_task_group.py
[2024-05-09T15:22:26.248+0700] {processor.py:840} INFO - DAG(s) 'example_task_group' retrieved from /Library/Frameworks/Python.framework/Versions/3.10/lib/python3.10/site-packages/airflow/example_dags/example_task_group.py
[2024-05-09T15:22:26.410+0700] {logging_mixin.py:188} INFO - [2024-05-09T15:22:26.410+0700] {dag.py:3096} INFO - Sync 1 DAGs
[2024-05-09T15:22:26.419+0700] {logging_mixin.py:188} INFO - [2024-05-09T15:22:26.419+0700] {dag.py:3954} INFO - Setting next_dagrun for example_task_group to 2024-05-08 00:00:00+00:00, run_after=2024-05-09 00:00:00+00:00
[2024-05-09T15:22:26.432+0700] {processor.py:183} INFO - Processing /Library/Frameworks/Python.framework/Versions/3.10/lib/python3.10/site-packages/airflow/example_dags/example_task_group.py took 0.199 seconds
[2024-05-09T15:24:20.781+0700] {processor.py:161} INFO - Started process (PID=94721) to work on /Library/Frameworks/Python.framework/Versions/3.10/lib/python3.10/site-packages/airflow/example_dags/example_task_group.py
[2024-05-09T15:24:20.782+0700] {processor.py:830} INFO - Processing file /Library/Frameworks/Python.framework/Versions/3.10/lib/python3.10/site-packages/airflow/example_dags/example_task_group.py for tasks to queue
[2024-05-09T15:24:20.782+0700] {logging_mixin.py:188} INFO - [2024-05-09T15:24:20.782+0700] {dagbag.py:540} INFO - Filling up the DagBag from /Library/Frameworks/Python.framework/Versions/3.10/lib/python3.10/site-packages/airflow/example_dags/example_task_group.py
[2024-05-09T15:24:20.788+0700] {processor.py:840} INFO - DAG(s) 'example_task_group' retrieved from /Library/Frameworks/Python.framework/Versions/3.10/lib/python3.10/site-packages/airflow/example_dags/example_task_group.py
[2024-05-09T15:24:20.888+0700] {logging_mixin.py:188} INFO - [2024-05-09T15:24:20.888+0700] {dag.py:3096} INFO - Sync 1 DAGs
[2024-05-09T15:24:20.897+0700] {logging_mixin.py:188} INFO - [2024-05-09T15:24:20.897+0700] {dag.py:3954} INFO - Setting next_dagrun for example_task_group to 2024-05-08 00:00:00+00:00, run_after=2024-05-09 00:00:00+00:00
[2024-05-09T15:24:20.909+0700] {processor.py:183} INFO - Processing /Library/Frameworks/Python.framework/Versions/3.10/lib/python3.10/site-packages/airflow/example_dags/example_task_group.py took 0.130 seconds
[2024-05-09T15:25:59.024+0700] {processor.py:161} INFO - Started process (PID=95348) to work on /Library/Frameworks/Python.framework/Versions/3.10/lib/python3.10/site-packages/airflow/example_dags/example_task_group.py
[2024-05-09T15:25:59.025+0700] {processor.py:830} INFO - Processing file /Library/Frameworks/Python.framework/Versions/3.10/lib/python3.10/site-packages/airflow/example_dags/example_task_group.py for tasks to queue
[2024-05-09T15:25:59.026+0700] {logging_mixin.py:188} INFO - [2024-05-09T15:25:59.026+0700] {dagbag.py:540} INFO - Filling up the DagBag from /Library/Frameworks/Python.framework/Versions/3.10/lib/python3.10/site-packages/airflow/example_dags/example_task_group.py
[2024-05-09T15:25:59.054+0700] {processor.py:840} INFO - DAG(s) 'example_task_group' retrieved from /Library/Frameworks/Python.framework/Versions/3.10/lib/python3.10/site-packages/airflow/example_dags/example_task_group.py
[2024-05-09T15:25:59.223+0700] {logging_mixin.py:188} INFO - [2024-05-09T15:25:59.223+0700] {dag.py:3096} INFO - Sync 1 DAGs
[2024-05-09T15:25:59.245+0700] {logging_mixin.py:188} INFO - [2024-05-09T15:25:59.244+0700] {dag.py:3954} INFO - Setting next_dagrun for example_task_group to 2024-05-08 00:00:00+00:00, run_after=2024-05-09 00:00:00+00:00
[2024-05-09T15:25:59.266+0700] {processor.py:183} INFO - Processing /Library/Frameworks/Python.framework/Versions/3.10/lib/python3.10/site-packages/airflow/example_dags/example_task_group.py took 0.245 seconds
[2024-05-09T15:27:32.553+0700] {processor.py:161} INFO - Started process (PID=95926) to work on /Library/Frameworks/Python.framework/Versions/3.10/lib/python3.10/site-packages/airflow/example_dags/example_task_group.py
[2024-05-09T15:27:32.554+0700] {processor.py:830} INFO - Processing file /Library/Frameworks/Python.framework/Versions/3.10/lib/python3.10/site-packages/airflow/example_dags/example_task_group.py for tasks to queue
[2024-05-09T15:27:32.554+0700] {logging_mixin.py:188} INFO - [2024-05-09T15:27:32.554+0700] {dagbag.py:540} INFO - Filling up the DagBag from /Library/Frameworks/Python.framework/Versions/3.10/lib/python3.10/site-packages/airflow/example_dags/example_task_group.py
[2024-05-09T15:27:32.564+0700] {processor.py:840} INFO - DAG(s) 'example_task_group' retrieved from /Library/Frameworks/Python.framework/Versions/3.10/lib/python3.10/site-packages/airflow/example_dags/example_task_group.py
[2024-05-09T15:27:32.667+0700] {logging_mixin.py:188} INFO - [2024-05-09T15:27:32.667+0700] {dag.py:3096} INFO - Sync 1 DAGs
[2024-05-09T15:27:32.676+0700] {logging_mixin.py:188} INFO - [2024-05-09T15:27:32.676+0700] {dag.py:3954} INFO - Setting next_dagrun for example_task_group to 2024-05-08 00:00:00+00:00, run_after=2024-05-09 00:00:00+00:00
[2024-05-09T15:27:32.688+0700] {processor.py:183} INFO - Processing /Library/Frameworks/Python.framework/Versions/3.10/lib/python3.10/site-packages/airflow/example_dags/example_task_group.py took 0.137 seconds
[2024-05-09T15:29:00.269+0700] {processor.py:161} INFO - Started process (PID=96428) to work on /Library/Frameworks/Python.framework/Versions/3.10/lib/python3.10/site-packages/airflow/example_dags/example_task_group.py
[2024-05-09T15:29:00.270+0700] {processor.py:830} INFO - Processing file /Library/Frameworks/Python.framework/Versions/3.10/lib/python3.10/site-packages/airflow/example_dags/example_task_group.py for tasks to queue
[2024-05-09T15:29:00.270+0700] {logging_mixin.py:188} INFO - [2024-05-09T15:29:00.270+0700] {dagbag.py:540} INFO - Filling up the DagBag from /Library/Frameworks/Python.framework/Versions/3.10/lib/python3.10/site-packages/airflow/example_dags/example_task_group.py
[2024-05-09T15:29:00.276+0700] {processor.py:840} INFO - DAG(s) 'example_task_group' retrieved from /Library/Frameworks/Python.framework/Versions/3.10/lib/python3.10/site-packages/airflow/example_dags/example_task_group.py
[2024-05-09T15:29:00.378+0700] {logging_mixin.py:188} INFO - [2024-05-09T15:29:00.378+0700] {dag.py:3096} INFO - Sync 1 DAGs
[2024-05-09T15:29:00.387+0700] {logging_mixin.py:188} INFO - [2024-05-09T15:29:00.387+0700] {dag.py:3954} INFO - Setting next_dagrun for example_task_group to 2024-05-08 00:00:00+00:00, run_after=2024-05-09 00:00:00+00:00
[2024-05-09T15:29:00.400+0700] {processor.py:183} INFO - Processing /Library/Frameworks/Python.framework/Versions/3.10/lib/python3.10/site-packages/airflow/example_dags/example_task_group.py took 0.137 seconds
[2024-05-09T15:31:06.943+0700] {processor.py:161} INFO - Started process (PID=97257) to work on /Library/Frameworks/Python.framework/Versions/3.10/lib/python3.10/site-packages/airflow/example_dags/example_task_group.py
[2024-05-09T15:31:06.987+0700] {processor.py:830} INFO - Processing file /Library/Frameworks/Python.framework/Versions/3.10/lib/python3.10/site-packages/airflow/example_dags/example_task_group.py for tasks to queue
[2024-05-09T15:31:06.987+0700] {logging_mixin.py:188} INFO - [2024-05-09T15:31:06.987+0700] {dagbag.py:540} INFO - Filling up the DagBag from /Library/Frameworks/Python.framework/Versions/3.10/lib/python3.10/site-packages/airflow/example_dags/example_task_group.py
[2024-05-09T15:31:06.997+0700] {processor.py:840} INFO - DAG(s) 'example_task_group' retrieved from /Library/Frameworks/Python.framework/Versions/3.10/lib/python3.10/site-packages/airflow/example_dags/example_task_group.py
[2024-05-09T15:31:07.212+0700] {logging_mixin.py:188} INFO - [2024-05-09T15:31:07.212+0700] {dag.py:3096} INFO - Sync 1 DAGs
[2024-05-09T15:31:07.227+0700] {logging_mixin.py:188} INFO - [2024-05-09T15:31:07.226+0700] {dag.py:3954} INFO - Setting next_dagrun for example_task_group to 2024-05-08 00:00:00+00:00, run_after=2024-05-09 00:00:00+00:00
[2024-05-09T15:31:07.245+0700] {processor.py:183} INFO - Processing /Library/Frameworks/Python.framework/Versions/3.10/lib/python3.10/site-packages/airflow/example_dags/example_task_group.py took 0.310 seconds
[2024-05-09T15:33:47.068+0700] {processor.py:161} INFO - Started process (PID=98146) to work on /Library/Frameworks/Python.framework/Versions/3.10/lib/python3.10/site-packages/airflow/example_dags/example_task_group.py
[2024-05-09T15:33:47.069+0700] {processor.py:830} INFO - Processing file /Library/Frameworks/Python.framework/Versions/3.10/lib/python3.10/site-packages/airflow/example_dags/example_task_group.py for tasks to queue
[2024-05-09T15:33:47.069+0700] {logging_mixin.py:188} INFO - [2024-05-09T15:33:47.069+0700] {dagbag.py:540} INFO - Filling up the DagBag from /Library/Frameworks/Python.framework/Versions/3.10/lib/python3.10/site-packages/airflow/example_dags/example_task_group.py
[2024-05-09T15:33:47.075+0700] {processor.py:840} INFO - DAG(s) 'example_task_group' retrieved from /Library/Frameworks/Python.framework/Versions/3.10/lib/python3.10/site-packages/airflow/example_dags/example_task_group.py
[2024-05-09T15:33:47.171+0700] {logging_mixin.py:188} INFO - [2024-05-09T15:33:47.171+0700] {dag.py:3096} INFO - Sync 1 DAGs
[2024-05-09T15:33:47.180+0700] {logging_mixin.py:188} INFO - [2024-05-09T15:33:47.180+0700] {dag.py:3954} INFO - Setting next_dagrun for example_task_group to 2024-05-08 00:00:00+00:00, run_after=2024-05-09 00:00:00+00:00
[2024-05-09T15:33:47.192+0700] {processor.py:183} INFO - Processing /Library/Frameworks/Python.framework/Versions/3.10/lib/python3.10/site-packages/airflow/example_dags/example_task_group.py took 0.126 seconds
