[2024-05-09T14:32:08.563+0700] {processor.py:161} INFO - Started process (PID=69898) to work on /Library/Frameworks/Python.framework/Versions/3.10/lib/python3.10/site-packages/airflow/example_dags/example_complex.py
[2024-05-09T14:32:08.563+0700] {processor.py:830} INFO - Processing file /Library/Frameworks/Python.framework/Versions/3.10/lib/python3.10/site-packages/airflow/example_dags/example_complex.py for tasks to queue
[2024-05-09T14:32:08.564+0700] {logging_mixin.py:188} INFO - [2024-05-09T14:32:08.564+0700] {dagbag.py:540} INFO - Filling up the DagBag from /Library/Frameworks/Python.framework/Versions/3.10/lib/python3.10/site-packages/airflow/example_dags/example_complex.py
[2024-05-09T14:32:08.574+0700] {processor.py:840} INFO - DAG(s) 'example_complex' retrieved from /Library/Frameworks/Python.framework/Versions/3.10/lib/python3.10/site-packages/airflow/example_dags/example_complex.py
[2024-05-09T14:32:08.740+0700] {logging_mixin.py:188} INFO - [2024-05-09T14:32:08.739+0700] {dag.py:3096} INFO - Sync 1 DAGs
[2024-05-09T14:32:08.745+0700] {logging_mixin.py:188} INFO - [2024-05-09T14:32:08.745+0700] {dag.py:3954} INFO - Setting next_dagrun for example_complex to None, run_after=None
[2024-05-09T14:32:08.756+0700] {processor.py:183} INFO - Processing /Library/Frameworks/Python.framework/Versions/3.10/lib/python3.10/site-packages/airflow/example_dags/example_complex.py took 0.196 seconds
[2024-05-09T14:35:41.835+0700] {processor.py:161} INFO - Started process (PID=71170) to work on /Library/Frameworks/Python.framework/Versions/3.10/lib/python3.10/site-packages/airflow/example_dags/example_complex.py
[2024-05-09T14:35:41.836+0700] {processor.py:830} INFO - Processing file /Library/Frameworks/Python.framework/Versions/3.10/lib/python3.10/site-packages/airflow/example_dags/example_complex.py for tasks to queue
[2024-05-09T14:35:41.836+0700] {logging_mixin.py:188} INFO - [2024-05-09T14:35:41.836+0700] {dagbag.py:540} INFO - Filling up the DagBag from /Library/Frameworks/Python.framework/Versions/3.10/lib/python3.10/site-packages/airflow/example_dags/example_complex.py
[2024-05-09T14:35:41.845+0700] {processor.py:840} INFO - DAG(s) 'example_complex' retrieved from /Library/Frameworks/Python.framework/Versions/3.10/lib/python3.10/site-packages/airflow/example_dags/example_complex.py
[2024-05-09T14:35:42.001+0700] {logging_mixin.py:188} INFO - [2024-05-09T14:35:42.001+0700] {dag.py:3096} INFO - Sync 1 DAGs
[2024-05-09T14:35:42.007+0700] {logging_mixin.py:188} INFO - [2024-05-09T14:35:42.007+0700] {dag.py:3954} INFO - Setting next_dagrun for example_complex to None, run_after=None
[2024-05-09T14:35:42.023+0700] {processor.py:183} INFO - Processing /Library/Frameworks/Python.framework/Versions/3.10/lib/python3.10/site-packages/airflow/example_dags/example_complex.py took 0.191 seconds
[2024-05-09T14:38:42.694+0700] {processor.py:161} INFO - Started process (PID=72481) to work on /Library/Frameworks/Python.framework/Versions/3.10/lib/python3.10/site-packages/airflow/example_dags/example_complex.py
[2024-05-09T14:38:42.695+0700] {processor.py:830} INFO - Processing file /Library/Frameworks/Python.framework/Versions/3.10/lib/python3.10/site-packages/airflow/example_dags/example_complex.py for tasks to queue
[2024-05-09T14:38:42.695+0700] {logging_mixin.py:188} INFO - [2024-05-09T14:38:42.695+0700] {dagbag.py:540} INFO - Filling up the DagBag from /Library/Frameworks/Python.framework/Versions/3.10/lib/python3.10/site-packages/airflow/example_dags/example_complex.py
[2024-05-09T14:38:42.705+0700] {processor.py:840} INFO - DAG(s) 'example_complex' retrieved from /Library/Frameworks/Python.framework/Versions/3.10/lib/python3.10/site-packages/airflow/example_dags/example_complex.py
[2024-05-09T14:38:42.839+0700] {logging_mixin.py:188} INFO - [2024-05-09T14:38:42.839+0700] {dag.py:3096} INFO - Sync 1 DAGs
[2024-05-09T14:38:42.847+0700] {logging_mixin.py:188} INFO - [2024-05-09T14:38:42.846+0700] {dag.py:3954} INFO - Setting next_dagrun for example_complex to None, run_after=None
[2024-05-09T14:38:42.862+0700] {processor.py:183} INFO - Processing /Library/Frameworks/Python.framework/Versions/3.10/lib/python3.10/site-packages/airflow/example_dags/example_complex.py took 0.170 seconds
[2024-05-09T14:43:00.324+0700] {processor.py:161} INFO - Started process (PID=76909) to work on /Library/Frameworks/Python.framework/Versions/3.10/lib/python3.10/site-packages/airflow/example_dags/example_complex.py
[2024-05-09T14:43:00.325+0700] {processor.py:830} INFO - Processing file /Library/Frameworks/Python.framework/Versions/3.10/lib/python3.10/site-packages/airflow/example_dags/example_complex.py for tasks to queue
[2024-05-09T14:43:00.325+0700] {logging_mixin.py:188} INFO - [2024-05-09T14:43:00.325+0700] {dagbag.py:540} INFO - Filling up the DagBag from /Library/Frameworks/Python.framework/Versions/3.10/lib/python3.10/site-packages/airflow/example_dags/example_complex.py
[2024-05-09T14:43:00.333+0700] {processor.py:840} INFO - DAG(s) 'example_complex' retrieved from /Library/Frameworks/Python.framework/Versions/3.10/lib/python3.10/site-packages/airflow/example_dags/example_complex.py
[2024-05-09T14:43:00.346+0700] {logging_mixin.py:188} INFO - [2024-05-09T14:43:00.346+0700] {dag.py:3096} INFO - Sync 1 DAGs
[2024-05-09T14:43:00.428+0700] {logging_mixin.py:188} INFO - [2024-05-09T14:43:00.428+0700] {dag.py:3954} INFO - Setting next_dagrun for example_complex to None, run_after=None
[2024-05-09T14:43:00.438+0700] {processor.py:183} INFO - Processing /Library/Frameworks/Python.framework/Versions/3.10/lib/python3.10/site-packages/airflow/example_dags/example_complex.py took 0.116 seconds
[2024-05-09T14:46:42.496+0700] {processor.py:161} INFO - Started process (PID=78393) to work on /Library/Frameworks/Python.framework/Versions/3.10/lib/python3.10/site-packages/airflow/example_dags/example_complex.py
[2024-05-09T14:46:42.497+0700] {processor.py:830} INFO - Processing file /Library/Frameworks/Python.framework/Versions/3.10/lib/python3.10/site-packages/airflow/example_dags/example_complex.py for tasks to queue
[2024-05-09T14:46:42.497+0700] {logging_mixin.py:188} INFO - [2024-05-09T14:46:42.497+0700] {dagbag.py:540} INFO - Filling up the DagBag from /Library/Frameworks/Python.framework/Versions/3.10/lib/python3.10/site-packages/airflow/example_dags/example_complex.py
[2024-05-09T14:46:42.505+0700] {processor.py:840} INFO - DAG(s) 'example_complex' retrieved from /Library/Frameworks/Python.framework/Versions/3.10/lib/python3.10/site-packages/airflow/example_dags/example_complex.py
[2024-05-09T14:46:42.674+0700] {logging_mixin.py:188} INFO - [2024-05-09T14:46:42.674+0700] {dag.py:3096} INFO - Sync 1 DAGs
[2024-05-09T14:46:42.683+0700] {logging_mixin.py:188} INFO - [2024-05-09T14:46:42.683+0700] {dag.py:3954} INFO - Setting next_dagrun for example_complex to None, run_after=None
[2024-05-09T14:46:42.703+0700] {processor.py:183} INFO - Processing /Library/Frameworks/Python.framework/Versions/3.10/lib/python3.10/site-packages/airflow/example_dags/example_complex.py took 0.209 seconds
[2024-05-09T14:50:11.653+0700] {processor.py:161} INFO - Started process (PID=79524) to work on /Library/Frameworks/Python.framework/Versions/3.10/lib/python3.10/site-packages/airflow/example_dags/example_complex.py
[2024-05-09T14:50:11.654+0700] {processor.py:830} INFO - Processing file /Library/Frameworks/Python.framework/Versions/3.10/lib/python3.10/site-packages/airflow/example_dags/example_complex.py for tasks to queue
[2024-05-09T14:50:11.654+0700] {logging_mixin.py:188} INFO - [2024-05-09T14:50:11.654+0700] {dagbag.py:540} INFO - Filling up the DagBag from /Library/Frameworks/Python.framework/Versions/3.10/lib/python3.10/site-packages/airflow/example_dags/example_complex.py
[2024-05-09T14:50:11.670+0700] {processor.py:840} INFO - DAG(s) 'example_complex' retrieved from /Library/Frameworks/Python.framework/Versions/3.10/lib/python3.10/site-packages/airflow/example_dags/example_complex.py
[2024-05-09T14:50:11.898+0700] {logging_mixin.py:188} INFO - [2024-05-09T14:50:11.898+0700] {dag.py:3096} INFO - Sync 1 DAGs
[2024-05-09T14:50:11.904+0700] {logging_mixin.py:188} INFO - [2024-05-09T14:50:11.903+0700] {dag.py:3954} INFO - Setting next_dagrun for example_complex to None, run_after=None
[2024-05-09T14:50:11.915+0700] {processor.py:183} INFO - Processing /Library/Frameworks/Python.framework/Versions/3.10/lib/python3.10/site-packages/airflow/example_dags/example_complex.py took 0.264 seconds
[2024-05-09T14:54:00.995+0700] {processor.py:161} INFO - Started process (PID=80999) to work on /Library/Frameworks/Python.framework/Versions/3.10/lib/python3.10/site-packages/airflow/example_dags/example_complex.py
[2024-05-09T14:54:00.996+0700] {processor.py:830} INFO - Processing file /Library/Frameworks/Python.framework/Versions/3.10/lib/python3.10/site-packages/airflow/example_dags/example_complex.py for tasks to queue
[2024-05-09T14:54:00.996+0700] {logging_mixin.py:188} INFO - [2024-05-09T14:54:00.996+0700] {dagbag.py:540} INFO - Filling up the DagBag from /Library/Frameworks/Python.framework/Versions/3.10/lib/python3.10/site-packages/airflow/example_dags/example_complex.py
[2024-05-09T14:54:01.004+0700] {processor.py:840} INFO - DAG(s) 'example_complex' retrieved from /Library/Frameworks/Python.framework/Versions/3.10/lib/python3.10/site-packages/airflow/example_dags/example_complex.py
[2024-05-09T14:54:01.179+0700] {logging_mixin.py:188} INFO - [2024-05-09T14:54:01.178+0700] {dag.py:3096} INFO - Sync 1 DAGs
[2024-05-09T14:54:01.184+0700] {logging_mixin.py:188} INFO - [2024-05-09T14:54:01.184+0700] {dag.py:3954} INFO - Setting next_dagrun for example_complex to None, run_after=None
[2024-05-09T14:54:01.196+0700] {processor.py:183} INFO - Processing /Library/Frameworks/Python.framework/Versions/3.10/lib/python3.10/site-packages/airflow/example_dags/example_complex.py took 0.202 seconds
[2024-05-09T14:57:00.992+0700] {processor.py:161} INFO - Started process (PID=82193) to work on /Library/Frameworks/Python.framework/Versions/3.10/lib/python3.10/site-packages/airflow/example_dags/example_complex.py
[2024-05-09T14:57:00.994+0700] {processor.py:830} INFO - Processing file /Library/Frameworks/Python.framework/Versions/3.10/lib/python3.10/site-packages/airflow/example_dags/example_complex.py for tasks to queue
[2024-05-09T14:57:00.995+0700] {logging_mixin.py:188} INFO - [2024-05-09T14:57:00.995+0700] {dagbag.py:540} INFO - Filling up the DagBag from /Library/Frameworks/Python.framework/Versions/3.10/lib/python3.10/site-packages/airflow/example_dags/example_complex.py
[2024-05-09T14:57:01.010+0700] {processor.py:840} INFO - DAG(s) 'example_complex' retrieved from /Library/Frameworks/Python.framework/Versions/3.10/lib/python3.10/site-packages/airflow/example_dags/example_complex.py
[2024-05-09T14:57:01.191+0700] {logging_mixin.py:188} INFO - [2024-05-09T14:57:01.191+0700] {dag.py:3096} INFO - Sync 1 DAGs
[2024-05-09T14:57:01.197+0700] {logging_mixin.py:188} INFO - [2024-05-09T14:57:01.197+0700] {dag.py:3954} INFO - Setting next_dagrun for example_complex to None, run_after=None
[2024-05-09T14:57:01.211+0700] {processor.py:183} INFO - Processing /Library/Frameworks/Python.framework/Versions/3.10/lib/python3.10/site-packages/airflow/example_dags/example_complex.py took 0.223 seconds
[2024-05-09T15:00:01.442+0700] {processor.py:161} INFO - Started process (PID=83253) to work on /Library/Frameworks/Python.framework/Versions/3.10/lib/python3.10/site-packages/airflow/example_dags/example_complex.py
[2024-05-09T15:00:01.443+0700] {processor.py:830} INFO - Processing file /Library/Frameworks/Python.framework/Versions/3.10/lib/python3.10/site-packages/airflow/example_dags/example_complex.py for tasks to queue
[2024-05-09T15:00:01.443+0700] {logging_mixin.py:188} INFO - [2024-05-09T15:00:01.443+0700] {dagbag.py:540} INFO - Filling up the DagBag from /Library/Frameworks/Python.framework/Versions/3.10/lib/python3.10/site-packages/airflow/example_dags/example_complex.py
[2024-05-09T15:00:01.451+0700] {processor.py:840} INFO - DAG(s) 'example_complex' retrieved from /Library/Frameworks/Python.framework/Versions/3.10/lib/python3.10/site-packages/airflow/example_dags/example_complex.py
[2024-05-09T15:00:01.556+0700] {logging_mixin.py:188} INFO - [2024-05-09T15:00:01.556+0700] {dag.py:3096} INFO - Sync 1 DAGs
[2024-05-09T15:00:01.562+0700] {logging_mixin.py:188} INFO - [2024-05-09T15:00:01.562+0700] {dag.py:3954} INFO - Setting next_dagrun for example_complex to None, run_after=None
[2024-05-09T15:00:01.574+0700] {processor.py:183} INFO - Processing /Library/Frameworks/Python.framework/Versions/3.10/lib/python3.10/site-packages/airflow/example_dags/example_complex.py took 0.133 seconds
[2024-05-09T15:03:06.080+0700] {processor.py:161} INFO - Started process (PID=84322) to work on /Library/Frameworks/Python.framework/Versions/3.10/lib/python3.10/site-packages/airflow/example_dags/example_complex.py
[2024-05-09T15:03:06.083+0700] {processor.py:830} INFO - Processing file /Library/Frameworks/Python.framework/Versions/3.10/lib/python3.10/site-packages/airflow/example_dags/example_complex.py for tasks to queue
[2024-05-09T15:03:06.084+0700] {logging_mixin.py:188} INFO - [2024-05-09T15:03:06.084+0700] {dagbag.py:540} INFO - Filling up the DagBag from /Library/Frameworks/Python.framework/Versions/3.10/lib/python3.10/site-packages/airflow/example_dags/example_complex.py
[2024-05-09T15:03:06.092+0700] {processor.py:840} INFO - DAG(s) 'example_complex' retrieved from /Library/Frameworks/Python.framework/Versions/3.10/lib/python3.10/site-packages/airflow/example_dags/example_complex.py
[2024-05-09T15:03:06.195+0700] {logging_mixin.py:188} INFO - [2024-05-09T15:03:06.195+0700] {dag.py:3096} INFO - Sync 1 DAGs
[2024-05-09T15:03:06.201+0700] {logging_mixin.py:188} INFO - [2024-05-09T15:03:06.200+0700] {dag.py:3954} INFO - Setting next_dagrun for example_complex to None, run_after=None
[2024-05-09T15:03:06.212+0700] {processor.py:183} INFO - Processing /Library/Frameworks/Python.framework/Versions/3.10/lib/python3.10/site-packages/airflow/example_dags/example_complex.py took 0.138 seconds
[2024-05-09T15:08:22.553+0700] {processor.py:161} INFO - Started process (PID=85973) to work on /Library/Frameworks/Python.framework/Versions/3.10/lib/python3.10/site-packages/airflow/example_dags/example_complex.py
[2024-05-09T15:08:22.559+0700] {processor.py:830} INFO - Processing file /Library/Frameworks/Python.framework/Versions/3.10/lib/python3.10/site-packages/airflow/example_dags/example_complex.py for tasks to queue
[2024-05-09T15:08:22.562+0700] {logging_mixin.py:188} INFO - [2024-05-09T15:08:22.561+0700] {dagbag.py:540} INFO - Filling up the DagBag from /Library/Frameworks/Python.framework/Versions/3.10/lib/python3.10/site-packages/airflow/example_dags/example_complex.py
[2024-05-09T15:08:22.589+0700] {processor.py:840} INFO - DAG(s) 'example_complex' retrieved from /Library/Frameworks/Python.framework/Versions/3.10/lib/python3.10/site-packages/airflow/example_dags/example_complex.py
[2024-05-09T15:08:22.869+0700] {logging_mixin.py:188} INFO - [2024-05-09T15:08:22.868+0700] {dag.py:3096} INFO - Sync 1 DAGs
[2024-05-09T15:08:22.877+0700] {logging_mixin.py:188} INFO - [2024-05-09T15:08:22.877+0700] {dag.py:3954} INFO - Setting next_dagrun for example_complex to None, run_after=None
[2024-05-09T15:08:22.892+0700] {processor.py:183} INFO - Processing /Library/Frameworks/Python.framework/Versions/3.10/lib/python3.10/site-packages/airflow/example_dags/example_complex.py took 0.364 seconds
[2024-05-09T15:11:33.872+0700] {processor.py:161} INFO - Started process (PID=87398) to work on /Library/Frameworks/Python.framework/Versions/3.10/lib/python3.10/site-packages/airflow/example_dags/example_complex.py
[2024-05-09T15:11:33.873+0700] {processor.py:830} INFO - Processing file /Library/Frameworks/Python.framework/Versions/3.10/lib/python3.10/site-packages/airflow/example_dags/example_complex.py for tasks to queue
[2024-05-09T15:11:33.880+0700] {logging_mixin.py:188} INFO - [2024-05-09T15:11:33.879+0700] {dagbag.py:540} INFO - Filling up the DagBag from /Library/Frameworks/Python.framework/Versions/3.10/lib/python3.10/site-packages/airflow/example_dags/example_complex.py
[2024-05-09T15:11:33.889+0700] {processor.py:840} INFO - DAG(s) 'example_complex' retrieved from /Library/Frameworks/Python.framework/Versions/3.10/lib/python3.10/site-packages/airflow/example_dags/example_complex.py
[2024-05-09T15:11:34.051+0700] {logging_mixin.py:188} INFO - [2024-05-09T15:11:34.050+0700] {dag.py:3096} INFO - Sync 1 DAGs
[2024-05-09T15:11:34.056+0700] {logging_mixin.py:188} INFO - [2024-05-09T15:11:34.056+0700] {dag.py:3954} INFO - Setting next_dagrun for example_complex to None, run_after=None
[2024-05-09T15:11:34.072+0700] {processor.py:183} INFO - Processing /Library/Frameworks/Python.framework/Versions/3.10/lib/python3.10/site-packages/airflow/example_dags/example_complex.py took 0.208 seconds
[2024-05-09T15:15:11.440+0700] {processor.py:161} INFO - Started process (PID=88871) to work on /Library/Frameworks/Python.framework/Versions/3.10/lib/python3.10/site-packages/airflow/example_dags/example_complex.py
[2024-05-09T15:15:11.441+0700] {processor.py:830} INFO - Processing file /Library/Frameworks/Python.framework/Versions/3.10/lib/python3.10/site-packages/airflow/example_dags/example_complex.py for tasks to queue
[2024-05-09T15:15:11.444+0700] {logging_mixin.py:188} INFO - [2024-05-09T15:15:11.443+0700] {dagbag.py:540} INFO - Filling up the DagBag from /Library/Frameworks/Python.framework/Versions/3.10/lib/python3.10/site-packages/airflow/example_dags/example_complex.py
[2024-05-09T15:15:11.455+0700] {processor.py:840} INFO - DAG(s) 'example_complex' retrieved from /Library/Frameworks/Python.framework/Versions/3.10/lib/python3.10/site-packages/airflow/example_dags/example_complex.py
[2024-05-09T15:15:11.647+0700] {logging_mixin.py:188} INFO - [2024-05-09T15:15:11.646+0700] {dag.py:3096} INFO - Sync 1 DAGs
[2024-05-09T15:15:11.657+0700] {logging_mixin.py:188} INFO - [2024-05-09T15:15:11.657+0700] {dag.py:3954} INFO - Setting next_dagrun for example_complex to None, run_after=None
[2024-05-09T15:15:11.680+0700] {processor.py:183} INFO - Processing /Library/Frameworks/Python.framework/Versions/3.10/lib/python3.10/site-packages/airflow/example_dags/example_complex.py took 0.242 seconds
[2024-05-09T15:18:16.180+0700] {processor.py:161} INFO - Started process (PID=90512) to work on /Library/Frameworks/Python.framework/Versions/3.10/lib/python3.10/site-packages/airflow/example_dags/example_complex.py
[2024-05-09T15:18:16.181+0700] {processor.py:830} INFO - Processing file /Library/Frameworks/Python.framework/Versions/3.10/lib/python3.10/site-packages/airflow/example_dags/example_complex.py for tasks to queue
[2024-05-09T15:18:16.181+0700] {logging_mixin.py:188} INFO - [2024-05-09T15:18:16.181+0700] {dagbag.py:540} INFO - Filling up the DagBag from /Library/Frameworks/Python.framework/Versions/3.10/lib/python3.10/site-packages/airflow/example_dags/example_complex.py
[2024-05-09T15:18:16.190+0700] {processor.py:840} INFO - DAG(s) 'example_complex' retrieved from /Library/Frameworks/Python.framework/Versions/3.10/lib/python3.10/site-packages/airflow/example_dags/example_complex.py
[2024-05-09T15:18:16.292+0700] {logging_mixin.py:188} INFO - [2024-05-09T15:18:16.292+0700] {dag.py:3096} INFO - Sync 1 DAGs
[2024-05-09T15:18:16.297+0700] {logging_mixin.py:188} INFO - [2024-05-09T15:18:16.297+0700] {dag.py:3954} INFO - Setting next_dagrun for example_complex to None, run_after=None
[2024-05-09T15:18:16.309+0700] {processor.py:183} INFO - Processing /Library/Frameworks/Python.framework/Versions/3.10/lib/python3.10/site-packages/airflow/example_dags/example_complex.py took 0.132 seconds
[2024-05-09T15:21:36.303+0700] {processor.py:161} INFO - Started process (PID=91997) to work on /Library/Frameworks/Python.framework/Versions/3.10/lib/python3.10/site-packages/airflow/example_dags/example_complex.py
[2024-05-09T15:21:36.304+0700] {processor.py:830} INFO - Processing file /Library/Frameworks/Python.framework/Versions/3.10/lib/python3.10/site-packages/airflow/example_dags/example_complex.py for tasks to queue
[2024-05-09T15:21:36.304+0700] {logging_mixin.py:188} INFO - [2024-05-09T15:21:36.304+0700] {dagbag.py:540} INFO - Filling up the DagBag from /Library/Frameworks/Python.framework/Versions/3.10/lib/python3.10/site-packages/airflow/example_dags/example_complex.py
[2024-05-09T15:21:36.312+0700] {processor.py:840} INFO - DAG(s) 'example_complex' retrieved from /Library/Frameworks/Python.framework/Versions/3.10/lib/python3.10/site-packages/airflow/example_dags/example_complex.py
[2024-05-09T15:21:36.470+0700] {logging_mixin.py:188} INFO - [2024-05-09T15:21:36.470+0700] {dag.py:3096} INFO - Sync 1 DAGs
[2024-05-09T15:21:36.477+0700] {logging_mixin.py:188} INFO - [2024-05-09T15:21:36.477+0700] {dag.py:3954} INFO - Setting next_dagrun for example_complex to None, run_after=None
[2024-05-09T15:21:36.489+0700] {processor.py:183} INFO - Processing /Library/Frameworks/Python.framework/Versions/3.10/lib/python3.10/site-packages/airflow/example_dags/example_complex.py took 0.188 seconds
[2024-05-09T15:25:04.807+0700] {processor.py:161} INFO - Started process (PID=94965) to work on /Library/Frameworks/Python.framework/Versions/3.10/lib/python3.10/site-packages/airflow/example_dags/example_complex.py
[2024-05-09T15:25:04.808+0700] {processor.py:830} INFO - Processing file /Library/Frameworks/Python.framework/Versions/3.10/lib/python3.10/site-packages/airflow/example_dags/example_complex.py for tasks to queue
[2024-05-09T15:25:04.808+0700] {logging_mixin.py:188} INFO - [2024-05-09T15:25:04.808+0700] {dagbag.py:540} INFO - Filling up the DagBag from /Library/Frameworks/Python.framework/Versions/3.10/lib/python3.10/site-packages/airflow/example_dags/example_complex.py
[2024-05-09T15:25:04.818+0700] {processor.py:840} INFO - DAG(s) 'example_complex' retrieved from /Library/Frameworks/Python.framework/Versions/3.10/lib/python3.10/site-packages/airflow/example_dags/example_complex.py
[2024-05-09T15:25:04.922+0700] {logging_mixin.py:188} INFO - [2024-05-09T15:25:04.922+0700] {dag.py:3096} INFO - Sync 1 DAGs
[2024-05-09T15:25:04.928+0700] {logging_mixin.py:188} INFO - [2024-05-09T15:25:04.928+0700] {dag.py:3954} INFO - Setting next_dagrun for example_complex to None, run_after=None
[2024-05-09T15:25:04.939+0700] {processor.py:183} INFO - Processing /Library/Frameworks/Python.framework/Versions/3.10/lib/python3.10/site-packages/airflow/example_dags/example_complex.py took 0.134 seconds
[2024-05-09T15:28:12.788+0700] {processor.py:161} INFO - Started process (PID=96140) to work on /Library/Frameworks/Python.framework/Versions/3.10/lib/python3.10/site-packages/airflow/example_dags/example_complex.py
[2024-05-09T15:28:12.791+0700] {processor.py:830} INFO - Processing file /Library/Frameworks/Python.framework/Versions/3.10/lib/python3.10/site-packages/airflow/example_dags/example_complex.py for tasks to queue
[2024-05-09T15:28:12.792+0700] {logging_mixin.py:188} INFO - [2024-05-09T15:28:12.791+0700] {dagbag.py:540} INFO - Filling up the DagBag from /Library/Frameworks/Python.framework/Versions/3.10/lib/python3.10/site-packages/airflow/example_dags/example_complex.py
[2024-05-09T15:28:12.800+0700] {processor.py:840} INFO - DAG(s) 'example_complex' retrieved from /Library/Frameworks/Python.framework/Versions/3.10/lib/python3.10/site-packages/airflow/example_dags/example_complex.py
[2024-05-09T15:28:12.910+0700] {logging_mixin.py:188} INFO - [2024-05-09T15:28:12.910+0700] {dag.py:3096} INFO - Sync 1 DAGs
[2024-05-09T15:28:12.916+0700] {logging_mixin.py:188} INFO - [2024-05-09T15:28:12.916+0700] {dag.py:3954} INFO - Setting next_dagrun for example_complex to None, run_after=None
[2024-05-09T15:28:12.926+0700] {processor.py:183} INFO - Processing /Library/Frameworks/Python.framework/Versions/3.10/lib/python3.10/site-packages/airflow/example_dags/example_complex.py took 0.146 seconds
[2024-05-09T15:32:19.931+0700] {processor.py:161} INFO - Started process (PID=97662) to work on /Library/Frameworks/Python.framework/Versions/3.10/lib/python3.10/site-packages/airflow/example_dags/example_complex.py
[2024-05-09T15:32:19.934+0700] {processor.py:830} INFO - Processing file /Library/Frameworks/Python.framework/Versions/3.10/lib/python3.10/site-packages/airflow/example_dags/example_complex.py for tasks to queue
[2024-05-09T15:32:19.940+0700] {logging_mixin.py:188} INFO - [2024-05-09T15:32:19.939+0700] {dagbag.py:540} INFO - Filling up the DagBag from /Library/Frameworks/Python.framework/Versions/3.10/lib/python3.10/site-packages/airflow/example_dags/example_complex.py
[2024-05-09T15:32:19.967+0700] {processor.py:840} INFO - DAG(s) 'example_complex' retrieved from /Library/Frameworks/Python.framework/Versions/3.10/lib/python3.10/site-packages/airflow/example_dags/example_complex.py
[2024-05-09T15:32:20.746+0700] {logging_mixin.py:188} INFO - [2024-05-09T15:32:20.744+0700] {dag.py:3096} INFO - Sync 1 DAGs
[2024-05-09T15:32:20.865+0700] {logging_mixin.py:188} INFO - [2024-05-09T15:32:20.865+0700] {dag.py:3954} INFO - Setting next_dagrun for example_complex to None, run_after=None
[2024-05-09T15:32:20.942+0700] {processor.py:183} INFO - Processing /Library/Frameworks/Python.framework/Versions/3.10/lib/python3.10/site-packages/airflow/example_dags/example_complex.py took 1.021 seconds
