[2024-05-09T14:31:00.175+0700] {processor.py:161} INFO - Started process (PID=69509) to work on /Library/Frameworks/Python.framework/Versions/3.10/lib/python3.10/site-packages/airflow/example_dags/example_xcomargs.py
[2024-05-09T14:31:00.175+0700] {processor.py:830} INFO - Processing file /Library/Frameworks/Python.framework/Versions/3.10/lib/python3.10/site-packages/airflow/example_dags/example_xcomargs.py for tasks to queue
[2024-05-09T14:31:00.176+0700] {logging_mixin.py:188} INFO - [2024-05-09T14:31:00.176+0700] {dagbag.py:540} INFO - Filling up the DagBag from /Library/Frameworks/Python.framework/Versions/3.10/lib/python3.10/site-packages/airflow/example_dags/example_xcomargs.py
[2024-05-09T14:31:00.200+0700] {processor.py:840} INFO - DAG(s) 'example_xcom_args', 'example_xcom_args_with_operators' retrieved from /Library/Frameworks/Python.framework/Versions/3.10/lib/python3.10/site-packages/airflow/example_dags/example_xcomargs.py
[2024-05-09T14:31:00.357+0700] {logging_mixin.py:188} INFO - [2024-05-09T14:31:00.357+0700] {dag.py:3096} INFO - Sync 2 DAGs
[2024-05-09T14:31:00.363+0700] {logging_mixin.py:188} INFO - [2024-05-09T14:31:00.363+0700] {dag.py:3954} INFO - Setting next_dagrun for example_xcom_args to None, run_after=None
[2024-05-09T14:31:00.364+0700] {logging_mixin.py:188} INFO - [2024-05-09T14:31:00.364+0700] {dag.py:3954} INFO - Setting next_dagrun for example_xcom_args_with_operators to None, run_after=None
[2024-05-09T14:31:00.375+0700] {processor.py:183} INFO - Processing /Library/Frameworks/Python.framework/Versions/3.10/lib/python3.10/site-packages/airflow/example_dags/example_xcomargs.py took 0.203 seconds
[2024-05-09T14:33:01.754+0700] {processor.py:161} INFO - Started process (PID=70225) to work on /Library/Frameworks/Python.framework/Versions/3.10/lib/python3.10/site-packages/airflow/example_dags/example_xcomargs.py
[2024-05-09T14:33:01.758+0700] {processor.py:830} INFO - Processing file /Library/Frameworks/Python.framework/Versions/3.10/lib/python3.10/site-packages/airflow/example_dags/example_xcomargs.py for tasks to queue
[2024-05-09T14:33:01.759+0700] {logging_mixin.py:188} INFO - [2024-05-09T14:33:01.759+0700] {dagbag.py:540} INFO - Filling up the DagBag from /Library/Frameworks/Python.framework/Versions/3.10/lib/python3.10/site-packages/airflow/example_dags/example_xcomargs.py
[2024-05-09T14:33:01.818+0700] {processor.py:840} INFO - DAG(s) 'example_xcom_args', 'example_xcom_args_with_operators' retrieved from /Library/Frameworks/Python.framework/Versions/3.10/lib/python3.10/site-packages/airflow/example_dags/example_xcomargs.py
[2024-05-09T14:33:01.854+0700] {logging_mixin.py:188} INFO - [2024-05-09T14:33:01.853+0700] {dag.py:3096} INFO - Sync 2 DAGs
[2024-05-09T14:33:02.000+0700] {logging_mixin.py:188} INFO - [2024-05-09T14:33:02.000+0700] {dag.py:3954} INFO - Setting next_dagrun for example_xcom_args to None, run_after=None
[2024-05-09T14:33:02.003+0700] {logging_mixin.py:188} INFO - [2024-05-09T14:33:02.003+0700] {dag.py:3954} INFO - Setting next_dagrun for example_xcom_args_with_operators to None, run_after=None
[2024-05-09T14:33:02.020+0700] {processor.py:183} INFO - Processing /Library/Frameworks/Python.framework/Versions/3.10/lib/python3.10/site-packages/airflow/example_dags/example_xcomargs.py took 0.277 seconds
[2024-05-09T14:34:56.055+0700] {processor.py:161} INFO - Started process (PID=70882) to work on /Library/Frameworks/Python.framework/Versions/3.10/lib/python3.10/site-packages/airflow/example_dags/example_xcomargs.py
[2024-05-09T14:34:56.056+0700] {processor.py:830} INFO - Processing file /Library/Frameworks/Python.framework/Versions/3.10/lib/python3.10/site-packages/airflow/example_dags/example_xcomargs.py for tasks to queue
[2024-05-09T14:34:56.056+0700] {logging_mixin.py:188} INFO - [2024-05-09T14:34:56.056+0700] {dagbag.py:540} INFO - Filling up the DagBag from /Library/Frameworks/Python.framework/Versions/3.10/lib/python3.10/site-packages/airflow/example_dags/example_xcomargs.py
[2024-05-09T14:34:56.079+0700] {processor.py:840} INFO - DAG(s) 'example_xcom_args_with_operators', 'example_xcom_args' retrieved from /Library/Frameworks/Python.framework/Versions/3.10/lib/python3.10/site-packages/airflow/example_dags/example_xcomargs.py
[2024-05-09T14:34:56.228+0700] {logging_mixin.py:188} INFO - [2024-05-09T14:34:56.228+0700] {dag.py:3096} INFO - Sync 2 DAGs
[2024-05-09T14:34:56.234+0700] {logging_mixin.py:188} INFO - [2024-05-09T14:34:56.234+0700] {dag.py:3954} INFO - Setting next_dagrun for example_xcom_args to None, run_after=None
[2024-05-09T14:34:56.236+0700] {logging_mixin.py:188} INFO - [2024-05-09T14:34:56.236+0700] {dag.py:3954} INFO - Setting next_dagrun for example_xcom_args_with_operators to None, run_after=None
[2024-05-09T14:34:56.246+0700] {processor.py:183} INFO - Processing /Library/Frameworks/Python.framework/Versions/3.10/lib/python3.10/site-packages/airflow/example_dags/example_xcomargs.py took 0.195 seconds
[2024-05-09T14:36:31.799+0700] {processor.py:161} INFO - Started process (PID=71465) to work on /Library/Frameworks/Python.framework/Versions/3.10/lib/python3.10/site-packages/airflow/example_dags/example_xcomargs.py
[2024-05-09T14:36:31.800+0700] {processor.py:830} INFO - Processing file /Library/Frameworks/Python.framework/Versions/3.10/lib/python3.10/site-packages/airflow/example_dags/example_xcomargs.py for tasks to queue
[2024-05-09T14:36:31.801+0700] {logging_mixin.py:188} INFO - [2024-05-09T14:36:31.801+0700] {dagbag.py:540} INFO - Filling up the DagBag from /Library/Frameworks/Python.framework/Versions/3.10/lib/python3.10/site-packages/airflow/example_dags/example_xcomargs.py
[2024-05-09T14:36:31.833+0700] {processor.py:840} INFO - DAG(s) 'example_xcom_args', 'example_xcom_args_with_operators' retrieved from /Library/Frameworks/Python.framework/Versions/3.10/lib/python3.10/site-packages/airflow/example_dags/example_xcomargs.py
[2024-05-09T14:36:31.931+0700] {logging_mixin.py:188} INFO - [2024-05-09T14:36:31.931+0700] {dag.py:3096} INFO - Sync 2 DAGs
[2024-05-09T14:36:31.936+0700] {logging_mixin.py:188} INFO - [2024-05-09T14:36:31.936+0700] {dag.py:3954} INFO - Setting next_dagrun for example_xcom_args to None, run_after=None
[2024-05-09T14:36:31.938+0700] {logging_mixin.py:188} INFO - [2024-05-09T14:36:31.938+0700] {dag.py:3954} INFO - Setting next_dagrun for example_xcom_args_with_operators to None, run_after=None
[2024-05-09T14:36:31.948+0700] {processor.py:183} INFO - Processing /Library/Frameworks/Python.framework/Versions/3.10/lib/python3.10/site-packages/airflow/example_dags/example_xcomargs.py took 0.151 seconds
[2024-05-09T14:38:06.026+0700] {processor.py:161} INFO - Started process (PID=72172) to work on /Library/Frameworks/Python.framework/Versions/3.10/lib/python3.10/site-packages/airflow/example_dags/example_xcomargs.py
[2024-05-09T14:38:06.027+0700] {processor.py:830} INFO - Processing file /Library/Frameworks/Python.framework/Versions/3.10/lib/python3.10/site-packages/airflow/example_dags/example_xcomargs.py for tasks to queue
[2024-05-09T14:38:06.027+0700] {logging_mixin.py:188} INFO - [2024-05-09T14:38:06.027+0700] {dagbag.py:540} INFO - Filling up the DagBag from /Library/Frameworks/Python.framework/Versions/3.10/lib/python3.10/site-packages/airflow/example_dags/example_xcomargs.py
[2024-05-09T14:38:06.070+0700] {processor.py:840} INFO - DAG(s) 'example_xcom_args_with_operators', 'example_xcom_args' retrieved from /Library/Frameworks/Python.framework/Versions/3.10/lib/python3.10/site-packages/airflow/example_dags/example_xcomargs.py
[2024-05-09T14:38:06.204+0700] {logging_mixin.py:188} INFO - [2024-05-09T14:38:06.204+0700] {dag.py:3096} INFO - Sync 2 DAGs
[2024-05-09T14:38:06.210+0700] {logging_mixin.py:188} INFO - [2024-05-09T14:38:06.209+0700] {dag.py:3954} INFO - Setting next_dagrun for example_xcom_args to None, run_after=None
[2024-05-09T14:38:06.212+0700] {logging_mixin.py:188} INFO - [2024-05-09T14:38:06.212+0700] {dag.py:3954} INFO - Setting next_dagrun for example_xcom_args_with_operators to None, run_after=None
[2024-05-09T14:38:06.226+0700] {processor.py:183} INFO - Processing /Library/Frameworks/Python.framework/Versions/3.10/lib/python3.10/site-packages/airflow/example_dags/example_xcomargs.py took 0.202 seconds
[2024-05-09T14:39:46.498+0700] {processor.py:161} INFO - Started process (PID=73027) to work on /Library/Frameworks/Python.framework/Versions/3.10/lib/python3.10/site-packages/airflow/example_dags/example_xcomargs.py
[2024-05-09T14:39:46.499+0700] {processor.py:830} INFO - Processing file /Library/Frameworks/Python.framework/Versions/3.10/lib/python3.10/site-packages/airflow/example_dags/example_xcomargs.py for tasks to queue
[2024-05-09T14:39:46.500+0700] {logging_mixin.py:188} INFO - [2024-05-09T14:39:46.500+0700] {dagbag.py:540} INFO - Filling up the DagBag from /Library/Frameworks/Python.framework/Versions/3.10/lib/python3.10/site-packages/airflow/example_dags/example_xcomargs.py
[2024-05-09T14:39:46.576+0700] {processor.py:840} INFO - DAG(s) 'example_xcom_args_with_operators', 'example_xcom_args' retrieved from /Library/Frameworks/Python.framework/Versions/3.10/lib/python3.10/site-packages/airflow/example_dags/example_xcomargs.py
[2024-05-09T14:39:46.873+0700] {logging_mixin.py:188} INFO - [2024-05-09T14:39:46.873+0700] {dag.py:3096} INFO - Sync 2 DAGs
[2024-05-09T14:39:46.989+0700] {logging_mixin.py:188} INFO - [2024-05-09T14:39:46.988+0700] {dag.py:3954} INFO - Setting next_dagrun for example_xcom_args to None, run_after=None
[2024-05-09T14:39:46.992+0700] {logging_mixin.py:188} INFO - [2024-05-09T14:39:46.992+0700] {dag.py:3954} INFO - Setting next_dagrun for example_xcom_args_with_operators to None, run_after=None
[2024-05-09T14:39:47.068+0700] {processor.py:183} INFO - Processing /Library/Frameworks/Python.framework/Versions/3.10/lib/python3.10/site-packages/airflow/example_dags/example_xcomargs.py took 0.574 seconds
[2024-05-09T14:42:00.902+0700] {processor.py:161} INFO - Started process (PID=76526) to work on /Library/Frameworks/Python.framework/Versions/3.10/lib/python3.10/site-packages/airflow/example_dags/example_xcomargs.py
[2024-05-09T14:42:00.903+0700] {processor.py:830} INFO - Processing file /Library/Frameworks/Python.framework/Versions/3.10/lib/python3.10/site-packages/airflow/example_dags/example_xcomargs.py for tasks to queue
[2024-05-09T14:42:00.903+0700] {logging_mixin.py:188} INFO - [2024-05-09T14:42:00.903+0700] {dagbag.py:540} INFO - Filling up the DagBag from /Library/Frameworks/Python.framework/Versions/3.10/lib/python3.10/site-packages/airflow/example_dags/example_xcomargs.py
[2024-05-09T14:42:00.944+0700] {processor.py:840} INFO - DAG(s) 'example_xcom_args_with_operators', 'example_xcom_args' retrieved from /Library/Frameworks/Python.framework/Versions/3.10/lib/python3.10/site-packages/airflow/example_dags/example_xcomargs.py
[2024-05-09T14:42:01.089+0700] {logging_mixin.py:188} INFO - [2024-05-09T14:42:01.089+0700] {dag.py:3096} INFO - Sync 2 DAGs
[2024-05-09T14:42:01.096+0700] {logging_mixin.py:188} INFO - [2024-05-09T14:42:01.096+0700] {dag.py:3954} INFO - Setting next_dagrun for example_xcom_args to None, run_after=None
[2024-05-09T14:42:01.099+0700] {logging_mixin.py:188} INFO - [2024-05-09T14:42:01.099+0700] {dag.py:3954} INFO - Setting next_dagrun for example_xcom_args_with_operators to None, run_after=None
[2024-05-09T14:42:01.112+0700] {processor.py:183} INFO - Processing /Library/Frameworks/Python.framework/Versions/3.10/lib/python3.10/site-packages/airflow/example_dags/example_xcomargs.py took 0.213 seconds
[2024-05-09T14:43:52.252+0700] {processor.py:161} INFO - Started process (PID=77303) to work on /Library/Frameworks/Python.framework/Versions/3.10/lib/python3.10/site-packages/airflow/example_dags/example_xcomargs.py
[2024-05-09T14:43:52.253+0700] {processor.py:830} INFO - Processing file /Library/Frameworks/Python.framework/Versions/3.10/lib/python3.10/site-packages/airflow/example_dags/example_xcomargs.py for tasks to queue
[2024-05-09T14:43:52.254+0700] {logging_mixin.py:188} INFO - [2024-05-09T14:43:52.253+0700] {dagbag.py:540} INFO - Filling up the DagBag from /Library/Frameworks/Python.framework/Versions/3.10/lib/python3.10/site-packages/airflow/example_dags/example_xcomargs.py
[2024-05-09T14:43:52.277+0700] {processor.py:840} INFO - DAG(s) 'example_xcom_args', 'example_xcom_args_with_operators' retrieved from /Library/Frameworks/Python.framework/Versions/3.10/lib/python3.10/site-packages/airflow/example_dags/example_xcomargs.py
[2024-05-09T14:43:52.430+0700] {logging_mixin.py:188} INFO - [2024-05-09T14:43:52.429+0700] {dag.py:3096} INFO - Sync 2 DAGs
[2024-05-09T14:43:52.436+0700] {logging_mixin.py:188} INFO - [2024-05-09T14:43:52.436+0700] {dag.py:3954} INFO - Setting next_dagrun for example_xcom_args to None, run_after=None
[2024-05-09T14:43:52.437+0700] {logging_mixin.py:188} INFO - [2024-05-09T14:43:52.437+0700] {dag.py:3954} INFO - Setting next_dagrun for example_xcom_args_with_operators to None, run_after=None
[2024-05-09T14:43:52.448+0700] {processor.py:183} INFO - Processing /Library/Frameworks/Python.framework/Versions/3.10/lib/python3.10/site-packages/airflow/example_dags/example_xcomargs.py took 0.198 seconds
[2024-05-09T14:45:48.805+0700] {processor.py:161} INFO - Started process (PID=78072) to work on /Library/Frameworks/Python.framework/Versions/3.10/lib/python3.10/site-packages/airflow/example_dags/example_xcomargs.py
[2024-05-09T14:45:48.806+0700] {processor.py:830} INFO - Processing file /Library/Frameworks/Python.framework/Versions/3.10/lib/python3.10/site-packages/airflow/example_dags/example_xcomargs.py for tasks to queue
[2024-05-09T14:45:48.807+0700] {logging_mixin.py:188} INFO - [2024-05-09T14:45:48.806+0700] {dagbag.py:540} INFO - Filling up the DagBag from /Library/Frameworks/Python.framework/Versions/3.10/lib/python3.10/site-packages/airflow/example_dags/example_xcomargs.py
[2024-05-09T14:45:48.841+0700] {processor.py:840} INFO - DAG(s) 'example_xcom_args', 'example_xcom_args_with_operators' retrieved from /Library/Frameworks/Python.framework/Versions/3.10/lib/python3.10/site-packages/airflow/example_dags/example_xcomargs.py
[2024-05-09T14:45:48.993+0700] {logging_mixin.py:188} INFO - [2024-05-09T14:45:48.992+0700] {dag.py:3096} INFO - Sync 2 DAGs
[2024-05-09T14:45:49.003+0700] {logging_mixin.py:188} INFO - [2024-05-09T14:45:49.003+0700] {dag.py:3954} INFO - Setting next_dagrun for example_xcom_args to None, run_after=None
[2024-05-09T14:45:49.008+0700] {logging_mixin.py:188} INFO - [2024-05-09T14:45:49.007+0700] {dag.py:3954} INFO - Setting next_dagrun for example_xcom_args_with_operators to None, run_after=None
[2024-05-09T14:45:49.021+0700] {processor.py:183} INFO - Processing /Library/Frameworks/Python.framework/Versions/3.10/lib/python3.10/site-packages/airflow/example_dags/example_xcomargs.py took 0.219 seconds
[2024-05-09T14:47:47.977+0700] {processor.py:161} INFO - Started process (PID=78784) to work on /Library/Frameworks/Python.framework/Versions/3.10/lib/python3.10/site-packages/airflow/example_dags/example_xcomargs.py
[2024-05-09T14:47:47.979+0700] {processor.py:830} INFO - Processing file /Library/Frameworks/Python.framework/Versions/3.10/lib/python3.10/site-packages/airflow/example_dags/example_xcomargs.py for tasks to queue
[2024-05-09T14:47:47.981+0700] {logging_mixin.py:188} INFO - [2024-05-09T14:47:47.980+0700] {dagbag.py:540} INFO - Filling up the DagBag from /Library/Frameworks/Python.framework/Versions/3.10/lib/python3.10/site-packages/airflow/example_dags/example_xcomargs.py
[2024-05-09T14:47:48.024+0700] {processor.py:840} INFO - DAG(s) 'example_xcom_args', 'example_xcom_args_with_operators' retrieved from /Library/Frameworks/Python.framework/Versions/3.10/lib/python3.10/site-packages/airflow/example_dags/example_xcomargs.py
[2024-05-09T14:47:48.050+0700] {logging_mixin.py:188} INFO - [2024-05-09T14:47:48.049+0700] {dag.py:3096} INFO - Sync 2 DAGs
[2024-05-09T14:47:48.172+0700] {logging_mixin.py:188} INFO - [2024-05-09T14:47:48.172+0700] {dag.py:3954} INFO - Setting next_dagrun for example_xcom_args to None, run_after=None
[2024-05-09T14:47:48.175+0700] {logging_mixin.py:188} INFO - [2024-05-09T14:47:48.175+0700] {dag.py:3954} INFO - Setting next_dagrun for example_xcom_args_with_operators to None, run_after=None
[2024-05-09T14:47:48.191+0700] {processor.py:183} INFO - Processing /Library/Frameworks/Python.framework/Versions/3.10/lib/python3.10/site-packages/airflow/example_dags/example_xcomargs.py took 0.217 seconds
[2024-05-09T14:49:23.710+0700] {processor.py:161} INFO - Started process (PID=79236) to work on /Library/Frameworks/Python.framework/Versions/3.10/lib/python3.10/site-packages/airflow/example_dags/example_xcomargs.py
[2024-05-09T14:49:23.711+0700] {processor.py:830} INFO - Processing file /Library/Frameworks/Python.framework/Versions/3.10/lib/python3.10/site-packages/airflow/example_dags/example_xcomargs.py for tasks to queue
[2024-05-09T14:49:23.711+0700] {logging_mixin.py:188} INFO - [2024-05-09T14:49:23.711+0700] {dagbag.py:540} INFO - Filling up the DagBag from /Library/Frameworks/Python.framework/Versions/3.10/lib/python3.10/site-packages/airflow/example_dags/example_xcomargs.py
[2024-05-09T14:49:23.741+0700] {processor.py:840} INFO - DAG(s) 'example_xcom_args_with_operators', 'example_xcom_args' retrieved from /Library/Frameworks/Python.framework/Versions/3.10/lib/python3.10/site-packages/airflow/example_dags/example_xcomargs.py
[2024-05-09T14:49:23.902+0700] {logging_mixin.py:188} INFO - [2024-05-09T14:49:23.902+0700] {dag.py:3096} INFO - Sync 2 DAGs
[2024-05-09T14:49:23.908+0700] {logging_mixin.py:188} INFO - [2024-05-09T14:49:23.908+0700] {dag.py:3954} INFO - Setting next_dagrun for example_xcom_args to None, run_after=None
[2024-05-09T14:49:23.910+0700] {logging_mixin.py:188} INFO - [2024-05-09T14:49:23.910+0700] {dag.py:3954} INFO - Setting next_dagrun for example_xcom_args_with_operators to None, run_after=None
[2024-05-09T14:49:23.920+0700] {processor.py:183} INFO - Processing /Library/Frameworks/Python.framework/Versions/3.10/lib/python3.10/site-packages/airflow/example_dags/example_xcomargs.py took 0.212 seconds
[2024-05-09T14:51:13.769+0700] {processor.py:161} INFO - Started process (PID=79902) to work on /Library/Frameworks/Python.framework/Versions/3.10/lib/python3.10/site-packages/airflow/example_dags/example_xcomargs.py
[2024-05-09T14:51:13.847+0700] {processor.py:830} INFO - Processing file /Library/Frameworks/Python.framework/Versions/3.10/lib/python3.10/site-packages/airflow/example_dags/example_xcomargs.py for tasks to queue
[2024-05-09T14:51:13.848+0700] {logging_mixin.py:188} INFO - [2024-05-09T14:51:13.848+0700] {dagbag.py:540} INFO - Filling up the DagBag from /Library/Frameworks/Python.framework/Versions/3.10/lib/python3.10/site-packages/airflow/example_dags/example_xcomargs.py
[2024-05-09T14:51:13.951+0700] {processor.py:840} INFO - DAG(s) 'example_xcom_args_with_operators', 'example_xcom_args' retrieved from /Library/Frameworks/Python.framework/Versions/3.10/lib/python3.10/site-packages/airflow/example_dags/example_xcomargs.py
[2024-05-09T14:51:13.999+0700] {logging_mixin.py:188} INFO - [2024-05-09T14:51:13.997+0700] {dag.py:3096} INFO - Sync 2 DAGs
[2024-05-09T14:51:14.474+0700] {logging_mixin.py:188} INFO - [2024-05-09T14:51:14.474+0700] {dag.py:3954} INFO - Setting next_dagrun for example_xcom_args to None, run_after=None
[2024-05-09T14:51:14.479+0700] {logging_mixin.py:188} INFO - [2024-05-09T14:51:14.479+0700] {dag.py:3954} INFO - Setting next_dagrun for example_xcom_args_with_operators to None, run_after=None
[2024-05-09T14:51:14.498+0700] {processor.py:183} INFO - Processing /Library/Frameworks/Python.framework/Versions/3.10/lib/python3.10/site-packages/airflow/example_dags/example_xcomargs.py took 0.737 seconds
[2024-05-09T14:53:13.987+0700] {processor.py:161} INFO - Started process (PID=80699) to work on /Library/Frameworks/Python.framework/Versions/3.10/lib/python3.10/site-packages/airflow/example_dags/example_xcomargs.py
[2024-05-09T14:53:13.987+0700] {processor.py:830} INFO - Processing file /Library/Frameworks/Python.framework/Versions/3.10/lib/python3.10/site-packages/airflow/example_dags/example_xcomargs.py for tasks to queue
[2024-05-09T14:53:13.988+0700] {logging_mixin.py:188} INFO - [2024-05-09T14:53:13.988+0700] {dagbag.py:540} INFO - Filling up the DagBag from /Library/Frameworks/Python.framework/Versions/3.10/lib/python3.10/site-packages/airflow/example_dags/example_xcomargs.py
[2024-05-09T14:53:14.015+0700] {processor.py:840} INFO - DAG(s) 'example_xcom_args', 'example_xcom_args_with_operators' retrieved from /Library/Frameworks/Python.framework/Versions/3.10/lib/python3.10/site-packages/airflow/example_dags/example_xcomargs.py
[2024-05-09T14:53:14.169+0700] {logging_mixin.py:188} INFO - [2024-05-09T14:53:14.169+0700] {dag.py:3096} INFO - Sync 2 DAGs
[2024-05-09T14:53:14.175+0700] {logging_mixin.py:188} INFO - [2024-05-09T14:53:14.175+0700] {dag.py:3954} INFO - Setting next_dagrun for example_xcom_args to None, run_after=None
[2024-05-09T14:53:14.176+0700] {logging_mixin.py:188} INFO - [2024-05-09T14:53:14.176+0700] {dag.py:3954} INFO - Setting next_dagrun for example_xcom_args_with_operators to None, run_after=None
[2024-05-09T14:53:14.187+0700] {processor.py:183} INFO - Processing /Library/Frameworks/Python.framework/Versions/3.10/lib/python3.10/site-packages/airflow/example_dags/example_xcomargs.py took 0.202 seconds
[2024-05-09T14:54:50.257+0700] {processor.py:161} INFO - Started process (PID=81279) to work on /Library/Frameworks/Python.framework/Versions/3.10/lib/python3.10/site-packages/airflow/example_dags/example_xcomargs.py
[2024-05-09T14:54:50.258+0700] {processor.py:830} INFO - Processing file /Library/Frameworks/Python.framework/Versions/3.10/lib/python3.10/site-packages/airflow/example_dags/example_xcomargs.py for tasks to queue
[2024-05-09T14:54:50.258+0700] {logging_mixin.py:188} INFO - [2024-05-09T14:54:50.258+0700] {dagbag.py:540} INFO - Filling up the DagBag from /Library/Frameworks/Python.framework/Versions/3.10/lib/python3.10/site-packages/airflow/example_dags/example_xcomargs.py
[2024-05-09T14:54:50.282+0700] {processor.py:840} INFO - DAG(s) 'example_xcom_args_with_operators', 'example_xcom_args' retrieved from /Library/Frameworks/Python.framework/Versions/3.10/lib/python3.10/site-packages/airflow/example_dags/example_xcomargs.py
[2024-05-09T14:54:50.381+0700] {logging_mixin.py:188} INFO - [2024-05-09T14:54:50.381+0700] {dag.py:3096} INFO - Sync 2 DAGs
[2024-05-09T14:54:50.387+0700] {logging_mixin.py:188} INFO - [2024-05-09T14:54:50.386+0700] {dag.py:3954} INFO - Setting next_dagrun for example_xcom_args to None, run_after=None
[2024-05-09T14:54:50.388+0700] {logging_mixin.py:188} INFO - [2024-05-09T14:54:50.388+0700] {dag.py:3954} INFO - Setting next_dagrun for example_xcom_args_with_operators to None, run_after=None
[2024-05-09T14:54:50.399+0700] {processor.py:183} INFO - Processing /Library/Frameworks/Python.framework/Versions/3.10/lib/python3.10/site-packages/airflow/example_dags/example_xcomargs.py took 0.144 seconds
[2024-05-09T14:56:16.457+0700] {processor.py:161} INFO - Started process (PID=81877) to work on /Library/Frameworks/Python.framework/Versions/3.10/lib/python3.10/site-packages/airflow/example_dags/example_xcomargs.py
[2024-05-09T14:56:16.458+0700] {processor.py:830} INFO - Processing file /Library/Frameworks/Python.framework/Versions/3.10/lib/python3.10/site-packages/airflow/example_dags/example_xcomargs.py for tasks to queue
[2024-05-09T14:56:16.458+0700] {logging_mixin.py:188} INFO - [2024-05-09T14:56:16.458+0700] {dagbag.py:540} INFO - Filling up the DagBag from /Library/Frameworks/Python.framework/Versions/3.10/lib/python3.10/site-packages/airflow/example_dags/example_xcomargs.py
[2024-05-09T14:56:16.486+0700] {processor.py:840} INFO - DAG(s) 'example_xcom_args_with_operators', 'example_xcom_args' retrieved from /Library/Frameworks/Python.framework/Versions/3.10/lib/python3.10/site-packages/airflow/example_dags/example_xcomargs.py
[2024-05-09T14:56:16.581+0700] {logging_mixin.py:188} INFO - [2024-05-09T14:56:16.580+0700] {dag.py:3096} INFO - Sync 2 DAGs
[2024-05-09T14:56:16.586+0700] {logging_mixin.py:188} INFO - [2024-05-09T14:56:16.586+0700] {dag.py:3954} INFO - Setting next_dagrun for example_xcom_args to None, run_after=None
[2024-05-09T14:56:16.588+0700] {logging_mixin.py:188} INFO - [2024-05-09T14:56:16.588+0700] {dag.py:3954} INFO - Setting next_dagrun for example_xcom_args_with_operators to None, run_after=None
[2024-05-09T14:56:16.598+0700] {processor.py:183} INFO - Processing /Library/Frameworks/Python.framework/Versions/3.10/lib/python3.10/site-packages/airflow/example_dags/example_xcomargs.py took 0.143 seconds
[2024-05-09T14:57:03.149+0700] {processor.py:161} INFO - Started process (PID=82222) to work on /Library/Frameworks/Python.framework/Versions/3.10/lib/python3.10/site-packages/airflow/example_dags/example_xcomargs.py
[2024-05-09T14:57:03.150+0700] {processor.py:830} INFO - Processing file /Library/Frameworks/Python.framework/Versions/3.10/lib/python3.10/site-packages/airflow/example_dags/example_xcomargs.py for tasks to queue
[2024-05-09T14:57:03.151+0700] {logging_mixin.py:188} INFO - [2024-05-09T14:57:03.151+0700] {dagbag.py:540} INFO - Filling up the DagBag from /Library/Frameworks/Python.framework/Versions/3.10/lib/python3.10/site-packages/airflow/example_dags/example_xcomargs.py
[2024-05-09T14:57:03.174+0700] {processor.py:840} INFO - DAG(s) 'example_xcom_args', 'example_xcom_args_with_operators' retrieved from /Library/Frameworks/Python.framework/Versions/3.10/lib/python3.10/site-packages/airflow/example_dags/example_xcomargs.py
[2024-05-09T14:57:03.322+0700] {logging_mixin.py:188} INFO - [2024-05-09T14:57:03.322+0700] {dag.py:3096} INFO - Sync 2 DAGs
[2024-05-09T14:57:03.328+0700] {logging_mixin.py:188} INFO - [2024-05-09T14:57:03.328+0700] {dag.py:3954} INFO - Setting next_dagrun for example_xcom_args to None, run_after=None
[2024-05-09T14:57:03.329+0700] {logging_mixin.py:188} INFO - [2024-05-09T14:57:03.329+0700] {dag.py:3954} INFO - Setting next_dagrun for example_xcom_args_with_operators to None, run_after=None
[2024-05-09T14:57:03.340+0700] {processor.py:183} INFO - Processing /Library/Frameworks/Python.framework/Versions/3.10/lib/python3.10/site-packages/airflow/example_dags/example_xcomargs.py took 0.193 seconds
[2024-05-09T14:57:48.076+0700] {processor.py:161} INFO - Started process (PID=82518) to work on /Library/Frameworks/Python.framework/Versions/3.10/lib/python3.10/site-packages/airflow/example_dags/example_xcomargs.py
[2024-05-09T14:57:48.076+0700] {processor.py:830} INFO - Processing file /Library/Frameworks/Python.framework/Versions/3.10/lib/python3.10/site-packages/airflow/example_dags/example_xcomargs.py for tasks to queue
[2024-05-09T14:57:48.077+0700] {logging_mixin.py:188} INFO - [2024-05-09T14:57:48.077+0700] {dagbag.py:540} INFO - Filling up the DagBag from /Library/Frameworks/Python.framework/Versions/3.10/lib/python3.10/site-packages/airflow/example_dags/example_xcomargs.py
[2024-05-09T14:57:48.106+0700] {processor.py:840} INFO - DAG(s) 'example_xcom_args_with_operators', 'example_xcom_args' retrieved from /Library/Frameworks/Python.framework/Versions/3.10/lib/python3.10/site-packages/airflow/example_dags/example_xcomargs.py
[2024-05-09T14:57:48.219+0700] {logging_mixin.py:188} INFO - [2024-05-09T14:57:48.218+0700] {dag.py:3096} INFO - Sync 2 DAGs
[2024-05-09T14:57:48.224+0700] {logging_mixin.py:188} INFO - [2024-05-09T14:57:48.224+0700] {dag.py:3954} INFO - Setting next_dagrun for example_xcom_args to None, run_after=None
[2024-05-09T14:57:48.226+0700] {logging_mixin.py:188} INFO - [2024-05-09T14:57:48.226+0700] {dag.py:3954} INFO - Setting next_dagrun for example_xcom_args_with_operators to None, run_after=None
[2024-05-09T14:57:48.247+0700] {processor.py:183} INFO - Processing /Library/Frameworks/Python.framework/Versions/3.10/lib/python3.10/site-packages/airflow/example_dags/example_xcomargs.py took 0.173 seconds
[2024-05-09T14:59:22.707+0700] {processor.py:161} INFO - Started process (PID=83059) to work on /Library/Frameworks/Python.framework/Versions/3.10/lib/python3.10/site-packages/airflow/example_dags/example_xcomargs.py
[2024-05-09T14:59:22.709+0700] {processor.py:830} INFO - Processing file /Library/Frameworks/Python.framework/Versions/3.10/lib/python3.10/site-packages/airflow/example_dags/example_xcomargs.py for tasks to queue
[2024-05-09T14:59:22.710+0700] {logging_mixin.py:188} INFO - [2024-05-09T14:59:22.710+0700] {dagbag.py:540} INFO - Filling up the DagBag from /Library/Frameworks/Python.framework/Versions/3.10/lib/python3.10/site-packages/airflow/example_dags/example_xcomargs.py
[2024-05-09T14:59:22.736+0700] {processor.py:840} INFO - DAG(s) 'example_xcom_args', 'example_xcom_args_with_operators' retrieved from /Library/Frameworks/Python.framework/Versions/3.10/lib/python3.10/site-packages/airflow/example_dags/example_xcomargs.py
[2024-05-09T14:59:22.849+0700] {logging_mixin.py:188} INFO - [2024-05-09T14:59:22.849+0700] {dag.py:3096} INFO - Sync 2 DAGs
[2024-05-09T14:59:22.855+0700] {logging_mixin.py:188} INFO - [2024-05-09T14:59:22.855+0700] {dag.py:3954} INFO - Setting next_dagrun for example_xcom_args to None, run_after=None
[2024-05-09T14:59:22.858+0700] {logging_mixin.py:188} INFO - [2024-05-09T14:59:22.857+0700] {dag.py:3954} INFO - Setting next_dagrun for example_xcom_args_with_operators to None, run_after=None
[2024-05-09T14:59:22.870+0700] {processor.py:183} INFO - Processing /Library/Frameworks/Python.framework/Versions/3.10/lib/python3.10/site-packages/airflow/example_dags/example_xcomargs.py took 0.167 seconds
[2024-05-09T15:00:52.558+0700] {processor.py:161} INFO - Started process (PID=83498) to work on /Library/Frameworks/Python.framework/Versions/3.10/lib/python3.10/site-packages/airflow/example_dags/example_xcomargs.py
[2024-05-09T15:00:52.559+0700] {processor.py:830} INFO - Processing file /Library/Frameworks/Python.framework/Versions/3.10/lib/python3.10/site-packages/airflow/example_dags/example_xcomargs.py for tasks to queue
[2024-05-09T15:00:52.560+0700] {logging_mixin.py:188} INFO - [2024-05-09T15:00:52.560+0700] {dagbag.py:540} INFO - Filling up the DagBag from /Library/Frameworks/Python.framework/Versions/3.10/lib/python3.10/site-packages/airflow/example_dags/example_xcomargs.py
[2024-05-09T15:00:52.603+0700] {processor.py:840} INFO - DAG(s) 'example_xcom_args', 'example_xcom_args_with_operators' retrieved from /Library/Frameworks/Python.framework/Versions/3.10/lib/python3.10/site-packages/airflow/example_dags/example_xcomargs.py
[2024-05-09T15:00:52.731+0700] {logging_mixin.py:188} INFO - [2024-05-09T15:00:52.731+0700] {dag.py:3096} INFO - Sync 2 DAGs
[2024-05-09T15:00:52.739+0700] {logging_mixin.py:188} INFO - [2024-05-09T15:00:52.739+0700] {dag.py:3954} INFO - Setting next_dagrun for example_xcom_args to None, run_after=None
[2024-05-09T15:00:52.742+0700] {logging_mixin.py:188} INFO - [2024-05-09T15:00:52.742+0700] {dag.py:3954} INFO - Setting next_dagrun for example_xcom_args_with_operators to None, run_after=None
[2024-05-09T15:00:52.755+0700] {processor.py:183} INFO - Processing /Library/Frameworks/Python.framework/Versions/3.10/lib/python3.10/site-packages/airflow/example_dags/example_xcomargs.py took 0.199 seconds
[2024-05-09T15:02:22.172+0700] {processor.py:161} INFO - Started process (PID=84034) to work on /Library/Frameworks/Python.framework/Versions/3.10/lib/python3.10/site-packages/airflow/example_dags/example_xcomargs.py
[2024-05-09T15:02:22.173+0700] {processor.py:830} INFO - Processing file /Library/Frameworks/Python.framework/Versions/3.10/lib/python3.10/site-packages/airflow/example_dags/example_xcomargs.py for tasks to queue
[2024-05-09T15:02:22.173+0700] {logging_mixin.py:188} INFO - [2024-05-09T15:02:22.173+0700] {dagbag.py:540} INFO - Filling up the DagBag from /Library/Frameworks/Python.framework/Versions/3.10/lib/python3.10/site-packages/airflow/example_dags/example_xcomargs.py
[2024-05-09T15:02:22.196+0700] {processor.py:840} INFO - DAG(s) 'example_xcom_args', 'example_xcom_args_with_operators' retrieved from /Library/Frameworks/Python.framework/Versions/3.10/lib/python3.10/site-packages/airflow/example_dags/example_xcomargs.py
[2024-05-09T15:02:22.292+0700] {logging_mixin.py:188} INFO - [2024-05-09T15:02:22.292+0700] {dag.py:3096} INFO - Sync 2 DAGs
[2024-05-09T15:02:22.297+0700] {logging_mixin.py:188} INFO - [2024-05-09T15:02:22.297+0700] {dag.py:3954} INFO - Setting next_dagrun for example_xcom_args to None, run_after=None
[2024-05-09T15:02:22.299+0700] {logging_mixin.py:188} INFO - [2024-05-09T15:02:22.299+0700] {dag.py:3954} INFO - Setting next_dagrun for example_xcom_args_with_operators to None, run_after=None
[2024-05-09T15:02:22.309+0700] {processor.py:183} INFO - Processing /Library/Frameworks/Python.framework/Versions/3.10/lib/python3.10/site-packages/airflow/example_dags/example_xcomargs.py took 0.139 seconds
[2024-05-09T15:04:02.202+0700] {processor.py:161} INFO - Started process (PID=84644) to work on /Library/Frameworks/Python.framework/Versions/3.10/lib/python3.10/site-packages/airflow/example_dags/example_xcomargs.py
[2024-05-09T15:04:02.203+0700] {processor.py:830} INFO - Processing file /Library/Frameworks/Python.framework/Versions/3.10/lib/python3.10/site-packages/airflow/example_dags/example_xcomargs.py for tasks to queue
[2024-05-09T15:04:02.203+0700] {logging_mixin.py:188} INFO - [2024-05-09T15:04:02.203+0700] {dagbag.py:540} INFO - Filling up the DagBag from /Library/Frameworks/Python.framework/Versions/3.10/lib/python3.10/site-packages/airflow/example_dags/example_xcomargs.py
[2024-05-09T15:04:02.227+0700] {processor.py:840} INFO - DAG(s) 'example_xcom_args_with_operators', 'example_xcom_args' retrieved from /Library/Frameworks/Python.framework/Versions/3.10/lib/python3.10/site-packages/airflow/example_dags/example_xcomargs.py
[2024-05-09T15:04:02.323+0700] {logging_mixin.py:188} INFO - [2024-05-09T15:04:02.323+0700] {dag.py:3096} INFO - Sync 2 DAGs
[2024-05-09T15:04:02.328+0700] {logging_mixin.py:188} INFO - [2024-05-09T15:04:02.328+0700] {dag.py:3954} INFO - Setting next_dagrun for example_xcom_args to None, run_after=None
[2024-05-09T15:04:02.330+0700] {logging_mixin.py:188} INFO - [2024-05-09T15:04:02.330+0700] {dag.py:3954} INFO - Setting next_dagrun for example_xcom_args_with_operators to None, run_after=None
[2024-05-09T15:04:02.340+0700] {processor.py:183} INFO - Processing /Library/Frameworks/Python.framework/Versions/3.10/lib/python3.10/site-packages/airflow/example_dags/example_xcomargs.py took 0.140 seconds
[2024-05-09T15:05:52.856+0700] {processor.py:161} INFO - Started process (PID=85416) to work on /Library/Frameworks/Python.framework/Versions/3.10/lib/python3.10/site-packages/airflow/example_dags/example_xcomargs.py
[2024-05-09T15:05:52.861+0700] {processor.py:830} INFO - Processing file /Library/Frameworks/Python.framework/Versions/3.10/lib/python3.10/site-packages/airflow/example_dags/example_xcomargs.py for tasks to queue
[2024-05-09T15:05:52.864+0700] {logging_mixin.py:188} INFO - [2024-05-09T15:05:52.864+0700] {dagbag.py:540} INFO - Filling up the DagBag from /Library/Frameworks/Python.framework/Versions/3.10/lib/python3.10/site-packages/airflow/example_dags/example_xcomargs.py
[2024-05-09T15:05:53.029+0700] {processor.py:840} INFO - DAG(s) 'example_xcom_args', 'example_xcom_args_with_operators' retrieved from /Library/Frameworks/Python.framework/Versions/3.10/lib/python3.10/site-packages/airflow/example_dags/example_xcomargs.py
[2024-05-09T15:05:53.438+0700] {logging_mixin.py:188} INFO - [2024-05-09T15:05:53.437+0700] {dag.py:3096} INFO - Sync 2 DAGs
[2024-05-09T15:05:53.509+0700] {logging_mixin.py:188} INFO - [2024-05-09T15:05:53.509+0700] {dag.py:3954} INFO - Setting next_dagrun for example_xcom_args to None, run_after=None
[2024-05-09T15:05:53.514+0700] {logging_mixin.py:188} INFO - [2024-05-09T15:05:53.514+0700] {dag.py:3954} INFO - Setting next_dagrun for example_xcom_args_with_operators to None, run_after=None
[2024-05-09T15:05:53.540+0700] {processor.py:183} INFO - Processing /Library/Frameworks/Python.framework/Versions/3.10/lib/python3.10/site-packages/airflow/example_dags/example_xcomargs.py took 0.691 seconds
[2024-05-09T15:09:51.963+0700] {processor.py:161} INFO - Started process (PID=86581) to work on /Library/Frameworks/Python.framework/Versions/3.10/lib/python3.10/site-packages/airflow/example_dags/example_xcomargs.py
[2024-05-09T15:09:51.965+0700] {processor.py:830} INFO - Processing file /Library/Frameworks/Python.framework/Versions/3.10/lib/python3.10/site-packages/airflow/example_dags/example_xcomargs.py for tasks to queue
[2024-05-09T15:09:51.966+0700] {logging_mixin.py:188} INFO - [2024-05-09T15:09:51.966+0700] {dagbag.py:540} INFO - Filling up the DagBag from /Library/Frameworks/Python.framework/Versions/3.10/lib/python3.10/site-packages/airflow/example_dags/example_xcomargs.py
[2024-05-09T15:09:52.007+0700] {processor.py:840} INFO - DAG(s) 'example_xcom_args_with_operators', 'example_xcom_args' retrieved from /Library/Frameworks/Python.framework/Versions/3.10/lib/python3.10/site-packages/airflow/example_dags/example_xcomargs.py
[2024-05-09T15:09:52.379+0700] {logging_mixin.py:188} INFO - [2024-05-09T15:09:52.378+0700] {dag.py:3096} INFO - Sync 2 DAGs
[2024-05-09T15:09:52.397+0700] {logging_mixin.py:188} INFO - [2024-05-09T15:09:52.396+0700] {dag.py:3954} INFO - Setting next_dagrun for example_xcom_args to None, run_after=None
[2024-05-09T15:09:52.403+0700] {logging_mixin.py:188} INFO - [2024-05-09T15:09:52.402+0700] {dag.py:3954} INFO - Setting next_dagrun for example_xcom_args_with_operators to None, run_after=None
[2024-05-09T15:09:52.433+0700] {processor.py:183} INFO - Processing /Library/Frameworks/Python.framework/Versions/3.10/lib/python3.10/site-packages/airflow/example_dags/example_xcomargs.py took 0.473 seconds
[2024-05-09T15:12:13.525+0700] {processor.py:161} INFO - Started process (PID=87666) to work on /Library/Frameworks/Python.framework/Versions/3.10/lib/python3.10/site-packages/airflow/example_dags/example_xcomargs.py
[2024-05-09T15:12:13.526+0700] {processor.py:830} INFO - Processing file /Library/Frameworks/Python.framework/Versions/3.10/lib/python3.10/site-packages/airflow/example_dags/example_xcomargs.py for tasks to queue
[2024-05-09T15:12:13.527+0700] {logging_mixin.py:188} INFO - [2024-05-09T15:12:13.527+0700] {dagbag.py:540} INFO - Filling up the DagBag from /Library/Frameworks/Python.framework/Versions/3.10/lib/python3.10/site-packages/airflow/example_dags/example_xcomargs.py
[2024-05-09T15:12:13.571+0700] {processor.py:840} INFO - DAG(s) 'example_xcom_args', 'example_xcom_args_with_operators' retrieved from /Library/Frameworks/Python.framework/Versions/3.10/lib/python3.10/site-packages/airflow/example_dags/example_xcomargs.py
[2024-05-09T15:12:13.746+0700] {logging_mixin.py:188} INFO - [2024-05-09T15:12:13.746+0700] {dag.py:3096} INFO - Sync 2 DAGs
[2024-05-09T15:12:13.755+0700] {logging_mixin.py:188} INFO - [2024-05-09T15:12:13.755+0700] {dag.py:3954} INFO - Setting next_dagrun for example_xcom_args to None, run_after=None
[2024-05-09T15:12:13.758+0700] {logging_mixin.py:188} INFO - [2024-05-09T15:12:13.758+0700] {dag.py:3954} INFO - Setting next_dagrun for example_xcom_args_with_operators to None, run_after=None
[2024-05-09T15:12:13.775+0700] {processor.py:183} INFO - Processing /Library/Frameworks/Python.framework/Versions/3.10/lib/python3.10/site-packages/airflow/example_dags/example_xcomargs.py took 0.252 seconds
[2024-05-09T15:14:09.260+0700] {processor.py:161} INFO - Started process (PID=88452) to work on /Library/Frameworks/Python.framework/Versions/3.10/lib/python3.10/site-packages/airflow/example_dags/example_xcomargs.py
[2024-05-09T15:14:09.261+0700] {processor.py:830} INFO - Processing file /Library/Frameworks/Python.framework/Versions/3.10/lib/python3.10/site-packages/airflow/example_dags/example_xcomargs.py for tasks to queue
[2024-05-09T15:14:09.262+0700] {logging_mixin.py:188} INFO - [2024-05-09T15:14:09.262+0700] {dagbag.py:540} INFO - Filling up the DagBag from /Library/Frameworks/Python.framework/Versions/3.10/lib/python3.10/site-packages/airflow/example_dags/example_xcomargs.py
[2024-05-09T15:14:09.316+0700] {processor.py:840} INFO - DAG(s) 'example_xcom_args_with_operators', 'example_xcom_args' retrieved from /Library/Frameworks/Python.framework/Versions/3.10/lib/python3.10/site-packages/airflow/example_dags/example_xcomargs.py
[2024-05-09T15:14:09.470+0700] {logging_mixin.py:188} INFO - [2024-05-09T15:14:09.470+0700] {dag.py:3096} INFO - Sync 2 DAGs
[2024-05-09T15:14:09.479+0700] {logging_mixin.py:188} INFO - [2024-05-09T15:14:09.479+0700] {dag.py:3954} INFO - Setting next_dagrun for example_xcom_args to None, run_after=None
[2024-05-09T15:14:09.482+0700] {logging_mixin.py:188} INFO - [2024-05-09T15:14:09.482+0700] {dag.py:3954} INFO - Setting next_dagrun for example_xcom_args_with_operators to None, run_after=None
[2024-05-09T15:14:09.497+0700] {processor.py:183} INFO - Processing /Library/Frameworks/Python.framework/Versions/3.10/lib/python3.10/site-packages/airflow/example_dags/example_xcomargs.py took 0.240 seconds
[2024-05-09T15:15:45.951+0700] {processor.py:161} INFO - Started process (PID=89091) to work on /Library/Frameworks/Python.framework/Versions/3.10/lib/python3.10/site-packages/airflow/example_dags/example_xcomargs.py
[2024-05-09T15:15:45.952+0700] {processor.py:830} INFO - Processing file /Library/Frameworks/Python.framework/Versions/3.10/lib/python3.10/site-packages/airflow/example_dags/example_xcomargs.py for tasks to queue
[2024-05-09T15:15:45.952+0700] {logging_mixin.py:188} INFO - [2024-05-09T15:15:45.952+0700] {dagbag.py:540} INFO - Filling up the DagBag from /Library/Frameworks/Python.framework/Versions/3.10/lib/python3.10/site-packages/airflow/example_dags/example_xcomargs.py
[2024-05-09T15:15:45.975+0700] {processor.py:840} INFO - DAG(s) 'example_xcom_args_with_operators', 'example_xcom_args' retrieved from /Library/Frameworks/Python.framework/Versions/3.10/lib/python3.10/site-packages/airflow/example_dags/example_xcomargs.py
[2024-05-09T15:15:46.080+0700] {logging_mixin.py:188} INFO - [2024-05-09T15:15:46.080+0700] {dag.py:3096} INFO - Sync 2 DAGs
[2024-05-09T15:15:46.086+0700] {logging_mixin.py:188} INFO - [2024-05-09T15:15:46.085+0700] {dag.py:3954} INFO - Setting next_dagrun for example_xcom_args to None, run_after=None
[2024-05-09T15:15:46.087+0700] {logging_mixin.py:188} INFO - [2024-05-09T15:15:46.087+0700] {dag.py:3954} INFO - Setting next_dagrun for example_xcom_args_with_operators to None, run_after=None
[2024-05-09T15:15:46.097+0700] {processor.py:183} INFO - Processing /Library/Frameworks/Python.framework/Versions/3.10/lib/python3.10/site-packages/airflow/example_dags/example_xcomargs.py took 0.148 seconds
[2024-05-09T15:17:21.632+0700] {processor.py:161} INFO - Started process (PID=90183) to work on /Library/Frameworks/Python.framework/Versions/3.10/lib/python3.10/site-packages/airflow/example_dags/example_xcomargs.py
[2024-05-09T15:17:21.632+0700] {processor.py:830} INFO - Processing file /Library/Frameworks/Python.framework/Versions/3.10/lib/python3.10/site-packages/airflow/example_dags/example_xcomargs.py for tasks to queue
[2024-05-09T15:17:21.633+0700] {logging_mixin.py:188} INFO - [2024-05-09T15:17:21.633+0700] {dagbag.py:540} INFO - Filling up the DagBag from /Library/Frameworks/Python.framework/Versions/3.10/lib/python3.10/site-packages/airflow/example_dags/example_xcomargs.py
[2024-05-09T15:17:21.664+0700] {processor.py:840} INFO - DAG(s) 'example_xcom_args', 'example_xcom_args_with_operators' retrieved from /Library/Frameworks/Python.framework/Versions/3.10/lib/python3.10/site-packages/airflow/example_dags/example_xcomargs.py
[2024-05-09T15:17:21.792+0700] {logging_mixin.py:188} INFO - [2024-05-09T15:17:21.792+0700] {dag.py:3096} INFO - Sync 2 DAGs
[2024-05-09T15:17:21.807+0700] {logging_mixin.py:188} INFO - [2024-05-09T15:17:21.807+0700] {dag.py:3954} INFO - Setting next_dagrun for example_xcom_args to None, run_after=None
[2024-05-09T15:17:21.813+0700] {logging_mixin.py:188} INFO - [2024-05-09T15:17:21.813+0700] {dag.py:3954} INFO - Setting next_dagrun for example_xcom_args_with_operators to None, run_after=None
[2024-05-09T15:17:21.830+0700] {processor.py:183} INFO - Processing /Library/Frameworks/Python.framework/Versions/3.10/lib/python3.10/site-packages/airflow/example_dags/example_xcomargs.py took 0.201 seconds
[2024-05-09T15:18:48.955+0700] {processor.py:161} INFO - Started process (PID=90725) to work on /Library/Frameworks/Python.framework/Versions/3.10/lib/python3.10/site-packages/airflow/example_dags/example_xcomargs.py
[2024-05-09T15:18:48.956+0700] {processor.py:830} INFO - Processing file /Library/Frameworks/Python.framework/Versions/3.10/lib/python3.10/site-packages/airflow/example_dags/example_xcomargs.py for tasks to queue
[2024-05-09T15:18:48.958+0700] {logging_mixin.py:188} INFO - [2024-05-09T15:18:48.957+0700] {dagbag.py:540} INFO - Filling up the DagBag from /Library/Frameworks/Python.framework/Versions/3.10/lib/python3.10/site-packages/airflow/example_dags/example_xcomargs.py
[2024-05-09T15:18:48.993+0700] {processor.py:840} INFO - DAG(s) 'example_xcom_args_with_operators', 'example_xcom_args' retrieved from /Library/Frameworks/Python.framework/Versions/3.10/lib/python3.10/site-packages/airflow/example_dags/example_xcomargs.py
[2024-05-09T15:18:49.124+0700] {logging_mixin.py:188} INFO - [2024-05-09T15:18:49.124+0700] {dag.py:3096} INFO - Sync 2 DAGs
[2024-05-09T15:18:49.132+0700] {logging_mixin.py:188} INFO - [2024-05-09T15:18:49.131+0700] {dag.py:3954} INFO - Setting next_dagrun for example_xcom_args to None, run_after=None
[2024-05-09T15:18:49.134+0700] {logging_mixin.py:188} INFO - [2024-05-09T15:18:49.134+0700] {dag.py:3954} INFO - Setting next_dagrun for example_xcom_args_with_operators to None, run_after=None
[2024-05-09T15:18:49.171+0700] {processor.py:183} INFO - Processing /Library/Frameworks/Python.framework/Versions/3.10/lib/python3.10/site-packages/airflow/example_dags/example_xcomargs.py took 0.223 seconds
[2024-05-09T15:20:31.291+0700] {processor.py:161} INFO - Started process (PID=91475) to work on /Library/Frameworks/Python.framework/Versions/3.10/lib/python3.10/site-packages/airflow/example_dags/example_xcomargs.py
[2024-05-09T15:20:31.292+0700] {processor.py:830} INFO - Processing file /Library/Frameworks/Python.framework/Versions/3.10/lib/python3.10/site-packages/airflow/example_dags/example_xcomargs.py for tasks to queue
[2024-05-09T15:20:31.293+0700] {logging_mixin.py:188} INFO - [2024-05-09T15:20:31.293+0700] {dagbag.py:540} INFO - Filling up the DagBag from /Library/Frameworks/Python.framework/Versions/3.10/lib/python3.10/site-packages/airflow/example_dags/example_xcomargs.py
[2024-05-09T15:20:31.320+0700] {processor.py:840} INFO - DAG(s) 'example_xcom_args', 'example_xcom_args_with_operators' retrieved from /Library/Frameworks/Python.framework/Versions/3.10/lib/python3.10/site-packages/airflow/example_dags/example_xcomargs.py
[2024-05-09T15:20:31.334+0700] {logging_mixin.py:188} INFO - [2024-05-09T15:20:31.334+0700] {dag.py:3096} INFO - Sync 2 DAGs
[2024-05-09T15:20:31.423+0700] {logging_mixin.py:188} INFO - [2024-05-09T15:20:31.423+0700] {dag.py:3954} INFO - Setting next_dagrun for example_xcom_args to None, run_after=None
[2024-05-09T15:20:31.426+0700] {logging_mixin.py:188} INFO - [2024-05-09T15:20:31.425+0700] {dag.py:3954} INFO - Setting next_dagrun for example_xcom_args_with_operators to None, run_after=None
[2024-05-09T15:20:31.437+0700] {processor.py:183} INFO - Processing /Library/Frameworks/Python.framework/Versions/3.10/lib/python3.10/site-packages/airflow/example_dags/example_xcomargs.py took 0.152 seconds
[2024-05-09T15:22:12.263+0700] {processor.py:161} INFO - Started process (PID=92220) to work on /Library/Frameworks/Python.framework/Versions/3.10/lib/python3.10/site-packages/airflow/example_dags/example_xcomargs.py
[2024-05-09T15:22:12.272+0700] {processor.py:830} INFO - Processing file /Library/Frameworks/Python.framework/Versions/3.10/lib/python3.10/site-packages/airflow/example_dags/example_xcomargs.py for tasks to queue
[2024-05-09T15:22:12.272+0700] {logging_mixin.py:188} INFO - [2024-05-09T15:22:12.272+0700] {dagbag.py:540} INFO - Filling up the DagBag from /Library/Frameworks/Python.framework/Versions/3.10/lib/python3.10/site-packages/airflow/example_dags/example_xcomargs.py
[2024-05-09T15:22:12.295+0700] {processor.py:840} INFO - DAG(s) 'example_xcom_args', 'example_xcom_args_with_operators' retrieved from /Library/Frameworks/Python.framework/Versions/3.10/lib/python3.10/site-packages/airflow/example_dags/example_xcomargs.py
[2024-05-09T15:22:12.443+0700] {logging_mixin.py:188} INFO - [2024-05-09T15:22:12.443+0700] {dag.py:3096} INFO - Sync 2 DAGs
[2024-05-09T15:22:12.449+0700] {logging_mixin.py:188} INFO - [2024-05-09T15:22:12.449+0700] {dag.py:3954} INFO - Setting next_dagrun for example_xcom_args to None, run_after=None
[2024-05-09T15:22:12.451+0700] {logging_mixin.py:188} INFO - [2024-05-09T15:22:12.451+0700] {dag.py:3954} INFO - Setting next_dagrun for example_xcom_args_with_operators to None, run_after=None
[2024-05-09T15:22:12.461+0700] {processor.py:183} INFO - Processing /Library/Frameworks/Python.framework/Versions/3.10/lib/python3.10/site-packages/airflow/example_dags/example_xcomargs.py took 0.201 seconds
[2024-05-09T15:24:10.599+0700] {processor.py:161} INFO - Started process (PID=94660) to work on /Library/Frameworks/Python.framework/Versions/3.10/lib/python3.10/site-packages/airflow/example_dags/example_xcomargs.py
[2024-05-09T15:24:10.600+0700] {processor.py:830} INFO - Processing file /Library/Frameworks/Python.framework/Versions/3.10/lib/python3.10/site-packages/airflow/example_dags/example_xcomargs.py for tasks to queue
[2024-05-09T15:24:10.601+0700] {logging_mixin.py:188} INFO - [2024-05-09T15:24:10.600+0700] {dagbag.py:540} INFO - Filling up the DagBag from /Library/Frameworks/Python.framework/Versions/3.10/lib/python3.10/site-packages/airflow/example_dags/example_xcomargs.py
[2024-05-09T15:24:10.625+0700] {processor.py:840} INFO - DAG(s) 'example_xcom_args', 'example_xcom_args_with_operators' retrieved from /Library/Frameworks/Python.framework/Versions/3.10/lib/python3.10/site-packages/airflow/example_dags/example_xcomargs.py
[2024-05-09T15:24:10.723+0700] {logging_mixin.py:188} INFO - [2024-05-09T15:24:10.723+0700] {dag.py:3096} INFO - Sync 2 DAGs
[2024-05-09T15:24:10.729+0700] {logging_mixin.py:188} INFO - [2024-05-09T15:24:10.728+0700] {dag.py:3954} INFO - Setting next_dagrun for example_xcom_args to None, run_after=None
[2024-05-09T15:24:10.730+0700] {logging_mixin.py:188} INFO - [2024-05-09T15:24:10.730+0700] {dag.py:3954} INFO - Setting next_dagrun for example_xcom_args_with_operators to None, run_after=None
[2024-05-09T15:24:10.740+0700] {processor.py:183} INFO - Processing /Library/Frameworks/Python.framework/Versions/3.10/lib/python3.10/site-packages/airflow/example_dags/example_xcomargs.py took 0.142 seconds
[2024-05-09T15:25:44.202+0700] {processor.py:161} INFO - Started process (PID=95240) to work on /Library/Frameworks/Python.framework/Versions/3.10/lib/python3.10/site-packages/airflow/example_dags/example_xcomargs.py
[2024-05-09T15:25:44.203+0700] {processor.py:830} INFO - Processing file /Library/Frameworks/Python.framework/Versions/3.10/lib/python3.10/site-packages/airflow/example_dags/example_xcomargs.py for tasks to queue
[2024-05-09T15:25:44.204+0700] {logging_mixin.py:188} INFO - [2024-05-09T15:25:44.204+0700] {dagbag.py:540} INFO - Filling up the DagBag from /Library/Frameworks/Python.framework/Versions/3.10/lib/python3.10/site-packages/airflow/example_dags/example_xcomargs.py
[2024-05-09T15:25:44.231+0700] {processor.py:840} INFO - DAG(s) 'example_xcom_args_with_operators', 'example_xcom_args' retrieved from /Library/Frameworks/Python.framework/Versions/3.10/lib/python3.10/site-packages/airflow/example_dags/example_xcomargs.py
[2024-05-09T15:25:44.382+0700] {logging_mixin.py:188} INFO - [2024-05-09T15:25:44.382+0700] {dag.py:3096} INFO - Sync 2 DAGs
[2024-05-09T15:25:44.390+0700] {logging_mixin.py:188} INFO - [2024-05-09T15:25:44.389+0700] {dag.py:3954} INFO - Setting next_dagrun for example_xcom_args to None, run_after=None
[2024-05-09T15:25:44.393+0700] {logging_mixin.py:188} INFO - [2024-05-09T15:25:44.393+0700] {dag.py:3954} INFO - Setting next_dagrun for example_xcom_args_with_operators to None, run_after=None
[2024-05-09T15:25:44.411+0700] {processor.py:183} INFO - Processing /Library/Frameworks/Python.framework/Versions/3.10/lib/python3.10/site-packages/airflow/example_dags/example_xcomargs.py took 0.211 seconds
[2024-05-09T15:27:19.751+0700] {processor.py:161} INFO - Started process (PID=95845) to work on /Library/Frameworks/Python.framework/Versions/3.10/lib/python3.10/site-packages/airflow/example_dags/example_xcomargs.py
[2024-05-09T15:27:19.752+0700] {processor.py:830} INFO - Processing file /Library/Frameworks/Python.framework/Versions/3.10/lib/python3.10/site-packages/airflow/example_dags/example_xcomargs.py for tasks to queue
[2024-05-09T15:27:19.753+0700] {logging_mixin.py:188} INFO - [2024-05-09T15:27:19.753+0700] {dagbag.py:540} INFO - Filling up the DagBag from /Library/Frameworks/Python.framework/Versions/3.10/lib/python3.10/site-packages/airflow/example_dags/example_xcomargs.py
[2024-05-09T15:27:19.777+0700] {processor.py:840} INFO - DAG(s) 'example_xcom_args', 'example_xcom_args_with_operators' retrieved from /Library/Frameworks/Python.framework/Versions/3.10/lib/python3.10/site-packages/airflow/example_dags/example_xcomargs.py
[2024-05-09T15:27:19.873+0700] {logging_mixin.py:188} INFO - [2024-05-09T15:27:19.872+0700] {dag.py:3096} INFO - Sync 2 DAGs
[2024-05-09T15:27:19.878+0700] {logging_mixin.py:188} INFO - [2024-05-09T15:27:19.878+0700] {dag.py:3954} INFO - Setting next_dagrun for example_xcom_args to None, run_after=None
[2024-05-09T15:27:19.880+0700] {logging_mixin.py:188} INFO - [2024-05-09T15:27:19.880+0700] {dag.py:3954} INFO - Setting next_dagrun for example_xcom_args_with_operators to None, run_after=None
[2024-05-09T15:27:19.890+0700] {processor.py:183} INFO - Processing /Library/Frameworks/Python.framework/Versions/3.10/lib/python3.10/site-packages/airflow/example_dags/example_xcomargs.py took 0.141 seconds
[2024-05-09T15:28:44.609+0700] {processor.py:161} INFO - Started process (PID=96332) to work on /Library/Frameworks/Python.framework/Versions/3.10/lib/python3.10/site-packages/airflow/example_dags/example_xcomargs.py
[2024-05-09T15:28:44.609+0700] {processor.py:830} INFO - Processing file /Library/Frameworks/Python.framework/Versions/3.10/lib/python3.10/site-packages/airflow/example_dags/example_xcomargs.py for tasks to queue
[2024-05-09T15:28:44.610+0700] {logging_mixin.py:188} INFO - [2024-05-09T15:28:44.610+0700] {dagbag.py:540} INFO - Filling up the DagBag from /Library/Frameworks/Python.framework/Versions/3.10/lib/python3.10/site-packages/airflow/example_dags/example_xcomargs.py
[2024-05-09T15:28:44.647+0700] {processor.py:840} INFO - DAG(s) 'example_xcom_args_with_operators', 'example_xcom_args' retrieved from /Library/Frameworks/Python.framework/Versions/3.10/lib/python3.10/site-packages/airflow/example_dags/example_xcomargs.py
[2024-05-09T15:28:44.754+0700] {logging_mixin.py:188} INFO - [2024-05-09T15:28:44.754+0700] {dag.py:3096} INFO - Sync 2 DAGs
[2024-05-09T15:28:44.761+0700] {logging_mixin.py:188} INFO - [2024-05-09T15:28:44.761+0700] {dag.py:3954} INFO - Setting next_dagrun for example_xcom_args to None, run_after=None
[2024-05-09T15:28:44.763+0700] {logging_mixin.py:188} INFO - [2024-05-09T15:28:44.763+0700] {dag.py:3954} INFO - Setting next_dagrun for example_xcom_args_with_operators to None, run_after=None
[2024-05-09T15:28:44.777+0700] {processor.py:183} INFO - Processing /Library/Frameworks/Python.framework/Versions/3.10/lib/python3.10/site-packages/airflow/example_dags/example_xcomargs.py took 0.170 seconds
[2024-05-09T15:30:49.517+0700] {processor.py:161} INFO - Started process (PID=97140) to work on /Library/Frameworks/Python.framework/Versions/3.10/lib/python3.10/site-packages/airflow/example_dags/example_xcomargs.py
[2024-05-09T15:30:49.519+0700] {processor.py:830} INFO - Processing file /Library/Frameworks/Python.framework/Versions/3.10/lib/python3.10/site-packages/airflow/example_dags/example_xcomargs.py for tasks to queue
[2024-05-09T15:30:49.520+0700] {logging_mixin.py:188} INFO - [2024-05-09T15:30:49.520+0700] {dagbag.py:540} INFO - Filling up the DagBag from /Library/Frameworks/Python.framework/Versions/3.10/lib/python3.10/site-packages/airflow/example_dags/example_xcomargs.py
[2024-05-09T15:30:49.604+0700] {processor.py:840} INFO - DAG(s) 'example_xcom_args', 'example_xcom_args_with_operators' retrieved from /Library/Frameworks/Python.framework/Versions/3.10/lib/python3.10/site-packages/airflow/example_dags/example_xcomargs.py
[2024-05-09T15:30:49.851+0700] {logging_mixin.py:188} INFO - [2024-05-09T15:30:49.851+0700] {dag.py:3096} INFO - Sync 2 DAGs
[2024-05-09T15:30:49.865+0700] {logging_mixin.py:188} INFO - [2024-05-09T15:30:49.864+0700] {dag.py:3954} INFO - Setting next_dagrun for example_xcom_args to None, run_after=None
[2024-05-09T15:30:49.869+0700] {logging_mixin.py:188} INFO - [2024-05-09T15:30:49.869+0700] {dag.py:3954} INFO - Setting next_dagrun for example_xcom_args_with_operators to None, run_after=None
[2024-05-09T15:30:49.896+0700] {processor.py:183} INFO - Processing /Library/Frameworks/Python.framework/Versions/3.10/lib/python3.10/site-packages/airflow/example_dags/example_xcomargs.py took 0.385 seconds
[2024-05-09T15:33:31.307+0700] {processor.py:161} INFO - Started process (PID=98031) to work on /Library/Frameworks/Python.framework/Versions/3.10/lib/python3.10/site-packages/airflow/example_dags/example_xcomargs.py
[2024-05-09T15:33:31.308+0700] {processor.py:830} INFO - Processing file /Library/Frameworks/Python.framework/Versions/3.10/lib/python3.10/site-packages/airflow/example_dags/example_xcomargs.py for tasks to queue
[2024-05-09T15:33:31.309+0700] {logging_mixin.py:188} INFO - [2024-05-09T15:33:31.309+0700] {dagbag.py:540} INFO - Filling up the DagBag from /Library/Frameworks/Python.framework/Versions/3.10/lib/python3.10/site-packages/airflow/example_dags/example_xcomargs.py
[2024-05-09T15:33:31.343+0700] {processor.py:840} INFO - DAG(s) 'example_xcom_args', 'example_xcom_args_with_operators' retrieved from /Library/Frameworks/Python.framework/Versions/3.10/lib/python3.10/site-packages/airflow/example_dags/example_xcomargs.py
[2024-05-09T15:33:31.462+0700] {logging_mixin.py:188} INFO - [2024-05-09T15:33:31.462+0700] {dag.py:3096} INFO - Sync 2 DAGs
[2024-05-09T15:33:31.469+0700] {logging_mixin.py:188} INFO - [2024-05-09T15:33:31.468+0700] {dag.py:3954} INFO - Setting next_dagrun for example_xcom_args to None, run_after=None
[2024-05-09T15:33:31.471+0700] {logging_mixin.py:188} INFO - [2024-05-09T15:33:31.470+0700] {dag.py:3954} INFO - Setting next_dagrun for example_xcom_args_with_operators to None, run_after=None
[2024-05-09T15:33:31.482+0700] {processor.py:183} INFO - Processing /Library/Frameworks/Python.framework/Versions/3.10/lib/python3.10/site-packages/airflow/example_dags/example_xcomargs.py took 0.177 seconds
[2024-05-09T15:35:36.837+0700] {processor.py:161} INFO - Started process (PID=98783) to work on /Library/Frameworks/Python.framework/Versions/3.10/lib/python3.10/site-packages/airflow/example_dags/example_xcomargs.py
[2024-05-09T15:35:36.838+0700] {processor.py:830} INFO - Processing file /Library/Frameworks/Python.framework/Versions/3.10/lib/python3.10/site-packages/airflow/example_dags/example_xcomargs.py for tasks to queue
[2024-05-09T15:35:36.838+0700] {logging_mixin.py:188} INFO - [2024-05-09T15:35:36.838+0700] {dagbag.py:540} INFO - Filling up the DagBag from /Library/Frameworks/Python.framework/Versions/3.10/lib/python3.10/site-packages/airflow/example_dags/example_xcomargs.py
[2024-05-09T15:35:36.877+0700] {processor.py:840} INFO - DAG(s) 'example_xcom_args_with_operators', 'example_xcom_args' retrieved from /Library/Frameworks/Python.framework/Versions/3.10/lib/python3.10/site-packages/airflow/example_dags/example_xcomargs.py
[2024-05-09T15:35:37.028+0700] {logging_mixin.py:188} INFO - [2024-05-09T15:35:37.028+0700] {dag.py:3096} INFO - Sync 2 DAGs
[2024-05-09T15:35:37.035+0700] {logging_mixin.py:188} INFO - [2024-05-09T15:35:37.035+0700] {dag.py:3954} INFO - Setting next_dagrun for example_xcom_args to None, run_after=None
[2024-05-09T15:35:37.037+0700] {logging_mixin.py:188} INFO - [2024-05-09T15:35:37.037+0700] {dag.py:3954} INFO - Setting next_dagrun for example_xcom_args_with_operators to None, run_after=None
[2024-05-09T15:35:37.051+0700] {processor.py:183} INFO - Processing /Library/Frameworks/Python.framework/Versions/3.10/lib/python3.10/site-packages/airflow/example_dags/example_xcomargs.py took 0.217 seconds
[2024-05-09T15:59:29.747+0700] {processor.py:161} INFO - Started process (PID=8680) to work on /Library/Frameworks/Python.framework/Versions/3.10/lib/python3.10/site-packages/airflow/example_dags/example_xcomargs.py
[2024-05-09T15:59:29.749+0700] {processor.py:830} INFO - Processing file /Library/Frameworks/Python.framework/Versions/3.10/lib/python3.10/site-packages/airflow/example_dags/example_xcomargs.py for tasks to queue
[2024-05-09T15:59:29.750+0700] {logging_mixin.py:188} INFO - [2024-05-09T15:59:29.750+0700] {dagbag.py:540} INFO - Filling up the DagBag from /Library/Frameworks/Python.framework/Versions/3.10/lib/python3.10/site-packages/airflow/example_dags/example_xcomargs.py
[2024-05-09T15:59:29.810+0700] {processor.py:840} INFO - DAG(s) 'example_xcom_args', 'example_xcom_args_with_operators' retrieved from /Library/Frameworks/Python.framework/Versions/3.10/lib/python3.10/site-packages/airflow/example_dags/example_xcomargs.py
[2024-05-09T15:59:30.131+0700] {logging_mixin.py:188} INFO - [2024-05-09T15:59:30.131+0700] {dag.py:3096} INFO - Sync 2 DAGs
[2024-05-09T15:59:30.142+0700] {logging_mixin.py:188} INFO - [2024-05-09T15:59:30.142+0700] {dag.py:3954} INFO - Setting next_dagrun for example_xcom_args to None, run_after=None
[2024-05-09T15:59:30.145+0700] {logging_mixin.py:188} INFO - [2024-05-09T15:59:30.145+0700] {dag.py:3954} INFO - Setting next_dagrun for example_xcom_args_with_operators to None, run_after=None
[2024-05-09T15:59:30.172+0700] {processor.py:183} INFO - Processing /Library/Frameworks/Python.framework/Versions/3.10/lib/python3.10/site-packages/airflow/example_dags/example_xcomargs.py took 0.430 seconds
