[2024-05-09T14:31:31.308+0700] {processor.py:161} INFO - Started process (PID=69698) to work on /Library/Frameworks/Python.framework/Versions/3.10/lib/python3.10/site-packages/airflow/example_dags/example_sensor_decorator.py
[2024-05-09T14:31:31.309+0700] {processor.py:830} INFO - Processing file /Library/Frameworks/Python.framework/Versions/3.10/lib/python3.10/site-packages/airflow/example_dags/example_sensor_decorator.py for tasks to queue
[2024-05-09T14:31:31.309+0700] {logging_mixin.py:188} INFO - [2024-05-09T14:31:31.309+0700] {dagbag.py:540} INFO - Filling up the DagBag from /Library/Frameworks/Python.framework/Versions/3.10/lib/python3.10/site-packages/airflow/example_dags/example_sensor_decorator.py
[2024-05-09T14:31:31.334+0700] {processor.py:840} INFO - DAG(s) 'example_sensor_decorator' retrieved from /Library/Frameworks/Python.framework/Versions/3.10/lib/python3.10/site-packages/airflow/example_dags/example_sensor_decorator.py
[2024-05-09T14:31:31.492+0700] {logging_mixin.py:188} INFO - [2024-05-09T14:31:31.492+0700] {dag.py:3096} INFO - Sync 1 DAGs
[2024-05-09T14:31:31.498+0700] {logging_mixin.py:188} INFO - [2024-05-09T14:31:31.498+0700] {dag.py:3954} INFO - Setting next_dagrun for example_sensor_decorator to None, run_after=None
[2024-05-09T14:31:31.509+0700] {processor.py:183} INFO - Processing /Library/Frameworks/Python.framework/Versions/3.10/lib/python3.10/site-packages/airflow/example_dags/example_sensor_decorator.py took 0.202 seconds
[2024-05-09T14:33:46.122+0700] {processor.py:161} INFO - Started process (PID=70480) to work on /Library/Frameworks/Python.framework/Versions/3.10/lib/python3.10/site-packages/airflow/example_dags/example_sensor_decorator.py
[2024-05-09T14:33:46.123+0700] {processor.py:830} INFO - Processing file /Library/Frameworks/Python.framework/Versions/3.10/lib/python3.10/site-packages/airflow/example_dags/example_sensor_decorator.py for tasks to queue
[2024-05-09T14:33:46.123+0700] {logging_mixin.py:188} INFO - [2024-05-09T14:33:46.123+0700] {dagbag.py:540} INFO - Filling up the DagBag from /Library/Frameworks/Python.framework/Versions/3.10/lib/python3.10/site-packages/airflow/example_dags/example_sensor_decorator.py
[2024-05-09T14:33:46.155+0700] {processor.py:840} INFO - DAG(s) 'example_sensor_decorator' retrieved from /Library/Frameworks/Python.framework/Versions/3.10/lib/python3.10/site-packages/airflow/example_dags/example_sensor_decorator.py
[2024-05-09T14:33:46.331+0700] {logging_mixin.py:188} INFO - [2024-05-09T14:33:46.331+0700] {dag.py:3096} INFO - Sync 1 DAGs
[2024-05-09T14:33:46.337+0700] {logging_mixin.py:188} INFO - [2024-05-09T14:33:46.337+0700] {dag.py:3954} INFO - Setting next_dagrun for example_sensor_decorator to None, run_after=None
[2024-05-09T14:33:46.350+0700] {processor.py:183} INFO - Processing /Library/Frameworks/Python.framework/Versions/3.10/lib/python3.10/site-packages/airflow/example_dags/example_sensor_decorator.py took 0.230 seconds
[2024-05-09T14:35:29.998+0700] {processor.py:161} INFO - Started process (PID=71080) to work on /Library/Frameworks/Python.framework/Versions/3.10/lib/python3.10/site-packages/airflow/example_dags/example_sensor_decorator.py
[2024-05-09T14:35:30.000+0700] {processor.py:830} INFO - Processing file /Library/Frameworks/Python.framework/Versions/3.10/lib/python3.10/site-packages/airflow/example_dags/example_sensor_decorator.py for tasks to queue
[2024-05-09T14:35:30.000+0700] {logging_mixin.py:188} INFO - [2024-05-09T14:35:30.000+0700] {dagbag.py:540} INFO - Filling up the DagBag from /Library/Frameworks/Python.framework/Versions/3.10/lib/python3.10/site-packages/airflow/example_dags/example_sensor_decorator.py
[2024-05-09T14:35:30.042+0700] {processor.py:840} INFO - DAG(s) 'example_sensor_decorator' retrieved from /Library/Frameworks/Python.framework/Versions/3.10/lib/python3.10/site-packages/airflow/example_dags/example_sensor_decorator.py
[2024-05-09T14:35:30.269+0700] {logging_mixin.py:188} INFO - [2024-05-09T14:35:30.269+0700] {dag.py:3096} INFO - Sync 1 DAGs
[2024-05-09T14:35:30.281+0700] {logging_mixin.py:188} INFO - [2024-05-09T14:35:30.281+0700] {dag.py:3954} INFO - Setting next_dagrun for example_sensor_decorator to None, run_after=None
[2024-05-09T14:35:30.303+0700] {processor.py:183} INFO - Processing /Library/Frameworks/Python.framework/Versions/3.10/lib/python3.10/site-packages/airflow/example_dags/example_sensor_decorator.py took 0.308 seconds
[2024-05-09T14:37:03.709+0700] {processor.py:161} INFO - Started process (PID=71663) to work on /Library/Frameworks/Python.framework/Versions/3.10/lib/python3.10/site-packages/airflow/example_dags/example_sensor_decorator.py
[2024-05-09T14:37:03.710+0700] {processor.py:830} INFO - Processing file /Library/Frameworks/Python.framework/Versions/3.10/lib/python3.10/site-packages/airflow/example_dags/example_sensor_decorator.py for tasks to queue
[2024-05-09T14:37:03.711+0700] {logging_mixin.py:188} INFO - [2024-05-09T14:37:03.710+0700] {dagbag.py:540} INFO - Filling up the DagBag from /Library/Frameworks/Python.framework/Versions/3.10/lib/python3.10/site-packages/airflow/example_dags/example_sensor_decorator.py
[2024-05-09T14:37:03.732+0700] {processor.py:840} INFO - DAG(s) 'example_sensor_decorator' retrieved from /Library/Frameworks/Python.framework/Versions/3.10/lib/python3.10/site-packages/airflow/example_dags/example_sensor_decorator.py
[2024-05-09T14:37:03.841+0700] {logging_mixin.py:188} INFO - [2024-05-09T14:37:03.841+0700] {dag.py:3096} INFO - Sync 1 DAGs
[2024-05-09T14:37:03.847+0700] {logging_mixin.py:188} INFO - [2024-05-09T14:37:03.847+0700] {dag.py:3954} INFO - Setting next_dagrun for example_sensor_decorator to None, run_after=None
[2024-05-09T14:37:03.858+0700] {processor.py:183} INFO - Processing /Library/Frameworks/Python.framework/Versions/3.10/lib/python3.10/site-packages/airflow/example_dags/example_sensor_decorator.py took 0.150 seconds
[2024-05-09T14:40:28.429+0700] {processor.py:161} INFO - Started process (PID=73417) to work on /Library/Frameworks/Python.framework/Versions/3.10/lib/python3.10/site-packages/airflow/example_dags/example_sensor_decorator.py
[2024-05-09T14:40:28.430+0700] {processor.py:830} INFO - Processing file /Library/Frameworks/Python.framework/Versions/3.10/lib/python3.10/site-packages/airflow/example_dags/example_sensor_decorator.py for tasks to queue
[2024-05-09T14:40:28.430+0700] {logging_mixin.py:188} INFO - [2024-05-09T14:40:28.430+0700] {dagbag.py:540} INFO - Filling up the DagBag from /Library/Frameworks/Python.framework/Versions/3.10/lib/python3.10/site-packages/airflow/example_dags/example_sensor_decorator.py
[2024-05-09T14:40:28.451+0700] {processor.py:840} INFO - DAG(s) 'example_sensor_decorator' retrieved from /Library/Frameworks/Python.framework/Versions/3.10/lib/python3.10/site-packages/airflow/example_dags/example_sensor_decorator.py
[2024-05-09T14:40:28.561+0700] {logging_mixin.py:188} INFO - [2024-05-09T14:40:28.561+0700] {dag.py:3096} INFO - Sync 1 DAGs
[2024-05-09T14:40:28.566+0700] {logging_mixin.py:188} INFO - [2024-05-09T14:40:28.566+0700] {dag.py:3954} INFO - Setting next_dagrun for example_sensor_decorator to None, run_after=None
[2024-05-09T14:40:28.577+0700] {processor.py:183} INFO - Processing /Library/Frameworks/Python.framework/Versions/3.10/lib/python3.10/site-packages/airflow/example_dags/example_sensor_decorator.py took 0.149 seconds
[2024-05-09T14:42:38.719+0700] {processor.py:161} INFO - Started process (PID=76759) to work on /Library/Frameworks/Python.framework/Versions/3.10/lib/python3.10/site-packages/airflow/example_dags/example_sensor_decorator.py
[2024-05-09T14:42:38.724+0700] {processor.py:830} INFO - Processing file /Library/Frameworks/Python.framework/Versions/3.10/lib/python3.10/site-packages/airflow/example_dags/example_sensor_decorator.py for tasks to queue
[2024-05-09T14:42:38.727+0700] {logging_mixin.py:188} INFO - [2024-05-09T14:42:38.727+0700] {dagbag.py:540} INFO - Filling up the DagBag from /Library/Frameworks/Python.framework/Versions/3.10/lib/python3.10/site-packages/airflow/example_dags/example_sensor_decorator.py
[2024-05-09T14:42:38.778+0700] {processor.py:840} INFO - DAG(s) 'example_sensor_decorator' retrieved from /Library/Frameworks/Python.framework/Versions/3.10/lib/python3.10/site-packages/airflow/example_dags/example_sensor_decorator.py
[2024-05-09T14:42:38.976+0700] {logging_mixin.py:188} INFO - [2024-05-09T14:42:38.976+0700] {dag.py:3096} INFO - Sync 1 DAGs
[2024-05-09T14:42:38.990+0700] {logging_mixin.py:188} INFO - [2024-05-09T14:42:38.989+0700] {dag.py:3954} INFO - Setting next_dagrun for example_sensor_decorator to None, run_after=None
[2024-05-09T14:42:40.006+0700] {processor.py:183} INFO - Processing /Library/Frameworks/Python.framework/Versions/3.10/lib/python3.10/site-packages/airflow/example_dags/example_sensor_decorator.py took 1.297 seconds
[2024-05-09T14:44:36.158+0700] {processor.py:161} INFO - Started process (PID=77536) to work on /Library/Frameworks/Python.framework/Versions/3.10/lib/python3.10/site-packages/airflow/example_dags/example_sensor_decorator.py
[2024-05-09T14:44:36.174+0700] {processor.py:830} INFO - Processing file /Library/Frameworks/Python.framework/Versions/3.10/lib/python3.10/site-packages/airflow/example_dags/example_sensor_decorator.py for tasks to queue
[2024-05-09T14:44:36.179+0700] {logging_mixin.py:188} INFO - [2024-05-09T14:44:36.178+0700] {dagbag.py:540} INFO - Filling up the DagBag from /Library/Frameworks/Python.framework/Versions/3.10/lib/python3.10/site-packages/airflow/example_dags/example_sensor_decorator.py
[2024-05-09T14:44:36.360+0700] {processor.py:840} INFO - DAG(s) 'example_sensor_decorator' retrieved from /Library/Frameworks/Python.framework/Versions/3.10/lib/python3.10/site-packages/airflow/example_dags/example_sensor_decorator.py
[2024-05-09T14:44:37.172+0700] {logging_mixin.py:188} INFO - [2024-05-09T14:44:37.167+0700] {dag.py:3096} INFO - Sync 1 DAGs
[2024-05-09T14:44:37.207+0700] {logging_mixin.py:188} INFO - [2024-05-09T14:44:37.205+0700] {dag.py:3954} INFO - Setting next_dagrun for example_sensor_decorator to None, run_after=None
[2024-05-09T14:44:37.245+0700] {processor.py:183} INFO - Processing /Library/Frameworks/Python.framework/Versions/3.10/lib/python3.10/site-packages/airflow/example_dags/example_sensor_decorator.py took 1.099 seconds
[2024-05-09T14:46:26.680+0700] {processor.py:161} INFO - Started process (PID=78285) to work on /Library/Frameworks/Python.framework/Versions/3.10/lib/python3.10/site-packages/airflow/example_dags/example_sensor_decorator.py
[2024-05-09T14:46:26.681+0700] {processor.py:830} INFO - Processing file /Library/Frameworks/Python.framework/Versions/3.10/lib/python3.10/site-packages/airflow/example_dags/example_sensor_decorator.py for tasks to queue
[2024-05-09T14:46:26.681+0700] {logging_mixin.py:188} INFO - [2024-05-09T14:46:26.681+0700] {dagbag.py:540} INFO - Filling up the DagBag from /Library/Frameworks/Python.framework/Versions/3.10/lib/python3.10/site-packages/airflow/example_dags/example_sensor_decorator.py
[2024-05-09T14:46:26.708+0700] {processor.py:840} INFO - DAG(s) 'example_sensor_decorator' retrieved from /Library/Frameworks/Python.framework/Versions/3.10/lib/python3.10/site-packages/airflow/example_dags/example_sensor_decorator.py
[2024-05-09T14:46:26.826+0700] {logging_mixin.py:188} INFO - [2024-05-09T14:46:26.826+0700] {dag.py:3096} INFO - Sync 1 DAGs
[2024-05-09T14:46:26.835+0700] {logging_mixin.py:188} INFO - [2024-05-09T14:46:26.835+0700] {dag.py:3954} INFO - Setting next_dagrun for example_sensor_decorator to None, run_after=None
[2024-05-09T14:46:26.848+0700] {processor.py:183} INFO - Processing /Library/Frameworks/Python.framework/Versions/3.10/lib/python3.10/site-packages/airflow/example_dags/example_sensor_decorator.py took 0.172 seconds
[2024-05-09T14:48:23.662+0700] {processor.py:161} INFO - Started process (PID=78961) to work on /Library/Frameworks/Python.framework/Versions/3.10/lib/python3.10/site-packages/airflow/example_dags/example_sensor_decorator.py
[2024-05-09T14:48:23.663+0700] {processor.py:830} INFO - Processing file /Library/Frameworks/Python.framework/Versions/3.10/lib/python3.10/site-packages/airflow/example_dags/example_sensor_decorator.py for tasks to queue
[2024-05-09T14:48:23.665+0700] {logging_mixin.py:188} INFO - [2024-05-09T14:48:23.664+0700] {dagbag.py:540} INFO - Filling up the DagBag from /Library/Frameworks/Python.framework/Versions/3.10/lib/python3.10/site-packages/airflow/example_dags/example_sensor_decorator.py
[2024-05-09T14:48:23.721+0700] {processor.py:840} INFO - DAG(s) 'example_sensor_decorator' retrieved from /Library/Frameworks/Python.framework/Versions/3.10/lib/python3.10/site-packages/airflow/example_dags/example_sensor_decorator.py
[2024-05-09T14:48:24.183+0700] {logging_mixin.py:188} INFO - [2024-05-09T14:48:24.181+0700] {dag.py:3096} INFO - Sync 1 DAGs
[2024-05-09T14:48:24.197+0700] {logging_mixin.py:188} INFO - [2024-05-09T14:48:24.197+0700] {dag.py:3954} INFO - Setting next_dagrun for example_sensor_decorator to None, run_after=None
[2024-05-09T14:48:24.215+0700] {processor.py:183} INFO - Processing /Library/Frameworks/Python.framework/Versions/3.10/lib/python3.10/site-packages/airflow/example_dags/example_sensor_decorator.py took 0.556 seconds
[2024-05-09T14:50:01.968+0700] {processor.py:161} INFO - Started process (PID=79474) to work on /Library/Frameworks/Python.framework/Versions/3.10/lib/python3.10/site-packages/airflow/example_dags/example_sensor_decorator.py
[2024-05-09T14:50:01.970+0700] {processor.py:830} INFO - Processing file /Library/Frameworks/Python.framework/Versions/3.10/lib/python3.10/site-packages/airflow/example_dags/example_sensor_decorator.py for tasks to queue
[2024-05-09T14:50:01.970+0700] {logging_mixin.py:188} INFO - [2024-05-09T14:50:01.970+0700] {dagbag.py:540} INFO - Filling up the DagBag from /Library/Frameworks/Python.framework/Versions/3.10/lib/python3.10/site-packages/airflow/example_dags/example_sensor_decorator.py
[2024-05-09T14:50:02.001+0700] {processor.py:840} INFO - DAG(s) 'example_sensor_decorator' retrieved from /Library/Frameworks/Python.framework/Versions/3.10/lib/python3.10/site-packages/airflow/example_dags/example_sensor_decorator.py
[2024-05-09T14:50:02.146+0700] {logging_mixin.py:188} INFO - [2024-05-09T14:50:02.146+0700] {dag.py:3096} INFO - Sync 1 DAGs
[2024-05-09T14:50:02.152+0700] {logging_mixin.py:188} INFO - [2024-05-09T14:50:02.152+0700] {dag.py:3954} INFO - Setting next_dagrun for example_sensor_decorator to None, run_after=None
[2024-05-09T14:50:02.164+0700] {processor.py:183} INFO - Processing /Library/Frameworks/Python.framework/Versions/3.10/lib/python3.10/site-packages/airflow/example_dags/example_sensor_decorator.py took 0.198 seconds
[2024-05-09T14:51:58.099+0700] {processor.py:161} INFO - Started process (PID=80191) to work on /Library/Frameworks/Python.framework/Versions/3.10/lib/python3.10/site-packages/airflow/example_dags/example_sensor_decorator.py
[2024-05-09T14:51:58.100+0700] {processor.py:830} INFO - Processing file /Library/Frameworks/Python.framework/Versions/3.10/lib/python3.10/site-packages/airflow/example_dags/example_sensor_decorator.py for tasks to queue
[2024-05-09T14:51:58.103+0700] {logging_mixin.py:188} INFO - [2024-05-09T14:51:58.103+0700] {dagbag.py:540} INFO - Filling up the DagBag from /Library/Frameworks/Python.framework/Versions/3.10/lib/python3.10/site-packages/airflow/example_dags/example_sensor_decorator.py
[2024-05-09T14:51:58.141+0700] {processor.py:840} INFO - DAG(s) 'example_sensor_decorator' retrieved from /Library/Frameworks/Python.framework/Versions/3.10/lib/python3.10/site-packages/airflow/example_dags/example_sensor_decorator.py
[2024-05-09T14:51:58.312+0700] {logging_mixin.py:188} INFO - [2024-05-09T14:51:58.311+0700] {dag.py:3096} INFO - Sync 1 DAGs
[2024-05-09T14:51:58.317+0700] {logging_mixin.py:188} INFO - [2024-05-09T14:51:58.317+0700] {dag.py:3954} INFO - Setting next_dagrun for example_sensor_decorator to None, run_after=None
[2024-05-09T14:51:58.329+0700] {processor.py:183} INFO - Processing /Library/Frameworks/Python.framework/Versions/3.10/lib/python3.10/site-packages/airflow/example_dags/example_sensor_decorator.py took 0.233 seconds
[2024-05-09T14:53:47.007+0700] {processor.py:161} INFO - Started process (PID=80921) to work on /Library/Frameworks/Python.framework/Versions/3.10/lib/python3.10/site-packages/airflow/example_dags/example_sensor_decorator.py
[2024-05-09T14:53:47.010+0700] {processor.py:830} INFO - Processing file /Library/Frameworks/Python.framework/Versions/3.10/lib/python3.10/site-packages/airflow/example_dags/example_sensor_decorator.py for tasks to queue
[2024-05-09T14:53:47.010+0700] {logging_mixin.py:188} INFO - [2024-05-09T14:53:47.010+0700] {dagbag.py:540} INFO - Filling up the DagBag from /Library/Frameworks/Python.framework/Versions/3.10/lib/python3.10/site-packages/airflow/example_dags/example_sensor_decorator.py
[2024-05-09T14:53:47.034+0700] {processor.py:840} INFO - DAG(s) 'example_sensor_decorator' retrieved from /Library/Frameworks/Python.framework/Versions/3.10/lib/python3.10/site-packages/airflow/example_dags/example_sensor_decorator.py
[2024-05-09T14:53:47.194+0700] {logging_mixin.py:188} INFO - [2024-05-09T14:53:47.194+0700] {dag.py:3096} INFO - Sync 1 DAGs
[2024-05-09T14:53:47.201+0700] {logging_mixin.py:188} INFO - [2024-05-09T14:53:47.200+0700] {dag.py:3954} INFO - Setting next_dagrun for example_sensor_decorator to None, run_after=None
[2024-05-09T14:53:47.212+0700] {processor.py:183} INFO - Processing /Library/Frameworks/Python.framework/Versions/3.10/lib/python3.10/site-packages/airflow/example_dags/example_sensor_decorator.py took 0.207 seconds
[2024-05-09T14:55:19.560+0700] {processor.py:161} INFO - Started process (PID=81482) to work on /Library/Frameworks/Python.framework/Versions/3.10/lib/python3.10/site-packages/airflow/example_dags/example_sensor_decorator.py
[2024-05-09T14:55:19.562+0700] {processor.py:830} INFO - Processing file /Library/Frameworks/Python.framework/Versions/3.10/lib/python3.10/site-packages/airflow/example_dags/example_sensor_decorator.py for tasks to queue
[2024-05-09T14:55:19.562+0700] {logging_mixin.py:188} INFO - [2024-05-09T14:55:19.562+0700] {dagbag.py:540} INFO - Filling up the DagBag from /Library/Frameworks/Python.framework/Versions/3.10/lib/python3.10/site-packages/airflow/example_dags/example_sensor_decorator.py
[2024-05-09T14:55:19.604+0700] {processor.py:840} INFO - DAG(s) 'example_sensor_decorator' retrieved from /Library/Frameworks/Python.framework/Versions/3.10/lib/python3.10/site-packages/airflow/example_dags/example_sensor_decorator.py
[2024-05-09T14:55:19.792+0700] {logging_mixin.py:188} INFO - [2024-05-09T14:55:19.792+0700] {dag.py:3096} INFO - Sync 1 DAGs
[2024-05-09T14:55:19.799+0700] {logging_mixin.py:188} INFO - [2024-05-09T14:55:19.799+0700] {dag.py:3954} INFO - Setting next_dagrun for example_sensor_decorator to None, run_after=None
[2024-05-09T14:55:19.813+0700] {processor.py:183} INFO - Processing /Library/Frameworks/Python.framework/Versions/3.10/lib/python3.10/site-packages/airflow/example_dags/example_sensor_decorator.py took 0.257 seconds
[2024-05-09T14:58:19.889+0700] {processor.py:161} INFO - Started process (PID=82707) to work on /Library/Frameworks/Python.framework/Versions/3.10/lib/python3.10/site-packages/airflow/example_dags/example_sensor_decorator.py
[2024-05-09T14:58:19.890+0700] {processor.py:830} INFO - Processing file /Library/Frameworks/Python.framework/Versions/3.10/lib/python3.10/site-packages/airflow/example_dags/example_sensor_decorator.py for tasks to queue
[2024-05-09T14:58:19.890+0700] {logging_mixin.py:188} INFO - [2024-05-09T14:58:19.890+0700] {dagbag.py:540} INFO - Filling up the DagBag from /Library/Frameworks/Python.framework/Versions/3.10/lib/python3.10/site-packages/airflow/example_dags/example_sensor_decorator.py
[2024-05-09T14:58:19.912+0700] {processor.py:840} INFO - DAG(s) 'example_sensor_decorator' retrieved from /Library/Frameworks/Python.framework/Versions/3.10/lib/python3.10/site-packages/airflow/example_dags/example_sensor_decorator.py
[2024-05-09T14:58:20.070+0700] {logging_mixin.py:188} INFO - [2024-05-09T14:58:20.070+0700] {dag.py:3096} INFO - Sync 1 DAGs
[2024-05-09T14:58:20.076+0700] {logging_mixin.py:188} INFO - [2024-05-09T14:58:20.076+0700] {dag.py:3954} INFO - Setting next_dagrun for example_sensor_decorator to None, run_after=None
[2024-05-09T14:58:20.088+0700] {processor.py:183} INFO - Processing /Library/Frameworks/Python.framework/Versions/3.10/lib/python3.10/site-packages/airflow/example_dags/example_sensor_decorator.py took 0.200 seconds
[2024-05-09T15:01:24.044+0700] {processor.py:161} INFO - Started process (PID=83639) to work on /Library/Frameworks/Python.framework/Versions/3.10/lib/python3.10/site-packages/airflow/example_dags/example_sensor_decorator.py
[2024-05-09T15:01:24.045+0700] {processor.py:830} INFO - Processing file /Library/Frameworks/Python.framework/Versions/3.10/lib/python3.10/site-packages/airflow/example_dags/example_sensor_decorator.py for tasks to queue
[2024-05-09T15:01:24.046+0700] {logging_mixin.py:188} INFO - [2024-05-09T15:01:24.045+0700] {dagbag.py:540} INFO - Filling up the DagBag from /Library/Frameworks/Python.framework/Versions/3.10/lib/python3.10/site-packages/airflow/example_dags/example_sensor_decorator.py
[2024-05-09T15:01:24.069+0700] {processor.py:840} INFO - DAG(s) 'example_sensor_decorator' retrieved from /Library/Frameworks/Python.framework/Versions/3.10/lib/python3.10/site-packages/airflow/example_dags/example_sensor_decorator.py
[2024-05-09T15:01:24.179+0700] {logging_mixin.py:188} INFO - [2024-05-09T15:01:24.178+0700] {dag.py:3096} INFO - Sync 1 DAGs
[2024-05-09T15:01:24.184+0700] {logging_mixin.py:188} INFO - [2024-05-09T15:01:24.184+0700] {dag.py:3954} INFO - Setting next_dagrun for example_sensor_decorator to None, run_after=None
[2024-05-09T15:01:24.194+0700] {processor.py:183} INFO - Processing /Library/Frameworks/Python.framework/Versions/3.10/lib/python3.10/site-packages/airflow/example_dags/example_sensor_decorator.py took 0.153 seconds
[2024-05-09T15:04:34.802+0700] {processor.py:161} INFO - Started process (PID=84925) to work on /Library/Frameworks/Python.framework/Versions/3.10/lib/python3.10/site-packages/airflow/example_dags/example_sensor_decorator.py
[2024-05-09T15:04:34.802+0700] {processor.py:830} INFO - Processing file /Library/Frameworks/Python.framework/Versions/3.10/lib/python3.10/site-packages/airflow/example_dags/example_sensor_decorator.py for tasks to queue
[2024-05-09T15:04:34.803+0700] {logging_mixin.py:188} INFO - [2024-05-09T15:04:34.803+0700] {dagbag.py:540} INFO - Filling up the DagBag from /Library/Frameworks/Python.framework/Versions/3.10/lib/python3.10/site-packages/airflow/example_dags/example_sensor_decorator.py
[2024-05-09T15:04:34.825+0700] {processor.py:840} INFO - DAG(s) 'example_sensor_decorator' retrieved from /Library/Frameworks/Python.framework/Versions/3.10/lib/python3.10/site-packages/airflow/example_dags/example_sensor_decorator.py
[2024-05-09T15:04:34.937+0700] {logging_mixin.py:188} INFO - [2024-05-09T15:04:34.937+0700] {dag.py:3096} INFO - Sync 1 DAGs
[2024-05-09T15:04:34.944+0700] {logging_mixin.py:188} INFO - [2024-05-09T15:04:34.943+0700] {dag.py:3954} INFO - Setting next_dagrun for example_sensor_decorator to None, run_after=None
[2024-05-09T15:04:34.957+0700] {processor.py:183} INFO - Processing /Library/Frameworks/Python.framework/Versions/3.10/lib/python3.10/site-packages/airflow/example_dags/example_sensor_decorator.py took 0.157 seconds
[2024-05-09T15:07:15.292+0700] {processor.py:161} INFO - Started process (PID=85761) to work on /Library/Frameworks/Python.framework/Versions/3.10/lib/python3.10/site-packages/airflow/example_dags/example_sensor_decorator.py
[2024-05-09T15:07:15.306+0700] {processor.py:830} INFO - Processing file /Library/Frameworks/Python.framework/Versions/3.10/lib/python3.10/site-packages/airflow/example_dags/example_sensor_decorator.py for tasks to queue
[2024-05-09T15:07:15.316+0700] {logging_mixin.py:188} INFO - [2024-05-09T15:07:15.315+0700] {dagbag.py:540} INFO - Filling up the DagBag from /Library/Frameworks/Python.framework/Versions/3.10/lib/python3.10/site-packages/airflow/example_dags/example_sensor_decorator.py
[2024-05-09T15:07:15.608+0700] {processor.py:840} INFO - DAG(s) 'example_sensor_decorator' retrieved from /Library/Frameworks/Python.framework/Versions/3.10/lib/python3.10/site-packages/airflow/example_dags/example_sensor_decorator.py
[2024-05-09T15:07:16.210+0700] {logging_mixin.py:188} INFO - [2024-05-09T15:07:16.210+0700] {dag.py:3096} INFO - Sync 1 DAGs
[2024-05-09T15:07:16.218+0700] {logging_mixin.py:188} INFO - [2024-05-09T15:07:16.218+0700] {dag.py:3954} INFO - Setting next_dagrun for example_sensor_decorator to None, run_after=None
[2024-05-09T15:07:16.263+0700] {processor.py:183} INFO - Processing /Library/Frameworks/Python.framework/Versions/3.10/lib/python3.10/site-packages/airflow/example_dags/example_sensor_decorator.py took 0.982 seconds
[2024-05-09T15:10:35.942+0700] {processor.py:161} INFO - Started process (PID=86817) to work on /Library/Frameworks/Python.framework/Versions/3.10/lib/python3.10/site-packages/airflow/example_dags/example_sensor_decorator.py
[2024-05-09T15:10:35.943+0700] {processor.py:830} INFO - Processing file /Library/Frameworks/Python.framework/Versions/3.10/lib/python3.10/site-packages/airflow/example_dags/example_sensor_decorator.py for tasks to queue
[2024-05-09T15:10:35.944+0700] {logging_mixin.py:188} INFO - [2024-05-09T15:10:35.944+0700] {dagbag.py:540} INFO - Filling up the DagBag from /Library/Frameworks/Python.framework/Versions/3.10/lib/python3.10/site-packages/airflow/example_dags/example_sensor_decorator.py
[2024-05-09T15:10:35.979+0700] {processor.py:840} INFO - DAG(s) 'example_sensor_decorator' retrieved from /Library/Frameworks/Python.framework/Versions/3.10/lib/python3.10/site-packages/airflow/example_dags/example_sensor_decorator.py
[2024-05-09T15:10:36.185+0700] {logging_mixin.py:188} INFO - [2024-05-09T15:10:36.184+0700] {dag.py:3096} INFO - Sync 1 DAGs
[2024-05-09T15:10:36.194+0700] {logging_mixin.py:188} INFO - [2024-05-09T15:10:36.194+0700] {dag.py:3954} INFO - Setting next_dagrun for example_sensor_decorator to None, run_after=None
[2024-05-09T15:10:36.210+0700] {processor.py:183} INFO - Processing /Library/Frameworks/Python.framework/Versions/3.10/lib/python3.10/site-packages/airflow/example_dags/example_sensor_decorator.py took 0.270 seconds
[2024-05-09T15:12:55.126+0700] {processor.py:161} INFO - Started process (PID=87971) to work on /Library/Frameworks/Python.framework/Versions/3.10/lib/python3.10/site-packages/airflow/example_dags/example_sensor_decorator.py
[2024-05-09T15:12:55.127+0700] {processor.py:830} INFO - Processing file /Library/Frameworks/Python.framework/Versions/3.10/lib/python3.10/site-packages/airflow/example_dags/example_sensor_decorator.py for tasks to queue
[2024-05-09T15:12:55.128+0700] {logging_mixin.py:188} INFO - [2024-05-09T15:12:55.128+0700] {dagbag.py:540} INFO - Filling up the DagBag from /Library/Frameworks/Python.framework/Versions/3.10/lib/python3.10/site-packages/airflow/example_dags/example_sensor_decorator.py
[2024-05-09T15:12:55.161+0700] {processor.py:840} INFO - DAG(s) 'example_sensor_decorator' retrieved from /Library/Frameworks/Python.framework/Versions/3.10/lib/python3.10/site-packages/airflow/example_dags/example_sensor_decorator.py
[2024-05-09T15:12:55.319+0700] {logging_mixin.py:188} INFO - [2024-05-09T15:12:55.319+0700] {dag.py:3096} INFO - Sync 1 DAGs
[2024-05-09T15:12:55.326+0700] {logging_mixin.py:188} INFO - [2024-05-09T15:12:55.326+0700] {dag.py:3954} INFO - Setting next_dagrun for example_sensor_decorator to None, run_after=None
[2024-05-09T15:12:55.338+0700] {processor.py:183} INFO - Processing /Library/Frameworks/Python.framework/Versions/3.10/lib/python3.10/site-packages/airflow/example_dags/example_sensor_decorator.py took 0.213 seconds
[2024-05-09T15:14:46.493+0700] {processor.py:161} INFO - Started process (PID=88714) to work on /Library/Frameworks/Python.framework/Versions/3.10/lib/python3.10/site-packages/airflow/example_dags/example_sensor_decorator.py
[2024-05-09T15:14:46.494+0700] {processor.py:830} INFO - Processing file /Library/Frameworks/Python.framework/Versions/3.10/lib/python3.10/site-packages/airflow/example_dags/example_sensor_decorator.py for tasks to queue
[2024-05-09T15:14:46.495+0700] {logging_mixin.py:188} INFO - [2024-05-09T15:14:46.494+0700] {dagbag.py:540} INFO - Filling up the DagBag from /Library/Frameworks/Python.framework/Versions/3.10/lib/python3.10/site-packages/airflow/example_dags/example_sensor_decorator.py
[2024-05-09T15:14:46.522+0700] {processor.py:840} INFO - DAG(s) 'example_sensor_decorator' retrieved from /Library/Frameworks/Python.framework/Versions/3.10/lib/python3.10/site-packages/airflow/example_dags/example_sensor_decorator.py
[2024-05-09T15:14:46.635+0700] {logging_mixin.py:188} INFO - [2024-05-09T15:14:46.634+0700] {dag.py:3096} INFO - Sync 1 DAGs
[2024-05-09T15:14:46.640+0700] {logging_mixin.py:188} INFO - [2024-05-09T15:14:46.640+0700] {dag.py:3954} INFO - Setting next_dagrun for example_sensor_decorator to None, run_after=None
[2024-05-09T15:14:46.652+0700] {processor.py:183} INFO - Processing /Library/Frameworks/Python.framework/Versions/3.10/lib/python3.10/site-packages/airflow/example_dags/example_sensor_decorator.py took 0.161 seconds
[2024-05-09T15:17:51.194+0700] {processor.py:161} INFO - Started process (PID=90363) to work on /Library/Frameworks/Python.framework/Versions/3.10/lib/python3.10/site-packages/airflow/example_dags/example_sensor_decorator.py
[2024-05-09T15:17:51.196+0700] {processor.py:830} INFO - Processing file /Library/Frameworks/Python.framework/Versions/3.10/lib/python3.10/site-packages/airflow/example_dags/example_sensor_decorator.py for tasks to queue
[2024-05-09T15:17:51.197+0700] {logging_mixin.py:188} INFO - [2024-05-09T15:17:51.197+0700] {dagbag.py:540} INFO - Filling up the DagBag from /Library/Frameworks/Python.framework/Versions/3.10/lib/python3.10/site-packages/airflow/example_dags/example_sensor_decorator.py
[2024-05-09T15:17:51.240+0700] {processor.py:840} INFO - DAG(s) 'example_sensor_decorator' retrieved from /Library/Frameworks/Python.framework/Versions/3.10/lib/python3.10/site-packages/airflow/example_dags/example_sensor_decorator.py
[2024-05-09T15:17:51.377+0700] {logging_mixin.py:188} INFO - [2024-05-09T15:17:51.377+0700] {dag.py:3096} INFO - Sync 1 DAGs
[2024-05-09T15:17:51.383+0700] {logging_mixin.py:188} INFO - [2024-05-09T15:17:51.383+0700] {dag.py:3954} INFO - Setting next_dagrun for example_sensor_decorator to None, run_after=None
[2024-05-09T15:17:51.396+0700] {processor.py:183} INFO - Processing /Library/Frameworks/Python.framework/Versions/3.10/lib/python3.10/site-packages/airflow/example_dags/example_sensor_decorator.py took 0.206 seconds
[2024-05-09T15:21:08.306+0700] {processor.py:161} INFO - Started process (PID=91781) to work on /Library/Frameworks/Python.framework/Versions/3.10/lib/python3.10/site-packages/airflow/example_dags/example_sensor_decorator.py
[2024-05-09T15:21:08.307+0700] {processor.py:830} INFO - Processing file /Library/Frameworks/Python.framework/Versions/3.10/lib/python3.10/site-packages/airflow/example_dags/example_sensor_decorator.py for tasks to queue
[2024-05-09T15:21:08.308+0700] {logging_mixin.py:188} INFO - [2024-05-09T15:21:08.308+0700] {dagbag.py:540} INFO - Filling up the DagBag from /Library/Frameworks/Python.framework/Versions/3.10/lib/python3.10/site-packages/airflow/example_dags/example_sensor_decorator.py
[2024-05-09T15:21:08.338+0700] {processor.py:840} INFO - DAG(s) 'example_sensor_decorator' retrieved from /Library/Frameworks/Python.framework/Versions/3.10/lib/python3.10/site-packages/airflow/example_dags/example_sensor_decorator.py
[2024-05-09T15:21:08.528+0700] {logging_mixin.py:188} INFO - [2024-05-09T15:21:08.528+0700] {dag.py:3096} INFO - Sync 1 DAGs
[2024-05-09T15:21:08.534+0700] {logging_mixin.py:188} INFO - [2024-05-09T15:21:08.534+0700] {dag.py:3954} INFO - Setting next_dagrun for example_sensor_decorator to None, run_after=None
[2024-05-09T15:21:08.547+0700] {processor.py:183} INFO - Processing /Library/Frameworks/Python.framework/Versions/3.10/lib/python3.10/site-packages/airflow/example_dags/example_sensor_decorator.py took 0.242 seconds
[2024-05-09T15:22:45.227+0700] {processor.py:161} INFO - Started process (PID=94091) to work on /Library/Frameworks/Python.framework/Versions/3.10/lib/python3.10/site-packages/airflow/example_dags/example_sensor_decorator.py
[2024-05-09T15:22:45.233+0700] {processor.py:830} INFO - Processing file /Library/Frameworks/Python.framework/Versions/3.10/lib/python3.10/site-packages/airflow/example_dags/example_sensor_decorator.py for tasks to queue
[2024-05-09T15:22:45.234+0700] {logging_mixin.py:188} INFO - [2024-05-09T15:22:45.234+0700] {dagbag.py:540} INFO - Filling up the DagBag from /Library/Frameworks/Python.framework/Versions/3.10/lib/python3.10/site-packages/airflow/example_dags/example_sensor_decorator.py
[2024-05-09T15:22:45.257+0700] {processor.py:840} INFO - DAG(s) 'example_sensor_decorator' retrieved from /Library/Frameworks/Python.framework/Versions/3.10/lib/python3.10/site-packages/airflow/example_dags/example_sensor_decorator.py
[2024-05-09T15:22:45.374+0700] {logging_mixin.py:188} INFO - [2024-05-09T15:22:45.374+0700] {dag.py:3096} INFO - Sync 1 DAGs
[2024-05-09T15:22:45.380+0700] {logging_mixin.py:188} INFO - [2024-05-09T15:22:45.380+0700] {dag.py:3954} INFO - Setting next_dagrun for example_sensor_decorator to None, run_after=None
[2024-05-09T15:22:45.390+0700] {processor.py:183} INFO - Processing /Library/Frameworks/Python.framework/Versions/3.10/lib/python3.10/site-packages/airflow/example_dags/example_sensor_decorator.py took 0.167 seconds
[2024-05-09T15:26:21.607+0700] {processor.py:161} INFO - Started process (PID=95489) to work on /Library/Frameworks/Python.framework/Versions/3.10/lib/python3.10/site-packages/airflow/example_dags/example_sensor_decorator.py
[2024-05-09T15:26:21.607+0700] {processor.py:830} INFO - Processing file /Library/Frameworks/Python.framework/Versions/3.10/lib/python3.10/site-packages/airflow/example_dags/example_sensor_decorator.py for tasks to queue
[2024-05-09T15:26:21.608+0700] {logging_mixin.py:188} INFO - [2024-05-09T15:26:21.608+0700] {dagbag.py:540} INFO - Filling up the DagBag from /Library/Frameworks/Python.framework/Versions/3.10/lib/python3.10/site-packages/airflow/example_dags/example_sensor_decorator.py
[2024-05-09T15:26:21.629+0700] {processor.py:840} INFO - DAG(s) 'example_sensor_decorator' retrieved from /Library/Frameworks/Python.framework/Versions/3.10/lib/python3.10/site-packages/airflow/example_dags/example_sensor_decorator.py
[2024-05-09T15:26:21.737+0700] {logging_mixin.py:188} INFO - [2024-05-09T15:26:21.737+0700] {dag.py:3096} INFO - Sync 1 DAGs
[2024-05-09T15:26:21.743+0700] {logging_mixin.py:188} INFO - [2024-05-09T15:26:21.743+0700] {dag.py:3954} INFO - Setting next_dagrun for example_sensor_decorator to None, run_after=None
[2024-05-09T15:26:21.754+0700] {processor.py:183} INFO - Processing /Library/Frameworks/Python.framework/Versions/3.10/lib/python3.10/site-packages/airflow/example_dags/example_sensor_decorator.py took 0.150 seconds
[2024-05-09T15:29:18.823+0700] {processor.py:161} INFO - Started process (PID=96530) to work on /Library/Frameworks/Python.framework/Versions/3.10/lib/python3.10/site-packages/airflow/example_dags/example_sensor_decorator.py
[2024-05-09T15:29:18.824+0700] {processor.py:830} INFO - Processing file /Library/Frameworks/Python.framework/Versions/3.10/lib/python3.10/site-packages/airflow/example_dags/example_sensor_decorator.py for tasks to queue
[2024-05-09T15:29:18.824+0700] {logging_mixin.py:188} INFO - [2024-05-09T15:29:18.824+0700] {dagbag.py:540} INFO - Filling up the DagBag from /Library/Frameworks/Python.framework/Versions/3.10/lib/python3.10/site-packages/airflow/example_dags/example_sensor_decorator.py
[2024-05-09T15:29:18.847+0700] {processor.py:840} INFO - DAG(s) 'example_sensor_decorator' retrieved from /Library/Frameworks/Python.framework/Versions/3.10/lib/python3.10/site-packages/airflow/example_dags/example_sensor_decorator.py
[2024-05-09T15:29:19.015+0700] {logging_mixin.py:188} INFO - [2024-05-09T15:29:19.014+0700] {dag.py:3096} INFO - Sync 1 DAGs
[2024-05-09T15:29:19.021+0700] {logging_mixin.py:188} INFO - [2024-05-09T15:29:19.021+0700] {dag.py:3954} INFO - Setting next_dagrun for example_sensor_decorator to None, run_after=None
[2024-05-09T15:29:19.038+0700] {processor.py:183} INFO - Processing /Library/Frameworks/Python.framework/Versions/3.10/lib/python3.10/site-packages/airflow/example_dags/example_sensor_decorator.py took 0.220 seconds
[2024-05-09T15:31:34.147+0700] {processor.py:161} INFO - Started process (PID=97437) to work on /Library/Frameworks/Python.framework/Versions/3.10/lib/python3.10/site-packages/airflow/example_dags/example_sensor_decorator.py
[2024-05-09T15:31:34.148+0700] {processor.py:830} INFO - Processing file /Library/Frameworks/Python.framework/Versions/3.10/lib/python3.10/site-packages/airflow/example_dags/example_sensor_decorator.py for tasks to queue
[2024-05-09T15:31:34.148+0700] {logging_mixin.py:188} INFO - [2024-05-09T15:31:34.148+0700] {dagbag.py:540} INFO - Filling up the DagBag from /Library/Frameworks/Python.framework/Versions/3.10/lib/python3.10/site-packages/airflow/example_dags/example_sensor_decorator.py
[2024-05-09T15:31:34.208+0700] {processor.py:840} INFO - DAG(s) 'example_sensor_decorator' retrieved from /Library/Frameworks/Python.framework/Versions/3.10/lib/python3.10/site-packages/airflow/example_dags/example_sensor_decorator.py
[2024-05-09T15:31:34.475+0700] {logging_mixin.py:188} INFO - [2024-05-09T15:31:34.475+0700] {dag.py:3096} INFO - Sync 1 DAGs
[2024-05-09T15:31:34.487+0700] {logging_mixin.py:188} INFO - [2024-05-09T15:31:34.487+0700] {dag.py:3954} INFO - Setting next_dagrun for example_sensor_decorator to None, run_after=None
[2024-05-09T15:31:34.522+0700] {processor.py:183} INFO - Processing /Library/Frameworks/Python.framework/Versions/3.10/lib/python3.10/site-packages/airflow/example_dags/example_sensor_decorator.py took 0.378 seconds
[2024-05-09T15:34:06.339+0700] {processor.py:161} INFO - Started process (PID=98233) to work on /Library/Frameworks/Python.framework/Versions/3.10/lib/python3.10/site-packages/airflow/example_dags/example_sensor_decorator.py
[2024-05-09T15:34:06.340+0700] {processor.py:830} INFO - Processing file /Library/Frameworks/Python.framework/Versions/3.10/lib/python3.10/site-packages/airflow/example_dags/example_sensor_decorator.py for tasks to queue
[2024-05-09T15:34:06.341+0700] {logging_mixin.py:188} INFO - [2024-05-09T15:34:06.341+0700] {dagbag.py:540} INFO - Filling up the DagBag from /Library/Frameworks/Python.framework/Versions/3.10/lib/python3.10/site-packages/airflow/example_dags/example_sensor_decorator.py
[2024-05-09T15:34:06.363+0700] {processor.py:840} INFO - DAG(s) 'example_sensor_decorator' retrieved from /Library/Frameworks/Python.framework/Versions/3.10/lib/python3.10/site-packages/airflow/example_dags/example_sensor_decorator.py
[2024-05-09T15:34:06.477+0700] {logging_mixin.py:188} INFO - [2024-05-09T15:34:06.476+0700] {dag.py:3096} INFO - Sync 1 DAGs
[2024-05-09T15:34:06.482+0700] {logging_mixin.py:188} INFO - [2024-05-09T15:34:06.482+0700] {dag.py:3954} INFO - Setting next_dagrun for example_sensor_decorator to None, run_after=None
[2024-05-09T15:34:06.494+0700] {processor.py:183} INFO - Processing /Library/Frameworks/Python.framework/Versions/3.10/lib/python3.10/site-packages/airflow/example_dags/example_sensor_decorator.py took 0.157 seconds
