[2024-05-09T14:32:02.999+0700] {processor.py:161} INFO - Started process (PID=69871) to work on /Library/Frameworks/Python.framework/Versions/3.10/lib/python3.10/site-packages/airflow/example_dags/example_display_name.py
[2024-05-09T14:32:03.000+0700] {processor.py:830} INFO - Processing file /Library/Frameworks/Python.framework/Versions/3.10/lib/python3.10/site-packages/airflow/example_dags/example_display_name.py for tasks to queue
[2024-05-09T14:32:03.001+0700] {logging_mixin.py:188} INFO - [2024-05-09T14:32:03.001+0700] {dagbag.py:540} INFO - Filling up the DagBag from /Library/Frameworks/Python.framework/Versions/3.10/lib/python3.10/site-packages/airflow/example_dags/example_display_name.py
[2024-05-09T14:32:03.024+0700] {processor.py:840} INFO - DAG(s) 'example_display_name' retrieved from /Library/Frameworks/Python.framework/Versions/3.10/lib/python3.10/site-packages/airflow/example_dags/example_display_name.py
[2024-05-09T14:32:03.168+0700] {logging_mixin.py:188} INFO - [2024-05-09T14:32:03.167+0700] {dag.py:3096} INFO - Sync 1 DAGs
[2024-05-09T14:32:03.173+0700] {logging_mixin.py:188} INFO - [2024-05-09T14:32:03.173+0700] {dag.py:3954} INFO - Setting next_dagrun for example_display_name to None, run_after=None
[2024-05-09T14:32:03.184+0700] {processor.py:183} INFO - Processing /Library/Frameworks/Python.framework/Versions/3.10/lib/python3.10/site-packages/airflow/example_dags/example_display_name.py took 0.187 seconds
[2024-05-09T14:35:35.464+0700] {processor.py:161} INFO - Started process (PID=71125) to work on /Library/Frameworks/Python.framework/Versions/3.10/lib/python3.10/site-packages/airflow/example_dags/example_display_name.py
[2024-05-09T14:35:35.465+0700] {processor.py:830} INFO - Processing file /Library/Frameworks/Python.framework/Versions/3.10/lib/python3.10/site-packages/airflow/example_dags/example_display_name.py for tasks to queue
[2024-05-09T14:35:35.465+0700] {logging_mixin.py:188} INFO - [2024-05-09T14:35:35.465+0700] {dagbag.py:540} INFO - Filling up the DagBag from /Library/Frameworks/Python.framework/Versions/3.10/lib/python3.10/site-packages/airflow/example_dags/example_display_name.py
[2024-05-09T14:35:35.498+0700] {processor.py:840} INFO - DAG(s) 'example_display_name' retrieved from /Library/Frameworks/Python.framework/Versions/3.10/lib/python3.10/site-packages/airflow/example_dags/example_display_name.py
[2024-05-09T14:35:35.704+0700] {logging_mixin.py:188} INFO - [2024-05-09T14:35:35.704+0700] {dag.py:3096} INFO - Sync 1 DAGs
[2024-05-09T14:35:35.710+0700] {logging_mixin.py:188} INFO - [2024-05-09T14:35:35.710+0700] {dag.py:3954} INFO - Setting next_dagrun for example_display_name to None, run_after=None
[2024-05-09T14:35:35.724+0700] {processor.py:183} INFO - Processing /Library/Frameworks/Python.framework/Versions/3.10/lib/python3.10/site-packages/airflow/example_dags/example_display_name.py took 0.263 seconds
[2024-05-09T14:38:35.569+0700] {processor.py:161} INFO - Started process (PID=72425) to work on /Library/Frameworks/Python.framework/Versions/3.10/lib/python3.10/site-packages/airflow/example_dags/example_display_name.py
[2024-05-09T14:38:35.569+0700] {processor.py:830} INFO - Processing file /Library/Frameworks/Python.framework/Versions/3.10/lib/python3.10/site-packages/airflow/example_dags/example_display_name.py for tasks to queue
[2024-05-09T14:38:35.570+0700] {logging_mixin.py:188} INFO - [2024-05-09T14:38:35.570+0700] {dagbag.py:540} INFO - Filling up the DagBag from /Library/Frameworks/Python.framework/Versions/3.10/lib/python3.10/site-packages/airflow/example_dags/example_display_name.py
[2024-05-09T14:38:35.591+0700] {processor.py:840} INFO - DAG(s) 'example_display_name' retrieved from /Library/Frameworks/Python.framework/Versions/3.10/lib/python3.10/site-packages/airflow/example_dags/example_display_name.py
[2024-05-09T14:38:35.689+0700] {logging_mixin.py:188} INFO - [2024-05-09T14:38:35.689+0700] {dag.py:3096} INFO - Sync 1 DAGs
[2024-05-09T14:38:35.694+0700] {logging_mixin.py:188} INFO - [2024-05-09T14:38:35.694+0700] {dag.py:3954} INFO - Setting next_dagrun for example_display_name to None, run_after=None
[2024-05-09T14:38:35.705+0700] {processor.py:183} INFO - Processing /Library/Frameworks/Python.framework/Versions/3.10/lib/python3.10/site-packages/airflow/example_dags/example_display_name.py took 0.139 seconds
[2024-05-09T14:41:11.465+0700] {processor.py:161} INFO - Started process (PID=76045) to work on /Library/Frameworks/Python.framework/Versions/3.10/lib/python3.10/site-packages/airflow/example_dags/example_display_name.py
[2024-05-09T14:41:11.466+0700] {processor.py:830} INFO - Processing file /Library/Frameworks/Python.framework/Versions/3.10/lib/python3.10/site-packages/airflow/example_dags/example_display_name.py for tasks to queue
[2024-05-09T14:41:11.467+0700] {logging_mixin.py:188} INFO - [2024-05-09T14:41:11.467+0700] {dagbag.py:540} INFO - Filling up the DagBag from /Library/Frameworks/Python.framework/Versions/3.10/lib/python3.10/site-packages/airflow/example_dags/example_display_name.py
[2024-05-09T14:41:11.489+0700] {processor.py:840} INFO - DAG(s) 'example_display_name' retrieved from /Library/Frameworks/Python.framework/Versions/3.10/lib/python3.10/site-packages/airflow/example_dags/example_display_name.py
[2024-05-09T14:41:11.587+0700] {logging_mixin.py:188} INFO - [2024-05-09T14:41:11.587+0700] {dag.py:3096} INFO - Sync 1 DAGs
[2024-05-09T14:41:11.593+0700] {logging_mixin.py:188} INFO - [2024-05-09T14:41:11.593+0700] {dag.py:3954} INFO - Setting next_dagrun for example_display_name to None, run_after=None
[2024-05-09T14:41:11.604+0700] {processor.py:183} INFO - Processing /Library/Frameworks/Python.framework/Versions/3.10/lib/python3.10/site-packages/airflow/example_dags/example_display_name.py took 0.141 seconds
[2024-05-09T14:45:08.747+0700] {processor.py:161} INFO - Started process (PID=77790) to work on /Library/Frameworks/Python.framework/Versions/3.10/lib/python3.10/site-packages/airflow/example_dags/example_display_name.py
[2024-05-09T14:45:08.748+0700] {processor.py:830} INFO - Processing file /Library/Frameworks/Python.framework/Versions/3.10/lib/python3.10/site-packages/airflow/example_dags/example_display_name.py for tasks to queue
[2024-05-09T14:45:08.749+0700] {logging_mixin.py:188} INFO - [2024-05-09T14:45:08.749+0700] {dagbag.py:540} INFO - Filling up the DagBag from /Library/Frameworks/Python.framework/Versions/3.10/lib/python3.10/site-packages/airflow/example_dags/example_display_name.py
[2024-05-09T14:45:08.771+0700] {processor.py:840} INFO - DAG(s) 'example_display_name' retrieved from /Library/Frameworks/Python.framework/Versions/3.10/lib/python3.10/site-packages/airflow/example_dags/example_display_name.py
[2024-05-09T14:45:08.914+0700] {logging_mixin.py:188} INFO - [2024-05-09T14:45:08.914+0700] {dag.py:3096} INFO - Sync 1 DAGs
[2024-05-09T14:45:08.919+0700] {logging_mixin.py:188} INFO - [2024-05-09T14:45:08.919+0700] {dag.py:3954} INFO - Setting next_dagrun for example_display_name to None, run_after=None
[2024-05-09T14:45:08.933+0700] {processor.py:183} INFO - Processing /Library/Frameworks/Python.framework/Versions/3.10/lib/python3.10/site-packages/airflow/example_dags/example_display_name.py took 0.187 seconds
[2024-05-09T14:48:51.085+0700] {processor.py:161} INFO - Started process (PID=79088) to work on /Library/Frameworks/Python.framework/Versions/3.10/lib/python3.10/site-packages/airflow/example_dags/example_display_name.py
[2024-05-09T14:48:51.086+0700] {processor.py:830} INFO - Processing file /Library/Frameworks/Python.framework/Versions/3.10/lib/python3.10/site-packages/airflow/example_dags/example_display_name.py for tasks to queue
[2024-05-09T14:48:51.087+0700] {logging_mixin.py:188} INFO - [2024-05-09T14:48:51.086+0700] {dagbag.py:540} INFO - Filling up the DagBag from /Library/Frameworks/Python.framework/Versions/3.10/lib/python3.10/site-packages/airflow/example_dags/example_display_name.py
[2024-05-09T14:48:51.107+0700] {processor.py:840} INFO - DAG(s) 'example_display_name' retrieved from /Library/Frameworks/Python.framework/Versions/3.10/lib/python3.10/site-packages/airflow/example_dags/example_display_name.py
[2024-05-09T14:48:51.250+0700] {logging_mixin.py:188} INFO - [2024-05-09T14:48:51.249+0700] {dag.py:3096} INFO - Sync 1 DAGs
[2024-05-09T14:48:51.255+0700] {logging_mixin.py:188} INFO - [2024-05-09T14:48:51.255+0700] {dag.py:3954} INFO - Setting next_dagrun for example_display_name to None, run_after=None
[2024-05-09T14:48:51.268+0700] {processor.py:183} INFO - Processing /Library/Frameworks/Python.framework/Versions/3.10/lib/python3.10/site-packages/airflow/example_dags/example_display_name.py took 0.184 seconds
[2024-05-09T14:52:35.262+0700] {processor.py:161} INFO - Started process (PID=80445) to work on /Library/Frameworks/Python.framework/Versions/3.10/lib/python3.10/site-packages/airflow/example_dags/example_display_name.py
[2024-05-09T14:52:35.263+0700] {processor.py:830} INFO - Processing file /Library/Frameworks/Python.framework/Versions/3.10/lib/python3.10/site-packages/airflow/example_dags/example_display_name.py for tasks to queue
[2024-05-09T14:52:35.264+0700] {logging_mixin.py:188} INFO - [2024-05-09T14:52:35.264+0700] {dagbag.py:540} INFO - Filling up the DagBag from /Library/Frameworks/Python.framework/Versions/3.10/lib/python3.10/site-packages/airflow/example_dags/example_display_name.py
[2024-05-09T14:52:35.289+0700] {processor.py:840} INFO - DAG(s) 'example_display_name' retrieved from /Library/Frameworks/Python.framework/Versions/3.10/lib/python3.10/site-packages/airflow/example_dags/example_display_name.py
[2024-05-09T14:52:35.462+0700] {logging_mixin.py:188} INFO - [2024-05-09T14:52:35.461+0700] {dag.py:3096} INFO - Sync 1 DAGs
[2024-05-09T14:52:35.476+0700] {logging_mixin.py:188} INFO - [2024-05-09T14:52:35.476+0700] {dag.py:3954} INFO - Setting next_dagrun for example_display_name to None, run_after=None
[2024-05-09T14:52:35.523+0700] {processor.py:183} INFO - Processing /Library/Frameworks/Python.framework/Versions/3.10/lib/python3.10/site-packages/airflow/example_dags/example_display_name.py took 0.263 seconds
[2024-05-09T14:55:41.436+0700] {processor.py:161} INFO - Started process (PID=81598) to work on /Library/Frameworks/Python.framework/Versions/3.10/lib/python3.10/site-packages/airflow/example_dags/example_display_name.py
[2024-05-09T14:55:41.437+0700] {processor.py:830} INFO - Processing file /Library/Frameworks/Python.framework/Versions/3.10/lib/python3.10/site-packages/airflow/example_dags/example_display_name.py for tasks to queue
[2024-05-09T14:55:41.437+0700] {logging_mixin.py:188} INFO - [2024-05-09T14:55:41.437+0700] {dagbag.py:540} INFO - Filling up the DagBag from /Library/Frameworks/Python.framework/Versions/3.10/lib/python3.10/site-packages/airflow/example_dags/example_display_name.py
[2024-05-09T14:55:41.459+0700] {processor.py:840} INFO - DAG(s) 'example_display_name' retrieved from /Library/Frameworks/Python.framework/Versions/3.10/lib/python3.10/site-packages/airflow/example_dags/example_display_name.py
[2024-05-09T14:55:41.606+0700] {logging_mixin.py:188} INFO - [2024-05-09T14:55:41.606+0700] {dag.py:3096} INFO - Sync 1 DAGs
[2024-05-09T14:55:41.612+0700] {logging_mixin.py:188} INFO - [2024-05-09T14:55:41.611+0700] {dag.py:3954} INFO - Setting next_dagrun for example_display_name to None, run_after=None
[2024-05-09T14:55:41.623+0700] {processor.py:183} INFO - Processing /Library/Frameworks/Python.framework/Versions/3.10/lib/python3.10/site-packages/airflow/example_dags/example_display_name.py took 0.189 seconds
[2024-05-09T14:58:39.829+0700] {processor.py:161} INFO - Started process (PID=82805) to work on /Library/Frameworks/Python.framework/Versions/3.10/lib/python3.10/site-packages/airflow/example_dags/example_display_name.py
[2024-05-09T14:58:39.831+0700] {processor.py:830} INFO - Processing file /Library/Frameworks/Python.framework/Versions/3.10/lib/python3.10/site-packages/airflow/example_dags/example_display_name.py for tasks to queue
[2024-05-09T14:58:39.831+0700] {logging_mixin.py:188} INFO - [2024-05-09T14:58:39.831+0700] {dagbag.py:540} INFO - Filling up the DagBag from /Library/Frameworks/Python.framework/Versions/3.10/lib/python3.10/site-packages/airflow/example_dags/example_display_name.py
[2024-05-09T14:58:39.859+0700] {processor.py:840} INFO - DAG(s) 'example_display_name' retrieved from /Library/Frameworks/Python.framework/Versions/3.10/lib/python3.10/site-packages/airflow/example_dags/example_display_name.py
[2024-05-09T14:58:40.013+0700] {logging_mixin.py:188} INFO - [2024-05-09T14:58:40.013+0700] {dag.py:3096} INFO - Sync 1 DAGs
[2024-05-09T14:58:40.019+0700] {logging_mixin.py:188} INFO - [2024-05-09T14:58:40.019+0700] {dag.py:3954} INFO - Setting next_dagrun for example_display_name to None, run_after=None
[2024-05-09T14:58:40.033+0700] {processor.py:183} INFO - Processing /Library/Frameworks/Python.framework/Versions/3.10/lib/python3.10/site-packages/airflow/example_dags/example_display_name.py took 0.206 seconds
[2024-05-09T15:01:49.174+0700] {processor.py:161} INFO - Started process (PID=83830) to work on /Library/Frameworks/Python.framework/Versions/3.10/lib/python3.10/site-packages/airflow/example_dags/example_display_name.py
[2024-05-09T15:01:49.176+0700] {processor.py:830} INFO - Processing file /Library/Frameworks/Python.framework/Versions/3.10/lib/python3.10/site-packages/airflow/example_dags/example_display_name.py for tasks to queue
[2024-05-09T15:01:49.176+0700] {logging_mixin.py:188} INFO - [2024-05-09T15:01:49.176+0700] {dagbag.py:540} INFO - Filling up the DagBag from /Library/Frameworks/Python.framework/Versions/3.10/lib/python3.10/site-packages/airflow/example_dags/example_display_name.py
[2024-05-09T15:01:49.216+0700] {processor.py:840} INFO - DAG(s) 'example_display_name' retrieved from /Library/Frameworks/Python.framework/Versions/3.10/lib/python3.10/site-packages/airflow/example_dags/example_display_name.py
[2024-05-09T15:01:49.372+0700] {logging_mixin.py:188} INFO - [2024-05-09T15:01:49.372+0700] {dag.py:3096} INFO - Sync 1 DAGs
[2024-05-09T15:01:49.382+0700] {logging_mixin.py:188} INFO - [2024-05-09T15:01:49.382+0700] {dag.py:3954} INFO - Setting next_dagrun for example_display_name to None, run_after=None
[2024-05-09T15:01:49.400+0700] {processor.py:183} INFO - Processing /Library/Frameworks/Python.framework/Versions/3.10/lib/python3.10/site-packages/airflow/example_dags/example_display_name.py took 0.240 seconds
[2024-05-09T15:05:01.458+0700] {processor.py:161} INFO - Started process (PID=85090) to work on /Library/Frameworks/Python.framework/Versions/3.10/lib/python3.10/site-packages/airflow/example_dags/example_display_name.py
[2024-05-09T15:05:01.461+0700] {processor.py:830} INFO - Processing file /Library/Frameworks/Python.framework/Versions/3.10/lib/python3.10/site-packages/airflow/example_dags/example_display_name.py for tasks to queue
[2024-05-09T15:05:01.462+0700] {logging_mixin.py:188} INFO - [2024-05-09T15:05:01.462+0700] {dagbag.py:540} INFO - Filling up the DagBag from /Library/Frameworks/Python.framework/Versions/3.10/lib/python3.10/site-packages/airflow/example_dags/example_display_name.py
[2024-05-09T15:05:01.493+0700] {processor.py:840} INFO - DAG(s) 'example_display_name' retrieved from /Library/Frameworks/Python.framework/Versions/3.10/lib/python3.10/site-packages/airflow/example_dags/example_display_name.py
[2024-05-09T15:05:01.646+0700] {logging_mixin.py:188} INFO - [2024-05-09T15:05:01.646+0700] {dag.py:3096} INFO - Sync 1 DAGs
[2024-05-09T15:05:01.655+0700] {logging_mixin.py:188} INFO - [2024-05-09T15:05:01.655+0700] {dag.py:3954} INFO - Setting next_dagrun for example_display_name to None, run_after=None
[2024-05-09T15:05:01.671+0700] {processor.py:183} INFO - Processing /Library/Frameworks/Python.framework/Versions/3.10/lib/python3.10/site-packages/airflow/example_dags/example_display_name.py took 0.216 seconds
[2024-05-09T15:11:24.356+0700] {processor.py:161} INFO - Started process (PID=87299) to work on /Library/Frameworks/Python.framework/Versions/3.10/lib/python3.10/site-packages/airflow/example_dags/example_display_name.py
[2024-05-09T15:11:24.358+0700] {processor.py:830} INFO - Processing file /Library/Frameworks/Python.framework/Versions/3.10/lib/python3.10/site-packages/airflow/example_dags/example_display_name.py for tasks to queue
[2024-05-09T15:11:24.359+0700] {logging_mixin.py:188} INFO - [2024-05-09T15:11:24.359+0700] {dagbag.py:540} INFO - Filling up the DagBag from /Library/Frameworks/Python.framework/Versions/3.10/lib/python3.10/site-packages/airflow/example_dags/example_display_name.py
[2024-05-09T15:11:24.415+0700] {processor.py:840} INFO - DAG(s) 'example_display_name' retrieved from /Library/Frameworks/Python.framework/Versions/3.10/lib/python3.10/site-packages/airflow/example_dags/example_display_name.py
[2024-05-09T15:11:25.045+0700] {logging_mixin.py:188} INFO - [2024-05-09T15:11:25.042+0700] {dag.py:3096} INFO - Sync 1 DAGs
[2024-05-09T15:11:25.073+0700] {logging_mixin.py:188} INFO - [2024-05-09T15:11:25.073+0700] {dag.py:3954} INFO - Setting next_dagrun for example_display_name to None, run_after=None
[2024-05-09T15:11:25.104+0700] {processor.py:183} INFO - Processing /Library/Frameworks/Python.framework/Versions/3.10/lib/python3.10/site-packages/airflow/example_dags/example_display_name.py took 0.752 seconds
[2024-05-09T15:15:04.940+0700] {processor.py:161} INFO - Started process (PID=88831) to work on /Library/Frameworks/Python.framework/Versions/3.10/lib/python3.10/site-packages/airflow/example_dags/example_display_name.py
[2024-05-09T15:15:04.942+0700] {processor.py:830} INFO - Processing file /Library/Frameworks/Python.framework/Versions/3.10/lib/python3.10/site-packages/airflow/example_dags/example_display_name.py for tasks to queue
[2024-05-09T15:15:04.942+0700] {logging_mixin.py:188} INFO - [2024-05-09T15:15:04.942+0700] {dagbag.py:540} INFO - Filling up the DagBag from /Library/Frameworks/Python.framework/Versions/3.10/lib/python3.10/site-packages/airflow/example_dags/example_display_name.py
[2024-05-09T15:15:04.968+0700] {processor.py:840} INFO - DAG(s) 'example_display_name' retrieved from /Library/Frameworks/Python.framework/Versions/3.10/lib/python3.10/site-packages/airflow/example_dags/example_display_name.py
[2024-05-09T15:15:05.066+0700] {logging_mixin.py:188} INFO - [2024-05-09T15:15:05.066+0700] {dag.py:3096} INFO - Sync 1 DAGs
[2024-05-09T15:15:05.072+0700] {logging_mixin.py:188} INFO - [2024-05-09T15:15:05.071+0700] {dag.py:3954} INFO - Setting next_dagrun for example_display_name to None, run_after=None
[2024-05-09T15:15:05.082+0700] {processor.py:183} INFO - Processing /Library/Frameworks/Python.framework/Versions/3.10/lib/python3.10/site-packages/airflow/example_dags/example_display_name.py took 0.144 seconds
[2024-05-09T15:18:08.989+0700] {processor.py:161} INFO - Started process (PID=90472) to work on /Library/Frameworks/Python.framework/Versions/3.10/lib/python3.10/site-packages/airflow/example_dags/example_display_name.py
[2024-05-09T15:18:08.991+0700] {processor.py:830} INFO - Processing file /Library/Frameworks/Python.framework/Versions/3.10/lib/python3.10/site-packages/airflow/example_dags/example_display_name.py for tasks to queue
[2024-05-09T15:18:08.991+0700] {logging_mixin.py:188} INFO - [2024-05-09T15:18:08.991+0700] {dagbag.py:540} INFO - Filling up the DagBag from /Library/Frameworks/Python.framework/Versions/3.10/lib/python3.10/site-packages/airflow/example_dags/example_display_name.py
[2024-05-09T15:18:09.018+0700] {processor.py:840} INFO - DAG(s) 'example_display_name' retrieved from /Library/Frameworks/Python.framework/Versions/3.10/lib/python3.10/site-packages/airflow/example_dags/example_display_name.py
[2024-05-09T15:18:09.112+0700] {logging_mixin.py:188} INFO - [2024-05-09T15:18:09.112+0700] {dag.py:3096} INFO - Sync 1 DAGs
[2024-05-09T15:18:09.118+0700] {logging_mixin.py:188} INFO - [2024-05-09T15:18:09.118+0700] {dag.py:3954} INFO - Setting next_dagrun for example_display_name to None, run_after=None
[2024-05-09T15:18:09.128+0700] {processor.py:183} INFO - Processing /Library/Frameworks/Python.framework/Versions/3.10/lib/python3.10/site-packages/airflow/example_dags/example_display_name.py took 0.140 seconds
[2024-05-09T15:21:30.192+0700] {processor.py:161} INFO - Started process (PID=91952) to work on /Library/Frameworks/Python.framework/Versions/3.10/lib/python3.10/site-packages/airflow/example_dags/example_display_name.py
[2024-05-09T15:21:30.193+0700] {processor.py:830} INFO - Processing file /Library/Frameworks/Python.framework/Versions/3.10/lib/python3.10/site-packages/airflow/example_dags/example_display_name.py for tasks to queue
[2024-05-09T15:21:30.195+0700] {logging_mixin.py:188} INFO - [2024-05-09T15:21:30.195+0700] {dagbag.py:540} INFO - Filling up the DagBag from /Library/Frameworks/Python.framework/Versions/3.10/lib/python3.10/site-packages/airflow/example_dags/example_display_name.py
[2024-05-09T15:21:30.229+0700] {processor.py:840} INFO - DAG(s) 'example_display_name' retrieved from /Library/Frameworks/Python.framework/Versions/3.10/lib/python3.10/site-packages/airflow/example_dags/example_display_name.py
[2024-05-09T15:21:30.388+0700] {logging_mixin.py:188} INFO - [2024-05-09T15:21:30.388+0700] {dag.py:3096} INFO - Sync 1 DAGs
[2024-05-09T15:21:30.394+0700] {logging_mixin.py:188} INFO - [2024-05-09T15:21:30.393+0700] {dag.py:3954} INFO - Setting next_dagrun for example_display_name to None, run_after=None
[2024-05-09T15:21:30.407+0700] {processor.py:183} INFO - Processing /Library/Frameworks/Python.framework/Versions/3.10/lib/python3.10/site-packages/airflow/example_dags/example_display_name.py took 0.221 seconds
[2024-05-09T15:24:58.281+0700] {processor.py:161} INFO - Started process (PID=94925) to work on /Library/Frameworks/Python.framework/Versions/3.10/lib/python3.10/site-packages/airflow/example_dags/example_display_name.py
[2024-05-09T15:24:58.283+0700] {processor.py:830} INFO - Processing file /Library/Frameworks/Python.framework/Versions/3.10/lib/python3.10/site-packages/airflow/example_dags/example_display_name.py for tasks to queue
[2024-05-09T15:24:58.285+0700] {logging_mixin.py:188} INFO - [2024-05-09T15:24:58.285+0700] {dagbag.py:540} INFO - Filling up the DagBag from /Library/Frameworks/Python.framework/Versions/3.10/lib/python3.10/site-packages/airflow/example_dags/example_display_name.py
[2024-05-09T15:24:58.348+0700] {processor.py:840} INFO - DAG(s) 'example_display_name' retrieved from /Library/Frameworks/Python.framework/Versions/3.10/lib/python3.10/site-packages/airflow/example_dags/example_display_name.py
[2024-05-09T15:24:58.520+0700] {logging_mixin.py:188} INFO - [2024-05-09T15:24:58.519+0700] {dag.py:3096} INFO - Sync 1 DAGs
[2024-05-09T15:24:58.528+0700] {logging_mixin.py:188} INFO - [2024-05-09T15:24:58.528+0700] {dag.py:3954} INFO - Setting next_dagrun for example_display_name to None, run_after=None
[2024-05-09T15:24:58.553+0700] {processor.py:183} INFO - Processing /Library/Frameworks/Python.framework/Versions/3.10/lib/python3.10/site-packages/airflow/example_dags/example_display_name.py took 0.275 seconds
[2024-05-09T15:28:06.112+0700] {processor.py:161} INFO - Started process (PID=96108) to work on /Library/Frameworks/Python.framework/Versions/3.10/lib/python3.10/site-packages/airflow/example_dags/example_display_name.py
[2024-05-09T15:28:06.113+0700] {processor.py:830} INFO - Processing file /Library/Frameworks/Python.framework/Versions/3.10/lib/python3.10/site-packages/airflow/example_dags/example_display_name.py for tasks to queue
[2024-05-09T15:28:06.113+0700] {logging_mixin.py:188} INFO - [2024-05-09T15:28:06.113+0700] {dagbag.py:540} INFO - Filling up the DagBag from /Library/Frameworks/Python.framework/Versions/3.10/lib/python3.10/site-packages/airflow/example_dags/example_display_name.py
[2024-05-09T15:28:06.134+0700] {processor.py:840} INFO - DAG(s) 'example_display_name' retrieved from /Library/Frameworks/Python.framework/Versions/3.10/lib/python3.10/site-packages/airflow/example_dags/example_display_name.py
[2024-05-09T15:28:06.230+0700] {logging_mixin.py:188} INFO - [2024-05-09T15:28:06.230+0700] {dag.py:3096} INFO - Sync 1 DAGs
[2024-05-09T15:28:06.236+0700] {logging_mixin.py:188} INFO - [2024-05-09T15:28:06.236+0700] {dag.py:3954} INFO - Setting next_dagrun for example_display_name to None, run_after=None
[2024-05-09T15:28:06.247+0700] {processor.py:183} INFO - Processing /Library/Frameworks/Python.framework/Versions/3.10/lib/python3.10/site-packages/airflow/example_dags/example_display_name.py took 0.137 seconds
[2024-05-09T15:32:01.753+0700] {processor.py:161} INFO - Started process (PID=97567) to work on /Library/Frameworks/Python.framework/Versions/3.10/lib/python3.10/site-packages/airflow/example_dags/example_display_name.py
[2024-05-09T15:32:01.755+0700] {processor.py:830} INFO - Processing file /Library/Frameworks/Python.framework/Versions/3.10/lib/python3.10/site-packages/airflow/example_dags/example_display_name.py for tasks to queue
[2024-05-09T15:32:01.758+0700] {logging_mixin.py:188} INFO - [2024-05-09T15:32:01.757+0700] {dagbag.py:540} INFO - Filling up the DagBag from /Library/Frameworks/Python.framework/Versions/3.10/lib/python3.10/site-packages/airflow/example_dags/example_display_name.py
[2024-05-09T15:32:01.853+0700] {processor.py:840} INFO - DAG(s) 'example_display_name' retrieved from /Library/Frameworks/Python.framework/Versions/3.10/lib/python3.10/site-packages/airflow/example_dags/example_display_name.py
[2024-05-09T15:32:02.701+0700] {logging_mixin.py:188} INFO - [2024-05-09T15:32:02.690+0700] {dag.py:3096} INFO - Sync 1 DAGs
[2024-05-09T15:32:02.735+0700] {logging_mixin.py:188} INFO - [2024-05-09T15:32:02.734+0700] {dag.py:3954} INFO - Setting next_dagrun for example_display_name to None, run_after=None
[2024-05-09T15:32:02.798+0700] {processor.py:183} INFO - Processing /Library/Frameworks/Python.framework/Versions/3.10/lib/python3.10/site-packages/airflow/example_dags/example_display_name.py took 1.049 seconds
