[2024-05-09T14:31:57.116+0700] {processor.py:161} INFO - Started process (PID=69840) to work on /Library/Frameworks/Python.framework/Versions/3.10/lib/python3.10/site-packages/airflow/example_dags/example_external_task_marker_dag.py
[2024-05-09T14:31:57.116+0700] {processor.py:830} INFO - Processing file /Library/Frameworks/Python.framework/Versions/3.10/lib/python3.10/site-packages/airflow/example_dags/example_external_task_marker_dag.py for tasks to queue
[2024-05-09T14:31:57.117+0700] {logging_mixin.py:188} INFO - [2024-05-09T14:31:57.117+0700] {dagbag.py:540} INFO - Filling up the DagBag from /Library/Frameworks/Python.framework/Versions/3.10/lib/python3.10/site-packages/airflow/example_dags/example_external_task_marker_dag.py
[2024-05-09T14:31:57.125+0700] {processor.py:840} INFO - DAG(s) 'example_external_task_marker_parent', 'example_external_task_marker_child' retrieved from /Library/Frameworks/Python.framework/Versions/3.10/lib/python3.10/site-packages/airflow/example_dags/example_external_task_marker_dag.py
[2024-05-09T14:31:57.291+0700] {logging_mixin.py:188} INFO - [2024-05-09T14:31:57.291+0700] {dag.py:3096} INFO - Sync 2 DAGs
[2024-05-09T14:31:57.296+0700] {logging_mixin.py:188} INFO - [2024-05-09T14:31:57.296+0700] {dag.py:3954} INFO - Setting next_dagrun for example_external_task_marker_child to None, run_after=None
[2024-05-09T14:31:57.298+0700] {logging_mixin.py:188} INFO - [2024-05-09T14:31:57.298+0700] {dag.py:3954} INFO - Setting next_dagrun for example_external_task_marker_parent to None, run_after=None
[2024-05-09T14:31:57.308+0700] {processor.py:183} INFO - Processing /Library/Frameworks/Python.framework/Versions/3.10/lib/python3.10/site-packages/airflow/example_dags/example_external_task_marker_dag.py took 0.194 seconds
[2024-05-09T14:34:13.618+0700] {processor.py:161} INFO - Started process (PID=70647) to work on /Library/Frameworks/Python.framework/Versions/3.10/lib/python3.10/site-packages/airflow/example_dags/example_external_task_marker_dag.py
[2024-05-09T14:34:13.619+0700] {processor.py:830} INFO - Processing file /Library/Frameworks/Python.framework/Versions/3.10/lib/python3.10/site-packages/airflow/example_dags/example_external_task_marker_dag.py for tasks to queue
[2024-05-09T14:34:13.619+0700] {logging_mixin.py:188} INFO - [2024-05-09T14:34:13.619+0700] {dagbag.py:540} INFO - Filling up the DagBag from /Library/Frameworks/Python.framework/Versions/3.10/lib/python3.10/site-packages/airflow/example_dags/example_external_task_marker_dag.py
[2024-05-09T14:34:13.627+0700] {processor.py:840} INFO - DAG(s) 'example_external_task_marker_parent', 'example_external_task_marker_child' retrieved from /Library/Frameworks/Python.framework/Versions/3.10/lib/python3.10/site-packages/airflow/example_dags/example_external_task_marker_dag.py
[2024-05-09T14:34:13.795+0700] {logging_mixin.py:188} INFO - [2024-05-09T14:34:13.795+0700] {dag.py:3096} INFO - Sync 2 DAGs
[2024-05-09T14:34:13.801+0700] {logging_mixin.py:188} INFO - [2024-05-09T14:34:13.801+0700] {dag.py:3954} INFO - Setting next_dagrun for example_external_task_marker_child to None, run_after=None
[2024-05-09T14:34:13.802+0700] {logging_mixin.py:188} INFO - [2024-05-09T14:34:13.802+0700] {dag.py:3954} INFO - Setting next_dagrun for example_external_task_marker_parent to None, run_after=None
[2024-05-09T14:34:13.813+0700] {processor.py:183} INFO - Processing /Library/Frameworks/Python.framework/Versions/3.10/lib/python3.10/site-packages/airflow/example_dags/example_external_task_marker_dag.py took 0.197 seconds
[2024-05-09T14:37:26.097+0700] {processor.py:161} INFO - Started process (PID=71821) to work on /Library/Frameworks/Python.framework/Versions/3.10/lib/python3.10/site-packages/airflow/example_dags/example_external_task_marker_dag.py
[2024-05-09T14:37:26.098+0700] {processor.py:830} INFO - Processing file /Library/Frameworks/Python.framework/Versions/3.10/lib/python3.10/site-packages/airflow/example_dags/example_external_task_marker_dag.py for tasks to queue
[2024-05-09T14:37:26.099+0700] {logging_mixin.py:188} INFO - [2024-05-09T14:37:26.099+0700] {dagbag.py:540} INFO - Filling up the DagBag from /Library/Frameworks/Python.framework/Versions/3.10/lib/python3.10/site-packages/airflow/example_dags/example_external_task_marker_dag.py
[2024-05-09T14:37:26.108+0700] {processor.py:840} INFO - DAG(s) 'example_external_task_marker_child', 'example_external_task_marker_parent' retrieved from /Library/Frameworks/Python.framework/Versions/3.10/lib/python3.10/site-packages/airflow/example_dags/example_external_task_marker_dag.py
[2024-05-09T14:37:26.218+0700] {logging_mixin.py:188} INFO - [2024-05-09T14:37:26.218+0700] {dag.py:3096} INFO - Sync 2 DAGs
[2024-05-09T14:37:26.223+0700] {logging_mixin.py:188} INFO - [2024-05-09T14:37:26.223+0700] {dag.py:3954} INFO - Setting next_dagrun for example_external_task_marker_child to None, run_after=None
[2024-05-09T14:37:26.226+0700] {logging_mixin.py:188} INFO - [2024-05-09T14:37:26.226+0700] {dag.py:3954} INFO - Setting next_dagrun for example_external_task_marker_parent to None, run_after=None
[2024-05-09T14:37:26.237+0700] {processor.py:183} INFO - Processing /Library/Frameworks/Python.framework/Versions/3.10/lib/python3.10/site-packages/airflow/example_dags/example_external_task_marker_dag.py took 0.141 seconds
[2024-05-09T14:41:03.204+0700] {processor.py:161} INFO - Started process (PID=75986) to work on /Library/Frameworks/Python.framework/Versions/3.10/lib/python3.10/site-packages/airflow/example_dags/example_external_task_marker_dag.py
[2024-05-09T14:41:03.206+0700] {processor.py:830} INFO - Processing file /Library/Frameworks/Python.framework/Versions/3.10/lib/python3.10/site-packages/airflow/example_dags/example_external_task_marker_dag.py for tasks to queue
[2024-05-09T14:41:03.207+0700] {logging_mixin.py:188} INFO - [2024-05-09T14:41:03.207+0700] {dagbag.py:540} INFO - Filling up the DagBag from /Library/Frameworks/Python.framework/Versions/3.10/lib/python3.10/site-packages/airflow/example_dags/example_external_task_marker_dag.py
[2024-05-09T14:41:03.225+0700] {processor.py:840} INFO - DAG(s) 'example_external_task_marker_child', 'example_external_task_marker_parent' retrieved from /Library/Frameworks/Python.framework/Versions/3.10/lib/python3.10/site-packages/airflow/example_dags/example_external_task_marker_dag.py
[2024-05-09T14:41:03.439+0700] {logging_mixin.py:188} INFO - [2024-05-09T14:41:03.438+0700] {dag.py:3096} INFO - Sync 2 DAGs
[2024-05-09T14:41:03.448+0700] {logging_mixin.py:188} INFO - [2024-05-09T14:41:03.448+0700] {dag.py:3954} INFO - Setting next_dagrun for example_external_task_marker_child to None, run_after=None
[2024-05-09T14:41:03.451+0700] {logging_mixin.py:188} INFO - [2024-05-09T14:41:03.451+0700] {dag.py:3954} INFO - Setting next_dagrun for example_external_task_marker_parent to None, run_after=None
[2024-05-09T14:41:03.472+0700] {processor.py:183} INFO - Processing /Library/Frameworks/Python.framework/Versions/3.10/lib/python3.10/site-packages/airflow/example_dags/example_external_task_marker_dag.py took 0.294 seconds
[2024-05-09T14:45:00.968+0700] {processor.py:161} INFO - Started process (PID=77728) to work on /Library/Frameworks/Python.framework/Versions/3.10/lib/python3.10/site-packages/airflow/example_dags/example_external_task_marker_dag.py
[2024-05-09T14:45:00.971+0700] {processor.py:830} INFO - Processing file /Library/Frameworks/Python.framework/Versions/3.10/lib/python3.10/site-packages/airflow/example_dags/example_external_task_marker_dag.py for tasks to queue
[2024-05-09T14:45:00.972+0700] {logging_mixin.py:188} INFO - [2024-05-09T14:45:00.972+0700] {dagbag.py:540} INFO - Filling up the DagBag from /Library/Frameworks/Python.framework/Versions/3.10/lib/python3.10/site-packages/airflow/example_dags/example_external_task_marker_dag.py
[2024-05-09T14:45:00.986+0700] {processor.py:840} INFO - DAG(s) 'example_external_task_marker_child', 'example_external_task_marker_parent' retrieved from /Library/Frameworks/Python.framework/Versions/3.10/lib/python3.10/site-packages/airflow/example_dags/example_external_task_marker_dag.py
[2024-05-09T14:45:01.302+0700] {logging_mixin.py:188} INFO - [2024-05-09T14:45:01.301+0700] {dag.py:3096} INFO - Sync 2 DAGs
[2024-05-09T14:45:01.309+0700] {logging_mixin.py:188} INFO - [2024-05-09T14:45:01.309+0700] {dag.py:3954} INFO - Setting next_dagrun for example_external_task_marker_child to None, run_after=None
[2024-05-09T14:45:01.312+0700] {logging_mixin.py:188} INFO - [2024-05-09T14:45:01.311+0700] {dag.py:3954} INFO - Setting next_dagrun for example_external_task_marker_parent to None, run_after=None
[2024-05-09T14:45:01.331+0700] {processor.py:183} INFO - Processing /Library/Frameworks/Python.framework/Versions/3.10/lib/python3.10/site-packages/airflow/example_dags/example_external_task_marker_dag.py took 0.373 seconds
[2024-05-09T14:48:44.378+0700] {processor.py:161} INFO - Started process (PID=79060) to work on /Library/Frameworks/Python.framework/Versions/3.10/lib/python3.10/site-packages/airflow/example_dags/example_external_task_marker_dag.py
[2024-05-09T14:48:44.380+0700] {processor.py:830} INFO - Processing file /Library/Frameworks/Python.framework/Versions/3.10/lib/python3.10/site-packages/airflow/example_dags/example_external_task_marker_dag.py for tasks to queue
[2024-05-09T14:48:44.387+0700] {logging_mixin.py:188} INFO - [2024-05-09T14:48:44.387+0700] {dagbag.py:540} INFO - Filling up the DagBag from /Library/Frameworks/Python.framework/Versions/3.10/lib/python3.10/site-packages/airflow/example_dags/example_external_task_marker_dag.py
[2024-05-09T14:48:44.400+0700] {processor.py:840} INFO - DAG(s) 'example_external_task_marker_child', 'example_external_task_marker_parent' retrieved from /Library/Frameworks/Python.framework/Versions/3.10/lib/python3.10/site-packages/airflow/example_dags/example_external_task_marker_dag.py
[2024-05-09T14:48:44.608+0700] {logging_mixin.py:188} INFO - [2024-05-09T14:48:44.608+0700] {dag.py:3096} INFO - Sync 2 DAGs
[2024-05-09T14:48:44.614+0700] {logging_mixin.py:188} INFO - [2024-05-09T14:48:44.614+0700] {dag.py:3954} INFO - Setting next_dagrun for example_external_task_marker_child to None, run_after=None
[2024-05-09T14:48:44.616+0700] {logging_mixin.py:188} INFO - [2024-05-09T14:48:44.615+0700] {dag.py:3954} INFO - Setting next_dagrun for example_external_task_marker_parent to None, run_after=None
[2024-05-09T14:48:44.635+0700] {processor.py:183} INFO - Processing /Library/Frameworks/Python.framework/Versions/3.10/lib/python3.10/site-packages/airflow/example_dags/example_external_task_marker_dag.py took 0.262 seconds
[2024-05-09T14:52:28.416+0700] {processor.py:161} INFO - Started process (PID=80381) to work on /Library/Frameworks/Python.framework/Versions/3.10/lib/python3.10/site-packages/airflow/example_dags/example_external_task_marker_dag.py
[2024-05-09T14:52:28.416+0700] {processor.py:830} INFO - Processing file /Library/Frameworks/Python.framework/Versions/3.10/lib/python3.10/site-packages/airflow/example_dags/example_external_task_marker_dag.py for tasks to queue
[2024-05-09T14:52:28.417+0700] {logging_mixin.py:188} INFO - [2024-05-09T14:52:28.417+0700] {dagbag.py:540} INFO - Filling up the DagBag from /Library/Frameworks/Python.framework/Versions/3.10/lib/python3.10/site-packages/airflow/example_dags/example_external_task_marker_dag.py
[2024-05-09T14:52:28.424+0700] {processor.py:840} INFO - DAG(s) 'example_external_task_marker_child', 'example_external_task_marker_parent' retrieved from /Library/Frameworks/Python.framework/Versions/3.10/lib/python3.10/site-packages/airflow/example_dags/example_external_task_marker_dag.py
[2024-05-09T14:52:28.591+0700] {logging_mixin.py:188} INFO - [2024-05-09T14:52:28.591+0700] {dag.py:3096} INFO - Sync 2 DAGs
[2024-05-09T14:52:28.597+0700] {logging_mixin.py:188} INFO - [2024-05-09T14:52:28.597+0700] {dag.py:3954} INFO - Setting next_dagrun for example_external_task_marker_child to None, run_after=None
[2024-05-09T14:52:28.598+0700] {logging_mixin.py:188} INFO - [2024-05-09T14:52:28.598+0700] {dag.py:3954} INFO - Setting next_dagrun for example_external_task_marker_parent to None, run_after=None
[2024-05-09T14:52:28.609+0700] {processor.py:183} INFO - Processing /Library/Frameworks/Python.framework/Versions/3.10/lib/python3.10/site-packages/airflow/example_dags/example_external_task_marker_dag.py took 0.195 seconds
[2024-05-09T14:55:35.268+0700] {processor.py:161} INFO - Started process (PID=81561) to work on /Library/Frameworks/Python.framework/Versions/3.10/lib/python3.10/site-packages/airflow/example_dags/example_external_task_marker_dag.py
[2024-05-09T14:55:35.269+0700] {processor.py:830} INFO - Processing file /Library/Frameworks/Python.framework/Versions/3.10/lib/python3.10/site-packages/airflow/example_dags/example_external_task_marker_dag.py for tasks to queue
[2024-05-09T14:55:35.269+0700] {logging_mixin.py:188} INFO - [2024-05-09T14:55:35.269+0700] {dagbag.py:540} INFO - Filling up the DagBag from /Library/Frameworks/Python.framework/Versions/3.10/lib/python3.10/site-packages/airflow/example_dags/example_external_task_marker_dag.py
[2024-05-09T14:55:35.278+0700] {processor.py:840} INFO - DAG(s) 'example_external_task_marker_child', 'example_external_task_marker_parent' retrieved from /Library/Frameworks/Python.framework/Versions/3.10/lib/python3.10/site-packages/airflow/example_dags/example_external_task_marker_dag.py
[2024-05-09T14:55:35.444+0700] {logging_mixin.py:188} INFO - [2024-05-09T14:55:35.443+0700] {dag.py:3096} INFO - Sync 2 DAGs
[2024-05-09T14:55:35.450+0700] {logging_mixin.py:188} INFO - [2024-05-09T14:55:35.450+0700] {dag.py:3954} INFO - Setting next_dagrun for example_external_task_marker_child to None, run_after=None
[2024-05-09T14:55:35.453+0700] {logging_mixin.py:188} INFO - [2024-05-09T14:55:35.453+0700] {dag.py:3954} INFO - Setting next_dagrun for example_external_task_marker_parent to None, run_after=None
[2024-05-09T14:55:35.485+0700] {processor.py:183} INFO - Processing /Library/Frameworks/Python.framework/Versions/3.10/lib/python3.10/site-packages/airflow/example_dags/example_external_task_marker_dag.py took 0.219 seconds
[2024-05-09T14:58:33.714+0700] {processor.py:161} INFO - Started process (PID=82773) to work on /Library/Frameworks/Python.framework/Versions/3.10/lib/python3.10/site-packages/airflow/example_dags/example_external_task_marker_dag.py
[2024-05-09T14:58:33.715+0700] {processor.py:830} INFO - Processing file /Library/Frameworks/Python.framework/Versions/3.10/lib/python3.10/site-packages/airflow/example_dags/example_external_task_marker_dag.py for tasks to queue
[2024-05-09T14:58:33.716+0700] {logging_mixin.py:188} INFO - [2024-05-09T14:58:33.716+0700] {dagbag.py:540} INFO - Filling up the DagBag from /Library/Frameworks/Python.framework/Versions/3.10/lib/python3.10/site-packages/airflow/example_dags/example_external_task_marker_dag.py
[2024-05-09T14:58:33.724+0700] {processor.py:840} INFO - DAG(s) 'example_external_task_marker_parent', 'example_external_task_marker_child' retrieved from /Library/Frameworks/Python.framework/Versions/3.10/lib/python3.10/site-packages/airflow/example_dags/example_external_task_marker_dag.py
[2024-05-09T14:58:33.892+0700] {logging_mixin.py:188} INFO - [2024-05-09T14:58:33.891+0700] {dag.py:3096} INFO - Sync 2 DAGs
[2024-05-09T14:58:33.897+0700] {logging_mixin.py:188} INFO - [2024-05-09T14:58:33.897+0700] {dag.py:3954} INFO - Setting next_dagrun for example_external_task_marker_child to None, run_after=None
[2024-05-09T14:58:33.898+0700] {logging_mixin.py:188} INFO - [2024-05-09T14:58:33.898+0700] {dag.py:3954} INFO - Setting next_dagrun for example_external_task_marker_parent to None, run_after=None
[2024-05-09T14:58:33.910+0700] {processor.py:183} INFO - Processing /Library/Frameworks/Python.framework/Versions/3.10/lib/python3.10/site-packages/airflow/example_dags/example_external_task_marker_dag.py took 0.198 seconds
[2024-05-09T15:01:41.416+0700] {processor.py:161} INFO - Started process (PID=83781) to work on /Library/Frameworks/Python.framework/Versions/3.10/lib/python3.10/site-packages/airflow/example_dags/example_external_task_marker_dag.py
[2024-05-09T15:01:41.417+0700] {processor.py:830} INFO - Processing file /Library/Frameworks/Python.framework/Versions/3.10/lib/python3.10/site-packages/airflow/example_dags/example_external_task_marker_dag.py for tasks to queue
[2024-05-09T15:01:41.418+0700] {logging_mixin.py:188} INFO - [2024-05-09T15:01:41.418+0700] {dagbag.py:540} INFO - Filling up the DagBag from /Library/Frameworks/Python.framework/Versions/3.10/lib/python3.10/site-packages/airflow/example_dags/example_external_task_marker_dag.py
[2024-05-09T15:01:41.427+0700] {processor.py:840} INFO - DAG(s) 'example_external_task_marker_child', 'example_external_task_marker_parent' retrieved from /Library/Frameworks/Python.framework/Versions/3.10/lib/python3.10/site-packages/airflow/example_dags/example_external_task_marker_dag.py
[2024-05-09T15:01:41.552+0700] {logging_mixin.py:188} INFO - [2024-05-09T15:01:41.551+0700] {dag.py:3096} INFO - Sync 2 DAGs
[2024-05-09T15:01:41.558+0700] {logging_mixin.py:188} INFO - [2024-05-09T15:01:41.558+0700] {dag.py:3954} INFO - Setting next_dagrun for example_external_task_marker_child to None, run_after=None
[2024-05-09T15:01:41.560+0700] {logging_mixin.py:188} INFO - [2024-05-09T15:01:41.559+0700] {dag.py:3954} INFO - Setting next_dagrun for example_external_task_marker_parent to None, run_after=None
[2024-05-09T15:01:41.571+0700] {processor.py:183} INFO - Processing /Library/Frameworks/Python.framework/Versions/3.10/lib/python3.10/site-packages/airflow/example_dags/example_external_task_marker_dag.py took 0.157 seconds
[2024-05-09T15:04:53.820+0700] {processor.py:161} INFO - Started process (PID=85046) to work on /Library/Frameworks/Python.framework/Versions/3.10/lib/python3.10/site-packages/airflow/example_dags/example_external_task_marker_dag.py
[2024-05-09T15:04:53.821+0700] {processor.py:830} INFO - Processing file /Library/Frameworks/Python.framework/Versions/3.10/lib/python3.10/site-packages/airflow/example_dags/example_external_task_marker_dag.py for tasks to queue
[2024-05-09T15:04:53.821+0700] {logging_mixin.py:188} INFO - [2024-05-09T15:04:53.821+0700] {dagbag.py:540} INFO - Filling up the DagBag from /Library/Frameworks/Python.framework/Versions/3.10/lib/python3.10/site-packages/airflow/example_dags/example_external_task_marker_dag.py
[2024-05-09T15:04:53.840+0700] {processor.py:840} INFO - DAG(s) 'example_external_task_marker_child', 'example_external_task_marker_parent' retrieved from /Library/Frameworks/Python.framework/Versions/3.10/lib/python3.10/site-packages/airflow/example_dags/example_external_task_marker_dag.py
[2024-05-09T15:04:53.952+0700] {logging_mixin.py:188} INFO - [2024-05-09T15:04:53.952+0700] {dag.py:3096} INFO - Sync 2 DAGs
[2024-05-09T15:04:53.957+0700] {logging_mixin.py:188} INFO - [2024-05-09T15:04:53.957+0700] {dag.py:3954} INFO - Setting next_dagrun for example_external_task_marker_child to None, run_after=None
[2024-05-09T15:04:53.959+0700] {logging_mixin.py:188} INFO - [2024-05-09T15:04:53.959+0700] {dag.py:3954} INFO - Setting next_dagrun for example_external_task_marker_parent to None, run_after=None
[2024-05-09T15:04:53.970+0700] {processor.py:183} INFO - Processing /Library/Frameworks/Python.framework/Versions/3.10/lib/python3.10/site-packages/airflow/example_dags/example_external_task_marker_dag.py took 0.152 seconds
[2024-05-09T15:11:11.604+0700] {processor.py:161} INFO - Started process (PID=87250) to work on /Library/Frameworks/Python.framework/Versions/3.10/lib/python3.10/site-packages/airflow/example_dags/example_external_task_marker_dag.py
[2024-05-09T15:11:11.605+0700] {processor.py:830} INFO - Processing file /Library/Frameworks/Python.framework/Versions/3.10/lib/python3.10/site-packages/airflow/example_dags/example_external_task_marker_dag.py for tasks to queue
[2024-05-09T15:11:11.606+0700] {logging_mixin.py:188} INFO - [2024-05-09T15:11:11.606+0700] {dagbag.py:540} INFO - Filling up the DagBag from /Library/Frameworks/Python.framework/Versions/3.10/lib/python3.10/site-packages/airflow/example_dags/example_external_task_marker_dag.py
[2024-05-09T15:11:11.623+0700] {processor.py:840} INFO - DAG(s) 'example_external_task_marker_parent', 'example_external_task_marker_child' retrieved from /Library/Frameworks/Python.framework/Versions/3.10/lib/python3.10/site-packages/airflow/example_dags/example_external_task_marker_dag.py
[2024-05-09T15:11:11.870+0700] {logging_mixin.py:188} INFO - [2024-05-09T15:11:11.870+0700] {dag.py:3096} INFO - Sync 2 DAGs
[2024-05-09T15:11:11.887+0700] {logging_mixin.py:188} INFO - [2024-05-09T15:11:11.887+0700] {dag.py:3954} INFO - Setting next_dagrun for example_external_task_marker_child to None, run_after=None
[2024-05-09T15:11:11.892+0700] {logging_mixin.py:188} INFO - [2024-05-09T15:11:11.892+0700] {dag.py:3954} INFO - Setting next_dagrun for example_external_task_marker_parent to None, run_after=None
[2024-05-09T15:11:11.934+0700] {processor.py:183} INFO - Processing /Library/Frameworks/Python.framework/Versions/3.10/lib/python3.10/site-packages/airflow/example_dags/example_external_task_marker_dag.py took 0.332 seconds
[2024-05-09T15:14:57.816+0700] {processor.py:161} INFO - Started process (PID=88783) to work on /Library/Frameworks/Python.framework/Versions/3.10/lib/python3.10/site-packages/airflow/example_dags/example_external_task_marker_dag.py
[2024-05-09T15:14:57.817+0700] {processor.py:830} INFO - Processing file /Library/Frameworks/Python.framework/Versions/3.10/lib/python3.10/site-packages/airflow/example_dags/example_external_task_marker_dag.py for tasks to queue
[2024-05-09T15:14:57.817+0700] {logging_mixin.py:188} INFO - [2024-05-09T15:14:57.817+0700] {dagbag.py:540} INFO - Filling up the DagBag from /Library/Frameworks/Python.framework/Versions/3.10/lib/python3.10/site-packages/airflow/example_dags/example_external_task_marker_dag.py
[2024-05-09T15:14:57.829+0700] {processor.py:840} INFO - DAG(s) 'example_external_task_marker_parent', 'example_external_task_marker_child' retrieved from /Library/Frameworks/Python.framework/Versions/3.10/lib/python3.10/site-packages/airflow/example_dags/example_external_task_marker_dag.py
[2024-05-09T15:14:57.961+0700] {logging_mixin.py:188} INFO - [2024-05-09T15:14:57.961+0700] {dag.py:3096} INFO - Sync 2 DAGs
[2024-05-09T15:14:57.968+0700] {logging_mixin.py:188} INFO - [2024-05-09T15:14:57.968+0700] {dag.py:3954} INFO - Setting next_dagrun for example_external_task_marker_child to None, run_after=None
[2024-05-09T15:14:57.969+0700] {logging_mixin.py:188} INFO - [2024-05-09T15:14:57.969+0700] {dag.py:3954} INFO - Setting next_dagrun for example_external_task_marker_parent to None, run_after=None
[2024-05-09T15:14:57.980+0700] {processor.py:183} INFO - Processing /Library/Frameworks/Python.framework/Versions/3.10/lib/python3.10/site-packages/airflow/example_dags/example_external_task_marker_dag.py took 0.168 seconds
[2024-05-09T15:18:02.787+0700] {processor.py:161} INFO - Started process (PID=90440) to work on /Library/Frameworks/Python.framework/Versions/3.10/lib/python3.10/site-packages/airflow/example_dags/example_external_task_marker_dag.py
[2024-05-09T15:18:02.789+0700] {processor.py:830} INFO - Processing file /Library/Frameworks/Python.framework/Versions/3.10/lib/python3.10/site-packages/airflow/example_dags/example_external_task_marker_dag.py for tasks to queue
[2024-05-09T15:18:02.789+0700] {logging_mixin.py:188} INFO - [2024-05-09T15:18:02.789+0700] {dagbag.py:540} INFO - Filling up the DagBag from /Library/Frameworks/Python.framework/Versions/3.10/lib/python3.10/site-packages/airflow/example_dags/example_external_task_marker_dag.py
[2024-05-09T15:18:02.797+0700] {processor.py:840} INFO - DAG(s) 'example_external_task_marker_child', 'example_external_task_marker_parent' retrieved from /Library/Frameworks/Python.framework/Versions/3.10/lib/python3.10/site-packages/airflow/example_dags/example_external_task_marker_dag.py
[2024-05-09T15:18:02.906+0700] {logging_mixin.py:188} INFO - [2024-05-09T15:18:02.905+0700] {dag.py:3096} INFO - Sync 2 DAGs
[2024-05-09T15:18:02.911+0700] {logging_mixin.py:188} INFO - [2024-05-09T15:18:02.911+0700] {dag.py:3954} INFO - Setting next_dagrun for example_external_task_marker_child to None, run_after=None
[2024-05-09T15:18:02.913+0700] {logging_mixin.py:188} INFO - [2024-05-09T15:18:02.913+0700] {dag.py:3954} INFO - Setting next_dagrun for example_external_task_marker_parent to None, run_after=None
[2024-05-09T15:18:02.923+0700] {processor.py:183} INFO - Processing /Library/Frameworks/Python.framework/Versions/3.10/lib/python3.10/site-packages/airflow/example_dags/example_external_task_marker_dag.py took 0.140 seconds
[2024-05-09T15:21:24.827+0700] {processor.py:161} INFO - Started process (PID=91881) to work on /Library/Frameworks/Python.framework/Versions/3.10/lib/python3.10/site-packages/airflow/example_dags/example_external_task_marker_dag.py
[2024-05-09T15:21:24.829+0700] {processor.py:830} INFO - Processing file /Library/Frameworks/Python.framework/Versions/3.10/lib/python3.10/site-packages/airflow/example_dags/example_external_task_marker_dag.py for tasks to queue
[2024-05-09T15:21:24.830+0700] {logging_mixin.py:188} INFO - [2024-05-09T15:21:24.830+0700] {dagbag.py:540} INFO - Filling up the DagBag from /Library/Frameworks/Python.framework/Versions/3.10/lib/python3.10/site-packages/airflow/example_dags/example_external_task_marker_dag.py
[2024-05-09T15:21:24.857+0700] {processor.py:840} INFO - DAG(s) 'example_external_task_marker_child', 'example_external_task_marker_parent' retrieved from /Library/Frameworks/Python.framework/Versions/3.10/lib/python3.10/site-packages/airflow/example_dags/example_external_task_marker_dag.py
[2024-05-09T15:21:25.151+0700] {logging_mixin.py:188} INFO - [2024-05-09T15:21:25.150+0700] {dag.py:3096} INFO - Sync 2 DAGs
[2024-05-09T15:21:25.160+0700] {logging_mixin.py:188} INFO - [2024-05-09T15:21:25.159+0700] {dag.py:3954} INFO - Setting next_dagrun for example_external_task_marker_child to None, run_after=None
[2024-05-09T15:21:25.162+0700] {logging_mixin.py:188} INFO - [2024-05-09T15:21:25.162+0700] {dag.py:3954} INFO - Setting next_dagrun for example_external_task_marker_parent to None, run_after=None
[2024-05-09T15:21:25.179+0700] {processor.py:183} INFO - Processing /Library/Frameworks/Python.framework/Versions/3.10/lib/python3.10/site-packages/airflow/example_dags/example_external_task_marker_dag.py took 0.355 seconds
[2024-05-09T15:24:51.643+0700] {processor.py:161} INFO - Started process (PID=94892) to work on /Library/Frameworks/Python.framework/Versions/3.10/lib/python3.10/site-packages/airflow/example_dags/example_external_task_marker_dag.py
[2024-05-09T15:24:51.644+0700] {processor.py:830} INFO - Processing file /Library/Frameworks/Python.framework/Versions/3.10/lib/python3.10/site-packages/airflow/example_dags/example_external_task_marker_dag.py for tasks to queue
[2024-05-09T15:24:51.645+0700] {logging_mixin.py:188} INFO - [2024-05-09T15:24:51.644+0700] {dagbag.py:540} INFO - Filling up the DagBag from /Library/Frameworks/Python.framework/Versions/3.10/lib/python3.10/site-packages/airflow/example_dags/example_external_task_marker_dag.py
[2024-05-09T15:24:51.653+0700] {processor.py:840} INFO - DAG(s) 'example_external_task_marker_child', 'example_external_task_marker_parent' retrieved from /Library/Frameworks/Python.framework/Versions/3.10/lib/python3.10/site-packages/airflow/example_dags/example_external_task_marker_dag.py
[2024-05-09T15:24:51.769+0700] {logging_mixin.py:188} INFO - [2024-05-09T15:24:51.769+0700] {dag.py:3096} INFO - Sync 2 DAGs
[2024-05-09T15:24:51.775+0700] {logging_mixin.py:188} INFO - [2024-05-09T15:24:51.775+0700] {dag.py:3954} INFO - Setting next_dagrun for example_external_task_marker_child to None, run_after=None
[2024-05-09T15:24:51.777+0700] {logging_mixin.py:188} INFO - [2024-05-09T15:24:51.777+0700] {dag.py:3954} INFO - Setting next_dagrun for example_external_task_marker_parent to None, run_after=None
[2024-05-09T15:24:51.788+0700] {processor.py:183} INFO - Processing /Library/Frameworks/Python.framework/Versions/3.10/lib/python3.10/site-packages/airflow/example_dags/example_external_task_marker_dag.py took 0.150 seconds
[2024-05-09T15:27:58.713+0700] {processor.py:161} INFO - Started process (PID=96063) to work on /Library/Frameworks/Python.framework/Versions/3.10/lib/python3.10/site-packages/airflow/example_dags/example_external_task_marker_dag.py
[2024-05-09T15:27:58.714+0700] {processor.py:830} INFO - Processing file /Library/Frameworks/Python.framework/Versions/3.10/lib/python3.10/site-packages/airflow/example_dags/example_external_task_marker_dag.py for tasks to queue
[2024-05-09T15:27:58.717+0700] {logging_mixin.py:188} INFO - [2024-05-09T15:27:58.717+0700] {dagbag.py:540} INFO - Filling up the DagBag from /Library/Frameworks/Python.framework/Versions/3.10/lib/python3.10/site-packages/airflow/example_dags/example_external_task_marker_dag.py
[2024-05-09T15:27:58.726+0700] {processor.py:840} INFO - DAG(s) 'example_external_task_marker_parent', 'example_external_task_marker_child' retrieved from /Library/Frameworks/Python.framework/Versions/3.10/lib/python3.10/site-packages/airflow/example_dags/example_external_task_marker_dag.py
[2024-05-09T15:27:58.837+0700] {logging_mixin.py:188} INFO - [2024-05-09T15:27:58.837+0700] {dag.py:3096} INFO - Sync 2 DAGs
[2024-05-09T15:27:58.844+0700] {logging_mixin.py:188} INFO - [2024-05-09T15:27:58.844+0700] {dag.py:3954} INFO - Setting next_dagrun for example_external_task_marker_child to None, run_after=None
[2024-05-09T15:27:58.846+0700] {logging_mixin.py:188} INFO - [2024-05-09T15:27:58.846+0700] {dag.py:3954} INFO - Setting next_dagrun for example_external_task_marker_parent to None, run_after=None
[2024-05-09T15:27:58.860+0700] {processor.py:183} INFO - Processing /Library/Frameworks/Python.framework/Versions/3.10/lib/python3.10/site-packages/airflow/example_dags/example_external_task_marker_dag.py took 0.154 seconds
[2024-05-09T15:31:52.148+0700] {processor.py:161} INFO - Started process (PID=97523) to work on /Library/Frameworks/Python.framework/Versions/3.10/lib/python3.10/site-packages/airflow/example_dags/example_external_task_marker_dag.py
[2024-05-09T15:31:52.149+0700] {processor.py:830} INFO - Processing file /Library/Frameworks/Python.framework/Versions/3.10/lib/python3.10/site-packages/airflow/example_dags/example_external_task_marker_dag.py for tasks to queue
[2024-05-09T15:31:52.149+0700] {logging_mixin.py:188} INFO - [2024-05-09T15:31:52.149+0700] {dagbag.py:540} INFO - Filling up the DagBag from /Library/Frameworks/Python.framework/Versions/3.10/lib/python3.10/site-packages/airflow/example_dags/example_external_task_marker_dag.py
[2024-05-09T15:31:52.157+0700] {processor.py:840} INFO - DAG(s) 'example_external_task_marker_child', 'example_external_task_marker_parent' retrieved from /Library/Frameworks/Python.framework/Versions/3.10/lib/python3.10/site-packages/airflow/example_dags/example_external_task_marker_dag.py
[2024-05-09T15:31:52.269+0700] {logging_mixin.py:188} INFO - [2024-05-09T15:31:52.268+0700] {dag.py:3096} INFO - Sync 2 DAGs
[2024-05-09T15:31:52.274+0700] {logging_mixin.py:188} INFO - [2024-05-09T15:31:52.274+0700] {dag.py:3954} INFO - Setting next_dagrun for example_external_task_marker_child to None, run_after=None
[2024-05-09T15:31:52.276+0700] {logging_mixin.py:188} INFO - [2024-05-09T15:31:52.276+0700] {dag.py:3954} INFO - Setting next_dagrun for example_external_task_marker_parent to None, run_after=None
[2024-05-09T15:31:52.286+0700] {processor.py:183} INFO - Processing /Library/Frameworks/Python.framework/Versions/3.10/lib/python3.10/site-packages/airflow/example_dags/example_external_task_marker_dag.py took 0.140 seconds
[2024-05-09T15:34:31.237+0700] {processor.py:161} INFO - Started process (PID=98355) to work on /Library/Frameworks/Python.framework/Versions/3.10/lib/python3.10/site-packages/airflow/example_dags/example_external_task_marker_dag.py
[2024-05-09T15:34:31.238+0700] {processor.py:830} INFO - Processing file /Library/Frameworks/Python.framework/Versions/3.10/lib/python3.10/site-packages/airflow/example_dags/example_external_task_marker_dag.py for tasks to queue
[2024-05-09T15:34:31.238+0700] {logging_mixin.py:188} INFO - [2024-05-09T15:34:31.238+0700] {dagbag.py:540} INFO - Filling up the DagBag from /Library/Frameworks/Python.framework/Versions/3.10/lib/python3.10/site-packages/airflow/example_dags/example_external_task_marker_dag.py
[2024-05-09T15:34:31.246+0700] {processor.py:840} INFO - DAG(s) 'example_external_task_marker_child', 'example_external_task_marker_parent' retrieved from /Library/Frameworks/Python.framework/Versions/3.10/lib/python3.10/site-packages/airflow/example_dags/example_external_task_marker_dag.py
[2024-05-09T15:34:31.387+0700] {logging_mixin.py:188} INFO - [2024-05-09T15:34:31.387+0700] {dag.py:3096} INFO - Sync 2 DAGs
[2024-05-09T15:34:31.394+0700] {logging_mixin.py:188} INFO - [2024-05-09T15:34:31.393+0700] {dag.py:3954} INFO - Setting next_dagrun for example_external_task_marker_child to None, run_after=None
[2024-05-09T15:34:31.396+0700] {logging_mixin.py:188} INFO - [2024-05-09T15:34:31.396+0700] {dag.py:3954} INFO - Setting next_dagrun for example_external_task_marker_parent to None, run_after=None
[2024-05-09T15:34:31.409+0700] {processor.py:183} INFO - Processing /Library/Frameworks/Python.framework/Versions/3.10/lib/python3.10/site-packages/airflow/example_dags/example_external_task_marker_dag.py took 0.174 seconds
