[2024-05-09T14:32:27.021+0700] {processor.py:161} INFO - Started process (PID=69986) to work on /Library/Frameworks/Python.framework/Versions/3.10/lib/python3.10/site-packages/airflow/example_dags/example_bash_operator.py
[2024-05-09T14:32:27.023+0700] {processor.py:830} INFO - Processing file /Library/Frameworks/Python.framework/Versions/3.10/lib/python3.10/site-packages/airflow/example_dags/example_bash_operator.py for tasks to queue
[2024-05-09T14:32:27.024+0700] {logging_mixin.py:188} INFO - [2024-05-09T14:32:27.024+0700] {dagbag.py:540} INFO - Filling up the DagBag from /Library/Frameworks/Python.framework/Versions/3.10/lib/python3.10/site-packages/airflow/example_dags/example_bash_operator.py
[2024-05-09T14:32:27.048+0700] {processor.py:840} INFO - DAG(s) 'example_bash_operator' retrieved from /Library/Frameworks/Python.framework/Versions/3.10/lib/python3.10/site-packages/airflow/example_dags/example_bash_operator.py
[2024-05-09T14:32:27.426+0700] {logging_mixin.py:188} INFO - [2024-05-09T14:32:27.425+0700] {dag.py:3096} INFO - Sync 1 DAGs
[2024-05-09T14:32:27.439+0700] {logging_mixin.py:188} INFO - [2024-05-09T14:32:27.438+0700] {dag.py:3954} INFO - Setting next_dagrun for example_bash_operator to 2024-05-08 00:00:00+00:00, run_after=2024-05-09 00:00:00+00:00
[2024-05-09T14:32:27.454+0700] {processor.py:183} INFO - Processing /Library/Frameworks/Python.framework/Versions/3.10/lib/python3.10/site-packages/airflow/example_dags/example_bash_operator.py took 0.436 seconds
[2024-05-09T14:35:58.383+0700] {processor.py:161} INFO - Started process (PID=71271) to work on /Library/Frameworks/Python.framework/Versions/3.10/lib/python3.10/site-packages/airflow/example_dags/example_bash_operator.py
[2024-05-09T14:35:58.383+0700] {processor.py:830} INFO - Processing file /Library/Frameworks/Python.framework/Versions/3.10/lib/python3.10/site-packages/airflow/example_dags/example_bash_operator.py for tasks to queue
[2024-05-09T14:35:58.384+0700] {logging_mixin.py:188} INFO - [2024-05-09T14:35:58.384+0700] {dagbag.py:540} INFO - Filling up the DagBag from /Library/Frameworks/Python.framework/Versions/3.10/lib/python3.10/site-packages/airflow/example_dags/example_bash_operator.py
[2024-05-09T14:35:58.391+0700] {processor.py:840} INFO - DAG(s) 'example_bash_operator' retrieved from /Library/Frameworks/Python.framework/Versions/3.10/lib/python3.10/site-packages/airflow/example_dags/example_bash_operator.py
[2024-05-09T14:35:58.539+0700] {logging_mixin.py:188} INFO - [2024-05-09T14:35:58.539+0700] {dag.py:3096} INFO - Sync 1 DAGs
[2024-05-09T14:35:58.549+0700] {logging_mixin.py:188} INFO - [2024-05-09T14:35:58.549+0700] {dag.py:3954} INFO - Setting next_dagrun for example_bash_operator to 2024-05-08 00:00:00+00:00, run_after=2024-05-09 00:00:00+00:00
[2024-05-09T14:35:58.561+0700] {processor.py:183} INFO - Processing /Library/Frameworks/Python.framework/Versions/3.10/lib/python3.10/site-packages/airflow/example_dags/example_bash_operator.py took 0.180 seconds
[2024-05-09T14:39:04.540+0700] {processor.py:161} INFO - Started process (PID=72659) to work on /Library/Frameworks/Python.framework/Versions/3.10/lib/python3.10/site-packages/airflow/example_dags/example_bash_operator.py
[2024-05-09T14:39:04.542+0700] {processor.py:830} INFO - Processing file /Library/Frameworks/Python.framework/Versions/3.10/lib/python3.10/site-packages/airflow/example_dags/example_bash_operator.py for tasks to queue
[2024-05-09T14:39:04.545+0700] {logging_mixin.py:188} INFO - [2024-05-09T14:39:04.545+0700] {dagbag.py:540} INFO - Filling up the DagBag from /Library/Frameworks/Python.framework/Versions/3.10/lib/python3.10/site-packages/airflow/example_dags/example_bash_operator.py
[2024-05-09T14:39:04.578+0700] {processor.py:840} INFO - DAG(s) 'example_bash_operator' retrieved from /Library/Frameworks/Python.framework/Versions/3.10/lib/python3.10/site-packages/airflow/example_dags/example_bash_operator.py
[2024-05-09T14:39:04.951+0700] {logging_mixin.py:188} INFO - [2024-05-09T14:39:04.950+0700] {dag.py:3096} INFO - Sync 1 DAGs
[2024-05-09T14:39:04.983+0700] {logging_mixin.py:188} INFO - [2024-05-09T14:39:04.983+0700] {dag.py:3954} INFO - Setting next_dagrun for example_bash_operator to 2024-05-08 00:00:00+00:00, run_after=2024-05-09 00:00:00+00:00
[2024-05-09T14:39:05.025+0700] {processor.py:183} INFO - Processing /Library/Frameworks/Python.framework/Versions/3.10/lib/python3.10/site-packages/airflow/example_dags/example_bash_operator.py took 0.489 seconds
[2024-05-09T14:43:18.664+0700] {processor.py:161} INFO - Started process (PID=77086) to work on /Library/Frameworks/Python.framework/Versions/3.10/lib/python3.10/site-packages/airflow/example_dags/example_bash_operator.py
[2024-05-09T14:43:18.665+0700] {processor.py:830} INFO - Processing file /Library/Frameworks/Python.framework/Versions/3.10/lib/python3.10/site-packages/airflow/example_dags/example_bash_operator.py for tasks to queue
[2024-05-09T14:43:18.665+0700] {logging_mixin.py:188} INFO - [2024-05-09T14:43:18.665+0700] {dagbag.py:540} INFO - Filling up the DagBag from /Library/Frameworks/Python.framework/Versions/3.10/lib/python3.10/site-packages/airflow/example_dags/example_bash_operator.py
[2024-05-09T14:43:18.673+0700] {processor.py:840} INFO - DAG(s) 'example_bash_operator' retrieved from /Library/Frameworks/Python.framework/Versions/3.10/lib/python3.10/site-packages/airflow/example_dags/example_bash_operator.py
[2024-05-09T14:43:18.685+0700] {logging_mixin.py:188} INFO - [2024-05-09T14:43:18.685+0700] {dag.py:3096} INFO - Sync 1 DAGs
[2024-05-09T14:43:18.770+0700] {logging_mixin.py:188} INFO - [2024-05-09T14:43:18.770+0700] {dag.py:3954} INFO - Setting next_dagrun for example_bash_operator to 2024-05-08 00:00:00+00:00, run_after=2024-05-09 00:00:00+00:00
[2024-05-09T14:43:18.781+0700] {processor.py:183} INFO - Processing /Library/Frameworks/Python.framework/Versions/3.10/lib/python3.10/site-packages/airflow/example_dags/example_bash_operator.py took 0.119 seconds
[2024-05-09T14:46:58.776+0700] {processor.py:161} INFO - Started process (PID=78467) to work on /Library/Frameworks/Python.framework/Versions/3.10/lib/python3.10/site-packages/airflow/example_dags/example_bash_operator.py
[2024-05-09T14:46:58.777+0700] {processor.py:830} INFO - Processing file /Library/Frameworks/Python.framework/Versions/3.10/lib/python3.10/site-packages/airflow/example_dags/example_bash_operator.py for tasks to queue
[2024-05-09T14:46:58.778+0700] {logging_mixin.py:188} INFO - [2024-05-09T14:46:58.778+0700] {dagbag.py:540} INFO - Filling up the DagBag from /Library/Frameworks/Python.framework/Versions/3.10/lib/python3.10/site-packages/airflow/example_dags/example_bash_operator.py
[2024-05-09T14:46:58.787+0700] {processor.py:840} INFO - DAG(s) 'example_bash_operator' retrieved from /Library/Frameworks/Python.framework/Versions/3.10/lib/python3.10/site-packages/airflow/example_dags/example_bash_operator.py
[2024-05-09T14:46:58.939+0700] {logging_mixin.py:188} INFO - [2024-05-09T14:46:58.939+0700] {dag.py:3096} INFO - Sync 1 DAGs
[2024-05-09T14:46:58.952+0700] {logging_mixin.py:188} INFO - [2024-05-09T14:46:58.951+0700] {dag.py:3954} INFO - Setting next_dagrun for example_bash_operator to 2024-05-08 00:00:00+00:00, run_after=2024-05-09 00:00:00+00:00
[2024-05-09T14:46:58.966+0700] {processor.py:183} INFO - Processing /Library/Frameworks/Python.framework/Versions/3.10/lib/python3.10/site-packages/airflow/example_dags/example_bash_operator.py took 0.191 seconds
[2024-05-09T14:50:30.417+0700] {processor.py:161} INFO - Started process (PID=79627) to work on /Library/Frameworks/Python.framework/Versions/3.10/lib/python3.10/site-packages/airflow/example_dags/example_bash_operator.py
[2024-05-09T14:50:30.418+0700] {processor.py:830} INFO - Processing file /Library/Frameworks/Python.framework/Versions/3.10/lib/python3.10/site-packages/airflow/example_dags/example_bash_operator.py for tasks to queue
[2024-05-09T14:50:30.419+0700] {logging_mixin.py:188} INFO - [2024-05-09T14:50:30.418+0700] {dagbag.py:540} INFO - Filling up the DagBag from /Library/Frameworks/Python.framework/Versions/3.10/lib/python3.10/site-packages/airflow/example_dags/example_bash_operator.py
[2024-05-09T14:50:30.432+0700] {processor.py:840} INFO - DAG(s) 'example_bash_operator' retrieved from /Library/Frameworks/Python.framework/Versions/3.10/lib/python3.10/site-packages/airflow/example_dags/example_bash_operator.py
[2024-05-09T14:50:30.622+0700] {logging_mixin.py:188} INFO - [2024-05-09T14:50:30.622+0700] {dag.py:3096} INFO - Sync 1 DAGs
[2024-05-09T14:50:30.632+0700] {logging_mixin.py:188} INFO - [2024-05-09T14:50:30.632+0700] {dag.py:3954} INFO - Setting next_dagrun for example_bash_operator to 2024-05-08 00:00:00+00:00, run_after=2024-05-09 00:00:00+00:00
[2024-05-09T14:50:30.644+0700] {processor.py:183} INFO - Processing /Library/Frameworks/Python.framework/Versions/3.10/lib/python3.10/site-packages/airflow/example_dags/example_bash_operator.py took 0.236 seconds
[2024-05-09T14:54:15.635+0700] {processor.py:161} INFO - Started process (PID=81065) to work on /Library/Frameworks/Python.framework/Versions/3.10/lib/python3.10/site-packages/airflow/example_dags/example_bash_operator.py
[2024-05-09T14:54:15.636+0700] {processor.py:830} INFO - Processing file /Library/Frameworks/Python.framework/Versions/3.10/lib/python3.10/site-packages/airflow/example_dags/example_bash_operator.py for tasks to queue
[2024-05-09T14:54:15.636+0700] {logging_mixin.py:188} INFO - [2024-05-09T14:54:15.636+0700] {dagbag.py:540} INFO - Filling up the DagBag from /Library/Frameworks/Python.framework/Versions/3.10/lib/python3.10/site-packages/airflow/example_dags/example_bash_operator.py
[2024-05-09T14:54:15.644+0700] {processor.py:840} INFO - DAG(s) 'example_bash_operator' retrieved from /Library/Frameworks/Python.framework/Versions/3.10/lib/python3.10/site-packages/airflow/example_dags/example_bash_operator.py
[2024-05-09T14:54:15.795+0700] {logging_mixin.py:188} INFO - [2024-05-09T14:54:15.794+0700] {dag.py:3096} INFO - Sync 1 DAGs
[2024-05-09T14:54:15.804+0700] {logging_mixin.py:188} INFO - [2024-05-09T14:54:15.804+0700] {dag.py:3954} INFO - Setting next_dagrun for example_bash_operator to 2024-05-08 00:00:00+00:00, run_after=2024-05-09 00:00:00+00:00
[2024-05-09T14:54:15.815+0700] {processor.py:183} INFO - Processing /Library/Frameworks/Python.framework/Versions/3.10/lib/python3.10/site-packages/airflow/example_dags/example_bash_operator.py took 0.182 seconds
[2024-05-09T14:57:16.048+0700] {processor.py:161} INFO - Started process (PID=82323) to work on /Library/Frameworks/Python.framework/Versions/3.10/lib/python3.10/site-packages/airflow/example_dags/example_bash_operator.py
[2024-05-09T14:57:16.048+0700] {processor.py:830} INFO - Processing file /Library/Frameworks/Python.framework/Versions/3.10/lib/python3.10/site-packages/airflow/example_dags/example_bash_operator.py for tasks to queue
[2024-05-09T14:57:16.049+0700] {logging_mixin.py:188} INFO - [2024-05-09T14:57:16.049+0700] {dagbag.py:540} INFO - Filling up the DagBag from /Library/Frameworks/Python.framework/Versions/3.10/lib/python3.10/site-packages/airflow/example_dags/example_bash_operator.py
[2024-05-09T14:57:16.056+0700] {processor.py:840} INFO - DAG(s) 'example_bash_operator' retrieved from /Library/Frameworks/Python.framework/Versions/3.10/lib/python3.10/site-packages/airflow/example_dags/example_bash_operator.py
[2024-05-09T14:57:16.205+0700] {logging_mixin.py:188} INFO - [2024-05-09T14:57:16.205+0700] {dag.py:3096} INFO - Sync 1 DAGs
[2024-05-09T14:57:16.215+0700] {logging_mixin.py:188} INFO - [2024-05-09T14:57:16.215+0700] {dag.py:3954} INFO - Setting next_dagrun for example_bash_operator to 2024-05-08 00:00:00+00:00, run_after=2024-05-09 00:00:00+00:00
[2024-05-09T14:57:16.226+0700] {processor.py:183} INFO - Processing /Library/Frameworks/Python.framework/Versions/3.10/lib/python3.10/site-packages/airflow/example_dags/example_bash_operator.py took 0.180 seconds
[2024-05-09T15:00:16.035+0700] {processor.py:161} INFO - Started process (PID=83318) to work on /Library/Frameworks/Python.framework/Versions/3.10/lib/python3.10/site-packages/airflow/example_dags/example_bash_operator.py
[2024-05-09T15:00:16.036+0700] {processor.py:830} INFO - Processing file /Library/Frameworks/Python.framework/Versions/3.10/lib/python3.10/site-packages/airflow/example_dags/example_bash_operator.py for tasks to queue
[2024-05-09T15:00:16.036+0700] {logging_mixin.py:188} INFO - [2024-05-09T15:00:16.036+0700] {dagbag.py:540} INFO - Filling up the DagBag from /Library/Frameworks/Python.framework/Versions/3.10/lib/python3.10/site-packages/airflow/example_dags/example_bash_operator.py
[2024-05-09T15:00:16.044+0700] {processor.py:840} INFO - DAG(s) 'example_bash_operator' retrieved from /Library/Frameworks/Python.framework/Versions/3.10/lib/python3.10/site-packages/airflow/example_dags/example_bash_operator.py
[2024-05-09T15:00:16.144+0700] {logging_mixin.py:188} INFO - [2024-05-09T15:00:16.144+0700] {dag.py:3096} INFO - Sync 1 DAGs
[2024-05-09T15:00:16.154+0700] {logging_mixin.py:188} INFO - [2024-05-09T15:00:16.153+0700] {dag.py:3954} INFO - Setting next_dagrun for example_bash_operator to 2024-05-08 00:00:00+00:00, run_after=2024-05-09 00:00:00+00:00
[2024-05-09T15:00:16.166+0700] {processor.py:183} INFO - Processing /Library/Frameworks/Python.framework/Versions/3.10/lib/python3.10/site-packages/airflow/example_dags/example_bash_operator.py took 0.133 seconds
[2024-05-09T15:03:22.400+0700] {processor.py:161} INFO - Started process (PID=84413) to work on /Library/Frameworks/Python.framework/Versions/3.10/lib/python3.10/site-packages/airflow/example_dags/example_bash_operator.py
[2024-05-09T15:03:22.407+0700] {processor.py:830} INFO - Processing file /Library/Frameworks/Python.framework/Versions/3.10/lib/python3.10/site-packages/airflow/example_dags/example_bash_operator.py for tasks to queue
[2024-05-09T15:03:22.408+0700] {logging_mixin.py:188} INFO - [2024-05-09T15:03:22.408+0700] {dagbag.py:540} INFO - Filling up the DagBag from /Library/Frameworks/Python.framework/Versions/3.10/lib/python3.10/site-packages/airflow/example_dags/example_bash_operator.py
[2024-05-09T15:03:22.433+0700] {processor.py:840} INFO - DAG(s) 'example_bash_operator' retrieved from /Library/Frameworks/Python.framework/Versions/3.10/lib/python3.10/site-packages/airflow/example_dags/example_bash_operator.py
[2024-05-09T15:03:22.555+0700] {logging_mixin.py:188} INFO - [2024-05-09T15:03:22.555+0700] {dag.py:3096} INFO - Sync 1 DAGs
[2024-05-09T15:03:22.566+0700] {logging_mixin.py:188} INFO - [2024-05-09T15:03:22.566+0700] {dag.py:3954} INFO - Setting next_dagrun for example_bash_operator to 2024-05-08 00:00:00+00:00, run_after=2024-05-09 00:00:00+00:00
[2024-05-09T15:03:22.579+0700] {processor.py:183} INFO - Processing /Library/Frameworks/Python.framework/Versions/3.10/lib/python3.10/site-packages/airflow/example_dags/example_bash_operator.py took 0.192 seconds
[2024-05-09T15:08:49.224+0700] {processor.py:161} INFO - Started process (PID=86155) to work on /Library/Frameworks/Python.framework/Versions/3.10/lib/python3.10/site-packages/airflow/example_dags/example_bash_operator.py
[2024-05-09T15:08:49.227+0700] {processor.py:830} INFO - Processing file /Library/Frameworks/Python.framework/Versions/3.10/lib/python3.10/site-packages/airflow/example_dags/example_bash_operator.py for tasks to queue
[2024-05-09T15:08:49.229+0700] {logging_mixin.py:188} INFO - [2024-05-09T15:08:49.229+0700] {dagbag.py:540} INFO - Filling up the DagBag from /Library/Frameworks/Python.framework/Versions/3.10/lib/python3.10/site-packages/airflow/example_dags/example_bash_operator.py
[2024-05-09T15:08:49.250+0700] {processor.py:840} INFO - DAG(s) 'example_bash_operator' retrieved from /Library/Frameworks/Python.framework/Versions/3.10/lib/python3.10/site-packages/airflow/example_dags/example_bash_operator.py
[2024-05-09T15:08:49.295+0700] {logging_mixin.py:188} INFO - [2024-05-09T15:08:49.294+0700] {dag.py:3096} INFO - Sync 1 DAGs
[2024-05-09T15:08:49.749+0700] {logging_mixin.py:188} INFO - [2024-05-09T15:08:49.748+0700] {dag.py:3954} INFO - Setting next_dagrun for example_bash_operator to 2024-05-08 00:00:00+00:00, run_after=2024-05-09 00:00:00+00:00
[2024-05-09T15:08:49.810+0700] {processor.py:183} INFO - Processing /Library/Frameworks/Python.framework/Versions/3.10/lib/python3.10/site-packages/airflow/example_dags/example_bash_operator.py took 0.605 seconds
[2024-05-09T15:13:31.651+0700] {processor.py:161} INFO - Started process (PID=88206) to work on /Library/Frameworks/Python.framework/Versions/3.10/lib/python3.10/site-packages/airflow/example_dags/example_bash_operator.py
[2024-05-09T15:13:31.652+0700] {processor.py:830} INFO - Processing file /Library/Frameworks/Python.framework/Versions/3.10/lib/python3.10/site-packages/airflow/example_dags/example_bash_operator.py for tasks to queue
[2024-05-09T15:13:31.653+0700] {logging_mixin.py:188} INFO - [2024-05-09T15:13:31.652+0700] {dagbag.py:540} INFO - Filling up the DagBag from /Library/Frameworks/Python.framework/Versions/3.10/lib/python3.10/site-packages/airflow/example_dags/example_bash_operator.py
[2024-05-09T15:13:31.661+0700] {processor.py:840} INFO - DAG(s) 'example_bash_operator' retrieved from /Library/Frameworks/Python.framework/Versions/3.10/lib/python3.10/site-packages/airflow/example_dags/example_bash_operator.py
[2024-05-09T15:13:31.828+0700] {logging_mixin.py:188} INFO - [2024-05-09T15:13:31.828+0700] {dag.py:3096} INFO - Sync 1 DAGs
[2024-05-09T15:13:31.846+0700] {logging_mixin.py:188} INFO - [2024-05-09T15:13:31.846+0700] {dag.py:3954} INFO - Setting next_dagrun for example_bash_operator to 2024-05-08 00:00:00+00:00, run_after=2024-05-09 00:00:00+00:00
[2024-05-09T15:13:31.866+0700] {processor.py:183} INFO - Processing /Library/Frameworks/Python.framework/Versions/3.10/lib/python3.10/site-packages/airflow/example_dags/example_bash_operator.py took 0.217 seconds
[2024-05-09T15:16:46.208+0700] {processor.py:161} INFO - Started process (PID=89948) to work on /Library/Frameworks/Python.framework/Versions/3.10/lib/python3.10/site-packages/airflow/example_dags/example_bash_operator.py
[2024-05-09T15:16:46.209+0700] {processor.py:830} INFO - Processing file /Library/Frameworks/Python.framework/Versions/3.10/lib/python3.10/site-packages/airflow/example_dags/example_bash_operator.py for tasks to queue
[2024-05-09T15:16:46.210+0700] {logging_mixin.py:188} INFO - [2024-05-09T15:16:46.210+0700] {dagbag.py:540} INFO - Filling up the DagBag from /Library/Frameworks/Python.framework/Versions/3.10/lib/python3.10/site-packages/airflow/example_dags/example_bash_operator.py
[2024-05-09T15:16:46.219+0700] {processor.py:840} INFO - DAG(s) 'example_bash_operator' retrieved from /Library/Frameworks/Python.framework/Versions/3.10/lib/python3.10/site-packages/airflow/example_dags/example_bash_operator.py
[2024-05-09T15:16:46.325+0700] {logging_mixin.py:188} INFO - [2024-05-09T15:16:46.325+0700] {dag.py:3096} INFO - Sync 1 DAGs
[2024-05-09T15:16:46.335+0700] {logging_mixin.py:188} INFO - [2024-05-09T15:16:46.335+0700] {dag.py:3954} INFO - Setting next_dagrun for example_bash_operator to 2024-05-08 00:00:00+00:00, run_after=2024-05-09 00:00:00+00:00
[2024-05-09T15:16:46.347+0700] {processor.py:183} INFO - Processing /Library/Frameworks/Python.framework/Versions/3.10/lib/python3.10/site-packages/airflow/example_dags/example_bash_operator.py took 0.140 seconds
[2024-05-09T15:19:54.250+0700] {processor.py:161} INFO - Started process (PID=91175) to work on /Library/Frameworks/Python.framework/Versions/3.10/lib/python3.10/site-packages/airflow/example_dags/example_bash_operator.py
[2024-05-09T15:19:54.255+0700] {processor.py:830} INFO - Processing file /Library/Frameworks/Python.framework/Versions/3.10/lib/python3.10/site-packages/airflow/example_dags/example_bash_operator.py for tasks to queue
[2024-05-09T15:19:54.256+0700] {logging_mixin.py:188} INFO - [2024-05-09T15:19:54.256+0700] {dagbag.py:540} INFO - Filling up the DagBag from /Library/Frameworks/Python.framework/Versions/3.10/lib/python3.10/site-packages/airflow/example_dags/example_bash_operator.py
[2024-05-09T15:19:54.279+0700] {processor.py:840} INFO - DAG(s) 'example_bash_operator' retrieved from /Library/Frameworks/Python.framework/Versions/3.10/lib/python3.10/site-packages/airflow/example_dags/example_bash_operator.py
[2024-05-09T15:19:54.412+0700] {logging_mixin.py:188} INFO - [2024-05-09T15:19:54.411+0700] {dag.py:3096} INFO - Sync 1 DAGs
[2024-05-09T15:19:54.425+0700] {logging_mixin.py:188} INFO - [2024-05-09T15:19:54.425+0700] {dag.py:3954} INFO - Setting next_dagrun for example_bash_operator to 2024-05-08 00:00:00+00:00, run_after=2024-05-09 00:00:00+00:00
[2024-05-09T15:19:54.442+0700] {processor.py:183} INFO - Processing /Library/Frameworks/Python.framework/Versions/3.10/lib/python3.10/site-packages/airflow/example_dags/example_bash_operator.py took 0.197 seconds
[2024-05-09T15:23:09.103+0700] {processor.py:161} INFO - Started process (PID=94290) to work on /Library/Frameworks/Python.framework/Versions/3.10/lib/python3.10/site-packages/airflow/example_dags/example_bash_operator.py
[2024-05-09T15:23:09.103+0700] {processor.py:830} INFO - Processing file /Library/Frameworks/Python.framework/Versions/3.10/lib/python3.10/site-packages/airflow/example_dags/example_bash_operator.py for tasks to queue
[2024-05-09T15:23:09.104+0700] {logging_mixin.py:188} INFO - [2024-05-09T15:23:09.104+0700] {dagbag.py:540} INFO - Filling up the DagBag from /Library/Frameworks/Python.framework/Versions/3.10/lib/python3.10/site-packages/airflow/example_dags/example_bash_operator.py
[2024-05-09T15:23:09.112+0700] {processor.py:840} INFO - DAG(s) 'example_bash_operator' retrieved from /Library/Frameworks/Python.framework/Versions/3.10/lib/python3.10/site-packages/airflow/example_dags/example_bash_operator.py
[2024-05-09T15:23:09.262+0700] {logging_mixin.py:188} INFO - [2024-05-09T15:23:09.262+0700] {dag.py:3096} INFO - Sync 1 DAGs
[2024-05-09T15:23:09.272+0700] {logging_mixin.py:188} INFO - [2024-05-09T15:23:09.272+0700] {dag.py:3954} INFO - Setting next_dagrun for example_bash_operator to 2024-05-08 00:00:00+00:00, run_after=2024-05-09 00:00:00+00:00
[2024-05-09T15:23:09.284+0700] {processor.py:183} INFO - Processing /Library/Frameworks/Python.framework/Versions/3.10/lib/python3.10/site-packages/airflow/example_dags/example_bash_operator.py took 0.183 seconds
[2024-05-09T15:26:42.303+0700] {processor.py:161} INFO - Started process (PID=95607) to work on /Library/Frameworks/Python.framework/Versions/3.10/lib/python3.10/site-packages/airflow/example_dags/example_bash_operator.py
[2024-05-09T15:26:42.304+0700] {processor.py:830} INFO - Processing file /Library/Frameworks/Python.framework/Versions/3.10/lib/python3.10/site-packages/airflow/example_dags/example_bash_operator.py for tasks to queue
[2024-05-09T15:26:42.305+0700] {logging_mixin.py:188} INFO - [2024-05-09T15:26:42.305+0700] {dagbag.py:540} INFO - Filling up the DagBag from /Library/Frameworks/Python.framework/Versions/3.10/lib/python3.10/site-packages/airflow/example_dags/example_bash_operator.py
[2024-05-09T15:26:42.314+0700] {processor.py:840} INFO - DAG(s) 'example_bash_operator' retrieved from /Library/Frameworks/Python.framework/Versions/3.10/lib/python3.10/site-packages/airflow/example_dags/example_bash_operator.py
[2024-05-09T15:26:42.430+0700] {logging_mixin.py:188} INFO - [2024-05-09T15:26:42.430+0700] {dag.py:3096} INFO - Sync 1 DAGs
[2024-05-09T15:26:42.443+0700] {logging_mixin.py:188} INFO - [2024-05-09T15:26:42.442+0700] {dag.py:3954} INFO - Setting next_dagrun for example_bash_operator to 2024-05-08 00:00:00+00:00, run_after=2024-05-09 00:00:00+00:00
[2024-05-09T15:26:42.461+0700] {processor.py:183} INFO - Processing /Library/Frameworks/Python.framework/Versions/3.10/lib/python3.10/site-packages/airflow/example_dags/example_bash_operator.py took 0.160 seconds
[2024-05-09T15:29:45.845+0700] {processor.py:161} INFO - Started process (PID=96707) to work on /Library/Frameworks/Python.framework/Versions/3.10/lib/python3.10/site-packages/airflow/example_dags/example_bash_operator.py
[2024-05-09T15:29:45.847+0700] {processor.py:830} INFO - Processing file /Library/Frameworks/Python.framework/Versions/3.10/lib/python3.10/site-packages/airflow/example_dags/example_bash_operator.py for tasks to queue
[2024-05-09T15:29:45.848+0700] {logging_mixin.py:188} INFO - [2024-05-09T15:29:45.848+0700] {dagbag.py:540} INFO - Filling up the DagBag from /Library/Frameworks/Python.framework/Versions/3.10/lib/python3.10/site-packages/airflow/example_dags/example_bash_operator.py
[2024-05-09T15:29:45.919+0700] {processor.py:840} INFO - DAG(s) 'example_bash_operator' retrieved from /Library/Frameworks/Python.framework/Versions/3.10/lib/python3.10/site-packages/airflow/example_dags/example_bash_operator.py
[2024-05-09T15:29:46.301+0700] {logging_mixin.py:188} INFO - [2024-05-09T15:29:46.300+0700] {dag.py:3096} INFO - Sync 1 DAGs
[2024-05-09T15:29:46.337+0700] {logging_mixin.py:188} INFO - [2024-05-09T15:29:46.336+0700] {dag.py:3954} INFO - Setting next_dagrun for example_bash_operator to 2024-05-08 00:00:00+00:00, run_after=2024-05-09 00:00:00+00:00
[2024-05-09T15:29:46.366+0700] {processor.py:183} INFO - Processing /Library/Frameworks/Python.framework/Versions/3.10/lib/python3.10/site-packages/airflow/example_dags/example_bash_operator.py took 0.528 seconds
[2024-05-09T15:34:50.375+0700] {processor.py:161} INFO - Started process (PID=98479) to work on /Library/Frameworks/Python.framework/Versions/3.10/lib/python3.10/site-packages/airflow/example_dags/example_bash_operator.py
[2024-05-09T15:34:50.376+0700] {processor.py:830} INFO - Processing file /Library/Frameworks/Python.framework/Versions/3.10/lib/python3.10/site-packages/airflow/example_dags/example_bash_operator.py for tasks to queue
[2024-05-09T15:34:50.377+0700] {logging_mixin.py:188} INFO - [2024-05-09T15:34:50.377+0700] {dagbag.py:540} INFO - Filling up the DagBag from /Library/Frameworks/Python.framework/Versions/3.10/lib/python3.10/site-packages/airflow/example_dags/example_bash_operator.py
[2024-05-09T15:34:50.385+0700] {processor.py:840} INFO - DAG(s) 'example_bash_operator' retrieved from /Library/Frameworks/Python.framework/Versions/3.10/lib/python3.10/site-packages/airflow/example_dags/example_bash_operator.py
[2024-05-09T15:34:50.487+0700] {logging_mixin.py:188} INFO - [2024-05-09T15:34:50.487+0700] {dag.py:3096} INFO - Sync 1 DAGs
[2024-05-09T15:34:50.497+0700] {logging_mixin.py:188} INFO - [2024-05-09T15:34:50.497+0700] {dag.py:3954} INFO - Setting next_dagrun for example_bash_operator to 2024-05-08 00:00:00+00:00, run_after=2024-05-09 00:00:00+00:00
[2024-05-09T15:34:50.510+0700] {processor.py:183} INFO - Processing /Library/Frameworks/Python.framework/Versions/3.10/lib/python3.10/site-packages/airflow/example_dags/example_bash_operator.py took 0.137 seconds
