[2024-05-09T14:32:00.737+0700] {processor.py:161} INFO - Started process (PID=69862) to work on /Library/Frameworks/Python.framework/Versions/3.10/lib/python3.10/site-packages/airflow/example_dags/example_dynamic_task_mapping.py
[2024-05-09T14:32:00.738+0700] {processor.py:830} INFO - Processing file /Library/Frameworks/Python.framework/Versions/3.10/lib/python3.10/site-packages/airflow/example_dags/example_dynamic_task_mapping.py for tasks to queue
[2024-05-09T14:32:00.738+0700] {logging_mixin.py:188} INFO - [2024-05-09T14:32:00.738+0700] {dagbag.py:540} INFO - Filling up the DagBag from /Library/Frameworks/Python.framework/Versions/3.10/lib/python3.10/site-packages/airflow/example_dags/example_dynamic_task_mapping.py
[2024-05-09T14:32:00.761+0700] {processor.py:840} INFO - DAG(s) 'example_dynamic_task_mapping' retrieved from /Library/Frameworks/Python.framework/Versions/3.10/lib/python3.10/site-packages/airflow/example_dags/example_dynamic_task_mapping.py
[2024-05-09T14:32:00.907+0700] {logging_mixin.py:188} INFO - [2024-05-09T14:32:00.906+0700] {dag.py:3096} INFO - Sync 1 DAGs
[2024-05-09T14:32:00.916+0700] {logging_mixin.py:188} INFO - [2024-05-09T14:32:00.916+0700] {dag.py:3954} INFO - Setting next_dagrun for example_dynamic_task_mapping to 2022-03-04 00:00:00+00:00, run_after=2022-03-05 00:00:00+00:00
[2024-05-09T14:32:00.929+0700] {processor.py:183} INFO - Processing /Library/Frameworks/Python.framework/Versions/3.10/lib/python3.10/site-packages/airflow/example_dags/example_dynamic_task_mapping.py took 0.193 seconds
[2024-05-09T14:35:32.611+0700] {processor.py:161} INFO - Started process (PID=71114) to work on /Library/Frameworks/Python.framework/Versions/3.10/lib/python3.10/site-packages/airflow/example_dags/example_dynamic_task_mapping.py
[2024-05-09T14:35:32.612+0700] {processor.py:830} INFO - Processing file /Library/Frameworks/Python.framework/Versions/3.10/lib/python3.10/site-packages/airflow/example_dags/example_dynamic_task_mapping.py for tasks to queue
[2024-05-09T14:35:32.612+0700] {logging_mixin.py:188} INFO - [2024-05-09T14:35:32.612+0700] {dagbag.py:540} INFO - Filling up the DagBag from /Library/Frameworks/Python.framework/Versions/3.10/lib/python3.10/site-packages/airflow/example_dags/example_dynamic_task_mapping.py
[2024-05-09T14:35:32.637+0700] {processor.py:840} INFO - DAG(s) 'example_dynamic_task_mapping' retrieved from /Library/Frameworks/Python.framework/Versions/3.10/lib/python3.10/site-packages/airflow/example_dags/example_dynamic_task_mapping.py
[2024-05-09T14:35:32.794+0700] {logging_mixin.py:188} INFO - [2024-05-09T14:35:32.794+0700] {dag.py:3096} INFO - Sync 1 DAGs
[2024-05-09T14:35:32.804+0700] {logging_mixin.py:188} INFO - [2024-05-09T14:35:32.804+0700] {dag.py:3954} INFO - Setting next_dagrun for example_dynamic_task_mapping to 2022-03-04 00:00:00+00:00, run_after=2022-03-05 00:00:00+00:00
[2024-05-09T14:35:32.815+0700] {processor.py:183} INFO - Processing /Library/Frameworks/Python.framework/Versions/3.10/lib/python3.10/site-packages/airflow/example_dags/example_dynamic_task_mapping.py took 0.206 seconds
[2024-05-09T14:38:33.954+0700] {processor.py:161} INFO - Started process (PID=72424) to work on /Library/Frameworks/Python.framework/Versions/3.10/lib/python3.10/site-packages/airflow/example_dags/example_dynamic_task_mapping.py
[2024-05-09T14:38:33.955+0700] {processor.py:830} INFO - Processing file /Library/Frameworks/Python.framework/Versions/3.10/lib/python3.10/site-packages/airflow/example_dags/example_dynamic_task_mapping.py for tasks to queue
[2024-05-09T14:38:33.956+0700] {logging_mixin.py:188} INFO - [2024-05-09T14:38:33.956+0700] {dagbag.py:540} INFO - Filling up the DagBag from /Library/Frameworks/Python.framework/Versions/3.10/lib/python3.10/site-packages/airflow/example_dags/example_dynamic_task_mapping.py
[2024-05-09T14:38:33.978+0700] {processor.py:840} INFO - DAG(s) 'example_dynamic_task_mapping' retrieved from /Library/Frameworks/Python.framework/Versions/3.10/lib/python3.10/site-packages/airflow/example_dags/example_dynamic_task_mapping.py
[2024-05-09T14:38:34.074+0700] {logging_mixin.py:188} INFO - [2024-05-09T14:38:34.074+0700] {dag.py:3096} INFO - Sync 1 DAGs
[2024-05-09T14:38:34.083+0700] {logging_mixin.py:188} INFO - [2024-05-09T14:38:34.083+0700] {dag.py:3954} INFO - Setting next_dagrun for example_dynamic_task_mapping to 2022-03-04 00:00:00+00:00, run_after=2022-03-05 00:00:00+00:00
[2024-05-09T14:38:34.096+0700] {processor.py:183} INFO - Processing /Library/Frameworks/Python.framework/Versions/3.10/lib/python3.10/site-packages/airflow/example_dags/example_dynamic_task_mapping.py took 0.144 seconds
[2024-05-09T14:41:09.940+0700] {processor.py:161} INFO - Started process (PID=76036) to work on /Library/Frameworks/Python.framework/Versions/3.10/lib/python3.10/site-packages/airflow/example_dags/example_dynamic_task_mapping.py
[2024-05-09T14:41:09.941+0700] {processor.py:830} INFO - Processing file /Library/Frameworks/Python.framework/Versions/3.10/lib/python3.10/site-packages/airflow/example_dags/example_dynamic_task_mapping.py for tasks to queue
[2024-05-09T14:41:09.942+0700] {logging_mixin.py:188} INFO - [2024-05-09T14:41:09.942+0700] {dagbag.py:540} INFO - Filling up the DagBag from /Library/Frameworks/Python.framework/Versions/3.10/lib/python3.10/site-packages/airflow/example_dags/example_dynamic_task_mapping.py
[2024-05-09T14:41:09.968+0700] {processor.py:840} INFO - DAG(s) 'example_dynamic_task_mapping' retrieved from /Library/Frameworks/Python.framework/Versions/3.10/lib/python3.10/site-packages/airflow/example_dags/example_dynamic_task_mapping.py
[2024-05-09T14:41:10.074+0700] {logging_mixin.py:188} INFO - [2024-05-09T14:41:10.074+0700] {dag.py:3096} INFO - Sync 1 DAGs
[2024-05-09T14:41:10.084+0700] {logging_mixin.py:188} INFO - [2024-05-09T14:41:10.084+0700] {dag.py:3954} INFO - Setting next_dagrun for example_dynamic_task_mapping to 2022-03-04 00:00:00+00:00, run_after=2022-03-05 00:00:00+00:00
[2024-05-09T14:41:10.094+0700] {processor.py:183} INFO - Processing /Library/Frameworks/Python.framework/Versions/3.10/lib/python3.10/site-packages/airflow/example_dags/example_dynamic_task_mapping.py took 0.156 seconds
[2024-05-09T14:45:05.979+0700] {processor.py:161} INFO - Started process (PID=77767) to work on /Library/Frameworks/Python.framework/Versions/3.10/lib/python3.10/site-packages/airflow/example_dags/example_dynamic_task_mapping.py
[2024-05-09T14:45:05.980+0700] {processor.py:830} INFO - Processing file /Library/Frameworks/Python.framework/Versions/3.10/lib/python3.10/site-packages/airflow/example_dags/example_dynamic_task_mapping.py for tasks to queue
[2024-05-09T14:45:05.981+0700] {logging_mixin.py:188} INFO - [2024-05-09T14:45:05.981+0700] {dagbag.py:540} INFO - Filling up the DagBag from /Library/Frameworks/Python.framework/Versions/3.10/lib/python3.10/site-packages/airflow/example_dags/example_dynamic_task_mapping.py
[2024-05-09T14:45:06.051+0700] {processor.py:840} INFO - DAG(s) 'example_dynamic_task_mapping' retrieved from /Library/Frameworks/Python.framework/Versions/3.10/lib/python3.10/site-packages/airflow/example_dags/example_dynamic_task_mapping.py
[2024-05-09T14:45:06.435+0700] {logging_mixin.py:188} INFO - [2024-05-09T14:45:06.434+0700] {dag.py:3096} INFO - Sync 1 DAGs
[2024-05-09T14:45:06.464+0700] {logging_mixin.py:188} INFO - [2024-05-09T14:45:06.463+0700] {dag.py:3954} INFO - Setting next_dagrun for example_dynamic_task_mapping to 2022-03-04 00:00:00+00:00, run_after=2022-03-05 00:00:00+00:00
[2024-05-09T14:45:06.487+0700] {processor.py:183} INFO - Processing /Library/Frameworks/Python.framework/Versions/3.10/lib/python3.10/site-packages/airflow/example_dags/example_dynamic_task_mapping.py took 0.512 seconds
[2024-05-09T14:48:49.736+0700] {processor.py:161} INFO - Started process (PID=79086) to work on /Library/Frameworks/Python.framework/Versions/3.10/lib/python3.10/site-packages/airflow/example_dags/example_dynamic_task_mapping.py
[2024-05-09T14:48:49.737+0700] {processor.py:830} INFO - Processing file /Library/Frameworks/Python.framework/Versions/3.10/lib/python3.10/site-packages/airflow/example_dags/example_dynamic_task_mapping.py for tasks to queue
[2024-05-09T14:48:49.738+0700] {logging_mixin.py:188} INFO - [2024-05-09T14:48:49.738+0700] {dagbag.py:540} INFO - Filling up the DagBag from /Library/Frameworks/Python.framework/Versions/3.10/lib/python3.10/site-packages/airflow/example_dags/example_dynamic_task_mapping.py
[2024-05-09T14:48:49.767+0700] {processor.py:840} INFO - DAG(s) 'example_dynamic_task_mapping' retrieved from /Library/Frameworks/Python.framework/Versions/3.10/lib/python3.10/site-packages/airflow/example_dags/example_dynamic_task_mapping.py
[2024-05-09T14:48:49.912+0700] {logging_mixin.py:188} INFO - [2024-05-09T14:48:49.912+0700] {dag.py:3096} INFO - Sync 1 DAGs
[2024-05-09T14:48:49.922+0700] {logging_mixin.py:188} INFO - [2024-05-09T14:48:49.922+0700] {dag.py:3954} INFO - Setting next_dagrun for example_dynamic_task_mapping to 2022-03-04 00:00:00+00:00, run_after=2022-03-05 00:00:00+00:00
[2024-05-09T14:48:49.940+0700] {processor.py:183} INFO - Processing /Library/Frameworks/Python.framework/Versions/3.10/lib/python3.10/site-packages/airflow/example_dags/example_dynamic_task_mapping.py took 0.208 seconds
[2024-05-09T14:52:32.920+0700] {processor.py:161} INFO - Started process (PID=80426) to work on /Library/Frameworks/Python.framework/Versions/3.10/lib/python3.10/site-packages/airflow/example_dags/example_dynamic_task_mapping.py
[2024-05-09T14:52:32.921+0700] {processor.py:830} INFO - Processing file /Library/Frameworks/Python.framework/Versions/3.10/lib/python3.10/site-packages/airflow/example_dags/example_dynamic_task_mapping.py for tasks to queue
[2024-05-09T14:52:32.921+0700] {logging_mixin.py:188} INFO - [2024-05-09T14:52:32.921+0700] {dagbag.py:540} INFO - Filling up the DagBag from /Library/Frameworks/Python.framework/Versions/3.10/lib/python3.10/site-packages/airflow/example_dags/example_dynamic_task_mapping.py
[2024-05-09T14:52:32.943+0700] {processor.py:840} INFO - DAG(s) 'example_dynamic_task_mapping' retrieved from /Library/Frameworks/Python.framework/Versions/3.10/lib/python3.10/site-packages/airflow/example_dags/example_dynamic_task_mapping.py
[2024-05-09T14:52:33.086+0700] {logging_mixin.py:188} INFO - [2024-05-09T14:52:33.086+0700] {dag.py:3096} INFO - Sync 1 DAGs
[2024-05-09T14:52:33.096+0700] {logging_mixin.py:188} INFO - [2024-05-09T14:52:33.095+0700] {dag.py:3954} INFO - Setting next_dagrun for example_dynamic_task_mapping to 2022-03-04 00:00:00+00:00, run_after=2022-03-05 00:00:00+00:00
[2024-05-09T14:52:33.107+0700] {processor.py:183} INFO - Processing /Library/Frameworks/Python.framework/Versions/3.10/lib/python3.10/site-packages/airflow/example_dags/example_dynamic_task_mapping.py took 0.188 seconds
[2024-05-09T14:55:39.180+0700] {processor.py:161} INFO - Started process (PID=81588) to work on /Library/Frameworks/Python.framework/Versions/3.10/lib/python3.10/site-packages/airflow/example_dags/example_dynamic_task_mapping.py
[2024-05-09T14:55:39.181+0700] {processor.py:830} INFO - Processing file /Library/Frameworks/Python.framework/Versions/3.10/lib/python3.10/site-packages/airflow/example_dags/example_dynamic_task_mapping.py for tasks to queue
[2024-05-09T14:55:39.181+0700] {logging_mixin.py:188} INFO - [2024-05-09T14:55:39.181+0700] {dagbag.py:540} INFO - Filling up the DagBag from /Library/Frameworks/Python.framework/Versions/3.10/lib/python3.10/site-packages/airflow/example_dags/example_dynamic_task_mapping.py
[2024-05-09T14:55:39.202+0700] {processor.py:840} INFO - DAG(s) 'example_dynamic_task_mapping' retrieved from /Library/Frameworks/Python.framework/Versions/3.10/lib/python3.10/site-packages/airflow/example_dags/example_dynamic_task_mapping.py
[2024-05-09T14:55:39.347+0700] {logging_mixin.py:188} INFO - [2024-05-09T14:55:39.346+0700] {dag.py:3096} INFO - Sync 1 DAGs
[2024-05-09T14:55:39.356+0700] {logging_mixin.py:188} INFO - [2024-05-09T14:55:39.356+0700] {dag.py:3954} INFO - Setting next_dagrun for example_dynamic_task_mapping to 2022-03-04 00:00:00+00:00, run_after=2022-03-05 00:00:00+00:00
[2024-05-09T14:55:39.367+0700] {processor.py:183} INFO - Processing /Library/Frameworks/Python.framework/Versions/3.10/lib/python3.10/site-packages/airflow/example_dags/example_dynamic_task_mapping.py took 0.189 seconds
[2024-05-09T14:58:37.481+0700] {processor.py:161} INFO - Started process (PID=82793) to work on /Library/Frameworks/Python.framework/Versions/3.10/lib/python3.10/site-packages/airflow/example_dags/example_dynamic_task_mapping.py
[2024-05-09T14:58:37.482+0700] {processor.py:830} INFO - Processing file /Library/Frameworks/Python.framework/Versions/3.10/lib/python3.10/site-packages/airflow/example_dags/example_dynamic_task_mapping.py for tasks to queue
[2024-05-09T14:58:37.483+0700] {logging_mixin.py:188} INFO - [2024-05-09T14:58:37.483+0700] {dagbag.py:540} INFO - Filling up the DagBag from /Library/Frameworks/Python.framework/Versions/3.10/lib/python3.10/site-packages/airflow/example_dags/example_dynamic_task_mapping.py
[2024-05-09T14:58:37.506+0700] {processor.py:840} INFO - DAG(s) 'example_dynamic_task_mapping' retrieved from /Library/Frameworks/Python.framework/Versions/3.10/lib/python3.10/site-packages/airflow/example_dags/example_dynamic_task_mapping.py
[2024-05-09T14:58:37.693+0700] {logging_mixin.py:188} INFO - [2024-05-09T14:58:37.693+0700] {dag.py:3096} INFO - Sync 1 DAGs
[2024-05-09T14:58:37.704+0700] {logging_mixin.py:188} INFO - [2024-05-09T14:58:37.704+0700] {dag.py:3954} INFO - Setting next_dagrun for example_dynamic_task_mapping to 2022-03-04 00:00:00+00:00, run_after=2022-03-05 00:00:00+00:00
[2024-05-09T14:58:37.715+0700] {processor.py:183} INFO - Processing /Library/Frameworks/Python.framework/Versions/3.10/lib/python3.10/site-packages/airflow/example_dags/example_dynamic_task_mapping.py took 0.236 seconds
[2024-05-09T15:01:46.264+0700] {processor.py:161} INFO - Started process (PID=83812) to work on /Library/Frameworks/Python.framework/Versions/3.10/lib/python3.10/site-packages/airflow/example_dags/example_dynamic_task_mapping.py
[2024-05-09T15:01:46.265+0700] {processor.py:830} INFO - Processing file /Library/Frameworks/Python.framework/Versions/3.10/lib/python3.10/site-packages/airflow/example_dags/example_dynamic_task_mapping.py for tasks to queue
[2024-05-09T15:01:46.265+0700] {logging_mixin.py:188} INFO - [2024-05-09T15:01:46.265+0700] {dagbag.py:540} INFO - Filling up the DagBag from /Library/Frameworks/Python.framework/Versions/3.10/lib/python3.10/site-packages/airflow/example_dags/example_dynamic_task_mapping.py
[2024-05-09T15:01:46.301+0700] {processor.py:840} INFO - DAG(s) 'example_dynamic_task_mapping' retrieved from /Library/Frameworks/Python.framework/Versions/3.10/lib/python3.10/site-packages/airflow/example_dags/example_dynamic_task_mapping.py
[2024-05-09T15:01:46.484+0700] {logging_mixin.py:188} INFO - [2024-05-09T15:01:46.483+0700] {dag.py:3096} INFO - Sync 1 DAGs
[2024-05-09T15:01:46.497+0700] {logging_mixin.py:188} INFO - [2024-05-09T15:01:46.497+0700] {dag.py:3954} INFO - Setting next_dagrun for example_dynamic_task_mapping to 2022-03-04 00:00:00+00:00, run_after=2022-03-05 00:00:00+00:00
[2024-05-09T15:01:46.515+0700] {processor.py:183} INFO - Processing /Library/Frameworks/Python.framework/Versions/3.10/lib/python3.10/site-packages/airflow/example_dags/example_dynamic_task_mapping.py took 0.253 seconds
[2024-05-09T15:04:58.901+0700] {processor.py:161} INFO - Started process (PID=85072) to work on /Library/Frameworks/Python.framework/Versions/3.10/lib/python3.10/site-packages/airflow/example_dags/example_dynamic_task_mapping.py
[2024-05-09T15:04:58.902+0700] {processor.py:830} INFO - Processing file /Library/Frameworks/Python.framework/Versions/3.10/lib/python3.10/site-packages/airflow/example_dags/example_dynamic_task_mapping.py for tasks to queue
[2024-05-09T15:04:58.903+0700] {logging_mixin.py:188} INFO - [2024-05-09T15:04:58.903+0700] {dagbag.py:540} INFO - Filling up the DagBag from /Library/Frameworks/Python.framework/Versions/3.10/lib/python3.10/site-packages/airflow/example_dags/example_dynamic_task_mapping.py
[2024-05-09T15:04:58.928+0700] {processor.py:840} INFO - DAG(s) 'example_dynamic_task_mapping' retrieved from /Library/Frameworks/Python.framework/Versions/3.10/lib/python3.10/site-packages/airflow/example_dags/example_dynamic_task_mapping.py
[2024-05-09T15:04:59.024+0700] {logging_mixin.py:188} INFO - [2024-05-09T15:04:59.023+0700] {dag.py:3096} INFO - Sync 1 DAGs
[2024-05-09T15:04:59.033+0700] {logging_mixin.py:188} INFO - [2024-05-09T15:04:59.033+0700] {dag.py:3954} INFO - Setting next_dagrun for example_dynamic_task_mapping to 2022-03-04 00:00:00+00:00, run_after=2022-03-05 00:00:00+00:00
[2024-05-09T15:04:59.044+0700] {processor.py:183} INFO - Processing /Library/Frameworks/Python.framework/Versions/3.10/lib/python3.10/site-packages/airflow/example_dags/example_dynamic_task_mapping.py took 0.149 seconds
[2024-05-09T15:11:17.550+0700] {processor.py:161} INFO - Started process (PID=87287) to work on /Library/Frameworks/Python.framework/Versions/3.10/lib/python3.10/site-packages/airflow/example_dags/example_dynamic_task_mapping.py
[2024-05-09T15:11:17.551+0700] {processor.py:830} INFO - Processing file /Library/Frameworks/Python.framework/Versions/3.10/lib/python3.10/site-packages/airflow/example_dags/example_dynamic_task_mapping.py for tasks to queue
[2024-05-09T15:11:17.551+0700] {logging_mixin.py:188} INFO - [2024-05-09T15:11:17.551+0700] {dagbag.py:540} INFO - Filling up the DagBag from /Library/Frameworks/Python.framework/Versions/3.10/lib/python3.10/site-packages/airflow/example_dags/example_dynamic_task_mapping.py
[2024-05-09T15:11:17.581+0700] {processor.py:840} INFO - DAG(s) 'example_dynamic_task_mapping' retrieved from /Library/Frameworks/Python.framework/Versions/3.10/lib/python3.10/site-packages/airflow/example_dags/example_dynamic_task_mapping.py
[2024-05-09T15:11:17.729+0700] {logging_mixin.py:188} INFO - [2024-05-09T15:11:17.729+0700] {dag.py:3096} INFO - Sync 1 DAGs
[2024-05-09T15:11:17.740+0700] {logging_mixin.py:188} INFO - [2024-05-09T15:11:17.740+0700] {dag.py:3954} INFO - Setting next_dagrun for example_dynamic_task_mapping to 2022-03-04 00:00:00+00:00, run_after=2022-03-05 00:00:00+00:00
[2024-05-09T15:11:17.751+0700] {processor.py:183} INFO - Processing /Library/Frameworks/Python.framework/Versions/3.10/lib/python3.10/site-packages/airflow/example_dags/example_dynamic_task_mapping.py took 0.203 seconds
[2024-05-09T15:15:02.570+0700] {processor.py:161} INFO - Started process (PID=88810) to work on /Library/Frameworks/Python.framework/Versions/3.10/lib/python3.10/site-packages/airflow/example_dags/example_dynamic_task_mapping.py
[2024-05-09T15:15:02.571+0700] {processor.py:830} INFO - Processing file /Library/Frameworks/Python.framework/Versions/3.10/lib/python3.10/site-packages/airflow/example_dags/example_dynamic_task_mapping.py for tasks to queue
[2024-05-09T15:15:02.572+0700] {logging_mixin.py:188} INFO - [2024-05-09T15:15:02.572+0700] {dagbag.py:540} INFO - Filling up the DagBag from /Library/Frameworks/Python.framework/Versions/3.10/lib/python3.10/site-packages/airflow/example_dags/example_dynamic_task_mapping.py
[2024-05-09T15:15:02.601+0700] {processor.py:840} INFO - DAG(s) 'example_dynamic_task_mapping' retrieved from /Library/Frameworks/Python.framework/Versions/3.10/lib/python3.10/site-packages/airflow/example_dags/example_dynamic_task_mapping.py
[2024-05-09T15:15:02.710+0700] {logging_mixin.py:188} INFO - [2024-05-09T15:15:02.710+0700] {dag.py:3096} INFO - Sync 1 DAGs
[2024-05-09T15:15:02.720+0700] {logging_mixin.py:188} INFO - [2024-05-09T15:15:02.720+0700] {dag.py:3954} INFO - Setting next_dagrun for example_dynamic_task_mapping to 2022-03-04 00:00:00+00:00, run_after=2022-03-05 00:00:00+00:00
[2024-05-09T15:15:02.734+0700] {processor.py:183} INFO - Processing /Library/Frameworks/Python.framework/Versions/3.10/lib/python3.10/site-packages/airflow/example_dags/example_dynamic_task_mapping.py took 0.165 seconds
[2024-05-09T15:18:07.402+0700] {processor.py:161} INFO - Started process (PID=90463) to work on /Library/Frameworks/Python.framework/Versions/3.10/lib/python3.10/site-packages/airflow/example_dags/example_dynamic_task_mapping.py
[2024-05-09T15:18:07.403+0700] {processor.py:830} INFO - Processing file /Library/Frameworks/Python.framework/Versions/3.10/lib/python3.10/site-packages/airflow/example_dags/example_dynamic_task_mapping.py for tasks to queue
[2024-05-09T15:18:07.403+0700] {logging_mixin.py:188} INFO - [2024-05-09T15:18:07.403+0700] {dagbag.py:540} INFO - Filling up the DagBag from /Library/Frameworks/Python.framework/Versions/3.10/lib/python3.10/site-packages/airflow/example_dags/example_dynamic_task_mapping.py
[2024-05-09T15:18:07.426+0700] {processor.py:840} INFO - DAG(s) 'example_dynamic_task_mapping' retrieved from /Library/Frameworks/Python.framework/Versions/3.10/lib/python3.10/site-packages/airflow/example_dags/example_dynamic_task_mapping.py
[2024-05-09T15:18:07.531+0700] {logging_mixin.py:188} INFO - [2024-05-09T15:18:07.531+0700] {dag.py:3096} INFO - Sync 1 DAGs
[2024-05-09T15:18:07.540+0700] {logging_mixin.py:188} INFO - [2024-05-09T15:18:07.540+0700] {dag.py:3954} INFO - Setting next_dagrun for example_dynamic_task_mapping to 2022-03-04 00:00:00+00:00, run_after=2022-03-05 00:00:00+00:00
[2024-05-09T15:18:07.552+0700] {processor.py:183} INFO - Processing /Library/Frameworks/Python.framework/Versions/3.10/lib/python3.10/site-packages/airflow/example_dags/example_dynamic_task_mapping.py took 0.152 seconds
[2024-05-09T15:21:27.822+0700] {processor.py:161} INFO - Started process (PID=91924) to work on /Library/Frameworks/Python.framework/Versions/3.10/lib/python3.10/site-packages/airflow/example_dags/example_dynamic_task_mapping.py
[2024-05-09T15:21:27.823+0700] {processor.py:830} INFO - Processing file /Library/Frameworks/Python.framework/Versions/3.10/lib/python3.10/site-packages/airflow/example_dags/example_dynamic_task_mapping.py for tasks to queue
[2024-05-09T15:21:27.824+0700] {logging_mixin.py:188} INFO - [2024-05-09T15:21:27.824+0700] {dagbag.py:540} INFO - Filling up the DagBag from /Library/Frameworks/Python.framework/Versions/3.10/lib/python3.10/site-packages/airflow/example_dags/example_dynamic_task_mapping.py
[2024-05-09T15:21:27.853+0700] {processor.py:840} INFO - DAG(s) 'example_dynamic_task_mapping' retrieved from /Library/Frameworks/Python.framework/Versions/3.10/lib/python3.10/site-packages/airflow/example_dags/example_dynamic_task_mapping.py
[2024-05-09T15:21:28.000+0700] {logging_mixin.py:188} INFO - [2024-05-09T15:21:28.000+0700] {dag.py:3096} INFO - Sync 1 DAGs
[2024-05-09T15:21:28.011+0700] {logging_mixin.py:188} INFO - [2024-05-09T15:21:28.011+0700] {dag.py:3954} INFO - Setting next_dagrun for example_dynamic_task_mapping to 2022-03-04 00:00:00+00:00, run_after=2022-03-05 00:00:00+00:00
[2024-05-09T15:21:28.024+0700] {processor.py:183} INFO - Processing /Library/Frameworks/Python.framework/Versions/3.10/lib/python3.10/site-packages/airflow/example_dags/example_dynamic_task_mapping.py took 0.204 seconds
[2024-05-09T15:24:55.811+0700] {processor.py:161} INFO - Started process (PID=94913) to work on /Library/Frameworks/Python.framework/Versions/3.10/lib/python3.10/site-packages/airflow/example_dags/example_dynamic_task_mapping.py
[2024-05-09T15:24:55.813+0700] {processor.py:830} INFO - Processing file /Library/Frameworks/Python.framework/Versions/3.10/lib/python3.10/site-packages/airflow/example_dags/example_dynamic_task_mapping.py for tasks to queue
[2024-05-09T15:24:55.813+0700] {logging_mixin.py:188} INFO - [2024-05-09T15:24:55.813+0700] {dagbag.py:540} INFO - Filling up the DagBag from /Library/Frameworks/Python.framework/Versions/3.10/lib/python3.10/site-packages/airflow/example_dags/example_dynamic_task_mapping.py
[2024-05-09T15:24:55.834+0700] {processor.py:840} INFO - DAG(s) 'example_dynamic_task_mapping' retrieved from /Library/Frameworks/Python.framework/Versions/3.10/lib/python3.10/site-packages/airflow/example_dags/example_dynamic_task_mapping.py
[2024-05-09T15:24:55.940+0700] {logging_mixin.py:188} INFO - [2024-05-09T15:24:55.940+0700] {dag.py:3096} INFO - Sync 1 DAGs
[2024-05-09T15:24:55.949+0700] {logging_mixin.py:188} INFO - [2024-05-09T15:24:55.949+0700] {dag.py:3954} INFO - Setting next_dagrun for example_dynamic_task_mapping to 2022-03-04 00:00:00+00:00, run_after=2022-03-05 00:00:00+00:00
[2024-05-09T15:24:55.960+0700] {processor.py:183} INFO - Processing /Library/Frameworks/Python.framework/Versions/3.10/lib/python3.10/site-packages/airflow/example_dags/example_dynamic_task_mapping.py took 0.156 seconds
[2024-05-09T15:28:03.870+0700] {processor.py:161} INFO - Started process (PID=96096) to work on /Library/Frameworks/Python.framework/Versions/3.10/lib/python3.10/site-packages/airflow/example_dags/example_dynamic_task_mapping.py
[2024-05-09T15:28:03.871+0700] {processor.py:830} INFO - Processing file /Library/Frameworks/Python.framework/Versions/3.10/lib/python3.10/site-packages/airflow/example_dags/example_dynamic_task_mapping.py for tasks to queue
[2024-05-09T15:28:03.871+0700] {logging_mixin.py:188} INFO - [2024-05-09T15:28:03.871+0700] {dagbag.py:540} INFO - Filling up the DagBag from /Library/Frameworks/Python.framework/Versions/3.10/lib/python3.10/site-packages/airflow/example_dags/example_dynamic_task_mapping.py
[2024-05-09T15:28:03.897+0700] {processor.py:840} INFO - DAG(s) 'example_dynamic_task_mapping' retrieved from /Library/Frameworks/Python.framework/Versions/3.10/lib/python3.10/site-packages/airflow/example_dags/example_dynamic_task_mapping.py
[2024-05-09T15:28:03.992+0700] {logging_mixin.py:188} INFO - [2024-05-09T15:28:03.992+0700] {dag.py:3096} INFO - Sync 1 DAGs
[2024-05-09T15:28:04.001+0700] {logging_mixin.py:188} INFO - [2024-05-09T15:28:04.001+0700] {dag.py:3954} INFO - Setting next_dagrun for example_dynamic_task_mapping to 2022-03-04 00:00:00+00:00, run_after=2022-03-05 00:00:00+00:00
[2024-05-09T15:28:04.011+0700] {processor.py:183} INFO - Processing /Library/Frameworks/Python.framework/Versions/3.10/lib/python3.10/site-packages/airflow/example_dags/example_dynamic_task_mapping.py took 0.144 seconds
[2024-05-09T15:31:56.747+0700] {processor.py:161} INFO - Started process (PID=97542) to work on /Library/Frameworks/Python.framework/Versions/3.10/lib/python3.10/site-packages/airflow/example_dags/example_dynamic_task_mapping.py
[2024-05-09T15:31:56.748+0700] {processor.py:830} INFO - Processing file /Library/Frameworks/Python.framework/Versions/3.10/lib/python3.10/site-packages/airflow/example_dags/example_dynamic_task_mapping.py for tasks to queue
[2024-05-09T15:31:56.749+0700] {logging_mixin.py:188} INFO - [2024-05-09T15:31:56.749+0700] {dagbag.py:540} INFO - Filling up the DagBag from /Library/Frameworks/Python.framework/Versions/3.10/lib/python3.10/site-packages/airflow/example_dags/example_dynamic_task_mapping.py
[2024-05-09T15:31:56.789+0700] {processor.py:840} INFO - DAG(s) 'example_dynamic_task_mapping' retrieved from /Library/Frameworks/Python.framework/Versions/3.10/lib/python3.10/site-packages/airflow/example_dags/example_dynamic_task_mapping.py
[2024-05-09T15:31:56.951+0700] {logging_mixin.py:188} INFO - [2024-05-09T15:31:56.950+0700] {dag.py:3096} INFO - Sync 1 DAGs
[2024-05-09T15:31:56.964+0700] {logging_mixin.py:188} INFO - [2024-05-09T15:31:56.964+0700] {dag.py:3954} INFO - Setting next_dagrun for example_dynamic_task_mapping to 2022-03-04 00:00:00+00:00, run_after=2022-03-05 00:00:00+00:00
[2024-05-09T15:31:56.980+0700] {processor.py:183} INFO - Processing /Library/Frameworks/Python.framework/Versions/3.10/lib/python3.10/site-packages/airflow/example_dags/example_dynamic_task_mapping.py took 0.237 seconds
[2024-05-09T15:34:35.028+0700] {processor.py:161} INFO - Started process (PID=98377) to work on /Library/Frameworks/Python.framework/Versions/3.10/lib/python3.10/site-packages/airflow/example_dags/example_dynamic_task_mapping.py
[2024-05-09T15:34:35.029+0700] {processor.py:830} INFO - Processing file /Library/Frameworks/Python.framework/Versions/3.10/lib/python3.10/site-packages/airflow/example_dags/example_dynamic_task_mapping.py for tasks to queue
[2024-05-09T15:34:35.029+0700] {logging_mixin.py:188} INFO - [2024-05-09T15:34:35.029+0700] {dagbag.py:540} INFO - Filling up the DagBag from /Library/Frameworks/Python.framework/Versions/3.10/lib/python3.10/site-packages/airflow/example_dags/example_dynamic_task_mapping.py
[2024-05-09T15:34:35.051+0700] {processor.py:840} INFO - DAG(s) 'example_dynamic_task_mapping' retrieved from /Library/Frameworks/Python.framework/Versions/3.10/lib/python3.10/site-packages/airflow/example_dags/example_dynamic_task_mapping.py
[2024-05-09T15:34:35.145+0700] {logging_mixin.py:188} INFO - [2024-05-09T15:34:35.144+0700] {dag.py:3096} INFO - Sync 1 DAGs
[2024-05-09T15:34:35.154+0700] {logging_mixin.py:188} INFO - [2024-05-09T15:34:35.153+0700] {dag.py:3954} INFO - Setting next_dagrun for example_dynamic_task_mapping to 2022-03-04 00:00:00+00:00, run_after=2022-03-05 00:00:00+00:00
[2024-05-09T15:34:35.165+0700] {processor.py:183} INFO - Processing /Library/Frameworks/Python.framework/Versions/3.10/lib/python3.10/site-packages/airflow/example_dags/example_dynamic_task_mapping.py took 0.139 seconds
