[2024-05-09T14:31:29.996+0700] {processor.py:161} INFO - Started process (PID=69695) to work on /Library/Frameworks/Python.framework/Versions/3.10/lib/python3.10/site-packages/airflow/example_dags/example_sensors.py
[2024-05-09T14:31:29.996+0700] {processor.py:830} INFO - Processing file /Library/Frameworks/Python.framework/Versions/3.10/lib/python3.10/site-packages/airflow/example_dags/example_sensors.py for tasks to queue
[2024-05-09T14:31:29.997+0700] {logging_mixin.py:188} INFO - [2024-05-09T14:31:29.996+0700] {dagbag.py:540} INFO - Filling up the DagBag from /Library/Frameworks/Python.framework/Versions/3.10/lib/python3.10/site-packages/airflow/example_dags/example_sensors.py
[2024-05-09T14:31:30.006+0700] {processor.py:840} INFO - DAG(s) 'example_sensors' retrieved from /Library/Frameworks/Python.framework/Versions/3.10/lib/python3.10/site-packages/airflow/example_dags/example_sensors.py
[2024-05-09T14:31:30.174+0700] {logging_mixin.py:188} INFO - [2024-05-09T14:31:30.174+0700] {dag.py:3096} INFO - Sync 1 DAGs
[2024-05-09T14:31:30.179+0700] {logging_mixin.py:188} INFO - [2024-05-09T14:31:30.179+0700] {dag.py:3954} INFO - Setting next_dagrun for example_sensors to None, run_after=None
[2024-05-09T14:31:30.190+0700] {processor.py:183} INFO - Processing /Library/Frameworks/Python.framework/Versions/3.10/lib/python3.10/site-packages/airflow/example_dags/example_sensors.py took 0.196 seconds
[2024-05-09T14:33:43.691+0700] {processor.py:161} INFO - Started process (PID=70470) to work on /Library/Frameworks/Python.framework/Versions/3.10/lib/python3.10/site-packages/airflow/example_dags/example_sensors.py
[2024-05-09T14:33:43.692+0700] {processor.py:830} INFO - Processing file /Library/Frameworks/Python.framework/Versions/3.10/lib/python3.10/site-packages/airflow/example_dags/example_sensors.py for tasks to queue
[2024-05-09T14:33:43.692+0700] {logging_mixin.py:188} INFO - [2024-05-09T14:33:43.692+0700] {dagbag.py:540} INFO - Filling up the DagBag from /Library/Frameworks/Python.framework/Versions/3.10/lib/python3.10/site-packages/airflow/example_dags/example_sensors.py
[2024-05-09T14:33:43.709+0700] {processor.py:840} INFO - DAG(s) 'example_sensors' retrieved from /Library/Frameworks/Python.framework/Versions/3.10/lib/python3.10/site-packages/airflow/example_dags/example_sensors.py
[2024-05-09T14:33:43.870+0700] {logging_mixin.py:188} INFO - [2024-05-09T14:33:43.870+0700] {dag.py:3096} INFO - Sync 1 DAGs
[2024-05-09T14:33:43.876+0700] {logging_mixin.py:188} INFO - [2024-05-09T14:33:43.875+0700] {dag.py:3954} INFO - Setting next_dagrun for example_sensors to None, run_after=None
[2024-05-09T14:33:43.887+0700] {processor.py:183} INFO - Processing /Library/Frameworks/Python.framework/Versions/3.10/lib/python3.10/site-packages/airflow/example_dags/example_sensors.py took 0.197 seconds
[2024-05-09T14:35:27.216+0700] {processor.py:161} INFO - Started process (PID=71066) to work on /Library/Frameworks/Python.framework/Versions/3.10/lib/python3.10/site-packages/airflow/example_dags/example_sensors.py
[2024-05-09T14:35:27.217+0700] {processor.py:830} INFO - Processing file /Library/Frameworks/Python.framework/Versions/3.10/lib/python3.10/site-packages/airflow/example_dags/example_sensors.py for tasks to queue
[2024-05-09T14:35:27.217+0700] {logging_mixin.py:188} INFO - [2024-05-09T14:35:27.217+0700] {dagbag.py:540} INFO - Filling up the DagBag from /Library/Frameworks/Python.framework/Versions/3.10/lib/python3.10/site-packages/airflow/example_dags/example_sensors.py
[2024-05-09T14:35:27.230+0700] {processor.py:840} INFO - DAG(s) 'example_sensors' retrieved from /Library/Frameworks/Python.framework/Versions/3.10/lib/python3.10/site-packages/airflow/example_dags/example_sensors.py
[2024-05-09T14:35:27.383+0700] {logging_mixin.py:188} INFO - [2024-05-09T14:35:27.383+0700] {dag.py:3096} INFO - Sync 1 DAGs
[2024-05-09T14:35:27.390+0700] {logging_mixin.py:188} INFO - [2024-05-09T14:35:27.390+0700] {dag.py:3954} INFO - Setting next_dagrun for example_sensors to None, run_after=None
[2024-05-09T14:35:27.401+0700] {processor.py:183} INFO - Processing /Library/Frameworks/Python.framework/Versions/3.10/lib/python3.10/site-packages/airflow/example_dags/example_sensors.py took 0.188 seconds
[2024-05-09T14:37:02.478+0700] {processor.py:161} INFO - Started process (PID=71641) to work on /Library/Frameworks/Python.framework/Versions/3.10/lib/python3.10/site-packages/airflow/example_dags/example_sensors.py
[2024-05-09T14:37:02.479+0700] {processor.py:830} INFO - Processing file /Library/Frameworks/Python.framework/Versions/3.10/lib/python3.10/site-packages/airflow/example_dags/example_sensors.py for tasks to queue
[2024-05-09T14:37:02.479+0700] {logging_mixin.py:188} INFO - [2024-05-09T14:37:02.479+0700] {dagbag.py:540} INFO - Filling up the DagBag from /Library/Frameworks/Python.framework/Versions/3.10/lib/python3.10/site-packages/airflow/example_dags/example_sensors.py
[2024-05-09T14:37:02.491+0700] {processor.py:840} INFO - DAG(s) 'example_sensors' retrieved from /Library/Frameworks/Python.framework/Versions/3.10/lib/python3.10/site-packages/airflow/example_dags/example_sensors.py
[2024-05-09T14:37:02.616+0700] {logging_mixin.py:188} INFO - [2024-05-09T14:37:02.616+0700] {dag.py:3096} INFO - Sync 1 DAGs
[2024-05-09T14:37:02.623+0700] {logging_mixin.py:188} INFO - [2024-05-09T14:37:02.623+0700] {dag.py:3954} INFO - Setting next_dagrun for example_sensors to None, run_after=None
[2024-05-09T14:37:02.636+0700] {processor.py:183} INFO - Processing /Library/Frameworks/Python.framework/Versions/3.10/lib/python3.10/site-packages/airflow/example_dags/example_sensors.py took 0.161 seconds
[2024-05-09T14:40:26.662+0700] {processor.py:161} INFO - Started process (PID=73412) to work on /Library/Frameworks/Python.framework/Versions/3.10/lib/python3.10/site-packages/airflow/example_dags/example_sensors.py
[2024-05-09T14:40:26.662+0700] {processor.py:830} INFO - Processing file /Library/Frameworks/Python.framework/Versions/3.10/lib/python3.10/site-packages/airflow/example_dags/example_sensors.py for tasks to queue
[2024-05-09T14:40:26.663+0700] {logging_mixin.py:188} INFO - [2024-05-09T14:40:26.663+0700] {dagbag.py:540} INFO - Filling up the DagBag from /Library/Frameworks/Python.framework/Versions/3.10/lib/python3.10/site-packages/airflow/example_dags/example_sensors.py
[2024-05-09T14:40:26.673+0700] {processor.py:840} INFO - DAG(s) 'example_sensors' retrieved from /Library/Frameworks/Python.framework/Versions/3.10/lib/python3.10/site-packages/airflow/example_dags/example_sensors.py
[2024-05-09T14:40:26.787+0700] {logging_mixin.py:188} INFO - [2024-05-09T14:40:26.787+0700] {dag.py:3096} INFO - Sync 1 DAGs
[2024-05-09T14:40:26.793+0700] {logging_mixin.py:188} INFO - [2024-05-09T14:40:26.793+0700] {dag.py:3954} INFO - Setting next_dagrun for example_sensors to None, run_after=None
[2024-05-09T14:40:26.804+0700] {processor.py:183} INFO - Processing /Library/Frameworks/Python.framework/Versions/3.10/lib/python3.10/site-packages/airflow/example_dags/example_sensors.py took 0.144 seconds
[2024-05-09T14:42:35.710+0700] {processor.py:161} INFO - Started process (PID=76744) to work on /Library/Frameworks/Python.framework/Versions/3.10/lib/python3.10/site-packages/airflow/example_dags/example_sensors.py
[2024-05-09T14:42:35.710+0700] {processor.py:830} INFO - Processing file /Library/Frameworks/Python.framework/Versions/3.10/lib/python3.10/site-packages/airflow/example_dags/example_sensors.py for tasks to queue
[2024-05-09T14:42:35.711+0700] {logging_mixin.py:188} INFO - [2024-05-09T14:42:35.710+0700] {dagbag.py:540} INFO - Filling up the DagBag from /Library/Frameworks/Python.framework/Versions/3.10/lib/python3.10/site-packages/airflow/example_dags/example_sensors.py
[2024-05-09T14:42:35.720+0700] {processor.py:840} INFO - DAG(s) 'example_sensors' retrieved from /Library/Frameworks/Python.framework/Versions/3.10/lib/python3.10/site-packages/airflow/example_dags/example_sensors.py
[2024-05-09T14:42:35.835+0700] {logging_mixin.py:188} INFO - [2024-05-09T14:42:35.835+0700] {dag.py:3096} INFO - Sync 1 DAGs
[2024-05-09T14:42:35.841+0700] {logging_mixin.py:188} INFO - [2024-05-09T14:42:35.841+0700] {dag.py:3954} INFO - Setting next_dagrun for example_sensors to None, run_after=None
[2024-05-09T14:42:35.852+0700] {processor.py:183} INFO - Processing /Library/Frameworks/Python.framework/Versions/3.10/lib/python3.10/site-packages/airflow/example_dags/example_sensors.py took 0.144 seconds
[2024-05-09T14:44:30.263+0700] {processor.py:161} INFO - Started process (PID=77509) to work on /Library/Frameworks/Python.framework/Versions/3.10/lib/python3.10/site-packages/airflow/example_dags/example_sensors.py
[2024-05-09T14:44:30.266+0700] {processor.py:830} INFO - Processing file /Library/Frameworks/Python.framework/Versions/3.10/lib/python3.10/site-packages/airflow/example_dags/example_sensors.py for tasks to queue
[2024-05-09T14:44:30.267+0700] {logging_mixin.py:188} INFO - [2024-05-09T14:44:30.267+0700] {dagbag.py:540} INFO - Filling up the DagBag from /Library/Frameworks/Python.framework/Versions/3.10/lib/python3.10/site-packages/airflow/example_dags/example_sensors.py
[2024-05-09T14:44:30.294+0700] {processor.py:840} INFO - DAG(s) 'example_sensors' retrieved from /Library/Frameworks/Python.framework/Versions/3.10/lib/python3.10/site-packages/airflow/example_dags/example_sensors.py
[2024-05-09T14:44:30.979+0700] {logging_mixin.py:188} INFO - [2024-05-09T14:44:30.978+0700] {dag.py:3096} INFO - Sync 1 DAGs
[2024-05-09T14:44:30.996+0700] {logging_mixin.py:188} INFO - [2024-05-09T14:44:30.996+0700] {dag.py:3954} INFO - Setting next_dagrun for example_sensors to None, run_after=None
[2024-05-09T14:44:31.043+0700] {processor.py:183} INFO - Processing /Library/Frameworks/Python.framework/Versions/3.10/lib/python3.10/site-packages/airflow/example_dags/example_sensors.py took 0.787 seconds
[2024-05-09T14:46:23.635+0700] {processor.py:161} INFO - Started process (PID=78260) to work on /Library/Frameworks/Python.framework/Versions/3.10/lib/python3.10/site-packages/airflow/example_dags/example_sensors.py
[2024-05-09T14:46:23.636+0700] {processor.py:830} INFO - Processing file /Library/Frameworks/Python.framework/Versions/3.10/lib/python3.10/site-packages/airflow/example_dags/example_sensors.py for tasks to queue
[2024-05-09T14:46:23.637+0700] {logging_mixin.py:188} INFO - [2024-05-09T14:46:23.637+0700] {dagbag.py:540} INFO - Filling up the DagBag from /Library/Frameworks/Python.framework/Versions/3.10/lib/python3.10/site-packages/airflow/example_dags/example_sensors.py
[2024-05-09T14:46:23.680+0700] {processor.py:840} INFO - DAG(s) 'example_sensors' retrieved from /Library/Frameworks/Python.framework/Versions/3.10/lib/python3.10/site-packages/airflow/example_dags/example_sensors.py
[2024-05-09T14:46:23.922+0700] {logging_mixin.py:188} INFO - [2024-05-09T14:46:23.921+0700] {dag.py:3096} INFO - Sync 1 DAGs
[2024-05-09T14:46:23.935+0700] {logging_mixin.py:188} INFO - [2024-05-09T14:46:23.935+0700] {dag.py:3954} INFO - Setting next_dagrun for example_sensors to None, run_after=None
[2024-05-09T14:46:23.951+0700] {processor.py:183} INFO - Processing /Library/Frameworks/Python.framework/Versions/3.10/lib/python3.10/site-packages/airflow/example_dags/example_sensors.py took 0.318 seconds
[2024-05-09T14:48:21.170+0700] {processor.py:161} INFO - Started process (PID=78952) to work on /Library/Frameworks/Python.framework/Versions/3.10/lib/python3.10/site-packages/airflow/example_dags/example_sensors.py
[2024-05-09T14:48:21.171+0700] {processor.py:830} INFO - Processing file /Library/Frameworks/Python.framework/Versions/3.10/lib/python3.10/site-packages/airflow/example_dags/example_sensors.py for tasks to queue
[2024-05-09T14:48:21.172+0700] {logging_mixin.py:188} INFO - [2024-05-09T14:48:21.172+0700] {dagbag.py:540} INFO - Filling up the DagBag from /Library/Frameworks/Python.framework/Versions/3.10/lib/python3.10/site-packages/airflow/example_dags/example_sensors.py
[2024-05-09T14:48:21.184+0700] {processor.py:840} INFO - DAG(s) 'example_sensors' retrieved from /Library/Frameworks/Python.framework/Versions/3.10/lib/python3.10/site-packages/airflow/example_dags/example_sensors.py
[2024-05-09T14:48:21.374+0700] {logging_mixin.py:188} INFO - [2024-05-09T14:48:21.374+0700] {dag.py:3096} INFO - Sync 1 DAGs
[2024-05-09T14:48:21.380+0700] {logging_mixin.py:188} INFO - [2024-05-09T14:48:21.380+0700] {dag.py:3954} INFO - Setting next_dagrun for example_sensors to None, run_after=None
[2024-05-09T14:48:21.394+0700] {processor.py:183} INFO - Processing /Library/Frameworks/Python.framework/Versions/3.10/lib/python3.10/site-packages/airflow/example_dags/example_sensors.py took 0.225 seconds
[2024-05-09T14:49:59.502+0700] {processor.py:161} INFO - Started process (PID=79457) to work on /Library/Frameworks/Python.framework/Versions/3.10/lib/python3.10/site-packages/airflow/example_dags/example_sensors.py
[2024-05-09T14:49:59.503+0700] {processor.py:830} INFO - Processing file /Library/Frameworks/Python.framework/Versions/3.10/lib/python3.10/site-packages/airflow/example_dags/example_sensors.py for tasks to queue
[2024-05-09T14:49:59.504+0700] {logging_mixin.py:188} INFO - [2024-05-09T14:49:59.504+0700] {dagbag.py:540} INFO - Filling up the DagBag from /Library/Frameworks/Python.framework/Versions/3.10/lib/python3.10/site-packages/airflow/example_dags/example_sensors.py
[2024-05-09T14:49:59.519+0700] {processor.py:840} INFO - DAG(s) 'example_sensors' retrieved from /Library/Frameworks/Python.framework/Versions/3.10/lib/python3.10/site-packages/airflow/example_dags/example_sensors.py
[2024-05-09T14:49:59.644+0700] {logging_mixin.py:188} INFO - [2024-05-09T14:49:59.644+0700] {dag.py:3096} INFO - Sync 1 DAGs
[2024-05-09T14:49:59.651+0700] {logging_mixin.py:188} INFO - [2024-05-09T14:49:59.651+0700] {dag.py:3954} INFO - Setting next_dagrun for example_sensors to None, run_after=None
[2024-05-09T14:49:59.675+0700] {processor.py:183} INFO - Processing /Library/Frameworks/Python.framework/Versions/3.10/lib/python3.10/site-packages/airflow/example_dags/example_sensors.py took 0.176 seconds
[2024-05-09T14:51:55.338+0700] {processor.py:161} INFO - Started process (PID=80172) to work on /Library/Frameworks/Python.framework/Versions/3.10/lib/python3.10/site-packages/airflow/example_dags/example_sensors.py
[2024-05-09T14:51:55.340+0700] {processor.py:830} INFO - Processing file /Library/Frameworks/Python.framework/Versions/3.10/lib/python3.10/site-packages/airflow/example_dags/example_sensors.py for tasks to queue
[2024-05-09T14:51:55.341+0700] {logging_mixin.py:188} INFO - [2024-05-09T14:51:55.341+0700] {dagbag.py:540} INFO - Filling up the DagBag from /Library/Frameworks/Python.framework/Versions/3.10/lib/python3.10/site-packages/airflow/example_dags/example_sensors.py
[2024-05-09T14:51:55.360+0700] {processor.py:840} INFO - DAG(s) 'example_sensors' retrieved from /Library/Frameworks/Python.framework/Versions/3.10/lib/python3.10/site-packages/airflow/example_dags/example_sensors.py
[2024-05-09T14:51:55.803+0700] {logging_mixin.py:188} INFO - [2024-05-09T14:51:55.803+0700] {dag.py:3096} INFO - Sync 1 DAGs
[2024-05-09T14:51:55.812+0700] {logging_mixin.py:188} INFO - [2024-05-09T14:51:55.811+0700] {dag.py:3954} INFO - Setting next_dagrun for example_sensors to None, run_after=None
[2024-05-09T14:51:55.834+0700] {processor.py:183} INFO - Processing /Library/Frameworks/Python.framework/Versions/3.10/lib/python3.10/site-packages/airflow/example_dags/example_sensors.py took 0.499 seconds
[2024-05-09T14:53:45.675+0700] {processor.py:161} INFO - Started process (PID=80910) to work on /Library/Frameworks/Python.framework/Versions/3.10/lib/python3.10/site-packages/airflow/example_dags/example_sensors.py
[2024-05-09T14:53:45.676+0700] {processor.py:830} INFO - Processing file /Library/Frameworks/Python.framework/Versions/3.10/lib/python3.10/site-packages/airflow/example_dags/example_sensors.py for tasks to queue
[2024-05-09T14:53:45.677+0700] {logging_mixin.py:188} INFO - [2024-05-09T14:53:45.677+0700] {dagbag.py:540} INFO - Filling up the DagBag from /Library/Frameworks/Python.framework/Versions/3.10/lib/python3.10/site-packages/airflow/example_dags/example_sensors.py
[2024-05-09T14:53:45.687+0700] {processor.py:840} INFO - DAG(s) 'example_sensors' retrieved from /Library/Frameworks/Python.framework/Versions/3.10/lib/python3.10/site-packages/airflow/example_dags/example_sensors.py
[2024-05-09T14:53:45.852+0700] {logging_mixin.py:188} INFO - [2024-05-09T14:53:45.852+0700] {dag.py:3096} INFO - Sync 1 DAGs
[2024-05-09T14:53:45.858+0700] {logging_mixin.py:188} INFO - [2024-05-09T14:53:45.858+0700] {dag.py:3954} INFO - Setting next_dagrun for example_sensors to None, run_after=None
[2024-05-09T14:53:45.869+0700] {processor.py:183} INFO - Processing /Library/Frameworks/Python.framework/Versions/3.10/lib/python3.10/site-packages/airflow/example_dags/example_sensors.py took 0.195 seconds
[2024-05-09T14:55:17.704+0700] {processor.py:161} INFO - Started process (PID=81473) to work on /Library/Frameworks/Python.framework/Versions/3.10/lib/python3.10/site-packages/airflow/example_dags/example_sensors.py
[2024-05-09T14:55:17.706+0700] {processor.py:830} INFO - Processing file /Library/Frameworks/Python.framework/Versions/3.10/lib/python3.10/site-packages/airflow/example_dags/example_sensors.py for tasks to queue
[2024-05-09T14:55:17.706+0700] {logging_mixin.py:188} INFO - [2024-05-09T14:55:17.706+0700] {dagbag.py:540} INFO - Filling up the DagBag from /Library/Frameworks/Python.framework/Versions/3.10/lib/python3.10/site-packages/airflow/example_dags/example_sensors.py
[2024-05-09T14:55:17.718+0700] {processor.py:840} INFO - DAG(s) 'example_sensors' retrieved from /Library/Frameworks/Python.framework/Versions/3.10/lib/python3.10/site-packages/airflow/example_dags/example_sensors.py
[2024-05-09T14:55:17.837+0700] {logging_mixin.py:188} INFO - [2024-05-09T14:55:17.837+0700] {dag.py:3096} INFO - Sync 1 DAGs
[2024-05-09T14:55:17.843+0700] {logging_mixin.py:188} INFO - [2024-05-09T14:55:17.843+0700] {dag.py:3954} INFO - Setting next_dagrun for example_sensors to None, run_after=None
[2024-05-09T14:55:17.854+0700] {processor.py:183} INFO - Processing /Library/Frameworks/Python.framework/Versions/3.10/lib/python3.10/site-packages/airflow/example_dags/example_sensors.py took 0.152 seconds
[2024-05-09T14:58:17.640+0700] {processor.py:161} INFO - Started process (PID=82687) to work on /Library/Frameworks/Python.framework/Versions/3.10/lib/python3.10/site-packages/airflow/example_dags/example_sensors.py
[2024-05-09T14:58:17.642+0700] {processor.py:830} INFO - Processing file /Library/Frameworks/Python.framework/Versions/3.10/lib/python3.10/site-packages/airflow/example_dags/example_sensors.py for tasks to queue
[2024-05-09T14:58:17.642+0700] {logging_mixin.py:188} INFO - [2024-05-09T14:58:17.642+0700] {dagbag.py:540} INFO - Filling up the DagBag from /Library/Frameworks/Python.framework/Versions/3.10/lib/python3.10/site-packages/airflow/example_dags/example_sensors.py
[2024-05-09T14:58:17.652+0700] {processor.py:840} INFO - DAG(s) 'example_sensors' retrieved from /Library/Frameworks/Python.framework/Versions/3.10/lib/python3.10/site-packages/airflow/example_dags/example_sensors.py
[2024-05-09T14:58:17.817+0700] {logging_mixin.py:188} INFO - [2024-05-09T14:58:17.817+0700] {dag.py:3096} INFO - Sync 1 DAGs
[2024-05-09T14:58:17.823+0700] {logging_mixin.py:188} INFO - [2024-05-09T14:58:17.823+0700] {dag.py:3954} INFO - Setting next_dagrun for example_sensors to None, run_after=None
[2024-05-09T14:58:17.834+0700] {processor.py:183} INFO - Processing /Library/Frameworks/Python.framework/Versions/3.10/lib/python3.10/site-packages/airflow/example_dags/example_sensors.py took 0.195 seconds
[2024-05-09T15:01:21.757+0700] {processor.py:161} INFO - Started process (PID=83630) to work on /Library/Frameworks/Python.framework/Versions/3.10/lib/python3.10/site-packages/airflow/example_dags/example_sensors.py
[2024-05-09T15:01:21.758+0700] {processor.py:830} INFO - Processing file /Library/Frameworks/Python.framework/Versions/3.10/lib/python3.10/site-packages/airflow/example_dags/example_sensors.py for tasks to queue
[2024-05-09T15:01:21.758+0700] {logging_mixin.py:188} INFO - [2024-05-09T15:01:21.758+0700] {dagbag.py:540} INFO - Filling up the DagBag from /Library/Frameworks/Python.framework/Versions/3.10/lib/python3.10/site-packages/airflow/example_dags/example_sensors.py
[2024-05-09T15:01:21.773+0700] {processor.py:840} INFO - DAG(s) 'example_sensors' retrieved from /Library/Frameworks/Python.framework/Versions/3.10/lib/python3.10/site-packages/airflow/example_dags/example_sensors.py
[2024-05-09T15:01:21.911+0700] {logging_mixin.py:188} INFO - [2024-05-09T15:01:21.911+0700] {dag.py:3096} INFO - Sync 1 DAGs
[2024-05-09T15:01:21.918+0700] {logging_mixin.py:188} INFO - [2024-05-09T15:01:21.918+0700] {dag.py:3954} INFO - Setting next_dagrun for example_sensors to None, run_after=None
[2024-05-09T15:01:21.930+0700] {processor.py:183} INFO - Processing /Library/Frameworks/Python.framework/Versions/3.10/lib/python3.10/site-packages/airflow/example_dags/example_sensors.py took 0.176 seconds
[2024-05-09T15:02:52.604+0700] {processor.py:161} INFO - Started process (PID=84241) to work on /Library/Frameworks/Python.framework/Versions/3.10/lib/python3.10/site-packages/airflow/example_dags/example_sensors.py
[2024-05-09T15:02:52.605+0700] {processor.py:830} INFO - Processing file /Library/Frameworks/Python.framework/Versions/3.10/lib/python3.10/site-packages/airflow/example_dags/example_sensors.py for tasks to queue
[2024-05-09T15:02:52.606+0700] {logging_mixin.py:188} INFO - [2024-05-09T15:02:52.605+0700] {dagbag.py:540} INFO - Filling up the DagBag from /Library/Frameworks/Python.framework/Versions/3.10/lib/python3.10/site-packages/airflow/example_dags/example_sensors.py
[2024-05-09T15:02:52.616+0700] {processor.py:840} INFO - DAG(s) 'example_sensors' retrieved from /Library/Frameworks/Python.framework/Versions/3.10/lib/python3.10/site-packages/airflow/example_dags/example_sensors.py
[2024-05-09T15:02:52.733+0700] {logging_mixin.py:188} INFO - [2024-05-09T15:02:52.732+0700] {dag.py:3096} INFO - Sync 1 DAGs
[2024-05-09T15:02:52.739+0700] {logging_mixin.py:188} INFO - [2024-05-09T15:02:52.739+0700] {dag.py:3954} INFO - Setting next_dagrun for example_sensors to None, run_after=None
[2024-05-09T15:02:52.750+0700] {processor.py:183} INFO - Processing /Library/Frameworks/Python.framework/Versions/3.10/lib/python3.10/site-packages/airflow/example_dags/example_sensors.py took 0.149 seconds
[2024-05-09T15:04:32.835+0700] {processor.py:161} INFO - Started process (PID=84906) to work on /Library/Frameworks/Python.framework/Versions/3.10/lib/python3.10/site-packages/airflow/example_dags/example_sensors.py
[2024-05-09T15:04:32.837+0700] {processor.py:830} INFO - Processing file /Library/Frameworks/Python.framework/Versions/3.10/lib/python3.10/site-packages/airflow/example_dags/example_sensors.py for tasks to queue
[2024-05-09T15:04:32.843+0700] {logging_mixin.py:188} INFO - [2024-05-09T15:04:32.842+0700] {dagbag.py:540} INFO - Filling up the DagBag from /Library/Frameworks/Python.framework/Versions/3.10/lib/python3.10/site-packages/airflow/example_dags/example_sensors.py
[2024-05-09T15:04:32.861+0700] {processor.py:840} INFO - DAG(s) 'example_sensors' retrieved from /Library/Frameworks/Python.framework/Versions/3.10/lib/python3.10/site-packages/airflow/example_dags/example_sensors.py
[2024-05-09T15:04:32.981+0700] {logging_mixin.py:188} INFO - [2024-05-09T15:04:32.981+0700] {dag.py:3096} INFO - Sync 1 DAGs
[2024-05-09T15:04:32.987+0700] {logging_mixin.py:188} INFO - [2024-05-09T15:04:32.987+0700] {dag.py:3954} INFO - Setting next_dagrun for example_sensors to None, run_after=None
[2024-05-09T15:04:32.997+0700] {processor.py:183} INFO - Processing /Library/Frameworks/Python.framework/Versions/3.10/lib/python3.10/site-packages/airflow/example_dags/example_sensors.py took 0.166 seconds
[2024-05-09T15:07:09.348+0700] {processor.py:161} INFO - Started process (PID=85760) to work on /Library/Frameworks/Python.framework/Versions/3.10/lib/python3.10/site-packages/airflow/example_dags/example_sensors.py
[2024-05-09T15:07:09.352+0700] {processor.py:830} INFO - Processing file /Library/Frameworks/Python.framework/Versions/3.10/lib/python3.10/site-packages/airflow/example_dags/example_sensors.py for tasks to queue
[2024-05-09T15:07:09.352+0700] {logging_mixin.py:188} INFO - [2024-05-09T15:07:09.352+0700] {dagbag.py:540} INFO - Filling up the DagBag from /Library/Frameworks/Python.framework/Versions/3.10/lib/python3.10/site-packages/airflow/example_dags/example_sensors.py
[2024-05-09T15:07:09.403+0700] {processor.py:840} INFO - DAG(s) 'example_sensors' retrieved from /Library/Frameworks/Python.framework/Versions/3.10/lib/python3.10/site-packages/airflow/example_dags/example_sensors.py
[2024-05-09T15:07:09.670+0700] {logging_mixin.py:188} INFO - [2024-05-09T15:07:09.670+0700] {dag.py:3096} INFO - Sync 1 DAGs
[2024-05-09T15:07:09.714+0700] {logging_mixin.py:188} INFO - [2024-05-09T15:07:09.713+0700] {dag.py:3954} INFO - Setting next_dagrun for example_sensors to None, run_after=None
[2024-05-09T15:07:09.760+0700] {processor.py:183} INFO - Processing /Library/Frameworks/Python.framework/Versions/3.10/lib/python3.10/site-packages/airflow/example_dags/example_sensors.py took 0.417 seconds
[2024-05-09T15:10:33.215+0700] {processor.py:161} INFO - Started process (PID=86800) to work on /Library/Frameworks/Python.framework/Versions/3.10/lib/python3.10/site-packages/airflow/example_dags/example_sensors.py
[2024-05-09T15:10:33.216+0700] {processor.py:830} INFO - Processing file /Library/Frameworks/Python.framework/Versions/3.10/lib/python3.10/site-packages/airflow/example_dags/example_sensors.py for tasks to queue
[2024-05-09T15:10:33.217+0700] {logging_mixin.py:188} INFO - [2024-05-09T15:10:33.217+0700] {dagbag.py:540} INFO - Filling up the DagBag from /Library/Frameworks/Python.framework/Versions/3.10/lib/python3.10/site-packages/airflow/example_dags/example_sensors.py
[2024-05-09T15:10:33.234+0700] {processor.py:840} INFO - DAG(s) 'example_sensors' retrieved from /Library/Frameworks/Python.framework/Versions/3.10/lib/python3.10/site-packages/airflow/example_dags/example_sensors.py
[2024-05-09T15:10:33.477+0700] {logging_mixin.py:188} INFO - [2024-05-09T15:10:33.477+0700] {dag.py:3096} INFO - Sync 1 DAGs
[2024-05-09T15:10:33.485+0700] {logging_mixin.py:188} INFO - [2024-05-09T15:10:33.485+0700] {dag.py:3954} INFO - Setting next_dagrun for example_sensors to None, run_after=None
[2024-05-09T15:10:33.504+0700] {processor.py:183} INFO - Processing /Library/Frameworks/Python.framework/Versions/3.10/lib/python3.10/site-packages/airflow/example_dags/example_sensors.py took 0.291 seconds
[2024-05-09T15:12:52.640+0700] {processor.py:161} INFO - Started process (PID=87950) to work on /Library/Frameworks/Python.framework/Versions/3.10/lib/python3.10/site-packages/airflow/example_dags/example_sensors.py
[2024-05-09T15:12:52.641+0700] {processor.py:830} INFO - Processing file /Library/Frameworks/Python.framework/Versions/3.10/lib/python3.10/site-packages/airflow/example_dags/example_sensors.py for tasks to queue
[2024-05-09T15:12:52.642+0700] {logging_mixin.py:188} INFO - [2024-05-09T15:12:52.642+0700] {dagbag.py:540} INFO - Filling up the DagBag from /Library/Frameworks/Python.framework/Versions/3.10/lib/python3.10/site-packages/airflow/example_dags/example_sensors.py
[2024-05-09T15:12:52.669+0700] {processor.py:840} INFO - DAG(s) 'example_sensors' retrieved from /Library/Frameworks/Python.framework/Versions/3.10/lib/python3.10/site-packages/airflow/example_dags/example_sensors.py
[2024-05-09T15:12:52.897+0700] {logging_mixin.py:188} INFO - [2024-05-09T15:12:52.897+0700] {dag.py:3096} INFO - Sync 1 DAGs
[2024-05-09T15:12:52.907+0700] {logging_mixin.py:188} INFO - [2024-05-09T15:12:52.906+0700] {dag.py:3954} INFO - Setting next_dagrun for example_sensors to None, run_after=None
[2024-05-09T15:12:52.924+0700] {processor.py:183} INFO - Processing /Library/Frameworks/Python.framework/Versions/3.10/lib/python3.10/site-packages/airflow/example_dags/example_sensors.py took 0.286 seconds
[2024-05-09T15:14:43.758+0700] {processor.py:161} INFO - Started process (PID=88682) to work on /Library/Frameworks/Python.framework/Versions/3.10/lib/python3.10/site-packages/airflow/example_dags/example_sensors.py
[2024-05-09T15:14:43.760+0700] {processor.py:830} INFO - Processing file /Library/Frameworks/Python.framework/Versions/3.10/lib/python3.10/site-packages/airflow/example_dags/example_sensors.py for tasks to queue
[2024-05-09T15:14:43.761+0700] {logging_mixin.py:188} INFO - [2024-05-09T15:14:43.761+0700] {dagbag.py:540} INFO - Filling up the DagBag from /Library/Frameworks/Python.framework/Versions/3.10/lib/python3.10/site-packages/airflow/example_dags/example_sensors.py
[2024-05-09T15:14:43.773+0700] {processor.py:840} INFO - DAG(s) 'example_sensors' retrieved from /Library/Frameworks/Python.framework/Versions/3.10/lib/python3.10/site-packages/airflow/example_dags/example_sensors.py
[2024-05-09T15:14:43.952+0700] {logging_mixin.py:188} INFO - [2024-05-09T15:14:43.952+0700] {dag.py:3096} INFO - Sync 1 DAGs
[2024-05-09T15:14:43.972+0700] {logging_mixin.py:188} INFO - [2024-05-09T15:14:43.972+0700] {dag.py:3954} INFO - Setting next_dagrun for example_sensors to None, run_after=None
[2024-05-09T15:14:44.003+0700] {processor.py:183} INFO - Processing /Library/Frameworks/Python.framework/Versions/3.10/lib/python3.10/site-packages/airflow/example_dags/example_sensors.py took 0.248 seconds
[2024-05-09T15:16:18.827+0700] {processor.py:161} INFO - Started process (PID=89740) to work on /Library/Frameworks/Python.framework/Versions/3.10/lib/python3.10/site-packages/airflow/example_dags/example_sensors.py
[2024-05-09T15:16:18.829+0700] {processor.py:830} INFO - Processing file /Library/Frameworks/Python.framework/Versions/3.10/lib/python3.10/site-packages/airflow/example_dags/example_sensors.py for tasks to queue
[2024-05-09T15:16:18.830+0700] {logging_mixin.py:188} INFO - [2024-05-09T15:16:18.830+0700] {dagbag.py:540} INFO - Filling up the DagBag from /Library/Frameworks/Python.framework/Versions/3.10/lib/python3.10/site-packages/airflow/example_dags/example_sensors.py
[2024-05-09T15:16:18.853+0700] {processor.py:840} INFO - DAG(s) 'example_sensors' retrieved from /Library/Frameworks/Python.framework/Versions/3.10/lib/python3.10/site-packages/airflow/example_dags/example_sensors.py
[2024-05-09T15:16:19.060+0700] {logging_mixin.py:188} INFO - [2024-05-09T15:16:19.059+0700] {dag.py:3096} INFO - Sync 1 DAGs
[2024-05-09T15:16:19.069+0700] {logging_mixin.py:188} INFO - [2024-05-09T15:16:19.069+0700] {dag.py:3954} INFO - Setting next_dagrun for example_sensors to None, run_after=None
[2024-05-09T15:16:19.088+0700] {processor.py:183} INFO - Processing /Library/Frameworks/Python.framework/Versions/3.10/lib/python3.10/site-packages/airflow/example_dags/example_sensors.py took 0.265 seconds
[2024-05-09T15:19:19.446+0700] {processor.py:161} INFO - Started process (PID=90900) to work on /Library/Frameworks/Python.framework/Versions/3.10/lib/python3.10/site-packages/airflow/example_dags/example_sensors.py
[2024-05-09T15:19:19.447+0700] {processor.py:830} INFO - Processing file /Library/Frameworks/Python.framework/Versions/3.10/lib/python3.10/site-packages/airflow/example_dags/example_sensors.py for tasks to queue
[2024-05-09T15:19:19.447+0700] {logging_mixin.py:188} INFO - [2024-05-09T15:19:19.447+0700] {dagbag.py:540} INFO - Filling up the DagBag from /Library/Frameworks/Python.framework/Versions/3.10/lib/python3.10/site-packages/airflow/example_dags/example_sensors.py
[2024-05-09T15:19:19.457+0700] {processor.py:840} INFO - DAG(s) 'example_sensors' retrieved from /Library/Frameworks/Python.framework/Versions/3.10/lib/python3.10/site-packages/airflow/example_dags/example_sensors.py
[2024-05-09T15:19:19.571+0700] {logging_mixin.py:188} INFO - [2024-05-09T15:19:19.571+0700] {dag.py:3096} INFO - Sync 1 DAGs
[2024-05-09T15:19:19.577+0700] {logging_mixin.py:188} INFO - [2024-05-09T15:19:19.577+0700] {dag.py:3954} INFO - Setting next_dagrun for example_sensors to None, run_after=None
[2024-05-09T15:19:19.589+0700] {processor.py:183} INFO - Processing /Library/Frameworks/Python.framework/Versions/3.10/lib/python3.10/site-packages/airflow/example_dags/example_sensors.py took 0.145 seconds
[2024-05-09T15:21:06.612+0700] {processor.py:161} INFO - Started process (PID=91771) to work on /Library/Frameworks/Python.framework/Versions/3.10/lib/python3.10/site-packages/airflow/example_dags/example_sensors.py
[2024-05-09T15:21:06.614+0700] {processor.py:830} INFO - Processing file /Library/Frameworks/Python.framework/Versions/3.10/lib/python3.10/site-packages/airflow/example_dags/example_sensors.py for tasks to queue
[2024-05-09T15:21:06.615+0700] {logging_mixin.py:188} INFO - [2024-05-09T15:21:06.615+0700] {dagbag.py:540} INFO - Filling up the DagBag from /Library/Frameworks/Python.framework/Versions/3.10/lib/python3.10/site-packages/airflow/example_dags/example_sensors.py
[2024-05-09T15:21:06.626+0700] {processor.py:840} INFO - DAG(s) 'example_sensors' retrieved from /Library/Frameworks/Python.framework/Versions/3.10/lib/python3.10/site-packages/airflow/example_dags/example_sensors.py
[2024-05-09T15:21:06.839+0700] {logging_mixin.py:188} INFO - [2024-05-09T15:21:06.839+0700] {dag.py:3096} INFO - Sync 1 DAGs
[2024-05-09T15:21:06.845+0700] {logging_mixin.py:188} INFO - [2024-05-09T15:21:06.845+0700] {dag.py:3954} INFO - Setting next_dagrun for example_sensors to None, run_after=None
[2024-05-09T15:21:06.857+0700] {processor.py:183} INFO - Processing /Library/Frameworks/Python.framework/Versions/3.10/lib/python3.10/site-packages/airflow/example_dags/example_sensors.py took 0.253 seconds
[2024-05-09T15:22:43.128+0700] {processor.py:161} INFO - Started process (PID=94078) to work on /Library/Frameworks/Python.framework/Versions/3.10/lib/python3.10/site-packages/airflow/example_dags/example_sensors.py
[2024-05-09T15:22:43.129+0700] {processor.py:830} INFO - Processing file /Library/Frameworks/Python.framework/Versions/3.10/lib/python3.10/site-packages/airflow/example_dags/example_sensors.py for tasks to queue
[2024-05-09T15:22:43.130+0700] {logging_mixin.py:188} INFO - [2024-05-09T15:22:43.130+0700] {dagbag.py:540} INFO - Filling up the DagBag from /Library/Frameworks/Python.framework/Versions/3.10/lib/python3.10/site-packages/airflow/example_dags/example_sensors.py
[2024-05-09T15:22:43.142+0700] {processor.py:840} INFO - DAG(s) 'example_sensors' retrieved from /Library/Frameworks/Python.framework/Versions/3.10/lib/python3.10/site-packages/airflow/example_dags/example_sensors.py
[2024-05-09T15:22:43.263+0700] {logging_mixin.py:188} INFO - [2024-05-09T15:22:43.263+0700] {dag.py:3096} INFO - Sync 1 DAGs
[2024-05-09T15:22:43.269+0700] {logging_mixin.py:188} INFO - [2024-05-09T15:22:43.269+0700] {dag.py:3954} INFO - Setting next_dagrun for example_sensors to None, run_after=None
[2024-05-09T15:22:43.280+0700] {processor.py:183} INFO - Processing /Library/Frameworks/Python.framework/Versions/3.10/lib/python3.10/site-packages/airflow/example_dags/example_sensors.py took 0.155 seconds
[2024-05-09T15:26:20.405+0700] {processor.py:161} INFO - Started process (PID=95479) to work on /Library/Frameworks/Python.framework/Versions/3.10/lib/python3.10/site-packages/airflow/example_dags/example_sensors.py
[2024-05-09T15:26:20.406+0700] {processor.py:830} INFO - Processing file /Library/Frameworks/Python.framework/Versions/3.10/lib/python3.10/site-packages/airflow/example_dags/example_sensors.py for tasks to queue
[2024-05-09T15:26:20.406+0700] {logging_mixin.py:188} INFO - [2024-05-09T15:26:20.406+0700] {dagbag.py:540} INFO - Filling up the DagBag from /Library/Frameworks/Python.framework/Versions/3.10/lib/python3.10/site-packages/airflow/example_dags/example_sensors.py
[2024-05-09T15:26:20.417+0700] {processor.py:840} INFO - DAG(s) 'example_sensors' retrieved from /Library/Frameworks/Python.framework/Versions/3.10/lib/python3.10/site-packages/airflow/example_dags/example_sensors.py
[2024-05-09T15:26:20.532+0700] {logging_mixin.py:188} INFO - [2024-05-09T15:26:20.532+0700] {dag.py:3096} INFO - Sync 1 DAGs
[2024-05-09T15:26:20.538+0700] {logging_mixin.py:188} INFO - [2024-05-09T15:26:20.538+0700] {dag.py:3954} INFO - Setting next_dagrun for example_sensors to None, run_after=None
[2024-05-09T15:26:20.549+0700] {processor.py:183} INFO - Processing /Library/Frameworks/Python.framework/Versions/3.10/lib/python3.10/site-packages/airflow/example_dags/example_sensors.py took 0.145 seconds
[2024-05-09T15:29:17.155+0700] {processor.py:161} INFO - Started process (PID=96521) to work on /Library/Frameworks/Python.framework/Versions/3.10/lib/python3.10/site-packages/airflow/example_dags/example_sensors.py
[2024-05-09T15:29:17.156+0700] {processor.py:830} INFO - Processing file /Library/Frameworks/Python.framework/Versions/3.10/lib/python3.10/site-packages/airflow/example_dags/example_sensors.py for tasks to queue
[2024-05-09T15:29:17.156+0700] {logging_mixin.py:188} INFO - [2024-05-09T15:29:17.156+0700] {dagbag.py:540} INFO - Filling up the DagBag from /Library/Frameworks/Python.framework/Versions/3.10/lib/python3.10/site-packages/airflow/example_dags/example_sensors.py
[2024-05-09T15:29:17.167+0700] {processor.py:840} INFO - DAG(s) 'example_sensors' retrieved from /Library/Frameworks/Python.framework/Versions/3.10/lib/python3.10/site-packages/airflow/example_dags/example_sensors.py
[2024-05-09T15:29:17.279+0700] {logging_mixin.py:188} INFO - [2024-05-09T15:29:17.279+0700] {dag.py:3096} INFO - Sync 1 DAGs
[2024-05-09T15:29:17.285+0700] {logging_mixin.py:188} INFO - [2024-05-09T15:29:17.285+0700] {dag.py:3954} INFO - Setting next_dagrun for example_sensors to None, run_after=None
[2024-05-09T15:29:17.296+0700] {processor.py:183} INFO - Processing /Library/Frameworks/Python.framework/Versions/3.10/lib/python3.10/site-packages/airflow/example_dags/example_sensors.py took 0.142 seconds
[2024-05-09T15:31:30.398+0700] {processor.py:161} INFO - Started process (PID=97415) to work on /Library/Frameworks/Python.framework/Versions/3.10/lib/python3.10/site-packages/airflow/example_dags/example_sensors.py
[2024-05-09T15:31:30.399+0700] {processor.py:830} INFO - Processing file /Library/Frameworks/Python.framework/Versions/3.10/lib/python3.10/site-packages/airflow/example_dags/example_sensors.py for tasks to queue
[2024-05-09T15:31:30.399+0700] {logging_mixin.py:188} INFO - [2024-05-09T15:31:30.399+0700] {dagbag.py:540} INFO - Filling up the DagBag from /Library/Frameworks/Python.framework/Versions/3.10/lib/python3.10/site-packages/airflow/example_dags/example_sensors.py
[2024-05-09T15:31:30.416+0700] {processor.py:840} INFO - DAG(s) 'example_sensors' retrieved from /Library/Frameworks/Python.framework/Versions/3.10/lib/python3.10/site-packages/airflow/example_dags/example_sensors.py
[2024-05-09T15:31:30.609+0700] {logging_mixin.py:188} INFO - [2024-05-09T15:31:30.608+0700] {dag.py:3096} INFO - Sync 1 DAGs
[2024-05-09T15:31:30.619+0700] {logging_mixin.py:188} INFO - [2024-05-09T15:31:30.618+0700] {dag.py:3954} INFO - Setting next_dagrun for example_sensors to None, run_after=None
[2024-05-09T15:31:30.637+0700] {processor.py:183} INFO - Processing /Library/Frameworks/Python.framework/Versions/3.10/lib/python3.10/site-packages/airflow/example_dags/example_sensors.py took 0.242 seconds
[2024-05-09T15:34:04.082+0700] {processor.py:161} INFO - Started process (PID=98224) to work on /Library/Frameworks/Python.framework/Versions/3.10/lib/python3.10/site-packages/airflow/example_dags/example_sensors.py
[2024-05-09T15:34:04.082+0700] {processor.py:830} INFO - Processing file /Library/Frameworks/Python.framework/Versions/3.10/lib/python3.10/site-packages/airflow/example_dags/example_sensors.py for tasks to queue
[2024-05-09T15:34:04.083+0700] {logging_mixin.py:188} INFO - [2024-05-09T15:34:04.083+0700] {dagbag.py:540} INFO - Filling up the DagBag from /Library/Frameworks/Python.framework/Versions/3.10/lib/python3.10/site-packages/airflow/example_dags/example_sensors.py
[2024-05-09T15:34:04.096+0700] {processor.py:840} INFO - DAG(s) 'example_sensors' retrieved from /Library/Frameworks/Python.framework/Versions/3.10/lib/python3.10/site-packages/airflow/example_dags/example_sensors.py
[2024-05-09T15:34:04.229+0700] {logging_mixin.py:188} INFO - [2024-05-09T15:34:04.229+0700] {dag.py:3096} INFO - Sync 1 DAGs
[2024-05-09T15:34:04.237+0700] {logging_mixin.py:188} INFO - [2024-05-09T15:34:04.236+0700] {dag.py:3954} INFO - Setting next_dagrun for example_sensors to None, run_after=None
[2024-05-09T15:34:04.251+0700] {processor.py:183} INFO - Processing /Library/Frameworks/Python.framework/Versions/3.10/lib/python3.10/site-packages/airflow/example_dags/example_sensors.py took 0.171 seconds
