[2024-05-09T14:31:43.994+0700] {processor.py:161} INFO - Started process (PID=69782) to work on /Library/Frameworks/Python.framework/Versions/3.10/lib/python3.10/site-packages/airflow/example_dags/example_params_trigger_ui.py
[2024-05-09T14:31:43.994+0700] {processor.py:830} INFO - Processing file /Library/Frameworks/Python.framework/Versions/3.10/lib/python3.10/site-packages/airflow/example_dags/example_params_trigger_ui.py for tasks to queue
[2024-05-09T14:31:43.995+0700] {logging_mixin.py:188} INFO - [2024-05-09T14:31:43.995+0700] {dagbag.py:540} INFO - Filling up the DagBag from /Library/Frameworks/Python.framework/Versions/3.10/lib/python3.10/site-packages/airflow/example_dags/example_params_trigger_ui.py
[2024-05-09T14:31:44.019+0700] {processor.py:840} INFO - DAG(s) 'example_params_trigger_ui' retrieved from /Library/Frameworks/Python.framework/Versions/3.10/lib/python3.10/site-packages/airflow/example_dags/example_params_trigger_ui.py
[2024-05-09T14:31:44.174+0700] {logging_mixin.py:188} INFO - [2024-05-09T14:31:44.174+0700] {dag.py:3096} INFO - Sync 1 DAGs
[2024-05-09T14:31:44.180+0700] {logging_mixin.py:188} INFO - [2024-05-09T14:31:44.180+0700] {dag.py:3954} INFO - Setting next_dagrun for example_params_trigger_ui to None, run_after=None
[2024-05-09T14:31:44.191+0700] {processor.py:183} INFO - Processing /Library/Frameworks/Python.framework/Versions/3.10/lib/python3.10/site-packages/airflow/example_dags/example_params_trigger_ui.py took 0.199 seconds
[2024-05-09T14:33:59.956+0700] {processor.py:161} INFO - Started process (PID=70576) to work on /Library/Frameworks/Python.framework/Versions/3.10/lib/python3.10/site-packages/airflow/example_dags/example_params_trigger_ui.py
[2024-05-09T14:33:59.956+0700] {processor.py:830} INFO - Processing file /Library/Frameworks/Python.framework/Versions/3.10/lib/python3.10/site-packages/airflow/example_dags/example_params_trigger_ui.py for tasks to queue
[2024-05-09T14:33:59.957+0700] {logging_mixin.py:188} INFO - [2024-05-09T14:33:59.957+0700] {dagbag.py:540} INFO - Filling up the DagBag from /Library/Frameworks/Python.framework/Versions/3.10/lib/python3.10/site-packages/airflow/example_dags/example_params_trigger_ui.py
[2024-05-09T14:33:59.984+0700] {processor.py:840} INFO - DAG(s) 'example_params_trigger_ui' retrieved from /Library/Frameworks/Python.framework/Versions/3.10/lib/python3.10/site-packages/airflow/example_dags/example_params_trigger_ui.py
[2024-05-09T14:34:00.149+0700] {logging_mixin.py:188} INFO - [2024-05-09T14:34:00.148+0700] {dag.py:3096} INFO - Sync 1 DAGs
[2024-05-09T14:34:00.154+0700] {logging_mixin.py:188} INFO - [2024-05-09T14:34:00.154+0700] {dag.py:3954} INFO - Setting next_dagrun for example_params_trigger_ui to None, run_after=None
[2024-05-09T14:34:00.166+0700] {processor.py:183} INFO - Processing /Library/Frameworks/Python.framework/Versions/3.10/lib/python3.10/site-packages/airflow/example_dags/example_params_trigger_ui.py took 0.212 seconds
[2024-05-09T14:37:13.564+0700] {processor.py:161} INFO - Started process (PID=71728) to work on /Library/Frameworks/Python.framework/Versions/3.10/lib/python3.10/site-packages/airflow/example_dags/example_params_trigger_ui.py
[2024-05-09T14:37:13.565+0700] {processor.py:830} INFO - Processing file /Library/Frameworks/Python.framework/Versions/3.10/lib/python3.10/site-packages/airflow/example_dags/example_params_trigger_ui.py for tasks to queue
[2024-05-09T14:37:13.565+0700] {logging_mixin.py:188} INFO - [2024-05-09T14:37:13.565+0700] {dagbag.py:540} INFO - Filling up the DagBag from /Library/Frameworks/Python.framework/Versions/3.10/lib/python3.10/site-packages/airflow/example_dags/example_params_trigger_ui.py
[2024-05-09T14:37:13.590+0700] {processor.py:840} INFO - DAG(s) 'example_params_trigger_ui' retrieved from /Library/Frameworks/Python.framework/Versions/3.10/lib/python3.10/site-packages/airflow/example_dags/example_params_trigger_ui.py
[2024-05-09T14:37:13.704+0700] {logging_mixin.py:188} INFO - [2024-05-09T14:37:13.704+0700] {dag.py:3096} INFO - Sync 1 DAGs
[2024-05-09T14:37:13.710+0700] {logging_mixin.py:188} INFO - [2024-05-09T14:37:13.710+0700] {dag.py:3954} INFO - Setting next_dagrun for example_params_trigger_ui to None, run_after=None
[2024-05-09T14:37:13.721+0700] {processor.py:183} INFO - Processing /Library/Frameworks/Python.framework/Versions/3.10/lib/python3.10/site-packages/airflow/example_dags/example_params_trigger_ui.py took 0.160 seconds
[2024-05-09T14:40:39.247+0700] {processor.py:161} INFO - Started process (PID=73521) to work on /Library/Frameworks/Python.framework/Versions/3.10/lib/python3.10/site-packages/airflow/example_dags/example_params_trigger_ui.py
[2024-05-09T14:40:39.248+0700] {processor.py:830} INFO - Processing file /Library/Frameworks/Python.framework/Versions/3.10/lib/python3.10/site-packages/airflow/example_dags/example_params_trigger_ui.py for tasks to queue
[2024-05-09T14:40:39.248+0700] {logging_mixin.py:188} INFO - [2024-05-09T14:40:39.248+0700] {dagbag.py:540} INFO - Filling up the DagBag from /Library/Frameworks/Python.framework/Versions/3.10/lib/python3.10/site-packages/airflow/example_dags/example_params_trigger_ui.py
[2024-05-09T14:40:39.273+0700] {processor.py:840} INFO - DAG(s) 'example_params_trigger_ui' retrieved from /Library/Frameworks/Python.framework/Versions/3.10/lib/python3.10/site-packages/airflow/example_dags/example_params_trigger_ui.py
[2024-05-09T14:40:39.393+0700] {logging_mixin.py:188} INFO - [2024-05-09T14:40:39.393+0700] {dag.py:3096} INFO - Sync 1 DAGs
[2024-05-09T14:40:39.400+0700] {logging_mixin.py:188} INFO - [2024-05-09T14:40:39.400+0700] {dag.py:3954} INFO - Setting next_dagrun for example_params_trigger_ui to None, run_after=None
[2024-05-09T14:40:39.412+0700] {processor.py:183} INFO - Processing /Library/Frameworks/Python.framework/Versions/3.10/lib/python3.10/site-packages/airflow/example_dags/example_params_trigger_ui.py took 0.167 seconds
[2024-05-09T14:42:53.397+0700] {processor.py:161} INFO - Started process (PID=76864) to work on /Library/Frameworks/Python.framework/Versions/3.10/lib/python3.10/site-packages/airflow/example_dags/example_params_trigger_ui.py
[2024-05-09T14:42:53.398+0700] {processor.py:830} INFO - Processing file /Library/Frameworks/Python.framework/Versions/3.10/lib/python3.10/site-packages/airflow/example_dags/example_params_trigger_ui.py for tasks to queue
[2024-05-09T14:42:53.399+0700] {logging_mixin.py:188} INFO - [2024-05-09T14:42:53.398+0700] {dagbag.py:540} INFO - Filling up the DagBag from /Library/Frameworks/Python.framework/Versions/3.10/lib/python3.10/site-packages/airflow/example_dags/example_params_trigger_ui.py
[2024-05-09T14:42:53.424+0700] {processor.py:840} INFO - DAG(s) 'example_params_trigger_ui' retrieved from /Library/Frameworks/Python.framework/Versions/3.10/lib/python3.10/site-packages/airflow/example_dags/example_params_trigger_ui.py
[2024-05-09T14:42:53.436+0700] {logging_mixin.py:188} INFO - [2024-05-09T14:42:53.436+0700] {dag.py:3096} INFO - Sync 1 DAGs
[2024-05-09T14:42:53.516+0700] {logging_mixin.py:188} INFO - [2024-05-09T14:42:53.516+0700] {dag.py:3954} INFO - Setting next_dagrun for example_params_trigger_ui to None, run_after=None
[2024-05-09T14:42:53.527+0700] {processor.py:183} INFO - Processing /Library/Frameworks/Python.framework/Versions/3.10/lib/python3.10/site-packages/airflow/example_dags/example_params_trigger_ui.py took 0.131 seconds
[2024-05-09T14:46:33.678+0700] {processor.py:161} INFO - Started process (PID=78323) to work on /Library/Frameworks/Python.framework/Versions/3.10/lib/python3.10/site-packages/airflow/example_dags/example_params_trigger_ui.py
[2024-05-09T14:46:33.680+0700] {processor.py:830} INFO - Processing file /Library/Frameworks/Python.framework/Versions/3.10/lib/python3.10/site-packages/airflow/example_dags/example_params_trigger_ui.py for tasks to queue
[2024-05-09T14:46:33.682+0700] {logging_mixin.py:188} INFO - [2024-05-09T14:46:33.681+0700] {dagbag.py:540} INFO - Filling up the DagBag from /Library/Frameworks/Python.framework/Versions/3.10/lib/python3.10/site-packages/airflow/example_dags/example_params_trigger_ui.py
[2024-05-09T14:46:33.734+0700] {processor.py:840} INFO - DAG(s) 'example_params_trigger_ui' retrieved from /Library/Frameworks/Python.framework/Versions/3.10/lib/python3.10/site-packages/airflow/example_dags/example_params_trigger_ui.py
[2024-05-09T14:46:33.908+0700] {logging_mixin.py:188} INFO - [2024-05-09T14:46:33.907+0700] {dag.py:3096} INFO - Sync 1 DAGs
[2024-05-09T14:46:33.914+0700] {logging_mixin.py:188} INFO - [2024-05-09T14:46:33.914+0700] {dag.py:3954} INFO - Setting next_dagrun for example_params_trigger_ui to None, run_after=None
[2024-05-09T14:46:33.927+0700] {processor.py:183} INFO - Processing /Library/Frameworks/Python.framework/Versions/3.10/lib/python3.10/site-packages/airflow/example_dags/example_params_trigger_ui.py took 0.256 seconds
[2024-05-09T14:50:04.380+0700] {processor.py:161} INFO - Started process (PID=79484) to work on /Library/Frameworks/Python.framework/Versions/3.10/lib/python3.10/site-packages/airflow/example_dags/example_params_trigger_ui.py
[2024-05-09T14:50:04.381+0700] {processor.py:830} INFO - Processing file /Library/Frameworks/Python.framework/Versions/3.10/lib/python3.10/site-packages/airflow/example_dags/example_params_trigger_ui.py for tasks to queue
[2024-05-09T14:50:04.383+0700] {logging_mixin.py:188} INFO - [2024-05-09T14:50:04.382+0700] {dagbag.py:540} INFO - Filling up the DagBag from /Library/Frameworks/Python.framework/Versions/3.10/lib/python3.10/site-packages/airflow/example_dags/example_params_trigger_ui.py
[2024-05-09T14:50:04.430+0700] {processor.py:840} INFO - DAG(s) 'example_params_trigger_ui' retrieved from /Library/Frameworks/Python.framework/Versions/3.10/lib/python3.10/site-packages/airflow/example_dags/example_params_trigger_ui.py
[2024-05-09T14:50:05.024+0700] {logging_mixin.py:188} INFO - [2024-05-09T14:50:05.019+0700] {dag.py:3096} INFO - Sync 1 DAGs
[2024-05-09T14:50:05.055+0700] {logging_mixin.py:188} INFO - [2024-05-09T14:50:05.055+0700] {dag.py:3954} INFO - Setting next_dagrun for example_params_trigger_ui to None, run_after=None
[2024-05-09T14:50:05.090+0700] {processor.py:183} INFO - Processing /Library/Frameworks/Python.framework/Versions/3.10/lib/python3.10/site-packages/airflow/example_dags/example_params_trigger_ui.py took 0.714 seconds
[2024-05-09T14:53:53.395+0700] {processor.py:161} INFO - Started process (PID=80959) to work on /Library/Frameworks/Python.framework/Versions/3.10/lib/python3.10/site-packages/airflow/example_dags/example_params_trigger_ui.py
[2024-05-09T14:53:53.396+0700] {processor.py:830} INFO - Processing file /Library/Frameworks/Python.framework/Versions/3.10/lib/python3.10/site-packages/airflow/example_dags/example_params_trigger_ui.py for tasks to queue
[2024-05-09T14:53:53.396+0700] {logging_mixin.py:188} INFO - [2024-05-09T14:53:53.396+0700] {dagbag.py:540} INFO - Filling up the DagBag from /Library/Frameworks/Python.framework/Versions/3.10/lib/python3.10/site-packages/airflow/example_dags/example_params_trigger_ui.py
[2024-05-09T14:53:53.421+0700] {processor.py:840} INFO - DAG(s) 'example_params_trigger_ui' retrieved from /Library/Frameworks/Python.framework/Versions/3.10/lib/python3.10/site-packages/airflow/example_dags/example_params_trigger_ui.py
[2024-05-09T14:53:53.577+0700] {logging_mixin.py:188} INFO - [2024-05-09T14:53:53.577+0700] {dag.py:3096} INFO - Sync 1 DAGs
[2024-05-09T14:53:53.583+0700] {logging_mixin.py:188} INFO - [2024-05-09T14:53:53.583+0700] {dag.py:3954} INFO - Setting next_dagrun for example_params_trigger_ui to None, run_after=None
[2024-05-09T14:53:53.594+0700] {processor.py:183} INFO - Processing /Library/Frameworks/Python.framework/Versions/3.10/lib/python3.10/site-packages/airflow/example_dags/example_params_trigger_ui.py took 0.201 seconds
[2024-05-09T14:56:53.434+0700] {processor.py:161} INFO - Started process (PID=82159) to work on /Library/Frameworks/Python.framework/Versions/3.10/lib/python3.10/site-packages/airflow/example_dags/example_params_trigger_ui.py
[2024-05-09T14:56:53.435+0700] {processor.py:830} INFO - Processing file /Library/Frameworks/Python.framework/Versions/3.10/lib/python3.10/site-packages/airflow/example_dags/example_params_trigger_ui.py for tasks to queue
[2024-05-09T14:56:53.435+0700] {logging_mixin.py:188} INFO - [2024-05-09T14:56:53.435+0700] {dagbag.py:540} INFO - Filling up the DagBag from /Library/Frameworks/Python.framework/Versions/3.10/lib/python3.10/site-packages/airflow/example_dags/example_params_trigger_ui.py
[2024-05-09T14:56:53.463+0700] {processor.py:840} INFO - DAG(s) 'example_params_trigger_ui' retrieved from /Library/Frameworks/Python.framework/Versions/3.10/lib/python3.10/site-packages/airflow/example_dags/example_params_trigger_ui.py
[2024-05-09T14:56:53.478+0700] {logging_mixin.py:188} INFO - [2024-05-09T14:56:53.477+0700] {dag.py:3096} INFO - Sync 1 DAGs
[2024-05-09T14:56:53.566+0700] {logging_mixin.py:188} INFO - [2024-05-09T14:56:53.566+0700] {dag.py:3954} INFO - Setting next_dagrun for example_params_trigger_ui to None, run_after=None
[2024-05-09T14:56:53.576+0700] {processor.py:183} INFO - Processing /Library/Frameworks/Python.framework/Versions/3.10/lib/python3.10/site-packages/airflow/example_dags/example_params_trigger_ui.py took 0.145 seconds
[2024-05-09T14:59:56.083+0700] {processor.py:161} INFO - Started process (PID=83233) to work on /Library/Frameworks/Python.framework/Versions/3.10/lib/python3.10/site-packages/airflow/example_dags/example_params_trigger_ui.py
[2024-05-09T14:59:56.084+0700] {processor.py:830} INFO - Processing file /Library/Frameworks/Python.framework/Versions/3.10/lib/python3.10/site-packages/airflow/example_dags/example_params_trigger_ui.py for tasks to queue
[2024-05-09T14:59:56.084+0700] {logging_mixin.py:188} INFO - [2024-05-09T14:59:56.084+0700] {dagbag.py:540} INFO - Filling up the DagBag from /Library/Frameworks/Python.framework/Versions/3.10/lib/python3.10/site-packages/airflow/example_dags/example_params_trigger_ui.py
[2024-05-09T14:59:56.109+0700] {processor.py:840} INFO - DAG(s) 'example_params_trigger_ui' retrieved from /Library/Frameworks/Python.framework/Versions/3.10/lib/python3.10/site-packages/airflow/example_dags/example_params_trigger_ui.py
[2024-05-09T14:59:56.264+0700] {logging_mixin.py:188} INFO - [2024-05-09T14:59:56.263+0700] {dag.py:3096} INFO - Sync 1 DAGs
[2024-05-09T14:59:56.270+0700] {logging_mixin.py:188} INFO - [2024-05-09T14:59:56.269+0700] {dag.py:3954} INFO - Setting next_dagrun for example_params_trigger_ui to None, run_after=None
[2024-05-09T14:59:56.282+0700] {processor.py:183} INFO - Processing /Library/Frameworks/Python.framework/Versions/3.10/lib/python3.10/site-packages/airflow/example_dags/example_params_trigger_ui.py took 0.201 seconds
[2024-05-09T15:02:59.889+0700] {processor.py:161} INFO - Started process (PID=84276) to work on /Library/Frameworks/Python.framework/Versions/3.10/lib/python3.10/site-packages/airflow/example_dags/example_params_trigger_ui.py
[2024-05-09T15:02:59.890+0700] {processor.py:830} INFO - Processing file /Library/Frameworks/Python.framework/Versions/3.10/lib/python3.10/site-packages/airflow/example_dags/example_params_trigger_ui.py for tasks to queue
[2024-05-09T15:02:59.890+0700] {logging_mixin.py:188} INFO - [2024-05-09T15:02:59.890+0700] {dagbag.py:540} INFO - Filling up the DagBag from /Library/Frameworks/Python.framework/Versions/3.10/lib/python3.10/site-packages/airflow/example_dags/example_params_trigger_ui.py
[2024-05-09T15:02:59.936+0700] {processor.py:840} INFO - DAG(s) 'example_params_trigger_ui' retrieved from /Library/Frameworks/Python.framework/Versions/3.10/lib/python3.10/site-packages/airflow/example_dags/example_params_trigger_ui.py
[2024-05-09T15:03:00.080+0700] {logging_mixin.py:188} INFO - [2024-05-09T15:03:00.080+0700] {dag.py:3096} INFO - Sync 1 DAGs
[2024-05-09T15:03:00.088+0700] {logging_mixin.py:188} INFO - [2024-05-09T15:03:00.087+0700] {dag.py:3954} INFO - Setting next_dagrun for example_params_trigger_ui to None, run_after=None
[2024-05-09T15:03:00.102+0700] {processor.py:183} INFO - Processing /Library/Frameworks/Python.framework/Versions/3.10/lib/python3.10/site-packages/airflow/example_dags/example_params_trigger_ui.py took 0.217 seconds
[2024-05-09T15:07:38.849+0700] {processor.py:161} INFO - Started process (PID=85811) to work on /Library/Frameworks/Python.framework/Versions/3.10/lib/python3.10/site-packages/airflow/example_dags/example_params_trigger_ui.py
[2024-05-09T15:07:38.902+0700] {processor.py:830} INFO - Processing file /Library/Frameworks/Python.framework/Versions/3.10/lib/python3.10/site-packages/airflow/example_dags/example_params_trigger_ui.py for tasks to queue
[2024-05-09T15:07:38.923+0700] {logging_mixin.py:188} INFO - [2024-05-09T15:07:38.922+0700] {dagbag.py:540} INFO - Filling up the DagBag from /Library/Frameworks/Python.framework/Versions/3.10/lib/python3.10/site-packages/airflow/example_dags/example_params_trigger_ui.py
[2024-05-09T15:07:39.301+0700] {processor.py:840} INFO - DAG(s) 'example_params_trigger_ui' retrieved from /Library/Frameworks/Python.framework/Versions/3.10/lib/python3.10/site-packages/airflow/example_dags/example_params_trigger_ui.py
[2024-05-09T15:07:39.880+0700] {logging_mixin.py:188} INFO - [2024-05-09T15:07:39.880+0700] {dag.py:3096} INFO - Sync 1 DAGs
[2024-05-09T15:07:39.900+0700] {logging_mixin.py:188} INFO - [2024-05-09T15:07:39.900+0700] {dag.py:3954} INFO - Setting next_dagrun for example_params_trigger_ui to None, run_after=None
[2024-05-09T15:07:39.935+0700] {processor.py:183} INFO - Processing /Library/Frameworks/Python.framework/Versions/3.10/lib/python3.10/site-packages/airflow/example_dags/example_params_trigger_ui.py took 1.176 seconds
[2024-05-09T15:10:52.414+0700] {processor.py:161} INFO - Started process (PID=87143) to work on /Library/Frameworks/Python.framework/Versions/3.10/lib/python3.10/site-packages/airflow/example_dags/example_params_trigger_ui.py
[2024-05-09T15:10:52.416+0700] {processor.py:830} INFO - Processing file /Library/Frameworks/Python.framework/Versions/3.10/lib/python3.10/site-packages/airflow/example_dags/example_params_trigger_ui.py for tasks to queue
[2024-05-09T15:10:52.416+0700] {logging_mixin.py:188} INFO - [2024-05-09T15:10:52.416+0700] {dagbag.py:540} INFO - Filling up the DagBag from /Library/Frameworks/Python.framework/Versions/3.10/lib/python3.10/site-packages/airflow/example_dags/example_params_trigger_ui.py
[2024-05-09T15:10:52.449+0700] {processor.py:840} INFO - DAG(s) 'example_params_trigger_ui' retrieved from /Library/Frameworks/Python.framework/Versions/3.10/lib/python3.10/site-packages/airflow/example_dags/example_params_trigger_ui.py
[2024-05-09T15:10:52.665+0700] {logging_mixin.py:188} INFO - [2024-05-09T15:10:52.664+0700] {dag.py:3096} INFO - Sync 1 DAGs
[2024-05-09T15:10:52.673+0700] {logging_mixin.py:188} INFO - [2024-05-09T15:10:52.673+0700] {dag.py:3954} INFO - Setting next_dagrun for example_params_trigger_ui to None, run_after=None
[2024-05-09T15:10:52.691+0700] {processor.py:183} INFO - Processing /Library/Frameworks/Python.framework/Versions/3.10/lib/python3.10/site-packages/airflow/example_dags/example_params_trigger_ui.py took 0.280 seconds
[2024-05-09T15:13:09.044+0700] {processor.py:161} INFO - Started process (PID=88063) to work on /Library/Frameworks/Python.framework/Versions/3.10/lib/python3.10/site-packages/airflow/example_dags/example_params_trigger_ui.py
[2024-05-09T15:13:09.045+0700] {processor.py:830} INFO - Processing file /Library/Frameworks/Python.framework/Versions/3.10/lib/python3.10/site-packages/airflow/example_dags/example_params_trigger_ui.py for tasks to queue
[2024-05-09T15:13:09.045+0700] {logging_mixin.py:188} INFO - [2024-05-09T15:13:09.045+0700] {dagbag.py:540} INFO - Filling up the DagBag from /Library/Frameworks/Python.framework/Versions/3.10/lib/python3.10/site-packages/airflow/example_dags/example_params_trigger_ui.py
[2024-05-09T15:13:09.098+0700] {processor.py:840} INFO - DAG(s) 'example_params_trigger_ui' retrieved from /Library/Frameworks/Python.framework/Versions/3.10/lib/python3.10/site-packages/airflow/example_dags/example_params_trigger_ui.py
[2024-05-09T15:13:09.327+0700] {logging_mixin.py:188} INFO - [2024-05-09T15:13:09.326+0700] {dag.py:3096} INFO - Sync 1 DAGs
[2024-05-09T15:13:09.337+0700] {logging_mixin.py:188} INFO - [2024-05-09T15:13:09.337+0700] {dag.py:3954} INFO - Setting next_dagrun for example_params_trigger_ui to None, run_after=None
[2024-05-09T15:13:09.358+0700] {processor.py:183} INFO - Processing /Library/Frameworks/Python.framework/Versions/3.10/lib/python3.10/site-packages/airflow/example_dags/example_params_trigger_ui.py took 0.318 seconds
[2024-05-09T15:16:22.893+0700] {processor.py:161} INFO - Started process (PID=89773) to work on /Library/Frameworks/Python.framework/Versions/3.10/lib/python3.10/site-packages/airflow/example_dags/example_params_trigger_ui.py
[2024-05-09T15:16:22.893+0700] {processor.py:830} INFO - Processing file /Library/Frameworks/Python.framework/Versions/3.10/lib/python3.10/site-packages/airflow/example_dags/example_params_trigger_ui.py for tasks to queue
[2024-05-09T15:16:22.894+0700] {logging_mixin.py:188} INFO - [2024-05-09T15:16:22.894+0700] {dagbag.py:540} INFO - Filling up the DagBag from /Library/Frameworks/Python.framework/Versions/3.10/lib/python3.10/site-packages/airflow/example_dags/example_params_trigger_ui.py
[2024-05-09T15:16:22.919+0700] {processor.py:840} INFO - DAG(s) 'example_params_trigger_ui' retrieved from /Library/Frameworks/Python.framework/Versions/3.10/lib/python3.10/site-packages/airflow/example_dags/example_params_trigger_ui.py
[2024-05-09T15:16:23.030+0700] {logging_mixin.py:188} INFO - [2024-05-09T15:16:23.030+0700] {dag.py:3096} INFO - Sync 1 DAGs
[2024-05-09T15:16:23.036+0700] {logging_mixin.py:188} INFO - [2024-05-09T15:16:23.036+0700] {dag.py:3954} INFO - Setting next_dagrun for example_params_trigger_ui to None, run_after=None
[2024-05-09T15:16:23.048+0700] {processor.py:183} INFO - Processing /Library/Frameworks/Python.framework/Versions/3.10/lib/python3.10/site-packages/airflow/example_dags/example_params_trigger_ui.py took 0.159 seconds
[2024-05-09T15:19:24.567+0700] {processor.py:161} INFO - Started process (PID=90931) to work on /Library/Frameworks/Python.framework/Versions/3.10/lib/python3.10/site-packages/airflow/example_dags/example_params_trigger_ui.py
[2024-05-09T15:19:24.568+0700] {processor.py:830} INFO - Processing file /Library/Frameworks/Python.framework/Versions/3.10/lib/python3.10/site-packages/airflow/example_dags/example_params_trigger_ui.py for tasks to queue
[2024-05-09T15:19:24.569+0700] {logging_mixin.py:188} INFO - [2024-05-09T15:19:24.569+0700] {dagbag.py:540} INFO - Filling up the DagBag from /Library/Frameworks/Python.framework/Versions/3.10/lib/python3.10/site-packages/airflow/example_dags/example_params_trigger_ui.py
[2024-05-09T15:19:24.619+0700] {processor.py:840} INFO - DAG(s) 'example_params_trigger_ui' retrieved from /Library/Frameworks/Python.framework/Versions/3.10/lib/python3.10/site-packages/airflow/example_dags/example_params_trigger_ui.py
[2024-05-09T15:19:24.778+0700] {logging_mixin.py:188} INFO - [2024-05-09T15:19:24.778+0700] {dag.py:3096} INFO - Sync 1 DAGs
[2024-05-09T15:19:24.786+0700] {logging_mixin.py:188} INFO - [2024-05-09T15:19:24.786+0700] {dag.py:3954} INFO - Setting next_dagrun for example_params_trigger_ui to None, run_after=None
[2024-05-09T15:19:24.800+0700] {processor.py:183} INFO - Processing /Library/Frameworks/Python.framework/Versions/3.10/lib/python3.10/site-packages/airflow/example_dags/example_params_trigger_ui.py took 0.236 seconds
[2024-05-09T15:21:19.464+0700] {processor.py:161} INFO - Started process (PID=91851) to work on /Library/Frameworks/Python.framework/Versions/3.10/lib/python3.10/site-packages/airflow/example_dags/example_params_trigger_ui.py
[2024-05-09T15:21:19.466+0700] {processor.py:830} INFO - Processing file /Library/Frameworks/Python.framework/Versions/3.10/lib/python3.10/site-packages/airflow/example_dags/example_params_trigger_ui.py for tasks to queue
[2024-05-09T15:21:19.467+0700] {logging_mixin.py:188} INFO - [2024-05-09T15:21:19.467+0700] {dagbag.py:540} INFO - Filling up the DagBag from /Library/Frameworks/Python.framework/Versions/3.10/lib/python3.10/site-packages/airflow/example_dags/example_params_trigger_ui.py
[2024-05-09T15:21:19.500+0700] {processor.py:840} INFO - DAG(s) 'example_params_trigger_ui' retrieved from /Library/Frameworks/Python.framework/Versions/3.10/lib/python3.10/site-packages/airflow/example_dags/example_params_trigger_ui.py
[2024-05-09T15:21:19.663+0700] {logging_mixin.py:188} INFO - [2024-05-09T15:21:19.663+0700] {dag.py:3096} INFO - Sync 1 DAGs
[2024-05-09T15:21:19.670+0700] {logging_mixin.py:188} INFO - [2024-05-09T15:21:19.670+0700] {dag.py:3954} INFO - Setting next_dagrun for example_params_trigger_ui to None, run_after=None
[2024-05-09T15:21:19.682+0700] {processor.py:183} INFO - Processing /Library/Frameworks/Python.framework/Versions/3.10/lib/python3.10/site-packages/airflow/example_dags/example_params_trigger_ui.py took 0.220 seconds
[2024-05-09T15:24:46.568+0700] {processor.py:161} INFO - Started process (PID=94862) to work on /Library/Frameworks/Python.framework/Versions/3.10/lib/python3.10/site-packages/airflow/example_dags/example_params_trigger_ui.py
[2024-05-09T15:24:46.569+0700] {processor.py:830} INFO - Processing file /Library/Frameworks/Python.framework/Versions/3.10/lib/python3.10/site-packages/airflow/example_dags/example_params_trigger_ui.py for tasks to queue
[2024-05-09T15:24:46.569+0700] {logging_mixin.py:188} INFO - [2024-05-09T15:24:46.569+0700] {dagbag.py:540} INFO - Filling up the DagBag from /Library/Frameworks/Python.framework/Versions/3.10/lib/python3.10/site-packages/airflow/example_dags/example_params_trigger_ui.py
[2024-05-09T15:24:46.595+0700] {processor.py:840} INFO - DAG(s) 'example_params_trigger_ui' retrieved from /Library/Frameworks/Python.framework/Versions/3.10/lib/python3.10/site-packages/airflow/example_dags/example_params_trigger_ui.py
[2024-05-09T15:24:46.713+0700] {logging_mixin.py:188} INFO - [2024-05-09T15:24:46.713+0700] {dag.py:3096} INFO - Sync 1 DAGs
[2024-05-09T15:24:46.719+0700] {logging_mixin.py:188} INFO - [2024-05-09T15:24:46.719+0700] {dag.py:3954} INFO - Setting next_dagrun for example_params_trigger_ui to None, run_after=None
[2024-05-09T15:24:46.730+0700] {processor.py:183} INFO - Processing /Library/Frameworks/Python.framework/Versions/3.10/lib/python3.10/site-packages/airflow/example_dags/example_params_trigger_ui.py took 0.164 seconds
[2024-05-09T15:27:54.369+0700] {processor.py:161} INFO - Started process (PID=96038) to work on /Library/Frameworks/Python.framework/Versions/3.10/lib/python3.10/site-packages/airflow/example_dags/example_params_trigger_ui.py
[2024-05-09T15:27:54.370+0700] {processor.py:830} INFO - Processing file /Library/Frameworks/Python.framework/Versions/3.10/lib/python3.10/site-packages/airflow/example_dags/example_params_trigger_ui.py for tasks to queue
[2024-05-09T15:27:54.370+0700] {logging_mixin.py:188} INFO - [2024-05-09T15:27:54.370+0700] {dagbag.py:540} INFO - Filling up the DagBag from /Library/Frameworks/Python.framework/Versions/3.10/lib/python3.10/site-packages/airflow/example_dags/example_params_trigger_ui.py
[2024-05-09T15:27:54.396+0700] {processor.py:840} INFO - DAG(s) 'example_params_trigger_ui' retrieved from /Library/Frameworks/Python.framework/Versions/3.10/lib/python3.10/site-packages/airflow/example_dags/example_params_trigger_ui.py
[2024-05-09T15:27:54.506+0700] {logging_mixin.py:188} INFO - [2024-05-09T15:27:54.506+0700] {dag.py:3096} INFO - Sync 1 DAGs
[2024-05-09T15:27:54.513+0700] {logging_mixin.py:188} INFO - [2024-05-09T15:27:54.512+0700] {dag.py:3954} INFO - Setting next_dagrun for example_params_trigger_ui to None, run_after=None
[2024-05-09T15:27:54.529+0700] {processor.py:183} INFO - Processing /Library/Frameworks/Python.framework/Versions/3.10/lib/python3.10/site-packages/airflow/example_dags/example_params_trigger_ui.py took 0.163 seconds
[2024-05-09T15:31:47.256+0700] {processor.py:161} INFO - Started process (PID=97505) to work on /Library/Frameworks/Python.framework/Versions/3.10/lib/python3.10/site-packages/airflow/example_dags/example_params_trigger_ui.py
[2024-05-09T15:31:47.257+0700] {processor.py:830} INFO - Processing file /Library/Frameworks/Python.framework/Versions/3.10/lib/python3.10/site-packages/airflow/example_dags/example_params_trigger_ui.py for tasks to queue
[2024-05-09T15:31:47.257+0700] {logging_mixin.py:188} INFO - [2024-05-09T15:31:47.257+0700] {dagbag.py:540} INFO - Filling up the DagBag from /Library/Frameworks/Python.framework/Versions/3.10/lib/python3.10/site-packages/airflow/example_dags/example_params_trigger_ui.py
[2024-05-09T15:31:47.286+0700] {processor.py:840} INFO - DAG(s) 'example_params_trigger_ui' retrieved from /Library/Frameworks/Python.framework/Versions/3.10/lib/python3.10/site-packages/airflow/example_dags/example_params_trigger_ui.py
[2024-05-09T15:31:47.420+0700] {logging_mixin.py:188} INFO - [2024-05-09T15:31:47.420+0700] {dag.py:3096} INFO - Sync 1 DAGs
[2024-05-09T15:31:47.428+0700] {logging_mixin.py:188} INFO - [2024-05-09T15:31:47.428+0700] {dag.py:3954} INFO - Setting next_dagrun for example_params_trigger_ui to None, run_after=None
[2024-05-09T15:31:47.442+0700] {processor.py:183} INFO - Processing /Library/Frameworks/Python.framework/Versions/3.10/lib/python3.10/site-packages/airflow/example_dags/example_params_trigger_ui.py took 0.188 seconds
[2024-05-09T15:34:18.297+0700] {processor.py:161} INFO - Started process (PID=98286) to work on /Library/Frameworks/Python.framework/Versions/3.10/lib/python3.10/site-packages/airflow/example_dags/example_params_trigger_ui.py
[2024-05-09T15:34:18.298+0700] {processor.py:830} INFO - Processing file /Library/Frameworks/Python.framework/Versions/3.10/lib/python3.10/site-packages/airflow/example_dags/example_params_trigger_ui.py for tasks to queue
[2024-05-09T15:34:18.298+0700] {logging_mixin.py:188} INFO - [2024-05-09T15:34:18.298+0700] {dagbag.py:540} INFO - Filling up the DagBag from /Library/Frameworks/Python.framework/Versions/3.10/lib/python3.10/site-packages/airflow/example_dags/example_params_trigger_ui.py
[2024-05-09T15:34:18.323+0700] {processor.py:840} INFO - DAG(s) 'example_params_trigger_ui' retrieved from /Library/Frameworks/Python.framework/Versions/3.10/lib/python3.10/site-packages/airflow/example_dags/example_params_trigger_ui.py
[2024-05-09T15:34:18.435+0700] {logging_mixin.py:188} INFO - [2024-05-09T15:34:18.435+0700] {dag.py:3096} INFO - Sync 1 DAGs
[2024-05-09T15:34:18.441+0700] {logging_mixin.py:188} INFO - [2024-05-09T15:34:18.441+0700] {dag.py:3954} INFO - Setting next_dagrun for example_params_trigger_ui to None, run_after=None
[2024-05-09T15:34:18.452+0700] {processor.py:183} INFO - Processing /Library/Frameworks/Python.framework/Versions/3.10/lib/python3.10/site-packages/airflow/example_dags/example_params_trigger_ui.py took 0.157 seconds
