[2024-05-09T14:32:10.853+0700] {processor.py:161} INFO - Started process (PID=69907) to work on /Library/Frameworks/Python.framework/Versions/3.10/lib/python3.10/site-packages/airflow/example_dags/example_branch_python_dop_operator_3.py
[2024-05-09T14:32:10.853+0700] {processor.py:830} INFO - Processing file /Library/Frameworks/Python.framework/Versions/3.10/lib/python3.10/site-packages/airflow/example_dags/example_branch_python_dop_operator_3.py for tasks to queue
[2024-05-09T14:32:10.854+0700] {logging_mixin.py:188} INFO - [2024-05-09T14:32:10.854+0700] {dagbag.py:540} INFO - Filling up the DagBag from /Library/Frameworks/Python.framework/Versions/3.10/lib/python3.10/site-packages/airflow/example_dags/example_branch_python_dop_operator_3.py
[2024-05-09T14:32:10.876+0700] {processor.py:840} INFO - DAG(s) 'example_branch_dop_operator_v3' retrieved from /Library/Frameworks/Python.framework/Versions/3.10/lib/python3.10/site-packages/airflow/example_dags/example_branch_python_dop_operator_3.py
[2024-05-09T14:32:11.019+0700] {logging_mixin.py:188} INFO - [2024-05-09T14:32:11.019+0700] {dag.py:3096} INFO - Sync 1 DAGs
[2024-05-09T14:32:11.032+0700] {logging_mixin.py:188} INFO - [2024-05-09T14:32:11.031+0700] {dag.py:3954} INFO - Setting next_dagrun for example_branch_dop_operator_v3 to 2024-05-09 07:31:00+00:00, run_after=2024-05-09 07:32:00+00:00
[2024-05-09T14:32:11.043+0700] {processor.py:183} INFO - Processing /Library/Frameworks/Python.framework/Versions/3.10/lib/python3.10/site-packages/airflow/example_dags/example_branch_python_dop_operator_3.py took 0.192 seconds
[2024-05-09T14:35:44.164+0700] {processor.py:161} INFO - Started process (PID=71184) to work on /Library/Frameworks/Python.framework/Versions/3.10/lib/python3.10/site-packages/airflow/example_dags/example_branch_python_dop_operator_3.py
[2024-05-09T14:35:44.165+0700] {processor.py:830} INFO - Processing file /Library/Frameworks/Python.framework/Versions/3.10/lib/python3.10/site-packages/airflow/example_dags/example_branch_python_dop_operator_3.py for tasks to queue
[2024-05-09T14:35:44.165+0700] {logging_mixin.py:188} INFO - [2024-05-09T14:35:44.165+0700] {dagbag.py:540} INFO - Filling up the DagBag from /Library/Frameworks/Python.framework/Versions/3.10/lib/python3.10/site-packages/airflow/example_dags/example_branch_python_dop_operator_3.py
[2024-05-09T14:35:44.189+0700] {processor.py:840} INFO - DAG(s) 'example_branch_dop_operator_v3' retrieved from /Library/Frameworks/Python.framework/Versions/3.10/lib/python3.10/site-packages/airflow/example_dags/example_branch_python_dop_operator_3.py
[2024-05-09T14:35:44.336+0700] {logging_mixin.py:188} INFO - [2024-05-09T14:35:44.335+0700] {dag.py:3096} INFO - Sync 1 DAGs
[2024-05-09T14:35:44.348+0700] {logging_mixin.py:188} INFO - [2024-05-09T14:35:44.348+0700] {dag.py:3954} INFO - Setting next_dagrun for example_branch_dop_operator_v3 to 2024-05-09 07:34:00+00:00, run_after=2024-05-09 07:35:00+00:00
[2024-05-09T14:35:44.359+0700] {processor.py:183} INFO - Processing /Library/Frameworks/Python.framework/Versions/3.10/lib/python3.10/site-packages/airflow/example_dags/example_branch_python_dop_operator_3.py took 0.201 seconds
[2024-05-09T14:38:45.075+0700] {processor.py:161} INFO - Started process (PID=72511) to work on /Library/Frameworks/Python.framework/Versions/3.10/lib/python3.10/site-packages/airflow/example_dags/example_branch_python_dop_operator_3.py
[2024-05-09T14:38:45.077+0700] {processor.py:830} INFO - Processing file /Library/Frameworks/Python.framework/Versions/3.10/lib/python3.10/site-packages/airflow/example_dags/example_branch_python_dop_operator_3.py for tasks to queue
[2024-05-09T14:38:45.077+0700] {logging_mixin.py:188} INFO - [2024-05-09T14:38:45.077+0700] {dagbag.py:540} INFO - Filling up the DagBag from /Library/Frameworks/Python.framework/Versions/3.10/lib/python3.10/site-packages/airflow/example_dags/example_branch_python_dop_operator_3.py
[2024-05-09T14:38:45.127+0700] {processor.py:840} INFO - DAG(s) 'example_branch_dop_operator_v3' retrieved from /Library/Frameworks/Python.framework/Versions/3.10/lib/python3.10/site-packages/airflow/example_dags/example_branch_python_dop_operator_3.py
[2024-05-09T14:38:45.260+0700] {logging_mixin.py:188} INFO - [2024-05-09T14:38:45.260+0700] {dag.py:3096} INFO - Sync 1 DAGs
[2024-05-09T14:38:45.273+0700] {logging_mixin.py:188} INFO - [2024-05-09T14:38:45.272+0700] {dag.py:3954} INFO - Setting next_dagrun for example_branch_dop_operator_v3 to 2024-05-09 07:37:00+00:00, run_after=2024-05-09 07:38:00+00:00
[2024-05-09T14:38:45.284+0700] {processor.py:183} INFO - Processing /Library/Frameworks/Python.framework/Versions/3.10/lib/python3.10/site-packages/airflow/example_dags/example_branch_python_dop_operator_3.py took 0.215 seconds
[2024-05-09T14:43:01.730+0700] {processor.py:161} INFO - Started process (PID=76920) to work on /Library/Frameworks/Python.framework/Versions/3.10/lib/python3.10/site-packages/airflow/example_dags/example_branch_python_dop_operator_3.py
[2024-05-09T14:43:01.731+0700] {processor.py:830} INFO - Processing file /Library/Frameworks/Python.framework/Versions/3.10/lib/python3.10/site-packages/airflow/example_dags/example_branch_python_dop_operator_3.py for tasks to queue
[2024-05-09T14:43:01.731+0700] {logging_mixin.py:188} INFO - [2024-05-09T14:43:01.731+0700] {dagbag.py:540} INFO - Filling up the DagBag from /Library/Frameworks/Python.framework/Versions/3.10/lib/python3.10/site-packages/airflow/example_dags/example_branch_python_dop_operator_3.py
[2024-05-09T14:43:01.753+0700] {processor.py:840} INFO - DAG(s) 'example_branch_dop_operator_v3' retrieved from /Library/Frameworks/Python.framework/Versions/3.10/lib/python3.10/site-packages/airflow/example_dags/example_branch_python_dop_operator_3.py
[2024-05-09T14:43:01.767+0700] {logging_mixin.py:188} INFO - [2024-05-09T14:43:01.766+0700] {dag.py:3096} INFO - Sync 1 DAGs
[2024-05-09T14:43:01.855+0700] {logging_mixin.py:188} INFO - [2024-05-09T14:43:01.854+0700] {dag.py:3954} INFO - Setting next_dagrun for example_branch_dop_operator_v3 to 2024-05-09 07:42:00+00:00, run_after=2024-05-09 07:43:00+00:00
[2024-05-09T14:43:01.868+0700] {processor.py:183} INFO - Processing /Library/Frameworks/Python.framework/Versions/3.10/lib/python3.10/site-packages/airflow/example_dags/example_branch_python_dop_operator_3.py took 0.140 seconds
[2024-05-09T14:46:45.022+0700] {processor.py:161} INFO - Started process (PID=78411) to work on /Library/Frameworks/Python.framework/Versions/3.10/lib/python3.10/site-packages/airflow/example_dags/example_branch_python_dop_operator_3.py
[2024-05-09T14:46:45.023+0700] {processor.py:830} INFO - Processing file /Library/Frameworks/Python.framework/Versions/3.10/lib/python3.10/site-packages/airflow/example_dags/example_branch_python_dop_operator_3.py for tasks to queue
[2024-05-09T14:46:45.026+0700] {logging_mixin.py:188} INFO - [2024-05-09T14:46:45.026+0700] {dagbag.py:540} INFO - Filling up the DagBag from /Library/Frameworks/Python.framework/Versions/3.10/lib/python3.10/site-packages/airflow/example_dags/example_branch_python_dop_operator_3.py
[2024-05-09T14:46:45.079+0700] {processor.py:840} INFO - DAG(s) 'example_branch_dop_operator_v3' retrieved from /Library/Frameworks/Python.framework/Versions/3.10/lib/python3.10/site-packages/airflow/example_dags/example_branch_python_dop_operator_3.py
[2024-05-09T14:46:45.243+0700] {logging_mixin.py:188} INFO - [2024-05-09T14:46:45.243+0700] {dag.py:3096} INFO - Sync 1 DAGs
[2024-05-09T14:46:45.256+0700] {logging_mixin.py:188} INFO - [2024-05-09T14:46:45.256+0700] {dag.py:3954} INFO - Setting next_dagrun for example_branch_dop_operator_v3 to 2024-05-09 07:45:00+00:00, run_after=2024-05-09 07:46:00+00:00
[2024-05-09T14:46:45.268+0700] {processor.py:183} INFO - Processing /Library/Frameworks/Python.framework/Versions/3.10/lib/python3.10/site-packages/airflow/example_dags/example_branch_python_dop_operator_3.py took 0.249 seconds
[2024-05-09T14:50:14.224+0700] {processor.py:161} INFO - Started process (PID=79534) to work on /Library/Frameworks/Python.framework/Versions/3.10/lib/python3.10/site-packages/airflow/example_dags/example_branch_python_dop_operator_3.py
[2024-05-09T14:50:14.225+0700] {processor.py:830} INFO - Processing file /Library/Frameworks/Python.framework/Versions/3.10/lib/python3.10/site-packages/airflow/example_dags/example_branch_python_dop_operator_3.py for tasks to queue
[2024-05-09T14:50:14.226+0700] {logging_mixin.py:188} INFO - [2024-05-09T14:50:14.226+0700] {dagbag.py:540} INFO - Filling up the DagBag from /Library/Frameworks/Python.framework/Versions/3.10/lib/python3.10/site-packages/airflow/example_dags/example_branch_python_dop_operator_3.py
[2024-05-09T14:50:14.258+0700] {processor.py:840} INFO - DAG(s) 'example_branch_dop_operator_v3' retrieved from /Library/Frameworks/Python.framework/Versions/3.10/lib/python3.10/site-packages/airflow/example_dags/example_branch_python_dop_operator_3.py
[2024-05-09T14:50:14.438+0700] {logging_mixin.py:188} INFO - [2024-05-09T14:50:14.437+0700] {dag.py:3096} INFO - Sync 1 DAGs
[2024-05-09T14:50:14.452+0700] {logging_mixin.py:188} INFO - [2024-05-09T14:50:14.451+0700] {dag.py:3954} INFO - Setting next_dagrun for example_branch_dop_operator_v3 to 2024-05-09 07:49:00+00:00, run_after=2024-05-09 07:50:00+00:00
[2024-05-09T14:50:14.464+0700] {processor.py:183} INFO - Processing /Library/Frameworks/Python.framework/Versions/3.10/lib/python3.10/site-packages/airflow/example_dags/example_branch_python_dop_operator_3.py took 0.244 seconds
[2024-05-09T14:54:03.260+0700] {processor.py:161} INFO - Started process (PID=81009) to work on /Library/Frameworks/Python.framework/Versions/3.10/lib/python3.10/site-packages/airflow/example_dags/example_branch_python_dop_operator_3.py
[2024-05-09T14:54:03.262+0700] {processor.py:830} INFO - Processing file /Library/Frameworks/Python.framework/Versions/3.10/lib/python3.10/site-packages/airflow/example_dags/example_branch_python_dop_operator_3.py for tasks to queue
[2024-05-09T14:54:03.262+0700] {logging_mixin.py:188} INFO - [2024-05-09T14:54:03.262+0700] {dagbag.py:540} INFO - Filling up the DagBag from /Library/Frameworks/Python.framework/Versions/3.10/lib/python3.10/site-packages/airflow/example_dags/example_branch_python_dop_operator_3.py
[2024-05-09T14:54:03.288+0700] {processor.py:840} INFO - DAG(s) 'example_branch_dop_operator_v3' retrieved from /Library/Frameworks/Python.framework/Versions/3.10/lib/python3.10/site-packages/airflow/example_dags/example_branch_python_dop_operator_3.py
[2024-05-09T14:54:03.438+0700] {logging_mixin.py:188} INFO - [2024-05-09T14:54:03.438+0700] {dag.py:3096} INFO - Sync 1 DAGs
[2024-05-09T14:54:03.453+0700] {logging_mixin.py:188} INFO - [2024-05-09T14:54:03.453+0700] {dag.py:3954} INFO - Setting next_dagrun for example_branch_dop_operator_v3 to 2024-05-09 07:53:00+00:00, run_after=2024-05-09 07:54:00+00:00
[2024-05-09T14:54:03.464+0700] {processor.py:183} INFO - Processing /Library/Frameworks/Python.framework/Versions/3.10/lib/python3.10/site-packages/airflow/example_dags/example_branch_python_dop_operator_3.py took 0.206 seconds
[2024-05-09T14:57:02.395+0700] {processor.py:161} INFO - Started process (PID=82212) to work on /Library/Frameworks/Python.framework/Versions/3.10/lib/python3.10/site-packages/airflow/example_dags/example_branch_python_dop_operator_3.py
[2024-05-09T14:57:02.396+0700] {processor.py:830} INFO - Processing file /Library/Frameworks/Python.framework/Versions/3.10/lib/python3.10/site-packages/airflow/example_dags/example_branch_python_dop_operator_3.py for tasks to queue
[2024-05-09T14:57:02.396+0700] {logging_mixin.py:188} INFO - [2024-05-09T14:57:02.396+0700] {dagbag.py:540} INFO - Filling up the DagBag from /Library/Frameworks/Python.framework/Versions/3.10/lib/python3.10/site-packages/airflow/example_dags/example_branch_python_dop_operator_3.py
[2024-05-09T14:57:02.425+0700] {processor.py:840} INFO - DAG(s) 'example_branch_dop_operator_v3' retrieved from /Library/Frameworks/Python.framework/Versions/3.10/lib/python3.10/site-packages/airflow/example_dags/example_branch_python_dop_operator_3.py
[2024-05-09T14:57:02.591+0700] {logging_mixin.py:188} INFO - [2024-05-09T14:57:02.591+0700] {dag.py:3096} INFO - Sync 1 DAGs
[2024-05-09T14:57:02.604+0700] {logging_mixin.py:188} INFO - [2024-05-09T14:57:02.603+0700] {dag.py:3954} INFO - Setting next_dagrun for example_branch_dop_operator_v3 to 2024-05-09 07:56:00+00:00, run_after=2024-05-09 07:57:00+00:00
[2024-05-09T14:57:02.615+0700] {processor.py:183} INFO - Processing /Library/Frameworks/Python.framework/Versions/3.10/lib/python3.10/site-packages/airflow/example_dags/example_branch_python_dop_operator_3.py took 0.222 seconds
[2024-05-09T15:00:03.622+0700] {processor.py:161} INFO - Started process (PID=83262) to work on /Library/Frameworks/Python.framework/Versions/3.10/lib/python3.10/site-packages/airflow/example_dags/example_branch_python_dop_operator_3.py
[2024-05-09T15:00:03.623+0700] {processor.py:830} INFO - Processing file /Library/Frameworks/Python.framework/Versions/3.10/lib/python3.10/site-packages/airflow/example_dags/example_branch_python_dop_operator_3.py for tasks to queue
[2024-05-09T15:00:03.624+0700] {logging_mixin.py:188} INFO - [2024-05-09T15:00:03.623+0700] {dagbag.py:540} INFO - Filling up the DagBag from /Library/Frameworks/Python.framework/Versions/3.10/lib/python3.10/site-packages/airflow/example_dags/example_branch_python_dop_operator_3.py
[2024-05-09T15:00:03.647+0700] {processor.py:840} INFO - DAG(s) 'example_branch_dop_operator_v3' retrieved from /Library/Frameworks/Python.framework/Versions/3.10/lib/python3.10/site-packages/airflow/example_dags/example_branch_python_dop_operator_3.py
[2024-05-09T15:00:03.742+0700] {logging_mixin.py:188} INFO - [2024-05-09T15:00:03.741+0700] {dag.py:3096} INFO - Sync 1 DAGs
[2024-05-09T15:00:03.753+0700] {logging_mixin.py:188} INFO - [2024-05-09T15:00:03.753+0700] {dag.py:3954} INFO - Setting next_dagrun for example_branch_dop_operator_v3 to 2024-05-09 07:59:00+00:00, run_after=2024-05-09 08:00:00+00:00
[2024-05-09T15:00:03.764+0700] {processor.py:183} INFO - Processing /Library/Frameworks/Python.framework/Versions/3.10/lib/python3.10/site-packages/airflow/example_dags/example_branch_python_dop_operator_3.py took 0.152 seconds
[2024-05-09T15:03:08.499+0700] {processor.py:161} INFO - Started process (PID=84339) to work on /Library/Frameworks/Python.framework/Versions/3.10/lib/python3.10/site-packages/airflow/example_dags/example_branch_python_dop_operator_3.py
[2024-05-09T15:03:08.500+0700] {processor.py:830} INFO - Processing file /Library/Frameworks/Python.framework/Versions/3.10/lib/python3.10/site-packages/airflow/example_dags/example_branch_python_dop_operator_3.py for tasks to queue
[2024-05-09T15:03:08.501+0700] {logging_mixin.py:188} INFO - [2024-05-09T15:03:08.501+0700] {dagbag.py:540} INFO - Filling up the DagBag from /Library/Frameworks/Python.framework/Versions/3.10/lib/python3.10/site-packages/airflow/example_dags/example_branch_python_dop_operator_3.py
[2024-05-09T15:03:08.548+0700] {processor.py:840} INFO - DAG(s) 'example_branch_dop_operator_v3' retrieved from /Library/Frameworks/Python.framework/Versions/3.10/lib/python3.10/site-packages/airflow/example_dags/example_branch_python_dop_operator_3.py
[2024-05-09T15:03:08.721+0700] {logging_mixin.py:188} INFO - [2024-05-09T15:03:08.720+0700] {dag.py:3096} INFO - Sync 1 DAGs
[2024-05-09T15:03:08.749+0700] {logging_mixin.py:188} INFO - [2024-05-09T15:03:08.749+0700] {dag.py:3954} INFO - Setting next_dagrun for example_branch_dop_operator_v3 to 2024-05-09 08:02:00+00:00, run_after=2024-05-09 08:03:00+00:00
[2024-05-09T15:03:08.769+0700] {processor.py:183} INFO - Processing /Library/Frameworks/Python.framework/Versions/3.10/lib/python3.10/site-packages/airflow/example_dags/example_branch_python_dop_operator_3.py took 0.275 seconds
[2024-05-09T15:08:26.201+0700] {processor.py:161} INFO - Started process (PID=86002) to work on /Library/Frameworks/Python.framework/Versions/3.10/lib/python3.10/site-packages/airflow/example_dags/example_branch_python_dop_operator_3.py
[2024-05-09T15:08:26.208+0700] {processor.py:830} INFO - Processing file /Library/Frameworks/Python.framework/Versions/3.10/lib/python3.10/site-packages/airflow/example_dags/example_branch_python_dop_operator_3.py for tasks to queue
[2024-05-09T15:08:26.211+0700] {logging_mixin.py:188} INFO - [2024-05-09T15:08:26.210+0700] {dagbag.py:540} INFO - Filling up the DagBag from /Library/Frameworks/Python.framework/Versions/3.10/lib/python3.10/site-packages/airflow/example_dags/example_branch_python_dop_operator_3.py
[2024-05-09T15:08:26.259+0700] {processor.py:840} INFO - DAG(s) 'example_branch_dop_operator_v3' retrieved from /Library/Frameworks/Python.framework/Versions/3.10/lib/python3.10/site-packages/airflow/example_dags/example_branch_python_dop_operator_3.py
[2024-05-09T15:08:26.367+0700] {logging_mixin.py:188} INFO - [2024-05-09T15:08:26.367+0700] {dag.py:3096} INFO - Sync 1 DAGs
[2024-05-09T15:08:26.383+0700] {logging_mixin.py:188} INFO - [2024-05-09T15:08:26.383+0700] {dag.py:3954} INFO - Setting next_dagrun for example_branch_dop_operator_v3 to 2024-05-09 08:07:00+00:00, run_after=2024-05-09 08:08:00+00:00
[2024-05-09T15:08:26.396+0700] {processor.py:183} INFO - Processing /Library/Frameworks/Python.framework/Versions/3.10/lib/python3.10/site-packages/airflow/example_dags/example_branch_python_dop_operator_3.py took 0.197 seconds
[2024-05-09T15:11:36.239+0700] {processor.py:161} INFO - Started process (PID=87415) to work on /Library/Frameworks/Python.framework/Versions/3.10/lib/python3.10/site-packages/airflow/example_dags/example_branch_python_dop_operator_3.py
[2024-05-09T15:11:36.240+0700] {processor.py:830} INFO - Processing file /Library/Frameworks/Python.framework/Versions/3.10/lib/python3.10/site-packages/airflow/example_dags/example_branch_python_dop_operator_3.py for tasks to queue
[2024-05-09T15:11:36.240+0700] {logging_mixin.py:188} INFO - [2024-05-09T15:11:36.240+0700] {dagbag.py:540} INFO - Filling up the DagBag from /Library/Frameworks/Python.framework/Versions/3.10/lib/python3.10/site-packages/airflow/example_dags/example_branch_python_dop_operator_3.py
[2024-05-09T15:11:36.268+0700] {processor.py:840} INFO - DAG(s) 'example_branch_dop_operator_v3' retrieved from /Library/Frameworks/Python.framework/Versions/3.10/lib/python3.10/site-packages/airflow/example_dags/example_branch_python_dop_operator_3.py
[2024-05-09T15:11:36.425+0700] {logging_mixin.py:188} INFO - [2024-05-09T15:11:36.424+0700] {dag.py:3096} INFO - Sync 1 DAGs
[2024-05-09T15:11:36.437+0700] {logging_mixin.py:188} INFO - [2024-05-09T15:11:36.437+0700] {dag.py:3954} INFO - Setting next_dagrun for example_branch_dop_operator_v3 to 2024-05-09 08:10:00+00:00, run_after=2024-05-09 08:11:00+00:00
[2024-05-09T15:11:36.449+0700] {processor.py:183} INFO - Processing /Library/Frameworks/Python.framework/Versions/3.10/lib/python3.10/site-packages/airflow/example_dags/example_branch_python_dop_operator_3.py took 0.213 seconds
[2024-05-09T15:15:14.007+0700] {processor.py:161} INFO - Started process (PID=88884) to work on /Library/Frameworks/Python.framework/Versions/3.10/lib/python3.10/site-packages/airflow/example_dags/example_branch_python_dop_operator_3.py
[2024-05-09T15:15:14.008+0700] {processor.py:830} INFO - Processing file /Library/Frameworks/Python.framework/Versions/3.10/lib/python3.10/site-packages/airflow/example_dags/example_branch_python_dop_operator_3.py for tasks to queue
[2024-05-09T15:15:14.009+0700] {logging_mixin.py:188} INFO - [2024-05-09T15:15:14.009+0700] {dagbag.py:540} INFO - Filling up the DagBag from /Library/Frameworks/Python.framework/Versions/3.10/lib/python3.10/site-packages/airflow/example_dags/example_branch_python_dop_operator_3.py
[2024-05-09T15:15:14.033+0700] {processor.py:840} INFO - DAG(s) 'example_branch_dop_operator_v3' retrieved from /Library/Frameworks/Python.framework/Versions/3.10/lib/python3.10/site-packages/airflow/example_dags/example_branch_python_dop_operator_3.py
[2024-05-09T15:15:14.133+0700] {logging_mixin.py:188} INFO - [2024-05-09T15:15:14.133+0700] {dag.py:3096} INFO - Sync 1 DAGs
[2024-05-09T15:15:14.145+0700] {logging_mixin.py:188} INFO - [2024-05-09T15:15:14.145+0700] {dag.py:3954} INFO - Setting next_dagrun for example_branch_dop_operator_v3 to 2024-05-09 08:14:00+00:00, run_after=2024-05-09 08:15:00+00:00
[2024-05-09T15:15:14.156+0700] {processor.py:183} INFO - Processing /Library/Frameworks/Python.framework/Versions/3.10/lib/python3.10/site-packages/airflow/example_dags/example_branch_python_dop_operator_3.py took 0.152 seconds
[2024-05-09T15:18:18.495+0700] {processor.py:161} INFO - Started process (PID=90526) to work on /Library/Frameworks/Python.framework/Versions/3.10/lib/python3.10/site-packages/airflow/example_dags/example_branch_python_dop_operator_3.py
[2024-05-09T15:18:18.496+0700] {processor.py:830} INFO - Processing file /Library/Frameworks/Python.framework/Versions/3.10/lib/python3.10/site-packages/airflow/example_dags/example_branch_python_dop_operator_3.py for tasks to queue
[2024-05-09T15:18:18.496+0700] {logging_mixin.py:188} INFO - [2024-05-09T15:18:18.496+0700] {dagbag.py:540} INFO - Filling up the DagBag from /Library/Frameworks/Python.framework/Versions/3.10/lib/python3.10/site-packages/airflow/example_dags/example_branch_python_dop_operator_3.py
[2024-05-09T15:18:18.521+0700] {processor.py:840} INFO - DAG(s) 'example_branch_dop_operator_v3' retrieved from /Library/Frameworks/Python.framework/Versions/3.10/lib/python3.10/site-packages/airflow/example_dags/example_branch_python_dop_operator_3.py
[2024-05-09T15:18:18.620+0700] {logging_mixin.py:188} INFO - [2024-05-09T15:18:18.619+0700] {dag.py:3096} INFO - Sync 1 DAGs
[2024-05-09T15:18:18.632+0700] {logging_mixin.py:188} INFO - [2024-05-09T15:18:18.632+0700] {dag.py:3954} INFO - Setting next_dagrun for example_branch_dop_operator_v3 to 2024-05-09 08:17:00+00:00, run_after=2024-05-09 08:18:00+00:00
[2024-05-09T15:18:18.644+0700] {processor.py:183} INFO - Processing /Library/Frameworks/Python.framework/Versions/3.10/lib/python3.10/site-packages/airflow/example_dags/example_branch_python_dop_operator_3.py took 0.153 seconds
[2024-05-09T15:21:38.917+0700] {processor.py:161} INFO - Started process (PID=92013) to work on /Library/Frameworks/Python.framework/Versions/3.10/lib/python3.10/site-packages/airflow/example_dags/example_branch_python_dop_operator_3.py
[2024-05-09T15:21:38.918+0700] {processor.py:830} INFO - Processing file /Library/Frameworks/Python.framework/Versions/3.10/lib/python3.10/site-packages/airflow/example_dags/example_branch_python_dop_operator_3.py for tasks to queue
[2024-05-09T15:21:38.918+0700] {logging_mixin.py:188} INFO - [2024-05-09T15:21:38.918+0700] {dagbag.py:540} INFO - Filling up the DagBag from /Library/Frameworks/Python.framework/Versions/3.10/lib/python3.10/site-packages/airflow/example_dags/example_branch_python_dop_operator_3.py
[2024-05-09T15:21:38.956+0700] {processor.py:840} INFO - DAG(s) 'example_branch_dop_operator_v3' retrieved from /Library/Frameworks/Python.framework/Versions/3.10/lib/python3.10/site-packages/airflow/example_dags/example_branch_python_dop_operator_3.py
[2024-05-09T15:21:39.248+0700] {logging_mixin.py:188} INFO - [2024-05-09T15:21:39.248+0700] {dag.py:3096} INFO - Sync 1 DAGs
[2024-05-09T15:21:39.268+0700] {logging_mixin.py:188} INFO - [2024-05-09T15:21:39.268+0700] {dag.py:3954} INFO - Setting next_dagrun for example_branch_dop_operator_v3 to 2024-05-09 08:20:00+00:00, run_after=2024-05-09 08:21:00+00:00
[2024-05-09T15:21:39.290+0700] {processor.py:183} INFO - Processing /Library/Frameworks/Python.framework/Versions/3.10/lib/python3.10/site-packages/airflow/example_dags/example_branch_python_dop_operator_3.py took 0.377 seconds
[2024-05-09T15:25:07.036+0700] {processor.py:161} INFO - Started process (PID=94976) to work on /Library/Frameworks/Python.framework/Versions/3.10/lib/python3.10/site-packages/airflow/example_dags/example_branch_python_dop_operator_3.py
[2024-05-09T15:25:07.037+0700] {processor.py:830} INFO - Processing file /Library/Frameworks/Python.framework/Versions/3.10/lib/python3.10/site-packages/airflow/example_dags/example_branch_python_dop_operator_3.py for tasks to queue
[2024-05-09T15:25:07.038+0700] {logging_mixin.py:188} INFO - [2024-05-09T15:25:07.037+0700] {dagbag.py:540} INFO - Filling up the DagBag from /Library/Frameworks/Python.framework/Versions/3.10/lib/python3.10/site-packages/airflow/example_dags/example_branch_python_dop_operator_3.py
[2024-05-09T15:25:07.068+0700] {processor.py:840} INFO - DAG(s) 'example_branch_dop_operator_v3' retrieved from /Library/Frameworks/Python.framework/Versions/3.10/lib/python3.10/site-packages/airflow/example_dags/example_branch_python_dop_operator_3.py
[2024-05-09T15:25:07.170+0700] {logging_mixin.py:188} INFO - [2024-05-09T15:25:07.170+0700] {dag.py:3096} INFO - Sync 1 DAGs
[2024-05-09T15:25:07.183+0700] {logging_mixin.py:188} INFO - [2024-05-09T15:25:07.183+0700] {dag.py:3954} INFO - Setting next_dagrun for example_branch_dop_operator_v3 to 2024-05-09 08:24:00+00:00, run_after=2024-05-09 08:25:00+00:00
[2024-05-09T15:25:07.195+0700] {processor.py:183} INFO - Processing /Library/Frameworks/Python.framework/Versions/3.10/lib/python3.10/site-packages/airflow/example_dags/example_branch_python_dop_operator_3.py took 0.162 seconds
[2024-05-09T15:28:14.126+0700] {processor.py:161} INFO - Started process (PID=96152) to work on /Library/Frameworks/Python.framework/Versions/3.10/lib/python3.10/site-packages/airflow/example_dags/example_branch_python_dop_operator_3.py
[2024-05-09T15:28:14.126+0700] {processor.py:830} INFO - Processing file /Library/Frameworks/Python.framework/Versions/3.10/lib/python3.10/site-packages/airflow/example_dags/example_branch_python_dop_operator_3.py for tasks to queue
[2024-05-09T15:28:14.127+0700] {logging_mixin.py:188} INFO - [2024-05-09T15:28:14.127+0700] {dagbag.py:540} INFO - Filling up the DagBag from /Library/Frameworks/Python.framework/Versions/3.10/lib/python3.10/site-packages/airflow/example_dags/example_branch_python_dop_operator_3.py
[2024-05-09T15:28:14.150+0700] {processor.py:840} INFO - DAG(s) 'example_branch_dop_operator_v3' retrieved from /Library/Frameworks/Python.framework/Versions/3.10/lib/python3.10/site-packages/airflow/example_dags/example_branch_python_dop_operator_3.py
[2024-05-09T15:28:14.254+0700] {logging_mixin.py:188} INFO - [2024-05-09T15:28:14.253+0700] {dag.py:3096} INFO - Sync 1 DAGs
[2024-05-09T15:28:14.265+0700] {logging_mixin.py:188} INFO - [2024-05-09T15:28:14.265+0700] {dag.py:3954} INFO - Setting next_dagrun for example_branch_dop_operator_v3 to 2024-05-09 08:27:00+00:00, run_after=2024-05-09 08:28:00+00:00
[2024-05-09T15:28:14.276+0700] {processor.py:183} INFO - Processing /Library/Frameworks/Python.framework/Versions/3.10/lib/python3.10/site-packages/airflow/example_dags/example_branch_python_dop_operator_3.py took 0.152 seconds
[2024-05-09T15:32:26.049+0700] {processor.py:161} INFO - Started process (PID=97690) to work on /Library/Frameworks/Python.framework/Versions/3.10/lib/python3.10/site-packages/airflow/example_dags/example_branch_python_dop_operator_3.py
[2024-05-09T15:32:26.052+0700] {processor.py:830} INFO - Processing file /Library/Frameworks/Python.framework/Versions/3.10/lib/python3.10/site-packages/airflow/example_dags/example_branch_python_dop_operator_3.py for tasks to queue
[2024-05-09T15:32:26.053+0700] {logging_mixin.py:188} INFO - [2024-05-09T15:32:26.053+0700] {dagbag.py:540} INFO - Filling up the DagBag from /Library/Frameworks/Python.framework/Versions/3.10/lib/python3.10/site-packages/airflow/example_dags/example_branch_python_dop_operator_3.py
[2024-05-09T15:32:26.154+0700] {processor.py:840} INFO - DAG(s) 'example_branch_dop_operator_v3' retrieved from /Library/Frameworks/Python.framework/Versions/3.10/lib/python3.10/site-packages/airflow/example_dags/example_branch_python_dop_operator_3.py
[2024-05-09T15:32:26.591+0700] {logging_mixin.py:188} INFO - [2024-05-09T15:32:26.591+0700] {dag.py:3096} INFO - Sync 1 DAGs
[2024-05-09T15:32:26.654+0700] {logging_mixin.py:188} INFO - [2024-05-09T15:32:26.654+0700] {dag.py:3954} INFO - Setting next_dagrun for example_branch_dop_operator_v3 to 2024-05-09 08:31:00+00:00, run_after=2024-05-09 08:32:00+00:00
[2024-05-09T15:32:26.702+0700] {processor.py:183} INFO - Processing /Library/Frameworks/Python.framework/Versions/3.10/lib/python3.10/site-packages/airflow/example_dags/example_branch_python_dop_operator_3.py took 0.685 seconds
