[2024-05-09T14:32:19.541+0700] {processor.py:161} INFO - Started process (PID=69947) to work on /Library/Frameworks/Python.framework/Versions/3.10/lib/python3.10/site-packages/airflow/example_dags/example_branch_labels.py
[2024-05-09T14:32:19.542+0700] {processor.py:830} INFO - Processing file /Library/Frameworks/Python.framework/Versions/3.10/lib/python3.10/site-packages/airflow/example_dags/example_branch_labels.py for tasks to queue
[2024-05-09T14:32:19.544+0700] {logging_mixin.py:188} INFO - [2024-05-09T14:32:19.543+0700] {dagbag.py:540} INFO - Filling up the DagBag from /Library/Frameworks/Python.framework/Versions/3.10/lib/python3.10/site-packages/airflow/example_dags/example_branch_labels.py
[2024-05-09T14:32:19.563+0700] {processor.py:840} INFO - DAG(s) 'example_branch_labels' retrieved from /Library/Frameworks/Python.framework/Versions/3.10/lib/python3.10/site-packages/airflow/example_dags/example_branch_labels.py
[2024-05-09T14:32:19.815+0700] {logging_mixin.py:188} INFO - [2024-05-09T14:32:19.815+0700] {dag.py:3096} INFO - Sync 1 DAGs
[2024-05-09T14:32:19.830+0700] {logging_mixin.py:188} INFO - [2024-05-09T14:32:19.830+0700] {dag.py:3954} INFO - Setting next_dagrun for example_branch_labels to 2024-05-08 00:00:00+00:00, run_after=2024-05-09 00:00:00+00:00
[2024-05-09T14:32:19.845+0700] {processor.py:183} INFO - Processing /Library/Frameworks/Python.framework/Versions/3.10/lib/python3.10/site-packages/airflow/example_dags/example_branch_labels.py took 0.307 seconds
[2024-05-09T14:35:50.710+0700] {processor.py:161} INFO - Started process (PID=71216) to work on /Library/Frameworks/Python.framework/Versions/3.10/lib/python3.10/site-packages/airflow/example_dags/example_branch_labels.py
[2024-05-09T14:35:50.711+0700] {processor.py:830} INFO - Processing file /Library/Frameworks/Python.framework/Versions/3.10/lib/python3.10/site-packages/airflow/example_dags/example_branch_labels.py for tasks to queue
[2024-05-09T14:35:50.711+0700] {logging_mixin.py:188} INFO - [2024-05-09T14:35:50.711+0700] {dagbag.py:540} INFO - Filling up the DagBag from /Library/Frameworks/Python.framework/Versions/3.10/lib/python3.10/site-packages/airflow/example_dags/example_branch_labels.py
[2024-05-09T14:35:50.720+0700] {processor.py:840} INFO - DAG(s) 'example_branch_labels' retrieved from /Library/Frameworks/Python.framework/Versions/3.10/lib/python3.10/site-packages/airflow/example_dags/example_branch_labels.py
[2024-05-09T14:35:50.879+0700] {logging_mixin.py:188} INFO - [2024-05-09T14:35:50.878+0700] {dag.py:3096} INFO - Sync 1 DAGs
[2024-05-09T14:35:50.889+0700] {logging_mixin.py:188} INFO - [2024-05-09T14:35:50.889+0700] {dag.py:3954} INFO - Setting next_dagrun for example_branch_labels to 2024-05-08 00:00:00+00:00, run_after=2024-05-09 00:00:00+00:00
[2024-05-09T14:35:50.900+0700] {processor.py:183} INFO - Processing /Library/Frameworks/Python.framework/Versions/3.10/lib/python3.10/site-packages/airflow/example_dags/example_branch_labels.py took 0.193 seconds
[2024-05-09T14:38:54.623+0700] {processor.py:161} INFO - Started process (PID=72585) to work on /Library/Frameworks/Python.framework/Versions/3.10/lib/python3.10/site-packages/airflow/example_dags/example_branch_labels.py
[2024-05-09T14:38:54.625+0700] {processor.py:830} INFO - Processing file /Library/Frameworks/Python.framework/Versions/3.10/lib/python3.10/site-packages/airflow/example_dags/example_branch_labels.py for tasks to queue
[2024-05-09T14:38:54.627+0700] {logging_mixin.py:188} INFO - [2024-05-09T14:38:54.627+0700] {dagbag.py:540} INFO - Filling up the DagBag from /Library/Frameworks/Python.framework/Versions/3.10/lib/python3.10/site-packages/airflow/example_dags/example_branch_labels.py
[2024-05-09T14:38:54.649+0700] {processor.py:840} INFO - DAG(s) 'example_branch_labels' retrieved from /Library/Frameworks/Python.framework/Versions/3.10/lib/python3.10/site-packages/airflow/example_dags/example_branch_labels.py
[2024-05-09T14:38:55.041+0700] {logging_mixin.py:188} INFO - [2024-05-09T14:38:55.040+0700] {dag.py:3096} INFO - Sync 1 DAGs
[2024-05-09T14:38:55.072+0700] {logging_mixin.py:188} INFO - [2024-05-09T14:38:55.072+0700] {dag.py:3954} INFO - Setting next_dagrun for example_branch_labels to 2024-05-08 00:00:00+00:00, run_after=2024-05-09 00:00:00+00:00
[2024-05-09T14:38:55.112+0700] {processor.py:183} INFO - Processing /Library/Frameworks/Python.framework/Versions/3.10/lib/python3.10/site-packages/airflow/example_dags/example_branch_labels.py took 0.495 seconds
[2024-05-09T14:43:07.945+0700] {processor.py:161} INFO - Started process (PID=77016) to work on /Library/Frameworks/Python.framework/Versions/3.10/lib/python3.10/site-packages/airflow/example_dags/example_branch_labels.py
[2024-05-09T14:43:07.946+0700] {processor.py:830} INFO - Processing file /Library/Frameworks/Python.framework/Versions/3.10/lib/python3.10/site-packages/airflow/example_dags/example_branch_labels.py for tasks to queue
[2024-05-09T14:43:07.946+0700] {logging_mixin.py:188} INFO - [2024-05-09T14:43:07.946+0700] {dagbag.py:540} INFO - Filling up the DagBag from /Library/Frameworks/Python.framework/Versions/3.10/lib/python3.10/site-packages/airflow/example_dags/example_branch_labels.py
[2024-05-09T14:43:07.955+0700] {processor.py:840} INFO - DAG(s) 'example_branch_labels' retrieved from /Library/Frameworks/Python.framework/Versions/3.10/lib/python3.10/site-packages/airflow/example_dags/example_branch_labels.py
[2024-05-09T14:43:07.971+0700] {logging_mixin.py:188} INFO - [2024-05-09T14:43:07.971+0700] {dag.py:3096} INFO - Sync 1 DAGs
[2024-05-09T14:43:08.061+0700] {logging_mixin.py:188} INFO - [2024-05-09T14:43:08.061+0700] {dag.py:3954} INFO - Setting next_dagrun for example_branch_labels to 2024-05-08 00:00:00+00:00, run_after=2024-05-09 00:00:00+00:00
[2024-05-09T14:43:08.072+0700] {processor.py:183} INFO - Processing /Library/Frameworks/Python.framework/Versions/3.10/lib/python3.10/site-packages/airflow/example_dags/example_branch_labels.py took 0.130 seconds
[2024-05-09T14:46:51.552+0700] {processor.py:161} INFO - Started process (PID=78438) to work on /Library/Frameworks/Python.framework/Versions/3.10/lib/python3.10/site-packages/airflow/example_dags/example_branch_labels.py
[2024-05-09T14:46:51.552+0700] {processor.py:830} INFO - Processing file /Library/Frameworks/Python.framework/Versions/3.10/lib/python3.10/site-packages/airflow/example_dags/example_branch_labels.py for tasks to queue
[2024-05-09T14:46:51.553+0700] {logging_mixin.py:188} INFO - [2024-05-09T14:46:51.553+0700] {dagbag.py:540} INFO - Filling up the DagBag from /Library/Frameworks/Python.framework/Versions/3.10/lib/python3.10/site-packages/airflow/example_dags/example_branch_labels.py
[2024-05-09T14:46:51.559+0700] {processor.py:840} INFO - DAG(s) 'example_branch_labels' retrieved from /Library/Frameworks/Python.framework/Versions/3.10/lib/python3.10/site-packages/airflow/example_dags/example_branch_labels.py
[2024-05-09T14:46:51.712+0700] {logging_mixin.py:188} INFO - [2024-05-09T14:46:51.712+0700] {dag.py:3096} INFO - Sync 1 DAGs
[2024-05-09T14:46:51.722+0700] {logging_mixin.py:188} INFO - [2024-05-09T14:46:51.722+0700] {dag.py:3954} INFO - Setting next_dagrun for example_branch_labels to 2024-05-08 00:00:00+00:00, run_after=2024-05-09 00:00:00+00:00
[2024-05-09T14:46:51.733+0700] {processor.py:183} INFO - Processing /Library/Frameworks/Python.framework/Versions/3.10/lib/python3.10/site-packages/airflow/example_dags/example_branch_labels.py took 0.184 seconds
[2024-05-09T14:50:20.979+0700] {processor.py:161} INFO - Started process (PID=79567) to work on /Library/Frameworks/Python.framework/Versions/3.10/lib/python3.10/site-packages/airflow/example_dags/example_branch_labels.py
[2024-05-09T14:50:20.980+0700] {processor.py:830} INFO - Processing file /Library/Frameworks/Python.framework/Versions/3.10/lib/python3.10/site-packages/airflow/example_dags/example_branch_labels.py for tasks to queue
[2024-05-09T14:50:20.980+0700] {logging_mixin.py:188} INFO - [2024-05-09T14:50:20.980+0700] {dagbag.py:540} INFO - Filling up the DagBag from /Library/Frameworks/Python.framework/Versions/3.10/lib/python3.10/site-packages/airflow/example_dags/example_branch_labels.py
[2024-05-09T14:50:20.986+0700] {processor.py:840} INFO - DAG(s) 'example_branch_labels' retrieved from /Library/Frameworks/Python.framework/Versions/3.10/lib/python3.10/site-packages/airflow/example_dags/example_branch_labels.py
[2024-05-09T14:50:21.152+0700] {logging_mixin.py:188} INFO - [2024-05-09T14:50:21.152+0700] {dag.py:3096} INFO - Sync 1 DAGs
[2024-05-09T14:50:21.166+0700] {logging_mixin.py:188} INFO - [2024-05-09T14:50:21.165+0700] {dag.py:3954} INFO - Setting next_dagrun for example_branch_labels to 2024-05-08 00:00:00+00:00, run_after=2024-05-09 00:00:00+00:00
[2024-05-09T14:50:21.204+0700] {processor.py:183} INFO - Processing /Library/Frameworks/Python.framework/Versions/3.10/lib/python3.10/site-packages/airflow/example_dags/example_branch_labels.py took 0.227 seconds
[2024-05-09T14:54:09.292+0700] {processor.py:161} INFO - Started process (PID=81038) to work on /Library/Frameworks/Python.framework/Versions/3.10/lib/python3.10/site-packages/airflow/example_dags/example_branch_labels.py
[2024-05-09T14:54:09.293+0700] {processor.py:830} INFO - Processing file /Library/Frameworks/Python.framework/Versions/3.10/lib/python3.10/site-packages/airflow/example_dags/example_branch_labels.py for tasks to queue
[2024-05-09T14:54:09.293+0700] {logging_mixin.py:188} INFO - [2024-05-09T14:54:09.293+0700] {dagbag.py:540} INFO - Filling up the DagBag from /Library/Frameworks/Python.framework/Versions/3.10/lib/python3.10/site-packages/airflow/example_dags/example_branch_labels.py
[2024-05-09T14:54:09.298+0700] {processor.py:840} INFO - DAG(s) 'example_branch_labels' retrieved from /Library/Frameworks/Python.framework/Versions/3.10/lib/python3.10/site-packages/airflow/example_dags/example_branch_labels.py
[2024-05-09T14:54:09.448+0700] {logging_mixin.py:188} INFO - [2024-05-09T14:54:09.448+0700] {dag.py:3096} INFO - Sync 1 DAGs
[2024-05-09T14:54:09.457+0700] {logging_mixin.py:188} INFO - [2024-05-09T14:54:09.457+0700] {dag.py:3954} INFO - Setting next_dagrun for example_branch_labels to 2024-05-08 00:00:00+00:00, run_after=2024-05-09 00:00:00+00:00
[2024-05-09T14:54:09.468+0700] {processor.py:183} INFO - Processing /Library/Frameworks/Python.framework/Versions/3.10/lib/python3.10/site-packages/airflow/example_dags/example_branch_labels.py took 0.178 seconds
[2024-05-09T14:57:09.584+0700] {processor.py:161} INFO - Started process (PID=82274) to work on /Library/Frameworks/Python.framework/Versions/3.10/lib/python3.10/site-packages/airflow/example_dags/example_branch_labels.py
[2024-05-09T14:57:09.585+0700] {processor.py:830} INFO - Processing file /Library/Frameworks/Python.framework/Versions/3.10/lib/python3.10/site-packages/airflow/example_dags/example_branch_labels.py for tasks to queue
[2024-05-09T14:57:09.585+0700] {logging_mixin.py:188} INFO - [2024-05-09T14:57:09.585+0700] {dagbag.py:540} INFO - Filling up the DagBag from /Library/Frameworks/Python.framework/Versions/3.10/lib/python3.10/site-packages/airflow/example_dags/example_branch_labels.py
[2024-05-09T14:57:09.590+0700] {processor.py:840} INFO - DAG(s) 'example_branch_labels' retrieved from /Library/Frameworks/Python.framework/Versions/3.10/lib/python3.10/site-packages/airflow/example_dags/example_branch_labels.py
[2024-05-09T14:57:09.738+0700] {logging_mixin.py:188} INFO - [2024-05-09T14:57:09.738+0700] {dag.py:3096} INFO - Sync 1 DAGs
[2024-05-09T14:57:09.747+0700] {logging_mixin.py:188} INFO - [2024-05-09T14:57:09.747+0700] {dag.py:3954} INFO - Setting next_dagrun for example_branch_labels to 2024-05-08 00:00:00+00:00, run_after=2024-05-09 00:00:00+00:00
[2024-05-09T14:57:09.758+0700] {processor.py:183} INFO - Processing /Library/Frameworks/Python.framework/Versions/3.10/lib/python3.10/site-packages/airflow/example_dags/example_branch_labels.py took 0.176 seconds
[2024-05-09T15:00:09.858+0700] {processor.py:161} INFO - Started process (PID=83291) to work on /Library/Frameworks/Python.framework/Versions/3.10/lib/python3.10/site-packages/airflow/example_dags/example_branch_labels.py
[2024-05-09T15:00:09.859+0700] {processor.py:830} INFO - Processing file /Library/Frameworks/Python.framework/Versions/3.10/lib/python3.10/site-packages/airflow/example_dags/example_branch_labels.py for tasks to queue
[2024-05-09T15:00:09.859+0700] {logging_mixin.py:188} INFO - [2024-05-09T15:00:09.859+0700] {dagbag.py:540} INFO - Filling up the DagBag from /Library/Frameworks/Python.framework/Versions/3.10/lib/python3.10/site-packages/airflow/example_dags/example_branch_labels.py
[2024-05-09T15:00:09.865+0700] {processor.py:840} INFO - DAG(s) 'example_branch_labels' retrieved from /Library/Frameworks/Python.framework/Versions/3.10/lib/python3.10/site-packages/airflow/example_dags/example_branch_labels.py
[2024-05-09T15:00:09.960+0700] {logging_mixin.py:188} INFO - [2024-05-09T15:00:09.959+0700] {dag.py:3096} INFO - Sync 1 DAGs
[2024-05-09T15:00:09.969+0700] {logging_mixin.py:188} INFO - [2024-05-09T15:00:09.969+0700] {dag.py:3954} INFO - Setting next_dagrun for example_branch_labels to 2024-05-08 00:00:00+00:00, run_after=2024-05-09 00:00:00+00:00
[2024-05-09T15:00:09.980+0700] {processor.py:183} INFO - Processing /Library/Frameworks/Python.framework/Versions/3.10/lib/python3.10/site-packages/airflow/example_dags/example_branch_labels.py took 0.126 seconds
[2024-05-09T15:03:14.980+0700] {processor.py:161} INFO - Started process (PID=84376) to work on /Library/Frameworks/Python.framework/Versions/3.10/lib/python3.10/site-packages/airflow/example_dags/example_branch_labels.py
[2024-05-09T15:03:14.982+0700] {processor.py:830} INFO - Processing file /Library/Frameworks/Python.framework/Versions/3.10/lib/python3.10/site-packages/airflow/example_dags/example_branch_labels.py for tasks to queue
[2024-05-09T15:03:14.984+0700] {logging_mixin.py:188} INFO - [2024-05-09T15:03:14.984+0700] {dagbag.py:540} INFO - Filling up the DagBag from /Library/Frameworks/Python.framework/Versions/3.10/lib/python3.10/site-packages/airflow/example_dags/example_branch_labels.py
[2024-05-09T15:03:15.007+0700] {processor.py:840} INFO - DAG(s) 'example_branch_labels' retrieved from /Library/Frameworks/Python.framework/Versions/3.10/lib/python3.10/site-packages/airflow/example_dags/example_branch_labels.py
[2024-05-09T15:03:15.197+0700] {logging_mixin.py:188} INFO - [2024-05-09T15:03:15.197+0700] {dag.py:3096} INFO - Sync 1 DAGs
[2024-05-09T15:03:15.212+0700] {logging_mixin.py:188} INFO - [2024-05-09T15:03:15.212+0700] {dag.py:3954} INFO - Setting next_dagrun for example_branch_labels to 2024-05-08 00:00:00+00:00, run_after=2024-05-09 00:00:00+00:00
[2024-05-09T15:03:15.230+0700] {processor.py:183} INFO - Processing /Library/Frameworks/Python.framework/Versions/3.10/lib/python3.10/site-packages/airflow/example_dags/example_branch_labels.py took 0.252 seconds
[2024-05-09T15:08:36.261+0700] {processor.py:161} INFO - Started process (PID=86075) to work on /Library/Frameworks/Python.framework/Versions/3.10/lib/python3.10/site-packages/airflow/example_dags/example_branch_labels.py
[2024-05-09T15:08:36.262+0700] {processor.py:830} INFO - Processing file /Library/Frameworks/Python.framework/Versions/3.10/lib/python3.10/site-packages/airflow/example_dags/example_branch_labels.py for tasks to queue
[2024-05-09T15:08:36.262+0700] {logging_mixin.py:188} INFO - [2024-05-09T15:08:36.262+0700] {dagbag.py:540} INFO - Filling up the DagBag from /Library/Frameworks/Python.framework/Versions/3.10/lib/python3.10/site-packages/airflow/example_dags/example_branch_labels.py
[2024-05-09T15:08:36.272+0700] {processor.py:840} INFO - DAG(s) 'example_branch_labels' retrieved from /Library/Frameworks/Python.framework/Versions/3.10/lib/python3.10/site-packages/airflow/example_dags/example_branch_labels.py
[2024-05-09T15:08:36.409+0700] {logging_mixin.py:188} INFO - [2024-05-09T15:08:36.409+0700] {dag.py:3096} INFO - Sync 1 DAGs
[2024-05-09T15:08:36.421+0700] {logging_mixin.py:188} INFO - [2024-05-09T15:08:36.420+0700] {dag.py:3954} INFO - Setting next_dagrun for example_branch_labels to 2024-05-08 00:00:00+00:00, run_after=2024-05-09 00:00:00+00:00
[2024-05-09T15:08:36.434+0700] {processor.py:183} INFO - Processing /Library/Frameworks/Python.framework/Versions/3.10/lib/python3.10/site-packages/airflow/example_dags/example_branch_labels.py took 0.176 seconds
[2024-05-09T15:13:24.214+0700] {processor.py:161} INFO - Started process (PID=88164) to work on /Library/Frameworks/Python.framework/Versions/3.10/lib/python3.10/site-packages/airflow/example_dags/example_branch_labels.py
[2024-05-09T15:13:24.216+0700] {processor.py:830} INFO - Processing file /Library/Frameworks/Python.framework/Versions/3.10/lib/python3.10/site-packages/airflow/example_dags/example_branch_labels.py for tasks to queue
[2024-05-09T15:13:24.216+0700] {logging_mixin.py:188} INFO - [2024-05-09T15:13:24.216+0700] {dagbag.py:540} INFO - Filling up the DagBag from /Library/Frameworks/Python.framework/Versions/3.10/lib/python3.10/site-packages/airflow/example_dags/example_branch_labels.py
[2024-05-09T15:13:24.227+0700] {processor.py:840} INFO - DAG(s) 'example_branch_labels' retrieved from /Library/Frameworks/Python.framework/Versions/3.10/lib/python3.10/site-packages/airflow/example_dags/example_branch_labels.py
[2024-05-09T15:13:24.487+0700] {logging_mixin.py:188} INFO - [2024-05-09T15:13:24.487+0700] {dag.py:3096} INFO - Sync 1 DAGs
[2024-05-09T15:13:24.502+0700] {logging_mixin.py:188} INFO - [2024-05-09T15:13:24.502+0700] {dag.py:3954} INFO - Setting next_dagrun for example_branch_labels to 2024-05-08 00:00:00+00:00, run_after=2024-05-09 00:00:00+00:00
[2024-05-09T15:13:24.520+0700] {processor.py:183} INFO - Processing /Library/Frameworks/Python.framework/Versions/3.10/lib/python3.10/site-packages/airflow/example_dags/example_branch_labels.py took 0.309 seconds
[2024-05-09T15:16:39.024+0700] {processor.py:161} INFO - Started process (PID=89906) to work on /Library/Frameworks/Python.framework/Versions/3.10/lib/python3.10/site-packages/airflow/example_dags/example_branch_labels.py
[2024-05-09T15:16:39.025+0700] {processor.py:830} INFO - Processing file /Library/Frameworks/Python.framework/Versions/3.10/lib/python3.10/site-packages/airflow/example_dags/example_branch_labels.py for tasks to queue
[2024-05-09T15:16:39.026+0700] {logging_mixin.py:188} INFO - [2024-05-09T15:16:39.026+0700] {dagbag.py:540} INFO - Filling up the DagBag from /Library/Frameworks/Python.framework/Versions/3.10/lib/python3.10/site-packages/airflow/example_dags/example_branch_labels.py
[2024-05-09T15:16:39.033+0700] {processor.py:840} INFO - DAG(s) 'example_branch_labels' retrieved from /Library/Frameworks/Python.framework/Versions/3.10/lib/python3.10/site-packages/airflow/example_dags/example_branch_labels.py
[2024-05-09T15:16:39.174+0700] {logging_mixin.py:188} INFO - [2024-05-09T15:16:39.174+0700] {dag.py:3096} INFO - Sync 1 DAGs
[2024-05-09T15:16:39.192+0700] {logging_mixin.py:188} INFO - [2024-05-09T15:16:39.192+0700] {dag.py:3954} INFO - Setting next_dagrun for example_branch_labels to 2024-05-08 00:00:00+00:00, run_after=2024-05-09 00:00:00+00:00
[2024-05-09T15:16:39.214+0700] {processor.py:183} INFO - Processing /Library/Frameworks/Python.framework/Versions/3.10/lib/python3.10/site-packages/airflow/example_dags/example_branch_labels.py took 0.201 seconds
[2024-05-09T15:19:46.639+0700] {processor.py:161} INFO - Started process (PID=91110) to work on /Library/Frameworks/Python.framework/Versions/3.10/lib/python3.10/site-packages/airflow/example_dags/example_branch_labels.py
[2024-05-09T15:19:46.640+0700] {processor.py:830} INFO - Processing file /Library/Frameworks/Python.framework/Versions/3.10/lib/python3.10/site-packages/airflow/example_dags/example_branch_labels.py for tasks to queue
[2024-05-09T15:19:46.641+0700] {logging_mixin.py:188} INFO - [2024-05-09T15:19:46.641+0700] {dagbag.py:540} INFO - Filling up the DagBag from /Library/Frameworks/Python.framework/Versions/3.10/lib/python3.10/site-packages/airflow/example_dags/example_branch_labels.py
[2024-05-09T15:19:46.652+0700] {processor.py:840} INFO - DAG(s) 'example_branch_labels' retrieved from /Library/Frameworks/Python.framework/Versions/3.10/lib/python3.10/site-packages/airflow/example_dags/example_branch_labels.py
[2024-05-09T15:19:46.754+0700] {logging_mixin.py:188} INFO - [2024-05-09T15:19:46.754+0700] {dag.py:3096} INFO - Sync 1 DAGs
[2024-05-09T15:19:46.765+0700] {logging_mixin.py:188} INFO - [2024-05-09T15:19:46.764+0700] {dag.py:3954} INFO - Setting next_dagrun for example_branch_labels to 2024-05-08 00:00:00+00:00, run_after=2024-05-09 00:00:00+00:00
[2024-05-09T15:19:46.780+0700] {processor.py:183} INFO - Processing /Library/Frameworks/Python.framework/Versions/3.10/lib/python3.10/site-packages/airflow/example_dags/example_branch_labels.py took 0.143 seconds
[2024-05-09T15:23:02.828+0700] {processor.py:161} INFO - Started process (PID=94230) to work on /Library/Frameworks/Python.framework/Versions/3.10/lib/python3.10/site-packages/airflow/example_dags/example_branch_labels.py
[2024-05-09T15:23:02.829+0700] {processor.py:830} INFO - Processing file /Library/Frameworks/Python.framework/Versions/3.10/lib/python3.10/site-packages/airflow/example_dags/example_branch_labels.py for tasks to queue
[2024-05-09T15:23:02.830+0700] {logging_mixin.py:188} INFO - [2024-05-09T15:23:02.830+0700] {dagbag.py:540} INFO - Filling up the DagBag from /Library/Frameworks/Python.framework/Versions/3.10/lib/python3.10/site-packages/airflow/example_dags/example_branch_labels.py
[2024-05-09T15:23:02.837+0700] {processor.py:840} INFO - DAG(s) 'example_branch_labels' retrieved from /Library/Frameworks/Python.framework/Versions/3.10/lib/python3.10/site-packages/airflow/example_dags/example_branch_labels.py
[2024-05-09T15:23:02.986+0700] {logging_mixin.py:188} INFO - [2024-05-09T15:23:02.986+0700] {dag.py:3096} INFO - Sync 1 DAGs
[2024-05-09T15:23:02.998+0700] {logging_mixin.py:188} INFO - [2024-05-09T15:23:02.997+0700] {dag.py:3954} INFO - Setting next_dagrun for example_branch_labels to 2024-05-08 00:00:00+00:00, run_after=2024-05-09 00:00:00+00:00
[2024-05-09T15:23:03.009+0700] {processor.py:183} INFO - Processing /Library/Frameworks/Python.framework/Versions/3.10/lib/python3.10/site-packages/airflow/example_dags/example_branch_labels.py took 0.183 seconds
[2024-05-09T15:26:36.677+0700] {processor.py:161} INFO - Started process (PID=95575) to work on /Library/Frameworks/Python.framework/Versions/3.10/lib/python3.10/site-packages/airflow/example_dags/example_branch_labels.py
[2024-05-09T15:26:36.678+0700] {processor.py:830} INFO - Processing file /Library/Frameworks/Python.framework/Versions/3.10/lib/python3.10/site-packages/airflow/example_dags/example_branch_labels.py for tasks to queue
[2024-05-09T15:26:36.678+0700] {logging_mixin.py:188} INFO - [2024-05-09T15:26:36.678+0700] {dagbag.py:540} INFO - Filling up the DagBag from /Library/Frameworks/Python.framework/Versions/3.10/lib/python3.10/site-packages/airflow/example_dags/example_branch_labels.py
[2024-05-09T15:26:36.685+0700] {processor.py:840} INFO - DAG(s) 'example_branch_labels' retrieved from /Library/Frameworks/Python.framework/Versions/3.10/lib/python3.10/site-packages/airflow/example_dags/example_branch_labels.py
[2024-05-09T15:26:36.782+0700] {logging_mixin.py:188} INFO - [2024-05-09T15:26:36.782+0700] {dag.py:3096} INFO - Sync 1 DAGs
[2024-05-09T15:26:36.792+0700] {logging_mixin.py:188} INFO - [2024-05-09T15:26:36.792+0700] {dag.py:3954} INFO - Setting next_dagrun for example_branch_labels to 2024-05-08 00:00:00+00:00, run_after=2024-05-09 00:00:00+00:00
[2024-05-09T15:26:36.804+0700] {processor.py:183} INFO - Processing /Library/Frameworks/Python.framework/Versions/3.10/lib/python3.10/site-packages/airflow/example_dags/example_branch_labels.py took 0.130 seconds
[2024-05-09T15:29:36.445+0700] {processor.py:161} INFO - Started process (PID=96655) to work on /Library/Frameworks/Python.framework/Versions/3.10/lib/python3.10/site-packages/airflow/example_dags/example_branch_labels.py
[2024-05-09T15:29:36.446+0700] {processor.py:830} INFO - Processing file /Library/Frameworks/Python.framework/Versions/3.10/lib/python3.10/site-packages/airflow/example_dags/example_branch_labels.py for tasks to queue
[2024-05-09T15:29:36.447+0700] {logging_mixin.py:188} INFO - [2024-05-09T15:29:36.447+0700] {dagbag.py:540} INFO - Filling up the DagBag from /Library/Frameworks/Python.framework/Versions/3.10/lib/python3.10/site-packages/airflow/example_dags/example_branch_labels.py
[2024-05-09T15:29:36.455+0700] {processor.py:840} INFO - DAG(s) 'example_branch_labels' retrieved from /Library/Frameworks/Python.framework/Versions/3.10/lib/python3.10/site-packages/airflow/example_dags/example_branch_labels.py
[2024-05-09T15:29:36.553+0700] {logging_mixin.py:188} INFO - [2024-05-09T15:29:36.553+0700] {dag.py:3096} INFO - Sync 1 DAGs
[2024-05-09T15:29:36.563+0700] {logging_mixin.py:188} INFO - [2024-05-09T15:29:36.563+0700] {dag.py:3954} INFO - Setting next_dagrun for example_branch_labels to 2024-05-08 00:00:00+00:00, run_after=2024-05-09 00:00:00+00:00
[2024-05-09T15:29:36.574+0700] {processor.py:183} INFO - Processing /Library/Frameworks/Python.framework/Versions/3.10/lib/python3.10/site-packages/airflow/example_dags/example_branch_labels.py took 0.140 seconds
[2024-05-09T15:34:42.043+0700] {processor.py:161} INFO - Started process (PID=98425) to work on /Library/Frameworks/Python.framework/Versions/3.10/lib/python3.10/site-packages/airflow/example_dags/example_branch_labels.py
[2024-05-09T15:34:42.044+0700] {processor.py:830} INFO - Processing file /Library/Frameworks/Python.framework/Versions/3.10/lib/python3.10/site-packages/airflow/example_dags/example_branch_labels.py for tasks to queue
[2024-05-09T15:34:42.045+0700] {logging_mixin.py:188} INFO - [2024-05-09T15:34:42.044+0700] {dagbag.py:540} INFO - Filling up the DagBag from /Library/Frameworks/Python.framework/Versions/3.10/lib/python3.10/site-packages/airflow/example_dags/example_branch_labels.py
[2024-05-09T15:34:42.053+0700] {processor.py:840} INFO - DAG(s) 'example_branch_labels' retrieved from /Library/Frameworks/Python.framework/Versions/3.10/lib/python3.10/site-packages/airflow/example_dags/example_branch_labels.py
[2024-05-09T15:34:42.229+0700] {logging_mixin.py:188} INFO - [2024-05-09T15:34:42.228+0700] {dag.py:3096} INFO - Sync 1 DAGs
[2024-05-09T15:34:42.251+0700] {logging_mixin.py:188} INFO - [2024-05-09T15:34:42.251+0700] {dag.py:3954} INFO - Setting next_dagrun for example_branch_labels to 2024-05-08 00:00:00+00:00, run_after=2024-05-09 00:00:00+00:00
[2024-05-09T15:34:42.272+0700] {processor.py:183} INFO - Processing /Library/Frameworks/Python.framework/Versions/3.10/lib/python3.10/site-packages/airflow/example_dags/example_branch_labels.py took 0.232 seconds
