[2024-05-09T14:31:52.278+0700] {processor.py:161} INFO - Started process (PID=69820) to work on /Library/Frameworks/Python.framework/Versions/3.10/lib/python3.10/site-packages/airflow/example_dags/example_latest_only.py
[2024-05-09T14:31:52.279+0700] {processor.py:830} INFO - Processing file /Library/Frameworks/Python.framework/Versions/3.10/lib/python3.10/site-packages/airflow/example_dags/example_latest_only.py for tasks to queue
[2024-05-09T14:31:52.279+0700] {logging_mixin.py:188} INFO - [2024-05-09T14:31:52.279+0700] {dagbag.py:540} INFO - Filling up the DagBag from /Library/Frameworks/Python.framework/Versions/3.10/lib/python3.10/site-packages/airflow/example_dags/example_latest_only.py
[2024-05-09T14:31:52.283+0700] {processor.py:840} INFO - DAG(s) 'latest_only' retrieved from /Library/Frameworks/Python.framework/Versions/3.10/lib/python3.10/site-packages/airflow/example_dags/example_latest_only.py
[2024-05-09T14:31:52.432+0700] {logging_mixin.py:188} INFO - [2024-05-09T14:31:52.432+0700] {dag.py:3096} INFO - Sync 1 DAGs
[2024-05-09T14:31:52.442+0700] {logging_mixin.py:188} INFO - [2024-05-09T14:31:52.441+0700] {dag.py:3954} INFO - Setting next_dagrun for latest_only to 2024-05-09 00:00:00+00:00, run_after=2024-05-09 04:00:00+00:00
[2024-05-09T14:31:52.453+0700] {processor.py:183} INFO - Processing /Library/Frameworks/Python.framework/Versions/3.10/lib/python3.10/site-packages/airflow/example_dags/example_latest_only.py took 0.176 seconds
[2024-05-09T14:34:08.580+0700] {processor.py:161} INFO - Started process (PID=70618) to work on /Library/Frameworks/Python.framework/Versions/3.10/lib/python3.10/site-packages/airflow/example_dags/example_latest_only.py
[2024-05-09T14:34:08.581+0700] {processor.py:830} INFO - Processing file /Library/Frameworks/Python.framework/Versions/3.10/lib/python3.10/site-packages/airflow/example_dags/example_latest_only.py for tasks to queue
[2024-05-09T14:34:08.581+0700] {logging_mixin.py:188} INFO - [2024-05-09T14:34:08.581+0700] {dagbag.py:540} INFO - Filling up the DagBag from /Library/Frameworks/Python.framework/Versions/3.10/lib/python3.10/site-packages/airflow/example_dags/example_latest_only.py
[2024-05-09T14:34:08.585+0700] {processor.py:840} INFO - DAG(s) 'latest_only' retrieved from /Library/Frameworks/Python.framework/Versions/3.10/lib/python3.10/site-packages/airflow/example_dags/example_latest_only.py
[2024-05-09T14:34:08.738+0700] {logging_mixin.py:188} INFO - [2024-05-09T14:34:08.737+0700] {dag.py:3096} INFO - Sync 1 DAGs
[2024-05-09T14:34:08.747+0700] {logging_mixin.py:188} INFO - [2024-05-09T14:34:08.746+0700] {dag.py:3954} INFO - Setting next_dagrun for latest_only to 2024-05-09 00:00:00+00:00, run_after=2024-05-09 04:00:00+00:00
[2024-05-09T14:34:08.757+0700] {processor.py:183} INFO - Processing /Library/Frameworks/Python.framework/Versions/3.10/lib/python3.10/site-packages/airflow/example_dags/example_latest_only.py took 0.179 seconds
[2024-05-09T14:37:22.448+0700] {processor.py:161} INFO - Started process (PID=71794) to work on /Library/Frameworks/Python.framework/Versions/3.10/lib/python3.10/site-packages/airflow/example_dags/example_latest_only.py
[2024-05-09T14:37:22.449+0700] {processor.py:830} INFO - Processing file /Library/Frameworks/Python.framework/Versions/3.10/lib/python3.10/site-packages/airflow/example_dags/example_latest_only.py for tasks to queue
[2024-05-09T14:37:22.449+0700] {logging_mixin.py:188} INFO - [2024-05-09T14:37:22.449+0700] {dagbag.py:540} INFO - Filling up the DagBag from /Library/Frameworks/Python.framework/Versions/3.10/lib/python3.10/site-packages/airflow/example_dags/example_latest_only.py
[2024-05-09T14:37:22.456+0700] {processor.py:840} INFO - DAG(s) 'latest_only' retrieved from /Library/Frameworks/Python.framework/Versions/3.10/lib/python3.10/site-packages/airflow/example_dags/example_latest_only.py
[2024-05-09T14:37:22.600+0700] {logging_mixin.py:188} INFO - [2024-05-09T14:37:22.600+0700] {dag.py:3096} INFO - Sync 1 DAGs
[2024-05-09T14:37:22.614+0700] {logging_mixin.py:188} INFO - [2024-05-09T14:37:22.614+0700] {dag.py:3954} INFO - Setting next_dagrun for latest_only to 2024-05-09 00:00:00+00:00, run_after=2024-05-09 04:00:00+00:00
[2024-05-09T14:37:22.632+0700] {processor.py:183} INFO - Processing /Library/Frameworks/Python.framework/Versions/3.10/lib/python3.10/site-packages/airflow/example_dags/example_latest_only.py took 0.187 seconds
[2024-05-09T14:40:55.759+0700] {processor.py:161} INFO - Started process (PID=75943) to work on /Library/Frameworks/Python.framework/Versions/3.10/lib/python3.10/site-packages/airflow/example_dags/example_latest_only.py
[2024-05-09T14:40:55.761+0700] {processor.py:830} INFO - Processing file /Library/Frameworks/Python.framework/Versions/3.10/lib/python3.10/site-packages/airflow/example_dags/example_latest_only.py for tasks to queue
[2024-05-09T14:40:55.761+0700] {logging_mixin.py:188} INFO - [2024-05-09T14:40:55.761+0700] {dagbag.py:540} INFO - Filling up the DagBag from /Library/Frameworks/Python.framework/Versions/3.10/lib/python3.10/site-packages/airflow/example_dags/example_latest_only.py
[2024-05-09T14:40:55.772+0700] {processor.py:840} INFO - DAG(s) 'latest_only' retrieved from /Library/Frameworks/Python.framework/Versions/3.10/lib/python3.10/site-packages/airflow/example_dags/example_latest_only.py
[2024-05-09T14:40:55.929+0700] {logging_mixin.py:188} INFO - [2024-05-09T14:40:55.929+0700] {dag.py:3096} INFO - Sync 1 DAGs
[2024-05-09T14:40:55.943+0700] {logging_mixin.py:188} INFO - [2024-05-09T14:40:55.943+0700] {dag.py:3954} INFO - Setting next_dagrun for latest_only to 2024-05-09 00:00:00+00:00, run_after=2024-05-09 04:00:00+00:00
[2024-05-09T14:40:55.963+0700] {processor.py:183} INFO - Processing /Library/Frameworks/Python.framework/Versions/3.10/lib/python3.10/site-packages/airflow/example_dags/example_latest_only.py took 0.206 seconds
[2024-05-09T14:44:56.895+0700] {processor.py:161} INFO - Started process (PID=77705) to work on /Library/Frameworks/Python.framework/Versions/3.10/lib/python3.10/site-packages/airflow/example_dags/example_latest_only.py
[2024-05-09T14:44:56.896+0700] {processor.py:830} INFO - Processing file /Library/Frameworks/Python.framework/Versions/3.10/lib/python3.10/site-packages/airflow/example_dags/example_latest_only.py for tasks to queue
[2024-05-09T14:44:56.896+0700] {logging_mixin.py:188} INFO - [2024-05-09T14:44:56.896+0700] {dagbag.py:540} INFO - Filling up the DagBag from /Library/Frameworks/Python.framework/Versions/3.10/lib/python3.10/site-packages/airflow/example_dags/example_latest_only.py
[2024-05-09T14:44:56.902+0700] {processor.py:840} INFO - DAG(s) 'latest_only' retrieved from /Library/Frameworks/Python.framework/Versions/3.10/lib/python3.10/site-packages/airflow/example_dags/example_latest_only.py
[2024-05-09T14:44:57.051+0700] {logging_mixin.py:188} INFO - [2024-05-09T14:44:57.050+0700] {dag.py:3096} INFO - Sync 1 DAGs
[2024-05-09T14:44:57.060+0700] {logging_mixin.py:188} INFO - [2024-05-09T14:44:57.060+0700] {dag.py:3954} INFO - Setting next_dagrun for latest_only to 2024-05-09 00:00:00+00:00, run_after=2024-05-09 04:00:00+00:00
[2024-05-09T14:44:57.071+0700] {processor.py:183} INFO - Processing /Library/Frameworks/Python.framework/Versions/3.10/lib/python3.10/site-packages/airflow/example_dags/example_latest_only.py took 0.178 seconds
[2024-05-09T14:48:39.849+0700] {processor.py:161} INFO - Started process (PID=79040) to work on /Library/Frameworks/Python.framework/Versions/3.10/lib/python3.10/site-packages/airflow/example_dags/example_latest_only.py
[2024-05-09T14:48:39.850+0700] {processor.py:830} INFO - Processing file /Library/Frameworks/Python.framework/Versions/3.10/lib/python3.10/site-packages/airflow/example_dags/example_latest_only.py for tasks to queue
[2024-05-09T14:48:39.850+0700] {logging_mixin.py:188} INFO - [2024-05-09T14:48:39.850+0700] {dagbag.py:540} INFO - Filling up the DagBag from /Library/Frameworks/Python.framework/Versions/3.10/lib/python3.10/site-packages/airflow/example_dags/example_latest_only.py
[2024-05-09T14:48:39.855+0700] {processor.py:840} INFO - DAG(s) 'latest_only' retrieved from /Library/Frameworks/Python.framework/Versions/3.10/lib/python3.10/site-packages/airflow/example_dags/example_latest_only.py
[2024-05-09T14:48:40.001+0700] {logging_mixin.py:188} INFO - [2024-05-09T14:48:40.001+0700] {dag.py:3096} INFO - Sync 1 DAGs
[2024-05-09T14:48:40.011+0700] {logging_mixin.py:188} INFO - [2024-05-09T14:48:40.011+0700] {dag.py:3954} INFO - Setting next_dagrun for latest_only to 2024-05-09 00:00:00+00:00, run_after=2024-05-09 04:00:00+00:00
[2024-05-09T14:48:40.023+0700] {processor.py:183} INFO - Processing /Library/Frameworks/Python.framework/Versions/3.10/lib/python3.10/site-packages/airflow/example_dags/example_latest_only.py took 0.176 seconds
[2024-05-09T14:52:24.637+0700] {processor.py:161} INFO - Started process (PID=80343) to work on /Library/Frameworks/Python.framework/Versions/3.10/lib/python3.10/site-packages/airflow/example_dags/example_latest_only.py
[2024-05-09T14:52:24.638+0700] {processor.py:830} INFO - Processing file /Library/Frameworks/Python.framework/Versions/3.10/lib/python3.10/site-packages/airflow/example_dags/example_latest_only.py for tasks to queue
[2024-05-09T14:52:24.638+0700] {logging_mixin.py:188} INFO - [2024-05-09T14:52:24.638+0700] {dagbag.py:540} INFO - Filling up the DagBag from /Library/Frameworks/Python.framework/Versions/3.10/lib/python3.10/site-packages/airflow/example_dags/example_latest_only.py
[2024-05-09T14:52:24.643+0700] {processor.py:840} INFO - DAG(s) 'latest_only' retrieved from /Library/Frameworks/Python.framework/Versions/3.10/lib/python3.10/site-packages/airflow/example_dags/example_latest_only.py
[2024-05-09T14:52:24.786+0700] {logging_mixin.py:188} INFO - [2024-05-09T14:52:24.786+0700] {dag.py:3096} INFO - Sync 1 DAGs
[2024-05-09T14:52:24.795+0700] {logging_mixin.py:188} INFO - [2024-05-09T14:52:24.795+0700] {dag.py:3954} INFO - Setting next_dagrun for latest_only to 2024-05-09 00:00:00+00:00, run_after=2024-05-09 04:00:00+00:00
[2024-05-09T14:52:24.806+0700] {processor.py:183} INFO - Processing /Library/Frameworks/Python.framework/Versions/3.10/lib/python3.10/site-packages/airflow/example_dags/example_latest_only.py took 0.171 seconds
[2024-05-09T14:55:30.722+0700] {processor.py:161} INFO - Started process (PID=81534) to work on /Library/Frameworks/Python.framework/Versions/3.10/lib/python3.10/site-packages/airflow/example_dags/example_latest_only.py
[2024-05-09T14:55:30.723+0700] {processor.py:830} INFO - Processing file /Library/Frameworks/Python.framework/Versions/3.10/lib/python3.10/site-packages/airflow/example_dags/example_latest_only.py for tasks to queue
[2024-05-09T14:55:30.723+0700] {logging_mixin.py:188} INFO - [2024-05-09T14:55:30.723+0700] {dagbag.py:540} INFO - Filling up the DagBag from /Library/Frameworks/Python.framework/Versions/3.10/lib/python3.10/site-packages/airflow/example_dags/example_latest_only.py
[2024-05-09T14:55:30.728+0700] {processor.py:840} INFO - DAG(s) 'latest_only' retrieved from /Library/Frameworks/Python.framework/Versions/3.10/lib/python3.10/site-packages/airflow/example_dags/example_latest_only.py
[2024-05-09T14:55:30.872+0700] {logging_mixin.py:188} INFO - [2024-05-09T14:55:30.872+0700] {dag.py:3096} INFO - Sync 1 DAGs
[2024-05-09T14:55:30.881+0700] {logging_mixin.py:188} INFO - [2024-05-09T14:55:30.881+0700] {dag.py:3954} INFO - Setting next_dagrun for latest_only to 2024-05-09 00:00:00+00:00, run_after=2024-05-09 04:00:00+00:00
[2024-05-09T14:55:30.892+0700] {processor.py:183} INFO - Processing /Library/Frameworks/Python.framework/Versions/3.10/lib/python3.10/site-packages/airflow/example_dags/example_latest_only.py took 0.172 seconds
[2024-05-09T14:58:29.737+0700] {processor.py:161} INFO - Started process (PID=82752) to work on /Library/Frameworks/Python.framework/Versions/3.10/lib/python3.10/site-packages/airflow/example_dags/example_latest_only.py
[2024-05-09T14:58:29.739+0700] {processor.py:830} INFO - Processing file /Library/Frameworks/Python.framework/Versions/3.10/lib/python3.10/site-packages/airflow/example_dags/example_latest_only.py for tasks to queue
[2024-05-09T14:58:29.739+0700] {logging_mixin.py:188} INFO - [2024-05-09T14:58:29.739+0700] {dagbag.py:540} INFO - Filling up the DagBag from /Library/Frameworks/Python.framework/Versions/3.10/lib/python3.10/site-packages/airflow/example_dags/example_latest_only.py
[2024-05-09T14:58:29.746+0700] {processor.py:840} INFO - DAG(s) 'latest_only' retrieved from /Library/Frameworks/Python.framework/Versions/3.10/lib/python3.10/site-packages/airflow/example_dags/example_latest_only.py
[2024-05-09T14:58:29.905+0700] {logging_mixin.py:188} INFO - [2024-05-09T14:58:29.904+0700] {dag.py:3096} INFO - Sync 1 DAGs
[2024-05-09T14:58:29.914+0700] {logging_mixin.py:188} INFO - [2024-05-09T14:58:29.914+0700] {dag.py:3954} INFO - Setting next_dagrun for latest_only to 2024-05-09 00:00:00+00:00, run_after=2024-05-09 04:00:00+00:00
[2024-05-09T14:58:29.924+0700] {processor.py:183} INFO - Processing /Library/Frameworks/Python.framework/Versions/3.10/lib/python3.10/site-packages/airflow/example_dags/example_latest_only.py took 0.189 seconds
[2024-05-09T15:01:36.333+0700] {processor.py:161} INFO - Started process (PID=83733) to work on /Library/Frameworks/Python.framework/Versions/3.10/lib/python3.10/site-packages/airflow/example_dags/example_latest_only.py
[2024-05-09T15:01:36.334+0700] {processor.py:830} INFO - Processing file /Library/Frameworks/Python.framework/Versions/3.10/lib/python3.10/site-packages/airflow/example_dags/example_latest_only.py for tasks to queue
[2024-05-09T15:01:36.334+0700] {logging_mixin.py:188} INFO - [2024-05-09T15:01:36.334+0700] {dagbag.py:540} INFO - Filling up the DagBag from /Library/Frameworks/Python.framework/Versions/3.10/lib/python3.10/site-packages/airflow/example_dags/example_latest_only.py
[2024-05-09T15:01:36.345+0700] {processor.py:840} INFO - DAG(s) 'latest_only' retrieved from /Library/Frameworks/Python.framework/Versions/3.10/lib/python3.10/site-packages/airflow/example_dags/example_latest_only.py
[2024-05-09T15:01:36.458+0700] {logging_mixin.py:188} INFO - [2024-05-09T15:01:36.458+0700] {dag.py:3096} INFO - Sync 1 DAGs
[2024-05-09T15:01:36.468+0700] {logging_mixin.py:188} INFO - [2024-05-09T15:01:36.468+0700] {dag.py:3954} INFO - Setting next_dagrun for latest_only to 2024-05-09 04:00:00+00:00, run_after=2024-05-09 08:00:00+00:00
[2024-05-09T15:01:36.487+0700] {processor.py:183} INFO - Processing /Library/Frameworks/Python.framework/Versions/3.10/lib/python3.10/site-packages/airflow/example_dags/example_latest_only.py took 0.156 seconds
[2024-05-09T15:04:49.657+0700] {processor.py:161} INFO - Started process (PID=85020) to work on /Library/Frameworks/Python.framework/Versions/3.10/lib/python3.10/site-packages/airflow/example_dags/example_latest_only.py
[2024-05-09T15:04:49.658+0700] {processor.py:830} INFO - Processing file /Library/Frameworks/Python.framework/Versions/3.10/lib/python3.10/site-packages/airflow/example_dags/example_latest_only.py for tasks to queue
[2024-05-09T15:04:49.658+0700] {logging_mixin.py:188} INFO - [2024-05-09T15:04:49.658+0700] {dagbag.py:540} INFO - Filling up the DagBag from /Library/Frameworks/Python.framework/Versions/3.10/lib/python3.10/site-packages/airflow/example_dags/example_latest_only.py
[2024-05-09T15:04:49.664+0700] {processor.py:840} INFO - DAG(s) 'latest_only' retrieved from /Library/Frameworks/Python.framework/Versions/3.10/lib/python3.10/site-packages/airflow/example_dags/example_latest_only.py
[2024-05-09T15:04:49.781+0700] {logging_mixin.py:188} INFO - [2024-05-09T15:04:49.780+0700] {dag.py:3096} INFO - Sync 1 DAGs
[2024-05-09T15:04:49.792+0700] {logging_mixin.py:188} INFO - [2024-05-09T15:04:49.792+0700] {dag.py:3954} INFO - Setting next_dagrun for latest_only to 2024-05-09 04:00:00+00:00, run_after=2024-05-09 08:00:00+00:00
[2024-05-09T15:04:49.808+0700] {processor.py:183} INFO - Processing /Library/Frameworks/Python.framework/Versions/3.10/lib/python3.10/site-packages/airflow/example_dags/example_latest_only.py took 0.153 seconds
[2024-05-09T15:11:04.610+0700] {processor.py:161} INFO - Started process (PID=87204) to work on /Library/Frameworks/Python.framework/Versions/3.10/lib/python3.10/site-packages/airflow/example_dags/example_latest_only.py
[2024-05-09T15:11:04.616+0700] {processor.py:830} INFO - Processing file /Library/Frameworks/Python.framework/Versions/3.10/lib/python3.10/site-packages/airflow/example_dags/example_latest_only.py for tasks to queue
[2024-05-09T15:11:04.624+0700] {logging_mixin.py:188} INFO - [2024-05-09T15:11:04.624+0700] {dagbag.py:540} INFO - Filling up the DagBag from /Library/Frameworks/Python.framework/Versions/3.10/lib/python3.10/site-packages/airflow/example_dags/example_latest_only.py
[2024-05-09T15:11:04.645+0700] {processor.py:840} INFO - DAG(s) 'latest_only' retrieved from /Library/Frameworks/Python.framework/Versions/3.10/lib/python3.10/site-packages/airflow/example_dags/example_latest_only.py
[2024-05-09T15:11:04.984+0700] {logging_mixin.py:188} INFO - [2024-05-09T15:11:04.984+0700] {dag.py:3096} INFO - Sync 1 DAGs
[2024-05-09T15:11:05.003+0700] {logging_mixin.py:188} INFO - [2024-05-09T15:11:05.003+0700] {dag.py:3954} INFO - Setting next_dagrun for latest_only to 2024-05-09 04:00:00+00:00, run_after=2024-05-09 08:00:00+00:00
[2024-05-09T15:11:05.044+0700] {processor.py:183} INFO - Processing /Library/Frameworks/Python.framework/Versions/3.10/lib/python3.10/site-packages/airflow/example_dags/example_latest_only.py took 0.437 seconds
[2024-05-09T15:13:17.994+0700] {processor.py:161} INFO - Started process (PID=88129) to work on /Library/Frameworks/Python.framework/Versions/3.10/lib/python3.10/site-packages/airflow/example_dags/example_latest_only.py
[2024-05-09T15:13:17.995+0700] {processor.py:830} INFO - Processing file /Library/Frameworks/Python.framework/Versions/3.10/lib/python3.10/site-packages/airflow/example_dags/example_latest_only.py for tasks to queue
[2024-05-09T15:13:17.996+0700] {logging_mixin.py:188} INFO - [2024-05-09T15:13:17.996+0700] {dagbag.py:540} INFO - Filling up the DagBag from /Library/Frameworks/Python.framework/Versions/3.10/lib/python3.10/site-packages/airflow/example_dags/example_latest_only.py
[2024-05-09T15:13:18.005+0700] {processor.py:840} INFO - DAG(s) 'latest_only' retrieved from /Library/Frameworks/Python.framework/Versions/3.10/lib/python3.10/site-packages/airflow/example_dags/example_latest_only.py
[2024-05-09T15:13:18.236+0700] {logging_mixin.py:188} INFO - [2024-05-09T15:13:18.235+0700] {dag.py:3096} INFO - Sync 1 DAGs
[2024-05-09T15:13:18.261+0700] {logging_mixin.py:188} INFO - [2024-05-09T15:13:18.261+0700] {dag.py:3954} INFO - Setting next_dagrun for latest_only to 2024-05-09 04:00:00+00:00, run_after=2024-05-09 08:00:00+00:00
[2024-05-09T15:13:18.283+0700] {processor.py:183} INFO - Processing /Library/Frameworks/Python.framework/Versions/3.10/lib/python3.10/site-packages/airflow/example_dags/example_latest_only.py took 0.292 seconds
[2024-05-09T15:16:32.593+0700] {processor.py:161} INFO - Started process (PID=89862) to work on /Library/Frameworks/Python.framework/Versions/3.10/lib/python3.10/site-packages/airflow/example_dags/example_latest_only.py
[2024-05-09T15:16:32.594+0700] {processor.py:830} INFO - Processing file /Library/Frameworks/Python.framework/Versions/3.10/lib/python3.10/site-packages/airflow/example_dags/example_latest_only.py for tasks to queue
[2024-05-09T15:16:32.594+0700] {logging_mixin.py:188} INFO - [2024-05-09T15:16:32.594+0700] {dagbag.py:540} INFO - Filling up the DagBag from /Library/Frameworks/Python.framework/Versions/3.10/lib/python3.10/site-packages/airflow/example_dags/example_latest_only.py
[2024-05-09T15:16:32.600+0700] {processor.py:840} INFO - DAG(s) 'latest_only' retrieved from /Library/Frameworks/Python.framework/Versions/3.10/lib/python3.10/site-packages/airflow/example_dags/example_latest_only.py
[2024-05-09T15:16:32.702+0700] {logging_mixin.py:188} INFO - [2024-05-09T15:16:32.702+0700] {dag.py:3096} INFO - Sync 1 DAGs
[2024-05-09T15:16:32.712+0700] {logging_mixin.py:188} INFO - [2024-05-09T15:16:32.712+0700] {dag.py:3954} INFO - Setting next_dagrun for latest_only to 2024-05-09 04:00:00+00:00, run_after=2024-05-09 08:00:00+00:00
[2024-05-09T15:16:32.724+0700] {processor.py:183} INFO - Processing /Library/Frameworks/Python.framework/Versions/3.10/lib/python3.10/site-packages/airflow/example_dags/example_latest_only.py took 0.133 seconds
[2024-05-09T15:19:40.063+0700] {processor.py:161} INFO - Started process (PID=91061) to work on /Library/Frameworks/Python.framework/Versions/3.10/lib/python3.10/site-packages/airflow/example_dags/example_latest_only.py
[2024-05-09T15:19:40.064+0700] {processor.py:830} INFO - Processing file /Library/Frameworks/Python.framework/Versions/3.10/lib/python3.10/site-packages/airflow/example_dags/example_latest_only.py for tasks to queue
[2024-05-09T15:19:40.065+0700] {logging_mixin.py:188} INFO - [2024-05-09T15:19:40.065+0700] {dagbag.py:540} INFO - Filling up the DagBag from /Library/Frameworks/Python.framework/Versions/3.10/lib/python3.10/site-packages/airflow/example_dags/example_latest_only.py
[2024-05-09T15:19:40.070+0700] {processor.py:840} INFO - DAG(s) 'latest_only' retrieved from /Library/Frameworks/Python.framework/Versions/3.10/lib/python3.10/site-packages/airflow/example_dags/example_latest_only.py
[2024-05-09T15:19:40.170+0700] {logging_mixin.py:188} INFO - [2024-05-09T15:19:40.170+0700] {dag.py:3096} INFO - Sync 1 DAGs
[2024-05-09T15:19:40.179+0700] {logging_mixin.py:188} INFO - [2024-05-09T15:19:40.179+0700] {dag.py:3954} INFO - Setting next_dagrun for latest_only to 2024-05-09 04:00:00+00:00, run_after=2024-05-09 08:00:00+00:00
[2024-05-09T15:19:40.191+0700] {processor.py:183} INFO - Processing /Library/Frameworks/Python.framework/Versions/3.10/lib/python3.10/site-packages/airflow/example_dags/example_latest_only.py took 0.133 seconds
[2024-05-09T15:22:54.784+0700] {processor.py:161} INFO - Started process (PID=94170) to work on /Library/Frameworks/Python.framework/Versions/3.10/lib/python3.10/site-packages/airflow/example_dags/example_latest_only.py
[2024-05-09T15:22:54.785+0700] {processor.py:830} INFO - Processing file /Library/Frameworks/Python.framework/Versions/3.10/lib/python3.10/site-packages/airflow/example_dags/example_latest_only.py for tasks to queue
[2024-05-09T15:22:54.787+0700] {logging_mixin.py:188} INFO - [2024-05-09T15:22:54.787+0700] {dagbag.py:540} INFO - Filling up the DagBag from /Library/Frameworks/Python.framework/Versions/3.10/lib/python3.10/site-packages/airflow/example_dags/example_latest_only.py
[2024-05-09T15:22:54.802+0700] {processor.py:840} INFO - DAG(s) 'latest_only' retrieved from /Library/Frameworks/Python.framework/Versions/3.10/lib/python3.10/site-packages/airflow/example_dags/example_latest_only.py
[2024-05-09T15:22:55.008+0700] {logging_mixin.py:188} INFO - [2024-05-09T15:22:55.008+0700] {dag.py:3096} INFO - Sync 1 DAGs
[2024-05-09T15:22:55.020+0700] {logging_mixin.py:188} INFO - [2024-05-09T15:22:55.020+0700] {dag.py:3954} INFO - Setting next_dagrun for latest_only to 2024-05-09 04:00:00+00:00, run_after=2024-05-09 08:00:00+00:00
[2024-05-09T15:22:55.035+0700] {processor.py:183} INFO - Processing /Library/Frameworks/Python.framework/Versions/3.10/lib/python3.10/site-packages/airflow/example_dags/example_latest_only.py took 0.255 seconds
[2024-05-09T15:26:29.404+0700] {processor.py:161} INFO - Started process (PID=95535) to work on /Library/Frameworks/Python.framework/Versions/3.10/lib/python3.10/site-packages/airflow/example_dags/example_latest_only.py
[2024-05-09T15:26:29.405+0700] {processor.py:830} INFO - Processing file /Library/Frameworks/Python.framework/Versions/3.10/lib/python3.10/site-packages/airflow/example_dags/example_latest_only.py for tasks to queue
[2024-05-09T15:26:29.405+0700] {logging_mixin.py:188} INFO - [2024-05-09T15:26:29.405+0700] {dagbag.py:540} INFO - Filling up the DagBag from /Library/Frameworks/Python.framework/Versions/3.10/lib/python3.10/site-packages/airflow/example_dags/example_latest_only.py
[2024-05-09T15:26:29.410+0700] {processor.py:840} INFO - DAG(s) 'latest_only' retrieved from /Library/Frameworks/Python.framework/Versions/3.10/lib/python3.10/site-packages/airflow/example_dags/example_latest_only.py
[2024-05-09T15:26:29.506+0700] {logging_mixin.py:188} INFO - [2024-05-09T15:26:29.506+0700] {dag.py:3096} INFO - Sync 1 DAGs
[2024-05-09T15:26:29.515+0700] {logging_mixin.py:188} INFO - [2024-05-09T15:26:29.515+0700] {dag.py:3954} INFO - Setting next_dagrun for latest_only to 2024-05-09 04:00:00+00:00, run_after=2024-05-09 08:00:00+00:00
[2024-05-09T15:26:29.527+0700] {processor.py:183} INFO - Processing /Library/Frameworks/Python.framework/Versions/3.10/lib/python3.10/site-packages/airflow/example_dags/example_latest_only.py took 0.128 seconds
[2024-05-09T15:29:30.394+0700] {processor.py:161} INFO - Started process (PID=96610) to work on /Library/Frameworks/Python.framework/Versions/3.10/lib/python3.10/site-packages/airflow/example_dags/example_latest_only.py
[2024-05-09T15:29:30.395+0700] {processor.py:830} INFO - Processing file /Library/Frameworks/Python.framework/Versions/3.10/lib/python3.10/site-packages/airflow/example_dags/example_latest_only.py for tasks to queue
[2024-05-09T15:29:30.396+0700] {logging_mixin.py:188} INFO - [2024-05-09T15:29:30.396+0700] {dagbag.py:540} INFO - Filling up the DagBag from /Library/Frameworks/Python.framework/Versions/3.10/lib/python3.10/site-packages/airflow/example_dags/example_latest_only.py
[2024-05-09T15:29:30.405+0700] {processor.py:840} INFO - DAG(s) 'latest_only' retrieved from /Library/Frameworks/Python.framework/Versions/3.10/lib/python3.10/site-packages/airflow/example_dags/example_latest_only.py
[2024-05-09T15:29:30.506+0700] {logging_mixin.py:188} INFO - [2024-05-09T15:29:30.506+0700] {dag.py:3096} INFO - Sync 1 DAGs
[2024-05-09T15:29:30.515+0700] {logging_mixin.py:188} INFO - [2024-05-09T15:29:30.515+0700] {dag.py:3954} INFO - Setting next_dagrun for latest_only to 2024-05-09 04:00:00+00:00, run_after=2024-05-09 08:00:00+00:00
[2024-05-09T15:29:30.527+0700] {processor.py:183} INFO - Processing /Library/Frameworks/Python.framework/Versions/3.10/lib/python3.10/site-packages/airflow/example_dags/example_latest_only.py took 0.136 seconds
[2024-05-09T15:34:26.432+0700] {processor.py:161} INFO - Started process (PID=98326) to work on /Library/Frameworks/Python.framework/Versions/3.10/lib/python3.10/site-packages/airflow/example_dags/example_latest_only.py
[2024-05-09T15:34:26.433+0700] {processor.py:830} INFO - Processing file /Library/Frameworks/Python.framework/Versions/3.10/lib/python3.10/site-packages/airflow/example_dags/example_latest_only.py for tasks to queue
[2024-05-09T15:34:26.434+0700] {logging_mixin.py:188} INFO - [2024-05-09T15:34:26.434+0700] {dagbag.py:540} INFO - Filling up the DagBag from /Library/Frameworks/Python.framework/Versions/3.10/lib/python3.10/site-packages/airflow/example_dags/example_latest_only.py
[2024-05-09T15:34:26.438+0700] {processor.py:840} INFO - DAG(s) 'latest_only' retrieved from /Library/Frameworks/Python.framework/Versions/3.10/lib/python3.10/site-packages/airflow/example_dags/example_latest_only.py
[2024-05-09T15:34:26.535+0700] {logging_mixin.py:188} INFO - [2024-05-09T15:34:26.535+0700] {dag.py:3096} INFO - Sync 1 DAGs
[2024-05-09T15:34:26.544+0700] {logging_mixin.py:188} INFO - [2024-05-09T15:34:26.544+0700] {dag.py:3954} INFO - Setting next_dagrun for latest_only to 2024-05-09 04:00:00+00:00, run_after=2024-05-09 08:00:00+00:00
[2024-05-09T15:34:26.556+0700] {processor.py:183} INFO - Processing /Library/Frameworks/Python.framework/Versions/3.10/lib/python3.10/site-packages/airflow/example_dags/example_latest_only.py took 0.126 seconds
