[2024-05-09T14:32:04.732+0700] {processor.py:161} INFO - Started process (PID=69880) to work on /Library/Frameworks/Python.framework/Versions/3.10/lib/python3.10/site-packages/airflow/example_dags/example_datasets.py
[2024-05-09T14:32:04.733+0700] {processor.py:830} INFO - Processing file /Library/Frameworks/Python.framework/Versions/3.10/lib/python3.10/site-packages/airflow/example_dags/example_datasets.py for tasks to queue
[2024-05-09T14:32:04.733+0700] {logging_mixin.py:188} INFO - [2024-05-09T14:32:04.733+0700] {dagbag.py:540} INFO - Filling up the DagBag from /Library/Frameworks/Python.framework/Versions/3.10/lib/python3.10/site-packages/airflow/example_dags/example_datasets.py
[2024-05-09T14:32:04.776+0700] {processor.py:840} INFO - DAG(s) 'consume_1_or_2_with_dataset_expressions', 'consume_1_and_2_with_dataset_expressions', 'dataset_consumes_1', 'conditional_dataset_and_time_based_timetable', 'dataset_consumes_1_never_scheduled', 'dataset_produces_1', 'dataset_produces_2', 'dataset_consumes_1_and_2', 'consume_1_or_both_2_and_3_with_dataset_expressions', 'dataset_consumes_unknown_never_scheduled' retrieved from /Library/Frameworks/Python.framework/Versions/3.10/lib/python3.10/site-packages/airflow/example_dags/example_datasets.py
[2024-05-09T14:32:04.958+0700] {logging_mixin.py:188} INFO - [2024-05-09T14:32:04.958+0700] {dag.py:3096} INFO - Sync 10 DAGs
[2024-05-09T14:32:04.970+0700] {logging_mixin.py:188} INFO - [2024-05-09T14:32:04.970+0700] {dag.py:3954} INFO - Setting next_dagrun for conditional_dataset_and_time_based_timetable to 2024-05-08 01:00:00+00:00, run_after=2024-05-08 01:00:00+00:00
[2024-05-09T14:32:04.971+0700] {logging_mixin.py:188} INFO - [2024-05-09T14:32:04.971+0700] {dag.py:3954} INFO - Setting next_dagrun for consume_1_and_2_with_dataset_expressions to None, run_after=None
[2024-05-09T14:32:04.972+0700] {logging_mixin.py:188} INFO - [2024-05-09T14:32:04.972+0700] {dag.py:3954} INFO - Setting next_dagrun for consume_1_or_2_with_dataset_expressions to None, run_after=None
[2024-05-09T14:32:04.973+0700] {logging_mixin.py:188} INFO - [2024-05-09T14:32:04.972+0700] {dag.py:3954} INFO - Setting next_dagrun for consume_1_or_both_2_and_3_with_dataset_expressions to None, run_after=None
[2024-05-09T14:32:04.973+0700] {logging_mixin.py:188} INFO - [2024-05-09T14:32:04.973+0700] {dag.py:3954} INFO - Setting next_dagrun for dataset_consumes_1 to None, run_after=None
[2024-05-09T14:32:04.973+0700] {logging_mixin.py:188} INFO - [2024-05-09T14:32:04.973+0700] {dag.py:3954} INFO - Setting next_dagrun for dataset_consumes_1_and_2 to None, run_after=None
[2024-05-09T14:32:04.974+0700] {logging_mixin.py:188} INFO - [2024-05-09T14:32:04.974+0700] {dag.py:3954} INFO - Setting next_dagrun for dataset_consumes_1_never_scheduled to None, run_after=None
[2024-05-09T14:32:04.974+0700] {logging_mixin.py:188} INFO - [2024-05-09T14:32:04.974+0700] {dag.py:3954} INFO - Setting next_dagrun for dataset_consumes_unknown_never_scheduled to None, run_after=None
[2024-05-09T14:32:04.975+0700] {logging_mixin.py:188} INFO - [2024-05-09T14:32:04.975+0700] {dag.py:3954} INFO - Setting next_dagrun for dataset_produces_1 to 2024-05-08 00:00:00+00:00, run_after=2024-05-09 00:00:00+00:00
[2024-05-09T14:32:04.976+0700] {logging_mixin.py:188} INFO - [2024-05-09T14:32:04.976+0700] {dag.py:3954} INFO - Setting next_dagrun for dataset_produces_2 to None, run_after=None
[2024-05-09T14:32:04.993+0700] {processor.py:183} INFO - Processing /Library/Frameworks/Python.framework/Versions/3.10/lib/python3.10/site-packages/airflow/example_dags/example_datasets.py took 0.263 seconds
[2024-05-09T14:35:37.113+0700] {processor.py:161} INFO - Started process (PID=71142) to work on /Library/Frameworks/Python.framework/Versions/3.10/lib/python3.10/site-packages/airflow/example_dags/example_datasets.py
[2024-05-09T14:35:37.115+0700] {processor.py:830} INFO - Processing file /Library/Frameworks/Python.framework/Versions/3.10/lib/python3.10/site-packages/airflow/example_dags/example_datasets.py for tasks to queue
[2024-05-09T14:35:37.116+0700] {logging_mixin.py:188} INFO - [2024-05-09T14:35:37.115+0700] {dagbag.py:540} INFO - Filling up the DagBag from /Library/Frameworks/Python.framework/Versions/3.10/lib/python3.10/site-packages/airflow/example_dags/example_datasets.py
[2024-05-09T14:35:37.169+0700] {processor.py:840} INFO - DAG(s) 'dataset_produces_2', 'dataset_produces_1', 'dataset_consumes_1', 'dataset_consumes_unknown_never_scheduled', 'dataset_consumes_1_never_scheduled', 'consume_1_and_2_with_dataset_expressions', 'dataset_consumes_1_and_2', 'consume_1_or_2_with_dataset_expressions', 'consume_1_or_both_2_and_3_with_dataset_expressions', 'conditional_dataset_and_time_based_timetable' retrieved from /Library/Frameworks/Python.framework/Versions/3.10/lib/python3.10/site-packages/airflow/example_dags/example_datasets.py
[2024-05-09T14:35:37.378+0700] {logging_mixin.py:188} INFO - [2024-05-09T14:35:37.378+0700] {dag.py:3096} INFO - Sync 10 DAGs
[2024-05-09T14:35:37.389+0700] {logging_mixin.py:188} INFO - [2024-05-09T14:35:37.389+0700] {dag.py:3954} INFO - Setting next_dagrun for conditional_dataset_and_time_based_timetable to 2024-05-08 01:00:00+00:00, run_after=2024-05-08 01:00:00+00:00
[2024-05-09T14:35:37.391+0700] {logging_mixin.py:188} INFO - [2024-05-09T14:35:37.391+0700] {dag.py:3954} INFO - Setting next_dagrun for consume_1_and_2_with_dataset_expressions to None, run_after=None
[2024-05-09T14:35:37.391+0700] {logging_mixin.py:188} INFO - [2024-05-09T14:35:37.391+0700] {dag.py:3954} INFO - Setting next_dagrun for consume_1_or_2_with_dataset_expressions to None, run_after=None
[2024-05-09T14:35:37.392+0700] {logging_mixin.py:188} INFO - [2024-05-09T14:35:37.392+0700] {dag.py:3954} INFO - Setting next_dagrun for consume_1_or_both_2_and_3_with_dataset_expressions to None, run_after=None
[2024-05-09T14:35:37.392+0700] {logging_mixin.py:188} INFO - [2024-05-09T14:35:37.392+0700] {dag.py:3954} INFO - Setting next_dagrun for dataset_consumes_1 to None, run_after=None
[2024-05-09T14:35:37.393+0700] {logging_mixin.py:188} INFO - [2024-05-09T14:35:37.393+0700] {dag.py:3954} INFO - Setting next_dagrun for dataset_consumes_1_and_2 to None, run_after=None
[2024-05-09T14:35:37.393+0700] {logging_mixin.py:188} INFO - [2024-05-09T14:35:37.393+0700] {dag.py:3954} INFO - Setting next_dagrun for dataset_consumes_1_never_scheduled to None, run_after=None
[2024-05-09T14:35:37.394+0700] {logging_mixin.py:188} INFO - [2024-05-09T14:35:37.394+0700] {dag.py:3954} INFO - Setting next_dagrun for dataset_consumes_unknown_never_scheduled to None, run_after=None
[2024-05-09T14:35:37.395+0700] {logging_mixin.py:188} INFO - [2024-05-09T14:35:37.395+0700] {dag.py:3954} INFO - Setting next_dagrun for dataset_produces_1 to 2024-05-08 00:00:00+00:00, run_after=2024-05-09 00:00:00+00:00
[2024-05-09T14:35:37.395+0700] {logging_mixin.py:188} INFO - [2024-05-09T14:35:37.395+0700] {dag.py:3954} INFO - Setting next_dagrun for dataset_produces_2 to None, run_after=None
[2024-05-09T14:35:37.413+0700] {processor.py:183} INFO - Processing /Library/Frameworks/Python.framework/Versions/3.10/lib/python3.10/site-packages/airflow/example_dags/example_datasets.py took 0.305 seconds
[2024-05-09T14:38:38.041+0700] {processor.py:161} INFO - Started process (PID=72442) to work on /Library/Frameworks/Python.framework/Versions/3.10/lib/python3.10/site-packages/airflow/example_dags/example_datasets.py
[2024-05-09T14:38:38.042+0700] {processor.py:830} INFO - Processing file /Library/Frameworks/Python.framework/Versions/3.10/lib/python3.10/site-packages/airflow/example_dags/example_datasets.py for tasks to queue
[2024-05-09T14:38:38.043+0700] {logging_mixin.py:188} INFO - [2024-05-09T14:38:38.042+0700] {dagbag.py:540} INFO - Filling up the DagBag from /Library/Frameworks/Python.framework/Versions/3.10/lib/python3.10/site-packages/airflow/example_dags/example_datasets.py
[2024-05-09T14:38:38.116+0700] {processor.py:840} INFO - DAG(s) 'conditional_dataset_and_time_based_timetable', 'dataset_consumes_1', 'dataset_consumes_1_never_scheduled', 'consume_1_or_both_2_and_3_with_dataset_expressions', 'dataset_produces_2', 'consume_1_or_2_with_dataset_expressions', 'dataset_consumes_unknown_never_scheduled', 'dataset_consumes_1_and_2', 'dataset_produces_1', 'consume_1_and_2_with_dataset_expressions' retrieved from /Library/Frameworks/Python.framework/Versions/3.10/lib/python3.10/site-packages/airflow/example_dags/example_datasets.py
[2024-05-09T14:38:38.522+0700] {logging_mixin.py:188} INFO - [2024-05-09T14:38:38.522+0700] {dag.py:3096} INFO - Sync 10 DAGs
[2024-05-09T14:38:38.544+0700] {logging_mixin.py:188} INFO - [2024-05-09T14:38:38.544+0700] {dag.py:3954} INFO - Setting next_dagrun for conditional_dataset_and_time_based_timetable to 2024-05-08 01:00:00+00:00, run_after=2024-05-08 01:00:00+00:00
[2024-05-09T14:38:38.547+0700] {logging_mixin.py:188} INFO - [2024-05-09T14:38:38.547+0700] {dag.py:3954} INFO - Setting next_dagrun for consume_1_and_2_with_dataset_expressions to None, run_after=None
[2024-05-09T14:38:38.548+0700] {logging_mixin.py:188} INFO - [2024-05-09T14:38:38.548+0700] {dag.py:3954} INFO - Setting next_dagrun for consume_1_or_2_with_dataset_expressions to None, run_after=None
[2024-05-09T14:38:38.549+0700] {logging_mixin.py:188} INFO - [2024-05-09T14:38:38.549+0700] {dag.py:3954} INFO - Setting next_dagrun for consume_1_or_both_2_and_3_with_dataset_expressions to None, run_after=None
[2024-05-09T14:38:38.550+0700] {logging_mixin.py:188} INFO - [2024-05-09T14:38:38.550+0700] {dag.py:3954} INFO - Setting next_dagrun for dataset_consumes_1 to None, run_after=None
[2024-05-09T14:38:38.551+0700] {logging_mixin.py:188} INFO - [2024-05-09T14:38:38.551+0700] {dag.py:3954} INFO - Setting next_dagrun for dataset_consumes_1_and_2 to None, run_after=None
[2024-05-09T14:38:38.553+0700] {logging_mixin.py:188} INFO - [2024-05-09T14:38:38.553+0700] {dag.py:3954} INFO - Setting next_dagrun for dataset_consumes_1_never_scheduled to None, run_after=None
[2024-05-09T14:38:38.556+0700] {logging_mixin.py:188} INFO - [2024-05-09T14:38:38.555+0700] {dag.py:3954} INFO - Setting next_dagrun for dataset_consumes_unknown_never_scheduled to None, run_after=None
[2024-05-09T14:38:38.560+0700] {logging_mixin.py:188} INFO - [2024-05-09T14:38:38.560+0700] {dag.py:3954} INFO - Setting next_dagrun for dataset_produces_1 to 2024-05-08 00:00:00+00:00, run_after=2024-05-09 00:00:00+00:00
[2024-05-09T14:38:38.564+0700] {logging_mixin.py:188} INFO - [2024-05-09T14:38:38.563+0700] {dag.py:3954} INFO - Setting next_dagrun for dataset_produces_2 to None, run_after=None
[2024-05-09T14:38:38.610+0700] {processor.py:183} INFO - Processing /Library/Frameworks/Python.framework/Versions/3.10/lib/python3.10/site-packages/airflow/example_dags/example_datasets.py took 0.572 seconds
[2024-05-09T14:41:13.719+0700] {processor.py:161} INFO - Started process (PID=76070) to work on /Library/Frameworks/Python.framework/Versions/3.10/lib/python3.10/site-packages/airflow/example_dags/example_datasets.py
[2024-05-09T14:41:13.720+0700] {processor.py:830} INFO - Processing file /Library/Frameworks/Python.framework/Versions/3.10/lib/python3.10/site-packages/airflow/example_dags/example_datasets.py for tasks to queue
[2024-05-09T14:41:13.720+0700] {logging_mixin.py:188} INFO - [2024-05-09T14:41:13.720+0700] {dagbag.py:540} INFO - Filling up the DagBag from /Library/Frameworks/Python.framework/Versions/3.10/lib/python3.10/site-packages/airflow/example_dags/example_datasets.py
[2024-05-09T14:41:13.762+0700] {processor.py:840} INFO - DAG(s) 'dataset_consumes_1', 'consume_1_and_2_with_dataset_expressions', 'conditional_dataset_and_time_based_timetable', 'consume_1_or_both_2_and_3_with_dataset_expressions', 'dataset_consumes_unknown_never_scheduled', 'consume_1_or_2_with_dataset_expressions', 'dataset_produces_1', 'dataset_produces_2', 'dataset_consumes_1_and_2', 'dataset_consumes_1_never_scheduled' retrieved from /Library/Frameworks/Python.framework/Versions/3.10/lib/python3.10/site-packages/airflow/example_dags/example_datasets.py
[2024-05-09T14:41:13.877+0700] {logging_mixin.py:188} INFO - [2024-05-09T14:41:13.876+0700] {dag.py:3096} INFO - Sync 10 DAGs
[2024-05-09T14:41:13.888+0700] {logging_mixin.py:188} INFO - [2024-05-09T14:41:13.888+0700] {dag.py:3954} INFO - Setting next_dagrun for conditional_dataset_and_time_based_timetable to 2024-05-08 01:00:00+00:00, run_after=2024-05-08 01:00:00+00:00
[2024-05-09T14:41:13.890+0700] {logging_mixin.py:188} INFO - [2024-05-09T14:41:13.890+0700] {dag.py:3954} INFO - Setting next_dagrun for consume_1_and_2_with_dataset_expressions to None, run_after=None
[2024-05-09T14:41:13.891+0700] {logging_mixin.py:188} INFO - [2024-05-09T14:41:13.891+0700] {dag.py:3954} INFO - Setting next_dagrun for consume_1_or_2_with_dataset_expressions to None, run_after=None
[2024-05-09T14:41:13.891+0700] {logging_mixin.py:188} INFO - [2024-05-09T14:41:13.891+0700] {dag.py:3954} INFO - Setting next_dagrun for consume_1_or_both_2_and_3_with_dataset_expressions to None, run_after=None
[2024-05-09T14:41:13.892+0700] {logging_mixin.py:188} INFO - [2024-05-09T14:41:13.892+0700] {dag.py:3954} INFO - Setting next_dagrun for dataset_consumes_1 to None, run_after=None
[2024-05-09T14:41:13.892+0700] {logging_mixin.py:188} INFO - [2024-05-09T14:41:13.892+0700] {dag.py:3954} INFO - Setting next_dagrun for dataset_consumes_1_and_2 to None, run_after=None
[2024-05-09T14:41:13.893+0700] {logging_mixin.py:188} INFO - [2024-05-09T14:41:13.893+0700] {dag.py:3954} INFO - Setting next_dagrun for dataset_consumes_1_never_scheduled to None, run_after=None
[2024-05-09T14:41:13.893+0700] {logging_mixin.py:188} INFO - [2024-05-09T14:41:13.893+0700] {dag.py:3954} INFO - Setting next_dagrun for dataset_consumes_unknown_never_scheduled to None, run_after=None
[2024-05-09T14:41:13.894+0700] {logging_mixin.py:188} INFO - [2024-05-09T14:41:13.894+0700] {dag.py:3954} INFO - Setting next_dagrun for dataset_produces_1 to 2024-05-08 00:00:00+00:00, run_after=2024-05-09 00:00:00+00:00
[2024-05-09T14:41:13.895+0700] {logging_mixin.py:188} INFO - [2024-05-09T14:41:13.895+0700] {dag.py:3954} INFO - Setting next_dagrun for dataset_produces_2 to None, run_after=None
[2024-05-09T14:41:13.911+0700] {processor.py:183} INFO - Processing /Library/Frameworks/Python.framework/Versions/3.10/lib/python3.10/site-packages/airflow/example_dags/example_datasets.py took 0.194 seconds
[2024-05-09T14:45:11.695+0700] {processor.py:161} INFO - Started process (PID=77801) to work on /Library/Frameworks/Python.framework/Versions/3.10/lib/python3.10/site-packages/airflow/example_dags/example_datasets.py
[2024-05-09T14:45:11.696+0700] {processor.py:830} INFO - Processing file /Library/Frameworks/Python.framework/Versions/3.10/lib/python3.10/site-packages/airflow/example_dags/example_datasets.py for tasks to queue
[2024-05-09T14:45:11.697+0700] {logging_mixin.py:188} INFO - [2024-05-09T14:45:11.697+0700] {dagbag.py:540} INFO - Filling up the DagBag from /Library/Frameworks/Python.framework/Versions/3.10/lib/python3.10/site-packages/airflow/example_dags/example_datasets.py
[2024-05-09T14:45:11.772+0700] {processor.py:840} INFO - DAG(s) 'consume_1_or_2_with_dataset_expressions', 'conditional_dataset_and_time_based_timetable', 'consume_1_and_2_with_dataset_expressions', 'consume_1_or_both_2_and_3_with_dataset_expressions', 'dataset_consumes_1', 'dataset_produces_2', 'dataset_produces_1', 'dataset_consumes_unknown_never_scheduled', 'dataset_consumes_1_and_2', 'dataset_consumes_1_never_scheduled' retrieved from /Library/Frameworks/Python.framework/Versions/3.10/lib/python3.10/site-packages/airflow/example_dags/example_datasets.py
[2024-05-09T14:45:11.973+0700] {logging_mixin.py:188} INFO - [2024-05-09T14:45:11.972+0700] {dag.py:3096} INFO - Sync 10 DAGs
[2024-05-09T14:45:11.986+0700] {logging_mixin.py:188} INFO - [2024-05-09T14:45:11.985+0700] {dag.py:3954} INFO - Setting next_dagrun for conditional_dataset_and_time_based_timetable to 2024-05-08 01:00:00+00:00, run_after=2024-05-08 01:00:00+00:00
[2024-05-09T14:45:11.987+0700] {logging_mixin.py:188} INFO - [2024-05-09T14:45:11.987+0700] {dag.py:3954} INFO - Setting next_dagrun for consume_1_and_2_with_dataset_expressions to None, run_after=None
[2024-05-09T14:45:11.988+0700] {logging_mixin.py:188} INFO - [2024-05-09T14:45:11.988+0700] {dag.py:3954} INFO - Setting next_dagrun for consume_1_or_2_with_dataset_expressions to None, run_after=None
[2024-05-09T14:45:11.990+0700] {logging_mixin.py:188} INFO - [2024-05-09T14:45:11.990+0700] {dag.py:3954} INFO - Setting next_dagrun for consume_1_or_both_2_and_3_with_dataset_expressions to None, run_after=None
[2024-05-09T14:45:11.990+0700] {logging_mixin.py:188} INFO - [2024-05-09T14:45:11.990+0700] {dag.py:3954} INFO - Setting next_dagrun for dataset_consumes_1 to None, run_after=None
[2024-05-09T14:45:11.991+0700] {logging_mixin.py:188} INFO - [2024-05-09T14:45:11.990+0700] {dag.py:3954} INFO - Setting next_dagrun for dataset_consumes_1_and_2 to None, run_after=None
[2024-05-09T14:45:11.991+0700] {logging_mixin.py:188} INFO - [2024-05-09T14:45:11.991+0700] {dag.py:3954} INFO - Setting next_dagrun for dataset_consumes_1_never_scheduled to None, run_after=None
[2024-05-09T14:45:11.991+0700] {logging_mixin.py:188} INFO - [2024-05-09T14:45:11.991+0700] {dag.py:3954} INFO - Setting next_dagrun for dataset_consumes_unknown_never_scheduled to None, run_after=None
[2024-05-09T14:45:11.993+0700] {logging_mixin.py:188} INFO - [2024-05-09T14:45:11.992+0700] {dag.py:3954} INFO - Setting next_dagrun for dataset_produces_1 to 2024-05-08 00:00:00+00:00, run_after=2024-05-09 00:00:00+00:00
[2024-05-09T14:45:11.993+0700] {logging_mixin.py:188} INFO - [2024-05-09T14:45:11.993+0700] {dag.py:3954} INFO - Setting next_dagrun for dataset_produces_2 to None, run_after=None
[2024-05-09T14:45:12.011+0700] {processor.py:183} INFO - Processing /Library/Frameworks/Python.framework/Versions/3.10/lib/python3.10/site-packages/airflow/example_dags/example_datasets.py took 0.320 seconds
[2024-05-09T14:48:53.412+0700] {processor.py:161} INFO - Started process (PID=79097) to work on /Library/Frameworks/Python.framework/Versions/3.10/lib/python3.10/site-packages/airflow/example_dags/example_datasets.py
[2024-05-09T14:48:53.413+0700] {processor.py:830} INFO - Processing file /Library/Frameworks/Python.framework/Versions/3.10/lib/python3.10/site-packages/airflow/example_dags/example_datasets.py for tasks to queue
[2024-05-09T14:48:53.414+0700] {logging_mixin.py:188} INFO - [2024-05-09T14:48:53.414+0700] {dagbag.py:540} INFO - Filling up the DagBag from /Library/Frameworks/Python.framework/Versions/3.10/lib/python3.10/site-packages/airflow/example_dags/example_datasets.py
[2024-05-09T14:48:53.461+0700] {processor.py:840} INFO - DAG(s) 'consume_1_or_2_with_dataset_expressions', 'conditional_dataset_and_time_based_timetable', 'dataset_consumes_1_and_2', 'dataset_produces_2', 'dataset_consumes_1', 'dataset_consumes_unknown_never_scheduled', 'consume_1_and_2_with_dataset_expressions', 'consume_1_or_both_2_and_3_with_dataset_expressions', 'dataset_produces_1', 'dataset_consumes_1_never_scheduled' retrieved from /Library/Frameworks/Python.framework/Versions/3.10/lib/python3.10/site-packages/airflow/example_dags/example_datasets.py
[2024-05-09T14:48:53.651+0700] {logging_mixin.py:188} INFO - [2024-05-09T14:48:53.651+0700] {dag.py:3096} INFO - Sync 10 DAGs
[2024-05-09T14:48:53.664+0700] {logging_mixin.py:188} INFO - [2024-05-09T14:48:53.663+0700] {dag.py:3954} INFO - Setting next_dagrun for conditional_dataset_and_time_based_timetable to 2024-05-08 01:00:00+00:00, run_after=2024-05-08 01:00:00+00:00
[2024-05-09T14:48:53.665+0700] {logging_mixin.py:188} INFO - [2024-05-09T14:48:53.665+0700] {dag.py:3954} INFO - Setting next_dagrun for consume_1_and_2_with_dataset_expressions to None, run_after=None
[2024-05-09T14:48:53.666+0700] {logging_mixin.py:188} INFO - [2024-05-09T14:48:53.666+0700] {dag.py:3954} INFO - Setting next_dagrun for consume_1_or_2_with_dataset_expressions to None, run_after=None
[2024-05-09T14:48:53.666+0700] {logging_mixin.py:188} INFO - [2024-05-09T14:48:53.666+0700] {dag.py:3954} INFO - Setting next_dagrun for consume_1_or_both_2_and_3_with_dataset_expressions to None, run_after=None
[2024-05-09T14:48:53.667+0700] {logging_mixin.py:188} INFO - [2024-05-09T14:48:53.667+0700] {dag.py:3954} INFO - Setting next_dagrun for dataset_consumes_1 to None, run_after=None
[2024-05-09T14:48:53.667+0700] {logging_mixin.py:188} INFO - [2024-05-09T14:48:53.667+0700] {dag.py:3954} INFO - Setting next_dagrun for dataset_consumes_1_and_2 to None, run_after=None
[2024-05-09T14:48:53.668+0700] {logging_mixin.py:188} INFO - [2024-05-09T14:48:53.668+0700] {dag.py:3954} INFO - Setting next_dagrun for dataset_consumes_1_never_scheduled to None, run_after=None
[2024-05-09T14:48:53.668+0700] {logging_mixin.py:188} INFO - [2024-05-09T14:48:53.668+0700] {dag.py:3954} INFO - Setting next_dagrun for dataset_consumes_unknown_never_scheduled to None, run_after=None
[2024-05-09T14:48:53.669+0700] {logging_mixin.py:188} INFO - [2024-05-09T14:48:53.669+0700] {dag.py:3954} INFO - Setting next_dagrun for dataset_produces_1 to 2024-05-08 00:00:00+00:00, run_after=2024-05-09 00:00:00+00:00
[2024-05-09T14:48:53.670+0700] {logging_mixin.py:188} INFO - [2024-05-09T14:48:53.670+0700] {dag.py:3954} INFO - Setting next_dagrun for dataset_produces_2 to None, run_after=None
[2024-05-09T14:48:53.689+0700] {processor.py:183} INFO - Processing /Library/Frameworks/Python.framework/Versions/3.10/lib/python3.10/site-packages/airflow/example_dags/example_datasets.py took 0.278 seconds
[2024-05-09T14:52:38.822+0700] {processor.py:161} INFO - Started process (PID=80460) to work on /Library/Frameworks/Python.framework/Versions/3.10/lib/python3.10/site-packages/airflow/example_dags/example_datasets.py
[2024-05-09T14:52:38.823+0700] {processor.py:830} INFO - Processing file /Library/Frameworks/Python.framework/Versions/3.10/lib/python3.10/site-packages/airflow/example_dags/example_datasets.py for tasks to queue
[2024-05-09T14:52:38.824+0700] {logging_mixin.py:188} INFO - [2024-05-09T14:52:38.824+0700] {dagbag.py:540} INFO - Filling up the DagBag from /Library/Frameworks/Python.framework/Versions/3.10/lib/python3.10/site-packages/airflow/example_dags/example_datasets.py
[2024-05-09T14:52:38.904+0700] {processor.py:840} INFO - DAG(s) 'dataset_consumes_1_and_2', 'consume_1_or_both_2_and_3_with_dataset_expressions', 'dataset_produces_1', 'conditional_dataset_and_time_based_timetable', 'dataset_consumes_1', 'consume_1_or_2_with_dataset_expressions', 'dataset_consumes_1_never_scheduled', 'consume_1_and_2_with_dataset_expressions', 'dataset_produces_2', 'dataset_consumes_unknown_never_scheduled' retrieved from /Library/Frameworks/Python.framework/Versions/3.10/lib/python3.10/site-packages/airflow/example_dags/example_datasets.py
[2024-05-09T14:52:38.956+0700] {logging_mixin.py:188} INFO - [2024-05-09T14:52:38.956+0700] {dag.py:3096} INFO - Sync 10 DAGs
[2024-05-09T14:52:39.139+0700] {logging_mixin.py:188} INFO - [2024-05-09T14:52:39.139+0700] {dag.py:3954} INFO - Setting next_dagrun for conditional_dataset_and_time_based_timetable to 2024-05-08 01:00:00+00:00, run_after=2024-05-08 01:00:00+00:00
[2024-05-09T14:52:39.142+0700] {logging_mixin.py:188} INFO - [2024-05-09T14:52:39.142+0700] {dag.py:3954} INFO - Setting next_dagrun for consume_1_and_2_with_dataset_expressions to None, run_after=None
[2024-05-09T14:52:39.143+0700] {logging_mixin.py:188} INFO - [2024-05-09T14:52:39.143+0700] {dag.py:3954} INFO - Setting next_dagrun for consume_1_or_2_with_dataset_expressions to None, run_after=None
[2024-05-09T14:52:39.144+0700] {logging_mixin.py:188} INFO - [2024-05-09T14:52:39.144+0700] {dag.py:3954} INFO - Setting next_dagrun for consume_1_or_both_2_and_3_with_dataset_expressions to None, run_after=None
[2024-05-09T14:52:39.145+0700] {logging_mixin.py:188} INFO - [2024-05-09T14:52:39.145+0700] {dag.py:3954} INFO - Setting next_dagrun for dataset_consumes_1 to None, run_after=None
[2024-05-09T14:52:39.146+0700] {logging_mixin.py:188} INFO - [2024-05-09T14:52:39.146+0700] {dag.py:3954} INFO - Setting next_dagrun for dataset_consumes_1_and_2 to None, run_after=None
[2024-05-09T14:52:39.147+0700] {logging_mixin.py:188} INFO - [2024-05-09T14:52:39.146+0700] {dag.py:3954} INFO - Setting next_dagrun for dataset_consumes_1_never_scheduled to None, run_after=None
[2024-05-09T14:52:39.147+0700] {logging_mixin.py:188} INFO - [2024-05-09T14:52:39.147+0700] {dag.py:3954} INFO - Setting next_dagrun for dataset_consumes_unknown_never_scheduled to None, run_after=None
[2024-05-09T14:52:39.149+0700] {logging_mixin.py:188} INFO - [2024-05-09T14:52:39.149+0700] {dag.py:3954} INFO - Setting next_dagrun for dataset_produces_1 to 2024-05-08 00:00:00+00:00, run_after=2024-05-09 00:00:00+00:00
[2024-05-09T14:52:39.150+0700] {logging_mixin.py:188} INFO - [2024-05-09T14:52:39.150+0700] {dag.py:3954} INFO - Setting next_dagrun for dataset_produces_2 to None, run_after=None
[2024-05-09T14:52:39.187+0700] {processor.py:183} INFO - Processing /Library/Frameworks/Python.framework/Versions/3.10/lib/python3.10/site-packages/airflow/example_dags/example_datasets.py took 0.370 seconds
[2024-05-09T14:55:43.699+0700] {processor.py:161} INFO - Started process (PID=81620) to work on /Library/Frameworks/Python.framework/Versions/3.10/lib/python3.10/site-packages/airflow/example_dags/example_datasets.py
[2024-05-09T14:55:43.700+0700] {processor.py:830} INFO - Processing file /Library/Frameworks/Python.framework/Versions/3.10/lib/python3.10/site-packages/airflow/example_dags/example_datasets.py for tasks to queue
[2024-05-09T14:55:43.700+0700] {logging_mixin.py:188} INFO - [2024-05-09T14:55:43.700+0700] {dagbag.py:540} INFO - Filling up the DagBag from /Library/Frameworks/Python.framework/Versions/3.10/lib/python3.10/site-packages/airflow/example_dags/example_datasets.py
[2024-05-09T14:55:43.742+0700] {processor.py:840} INFO - DAG(s) 'dataset_consumes_1', 'consume_1_and_2_with_dataset_expressions', 'consume_1_or_2_with_dataset_expressions', 'consume_1_or_both_2_and_3_with_dataset_expressions', 'dataset_consumes_1_never_scheduled', 'dataset_produces_2', 'conditional_dataset_and_time_based_timetable', 'dataset_consumes_1_and_2', 'dataset_consumes_unknown_never_scheduled', 'dataset_produces_1' retrieved from /Library/Frameworks/Python.framework/Versions/3.10/lib/python3.10/site-packages/airflow/example_dags/example_datasets.py
[2024-05-09T14:55:43.926+0700] {logging_mixin.py:188} INFO - [2024-05-09T14:55:43.925+0700] {dag.py:3096} INFO - Sync 10 DAGs
[2024-05-09T14:55:43.938+0700] {logging_mixin.py:188} INFO - [2024-05-09T14:55:43.938+0700] {dag.py:3954} INFO - Setting next_dagrun for conditional_dataset_and_time_based_timetable to 2024-05-08 01:00:00+00:00, run_after=2024-05-08 01:00:00+00:00
[2024-05-09T14:55:43.940+0700] {logging_mixin.py:188} INFO - [2024-05-09T14:55:43.940+0700] {dag.py:3954} INFO - Setting next_dagrun for consume_1_and_2_with_dataset_expressions to None, run_after=None
[2024-05-09T14:55:43.940+0700] {logging_mixin.py:188} INFO - [2024-05-09T14:55:43.940+0700] {dag.py:3954} INFO - Setting next_dagrun for consume_1_or_2_with_dataset_expressions to None, run_after=None
[2024-05-09T14:55:43.941+0700] {logging_mixin.py:188} INFO - [2024-05-09T14:55:43.941+0700] {dag.py:3954} INFO - Setting next_dagrun for consume_1_or_both_2_and_3_with_dataset_expressions to None, run_after=None
[2024-05-09T14:55:43.941+0700] {logging_mixin.py:188} INFO - [2024-05-09T14:55:43.941+0700] {dag.py:3954} INFO - Setting next_dagrun for dataset_consumes_1 to None, run_after=None
[2024-05-09T14:55:43.942+0700] {logging_mixin.py:188} INFO - [2024-05-09T14:55:43.942+0700] {dag.py:3954} INFO - Setting next_dagrun for dataset_consumes_1_and_2 to None, run_after=None
[2024-05-09T14:55:43.942+0700] {logging_mixin.py:188} INFO - [2024-05-09T14:55:43.942+0700] {dag.py:3954} INFO - Setting next_dagrun for dataset_consumes_1_never_scheduled to None, run_after=None
[2024-05-09T14:55:43.943+0700] {logging_mixin.py:188} INFO - [2024-05-09T14:55:43.942+0700] {dag.py:3954} INFO - Setting next_dagrun for dataset_consumes_unknown_never_scheduled to None, run_after=None
[2024-05-09T14:55:43.944+0700] {logging_mixin.py:188} INFO - [2024-05-09T14:55:43.944+0700] {dag.py:3954} INFO - Setting next_dagrun for dataset_produces_1 to 2024-05-08 00:00:00+00:00, run_after=2024-05-09 00:00:00+00:00
[2024-05-09T14:55:43.944+0700] {logging_mixin.py:188} INFO - [2024-05-09T14:55:43.944+0700] {dag.py:3954} INFO - Setting next_dagrun for dataset_produces_2 to None, run_after=None
[2024-05-09T14:55:43.961+0700] {processor.py:183} INFO - Processing /Library/Frameworks/Python.framework/Versions/3.10/lib/python3.10/site-packages/airflow/example_dags/example_datasets.py took 0.264 seconds
[2024-05-09T14:58:42.146+0700] {processor.py:161} INFO - Started process (PID=82822) to work on /Library/Frameworks/Python.framework/Versions/3.10/lib/python3.10/site-packages/airflow/example_dags/example_datasets.py
[2024-05-09T14:58:42.146+0700] {processor.py:830} INFO - Processing file /Library/Frameworks/Python.framework/Versions/3.10/lib/python3.10/site-packages/airflow/example_dags/example_datasets.py for tasks to queue
[2024-05-09T14:58:42.147+0700] {logging_mixin.py:188} INFO - [2024-05-09T14:58:42.147+0700] {dagbag.py:540} INFO - Filling up the DagBag from /Library/Frameworks/Python.framework/Versions/3.10/lib/python3.10/site-packages/airflow/example_dags/example_datasets.py
[2024-05-09T14:58:42.191+0700] {processor.py:840} INFO - DAG(s) 'consume_1_or_2_with_dataset_expressions', 'dataset_produces_1', 'dataset_consumes_unknown_never_scheduled', 'dataset_consumes_1', 'consume_1_and_2_with_dataset_expressions', 'dataset_consumes_1_never_scheduled', 'conditional_dataset_and_time_based_timetable', 'dataset_produces_2', 'dataset_consumes_1_and_2', 'consume_1_or_both_2_and_3_with_dataset_expressions' retrieved from /Library/Frameworks/Python.framework/Versions/3.10/lib/python3.10/site-packages/airflow/example_dags/example_datasets.py
[2024-05-09T14:58:42.450+0700] {logging_mixin.py:188} INFO - [2024-05-09T14:58:42.450+0700] {dag.py:3096} INFO - Sync 10 DAGs
[2024-05-09T14:58:42.467+0700] {logging_mixin.py:188} INFO - [2024-05-09T14:58:42.466+0700] {dag.py:3954} INFO - Setting next_dagrun for conditional_dataset_and_time_based_timetable to 2024-05-08 01:00:00+00:00, run_after=2024-05-08 01:00:00+00:00
[2024-05-09T14:58:42.469+0700] {logging_mixin.py:188} INFO - [2024-05-09T14:58:42.469+0700] {dag.py:3954} INFO - Setting next_dagrun for consume_1_and_2_with_dataset_expressions to None, run_after=None
[2024-05-09T14:58:42.470+0700] {logging_mixin.py:188} INFO - [2024-05-09T14:58:42.470+0700] {dag.py:3954} INFO - Setting next_dagrun for consume_1_or_2_with_dataset_expressions to None, run_after=None
[2024-05-09T14:58:42.471+0700] {logging_mixin.py:188} INFO - [2024-05-09T14:58:42.471+0700] {dag.py:3954} INFO - Setting next_dagrun for consume_1_or_both_2_and_3_with_dataset_expressions to None, run_after=None
[2024-05-09T14:58:42.472+0700] {logging_mixin.py:188} INFO - [2024-05-09T14:58:42.471+0700] {dag.py:3954} INFO - Setting next_dagrun for dataset_consumes_1 to None, run_after=None
[2024-05-09T14:58:42.472+0700] {logging_mixin.py:188} INFO - [2024-05-09T14:58:42.472+0700] {dag.py:3954} INFO - Setting next_dagrun for dataset_consumes_1_and_2 to None, run_after=None
[2024-05-09T14:58:42.473+0700] {logging_mixin.py:188} INFO - [2024-05-09T14:58:42.473+0700] {dag.py:3954} INFO - Setting next_dagrun for dataset_consumes_1_never_scheduled to None, run_after=None
[2024-05-09T14:58:42.474+0700] {logging_mixin.py:188} INFO - [2024-05-09T14:58:42.474+0700] {dag.py:3954} INFO - Setting next_dagrun for dataset_consumes_unknown_never_scheduled to None, run_after=None
[2024-05-09T14:58:42.476+0700] {logging_mixin.py:188} INFO - [2024-05-09T14:58:42.475+0700] {dag.py:3954} INFO - Setting next_dagrun for dataset_produces_1 to 2024-05-08 00:00:00+00:00, run_after=2024-05-09 00:00:00+00:00
[2024-05-09T14:58:42.476+0700] {logging_mixin.py:188} INFO - [2024-05-09T14:58:42.476+0700] {dag.py:3954} INFO - Setting next_dagrun for dataset_produces_2 to None, run_after=None
[2024-05-09T14:58:42.504+0700] {processor.py:183} INFO - Processing /Library/Frameworks/Python.framework/Versions/3.10/lib/python3.10/site-packages/airflow/example_dags/example_datasets.py took 0.361 seconds
[2024-05-09T15:01:51.590+0700] {processor.py:161} INFO - Started process (PID=83853) to work on /Library/Frameworks/Python.framework/Versions/3.10/lib/python3.10/site-packages/airflow/example_dags/example_datasets.py
[2024-05-09T15:01:51.591+0700] {processor.py:830} INFO - Processing file /Library/Frameworks/Python.framework/Versions/3.10/lib/python3.10/site-packages/airflow/example_dags/example_datasets.py for tasks to queue
[2024-05-09T15:01:51.592+0700] {logging_mixin.py:188} INFO - [2024-05-09T15:01:51.592+0700] {dagbag.py:540} INFO - Filling up the DagBag from /Library/Frameworks/Python.framework/Versions/3.10/lib/python3.10/site-packages/airflow/example_dags/example_datasets.py
[2024-05-09T15:01:51.637+0700] {processor.py:840} INFO - DAG(s) 'dataset_consumes_unknown_never_scheduled', 'dataset_consumes_1', 'dataset_consumes_1_and_2', 'dataset_consumes_1_never_scheduled', 'consume_1_or_both_2_and_3_with_dataset_expressions', 'consume_1_and_2_with_dataset_expressions', 'consume_1_or_2_with_dataset_expressions', 'dataset_produces_1', 'dataset_produces_2', 'conditional_dataset_and_time_based_timetable' retrieved from /Library/Frameworks/Python.framework/Versions/3.10/lib/python3.10/site-packages/airflow/example_dags/example_datasets.py
[2024-05-09T15:01:51.753+0700] {logging_mixin.py:188} INFO - [2024-05-09T15:01:51.753+0700] {dag.py:3096} INFO - Sync 10 DAGs
[2024-05-09T15:01:51.765+0700] {logging_mixin.py:188} INFO - [2024-05-09T15:01:51.764+0700] {dag.py:3954} INFO - Setting next_dagrun for conditional_dataset_and_time_based_timetable to 2024-05-08 01:00:00+00:00, run_after=2024-05-08 01:00:00+00:00
[2024-05-09T15:01:51.767+0700] {logging_mixin.py:188} INFO - [2024-05-09T15:01:51.766+0700] {dag.py:3954} INFO - Setting next_dagrun for consume_1_and_2_with_dataset_expressions to None, run_after=None
[2024-05-09T15:01:51.767+0700] {logging_mixin.py:188} INFO - [2024-05-09T15:01:51.767+0700] {dag.py:3954} INFO - Setting next_dagrun for consume_1_or_2_with_dataset_expressions to None, run_after=None
[2024-05-09T15:01:51.768+0700] {logging_mixin.py:188} INFO - [2024-05-09T15:01:51.768+0700] {dag.py:3954} INFO - Setting next_dagrun for consume_1_or_both_2_and_3_with_dataset_expressions to None, run_after=None
[2024-05-09T15:01:51.768+0700] {logging_mixin.py:188} INFO - [2024-05-09T15:01:51.768+0700] {dag.py:3954} INFO - Setting next_dagrun for dataset_consumes_1 to None, run_after=None
[2024-05-09T15:01:51.769+0700] {logging_mixin.py:188} INFO - [2024-05-09T15:01:51.768+0700] {dag.py:3954} INFO - Setting next_dagrun for dataset_consumes_1_and_2 to None, run_after=None
[2024-05-09T15:01:51.769+0700] {logging_mixin.py:188} INFO - [2024-05-09T15:01:51.769+0700] {dag.py:3954} INFO - Setting next_dagrun for dataset_consumes_1_never_scheduled to None, run_after=None
[2024-05-09T15:01:51.769+0700] {logging_mixin.py:188} INFO - [2024-05-09T15:01:51.769+0700] {dag.py:3954} INFO - Setting next_dagrun for dataset_consumes_unknown_never_scheduled to None, run_after=None
[2024-05-09T15:01:51.771+0700] {logging_mixin.py:188} INFO - [2024-05-09T15:01:51.771+0700] {dag.py:3954} INFO - Setting next_dagrun for dataset_produces_1 to 2024-05-08 00:00:00+00:00, run_after=2024-05-09 00:00:00+00:00
[2024-05-09T15:01:51.771+0700] {logging_mixin.py:188} INFO - [2024-05-09T15:01:51.771+0700] {dag.py:3954} INFO - Setting next_dagrun for dataset_produces_2 to None, run_after=None
[2024-05-09T15:01:51.787+0700] {processor.py:183} INFO - Processing /Library/Frameworks/Python.framework/Versions/3.10/lib/python3.10/site-packages/airflow/example_dags/example_datasets.py took 0.198 seconds
[2024-05-09T15:05:04.121+0700] {processor.py:161} INFO - Started process (PID=85112) to work on /Library/Frameworks/Python.framework/Versions/3.10/lib/python3.10/site-packages/airflow/example_dags/example_datasets.py
[2024-05-09T15:05:04.126+0700] {processor.py:830} INFO - Processing file /Library/Frameworks/Python.framework/Versions/3.10/lib/python3.10/site-packages/airflow/example_dags/example_datasets.py for tasks to queue
[2024-05-09T15:05:04.127+0700] {logging_mixin.py:188} INFO - [2024-05-09T15:05:04.126+0700] {dagbag.py:540} INFO - Filling up the DagBag from /Library/Frameworks/Python.framework/Versions/3.10/lib/python3.10/site-packages/airflow/example_dags/example_datasets.py
[2024-05-09T15:05:04.213+0700] {processor.py:840} INFO - DAG(s) 'dataset_produces_2', 'dataset_consumes_1', 'dataset_consumes_1_never_scheduled', 'consume_1_or_both_2_and_3_with_dataset_expressions', 'consume_1_and_2_with_dataset_expressions', 'conditional_dataset_and_time_based_timetable', 'dataset_consumes_unknown_never_scheduled', 'dataset_produces_1', 'consume_1_or_2_with_dataset_expressions', 'dataset_consumes_1_and_2' retrieved from /Library/Frameworks/Python.framework/Versions/3.10/lib/python3.10/site-packages/airflow/example_dags/example_datasets.py
[2024-05-09T15:05:04.398+0700] {logging_mixin.py:188} INFO - [2024-05-09T15:05:04.398+0700] {dag.py:3096} INFO - Sync 10 DAGs
[2024-05-09T15:05:04.417+0700] {logging_mixin.py:188} INFO - [2024-05-09T15:05:04.417+0700] {dag.py:3954} INFO - Setting next_dagrun for conditional_dataset_and_time_based_timetable to 2024-05-08 01:00:00+00:00, run_after=2024-05-08 01:00:00+00:00
[2024-05-09T15:05:04.420+0700] {logging_mixin.py:188} INFO - [2024-05-09T15:05:04.419+0700] {dag.py:3954} INFO - Setting next_dagrun for consume_1_and_2_with_dataset_expressions to None, run_after=None
[2024-05-09T15:05:04.421+0700] {logging_mixin.py:188} INFO - [2024-05-09T15:05:04.420+0700] {dag.py:3954} INFO - Setting next_dagrun for consume_1_or_2_with_dataset_expressions to None, run_after=None
[2024-05-09T15:05:04.421+0700] {logging_mixin.py:188} INFO - [2024-05-09T15:05:04.421+0700] {dag.py:3954} INFO - Setting next_dagrun for consume_1_or_both_2_and_3_with_dataset_expressions to None, run_after=None
[2024-05-09T15:05:04.422+0700] {logging_mixin.py:188} INFO - [2024-05-09T15:05:04.422+0700] {dag.py:3954} INFO - Setting next_dagrun for dataset_consumes_1 to None, run_after=None
[2024-05-09T15:05:04.423+0700] {logging_mixin.py:188} INFO - [2024-05-09T15:05:04.423+0700] {dag.py:3954} INFO - Setting next_dagrun for dataset_consumes_1_and_2 to None, run_after=None
[2024-05-09T15:05:04.424+0700] {logging_mixin.py:188} INFO - [2024-05-09T15:05:04.423+0700] {dag.py:3954} INFO - Setting next_dagrun for dataset_consumes_1_never_scheduled to None, run_after=None
[2024-05-09T15:05:04.424+0700] {logging_mixin.py:188} INFO - [2024-05-09T15:05:04.424+0700] {dag.py:3954} INFO - Setting next_dagrun for dataset_consumes_unknown_never_scheduled to None, run_after=None
[2024-05-09T15:05:04.426+0700] {logging_mixin.py:188} INFO - [2024-05-09T15:05:04.426+0700] {dag.py:3954} INFO - Setting next_dagrun for dataset_produces_1 to 2024-05-08 00:00:00+00:00, run_after=2024-05-09 00:00:00+00:00
[2024-05-09T15:05:04.427+0700] {logging_mixin.py:188} INFO - [2024-05-09T15:05:04.427+0700] {dag.py:3954} INFO - Setting next_dagrun for dataset_produces_2 to None, run_after=None
[2024-05-09T15:05:04.459+0700] {processor.py:183} INFO - Processing /Library/Frameworks/Python.framework/Versions/3.10/lib/python3.10/site-packages/airflow/example_dags/example_datasets.py took 0.341 seconds
[2024-05-09T15:11:28.470+0700] {processor.py:161} INFO - Started process (PID=87338) to work on /Library/Frameworks/Python.framework/Versions/3.10/lib/python3.10/site-packages/airflow/example_dags/example_datasets.py
[2024-05-09T15:11:28.472+0700] {processor.py:830} INFO - Processing file /Library/Frameworks/Python.framework/Versions/3.10/lib/python3.10/site-packages/airflow/example_dags/example_datasets.py for tasks to queue
[2024-05-09T15:11:28.474+0700] {logging_mixin.py:188} INFO - [2024-05-09T15:11:28.474+0700] {dagbag.py:540} INFO - Filling up the DagBag from /Library/Frameworks/Python.framework/Versions/3.10/lib/python3.10/site-packages/airflow/example_dags/example_datasets.py
[2024-05-09T15:11:28.546+0700] {processor.py:840} INFO - DAG(s) 'dataset_consumes_1_and_2', 'dataset_consumes_unknown_never_scheduled', 'dataset_produces_2', 'conditional_dataset_and_time_based_timetable', 'consume_1_or_both_2_and_3_with_dataset_expressions', 'dataset_consumes_1_never_scheduled', 'dataset_consumes_1', 'dataset_produces_1', 'consume_1_and_2_with_dataset_expressions', 'consume_1_or_2_with_dataset_expressions' retrieved from /Library/Frameworks/Python.framework/Versions/3.10/lib/python3.10/site-packages/airflow/example_dags/example_datasets.py
[2024-05-09T15:11:28.910+0700] {logging_mixin.py:188} INFO - [2024-05-09T15:11:28.910+0700] {dag.py:3096} INFO - Sync 10 DAGs
[2024-05-09T15:11:28.927+0700] {logging_mixin.py:188} INFO - [2024-05-09T15:11:28.927+0700] {dag.py:3954} INFO - Setting next_dagrun for conditional_dataset_and_time_based_timetable to 2024-05-08 01:00:00+00:00, run_after=2024-05-08 01:00:00+00:00
[2024-05-09T15:11:28.929+0700] {logging_mixin.py:188} INFO - [2024-05-09T15:11:28.929+0700] {dag.py:3954} INFO - Setting next_dagrun for consume_1_and_2_with_dataset_expressions to None, run_after=None
[2024-05-09T15:11:28.930+0700] {logging_mixin.py:188} INFO - [2024-05-09T15:11:28.929+0700] {dag.py:3954} INFO - Setting next_dagrun for consume_1_or_2_with_dataset_expressions to None, run_after=None
[2024-05-09T15:11:28.930+0700] {logging_mixin.py:188} INFO - [2024-05-09T15:11:28.930+0700] {dag.py:3954} INFO - Setting next_dagrun for consume_1_or_both_2_and_3_with_dataset_expressions to None, run_after=None
[2024-05-09T15:11:28.931+0700] {logging_mixin.py:188} INFO - [2024-05-09T15:11:28.931+0700] {dag.py:3954} INFO - Setting next_dagrun for dataset_consumes_1 to None, run_after=None
[2024-05-09T15:11:28.931+0700] {logging_mixin.py:188} INFO - [2024-05-09T15:11:28.931+0700] {dag.py:3954} INFO - Setting next_dagrun for dataset_consumes_1_and_2 to None, run_after=None
[2024-05-09T15:11:28.932+0700] {logging_mixin.py:188} INFO - [2024-05-09T15:11:28.932+0700] {dag.py:3954} INFO - Setting next_dagrun for dataset_consumes_1_never_scheduled to None, run_after=None
[2024-05-09T15:11:28.933+0700] {logging_mixin.py:188} INFO - [2024-05-09T15:11:28.933+0700] {dag.py:3954} INFO - Setting next_dagrun for dataset_consumes_unknown_never_scheduled to None, run_after=None
[2024-05-09T15:11:28.935+0700] {logging_mixin.py:188} INFO - [2024-05-09T15:11:28.934+0700] {dag.py:3954} INFO - Setting next_dagrun for dataset_produces_1 to 2024-05-08 00:00:00+00:00, run_after=2024-05-09 00:00:00+00:00
[2024-05-09T15:11:28.935+0700] {logging_mixin.py:188} INFO - [2024-05-09T15:11:28.935+0700] {dag.py:3954} INFO - Setting next_dagrun for dataset_produces_2 to None, run_after=None
[2024-05-09T15:11:28.956+0700] {processor.py:183} INFO - Processing /Library/Frameworks/Python.framework/Versions/3.10/lib/python3.10/site-packages/airflow/example_dags/example_datasets.py took 0.489 seconds
[2024-05-09T15:15:07.491+0700] {processor.py:161} INFO - Started process (PID=88844) to work on /Library/Frameworks/Python.framework/Versions/3.10/lib/python3.10/site-packages/airflow/example_dags/example_datasets.py
[2024-05-09T15:15:07.492+0700] {processor.py:830} INFO - Processing file /Library/Frameworks/Python.framework/Versions/3.10/lib/python3.10/site-packages/airflow/example_dags/example_datasets.py for tasks to queue
[2024-05-09T15:15:07.493+0700] {logging_mixin.py:188} INFO - [2024-05-09T15:15:07.493+0700] {dagbag.py:540} INFO - Filling up the DagBag from /Library/Frameworks/Python.framework/Versions/3.10/lib/python3.10/site-packages/airflow/example_dags/example_datasets.py
[2024-05-09T15:15:07.568+0700] {processor.py:840} INFO - DAG(s) 'consume_1_or_2_with_dataset_expressions', 'dataset_consumes_unknown_never_scheduled', 'dataset_consumes_1', 'dataset_produces_2', 'consume_1_and_2_with_dataset_expressions', 'conditional_dataset_and_time_based_timetable', 'consume_1_or_both_2_and_3_with_dataset_expressions', 'dataset_consumes_1_and_2', 'dataset_produces_1', 'dataset_consumes_1_never_scheduled' retrieved from /Library/Frameworks/Python.framework/Versions/3.10/lib/python3.10/site-packages/airflow/example_dags/example_datasets.py
[2024-05-09T15:15:07.698+0700] {logging_mixin.py:188} INFO - [2024-05-09T15:15:07.698+0700] {dag.py:3096} INFO - Sync 10 DAGs
[2024-05-09T15:15:07.710+0700] {logging_mixin.py:188} INFO - [2024-05-09T15:15:07.710+0700] {dag.py:3954} INFO - Setting next_dagrun for conditional_dataset_and_time_based_timetable to 2024-05-08 01:00:00+00:00, run_after=2024-05-08 01:00:00+00:00
[2024-05-09T15:15:07.712+0700] {logging_mixin.py:188} INFO - [2024-05-09T15:15:07.711+0700] {dag.py:3954} INFO - Setting next_dagrun for consume_1_and_2_with_dataset_expressions to None, run_after=None
[2024-05-09T15:15:07.712+0700] {logging_mixin.py:188} INFO - [2024-05-09T15:15:07.712+0700] {dag.py:3954} INFO - Setting next_dagrun for consume_1_or_2_with_dataset_expressions to None, run_after=None
[2024-05-09T15:15:07.713+0700] {logging_mixin.py:188} INFO - [2024-05-09T15:15:07.713+0700] {dag.py:3954} INFO - Setting next_dagrun for consume_1_or_both_2_and_3_with_dataset_expressions to None, run_after=None
[2024-05-09T15:15:07.713+0700] {logging_mixin.py:188} INFO - [2024-05-09T15:15:07.713+0700] {dag.py:3954} INFO - Setting next_dagrun for dataset_consumes_1 to None, run_after=None
[2024-05-09T15:15:07.714+0700] {logging_mixin.py:188} INFO - [2024-05-09T15:15:07.714+0700] {dag.py:3954} INFO - Setting next_dagrun for dataset_consumes_1_and_2 to None, run_after=None
[2024-05-09T15:15:07.714+0700] {logging_mixin.py:188} INFO - [2024-05-09T15:15:07.714+0700] {dag.py:3954} INFO - Setting next_dagrun for dataset_consumes_1_never_scheduled to None, run_after=None
[2024-05-09T15:15:07.715+0700] {logging_mixin.py:188} INFO - [2024-05-09T15:15:07.714+0700] {dag.py:3954} INFO - Setting next_dagrun for dataset_consumes_unknown_never_scheduled to None, run_after=None
[2024-05-09T15:15:07.716+0700] {logging_mixin.py:188} INFO - [2024-05-09T15:15:07.716+0700] {dag.py:3954} INFO - Setting next_dagrun for dataset_produces_1 to 2024-05-08 00:00:00+00:00, run_after=2024-05-09 00:00:00+00:00
[2024-05-09T15:15:07.716+0700] {logging_mixin.py:188} INFO - [2024-05-09T15:15:07.716+0700] {dag.py:3954} INFO - Setting next_dagrun for dataset_produces_2 to None, run_after=None
[2024-05-09T15:15:07.737+0700] {processor.py:183} INFO - Processing /Library/Frameworks/Python.framework/Versions/3.10/lib/python3.10/site-packages/airflow/example_dags/example_datasets.py took 0.248 seconds
[2024-05-09T15:18:11.419+0700] {processor.py:161} INFO - Started process (PID=90488) to work on /Library/Frameworks/Python.framework/Versions/3.10/lib/python3.10/site-packages/airflow/example_dags/example_datasets.py
[2024-05-09T15:18:11.421+0700] {processor.py:830} INFO - Processing file /Library/Frameworks/Python.framework/Versions/3.10/lib/python3.10/site-packages/airflow/example_dags/example_datasets.py for tasks to queue
[2024-05-09T15:18:11.421+0700] {logging_mixin.py:188} INFO - [2024-05-09T15:18:11.421+0700] {dagbag.py:540} INFO - Filling up the DagBag from /Library/Frameworks/Python.framework/Versions/3.10/lib/python3.10/site-packages/airflow/example_dags/example_datasets.py
[2024-05-09T15:18:11.472+0700] {processor.py:840} INFO - DAG(s) 'dataset_produces_1', 'consume_1_or_2_with_dataset_expressions', 'dataset_consumes_unknown_never_scheduled', 'consume_1_and_2_with_dataset_expressions', 'dataset_consumes_1_never_scheduled', 'conditional_dataset_and_time_based_timetable', 'dataset_consumes_1_and_2', 'dataset_produces_2', 'dataset_consumes_1', 'consume_1_or_both_2_and_3_with_dataset_expressions' retrieved from /Library/Frameworks/Python.framework/Versions/3.10/lib/python3.10/site-packages/airflow/example_dags/example_datasets.py
[2024-05-09T15:18:11.639+0700] {logging_mixin.py:188} INFO - [2024-05-09T15:18:11.639+0700] {dag.py:3096} INFO - Sync 10 DAGs
[2024-05-09T15:18:11.697+0700] {logging_mixin.py:188} INFO - [2024-05-09T15:18:11.697+0700] {dag.py:3954} INFO - Setting next_dagrun for conditional_dataset_and_time_based_timetable to 2024-05-08 01:00:00+00:00, run_after=2024-05-08 01:00:00+00:00
[2024-05-09T15:18:11.699+0700] {logging_mixin.py:188} INFO - [2024-05-09T15:18:11.699+0700] {dag.py:3954} INFO - Setting next_dagrun for consume_1_and_2_with_dataset_expressions to None, run_after=None
[2024-05-09T15:18:11.700+0700] {logging_mixin.py:188} INFO - [2024-05-09T15:18:11.700+0700] {dag.py:3954} INFO - Setting next_dagrun for consume_1_or_2_with_dataset_expressions to None, run_after=None
[2024-05-09T15:18:11.700+0700] {logging_mixin.py:188} INFO - [2024-05-09T15:18:11.700+0700] {dag.py:3954} INFO - Setting next_dagrun for consume_1_or_both_2_and_3_with_dataset_expressions to None, run_after=None
[2024-05-09T15:18:11.702+0700] {logging_mixin.py:188} INFO - [2024-05-09T15:18:11.702+0700] {dag.py:3954} INFO - Setting next_dagrun for dataset_consumes_1 to None, run_after=None
[2024-05-09T15:18:11.703+0700] {logging_mixin.py:188} INFO - [2024-05-09T15:18:11.703+0700] {dag.py:3954} INFO - Setting next_dagrun for dataset_consumes_1_and_2 to None, run_after=None
[2024-05-09T15:18:11.704+0700] {logging_mixin.py:188} INFO - [2024-05-09T15:18:11.704+0700] {dag.py:3954} INFO - Setting next_dagrun for dataset_consumes_1_never_scheduled to None, run_after=None
[2024-05-09T15:18:11.707+0700] {logging_mixin.py:188} INFO - [2024-05-09T15:18:11.706+0700] {dag.py:3954} INFO - Setting next_dagrun for dataset_consumes_unknown_never_scheduled to None, run_after=None
[2024-05-09T15:18:11.711+0700] {logging_mixin.py:188} INFO - [2024-05-09T15:18:11.711+0700] {dag.py:3954} INFO - Setting next_dagrun for dataset_produces_1 to 2024-05-08 00:00:00+00:00, run_after=2024-05-09 00:00:00+00:00
[2024-05-09T15:18:11.714+0700] {logging_mixin.py:188} INFO - [2024-05-09T15:18:11.713+0700] {dag.py:3954} INFO - Setting next_dagrun for dataset_produces_2 to None, run_after=None
[2024-05-09T15:18:11.733+0700] {processor.py:183} INFO - Processing /Library/Frameworks/Python.framework/Versions/3.10/lib/python3.10/site-packages/airflow/example_dags/example_datasets.py took 0.316 seconds
[2024-05-09T15:21:32.590+0700] {processor.py:161} INFO - Started process (PID=91965) to work on /Library/Frameworks/Python.framework/Versions/3.10/lib/python3.10/site-packages/airflow/example_dags/example_datasets.py
[2024-05-09T15:21:32.591+0700] {processor.py:830} INFO - Processing file /Library/Frameworks/Python.framework/Versions/3.10/lib/python3.10/site-packages/airflow/example_dags/example_datasets.py for tasks to queue
[2024-05-09T15:21:32.591+0700] {logging_mixin.py:188} INFO - [2024-05-09T15:21:32.591+0700] {dagbag.py:540} INFO - Filling up the DagBag from /Library/Frameworks/Python.framework/Versions/3.10/lib/python3.10/site-packages/airflow/example_dags/example_datasets.py
[2024-05-09T15:21:32.637+0700] {processor.py:840} INFO - DAG(s) 'dataset_produces_2', 'consume_1_or_both_2_and_3_with_dataset_expressions', 'dataset_consumes_1_never_scheduled', 'dataset_consumes_unknown_never_scheduled', 'consume_1_or_2_with_dataset_expressions', 'conditional_dataset_and_time_based_timetable', 'dataset_consumes_1', 'dataset_consumes_1_and_2', 'consume_1_and_2_with_dataset_expressions', 'dataset_produces_1' retrieved from /Library/Frameworks/Python.framework/Versions/3.10/lib/python3.10/site-packages/airflow/example_dags/example_datasets.py
[2024-05-09T15:21:32.833+0700] {logging_mixin.py:188} INFO - [2024-05-09T15:21:32.833+0700] {dag.py:3096} INFO - Sync 10 DAGs
[2024-05-09T15:21:32.845+0700] {logging_mixin.py:188} INFO - [2024-05-09T15:21:32.845+0700] {dag.py:3954} INFO - Setting next_dagrun for conditional_dataset_and_time_based_timetable to 2024-05-08 01:00:00+00:00, run_after=2024-05-08 01:00:00+00:00
[2024-05-09T15:21:32.847+0700] {logging_mixin.py:188} INFO - [2024-05-09T15:21:32.847+0700] {dag.py:3954} INFO - Setting next_dagrun for consume_1_and_2_with_dataset_expressions to None, run_after=None
[2024-05-09T15:21:32.847+0700] {logging_mixin.py:188} INFO - [2024-05-09T15:21:32.847+0700] {dag.py:3954} INFO - Setting next_dagrun for consume_1_or_2_with_dataset_expressions to None, run_after=None
[2024-05-09T15:21:32.848+0700] {logging_mixin.py:188} INFO - [2024-05-09T15:21:32.848+0700] {dag.py:3954} INFO - Setting next_dagrun for consume_1_or_both_2_and_3_with_dataset_expressions to None, run_after=None
[2024-05-09T15:21:32.848+0700] {logging_mixin.py:188} INFO - [2024-05-09T15:21:32.848+0700] {dag.py:3954} INFO - Setting next_dagrun for dataset_consumes_1 to None, run_after=None
[2024-05-09T15:21:32.849+0700] {logging_mixin.py:188} INFO - [2024-05-09T15:21:32.849+0700] {dag.py:3954} INFO - Setting next_dagrun for dataset_consumes_1_and_2 to None, run_after=None
[2024-05-09T15:21:32.849+0700] {logging_mixin.py:188} INFO - [2024-05-09T15:21:32.849+0700] {dag.py:3954} INFO - Setting next_dagrun for dataset_consumes_1_never_scheduled to None, run_after=None
[2024-05-09T15:21:32.850+0700] {logging_mixin.py:188} INFO - [2024-05-09T15:21:32.850+0700] {dag.py:3954} INFO - Setting next_dagrun for dataset_consumes_unknown_never_scheduled to None, run_after=None
[2024-05-09T15:21:32.851+0700] {logging_mixin.py:188} INFO - [2024-05-09T15:21:32.851+0700] {dag.py:3954} INFO - Setting next_dagrun for dataset_produces_1 to 2024-05-08 00:00:00+00:00, run_after=2024-05-09 00:00:00+00:00
[2024-05-09T15:21:32.851+0700] {logging_mixin.py:188} INFO - [2024-05-09T15:21:32.851+0700] {dag.py:3954} INFO - Setting next_dagrun for dataset_produces_2 to None, run_after=None
[2024-05-09T15:21:32.870+0700] {processor.py:183} INFO - Processing /Library/Frameworks/Python.framework/Versions/3.10/lib/python3.10/site-packages/airflow/example_dags/example_datasets.py took 0.282 seconds
[2024-05-09T15:25:00.700+0700] {processor.py:161} INFO - Started process (PID=94937) to work on /Library/Frameworks/Python.framework/Versions/3.10/lib/python3.10/site-packages/airflow/example_dags/example_datasets.py
[2024-05-09T15:25:00.700+0700] {processor.py:830} INFO - Processing file /Library/Frameworks/Python.framework/Versions/3.10/lib/python3.10/site-packages/airflow/example_dags/example_datasets.py for tasks to queue
[2024-05-09T15:25:00.701+0700] {logging_mixin.py:188} INFO - [2024-05-09T15:25:00.701+0700] {dagbag.py:540} INFO - Filling up the DagBag from /Library/Frameworks/Python.framework/Versions/3.10/lib/python3.10/site-packages/airflow/example_dags/example_datasets.py
[2024-05-09T15:25:00.765+0700] {processor.py:840} INFO - DAG(s) 'conditional_dataset_and_time_based_timetable', 'dataset_consumes_1_never_scheduled', 'consume_1_or_both_2_and_3_with_dataset_expressions', 'consume_1_and_2_with_dataset_expressions', 'dataset_consumes_1_and_2', 'dataset_produces_2', 'dataset_produces_1', 'dataset_consumes_unknown_never_scheduled', 'dataset_consumes_1', 'consume_1_or_2_with_dataset_expressions' retrieved from /Library/Frameworks/Python.framework/Versions/3.10/lib/python3.10/site-packages/airflow/example_dags/example_datasets.py
[2024-05-09T15:25:00.910+0700] {logging_mixin.py:188} INFO - [2024-05-09T15:25:00.909+0700] {dag.py:3096} INFO - Sync 10 DAGs
[2024-05-09T15:25:00.923+0700] {logging_mixin.py:188} INFO - [2024-05-09T15:25:00.923+0700] {dag.py:3954} INFO - Setting next_dagrun for conditional_dataset_and_time_based_timetable to 2024-05-08 01:00:00+00:00, run_after=2024-05-08 01:00:00+00:00
[2024-05-09T15:25:00.925+0700] {logging_mixin.py:188} INFO - [2024-05-09T15:25:00.925+0700] {dag.py:3954} INFO - Setting next_dagrun for consume_1_and_2_with_dataset_expressions to None, run_after=None
[2024-05-09T15:25:00.926+0700] {logging_mixin.py:188} INFO - [2024-05-09T15:25:00.925+0700] {dag.py:3954} INFO - Setting next_dagrun for consume_1_or_2_with_dataset_expressions to None, run_after=None
[2024-05-09T15:25:00.926+0700] {logging_mixin.py:188} INFO - [2024-05-09T15:25:00.926+0700] {dag.py:3954} INFO - Setting next_dagrun for consume_1_or_both_2_and_3_with_dataset_expressions to None, run_after=None
[2024-05-09T15:25:00.927+0700] {logging_mixin.py:188} INFO - [2024-05-09T15:25:00.926+0700] {dag.py:3954} INFO - Setting next_dagrun for dataset_consumes_1 to None, run_after=None
[2024-05-09T15:25:00.927+0700] {logging_mixin.py:188} INFO - [2024-05-09T15:25:00.927+0700] {dag.py:3954} INFO - Setting next_dagrun for dataset_consumes_1_and_2 to None, run_after=None
[2024-05-09T15:25:00.927+0700] {logging_mixin.py:188} INFO - [2024-05-09T15:25:00.927+0700] {dag.py:3954} INFO - Setting next_dagrun for dataset_consumes_1_never_scheduled to None, run_after=None
[2024-05-09T15:25:00.928+0700] {logging_mixin.py:188} INFO - [2024-05-09T15:25:00.928+0700] {dag.py:3954} INFO - Setting next_dagrun for dataset_consumes_unknown_never_scheduled to None, run_after=None
[2024-05-09T15:25:00.929+0700] {logging_mixin.py:188} INFO - [2024-05-09T15:25:00.929+0700] {dag.py:3954} INFO - Setting next_dagrun for dataset_produces_1 to 2024-05-08 00:00:00+00:00, run_after=2024-05-09 00:00:00+00:00
[2024-05-09T15:25:00.930+0700] {logging_mixin.py:188} INFO - [2024-05-09T15:25:00.930+0700] {dag.py:3954} INFO - Setting next_dagrun for dataset_produces_2 to None, run_after=None
[2024-05-09T15:25:00.947+0700] {processor.py:183} INFO - Processing /Library/Frameworks/Python.framework/Versions/3.10/lib/python3.10/site-packages/airflow/example_dags/example_datasets.py took 0.251 seconds
[2024-05-09T15:28:07.840+0700] {processor.py:161} INFO - Started process (PID=96120) to work on /Library/Frameworks/Python.framework/Versions/3.10/lib/python3.10/site-packages/airflow/example_dags/example_datasets.py
[2024-05-09T15:28:07.840+0700] {processor.py:830} INFO - Processing file /Library/Frameworks/Python.framework/Versions/3.10/lib/python3.10/site-packages/airflow/example_dags/example_datasets.py for tasks to queue
[2024-05-09T15:28:07.841+0700] {logging_mixin.py:188} INFO - [2024-05-09T15:28:07.841+0700] {dagbag.py:540} INFO - Filling up the DagBag from /Library/Frameworks/Python.framework/Versions/3.10/lib/python3.10/site-packages/airflow/example_dags/example_datasets.py
[2024-05-09T15:28:07.885+0700] {processor.py:840} INFO - DAG(s) 'dataset_produces_2', 'conditional_dataset_and_time_based_timetable', 'dataset_consumes_1_and_2', 'dataset_consumes_unknown_never_scheduled', 'consume_1_and_2_with_dataset_expressions', 'dataset_consumes_1', 'consume_1_or_both_2_and_3_with_dataset_expressions', 'dataset_consumes_1_never_scheduled', 'consume_1_or_2_with_dataset_expressions', 'dataset_produces_1' retrieved from /Library/Frameworks/Python.framework/Versions/3.10/lib/python3.10/site-packages/airflow/example_dags/example_datasets.py
[2024-05-09T15:28:08.005+0700] {logging_mixin.py:188} INFO - [2024-05-09T15:28:08.005+0700] {dag.py:3096} INFO - Sync 10 DAGs
[2024-05-09T15:28:08.017+0700] {logging_mixin.py:188} INFO - [2024-05-09T15:28:08.017+0700] {dag.py:3954} INFO - Setting next_dagrun for conditional_dataset_and_time_based_timetable to 2024-05-08 01:00:00+00:00, run_after=2024-05-08 01:00:00+00:00
[2024-05-09T15:28:08.019+0700] {logging_mixin.py:188} INFO - [2024-05-09T15:28:08.019+0700] {dag.py:3954} INFO - Setting next_dagrun for consume_1_and_2_with_dataset_expressions to None, run_after=None
[2024-05-09T15:28:08.019+0700] {logging_mixin.py:188} INFO - [2024-05-09T15:28:08.019+0700] {dag.py:3954} INFO - Setting next_dagrun for consume_1_or_2_with_dataset_expressions to None, run_after=None
[2024-05-09T15:28:08.020+0700] {logging_mixin.py:188} INFO - [2024-05-09T15:28:08.020+0700] {dag.py:3954} INFO - Setting next_dagrun for consume_1_or_both_2_and_3_with_dataset_expressions to None, run_after=None
[2024-05-09T15:28:08.020+0700] {logging_mixin.py:188} INFO - [2024-05-09T15:28:08.020+0700] {dag.py:3954} INFO - Setting next_dagrun for dataset_consumes_1 to None, run_after=None
[2024-05-09T15:28:08.021+0700] {logging_mixin.py:188} INFO - [2024-05-09T15:28:08.021+0700] {dag.py:3954} INFO - Setting next_dagrun for dataset_consumes_1_and_2 to None, run_after=None
[2024-05-09T15:28:08.021+0700] {logging_mixin.py:188} INFO - [2024-05-09T15:28:08.021+0700] {dag.py:3954} INFO - Setting next_dagrun for dataset_consumes_1_never_scheduled to None, run_after=None
[2024-05-09T15:28:08.022+0700] {logging_mixin.py:188} INFO - [2024-05-09T15:28:08.022+0700] {dag.py:3954} INFO - Setting next_dagrun for dataset_consumes_unknown_never_scheduled to None, run_after=None
[2024-05-09T15:28:08.023+0700] {logging_mixin.py:188} INFO - [2024-05-09T15:28:08.023+0700] {dag.py:3954} INFO - Setting next_dagrun for dataset_produces_1 to 2024-05-08 00:00:00+00:00, run_after=2024-05-09 00:00:00+00:00
[2024-05-09T15:28:08.023+0700] {logging_mixin.py:188} INFO - [2024-05-09T15:28:08.023+0700] {dag.py:3954} INFO - Setting next_dagrun for dataset_produces_2 to None, run_after=None
[2024-05-09T15:28:08.039+0700] {processor.py:183} INFO - Processing /Library/Frameworks/Python.framework/Versions/3.10/lib/python3.10/site-packages/airflow/example_dags/example_datasets.py took 0.202 seconds
[2024-05-09T15:32:06.661+0700] {processor.py:161} INFO - Started process (PID=97593) to work on /Library/Frameworks/Python.framework/Versions/3.10/lib/python3.10/site-packages/airflow/example_dags/example_datasets.py
[2024-05-09T15:32:06.663+0700] {processor.py:830} INFO - Processing file /Library/Frameworks/Python.framework/Versions/3.10/lib/python3.10/site-packages/airflow/example_dags/example_datasets.py for tasks to queue
[2024-05-09T15:32:06.665+0700] {logging_mixin.py:188} INFO - [2024-05-09T15:32:06.664+0700] {dagbag.py:540} INFO - Filling up the DagBag from /Library/Frameworks/Python.framework/Versions/3.10/lib/python3.10/site-packages/airflow/example_dags/example_datasets.py
[2024-05-09T15:32:06.833+0700] {processor.py:840} INFO - DAG(s) 'consume_1_and_2_with_dataset_expressions', 'dataset_consumes_1_and_2', 'dataset_produces_2', 'dataset_consumes_1_never_scheduled', 'dataset_consumes_unknown_never_scheduled', 'conditional_dataset_and_time_based_timetable', 'consume_1_or_both_2_and_3_with_dataset_expressions', 'consume_1_or_2_with_dataset_expressions', 'dataset_produces_1', 'dataset_consumes_1' retrieved from /Library/Frameworks/Python.framework/Versions/3.10/lib/python3.10/site-packages/airflow/example_dags/example_datasets.py
[2024-05-09T15:32:07.200+0700] {logging_mixin.py:188} INFO - [2024-05-09T15:32:07.199+0700] {dag.py:3096} INFO - Sync 10 DAGs
[2024-05-09T15:32:07.229+0700] {logging_mixin.py:188} INFO - [2024-05-09T15:32:07.229+0700] {dag.py:3954} INFO - Setting next_dagrun for conditional_dataset_and_time_based_timetable to 2024-05-08 01:00:00+00:00, run_after=2024-05-08 01:00:00+00:00
[2024-05-09T15:32:07.235+0700] {logging_mixin.py:188} INFO - [2024-05-09T15:32:07.234+0700] {dag.py:3954} INFO - Setting next_dagrun for consume_1_and_2_with_dataset_expressions to None, run_after=None
[2024-05-09T15:32:07.236+0700] {logging_mixin.py:188} INFO - [2024-05-09T15:32:07.236+0700] {dag.py:3954} INFO - Setting next_dagrun for consume_1_or_2_with_dataset_expressions to None, run_after=None
[2024-05-09T15:32:07.237+0700] {logging_mixin.py:188} INFO - [2024-05-09T15:32:07.237+0700] {dag.py:3954} INFO - Setting next_dagrun for consume_1_or_both_2_and_3_with_dataset_expressions to None, run_after=None
[2024-05-09T15:32:07.238+0700] {logging_mixin.py:188} INFO - [2024-05-09T15:32:07.238+0700] {dag.py:3954} INFO - Setting next_dagrun for dataset_consumes_1 to None, run_after=None
[2024-05-09T15:32:07.239+0700] {logging_mixin.py:188} INFO - [2024-05-09T15:32:07.239+0700] {dag.py:3954} INFO - Setting next_dagrun for dataset_consumes_1_and_2 to None, run_after=None
[2024-05-09T15:32:07.240+0700] {logging_mixin.py:188} INFO - [2024-05-09T15:32:07.240+0700] {dag.py:3954} INFO - Setting next_dagrun for dataset_consumes_1_never_scheduled to None, run_after=None
[2024-05-09T15:32:07.241+0700] {logging_mixin.py:188} INFO - [2024-05-09T15:32:07.241+0700] {dag.py:3954} INFO - Setting next_dagrun for dataset_consumes_unknown_never_scheduled to None, run_after=None
[2024-05-09T15:32:07.244+0700] {logging_mixin.py:188} INFO - [2024-05-09T15:32:07.243+0700] {dag.py:3954} INFO - Setting next_dagrun for dataset_produces_1 to 2024-05-08 00:00:00+00:00, run_after=2024-05-09 00:00:00+00:00
[2024-05-09T15:32:07.245+0700] {logging_mixin.py:188} INFO - [2024-05-09T15:32:07.244+0700] {dag.py:3954} INFO - Setting next_dagrun for dataset_produces_2 to None, run_after=None
[2024-05-09T15:32:07.288+0700] {processor.py:183} INFO - Processing /Library/Frameworks/Python.framework/Versions/3.10/lib/python3.10/site-packages/airflow/example_dags/example_datasets.py took 0.634 seconds
