[2024-05-09T14:31:32.668+0700] {processor.py:161} INFO - Started process (PID=69707) to work on /Library/Frameworks/Python.framework/Versions/3.10/lib/python3.10/site-packages/airflow/example_dags/example_python_operator.py
[2024-05-09T14:31:32.669+0700] {processor.py:830} INFO - Processing file /Library/Frameworks/Python.framework/Versions/3.10/lib/python3.10/site-packages/airflow/example_dags/example_python_operator.py for tasks to queue
[2024-05-09T14:31:32.669+0700] {logging_mixin.py:188} INFO - [2024-05-09T14:31:32.669+0700] {dagbag.py:540} INFO - Filling up the DagBag from /Library/Frameworks/Python.framework/Versions/3.10/lib/python3.10/site-packages/airflow/example_dags/example_python_operator.py
[2024-05-09T14:31:32.686+0700] {processor.py:840} INFO - DAG(s) 'example_python_operator' retrieved from /Library/Frameworks/Python.framework/Versions/3.10/lib/python3.10/site-packages/airflow/example_dags/example_python_operator.py
[2024-05-09T14:31:32.831+0700] {logging_mixin.py:188} INFO - [2024-05-09T14:31:32.831+0700] {dag.py:3096} INFO - Sync 1 DAGs
[2024-05-09T14:31:32.837+0700] {logging_mixin.py:188} INFO - [2024-05-09T14:31:32.836+0700] {dag.py:3954} INFO - Setting next_dagrun for example_python_operator to None, run_after=None
[2024-05-09T14:31:32.850+0700] {processor.py:183} INFO - Processing /Library/Frameworks/Python.framework/Versions/3.10/lib/python3.10/site-packages/airflow/example_dags/example_python_operator.py took 0.184 seconds
[2024-05-09T14:33:48.372+0700] {processor.py:161} INFO - Started process (PID=70496) to work on /Library/Frameworks/Python.framework/Versions/3.10/lib/python3.10/site-packages/airflow/example_dags/example_python_operator.py
[2024-05-09T14:33:48.374+0700] {processor.py:830} INFO - Processing file /Library/Frameworks/Python.framework/Versions/3.10/lib/python3.10/site-packages/airflow/example_dags/example_python_operator.py for tasks to queue
[2024-05-09T14:33:48.376+0700] {logging_mixin.py:188} INFO - [2024-05-09T14:33:48.375+0700] {dagbag.py:540} INFO - Filling up the DagBag from /Library/Frameworks/Python.framework/Versions/3.10/lib/python3.10/site-packages/airflow/example_dags/example_python_operator.py
[2024-05-09T14:33:48.423+0700] {processor.py:840} INFO - DAG(s) 'example_python_operator' retrieved from /Library/Frameworks/Python.framework/Versions/3.10/lib/python3.10/site-packages/airflow/example_dags/example_python_operator.py
[2024-05-09T14:33:48.775+0700] {logging_mixin.py:188} INFO - [2024-05-09T14:33:48.775+0700] {dag.py:3096} INFO - Sync 1 DAGs
[2024-05-09T14:33:48.786+0700] {logging_mixin.py:188} INFO - [2024-05-09T14:33:48.785+0700] {dag.py:3954} INFO - Setting next_dagrun for example_python_operator to None, run_after=None
[2024-05-09T14:33:48.810+0700] {processor.py:183} INFO - Processing /Library/Frameworks/Python.framework/Versions/3.10/lib/python3.10/site-packages/airflow/example_dags/example_python_operator.py took 0.449 seconds
[2024-05-09T14:37:05.736+0700] {processor.py:161} INFO - Started process (PID=71672) to work on /Library/Frameworks/Python.framework/Versions/3.10/lib/python3.10/site-packages/airflow/example_dags/example_python_operator.py
[2024-05-09T14:37:05.737+0700] {processor.py:830} INFO - Processing file /Library/Frameworks/Python.framework/Versions/3.10/lib/python3.10/site-packages/airflow/example_dags/example_python_operator.py for tasks to queue
[2024-05-09T14:37:05.737+0700] {logging_mixin.py:188} INFO - [2024-05-09T14:37:05.737+0700] {dagbag.py:540} INFO - Filling up the DagBag from /Library/Frameworks/Python.framework/Versions/3.10/lib/python3.10/site-packages/airflow/example_dags/example_python_operator.py
[2024-05-09T14:37:05.754+0700] {processor.py:840} INFO - DAG(s) 'example_python_operator' retrieved from /Library/Frameworks/Python.framework/Versions/3.10/lib/python3.10/site-packages/airflow/example_dags/example_python_operator.py
[2024-05-09T14:37:05.917+0700] {logging_mixin.py:188} INFO - [2024-05-09T14:37:05.917+0700] {dag.py:3096} INFO - Sync 1 DAGs
[2024-05-09T14:37:05.922+0700] {logging_mixin.py:188} INFO - [2024-05-09T14:37:05.922+0700] {dag.py:3954} INFO - Setting next_dagrun for example_python_operator to None, run_after=None
[2024-05-09T14:37:05.934+0700] {processor.py:183} INFO - Processing /Library/Frameworks/Python.framework/Versions/3.10/lib/python3.10/site-packages/airflow/example_dags/example_python_operator.py took 0.200 seconds
[2024-05-09T14:40:30.637+0700] {processor.py:161} INFO - Started process (PID=73441) to work on /Library/Frameworks/Python.framework/Versions/3.10/lib/python3.10/site-packages/airflow/example_dags/example_python_operator.py
[2024-05-09T14:40:30.638+0700] {processor.py:830} INFO - Processing file /Library/Frameworks/Python.framework/Versions/3.10/lib/python3.10/site-packages/airflow/example_dags/example_python_operator.py for tasks to queue
[2024-05-09T14:40:30.638+0700] {logging_mixin.py:188} INFO - [2024-05-09T14:40:30.638+0700] {dagbag.py:540} INFO - Filling up the DagBag from /Library/Frameworks/Python.framework/Versions/3.10/lib/python3.10/site-packages/airflow/example_dags/example_python_operator.py
[2024-05-09T14:40:30.655+0700] {processor.py:840} INFO - DAG(s) 'example_python_operator' retrieved from /Library/Frameworks/Python.framework/Versions/3.10/lib/python3.10/site-packages/airflow/example_dags/example_python_operator.py
[2024-05-09T14:40:30.817+0700] {logging_mixin.py:188} INFO - [2024-05-09T14:40:30.816+0700] {dag.py:3096} INFO - Sync 1 DAGs
[2024-05-09T14:40:30.822+0700] {logging_mixin.py:188} INFO - [2024-05-09T14:40:30.822+0700] {dag.py:3954} INFO - Setting next_dagrun for example_python_operator to None, run_after=None
[2024-05-09T14:40:30.839+0700] {processor.py:183} INFO - Processing /Library/Frameworks/Python.framework/Versions/3.10/lib/python3.10/site-packages/airflow/example_dags/example_python_operator.py took 0.204 seconds
[2024-05-09T14:42:43.380+0700] {processor.py:161} INFO - Started process (PID=76784) to work on /Library/Frameworks/Python.framework/Versions/3.10/lib/python3.10/site-packages/airflow/example_dags/example_python_operator.py
[2024-05-09T14:42:43.383+0700] {processor.py:830} INFO - Processing file /Library/Frameworks/Python.framework/Versions/3.10/lib/python3.10/site-packages/airflow/example_dags/example_python_operator.py for tasks to queue
[2024-05-09T14:42:43.385+0700] {logging_mixin.py:188} INFO - [2024-05-09T14:42:43.383+0700] {dagbag.py:540} INFO - Filling up the DagBag from /Library/Frameworks/Python.framework/Versions/3.10/lib/python3.10/site-packages/airflow/example_dags/example_python_operator.py
[2024-05-09T14:42:43.437+0700] {processor.py:840} INFO - DAG(s) 'example_python_operator' retrieved from /Library/Frameworks/Python.framework/Versions/3.10/lib/python3.10/site-packages/airflow/example_dags/example_python_operator.py
[2024-05-09T14:42:43.464+0700] {logging_mixin.py:188} INFO - [2024-05-09T14:42:43.464+0700] {dag.py:3096} INFO - Sync 1 DAGs
[2024-05-09T14:42:43.648+0700] {logging_mixin.py:188} INFO - [2024-05-09T14:42:43.648+0700] {dag.py:3954} INFO - Setting next_dagrun for example_python_operator to None, run_after=None
[2024-05-09T14:42:43.679+0700] {processor.py:183} INFO - Processing /Library/Frameworks/Python.framework/Versions/3.10/lib/python3.10/site-packages/airflow/example_dags/example_python_operator.py took 0.308 seconds
[2024-05-09T14:44:41.815+0700] {processor.py:161} INFO - Started process (PID=77599) to work on /Library/Frameworks/Python.framework/Versions/3.10/lib/python3.10/site-packages/airflow/example_dags/example_python_operator.py
[2024-05-09T14:44:41.816+0700] {processor.py:830} INFO - Processing file /Library/Frameworks/Python.framework/Versions/3.10/lib/python3.10/site-packages/airflow/example_dags/example_python_operator.py for tasks to queue
[2024-05-09T14:44:41.817+0700] {logging_mixin.py:188} INFO - [2024-05-09T14:44:41.816+0700] {dagbag.py:540} INFO - Filling up the DagBag from /Library/Frameworks/Python.framework/Versions/3.10/lib/python3.10/site-packages/airflow/example_dags/example_python_operator.py
[2024-05-09T14:44:41.841+0700] {processor.py:840} INFO - DAG(s) 'example_python_operator' retrieved from /Library/Frameworks/Python.framework/Versions/3.10/lib/python3.10/site-packages/airflow/example_dags/example_python_operator.py
[2024-05-09T14:44:42.024+0700] {logging_mixin.py:188} INFO - [2024-05-09T14:44:42.023+0700] {dag.py:3096} INFO - Sync 1 DAGs
[2024-05-09T14:44:42.049+0700] {logging_mixin.py:188} INFO - [2024-05-09T14:44:42.048+0700] {dag.py:3954} INFO - Setting next_dagrun for example_python_operator to None, run_after=None
[2024-05-09T14:44:42.075+0700] {processor.py:183} INFO - Processing /Library/Frameworks/Python.framework/Versions/3.10/lib/python3.10/site-packages/airflow/example_dags/example_python_operator.py took 0.262 seconds
[2024-05-09T14:46:29.147+0700] {processor.py:161} INFO - Started process (PID=78304) to work on /Library/Frameworks/Python.framework/Versions/3.10/lib/python3.10/site-packages/airflow/example_dags/example_python_operator.py
[2024-05-09T14:46:29.148+0700] {processor.py:830} INFO - Processing file /Library/Frameworks/Python.framework/Versions/3.10/lib/python3.10/site-packages/airflow/example_dags/example_python_operator.py for tasks to queue
[2024-05-09T14:46:29.149+0700] {logging_mixin.py:188} INFO - [2024-05-09T14:46:29.148+0700] {dagbag.py:540} INFO - Filling up the DagBag from /Library/Frameworks/Python.framework/Versions/3.10/lib/python3.10/site-packages/airflow/example_dags/example_python_operator.py
[2024-05-09T14:46:29.176+0700] {processor.py:840} INFO - DAG(s) 'example_python_operator' retrieved from /Library/Frameworks/Python.framework/Versions/3.10/lib/python3.10/site-packages/airflow/example_dags/example_python_operator.py
[2024-05-09T14:46:29.427+0700] {logging_mixin.py:188} INFO - [2024-05-09T14:46:29.426+0700] {dag.py:3096} INFO - Sync 1 DAGs
[2024-05-09T14:46:29.434+0700] {logging_mixin.py:188} INFO - [2024-05-09T14:46:29.433+0700] {dag.py:3954} INFO - Setting next_dagrun for example_python_operator to None, run_after=None
[2024-05-09T14:46:29.458+0700] {processor.py:183} INFO - Processing /Library/Frameworks/Python.framework/Versions/3.10/lib/python3.10/site-packages/airflow/example_dags/example_python_operator.py took 0.313 seconds
[2024-05-09T14:48:26.389+0700] {processor.py:161} INFO - Started process (PID=78972) to work on /Library/Frameworks/Python.framework/Versions/3.10/lib/python3.10/site-packages/airflow/example_dags/example_python_operator.py
[2024-05-09T14:48:26.390+0700] {processor.py:830} INFO - Processing file /Library/Frameworks/Python.framework/Versions/3.10/lib/python3.10/site-packages/airflow/example_dags/example_python_operator.py for tasks to queue
[2024-05-09T14:48:26.391+0700] {logging_mixin.py:188} INFO - [2024-05-09T14:48:26.391+0700] {dagbag.py:540} INFO - Filling up the DagBag from /Library/Frameworks/Python.framework/Versions/3.10/lib/python3.10/site-packages/airflow/example_dags/example_python_operator.py
[2024-05-09T14:48:26.417+0700] {processor.py:840} INFO - DAG(s) 'example_python_operator' retrieved from /Library/Frameworks/Python.framework/Versions/3.10/lib/python3.10/site-packages/airflow/example_dags/example_python_operator.py
[2024-05-09T14:48:26.591+0700] {logging_mixin.py:188} INFO - [2024-05-09T14:48:26.590+0700] {dag.py:3096} INFO - Sync 1 DAGs
[2024-05-09T14:48:26.596+0700] {logging_mixin.py:188} INFO - [2024-05-09T14:48:26.596+0700] {dag.py:3954} INFO - Setting next_dagrun for example_python_operator to None, run_after=None
[2024-05-09T14:48:26.610+0700] {processor.py:183} INFO - Processing /Library/Frameworks/Python.framework/Versions/3.10/lib/python3.10/site-packages/airflow/example_dags/example_python_operator.py took 0.225 seconds
[2024-05-09T14:52:01.611+0700] {processor.py:161} INFO - Started process (PID=80207) to work on /Library/Frameworks/Python.framework/Versions/3.10/lib/python3.10/site-packages/airflow/example_dags/example_python_operator.py
[2024-05-09T14:52:01.612+0700] {processor.py:830} INFO - Processing file /Library/Frameworks/Python.framework/Versions/3.10/lib/python3.10/site-packages/airflow/example_dags/example_python_operator.py for tasks to queue
[2024-05-09T14:52:01.613+0700] {logging_mixin.py:188} INFO - [2024-05-09T14:52:01.613+0700] {dagbag.py:540} INFO - Filling up the DagBag from /Library/Frameworks/Python.framework/Versions/3.10/lib/python3.10/site-packages/airflow/example_dags/example_python_operator.py
[2024-05-09T14:52:01.663+0700] {processor.py:840} INFO - DAG(s) 'example_python_operator' retrieved from /Library/Frameworks/Python.framework/Versions/3.10/lib/python3.10/site-packages/airflow/example_dags/example_python_operator.py
[2024-05-09T14:52:02.112+0700] {logging_mixin.py:188} INFO - [2024-05-09T14:52:02.112+0700] {dag.py:3096} INFO - Sync 1 DAGs
[2024-05-09T14:52:02.121+0700] {logging_mixin.py:188} INFO - [2024-05-09T14:52:02.121+0700] {dag.py:3954} INFO - Setting next_dagrun for example_python_operator to None, run_after=None
[2024-05-09T14:52:02.142+0700] {processor.py:183} INFO - Processing /Library/Frameworks/Python.framework/Versions/3.10/lib/python3.10/site-packages/airflow/example_dags/example_python_operator.py took 0.534 seconds
[2024-05-09T14:53:49.415+0700] {processor.py:161} INFO - Started process (PID=80933) to work on /Library/Frameworks/Python.framework/Versions/3.10/lib/python3.10/site-packages/airflow/example_dags/example_python_operator.py
[2024-05-09T14:53:49.416+0700] {processor.py:830} INFO - Processing file /Library/Frameworks/Python.framework/Versions/3.10/lib/python3.10/site-packages/airflow/example_dags/example_python_operator.py for tasks to queue
[2024-05-09T14:53:49.416+0700] {logging_mixin.py:188} INFO - [2024-05-09T14:53:49.416+0700] {dagbag.py:540} INFO - Filling up the DagBag from /Library/Frameworks/Python.framework/Versions/3.10/lib/python3.10/site-packages/airflow/example_dags/example_python_operator.py
[2024-05-09T14:53:49.435+0700] {processor.py:840} INFO - DAG(s) 'example_python_operator' retrieved from /Library/Frameworks/Python.framework/Versions/3.10/lib/python3.10/site-packages/airflow/example_dags/example_python_operator.py
[2024-05-09T14:53:49.640+0700] {logging_mixin.py:188} INFO - [2024-05-09T14:53:49.640+0700] {dag.py:3096} INFO - Sync 1 DAGs
[2024-05-09T14:53:49.646+0700] {logging_mixin.py:188} INFO - [2024-05-09T14:53:49.645+0700] {dag.py:3954} INFO - Setting next_dagrun for example_python_operator to None, run_after=None
[2024-05-09T14:53:49.660+0700] {processor.py:183} INFO - Processing /Library/Frameworks/Python.framework/Versions/3.10/lib/python3.10/site-packages/airflow/example_dags/example_python_operator.py took 0.247 seconds
[2024-05-09T14:56:49.535+0700] {processor.py:161} INFO - Started process (PID=82133) to work on /Library/Frameworks/Python.framework/Versions/3.10/lib/python3.10/site-packages/airflow/example_dags/example_python_operator.py
[2024-05-09T14:56:49.536+0700] {processor.py:830} INFO - Processing file /Library/Frameworks/Python.framework/Versions/3.10/lib/python3.10/site-packages/airflow/example_dags/example_python_operator.py for tasks to queue
[2024-05-09T14:56:49.536+0700] {logging_mixin.py:188} INFO - [2024-05-09T14:56:49.536+0700] {dagbag.py:540} INFO - Filling up the DagBag from /Library/Frameworks/Python.framework/Versions/3.10/lib/python3.10/site-packages/airflow/example_dags/example_python_operator.py
[2024-05-09T14:56:49.553+0700] {processor.py:840} INFO - DAG(s) 'example_python_operator' retrieved from /Library/Frameworks/Python.framework/Versions/3.10/lib/python3.10/site-packages/airflow/example_dags/example_python_operator.py
[2024-05-09T14:56:49.567+0700] {logging_mixin.py:188} INFO - [2024-05-09T14:56:49.567+0700] {dag.py:3096} INFO - Sync 1 DAGs
[2024-05-09T14:56:49.648+0700] {logging_mixin.py:188} INFO - [2024-05-09T14:56:49.648+0700] {dag.py:3954} INFO - Setting next_dagrun for example_python_operator to None, run_after=None
[2024-05-09T14:56:49.660+0700] {processor.py:183} INFO - Processing /Library/Frameworks/Python.framework/Versions/3.10/lib/python3.10/site-packages/airflow/example_dags/example_python_operator.py took 0.127 seconds
[2024-05-09T14:59:51.517+0700] {processor.py:161} INFO - Started process (PID=83207) to work on /Library/Frameworks/Python.framework/Versions/3.10/lib/python3.10/site-packages/airflow/example_dags/example_python_operator.py
[2024-05-09T14:59:51.518+0700] {processor.py:830} INFO - Processing file /Library/Frameworks/Python.framework/Versions/3.10/lib/python3.10/site-packages/airflow/example_dags/example_python_operator.py for tasks to queue
[2024-05-09T14:59:51.519+0700] {logging_mixin.py:188} INFO - [2024-05-09T14:59:51.519+0700] {dagbag.py:540} INFO - Filling up the DagBag from /Library/Frameworks/Python.framework/Versions/3.10/lib/python3.10/site-packages/airflow/example_dags/example_python_operator.py
[2024-05-09T14:59:51.536+0700] {processor.py:840} INFO - DAG(s) 'example_python_operator' retrieved from /Library/Frameworks/Python.framework/Versions/3.10/lib/python3.10/site-packages/airflow/example_dags/example_python_operator.py
[2024-05-09T14:59:51.713+0700] {logging_mixin.py:188} INFO - [2024-05-09T14:59:51.713+0700] {dag.py:3096} INFO - Sync 1 DAGs
[2024-05-09T14:59:51.718+0700] {logging_mixin.py:188} INFO - [2024-05-09T14:59:51.718+0700] {dag.py:3954} INFO - Setting next_dagrun for example_python_operator to None, run_after=None
[2024-05-09T14:59:51.731+0700] {processor.py:183} INFO - Processing /Library/Frameworks/Python.framework/Versions/3.10/lib/python3.10/site-packages/airflow/example_dags/example_python_operator.py took 0.216 seconds
[2024-05-09T15:02:54.453+0700] {processor.py:161} INFO - Started process (PID=84250) to work on /Library/Frameworks/Python.framework/Versions/3.10/lib/python3.10/site-packages/airflow/example_dags/example_python_operator.py
[2024-05-09T15:02:54.454+0700] {processor.py:830} INFO - Processing file /Library/Frameworks/Python.framework/Versions/3.10/lib/python3.10/site-packages/airflow/example_dags/example_python_operator.py for tasks to queue
[2024-05-09T15:02:54.454+0700] {logging_mixin.py:188} INFO - [2024-05-09T15:02:54.454+0700] {dagbag.py:540} INFO - Filling up the DagBag from /Library/Frameworks/Python.framework/Versions/3.10/lib/python3.10/site-packages/airflow/example_dags/example_python_operator.py
[2024-05-09T15:02:54.486+0700] {processor.py:840} INFO - DAG(s) 'example_python_operator' retrieved from /Library/Frameworks/Python.framework/Versions/3.10/lib/python3.10/site-packages/airflow/example_dags/example_python_operator.py
[2024-05-09T15:02:54.655+0700] {logging_mixin.py:188} INFO - [2024-05-09T15:02:54.655+0700] {dag.py:3096} INFO - Sync 1 DAGs
[2024-05-09T15:02:54.660+0700] {logging_mixin.py:188} INFO - [2024-05-09T15:02:54.660+0700] {dag.py:3954} INFO - Setting next_dagrun for example_python_operator to None, run_after=None
[2024-05-09T15:02:54.674+0700] {processor.py:183} INFO - Processing /Library/Frameworks/Python.framework/Versions/3.10/lib/python3.10/site-packages/airflow/example_dags/example_python_operator.py took 0.225 seconds
[2024-05-09T15:04:37.125+0700] {processor.py:161} INFO - Started process (PID=84944) to work on /Library/Frameworks/Python.framework/Versions/3.10/lib/python3.10/site-packages/airflow/example_dags/example_python_operator.py
[2024-05-09T15:04:37.125+0700] {processor.py:830} INFO - Processing file /Library/Frameworks/Python.framework/Versions/3.10/lib/python3.10/site-packages/airflow/example_dags/example_python_operator.py for tasks to queue
[2024-05-09T15:04:37.126+0700] {logging_mixin.py:188} INFO - [2024-05-09T15:04:37.126+0700] {dagbag.py:540} INFO - Filling up the DagBag from /Library/Frameworks/Python.framework/Versions/3.10/lib/python3.10/site-packages/airflow/example_dags/example_python_operator.py
[2024-05-09T15:04:37.151+0700] {processor.py:840} INFO - DAG(s) 'example_python_operator' retrieved from /Library/Frameworks/Python.framework/Versions/3.10/lib/python3.10/site-packages/airflow/example_dags/example_python_operator.py
[2024-05-09T15:04:37.313+0700] {logging_mixin.py:188} INFO - [2024-05-09T15:04:37.312+0700] {dag.py:3096} INFO - Sync 1 DAGs
[2024-05-09T15:04:37.318+0700] {logging_mixin.py:188} INFO - [2024-05-09T15:04:37.318+0700] {dag.py:3954} INFO - Setting next_dagrun for example_python_operator to None, run_after=None
[2024-05-09T15:04:37.330+0700] {processor.py:183} INFO - Processing /Library/Frameworks/Python.framework/Versions/3.10/lib/python3.10/site-packages/airflow/example_dags/example_python_operator.py took 0.207 seconds
[2024-05-09T15:10:39.456+0700] {processor.py:161} INFO - Started process (PID=86841) to work on /Library/Frameworks/Python.framework/Versions/3.10/lib/python3.10/site-packages/airflow/example_dags/example_python_operator.py
[2024-05-09T15:10:39.457+0700] {processor.py:830} INFO - Processing file /Library/Frameworks/Python.framework/Versions/3.10/lib/python3.10/site-packages/airflow/example_dags/example_python_operator.py for tasks to queue
[2024-05-09T15:10:39.458+0700] {logging_mixin.py:188} INFO - [2024-05-09T15:10:39.458+0700] {dagbag.py:540} INFO - Filling up the DagBag from /Library/Frameworks/Python.framework/Versions/3.10/lib/python3.10/site-packages/airflow/example_dags/example_python_operator.py
[2024-05-09T15:10:39.489+0700] {processor.py:840} INFO - DAG(s) 'example_python_operator' retrieved from /Library/Frameworks/Python.framework/Versions/3.10/lib/python3.10/site-packages/airflow/example_dags/example_python_operator.py
[2024-05-09T15:10:39.687+0700] {logging_mixin.py:188} INFO - [2024-05-09T15:10:39.687+0700] {dag.py:3096} INFO - Sync 1 DAGs
[2024-05-09T15:10:39.697+0700] {logging_mixin.py:188} INFO - [2024-05-09T15:10:39.697+0700] {dag.py:3954} INFO - Setting next_dagrun for example_python_operator to None, run_after=None
[2024-05-09T15:10:39.712+0700] {processor.py:183} INFO - Processing /Library/Frameworks/Python.framework/Versions/3.10/lib/python3.10/site-packages/airflow/example_dags/example_python_operator.py took 0.260 seconds
[2024-05-09T15:12:56.747+0700] {processor.py:161} INFO - Started process (PID=87985) to work on /Library/Frameworks/Python.framework/Versions/3.10/lib/python3.10/site-packages/airflow/example_dags/example_python_operator.py
[2024-05-09T15:12:56.748+0700] {processor.py:830} INFO - Processing file /Library/Frameworks/Python.framework/Versions/3.10/lib/python3.10/site-packages/airflow/example_dags/example_python_operator.py for tasks to queue
[2024-05-09T15:12:56.749+0700] {logging_mixin.py:188} INFO - [2024-05-09T15:12:56.749+0700] {dagbag.py:540} INFO - Filling up the DagBag from /Library/Frameworks/Python.framework/Versions/3.10/lib/python3.10/site-packages/airflow/example_dags/example_python_operator.py
[2024-05-09T15:12:56.766+0700] {processor.py:840} INFO - DAG(s) 'example_python_operator' retrieved from /Library/Frameworks/Python.framework/Versions/3.10/lib/python3.10/site-packages/airflow/example_dags/example_python_operator.py
[2024-05-09T15:12:56.947+0700] {logging_mixin.py:188} INFO - [2024-05-09T15:12:56.947+0700] {dag.py:3096} INFO - Sync 1 DAGs
[2024-05-09T15:12:56.953+0700] {logging_mixin.py:188} INFO - [2024-05-09T15:12:56.953+0700] {dag.py:3954} INFO - Setting next_dagrun for example_python_operator to None, run_after=None
[2024-05-09T15:12:56.971+0700] {processor.py:183} INFO - Processing /Library/Frameworks/Python.framework/Versions/3.10/lib/python3.10/site-packages/airflow/example_dags/example_python_operator.py took 0.225 seconds
[2024-05-09T15:14:48.258+0700] {processor.py:161} INFO - Started process (PID=88725) to work on /Library/Frameworks/Python.framework/Versions/3.10/lib/python3.10/site-packages/airflow/example_dags/example_python_operator.py
[2024-05-09T15:14:48.259+0700] {processor.py:830} INFO - Processing file /Library/Frameworks/Python.framework/Versions/3.10/lib/python3.10/site-packages/airflow/example_dags/example_python_operator.py for tasks to queue
[2024-05-09T15:14:48.260+0700] {logging_mixin.py:188} INFO - [2024-05-09T15:14:48.260+0700] {dagbag.py:540} INFO - Filling up the DagBag from /Library/Frameworks/Python.framework/Versions/3.10/lib/python3.10/site-packages/airflow/example_dags/example_python_operator.py
[2024-05-09T15:14:48.276+0700] {processor.py:840} INFO - DAG(s) 'example_python_operator' retrieved from /Library/Frameworks/Python.framework/Versions/3.10/lib/python3.10/site-packages/airflow/example_dags/example_python_operator.py
[2024-05-09T15:14:48.448+0700] {logging_mixin.py:188} INFO - [2024-05-09T15:14:48.448+0700] {dag.py:3096} INFO - Sync 1 DAGs
[2024-05-09T15:14:48.453+0700] {logging_mixin.py:188} INFO - [2024-05-09T15:14:48.453+0700] {dag.py:3954} INFO - Setting next_dagrun for example_python_operator to None, run_after=None
[2024-05-09T15:14:48.466+0700] {processor.py:183} INFO - Processing /Library/Frameworks/Python.framework/Versions/3.10/lib/python3.10/site-packages/airflow/example_dags/example_python_operator.py took 0.209 seconds
[2024-05-09T15:17:53.747+0700] {processor.py:161} INFO - Started process (PID=90378) to work on /Library/Frameworks/Python.framework/Versions/3.10/lib/python3.10/site-packages/airflow/example_dags/example_python_operator.py
[2024-05-09T15:17:53.751+0700] {processor.py:830} INFO - Processing file /Library/Frameworks/Python.framework/Versions/3.10/lib/python3.10/site-packages/airflow/example_dags/example_python_operator.py for tasks to queue
[2024-05-09T15:17:53.751+0700] {logging_mixin.py:188} INFO - [2024-05-09T15:17:53.751+0700] {dagbag.py:540} INFO - Filling up the DagBag from /Library/Frameworks/Python.framework/Versions/3.10/lib/python3.10/site-packages/airflow/example_dags/example_python_operator.py
[2024-05-09T15:17:53.768+0700] {processor.py:840} INFO - DAG(s) 'example_python_operator' retrieved from /Library/Frameworks/Python.framework/Versions/3.10/lib/python3.10/site-packages/airflow/example_dags/example_python_operator.py
[2024-05-09T15:17:53.941+0700] {logging_mixin.py:188} INFO - [2024-05-09T15:17:53.940+0700] {dag.py:3096} INFO - Sync 1 DAGs
[2024-05-09T15:17:53.946+0700] {logging_mixin.py:188} INFO - [2024-05-09T15:17:53.946+0700] {dag.py:3954} INFO - Setting next_dagrun for example_python_operator to None, run_after=None
[2024-05-09T15:17:53.958+0700] {processor.py:183} INFO - Processing /Library/Frameworks/Python.framework/Versions/3.10/lib/python3.10/site-packages/airflow/example_dags/example_python_operator.py took 0.218 seconds
[2024-05-09T15:21:10.003+0700] {processor.py:161} INFO - Started process (PID=91785) to work on /Library/Frameworks/Python.framework/Versions/3.10/lib/python3.10/site-packages/airflow/example_dags/example_python_operator.py
[2024-05-09T15:21:10.004+0700] {processor.py:830} INFO - Processing file /Library/Frameworks/Python.framework/Versions/3.10/lib/python3.10/site-packages/airflow/example_dags/example_python_operator.py for tasks to queue
[2024-05-09T15:21:10.005+0700] {logging_mixin.py:188} INFO - [2024-05-09T15:21:10.005+0700] {dagbag.py:540} INFO - Filling up the DagBag from /Library/Frameworks/Python.framework/Versions/3.10/lib/python3.10/site-packages/airflow/example_dags/example_python_operator.py
[2024-05-09T15:21:10.034+0700] {processor.py:840} INFO - DAG(s) 'example_python_operator' retrieved from /Library/Frameworks/Python.framework/Versions/3.10/lib/python3.10/site-packages/airflow/example_dags/example_python_operator.py
[2024-05-09T15:21:10.206+0700] {logging_mixin.py:188} INFO - [2024-05-09T15:21:10.206+0700] {dag.py:3096} INFO - Sync 1 DAGs
[2024-05-09T15:21:10.212+0700] {logging_mixin.py:188} INFO - [2024-05-09T15:21:10.212+0700] {dag.py:3954} INFO - Setting next_dagrun for example_python_operator to None, run_after=None
[2024-05-09T15:21:10.225+0700] {processor.py:183} INFO - Processing /Library/Frameworks/Python.framework/Versions/3.10/lib/python3.10/site-packages/airflow/example_dags/example_python_operator.py took 0.224 seconds
[2024-05-09T15:24:38.732+0700] {processor.py:161} INFO - Started process (PID=94813) to work on /Library/Frameworks/Python.framework/Versions/3.10/lib/python3.10/site-packages/airflow/example_dags/example_python_operator.py
[2024-05-09T15:24:38.733+0700] {processor.py:830} INFO - Processing file /Library/Frameworks/Python.framework/Versions/3.10/lib/python3.10/site-packages/airflow/example_dags/example_python_operator.py for tasks to queue
[2024-05-09T15:24:38.734+0700] {logging_mixin.py:188} INFO - [2024-05-09T15:24:38.734+0700] {dagbag.py:540} INFO - Filling up the DagBag from /Library/Frameworks/Python.framework/Versions/3.10/lib/python3.10/site-packages/airflow/example_dags/example_python_operator.py
[2024-05-09T15:24:38.755+0700] {processor.py:840} INFO - DAG(s) 'example_python_operator' retrieved from /Library/Frameworks/Python.framework/Versions/3.10/lib/python3.10/site-packages/airflow/example_dags/example_python_operator.py
[2024-05-09T15:24:38.966+0700] {logging_mixin.py:188} INFO - [2024-05-09T15:24:38.966+0700] {dag.py:3096} INFO - Sync 1 DAGs
[2024-05-09T15:24:38.973+0700] {logging_mixin.py:188} INFO - [2024-05-09T15:24:38.973+0700] {dag.py:3954} INFO - Setting next_dagrun for example_python_operator to None, run_after=None
[2024-05-09T15:24:38.988+0700] {processor.py:183} INFO - Processing /Library/Frameworks/Python.framework/Versions/3.10/lib/python3.10/site-packages/airflow/example_dags/example_python_operator.py took 0.259 seconds
[2024-05-09T15:27:44.914+0700] {processor.py:161} INFO - Started process (PID=95992) to work on /Library/Frameworks/Python.framework/Versions/3.10/lib/python3.10/site-packages/airflow/example_dags/example_python_operator.py
[2024-05-09T15:27:44.914+0700] {processor.py:830} INFO - Processing file /Library/Frameworks/Python.framework/Versions/3.10/lib/python3.10/site-packages/airflow/example_dags/example_python_operator.py for tasks to queue
[2024-05-09T15:27:44.915+0700] {logging_mixin.py:188} INFO - [2024-05-09T15:27:44.915+0700] {dagbag.py:540} INFO - Filling up the DagBag from /Library/Frameworks/Python.framework/Versions/3.10/lib/python3.10/site-packages/airflow/example_dags/example_python_operator.py
[2024-05-09T15:27:44.939+0700] {processor.py:840} INFO - DAG(s) 'example_python_operator' retrieved from /Library/Frameworks/Python.framework/Versions/3.10/lib/python3.10/site-packages/airflow/example_dags/example_python_operator.py
[2024-05-09T15:27:45.123+0700] {logging_mixin.py:188} INFO - [2024-05-09T15:27:45.122+0700] {dag.py:3096} INFO - Sync 1 DAGs
[2024-05-09T15:27:45.128+0700] {logging_mixin.py:188} INFO - [2024-05-09T15:27:45.128+0700] {dag.py:3954} INFO - Setting next_dagrun for example_python_operator to None, run_after=None
[2024-05-09T15:27:45.141+0700] {processor.py:183} INFO - Processing /Library/Frameworks/Python.framework/Versions/3.10/lib/python3.10/site-packages/airflow/example_dags/example_python_operator.py took 0.229 seconds
[2024-05-09T15:29:21.201+0700] {processor.py:161} INFO - Started process (PID=96546) to work on /Library/Frameworks/Python.framework/Versions/3.10/lib/python3.10/site-packages/airflow/example_dags/example_python_operator.py
[2024-05-09T15:29:21.203+0700] {processor.py:830} INFO - Processing file /Library/Frameworks/Python.framework/Versions/3.10/lib/python3.10/site-packages/airflow/example_dags/example_python_operator.py for tasks to queue
[2024-05-09T15:29:21.203+0700] {logging_mixin.py:188} INFO - [2024-05-09T15:29:21.203+0700] {dagbag.py:540} INFO - Filling up the DagBag from /Library/Frameworks/Python.framework/Versions/3.10/lib/python3.10/site-packages/airflow/example_dags/example_python_operator.py
[2024-05-09T15:29:21.221+0700] {processor.py:840} INFO - DAG(s) 'example_python_operator' retrieved from /Library/Frameworks/Python.framework/Versions/3.10/lib/python3.10/site-packages/airflow/example_dags/example_python_operator.py
[2024-05-09T15:29:21.386+0700] {logging_mixin.py:188} INFO - [2024-05-09T15:29:21.386+0700] {dag.py:3096} INFO - Sync 1 DAGs
[2024-05-09T15:29:21.392+0700] {logging_mixin.py:188} INFO - [2024-05-09T15:29:21.391+0700] {dag.py:3954} INFO - Setting next_dagrun for example_python_operator to None, run_after=None
[2024-05-09T15:29:21.404+0700] {processor.py:183} INFO - Processing /Library/Frameworks/Python.framework/Versions/3.10/lib/python3.10/site-packages/airflow/example_dags/example_python_operator.py took 0.205 seconds
[2024-05-09T15:31:36.938+0700] {processor.py:161} INFO - Started process (PID=97454) to work on /Library/Frameworks/Python.framework/Versions/3.10/lib/python3.10/site-packages/airflow/example_dags/example_python_operator.py
[2024-05-09T15:31:36.939+0700] {processor.py:830} INFO - Processing file /Library/Frameworks/Python.framework/Versions/3.10/lib/python3.10/site-packages/airflow/example_dags/example_python_operator.py for tasks to queue
[2024-05-09T15:31:36.940+0700] {logging_mixin.py:188} INFO - [2024-05-09T15:31:36.940+0700] {dagbag.py:540} INFO - Filling up the DagBag from /Library/Frameworks/Python.framework/Versions/3.10/lib/python3.10/site-packages/airflow/example_dags/example_python_operator.py
[2024-05-09T15:31:36.971+0700] {processor.py:840} INFO - DAG(s) 'example_python_operator' retrieved from /Library/Frameworks/Python.framework/Versions/3.10/lib/python3.10/site-packages/airflow/example_dags/example_python_operator.py
[2024-05-09T15:31:37.173+0700] {logging_mixin.py:188} INFO - [2024-05-09T15:31:37.173+0700] {dag.py:3096} INFO - Sync 1 DAGs
[2024-05-09T15:31:37.179+0700] {logging_mixin.py:188} INFO - [2024-05-09T15:31:37.178+0700] {dag.py:3954} INFO - Setting next_dagrun for example_python_operator to None, run_after=None
[2024-05-09T15:31:37.192+0700] {processor.py:183} INFO - Processing /Library/Frameworks/Python.framework/Versions/3.10/lib/python3.10/site-packages/airflow/example_dags/example_python_operator.py took 0.257 seconds
[2024-05-09T15:34:08.055+0700] {processor.py:161} INFO - Started process (PID=98242) to work on /Library/Frameworks/Python.framework/Versions/3.10/lib/python3.10/site-packages/airflow/example_dags/example_python_operator.py
[2024-05-09T15:34:08.056+0700] {processor.py:830} INFO - Processing file /Library/Frameworks/Python.framework/Versions/3.10/lib/python3.10/site-packages/airflow/example_dags/example_python_operator.py for tasks to queue
[2024-05-09T15:34:08.057+0700] {logging_mixin.py:188} INFO - [2024-05-09T15:34:08.057+0700] {dagbag.py:540} INFO - Filling up the DagBag from /Library/Frameworks/Python.framework/Versions/3.10/lib/python3.10/site-packages/airflow/example_dags/example_python_operator.py
[2024-05-09T15:34:08.081+0700] {processor.py:840} INFO - DAG(s) 'example_python_operator' retrieved from /Library/Frameworks/Python.framework/Versions/3.10/lib/python3.10/site-packages/airflow/example_dags/example_python_operator.py
[2024-05-09T15:34:08.257+0700] {logging_mixin.py:188} INFO - [2024-05-09T15:34:08.256+0700] {dag.py:3096} INFO - Sync 1 DAGs
[2024-05-09T15:34:08.262+0700] {logging_mixin.py:188} INFO - [2024-05-09T15:34:08.262+0700] {dag.py:3954} INFO - Setting next_dagrun for example_python_operator to None, run_after=None
[2024-05-09T15:34:08.274+0700] {processor.py:183} INFO - Processing /Library/Frameworks/Python.framework/Versions/3.10/lib/python3.10/site-packages/airflow/example_dags/example_python_operator.py took 0.221 seconds
