[2024-05-09T14:32:06.201+0700] {processor.py:161} INFO - Started process (PID=69881) to work on /Library/Frameworks/Python.framework/Versions/3.10/lib/python3.10/site-packages/airflow/example_dags/example_dag_decorator.py
[2024-05-09T14:32:06.201+0700] {processor.py:830} INFO - Processing file /Library/Frameworks/Python.framework/Versions/3.10/lib/python3.10/site-packages/airflow/example_dags/example_dag_decorator.py for tasks to queue
[2024-05-09T14:32:06.202+0700] {logging_mixin.py:188} INFO - [2024-05-09T14:32:06.202+0700] {dagbag.py:540} INFO - Filling up the DagBag from /Library/Frameworks/Python.framework/Versions/3.10/lib/python3.10/site-packages/airflow/example_dags/example_dag_decorator.py
[2024-05-09T14:32:06.348+0700] {processor.py:840} INFO - DAG(s) 'example_dag_decorator' retrieved from /Library/Frameworks/Python.framework/Versions/3.10/lib/python3.10/site-packages/airflow/example_dags/example_dag_decorator.py
[2024-05-09T14:32:06.457+0700] {logging_mixin.py:188} INFO - [2024-05-09T14:32:06.457+0700] {dag.py:3096} INFO - Sync 1 DAGs
[2024-05-09T14:32:06.462+0700] {logging_mixin.py:188} INFO - [2024-05-09T14:32:06.462+0700] {dag.py:3954} INFO - Setting next_dagrun for example_dag_decorator to None, run_after=None
[2024-05-09T14:32:06.474+0700] {processor.py:183} INFO - Processing /Library/Frameworks/Python.framework/Versions/3.10/lib/python3.10/site-packages/airflow/example_dags/example_dag_decorator.py took 0.275 seconds
[2024-05-09T14:35:39.562+0700] {processor.py:161} INFO - Started process (PID=71154) to work on /Library/Frameworks/Python.framework/Versions/3.10/lib/python3.10/site-packages/airflow/example_dags/example_dag_decorator.py
[2024-05-09T14:35:39.564+0700] {processor.py:830} INFO - Processing file /Library/Frameworks/Python.framework/Versions/3.10/lib/python3.10/site-packages/airflow/example_dags/example_dag_decorator.py for tasks to queue
[2024-05-09T14:35:39.565+0700] {logging_mixin.py:188} INFO - [2024-05-09T14:35:39.564+0700] {dagbag.py:540} INFO - Filling up the DagBag from /Library/Frameworks/Python.framework/Versions/3.10/lib/python3.10/site-packages/airflow/example_dags/example_dag_decorator.py
[2024-05-09T14:35:39.762+0700] {processor.py:840} INFO - DAG(s) 'example_dag_decorator' retrieved from /Library/Frameworks/Python.framework/Versions/3.10/lib/python3.10/site-packages/airflow/example_dags/example_dag_decorator.py
[2024-05-09T14:35:39.902+0700] {logging_mixin.py:188} INFO - [2024-05-09T14:35:39.901+0700] {dag.py:3096} INFO - Sync 1 DAGs
[2024-05-09T14:35:39.908+0700] {logging_mixin.py:188} INFO - [2024-05-09T14:35:39.908+0700] {dag.py:3954} INFO - Setting next_dagrun for example_dag_decorator to None, run_after=None
[2024-05-09T14:35:39.922+0700] {processor.py:183} INFO - Processing /Library/Frameworks/Python.framework/Versions/3.10/lib/python3.10/site-packages/airflow/example_dags/example_dag_decorator.py took 0.363 seconds
[2024-05-09T14:38:41.168+0700] {processor.py:161} INFO - Started process (PID=72463) to work on /Library/Frameworks/Python.framework/Versions/3.10/lib/python3.10/site-packages/airflow/example_dags/example_dag_decorator.py
[2024-05-09T14:38:41.169+0700] {processor.py:830} INFO - Processing file /Library/Frameworks/Python.framework/Versions/3.10/lib/python3.10/site-packages/airflow/example_dags/example_dag_decorator.py for tasks to queue
[2024-05-09T14:38:41.170+0700] {logging_mixin.py:188} INFO - [2024-05-09T14:38:41.169+0700] {dagbag.py:540} INFO - Filling up the DagBag from /Library/Frameworks/Python.framework/Versions/3.10/lib/python3.10/site-packages/airflow/example_dags/example_dag_decorator.py
[2024-05-09T14:38:41.322+0700] {processor.py:840} INFO - DAG(s) 'example_dag_decorator' retrieved from /Library/Frameworks/Python.framework/Versions/3.10/lib/python3.10/site-packages/airflow/example_dags/example_dag_decorator.py
[2024-05-09T14:38:41.455+0700] {logging_mixin.py:188} INFO - [2024-05-09T14:38:41.455+0700] {dag.py:3096} INFO - Sync 1 DAGs
[2024-05-09T14:38:41.461+0700] {logging_mixin.py:188} INFO - [2024-05-09T14:38:41.461+0700] {dag.py:3954} INFO - Setting next_dagrun for example_dag_decorator to None, run_after=None
[2024-05-09T14:38:41.472+0700] {processor.py:183} INFO - Processing /Library/Frameworks/Python.framework/Versions/3.10/lib/python3.10/site-packages/airflow/example_dags/example_dag_decorator.py took 0.308 seconds
[2024-05-09T14:42:57.854+0700] {processor.py:161} INFO - Started process (PID=76892) to work on /Library/Frameworks/Python.framework/Versions/3.10/lib/python3.10/site-packages/airflow/example_dags/example_dag_decorator.py
[2024-05-09T14:42:57.855+0700] {processor.py:830} INFO - Processing file /Library/Frameworks/Python.framework/Versions/3.10/lib/python3.10/site-packages/airflow/example_dags/example_dag_decorator.py for tasks to queue
[2024-05-09T14:42:57.856+0700] {logging_mixin.py:188} INFO - [2024-05-09T14:42:57.856+0700] {dagbag.py:540} INFO - Filling up the DagBag from /Library/Frameworks/Python.framework/Versions/3.10/lib/python3.10/site-packages/airflow/example_dags/example_dag_decorator.py
[2024-05-09T14:42:58.000+0700] {processor.py:840} INFO - DAG(s) 'example_dag_decorator' retrieved from /Library/Frameworks/Python.framework/Versions/3.10/lib/python3.10/site-packages/airflow/example_dags/example_dag_decorator.py
[2024-05-09T14:42:58.013+0700] {logging_mixin.py:188} INFO - [2024-05-09T14:42:58.013+0700] {dag.py:3096} INFO - Sync 1 DAGs
[2024-05-09T14:42:58.062+0700] {logging_mixin.py:188} INFO - [2024-05-09T14:42:58.062+0700] {dag.py:3954} INFO - Setting next_dagrun for example_dag_decorator to None, run_after=None
[2024-05-09T14:42:58.073+0700] {processor.py:183} INFO - Processing /Library/Frameworks/Python.framework/Versions/3.10/lib/python3.10/site-packages/airflow/example_dags/example_dag_decorator.py took 0.223 seconds
[2024-05-09T14:46:40.028+0700] {processor.py:161} INFO - Started process (PID=78381) to work on /Library/Frameworks/Python.framework/Versions/3.10/lib/python3.10/site-packages/airflow/example_dags/example_dag_decorator.py
[2024-05-09T14:46:40.029+0700] {processor.py:830} INFO - Processing file /Library/Frameworks/Python.framework/Versions/3.10/lib/python3.10/site-packages/airflow/example_dags/example_dag_decorator.py for tasks to queue
[2024-05-09T14:46:40.029+0700] {logging_mixin.py:188} INFO - [2024-05-09T14:46:40.029+0700] {dagbag.py:540} INFO - Filling up the DagBag from /Library/Frameworks/Python.framework/Versions/3.10/lib/python3.10/site-packages/airflow/example_dags/example_dag_decorator.py
[2024-05-09T14:46:40.179+0700] {processor.py:840} INFO - DAG(s) 'example_dag_decorator' retrieved from /Library/Frameworks/Python.framework/Versions/3.10/lib/python3.10/site-packages/airflow/example_dags/example_dag_decorator.py
[2024-05-09T14:46:40.294+0700] {logging_mixin.py:188} INFO - [2024-05-09T14:46:40.293+0700] {dag.py:3096} INFO - Sync 1 DAGs
[2024-05-09T14:46:40.300+0700] {logging_mixin.py:188} INFO - [2024-05-09T14:46:40.299+0700] {dag.py:3954} INFO - Setting next_dagrun for example_dag_decorator to None, run_after=None
[2024-05-09T14:46:40.311+0700] {processor.py:183} INFO - Processing /Library/Frameworks/Python.framework/Versions/3.10/lib/python3.10/site-packages/airflow/example_dags/example_dag_decorator.py took 0.285 seconds
[2024-05-09T14:50:10.032+0700] {processor.py:161} INFO - Started process (PID=79515) to work on /Library/Frameworks/Python.framework/Versions/3.10/lib/python3.10/site-packages/airflow/example_dags/example_dag_decorator.py
[2024-05-09T14:50:10.033+0700] {processor.py:830} INFO - Processing file /Library/Frameworks/Python.framework/Versions/3.10/lib/python3.10/site-packages/airflow/example_dags/example_dag_decorator.py for tasks to queue
[2024-05-09T14:50:10.034+0700] {logging_mixin.py:188} INFO - [2024-05-09T14:50:10.034+0700] {dagbag.py:540} INFO - Filling up the DagBag from /Library/Frameworks/Python.framework/Versions/3.10/lib/python3.10/site-packages/airflow/example_dags/example_dag_decorator.py
[2024-05-09T14:50:10.179+0700] {processor.py:840} INFO - DAG(s) 'example_dag_decorator' retrieved from /Library/Frameworks/Python.framework/Versions/3.10/lib/python3.10/site-packages/airflow/example_dags/example_dag_decorator.py
[2024-05-09T14:50:10.290+0700] {logging_mixin.py:188} INFO - [2024-05-09T14:50:10.290+0700] {dag.py:3096} INFO - Sync 1 DAGs
[2024-05-09T14:50:10.296+0700] {logging_mixin.py:188} INFO - [2024-05-09T14:50:10.295+0700] {dag.py:3954} INFO - Setting next_dagrun for example_dag_decorator to None, run_after=None
[2024-05-09T14:50:10.307+0700] {processor.py:183} INFO - Processing /Library/Frameworks/Python.framework/Versions/3.10/lib/python3.10/site-packages/airflow/example_dags/example_dag_decorator.py took 0.276 seconds
[2024-05-09T14:53:58.305+0700] {processor.py:161} INFO - Started process (PID=80987) to work on /Library/Frameworks/Python.framework/Versions/3.10/lib/python3.10/site-packages/airflow/example_dags/example_dag_decorator.py
[2024-05-09T14:53:58.307+0700] {processor.py:830} INFO - Processing file /Library/Frameworks/Python.framework/Versions/3.10/lib/python3.10/site-packages/airflow/example_dags/example_dag_decorator.py for tasks to queue
[2024-05-09T14:53:58.311+0700] {logging_mixin.py:188} INFO - [2024-05-09T14:53:58.310+0700] {dagbag.py:540} INFO - Filling up the DagBag from /Library/Frameworks/Python.framework/Versions/3.10/lib/python3.10/site-packages/airflow/example_dags/example_dag_decorator.py
[2024-05-09T14:53:58.547+0700] {processor.py:840} INFO - DAG(s) 'example_dag_decorator' retrieved from /Library/Frameworks/Python.framework/Versions/3.10/lib/python3.10/site-packages/airflow/example_dags/example_dag_decorator.py
[2024-05-09T14:53:58.665+0700] {logging_mixin.py:188} INFO - [2024-05-09T14:53:58.664+0700] {dag.py:3096} INFO - Sync 1 DAGs
[2024-05-09T14:53:58.670+0700] {logging_mixin.py:188} INFO - [2024-05-09T14:53:58.670+0700] {dag.py:3954} INFO - Setting next_dagrun for example_dag_decorator to None, run_after=None
[2024-05-09T14:53:58.681+0700] {processor.py:183} INFO - Processing /Library/Frameworks/Python.framework/Versions/3.10/lib/python3.10/site-packages/airflow/example_dags/example_dag_decorator.py took 0.386 seconds
[2024-05-09T14:56:57.793+0700] {processor.py:161} INFO - Started process (PID=82181) to work on /Library/Frameworks/Python.framework/Versions/3.10/lib/python3.10/site-packages/airflow/example_dags/example_dag_decorator.py
[2024-05-09T14:56:57.795+0700] {processor.py:830} INFO - Processing file /Library/Frameworks/Python.framework/Versions/3.10/lib/python3.10/site-packages/airflow/example_dags/example_dag_decorator.py for tasks to queue
[2024-05-09T14:56:57.795+0700] {logging_mixin.py:188} INFO - [2024-05-09T14:56:57.795+0700] {dagbag.py:540} INFO - Filling up the DagBag from /Library/Frameworks/Python.framework/Versions/3.10/lib/python3.10/site-packages/airflow/example_dags/example_dag_decorator.py
[2024-05-09T14:56:57.935+0700] {processor.py:840} INFO - DAG(s) 'example_dag_decorator' retrieved from /Library/Frameworks/Python.framework/Versions/3.10/lib/python3.10/site-packages/airflow/example_dags/example_dag_decorator.py
[2024-05-09T14:56:57.948+0700] {logging_mixin.py:188} INFO - [2024-05-09T14:56:57.948+0700] {dag.py:3096} INFO - Sync 1 DAGs
[2024-05-09T14:56:57.996+0700] {logging_mixin.py:188} INFO - [2024-05-09T14:56:57.996+0700] {dag.py:3954} INFO - Setting next_dagrun for example_dag_decorator to None, run_after=None
[2024-05-09T14:56:58.007+0700] {processor.py:183} INFO - Processing /Library/Frameworks/Python.framework/Versions/3.10/lib/python3.10/site-packages/airflow/example_dags/example_dag_decorator.py took 0.217 seconds
[2024-05-09T15:00:00.101+0700] {processor.py:161} INFO - Started process (PID=83252) to work on /Library/Frameworks/Python.framework/Versions/3.10/lib/python3.10/site-packages/airflow/example_dags/example_dag_decorator.py
[2024-05-09T15:00:00.102+0700] {processor.py:830} INFO - Processing file /Library/Frameworks/Python.framework/Versions/3.10/lib/python3.10/site-packages/airflow/example_dags/example_dag_decorator.py for tasks to queue
[2024-05-09T15:00:00.102+0700] {logging_mixin.py:188} INFO - [2024-05-09T15:00:00.102+0700] {dagbag.py:540} INFO - Filling up the DagBag from /Library/Frameworks/Python.framework/Versions/3.10/lib/python3.10/site-packages/airflow/example_dags/example_dag_decorator.py
[2024-05-09T15:00:00.248+0700] {processor.py:840} INFO - DAG(s) 'example_dag_decorator' retrieved from /Library/Frameworks/Python.framework/Versions/3.10/lib/python3.10/site-packages/airflow/example_dags/example_dag_decorator.py
[2024-05-09T15:00:00.363+0700] {logging_mixin.py:188} INFO - [2024-05-09T15:00:00.362+0700] {dag.py:3096} INFO - Sync 1 DAGs
[2024-05-09T15:00:00.368+0700] {logging_mixin.py:188} INFO - [2024-05-09T15:00:00.368+0700] {dag.py:3954} INFO - Setting next_dagrun for example_dag_decorator to None, run_after=None
[2024-05-09T15:00:00.379+0700] {processor.py:183} INFO - Processing /Library/Frameworks/Python.framework/Versions/3.10/lib/python3.10/site-packages/airflow/example_dags/example_dag_decorator.py took 0.280 seconds
[2024-05-09T15:03:03.645+0700] {processor.py:161} INFO - Started process (PID=84305) to work on /Library/Frameworks/Python.framework/Versions/3.10/lib/python3.10/site-packages/airflow/example_dags/example_dag_decorator.py
[2024-05-09T15:03:03.647+0700] {processor.py:830} INFO - Processing file /Library/Frameworks/Python.framework/Versions/3.10/lib/python3.10/site-packages/airflow/example_dags/example_dag_decorator.py for tasks to queue
[2024-05-09T15:03:03.647+0700] {logging_mixin.py:188} INFO - [2024-05-09T15:03:03.647+0700] {dagbag.py:540} INFO - Filling up the DagBag from /Library/Frameworks/Python.framework/Versions/3.10/lib/python3.10/site-packages/airflow/example_dags/example_dag_decorator.py
[2024-05-09T15:03:03.791+0700] {processor.py:840} INFO - DAG(s) 'example_dag_decorator' retrieved from /Library/Frameworks/Python.framework/Versions/3.10/lib/python3.10/site-packages/airflow/example_dags/example_dag_decorator.py
[2024-05-09T15:03:03.916+0700] {logging_mixin.py:188} INFO - [2024-05-09T15:03:03.916+0700] {dag.py:3096} INFO - Sync 1 DAGs
[2024-05-09T15:03:03.923+0700] {logging_mixin.py:188} INFO - [2024-05-09T15:03:03.923+0700] {dag.py:3954} INFO - Setting next_dagrun for example_dag_decorator to None, run_after=None
[2024-05-09T15:03:03.936+0700] {processor.py:183} INFO - Processing /Library/Frameworks/Python.framework/Versions/3.10/lib/python3.10/site-packages/airflow/example_dags/example_dag_decorator.py took 0.293 seconds
[2024-05-09T15:08:14.291+0700] {processor.py:161} INFO - Started process (PID=85923) to work on /Library/Frameworks/Python.framework/Versions/3.10/lib/python3.10/site-packages/airflow/example_dags/example_dag_decorator.py
[2024-05-09T15:08:14.318+0700] {processor.py:830} INFO - Processing file /Library/Frameworks/Python.framework/Versions/3.10/lib/python3.10/site-packages/airflow/example_dags/example_dag_decorator.py for tasks to queue
[2024-05-09T15:08:14.321+0700] {logging_mixin.py:188} INFO - [2024-05-09T15:08:14.321+0700] {dagbag.py:540} INFO - Filling up the DagBag from /Library/Frameworks/Python.framework/Versions/3.10/lib/python3.10/site-packages/airflow/example_dags/example_dag_decorator.py
[2024-05-09T15:08:15.691+0700] {processor.py:840} INFO - DAG(s) 'example_dag_decorator' retrieved from /Library/Frameworks/Python.framework/Versions/3.10/lib/python3.10/site-packages/airflow/example_dags/example_dag_decorator.py
[2024-05-09T15:08:16.220+0700] {logging_mixin.py:188} INFO - [2024-05-09T15:08:16.218+0700] {dag.py:3096} INFO - Sync 1 DAGs
[2024-05-09T15:08:16.240+0700] {logging_mixin.py:188} INFO - [2024-05-09T15:08:16.240+0700] {dag.py:3954} INFO - Setting next_dagrun for example_dag_decorator to None, run_after=None
[2024-05-09T15:08:16.286+0700] {processor.py:183} INFO - Processing /Library/Frameworks/Python.framework/Versions/3.10/lib/python3.10/site-packages/airflow/example_dags/example_dag_decorator.py took 2.012 seconds
[2024-05-09T15:11:31.167+0700] {processor.py:161} INFO - Started process (PID=87373) to work on /Library/Frameworks/Python.framework/Versions/3.10/lib/python3.10/site-packages/airflow/example_dags/example_dag_decorator.py
[2024-05-09T15:11:31.168+0700] {processor.py:830} INFO - Processing file /Library/Frameworks/Python.framework/Versions/3.10/lib/python3.10/site-packages/airflow/example_dags/example_dag_decorator.py for tasks to queue
[2024-05-09T15:11:31.168+0700] {logging_mixin.py:188} INFO - [2024-05-09T15:11:31.168+0700] {dagbag.py:540} INFO - Filling up the DagBag from /Library/Frameworks/Python.framework/Versions/3.10/lib/python3.10/site-packages/airflow/example_dags/example_dag_decorator.py
[2024-05-09T15:11:31.355+0700] {processor.py:840} INFO - DAG(s) 'example_dag_decorator' retrieved from /Library/Frameworks/Python.framework/Versions/3.10/lib/python3.10/site-packages/airflow/example_dags/example_dag_decorator.py
[2024-05-09T15:11:31.513+0700] {logging_mixin.py:188} INFO - [2024-05-09T15:11:31.512+0700] {dag.py:3096} INFO - Sync 1 DAGs
[2024-05-09T15:11:31.520+0700] {logging_mixin.py:188} INFO - [2024-05-09T15:11:31.520+0700] {dag.py:3954} INFO - Setting next_dagrun for example_dag_decorator to None, run_after=None
[2024-05-09T15:11:31.538+0700] {processor.py:183} INFO - Processing /Library/Frameworks/Python.framework/Versions/3.10/lib/python3.10/site-packages/airflow/example_dags/example_dag_decorator.py took 0.373 seconds
[2024-05-09T15:15:08.864+0700] {processor.py:161} INFO - Started process (PID=88854) to work on /Library/Frameworks/Python.framework/Versions/3.10/lib/python3.10/site-packages/airflow/example_dags/example_dag_decorator.py
[2024-05-09T15:15:08.865+0700] {processor.py:830} INFO - Processing file /Library/Frameworks/Python.framework/Versions/3.10/lib/python3.10/site-packages/airflow/example_dags/example_dag_decorator.py for tasks to queue
[2024-05-09T15:15:08.865+0700] {logging_mixin.py:188} INFO - [2024-05-09T15:15:08.865+0700] {dagbag.py:540} INFO - Filling up the DagBag from /Library/Frameworks/Python.framework/Versions/3.10/lib/python3.10/site-packages/airflow/example_dags/example_dag_decorator.py
[2024-05-09T15:15:09.042+0700] {processor.py:840} INFO - DAG(s) 'example_dag_decorator' retrieved from /Library/Frameworks/Python.framework/Versions/3.10/lib/python3.10/site-packages/airflow/example_dags/example_dag_decorator.py
[2024-05-09T15:15:09.179+0700] {logging_mixin.py:188} INFO - [2024-05-09T15:15:09.179+0700] {dag.py:3096} INFO - Sync 1 DAGs
[2024-05-09T15:15:09.184+0700] {logging_mixin.py:188} INFO - [2024-05-09T15:15:09.184+0700] {dag.py:3954} INFO - Setting next_dagrun for example_dag_decorator to None, run_after=None
[2024-05-09T15:15:09.196+0700] {processor.py:183} INFO - Processing /Library/Frameworks/Python.framework/Versions/3.10/lib/python3.10/site-packages/airflow/example_dags/example_dag_decorator.py took 0.334 seconds
[2024-05-09T15:18:13.959+0700] {processor.py:161} INFO - Started process (PID=90501) to work on /Library/Frameworks/Python.framework/Versions/3.10/lib/python3.10/site-packages/airflow/example_dags/example_dag_decorator.py
[2024-05-09T15:18:13.960+0700] {processor.py:830} INFO - Processing file /Library/Frameworks/Python.framework/Versions/3.10/lib/python3.10/site-packages/airflow/example_dags/example_dag_decorator.py for tasks to queue
[2024-05-09T15:18:13.961+0700] {logging_mixin.py:188} INFO - [2024-05-09T15:18:13.961+0700] {dagbag.py:540} INFO - Filling up the DagBag from /Library/Frameworks/Python.framework/Versions/3.10/lib/python3.10/site-packages/airflow/example_dags/example_dag_decorator.py
[2024-05-09T15:18:14.126+0700] {processor.py:840} INFO - DAG(s) 'example_dag_decorator' retrieved from /Library/Frameworks/Python.framework/Versions/3.10/lib/python3.10/site-packages/airflow/example_dags/example_dag_decorator.py
[2024-05-09T15:18:14.253+0700] {logging_mixin.py:188} INFO - [2024-05-09T15:18:14.252+0700] {dag.py:3096} INFO - Sync 1 DAGs
[2024-05-09T15:18:14.258+0700] {logging_mixin.py:188} INFO - [2024-05-09T15:18:14.258+0700] {dag.py:3954} INFO - Setting next_dagrun for example_dag_decorator to None, run_after=None
[2024-05-09T15:18:14.269+0700] {processor.py:183} INFO - Processing /Library/Frameworks/Python.framework/Versions/3.10/lib/python3.10/site-packages/airflow/example_dags/example_dag_decorator.py took 0.316 seconds
[2024-05-09T15:21:34.266+0700] {processor.py:161} INFO - Started process (PID=91982) to work on /Library/Frameworks/Python.framework/Versions/3.10/lib/python3.10/site-packages/airflow/example_dags/example_dag_decorator.py
[2024-05-09T15:21:34.267+0700] {processor.py:830} INFO - Processing file /Library/Frameworks/Python.framework/Versions/3.10/lib/python3.10/site-packages/airflow/example_dags/example_dag_decorator.py for tasks to queue
[2024-05-09T15:21:34.267+0700] {logging_mixin.py:188} INFO - [2024-05-09T15:21:34.267+0700] {dagbag.py:540} INFO - Filling up the DagBag from /Library/Frameworks/Python.framework/Versions/3.10/lib/python3.10/site-packages/airflow/example_dags/example_dag_decorator.py
[2024-05-09T15:21:34.649+0700] {processor.py:840} INFO - DAG(s) 'example_dag_decorator' retrieved from /Library/Frameworks/Python.framework/Versions/3.10/lib/python3.10/site-packages/airflow/example_dags/example_dag_decorator.py
[2024-05-09T15:21:34.766+0700] {logging_mixin.py:188} INFO - [2024-05-09T15:21:34.766+0700] {dag.py:3096} INFO - Sync 1 DAGs
[2024-05-09T15:21:34.771+0700] {logging_mixin.py:188} INFO - [2024-05-09T15:21:34.771+0700] {dag.py:3954} INFO - Setting next_dagrun for example_dag_decorator to None, run_after=None
[2024-05-09T15:21:34.785+0700] {processor.py:183} INFO - Processing /Library/Frameworks/Python.framework/Versions/3.10/lib/python3.10/site-packages/airflow/example_dags/example_dag_decorator.py took 0.522 seconds
[2024-05-09T15:25:02.113+0700] {processor.py:161} INFO - Started process (PID=94950) to work on /Library/Frameworks/Python.framework/Versions/3.10/lib/python3.10/site-packages/airflow/example_dags/example_dag_decorator.py
[2024-05-09T15:25:02.114+0700] {processor.py:830} INFO - Processing file /Library/Frameworks/Python.framework/Versions/3.10/lib/python3.10/site-packages/airflow/example_dags/example_dag_decorator.py for tasks to queue
[2024-05-09T15:25:02.114+0700] {logging_mixin.py:188} INFO - [2024-05-09T15:25:02.114+0700] {dagbag.py:540} INFO - Filling up the DagBag from /Library/Frameworks/Python.framework/Versions/3.10/lib/python3.10/site-packages/airflow/example_dags/example_dag_decorator.py
[2024-05-09T15:25:02.264+0700] {processor.py:840} INFO - DAG(s) 'example_dag_decorator' retrieved from /Library/Frameworks/Python.framework/Versions/3.10/lib/python3.10/site-packages/airflow/example_dags/example_dag_decorator.py
[2024-05-09T15:25:02.389+0700] {logging_mixin.py:188} INFO - [2024-05-09T15:25:02.388+0700] {dag.py:3096} INFO - Sync 1 DAGs
[2024-05-09T15:25:02.394+0700] {logging_mixin.py:188} INFO - [2024-05-09T15:25:02.394+0700] {dag.py:3954} INFO - Setting next_dagrun for example_dag_decorator to None, run_after=None
[2024-05-09T15:25:02.406+0700] {processor.py:183} INFO - Processing /Library/Frameworks/Python.framework/Versions/3.10/lib/python3.10/site-packages/airflow/example_dags/example_dag_decorator.py took 0.296 seconds
[2024-05-09T15:28:10.129+0700] {processor.py:161} INFO - Started process (PID=96131) to work on /Library/Frameworks/Python.framework/Versions/3.10/lib/python3.10/site-packages/airflow/example_dags/example_dag_decorator.py
[2024-05-09T15:28:10.130+0700] {processor.py:830} INFO - Processing file /Library/Frameworks/Python.framework/Versions/3.10/lib/python3.10/site-packages/airflow/example_dags/example_dag_decorator.py for tasks to queue
[2024-05-09T15:28:10.131+0700] {logging_mixin.py:188} INFO - [2024-05-09T15:28:10.130+0700] {dagbag.py:540} INFO - Filling up the DagBag from /Library/Frameworks/Python.framework/Versions/3.10/lib/python3.10/site-packages/airflow/example_dags/example_dag_decorator.py
[2024-05-09T15:28:10.275+0700] {processor.py:840} INFO - DAG(s) 'example_dag_decorator' retrieved from /Library/Frameworks/Python.framework/Versions/3.10/lib/python3.10/site-packages/airflow/example_dags/example_dag_decorator.py
[2024-05-09T15:28:10.397+0700] {logging_mixin.py:188} INFO - [2024-05-09T15:28:10.396+0700] {dag.py:3096} INFO - Sync 1 DAGs
[2024-05-09T15:28:10.402+0700] {logging_mixin.py:188} INFO - [2024-05-09T15:28:10.402+0700] {dag.py:3954} INFO - Setting next_dagrun for example_dag_decorator to None, run_after=None
[2024-05-09T15:28:10.412+0700] {processor.py:183} INFO - Processing /Library/Frameworks/Python.framework/Versions/3.10/lib/python3.10/site-packages/airflow/example_dags/example_dag_decorator.py took 0.285 seconds
[2024-05-09T15:32:11.299+0700] {processor.py:161} INFO - Started process (PID=97619) to work on /Library/Frameworks/Python.framework/Versions/3.10/lib/python3.10/site-packages/airflow/example_dags/example_dag_decorator.py
[2024-05-09T15:32:11.302+0700] {processor.py:830} INFO - Processing file /Library/Frameworks/Python.framework/Versions/3.10/lib/python3.10/site-packages/airflow/example_dags/example_dag_decorator.py for tasks to queue
[2024-05-09T15:32:11.308+0700] {logging_mixin.py:188} INFO - [2024-05-09T15:32:11.308+0700] {dagbag.py:540} INFO - Filling up the DagBag from /Library/Frameworks/Python.framework/Versions/3.10/lib/python3.10/site-packages/airflow/example_dags/example_dag_decorator.py
[2024-05-09T15:32:11.914+0700] {processor.py:840} INFO - DAG(s) 'example_dag_decorator' retrieved from /Library/Frameworks/Python.framework/Versions/3.10/lib/python3.10/site-packages/airflow/example_dags/example_dag_decorator.py
[2024-05-09T15:32:12.472+0700] {logging_mixin.py:188} INFO - [2024-05-09T15:32:12.471+0700] {dag.py:3096} INFO - Sync 1 DAGs
[2024-05-09T15:32:12.497+0700] {logging_mixin.py:188} INFO - [2024-05-09T15:32:12.497+0700] {dag.py:3954} INFO - Setting next_dagrun for example_dag_decorator to None, run_after=None
[2024-05-09T15:32:12.534+0700] {processor.py:183} INFO - Processing /Library/Frameworks/Python.framework/Versions/3.10/lib/python3.10/site-packages/airflow/example_dags/example_dag_decorator.py took 1.244 seconds
