[2024-05-09T14:31:35.539+0700] {processor.py:161} INFO - Started process (PID=69726) to work on /Library/Frameworks/Python.framework/Versions/3.10/lib/python3.10/site-packages/airflow/example_dags/example_python_decorator.py
[2024-05-09T14:31:35.540+0700] {processor.py:830} INFO - Processing file /Library/Frameworks/Python.framework/Versions/3.10/lib/python3.10/site-packages/airflow/example_dags/example_python_decorator.py for tasks to queue
[2024-05-09T14:31:35.540+0700] {logging_mixin.py:188} INFO - [2024-05-09T14:31:35.540+0700] {dagbag.py:540} INFO - Filling up the DagBag from /Library/Frameworks/Python.framework/Versions/3.10/lib/python3.10/site-packages/airflow/example_dags/example_python_decorator.py
[2024-05-09T14:31:35.590+0700] {processor.py:840} INFO - DAG(s) 'example_python_decorator' retrieved from /Library/Frameworks/Python.framework/Versions/3.10/lib/python3.10/site-packages/airflow/example_dags/example_python_decorator.py
[2024-05-09T14:31:35.785+0700] {logging_mixin.py:188} INFO - [2024-05-09T14:31:35.785+0700] {dag.py:3096} INFO - Sync 1 DAGs
[2024-05-09T14:31:35.793+0700] {logging_mixin.py:188} INFO - [2024-05-09T14:31:35.793+0700] {dag.py:3954} INFO - Setting next_dagrun for example_python_decorator to None, run_after=None
[2024-05-09T14:31:35.809+0700] {processor.py:183} INFO - Processing /Library/Frameworks/Python.framework/Versions/3.10/lib/python3.10/site-packages/airflow/example_dags/example_python_decorator.py took 0.273 seconds
[2024-05-09T14:33:51.898+0700] {processor.py:161} INFO - Started process (PID=70518) to work on /Library/Frameworks/Python.framework/Versions/3.10/lib/python3.10/site-packages/airflow/example_dags/example_python_decorator.py
[2024-05-09T14:33:51.899+0700] {processor.py:830} INFO - Processing file /Library/Frameworks/Python.framework/Versions/3.10/lib/python3.10/site-packages/airflow/example_dags/example_python_decorator.py for tasks to queue
[2024-05-09T14:33:51.900+0700] {logging_mixin.py:188} INFO - [2024-05-09T14:33:51.900+0700] {dagbag.py:540} INFO - Filling up the DagBag from /Library/Frameworks/Python.framework/Versions/3.10/lib/python3.10/site-packages/airflow/example_dags/example_python_decorator.py
[2024-05-09T14:33:51.949+0700] {processor.py:840} INFO - DAG(s) 'example_python_decorator' retrieved from /Library/Frameworks/Python.framework/Versions/3.10/lib/python3.10/site-packages/airflow/example_dags/example_python_decorator.py
[2024-05-09T14:33:52.366+0700] {logging_mixin.py:188} INFO - [2024-05-09T14:33:52.365+0700] {dag.py:3096} INFO - Sync 1 DAGs
[2024-05-09T14:33:52.391+0700] {logging_mixin.py:188} INFO - [2024-05-09T14:33:52.390+0700] {dag.py:3954} INFO - Setting next_dagrun for example_python_decorator to None, run_after=None
[2024-05-09T14:33:52.416+0700] {processor.py:183} INFO - Processing /Library/Frameworks/Python.framework/Versions/3.10/lib/python3.10/site-packages/airflow/example_dags/example_python_decorator.py took 0.522 seconds
[2024-05-09T14:37:07.988+0700] {processor.py:161} INFO - Started process (PID=71686) to work on /Library/Frameworks/Python.framework/Versions/3.10/lib/python3.10/site-packages/airflow/example_dags/example_python_decorator.py
[2024-05-09T14:37:07.988+0700] {processor.py:830} INFO - Processing file /Library/Frameworks/Python.framework/Versions/3.10/lib/python3.10/site-packages/airflow/example_dags/example_python_decorator.py for tasks to queue
[2024-05-09T14:37:07.989+0700] {logging_mixin.py:188} INFO - [2024-05-09T14:37:07.989+0700] {dagbag.py:540} INFO - Filling up the DagBag from /Library/Frameworks/Python.framework/Versions/3.10/lib/python3.10/site-packages/airflow/example_dags/example_python_decorator.py
[2024-05-09T14:37:08.013+0700] {processor.py:840} INFO - DAG(s) 'example_python_decorator' retrieved from /Library/Frameworks/Python.framework/Versions/3.10/lib/python3.10/site-packages/airflow/example_dags/example_python_decorator.py
[2024-05-09T14:37:08.157+0700] {logging_mixin.py:188} INFO - [2024-05-09T14:37:08.156+0700] {dag.py:3096} INFO - Sync 1 DAGs
[2024-05-09T14:37:08.163+0700] {logging_mixin.py:188} INFO - [2024-05-09T14:37:08.162+0700] {dag.py:3954} INFO - Setting next_dagrun for example_python_decorator to None, run_after=None
[2024-05-09T14:37:08.174+0700] {processor.py:183} INFO - Processing /Library/Frameworks/Python.framework/Versions/3.10/lib/python3.10/site-packages/airflow/example_dags/example_python_decorator.py took 0.189 seconds
[2024-05-09T14:40:32.934+0700] {processor.py:161} INFO - Started process (PID=73470) to work on /Library/Frameworks/Python.framework/Versions/3.10/lib/python3.10/site-packages/airflow/example_dags/example_python_decorator.py
[2024-05-09T14:40:32.935+0700] {processor.py:830} INFO - Processing file /Library/Frameworks/Python.framework/Versions/3.10/lib/python3.10/site-packages/airflow/example_dags/example_python_decorator.py for tasks to queue
[2024-05-09T14:40:32.935+0700] {logging_mixin.py:188} INFO - [2024-05-09T14:40:32.935+0700] {dagbag.py:540} INFO - Filling up the DagBag from /Library/Frameworks/Python.framework/Versions/3.10/lib/python3.10/site-packages/airflow/example_dags/example_python_decorator.py
[2024-05-09T14:40:32.960+0700] {processor.py:840} INFO - DAG(s) 'example_python_decorator' retrieved from /Library/Frameworks/Python.framework/Versions/3.10/lib/python3.10/site-packages/airflow/example_dags/example_python_decorator.py
[2024-05-09T14:40:33.105+0700] {logging_mixin.py:188} INFO - [2024-05-09T14:40:33.104+0700] {dag.py:3096} INFO - Sync 1 DAGs
[2024-05-09T14:40:33.111+0700] {logging_mixin.py:188} INFO - [2024-05-09T14:40:33.111+0700] {dag.py:3954} INFO - Setting next_dagrun for example_python_decorator to None, run_after=None
[2024-05-09T14:40:33.123+0700] {processor.py:183} INFO - Processing /Library/Frameworks/Python.framework/Versions/3.10/lib/python3.10/site-packages/airflow/example_dags/example_python_decorator.py took 0.192 seconds
[2024-05-09T14:42:46.962+0700] {processor.py:161} INFO - Started process (PID=76813) to work on /Library/Frameworks/Python.framework/Versions/3.10/lib/python3.10/site-packages/airflow/example_dags/example_python_decorator.py
[2024-05-09T14:42:46.964+0700] {processor.py:830} INFO - Processing file /Library/Frameworks/Python.framework/Versions/3.10/lib/python3.10/site-packages/airflow/example_dags/example_python_decorator.py for tasks to queue
[2024-05-09T14:42:46.967+0700] {logging_mixin.py:188} INFO - [2024-05-09T14:42:46.966+0700] {dagbag.py:540} INFO - Filling up the DagBag from /Library/Frameworks/Python.framework/Versions/3.10/lib/python3.10/site-packages/airflow/example_dags/example_python_decorator.py
[2024-05-09T14:42:47.019+0700] {processor.py:840} INFO - DAG(s) 'example_python_decorator' retrieved from /Library/Frameworks/Python.framework/Versions/3.10/lib/python3.10/site-packages/airflow/example_dags/example_python_decorator.py
[2024-05-09T14:42:47.040+0700] {logging_mixin.py:188} INFO - [2024-05-09T14:42:47.040+0700] {dag.py:3096} INFO - Sync 1 DAGs
[2024-05-09T14:42:47.157+0700] {logging_mixin.py:188} INFO - [2024-05-09T14:42:47.156+0700] {dag.py:3954} INFO - Setting next_dagrun for example_python_decorator to None, run_after=None
[2024-05-09T14:42:47.173+0700] {processor.py:183} INFO - Processing /Library/Frameworks/Python.framework/Versions/3.10/lib/python3.10/site-packages/airflow/example_dags/example_python_decorator.py took 0.218 seconds
[2024-05-09T14:44:44.277+0700] {processor.py:161} INFO - Started process (PID=77624) to work on /Library/Frameworks/Python.framework/Versions/3.10/lib/python3.10/site-packages/airflow/example_dags/example_python_decorator.py
[2024-05-09T14:44:44.278+0700] {processor.py:830} INFO - Processing file /Library/Frameworks/Python.framework/Versions/3.10/lib/python3.10/site-packages/airflow/example_dags/example_python_decorator.py for tasks to queue
[2024-05-09T14:44:44.279+0700] {logging_mixin.py:188} INFO - [2024-05-09T14:44:44.279+0700] {dagbag.py:540} INFO - Filling up the DagBag from /Library/Frameworks/Python.framework/Versions/3.10/lib/python3.10/site-packages/airflow/example_dags/example_python_decorator.py
[2024-05-09T14:44:44.309+0700] {processor.py:840} INFO - DAG(s) 'example_python_decorator' retrieved from /Library/Frameworks/Python.framework/Versions/3.10/lib/python3.10/site-packages/airflow/example_dags/example_python_decorator.py
[2024-05-09T14:44:44.482+0700] {logging_mixin.py:188} INFO - [2024-05-09T14:44:44.482+0700] {dag.py:3096} INFO - Sync 1 DAGs
[2024-05-09T14:44:44.488+0700] {logging_mixin.py:188} INFO - [2024-05-09T14:44:44.488+0700] {dag.py:3954} INFO - Setting next_dagrun for example_python_decorator to None, run_after=None
[2024-05-09T14:44:44.500+0700] {processor.py:183} INFO - Processing /Library/Frameworks/Python.framework/Versions/3.10/lib/python3.10/site-packages/airflow/example_dags/example_python_decorator.py took 0.224 seconds
[2024-05-09T14:48:28.509+0700] {processor.py:161} INFO - Started process (PID=78985) to work on /Library/Frameworks/Python.framework/Versions/3.10/lib/python3.10/site-packages/airflow/example_dags/example_python_decorator.py
[2024-05-09T14:48:28.510+0700] {processor.py:830} INFO - Processing file /Library/Frameworks/Python.framework/Versions/3.10/lib/python3.10/site-packages/airflow/example_dags/example_python_decorator.py for tasks to queue
[2024-05-09T14:48:28.511+0700] {logging_mixin.py:188} INFO - [2024-05-09T14:48:28.510+0700] {dagbag.py:540} INFO - Filling up the DagBag from /Library/Frameworks/Python.framework/Versions/3.10/lib/python3.10/site-packages/airflow/example_dags/example_python_decorator.py
[2024-05-09T14:48:28.539+0700] {processor.py:840} INFO - DAG(s) 'example_python_decorator' retrieved from /Library/Frameworks/Python.framework/Versions/3.10/lib/python3.10/site-packages/airflow/example_dags/example_python_decorator.py
[2024-05-09T14:48:28.681+0700] {logging_mixin.py:188} INFO - [2024-05-09T14:48:28.681+0700] {dag.py:3096} INFO - Sync 1 DAGs
[2024-05-09T14:48:28.687+0700] {logging_mixin.py:188} INFO - [2024-05-09T14:48:28.687+0700] {dag.py:3954} INFO - Setting next_dagrun for example_python_decorator to None, run_after=None
[2024-05-09T14:48:28.698+0700] {processor.py:183} INFO - Processing /Library/Frameworks/Python.framework/Versions/3.10/lib/python3.10/site-packages/airflow/example_dags/example_python_decorator.py took 0.191 seconds
[2024-05-09T14:52:04.863+0700] {processor.py:161} INFO - Started process (PID=80233) to work on /Library/Frameworks/Python.framework/Versions/3.10/lib/python3.10/site-packages/airflow/example_dags/example_python_decorator.py
[2024-05-09T14:52:04.866+0700] {processor.py:830} INFO - Processing file /Library/Frameworks/Python.framework/Versions/3.10/lib/python3.10/site-packages/airflow/example_dags/example_python_decorator.py for tasks to queue
[2024-05-09T14:52:04.867+0700] {logging_mixin.py:188} INFO - [2024-05-09T14:52:04.867+0700] {dagbag.py:540} INFO - Filling up the DagBag from /Library/Frameworks/Python.framework/Versions/3.10/lib/python3.10/site-packages/airflow/example_dags/example_python_decorator.py
[2024-05-09T14:52:04.921+0700] {processor.py:840} INFO - DAG(s) 'example_python_decorator' retrieved from /Library/Frameworks/Python.framework/Versions/3.10/lib/python3.10/site-packages/airflow/example_dags/example_python_decorator.py
[2024-05-09T14:52:05.329+0700] {logging_mixin.py:188} INFO - [2024-05-09T14:52:05.329+0700] {dag.py:3096} INFO - Sync 1 DAGs
[2024-05-09T14:52:05.343+0700] {logging_mixin.py:188} INFO - [2024-05-09T14:52:05.343+0700] {dag.py:3954} INFO - Setting next_dagrun for example_python_decorator to None, run_after=None
[2024-05-09T14:52:05.384+0700] {processor.py:183} INFO - Processing /Library/Frameworks/Python.framework/Versions/3.10/lib/python3.10/site-packages/airflow/example_dags/example_python_decorator.py took 0.528 seconds
[2024-05-09T14:53:51.898+0700] {processor.py:161} INFO - Started process (PID=80946) to work on /Library/Frameworks/Python.framework/Versions/3.10/lib/python3.10/site-packages/airflow/example_dags/example_python_decorator.py
[2024-05-09T14:53:51.899+0700] {processor.py:830} INFO - Processing file /Library/Frameworks/Python.framework/Versions/3.10/lib/python3.10/site-packages/airflow/example_dags/example_python_decorator.py for tasks to queue
[2024-05-09T14:53:51.899+0700] {logging_mixin.py:188} INFO - [2024-05-09T14:53:51.899+0700] {dagbag.py:540} INFO - Filling up the DagBag from /Library/Frameworks/Python.framework/Versions/3.10/lib/python3.10/site-packages/airflow/example_dags/example_python_decorator.py
[2024-05-09T14:53:51.927+0700] {processor.py:840} INFO - DAG(s) 'example_python_decorator' retrieved from /Library/Frameworks/Python.framework/Versions/3.10/lib/python3.10/site-packages/airflow/example_dags/example_python_decorator.py
[2024-05-09T14:53:52.101+0700] {logging_mixin.py:188} INFO - [2024-05-09T14:53:52.100+0700] {dag.py:3096} INFO - Sync 1 DAGs
[2024-05-09T14:53:52.108+0700] {logging_mixin.py:188} INFO - [2024-05-09T14:53:52.108+0700] {dag.py:3954} INFO - Setting next_dagrun for example_python_decorator to None, run_after=None
[2024-05-09T14:53:52.128+0700] {processor.py:183} INFO - Processing /Library/Frameworks/Python.framework/Versions/3.10/lib/python3.10/site-packages/airflow/example_dags/example_python_decorator.py took 0.232 seconds
[2024-05-09T14:56:51.157+0700] {processor.py:161} INFO - Started process (PID=82144) to work on /Library/Frameworks/Python.framework/Versions/3.10/lib/python3.10/site-packages/airflow/example_dags/example_python_decorator.py
[2024-05-09T14:56:51.158+0700] {processor.py:830} INFO - Processing file /Library/Frameworks/Python.framework/Versions/3.10/lib/python3.10/site-packages/airflow/example_dags/example_python_decorator.py for tasks to queue
[2024-05-09T14:56:51.159+0700] {logging_mixin.py:188} INFO - [2024-05-09T14:56:51.159+0700] {dagbag.py:540} INFO - Filling up the DagBag from /Library/Frameworks/Python.framework/Versions/3.10/lib/python3.10/site-packages/airflow/example_dags/example_python_decorator.py
[2024-05-09T14:56:51.191+0700] {processor.py:840} INFO - DAG(s) 'example_python_decorator' retrieved from /Library/Frameworks/Python.framework/Versions/3.10/lib/python3.10/site-packages/airflow/example_dags/example_python_decorator.py
[2024-05-09T14:56:51.208+0700] {logging_mixin.py:188} INFO - [2024-05-09T14:56:51.207+0700] {dag.py:3096} INFO - Sync 1 DAGs
[2024-05-09T14:56:51.311+0700] {logging_mixin.py:188} INFO - [2024-05-09T14:56:51.311+0700] {dag.py:3954} INFO - Setting next_dagrun for example_python_decorator to None, run_after=None
[2024-05-09T14:56:51.324+0700] {processor.py:183} INFO - Processing /Library/Frameworks/Python.framework/Versions/3.10/lib/python3.10/site-packages/airflow/example_dags/example_python_decorator.py took 0.168 seconds
[2024-05-09T14:59:53.831+0700] {processor.py:161} INFO - Started process (PID=83216) to work on /Library/Frameworks/Python.framework/Versions/3.10/lib/python3.10/site-packages/airflow/example_dags/example_python_decorator.py
[2024-05-09T14:59:53.831+0700] {processor.py:830} INFO - Processing file /Library/Frameworks/Python.framework/Versions/3.10/lib/python3.10/site-packages/airflow/example_dags/example_python_decorator.py for tasks to queue
[2024-05-09T14:59:53.832+0700] {logging_mixin.py:188} INFO - [2024-05-09T14:59:53.832+0700] {dagbag.py:540} INFO - Filling up the DagBag from /Library/Frameworks/Python.framework/Versions/3.10/lib/python3.10/site-packages/airflow/example_dags/example_python_decorator.py
[2024-05-09T14:59:53.857+0700] {processor.py:840} INFO - DAG(s) 'example_python_decorator' retrieved from /Library/Frameworks/Python.framework/Versions/3.10/lib/python3.10/site-packages/airflow/example_dags/example_python_decorator.py
[2024-05-09T14:59:54.001+0700] {logging_mixin.py:188} INFO - [2024-05-09T14:59:54.001+0700] {dag.py:3096} INFO - Sync 1 DAGs
[2024-05-09T14:59:54.007+0700] {logging_mixin.py:188} INFO - [2024-05-09T14:59:54.007+0700] {dag.py:3954} INFO - Setting next_dagrun for example_python_decorator to None, run_after=None
[2024-05-09T14:59:54.018+0700] {processor.py:183} INFO - Processing /Library/Frameworks/Python.framework/Versions/3.10/lib/python3.10/site-packages/airflow/example_dags/example_python_decorator.py took 0.189 seconds
[2024-05-09T15:02:57.100+0700] {processor.py:161} INFO - Started process (PID=84263) to work on /Library/Frameworks/Python.framework/Versions/3.10/lib/python3.10/site-packages/airflow/example_dags/example_python_decorator.py
[2024-05-09T15:02:57.101+0700] {processor.py:830} INFO - Processing file /Library/Frameworks/Python.framework/Versions/3.10/lib/python3.10/site-packages/airflow/example_dags/example_python_decorator.py for tasks to queue
[2024-05-09T15:02:57.102+0700] {logging_mixin.py:188} INFO - [2024-05-09T15:02:57.102+0700] {dagbag.py:540} INFO - Filling up the DagBag from /Library/Frameworks/Python.framework/Versions/3.10/lib/python3.10/site-packages/airflow/example_dags/example_python_decorator.py
[2024-05-09T15:02:57.127+0700] {processor.py:840} INFO - DAG(s) 'example_python_decorator' retrieved from /Library/Frameworks/Python.framework/Versions/3.10/lib/python3.10/site-packages/airflow/example_dags/example_python_decorator.py
[2024-05-09T15:02:57.289+0700] {logging_mixin.py:188} INFO - [2024-05-09T15:02:57.289+0700] {dag.py:3096} INFO - Sync 1 DAGs
[2024-05-09T15:02:57.296+0700] {logging_mixin.py:188} INFO - [2024-05-09T15:02:57.295+0700] {dag.py:3954} INFO - Setting next_dagrun for example_python_decorator to None, run_after=None
[2024-05-09T15:02:57.308+0700] {processor.py:183} INFO - Processing /Library/Frameworks/Python.framework/Versions/3.10/lib/python3.10/site-packages/airflow/example_dags/example_python_decorator.py took 0.210 seconds
[2024-05-09T15:07:25.692+0700] {processor.py:161} INFO - Started process (PID=85767) to work on /Library/Frameworks/Python.framework/Versions/3.10/lib/python3.10/site-packages/airflow/example_dags/example_python_decorator.py
[2024-05-09T15:07:25.770+0700] {processor.py:830} INFO - Processing file /Library/Frameworks/Python.framework/Versions/3.10/lib/python3.10/site-packages/airflow/example_dags/example_python_decorator.py for tasks to queue
[2024-05-09T15:07:25.792+0700] {logging_mixin.py:188} INFO - [2024-05-09T15:07:25.792+0700] {dagbag.py:540} INFO - Filling up the DagBag from /Library/Frameworks/Python.framework/Versions/3.10/lib/python3.10/site-packages/airflow/example_dags/example_python_decorator.py
[2024-05-09T15:07:26.041+0700] {processor.py:840} INFO - DAG(s) 'example_python_decorator' retrieved from /Library/Frameworks/Python.framework/Versions/3.10/lib/python3.10/site-packages/airflow/example_dags/example_python_decorator.py
[2024-05-09T15:07:27.753+0700] {logging_mixin.py:188} INFO - [2024-05-09T15:07:27.751+0700] {dag.py:3096} INFO - Sync 1 DAGs
[2024-05-09T15:07:27.768+0700] {logging_mixin.py:188} INFO - [2024-05-09T15:07:27.767+0700] {dag.py:3954} INFO - Setting next_dagrun for example_python_decorator to None, run_after=None
[2024-05-09T15:07:27.804+0700] {processor.py:183} INFO - Processing /Library/Frameworks/Python.framework/Versions/3.10/lib/python3.10/site-packages/airflow/example_dags/example_python_decorator.py took 2.207 seconds
[2024-05-09T15:10:41.898+0700] {processor.py:161} INFO - Started process (PID=86858) to work on /Library/Frameworks/Python.framework/Versions/3.10/lib/python3.10/site-packages/airflow/example_dags/example_python_decorator.py
[2024-05-09T15:10:41.899+0700] {processor.py:830} INFO - Processing file /Library/Frameworks/Python.framework/Versions/3.10/lib/python3.10/site-packages/airflow/example_dags/example_python_decorator.py for tasks to queue
[2024-05-09T15:10:41.900+0700] {logging_mixin.py:188} INFO - [2024-05-09T15:10:41.899+0700] {dagbag.py:540} INFO - Filling up the DagBag from /Library/Frameworks/Python.framework/Versions/3.10/lib/python3.10/site-packages/airflow/example_dags/example_python_decorator.py
[2024-05-09T15:10:41.955+0700] {processor.py:840} INFO - DAG(s) 'example_python_decorator' retrieved from /Library/Frameworks/Python.framework/Versions/3.10/lib/python3.10/site-packages/airflow/example_dags/example_python_decorator.py
[2024-05-09T15:10:42.437+0700] {logging_mixin.py:188} INFO - [2024-05-09T15:10:42.436+0700] {dag.py:3096} INFO - Sync 1 DAGs
[2024-05-09T15:10:42.458+0700] {logging_mixin.py:188} INFO - [2024-05-09T15:10:42.458+0700] {dag.py:3954} INFO - Setting next_dagrun for example_python_decorator to None, run_after=None
[2024-05-09T15:10:42.508+0700] {processor.py:183} INFO - Processing /Library/Frameworks/Python.framework/Versions/3.10/lib/python3.10/site-packages/airflow/example_dags/example_python_decorator.py took 0.613 seconds
[2024-05-09T15:12:59.336+0700] {processor.py:161} INFO - Started process (PID=88000) to work on /Library/Frameworks/Python.framework/Versions/3.10/lib/python3.10/site-packages/airflow/example_dags/example_python_decorator.py
[2024-05-09T15:12:59.337+0700] {processor.py:830} INFO - Processing file /Library/Frameworks/Python.framework/Versions/3.10/lib/python3.10/site-packages/airflow/example_dags/example_python_decorator.py for tasks to queue
[2024-05-09T15:12:59.337+0700] {logging_mixin.py:188} INFO - [2024-05-09T15:12:59.337+0700] {dagbag.py:540} INFO - Filling up the DagBag from /Library/Frameworks/Python.framework/Versions/3.10/lib/python3.10/site-packages/airflow/example_dags/example_python_decorator.py
[2024-05-09T15:12:59.373+0700] {processor.py:840} INFO - DAG(s) 'example_python_decorator' retrieved from /Library/Frameworks/Python.framework/Versions/3.10/lib/python3.10/site-packages/airflow/example_dags/example_python_decorator.py
[2024-05-09T15:12:59.576+0700] {logging_mixin.py:188} INFO - [2024-05-09T15:12:59.576+0700] {dag.py:3096} INFO - Sync 1 DAGs
[2024-05-09T15:12:59.586+0700] {logging_mixin.py:188} INFO - [2024-05-09T15:12:59.586+0700] {dag.py:3954} INFO - Setting next_dagrun for example_python_decorator to None, run_after=None
[2024-05-09T15:12:59.607+0700] {processor.py:183} INFO - Processing /Library/Frameworks/Python.framework/Versions/3.10/lib/python3.10/site-packages/airflow/example_dags/example_python_decorator.py took 0.273 seconds
[2024-05-09T15:14:50.975+0700] {processor.py:161} INFO - Started process (PID=88743) to work on /Library/Frameworks/Python.framework/Versions/3.10/lib/python3.10/site-packages/airflow/example_dags/example_python_decorator.py
[2024-05-09T15:14:50.975+0700] {processor.py:830} INFO - Processing file /Library/Frameworks/Python.framework/Versions/3.10/lib/python3.10/site-packages/airflow/example_dags/example_python_decorator.py for tasks to queue
[2024-05-09T15:14:50.976+0700] {logging_mixin.py:188} INFO - [2024-05-09T15:14:50.976+0700] {dagbag.py:540} INFO - Filling up the DagBag from /Library/Frameworks/Python.framework/Versions/3.10/lib/python3.10/site-packages/airflow/example_dags/example_python_decorator.py
[2024-05-09T15:14:51.007+0700] {processor.py:840} INFO - DAG(s) 'example_python_decorator' retrieved from /Library/Frameworks/Python.framework/Versions/3.10/lib/python3.10/site-packages/airflow/example_dags/example_python_decorator.py
[2024-05-09T15:14:51.167+0700] {logging_mixin.py:188} INFO - [2024-05-09T15:14:51.166+0700] {dag.py:3096} INFO - Sync 1 DAGs
[2024-05-09T15:14:51.173+0700] {logging_mixin.py:188} INFO - [2024-05-09T15:14:51.173+0700] {dag.py:3954} INFO - Setting next_dagrun for example_python_decorator to None, run_after=None
[2024-05-09T15:14:51.185+0700] {processor.py:183} INFO - Processing /Library/Frameworks/Python.framework/Versions/3.10/lib/python3.10/site-packages/airflow/example_dags/example_python_decorator.py took 0.212 seconds
[2024-05-09T15:17:56.191+0700] {processor.py:161} INFO - Started process (PID=90388) to work on /Library/Frameworks/Python.framework/Versions/3.10/lib/python3.10/site-packages/airflow/example_dags/example_python_decorator.py
[2024-05-09T15:17:56.195+0700] {processor.py:830} INFO - Processing file /Library/Frameworks/Python.framework/Versions/3.10/lib/python3.10/site-packages/airflow/example_dags/example_python_decorator.py for tasks to queue
[2024-05-09T15:17:56.196+0700] {logging_mixin.py:188} INFO - [2024-05-09T15:17:56.196+0700] {dagbag.py:540} INFO - Filling up the DagBag from /Library/Frameworks/Python.framework/Versions/3.10/lib/python3.10/site-packages/airflow/example_dags/example_python_decorator.py
[2024-05-09T15:17:56.284+0700] {processor.py:840} INFO - DAG(s) 'example_python_decorator' retrieved from /Library/Frameworks/Python.framework/Versions/3.10/lib/python3.10/site-packages/airflow/example_dags/example_python_decorator.py
[2024-05-09T15:17:56.608+0700] {logging_mixin.py:188} INFO - [2024-05-09T15:17:56.608+0700] {dag.py:3096} INFO - Sync 1 DAGs
[2024-05-09T15:17:56.618+0700] {logging_mixin.py:188} INFO - [2024-05-09T15:17:56.617+0700] {dag.py:3954} INFO - Setting next_dagrun for example_python_decorator to None, run_after=None
[2024-05-09T15:17:56.635+0700] {processor.py:183} INFO - Processing /Library/Frameworks/Python.framework/Versions/3.10/lib/python3.10/site-packages/airflow/example_dags/example_python_decorator.py took 0.449 seconds
[2024-05-09T15:21:12.364+0700] {processor.py:161} INFO - Started process (PID=91804) to work on /Library/Frameworks/Python.framework/Versions/3.10/lib/python3.10/site-packages/airflow/example_dags/example_python_decorator.py
[2024-05-09T15:21:12.367+0700] {processor.py:830} INFO - Processing file /Library/Frameworks/Python.framework/Versions/3.10/lib/python3.10/site-packages/airflow/example_dags/example_python_decorator.py for tasks to queue
[2024-05-09T15:21:12.368+0700] {logging_mixin.py:188} INFO - [2024-05-09T15:21:12.368+0700] {dagbag.py:540} INFO - Filling up the DagBag from /Library/Frameworks/Python.framework/Versions/3.10/lib/python3.10/site-packages/airflow/example_dags/example_python_decorator.py
[2024-05-09T15:21:12.398+0700] {processor.py:840} INFO - DAG(s) 'example_python_decorator' retrieved from /Library/Frameworks/Python.framework/Versions/3.10/lib/python3.10/site-packages/airflow/example_dags/example_python_decorator.py
[2024-05-09T15:21:12.565+0700] {logging_mixin.py:188} INFO - [2024-05-09T15:21:12.564+0700] {dag.py:3096} INFO - Sync 1 DAGs
[2024-05-09T15:21:12.571+0700] {logging_mixin.py:188} INFO - [2024-05-09T15:21:12.571+0700] {dag.py:3954} INFO - Setting next_dagrun for example_python_decorator to None, run_after=None
[2024-05-09T15:21:12.583+0700] {processor.py:183} INFO - Processing /Library/Frameworks/Python.framework/Versions/3.10/lib/python3.10/site-packages/airflow/example_dags/example_python_decorator.py took 0.222 seconds
[2024-05-09T15:24:41.162+0700] {processor.py:161} INFO - Started process (PID=94834) to work on /Library/Frameworks/Python.framework/Versions/3.10/lib/python3.10/site-packages/airflow/example_dags/example_python_decorator.py
[2024-05-09T15:24:41.163+0700] {processor.py:830} INFO - Processing file /Library/Frameworks/Python.framework/Versions/3.10/lib/python3.10/site-packages/airflow/example_dags/example_python_decorator.py for tasks to queue
[2024-05-09T15:24:41.163+0700] {logging_mixin.py:188} INFO - [2024-05-09T15:24:41.163+0700] {dagbag.py:540} INFO - Filling up the DagBag from /Library/Frameworks/Python.framework/Versions/3.10/lib/python3.10/site-packages/airflow/example_dags/example_python_decorator.py
[2024-05-09T15:24:41.189+0700] {processor.py:840} INFO - DAG(s) 'example_python_decorator' retrieved from /Library/Frameworks/Python.framework/Versions/3.10/lib/python3.10/site-packages/airflow/example_dags/example_python_decorator.py
[2024-05-09T15:24:41.356+0700] {logging_mixin.py:188} INFO - [2024-05-09T15:24:41.355+0700] {dag.py:3096} INFO - Sync 1 DAGs
[2024-05-09T15:24:41.366+0700] {logging_mixin.py:188} INFO - [2024-05-09T15:24:41.365+0700] {dag.py:3954} INFO - Setting next_dagrun for example_python_decorator to None, run_after=None
[2024-05-09T15:24:41.380+0700] {processor.py:183} INFO - Processing /Library/Frameworks/Python.framework/Versions/3.10/lib/python3.10/site-packages/airflow/example_dags/example_python_decorator.py took 0.220 seconds
[2024-05-09T15:27:47.437+0700] {processor.py:161} INFO - Started process (PID=96005) to work on /Library/Frameworks/Python.framework/Versions/3.10/lib/python3.10/site-packages/airflow/example_dags/example_python_decorator.py
[2024-05-09T15:27:47.439+0700] {processor.py:830} INFO - Processing file /Library/Frameworks/Python.framework/Versions/3.10/lib/python3.10/site-packages/airflow/example_dags/example_python_decorator.py for tasks to queue
[2024-05-09T15:27:47.440+0700] {logging_mixin.py:188} INFO - [2024-05-09T15:27:47.440+0700] {dagbag.py:540} INFO - Filling up the DagBag from /Library/Frameworks/Python.framework/Versions/3.10/lib/python3.10/site-packages/airflow/example_dags/example_python_decorator.py
[2024-05-09T15:27:47.467+0700] {processor.py:840} INFO - DAG(s) 'example_python_decorator' retrieved from /Library/Frameworks/Python.framework/Versions/3.10/lib/python3.10/site-packages/airflow/example_dags/example_python_decorator.py
[2024-05-09T15:27:47.625+0700] {logging_mixin.py:188} INFO - [2024-05-09T15:27:47.625+0700] {dag.py:3096} INFO - Sync 1 DAGs
[2024-05-09T15:27:47.631+0700] {logging_mixin.py:188} INFO - [2024-05-09T15:27:47.631+0700] {dag.py:3954} INFO - Setting next_dagrun for example_python_decorator to None, run_after=None
[2024-05-09T15:27:47.643+0700] {processor.py:183} INFO - Processing /Library/Frameworks/Python.framework/Versions/3.10/lib/python3.10/site-packages/airflow/example_dags/example_python_decorator.py took 0.208 seconds
[2024-05-09T15:31:40.679+0700] {processor.py:161} INFO - Started process (PID=97468) to work on /Library/Frameworks/Python.framework/Versions/3.10/lib/python3.10/site-packages/airflow/example_dags/example_python_decorator.py
[2024-05-09T15:31:40.681+0700] {processor.py:830} INFO - Processing file /Library/Frameworks/Python.framework/Versions/3.10/lib/python3.10/site-packages/airflow/example_dags/example_python_decorator.py for tasks to queue
[2024-05-09T15:31:40.683+0700] {logging_mixin.py:188} INFO - [2024-05-09T15:31:40.683+0700] {dagbag.py:540} INFO - Filling up the DagBag from /Library/Frameworks/Python.framework/Versions/3.10/lib/python3.10/site-packages/airflow/example_dags/example_python_decorator.py
[2024-05-09T15:31:40.745+0700] {processor.py:840} INFO - DAG(s) 'example_python_decorator' retrieved from /Library/Frameworks/Python.framework/Versions/3.10/lib/python3.10/site-packages/airflow/example_dags/example_python_decorator.py
[2024-05-09T15:31:40.997+0700] {logging_mixin.py:188} INFO - [2024-05-09T15:31:40.997+0700] {dag.py:3096} INFO - Sync 1 DAGs
[2024-05-09T15:31:41.006+0700] {logging_mixin.py:188} INFO - [2024-05-09T15:31:41.005+0700] {dag.py:3954} INFO - Setting next_dagrun for example_python_decorator to None, run_after=None
[2024-05-09T15:31:41.023+0700] {processor.py:183} INFO - Processing /Library/Frameworks/Python.framework/Versions/3.10/lib/python3.10/site-packages/airflow/example_dags/example_python_decorator.py took 0.354 seconds
[2024-05-09T15:34:10.399+0700] {processor.py:161} INFO - Started process (PID=98251) to work on /Library/Frameworks/Python.framework/Versions/3.10/lib/python3.10/site-packages/airflow/example_dags/example_python_decorator.py
[2024-05-09T15:34:10.400+0700] {processor.py:830} INFO - Processing file /Library/Frameworks/Python.framework/Versions/3.10/lib/python3.10/site-packages/airflow/example_dags/example_python_decorator.py for tasks to queue
[2024-05-09T15:34:10.401+0700] {logging_mixin.py:188} INFO - [2024-05-09T15:34:10.401+0700] {dagbag.py:540} INFO - Filling up the DagBag from /Library/Frameworks/Python.framework/Versions/3.10/lib/python3.10/site-packages/airflow/example_dags/example_python_decorator.py
[2024-05-09T15:34:10.427+0700] {processor.py:840} INFO - DAG(s) 'example_python_decorator' retrieved from /Library/Frameworks/Python.framework/Versions/3.10/lib/python3.10/site-packages/airflow/example_dags/example_python_decorator.py
[2024-05-09T15:34:10.583+0700] {logging_mixin.py:188} INFO - [2024-05-09T15:34:10.583+0700] {dag.py:3096} INFO - Sync 1 DAGs
[2024-05-09T15:34:10.590+0700] {logging_mixin.py:188} INFO - [2024-05-09T15:34:10.590+0700] {dag.py:3954} INFO - Setting next_dagrun for example_python_decorator to None, run_after=None
[2024-05-09T15:34:10.602+0700] {processor.py:183} INFO - Processing /Library/Frameworks/Python.framework/Versions/3.10/lib/python3.10/site-packages/airflow/example_dags/example_python_decorator.py took 0.204 seconds
