[2024-05-09T14:32:15.699+0700] {processor.py:161} INFO - Started process (PID=69925) to work on /Library/Frameworks/Python.framework/Versions/3.10/lib/python3.10/site-packages/airflow/example_dags/example_branch_operator.py
[2024-05-09T14:32:15.700+0700] {processor.py:830} INFO - Processing file /Library/Frameworks/Python.framework/Versions/3.10/lib/python3.10/site-packages/airflow/example_dags/example_branch_operator.py for tasks to queue
[2024-05-09T14:32:15.700+0700] {logging_mixin.py:188} INFO - [2024-05-09T14:32:15.700+0700] {dagbag.py:540} INFO - Filling up the DagBag from /Library/Frameworks/Python.framework/Versions/3.10/lib/python3.10/site-packages/airflow/example_dags/example_branch_operator.py
[2024-05-09T14:32:15.735+0700] {processor.py:840} INFO - DAG(s) 'example_branch_operator' retrieved from /Library/Frameworks/Python.framework/Versions/3.10/lib/python3.10/site-packages/airflow/example_dags/example_branch_operator.py
[2024-05-09T14:32:16.047+0700] {logging_mixin.py:188} INFO - [2024-05-09T14:32:16.047+0700] {dag.py:3096} INFO - Sync 1 DAGs
[2024-05-09T14:32:16.075+0700] {logging_mixin.py:188} INFO - [2024-05-09T14:32:16.074+0700] {dag.py:3954} INFO - Setting next_dagrun for example_branch_operator to 2024-05-08 00:00:00+00:00, run_after=2024-05-09 00:00:00+00:00
[2024-05-09T14:32:16.109+0700] {processor.py:183} INFO - Processing /Library/Frameworks/Python.framework/Versions/3.10/lib/python3.10/site-packages/airflow/example_dags/example_branch_operator.py took 0.413 seconds
[2024-05-09T14:35:48.110+0700] {processor.py:161} INFO - Started process (PID=71206) to work on /Library/Frameworks/Python.framework/Versions/3.10/lib/python3.10/site-packages/airflow/example_dags/example_branch_operator.py
[2024-05-09T14:35:48.110+0700] {processor.py:830} INFO - Processing file /Library/Frameworks/Python.framework/Versions/3.10/lib/python3.10/site-packages/airflow/example_dags/example_branch_operator.py for tasks to queue
[2024-05-09T14:35:48.111+0700] {logging_mixin.py:188} INFO - [2024-05-09T14:35:48.111+0700] {dagbag.py:540} INFO - Filling up the DagBag from /Library/Frameworks/Python.framework/Versions/3.10/lib/python3.10/site-packages/airflow/example_dags/example_branch_operator.py
[2024-05-09T14:35:48.132+0700] {processor.py:840} INFO - DAG(s) 'example_branch_operator' retrieved from /Library/Frameworks/Python.framework/Versions/3.10/lib/python3.10/site-packages/airflow/example_dags/example_branch_operator.py
[2024-05-09T14:35:48.282+0700] {logging_mixin.py:188} INFO - [2024-05-09T14:35:48.282+0700] {dag.py:3096} INFO - Sync 1 DAGs
[2024-05-09T14:35:48.293+0700] {logging_mixin.py:188} INFO - [2024-05-09T14:35:48.292+0700] {dag.py:3954} INFO - Setting next_dagrun for example_branch_operator to 2024-05-08 00:00:00+00:00, run_after=2024-05-09 00:00:00+00:00
[2024-05-09T14:35:48.304+0700] {processor.py:183} INFO - Processing /Library/Frameworks/Python.framework/Versions/3.10/lib/python3.10/site-packages/airflow/example_dags/example_branch_operator.py took 0.196 seconds
[2024-05-09T14:38:49.952+0700] {processor.py:161} INFO - Started process (PID=72562) to work on /Library/Frameworks/Python.framework/Versions/3.10/lib/python3.10/site-packages/airflow/example_dags/example_branch_operator.py
[2024-05-09T14:38:49.953+0700] {processor.py:830} INFO - Processing file /Library/Frameworks/Python.framework/Versions/3.10/lib/python3.10/site-packages/airflow/example_dags/example_branch_operator.py for tasks to queue
[2024-05-09T14:38:49.954+0700] {logging_mixin.py:188} INFO - [2024-05-09T14:38:49.953+0700] {dagbag.py:540} INFO - Filling up the DagBag from /Library/Frameworks/Python.framework/Versions/3.10/lib/python3.10/site-packages/airflow/example_dags/example_branch_operator.py
[2024-05-09T14:38:49.985+0700] {processor.py:840} INFO - DAG(s) 'example_branch_operator' retrieved from /Library/Frameworks/Python.framework/Versions/3.10/lib/python3.10/site-packages/airflow/example_dags/example_branch_operator.py
[2024-05-09T14:38:50.349+0700] {logging_mixin.py:188} INFO - [2024-05-09T14:38:50.349+0700] {dag.py:3096} INFO - Sync 1 DAGs
[2024-05-09T14:38:50.371+0700] {logging_mixin.py:188} INFO - [2024-05-09T14:38:50.371+0700] {dag.py:3954} INFO - Setting next_dagrun for example_branch_operator to 2024-05-08 00:00:00+00:00, run_after=2024-05-09 00:00:00+00:00
[2024-05-09T14:38:50.394+0700] {processor.py:183} INFO - Processing /Library/Frameworks/Python.framework/Versions/3.10/lib/python3.10/site-packages/airflow/example_dags/example_branch_operator.py took 0.444 seconds
[2024-05-09T14:43:05.747+0700] {processor.py:161} INFO - Started process (PID=77004) to work on /Library/Frameworks/Python.framework/Versions/3.10/lib/python3.10/site-packages/airflow/example_dags/example_branch_operator.py
[2024-05-09T14:43:05.747+0700] {processor.py:830} INFO - Processing file /Library/Frameworks/Python.framework/Versions/3.10/lib/python3.10/site-packages/airflow/example_dags/example_branch_operator.py for tasks to queue
[2024-05-09T14:43:05.748+0700] {logging_mixin.py:188} INFO - [2024-05-09T14:43:05.748+0700] {dagbag.py:540} INFO - Filling up the DagBag from /Library/Frameworks/Python.framework/Versions/3.10/lib/python3.10/site-packages/airflow/example_dags/example_branch_operator.py
[2024-05-09T14:43:05.769+0700] {processor.py:840} INFO - DAG(s) 'example_branch_operator' retrieved from /Library/Frameworks/Python.framework/Versions/3.10/lib/python3.10/site-packages/airflow/example_dags/example_branch_operator.py
[2024-05-09T14:43:05.783+0700] {logging_mixin.py:188} INFO - [2024-05-09T14:43:05.783+0700] {dag.py:3096} INFO - Sync 1 DAGs
[2024-05-09T14:43:05.883+0700] {logging_mixin.py:188} INFO - [2024-05-09T14:43:05.883+0700] {dag.py:3954} INFO - Setting next_dagrun for example_branch_operator to 2024-05-08 00:00:00+00:00, run_after=2024-05-09 00:00:00+00:00
[2024-05-09T14:43:05.894+0700] {processor.py:183} INFO - Processing /Library/Frameworks/Python.framework/Versions/3.10/lib/python3.10/site-packages/airflow/example_dags/example_branch_operator.py took 0.149 seconds
[2024-05-09T14:46:49.048+0700] {processor.py:161} INFO - Started process (PID=78429) to work on /Library/Frameworks/Python.framework/Versions/3.10/lib/python3.10/site-packages/airflow/example_dags/example_branch_operator.py
[2024-05-09T14:46:49.052+0700] {processor.py:830} INFO - Processing file /Library/Frameworks/Python.framework/Versions/3.10/lib/python3.10/site-packages/airflow/example_dags/example_branch_operator.py for tasks to queue
[2024-05-09T14:46:49.052+0700] {logging_mixin.py:188} INFO - [2024-05-09T14:46:49.052+0700] {dagbag.py:540} INFO - Filling up the DagBag from /Library/Frameworks/Python.framework/Versions/3.10/lib/python3.10/site-packages/airflow/example_dags/example_branch_operator.py
[2024-05-09T14:46:49.077+0700] {processor.py:840} INFO - DAG(s) 'example_branch_operator' retrieved from /Library/Frameworks/Python.framework/Versions/3.10/lib/python3.10/site-packages/airflow/example_dags/example_branch_operator.py
[2024-05-09T14:46:49.246+0700] {logging_mixin.py:188} INFO - [2024-05-09T14:46:49.245+0700] {dag.py:3096} INFO - Sync 1 DAGs
[2024-05-09T14:46:49.256+0700] {logging_mixin.py:188} INFO - [2024-05-09T14:46:49.256+0700] {dag.py:3954} INFO - Setting next_dagrun for example_branch_operator to 2024-05-08 00:00:00+00:00, run_after=2024-05-09 00:00:00+00:00
[2024-05-09T14:46:49.280+0700] {processor.py:183} INFO - Processing /Library/Frameworks/Python.framework/Versions/3.10/lib/python3.10/site-packages/airflow/example_dags/example_branch_operator.py took 0.235 seconds
[2024-05-09T14:50:18.232+0700] {processor.py:161} INFO - Started process (PID=79555) to work on /Library/Frameworks/Python.framework/Versions/3.10/lib/python3.10/site-packages/airflow/example_dags/example_branch_operator.py
[2024-05-09T14:50:18.233+0700] {processor.py:830} INFO - Processing file /Library/Frameworks/Python.framework/Versions/3.10/lib/python3.10/site-packages/airflow/example_dags/example_branch_operator.py for tasks to queue
[2024-05-09T14:50:18.234+0700] {logging_mixin.py:188} INFO - [2024-05-09T14:50:18.234+0700] {dagbag.py:540} INFO - Filling up the DagBag from /Library/Frameworks/Python.framework/Versions/3.10/lib/python3.10/site-packages/airflow/example_dags/example_branch_operator.py
[2024-05-09T14:50:18.261+0700] {processor.py:840} INFO - DAG(s) 'example_branch_operator' retrieved from /Library/Frameworks/Python.framework/Versions/3.10/lib/python3.10/site-packages/airflow/example_dags/example_branch_operator.py
[2024-05-09T14:50:18.437+0700] {logging_mixin.py:188} INFO - [2024-05-09T14:50:18.437+0700] {dag.py:3096} INFO - Sync 1 DAGs
[2024-05-09T14:50:18.448+0700] {logging_mixin.py:188} INFO - [2024-05-09T14:50:18.448+0700] {dag.py:3954} INFO - Setting next_dagrun for example_branch_operator to 2024-05-08 00:00:00+00:00, run_after=2024-05-09 00:00:00+00:00
[2024-05-09T14:50:18.463+0700] {processor.py:183} INFO - Processing /Library/Frameworks/Python.framework/Versions/3.10/lib/python3.10/site-packages/airflow/example_dags/example_branch_operator.py took 0.237 seconds
[2024-05-09T14:54:07.027+0700] {processor.py:161} INFO - Started process (PID=81029) to work on /Library/Frameworks/Python.framework/Versions/3.10/lib/python3.10/site-packages/airflow/example_dags/example_branch_operator.py
[2024-05-09T14:54:07.027+0700] {processor.py:830} INFO - Processing file /Library/Frameworks/Python.framework/Versions/3.10/lib/python3.10/site-packages/airflow/example_dags/example_branch_operator.py for tasks to queue
[2024-05-09T14:54:07.028+0700] {logging_mixin.py:188} INFO - [2024-05-09T14:54:07.028+0700] {dagbag.py:540} INFO - Filling up the DagBag from /Library/Frameworks/Python.framework/Versions/3.10/lib/python3.10/site-packages/airflow/example_dags/example_branch_operator.py
[2024-05-09T14:54:07.048+0700] {processor.py:840} INFO - DAG(s) 'example_branch_operator' retrieved from /Library/Frameworks/Python.framework/Versions/3.10/lib/python3.10/site-packages/airflow/example_dags/example_branch_operator.py
[2024-05-09T14:54:07.195+0700] {logging_mixin.py:188} INFO - [2024-05-09T14:54:07.195+0700] {dag.py:3096} INFO - Sync 1 DAGs
[2024-05-09T14:54:07.205+0700] {logging_mixin.py:188} INFO - [2024-05-09T14:54:07.205+0700] {dag.py:3954} INFO - Setting next_dagrun for example_branch_operator to 2024-05-08 00:00:00+00:00, run_after=2024-05-09 00:00:00+00:00
[2024-05-09T14:54:07.217+0700] {processor.py:183} INFO - Processing /Library/Frameworks/Python.framework/Versions/3.10/lib/python3.10/site-packages/airflow/example_dags/example_branch_operator.py took 0.192 seconds
[2024-05-09T14:57:07.279+0700] {processor.py:161} INFO - Started process (PID=82258) to work on /Library/Frameworks/Python.framework/Versions/3.10/lib/python3.10/site-packages/airflow/example_dags/example_branch_operator.py
[2024-05-09T14:57:07.280+0700] {processor.py:830} INFO - Processing file /Library/Frameworks/Python.framework/Versions/3.10/lib/python3.10/site-packages/airflow/example_dags/example_branch_operator.py for tasks to queue
[2024-05-09T14:57:07.280+0700] {logging_mixin.py:188} INFO - [2024-05-09T14:57:07.280+0700] {dagbag.py:540} INFO - Filling up the DagBag from /Library/Frameworks/Python.framework/Versions/3.10/lib/python3.10/site-packages/airflow/example_dags/example_branch_operator.py
[2024-05-09T14:57:07.301+0700] {processor.py:840} INFO - DAG(s) 'example_branch_operator' retrieved from /Library/Frameworks/Python.framework/Versions/3.10/lib/python3.10/site-packages/airflow/example_dags/example_branch_operator.py
[2024-05-09T14:57:07.460+0700] {logging_mixin.py:188} INFO - [2024-05-09T14:57:07.460+0700] {dag.py:3096} INFO - Sync 1 DAGs
[2024-05-09T14:57:07.472+0700] {logging_mixin.py:188} INFO - [2024-05-09T14:57:07.472+0700] {dag.py:3954} INFO - Setting next_dagrun for example_branch_operator to 2024-05-08 00:00:00+00:00, run_after=2024-05-09 00:00:00+00:00
[2024-05-09T14:57:07.485+0700] {processor.py:183} INFO - Processing /Library/Frameworks/Python.framework/Versions/3.10/lib/python3.10/site-packages/airflow/example_dags/example_branch_operator.py took 0.208 seconds
[2024-05-09T15:00:08.075+0700] {processor.py:161} INFO - Started process (PID=83290) to work on /Library/Frameworks/Python.framework/Versions/3.10/lib/python3.10/site-packages/airflow/example_dags/example_branch_operator.py
[2024-05-09T15:00:08.076+0700] {processor.py:830} INFO - Processing file /Library/Frameworks/Python.framework/Versions/3.10/lib/python3.10/site-packages/airflow/example_dags/example_branch_operator.py for tasks to queue
[2024-05-09T15:00:08.076+0700] {logging_mixin.py:188} INFO - [2024-05-09T15:00:08.076+0700] {dagbag.py:540} INFO - Filling up the DagBag from /Library/Frameworks/Python.framework/Versions/3.10/lib/python3.10/site-packages/airflow/example_dags/example_branch_operator.py
[2024-05-09T15:00:08.104+0700] {processor.py:840} INFO - DAG(s) 'example_branch_operator' retrieved from /Library/Frameworks/Python.framework/Versions/3.10/lib/python3.10/site-packages/airflow/example_dags/example_branch_operator.py
[2024-05-09T15:00:08.252+0700] {logging_mixin.py:188} INFO - [2024-05-09T15:00:08.252+0700] {dag.py:3096} INFO - Sync 1 DAGs
[2024-05-09T15:00:08.262+0700] {logging_mixin.py:188} INFO - [2024-05-09T15:00:08.262+0700] {dag.py:3954} INFO - Setting next_dagrun for example_branch_operator to 2024-05-08 00:00:00+00:00, run_after=2024-05-09 00:00:00+00:00
[2024-05-09T15:00:08.274+0700] {processor.py:183} INFO - Processing /Library/Frameworks/Python.framework/Versions/3.10/lib/python3.10/site-packages/airflow/example_dags/example_branch_operator.py took 0.202 seconds
[2024-05-09T15:03:12.253+0700] {processor.py:161} INFO - Started process (PID=84366) to work on /Library/Frameworks/Python.framework/Versions/3.10/lib/python3.10/site-packages/airflow/example_dags/example_branch_operator.py
[2024-05-09T15:03:12.254+0700] {processor.py:830} INFO - Processing file /Library/Frameworks/Python.framework/Versions/3.10/lib/python3.10/site-packages/airflow/example_dags/example_branch_operator.py for tasks to queue
[2024-05-09T15:03:12.255+0700] {logging_mixin.py:188} INFO - [2024-05-09T15:03:12.255+0700] {dagbag.py:540} INFO - Filling up the DagBag from /Library/Frameworks/Python.framework/Versions/3.10/lib/python3.10/site-packages/airflow/example_dags/example_branch_operator.py
[2024-05-09T15:03:12.277+0700] {processor.py:840} INFO - DAG(s) 'example_branch_operator' retrieved from /Library/Frameworks/Python.framework/Versions/3.10/lib/python3.10/site-packages/airflow/example_dags/example_branch_operator.py
[2024-05-09T15:03:12.426+0700] {logging_mixin.py:188} INFO - [2024-05-09T15:03:12.426+0700] {dag.py:3096} INFO - Sync 1 DAGs
[2024-05-09T15:03:12.436+0700] {logging_mixin.py:188} INFO - [2024-05-09T15:03:12.436+0700] {dag.py:3954} INFO - Setting next_dagrun for example_branch_operator to 2024-05-08 00:00:00+00:00, run_after=2024-05-09 00:00:00+00:00
[2024-05-09T15:03:12.447+0700] {processor.py:183} INFO - Processing /Library/Frameworks/Python.framework/Versions/3.10/lib/python3.10/site-packages/airflow/example_dags/example_branch_operator.py took 0.195 seconds
[2024-05-09T15:08:33.251+0700] {processor.py:161} INFO - Started process (PID=86049) to work on /Library/Frameworks/Python.framework/Versions/3.10/lib/python3.10/site-packages/airflow/example_dags/example_branch_operator.py
[2024-05-09T15:08:33.252+0700] {processor.py:830} INFO - Processing file /Library/Frameworks/Python.framework/Versions/3.10/lib/python3.10/site-packages/airflow/example_dags/example_branch_operator.py for tasks to queue
[2024-05-09T15:08:33.253+0700] {logging_mixin.py:188} INFO - [2024-05-09T15:08:33.252+0700] {dagbag.py:540} INFO - Filling up the DagBag from /Library/Frameworks/Python.framework/Versions/3.10/lib/python3.10/site-packages/airflow/example_dags/example_branch_operator.py
[2024-05-09T15:08:33.293+0700] {processor.py:840} INFO - DAG(s) 'example_branch_operator' retrieved from /Library/Frameworks/Python.framework/Versions/3.10/lib/python3.10/site-packages/airflow/example_dags/example_branch_operator.py
[2024-05-09T15:08:33.524+0700] {logging_mixin.py:188} INFO - [2024-05-09T15:08:33.524+0700] {dag.py:3096} INFO - Sync 1 DAGs
[2024-05-09T15:08:33.542+0700] {logging_mixin.py:188} INFO - [2024-05-09T15:08:33.542+0700] {dag.py:3954} INFO - Setting next_dagrun for example_branch_operator to 2024-05-08 00:00:00+00:00, run_after=2024-05-09 00:00:00+00:00
[2024-05-09T15:08:33.564+0700] {processor.py:183} INFO - Processing /Library/Frameworks/Python.framework/Versions/3.10/lib/python3.10/site-packages/airflow/example_dags/example_branch_operator.py took 0.315 seconds
[2024-05-09T15:13:21.766+0700] {processor.py:161} INFO - Started process (PID=88150) to work on /Library/Frameworks/Python.framework/Versions/3.10/lib/python3.10/site-packages/airflow/example_dags/example_branch_operator.py
[2024-05-09T15:13:21.767+0700] {processor.py:830} INFO - Processing file /Library/Frameworks/Python.framework/Versions/3.10/lib/python3.10/site-packages/airflow/example_dags/example_branch_operator.py for tasks to queue
[2024-05-09T15:13:21.767+0700] {logging_mixin.py:188} INFO - [2024-05-09T15:13:21.767+0700] {dagbag.py:540} INFO - Filling up the DagBag from /Library/Frameworks/Python.framework/Versions/3.10/lib/python3.10/site-packages/airflow/example_dags/example_branch_operator.py
[2024-05-09T15:13:21.787+0700] {processor.py:840} INFO - DAG(s) 'example_branch_operator' retrieved from /Library/Frameworks/Python.framework/Versions/3.10/lib/python3.10/site-packages/airflow/example_dags/example_branch_operator.py
[2024-05-09T15:13:21.936+0700] {logging_mixin.py:188} INFO - [2024-05-09T15:13:21.936+0700] {dag.py:3096} INFO - Sync 1 DAGs
[2024-05-09T15:13:21.947+0700] {logging_mixin.py:188} INFO - [2024-05-09T15:13:21.946+0700] {dag.py:3954} INFO - Setting next_dagrun for example_branch_operator to 2024-05-08 00:00:00+00:00, run_after=2024-05-09 00:00:00+00:00
[2024-05-09T15:13:21.959+0700] {processor.py:183} INFO - Processing /Library/Frameworks/Python.framework/Versions/3.10/lib/python3.10/site-packages/airflow/example_dags/example_branch_operator.py took 0.194 seconds
[2024-05-09T15:16:36.388+0700] {processor.py:161} INFO - Started process (PID=89885) to work on /Library/Frameworks/Python.framework/Versions/3.10/lib/python3.10/site-packages/airflow/example_dags/example_branch_operator.py
[2024-05-09T15:16:36.389+0700] {processor.py:830} INFO - Processing file /Library/Frameworks/Python.framework/Versions/3.10/lib/python3.10/site-packages/airflow/example_dags/example_branch_operator.py for tasks to queue
[2024-05-09T15:16:36.389+0700] {logging_mixin.py:188} INFO - [2024-05-09T15:16:36.389+0700] {dagbag.py:540} INFO - Filling up the DagBag from /Library/Frameworks/Python.framework/Versions/3.10/lib/python3.10/site-packages/airflow/example_dags/example_branch_operator.py
[2024-05-09T15:16:36.411+0700] {processor.py:840} INFO - DAG(s) 'example_branch_operator' retrieved from /Library/Frameworks/Python.framework/Versions/3.10/lib/python3.10/site-packages/airflow/example_dags/example_branch_operator.py
[2024-05-09T15:16:36.561+0700] {logging_mixin.py:188} INFO - [2024-05-09T15:16:36.561+0700] {dag.py:3096} INFO - Sync 1 DAGs
[2024-05-09T15:16:36.572+0700] {logging_mixin.py:188} INFO - [2024-05-09T15:16:36.571+0700] {dag.py:3954} INFO - Setting next_dagrun for example_branch_operator to 2024-05-08 00:00:00+00:00, run_after=2024-05-09 00:00:00+00:00
[2024-05-09T15:16:36.583+0700] {processor.py:183} INFO - Processing /Library/Frameworks/Python.framework/Versions/3.10/lib/python3.10/site-packages/airflow/example_dags/example_branch_operator.py took 0.197 seconds
[2024-05-09T15:19:44.033+0700] {processor.py:161} INFO - Started process (PID=91091) to work on /Library/Frameworks/Python.framework/Versions/3.10/lib/python3.10/site-packages/airflow/example_dags/example_branch_operator.py
[2024-05-09T15:19:44.035+0700] {processor.py:830} INFO - Processing file /Library/Frameworks/Python.framework/Versions/3.10/lib/python3.10/site-packages/airflow/example_dags/example_branch_operator.py for tasks to queue
[2024-05-09T15:19:44.037+0700] {logging_mixin.py:188} INFO - [2024-05-09T15:19:44.037+0700] {dagbag.py:540} INFO - Filling up the DagBag from /Library/Frameworks/Python.framework/Versions/3.10/lib/python3.10/site-packages/airflow/example_dags/example_branch_operator.py
[2024-05-09T15:19:44.081+0700] {processor.py:840} INFO - DAG(s) 'example_branch_operator' retrieved from /Library/Frameworks/Python.framework/Versions/3.10/lib/python3.10/site-packages/airflow/example_dags/example_branch_operator.py
[2024-05-09T15:19:44.336+0700] {logging_mixin.py:188} INFO - [2024-05-09T15:19:44.336+0700] {dag.py:3096} INFO - Sync 1 DAGs
[2024-05-09T15:19:44.361+0700] {logging_mixin.py:188} INFO - [2024-05-09T15:19:44.361+0700] {dag.py:3954} INFO - Setting next_dagrun for example_branch_operator to 2024-05-08 00:00:00+00:00, run_after=2024-05-09 00:00:00+00:00
[2024-05-09T15:19:44.378+0700] {processor.py:183} INFO - Processing /Library/Frameworks/Python.framework/Versions/3.10/lib/python3.10/site-packages/airflow/example_dags/example_branch_operator.py took 0.352 seconds
[2024-05-09T15:23:00.152+0700] {processor.py:161} INFO - Started process (PID=94206) to work on /Library/Frameworks/Python.framework/Versions/3.10/lib/python3.10/site-packages/airflow/example_dags/example_branch_operator.py
[2024-05-09T15:23:00.154+0700] {processor.py:830} INFO - Processing file /Library/Frameworks/Python.framework/Versions/3.10/lib/python3.10/site-packages/airflow/example_dags/example_branch_operator.py for tasks to queue
[2024-05-09T15:23:00.158+0700] {logging_mixin.py:188} INFO - [2024-05-09T15:23:00.158+0700] {dagbag.py:540} INFO - Filling up the DagBag from /Library/Frameworks/Python.framework/Versions/3.10/lib/python3.10/site-packages/airflow/example_dags/example_branch_operator.py
[2024-05-09T15:23:00.201+0700] {processor.py:840} INFO - DAG(s) 'example_branch_operator' retrieved from /Library/Frameworks/Python.framework/Versions/3.10/lib/python3.10/site-packages/airflow/example_dags/example_branch_operator.py
[2024-05-09T15:23:00.456+0700] {logging_mixin.py:188} INFO - [2024-05-09T15:23:00.456+0700] {dag.py:3096} INFO - Sync 1 DAGs
[2024-05-09T15:23:00.469+0700] {logging_mixin.py:188} INFO - [2024-05-09T15:23:00.469+0700] {dag.py:3954} INFO - Setting next_dagrun for example_branch_operator to 2024-05-08 00:00:00+00:00, run_after=2024-05-09 00:00:00+00:00
[2024-05-09T15:23:00.484+0700] {processor.py:183} INFO - Processing /Library/Frameworks/Python.framework/Versions/3.10/lib/python3.10/site-packages/airflow/example_dags/example_branch_operator.py took 0.335 seconds
[2024-05-09T15:26:34.373+0700] {processor.py:161} INFO - Started process (PID=95566) to work on /Library/Frameworks/Python.framework/Versions/3.10/lib/python3.10/site-packages/airflow/example_dags/example_branch_operator.py
[2024-05-09T15:26:34.374+0700] {processor.py:830} INFO - Processing file /Library/Frameworks/Python.framework/Versions/3.10/lib/python3.10/site-packages/airflow/example_dags/example_branch_operator.py for tasks to queue
[2024-05-09T15:26:34.374+0700] {logging_mixin.py:188} INFO - [2024-05-09T15:26:34.374+0700] {dagbag.py:540} INFO - Filling up the DagBag from /Library/Frameworks/Python.framework/Versions/3.10/lib/python3.10/site-packages/airflow/example_dags/example_branch_operator.py
[2024-05-09T15:26:34.396+0700] {processor.py:840} INFO - DAG(s) 'example_branch_operator' retrieved from /Library/Frameworks/Python.framework/Versions/3.10/lib/python3.10/site-packages/airflow/example_dags/example_branch_operator.py
[2024-05-09T15:26:34.550+0700] {logging_mixin.py:188} INFO - [2024-05-09T15:26:34.550+0700] {dag.py:3096} INFO - Sync 1 DAGs
[2024-05-09T15:26:34.560+0700] {logging_mixin.py:188} INFO - [2024-05-09T15:26:34.560+0700] {dag.py:3954} INFO - Setting next_dagrun for example_branch_operator to 2024-05-08 00:00:00+00:00, run_after=2024-05-09 00:00:00+00:00
[2024-05-09T15:26:34.572+0700] {processor.py:183} INFO - Processing /Library/Frameworks/Python.framework/Versions/3.10/lib/python3.10/site-packages/airflow/example_dags/example_branch_operator.py took 0.208 seconds
[2024-05-09T15:29:33.991+0700] {processor.py:161} INFO - Started process (PID=96639) to work on /Library/Frameworks/Python.framework/Versions/3.10/lib/python3.10/site-packages/airflow/example_dags/example_branch_operator.py
[2024-05-09T15:29:33.991+0700] {processor.py:830} INFO - Processing file /Library/Frameworks/Python.framework/Versions/3.10/lib/python3.10/site-packages/airflow/example_dags/example_branch_operator.py for tasks to queue
[2024-05-09T15:29:33.992+0700] {logging_mixin.py:188} INFO - [2024-05-09T15:29:33.992+0700] {dagbag.py:540} INFO - Filling up the DagBag from /Library/Frameworks/Python.framework/Versions/3.10/lib/python3.10/site-packages/airflow/example_dags/example_branch_operator.py
[2024-05-09T15:29:34.018+0700] {processor.py:840} INFO - DAG(s) 'example_branch_operator' retrieved from /Library/Frameworks/Python.framework/Versions/3.10/lib/python3.10/site-packages/airflow/example_dags/example_branch_operator.py
[2024-05-09T15:29:34.192+0700] {logging_mixin.py:188} INFO - [2024-05-09T15:29:34.192+0700] {dag.py:3096} INFO - Sync 1 DAGs
[2024-05-09T15:29:34.203+0700] {logging_mixin.py:188} INFO - [2024-05-09T15:29:34.203+0700] {dag.py:3954} INFO - Setting next_dagrun for example_branch_operator to 2024-05-08 00:00:00+00:00, run_after=2024-05-09 00:00:00+00:00
[2024-05-09T15:29:34.215+0700] {processor.py:183} INFO - Processing /Library/Frameworks/Python.framework/Versions/3.10/lib/python3.10/site-packages/airflow/example_dags/example_branch_operator.py took 0.227 seconds
[2024-05-09T15:34:39.040+0700] {processor.py:161} INFO - Started process (PID=98397) to work on /Library/Frameworks/Python.framework/Versions/3.10/lib/python3.10/site-packages/airflow/example_dags/example_branch_operator.py
[2024-05-09T15:34:39.041+0700] {processor.py:830} INFO - Processing file /Library/Frameworks/Python.framework/Versions/3.10/lib/python3.10/site-packages/airflow/example_dags/example_branch_operator.py for tasks to queue
[2024-05-09T15:34:39.042+0700] {logging_mixin.py:188} INFO - [2024-05-09T15:34:39.042+0700] {dagbag.py:540} INFO - Filling up the DagBag from /Library/Frameworks/Python.framework/Versions/3.10/lib/python3.10/site-packages/airflow/example_dags/example_branch_operator.py
[2024-05-09T15:34:39.071+0700] {processor.py:840} INFO - DAG(s) 'example_branch_operator' retrieved from /Library/Frameworks/Python.framework/Versions/3.10/lib/python3.10/site-packages/airflow/example_dags/example_branch_operator.py
[2024-05-09T15:34:39.240+0700] {logging_mixin.py:188} INFO - [2024-05-09T15:34:39.240+0700] {dag.py:3096} INFO - Sync 1 DAGs
[2024-05-09T15:34:39.251+0700] {logging_mixin.py:188} INFO - [2024-05-09T15:34:39.251+0700] {dag.py:3954} INFO - Setting next_dagrun for example_branch_operator to 2024-05-08 00:00:00+00:00, run_after=2024-05-09 00:00:00+00:00
[2024-05-09T15:34:39.267+0700] {processor.py:183} INFO - Processing /Library/Frameworks/Python.framework/Versions/3.10/lib/python3.10/site-packages/airflow/example_dags/example_branch_operator.py took 0.229 seconds
