[2024-05-09T14:30:50.937+0700] {processor.py:161} INFO - Started process (PID=69455) to work on /Library/Frameworks/Python.framework/Versions/3.10/lib/python3.10/site-packages/airflow/example_dags/tutorial_taskflow_api_virtualenv.py
[2024-05-09T14:30:50.937+0700] {processor.py:830} INFO - Processing file /Library/Frameworks/Python.framework/Versions/3.10/lib/python3.10/site-packages/airflow/example_dags/tutorial_taskflow_api_virtualenv.py for tasks to queue
[2024-05-09T14:30:50.938+0700] {logging_mixin.py:188} INFO - [2024-05-09T14:30:50.938+0700] {dagbag.py:540} INFO - Filling up the DagBag from /Library/Frameworks/Python.framework/Versions/3.10/lib/python3.10/site-packages/airflow/example_dags/tutorial_taskflow_api_virtualenv.py
[2024-05-09T14:30:50.965+0700] {processor.py:840} INFO - DAG(s) 'tutorial_taskflow_api_virtualenv' retrieved from /Library/Frameworks/Python.framework/Versions/3.10/lib/python3.10/site-packages/airflow/example_dags/tutorial_taskflow_api_virtualenv.py
[2024-05-09T14:30:50.982+0700] {logging_mixin.py:188} INFO - [2024-05-09T14:30:50.982+0700] {dag.py:3096} INFO - Sync 1 DAGs
[2024-05-09T14:30:51.063+0700] {logging_mixin.py:188} INFO - [2024-05-09T14:30:51.063+0700] {dag.py:3954} INFO - Setting next_dagrun for tutorial_taskflow_api_virtualenv to None, run_after=None
[2024-05-09T14:30:51.074+0700] {processor.py:183} INFO - Processing /Library/Frameworks/Python.framework/Versions/3.10/lib/python3.10/site-packages/airflow/example_dags/tutorial_taskflow_api_virtualenv.py took 0.139 seconds
[2024-05-09T14:32:49.521+0700] {processor.py:161} INFO - Started process (PID=70142) to work on /Library/Frameworks/Python.framework/Versions/3.10/lib/python3.10/site-packages/airflow/example_dags/tutorial_taskflow_api_virtualenv.py
[2024-05-09T14:32:49.522+0700] {processor.py:830} INFO - Processing file /Library/Frameworks/Python.framework/Versions/3.10/lib/python3.10/site-packages/airflow/example_dags/tutorial_taskflow_api_virtualenv.py for tasks to queue
[2024-05-09T14:32:49.522+0700] {logging_mixin.py:188} INFO - [2024-05-09T14:32:49.522+0700] {dagbag.py:540} INFO - Filling up the DagBag from /Library/Frameworks/Python.framework/Versions/3.10/lib/python3.10/site-packages/airflow/example_dags/tutorial_taskflow_api_virtualenv.py
[2024-05-09T14:32:49.554+0700] {processor.py:840} INFO - DAG(s) 'tutorial_taskflow_api_virtualenv' retrieved from /Library/Frameworks/Python.framework/Versions/3.10/lib/python3.10/site-packages/airflow/example_dags/tutorial_taskflow_api_virtualenv.py
[2024-05-09T14:32:49.745+0700] {logging_mixin.py:188} INFO - [2024-05-09T14:32:49.745+0700] {dag.py:3096} INFO - Sync 1 DAGs
[2024-05-09T14:32:49.752+0700] {logging_mixin.py:188} INFO - [2024-05-09T14:32:49.752+0700] {dag.py:3954} INFO - Setting next_dagrun for tutorial_taskflow_api_virtualenv to None, run_after=None
[2024-05-09T14:32:49.764+0700] {processor.py:183} INFO - Processing /Library/Frameworks/Python.framework/Versions/3.10/lib/python3.10/site-packages/airflow/example_dags/tutorial_taskflow_api_virtualenv.py took 0.245 seconds
[2024-05-09T14:34:44.223+0700] {processor.py:161} INFO - Started process (PID=70809) to work on /Library/Frameworks/Python.framework/Versions/3.10/lib/python3.10/site-packages/airflow/example_dags/tutorial_taskflow_api_virtualenv.py
[2024-05-09T14:34:44.225+0700] {processor.py:830} INFO - Processing file /Library/Frameworks/Python.framework/Versions/3.10/lib/python3.10/site-packages/airflow/example_dags/tutorial_taskflow_api_virtualenv.py for tasks to queue
[2024-05-09T14:34:44.226+0700] {logging_mixin.py:188} INFO - [2024-05-09T14:34:44.226+0700] {dagbag.py:540} INFO - Filling up the DagBag from /Library/Frameworks/Python.framework/Versions/3.10/lib/python3.10/site-packages/airflow/example_dags/tutorial_taskflow_api_virtualenv.py
[2024-05-09T14:34:44.266+0700] {processor.py:840} INFO - DAG(s) 'tutorial_taskflow_api_virtualenv' retrieved from /Library/Frameworks/Python.framework/Versions/3.10/lib/python3.10/site-packages/airflow/example_dags/tutorial_taskflow_api_virtualenv.py
[2024-05-09T14:34:44.443+0700] {logging_mixin.py:188} INFO - [2024-05-09T14:34:44.442+0700] {dag.py:3096} INFO - Sync 1 DAGs
[2024-05-09T14:34:44.449+0700] {logging_mixin.py:188} INFO - [2024-05-09T14:34:44.449+0700] {dag.py:3954} INFO - Setting next_dagrun for tutorial_taskflow_api_virtualenv to None, run_after=None
[2024-05-09T14:34:44.462+0700] {processor.py:183} INFO - Processing /Library/Frameworks/Python.framework/Versions/3.10/lib/python3.10/site-packages/airflow/example_dags/tutorial_taskflow_api_virtualenv.py took 0.241 seconds
[2024-05-09T14:36:20.451+0700] {processor.py:161} INFO - Started process (PID=71393) to work on /Library/Frameworks/Python.framework/Versions/3.10/lib/python3.10/site-packages/airflow/example_dags/tutorial_taskflow_api_virtualenv.py
[2024-05-09T14:36:20.452+0700] {processor.py:830} INFO - Processing file /Library/Frameworks/Python.framework/Versions/3.10/lib/python3.10/site-packages/airflow/example_dags/tutorial_taskflow_api_virtualenv.py for tasks to queue
[2024-05-09T14:36:20.452+0700] {logging_mixin.py:188} INFO - [2024-05-09T14:36:20.452+0700] {dagbag.py:540} INFO - Filling up the DagBag from /Library/Frameworks/Python.framework/Versions/3.10/lib/python3.10/site-packages/airflow/example_dags/tutorial_taskflow_api_virtualenv.py
[2024-05-09T14:36:20.504+0700] {processor.py:840} INFO - DAG(s) 'tutorial_taskflow_api_virtualenv' retrieved from /Library/Frameworks/Python.framework/Versions/3.10/lib/python3.10/site-packages/airflow/example_dags/tutorial_taskflow_api_virtualenv.py
[2024-05-09T14:36:20.830+0700] {logging_mixin.py:188} INFO - [2024-05-09T14:36:20.830+0700] {dag.py:3096} INFO - Sync 1 DAGs
[2024-05-09T14:36:20.845+0700] {logging_mixin.py:188} INFO - [2024-05-09T14:36:20.845+0700] {dag.py:3954} INFO - Setting next_dagrun for tutorial_taskflow_api_virtualenv to None, run_after=None
[2024-05-09T14:36:20.867+0700] {processor.py:183} INFO - Processing /Library/Frameworks/Python.framework/Versions/3.10/lib/python3.10/site-packages/airflow/example_dags/tutorial_taskflow_api_virtualenv.py took 0.419 seconds
[2024-05-09T14:37:53.056+0700] {processor.py:161} INFO - Started process (PID=72046) to work on /Library/Frameworks/Python.framework/Versions/3.10/lib/python3.10/site-packages/airflow/example_dags/tutorial_taskflow_api_virtualenv.py
[2024-05-09T14:37:53.058+0700] {processor.py:830} INFO - Processing file /Library/Frameworks/Python.framework/Versions/3.10/lib/python3.10/site-packages/airflow/example_dags/tutorial_taskflow_api_virtualenv.py for tasks to queue
[2024-05-09T14:37:53.058+0700] {logging_mixin.py:188} INFO - [2024-05-09T14:37:53.058+0700] {dagbag.py:540} INFO - Filling up the DagBag from /Library/Frameworks/Python.framework/Versions/3.10/lib/python3.10/site-packages/airflow/example_dags/tutorial_taskflow_api_virtualenv.py
[2024-05-09T14:37:53.129+0700] {processor.py:840} INFO - DAG(s) 'tutorial_taskflow_api_virtualenv' retrieved from /Library/Frameworks/Python.framework/Versions/3.10/lib/python3.10/site-packages/airflow/example_dags/tutorial_taskflow_api_virtualenv.py
[2024-05-09T14:37:53.498+0700] {logging_mixin.py:188} INFO - [2024-05-09T14:37:53.497+0700] {dag.py:3096} INFO - Sync 1 DAGs
[2024-05-09T14:37:53.513+0700] {logging_mixin.py:188} INFO - [2024-05-09T14:37:53.512+0700] {dag.py:3954} INFO - Setting next_dagrun for tutorial_taskflow_api_virtualenv to None, run_after=None
[2024-05-09T14:37:53.537+0700] {processor.py:183} INFO - Processing /Library/Frameworks/Python.framework/Versions/3.10/lib/python3.10/site-packages/airflow/example_dags/tutorial_taskflow_api_virtualenv.py took 0.484 seconds
[2024-05-09T14:39:31.254+0700] {processor.py:161} INFO - Started process (PID=72875) to work on /Library/Frameworks/Python.framework/Versions/3.10/lib/python3.10/site-packages/airflow/example_dags/tutorial_taskflow_api_virtualenv.py
[2024-05-09T14:39:31.254+0700] {processor.py:830} INFO - Processing file /Library/Frameworks/Python.framework/Versions/3.10/lib/python3.10/site-packages/airflow/example_dags/tutorial_taskflow_api_virtualenv.py for tasks to queue
[2024-05-09T14:39:31.255+0700] {logging_mixin.py:188} INFO - [2024-05-09T14:39:31.255+0700] {dagbag.py:540} INFO - Filling up the DagBag from /Library/Frameworks/Python.framework/Versions/3.10/lib/python3.10/site-packages/airflow/example_dags/tutorial_taskflow_api_virtualenv.py
[2024-05-09T14:39:31.289+0700] {processor.py:840} INFO - DAG(s) 'tutorial_taskflow_api_virtualenv' retrieved from /Library/Frameworks/Python.framework/Versions/3.10/lib/python3.10/site-packages/airflow/example_dags/tutorial_taskflow_api_virtualenv.py
[2024-05-09T14:39:31.467+0700] {logging_mixin.py:188} INFO - [2024-05-09T14:39:31.467+0700] {dag.py:3096} INFO - Sync 1 DAGs
[2024-05-09T14:39:31.474+0700] {logging_mixin.py:188} INFO - [2024-05-09T14:39:31.474+0700] {dag.py:3954} INFO - Setting next_dagrun for tutorial_taskflow_api_virtualenv to None, run_after=None
[2024-05-09T14:39:31.485+0700] {processor.py:183} INFO - Processing /Library/Frameworks/Python.framework/Versions/3.10/lib/python3.10/site-packages/airflow/example_dags/tutorial_taskflow_api_virtualenv.py took 0.233 seconds
[2024-05-09T14:41:42.417+0700] {processor.py:161} INFO - Started process (PID=76323) to work on /Library/Frameworks/Python.framework/Versions/3.10/lib/python3.10/site-packages/airflow/example_dags/tutorial_taskflow_api_virtualenv.py
[2024-05-09T14:41:42.419+0700] {processor.py:830} INFO - Processing file /Library/Frameworks/Python.framework/Versions/3.10/lib/python3.10/site-packages/airflow/example_dags/tutorial_taskflow_api_virtualenv.py for tasks to queue
[2024-05-09T14:41:42.420+0700] {logging_mixin.py:188} INFO - [2024-05-09T14:41:42.419+0700] {dagbag.py:540} INFO - Filling up the DagBag from /Library/Frameworks/Python.framework/Versions/3.10/lib/python3.10/site-packages/airflow/example_dags/tutorial_taskflow_api_virtualenv.py
[2024-05-09T14:41:42.492+0700] {processor.py:840} INFO - DAG(s) 'tutorial_taskflow_api_virtualenv' retrieved from /Library/Frameworks/Python.framework/Versions/3.10/lib/python3.10/site-packages/airflow/example_dags/tutorial_taskflow_api_virtualenv.py
[2024-05-09T14:41:42.848+0700] {logging_mixin.py:188} INFO - [2024-05-09T14:41:42.847+0700] {dag.py:3096} INFO - Sync 1 DAGs
[2024-05-09T14:41:42.862+0700] {logging_mixin.py:188} INFO - [2024-05-09T14:41:42.862+0700] {dag.py:3954} INFO - Setting next_dagrun for tutorial_taskflow_api_virtualenv to None, run_after=None
[2024-05-09T14:41:42.885+0700] {processor.py:183} INFO - Processing /Library/Frameworks/Python.framework/Versions/3.10/lib/python3.10/site-packages/airflow/example_dags/tutorial_taskflow_api_virtualenv.py took 0.472 seconds
[2024-05-09T14:43:33.846+0700] {processor.py:161} INFO - Started process (PID=77168) to work on /Library/Frameworks/Python.framework/Versions/3.10/lib/python3.10/site-packages/airflow/example_dags/tutorial_taskflow_api_virtualenv.py
[2024-05-09T14:43:33.846+0700] {processor.py:830} INFO - Processing file /Library/Frameworks/Python.framework/Versions/3.10/lib/python3.10/site-packages/airflow/example_dags/tutorial_taskflow_api_virtualenv.py for tasks to queue
[2024-05-09T14:43:33.847+0700] {logging_mixin.py:188} INFO - [2024-05-09T14:43:33.847+0700] {dagbag.py:540} INFO - Filling up the DagBag from /Library/Frameworks/Python.framework/Versions/3.10/lib/python3.10/site-packages/airflow/example_dags/tutorial_taskflow_api_virtualenv.py
[2024-05-09T14:43:33.873+0700] {processor.py:840} INFO - DAG(s) 'tutorial_taskflow_api_virtualenv' retrieved from /Library/Frameworks/Python.framework/Versions/3.10/lib/python3.10/site-packages/airflow/example_dags/tutorial_taskflow_api_virtualenv.py
[2024-05-09T14:43:33.887+0700] {logging_mixin.py:188} INFO - [2024-05-09T14:43:33.886+0700] {dag.py:3096} INFO - Sync 1 DAGs
[2024-05-09T14:43:33.973+0700] {logging_mixin.py:188} INFO - [2024-05-09T14:43:33.973+0700] {dag.py:3954} INFO - Setting next_dagrun for tutorial_taskflow_api_virtualenv to None, run_after=None
[2024-05-09T14:43:33.986+0700] {processor.py:183} INFO - Processing /Library/Frameworks/Python.framework/Versions/3.10/lib/python3.10/site-packages/airflow/example_dags/tutorial_taskflow_api_virtualenv.py took 0.142 seconds
[2024-05-09T14:43:41.715+0700] {processor.py:161} INFO - Started process (PID=77217) to work on /Library/Frameworks/Python.framework/Versions/3.10/lib/python3.10/site-packages/airflow/example_dags/tutorial_taskflow_api_virtualenv.py
[2024-05-09T14:43:41.716+0700] {processor.py:830} INFO - Processing file /Library/Frameworks/Python.framework/Versions/3.10/lib/python3.10/site-packages/airflow/example_dags/tutorial_taskflow_api_virtualenv.py for tasks to queue
[2024-05-09T14:43:41.716+0700] {logging_mixin.py:188} INFO - [2024-05-09T14:43:41.716+0700] {dagbag.py:540} INFO - Filling up the DagBag from /Library/Frameworks/Python.framework/Versions/3.10/lib/python3.10/site-packages/airflow/example_dags/tutorial_taskflow_api_virtualenv.py
[2024-05-09T14:43:41.739+0700] {processor.py:840} INFO - DAG(s) 'tutorial_taskflow_api_virtualenv' retrieved from /Library/Frameworks/Python.framework/Versions/3.10/lib/python3.10/site-packages/airflow/example_dags/tutorial_taskflow_api_virtualenv.py
[2024-05-09T14:43:41.900+0700] {logging_mixin.py:188} INFO - [2024-05-09T14:43:41.900+0700] {dag.py:3096} INFO - Sync 1 DAGs
[2024-05-09T14:43:41.906+0700] {logging_mixin.py:188} INFO - [2024-05-09T14:43:41.906+0700] {dag.py:3954} INFO - Setting next_dagrun for tutorial_taskflow_api_virtualenv to None, run_after=None
[2024-05-09T14:43:41.917+0700] {processor.py:183} INFO - Processing /Library/Frameworks/Python.framework/Versions/3.10/lib/python3.10/site-packages/airflow/example_dags/tutorial_taskflow_api_virtualenv.py took 0.203 seconds
[2024-05-09T14:45:35.165+0700] {processor.py:161} INFO - Started process (PID=77954) to work on /Library/Frameworks/Python.framework/Versions/3.10/lib/python3.10/site-packages/airflow/example_dags/tutorial_taskflow_api_virtualenv.py
[2024-05-09T14:45:35.166+0700] {processor.py:830} INFO - Processing file /Library/Frameworks/Python.framework/Versions/3.10/lib/python3.10/site-packages/airflow/example_dags/tutorial_taskflow_api_virtualenv.py for tasks to queue
[2024-05-09T14:45:35.167+0700] {logging_mixin.py:188} INFO - [2024-05-09T14:45:35.166+0700] {dagbag.py:540} INFO - Filling up the DagBag from /Library/Frameworks/Python.framework/Versions/3.10/lib/python3.10/site-packages/airflow/example_dags/tutorial_taskflow_api_virtualenv.py
[2024-05-09T14:45:35.208+0700] {processor.py:840} INFO - DAG(s) 'tutorial_taskflow_api_virtualenv' retrieved from /Library/Frameworks/Python.framework/Versions/3.10/lib/python3.10/site-packages/airflow/example_dags/tutorial_taskflow_api_virtualenv.py
[2024-05-09T14:45:35.389+0700] {logging_mixin.py:188} INFO - [2024-05-09T14:45:35.389+0700] {dag.py:3096} INFO - Sync 1 DAGs
[2024-05-09T14:45:35.396+0700] {logging_mixin.py:188} INFO - [2024-05-09T14:45:35.396+0700] {dag.py:3954} INFO - Setting next_dagrun for tutorial_taskflow_api_virtualenv to None, run_after=None
[2024-05-09T14:45:35.409+0700] {processor.py:183} INFO - Processing /Library/Frameworks/Python.framework/Versions/3.10/lib/python3.10/site-packages/airflow/example_dags/tutorial_taskflow_api_virtualenv.py took 0.246 seconds
[2024-05-09T14:47:25.199+0700] {processor.py:161} INFO - Started process (PID=78626) to work on /Library/Frameworks/Python.framework/Versions/3.10/lib/python3.10/site-packages/airflow/example_dags/tutorial_taskflow_api_virtualenv.py
[2024-05-09T14:47:25.203+0700] {processor.py:830} INFO - Processing file /Library/Frameworks/Python.framework/Versions/3.10/lib/python3.10/site-packages/airflow/example_dags/tutorial_taskflow_api_virtualenv.py for tasks to queue
[2024-05-09T14:47:25.204+0700] {logging_mixin.py:188} INFO - [2024-05-09T14:47:25.204+0700] {dagbag.py:540} INFO - Filling up the DagBag from /Library/Frameworks/Python.framework/Versions/3.10/lib/python3.10/site-packages/airflow/example_dags/tutorial_taskflow_api_virtualenv.py
[2024-05-09T14:47:25.250+0700] {processor.py:840} INFO - DAG(s) 'tutorial_taskflow_api_virtualenv' retrieved from /Library/Frameworks/Python.framework/Versions/3.10/lib/python3.10/site-packages/airflow/example_dags/tutorial_taskflow_api_virtualenv.py
[2024-05-09T14:47:25.274+0700] {logging_mixin.py:188} INFO - [2024-05-09T14:47:25.274+0700] {dag.py:3096} INFO - Sync 1 DAGs
[2024-05-09T14:47:25.360+0700] {logging_mixin.py:188} INFO - [2024-05-09T14:47:25.360+0700] {dag.py:3954} INFO - Setting next_dagrun for tutorial_taskflow_api_virtualenv to None, run_after=None
[2024-05-09T14:47:25.371+0700] {processor.py:183} INFO - Processing /Library/Frameworks/Python.framework/Versions/3.10/lib/python3.10/site-packages/airflow/example_dags/tutorial_taskflow_api_virtualenv.py took 0.180 seconds
[2024-05-09T14:49:13.065+0700] {processor.py:161} INFO - Started process (PID=79191) to work on /Library/Frameworks/Python.framework/Versions/3.10/lib/python3.10/site-packages/airflow/example_dags/tutorial_taskflow_api_virtualenv.py
[2024-05-09T14:49:13.066+0700] {processor.py:830} INFO - Processing file /Library/Frameworks/Python.framework/Versions/3.10/lib/python3.10/site-packages/airflow/example_dags/tutorial_taskflow_api_virtualenv.py for tasks to queue
[2024-05-09T14:49:13.067+0700] {logging_mixin.py:188} INFO - [2024-05-09T14:49:13.067+0700] {dagbag.py:540} INFO - Filling up the DagBag from /Library/Frameworks/Python.framework/Versions/3.10/lib/python3.10/site-packages/airflow/example_dags/tutorial_taskflow_api_virtualenv.py
[2024-05-09T14:49:13.104+0700] {processor.py:840} INFO - DAG(s) 'tutorial_taskflow_api_virtualenv' retrieved from /Library/Frameworks/Python.framework/Versions/3.10/lib/python3.10/site-packages/airflow/example_dags/tutorial_taskflow_api_virtualenv.py
[2024-05-09T14:49:13.272+0700] {logging_mixin.py:188} INFO - [2024-05-09T14:49:13.272+0700] {dag.py:3096} INFO - Sync 1 DAGs
[2024-05-09T14:49:13.278+0700] {logging_mixin.py:188} INFO - [2024-05-09T14:49:13.278+0700] {dag.py:3954} INFO - Setting next_dagrun for tutorial_taskflow_api_virtualenv to None, run_after=None
[2024-05-09T14:49:13.290+0700] {processor.py:183} INFO - Processing /Library/Frameworks/Python.framework/Versions/3.10/lib/python3.10/site-packages/airflow/example_dags/tutorial_taskflow_api_virtualenv.py took 0.227 seconds
[2024-05-09T14:50:54.037+0700] {processor.py:161} INFO - Started process (PID=79782) to work on /Library/Frameworks/Python.framework/Versions/3.10/lib/python3.10/site-packages/airflow/example_dags/tutorial_taskflow_api_virtualenv.py
[2024-05-09T14:50:54.038+0700] {processor.py:830} INFO - Processing file /Library/Frameworks/Python.framework/Versions/3.10/lib/python3.10/site-packages/airflow/example_dags/tutorial_taskflow_api_virtualenv.py for tasks to queue
[2024-05-09T14:50:54.039+0700] {logging_mixin.py:188} INFO - [2024-05-09T14:50:54.039+0700] {dagbag.py:540} INFO - Filling up the DagBag from /Library/Frameworks/Python.framework/Versions/3.10/lib/python3.10/site-packages/airflow/example_dags/tutorial_taskflow_api_virtualenv.py
[2024-05-09T14:50:54.071+0700] {processor.py:840} INFO - DAG(s) 'tutorial_taskflow_api_virtualenv' retrieved from /Library/Frameworks/Python.framework/Versions/3.10/lib/python3.10/site-packages/airflow/example_dags/tutorial_taskflow_api_virtualenv.py
[2024-05-09T14:50:54.379+0700] {logging_mixin.py:188} INFO - [2024-05-09T14:50:54.378+0700] {dag.py:3096} INFO - Sync 1 DAGs
[2024-05-09T14:50:54.387+0700] {logging_mixin.py:188} INFO - [2024-05-09T14:50:54.387+0700] {dag.py:3954} INFO - Setting next_dagrun for tutorial_taskflow_api_virtualenv to None, run_after=None
[2024-05-09T14:50:55.730+0700] {processor.py:183} INFO - Processing /Library/Frameworks/Python.framework/Versions/3.10/lib/python3.10/site-packages/airflow/example_dags/tutorial_taskflow_api_virtualenv.py took 1.717 seconds
[2024-05-09T14:53:02.623+0700] {processor.py:161} INFO - Started process (PID=80607) to work on /Library/Frameworks/Python.framework/Versions/3.10/lib/python3.10/site-packages/airflow/example_dags/tutorial_taskflow_api_virtualenv.py
[2024-05-09T14:53:02.624+0700] {processor.py:830} INFO - Processing file /Library/Frameworks/Python.framework/Versions/3.10/lib/python3.10/site-packages/airflow/example_dags/tutorial_taskflow_api_virtualenv.py for tasks to queue
[2024-05-09T14:53:02.625+0700] {logging_mixin.py:188} INFO - [2024-05-09T14:53:02.625+0700] {dagbag.py:540} INFO - Filling up the DagBag from /Library/Frameworks/Python.framework/Versions/3.10/lib/python3.10/site-packages/airflow/example_dags/tutorial_taskflow_api_virtualenv.py
[2024-05-09T14:53:02.691+0700] {processor.py:840} INFO - DAG(s) 'tutorial_taskflow_api_virtualenv' retrieved from /Library/Frameworks/Python.framework/Versions/3.10/lib/python3.10/site-packages/airflow/example_dags/tutorial_taskflow_api_virtualenv.py
[2024-05-09T14:53:02.728+0700] {logging_mixin.py:188} INFO - [2024-05-09T14:53:02.728+0700] {dag.py:3096} INFO - Sync 1 DAGs
[2024-05-09T14:53:02.868+0700] {logging_mixin.py:188} INFO - [2024-05-09T14:53:02.868+0700] {dag.py:3954} INFO - Setting next_dagrun for tutorial_taskflow_api_virtualenv to None, run_after=None
[2024-05-09T14:53:02.885+0700] {processor.py:183} INFO - Processing /Library/Frameworks/Python.framework/Versions/3.10/lib/python3.10/site-packages/airflow/example_dags/tutorial_taskflow_api_virtualenv.py took 0.266 seconds
[2024-05-09T14:54:38.942+0700] {processor.py:161} INFO - Started process (PID=81186) to work on /Library/Frameworks/Python.framework/Versions/3.10/lib/python3.10/site-packages/airflow/example_dags/tutorial_taskflow_api_virtualenv.py
[2024-05-09T14:54:38.943+0700] {processor.py:830} INFO - Processing file /Library/Frameworks/Python.framework/Versions/3.10/lib/python3.10/site-packages/airflow/example_dags/tutorial_taskflow_api_virtualenv.py for tasks to queue
[2024-05-09T14:54:38.943+0700] {logging_mixin.py:188} INFO - [2024-05-09T14:54:38.943+0700] {dagbag.py:540} INFO - Filling up the DagBag from /Library/Frameworks/Python.framework/Versions/3.10/lib/python3.10/site-packages/airflow/example_dags/tutorial_taskflow_api_virtualenv.py
[2024-05-09T14:54:38.978+0700] {processor.py:840} INFO - DAG(s) 'tutorial_taskflow_api_virtualenv' retrieved from /Library/Frameworks/Python.framework/Versions/3.10/lib/python3.10/site-packages/airflow/example_dags/tutorial_taskflow_api_virtualenv.py
[2024-05-09T14:54:39.158+0700] {logging_mixin.py:188} INFO - [2024-05-09T14:54:39.158+0700] {dag.py:3096} INFO - Sync 1 DAGs
[2024-05-09T14:54:39.164+0700] {logging_mixin.py:188} INFO - [2024-05-09T14:54:39.164+0700] {dag.py:3954} INFO - Setting next_dagrun for tutorial_taskflow_api_virtualenv to None, run_after=None
[2024-05-09T14:54:39.178+0700] {processor.py:183} INFO - Processing /Library/Frameworks/Python.framework/Versions/3.10/lib/python3.10/site-packages/airflow/example_dags/tutorial_taskflow_api_virtualenv.py took 0.238 seconds
[2024-05-09T14:56:04.719+0700] {processor.py:161} INFO - Started process (PID=81738) to work on /Library/Frameworks/Python.framework/Versions/3.10/lib/python3.10/site-packages/airflow/example_dags/tutorial_taskflow_api_virtualenv.py
[2024-05-09T14:56:04.720+0700] {processor.py:830} INFO - Processing file /Library/Frameworks/Python.framework/Versions/3.10/lib/python3.10/site-packages/airflow/example_dags/tutorial_taskflow_api_virtualenv.py for tasks to queue
[2024-05-09T14:56:04.721+0700] {logging_mixin.py:188} INFO - [2024-05-09T14:56:04.721+0700] {dagbag.py:540} INFO - Filling up the DagBag from /Library/Frameworks/Python.framework/Versions/3.10/lib/python3.10/site-packages/airflow/example_dags/tutorial_taskflow_api_virtualenv.py
[2024-05-09T14:56:04.812+0700] {processor.py:840} INFO - DAG(s) 'tutorial_taskflow_api_virtualenv' retrieved from /Library/Frameworks/Python.framework/Versions/3.10/lib/python3.10/site-packages/airflow/example_dags/tutorial_taskflow_api_virtualenv.py
[2024-05-09T14:56:05.125+0700] {logging_mixin.py:188} INFO - [2024-05-09T14:56:05.124+0700] {dag.py:3096} INFO - Sync 1 DAGs
[2024-05-09T14:56:05.133+0700] {logging_mixin.py:188} INFO - [2024-05-09T14:56:05.133+0700] {dag.py:3954} INFO - Setting next_dagrun for tutorial_taskflow_api_virtualenv to None, run_after=None
[2024-05-09T14:56:05.153+0700] {processor.py:183} INFO - Processing /Library/Frameworks/Python.framework/Versions/3.10/lib/python3.10/site-packages/airflow/example_dags/tutorial_taskflow_api_virtualenv.py took 0.450 seconds
[2024-05-09T14:56:52.963+0700] {processor.py:161} INFO - Started process (PID=82158) to work on /Library/Frameworks/Python.framework/Versions/3.10/lib/python3.10/site-packages/airflow/example_dags/tutorial_taskflow_api_virtualenv.py
[2024-05-09T14:56:52.964+0700] {processor.py:830} INFO - Processing file /Library/Frameworks/Python.framework/Versions/3.10/lib/python3.10/site-packages/airflow/example_dags/tutorial_taskflow_api_virtualenv.py for tasks to queue
[2024-05-09T14:56:52.964+0700] {logging_mixin.py:188} INFO - [2024-05-09T14:56:52.964+0700] {dagbag.py:540} INFO - Filling up the DagBag from /Library/Frameworks/Python.framework/Versions/3.10/lib/python3.10/site-packages/airflow/example_dags/tutorial_taskflow_api_virtualenv.py
[2024-05-09T14:56:52.989+0700] {processor.py:840} INFO - DAG(s) 'tutorial_taskflow_api_virtualenv' retrieved from /Library/Frameworks/Python.framework/Versions/3.10/lib/python3.10/site-packages/airflow/example_dags/tutorial_taskflow_api_virtualenv.py
[2024-05-09T14:56:53.001+0700] {logging_mixin.py:188} INFO - [2024-05-09T14:56:53.001+0700] {dag.py:3096} INFO - Sync 1 DAGs
[2024-05-09T14:56:53.084+0700] {logging_mixin.py:188} INFO - [2024-05-09T14:56:53.084+0700] {dag.py:3954} INFO - Setting next_dagrun for tutorial_taskflow_api_virtualenv to None, run_after=None
[2024-05-09T14:56:53.098+0700] {processor.py:183} INFO - Processing /Library/Frameworks/Python.framework/Versions/3.10/lib/python3.10/site-packages/airflow/example_dags/tutorial_taskflow_api_virtualenv.py took 0.137 seconds
[2024-05-09T14:57:37.219+0700] {processor.py:161} INFO - Started process (PID=82440) to work on /Library/Frameworks/Python.framework/Versions/3.10/lib/python3.10/site-packages/airflow/example_dags/tutorial_taskflow_api_virtualenv.py
[2024-05-09T14:57:37.220+0700] {processor.py:830} INFO - Processing file /Library/Frameworks/Python.framework/Versions/3.10/lib/python3.10/site-packages/airflow/example_dags/tutorial_taskflow_api_virtualenv.py for tasks to queue
[2024-05-09T14:57:37.220+0700] {logging_mixin.py:188} INFO - [2024-05-09T14:57:37.220+0700] {dagbag.py:540} INFO - Filling up the DagBag from /Library/Frameworks/Python.framework/Versions/3.10/lib/python3.10/site-packages/airflow/example_dags/tutorial_taskflow_api_virtualenv.py
[2024-05-09T14:57:37.251+0700] {processor.py:840} INFO - DAG(s) 'tutorial_taskflow_api_virtualenv' retrieved from /Library/Frameworks/Python.framework/Versions/3.10/lib/python3.10/site-packages/airflow/example_dags/tutorial_taskflow_api_virtualenv.py
[2024-05-09T14:57:37.419+0700] {logging_mixin.py:188} INFO - [2024-05-09T14:57:37.419+0700] {dag.py:3096} INFO - Sync 1 DAGs
[2024-05-09T14:57:37.426+0700] {logging_mixin.py:188} INFO - [2024-05-09T14:57:37.426+0700] {dag.py:3954} INFO - Setting next_dagrun for tutorial_taskflow_api_virtualenv to None, run_after=None
[2024-05-09T14:57:37.437+0700] {processor.py:183} INFO - Processing /Library/Frameworks/Python.framework/Versions/3.10/lib/python3.10/site-packages/airflow/example_dags/tutorial_taskflow_api_virtualenv.py took 0.220 seconds
[2024-05-09T14:59:07.477+0700] {processor.py:161} INFO - Started process (PID=82977) to work on /Library/Frameworks/Python.framework/Versions/3.10/lib/python3.10/site-packages/airflow/example_dags/tutorial_taskflow_api_virtualenv.py
[2024-05-09T14:59:07.480+0700] {processor.py:830} INFO - Processing file /Library/Frameworks/Python.framework/Versions/3.10/lib/python3.10/site-packages/airflow/example_dags/tutorial_taskflow_api_virtualenv.py for tasks to queue
[2024-05-09T14:59:07.482+0700] {logging_mixin.py:188} INFO - [2024-05-09T14:59:07.482+0700] {dagbag.py:540} INFO - Filling up the DagBag from /Library/Frameworks/Python.framework/Versions/3.10/lib/python3.10/site-packages/airflow/example_dags/tutorial_taskflow_api_virtualenv.py
[2024-05-09T14:59:07.593+0700] {processor.py:840} INFO - DAG(s) 'tutorial_taskflow_api_virtualenv' retrieved from /Library/Frameworks/Python.framework/Versions/3.10/lib/python3.10/site-packages/airflow/example_dags/tutorial_taskflow_api_virtualenv.py
[2024-05-09T14:59:08.351+0700] {logging_mixin.py:188} INFO - [2024-05-09T14:59:08.350+0700] {dag.py:3096} INFO - Sync 1 DAGs
[2024-05-09T14:59:08.369+0700] {logging_mixin.py:188} INFO - [2024-05-09T14:59:08.368+0700] {dag.py:3954} INFO - Setting next_dagrun for tutorial_taskflow_api_virtualenv to None, run_after=None
[2024-05-09T14:59:08.403+0700] {processor.py:183} INFO - Processing /Library/Frameworks/Python.framework/Versions/3.10/lib/python3.10/site-packages/airflow/example_dags/tutorial_taskflow_api_virtualenv.py took 0.943 seconds
[2024-05-09T15:00:38.020+0700] {processor.py:161} INFO - Started process (PID=83420) to work on /Library/Frameworks/Python.framework/Versions/3.10/lib/python3.10/site-packages/airflow/example_dags/tutorial_taskflow_api_virtualenv.py
[2024-05-09T15:00:38.021+0700] {processor.py:830} INFO - Processing file /Library/Frameworks/Python.framework/Versions/3.10/lib/python3.10/site-packages/airflow/example_dags/tutorial_taskflow_api_virtualenv.py for tasks to queue
[2024-05-09T15:00:38.021+0700] {logging_mixin.py:188} INFO - [2024-05-09T15:00:38.021+0700] {dagbag.py:540} INFO - Filling up the DagBag from /Library/Frameworks/Python.framework/Versions/3.10/lib/python3.10/site-packages/airflow/example_dags/tutorial_taskflow_api_virtualenv.py
[2024-05-09T15:00:38.059+0700] {processor.py:840} INFO - DAG(s) 'tutorial_taskflow_api_virtualenv' retrieved from /Library/Frameworks/Python.framework/Versions/3.10/lib/python3.10/site-packages/airflow/example_dags/tutorial_taskflow_api_virtualenv.py
[2024-05-09T15:00:38.282+0700] {logging_mixin.py:188} INFO - [2024-05-09T15:00:38.282+0700] {dag.py:3096} INFO - Sync 1 DAGs
[2024-05-09T15:00:38.290+0700] {logging_mixin.py:188} INFO - [2024-05-09T15:00:38.290+0700] {dag.py:3954} INFO - Setting next_dagrun for tutorial_taskflow_api_virtualenv to None, run_after=None
[2024-05-09T15:00:38.305+0700] {processor.py:183} INFO - Processing /Library/Frameworks/Python.framework/Versions/3.10/lib/python3.10/site-packages/airflow/example_dags/tutorial_taskflow_api_virtualenv.py took 0.287 seconds
[2024-05-09T15:02:11.771+0700] {processor.py:161} INFO - Started process (PID=83965) to work on /Library/Frameworks/Python.framework/Versions/3.10/lib/python3.10/site-packages/airflow/example_dags/tutorial_taskflow_api_virtualenv.py
[2024-05-09T15:02:11.772+0700] {processor.py:830} INFO - Processing file /Library/Frameworks/Python.framework/Versions/3.10/lib/python3.10/site-packages/airflow/example_dags/tutorial_taskflow_api_virtualenv.py for tasks to queue
[2024-05-09T15:02:11.773+0700] {logging_mixin.py:188} INFO - [2024-05-09T15:02:11.772+0700] {dagbag.py:540} INFO - Filling up the DagBag from /Library/Frameworks/Python.framework/Versions/3.10/lib/python3.10/site-packages/airflow/example_dags/tutorial_taskflow_api_virtualenv.py
[2024-05-09T15:02:11.804+0700] {processor.py:840} INFO - DAG(s) 'tutorial_taskflow_api_virtualenv' retrieved from /Library/Frameworks/Python.framework/Versions/3.10/lib/python3.10/site-packages/airflow/example_dags/tutorial_taskflow_api_virtualenv.py
[2024-05-09T15:02:11.972+0700] {logging_mixin.py:188} INFO - [2024-05-09T15:02:11.972+0700] {dag.py:3096} INFO - Sync 1 DAGs
[2024-05-09T15:02:11.978+0700] {logging_mixin.py:188} INFO - [2024-05-09T15:02:11.978+0700] {dag.py:3954} INFO - Setting next_dagrun for tutorial_taskflow_api_virtualenv to None, run_after=None
[2024-05-09T15:02:11.990+0700] {processor.py:183} INFO - Processing /Library/Frameworks/Python.framework/Versions/3.10/lib/python3.10/site-packages/airflow/example_dags/tutorial_taskflow_api_virtualenv.py took 0.221 seconds
[2024-05-09T15:03:50.494+0700] {processor.py:161} INFO - Started process (PID=84570) to work on /Library/Frameworks/Python.framework/Versions/3.10/lib/python3.10/site-packages/airflow/example_dags/tutorial_taskflow_api_virtualenv.py
[2024-05-09T15:03:50.495+0700] {processor.py:830} INFO - Processing file /Library/Frameworks/Python.framework/Versions/3.10/lib/python3.10/site-packages/airflow/example_dags/tutorial_taskflow_api_virtualenv.py for tasks to queue
[2024-05-09T15:03:50.496+0700] {logging_mixin.py:188} INFO - [2024-05-09T15:03:50.496+0700] {dagbag.py:540} INFO - Filling up the DagBag from /Library/Frameworks/Python.framework/Versions/3.10/lib/python3.10/site-packages/airflow/example_dags/tutorial_taskflow_api_virtualenv.py
[2024-05-09T15:03:50.535+0700] {processor.py:840} INFO - DAG(s) 'tutorial_taskflow_api_virtualenv' retrieved from /Library/Frameworks/Python.framework/Versions/3.10/lib/python3.10/site-packages/airflow/example_dags/tutorial_taskflow_api_virtualenv.py
[2024-05-09T15:03:50.731+0700] {logging_mixin.py:188} INFO - [2024-05-09T15:03:50.731+0700] {dag.py:3096} INFO - Sync 1 DAGs
[2024-05-09T15:03:50.738+0700] {logging_mixin.py:188} INFO - [2024-05-09T15:03:50.738+0700] {dag.py:3954} INFO - Setting next_dagrun for tutorial_taskflow_api_virtualenv to None, run_after=None
[2024-05-09T15:03:50.751+0700] {processor.py:183} INFO - Processing /Library/Frameworks/Python.framework/Versions/3.10/lib/python3.10/site-packages/airflow/example_dags/tutorial_taskflow_api_virtualenv.py took 0.260 seconds
[2024-05-09T15:05:30.612+0700] {processor.py:161} INFO - Started process (PID=85272) to work on /Library/Frameworks/Python.framework/Versions/3.10/lib/python3.10/site-packages/airflow/example_dags/tutorial_taskflow_api_virtualenv.py
[2024-05-09T15:05:30.613+0700] {processor.py:830} INFO - Processing file /Library/Frameworks/Python.framework/Versions/3.10/lib/python3.10/site-packages/airflow/example_dags/tutorial_taskflow_api_virtualenv.py for tasks to queue
[2024-05-09T15:05:30.614+0700] {logging_mixin.py:188} INFO - [2024-05-09T15:05:30.614+0700] {dagbag.py:540} INFO - Filling up the DagBag from /Library/Frameworks/Python.framework/Versions/3.10/lib/python3.10/site-packages/airflow/example_dags/tutorial_taskflow_api_virtualenv.py
[2024-05-09T15:05:30.759+0700] {processor.py:840} INFO - DAG(s) 'tutorial_taskflow_api_virtualenv' retrieved from /Library/Frameworks/Python.framework/Versions/3.10/lib/python3.10/site-packages/airflow/example_dags/tutorial_taskflow_api_virtualenv.py
[2024-05-09T15:05:31.086+0700] {logging_mixin.py:188} INFO - [2024-05-09T15:05:31.086+0700] {dag.py:3096} INFO - Sync 1 DAGs
[2024-05-09T15:05:31.103+0700] {logging_mixin.py:188} INFO - [2024-05-09T15:05:31.102+0700] {dag.py:3954} INFO - Setting next_dagrun for tutorial_taskflow_api_virtualenv to None, run_after=None
[2024-05-09T15:05:31.129+0700] {processor.py:183} INFO - Processing /Library/Frameworks/Python.framework/Versions/3.10/lib/python3.10/site-packages/airflow/example_dags/tutorial_taskflow_api_virtualenv.py took 0.521 seconds
[2024-05-09T15:09:29.975+0700] {processor.py:161} INFO - Started process (PID=86423) to work on /Library/Frameworks/Python.framework/Versions/3.10/lib/python3.10/site-packages/airflow/example_dags/tutorial_taskflow_api_virtualenv.py
[2024-05-09T15:09:29.978+0700] {processor.py:830} INFO - Processing file /Library/Frameworks/Python.framework/Versions/3.10/lib/python3.10/site-packages/airflow/example_dags/tutorial_taskflow_api_virtualenv.py for tasks to queue
[2024-05-09T15:09:29.979+0700] {logging_mixin.py:188} INFO - [2024-05-09T15:09:29.979+0700] {dagbag.py:540} INFO - Filling up the DagBag from /Library/Frameworks/Python.framework/Versions/3.10/lib/python3.10/site-packages/airflow/example_dags/tutorial_taskflow_api_virtualenv.py
[2024-05-09T15:09:30.090+0700] {processor.py:840} INFO - DAG(s) 'tutorial_taskflow_api_virtualenv' retrieved from /Library/Frameworks/Python.framework/Versions/3.10/lib/python3.10/site-packages/airflow/example_dags/tutorial_taskflow_api_virtualenv.py
[2024-05-09T15:09:30.487+0700] {logging_mixin.py:188} INFO - [2024-05-09T15:09:30.486+0700] {dag.py:3096} INFO - Sync 1 DAGs
[2024-05-09T15:09:30.500+0700] {logging_mixin.py:188} INFO - [2024-05-09T15:09:30.499+0700] {dag.py:3954} INFO - Setting next_dagrun for tutorial_taskflow_api_virtualenv to None, run_after=None
[2024-05-09T15:09:30.524+0700] {processor.py:183} INFO - Processing /Library/Frameworks/Python.framework/Versions/3.10/lib/python3.10/site-packages/airflow/example_dags/tutorial_taskflow_api_virtualenv.py took 0.559 seconds
[2024-05-09T15:11:59.255+0700] {processor.py:161} INFO - Started process (PID=87556) to work on /Library/Frameworks/Python.framework/Versions/3.10/lib/python3.10/site-packages/airflow/example_dags/tutorial_taskflow_api_virtualenv.py
[2024-05-09T15:11:59.256+0700] {processor.py:830} INFO - Processing file /Library/Frameworks/Python.framework/Versions/3.10/lib/python3.10/site-packages/airflow/example_dags/tutorial_taskflow_api_virtualenv.py for tasks to queue
[2024-05-09T15:11:59.256+0700] {logging_mixin.py:188} INFO - [2024-05-09T15:11:59.256+0700] {dagbag.py:540} INFO - Filling up the DagBag from /Library/Frameworks/Python.framework/Versions/3.10/lib/python3.10/site-packages/airflow/example_dags/tutorial_taskflow_api_virtualenv.py
[2024-05-09T15:11:59.288+0700] {processor.py:840} INFO - DAG(s) 'tutorial_taskflow_api_virtualenv' retrieved from /Library/Frameworks/Python.framework/Versions/3.10/lib/python3.10/site-packages/airflow/example_dags/tutorial_taskflow_api_virtualenv.py
[2024-05-09T15:11:59.454+0700] {logging_mixin.py:188} INFO - [2024-05-09T15:11:59.454+0700] {dag.py:3096} INFO - Sync 1 DAGs
[2024-05-09T15:11:59.461+0700] {logging_mixin.py:188} INFO - [2024-05-09T15:11:59.460+0700] {dag.py:3954} INFO - Setting next_dagrun for tutorial_taskflow_api_virtualenv to None, run_after=None
[2024-05-09T15:11:59.473+0700] {processor.py:183} INFO - Processing /Library/Frameworks/Python.framework/Versions/3.10/lib/python3.10/site-packages/airflow/example_dags/tutorial_taskflow_api_virtualenv.py took 0.220 seconds
[2024-05-09T15:13:56.804+0700] {processor.py:161} INFO - Started process (PID=88382) to work on /Library/Frameworks/Python.framework/Versions/3.10/lib/python3.10/site-packages/airflow/example_dags/tutorial_taskflow_api_virtualenv.py
[2024-05-09T15:13:56.805+0700] {processor.py:830} INFO - Processing file /Library/Frameworks/Python.framework/Versions/3.10/lib/python3.10/site-packages/airflow/example_dags/tutorial_taskflow_api_virtualenv.py for tasks to queue
[2024-05-09T15:13:56.806+0700] {logging_mixin.py:188} INFO - [2024-05-09T15:13:56.805+0700] {dagbag.py:540} INFO - Filling up the DagBag from /Library/Frameworks/Python.framework/Versions/3.10/lib/python3.10/site-packages/airflow/example_dags/tutorial_taskflow_api_virtualenv.py
[2024-05-09T15:13:56.966+0700] {processor.py:840} INFO - DAG(s) 'tutorial_taskflow_api_virtualenv' retrieved from /Library/Frameworks/Python.framework/Versions/3.10/lib/python3.10/site-packages/airflow/example_dags/tutorial_taskflow_api_virtualenv.py
[2024-05-09T15:13:57.497+0700] {logging_mixin.py:188} INFO - [2024-05-09T15:13:57.496+0700] {dag.py:3096} INFO - Sync 1 DAGs
[2024-05-09T15:13:57.503+0700] {logging_mixin.py:188} INFO - [2024-05-09T15:13:57.503+0700] {dag.py:3954} INFO - Setting next_dagrun for tutorial_taskflow_api_virtualenv to None, run_after=None
[2024-05-09T15:13:57.516+0700] {processor.py:183} INFO - Processing /Library/Frameworks/Python.framework/Versions/3.10/lib/python3.10/site-packages/airflow/example_dags/tutorial_taskflow_api_virtualenv.py took 0.714 seconds
[2024-05-09T15:15:33.585+0700] {processor.py:161} INFO - Started process (PID=88985) to work on /Library/Frameworks/Python.framework/Versions/3.10/lib/python3.10/site-packages/airflow/example_dags/tutorial_taskflow_api_virtualenv.py
[2024-05-09T15:15:33.586+0700] {processor.py:830} INFO - Processing file /Library/Frameworks/Python.framework/Versions/3.10/lib/python3.10/site-packages/airflow/example_dags/tutorial_taskflow_api_virtualenv.py for tasks to queue
[2024-05-09T15:15:33.587+0700] {logging_mixin.py:188} INFO - [2024-05-09T15:15:33.587+0700] {dagbag.py:540} INFO - Filling up the DagBag from /Library/Frameworks/Python.framework/Versions/3.10/lib/python3.10/site-packages/airflow/example_dags/tutorial_taskflow_api_virtualenv.py
[2024-05-09T15:15:33.626+0700] {processor.py:840} INFO - DAG(s) 'tutorial_taskflow_api_virtualenv' retrieved from /Library/Frameworks/Python.framework/Versions/3.10/lib/python3.10/site-packages/airflow/example_dags/tutorial_taskflow_api_virtualenv.py
[2024-05-09T15:15:33.846+0700] {logging_mixin.py:188} INFO - [2024-05-09T15:15:33.846+0700] {dag.py:3096} INFO - Sync 1 DAGs
[2024-05-09T15:15:33.854+0700] {logging_mixin.py:188} INFO - [2024-05-09T15:15:33.853+0700] {dag.py:3954} INFO - Setting next_dagrun for tutorial_taskflow_api_virtualenv to None, run_after=None
[2024-05-09T15:15:33.865+0700] {processor.py:183} INFO - Processing /Library/Frameworks/Python.framework/Versions/3.10/lib/python3.10/site-packages/airflow/example_dags/tutorial_taskflow_api_virtualenv.py took 0.282 seconds
[2024-05-09T15:17:09.264+0700] {processor.py:161} INFO - Started process (PID=90083) to work on /Library/Frameworks/Python.framework/Versions/3.10/lib/python3.10/site-packages/airflow/example_dags/tutorial_taskflow_api_virtualenv.py
[2024-05-09T15:17:09.265+0700] {processor.py:830} INFO - Processing file /Library/Frameworks/Python.framework/Versions/3.10/lib/python3.10/site-packages/airflow/example_dags/tutorial_taskflow_api_virtualenv.py for tasks to queue
[2024-05-09T15:17:09.266+0700] {logging_mixin.py:188} INFO - [2024-05-09T15:17:09.266+0700] {dagbag.py:540} INFO - Filling up the DagBag from /Library/Frameworks/Python.framework/Versions/3.10/lib/python3.10/site-packages/airflow/example_dags/tutorial_taskflow_api_virtualenv.py
[2024-05-09T15:17:09.326+0700] {processor.py:840} INFO - DAG(s) 'tutorial_taskflow_api_virtualenv' retrieved from /Library/Frameworks/Python.framework/Versions/3.10/lib/python3.10/site-packages/airflow/example_dags/tutorial_taskflow_api_virtualenv.py
[2024-05-09T15:17:09.824+0700] {logging_mixin.py:188} INFO - [2024-05-09T15:17:09.822+0700] {dag.py:3096} INFO - Sync 1 DAGs
[2024-05-09T15:17:09.841+0700] {logging_mixin.py:188} INFO - [2024-05-09T15:17:09.841+0700] {dag.py:3954} INFO - Setting next_dagrun for tutorial_taskflow_api_virtualenv to None, run_after=None
[2024-05-09T15:17:09.871+0700] {processor.py:183} INFO - Processing /Library/Frameworks/Python.framework/Versions/3.10/lib/python3.10/site-packages/airflow/example_dags/tutorial_taskflow_api_virtualenv.py took 0.610 seconds
[2024-05-09T15:18:37.723+0700] {processor.py:161} INFO - Started process (PID=90649) to work on /Library/Frameworks/Python.framework/Versions/3.10/lib/python3.10/site-packages/airflow/example_dags/tutorial_taskflow_api_virtualenv.py
[2024-05-09T15:18:37.724+0700] {processor.py:830} INFO - Processing file /Library/Frameworks/Python.framework/Versions/3.10/lib/python3.10/site-packages/airflow/example_dags/tutorial_taskflow_api_virtualenv.py for tasks to queue
[2024-05-09T15:18:37.725+0700] {logging_mixin.py:188} INFO - [2024-05-09T15:18:37.725+0700] {dagbag.py:540} INFO - Filling up the DagBag from /Library/Frameworks/Python.framework/Versions/3.10/lib/python3.10/site-packages/airflow/example_dags/tutorial_taskflow_api_virtualenv.py
[2024-05-09T15:18:37.766+0700] {processor.py:840} INFO - DAG(s) 'tutorial_taskflow_api_virtualenv' retrieved from /Library/Frameworks/Python.framework/Versions/3.10/lib/python3.10/site-packages/airflow/example_dags/tutorial_taskflow_api_virtualenv.py
[2024-05-09T15:18:37.957+0700] {logging_mixin.py:188} INFO - [2024-05-09T15:18:37.957+0700] {dag.py:3096} INFO - Sync 1 DAGs
[2024-05-09T15:18:37.963+0700] {logging_mixin.py:188} INFO - [2024-05-09T15:18:37.963+0700] {dag.py:3954} INFO - Setting next_dagrun for tutorial_taskflow_api_virtualenv to None, run_after=None
[2024-05-09T15:18:37.974+0700] {processor.py:183} INFO - Processing /Library/Frameworks/Python.framework/Versions/3.10/lib/python3.10/site-packages/airflow/example_dags/tutorial_taskflow_api_virtualenv.py took 0.253 seconds
[2024-05-09T15:20:19.553+0700] {processor.py:161} INFO - Started process (PID=91377) to work on /Library/Frameworks/Python.framework/Versions/3.10/lib/python3.10/site-packages/airflow/example_dags/tutorial_taskflow_api_virtualenv.py
[2024-05-09T15:20:19.554+0700] {processor.py:830} INFO - Processing file /Library/Frameworks/Python.framework/Versions/3.10/lib/python3.10/site-packages/airflow/example_dags/tutorial_taskflow_api_virtualenv.py for tasks to queue
[2024-05-09T15:20:19.554+0700] {logging_mixin.py:188} INFO - [2024-05-09T15:20:19.554+0700] {dagbag.py:540} INFO - Filling up the DagBag from /Library/Frameworks/Python.framework/Versions/3.10/lib/python3.10/site-packages/airflow/example_dags/tutorial_taskflow_api_virtualenv.py
[2024-05-09T15:20:19.590+0700] {processor.py:840} INFO - DAG(s) 'tutorial_taskflow_api_virtualenv' retrieved from /Library/Frameworks/Python.framework/Versions/3.10/lib/python3.10/site-packages/airflow/example_dags/tutorial_taskflow_api_virtualenv.py
[2024-05-09T15:20:19.793+0700] {logging_mixin.py:188} INFO - [2024-05-09T15:20:19.793+0700] {dag.py:3096} INFO - Sync 1 DAGs
[2024-05-09T15:20:19.800+0700] {logging_mixin.py:188} INFO - [2024-05-09T15:20:19.799+0700] {dag.py:3954} INFO - Setting next_dagrun for tutorial_taskflow_api_virtualenv to None, run_after=None
[2024-05-09T15:20:19.812+0700] {processor.py:183} INFO - Processing /Library/Frameworks/Python.framework/Versions/3.10/lib/python3.10/site-packages/airflow/example_dags/tutorial_taskflow_api_virtualenv.py took 0.262 seconds
[2024-05-09T15:22:01.006+0700] {processor.py:161} INFO - Started process (PID=92157) to work on /Library/Frameworks/Python.framework/Versions/3.10/lib/python3.10/site-packages/airflow/example_dags/tutorial_taskflow_api_virtualenv.py
[2024-05-09T15:22:01.007+0700] {processor.py:830} INFO - Processing file /Library/Frameworks/Python.framework/Versions/3.10/lib/python3.10/site-packages/airflow/example_dags/tutorial_taskflow_api_virtualenv.py for tasks to queue
[2024-05-09T15:22:01.008+0700] {logging_mixin.py:188} INFO - [2024-05-09T15:22:01.008+0700] {dagbag.py:540} INFO - Filling up the DagBag from /Library/Frameworks/Python.framework/Versions/3.10/lib/python3.10/site-packages/airflow/example_dags/tutorial_taskflow_api_virtualenv.py
[2024-05-09T15:22:01.049+0700] {processor.py:840} INFO - DAG(s) 'tutorial_taskflow_api_virtualenv' retrieved from /Library/Frameworks/Python.framework/Versions/3.10/lib/python3.10/site-packages/airflow/example_dags/tutorial_taskflow_api_virtualenv.py
[2024-05-09T15:22:01.219+0700] {logging_mixin.py:188} INFO - [2024-05-09T15:22:01.219+0700] {dag.py:3096} INFO - Sync 1 DAGs
[2024-05-09T15:22:01.225+0700] {logging_mixin.py:188} INFO - [2024-05-09T15:22:01.224+0700] {dag.py:3954} INFO - Setting next_dagrun for tutorial_taskflow_api_virtualenv to None, run_after=None
[2024-05-09T15:22:01.236+0700] {processor.py:183} INFO - Processing /Library/Frameworks/Python.framework/Versions/3.10/lib/python3.10/site-packages/airflow/example_dags/tutorial_taskflow_api_virtualenv.py took 0.234 seconds
[2024-05-09T15:23:56.486+0700] {processor.py:161} INFO - Started process (PID=94535) to work on /Library/Frameworks/Python.framework/Versions/3.10/lib/python3.10/site-packages/airflow/example_dags/tutorial_taskflow_api_virtualenv.py
[2024-05-09T15:23:56.488+0700] {processor.py:830} INFO - Processing file /Library/Frameworks/Python.framework/Versions/3.10/lib/python3.10/site-packages/airflow/example_dags/tutorial_taskflow_api_virtualenv.py for tasks to queue
[2024-05-09T15:23:56.489+0700] {logging_mixin.py:188} INFO - [2024-05-09T15:23:56.489+0700] {dagbag.py:540} INFO - Filling up the DagBag from /Library/Frameworks/Python.framework/Versions/3.10/lib/python3.10/site-packages/airflow/example_dags/tutorial_taskflow_api_virtualenv.py
[2024-05-09T15:23:56.712+0700] {processor.py:840} INFO - DAG(s) 'tutorial_taskflow_api_virtualenv' retrieved from /Library/Frameworks/Python.framework/Versions/3.10/lib/python3.10/site-packages/airflow/example_dags/tutorial_taskflow_api_virtualenv.py
[2024-05-09T15:23:57.190+0700] {logging_mixin.py:188} INFO - [2024-05-09T15:23:57.189+0700] {dag.py:3096} INFO - Sync 1 DAGs
[2024-05-09T15:23:57.202+0700] {logging_mixin.py:188} INFO - [2024-05-09T15:23:57.202+0700] {dag.py:3954} INFO - Setting next_dagrun for tutorial_taskflow_api_virtualenv to None, run_after=None
[2024-05-09T15:23:57.249+0700] {processor.py:183} INFO - Processing /Library/Frameworks/Python.framework/Versions/3.10/lib/python3.10/site-packages/airflow/example_dags/tutorial_taskflow_api_virtualenv.py took 0.767 seconds
[2024-05-09T15:25:31.780+0700] {processor.py:161} INFO - Started process (PID=95149) to work on /Library/Frameworks/Python.framework/Versions/3.10/lib/python3.10/site-packages/airflow/example_dags/tutorial_taskflow_api_virtualenv.py
[2024-05-09T15:25:31.781+0700] {processor.py:830} INFO - Processing file /Library/Frameworks/Python.framework/Versions/3.10/lib/python3.10/site-packages/airflow/example_dags/tutorial_taskflow_api_virtualenv.py for tasks to queue
[2024-05-09T15:25:31.782+0700] {logging_mixin.py:188} INFO - [2024-05-09T15:25:31.782+0700] {dagbag.py:540} INFO - Filling up the DagBag from /Library/Frameworks/Python.framework/Versions/3.10/lib/python3.10/site-packages/airflow/example_dags/tutorial_taskflow_api_virtualenv.py
[2024-05-09T15:25:31.857+0700] {processor.py:840} INFO - DAG(s) 'tutorial_taskflow_api_virtualenv' retrieved from /Library/Frameworks/Python.framework/Versions/3.10/lib/python3.10/site-packages/airflow/example_dags/tutorial_taskflow_api_virtualenv.py
[2024-05-09T15:25:32.122+0700] {logging_mixin.py:188} INFO - [2024-05-09T15:25:32.122+0700] {dag.py:3096} INFO - Sync 1 DAGs
[2024-05-09T15:25:32.130+0700] {logging_mixin.py:188} INFO - [2024-05-09T15:25:32.129+0700] {dag.py:3954} INFO - Setting next_dagrun for tutorial_taskflow_api_virtualenv to None, run_after=None
[2024-05-09T15:25:32.143+0700] {processor.py:183} INFO - Processing /Library/Frameworks/Python.framework/Versions/3.10/lib/python3.10/site-packages/airflow/example_dags/tutorial_taskflow_api_virtualenv.py took 0.366 seconds
[2024-05-09T15:27:07.924+0700] {processor.py:161} INFO - Started process (PID=95790) to work on /Library/Frameworks/Python.framework/Versions/3.10/lib/python3.10/site-packages/airflow/example_dags/tutorial_taskflow_api_virtualenv.py
[2024-05-09T15:27:07.925+0700] {processor.py:830} INFO - Processing file /Library/Frameworks/Python.framework/Versions/3.10/lib/python3.10/site-packages/airflow/example_dags/tutorial_taskflow_api_virtualenv.py for tasks to queue
[2024-05-09T15:27:07.926+0700] {logging_mixin.py:188} INFO - [2024-05-09T15:27:07.926+0700] {dagbag.py:540} INFO - Filling up the DagBag from /Library/Frameworks/Python.framework/Versions/3.10/lib/python3.10/site-packages/airflow/example_dags/tutorial_taskflow_api_virtualenv.py
[2024-05-09T15:27:07.989+0700] {processor.py:840} INFO - DAG(s) 'tutorial_taskflow_api_virtualenv' retrieved from /Library/Frameworks/Python.framework/Versions/3.10/lib/python3.10/site-packages/airflow/example_dags/tutorial_taskflow_api_virtualenv.py
[2024-05-09T15:27:08.426+0700] {logging_mixin.py:188} INFO - [2024-05-09T15:27:08.425+0700] {dag.py:3096} INFO - Sync 1 DAGs
[2024-05-09T15:27:08.439+0700] {logging_mixin.py:188} INFO - [2024-05-09T15:27:08.438+0700] {dag.py:3954} INFO - Setting next_dagrun for tutorial_taskflow_api_virtualenv to None, run_after=None
[2024-05-09T15:27:08.474+0700] {processor.py:183} INFO - Processing /Library/Frameworks/Python.framework/Versions/3.10/lib/python3.10/site-packages/airflow/example_dags/tutorial_taskflow_api_virtualenv.py took 0.556 seconds
[2024-05-09T15:28:32.899+0700] {processor.py:161} INFO - Started process (PID=96250) to work on /Library/Frameworks/Python.framework/Versions/3.10/lib/python3.10/site-packages/airflow/example_dags/tutorial_taskflow_api_virtualenv.py
[2024-05-09T15:28:32.899+0700] {processor.py:830} INFO - Processing file /Library/Frameworks/Python.framework/Versions/3.10/lib/python3.10/site-packages/airflow/example_dags/tutorial_taskflow_api_virtualenv.py for tasks to queue
[2024-05-09T15:28:32.900+0700] {logging_mixin.py:188} INFO - [2024-05-09T15:28:32.900+0700] {dagbag.py:540} INFO - Filling up the DagBag from /Library/Frameworks/Python.framework/Versions/3.10/lib/python3.10/site-packages/airflow/example_dags/tutorial_taskflow_api_virtualenv.py
[2024-05-09T15:28:32.953+0700] {processor.py:840} INFO - DAG(s) 'tutorial_taskflow_api_virtualenv' retrieved from /Library/Frameworks/Python.framework/Versions/3.10/lib/python3.10/site-packages/airflow/example_dags/tutorial_taskflow_api_virtualenv.py
[2024-05-09T15:28:33.170+0700] {logging_mixin.py:188} INFO - [2024-05-09T15:28:33.169+0700] {dag.py:3096} INFO - Sync 1 DAGs
[2024-05-09T15:28:33.178+0700] {logging_mixin.py:188} INFO - [2024-05-09T15:28:33.178+0700] {dag.py:3954} INFO - Setting next_dagrun for tutorial_taskflow_api_virtualenv to None, run_after=None
[2024-05-09T15:28:33.197+0700] {processor.py:183} INFO - Processing /Library/Frameworks/Python.framework/Versions/3.10/lib/python3.10/site-packages/airflow/example_dags/tutorial_taskflow_api_virtualenv.py took 0.300 seconds
[2024-05-09T15:30:27.573+0700] {processor.py:161} INFO - Started process (PID=97009) to work on /Library/Frameworks/Python.framework/Versions/3.10/lib/python3.10/site-packages/airflow/example_dags/tutorial_taskflow_api_virtualenv.py
[2024-05-09T15:30:27.575+0700] {processor.py:830} INFO - Processing file /Library/Frameworks/Python.framework/Versions/3.10/lib/python3.10/site-packages/airflow/example_dags/tutorial_taskflow_api_virtualenv.py for tasks to queue
[2024-05-09T15:30:27.579+0700] {logging_mixin.py:188} INFO - [2024-05-09T15:30:27.578+0700] {dagbag.py:540} INFO - Filling up the DagBag from /Library/Frameworks/Python.framework/Versions/3.10/lib/python3.10/site-packages/airflow/example_dags/tutorial_taskflow_api_virtualenv.py
[2024-05-09T15:30:27.647+0700] {processor.py:840} INFO - DAG(s) 'tutorial_taskflow_api_virtualenv' retrieved from /Library/Frameworks/Python.framework/Versions/3.10/lib/python3.10/site-packages/airflow/example_dags/tutorial_taskflow_api_virtualenv.py
[2024-05-09T15:30:28.022+0700] {logging_mixin.py:188} INFO - [2024-05-09T15:30:28.022+0700] {dag.py:3096} INFO - Sync 1 DAGs
[2024-05-09T15:30:28.032+0700] {logging_mixin.py:188} INFO - [2024-05-09T15:30:28.032+0700] {dag.py:3954} INFO - Setting next_dagrun for tutorial_taskflow_api_virtualenv to None, run_after=None
[2024-05-09T15:30:28.054+0700] {processor.py:183} INFO - Processing /Library/Frameworks/Python.framework/Versions/3.10/lib/python3.10/site-packages/airflow/example_dags/tutorial_taskflow_api_virtualenv.py took 0.488 seconds
[2024-05-09T15:33:15.976+0700] {processor.py:161} INFO - Started process (PID=97937) to work on /Library/Frameworks/Python.framework/Versions/3.10/lib/python3.10/site-packages/airflow/example_dags/tutorial_taskflow_api_virtualenv.py
[2024-05-09T15:33:15.978+0700] {processor.py:830} INFO - Processing file /Library/Frameworks/Python.framework/Versions/3.10/lib/python3.10/site-packages/airflow/example_dags/tutorial_taskflow_api_virtualenv.py for tasks to queue
[2024-05-09T15:33:15.980+0700] {logging_mixin.py:188} INFO - [2024-05-09T15:33:15.980+0700] {dagbag.py:540} INFO - Filling up the DagBag from /Library/Frameworks/Python.framework/Versions/3.10/lib/python3.10/site-packages/airflow/example_dags/tutorial_taskflow_api_virtualenv.py
[2024-05-09T15:33:16.026+0700] {processor.py:840} INFO - DAG(s) 'tutorial_taskflow_api_virtualenv' retrieved from /Library/Frameworks/Python.framework/Versions/3.10/lib/python3.10/site-packages/airflow/example_dags/tutorial_taskflow_api_virtualenv.py
[2024-05-09T15:33:16.290+0700] {logging_mixin.py:188} INFO - [2024-05-09T15:33:16.290+0700] {dag.py:3096} INFO - Sync 1 DAGs
[2024-05-09T15:33:16.301+0700] {logging_mixin.py:188} INFO - [2024-05-09T15:33:16.301+0700] {dag.py:3954} INFO - Setting next_dagrun for tutorial_taskflow_api_virtualenv to None, run_after=None
[2024-05-09T15:33:16.319+0700] {processor.py:183} INFO - Processing /Library/Frameworks/Python.framework/Versions/3.10/lib/python3.10/site-packages/airflow/example_dags/tutorial_taskflow_api_virtualenv.py took 0.345 seconds
[2024-05-09T15:35:21.210+0700] {processor.py:161} INFO - Started process (PID=98659) to work on /Library/Frameworks/Python.framework/Versions/3.10/lib/python3.10/site-packages/airflow/example_dags/tutorial_taskflow_api_virtualenv.py
[2024-05-09T15:35:21.215+0700] {processor.py:830} INFO - Processing file /Library/Frameworks/Python.framework/Versions/3.10/lib/python3.10/site-packages/airflow/example_dags/tutorial_taskflow_api_virtualenv.py for tasks to queue
[2024-05-09T15:35:21.220+0700] {logging_mixin.py:188} INFO - [2024-05-09T15:35:21.220+0700] {dagbag.py:540} INFO - Filling up the DagBag from /Library/Frameworks/Python.framework/Versions/3.10/lib/python3.10/site-packages/airflow/example_dags/tutorial_taskflow_api_virtualenv.py
[2024-05-09T15:35:21.278+0700] {processor.py:840} INFO - DAG(s) 'tutorial_taskflow_api_virtualenv' retrieved from /Library/Frameworks/Python.framework/Versions/3.10/lib/python3.10/site-packages/airflow/example_dags/tutorial_taskflow_api_virtualenv.py
[2024-05-09T15:35:21.573+0700] {logging_mixin.py:188} INFO - [2024-05-09T15:35:21.572+0700] {dag.py:3096} INFO - Sync 1 DAGs
[2024-05-09T15:35:21.582+0700] {logging_mixin.py:188} INFO - [2024-05-09T15:35:21.581+0700] {dag.py:3954} INFO - Setting next_dagrun for tutorial_taskflow_api_virtualenv to None, run_after=None
[2024-05-09T15:35:21.603+0700] {processor.py:183} INFO - Processing /Library/Frameworks/Python.framework/Versions/3.10/lib/python3.10/site-packages/airflow/example_dags/tutorial_taskflow_api_virtualenv.py took 0.401 seconds
[2024-05-09T15:59:12.142+0700] {processor.py:161} INFO - Started process (PID=8571) to work on /Library/Frameworks/Python.framework/Versions/3.10/lib/python3.10/site-packages/airflow/example_dags/tutorial_taskflow_api_virtualenv.py
[2024-05-09T15:59:12.143+0700] {processor.py:830} INFO - Processing file /Library/Frameworks/Python.framework/Versions/3.10/lib/python3.10/site-packages/airflow/example_dags/tutorial_taskflow_api_virtualenv.py for tasks to queue
[2024-05-09T15:59:12.144+0700] {logging_mixin.py:188} INFO - [2024-05-09T15:59:12.144+0700] {dagbag.py:540} INFO - Filling up the DagBag from /Library/Frameworks/Python.framework/Versions/3.10/lib/python3.10/site-packages/airflow/example_dags/tutorial_taskflow_api_virtualenv.py
[2024-05-09T15:59:12.191+0700] {processor.py:840} INFO - DAG(s) 'tutorial_taskflow_api_virtualenv' retrieved from /Library/Frameworks/Python.framework/Versions/3.10/lib/python3.10/site-packages/airflow/example_dags/tutorial_taskflow_api_virtualenv.py
[2024-05-09T15:59:12.457+0700] {logging_mixin.py:188} INFO - [2024-05-09T15:59:12.456+0700] {dag.py:3096} INFO - Sync 1 DAGs
[2024-05-09T15:59:12.466+0700] {logging_mixin.py:188} INFO - [2024-05-09T15:59:12.465+0700] {dag.py:3954} INFO - Setting next_dagrun for tutorial_taskflow_api_virtualenv to None, run_after=None
[2024-05-09T15:59:12.484+0700] {processor.py:183} INFO - Processing /Library/Frameworks/Python.framework/Versions/3.10/lib/python3.10/site-packages/airflow/example_dags/tutorial_taskflow_api_virtualenv.py took 0.345 seconds
