[2024-04-16T20:51:53.593+0700] {processor.py:161} INFO - Started process (PID=53918) to work on /Users/inwpuun/project/final_data_proj/airflow/dags/CheckWebRunning.py
[2024-04-16T20:51:53.594+0700] {processor.py:830} INFO - Processing file /Users/inwpuun/project/final_data_proj/airflow/dags/CheckWebRunning.py for tasks to queue
[2024-04-16T20:51:53.594+0700] {logging_mixin.py:188} INFO - [2024-04-16T20:51:53.594+0700] {dagbag.py:540} INFO - Filling up the DagBag from /Users/inwpuun/project/final_data_proj/airflow/dags/CheckWebRunning.py
[2024-04-16T20:51:53.599+0700] {processor.py:840} INFO - DAG(s) 'dsde_webcheck' retrieved from /Users/inwpuun/project/final_data_proj/airflow/dags/CheckWebRunning.py
[2024-04-16T20:51:53.618+0700] {logging_mixin.py:188} INFO - [2024-04-16T20:51:53.618+0700] {dag.py:3096} INFO - Sync 1 DAGs
[2024-04-16T20:51:53.669+0700] {logging_mixin.py:188} INFO - [2024-04-16T20:51:53.669+0700] {dag.py:3954} INFO - Setting next_dagrun for dsde_webcheck to 2024-04-16 00:00:00+00:00, run_after=2024-04-17 00:00:00+00:00
[2024-04-16T20:51:53.681+0700] {processor.py:183} INFO - Processing /Users/inwpuun/project/final_data_proj/airflow/dags/CheckWebRunning.py took 0.090 seconds
[2024-04-16T20:53:51.008+0700] {processor.py:161} INFO - Started process (PID=54557) to work on /Users/inwpuun/project/final_data_proj/airflow/dags/CheckWebRunning.py
[2024-04-16T20:53:51.009+0700] {processor.py:830} INFO - Processing file /Users/inwpuun/project/final_data_proj/airflow/dags/CheckWebRunning.py for tasks to queue
[2024-04-16T20:53:51.009+0700] {logging_mixin.py:188} INFO - [2024-04-16T20:53:51.009+0700] {dagbag.py:540} INFO - Filling up the DagBag from /Users/inwpuun/project/final_data_proj/airflow/dags/CheckWebRunning.py
[2024-04-16T20:53:51.014+0700] {processor.py:840} INFO - DAG(s) 'dsde_webcheck' retrieved from /Users/inwpuun/project/final_data_proj/airflow/dags/CheckWebRunning.py
[2024-04-16T20:53:51.124+0700] {logging_mixin.py:188} INFO - [2024-04-16T20:53:51.124+0700] {dag.py:3096} INFO - Sync 1 DAGs
[2024-04-16T20:53:51.133+0700] {logging_mixin.py:188} INFO - [2024-04-16T20:53:51.133+0700] {dag.py:3954} INFO - Setting next_dagrun for dsde_webcheck to 2024-04-16 00:00:00+00:00, run_after=2024-04-17 00:00:00+00:00
[2024-04-16T20:53:51.143+0700] {processor.py:183} INFO - Processing /Users/inwpuun/project/final_data_proj/airflow/dags/CheckWebRunning.py took 0.139 seconds
[2024-04-16T20:55:08.344+0700] {processor.py:161} INFO - Started process (PID=54917) to work on /Users/inwpuun/project/final_data_proj/airflow/dags/CheckWebRunning.py
[2024-04-16T20:55:08.345+0700] {processor.py:830} INFO - Processing file /Users/inwpuun/project/final_data_proj/airflow/dags/CheckWebRunning.py for tasks to queue
[2024-04-16T20:55:08.345+0700] {logging_mixin.py:188} INFO - [2024-04-16T20:55:08.345+0700] {dagbag.py:540} INFO - Filling up the DagBag from /Users/inwpuun/project/final_data_proj/airflow/dags/CheckWebRunning.py
[2024-04-16T20:55:08.349+0700] {processor.py:840} INFO - DAG(s) 'dsde_webcheck' retrieved from /Users/inwpuun/project/final_data_proj/airflow/dags/CheckWebRunning.py
[2024-04-16T20:55:08.411+0700] {logging_mixin.py:188} INFO - [2024-04-16T20:55:08.411+0700] {dag.py:3096} INFO - Sync 1 DAGs
[2024-04-16T20:55:08.421+0700] {logging_mixin.py:188} INFO - [2024-04-16T20:55:08.421+0700] {dag.py:3954} INFO - Setting next_dagrun for dsde_webcheck to 2024-04-16 00:00:00+00:00, run_after=2024-04-17 00:00:00+00:00
[2024-04-16T20:55:08.432+0700] {processor.py:183} INFO - Processing /Users/inwpuun/project/final_data_proj/airflow/dags/CheckWebRunning.py took 0.090 seconds
[2024-04-16T20:56:21.234+0700] {processor.py:161} INFO - Started process (PID=55245) to work on /Users/inwpuun/project/final_data_proj/airflow/dags/CheckWebRunning.py
[2024-04-16T20:56:21.236+0700] {processor.py:830} INFO - Processing file /Users/inwpuun/project/final_data_proj/airflow/dags/CheckWebRunning.py for tasks to queue
[2024-04-16T20:56:21.236+0700] {logging_mixin.py:188} INFO - [2024-04-16T20:56:21.236+0700] {dagbag.py:540} INFO - Filling up the DagBag from /Users/inwpuun/project/final_data_proj/airflow/dags/CheckWebRunning.py
[2024-04-16T20:56:21.240+0700] {processor.py:840} INFO - DAG(s) 'dsde_webcheck' retrieved from /Users/inwpuun/project/final_data_proj/airflow/dags/CheckWebRunning.py
[2024-04-16T20:56:21.303+0700] {logging_mixin.py:188} INFO - [2024-04-16T20:56:21.303+0700] {dag.py:3096} INFO - Sync 1 DAGs
[2024-04-16T20:56:21.313+0700] {logging_mixin.py:188} INFO - [2024-04-16T20:56:21.313+0700] {dag.py:3954} INFO - Setting next_dagrun for dsde_webcheck to 2024-04-16 00:00:00+00:00, run_after=2024-04-17 00:00:00+00:00
[2024-04-16T20:56:21.323+0700] {processor.py:183} INFO - Processing /Users/inwpuun/project/final_data_proj/airflow/dags/CheckWebRunning.py took 0.090 seconds
[2024-04-16T20:57:39.852+0700] {processor.py:161} INFO - Started process (PID=55595) to work on /Users/inwpuun/project/final_data_proj/airflow/dags/CheckWebRunning.py
[2024-04-16T20:57:39.853+0700] {processor.py:830} INFO - Processing file /Users/inwpuun/project/final_data_proj/airflow/dags/CheckWebRunning.py for tasks to queue
[2024-04-16T20:57:39.854+0700] {logging_mixin.py:188} INFO - [2024-04-16T20:57:39.854+0700] {dagbag.py:540} INFO - Filling up the DagBag from /Users/inwpuun/project/final_data_proj/airflow/dags/CheckWebRunning.py
[2024-04-16T20:57:39.858+0700] {processor.py:840} INFO - DAG(s) 'dsde_webcheck' retrieved from /Users/inwpuun/project/final_data_proj/airflow/dags/CheckWebRunning.py
[2024-04-16T20:57:39.921+0700] {logging_mixin.py:188} INFO - [2024-04-16T20:57:39.921+0700] {dag.py:3096} INFO - Sync 1 DAGs
[2024-04-16T20:57:39.931+0700] {logging_mixin.py:188} INFO - [2024-04-16T20:57:39.931+0700] {dag.py:3954} INFO - Setting next_dagrun for dsde_webcheck to 2024-04-16 00:00:00+00:00, run_after=2024-04-17 00:00:00+00:00
[2024-04-16T20:57:39.942+0700] {processor.py:183} INFO - Processing /Users/inwpuun/project/final_data_proj/airflow/dags/CheckWebRunning.py took 0.091 seconds
[2024-04-16T20:58:55.865+0700] {processor.py:161} INFO - Started process (PID=55942) to work on /Users/inwpuun/project/final_data_proj/airflow/dags/CheckWebRunning.py
[2024-04-16T20:58:55.866+0700] {processor.py:830} INFO - Processing file /Users/inwpuun/project/final_data_proj/airflow/dags/CheckWebRunning.py for tasks to queue
[2024-04-16T20:58:55.866+0700] {logging_mixin.py:188} INFO - [2024-04-16T20:58:55.866+0700] {dagbag.py:540} INFO - Filling up the DagBag from /Users/inwpuun/project/final_data_proj/airflow/dags/CheckWebRunning.py
[2024-04-16T20:58:55.871+0700] {processor.py:840} INFO - DAG(s) 'dsde_webcheck' retrieved from /Users/inwpuun/project/final_data_proj/airflow/dags/CheckWebRunning.py
[2024-04-16T20:58:55.936+0700] {logging_mixin.py:188} INFO - [2024-04-16T20:58:55.936+0700] {dag.py:3096} INFO - Sync 1 DAGs
[2024-04-16T20:58:55.947+0700] {logging_mixin.py:188} INFO - [2024-04-16T20:58:55.947+0700] {dag.py:3954} INFO - Setting next_dagrun for dsde_webcheck to 2024-04-16 00:00:00+00:00, run_after=2024-04-17 00:00:00+00:00
[2024-04-16T20:58:55.957+0700] {processor.py:183} INFO - Processing /Users/inwpuun/project/final_data_proj/airflow/dags/CheckWebRunning.py took 0.093 seconds
[2024-04-16T21:00:13.310+0700] {processor.py:161} INFO - Started process (PID=56290) to work on /Users/inwpuun/project/final_data_proj/airflow/dags/CheckWebRunning.py
[2024-04-16T21:00:13.311+0700] {processor.py:830} INFO - Processing file /Users/inwpuun/project/final_data_proj/airflow/dags/CheckWebRunning.py for tasks to queue
[2024-04-16T21:00:13.312+0700] {logging_mixin.py:188} INFO - [2024-04-16T21:00:13.311+0700] {dagbag.py:540} INFO - Filling up the DagBag from /Users/inwpuun/project/final_data_proj/airflow/dags/CheckWebRunning.py
[2024-04-16T21:00:13.316+0700] {processor.py:840} INFO - DAG(s) 'dsde_webcheck' retrieved from /Users/inwpuun/project/final_data_proj/airflow/dags/CheckWebRunning.py
[2024-04-16T21:00:13.378+0700] {logging_mixin.py:188} INFO - [2024-04-16T21:00:13.378+0700] {dag.py:3096} INFO - Sync 1 DAGs
[2024-04-16T21:00:13.389+0700] {logging_mixin.py:188} INFO - [2024-04-16T21:00:13.389+0700] {dag.py:3954} INFO - Setting next_dagrun for dsde_webcheck to 2024-04-16 00:00:00+00:00, run_after=2024-04-17 00:00:00+00:00
[2024-04-16T21:00:13.399+0700] {processor.py:183} INFO - Processing /Users/inwpuun/project/final_data_proj/airflow/dags/CheckWebRunning.py took 0.091 seconds
[2024-04-16T21:01:30.163+0700] {processor.py:161} INFO - Started process (PID=56634) to work on /Users/inwpuun/project/final_data_proj/airflow/dags/CheckWebRunning.py
[2024-04-16T21:01:30.165+0700] {processor.py:830} INFO - Processing file /Users/inwpuun/project/final_data_proj/airflow/dags/CheckWebRunning.py for tasks to queue
[2024-04-16T21:01:30.166+0700] {logging_mixin.py:188} INFO - [2024-04-16T21:01:30.165+0700] {dagbag.py:540} INFO - Filling up the DagBag from /Users/inwpuun/project/final_data_proj/airflow/dags/CheckWebRunning.py
[2024-04-16T21:01:30.175+0700] {processor.py:840} INFO - DAG(s) 'dsde_webcheck' retrieved from /Users/inwpuun/project/final_data_proj/airflow/dags/CheckWebRunning.py
[2024-04-16T21:01:30.273+0700] {logging_mixin.py:188} INFO - [2024-04-16T21:01:30.273+0700] {dag.py:3096} INFO - Sync 1 DAGs
[2024-04-16T21:01:30.286+0700] {logging_mixin.py:188} INFO - [2024-04-16T21:01:30.286+0700] {dag.py:3954} INFO - Setting next_dagrun for dsde_webcheck to 2024-04-16 00:00:00+00:00, run_after=2024-04-17 00:00:00+00:00
[2024-04-16T21:01:30.299+0700] {processor.py:183} INFO - Processing /Users/inwpuun/project/final_data_proj/airflow/dags/CheckWebRunning.py took 0.139 seconds
[2024-04-16T21:02:47.074+0700] {processor.py:161} INFO - Started process (PID=56985) to work on /Users/inwpuun/project/final_data_proj/airflow/dags/CheckWebRunning.py
[2024-04-16T21:02:47.075+0700] {processor.py:830} INFO - Processing file /Users/inwpuun/project/final_data_proj/airflow/dags/CheckWebRunning.py for tasks to queue
[2024-04-16T21:02:47.075+0700] {logging_mixin.py:188} INFO - [2024-04-16T21:02:47.075+0700] {dagbag.py:540} INFO - Filling up the DagBag from /Users/inwpuun/project/final_data_proj/airflow/dags/CheckWebRunning.py
[2024-04-16T21:02:47.080+0700] {processor.py:840} INFO - DAG(s) 'dsde_webcheck' retrieved from /Users/inwpuun/project/final_data_proj/airflow/dags/CheckWebRunning.py
[2024-04-16T21:02:47.145+0700] {logging_mixin.py:188} INFO - [2024-04-16T21:02:47.145+0700] {dag.py:3096} INFO - Sync 1 DAGs
[2024-04-16T21:02:47.155+0700] {logging_mixin.py:188} INFO - [2024-04-16T21:02:47.154+0700] {dag.py:3954} INFO - Setting next_dagrun for dsde_webcheck to 2024-04-16 00:00:00+00:00, run_after=2024-04-17 00:00:00+00:00
[2024-04-16T21:02:47.165+0700] {processor.py:183} INFO - Processing /Users/inwpuun/project/final_data_proj/airflow/dags/CheckWebRunning.py took 0.093 seconds
[2024-04-16T21:04:03.014+0700] {processor.py:161} INFO - Started process (PID=57334) to work on /Users/inwpuun/project/final_data_proj/airflow/dags/CheckWebRunning.py
[2024-04-16T21:04:03.015+0700] {processor.py:830} INFO - Processing file /Users/inwpuun/project/final_data_proj/airflow/dags/CheckWebRunning.py for tasks to queue
[2024-04-16T21:04:03.015+0700] {logging_mixin.py:188} INFO - [2024-04-16T21:04:03.015+0700] {dagbag.py:540} INFO - Filling up the DagBag from /Users/inwpuun/project/final_data_proj/airflow/dags/CheckWebRunning.py
[2024-04-16T21:04:03.019+0700] {processor.py:840} INFO - DAG(s) 'dsde_webcheck' retrieved from /Users/inwpuun/project/final_data_proj/airflow/dags/CheckWebRunning.py
[2024-04-16T21:04:03.084+0700] {logging_mixin.py:188} INFO - [2024-04-16T21:04:03.084+0700] {dag.py:3096} INFO - Sync 1 DAGs
[2024-04-16T21:04:03.095+0700] {logging_mixin.py:188} INFO - [2024-04-16T21:04:03.095+0700] {dag.py:3954} INFO - Setting next_dagrun for dsde_webcheck to 2024-04-16 00:00:00+00:00, run_after=2024-04-17 00:00:00+00:00
[2024-04-16T21:04:03.106+0700] {processor.py:183} INFO - Processing /Users/inwpuun/project/final_data_proj/airflow/dags/CheckWebRunning.py took 0.093 seconds
[2024-04-16T21:05:19.415+0700] {processor.py:161} INFO - Started process (PID=57674) to work on /Users/inwpuun/project/final_data_proj/airflow/dags/CheckWebRunning.py
[2024-04-16T21:05:19.416+0700] {processor.py:830} INFO - Processing file /Users/inwpuun/project/final_data_proj/airflow/dags/CheckWebRunning.py for tasks to queue
[2024-04-16T21:05:19.416+0700] {logging_mixin.py:188} INFO - [2024-04-16T21:05:19.416+0700] {dagbag.py:540} INFO - Filling up the DagBag from /Users/inwpuun/project/final_data_proj/airflow/dags/CheckWebRunning.py
[2024-04-16T21:05:19.422+0700] {processor.py:840} INFO - DAG(s) 'dsde_webcheck' retrieved from /Users/inwpuun/project/final_data_proj/airflow/dags/CheckWebRunning.py
[2024-04-16T21:05:19.501+0700] {logging_mixin.py:188} INFO - [2024-04-16T21:05:19.501+0700] {dag.py:3096} INFO - Sync 1 DAGs
[2024-04-16T21:05:19.513+0700] {logging_mixin.py:188} INFO - [2024-04-16T21:05:19.513+0700] {dag.py:3954} INFO - Setting next_dagrun for dsde_webcheck to 2024-04-16 00:00:00+00:00, run_after=2024-04-17 00:00:00+00:00
[2024-04-16T21:05:19.531+0700] {processor.py:183} INFO - Processing /Users/inwpuun/project/final_data_proj/airflow/dags/CheckWebRunning.py took 0.119 seconds
[2024-04-16T21:06:36.690+0700] {processor.py:161} INFO - Started process (PID=58019) to work on /Users/inwpuun/project/final_data_proj/airflow/dags/CheckWebRunning.py
[2024-04-16T21:06:36.691+0700] {processor.py:830} INFO - Processing file /Users/inwpuun/project/final_data_proj/airflow/dags/CheckWebRunning.py for tasks to queue
[2024-04-16T21:06:36.691+0700] {logging_mixin.py:188} INFO - [2024-04-16T21:06:36.691+0700] {dagbag.py:540} INFO - Filling up the DagBag from /Users/inwpuun/project/final_data_proj/airflow/dags/CheckWebRunning.py
[2024-04-16T21:06:36.696+0700] {processor.py:840} INFO - DAG(s) 'dsde_webcheck' retrieved from /Users/inwpuun/project/final_data_proj/airflow/dags/CheckWebRunning.py
[2024-04-16T21:06:36.760+0700] {logging_mixin.py:188} INFO - [2024-04-16T21:06:36.760+0700] {dag.py:3096} INFO - Sync 1 DAGs
[2024-04-16T21:06:36.770+0700] {logging_mixin.py:188} INFO - [2024-04-16T21:06:36.770+0700] {dag.py:3954} INFO - Setting next_dagrun for dsde_webcheck to 2024-04-16 00:00:00+00:00, run_after=2024-04-17 00:00:00+00:00
[2024-04-16T21:06:36.780+0700] {processor.py:183} INFO - Processing /Users/inwpuun/project/final_data_proj/airflow/dags/CheckWebRunning.py took 0.092 seconds
[2024-04-16T21:07:52.802+0700] {processor.py:161} INFO - Started process (PID=58380) to work on /Users/inwpuun/project/final_data_proj/airflow/dags/CheckWebRunning.py
[2024-04-16T21:07:52.803+0700] {processor.py:830} INFO - Processing file /Users/inwpuun/project/final_data_proj/airflow/dags/CheckWebRunning.py for tasks to queue
[2024-04-16T21:07:52.804+0700] {logging_mixin.py:188} INFO - [2024-04-16T21:07:52.804+0700] {dagbag.py:540} INFO - Filling up the DagBag from /Users/inwpuun/project/final_data_proj/airflow/dags/CheckWebRunning.py
[2024-04-16T21:07:52.810+0700] {processor.py:840} INFO - DAG(s) 'dsde_webcheck' retrieved from /Users/inwpuun/project/final_data_proj/airflow/dags/CheckWebRunning.py
[2024-04-16T21:07:52.875+0700] {logging_mixin.py:188} INFO - [2024-04-16T21:07:52.874+0700] {dag.py:3096} INFO - Sync 1 DAGs
[2024-04-16T21:07:52.884+0700] {logging_mixin.py:188} INFO - [2024-04-16T21:07:52.884+0700] {dag.py:3954} INFO - Setting next_dagrun for dsde_webcheck to 2024-04-16 00:00:00+00:00, run_after=2024-04-17 00:00:00+00:00
[2024-04-16T21:07:52.895+0700] {processor.py:183} INFO - Processing /Users/inwpuun/project/final_data_proj/airflow/dags/CheckWebRunning.py took 0.094 seconds
[2024-04-16T21:09:10.464+0700] {processor.py:161} INFO - Started process (PID=58728) to work on /Users/inwpuun/project/final_data_proj/airflow/dags/CheckWebRunning.py
[2024-04-16T21:09:10.465+0700] {processor.py:830} INFO - Processing file /Users/inwpuun/project/final_data_proj/airflow/dags/CheckWebRunning.py for tasks to queue
[2024-04-16T21:09:10.465+0700] {logging_mixin.py:188} INFO - [2024-04-16T21:09:10.465+0700] {dagbag.py:540} INFO - Filling up the DagBag from /Users/inwpuun/project/final_data_proj/airflow/dags/CheckWebRunning.py
[2024-04-16T21:09:10.469+0700] {processor.py:840} INFO - DAG(s) 'dsde_webcheck' retrieved from /Users/inwpuun/project/final_data_proj/airflow/dags/CheckWebRunning.py
[2024-04-16T21:09:10.540+0700] {logging_mixin.py:188} INFO - [2024-04-16T21:09:10.540+0700] {dag.py:3096} INFO - Sync 1 DAGs
[2024-04-16T21:09:10.551+0700] {logging_mixin.py:188} INFO - [2024-04-16T21:09:10.551+0700] {dag.py:3954} INFO - Setting next_dagrun for dsde_webcheck to 2024-04-16 00:00:00+00:00, run_after=2024-04-17 00:00:00+00:00
[2024-04-16T21:09:10.563+0700] {processor.py:183} INFO - Processing /Users/inwpuun/project/final_data_proj/airflow/dags/CheckWebRunning.py took 0.101 seconds
[2024-04-16T21:10:30.483+0700] {processor.py:161} INFO - Started process (PID=59094) to work on /Users/inwpuun/project/final_data_proj/airflow/dags/CheckWebRunning.py
[2024-04-16T21:10:30.485+0700] {processor.py:830} INFO - Processing file /Users/inwpuun/project/final_data_proj/airflow/dags/CheckWebRunning.py for tasks to queue
[2024-04-16T21:10:30.485+0700] {logging_mixin.py:188} INFO - [2024-04-16T21:10:30.485+0700] {dagbag.py:540} INFO - Filling up the DagBag from /Users/inwpuun/project/final_data_proj/airflow/dags/CheckWebRunning.py
[2024-04-16T21:10:30.489+0700] {processor.py:840} INFO - DAG(s) 'dsde_webcheck' retrieved from /Users/inwpuun/project/final_data_proj/airflow/dags/CheckWebRunning.py
[2024-04-16T21:10:30.552+0700] {logging_mixin.py:188} INFO - [2024-04-16T21:10:30.552+0700] {dag.py:3096} INFO - Sync 1 DAGs
[2024-04-16T21:10:30.563+0700] {logging_mixin.py:188} INFO - [2024-04-16T21:10:30.563+0700] {dag.py:3954} INFO - Setting next_dagrun for dsde_webcheck to 2024-04-16 00:00:00+00:00, run_after=2024-04-17 00:00:00+00:00
[2024-04-16T21:10:30.574+0700] {processor.py:183} INFO - Processing /Users/inwpuun/project/final_data_proj/airflow/dags/CheckWebRunning.py took 0.092 seconds
[2024-04-16T21:11:48.839+0700] {processor.py:161} INFO - Started process (PID=59446) to work on /Users/inwpuun/project/final_data_proj/airflow/dags/CheckWebRunning.py
[2024-04-16T21:11:48.840+0700] {processor.py:830} INFO - Processing file /Users/inwpuun/project/final_data_proj/airflow/dags/CheckWebRunning.py for tasks to queue
[2024-04-16T21:11:48.841+0700] {logging_mixin.py:188} INFO - [2024-04-16T21:11:48.841+0700] {dagbag.py:540} INFO - Filling up the DagBag from /Users/inwpuun/project/final_data_proj/airflow/dags/CheckWebRunning.py
[2024-04-16T21:11:48.845+0700] {processor.py:840} INFO - DAG(s) 'dsde_webcheck' retrieved from /Users/inwpuun/project/final_data_proj/airflow/dags/CheckWebRunning.py
[2024-04-16T21:11:48.909+0700] {logging_mixin.py:188} INFO - [2024-04-16T21:11:48.908+0700] {dag.py:3096} INFO - Sync 1 DAGs
[2024-04-16T21:11:48.918+0700] {logging_mixin.py:188} INFO - [2024-04-16T21:11:48.918+0700] {dag.py:3954} INFO - Setting next_dagrun for dsde_webcheck to 2024-04-16 00:00:00+00:00, run_after=2024-04-17 00:00:00+00:00
[2024-04-16T21:11:48.929+0700] {processor.py:183} INFO - Processing /Users/inwpuun/project/final_data_proj/airflow/dags/CheckWebRunning.py took 0.092 seconds
[2024-04-16T21:13:06.897+0700] {processor.py:161} INFO - Started process (PID=59809) to work on /Users/inwpuun/project/final_data_proj/airflow/dags/CheckWebRunning.py
[2024-04-16T21:13:06.898+0700] {processor.py:830} INFO - Processing file /Users/inwpuun/project/final_data_proj/airflow/dags/CheckWebRunning.py for tasks to queue
[2024-04-16T21:13:06.898+0700] {logging_mixin.py:188} INFO - [2024-04-16T21:13:06.898+0700] {dagbag.py:540} INFO - Filling up the DagBag from /Users/inwpuun/project/final_data_proj/airflow/dags/CheckWebRunning.py
[2024-04-16T21:13:06.903+0700] {processor.py:840} INFO - DAG(s) 'dsde_webcheck' retrieved from /Users/inwpuun/project/final_data_proj/airflow/dags/CheckWebRunning.py
[2024-04-16T21:13:06.970+0700] {logging_mixin.py:188} INFO - [2024-04-16T21:13:06.970+0700] {dag.py:3096} INFO - Sync 1 DAGs
[2024-04-16T21:13:06.980+0700] {logging_mixin.py:188} INFO - [2024-04-16T21:13:06.980+0700] {dag.py:3954} INFO - Setting next_dagrun for dsde_webcheck to 2024-04-16 00:00:00+00:00, run_after=2024-04-17 00:00:00+00:00
[2024-04-16T21:13:06.991+0700] {processor.py:183} INFO - Processing /Users/inwpuun/project/final_data_proj/airflow/dags/CheckWebRunning.py took 0.096 seconds
[2024-04-16T21:14:25.676+0700] {processor.py:161} INFO - Started process (PID=60183) to work on /Users/inwpuun/project/final_data_proj/airflow/dags/CheckWebRunning.py
[2024-04-16T21:14:25.676+0700] {processor.py:830} INFO - Processing file /Users/inwpuun/project/final_data_proj/airflow/dags/CheckWebRunning.py for tasks to queue
[2024-04-16T21:14:25.677+0700] {logging_mixin.py:188} INFO - [2024-04-16T21:14:25.677+0700] {dagbag.py:540} INFO - Filling up the DagBag from /Users/inwpuun/project/final_data_proj/airflow/dags/CheckWebRunning.py
[2024-04-16T21:14:25.681+0700] {processor.py:840} INFO - DAG(s) 'dsde_webcheck' retrieved from /Users/inwpuun/project/final_data_proj/airflow/dags/CheckWebRunning.py
[2024-04-16T21:14:25.744+0700] {logging_mixin.py:188} INFO - [2024-04-16T21:14:25.744+0700] {dag.py:3096} INFO - Sync 1 DAGs
[2024-04-16T21:14:25.755+0700] {logging_mixin.py:188} INFO - [2024-04-16T21:14:25.755+0700] {dag.py:3954} INFO - Setting next_dagrun for dsde_webcheck to 2024-04-16 00:00:00+00:00, run_after=2024-04-17 00:00:00+00:00
[2024-04-16T21:14:25.766+0700] {processor.py:183} INFO - Processing /Users/inwpuun/project/final_data_proj/airflow/dags/CheckWebRunning.py took 0.092 seconds
[2024-04-16T21:15:44.929+0700] {processor.py:161} INFO - Started process (PID=60541) to work on /Users/inwpuun/project/final_data_proj/airflow/dags/CheckWebRunning.py
[2024-04-16T21:15:44.930+0700] {processor.py:830} INFO - Processing file /Users/inwpuun/project/final_data_proj/airflow/dags/CheckWebRunning.py for tasks to queue
[2024-04-16T21:15:44.930+0700] {logging_mixin.py:188} INFO - [2024-04-16T21:15:44.930+0700] {dagbag.py:540} INFO - Filling up the DagBag from /Users/inwpuun/project/final_data_proj/airflow/dags/CheckWebRunning.py
[2024-04-16T21:15:44.936+0700] {processor.py:840} INFO - DAG(s) 'dsde_webcheck' retrieved from /Users/inwpuun/project/final_data_proj/airflow/dags/CheckWebRunning.py
[2024-04-16T21:15:45.062+0700] {logging_mixin.py:188} INFO - [2024-04-16T21:15:45.062+0700] {dag.py:3096} INFO - Sync 1 DAGs
[2024-04-16T21:15:45.082+0700] {logging_mixin.py:188} INFO - [2024-04-16T21:15:45.082+0700] {dag.py:3954} INFO - Setting next_dagrun for dsde_webcheck to 2024-04-16 00:00:00+00:00, run_after=2024-04-17 00:00:00+00:00
[2024-04-16T21:15:45.105+0700] {processor.py:183} INFO - Processing /Users/inwpuun/project/final_data_proj/airflow/dags/CheckWebRunning.py took 0.178 seconds
[2024-04-16T21:17:01.291+0700] {processor.py:161} INFO - Started process (PID=60889) to work on /Users/inwpuun/project/final_data_proj/airflow/dags/CheckWebRunning.py
[2024-04-16T21:17:01.291+0700] {processor.py:830} INFO - Processing file /Users/inwpuun/project/final_data_proj/airflow/dags/CheckWebRunning.py for tasks to queue
[2024-04-16T21:17:01.292+0700] {logging_mixin.py:188} INFO - [2024-04-16T21:17:01.292+0700] {dagbag.py:540} INFO - Filling up the DagBag from /Users/inwpuun/project/final_data_proj/airflow/dags/CheckWebRunning.py
[2024-04-16T21:17:01.296+0700] {processor.py:840} INFO - DAG(s) 'dsde_webcheck' retrieved from /Users/inwpuun/project/final_data_proj/airflow/dags/CheckWebRunning.py
[2024-04-16T21:17:01.359+0700] {logging_mixin.py:188} INFO - [2024-04-16T21:17:01.358+0700] {dag.py:3096} INFO - Sync 1 DAGs
[2024-04-16T21:17:01.368+0700] {logging_mixin.py:188} INFO - [2024-04-16T21:17:01.368+0700] {dag.py:3954} INFO - Setting next_dagrun for dsde_webcheck to 2024-04-16 00:00:00+00:00, run_after=2024-04-17 00:00:00+00:00
[2024-04-16T21:17:01.379+0700] {processor.py:183} INFO - Processing /Users/inwpuun/project/final_data_proj/airflow/dags/CheckWebRunning.py took 0.090 seconds
[2024-04-16T21:18:18.386+0700] {processor.py:161} INFO - Started process (PID=61247) to work on /Users/inwpuun/project/final_data_proj/airflow/dags/CheckWebRunning.py
[2024-04-16T21:18:18.387+0700] {processor.py:830} INFO - Processing file /Users/inwpuun/project/final_data_proj/airflow/dags/CheckWebRunning.py for tasks to queue
[2024-04-16T21:18:18.387+0700] {logging_mixin.py:188} INFO - [2024-04-16T21:18:18.387+0700] {dagbag.py:540} INFO - Filling up the DagBag from /Users/inwpuun/project/final_data_proj/airflow/dags/CheckWebRunning.py
[2024-04-16T21:18:18.393+0700] {processor.py:840} INFO - DAG(s) 'dsde_webcheck' retrieved from /Users/inwpuun/project/final_data_proj/airflow/dags/CheckWebRunning.py
[2024-04-16T21:18:18.464+0700] {logging_mixin.py:188} INFO - [2024-04-16T21:18:18.464+0700] {dag.py:3096} INFO - Sync 1 DAGs
[2024-04-16T21:18:18.475+0700] {logging_mixin.py:188} INFO - [2024-04-16T21:18:18.474+0700] {dag.py:3954} INFO - Setting next_dagrun for dsde_webcheck to 2024-04-16 00:00:00+00:00, run_after=2024-04-17 00:00:00+00:00
[2024-04-16T21:18:18.485+0700] {processor.py:183} INFO - Processing /Users/inwpuun/project/final_data_proj/airflow/dags/CheckWebRunning.py took 0.102 seconds
[2024-04-16T21:19:33.336+0700] {processor.py:161} INFO - Started process (PID=61602) to work on /Users/inwpuun/project/final_data_proj/airflow/dags/CheckWebRunning.py
[2024-04-16T21:19:33.337+0700] {processor.py:830} INFO - Processing file /Users/inwpuun/project/final_data_proj/airflow/dags/CheckWebRunning.py for tasks to queue
[2024-04-16T21:19:33.338+0700] {logging_mixin.py:188} INFO - [2024-04-16T21:19:33.338+0700] {dagbag.py:540} INFO - Filling up the DagBag from /Users/inwpuun/project/final_data_proj/airflow/dags/CheckWebRunning.py
[2024-04-16T21:19:33.342+0700] {processor.py:840} INFO - DAG(s) 'dsde_webcheck' retrieved from /Users/inwpuun/project/final_data_proj/airflow/dags/CheckWebRunning.py
[2024-04-16T21:19:33.404+0700] {logging_mixin.py:188} INFO - [2024-04-16T21:19:33.404+0700] {dag.py:3096} INFO - Sync 1 DAGs
[2024-04-16T21:19:33.414+0700] {logging_mixin.py:188} INFO - [2024-04-16T21:19:33.414+0700] {dag.py:3954} INFO - Setting next_dagrun for dsde_webcheck to 2024-04-16 00:00:00+00:00, run_after=2024-04-17 00:00:00+00:00
[2024-04-16T21:19:33.425+0700] {processor.py:183} INFO - Processing /Users/inwpuun/project/final_data_proj/airflow/dags/CheckWebRunning.py took 0.091 seconds
[2024-04-16T21:20:50.938+0700] {processor.py:161} INFO - Started process (PID=61950) to work on /Users/inwpuun/project/final_data_proj/airflow/dags/CheckWebRunning.py
[2024-04-16T21:20:50.939+0700] {processor.py:830} INFO - Processing file /Users/inwpuun/project/final_data_proj/airflow/dags/CheckWebRunning.py for tasks to queue
[2024-04-16T21:20:50.939+0700] {logging_mixin.py:188} INFO - [2024-04-16T21:20:50.939+0700] {dagbag.py:540} INFO - Filling up the DagBag from /Users/inwpuun/project/final_data_proj/airflow/dags/CheckWebRunning.py
[2024-04-16T21:20:50.944+0700] {processor.py:840} INFO - DAG(s) 'dsde_webcheck' retrieved from /Users/inwpuun/project/final_data_proj/airflow/dags/CheckWebRunning.py
[2024-04-16T21:20:51.009+0700] {logging_mixin.py:188} INFO - [2024-04-16T21:20:51.008+0700] {dag.py:3096} INFO - Sync 1 DAGs
[2024-04-16T21:20:51.019+0700] {logging_mixin.py:188} INFO - [2024-04-16T21:20:51.019+0700] {dag.py:3954} INFO - Setting next_dagrun for dsde_webcheck to 2024-04-16 00:00:00+00:00, run_after=2024-04-17 00:00:00+00:00
[2024-04-16T21:20:51.029+0700] {processor.py:183} INFO - Processing /Users/inwpuun/project/final_data_proj/airflow/dags/CheckWebRunning.py took 0.093 seconds
[2024-04-16T21:22:14.679+0700] {processor.py:161} INFO - Started process (PID=62619) to work on /Users/inwpuun/project/final_data_proj/airflow/dags/CheckWebRunning.py
[2024-04-16T21:22:14.681+0700] {processor.py:830} INFO - Processing file /Users/inwpuun/project/final_data_proj/airflow/dags/CheckWebRunning.py for tasks to queue
[2024-04-16T21:22:14.681+0700] {logging_mixin.py:188} INFO - [2024-04-16T21:22:14.681+0700] {dagbag.py:540} INFO - Filling up the DagBag from /Users/inwpuun/project/final_data_proj/airflow/dags/CheckWebRunning.py
[2024-04-16T21:22:14.686+0700] {processor.py:840} INFO - DAG(s) 'dsde_webcheck' retrieved from /Users/inwpuun/project/final_data_proj/airflow/dags/CheckWebRunning.py
[2024-04-16T21:22:14.760+0700] {logging_mixin.py:188} INFO - [2024-04-16T21:22:14.760+0700] {dag.py:3096} INFO - Sync 1 DAGs
[2024-04-16T21:22:14.772+0700] {logging_mixin.py:188} INFO - [2024-04-16T21:22:14.772+0700] {dag.py:3954} INFO - Setting next_dagrun for dsde_webcheck to 2024-04-16 00:00:00+00:00, run_after=2024-04-17 00:00:00+00:00
[2024-04-16T21:22:14.785+0700] {processor.py:183} INFO - Processing /Users/inwpuun/project/final_data_proj/airflow/dags/CheckWebRunning.py took 0.108 seconds
[2024-04-16T21:23:50.278+0700] {processor.py:161} INFO - Started process (PID=63441) to work on /Users/inwpuun/project/final_data_proj/airflow/dags/CheckWebRunning.py
[2024-04-16T21:23:50.280+0700] {processor.py:830} INFO - Processing file /Users/inwpuun/project/final_data_proj/airflow/dags/CheckWebRunning.py for tasks to queue
[2024-04-16T21:23:50.280+0700] {logging_mixin.py:188} INFO - [2024-04-16T21:23:50.280+0700] {dagbag.py:540} INFO - Filling up the DagBag from /Users/inwpuun/project/final_data_proj/airflow/dags/CheckWebRunning.py
[2024-04-16T21:23:50.286+0700] {processor.py:840} INFO - DAG(s) 'dsde_webcheck' retrieved from /Users/inwpuun/project/final_data_proj/airflow/dags/CheckWebRunning.py
[2024-04-16T21:23:50.356+0700] {logging_mixin.py:188} INFO - [2024-04-16T21:23:50.356+0700] {dag.py:3096} INFO - Sync 1 DAGs
[2024-04-16T21:23:50.368+0700] {logging_mixin.py:188} INFO - [2024-04-16T21:23:50.368+0700] {dag.py:3954} INFO - Setting next_dagrun for dsde_webcheck to 2024-04-16 00:00:00+00:00, run_after=2024-04-17 00:00:00+00:00
[2024-04-16T21:23:50.381+0700] {processor.py:183} INFO - Processing /Users/inwpuun/project/final_data_proj/airflow/dags/CheckWebRunning.py took 0.104 seconds
[2024-04-16T21:25:19.712+0700] {processor.py:161} INFO - Started process (PID=63904) to work on /Users/inwpuun/project/final_data_proj/airflow/dags/CheckWebRunning.py
[2024-04-16T21:25:19.714+0700] {processor.py:830} INFO - Processing file /Users/inwpuun/project/final_data_proj/airflow/dags/CheckWebRunning.py for tasks to queue
[2024-04-16T21:25:19.714+0700] {logging_mixin.py:188} INFO - [2024-04-16T21:25:19.714+0700] {dagbag.py:540} INFO - Filling up the DagBag from /Users/inwpuun/project/final_data_proj/airflow/dags/CheckWebRunning.py
[2024-04-16T21:25:19.719+0700] {processor.py:840} INFO - DAG(s) 'dsde_webcheck' retrieved from /Users/inwpuun/project/final_data_proj/airflow/dags/CheckWebRunning.py
[2024-04-16T21:25:19.781+0700] {logging_mixin.py:188} INFO - [2024-04-16T21:25:19.781+0700] {dag.py:3096} INFO - Sync 1 DAGs
[2024-04-16T21:25:19.792+0700] {logging_mixin.py:188} INFO - [2024-04-16T21:25:19.792+0700] {dag.py:3954} INFO - Setting next_dagrun for dsde_webcheck to 2024-04-16 00:00:00+00:00, run_after=2024-04-17 00:00:00+00:00
[2024-04-16T21:25:19.802+0700] {processor.py:183} INFO - Processing /Users/inwpuun/project/final_data_proj/airflow/dags/CheckWebRunning.py took 0.092 seconds
[2024-04-16T21:26:45.034+0700] {processor.py:161} INFO - Started process (PID=64311) to work on /Users/inwpuun/project/final_data_proj/airflow/dags/CheckWebRunning.py
[2024-04-16T21:26:45.037+0700] {processor.py:830} INFO - Processing file /Users/inwpuun/project/final_data_proj/airflow/dags/CheckWebRunning.py for tasks to queue
[2024-04-16T21:26:45.037+0700] {logging_mixin.py:188} INFO - [2024-04-16T21:26:45.037+0700] {dagbag.py:540} INFO - Filling up the DagBag from /Users/inwpuun/project/final_data_proj/airflow/dags/CheckWebRunning.py
[2024-04-16T21:26:45.047+0700] {processor.py:840} INFO - DAG(s) 'dsde_webcheck' retrieved from /Users/inwpuun/project/final_data_proj/airflow/dags/CheckWebRunning.py
[2024-04-16T21:26:45.147+0700] {logging_mixin.py:188} INFO - [2024-04-16T21:26:45.146+0700] {dag.py:3096} INFO - Sync 1 DAGs
[2024-04-16T21:26:45.162+0700] {logging_mixin.py:188} INFO - [2024-04-16T21:26:45.162+0700] {dag.py:3954} INFO - Setting next_dagrun for dsde_webcheck to 2024-04-16 00:00:00+00:00, run_after=2024-04-17 00:00:00+00:00
[2024-04-16T21:26:45.180+0700] {processor.py:183} INFO - Processing /Users/inwpuun/project/final_data_proj/airflow/dags/CheckWebRunning.py took 0.148 seconds
[2024-04-16T21:28:15.154+0700] {processor.py:161} INFO - Started process (PID=64763) to work on /Users/inwpuun/project/final_data_proj/airflow/dags/CheckWebRunning.py
[2024-04-16T21:28:15.155+0700] {processor.py:830} INFO - Processing file /Users/inwpuun/project/final_data_proj/airflow/dags/CheckWebRunning.py for tasks to queue
[2024-04-16T21:28:15.155+0700] {logging_mixin.py:188} INFO - [2024-04-16T21:28:15.155+0700] {dagbag.py:540} INFO - Filling up the DagBag from /Users/inwpuun/project/final_data_proj/airflow/dags/CheckWebRunning.py
[2024-04-16T21:28:15.160+0700] {processor.py:840} INFO - DAG(s) 'dsde_webcheck' retrieved from /Users/inwpuun/project/final_data_proj/airflow/dags/CheckWebRunning.py
[2024-04-16T21:28:15.228+0700] {logging_mixin.py:188} INFO - [2024-04-16T21:28:15.227+0700] {dag.py:3096} INFO - Sync 1 DAGs
[2024-04-16T21:28:15.240+0700] {logging_mixin.py:188} INFO - [2024-04-16T21:28:15.240+0700] {dag.py:3954} INFO - Setting next_dagrun for dsde_webcheck to 2024-04-16 00:00:00+00:00, run_after=2024-04-17 00:00:00+00:00
[2024-04-16T21:28:15.252+0700] {processor.py:183} INFO - Processing /Users/inwpuun/project/final_data_proj/airflow/dags/CheckWebRunning.py took 0.100 seconds
[2024-04-16T21:29:36.028+0700] {processor.py:161} INFO - Started process (PID=65136) to work on /Users/inwpuun/project/final_data_proj/airflow/dags/CheckWebRunning.py
[2024-04-16T21:29:36.029+0700] {processor.py:830} INFO - Processing file /Users/inwpuun/project/final_data_proj/airflow/dags/CheckWebRunning.py for tasks to queue
[2024-04-16T21:29:36.029+0700] {logging_mixin.py:188} INFO - [2024-04-16T21:29:36.029+0700] {dagbag.py:540} INFO - Filling up the DagBag from /Users/inwpuun/project/final_data_proj/airflow/dags/CheckWebRunning.py
[2024-04-16T21:29:36.033+0700] {processor.py:840} INFO - DAG(s) 'dsde_webcheck' retrieved from /Users/inwpuun/project/final_data_proj/airflow/dags/CheckWebRunning.py
[2024-04-16T21:29:36.095+0700] {logging_mixin.py:188} INFO - [2024-04-16T21:29:36.095+0700] {dag.py:3096} INFO - Sync 1 DAGs
[2024-04-16T21:29:36.106+0700] {logging_mixin.py:188} INFO - [2024-04-16T21:29:36.105+0700] {dag.py:3954} INFO - Setting next_dagrun for dsde_webcheck to 2024-04-16 00:00:00+00:00, run_after=2024-04-17 00:00:00+00:00
[2024-04-16T21:29:36.118+0700] {processor.py:183} INFO - Processing /Users/inwpuun/project/final_data_proj/airflow/dags/CheckWebRunning.py took 0.092 seconds
[2024-04-16T21:31:04.570+0700] {processor.py:161} INFO - Started process (PID=65553) to work on /Users/inwpuun/project/final_data_proj/airflow/dags/CheckWebRunning.py
[2024-04-16T21:31:04.571+0700] {processor.py:830} INFO - Processing file /Users/inwpuun/project/final_data_proj/airflow/dags/CheckWebRunning.py for tasks to queue
[2024-04-16T21:31:04.571+0700] {logging_mixin.py:188} INFO - [2024-04-16T21:31:04.571+0700] {dagbag.py:540} INFO - Filling up the DagBag from /Users/inwpuun/project/final_data_proj/airflow/dags/CheckWebRunning.py
[2024-04-16T21:31:04.575+0700] {processor.py:840} INFO - DAG(s) 'dsde_webcheck' retrieved from /Users/inwpuun/project/final_data_proj/airflow/dags/CheckWebRunning.py
[2024-04-16T21:31:04.638+0700] {logging_mixin.py:188} INFO - [2024-04-16T21:31:04.638+0700] {dag.py:3096} INFO - Sync 1 DAGs
[2024-04-16T21:31:04.648+0700] {logging_mixin.py:188} INFO - [2024-04-16T21:31:04.648+0700] {dag.py:3954} INFO - Setting next_dagrun for dsde_webcheck to 2024-04-16 00:00:00+00:00, run_after=2024-04-17 00:00:00+00:00
[2024-04-16T21:31:04.659+0700] {processor.py:183} INFO - Processing /Users/inwpuun/project/final_data_proj/airflow/dags/CheckWebRunning.py took 0.090 seconds
[2024-04-16T21:32:22.438+0700] {processor.py:161} INFO - Started process (PID=65908) to work on /Users/inwpuun/project/final_data_proj/airflow/dags/CheckWebRunning.py
[2024-04-16T21:32:22.439+0700] {processor.py:830} INFO - Processing file /Users/inwpuun/project/final_data_proj/airflow/dags/CheckWebRunning.py for tasks to queue
[2024-04-16T21:32:22.439+0700] {logging_mixin.py:188} INFO - [2024-04-16T21:32:22.439+0700] {dagbag.py:540} INFO - Filling up the DagBag from /Users/inwpuun/project/final_data_proj/airflow/dags/CheckWebRunning.py
[2024-04-16T21:32:22.444+0700] {processor.py:840} INFO - DAG(s) 'dsde_webcheck' retrieved from /Users/inwpuun/project/final_data_proj/airflow/dags/CheckWebRunning.py
[2024-04-16T21:32:22.511+0700] {logging_mixin.py:188} INFO - [2024-04-16T21:32:22.511+0700] {dag.py:3096} INFO - Sync 1 DAGs
[2024-04-16T21:32:22.522+0700] {logging_mixin.py:188} INFO - [2024-04-16T21:32:22.522+0700] {dag.py:3954} INFO - Setting next_dagrun for dsde_webcheck to 2024-04-16 00:00:00+00:00, run_after=2024-04-17 00:00:00+00:00
[2024-04-16T21:32:22.533+0700] {processor.py:183} INFO - Processing /Users/inwpuun/project/final_data_proj/airflow/dags/CheckWebRunning.py took 0.097 seconds
[2024-04-16T21:33:45.714+0700] {processor.py:161} INFO - Started process (PID=66298) to work on /Users/inwpuun/project/final_data_proj/airflow/dags/CheckWebRunning.py
[2024-04-16T21:33:45.715+0700] {processor.py:830} INFO - Processing file /Users/inwpuun/project/final_data_proj/airflow/dags/CheckWebRunning.py for tasks to queue
[2024-04-16T21:33:45.715+0700] {logging_mixin.py:188} INFO - [2024-04-16T21:33:45.715+0700] {dagbag.py:540} INFO - Filling up the DagBag from /Users/inwpuun/project/final_data_proj/airflow/dags/CheckWebRunning.py
[2024-04-16T21:33:45.720+0700] {processor.py:840} INFO - DAG(s) 'dsde_webcheck' retrieved from /Users/inwpuun/project/final_data_proj/airflow/dags/CheckWebRunning.py
[2024-04-16T21:33:45.792+0700] {logging_mixin.py:188} INFO - [2024-04-16T21:33:45.791+0700] {dag.py:3096} INFO - Sync 1 DAGs
[2024-04-16T21:33:45.803+0700] {logging_mixin.py:188} INFO - [2024-04-16T21:33:45.803+0700] {dag.py:3954} INFO - Setting next_dagrun for dsde_webcheck to 2024-04-16 00:00:00+00:00, run_after=2024-04-17 00:00:00+00:00
[2024-04-16T21:33:45.813+0700] {processor.py:183} INFO - Processing /Users/inwpuun/project/final_data_proj/airflow/dags/CheckWebRunning.py took 0.102 seconds
[2024-04-16T21:35:07.679+0700] {processor.py:161} INFO - Started process (PID=66688) to work on /Users/inwpuun/project/final_data_proj/airflow/dags/CheckWebRunning.py
[2024-04-16T21:35:07.680+0700] {processor.py:830} INFO - Processing file /Users/inwpuun/project/final_data_proj/airflow/dags/CheckWebRunning.py for tasks to queue
[2024-04-16T21:35:07.680+0700] {logging_mixin.py:188} INFO - [2024-04-16T21:35:07.680+0700] {dagbag.py:540} INFO - Filling up the DagBag from /Users/inwpuun/project/final_data_proj/airflow/dags/CheckWebRunning.py
[2024-04-16T21:35:07.685+0700] {processor.py:840} INFO - DAG(s) 'dsde_webcheck' retrieved from /Users/inwpuun/project/final_data_proj/airflow/dags/CheckWebRunning.py
[2024-04-16T21:35:07.746+0700] {logging_mixin.py:188} INFO - [2024-04-16T21:35:07.746+0700] {dag.py:3096} INFO - Sync 1 DAGs
[2024-04-16T21:35:07.757+0700] {logging_mixin.py:188} INFO - [2024-04-16T21:35:07.757+0700] {dag.py:3954} INFO - Setting next_dagrun for dsde_webcheck to 2024-04-16 00:00:00+00:00, run_after=2024-04-17 00:00:00+00:00
[2024-04-16T21:35:07.770+0700] {processor.py:183} INFO - Processing /Users/inwpuun/project/final_data_proj/airflow/dags/CheckWebRunning.py took 0.092 seconds
[2024-04-16T21:36:27.042+0700] {processor.py:161} INFO - Started process (PID=67100) to work on /Users/inwpuun/project/final_data_proj/airflow/dags/CheckWebRunning.py
[2024-04-16T21:36:27.043+0700] {processor.py:830} INFO - Processing file /Users/inwpuun/project/final_data_proj/airflow/dags/CheckWebRunning.py for tasks to queue
[2024-04-16T21:36:27.043+0700] {logging_mixin.py:188} INFO - [2024-04-16T21:36:27.043+0700] {dagbag.py:540} INFO - Filling up the DagBag from /Users/inwpuun/project/final_data_proj/airflow/dags/CheckWebRunning.py
[2024-04-16T21:36:27.047+0700] {processor.py:840} INFO - DAG(s) 'dsde_webcheck' retrieved from /Users/inwpuun/project/final_data_proj/airflow/dags/CheckWebRunning.py
[2024-04-16T21:36:27.109+0700] {logging_mixin.py:188} INFO - [2024-04-16T21:36:27.109+0700] {dag.py:3096} INFO - Sync 1 DAGs
[2024-04-16T21:36:27.121+0700] {logging_mixin.py:188} INFO - [2024-04-16T21:36:27.121+0700] {dag.py:3954} INFO - Setting next_dagrun for dsde_webcheck to 2024-04-16 00:00:00+00:00, run_after=2024-04-17 00:00:00+00:00
[2024-04-16T21:36:27.132+0700] {processor.py:183} INFO - Processing /Users/inwpuun/project/final_data_proj/airflow/dags/CheckWebRunning.py took 0.091 seconds
[2024-04-16T21:37:45.205+0700] {processor.py:161} INFO - Started process (PID=67498) to work on /Users/inwpuun/project/final_data_proj/airflow/dags/CheckWebRunning.py
[2024-04-16T21:37:45.206+0700] {processor.py:830} INFO - Processing file /Users/inwpuun/project/final_data_proj/airflow/dags/CheckWebRunning.py for tasks to queue
[2024-04-16T21:37:45.206+0700] {logging_mixin.py:188} INFO - [2024-04-16T21:37:45.206+0700] {dagbag.py:540} INFO - Filling up the DagBag from /Users/inwpuun/project/final_data_proj/airflow/dags/CheckWebRunning.py
[2024-04-16T21:37:45.210+0700] {processor.py:840} INFO - DAG(s) 'dsde_webcheck' retrieved from /Users/inwpuun/project/final_data_proj/airflow/dags/CheckWebRunning.py
[2024-04-16T21:37:45.273+0700] {logging_mixin.py:188} INFO - [2024-04-16T21:37:45.273+0700] {dag.py:3096} INFO - Sync 1 DAGs
[2024-04-16T21:37:45.285+0700] {logging_mixin.py:188} INFO - [2024-04-16T21:37:45.285+0700] {dag.py:3954} INFO - Setting next_dagrun for dsde_webcheck to 2024-04-16 00:00:00+00:00, run_after=2024-04-17 00:00:00+00:00
[2024-04-16T21:37:45.306+0700] {processor.py:183} INFO - Processing /Users/inwpuun/project/final_data_proj/airflow/dags/CheckWebRunning.py took 0.102 seconds
[2024-04-16T21:39:16.741+0700] {processor.py:161} INFO - Started process (PID=68032) to work on /Users/inwpuun/project/final_data_proj/airflow/dags/CheckWebRunning.py
[2024-04-16T21:39:16.742+0700] {processor.py:830} INFO - Processing file /Users/inwpuun/project/final_data_proj/airflow/dags/CheckWebRunning.py for tasks to queue
[2024-04-16T21:39:16.742+0700] {logging_mixin.py:188} INFO - [2024-04-16T21:39:16.742+0700] {dagbag.py:540} INFO - Filling up the DagBag from /Users/inwpuun/project/final_data_proj/airflow/dags/CheckWebRunning.py
[2024-04-16T21:39:16.747+0700] {processor.py:840} INFO - DAG(s) 'dsde_webcheck' retrieved from /Users/inwpuun/project/final_data_proj/airflow/dags/CheckWebRunning.py
[2024-04-16T21:39:16.813+0700] {logging_mixin.py:188} INFO - [2024-04-16T21:39:16.813+0700] {dag.py:3096} INFO - Sync 1 DAGs
[2024-04-16T21:39:16.823+0700] {logging_mixin.py:188} INFO - [2024-04-16T21:39:16.823+0700] {dag.py:3954} INFO - Setting next_dagrun for dsde_webcheck to 2024-04-16 00:00:00+00:00, run_after=2024-04-17 00:00:00+00:00
[2024-04-16T21:39:16.834+0700] {processor.py:183} INFO - Processing /Users/inwpuun/project/final_data_proj/airflow/dags/CheckWebRunning.py took 0.098 seconds
[2024-04-16T21:40:45.516+0700] {processor.py:161} INFO - Started process (PID=68447) to work on /Users/inwpuun/project/final_data_proj/airflow/dags/CheckWebRunning.py
[2024-04-16T21:40:45.516+0700] {processor.py:830} INFO - Processing file /Users/inwpuun/project/final_data_proj/airflow/dags/CheckWebRunning.py for tasks to queue
[2024-04-16T21:40:45.561+0700] {logging_mixin.py:188} INFO - [2024-04-16T21:40:45.560+0700] {dagbag.py:540} INFO - Filling up the DagBag from /Users/inwpuun/project/final_data_proj/airflow/dags/CheckWebRunning.py
[2024-04-16T21:40:45.568+0700] {processor.py:840} INFO - DAG(s) 'dsde_webcheck' retrieved from /Users/inwpuun/project/final_data_proj/airflow/dags/CheckWebRunning.py
[2024-04-16T21:40:45.631+0700] {logging_mixin.py:188} INFO - [2024-04-16T21:40:45.631+0700] {dag.py:3096} INFO - Sync 1 DAGs
[2024-04-16T21:40:45.641+0700] {logging_mixin.py:188} INFO - [2024-04-16T21:40:45.641+0700] {dag.py:3954} INFO - Setting next_dagrun for dsde_webcheck to 2024-04-16 00:00:00+00:00, run_after=2024-04-17 00:00:00+00:00
[2024-04-16T21:40:45.652+0700] {processor.py:183} INFO - Processing /Users/inwpuun/project/final_data_proj/airflow/dags/CheckWebRunning.py took 0.138 seconds
[2024-04-16T21:42:36.023+0700] {processor.py:161} INFO - Started process (PID=68958) to work on /Users/inwpuun/project/final_data_proj/airflow/dags/CheckWebRunning.py
[2024-04-16T21:42:36.024+0700] {processor.py:830} INFO - Processing file /Users/inwpuun/project/final_data_proj/airflow/dags/CheckWebRunning.py for tasks to queue
[2024-04-16T21:42:36.025+0700] {logging_mixin.py:188} INFO - [2024-04-16T21:42:36.025+0700] {dagbag.py:540} INFO - Filling up the DagBag from /Users/inwpuun/project/final_data_proj/airflow/dags/CheckWebRunning.py
[2024-04-16T21:42:36.032+0700] {processor.py:840} INFO - DAG(s) 'dsde_webcheck' retrieved from /Users/inwpuun/project/final_data_proj/airflow/dags/CheckWebRunning.py
[2024-04-16T21:42:36.121+0700] {logging_mixin.py:188} INFO - [2024-04-16T21:42:36.121+0700] {dag.py:3096} INFO - Sync 1 DAGs
[2024-04-16T21:42:36.135+0700] {logging_mixin.py:188} INFO - [2024-04-16T21:42:36.134+0700] {dag.py:3954} INFO - Setting next_dagrun for dsde_webcheck to 2024-04-16 00:00:00+00:00, run_after=2024-04-17 00:00:00+00:00
[2024-04-16T21:42:36.154+0700] {processor.py:183} INFO - Processing /Users/inwpuun/project/final_data_proj/airflow/dags/CheckWebRunning.py took 0.133 seconds
[2024-04-16T21:44:17.228+0700] {processor.py:161} INFO - Started process (PID=69417) to work on /Users/inwpuun/project/final_data_proj/airflow/dags/CheckWebRunning.py
[2024-04-16T21:44:17.229+0700] {processor.py:830} INFO - Processing file /Users/inwpuun/project/final_data_proj/airflow/dags/CheckWebRunning.py for tasks to queue
[2024-04-16T21:44:17.230+0700] {logging_mixin.py:188} INFO - [2024-04-16T21:44:17.230+0700] {dagbag.py:540} INFO - Filling up the DagBag from /Users/inwpuun/project/final_data_proj/airflow/dags/CheckWebRunning.py
[2024-04-16T21:44:17.236+0700] {processor.py:840} INFO - DAG(s) 'dsde_webcheck' retrieved from /Users/inwpuun/project/final_data_proj/airflow/dags/CheckWebRunning.py
[2024-04-16T21:44:17.334+0700] {logging_mixin.py:188} INFO - [2024-04-16T21:44:17.334+0700] {dag.py:3096} INFO - Sync 1 DAGs
[2024-04-16T21:44:17.348+0700] {logging_mixin.py:188} INFO - [2024-04-16T21:44:17.348+0700] {dag.py:3954} INFO - Setting next_dagrun for dsde_webcheck to 2024-04-16 00:00:00+00:00, run_after=2024-04-17 00:00:00+00:00
[2024-04-16T21:44:17.365+0700] {processor.py:183} INFO - Processing /Users/inwpuun/project/final_data_proj/airflow/dags/CheckWebRunning.py took 0.139 seconds
[2024-04-16T21:45:39.261+0700] {processor.py:161} INFO - Started process (PID=69788) to work on /Users/inwpuun/project/final_data_proj/airflow/dags/CheckWebRunning.py
[2024-04-16T21:45:39.262+0700] {processor.py:830} INFO - Processing file /Users/inwpuun/project/final_data_proj/airflow/dags/CheckWebRunning.py for tasks to queue
[2024-04-16T21:45:39.262+0700] {logging_mixin.py:188} INFO - [2024-04-16T21:45:39.262+0700] {dagbag.py:540} INFO - Filling up the DagBag from /Users/inwpuun/project/final_data_proj/airflow/dags/CheckWebRunning.py
[2024-04-16T21:45:39.267+0700] {processor.py:840} INFO - DAG(s) 'dsde_webcheck' retrieved from /Users/inwpuun/project/final_data_proj/airflow/dags/CheckWebRunning.py
[2024-04-16T21:45:39.338+0700] {logging_mixin.py:188} INFO - [2024-04-16T21:45:39.338+0700] {dag.py:3096} INFO - Sync 1 DAGs
[2024-04-16T21:45:39.350+0700] {logging_mixin.py:188} INFO - [2024-04-16T21:45:39.349+0700] {dag.py:3954} INFO - Setting next_dagrun for dsde_webcheck to 2024-04-16 00:00:00+00:00, run_after=2024-04-17 00:00:00+00:00
[2024-04-16T21:45:39.361+0700] {processor.py:183} INFO - Processing /Users/inwpuun/project/final_data_proj/airflow/dags/CheckWebRunning.py took 0.103 seconds
[2024-04-16T21:47:32.491+0700] {processor.py:161} INFO - Started process (PID=70296) to work on /Users/inwpuun/project/final_data_proj/airflow/dags/CheckWebRunning.py
[2024-04-16T21:47:32.492+0700] {processor.py:830} INFO - Processing file /Users/inwpuun/project/final_data_proj/airflow/dags/CheckWebRunning.py for tasks to queue
[2024-04-16T21:47:32.492+0700] {logging_mixin.py:188} INFO - [2024-04-16T21:47:32.492+0700] {dagbag.py:540} INFO - Filling up the DagBag from /Users/inwpuun/project/final_data_proj/airflow/dags/CheckWebRunning.py
[2024-04-16T21:47:32.498+0700] {processor.py:840} INFO - DAG(s) 'dsde_webcheck' retrieved from /Users/inwpuun/project/final_data_proj/airflow/dags/CheckWebRunning.py
[2024-04-16T21:47:32.566+0700] {logging_mixin.py:188} INFO - [2024-04-16T21:47:32.566+0700] {dag.py:3096} INFO - Sync 1 DAGs
[2024-04-16T21:47:32.577+0700] {logging_mixin.py:188} INFO - [2024-04-16T21:47:32.577+0700] {dag.py:3954} INFO - Setting next_dagrun for dsde_webcheck to 2024-04-16 00:00:00+00:00, run_after=2024-04-17 00:00:00+00:00
[2024-04-16T21:47:32.589+0700] {processor.py:183} INFO - Processing /Users/inwpuun/project/final_data_proj/airflow/dags/CheckWebRunning.py took 0.100 seconds
[2024-04-16T21:49:32.811+0700] {processor.py:161} INFO - Started process (PID=70848) to work on /Users/inwpuun/project/final_data_proj/airflow/dags/CheckWebRunning.py
[2024-04-16T21:49:32.812+0700] {processor.py:830} INFO - Processing file /Users/inwpuun/project/final_data_proj/airflow/dags/CheckWebRunning.py for tasks to queue
[2024-04-16T21:49:32.813+0700] {logging_mixin.py:188} INFO - [2024-04-16T21:49:32.813+0700] {dagbag.py:540} INFO - Filling up the DagBag from /Users/inwpuun/project/final_data_proj/airflow/dags/CheckWebRunning.py
[2024-04-16T21:49:32.818+0700] {processor.py:840} INFO - DAG(s) 'dsde_webcheck' retrieved from /Users/inwpuun/project/final_data_proj/airflow/dags/CheckWebRunning.py
[2024-04-16T21:49:32.892+0700] {logging_mixin.py:188} INFO - [2024-04-16T21:49:32.892+0700] {dag.py:3096} INFO - Sync 1 DAGs
[2024-04-16T21:49:32.903+0700] {logging_mixin.py:188} INFO - [2024-04-16T21:49:32.903+0700] {dag.py:3954} INFO - Setting next_dagrun for dsde_webcheck to 2024-04-16 00:00:00+00:00, run_after=2024-04-17 00:00:00+00:00
[2024-04-16T21:49:32.915+0700] {processor.py:183} INFO - Processing /Users/inwpuun/project/final_data_proj/airflow/dags/CheckWebRunning.py took 0.106 seconds
[2024-04-16T21:51:27.955+0700] {processor.py:161} INFO - Started process (PID=71527) to work on /Users/inwpuun/project/final_data_proj/airflow/dags/CheckWebRunning.py
[2024-04-16T21:51:27.955+0700] {processor.py:830} INFO - Processing file /Users/inwpuun/project/final_data_proj/airflow/dags/CheckWebRunning.py for tasks to queue
[2024-04-16T21:51:27.956+0700] {logging_mixin.py:188} INFO - [2024-04-16T21:51:27.956+0700] {dagbag.py:540} INFO - Filling up the DagBag from /Users/inwpuun/project/final_data_proj/airflow/dags/CheckWebRunning.py
[2024-04-16T21:51:27.961+0700] {processor.py:840} INFO - DAG(s) 'dsde_webcheck' retrieved from /Users/inwpuun/project/final_data_proj/airflow/dags/CheckWebRunning.py
[2024-04-16T21:51:28.025+0700] {logging_mixin.py:188} INFO - [2024-04-16T21:51:28.025+0700] {dag.py:3096} INFO - Sync 1 DAGs
[2024-04-16T21:51:28.036+0700] {logging_mixin.py:188} INFO - [2024-04-16T21:51:28.036+0700] {dag.py:3954} INFO - Setting next_dagrun for dsde_webcheck to 2024-04-16 00:00:00+00:00, run_after=2024-04-17 00:00:00+00:00
[2024-04-16T21:51:28.047+0700] {processor.py:183} INFO - Processing /Users/inwpuun/project/final_data_proj/airflow/dags/CheckWebRunning.py took 0.096 seconds
[2024-04-16T21:54:06.497+0700] {processor.py:161} INFO - Started process (PID=72502) to work on /Users/inwpuun/project/final_data_proj/airflow/dags/CheckWebRunning.py
[2024-04-16T21:54:06.497+0700] {processor.py:830} INFO - Processing file /Users/inwpuun/project/final_data_proj/airflow/dags/CheckWebRunning.py for tasks to queue
[2024-04-16T21:54:06.498+0700] {logging_mixin.py:188} INFO - [2024-04-16T21:54:06.498+0700] {dagbag.py:540} INFO - Filling up the DagBag from /Users/inwpuun/project/final_data_proj/airflow/dags/CheckWebRunning.py
[2024-04-16T21:54:06.502+0700] {processor.py:840} INFO - DAG(s) 'dsde_webcheck' retrieved from /Users/inwpuun/project/final_data_proj/airflow/dags/CheckWebRunning.py
[2024-04-16T21:54:06.570+0700] {logging_mixin.py:188} INFO - [2024-04-16T21:54:06.570+0700] {dag.py:3096} INFO - Sync 1 DAGs
[2024-04-16T21:54:06.581+0700] {logging_mixin.py:188} INFO - [2024-04-16T21:54:06.581+0700] {dag.py:3954} INFO - Setting next_dagrun for dsde_webcheck to 2024-04-16 00:00:00+00:00, run_after=2024-04-17 00:00:00+00:00
[2024-04-16T21:54:06.593+0700] {processor.py:183} INFO - Processing /Users/inwpuun/project/final_data_proj/airflow/dags/CheckWebRunning.py took 0.098 seconds
[2024-04-16T21:55:47.684+0700] {processor.py:161} INFO - Started process (PID=72984) to work on /Users/inwpuun/project/final_data_proj/airflow/dags/CheckWebRunning.py
[2024-04-16T21:55:47.685+0700] {processor.py:830} INFO - Processing file /Users/inwpuun/project/final_data_proj/airflow/dags/CheckWebRunning.py for tasks to queue
[2024-04-16T21:55:47.685+0700] {logging_mixin.py:188} INFO - [2024-04-16T21:55:47.685+0700] {dagbag.py:540} INFO - Filling up the DagBag from /Users/inwpuun/project/final_data_proj/airflow/dags/CheckWebRunning.py
[2024-04-16T21:55:47.690+0700] {processor.py:840} INFO - DAG(s) 'dsde_webcheck' retrieved from /Users/inwpuun/project/final_data_proj/airflow/dags/CheckWebRunning.py
[2024-04-16T21:55:47.753+0700] {logging_mixin.py:188} INFO - [2024-04-16T21:55:47.753+0700] {dag.py:3096} INFO - Sync 1 DAGs
[2024-04-16T21:55:47.765+0700] {logging_mixin.py:188} INFO - [2024-04-16T21:55:47.765+0700] {dag.py:3954} INFO - Setting next_dagrun for dsde_webcheck to 2024-04-16 00:00:00+00:00, run_after=2024-04-17 00:00:00+00:00
[2024-04-16T21:55:47.776+0700] {processor.py:183} INFO - Processing /Users/inwpuun/project/final_data_proj/airflow/dags/CheckWebRunning.py took 0.095 seconds
[2024-04-16T21:57:19.325+0700] {processor.py:161} INFO - Started process (PID=73429) to work on /Users/inwpuun/project/final_data_proj/airflow/dags/CheckWebRunning.py
[2024-04-16T21:57:19.326+0700] {processor.py:830} INFO - Processing file /Users/inwpuun/project/final_data_proj/airflow/dags/CheckWebRunning.py for tasks to queue
[2024-04-16T21:57:19.327+0700] {logging_mixin.py:188} INFO - [2024-04-16T21:57:19.327+0700] {dagbag.py:540} INFO - Filling up the DagBag from /Users/inwpuun/project/final_data_proj/airflow/dags/CheckWebRunning.py
[2024-04-16T21:57:19.332+0700] {processor.py:840} INFO - DAG(s) 'dsde_webcheck' retrieved from /Users/inwpuun/project/final_data_proj/airflow/dags/CheckWebRunning.py
[2024-04-16T21:57:19.400+0700] {logging_mixin.py:188} INFO - [2024-04-16T21:57:19.400+0700] {dag.py:3096} INFO - Sync 1 DAGs
[2024-04-16T21:57:19.412+0700] {logging_mixin.py:188} INFO - [2024-04-16T21:57:19.411+0700] {dag.py:3954} INFO - Setting next_dagrun for dsde_webcheck to 2024-04-16 00:00:00+00:00, run_after=2024-04-17 00:00:00+00:00
[2024-04-16T21:57:19.422+0700] {processor.py:183} INFO - Processing /Users/inwpuun/project/final_data_proj/airflow/dags/CheckWebRunning.py took 0.099 seconds
[2024-04-16T21:58:43.479+0700] {processor.py:161} INFO - Started process (PID=74120) to work on /Users/inwpuun/project/final_data_proj/airflow/dags/CheckWebRunning.py
[2024-04-16T21:58:43.480+0700] {processor.py:830} INFO - Processing file /Users/inwpuun/project/final_data_proj/airflow/dags/CheckWebRunning.py for tasks to queue
[2024-04-16T21:58:43.480+0700] {logging_mixin.py:188} INFO - [2024-04-16T21:58:43.480+0700] {dagbag.py:540} INFO - Filling up the DagBag from /Users/inwpuun/project/final_data_proj/airflow/dags/CheckWebRunning.py
[2024-04-16T21:58:43.485+0700] {processor.py:840} INFO - DAG(s) 'dsde_webcheck' retrieved from /Users/inwpuun/project/final_data_proj/airflow/dags/CheckWebRunning.py
[2024-04-16T21:58:43.552+0700] {logging_mixin.py:188} INFO - [2024-04-16T21:58:43.552+0700] {dag.py:3096} INFO - Sync 1 DAGs
[2024-04-16T21:58:43.563+0700] {logging_mixin.py:188} INFO - [2024-04-16T21:58:43.562+0700] {dag.py:3954} INFO - Setting next_dagrun for dsde_webcheck to 2024-04-16 00:00:00+00:00, run_after=2024-04-17 00:00:00+00:00
[2024-04-16T21:58:43.575+0700] {processor.py:183} INFO - Processing /Users/inwpuun/project/final_data_proj/airflow/dags/CheckWebRunning.py took 0.099 seconds
[2024-04-16T22:00:14.152+0700] {processor.py:161} INFO - Started process (PID=74701) to work on /Users/inwpuun/project/final_data_proj/airflow/dags/CheckWebRunning.py
[2024-04-16T22:00:14.155+0700] {processor.py:830} INFO - Processing file /Users/inwpuun/project/final_data_proj/airflow/dags/CheckWebRunning.py for tasks to queue
[2024-04-16T22:00:14.156+0700] {logging_mixin.py:188} INFO - [2024-04-16T22:00:14.155+0700] {dagbag.py:540} INFO - Filling up the DagBag from /Users/inwpuun/project/final_data_proj/airflow/dags/CheckWebRunning.py
[2024-04-16T22:00:14.180+0700] {processor.py:840} INFO - DAG(s) 'dsde_webcheck' retrieved from /Users/inwpuun/project/final_data_proj/airflow/dags/CheckWebRunning.py
[2024-04-16T22:00:14.357+0700] {logging_mixin.py:188} INFO - [2024-04-16T22:00:14.357+0700] {dag.py:3096} INFO - Sync 1 DAGs
[2024-04-16T22:00:14.381+0700] {logging_mixin.py:188} INFO - [2024-04-16T22:00:14.380+0700] {dag.py:3954} INFO - Setting next_dagrun for dsde_webcheck to 2024-04-16 00:00:00+00:00, run_after=2024-04-17 00:00:00+00:00
[2024-04-16T22:00:14.404+0700] {processor.py:183} INFO - Processing /Users/inwpuun/project/final_data_proj/airflow/dags/CheckWebRunning.py took 0.258 seconds
[2024-04-16T22:01:37.174+0700] {processor.py:161} INFO - Started process (PID=75131) to work on /Users/inwpuun/project/final_data_proj/airflow/dags/CheckWebRunning.py
[2024-04-16T22:01:37.175+0700] {processor.py:830} INFO - Processing file /Users/inwpuun/project/final_data_proj/airflow/dags/CheckWebRunning.py for tasks to queue
[2024-04-16T22:01:37.176+0700] {logging_mixin.py:188} INFO - [2024-04-16T22:01:37.175+0700] {dagbag.py:540} INFO - Filling up the DagBag from /Users/inwpuun/project/final_data_proj/airflow/dags/CheckWebRunning.py
[2024-04-16T22:01:37.181+0700] {processor.py:840} INFO - DAG(s) 'dsde_webcheck' retrieved from /Users/inwpuun/project/final_data_proj/airflow/dags/CheckWebRunning.py
[2024-04-16T22:01:37.254+0700] {logging_mixin.py:188} INFO - [2024-04-16T22:01:37.254+0700] {dag.py:3096} INFO - Sync 1 DAGs
[2024-04-16T22:01:37.266+0700] {logging_mixin.py:188} INFO - [2024-04-16T22:01:37.266+0700] {dag.py:3954} INFO - Setting next_dagrun for dsde_webcheck to 2024-04-16 00:00:00+00:00, run_after=2024-04-17 00:00:00+00:00
[2024-04-16T22:01:37.282+0700] {processor.py:183} INFO - Processing /Users/inwpuun/project/final_data_proj/airflow/dags/CheckWebRunning.py took 0.110 seconds
[2024-04-16T22:03:05.474+0700] {processor.py:161} INFO - Started process (PID=75645) to work on /Users/inwpuun/project/final_data_proj/airflow/dags/CheckWebRunning.py
[2024-04-16T22:03:05.475+0700] {processor.py:830} INFO - Processing file /Users/inwpuun/project/final_data_proj/airflow/dags/CheckWebRunning.py for tasks to queue
[2024-04-16T22:03:05.476+0700] {logging_mixin.py:188} INFO - [2024-04-16T22:03:05.476+0700] {dagbag.py:540} INFO - Filling up the DagBag from /Users/inwpuun/project/final_data_proj/airflow/dags/CheckWebRunning.py
[2024-04-16T22:03:05.482+0700] {processor.py:840} INFO - DAG(s) 'dsde_webcheck' retrieved from /Users/inwpuun/project/final_data_proj/airflow/dags/CheckWebRunning.py
[2024-04-16T22:03:05.564+0700] {logging_mixin.py:188} INFO - [2024-04-16T22:03:05.564+0700] {dag.py:3096} INFO - Sync 1 DAGs
[2024-04-16T22:03:05.578+0700] {logging_mixin.py:188} INFO - [2024-04-16T22:03:05.578+0700] {dag.py:3954} INFO - Setting next_dagrun for dsde_webcheck to 2024-04-16 00:00:00+00:00, run_after=2024-04-17 00:00:00+00:00
[2024-04-16T22:03:05.592+0700] {processor.py:183} INFO - Processing /Users/inwpuun/project/final_data_proj/airflow/dags/CheckWebRunning.py took 0.123 seconds
[2024-04-16T22:04:30.568+0700] {processor.py:161} INFO - Started process (PID=76082) to work on /Users/inwpuun/project/final_data_proj/airflow/dags/CheckWebRunning.py
[2024-04-16T22:04:30.569+0700] {processor.py:830} INFO - Processing file /Users/inwpuun/project/final_data_proj/airflow/dags/CheckWebRunning.py for tasks to queue
[2024-04-16T22:04:30.569+0700] {logging_mixin.py:188} INFO - [2024-04-16T22:04:30.569+0700] {dagbag.py:540} INFO - Filling up the DagBag from /Users/inwpuun/project/final_data_proj/airflow/dags/CheckWebRunning.py
[2024-04-16T22:04:30.574+0700] {processor.py:840} INFO - DAG(s) 'dsde_webcheck' retrieved from /Users/inwpuun/project/final_data_proj/airflow/dags/CheckWebRunning.py
[2024-04-16T22:04:30.637+0700] {logging_mixin.py:188} INFO - [2024-04-16T22:04:30.637+0700] {dag.py:3096} INFO - Sync 1 DAGs
[2024-04-16T22:04:30.648+0700] {logging_mixin.py:188} INFO - [2024-04-16T22:04:30.648+0700] {dag.py:3954} INFO - Setting next_dagrun for dsde_webcheck to 2024-04-16 00:00:00+00:00, run_after=2024-04-17 00:00:00+00:00
[2024-04-16T22:04:30.658+0700] {processor.py:183} INFO - Processing /Users/inwpuun/project/final_data_proj/airflow/dags/CheckWebRunning.py took 0.091 seconds
[2024-04-16T22:06:00.981+0700] {processor.py:161} INFO - Started process (PID=76682) to work on /Users/inwpuun/project/final_data_proj/airflow/dags/CheckWebRunning.py
[2024-04-16T22:06:00.982+0700] {processor.py:830} INFO - Processing file /Users/inwpuun/project/final_data_proj/airflow/dags/CheckWebRunning.py for tasks to queue
[2024-04-16T22:06:00.983+0700] {logging_mixin.py:188} INFO - [2024-04-16T22:06:00.983+0700] {dagbag.py:540} INFO - Filling up the DagBag from /Users/inwpuun/project/final_data_proj/airflow/dags/CheckWebRunning.py
[2024-04-16T22:06:00.993+0700] {processor.py:840} INFO - DAG(s) 'dsde_webcheck' retrieved from /Users/inwpuun/project/final_data_proj/airflow/dags/CheckWebRunning.py
[2024-04-16T22:06:01.212+0700] {logging_mixin.py:188} INFO - [2024-04-16T22:06:01.211+0700] {dag.py:3096} INFO - Sync 1 DAGs
[2024-04-16T22:06:01.312+0700] {logging_mixin.py:188} INFO - [2024-04-16T22:06:01.311+0700] {dag.py:3954} INFO - Setting next_dagrun for dsde_webcheck to 2024-04-16 00:00:00+00:00, run_after=2024-04-17 00:00:00+00:00
[2024-04-16T22:06:01.403+0700] {processor.py:183} INFO - Processing /Users/inwpuun/project/final_data_proj/airflow/dags/CheckWebRunning.py took 0.424 seconds
[2024-04-16T22:07:52.230+0700] {processor.py:161} INFO - Started process (PID=77307) to work on /Users/inwpuun/project/final_data_proj/airflow/dags/CheckWebRunning.py
[2024-04-16T22:07:52.233+0700] {processor.py:830} INFO - Processing file /Users/inwpuun/project/final_data_proj/airflow/dags/CheckWebRunning.py for tasks to queue
[2024-04-16T22:07:52.233+0700] {logging_mixin.py:188} INFO - [2024-04-16T22:07:52.233+0700] {dagbag.py:540} INFO - Filling up the DagBag from /Users/inwpuun/project/final_data_proj/airflow/dags/CheckWebRunning.py
[2024-04-16T22:07:52.245+0700] {processor.py:840} INFO - DAG(s) 'dsde_webcheck' retrieved from /Users/inwpuun/project/final_data_proj/airflow/dags/CheckWebRunning.py
[2024-04-16T22:07:52.374+0700] {logging_mixin.py:188} INFO - [2024-04-16T22:07:52.374+0700] {dag.py:3096} INFO - Sync 1 DAGs
[2024-04-16T22:07:52.397+0700] {logging_mixin.py:188} INFO - [2024-04-16T22:07:52.396+0700] {dag.py:3954} INFO - Setting next_dagrun for dsde_webcheck to 2024-04-16 00:00:00+00:00, run_after=2024-04-17 00:00:00+00:00
[2024-04-16T22:07:52.420+0700] {processor.py:183} INFO - Processing /Users/inwpuun/project/final_data_proj/airflow/dags/CheckWebRunning.py took 0.194 seconds
[2024-04-16T22:09:30.839+0700] {processor.py:161} INFO - Started process (PID=77860) to work on /Users/inwpuun/project/final_data_proj/airflow/dags/CheckWebRunning.py
[2024-04-16T22:09:30.840+0700] {processor.py:830} INFO - Processing file /Users/inwpuun/project/final_data_proj/airflow/dags/CheckWebRunning.py for tasks to queue
[2024-04-16T22:09:30.840+0700] {logging_mixin.py:188} INFO - [2024-04-16T22:09:30.840+0700] {dagbag.py:540} INFO - Filling up the DagBag from /Users/inwpuun/project/final_data_proj/airflow/dags/CheckWebRunning.py
[2024-04-16T22:09:30.845+0700] {processor.py:840} INFO - DAG(s) 'dsde_webcheck' retrieved from /Users/inwpuun/project/final_data_proj/airflow/dags/CheckWebRunning.py
[2024-04-16T22:09:30.909+0700] {logging_mixin.py:188} INFO - [2024-04-16T22:09:30.909+0700] {dag.py:3096} INFO - Sync 1 DAGs
[2024-04-16T22:09:30.920+0700] {logging_mixin.py:188} INFO - [2024-04-16T22:09:30.919+0700] {dag.py:3954} INFO - Setting next_dagrun for dsde_webcheck to 2024-04-16 00:00:00+00:00, run_after=2024-04-17 00:00:00+00:00
[2024-04-16T22:09:30.932+0700] {processor.py:183} INFO - Processing /Users/inwpuun/project/final_data_proj/airflow/dags/CheckWebRunning.py took 0.095 seconds
[2024-04-16T22:11:06.205+0700] {processor.py:161} INFO - Started process (PID=78389) to work on /Users/inwpuun/project/final_data_proj/airflow/dags/CheckWebRunning.py
[2024-04-16T22:11:06.206+0700] {processor.py:830} INFO - Processing file /Users/inwpuun/project/final_data_proj/airflow/dags/CheckWebRunning.py for tasks to queue
[2024-04-16T22:11:06.207+0700] {logging_mixin.py:188} INFO - [2024-04-16T22:11:06.207+0700] {dagbag.py:540} INFO - Filling up the DagBag from /Users/inwpuun/project/final_data_proj/airflow/dags/CheckWebRunning.py
[2024-04-16T22:11:06.213+0700] {processor.py:840} INFO - DAG(s) 'dsde_webcheck' retrieved from /Users/inwpuun/project/final_data_proj/airflow/dags/CheckWebRunning.py
[2024-04-16T22:11:06.321+0700] {logging_mixin.py:188} INFO - [2024-04-16T22:11:06.321+0700] {dag.py:3096} INFO - Sync 1 DAGs
[2024-04-16T22:11:06.331+0700] {logging_mixin.py:188} INFO - [2024-04-16T22:11:06.331+0700] {dag.py:3954} INFO - Setting next_dagrun for dsde_webcheck to 2024-04-16 00:00:00+00:00, run_after=2024-04-17 00:00:00+00:00
[2024-04-16T22:11:06.343+0700] {processor.py:183} INFO - Processing /Users/inwpuun/project/final_data_proj/airflow/dags/CheckWebRunning.py took 0.141 seconds
[2024-04-16T22:12:42.969+0700] {processor.py:161} INFO - Started process (PID=78895) to work on /Users/inwpuun/project/final_data_proj/airflow/dags/CheckWebRunning.py
[2024-04-16T22:12:42.970+0700] {processor.py:830} INFO - Processing file /Users/inwpuun/project/final_data_proj/airflow/dags/CheckWebRunning.py for tasks to queue
[2024-04-16T22:12:42.970+0700] {logging_mixin.py:188} INFO - [2024-04-16T22:12:42.970+0700] {dagbag.py:540} INFO - Filling up the DagBag from /Users/inwpuun/project/final_data_proj/airflow/dags/CheckWebRunning.py
[2024-04-16T22:12:42.975+0700] {processor.py:840} INFO - DAG(s) 'dsde_webcheck' retrieved from /Users/inwpuun/project/final_data_proj/airflow/dags/CheckWebRunning.py
[2024-04-16T22:12:43.065+0700] {logging_mixin.py:188} INFO - [2024-04-16T22:12:43.065+0700] {dag.py:3096} INFO - Sync 1 DAGs
[2024-04-16T22:12:43.083+0700] {logging_mixin.py:188} INFO - [2024-04-16T22:12:43.083+0700] {dag.py:3954} INFO - Setting next_dagrun for dsde_webcheck to 2024-04-16 00:00:00+00:00, run_after=2024-04-17 00:00:00+00:00
[2024-04-16T22:12:43.103+0700] {processor.py:183} INFO - Processing /Users/inwpuun/project/final_data_proj/airflow/dags/CheckWebRunning.py took 0.137 seconds
[2024-04-16T22:14:12.918+0700] {processor.py:161} INFO - Started process (PID=79409) to work on /Users/inwpuun/project/final_data_proj/airflow/dags/CheckWebRunning.py
[2024-04-16T22:14:12.919+0700] {processor.py:830} INFO - Processing file /Users/inwpuun/project/final_data_proj/airflow/dags/CheckWebRunning.py for tasks to queue
[2024-04-16T22:14:12.919+0700] {logging_mixin.py:188} INFO - [2024-04-16T22:14:12.919+0700] {dagbag.py:540} INFO - Filling up the DagBag from /Users/inwpuun/project/final_data_proj/airflow/dags/CheckWebRunning.py
[2024-04-16T22:14:12.925+0700] {processor.py:840} INFO - DAG(s) 'dsde_webcheck' retrieved from /Users/inwpuun/project/final_data_proj/airflow/dags/CheckWebRunning.py
[2024-04-16T22:14:12.988+0700] {logging_mixin.py:188} INFO - [2024-04-16T22:14:12.987+0700] {dag.py:3096} INFO - Sync 1 DAGs
[2024-04-16T22:14:12.998+0700] {logging_mixin.py:188} INFO - [2024-04-16T22:14:12.998+0700] {dag.py:3954} INFO - Setting next_dagrun for dsde_webcheck to 2024-04-16 00:00:00+00:00, run_after=2024-04-17 00:00:00+00:00
[2024-04-16T22:14:13.010+0700] {processor.py:183} INFO - Processing /Users/inwpuun/project/final_data_proj/airflow/dags/CheckWebRunning.py took 0.094 seconds
[2024-04-16T22:17:13.740+0700] {processor.py:161} INFO - Started process (PID=80291) to work on /Users/inwpuun/project/final_data_proj/airflow/dags/CheckWebRunning.py
[2024-04-16T22:17:13.743+0700] {processor.py:830} INFO - Processing file /Users/inwpuun/project/final_data_proj/airflow/dags/CheckWebRunning.py for tasks to queue
[2024-04-16T22:17:13.745+0700] {logging_mixin.py:188} INFO - [2024-04-16T22:17:13.744+0700] {dagbag.py:540} INFO - Filling up the DagBag from /Users/inwpuun/project/final_data_proj/airflow/dags/CheckWebRunning.py
[2024-04-16T22:17:13.761+0700] {processor.py:840} INFO - DAG(s) 'dsde_webcheck' retrieved from /Users/inwpuun/project/final_data_proj/airflow/dags/CheckWebRunning.py
[2024-04-16T22:17:14.042+0700] {logging_mixin.py:188} INFO - [2024-04-16T22:17:14.042+0700] {dag.py:3096} INFO - Sync 1 DAGs
[2024-04-16T22:17:14.076+0700] {logging_mixin.py:188} INFO - [2024-04-16T22:17:14.075+0700] {dag.py:3954} INFO - Setting next_dagrun for dsde_webcheck to 2024-04-16 00:00:00+00:00, run_after=2024-04-17 00:00:00+00:00
[2024-04-16T22:17:14.114+0700] {processor.py:183} INFO - Processing /Users/inwpuun/project/final_data_proj/airflow/dags/CheckWebRunning.py took 0.388 seconds
[2024-04-16T22:21:40.540+0700] {processor.py:161} INFO - Started process (PID=81503) to work on /Users/inwpuun/project/final_data_proj/airflow/dags/CheckWebRunning.py
[2024-04-16T22:21:40.542+0700] {processor.py:830} INFO - Processing file /Users/inwpuun/project/final_data_proj/airflow/dags/CheckWebRunning.py for tasks to queue
[2024-04-16T22:21:40.542+0700] {logging_mixin.py:188} INFO - [2024-04-16T22:21:40.542+0700] {dagbag.py:540} INFO - Filling up the DagBag from /Users/inwpuun/project/final_data_proj/airflow/dags/CheckWebRunning.py
[2024-04-16T22:21:40.549+0700] {processor.py:840} INFO - DAG(s) 'dsde_webcheck' retrieved from /Users/inwpuun/project/final_data_proj/airflow/dags/CheckWebRunning.py
[2024-04-16T22:21:40.636+0700] {logging_mixin.py:188} INFO - [2024-04-16T22:21:40.636+0700] {dag.py:3096} INFO - Sync 1 DAGs
[2024-04-16T22:21:40.649+0700] {logging_mixin.py:188} INFO - [2024-04-16T22:21:40.649+0700] {dag.py:3954} INFO - Setting next_dagrun for dsde_webcheck to 2024-04-16 00:00:00+00:00, run_after=2024-04-17 00:00:00+00:00
[2024-04-16T22:21:40.663+0700] {processor.py:183} INFO - Processing /Users/inwpuun/project/final_data_proj/airflow/dags/CheckWebRunning.py took 0.125 seconds
[2024-04-16T22:25:47.060+0700] {processor.py:161} INFO - Started process (PID=82654) to work on /Users/inwpuun/project/final_data_proj/airflow/dags/CheckWebRunning.py
[2024-04-16T22:25:47.065+0700] {processor.py:830} INFO - Processing file /Users/inwpuun/project/final_data_proj/airflow/dags/CheckWebRunning.py for tasks to queue
[2024-04-16T22:25:47.068+0700] {logging_mixin.py:188} INFO - [2024-04-16T22:25:47.067+0700] {dagbag.py:540} INFO - Filling up the DagBag from /Users/inwpuun/project/final_data_proj/airflow/dags/CheckWebRunning.py
[2024-04-16T22:25:47.110+0700] {processor.py:840} INFO - DAG(s) 'dsde_webcheck' retrieved from /Users/inwpuun/project/final_data_proj/airflow/dags/CheckWebRunning.py
[2024-04-16T22:25:48.105+0700] {logging_mixin.py:188} INFO - [2024-04-16T22:25:48.080+0700] {dag.py:3096} INFO - Sync 1 DAGs
[2024-04-16T22:25:48.344+0700] {logging_mixin.py:188} INFO - [2024-04-16T22:25:48.343+0700] {dag.py:3954} INFO - Setting next_dagrun for dsde_webcheck to 2024-04-16 00:00:00+00:00, run_after=2024-04-17 00:00:00+00:00
[2024-04-16T22:25:48.444+0700] {processor.py:183} INFO - Processing /Users/inwpuun/project/final_data_proj/airflow/dags/CheckWebRunning.py took 1.438 seconds
